InputQuery: /home/levn/Workspace/othello_world/queries/probe_robust/group_2/game_90_target_51_eps_0.1.txt
Engine::processInputQuery: Input query (before preprocessing): 449 equations, 1216 variables
Engine::processInputQuery: Input query (after preprocessing): 705 equations, 1323 variables

Input bounds:
	x0: [ -0.5188,  -0.3188] 
	x1: [ -2.0311,  -1.8311] 
	x2: [ -0.9490,  -0.7490] 
	x3: [  2.6826,   2.8826] 
	x4: [  1.4944,   1.6944] 
	x5: [ -2.7564,  -2.5564] 
	x6: [  1.7299,   1.9299] 
	x7: [  2.8000,   3.0000] 
	x8: [ -2.5280,  -2.3280] 
	x9: [  0.9820,   1.1820] 
	x10: [  1.7847,   1.9847] 
	x11: [ -1.1279,  -0.9279] 
	x12: [  0.1699,   0.3699] 
	x13: [ -0.2839,  -0.0839] 
	x14: [ -0.1750,   0.0250] 
	x15: [ -1.3853,  -1.1853] 
	x16: [ -0.7828,  -0.5828] 
	x17: [  0.2825,   0.4825] 
	x18: [  0.0264,   0.2264] 
	x19: [  2.2311,   2.4311] 
	x20: [  1.0431,   1.2431] 
	x21: [  0.5201,   0.7201] 
	x22: [  0.8863,   1.0863] 
	x23: [  1.4326,   1.6326] 
	x24: [  0.1781,   0.3781] 
	x25: [ -1.5317,  -1.3317] 
	x26: [  2.7566,   2.9566] 
	x27: [ -2.0581,  -1.8581] 
	x28: [  1.8999,   2.0999] 
	x29: [ -0.9648,  -0.7648] 
	x30: [  0.2499,   0.4499] 
	x31: [ -3.1499,  -2.9499] 
	x32: [ -2.3628,  -2.1628] 
	x33: [ -1.1729,  -0.9729] 
	x34: [ -0.3192,  -0.1192] 
	x35: [ -1.3336,  -1.1336] 
	x36: [ -2.2511,  -2.0511] 
	x37: [ -0.2377,  -0.0377] 
	x38: [ -1.0375,  -0.8375] 
	x39: [ -3.9510,  -3.7510] 
	x40: [  0.6129,   0.8129] 
	x41: [  0.8909,   1.0909] 
	x42: [  1.1808,   1.3808] 
	x43: [ -0.4940,  -0.2940] 
	x44: [  1.7279,   1.9279] 
	x45: [ -0.7655,  -0.5655] 
	x46: [ -1.1517,  -0.9517] 
	x47: [  1.1563,   1.3563] 
	x48: [  2.6996,   2.8996] 
	x49: [  1.0118,   1.2118] 
	x50: [ -2.1174,  -1.9174] 
	x51: [ -1.3046,  -1.1046] 
	x52: [  0.2813,   0.4813] 
	x53: [ -1.3059,  -1.1059] 
	x54: [  0.3936,   0.5936] 
	x55: [  3.0839,   3.2839] 
	x56: [ -2.5664,  -2.3664] 
	x57: [ -1.7978,  -1.5978] 
	x58: [ -1.4356,  -1.2356] 
	x59: [  0.3306,   0.5306] 
	x60: [  0.0276,   0.2276] 
	x61: [ -0.6446,  -0.4446] 
	x62: [ -1.0701,  -0.8701] 
	x63: [ -3.3458,  -3.1458] 
	x64: [  0.1976,   0.3976] 
	x65: [ -2.1857,  -1.9857] 
	x66: [ -1.3902,  -1.1902] 
	x67: [ -1.2464,  -1.0464] 
	x68: [  2.1445,   2.3445] 
	x69: [  1.4349,   1.6349] 
	x70: [ -0.3437,  -0.1437] 
	x71: [  1.9435,   2.1435] 
	x72: [ -1.3651,  -1.1651] 
	x73: [ -0.9991,  -0.7991] 
	x74: [  0.8696,   1.0696] 
	x75: [ -0.8124,  -0.6124] 
	x76: [  0.2358,   0.4358] 
	x77: [  0.0234,   0.2234] 
	x78: [ -1.0675,  -0.8675] 
	x79: [ -0.3823,  -0.1823] 
	x80: [ -0.2092,  -0.0092] 
	x81: [ -1.1320,  -0.9320] 
	x82: [  0.3043,   0.5043] 
	x83: [ -1.5899,  -1.3899] 
	x84: [ -0.9611,  -0.7611] 
	x85: [  0.6614,   0.8614] 
	x86: [ -1.4008,  -1.2008] 
	x87: [ -2.5256,  -2.3256] 
	x88: [ -1.7371,  -1.5371] 
	x89: [  1.1883,   1.3883] 
	x90: [  0.7303,   0.9303] 
	x91: [  1.3872,   1.5872] 
	x92: [ -3.0820,  -2.8820] 
	x93: [ -2.8315,  -2.6315] 
	x94: [ -2.3176,  -2.1176] 
	x95: [  1.2059,   1.4059] 
	x96: [  1.7908,   1.9908] 
	x97: [ -1.7568,  -1.5568] 
	x98: [ -2.6979,  -2.4979] 
	x99: [  1.1245,   1.3245] 
	x100: [  1.5861,   1.7861] 
	x101: [  0.4412,   0.6412] 
	x102: [  2.1220,   2.3220] 
	x103: [ -0.3565,  -0.1565] 
	x104: [  0.7451,   0.9451] 
	x105: [ -2.0240,  -1.8240] 
	x106: [ -2.4538,  -2.2538] 
	x107: [  0.5612,   0.7612] 
	x108: [ -0.0217,   0.1783] 
	x109: [ -0.0219,   0.1781] 
	x110: [  0.3241,   0.5241] 
	x111: [ -0.9249,  -0.7249] 
	x112: [  1.3444,   1.5444] 
	x113: [  0.7480,   0.9480] 
	x114: [  0.6920,   0.8920] 
	x115: [ -3.9481,  -3.7481] 
	x116: [  0.0639,   0.2639] 
	x117: [ -2.3387,  -2.1387] 
	x118: [ -1.0517,  -0.8517] 
	x119: [ -0.6333,  -0.4333] 
	x120: [  1.7036,   1.9036] 
	x121: [  0.6387,   0.8387] 
	x122: [  2.2614,   2.4614] 
	x123: [  0.1058,   0.3058] 
	x124: [  1.3047,   1.5047] 
	x125: [  0.1488,   0.3488] 
	x126: [ -0.4554,  -0.2554] 
	x127: [ -2.4557,  -2.2557] 
	x128: [  0.8287,   1.0287] 
	x129: [ -0.1632,   0.0368] 
	x130: [ -1.3746,  -1.1746] 
	x131: [  1.2874,   1.4874] 
	x132: [  1.6588,   1.8588] 
	x133: [  1.2025,   1.4025] 
	x134: [  2.1496,   2.3496] 
	x135: [  0.1688,   0.3688] 
	x136: [ -0.7213,  -0.5213] 
	x137: [  0.4614,   0.6614] 
	x138: [ -2.5822,  -2.3822] 
	x139: [ -0.6033,  -0.4033] 
	x140: [  0.7606,   0.9606] 
	x141: [  1.4800,   1.6800] 
	x142: [  0.0052,   0.2052] 
	x143: [  2.8218,   3.0218] 
	x144: [  0.2325,   0.4325] 
	x145: [  2.0523,   2.2523] 
	x146: [ -1.1173,  -0.9173] 
	x147: [ -0.9116,  -0.7116] 
	x148: [ -0.9380,  -0.7380] 
	x149: [  0.1847,   0.3847] 
	x150: [ -0.4113,  -0.2113] 
	x151: [  2.5269,   2.7269] 
	x152: [ -0.5867,  -0.3867] 
	x153: [ -0.8029,  -0.6029] 
	x154: [  1.4238,   1.6238] 
	x155: [  1.4282,   1.6282] 
	x156: [ -0.8374,  -0.6374] 
	x157: [  1.3303,   1.5303] 
	x158: [ -4.5890,  -4.3890] 
	x159: [  0.2765,   0.4765] 
	x160: [  0.3336,   0.5336] 
	x161: [  0.0702,   0.2702] 
	x162: [  0.1328,   0.3328] 
	x163: [ -1.2056,  -1.0056] 
	x164: [ -2.3648,  -2.1648] 
	x165: [  0.4687,   0.6687] 
	x166: [  0.5916,   0.7916] 
	x167: [  4.2954,   4.4954] 
	x168: [ -0.5500,  -0.3500] 
	x169: [ -0.2255,  -0.0255] 
	x170: [ -2.5118,  -2.3118] 
	x171: [  3.0385,   3.2385] 
	x172: [  0.8646,   1.0646] 
	x173: [  0.2208,   0.4208] 
	x174: [ -0.3318,  -0.1318] 
	x175: [  0.6052,   0.8052] 
	x176: [ -0.4213,  -0.2213] 
	x177: [  0.9868,   1.1868] 
	x178: [ -1.0406,  -0.8406] 
	x179: [ -1.8421,  -1.6421] 
	x180: [  0.7429,   0.9429] 
	x181: [ -0.7878,  -0.5878] 
	x182: [  0.7186,   0.9186] 
	x183: [ -1.3800,  -1.1800] 
	x184: [ -1.8740,  -1.6740] 
	x185: [ -0.7648,  -0.5648] 
	x186: [  1.7452,   1.9452] 
	x187: [  0.9168,   1.1168] 
	x188: [  3.0714,   3.2714] 
	x189: [ -0.6420,  -0.4420] 
	x190: [ -0.6100,  -0.4100] 
	x191: [  1.2099,   1.4099] 
	x192: [ -1.7234,  -1.5234] 
	x193: [  0.1249,   0.3249] 
	x194: [  0.1439,   0.3439] 
	x195: [ -1.4217,  -1.2217] 
	x196: [ -1.6799,  -1.4799] 
	x197: [  1.6527,   1.8527] 
	x198: [ -1.3058,  -1.1058] 
	x199: [  1.3981,   1.5981] 
	x200: [ -1.4897,  -1.2897] 
	x201: [  1.6522,   1.8522] 
	x202: [  1.0525,   1.2525] 
	x203: [ -2.3538,  -2.1538] 
	x204: [ -3.3712,  -3.1712] 
	x205: [ -1.3134,  -1.1134] 
	x206: [ -0.7044,  -0.5044] 
	x207: [  1.1374,   1.3374] 
	x208: [ -1.8861,  -1.6861] 
	x209: [  1.6480,   1.8480] 
	x210: [  0.4834,   0.6834] 
	x211: [ -0.3032,  -0.1032] 
	x212: [  0.9119,   1.1119] 
	x213: [  1.0554,   1.2554] 
	x214: [ -0.2621,  -0.0621] 
	x215: [ -0.9642,  -0.7642] 
	x216: [ -0.8411,  -0.6411] 
	x217: [  1.5994,   1.7994] 
	x218: [ -1.7914,  -1.5914] 
	x219: [ -1.1168,  -0.9168] 
	x220: [  0.3431,   0.5431] 
	x221: [ -2.1189,  -1.9189] 
	x222: [ -0.6343,  -0.4343] 
	x223: [  2.7367,   2.9367] 
	x224: [ -1.0237,  -0.8237] 
	x225: [ -1.1457,  -0.9457] 
	x226: [  2.0060,   2.2060] 
	x227: [ -0.2713,  -0.0713] 
	x228: [  0.8597,   1.0597] 
	x229: [  2.2852,   2.4852] 
	x230: [  3.6184,   3.8184] 
	x231: [  2.1138,   2.3138] 
	x232: [  0.1891,   0.3891] 
	x233: [ -0.1462,   0.0538] 
	x234: [ -0.8305,  -0.6305] 
	x235: [  0.0190,   0.2190] 
	x236: [  2.6184,   2.8184] 
	x237: [  2.5336,   2.7336] 
	x238: [ -0.8977,  -0.6977] 
	x239: [  3.0258,   3.2258] 
	x240: [  1.3802,   1.5802] 
	x241: [  1.0457,   1.2457] 
	x242: [ -0.1214,   0.0786] 
	x243: [  1.8636,   2.0636] 
	x244: [ -0.3492,  -0.1492] 
	x245: [  0.3231,   0.5231] 
	x246: [ -1.3054,  -1.1054] 
	x247: [ -2.0215,  -1.8215] 
	x248: [ -0.9873,  -0.7873] 
	x249: [  1.0224,   1.2224] 
	x250: [  1.2784,   1.4784] 
	x251: [  0.7546,   0.9546] 
	x252: [ -0.8768,  -0.6768] 
	x253: [ -1.9238,  -1.7238] 
	x254: [ -0.9241,  -0.7241] 
	x255: [ -1.0646,  -0.8646] 
	x256: [ -1.6105,  -1.4105] 
	x257: [  0.4098,   0.6098] 
	x258: [ -1.6971,  -1.4971] 
	x259: [  1.6031,   1.8031] 
	x260: [  1.0053,   1.2053] 
	x261: [  1.5777,   1.7777] 
	x262: [ -0.8064,  -0.6064] 
	x263: [ -1.2045,  -1.0045] 
	x264: [  0.2009,   0.4009] 
	x265: [ -2.1029,  -1.9029] 
	x266: [  0.8336,   1.0336] 
	x267: [ -0.1616,   0.0384] 
	x268: [ -4.1426,  -3.9426] 
	x269: [  3.8424,   4.0424] 
	x270: [  1.1516,   1.3516] 
	x271: [ -3.8922,  -3.6922] 
	x272: [ -0.3128,  -0.1128] 
	x273: [  0.6830,   0.8830] 
	x274: [  0.9612,   1.1612] 
	x275: [ -0.9388,  -0.7388] 
	x276: [  1.2245,   1.4245] 
	x277: [ -1.5876,  -1.3876] 
	x278: [ -0.9545,  -0.7545] 
	x279: [  3.4338,   3.6338] 
	x280: [  2.6213,   2.8213] 
	x281: [ -0.9002,  -0.7002] 
	x282: [ -1.6958,  -1.4958] 
	x283: [ -1.5762,  -1.3762] 
	x284: [ -4.4990,  -4.2990] 
	x285: [ -2.0778,  -1.8778] 
	x286: [  2.2585,   2.4585] 
	x287: [  0.0135,   0.2135] 
	x288: [ -1.7580,  -1.5580] 
	x289: [  0.6841,   0.8841] 
	x290: [  1.4281,   1.6281] 
	x291: [  0.5965,   0.7965] 
	x292: [  1.3750,   1.5750] 
	x293: [ -0.8345,  -0.6345] 
	x294: [  1.1685,   1.3685] 
	x295: [ -0.1995,   0.0005] 
	x296: [  1.5604,   1.7604] 
	x297: [  1.9600,   2.1600] 
	x298: [ -5.1708,  -4.9708] 
	x299: [  2.3512,   2.5512] 
	x300: [  3.5152,   3.7152] 
	x301: [ -0.7249,  -0.5249] 
	x302: [  0.1389,   0.3389] 
	x303: [  3.6988,   3.8988] 
	x304: [ -0.9691,  -0.7691] 
	x305: [  2.8719,   3.0719] 
	x306: [ -1.3563,  -1.1563] 
	x307: [ -0.4617,  -0.2617] 
	x308: [ -0.9585,  -0.7585] 
	x309: [  1.4766,   1.6766] 
	x310: [  0.1186,   0.3186] 
	x311: [ -1.1926,  -0.9926] 
	x312: [  0.1185,   0.3185] 
	x313: [  0.4353,   0.6353] 
	x314: [ -1.6355,  -1.4355] 
	x315: [  0.2889,   0.4889] 
	x316: [  1.2636,   1.4636] 
	x317: [ -1.5874,  -1.3874] 
	x318: [  0.7054,   0.9054] 
	x319: [  0.8566,   1.0566] 
	x320: [ -2.8684,  -2.6684] 
	x321: [  0.7682,   0.9682] 
	x322: [ -2.7269,  -2.5269] 
	x323: [ -0.5920,  -0.3920] 
	x324: [ -0.4419,  -0.2419] 
	x325: [ -2.2763,  -2.0763] 
	x326: [ -0.2531,  -0.0531] 
	x327: [ -2.5848,  -2.3848] 
	x328: [ -1.9242,  -1.7242] 
	x329: [  0.2666,   0.4666] 
	x330: [  0.8844,   1.0844] 
	x331: [  0.6439,   0.8439] 
	x332: [  0.7135,   0.9135] 
	x333: [  0.4040,   0.6040] 
	x334: [  2.0019,   2.2019] 
	x335: [ -2.1659,  -1.9659] 
	x336: [  0.6732,   0.8732] 
	x337: [  1.7897,   1.9897] 
	x338: [ -0.8995,  -0.6995] 
	x339: [ -0.0487,   0.1513] 
	x340: [ -0.9173,  -0.7173] 
	x341: [ -1.4526,  -1.2526] 
	x342: [ -2.3913,  -2.1913] 
	x343: [ -0.6658,  -0.4658] 
	x344: [ -0.1777,   0.0223] 
	x345: [ -0.4242,  -0.2242] 
	x346: [  1.0915,   1.2915] 
	x347: [  0.3715,   0.5715] 
	x348: [ -1.1421,  -0.9421] 
	x349: [ -1.9497,  -1.7497] 
	x350: [ -1.9424,  -1.7424] 
	x351: [ -1.0921,  -0.8921] 
	x352: [ -2.3676,  -2.1676] 
	x353: [ -0.6662,  -0.4662] 
	x354: [ -0.2795,  -0.0795] 
	x355: [  0.9470,   1.1470] 
	x356: [  1.9617,   2.1617] 
	x357: [  0.3782,   0.5782] 
	x358: [ -0.2058,  -0.0058] 
	x359: [ -1.5261,  -1.3261] 
	x360: [ -2.2812,  -2.0812] 
	x361: [ -1.6332,  -1.4332] 
	x362: [ -0.6764,  -0.4764] 
	x363: [ -1.9842,  -1.7842] 
	x364: [ -1.7167,  -1.5167] 
	x365: [  0.5052,   0.7052] 
	x366: [ -0.7689,  -0.5689] 
	x367: [  0.7066,   0.9066] 
	x368: [  0.0554,   0.2554] 
	x369: [  0.1719,   0.3719] 
	x370: [ -1.0413,  -0.8413] 
	x371: [ -1.4990,  -1.2990] 
	x372: [ -0.2928,  -0.0928] 
	x373: [  0.8916,   1.0916] 
	x374: [ -1.0170,  -0.8170] 
	x375: [  0.5780,   0.7780] 
	x376: [ -3.1733,  -2.9733] 
	x377: [ -0.7731,  -0.5731] 
	x378: [ -0.8008,  -0.6008] 
	x379: [ -1.1121,  -0.9121] 
	x380: [ -1.9527,  -1.7527] 
	x381: [ -0.8973,  -0.6973] 
	x382: [ -1.2659,  -1.0659] 
	x383: [  0.8046,   1.0046] 
	x384: [ -0.8521,  -0.6521] 
	x385: [  0.9246,   1.1246] 
	x386: [  2.3130,   2.5130] 
	x387: [ -0.9734,  -0.7734] 
	x388: [ -0.3865,  -0.1865] 
	x389: [ -2.9682,  -2.7682] 
	x390: [ -1.2499,  -1.0499] 
	x391: [ -0.8066,  -0.6066] 
	x392: [ -0.0792,   0.1208] 
	x393: [ -0.5732,  -0.3732] 
	x394: [  1.6119,   1.8119] 
	x395: [ -0.7767,  -0.5767] 
	x396: [ -2.1201,  -1.9201] 
	x397: [ -2.3355,  -2.1355] 
	x398: [ -0.7958,  -0.5958] 
	x399: [ -0.0963,   0.1037] 
	x400: [ -1.2734,  -1.0734] 
	x401: [  1.9814,   2.1814] 
	x402: [ -0.3392,  -0.1392] 
	x403: [ -3.3210,  -3.1210] 
	x404: [  0.7840,   0.9840] 
	x405: [  2.1744,   2.3744] 
	x406: [ -1.7179,  -1.5179] 
	x407: [  0.3312,   0.5312] 
	x408: [  0.0371,   0.2371] 
	x409: [  1.6944,   1.8944] 
	x410: [ -3.5704,  -3.3704] 
	x411: [ -1.3697,  -1.1697] 
	x412: [ -1.2884,  -1.0884] 
	x413: [ -1.8543,  -1.6543] 
	x414: [ -1.8337,  -1.6337] 
	x415: [  1.6160,   1.8160] 
	x416: [ -0.6807,  -0.4807] 
	x417: [  0.9860,   1.1860] 
	x418: [  0.5699,   0.7699] 
	x419: [  3.0273,   3.2273] 
	x420: [ -0.3971,  -0.1971] 
	x421: [  1.6998,   1.8998] 
	x422: [ -1.3100,  -1.1100] 
	x423: [  0.9912,   1.1912] 
	x424: [ -0.4873,  -0.2873] 
	x425: [  2.2856,   2.4856] 
	x426: [ -2.9489,  -2.7489] 
	x427: [  1.0532,   1.2532] 
	x428: [  2.4513,   2.6513] 
	x429: [  1.5360,   1.7360] 
	x430: [ -2.3043,  -2.1043] 
	x431: [ -3.0361,  -2.8361] 
	x432: [  0.6331,   0.8331] 
	x433: [ -1.0344,  -0.8344] 
	x434: [  0.2407,   0.4407] 
	x435: [  1.4862,   1.6862] 
	x436: [  0.5957,   0.7957] 
	x437: [  0.8766,   1.0766] 
	x438: [ -1.0202,  -0.8202] 
	x439: [  1.7063,   1.9063] 
	x440: [ -1.2487,  -1.0487] 
	x441: [ -0.4410,  -0.2410] 
	x442: [  0.1486,   0.3486] 
	x443: [ -0.0061,   0.1939] 
	x444: [ -0.1959,   0.0041] 
	x445: [ -0.8433,  -0.6433] 
	x446: [ -1.7014,  -1.5014] 
	x447: [  1.4553,   1.6553] 
	x448: [ -1.0362,  -0.8362] 
	x449: [  0.5655,   0.7655] 
	x450: [  0.5426,   0.7426] 
	x451: [  0.4474,   0.6474] 
	x452: [ -1.2370,  -1.0370] 
	x453: [ -1.9900,  -1.7900] 
	x454: [  0.1106,   0.3106] 
	x455: [  0.3662,   0.5662] 
	x456: [ -0.6603,  -0.4603] 
	x457: [ -0.7293,  -0.5293] 
	x458: [ -1.8312,  -1.6312] 
	x459: [ -0.0731,   0.1269] 
	x460: [ -0.3484,  -0.1484] 
	x461: [ -0.3490,  -0.1490] 
	x462: [ -1.1158,  -0.9158] 
	x463: [ -2.8324,  -2.6324] 
	x464: [ -0.6054,  -0.4054] 
	x465: [  0.9433,   1.1433] 
	x466: [  0.2313,   0.4313] 
	x467: [  1.2369,   1.4369] 
	x468: [  0.6880,   0.8880] 
	x469: [ -0.4781,  -0.2781] 
	x470: [  1.6883,   1.8883] 
	x471: [  1.9215,   2.1215] 
	x472: [ -1.4489,  -1.2489] 
	x473: [  0.0725,   0.2725] 
	x474: [  0.8376,   1.0376] 
	x475: [ -0.6619,  -0.4619] 
	x476: [ -0.2817,  -0.0817] 
	x477: [  2.1552,   2.3552] 
	x478: [ -1.3728,  -1.1728] 
	x479: [ -0.1465,   0.0535] 
	x480: [  0.5330,   0.7330] 
	x481: [ -0.1483,   0.0517] 
	x482: [  0.4500,   0.6500] 
	x483: [ -0.6752,  -0.4752] 
	x484: [ -1.0280,  -0.8280] 
	x485: [ -0.2956,  -0.0956] 
	x486: [ -2.2067,  -2.0067] 
	x487: [  0.1140,   0.3140] 
	x488: [ -0.5914,  -0.3914] 
	x489: [ -0.7153,  -0.5153] 
	x490: [  0.5280,   0.7280] 
	x491: [ -0.1423,   0.0577] 
	x492: [  0.0385,   0.2385] 
	x493: [ -0.2564,  -0.0564] 
	x494: [  2.0073,   2.2073] 
	x495: [  1.0174,   1.2174] 
	x496: [  1.4284,   1.6284] 
	x497: [  0.9896,   1.1896] 
	x498: [  0.9517,   1.1517] 
	x499: [ -0.5774,  -0.3774] 
	x500: [  0.0710,   0.2710] 
	x501: [ -0.3752,  -0.1752] 
	x502: [ -1.5848,  -1.3848] 
	x503: [ -0.2140,  -0.0140] 
	x504: [ -1.9952,  -1.7952] 
	x505: [ -0.6236,  -0.4236] 
	x506: [  1.2769,   1.4769] 
	x507: [ -1.8898,  -1.6898] 
	x508: [  2.5183,   2.7183] 
	x509: [ -0.3026,  -0.1026] 
	x510: [ -1.6687,  -1.4687] 
	x511: [  0.3992,   0.5992] 

Branching heuristics set to PseudoImpact

Engine::solve: Initial statistics

00:23:18 Statistics update:
	--- Time Statistics ---
	Total time elapsed: 520 milli (00:00:00)
		Main loop: 0 milli (00:00:00)
		Preprocessing time: 206 milli (00:00:00)
		Unknown: 314 milli (00:00:00)
	Breakdown for main loop:
		[0.00%] Simplex steps: 0 milli
		[0.00%] Explicit-basis bound tightening: 0 milli
		[0.00%] Constraint-matrix bound tightening: 0 milli
		[0.00%] Degradation checking: 0 milli
		[0.00%] Precision restoration: 0 milli
		[0.00%] Statistics handling: 0 milli
		[0.00%] Constraint-fixing steps: 0 milli
		[0.00%] Valid case splits: 0 milli. Average per split: 0.00 milli
		[0.00%] Applying stored bound-tightening: 0 milli
		[0.00%] SMT core: 0 milli
		[0.00%] Symbolic Bound Tightening: 13 milli
		[0.00%] SoI-based local search: 0 milli
		[0.00%] SoI-based local search: 0 milli
		[0.00%] Unaccounted for: 0 milli
	--- Preprocessor Statistics ---
	Number of preprocessor bound-tightening loop iterations: 3
	Number of eliminated variables: 150
	Number of constraints removed due to variable elimination: 150
	Number of equations removed due to variable elimination: 0
	--- Engine Statistics ---
	Number of main loop iterations: 1
		0 iterations were simplex steps. Total time: 0 milli. Average: 0.00 milli.
		0 iterations were constraint-fixing steps. Total time: 0 milli. Average: 0.00 milli
	Number of active piecewise-linear constraints: 106 / 106
		Constraints disabled by valid splits: 0. By SMT-originated splits: 0
	Last reported degradation: 0.0000000000. Max degradation so far: 0.0000000000. Restorations so far: 0
	Number of simplex pivots we attempted to skip because of instability: 0.
	Unstable pivots performed anyway: 0
	--- Tableau Statistics ---
	Total number of pivots performed: 0
		Real pivots: 0. Degenerate: 0 (0.00%)
		Degenerate pivots by request (e.g., to fix a PL constraint): 0 (0.00%)
		Average time per pivot: 0.00 milli
	Total number of fake pivots performed: 0
	Total number of rows added: 0. Number of merged columns: 0
	Current tableau dimensions: M = 705, N = 2028
	--- SMT Core Statistics ---
	Total depth is 0. Total visited states: 1. Number of splits: 0. Number of pops: 0
	Max stack depth: 0
	--- Bound Tightening Statistics ---
	Number of tightened bounds: 0.
		Number of rows examined by row tightener: 0. Consequent tightenings: 0
		Number of explicit basis matrices examined by row tightener: 0. Consequent tightenings: 0
		Number of bound tightening rounds on the entire constraint matrix: 0. Consequent tightenings: 0
		Number of bound notifications sent to PL constraints: 636. Tightenings proposed: 0
	--- Basis Factorization statistics ---
	Number of basis refactorizations: 2
	--- Projected Steepest Edge Statistics ---
	Number of iterations: 0.
	Number of resets to reference space: 1. Avg. iterations per reset: 0
	--- SBT ---
	Number of tightened bounds: 385
	--- SoI-based local search ---
	Number of proposed phase pattern update: 0. Number of accepted update: 0 [0.00%]
	Total time (% of local search time) updating SoI phase pattern : 0 milli [0.00%]
	Total time obtaining current assignment: 0 milli [0.00%]
	Total time getting SoI phase pattern : 0 milli [0.00%]
	--- Context dependent statistics ---
	Number of pushes / pops: 0 / 0
		[0.00%] Pre-Push hook: 0 milli
		[0.00%] Push : 0 milli
		[0.00%] Post-Pop hook: 0 milli
		[0.00%] Pop : 0 milli
		[0.00%] Total context-switching time: 0 milli
	--- Proof Certificate ---
	Number of certified leaves: 0
	Number of leaves to delegate: 0

---

00:23:34 Statistics update:
	--- Time Statistics ---
	Total time elapsed: 16605 milli (00:00:16)
		Main loop: 16028 milli (00:00:16)
		Preprocessing time: 206 milli (00:00:00)
		Unknown: 371 milli (00:00:00)
	Breakdown for main loop:
		[69.08%] Simplex steps: 11072 milli
		[20.83%] Explicit-basis bound tightening: 3338 milli
		[0.00%] Constraint-matrix bound tightening: 0 milli
		[1.38%] Degradation checking: 221 milli
		[0.00%] Precision restoration: 0 milli
		[0.11%] Statistics handling: 18 milli
		[0.00%] Constraint-fixing steps: 0 milli
		[0.00%] Valid case splits: 0 milli. Average per split: 0.00 milli
		[0.01%] Applying stored bound-tightening: 0 milli
		[0.26%] SMT core: 41 milli
		[5.09%] Symbolic Bound Tightening: 816 milli
		[41.13%] SoI-based local search: 6593 milli
		[0.00%] SoI-based local search: 0 milli
		[3.23%] Unaccounted for: 517 milli
	--- Preprocessor Statistics ---
	Number of preprocessor bound-tightening loop iterations: 3
	Number of eliminated variables: 150
	Number of constraints removed due to variable elimination: 150
	Number of equations removed due to variable elimination: 0
	--- Engine Statistics ---
	Number of main loop iterations: 10000
		9829 iterations were simplex steps. Total time: 11072 milli. Average: 1.13 milli.
		0 iterations were constraint-fixing steps. Total time: 0 milli. Average: 0.00 milli
	Number of active piecewise-linear constraints: 53 / 106
		Constraints disabled by valid splits: 1. By SMT-originated splits: 52
	Last reported degradation: 0.0000000000. Max degradation so far: 0.0001354196. Restorations so far: 0
	Number of simplex pivots we attempted to skip because of instability: 0.
	Unstable pivots performed anyway: 0
	--- Tableau Statistics ---
	Total number of pivots performed: 7090
		Real pivots: 7083. Degenerate: 7 (0.10%)
		Degenerate pivots by request (e.g., to fix a PL constraint): 0 (0.00%)
		Average time per pivot: 0.20 milli
	Total number of fake pivots performed: 2152
	Total number of rows added: 0. Number of merged columns: 0
	Current tableau dimensions: M = 705, N = 2028
	--- SMT Core Statistics ---
	Total depth is 52. Total visited states: 100. Number of splits: 75. Number of pops: 24
	Max stack depth: 69
	--- Bound Tightening Statistics ---
	Number of tightened bounds: 18819.
		Number of rows examined by row tightener: 7090. Consequent tightenings: 91
		Number of explicit basis matrices examined by row tightener: 16. Consequent tightenings: 1885
		Number of bound tightening rounds on the entire constraint matrix: 0. Consequent tightenings: 0
		Number of bound notifications sent to PL constraints: 1957. Tightenings proposed: 0
	--- Basis Factorization statistics ---
	Number of basis refactorizations: 37
	--- Projected Steepest Edge Statistics ---
	Number of iterations: 9242.
	Number of resets to reference space: 31. Avg. iterations per reset: 298
	--- SBT ---
	Number of tightened bounds: 19204
	--- SoI-based local search ---
	Number of proposed phase pattern update: 215. Number of accepted update: 140 [65.12%]
	Total time (% of local search time) updating SoI phase pattern : 24422 milli [0.37%]
	Total time obtaining current assignment: 55401 milli [0.84%]
	Total time getting SoI phase pattern : 6205 milli [0.04%]
	--- Context dependent statistics ---
	Number of pushes / pops: 99 / 47
		[0.06%] Pre-Push hook: 10 milli
		[0.00%] Push : 0 milli
		[0.01%] Post-Pop hook: 1 milli
		[0.01%] Pop : 1 milli
		[0.08%] Total context-switching time: 13 milli
	--- Proof Certificate ---
	Number of certified leaves: 0
	Number of leaves to delegate: 0

00:24:06 Statistics update:
	--- Time Statistics ---
	Total time elapsed: 48120 milli (00:00:48)
		Main loop: 47595 milli (00:00:47)
		Preprocessing time: 206 milli (00:00:00)
		Unknown: 318 milli (00:00:00)
	Breakdown for main loop:
		[49.60%] Simplex steps: 23606 milli
		[41.96%] Explicit-basis bound tightening: 19971 milli
		[0.00%] Constraint-matrix bound tightening: 0 milli
		[0.92%] Degradation checking: 439 milli
		[0.00%] Precision restoration: 0 milli
		[0.08%] Statistics handling: 38 milli
		[0.00%] Constraint-fixing steps: 0 milli
		[0.01%] Valid case splits: 2 milli. Average per split: 0.00 milli
		[0.00%] Applying stored bound-tightening: 1 milli
		[0.23%] SMT core: 110 milli
		[3.32%] Symbolic Bound Tightening: 1582 milli
		[22.22%] SoI-based local search: 10575 milli
		[0.00%] SoI-based local search: 0 milli
		[3.87%] Unaccounted for: 1842 milli
	--- Preprocessor Statistics ---
	Number of preprocessor bound-tightening loop iterations: 3
	Number of eliminated variables: 150
	Number of constraints removed due to variable elimination: 150
	Number of equations removed due to variable elimination: 0
	--- Engine Statistics ---
	Number of main loop iterations: 20000
		19716 iterations were simplex steps. Total time: 23606 milli. Average: 1.20 milli.
		0 iterations were constraint-fixing steps. Total time: 0 milli. Average: 0.00 milli
	Number of active piecewise-linear constraints: 58 / 106
		Constraints disabled by valid splits: 4. By SMT-originated splits: 44
	Last reported degradation: 0.0000000000. Max degradation so far: 0.0001354196. Restorations so far: 0
	Number of simplex pivots we attempted to skip because of instability: 0.
	Unstable pivots performed anyway: 0
	--- Tableau Statistics ---
	Total number of pivots performed: 15457
		Real pivots: 15442. Degenerate: 15 (0.10%)
		Degenerate pivots by request (e.g., to fix a PL constraint): 0 (0.00%)
		Average time per pivot: 0.26 milli
	Total number of fake pivots performed: 3204
	Total number of rows added: 0. Number of merged columns: 0
	Current tableau dimensions: M = 705, N = 2028
	--- SMT Core Statistics ---
	Total depth is 44. Total visited states: 195. Number of splits: 118. Number of pops: 76
	Max stack depth: 69
	--- Bound Tightening Statistics ---
	Number of tightened bounds: 35450.
		Number of rows examined by row tightener: 15457. Consequent tightenings: 439
		Number of explicit basis matrices examined by row tightener: 89. Consequent tightenings: 9479
		Number of bound tightening rounds on the entire constraint matrix: 0. Consequent tightenings: 0
		Number of bound notifications sent to PL constraints: 4763. Tightenings proposed: 0
	--- Basis Factorization statistics ---
	Number of basis refactorizations: 100
	--- Projected Steepest Edge Statistics ---
	Number of iterations: 18661.
	Number of resets to reference space: 85. Avg. iterations per reset: 219
	--- SBT ---
	Number of tightened bounds: 35835
	--- SoI-based local search ---
	Number of proposed phase pattern update: 383. Number of accepted update: 265 [69.19%]
	Total time (% of local search time) updating SoI phase pattern : 37935 milli [0.36%]
	Total time obtaining current assignment: 98299 milli [0.93%]
	Total time getting SoI phase pattern : 9740 milli [0.02%]
	--- Context dependent statistics ---
	Number of pushes / pops: 194 / 150
		[0.03%] Pre-Push hook: 13 milli
		[0.00%] Push : 0 milli
		[0.01%] Post-Pop hook: 4 milli
		[0.01%] Pop : 4 milli
		[0.05%] Total context-switching time: 22 milli
	--- Proof Certificate ---
	Number of certified leaves: 0
	Number of leaves to delegate: 0

00:24:31 Statistics update:
	--- Time Statistics ---
	Total time elapsed: 73604 milli (00:01:13)
		Main loop: 73077 milli (00:01:13)
		Preprocessing time: 206 milli (00:00:00)
		Unknown: 321 milli (00:00:00)
	Breakdown for main loop:
		[48.61%] Simplex steps: 35524 milli
		[42.06%] Explicit-basis bound tightening: 30733 milli
		[0.00%] Constraint-matrix bound tightening: 0 milli
		[0.90%] Degradation checking: 654 milli
		[0.00%] Precision restoration: 0 milli
		[0.08%] Statistics handling: 57 milli
		[0.00%] Constraint-fixing steps: 0 milli
		[0.01%] Valid case splits: 3 milli. Average per split: 0.00 milli
		[0.00%] Applying stored bound-tightening: 2 milli
		[0.24%] SMT core: 175 milli
		[3.18%] Symbolic Bound Tightening: 2326 milli
		[21.38%] SoI-based local search: 15626 milli
		[0.00%] SoI-based local search: 0 milli
		[4.93%] Unaccounted for: 3599 milli
	--- Preprocessor Statistics ---
	Number of preprocessor bound-tightening loop iterations: 3
	Number of eliminated variables: 150
	Number of constraints removed due to variable elimination: 150
	Number of equations removed due to variable elimination: 0
	--- Engine Statistics ---
	Number of main loop iterations: 30000
		29593 iterations were simplex steps. Total time: 35524 milli. Average: 1.20 milli.
		0 iterations were constraint-fixing steps. Total time: 0 milli. Average: 0.00 milli
	Number of active piecewise-linear constraints: 64 / 106
		Constraints disabled by valid splits: 0. By SMT-originated splits: 42
	Last reported degradation: 0.0000000000. Max degradation so far: 0.0001354196. Restorations so far: 0
	Number of simplex pivots we attempted to skip because of instability: 0.
	Unstable pivots performed anyway: 0
	--- Tableau Statistics ---
	Total number of pivots performed: 23261
		Real pivots: 23238. Degenerate: 23 (0.10%)
		Degenerate pivots by request (e.g., to fix a PL constraint): 0 (0.00%)
		Average time per pivot: 0.26 milli
	Total number of fake pivots performed: 4745
	Total number of rows added: 0. Number of merged columns: 0
	Current tableau dimensions: M = 705, N = 2028
	--- SMT Core Statistics ---
	Total depth is 42. Total visited states: 289. Number of splits: 164. Number of pops: 124
	Max stack depth: 69
	--- Bound Tightening Statistics ---
	Number of tightened bounds: 51329.
		Number of rows examined by row tightener: 23261. Consequent tightenings: 749
		Number of explicit basis matrices examined by row tightener: 140. Consequent tightenings: 14039
		Number of bound tightening rounds on the entire constraint matrix: 0. Consequent tightenings: 0
		Number of bound notifications sent to PL constraints: 6783. Tightenings proposed: 0
	--- Basis Factorization statistics ---
	Number of basis refactorizations: 152
	--- Projected Steepest Edge Statistics ---
	Number of iterations: 28006.
	Number of resets to reference space: 135. Avg. iterations per reset: 207
	--- SBT ---
	Number of tightened bounds: 51714
	--- SoI-based local search ---
	Number of proposed phase pattern update: 585. Number of accepted update: 421 [71.97%]
	Total time (% of local search time) updating SoI phase pattern : 53480 milli [0.34%]
	Total time obtaining current assignment: 149841 milli [0.96%]
	Total time getting SoI phase pattern : 14678 milli [0.02%]
	--- Context dependent statistics ---
	Number of pushes / pops: 288 / 246
		[0.02%] Pre-Push hook: 17 milli
		[0.00%] Push : 0 milli
		[0.01%] Post-Pop hook: 7 milli
		[0.01%] Pop : 7 milli
		[0.04%] Total context-switching time: 32 milli
	--- Proof Certificate ---
	Number of certified leaves: 0
	Number of leaves to delegate: 0

00:24:58 Statistics update:
	--- Time Statistics ---
	Total time elapsed: 99976 milli (00:01:39)
		Main loop: 99446 milli (00:01:39)
		Preprocessing time: 206 milli (00:00:00)
		Unknown: 323 milli (00:00:00)
	Breakdown for main loop:
		[48.11%] Simplex steps: 47839 milli
		[41.02%] Explicit-basis bound tightening: 40794 milli
		[0.00%] Constraint-matrix bound tightening: 0 milli
		[0.87%] Degradation checking: 865 milli
		[0.00%] Precision restoration: 0 milli
		[0.08%] Statistics handling: 77 milli
		[0.00%] Constraint-fixing steps: 0 milli
		[0.01%] Valid case splits: 5 milli. Average per split: 0.00 milli
		[0.00%] Applying stored bound-tightening: 2 milli
		[0.24%] SMT core: 243 milli
		[3.09%] Symbolic Bound Tightening: 3076 milli
		[20.90%] SoI-based local search: 20784 milli
		[0.00%] SoI-based local search: 0 milli
		[6.58%] Unaccounted for: 6542 milli
	--- Preprocessor Statistics ---
	Number of preprocessor bound-tightening loop iterations: 3
	Number of eliminated variables: 150
	Number of constraints removed due to variable elimination: 150
	Number of equations removed due to variable elimination: 0
	--- Engine Statistics ---
	Number of main loop iterations: 40000
		39474 iterations were simplex steps. Total time: 47839 milli. Average: 1.21 milli.
		0 iterations were constraint-fixing steps. Total time: 0 milli. Average: 0.00 milli
	Number of active piecewise-linear constraints: 67 / 106
		Constraints disabled by valid splits: 0. By SMT-originated splits: 39
	Last reported degradation: 0.0000005242. Max degradation so far: 0.0001909790. Restorations so far: 0
	Number of simplex pivots we attempted to skip because of instability: 0.
	Unstable pivots performed anyway: 0
	--- Tableau Statistics ---
	Total number of pivots performed: 31256
		Real pivots: 31224. Degenerate: 32 (0.10%)
		Degenerate pivots by request (e.g., to fix a PL constraint): 0 (0.00%)
		Average time per pivot: 0.27 milli
	Total number of fake pivots performed: 6007
	Total number of rows added: 0. Number of merged columns: 0
	Current tableau dimensions: M = 705, N = 2028
	--- SMT Core Statistics ---
	Total depth is 39. Total visited states: 384. Number of splits: 210. Number of pops: 173
	Max stack depth: 69
	--- Bound Tightening Statistics ---
	Number of tightened bounds: 66714.
		Number of rows examined by row tightener: 31256. Consequent tightenings: 1675
		Number of explicit basis matrices examined by row tightener: 193. Consequent tightenings: 16827
		Number of bound tightening rounds on the entire constraint matrix: 0. Consequent tightenings: 0
		Number of bound notifications sent to PL constraints: 8452. Tightenings proposed: 0
	--- Basis Factorization statistics ---
	Number of basis refactorizations: 209
	--- Projected Steepest Edge Statistics ---
	Number of iterations: 37263.
	Number of resets to reference space: 189. Avg. iterations per reset: 197
	--- SBT ---
	Number of tightened bounds: 67099
	--- SoI-based local search ---
	Number of proposed phase pattern update: 830. Number of accepted update: 620 [74.70%]
	Total time (% of local search time) updating SoI phase pattern : 68775 milli [0.33%]
	Total time obtaining current assignment: 209750 milli [1.01%]
	Total time getting SoI phase pattern : 20783 milli [0.02%]
	--- Context dependent statistics ---
	Number of pushes / pops: 383 / 344
		[0.02%] Pre-Push hook: 20 milli
		[0.00%] Push : 0 milli
		[0.01%] Post-Pop hook: 10 milli
		[0.01%] Pop : 10 milli
		[0.04%] Total context-switching time: 42 milli
	--- Proof Certificate ---
	Number of certified leaves: 0
	Number of leaves to delegate: 0

00:25:27 Statistics update:
	--- Time Statistics ---
	Total time elapsed: 129665 milli (00:02:09)
		Main loop: 129131 milli (00:02:09)
		Preprocessing time: 206 milli (00:00:00)
		Unknown: 326 milli (00:00:00)
	Breakdown for main loop:
		[46.93%] Simplex steps: 60605 milli
		[42.97%] Explicit-basis bound tightening: 55493 milli
		[0.00%] Constraint-matrix bound tightening: 0 milli
		[0.84%] Degradation checking: 1081 milli
		[0.00%] Precision restoration: 0 milli
		[0.08%] Statistics handling: 97 milli
		[0.00%] Constraint-fixing steps: 0 milli
		[0.01%] Valid case splits: 6 milli. Average per split: 0.00 milli
		[0.00%] Applying stored bound-tightening: 3 milli
		[0.24%] SMT core: 303 milli
		[2.88%] Symbolic Bound Tightening: 3717 milli
		[19.48%] SoI-based local search: 25160 milli
		[0.00%] SoI-based local search: 0 milli
		[6.06%] Unaccounted for: 7823 milli
	--- Preprocessor Statistics ---
	Number of preprocessor bound-tightening loop iterations: 3
	Number of eliminated variables: 150
	Number of constraints removed due to variable elimination: 150
	Number of equations removed due to variable elimination: 0
	--- Engine Statistics ---
	Number of main loop iterations: 50000
		49388 iterations were simplex steps. Total time: 60605 milli. Average: 1.23 milli.
		0 iterations were constraint-fixing steps. Total time: 0 milli. Average: 0.00 milli
	Number of active piecewise-linear constraints: 76 / 106
		Constraints disabled by valid splits: 0. By SMT-originated splits: 30
	Last reported degradation: 0.0000002993. Max degradation so far: 0.0001909790. Restorations so far: 0
	Number of simplex pivots we attempted to skip because of instability: 0.
	Unstable pivots performed anyway: 0
	--- Tableau Statistics ---
	Total number of pivots performed: 39920
		Real pivots: 39884. Degenerate: 36 (0.09%)
		Degenerate pivots by request (e.g., to fix a PL constraint): 0 (0.00%)
		Average time per pivot: 0.28 milli
	Total number of fake pivots performed: 6754
	Total number of rows added: 0. Number of merged columns: 0
	Current tableau dimensions: M = 705, N = 2028
	--- SMT Core Statistics ---
	Total depth is 30. Total visited states: 463. Number of splits: 245. Number of pops: 217
	Max stack depth: 69
	--- Bound Tightening Statistics ---
	Number of tightened bounds: 79660.
		Number of rows examined by row tightener: 39920. Consequent tightenings: 4818
		Number of explicit basis matrices examined by row tightener: 258. Consequent tightenings: 24784
		Number of bound tightening rounds on the entire constraint matrix: 0. Consequent tightenings: 0
		Number of bound notifications sent to PL constraints: 12457. Tightenings proposed: 0
	--- Basis Factorization statistics ---
	Number of basis refactorizations: 279
	--- Projected Steepest Edge Statistics ---
	Number of iterations: 46674.
	Number of resets to reference space: 235. Avg. iterations per reset: 198
	--- SBT ---
	Number of tightened bounds: 80045
	--- SoI-based local search ---
	Number of proposed phase pattern update: 1015. Number of accepted update: 770 [75.86%]
	Total time (% of local search time) updating SoI phase pattern : 81687 milli [0.32%]
	Total time obtaining current assignment: 254587 milli [1.01%]
	Total time getting SoI phase pattern : 25907 milli [0.02%]
	--- Context dependent statistics ---
	Number of pushes / pops: 462 / 432
		[0.02%] Pre-Push hook: 23 milli
		[0.00%] Push : 0 milli
		[0.01%] Post-Pop hook: 13 milli
		[0.01%] Pop : 13 milli
		[0.04%] Total context-switching time: 50 milli
	--- Proof Certificate ---
	Number of certified leaves: 0
	Number of leaves to delegate: 0

00:25:58 Statistics update:
	--- Time Statistics ---
	Total time elapsed: 160315 milli (00:02:40)
		Main loop: 159692 milli (00:02:39)
		Preprocessing time: 206 milli (00:00:00)
		Unknown: 416 milli (00:00:00)
	Breakdown for main loop:
		[45.70%] Simplex steps: 72984 milli
		[43.97%] Explicit-basis bound tightening: 70210 milli
		[0.00%] Constraint-matrix bound tightening: 0 milli
		[0.81%] Degradation checking: 1298 milli
		[0.00%] Precision restoration: 0 milli
		[0.07%] Statistics handling: 116 milli
		[0.00%] Constraint-fixing steps: 0 milli
		[0.01%] Valid case splits: 8 milli. Average per split: 0.00 milli
		[0.00%] Applying stored bound-tightening: 3 milli
		[0.23%] SMT core: 372 milli
		[2.80%] Symbolic Bound Tightening: 4469 milli
		[19.04%] SoI-based local search: 30398 milli
		[0.00%] SoI-based local search: 0 milli
		[6.41%] Unaccounted for: 10228 milli
	--- Preprocessor Statistics ---
	Number of preprocessor bound-tightening loop iterations: 3
	Number of eliminated variables: 150
	Number of constraints removed due to variable elimination: 150
	Number of equations removed due to variable elimination: 0
	--- Engine Statistics ---
	Number of main loop iterations: 60000
		59271 iterations were simplex steps. Total time: 72984 milli. Average: 1.23 milli.
		0 iterations were constraint-fixing steps. Total time: 0 milli. Average: 0.00 milli
	Number of active piecewise-linear constraints: 77 / 106
		Constraints disabled by valid splits: 0. By SMT-originated splits: 29
	Last reported degradation: 0.0000000000. Max degradation so far: 0.0024674508. Restorations so far: 0
	Number of simplex pivots we attempted to skip because of instability: 0.
	Unstable pivots performed anyway: 0
	--- Tableau Statistics ---
	Total number of pivots performed: 47871
		Real pivots: 47833. Degenerate: 38 (0.08%)
		Degenerate pivots by request (e.g., to fix a PL constraint): 0 (0.00%)
		Average time per pivot: 0.28 milli
	Total number of fake pivots performed: 7963
	Total number of rows added: 0. Number of merged columns: 0
	Current tableau dimensions: M = 705, N = 2028
	--- SMT Core Statistics ---
	Total depth is 29. Total visited states: 557. Number of splits: 292. Number of pops: 264
	Max stack depth: 69
	--- Bound Tightening Statistics ---
	Number of tightened bounds: 94623.
		Number of rows examined by row tightener: 47871. Consequent tightenings: 5701
		Number of explicit basis matrices examined by row tightener: 328. Consequent tightenings: 35626
		Number of bound tightening rounds on the entire constraint matrix: 0. Consequent tightenings: 0
		Number of bound notifications sent to PL constraints: 17438. Tightenings proposed: 0
	--- Basis Factorization statistics ---
	Number of basis refactorizations: 335
	--- Projected Steepest Edge Statistics ---
	Number of iterations: 55834.
	Number of resets to reference space: 285. Avg. iterations per reset: 195
	--- SBT ---
	Number of tightened bounds: 95008
	--- SoI-based local search ---
	Number of proposed phase pattern update: 1303. Number of accepted update: 1010 [77.51%]
	Total time (% of local search time) updating SoI phase pattern : 98183 milli [0.32%]
	Total time obtaining current assignment: 322561 milli [1.06%]
	Total time getting SoI phase pattern : 33253 milli [0.02%]
	--- Context dependent statistics ---
	Number of pushes / pops: 556 / 527
		[0.02%] Pre-Push hook: 27 milli
		[0.00%] Push : 0 milli
		[0.01%] Post-Pop hook: 15 milli
		[0.01%] Pop : 17 milli
		[0.04%] Total context-switching time: 60 milli
	--- Proof Certificate ---
	Number of certified leaves: 0
	Number of leaves to delegate: 0

00:26:25 Statistics update:
	--- Time Statistics ---
	Total time elapsed: 187797 milli (00:03:07)
		Main loop: 187258 milli (00:03:07)
		Preprocessing time: 206 milli (00:00:00)
		Unknown: 332 milli (00:00:00)
	Breakdown for main loop:
		[45.53%] Simplex steps: 85258 milli
		[43.64%] Explicit-basis bound tightening: 81727 milli
		[0.00%] Constraint-matrix bound tightening: 0 milli
		[0.81%] Degradation checking: 1516 milli
		[0.00%] Precision restoration: 0 milli
		[0.07%] Statistics handling: 136 milli
		[0.00%] Constraint-fixing steps: 0 milli
		[0.01%] Valid case splits: 10 milli. Average per split: 0.00 milli
		[0.00%] Applying stored bound-tightening: 4 milli
		[0.24%] SMT core: 453 milli
		[2.85%] Symbolic Bound Tightening: 5345 milli
		[18.59%] SoI-based local search: 34802 milli
		[0.00%] SoI-based local search: 0 milli
		[6.84%] Unaccounted for: 12805 milli
	--- Preprocessor Statistics ---
	Number of preprocessor bound-tightening loop iterations: 3
	Number of eliminated variables: 150
	Number of constraints removed due to variable elimination: 150
	Number of equations removed due to variable elimination: 0
	--- Engine Statistics ---
	Number of main loop iterations: 70000
		69136 iterations were simplex steps. Total time: 85258 milli. Average: 1.23 milli.
		0 iterations were constraint-fixing steps. Total time: 0 milli. Average: 0.00 milli
	Number of active piecewise-linear constraints: 81 / 106
		Constraints disabled by valid splits: 0. By SMT-originated splits: 25
	Last reported degradation: 0.0000000000. Max degradation so far: 0.0024674508. Restorations so far: 0
	Number of simplex pivots we attempted to skip because of instability: 0.
	Unstable pivots performed anyway: 0
	--- Tableau Statistics ---
	Total number of pivots performed: 55896
		Real pivots: 55850. Degenerate: 46 (0.08%)
		Degenerate pivots by request (e.g., to fix a PL constraint): 0 (0.00%)
		Average time per pivot: 0.28 milli
	Total number of fake pivots performed: 9131
	Total number of rows added: 0. Number of merged columns: 0
	Current tableau dimensions: M = 705, N = 2028
	--- SMT Core Statistics ---
	Total depth is 25. Total visited states: 666. Number of splits: 344. Number of pops: 321
	Max stack depth: 69
	--- Bound Tightening Statistics ---
	Number of tightened bounds: 111788.
		Number of rows examined by row tightener: 55896. Consequent tightenings: 6832
		Number of explicit basis matrices examined by row tightener: 385. Consequent tightenings: 41004
		Number of bound tightening rounds on the entire constraint matrix: 0. Consequent tightenings: 0
		Number of bound notifications sent to PL constraints: 20366. Tightenings proposed: 0
	--- Basis Factorization statistics ---
	Number of basis refactorizations: 392
	--- Projected Steepest Edge Statistics ---
	Number of iterations: 65027.
	Number of resets to reference space: 343. Avg. iterations per reset: 189
	--- SBT ---
	Number of tightened bounds: 112173
	--- SoI-based local search ---
	Number of proposed phase pattern update: 1559. Number of accepted update: 1215 [77.93%]
	Total time (% of local search time) updating SoI phase pattern : 117060 milli [0.34%]
	Total time obtaining current assignment: 387823 milli [1.11%]
	Total time getting SoI phase pattern : 40692 milli [0.02%]
	--- Context dependent statistics ---
	Number of pushes / pops: 665 / 640
		[0.02%] Pre-Push hook: 31 milli
		[0.00%] Push : 0 milli
		[0.01%] Post-Pop hook: 19 milli
		[0.01%] Pop : 20 milli
		[0.04%] Total context-switching time: 71 milli
	--- Proof Certificate ---
	Number of certified leaves: 0
	Number of leaves to delegate: 0

00:26:52 Statistics update:
	--- Time Statistics ---
	Total time elapsed: 214277 milli (00:03:34)
		Main loop: 213720 milli (00:03:33)
		Preprocessing time: 206 milli (00:00:00)
		Unknown: 350 milli (00:00:00)
	Breakdown for main loop:
		[45.39%] Simplex steps: 97017 milli
		[43.76%] Explicit-basis bound tightening: 93529 milli
		[0.00%] Constraint-matrix bound tightening: 0 milli
		[0.81%] Degradation checking: 1729 milli
		[0.00%] Precision restoration: 0 milli
		[0.07%] Statistics handling: 156 milli
		[0.00%] Constraint-fixing steps: 0 milli
		[0.01%] Valid case splits: 11 milli. Average per split: 0.00 milli
		[0.00%] Applying stored bound-tightening: 4 milli
		[0.24%] SMT core: 507 milli
		[2.79%] Symbolic Bound Tightening: 5953 milli
		[18.24%] SoI-based local search: 38991 milli
		[0.00%] SoI-based local search: 0 milli
		[6.93%] Unaccounted for: 14809 milli
	--- Preprocessor Statistics ---
	Number of preprocessor bound-tightening loop iterations: 3
	Number of eliminated variables: 150
	Number of constraints removed due to variable elimination: 150
	Number of equations removed due to variable elimination: 0
	--- Engine Statistics ---
	Number of main loop iterations: 80000
		79045 iterations were simplex steps. Total time: 97017 milli. Average: 1.23 milli.
		0 iterations were constraint-fixing steps. Total time: 0 milli. Average: 0.00 milli
	Number of active piecewise-linear constraints: 83 / 106
		Constraints disabled by valid splits: 0. By SMT-originated splits: 23
	Last reported degradation: 0.0000000000. Max degradation so far: 0.0024674508. Restorations so far: 0
	Number of simplex pivots we attempted to skip because of instability: 0.
	Unstable pivots performed anyway: 0
	--- Tableau Statistics ---
	Total number of pivots performed: 63514
		Real pivots: 63463. Degenerate: 51 (0.08%)
		Degenerate pivots by request (e.g., to fix a PL constraint): 0 (0.00%)
		Average time per pivot: 0.28 milli
	Total number of fake pivots performed: 10911
	Total number of rows added: 0. Number of merged columns: 0
	Current tableau dimensions: M = 705, N = 2028
	--- SMT Core Statistics ---
	Total depth is 23. Total visited states: 741. Number of splits: 381. Number of pops: 359
	Max stack depth: 69
	--- Bound Tightening Statistics ---
	Number of tightened bounds: 124521.
		Number of rows examined by row tightener: 63514. Consequent tightenings: 7305
		Number of explicit basis matrices examined by row tightener: 441. Consequent tightenings: 47770
		Number of bound tightening rounds on the entire constraint matrix: 0. Consequent tightenings: 0
		Number of bound notifications sent to PL constraints: 23199. Tightenings proposed: 0
	--- Basis Factorization statistics ---
	Number of basis refactorizations: 441
	--- Projected Steepest Edge Statistics ---
	Number of iterations: 74425.
	Number of resets to reference space: 383. Avg. iterations per reset: 194
	--- SBT ---
	Number of tightened bounds: 124906
	--- SoI-based local search ---
	Number of proposed phase pattern update: 1754. Number of accepted update: 1373 [78.28%]
	Total time (% of local search time) updating SoI phase pattern : 130464 milli [0.33%]
	Total time obtaining current assignment: 437102 milli [1.12%]
	Total time getting SoI phase pattern : 46502 milli [0.02%]
	--- Context dependent statistics ---
	Number of pushes / pops: 740 / 717
		[0.02%] Pre-Push hook: 34 milli
		[0.00%] Push : 0 milli
		[0.01%] Post-Pop hook: 21 milli
		[0.01%] Pop : 23 milli
		[0.04%] Total context-switching time: 79 milli
	--- Proof Certificate ---
	Number of certified leaves: 0
	Number of leaves to delegate: 0

00:27:20 Statistics update:
	--- Time Statistics ---
	Total time elapsed: 242475 milli (00:04:02)
		Main loop: 241918 milli (00:04:01)
		Preprocessing time: 206 milli (00:00:00)
		Unknown: 351 milli (00:00:00)
	Breakdown for main loop:
		[45.13%] Simplex steps: 109187 milli
		[44.11%] Explicit-basis bound tightening: 106719 milli
		[0.00%] Constraint-matrix bound tightening: 0 milli
		[0.80%] Degradation checking: 1944 milli
		[0.00%] Precision restoration: 0 milli
		[0.07%] Statistics handling: 176 milli
		[0.00%] Constraint-fixing steps: 0 milli
		[0.01%] Valid case splits: 13 milli. Average per split: 0.00 milli
		[0.00%] Applying stored bound-tightening: 5 milli
		[0.24%] SMT core: 572 milli
		[2.78%] Symbolic Bound Tightening: 6723 milli
		[18.11%] SoI-based local search: 43803 milli
		[0.00%] SoI-based local search: 0 milli
		[6.85%] Unaccounted for: 16575 milli
	--- Preprocessor Statistics ---
	Number of preprocessor bound-tightening loop iterations: 3
	Number of eliminated variables: 150
	Number of constraints removed due to variable elimination: 150
	Number of equations removed due to variable elimination: 0
	--- Engine Statistics ---
	Number of main loop iterations: 90000
		88914 iterations were simplex steps. Total time: 109187 milli. Average: 1.23 milli.
		0 iterations were constraint-fixing steps. Total time: 0 milli. Average: 0.00 milli
	Number of active piecewise-linear constraints: 79 / 106
		Constraints disabled by valid splits: 0. By SMT-originated splits: 27
	Last reported degradation: 0.0000000000. Max degradation so far: 0.0024674508. Restorations so far: 0
	Number of simplex pivots we attempted to skip because of instability: 0.
	Unstable pivots performed anyway: 0
	--- Tableau Statistics ---
	Total number of pivots performed: 71536
		Real pivots: 71480. Degenerate: 56 (0.08%)
		Degenerate pivots by request (e.g., to fix a PL constraint): 0 (0.00%)
		Average time per pivot: 0.28 milli
	Total number of fake pivots performed: 12224
	Total number of rows added: 0. Number of merged columns: 0
	Current tableau dimensions: M = 705, N = 2028
	--- SMT Core Statistics ---
	Total depth is 27. Total visited states: 836. Number of splits: 430. Number of pops: 405
	Max stack depth: 69
	--- Bound Tightening Statistics ---
	Number of tightened bounds: 142162.
		Number of rows examined by row tightener: 71536. Consequent tightenings: 8398
		Number of explicit basis matrices examined by row tightener: 502. Consequent tightenings: 56799
		Number of bound tightening rounds on the entire constraint matrix: 0. Consequent tightenings: 0
		Number of bound notifications sent to PL constraints: 27093. Tightenings proposed: 0
	--- Basis Factorization statistics ---
	Number of basis refactorizations: 496
	--- Projected Steepest Edge Statistics ---
	Number of iterations: 83760.
	Number of resets to reference space: 432. Avg. iterations per reset: 193
	--- SBT ---
	Number of tightened bounds: 142547
	--- SoI-based local search ---
	Number of proposed phase pattern update: 1954. Number of accepted update: 1523 [77.94%]
	Total time (% of local search time) updating SoI phase pattern : 147750 milli [0.34%]
	Total time obtaining current assignment: 491702 milli [1.12%]
	Total time getting SoI phase pattern : 52882 milli [0.02%]
	--- Context dependent statistics ---
	Number of pushes / pops: 835 / 808
		[0.02%] Pre-Push hook: 38 milli
		[0.00%] Push : 0 milli
		[0.01%] Post-Pop hook: 24 milli
		[0.01%] Pop : 27 milli
		[0.04%] Total context-switching time: 89 milli
	--- Proof Certificate ---
	Number of certified leaves: 0
	Number of leaves to delegate: 0

00:27:49 Statistics update:
	--- Time Statistics ---
	Total time elapsed: 271619 milli (00:04:31)
		Main loop: 271072 milli (00:04:31)
		Preprocessing time: 206 milli (00:00:00)
		Unknown: 340 milli (00:00:00)
	Breakdown for main loop:
		[44.77%] Simplex steps: 121368 milli
		[44.24%] Explicit-basis bound tightening: 119923 milli
		[0.00%] Constraint-matrix bound tightening: 0 milli
		[0.80%] Degradation checking: 2158 milli
		[0.00%] Precision restoration: 0 milli
		[0.07%] Statistics handling: 196 milli
		[0.00%] Constraint-fixing steps: 0 milli
		[0.01%] Valid case splits: 15 milli. Average per split: 0.00 milli
		[0.00%] Applying stored bound-tightening: 6 milli
		[0.24%] SMT core: 639 milli
		[2.76%] Symbolic Bound Tightening: 7479 milli
		[17.82%] SoI-based local search: 48297 milli
		[0.00%] SoI-based local search: 0 milli
		[7.11%] Unaccounted for: 19284 milli
	--- Preprocessor Statistics ---
	Number of preprocessor bound-tightening loop iterations: 3
	Number of eliminated variables: 150
	Number of constraints removed due to variable elimination: 150
	Number of equations removed due to variable elimination: 0
	--- Engine Statistics ---
	Number of main loop iterations: 100000
		98805 iterations were simplex steps. Total time: 121368 milli. Average: 1.23 milli.
		0 iterations were constraint-fixing steps. Total time: 0 milli. Average: 0.00 milli
	Number of active piecewise-linear constraints: 81 / 106
		Constraints disabled by valid splits: 0. By SMT-originated splits: 25
	Last reported degradation: 0.0003439129. Max degradation so far: 0.0024674508. Restorations so far: 0
	Number of simplex pivots we attempted to skip because of instability: 0.
	Unstable pivots performed anyway: 0
	--- Tableau Statistics ---
	Total number of pivots performed: 79658
		Real pivots: 79601. Degenerate: 57 (0.07%)
		Degenerate pivots by request (e.g., to fix a PL constraint): 0 (0.00%)
		Average time per pivot: 0.28 milli
	Total number of fake pivots performed: 13391
	Total number of rows added: 0. Number of merged columns: 0
	Current tableau dimensions: M = 705, N = 2028
	--- SMT Core Statistics ---
	Total depth is 25. Total visited states: 930. Number of splits: 476. Number of pops: 453
	Max stack depth: 69
	--- Bound Tightening Statistics ---
	Number of tightened bounds: 157507.
		Number of rows examined by row tightener: 79658. Consequent tightenings: 8789
		Number of explicit basis matrices examined by row tightener: 567. Consequent tightenings: 63005
		Number of bound tightening rounds on the entire constraint matrix: 0. Consequent tightenings: 0
		Number of bound notifications sent to PL constraints: 30121. Tightenings proposed: 0
	--- Basis Factorization statistics ---
	Number of basis refactorizations: 555
	--- Projected Steepest Edge Statistics ---
	Number of iterations: 93049.
	Number of resets to reference space: 485. Avg. iterations per reset: 191
	--- SBT ---
	Number of tightened bounds: 157892
	--- SoI-based local search ---
	Number of proposed phase pattern update: 2177. Number of accepted update: 1701 [78.14%]
	Total time (% of local search time) updating SoI phase pattern : 163569 milli [0.34%]
	Total time obtaining current assignment: 548508 milli [1.14%]
	Total time getting SoI phase pattern : 60247 milli [0.02%]
	--- Context dependent statistics ---
	Number of pushes / pops: 929 / 904
		[0.02%] Pre-Push hook: 41 milli
		[0.00%] Push : 0 milli
		[0.01%] Post-Pop hook: 26 milli
		[0.01%] Pop : 30 milli
		[0.04%] Total context-switching time: 98 milli
	--- Proof Certificate ---
	Number of certified leaves: 0
	Number of leaves to delegate: 0

00:28:18 Statistics update:
	--- Time Statistics ---
	Total time elapsed: 300437 milli (00:05:00)
		Main loop: 299887 milli (00:04:59)
		Preprocessing time: 206 milli (00:00:00)
		Unknown: 343 milli (00:00:00)
	Breakdown for main loop:
		[44.50%] Simplex steps: 133448 milli
		[44.49%] Explicit-basis bound tightening: 133421 milli
		[0.00%] Constraint-matrix bound tightening: 0 milli
		[0.79%] Degradation checking: 2371 milli
		[0.00%] Precision restoration: 0 milli
		[0.07%] Statistics handling: 209 milli
		[0.00%] Constraint-fixing steps: 0 milli
		[0.01%] Valid case splits: 16 milli. Average per split: 0.00 milli
		[0.00%] Applying stored bound-tightening: 6 milli
		[0.23%] SMT core: 699 milli
		[2.72%] Symbolic Bound Tightening: 8165 milli
		[17.76%] SoI-based local search: 53269 milli
		[0.00%] SoI-based local search: 0 milli
		[7.18%] Unaccounted for: 21546 milli
	--- Preprocessor Statistics ---
	Number of preprocessor bound-tightening loop iterations: 3
	Number of eliminated variables: 150
	Number of constraints removed due to variable elimination: 150
	Number of equations removed due to variable elimination: 0
	--- Engine Statistics ---
	Number of main loop iterations: 110000
		108708 iterations were simplex steps. Total time: 133448 milli. Average: 1.23 milli.
		0 iterations were constraint-fixing steps. Total time: 0 milli. Average: 0.00 milli
	Number of active piecewise-linear constraints: 88 / 106
		Constraints disabled by valid splits: 3. By SMT-originated splits: 15
	Last reported degradation: 0.0000000000. Max degradation so far: 0.0024674508. Restorations so far: 0
	Number of simplex pivots we attempted to skip because of instability: 0.
	Unstable pivots performed anyway: 0
	--- Tableau Statistics ---
	Total number of pivots performed: 87744
		Real pivots: 87685. Degenerate: 59 (0.07%)
		Degenerate pivots by request (e.g., to fix a PL constraint): 0 (0.00%)
		Average time per pivot: 0.28 milli
	Total number of fake pivots performed: 14637
	Total number of rows added: 0. Number of merged columns: 0
	Current tableau dimensions: M = 705, N = 2028
	--- SMT Core Statistics ---
	Total depth is 15. Total visited states: 1014. Number of splits: 513. Number of pops: 500
	Max stack depth: 69
	--- Bound Tightening Statistics ---
	Number of tightened bounds: 172064.
		Number of rows examined by row tightener: 87744. Consequent tightenings: 9536
		Number of explicit basis matrices examined by row tightener: 631. Consequent tightenings: 71639
		Number of bound tightening rounds on the entire constraint matrix: 0. Consequent tightenings: 0
		Number of bound notifications sent to PL constraints: 34317. Tightenings proposed: 0
	--- Basis Factorization statistics ---
	Number of basis refactorizations: 612
	--- Projected Steepest Edge Statistics ---
	Number of iterations: 102381.
	Number of resets to reference space: 536. Avg. iterations per reset: 191
	--- SBT ---
	Number of tightened bounds: 172449
	--- SoI-based local search ---
	Number of proposed phase pattern update: 2402. Number of accepted update: 1889 [78.64%]
	Total time (% of local search time) updating SoI phase pattern : 176591 milli [0.33%]
	Total time obtaining current assignment: 602982 milli [1.13%]
	Total time getting SoI phase pattern : 67566 milli [0.02%]
	--- Context dependent statistics ---
	Number of pushes / pops: 1013 / 998
		[0.01%] Pre-Push hook: 44 milli
		[0.00%] Push : 0 milli
		[0.01%] Post-Pop hook: 29 milli
		[0.01%] Pop : 33 milli
		[0.04%] Total context-switching time: 107 milli
	--- Proof Certificate ---
	Number of certified leaves: 0
	Number of leaves to delegate: 0


Engine: quitting due to timeout...

Final statistics:

00:28:19 Statistics update:
	--- Time Statistics ---
	Total time elapsed: 301000 milli (00:05:01)
		Main loop: 300450 milli (00:05:00)
		Preprocessing time: 206 milli (00:00:00)
		Unknown: 343 milli (00:00:00)
	Breakdown for main loop:
		[44.52%] Simplex steps: 133747 milli
		[44.49%] Explicit-basis bound tightening: 133659 milli
		[0.00%] Constraint-matrix bound tightening: 0 milli
		[0.79%] Degradation checking: 2377 milli
		[0.00%] Precision restoration: 0 milli
		[0.07%] Statistics handling: 210 milli
		[0.00%] Constraint-fixing steps: 0 milli
		[0.01%] Valid case splits: 16 milli. Average per split: 0.00 milli
		[0.00%] Applying stored bound-tightening: 6 milli
		[0.23%] SMT core: 702 milli
		[2.72%] Symbolic Bound Tightening: 8182 milli
		[17.73%] SoI-based local search: 53269 milli
		[0.00%] SoI-based local search: 0 milli
		[7.17%] Unaccounted for: 21548 milli
	--- Preprocessor Statistics ---
	Number of preprocessor bound-tightening loop iterations: 3
	Number of eliminated variables: 150
	Number of constraints removed due to variable elimination: 150
	Number of equations removed due to variable elimination: 0
	--- Engine Statistics ---
	Number of main loop iterations: 110290
		108999 iterations were simplex steps. Total time: 133747 milli. Average: 1.23 milli.
		0 iterations were constraint-fixing steps. Total time: 0 milli. Average: 0.00 milli
	Number of active piecewise-linear constraints: 93 / 106
		Constraints disabled by valid splits: 0. By SMT-originated splits: 13
	Last reported degradation: 0.0000000000. Max degradation so far: 0.0024674508. Restorations so far: 0
	Number of simplex pivots we attempted to skip because of instability: 0.
	Unstable pivots performed anyway: 0
	--- Tableau Statistics ---
	Total number of pivots performed: 88006
		Real pivots: 87947. Degenerate: 59 (0.07%)
		Degenerate pivots by request (e.g., to fix a PL constraint): 0 (0.00%)
		Average time per pivot: 0.28 milli
	Total number of fake pivots performed: 14662
	Total number of rows added: 0. Number of merged columns: 0
	Current tableau dimensions: M = 705, N = 2028
	--- SMT Core Statistics ---
	Total depth is 13. Total visited states: 1016. Number of splits: 513. Number of pops: 502
	Max stack depth: 69
	--- Bound Tightening Statistics ---
	Number of tightened bounds: 172390.
		Number of rows examined by row tightener: 88006. Consequent tightenings: 9550
		Number of explicit basis matrices examined by row tightener: 632. Consequent tightenings: 71834
		Number of bound tightening rounds on the entire constraint matrix: 0. Consequent tightenings: 0
		Number of bound notifications sent to PL constraints: 34417. Tightenings proposed: 0
	--- Basis Factorization statistics ---
	Number of basis refactorizations: 613
	--- Projected Steepest Edge Statistics ---
	Number of iterations: 102668.
	Number of resets to reference space: 538. Avg. iterations per reset: 190
	--- SBT ---
	Number of tightened bounds: 172775
	--- SoI-based local search ---
	Number of proposed phase pattern update: 2402. Number of accepted update: 1889 [78.64%]
	Total time (% of local search time) updating SoI phase pattern : 176591 milli [0.33%]
	Total time obtaining current assignment: 602982 milli [1.13%]
	Total time getting SoI phase pattern : 67566 milli [0.02%]
	--- Context dependent statistics ---
	Number of pushes / pops: 1015 / 1002
		[0.01%] Pre-Push hook: 44 milli
		[0.00%] Push : 0 milli
		[0.01%] Post-Pop hook: 29 milli
		[0.01%] Pop : 33 milli
		[0.04%] Total context-switching time: 107 milli
	--- Proof Certificate ---
	Number of certified leaves: 0
	Number of leaves to delegate: 0
Timeout
