InputQuery: /home/levn/Workspace/othello_world/queries/probe_robust/group_2/game_98_target_62_eps_0.1.txt
Engine::processInputQuery: Input query (before preprocessing): 449 equations, 1216 variables
Engine::processInputQuery: Input query (after preprocessing): 705 equations, 1349 variables

Input bounds:
	x0: [ -0.6021,  -0.4021] 
	x1: [ -2.6107,  -2.4107] 
	x2: [  0.3934,   0.5934] 
	x3: [ -0.4292,  -0.2292] 
	x4: [ -0.6344,  -0.4344] 
	x5: [ -1.9616,  -1.7616] 
	x6: [  0.0110,   0.2110] 
	x7: [ -2.1294,  -1.9294] 
	x8: [ -3.5769,  -3.3769] 
	x9: [  0.0056,   0.2056] 
	x10: [  1.7290,   1.9290] 
	x11: [ -0.6316,  -0.4316] 
	x12: [ -1.8920,  -1.6920] 
	x13: [  1.2775,   1.4775] 
	x14: [  0.3125,   0.5125] 
	x15: [  0.9506,   1.1506] 
	x16: [  0.5132,   0.7132] 
	x17: [  0.5296,   0.7296] 
	x18: [ -1.5556,  -1.3556] 
	x19: [ -0.1208,   0.0792] 
	x20: [  1.9908,   2.1908] 
	x21: [ -2.5080,  -2.3080] 
	x22: [ -0.2790,  -0.0790] 
	x23: [ -2.1221,  -1.9221] 
	x24: [  0.7328,   0.9328] 
	x25: [  0.2000,   0.4000] 
	x26: [  1.2062,   1.4062] 
	x27: [ -0.3274,  -0.1274] 
	x28: [  2.1449,   2.3449] 
	x29: [ -0.1523,   0.0477] 
	x30: [  1.3821,   1.5821] 
	x31: [ -0.8635,  -0.6635] 
	x32: [ -1.1376,  -0.9376] 
	x33: [ -2.5928,  -2.3928] 
	x34: [  1.1187,   1.3187] 
	x35: [ -1.0328,  -0.8328] 
	x36: [  0.5451,   0.7451] 
	x37: [  1.3569,   1.5569] 
	x38: [  1.0101,   1.2101] 
	x39: [ -2.0179,  -1.8179] 
	x40: [  0.4670,   0.6670] 
	x41: [ -0.5740,  -0.3740] 
	x42: [  1.8229,   2.0229] 
	x43: [ -0.3337,  -0.1337] 
	x44: [ -0.9440,  -0.7440] 
	x45: [  0.3920,   0.5920] 
	x46: [  0.7391,   0.9391] 
	x47: [ -4.1911,  -3.9911] 
	x48: [  1.8457,   2.0457] 
	x49: [  1.5547,   1.7547] 
	x50: [ -1.3819,  -1.1819] 
	x51: [ -0.1138,   0.0862] 
	x52: [  1.1002,   1.3002] 
	x53: [  2.1002,   2.3002] 
	x54: [ -0.4010,  -0.2010] 
	x55: [  0.0393,   0.2393] 
	x56: [ -0.0510,   0.1490] 
	x57: [  1.2495,   1.4495] 
	x58: [  1.5706,   1.7706] 
	x59: [  2.3805,   2.5805] 
	x60: [ -0.5759,  -0.3759] 
	x61: [  1.3473,   1.5473] 
	x62: [ -0.0742,   0.1258] 
	x63: [ -0.4823,  -0.2823] 
	x64: [  0.2562,   0.4562] 
	x65: [ -2.6699,  -2.4699] 
	x66: [ -0.4084,  -0.2084] 
	x67: [ -1.6181,  -1.4181] 
	x68: [  2.5425,   2.7425] 
	x69: [ -0.5462,  -0.3462] 
	x70: [  2.2088,   2.4088] 
	x71: [ -0.3862,  -0.1862] 
	x72: [ -2.8960,  -2.6960] 
	x73: [  0.6064,   0.8064] 
	x74: [  0.6036,   0.8036] 
	x75: [ -0.4995,  -0.2995] 
	x76: [ -0.3630,  -0.1630] 
	x77: [  0.3502,   0.5502] 
	x78: [ -2.1341,  -1.9341] 
	x79: [ -0.6841,  -0.4841] 
	x80: [  1.3661,   1.5661] 
	x81: [  1.5646,   1.7646] 
	x82: [ -0.4410,  -0.2410] 
	x83: [ -2.5260,  -2.3260] 
	x84: [ -1.4834,  -1.2834] 
	x85: [ -0.2300,  -0.0300] 
	x86: [  0.8919,   1.0919] 
	x87: [ -0.0179,   0.1821] 
	x88: [ -1.9057,  -1.7057] 
	x89: [  1.7893,   1.9893] 
	x90: [  0.1808,   0.3808] 
	x91: [ -1.7178,  -1.5178] 
	x92: [  0.8743,   1.0743] 
	x93: [ -0.6604,  -0.4604] 
	x94: [  0.0831,   0.2831] 
	x95: [  2.2347,   2.4347] 
	x96: [  0.7435,   0.9435] 
	x97: [  0.1371,   0.3371] 
	x98: [  0.7934,   0.9934] 
	x99: [ -1.1261,  -0.9261] 
	x100: [ -0.6501,  -0.4501] 
	x101: [  1.8899,   2.0899] 
	x102: [  0.3819,   0.5819] 
	x103: [ -1.3772,  -1.1772] 
	x104: [ -0.2857,  -0.0857] 
	x105: [ -4.5802,  -4.3802] 
	x106: [ -2.6115,  -2.4115] 
	x107: [ -0.9516,  -0.7516] 
	x108: [ -0.0801,   0.1199] 
	x109: [ -1.1985,  -0.9985] 
	x110: [  1.4220,   1.6220] 
	x111: [ -0.8194,  -0.6194] 
	x112: [  1.1809,   1.3809] 
	x113: [ -1.9013,  -1.7013] 
	x114: [ -0.2844,  -0.0844] 
	x115: [ -1.2433,  -1.0433] 
	x116: [  0.3868,   0.5868] 
	x117: [  2.3335,   2.5335] 
	x118: [ -1.1178,  -0.9178] 
	x119: [ -3.0879,  -2.8879] 
	x120: [  1.6752,   1.8752] 
	x121: [  2.1033,   2.3033] 
	x122: [ -0.2107,  -0.0107] 
	x123: [ -0.2871,  -0.0871] 
	x124: [ -0.7509,  -0.5509] 
	x125: [ -0.6561,  -0.4561] 
	x126: [  1.0554,   1.2554] 
	x127: [  1.1824,   1.3824] 
	x128: [  0.4818,   0.6818] 
	x129: [ -2.6162,  -2.4162] 
	x130: [  1.2343,   1.4343] 
	x131: [  3.2092,   3.4092] 
	x132: [  0.0068,   0.2068] 
	x133: [  0.4404,   0.6404] 
	x134: [  0.6384,   0.8384] 
	x135: [  1.3653,   1.5653] 
	x136: [ -0.5653,  -0.3653] 
	x137: [  0.6335,   0.8335] 
	x138: [ -2.3323,  -2.1323] 
	x139: [  0.1694,   0.3694] 
	x140: [  4.7784,   4.9784] 
	x141: [  0.4203,   0.6203] 
	x142: [  0.4595,   0.6595] 
	x143: [ -0.0792,   0.1208] 
	x144: [ -0.4035,  -0.2035] 
	x145: [ -2.1481,  -1.9481] 
	x146: [ -2.2573,  -2.0573] 
	x147: [  3.7464,   3.9464] 
	x148: [ -0.5675,  -0.3675] 
	x149: [  0.7539,   0.9539] 
	x150: [ -0.0003,   0.1997] 
	x151: [ -1.5103,  -1.3103] 
	x152: [  0.5223,   0.7223] 
	x153: [  2.0208,   2.2208] 
	x154: [  2.2035,   2.4035] 
	x155: [ -1.6492,  -1.4492] 
	x156: [ -0.9155,  -0.7155] 
	x157: [ -1.1601,  -0.9601] 
	x158: [ -1.9415,  -1.7415] 
	x159: [  0.2046,   0.4046] 
	x160: [ -1.8888,  -1.6888] 
	x161: [ -1.7868,  -1.5868] 
	x162: [ -1.5512,  -1.3512] 
	x163: [  0.5763,   0.7763] 
	x164: [ -1.9338,  -1.7338] 
	x165: [ -1.2339,  -1.0339] 
	x166: [  3.3997,   3.5997] 
	x167: [  2.9728,   3.1728] 
	x168: [  0.8897,   1.0897] 
	x169: [ -2.3203,  -2.1203] 
	x170: [ -0.0813,   0.1187] 
	x171: [ -0.4707,  -0.2707] 
	x172: [  2.7778,   2.9778] 
	x173: [  1.0157,   1.2157] 
	x174: [  2.2841,   2.4841] 
	x175: [ -0.4889,  -0.2889] 
	x176: [  0.2330,   0.4330] 
	x177: [  2.5282,   2.7282] 
	x178: [ -1.4477,  -1.2477] 
	x179: [ -2.3801,  -2.1801] 
	x180: [ -0.3401,  -0.1401] 
	x181: [  0.0623,   0.2623] 
	x182: [  0.7418,   0.9418] 
	x183: [ -1.7705,  -1.5705] 
	x184: [  1.2319,   1.4319] 
	x185: [  0.5131,   0.7131] 
	x186: [ -0.0979,   0.1021] 
	x187: [ -0.2344,  -0.0344] 
	x188: [  0.4026,   0.6026] 
	x189: [ -0.0216,   0.1784] 
	x190: [ -0.8291,  -0.6291] 
	x191: [ -1.1241,  -0.9241] 
	x192: [  2.1582,   2.3582] 
	x193: [ -0.7660,  -0.5660] 
	x194: [ -1.1247,  -0.9247] 
	x195: [ -2.7363,  -2.5363] 
	x196: [ -0.7983,  -0.5983] 
	x197: [  2.5979,   2.7979] 
	x198: [ -2.3149,  -2.1149] 
	x199: [ -0.3464,  -0.1464] 
	x200: [ -0.3344,  -0.1344] 
	x201: [  2.1997,   2.3997] 
	x202: [ -0.4368,  -0.2368] 
	x203: [  0.9516,   1.1516] 
	x204: [ -1.8005,  -1.6005] 
	x205: [ -0.5998,  -0.3998] 
	x206: [ -0.9380,  -0.7380] 
	x207: [ -1.5557,  -1.3557] 
	x208: [ -0.0529,   0.1471] 
	x209: [ -0.5057,  -0.3057] 
	x210: [  0.7268,   0.9268] 
	x211: [ -0.3138,  -0.1138] 
	x212: [ -2.5490,  -2.3490] 
	x213: [ -0.2939,  -0.0939] 
	x214: [ -0.3188,  -0.1188] 
	x215: [  0.1689,   0.3689] 
	x216: [ -0.5960,  -0.3960] 
	x217: [  0.2374,   0.4374] 
	x218: [  0.8788,   1.0788] 
	x219: [ -2.2374,  -2.0374] 
	x220: [  0.9121,   1.1121] 
	x221: [ -1.6796,  -1.4796] 
	x222: [  1.1108,   1.3108] 
	x223: [ -3.1085,  -2.9085] 
	x224: [ -2.8666,  -2.6666] 
	x225: [  0.3210,   0.5210] 
	x226: [ -0.5164,  -0.3164] 
	x227: [ -3.0094,  -2.8094] 
	x228: [  1.7725,   1.9725] 
	x229: [  0.1469,   0.3469] 
	x230: [  1.7369,   1.9369] 
	x231: [  1.7572,   1.9572] 
	x232: [ -0.8271,  -0.6271] 
	x233: [ -0.5044,  -0.3044] 
	x234: [  0.6942,   0.8942] 
	x235: [ -0.7457,  -0.5457] 
	x236: [  3.3421,   3.5421] 
	x237: [  0.9214,   1.1214] 
	x238: [  1.1989,   1.3989] 
	x239: [  5.9184,   6.1184] 
	x240: [  3.4649,   3.6649] 
	x241: [ -2.0032,  -1.8032] 
	x242: [  3.2557,   3.4557] 
	x243: [ -0.1947,   0.0053] 
	x244: [  0.5193,   0.7193] 
	x245: [  0.5104,   0.7104] 
	x246: [ -2.2849,  -2.0849] 
	x247: [ -2.6338,  -2.4338] 
	x248: [ -0.6604,  -0.4604] 
	x249: [  3.6891,   3.8891] 
	x250: [ -1.0348,  -0.8348] 
	x251: [ -0.5189,  -0.3189] 
	x252: [  0.8323,   1.0323] 
	x253: [ -1.2683,  -1.0683] 
	x254: [  1.4949,   1.6949] 
	x255: [  0.1106,   0.3106] 
	x256: [ -1.4813,  -1.2813] 
	x257: [ -2.0981,  -1.8981] 
	x258: [  0.4099,   0.6099] 
	x259: [ -0.0706,   0.1294] 
	x260: [ -0.9351,  -0.7351] 
	x261: [ -0.6970,  -0.4970] 
	x262: [  2.4690,   2.6690] 
	x263: [ -0.3560,  -0.1560] 
	x264: [ -0.2979,  -0.0979] 
	x265: [  2.4743,   2.6743] 
	x266: [ -0.9936,  -0.7936] 
	x267: [  0.0544,   0.2544] 
	x268: [ -2.4459,  -2.2459] 
	x269: [ -0.5331,  -0.3331] 
	x270: [ -0.5741,  -0.3741] 
	x271: [  0.6164,   0.8164] 
	x272: [ -0.5610,  -0.3610] 
	x273: [  1.0347,   1.2347] 
	x274: [ -1.5254,  -1.3254] 
	x275: [ -0.0311,   0.1689] 
	x276: [  0.1387,   0.3387] 
	x277: [  2.3963,   2.5963] 
	x278: [ -2.8443,  -2.6443] 
	x279: [  2.4567,   2.6567] 
	x280: [  0.2101,   0.4101] 
	x281: [ -0.0059,   0.1941] 
	x282: [  0.9805,   1.1805] 
	x283: [ -1.6188,  -1.4188] 
	x284: [ -0.7823,  -0.5823] 
	x285: [  0.0388,   0.2388] 
	x286: [ -1.2520,  -1.0520] 
	x287: [ -0.1745,   0.0255] 
	x288: [ -0.0204,   0.1796] 
	x289: [ -0.1157,   0.0843] 
	x290: [  0.6241,   0.8241] 
	x291: [ -1.1901,  -0.9901] 
	x292: [ -0.8212,  -0.6212] 
	x293: [ -0.2561,  -0.0561] 
	x294: [  2.0620,   2.2620] 
	x295: [  1.2620,   1.4620] 
	x296: [ -1.1625,  -0.9625] 
	x297: [  1.1817,   1.3817] 
	x298: [ -5.7880,  -5.5880] 
	x299: [ -1.3666,  -1.1666] 
	x300: [  2.1264,   2.3264] 
	x301: [  2.5033,   2.7033] 
	x302: [ -3.5135,  -3.3135] 
	x303: [ -0.4609,  -0.2609] 
	x304: [ -2.7473,  -2.5473] 
	x305: [  0.0369,   0.2369] 
	x306: [  1.4241,   1.6241] 
	x307: [ -2.6951,  -2.4951] 
	x308: [  0.2995,   0.4995] 
	x309: [ -0.3450,  -0.1450] 
	x310: [  0.3531,   0.5531] 
	x311: [ -0.9222,  -0.7222] 
	x312: [ -0.2843,  -0.0843] 
	x313: [ -1.8592,  -1.6592] 
	x314: [  3.1066,   3.3066] 
	x315: [ -1.1518,  -0.9518] 
	x316: [  0.1057,   0.3057] 
	x317: [ -0.6449,  -0.4449] 
	x318: [  1.1229,   1.3229] 
	x319: [  0.5665,   0.7665] 
	x320: [  0.2457,   0.4457] 
	x321: [ -0.9687,  -0.7687] 
	x322: [ -0.9598,  -0.7598] 
	x323: [  0.2096,   0.4096] 
	x324: [ -1.3914,  -1.1914] 
	x325: [ -0.0944,   0.1056] 
	x326: [ -0.2802,  -0.0802] 
	x327: [ -6.0288,  -5.8288] 
	x328: [ -0.9871,  -0.7871] 
	x329: [  0.2535,   0.4535] 
	x330: [  0.0403,   0.2403] 
	x331: [ -0.3405,  -0.1405] 
	x332: [ -1.4440,  -1.2440] 
	x333: [ -0.1532,   0.0468] 
	x334: [  1.1281,   1.3281] 
	x335: [ -2.0127,  -1.8127] 
	x336: [ -1.3565,  -1.1565] 
	x337: [  0.9073,   1.1073] 
	x338: [ -2.7643,  -2.5643] 
	x339: [ -2.4340,  -2.2340] 
	x340: [  1.2714,   1.4714] 
	x341: [  0.7688,   0.9688] 
	x342: [  0.6410,   0.8410] 
	x343: [ -0.6373,  -0.4373] 
	x344: [ -1.3182,  -1.1182] 
	x345: [ -2.9513,  -2.7513] 
	x346: [ -1.1048,  -0.9048] 
	x347: [ -0.2260,  -0.0260] 
	x348: [ -1.3125,  -1.1125] 
	x349: [ -0.3063,  -0.1063] 
	x350: [  0.1273,   0.3273] 
	x351: [ -1.4403,  -1.2403] 
	x352: [ -0.9967,  -0.7967] 
	x353: [ -0.2437,  -0.0437] 
	x354: [  0.3563,   0.5563] 
	x355: [ -0.4150,  -0.2150] 
	x356: [ -0.3226,  -0.1226] 
	x357: [  1.6534,   1.8534] 
	x358: [  2.1745,   2.3745] 
	x359: [ -1.0042,  -0.8042] 
	x360: [ -2.0328,  -1.8328] 
	x361: [ -2.7536,  -2.5536] 
	x362: [ -0.1072,   0.0928] 
	x363: [ -0.3375,  -0.1375] 
	x364: [ -0.2948,  -0.0948] 
	x365: [  1.0167,   1.2167] 
	x366: [ -1.6369,  -1.4369] 
	x367: [  0.7188,   0.9188] 
	x368: [ -0.8580,  -0.6580] 
	x369: [ -1.0473,  -0.8473] 
	x370: [  0.0519,   0.2519] 
	x371: [  0.0117,   0.2117] 
	x372: [  4.1557,   4.3557] 
	x373: [ -2.4732,  -2.2732] 
	x374: [  1.7850,   1.9850] 
	x375: [  0.3038,   0.5038] 
	x376: [ -0.5779,  -0.3779] 
	x377: [  0.4627,   0.6627] 
	x378: [ -1.2076,  -1.0076] 
	x379: [ -1.3633,  -1.1633] 
	x380: [ -0.4158,  -0.2158] 
	x381: [ -2.1941,  -1.9941] 
	x382: [ -2.3092,  -2.1092] 
	x383: [ -0.2750,  -0.0750] 
	x384: [  1.0682,   1.2682] 
	x385: [  1.0038,   1.2038] 
	x386: [ -1.7669,  -1.5669] 
	x387: [  0.4538,   0.6538] 
	x388: [ -0.0599,   0.1401] 
	x389: [ -1.6932,  -1.4932] 
	x390: [  0.0373,   0.2373] 
	x391: [ -1.3244,  -1.1244] 
	x392: [ -0.3433,  -0.1433] 
	x393: [  0.8710,   1.0710] 
	x394: [ -0.0330,   0.1670] 
	x395: [  0.4602,   0.6602] 
	x396: [ -2.3336,  -2.1336] 
	x397: [ -1.8651,  -1.6651] 
	x398: [ -0.3811,  -0.1811] 
	x399: [  0.2415,   0.4415] 
	x400: [  0.7728,   0.9728] 
	x401: [ -2.2554,  -2.0554] 
	x402: [  0.7573,   0.9573] 
	x403: [  1.1088,   1.3088] 
	x404: [ -3.0652,  -2.8652] 
	x405: [  0.0824,   0.2824] 
	x406: [  1.5793,   1.7793] 
	x407: [ -0.6665,  -0.4665] 
	x408: [  1.1419,   1.3419] 
	x409: [ -2.0535,  -1.8535] 
	x410: [ -0.9790,  -0.7790] 
	x411: [  1.3620,   1.5620] 
	x412: [  0.5119,   0.7119] 
	x413: [  1.5897,   1.7897] 
	x414: [ -0.7719,  -0.5719] 
	x415: [ -1.3330,  -1.1330] 
	x416: [  0.4239,   0.6239] 
	x417: [  3.0214,   3.2214] 
	x418: [ -2.3575,  -2.1575] 
	x419: [  2.0763,   2.2763] 
	x420: [ -0.5363,  -0.3363] 
	x421: [ -2.0942,  -1.8942] 
	x422: [  0.5945,   0.7945] 
	x423: [ -0.1913,   0.0087] 
	x424: [  0.1108,   0.3108] 
	x425: [  1.0480,   1.2480] 
	x426: [ -1.3626,  -1.1626] 
	x427: [ -1.3821,  -1.1821] 
	x428: [ -2.5907,  -2.3907] 
	x429: [  0.3551,   0.5551] 
	x430: [ -0.4028,  -0.2028] 
	x431: [ -0.3157,  -0.1157] 
	x432: [  1.6745,   1.8745] 
	x433: [ -0.4127,  -0.2127] 
	x434: [  0.9157,   1.1157] 
	x435: [ -0.5248,  -0.3248] 
	x436: [ -3.6372,  -3.4372] 
	x437: [  0.0108,   0.2108] 
	x438: [ -1.7561,  -1.5561] 
	x439: [ -1.4612,  -1.2612] 
	x440: [ -2.6500,  -2.4500] 
	x441: [ -0.2432,  -0.0432] 
	x442: [ -0.2271,  -0.0271] 
	x443: [ -0.8044,  -0.6044] 
	x444: [  0.3613,   0.5613] 
	x445: [ -0.0958,   0.1042] 
	x446: [ -0.8421,  -0.6421] 
	x447: [  1.3811,   1.5811] 
	x448: [ -2.4626,  -2.2626] 
	x449: [  1.5505,   1.7505] 
	x450: [  1.0386,   1.2386] 
	x451: [  0.7717,   0.9717] 
	x452: [  0.2886,   0.4886] 
	x453: [ -2.0582,  -1.8582] 
	x454: [  1.5738,   1.7738] 
	x455: [ -0.8780,  -0.6780] 
	x456: [ -1.8932,  -1.6932] 
	x457: [ -1.4456,  -1.2456] 
	x458: [ -2.6353,  -2.4353] 
	x459: [ -2.9818,  -2.7818] 
	x460: [  2.9904,   3.1904] 
	x461: [ -0.1043,   0.0957] 
	x462: [ -0.6004,  -0.4004] 
	x463: [ -1.0975,  -0.8975] 
	x464: [ -0.8679,  -0.6679] 
	x465: [  1.0761,   1.2761] 
	x466: [ -0.5545,  -0.3545] 
	x467: [ -1.2541,  -1.0541] 
	x468: [  1.0032,   1.2032] 
	x469: [ -1.3825,  -1.1825] 
	x470: [  0.2751,   0.4751] 
	x471: [  0.8313,   1.0313] 
	x472: [ -0.5987,  -0.3987] 
	x473: [ -0.2737,  -0.0737] 
	x474: [ -2.3833,  -2.1833] 
	x475: [  0.8865,   1.0865] 
	x476: [ -1.1829,  -0.9829] 
	x477: [ -0.7177,  -0.5177] 
	x478: [  0.9281,   1.1281] 
	x479: [  4.4525,   4.6525] 
	x480: [  0.5583,   0.7583] 
	x481: [  1.8437,   2.0437] 
	x482: [  0.6482,   0.8482] 
	x483: [ -1.2730,  -1.0730] 
	x484: [ -2.2149,  -2.0149] 
	x485: [ -1.6203,  -1.4203] 
	x486: [  0.0048,   0.2048] 
	x487: [  0.2342,   0.4342] 
	x488: [ -0.8742,  -0.6742] 
	x489: [ -1.9234,  -1.7234] 
	x490: [  0.9212,   1.1212] 
	x491: [  3.2436,   3.4436] 
	x492: [  0.9828,   1.1828] 
	x493: [ -1.1115,  -0.9115] 
	x494: [ -1.3031,  -1.1031] 
	x495: [  1.2160,   1.4160] 
	x496: [  0.2930,   0.4930] 
	x497: [  2.7703,   2.9703] 
	x498: [ -0.6925,  -0.4925] 
	x499: [ -1.9682,  -1.7682] 
	x500: [ -0.5170,  -0.3170] 
	x501: [ -1.2475,  -1.0475] 
	x502: [ -1.3484,  -1.1484] 
	x503: [ -1.0910,  -0.8910] 
	x504: [  2.0864,   2.2864] 
	x505: [  2.1817,   2.3817] 
	x506: [  0.7523,   0.9523] 
	x507: [  2.3001,   2.5001] 
	x508: [ -2.6635,  -2.4635] 
	x509: [ -1.5507,  -1.3507] 
	x510: [ -2.1732,  -1.9732] 
	x511: [  0.7812,   0.9812] 

Branching heuristics set to PseudoImpact

Engine::solve: Initial statistics

00:28:26 Statistics update:
	--- Time Statistics ---
	Total time elapsed: 499 milli (00:00:00)
		Main loop: 0 milli (00:00:00)
		Preprocessing time: 201 milli (00:00:00)
		Unknown: 298 milli (00:00:00)
	Breakdown for main loop:
		[0.00%] Simplex steps: 0 milli
		[0.00%] Explicit-basis bound tightening: 0 milli
		[0.00%] Constraint-matrix bound tightening: 0 milli
		[0.00%] Degradation checking: 0 milli
		[0.00%] Precision restoration: 0 milli
		[0.00%] Statistics handling: 0 milli
		[0.00%] Constraint-fixing steps: 0 milli
		[0.00%] Valid case splits: 0 milli. Average per split: 0.00 milli
		[0.00%] Applying stored bound-tightening: 0 milli
		[0.00%] SMT core: 0 milli
		[0.00%] Symbolic Bound Tightening: 13 milli
		[0.00%] SoI-based local search: 0 milli
		[0.00%] SoI-based local search: 0 milli
		[0.00%] Unaccounted for: 0 milli
	--- Preprocessor Statistics ---
	Number of preprocessor bound-tightening loop iterations: 3
	Number of eliminated variables: 124
	Number of constraints removed due to variable elimination: 124
	Number of equations removed due to variable elimination: 0
	--- Engine Statistics ---
	Number of main loop iterations: 1
		0 iterations were simplex steps. Total time: 0 milli. Average: 0.00 milli.
		0 iterations were constraint-fixing steps. Total time: 0 milli. Average: 0.00 milli
	Number of active piecewise-linear constraints: 132 / 132
		Constraints disabled by valid splits: 0. By SMT-originated splits: 0
	Last reported degradation: 0.0000000000. Max degradation so far: 0.0000000000. Restorations so far: 0
	Number of simplex pivots we attempted to skip because of instability: 0.
	Unstable pivots performed anyway: 0
	--- Tableau Statistics ---
	Total number of pivots performed: 0
		Real pivots: 0. Degenerate: 0 (0.00%)
		Degenerate pivots by request (e.g., to fix a PL constraint): 0 (0.00%)
		Average time per pivot: 0.00 milli
	Total number of fake pivots performed: 0
	Total number of rows added: 0. Number of merged columns: 0
	Current tableau dimensions: M = 705, N = 2054
	--- SMT Core Statistics ---
	Total depth is 0. Total visited states: 1. Number of splits: 0. Number of pops: 0
	Max stack depth: 0
	--- Bound Tightening Statistics ---
	Number of tightened bounds: 0.
		Number of rows examined by row tightener: 0. Consequent tightenings: 0
		Number of explicit basis matrices examined by row tightener: 0. Consequent tightenings: 0
		Number of bound tightening rounds on the entire constraint matrix: 0. Consequent tightenings: 0
		Number of bound notifications sent to PL constraints: 792. Tightenings proposed: 0
	--- Basis Factorization statistics ---
	Number of basis refactorizations: 2
	--- Projected Steepest Edge Statistics ---
	Number of iterations: 0.
	Number of resets to reference space: 1. Avg. iterations per reset: 0
	--- SBT ---
	Number of tightened bounds: 385
	--- SoI-based local search ---
	Number of proposed phase pattern update: 0. Number of accepted update: 0 [0.00%]
	Total time (% of local search time) updating SoI phase pattern : 0 milli [0.00%]
	Total time obtaining current assignment: 0 milli [0.00%]
	Total time getting SoI phase pattern : 0 milli [0.00%]
	--- Context dependent statistics ---
	Number of pushes / pops: 0 / 0
		[0.00%] Pre-Push hook: 0 milli
		[0.00%] Push : 0 milli
		[0.00%] Post-Pop hook: 0 milli
		[0.00%] Pop : 0 milli
		[0.00%] Total context-switching time: 0 milli
	--- Proof Certificate ---
	Number of certified leaves: 0
	Number of leaves to delegate: 0

---

00:28:47 Statistics update:
	--- Time Statistics ---
	Total time elapsed: 20634 milli (00:00:20)
		Main loop: 19939 milli (00:00:19)
		Preprocessing time: 201 milli (00:00:00)
		Unknown: 494 milli (00:00:00)
	Breakdown for main loop:
		[67.76%] Simplex steps: 13510 milli
		[27.97%] Explicit-basis bound tightening: 5577 milli
		[0.00%] Constraint-matrix bound tightening: 0 milli
		[1.04%] Degradation checking: 207 milli
		[0.00%] Precision restoration: 0 milli
		[0.05%] Statistics handling: 9 milli
		[0.00%] Constraint-fixing steps: 0 milli
		[0.00%] Valid case splits: 0 milli. Average per split: 0.00 milli
		[0.00%] Applying stored bound-tightening: 0 milli
		[0.16%] SMT core: 32 milli
		[3.28%] Symbolic Bound Tightening: 654 milli
		[47.75%] SoI-based local search: 9521 milli
		[0.00%] SoI-based local search: 0 milli
		[92515624728658.19%] Unaccounted for: 0 milli
	--- Preprocessor Statistics ---
	Number of preprocessor bound-tightening loop iterations: 3
	Number of eliminated variables: 124
	Number of constraints removed due to variable elimination: 124
	Number of equations removed due to variable elimination: 0
	--- Engine Statistics ---
	Number of main loop iterations: 10000
		9875 iterations were simplex steps. Total time: 13510 milli. Average: 1.37 milli.
		0 iterations were constraint-fixing steps. Total time: 0 milli. Average: 0.00 milli
	Number of active piecewise-linear constraints: 103 / 132
		Constraints disabled by valid splits: 0. By SMT-originated splits: 29
	Last reported degradation: 0.0000000000. Max degradation so far: 0.0000055604. Restorations so far: 0
	Number of simplex pivots we attempted to skip because of instability: 0.
	Unstable pivots performed anyway: 0
	--- Tableau Statistics ---
	Total number of pivots performed: 8763
		Real pivots: 8749. Degenerate: 14 (0.16%)
		Degenerate pivots by request (e.g., to fix a PL constraint): 0 (0.00%)
		Average time per pivot: 0.31 milli
	Total number of fake pivots performed: 327
	Total number of rows added: 0. Number of merged columns: 0
	Current tableau dimensions: M = 705, N = 2054
	--- SMT Core Statistics ---
	Total depth is 29. Total visited states: 75. Number of splits: 51. Number of pops: 23
	Max stack depth: 37
	--- Bound Tightening Statistics ---
	Number of tightened bounds: 13245.
		Number of rows examined by row tightener: 8763. Consequent tightenings: 48
		Number of explicit basis matrices examined by row tightener: 23. Consequent tightenings: 300
		Number of bound tightening rounds on the entire constraint matrix: 0. Consequent tightenings: 0
		Number of bound notifications sent to PL constraints: 1767. Tightenings proposed: 0
	--- Basis Factorization statistics ---
	Number of basis refactorizations: 78
	--- Projected Steepest Edge Statistics ---
	Number of iterations: 9090.
	Number of resets to reference space: 32. Avg. iterations per reset: 284
	--- SBT ---
	Number of tightened bounds: 13630
	--- SoI-based local search ---
	Number of proposed phase pattern update: 338. Number of accepted update: 286 [84.62%]
	Total time (% of local search time) updating SoI phase pattern : 17808 milli [0.19%]
	Total time obtaining current assignment: 72233 milli [0.76%]
	Total time getting SoI phase pattern : 13505 milli [0.07%]
	--- Context dependent statistics ---
	Number of pushes / pops: 74 / 45
		[0.02%] Pre-Push hook: 4 milli
		[0.00%] Push : 0 milli
		[0.01%] Post-Pop hook: 1 milli
		[0.00%] Pop : 0 milli
		[0.04%] Total context-switching time: 7 milli
	--- Proof Certificate ---
	Number of certified leaves: 0
	Number of leaves to delegate: 0

00:29:13 Statistics update:
	--- Time Statistics ---
	Total time elapsed: 47028 milli (00:00:47)
		Main loop: 46523 milli (00:00:46)
		Preprocessing time: 201 milli (00:00:00)
		Unknown: 303 milli (00:00:00)
	Breakdown for main loop:
		[58.62%] Simplex steps: 27272 milli
		[34.35%] Explicit-basis bound tightening: 15979 milli
		[0.00%] Constraint-matrix bound tightening: 0 milli
		[0.89%] Degradation checking: 414 milli
		[0.00%] Precision restoration: 0 milli
		[0.04%] Statistics handling: 19 milli
		[0.00%] Constraint-fixing steps: 0 milli
		[0.00%] Valid case splits: 0 milli. Average per split: 0.00 milli
		[0.00%] Applying stored bound-tightening: 1 milli
		[0.17%] SMT core: 76 milli
		[2.68%] Symbolic Bound Tightening: 1248 milli
		[35.65%] SoI-based local search: 16584 milli
		[0.00%] SoI-based local search: 0 milli
		[3.25%] Unaccounted for: 1509 milli
	--- Preprocessor Statistics ---
	Number of preprocessor bound-tightening loop iterations: 3
	Number of eliminated variables: 124
	Number of constraints removed due to variable elimination: 124
	Number of equations removed due to variable elimination: 0
	--- Engine Statistics ---
	Number of main loop iterations: 20000
		19774 iterations were simplex steps. Total time: 27272 milli. Average: 1.38 milli.
		0 iterations were constraint-fixing steps. Total time: 0 milli. Average: 0.00 milli
	Number of active piecewise-linear constraints: 98 / 132
		Constraints disabled by valid splits: 0. By SMT-originated splits: 34
	Last reported degradation: 0.0000000000. Max degradation so far: 0.0046834676. Restorations so far: 0
	Number of simplex pivots we attempted to skip because of instability: 17.
	Unstable pivots performed anyway: 0
	--- Tableau Statistics ---
	Total number of pivots performed: 17768
		Real pivots: 17741. Degenerate: 27 (0.15%)
		Degenerate pivots by request (e.g., to fix a PL constraint): 0 (0.00%)
		Average time per pivot: 0.33 milli
	Total number of fake pivots performed: 599
	Total number of rows added: 0. Number of merged columns: 0
	Current tableau dimensions: M = 705, N = 2054
	--- SMT Core Statistics ---
	Total depth is 34. Total visited states: 144. Number of splits: 88. Number of pops: 55
	Max stack depth: 38
	--- Bound Tightening Statistics ---
	Number of tightened bounds: 25353.
		Number of rows examined by row tightener: 17768. Consequent tightenings: 240
		Number of explicit basis matrices examined by row tightener: 70. Consequent tightenings: 760
		Number of bound tightening rounds on the entire constraint matrix: 0. Consequent tightenings: 0
		Number of bound notifications sent to PL constraints: 2431. Tightenings proposed: 0
	--- Basis Factorization statistics ---
	Number of basis refactorizations: 160
	--- Projected Steepest Edge Statistics ---
	Number of iterations: 18384.
	Number of resets to reference space: 70. Avg. iterations per reset: 262
	--- SBT ---
	Number of tightened bounds: 25738
	--- SoI-based local search ---
	Number of proposed phase pattern update: 598. Number of accepted update: 510 [85.28%]
	Total time (% of local search time) updating SoI phase pattern : 33094 milli [0.20%]
	Total time obtaining current assignment: 134743 milli [0.81%]
	Total time getting SoI phase pattern : 23455 milli [0.05%]
	--- Context dependent statistics ---
	Number of pushes / pops: 143 / 109
		[0.01%] Pre-Push hook: 6 milli
		[0.00%] Push : 0 milli
		[0.01%] Post-Pop hook: 4 milli
		[0.01%] Pop : 3 milli
		[0.03%] Total context-switching time: 14 milli
	--- Proof Certificate ---
	Number of certified leaves: 0
	Number of leaves to delegate: 0
High degradation found!
Performing precision restoration. Degradation before: 0.379487815186833. After: 0.000000000003015

00:29:45 Statistics update:
	--- Time Statistics ---
	Total time elapsed: 79456 milli (00:01:19)
		Main loop: 78951 milli (00:01:18)
		Preprocessing time: 201 milli (00:00:00)
		Unknown: 304 milli (00:00:00)
	Breakdown for main loop:
		[52.85%] Simplex steps: 41728 milli
		[39.59%] Explicit-basis bound tightening: 31259 milli
		[0.00%] Constraint-matrix bound tightening: 0 milli
		[0.77%] Degradation checking: 610 milli
		[0.47%] Precision restoration: 369 milli
		[0.04%] Statistics handling: 29 milli
		[0.00%] Constraint-fixing steps: 0 milli
		[0.00%] Valid case splits: 2 milli. Average per split: 0.00 milli
		[0.00%] Applying stored bound-tightening: 1 milli
		[0.18%] SMT core: 139 milli
		[2.37%] Symbolic Bound Tightening: 1870 milli
		[28.67%] SoI-based local search: 22634 milli
		[0.00%] SoI-based local search: 0 milli
		[3.72%] Unaccounted for: 2940 milli
	--- Preprocessor Statistics ---
	Number of preprocessor bound-tightening loop iterations: 3
	Number of eliminated variables: 124
	Number of constraints removed due to variable elimination: 124
	Number of equations removed due to variable elimination: 0
	--- Engine Statistics ---
	Number of main loop iterations: 30000
		29674 iterations were simplex steps. Total time: 41728 milli. Average: 1.41 milli.
		0 iterations were constraint-fixing steps. Total time: 0 milli. Average: 0.00 milli
	Number of active piecewise-linear constraints: 110 / 132
		Constraints disabled by valid splits: 0. By SMT-originated splits: 22
	Last reported degradation: 0.0000004337. Max degradation so far: 0.3794878152. Restorations so far: 1
	Number of simplex pivots we attempted to skip because of instability: 17.
	Unstable pivots performed anyway: 0
	--- Tableau Statistics ---
	Total number of pivots performed: 26759
		Real pivots: 26718. Degenerate: 41 (0.15%)
		Degenerate pivots by request (e.g., to fix a PL constraint): 0 (0.00%)
		Average time per pivot: 0.33 milli
	Total number of fake pivots performed: 951
	Total number of rows added: 0. Number of merged columns: 0
	Current tableau dimensions: M = 705, N = 2054
	--- SMT Core Statistics ---
	Total depth is 22. Total visited states: 215. Number of splits: 117. Number of pops: 97
	Max stack depth: 38
	--- Bound Tightening Statistics ---
	Number of tightened bounds: 38494.
		Number of rows examined by row tightener: 26759. Consequent tightenings: 432
		Number of explicit basis matrices examined by row tightener: 132. Consequent tightenings: 2662
		Number of bound tightening rounds on the entire constraint matrix: 0. Consequent tightenings: 0
		Number of bound notifications sent to PL constraints: 4037. Tightenings proposed: 0
	--- Basis Factorization statistics ---
	Number of basis refactorizations: 241
	--- Projected Steepest Edge Statistics ---
	Number of iterations: 27727.
	Number of resets to reference space: 119. Avg. iterations per reset: 233
	--- SBT ---
	Number of tightened bounds: 38879
	--- SoI-based local search ---
	Number of proposed phase pattern update: 834. Number of accepted update: 715 [85.73%]
	Total time (% of local search time) updating SoI phase pattern : 46988 milli [0.21%]
	Total time obtaining current assignment: 191005 milli [0.84%]
	Total time getting SoI phase pattern : 32174 milli [0.04%]
	--- Context dependent statistics ---
	Number of pushes / pops: 214 / 192
		[0.01%] Pre-Push hook: 9 milli
		[0.00%] Push : 0 milli
		[0.01%] Post-Pop hook: 7 milli
		[0.01%] Pop : 7 milli
		[0.03%] Total context-switching time: 24 milli
	--- Proof Certificate ---
	Number of certified leaves: 0
	Number of leaves to delegate: 0

00:30:14 Statistics update:
	--- Time Statistics ---
	Total time elapsed: 107730 milli (00:01:47)
		Main loop: 107222 milli (00:01:47)
		Preprocessing time: 201 milli (00:00:00)
		Unknown: 306 milli (00:00:00)
	Breakdown for main loop:
		[52.82%] Simplex steps: 56631 milli
		[39.36%] Explicit-basis bound tightening: 42204 milli
		[0.00%] Constraint-matrix bound tightening: 0 milli
		[0.75%] Degradation checking: 799 milli
		[0.34%] Precision restoration: 369 milli
		[0.04%] Statistics handling: 39 milli
		[0.00%] Constraint-fixing steps: 0 milli
		[0.00%] Valid case splits: 2 milli. Average per split: 0.00 milli
		[0.00%] Applying stored bound-tightening: 1 milli
		[0.18%] SMT core: 193 milli
		[2.38%] Symbolic Bound Tightening: 2557 milli
		[29.19%] SoI-based local search: 31293 milli
		[0.00%] SoI-based local search: 0 milli
		[4.13%] Unaccounted for: 4423 milli
	--- Preprocessor Statistics ---
	Number of preprocessor bound-tightening loop iterations: 3
	Number of eliminated variables: 124
	Number of constraints removed due to variable elimination: 124
	Number of equations removed due to variable elimination: 0
	--- Engine Statistics ---
	Number of main loop iterations: 40000
		39560 iterations were simplex steps. Total time: 56631 milli. Average: 1.43 milli.
		0 iterations were constraint-fixing steps. Total time: 0 milli. Average: 0.00 milli
	Number of active piecewise-linear constraints: 103 / 132
		Constraints disabled by valid splits: 0. By SMT-originated splits: 29
	Last reported degradation: 0.0000026658. Max degradation so far: 0.3794878152. Restorations so far: 1
	Number of simplex pivots we attempted to skip because of instability: 17.
	Unstable pivots performed anyway: 0
	--- Tableau Statistics ---
	Total number of pivots performed: 35596
		Real pivots: 35548. Degenerate: 48 (0.13%)
		Degenerate pivots by request (e.g., to fix a PL constraint): 0 (0.00%)
		Average time per pivot: 0.33 milli
	Total number of fake pivots performed: 1221
	Total number of rows added: 0. Number of merged columns: 0
	Current tableau dimensions: M = 705, N = 2054
	--- SMT Core Statistics ---
	Total depth is 29. Total visited states: 295. Number of splits: 160. Number of pops: 134
	Max stack depth: 38
	--- Bound Tightening Statistics ---
	Number of tightened bounds: 52215.
		Number of rows examined by row tightener: 35596. Consequent tightenings: 657
		Number of explicit basis matrices examined by row tightener: 177. Consequent tightenings: 3192
		Number of bound tightening rounds on the entire constraint matrix: 0. Consequent tightenings: 0
		Number of bound notifications sent to PL constraints: 4819. Tightenings proposed: 0
	--- Basis Factorization statistics ---
	Number of basis refactorizations: 319
	--- Projected Steepest Edge Statistics ---
	Number of iterations: 36834.
	Number of resets to reference space: 161. Avg. iterations per reset: 228
	--- SBT ---
	Number of tightened bounds: 52600
	--- SoI-based local search ---
	Number of proposed phase pattern update: 1171. Number of accepted update: 1009 [86.17%]
	Total time (% of local search time) updating SoI phase pattern : 62713 milli [0.20%]
	Total time obtaining current assignment: 272258 milli [0.87%]
	Total time getting SoI phase pattern : 44706 milli [0.04%]
	--- Context dependent statistics ---
	Number of pushes / pops: 294 / 265
		[0.01%] Pre-Push hook: 12 milli
		[0.00%] Push : 0 milli
		[0.01%] Post-Pop hook: 9 milli
		[0.01%] Pop : 10 milli
		[0.03%] Total context-switching time: 32 milli
	--- Proof Certificate ---
	Number of certified leaves: 0
	Number of leaves to delegate: 0

00:30:48 Statistics update:
	--- Time Statistics ---
	Total time elapsed: 141789 milli (00:02:21)
		Main loop: 141279 milli (00:02:21)
		Preprocessing time: 201 milli (00:00:00)
		Unknown: 309 milli (00:00:00)
	Breakdown for main loop:
		[50.35%] Simplex steps: 71139 milli
		[42.09%] Explicit-basis bound tightening: 59458 milli
		[0.00%] Constraint-matrix bound tightening: 0 milli
		[0.70%] Degradation checking: 989 milli
		[0.26%] Precision restoration: 369 milli
		[0.03%] Statistics handling: 49 milli
		[0.00%] Constraint-fixing steps: 0 milli
		[0.00%] Valid case splits: 3 milli. Average per split: 0.00 milli
		[0.00%] Applying stored bound-tightening: 2 milli
		[0.17%] SMT core: 242 milli
		[2.22%] Symbolic Bound Tightening: 3138 milli
		[26.22%] SoI-based local search: 37040 milli
		[0.00%] SoI-based local search: 0 milli
		[4.17%] Unaccounted for: 5886 milli
	--- Preprocessor Statistics ---
	Number of preprocessor bound-tightening loop iterations: 3
	Number of eliminated variables: 124
	Number of constraints removed due to variable elimination: 124
	Number of equations removed due to variable elimination: 0
	--- Engine Statistics ---
	Number of main loop iterations: 50000
		49479 iterations were simplex steps. Total time: 71139 milli. Average: 1.44 milli.
		0 iterations were constraint-fixing steps. Total time: 0 milli. Average: 0.00 milli
	Number of active piecewise-linear constraints: 106 / 132
		Constraints disabled by valid splits: 0. By SMT-originated splits: 26
	Last reported degradation: 0.0000017530. Max degradation so far: 0.3794878152. Restorations so far: 1
	Number of simplex pivots we attempted to skip because of instability: 17.
	Unstable pivots performed anyway: 0
	--- Tableau Statistics ---
	Total number of pivots performed: 44572
		Real pivots: 44520. Degenerate: 52 (0.12%)
		Degenerate pivots by request (e.g., to fix a PL constraint): 0 (0.00%)
		Average time per pivot: 0.33 milli
	Total number of fake pivots performed: 1522
	Total number of rows added: 0. Number of merged columns: 0
	Current tableau dimensions: M = 705, N = 2054
	--- SMT Core Statistics ---
	Total depth is 26. Total visited states: 363. Number of splits: 193. Number of pops: 169
	Max stack depth: 38
	--- Bound Tightening Statistics ---
	Number of tightened bounds: 63301.
		Number of rows examined by row tightener: 44572. Consequent tightenings: 833
		Number of explicit basis matrices examined by row tightener: 245. Consequent tightenings: 4641
		Number of bound tightening rounds on the entire constraint matrix: 0. Consequent tightenings: 0
		Number of bound notifications sent to PL constraints: 6013. Tightenings proposed: 0
	--- Basis Factorization statistics ---
	Number of basis refactorizations: 400
	--- Projected Steepest Edge Statistics ---
	Number of iterations: 46111.
	Number of resets to reference space: 198. Avg. iterations per reset: 232
	--- SBT ---
	Number of tightened bounds: 63686
	--- SoI-based local search ---
	Number of proposed phase pattern update: 1437. Number of accepted update: 1242 [86.43%]
	Total time (% of local search time) updating SoI phase pattern : 75220 milli [0.20%]
	Total time obtaining current assignment: 334779 milli [0.90%]
	Total time getting SoI phase pattern : 54738 milli [0.04%]
	--- Context dependent statistics ---
	Number of pushes / pops: 362 / 336
		[0.01%] Pre-Push hook: 15 milli
		[0.00%] Push : 0 milli
		[0.01%] Post-Pop hook: 12 milli
		[0.01%] Pop : 12 milli
		[0.03%] Total context-switching time: 39 milli
	--- Proof Certificate ---
	Number of certified leaves: 0
	Number of leaves to delegate: 0

00:31:14 Statistics update:
	--- Time Statistics ---
	Total time elapsed: 168063 milli (00:02:48)
		Main loop: 167312 milli (00:02:47)
		Preprocessing time: 201 milli (00:00:00)
		Unknown: 550 milli (00:00:00)
	Breakdown for main loop:
		[51.33%] Simplex steps: 85883 milli
		[41.57%] Explicit-basis bound tightening: 69557 milli
		[0.00%] Constraint-matrix bound tightening: 0 milli
		[0.71%] Degradation checking: 1179 milli
		[0.22%] Precision restoration: 369 milli
		[0.04%] Statistics handling: 59 milli
		[0.00%] Constraint-fixing steps: 0 milli
		[0.00%] Valid case splits: 4 milli. Average per split: 0.00 milli
		[0.00%] Applying stored bound-tightening: 2 milli
		[0.17%] SMT core: 278 milli
		[2.18%] Symbolic Bound Tightening: 3650 milli
		[26.76%] SoI-based local search: 44775 milli
		[0.00%] SoI-based local search: 0 milli
		[3.78%] Unaccounted for: 6325 milli
	--- Preprocessor Statistics ---
	Number of preprocessor bound-tightening loop iterations: 3
	Number of eliminated variables: 124
	Number of constraints removed due to variable elimination: 124
	Number of equations removed due to variable elimination: 0
	--- Engine Statistics ---
	Number of main loop iterations: 60000
		59392 iterations were simplex steps. Total time: 85883 milli. Average: 1.45 milli.
		0 iterations were constraint-fixing steps. Total time: 0 milli. Average: 0.00 milli
	Number of active piecewise-linear constraints: 98 / 132
		Constraints disabled by valid splits: 0. By SMT-originated splits: 34
	Last reported degradation: 0.0000000000. Max degradation so far: 0.3794878152. Restorations so far: 1
	Number of simplex pivots we attempted to skip because of instability: 17.
	Unstable pivots performed anyway: 0
	--- Tableau Statistics ---
	Total number of pivots performed: 53403
		Real pivots: 53342. Degenerate: 61 (0.11%)
		Degenerate pivots by request (e.g., to fix a PL constraint): 0 (0.00%)
		Average time per pivot: 0.34 milli
	Total number of fake pivots performed: 1930
	Total number of rows added: 0. Number of merged columns: 0
	Current tableau dimensions: M = 705, N = 2054
	--- SMT Core Statistics ---
	Total depth is 34. Total visited states: 423. Number of splits: 227. Number of pops: 195
	Max stack depth: 38
	--- Bound Tightening Statistics ---
	Number of tightened bounds: 73789.
		Number of rows examined by row tightener: 53403. Consequent tightenings: 1161
		Number of explicit basis matrices examined by row tightener: 284. Consequent tightenings: 5229
		Number of bound tightening rounds on the entire constraint matrix: 0. Consequent tightenings: 0
		Number of bound notifications sent to PL constraints: 6856. Tightenings proposed: 0
	--- Basis Factorization statistics ---
	Number of basis refactorizations: 479
	--- Projected Steepest Edge Statistics ---
	Number of iterations: 55350.
	Number of resets to reference space: 227. Avg. iterations per reset: 243
	--- SBT ---
	Number of tightened bounds: 74174
	--- SoI-based local search ---
	Number of proposed phase pattern update: 1721. Number of accepted update: 1491 [86.64%]
	Total time (% of local search time) updating SoI phase pattern : 90448 milli [0.20%]
	Total time obtaining current assignment: 402065 milli [0.90%]
	Total time getting SoI phase pattern : 65393 milli [0.04%]
	--- Context dependent statistics ---
	Number of pushes / pops: 422 / 388
		[0.01%] Pre-Push hook: 17 milli
		[0.00%] Push : 0 milli
		[0.01%] Post-Pop hook: 13 milli
		[0.01%] Pop : 14 milli
		[0.03%] Total context-switching time: 45 milli
	--- Proof Certificate ---
	Number of certified leaves: 0
	Number of leaves to delegate: 0

00:31:47 Statistics update:
	--- Time Statistics ---
	Total time elapsed: 201221 milli (00:03:21)
		Main loop: 200537 milli (00:03:20)
		Preprocessing time: 201 milli (00:00:00)
		Unknown: 482 milli (00:00:00)
	Breakdown for main loop:
		[49.99%] Simplex steps: 100249 milli
		[42.62%] Explicit-basis bound tightening: 85474 milli
		[0.00%] Constraint-matrix bound tightening: 0 milli
		[0.68%] Degradation checking: 1372 milli
		[0.18%] Precision restoration: 369 milli
		[0.03%] Statistics handling: 69 milli
		[0.00%] Constraint-fixing steps: 0 milli
		[0.00%] Valid case splits: 5 milli. Average per split: 0.00 milli
		[0.00%] Applying stored bound-tightening: 3 milli
		[0.17%] SMT core: 336 milli
		[2.12%] Symbolic Bound Tightening: 4258 milli
		[24.69%] SoI-based local search: 49513 milli
		[0.00%] SoI-based local search: 0 milli
		[4.19%] Unaccounted for: 8398 milli
	--- Preprocessor Statistics ---
	Number of preprocessor bound-tightening loop iterations: 3
	Number of eliminated variables: 124
	Number of constraints removed due to variable elimination: 124
	Number of equations removed due to variable elimination: 0
	--- Engine Statistics ---
	Number of main loop iterations: 70000
		69309 iterations were simplex steps. Total time: 100249 milli. Average: 1.45 milli.
		0 iterations were constraint-fixing steps. Total time: 0 milli. Average: 0.00 milli
	Number of active piecewise-linear constraints: 111 / 132
		Constraints disabled by valid splits: 0. By SMT-originated splits: 21
	Last reported degradation: 0.0000000000. Max degradation so far: 0.3794878152. Restorations so far: 1
	Number of simplex pivots we attempted to skip because of instability: 22.
	Unstable pivots performed anyway: 0
	--- Tableau Statistics ---
	Total number of pivots performed: 62413
		Real pivots: 62342. Degenerate: 71 (0.11%)
		Degenerate pivots by request (e.g., to fix a PL constraint): 0 (0.00%)
		Average time per pivot: 0.33 milli
	Total number of fake pivots performed: 2359
	Total number of rows added: 0. Number of merged columns: 0
	Current tableau dimensions: M = 705, N = 2054
	--- SMT Core Statistics ---
	Total depth is 21. Total visited states: 494. Number of splits: 256. Number of pops: 237
	Max stack depth: 38
	--- Bound Tightening Statistics ---
	Number of tightened bounds: 86319.
		Number of rows examined by row tightener: 62413. Consequent tightenings: 3831
		Number of explicit basis matrices examined by row tightener: 349. Consequent tightenings: 6721
		Number of bound tightening rounds on the entire constraint matrix: 0. Consequent tightenings: 0
		Number of bound notifications sent to PL constraints: 9023. Tightenings proposed: 0
	--- Basis Factorization statistics ---
	Number of basis refactorizations: 560
	--- Projected Steepest Edge Statistics ---
	Number of iterations: 64794.
	Number of resets to reference space: 277. Avg. iterations per reset: 233
	--- SBT ---
	Number of tightened bounds: 86704
	--- SoI-based local search ---
	Number of proposed phase pattern update: 1909. Number of accepted update: 1651 [86.49%]
	Total time (% of local search time) updating SoI phase pattern : 102448 milli [0.21%]
	Total time obtaining current assignment: 447337 milli [0.90%]
	Total time getting SoI phase pattern : 72999 milli [0.04%]
	--- Context dependent statistics ---
	Number of pushes / pops: 493 / 472
		[0.01%] Pre-Push hook: 19 milli
		[0.00%] Push : 0 milli
		[0.01%] Post-Pop hook: 16 milli
		[0.01%] Pop : 17 milli
		[0.03%] Total context-switching time: 53 milli
	--- Proof Certificate ---
	Number of certified leaves: 0
	Number of leaves to delegate: 0

00:32:16 Statistics update:
	--- Time Statistics ---
	Total time elapsed: 230197 milli (00:03:50)
		Main loop: 229679 milli (00:03:49)
		Preprocessing time: 201 milli (00:00:00)
		Unknown: 316 milli (00:00:00)
	Breakdown for main loop:
		[49.99%] Simplex steps: 114810 milli
		[42.45%] Explicit-basis bound tightening: 97500 milli
		[0.00%] Constraint-matrix bound tightening: 0 milli
		[0.68%] Degradation checking: 1563 milli
		[0.16%] Precision restoration: 369 milli
		[0.03%] Statistics handling: 79 milli
		[0.00%] Constraint-fixing steps: 0 milli
		[0.00%] Valid case splits: 6 milli. Average per split: 0.00 milli
		[0.00%] Applying stored bound-tightening: 3 milli
		[0.17%] SMT core: 388 milli
		[2.14%] Symbolic Bound Tightening: 4909 milli
		[24.62%] SoI-based local search: 56548 milli
		[0.00%] SoI-based local search: 0 milli
		[4.38%] Unaccounted for: 10048 milli
	--- Preprocessor Statistics ---
	Number of preprocessor bound-tightening loop iterations: 3
	Number of eliminated variables: 124
	Number of constraints removed due to variable elimination: 124
	Number of equations removed due to variable elimination: 0
	--- Engine Statistics ---
	Number of main loop iterations: 80000
		79197 iterations were simplex steps. Total time: 114810 milli. Average: 1.45 milli.
		0 iterations were constraint-fixing steps. Total time: 0 milli. Average: 0.00 milli
	Number of active piecewise-linear constraints: 106 / 132
		Constraints disabled by valid splits: 0. By SMT-originated splits: 26
	Last reported degradation: 0.0000000000. Max degradation so far: 0.3794878152. Restorations so far: 1
	Number of simplex pivots we attempted to skip because of instability: 22.
	Unstable pivots performed anyway: 0
	--- Tableau Statistics ---
	Total number of pivots performed: 71170
		Real pivots: 71089. Degenerate: 81 (0.11%)
		Degenerate pivots by request (e.g., to fix a PL constraint): 0 (0.00%)
		Average time per pivot: 0.33 milli
	Total number of fake pivots performed: 2871
	Total number of rows added: 0. Number of merged columns: 0
	Current tableau dimensions: M = 705, N = 2054
	--- SMT Core Statistics ---
	Total depth is 26. Total visited states: 570. Number of splits: 296. Number of pops: 273
	Max stack depth: 38
	--- Bound Tightening Statistics ---
	Number of tightened bounds: 98465.
		Number of rows examined by row tightener: 71170. Consequent tightenings: 3982
		Number of explicit basis matrices examined by row tightener: 398. Consequent tightenings: 7204
		Number of bound tightening rounds on the entire constraint matrix: 0. Consequent tightenings: 0
		Number of bound notifications sent to PL constraints: 9633. Tightenings proposed: 0
	--- Basis Factorization statistics ---
	Number of basis refactorizations: 635
	--- Projected Steepest Edge Statistics ---
	Number of iterations: 74063.
	Number of resets to reference space: 315. Avg. iterations per reset: 235
	--- SBT ---
	Number of tightened bounds: 98850
	--- SoI-based local search ---
	Number of proposed phase pattern update: 2170. Number of accepted update: 1872 [86.27%]
	Total time (% of local search time) updating SoI phase pattern : 118068 milli [0.21%]
	Total time obtaining current assignment: 510107 milli [0.90%]
	Total time getting SoI phase pattern : 83511 milli [0.04%]
	--- Context dependent statistics ---
	Number of pushes / pops: 569 / 543
		[0.01%] Pre-Push hook: 22 milli
		[0.00%] Push : 0 milli
		[0.01%] Post-Pop hook: 19 milli
		[0.01%] Pop : 19 milli
		[0.03%] Total context-switching time: 61 milli
	--- Proof Certificate ---
	Number of certified leaves: 0
	Number of leaves to delegate: 0

00:32:48 Statistics update:
	--- Time Statistics ---
	Total time elapsed: 261681 milli (00:04:21)
		Main loop: 261160 milli (00:04:21)
		Preprocessing time: 201 milli (00:00:00)
		Unknown: 319 milli (00:00:00)
	Breakdown for main loop:
		[49.43%] Simplex steps: 129094 milli
		[42.90%] Explicit-basis bound tightening: 112039 milli
		[0.00%] Constraint-matrix bound tightening: 0 milli
		[0.67%] Degradation checking: 1756 milli
		[0.14%] Precision restoration: 369 milli
		[0.03%] Statistics handling: 89 milli
		[0.00%] Constraint-fixing steps: 0 milli
		[0.00%] Valid case splits: 6 milli. Average per split: 0.00 milli
		[0.00%] Applying stored bound-tightening: 4 milli
		[0.17%] SMT core: 444 milli
		[2.13%] Symbolic Bound Tightening: 5561 milli
		[23.64%] SoI-based local search: 61740 milli
		[0.00%] SoI-based local search: 0 milli
		[4.52%] Unaccounted for: 11793 milli
	--- Preprocessor Statistics ---
	Number of preprocessor bound-tightening loop iterations: 3
	Number of eliminated variables: 124
	Number of constraints removed due to variable elimination: 124
	Number of equations removed due to variable elimination: 0
	--- Engine Statistics ---
	Number of main loop iterations: 90000
		89107 iterations were simplex steps. Total time: 129094 milli. Average: 1.45 milli.
		0 iterations were constraint-fixing steps. Total time: 0 milli. Average: 0.00 milli
	Number of active piecewise-linear constraints: 108 / 132
		Constraints disabled by valid splits: 0. By SMT-originated splits: 24
	Last reported degradation: 0.0018241244. Max degradation so far: 0.3794878152. Restorations so far: 1
	Number of simplex pivots we attempted to skip because of instability: 27.
	Unstable pivots performed anyway: 0
	--- Tableau Statistics ---
	Total number of pivots performed: 80025
		Real pivots: 79934. Degenerate: 91 (0.11%)
		Degenerate pivots by request (e.g., to fix a PL constraint): 0 (0.00%)
		Average time per pivot: 0.33 milli
	Total number of fake pivots performed: 3232
	Total number of rows added: 0. Number of merged columns: 0
	Current tableau dimensions: M = 705, N = 2054
	--- SMT Core Statistics ---
	Total depth is 24. Total visited states: 646. Number of splits: 333. Number of pops: 312
	Max stack depth: 38
	--- Bound Tightening Statistics ---
	Number of tightened bounds: 109516.
		Number of rows examined by row tightener: 80025. Consequent tightenings: 4236
		Number of explicit basis matrices examined by row tightener: 457. Consequent tightenings: 7955
		Number of bound tightening rounds on the entire constraint matrix: 0. Consequent tightenings: 0
		Number of bound notifications sent to PL constraints: 10601. Tightenings proposed: 0
	--- Basis Factorization statistics ---
	Number of basis refactorizations: 713
	--- Projected Steepest Edge Statistics ---
	Number of iterations: 83284.
	Number of resets to reference space: 358. Avg. iterations per reset: 232
	--- SBT ---
	Number of tightened bounds: 109901
	--- SoI-based local search ---
	Number of proposed phase pattern update: 2453. Number of accepted update: 2118 [86.34%]
	Total time (% of local search time) updating SoI phase pattern : 132240 milli [0.21%]
	Total time obtaining current assignment: 576256 milli [0.93%]
	Total time getting SoI phase pattern : 94554 milli [0.04%]
	--- Context dependent statistics ---
	Number of pushes / pops: 645 / 621
		[0.01%] Pre-Push hook: 25 milli
		[0.00%] Push : 0 milli
		[0.01%] Post-Pop hook: 21 milli
		[0.01%] Pop : 22 milli
		[0.03%] Total context-switching time: 69 milli
	--- Proof Certificate ---
	Number of certified leaves: 0
	Number of leaves to delegate: 0

00:33:11 Statistics update:
	--- Time Statistics ---
	Total time elapsed: 285303 milli (00:04:45)
		Main loop: 284780 milli (00:04:44)
		Preprocessing time: 201 milli (00:00:00)
		Unknown: 321 milli (00:00:00)
	Breakdown for main loop:
		[50.70%] Simplex steps: 144389 milli
		[41.67%] Explicit-basis bound tightening: 118671 milli
		[0.00%] Constraint-matrix bound tightening: 0 milli
		[0.68%] Degradation checking: 1949 milli
		[0.13%] Precision restoration: 369 milli
		[0.03%] Statistics handling: 99 milli
		[0.00%] Constraint-fixing steps: 0 milli
		[0.00%] Valid case splits: 7 milli. Average per split: 0.00 milli
		[0.00%] Applying stored bound-tightening: 4 milli
		[0.17%] SMT core: 496 milli
		[2.20%] Symbolic Bound Tightening: 6257 milli
		[25.42%] SoI-based local search: 72378 milli
		[0.00%] SoI-based local search: 0 milli
		[4.40%] Unaccounted for: 12535 milli
	--- Preprocessor Statistics ---
	Number of preprocessor bound-tightening loop iterations: 3
	Number of eliminated variables: 124
	Number of constraints removed due to variable elimination: 124
	Number of equations removed due to variable elimination: 0
	--- Engine Statistics ---
	Number of main loop iterations: 100000
		98992 iterations were simplex steps. Total time: 144389 milli. Average: 1.46 milli.
		0 iterations were constraint-fixing steps. Total time: 0 milli. Average: 0.00 milli
	Number of active piecewise-linear constraints: 101 / 132
		Constraints disabled by valid splits: 0. By SMT-originated splits: 31
	Last reported degradation: 0.0000000000. Max degradation so far: 0.3794878152. Restorations so far: 1
	Number of simplex pivots we attempted to skip because of instability: 32.
	Unstable pivots performed anyway: 0
	--- Tableau Statistics ---
	Total number of pivots performed: 88860
		Real pivots: 88767. Degenerate: 93 (0.10%)
		Degenerate pivots by request (e.g., to fix a PL constraint): 0 (0.00%)
		Average time per pivot: 0.33 milli
	Total number of fake pivots performed: 3424
	Total number of rows added: 0. Number of merged columns: 0
	Current tableau dimensions: M = 705, N = 2054
	--- SMT Core Statistics ---
	Total depth is 31. Total visited states: 727. Number of splits: 377. Number of pops: 349
	Max stack depth: 38
	--- Bound Tightening Statistics ---
	Number of tightened bounds: 123960.
		Number of rows examined by row tightener: 88860. Consequent tightenings: 4291
		Number of explicit basis matrices examined by row tightener: 483. Consequent tightenings: 8123
		Number of bound tightening rounds on the entire constraint matrix: 0. Consequent tightenings: 0
		Number of bound notifications sent to PL constraints: 10883. Tightenings proposed: 0
	--- Basis Factorization statistics ---
	Number of basis refactorizations: 792
	--- Projected Steepest Edge Statistics ---
	Number of iterations: 92316.
	Number of resets to reference space: 400. Avg. iterations per reset: 230
	--- SBT ---
	Number of tightened bounds: 124345
	--- SoI-based local search ---
	Number of proposed phase pattern update: 2829. Number of accepted update: 2450 [86.60%]
	Total time (% of local search time) updating SoI phase pattern : 148059 milli [0.20%]
	Total time obtaining current assignment: 665672 milli [0.92%]
	Total time getting SoI phase pattern : 108756 milli [0.04%]
	--- Context dependent statistics ---
	Number of pushes / pops: 726 / 695
		[0.01%] Pre-Push hook: 28 milli
		[0.00%] Push : 0 milli
		[0.01%] Post-Pop hook: 23 milli
		[0.01%] Pop : 24 milli
		[0.03%] Total context-switching time: 76 milli
	--- Proof Certificate ---
	Number of certified leaves: 0
	Number of leaves to delegate: 0


Engine: quitting due to timeout...

Final statistics:

00:33:27 Statistics update:
	--- Time Statistics ---
	Total time elapsed: 301147 milli (00:05:01)
		Main loop: 300624 milli (00:05:00)
		Preprocessing time: 201 milli (00:00:00)
		Unknown: 322 milli (00:00:00)
	Breakdown for main loop:
		[51.15%] Simplex steps: 153756 milli
		[41.12%] Explicit-basis bound tightening: 123613 milli
		[0.00%] Constraint-matrix bound tightening: 0 milli
		[0.69%] Degradation checking: 2067 milli
		[0.12%] Precision restoration: 369 milli
		[0.03%] Statistics handling: 105 milli
		[0.00%] Constraint-fixing steps: 0 milli
		[0.00%] Valid case splits: 7 milli. Average per split: 0.00 milli
		[0.00%] Applying stored bound-tightening: 4 milli
		[0.18%] SMT core: 534 milli
		[2.23%] Symbolic Bound Tightening: 6705 milli
		[26.29%] SoI-based local search: 79026 milli
		[0.00%] SoI-based local search: 0 milli
		[4.48%] Unaccounted for: 13459 milli
	--- Preprocessor Statistics ---
	Number of preprocessor bound-tightening loop iterations: 3
	Number of eliminated variables: 124
	Number of constraints removed due to variable elimination: 124
	Number of equations removed due to variable elimination: 0
	--- Engine Statistics ---
	Number of main loop iterations: 106181
		105100 iterations were simplex steps. Total time: 153756 milli. Average: 1.46 milli.
		0 iterations were constraint-fixing steps. Total time: 0 milli. Average: 0.00 milli
	Number of active piecewise-linear constraints: 104 / 132
		Constraints disabled by valid splits: 0. By SMT-originated splits: 28
	Last reported degradation: 0.0000000000. Max degradation so far: 0.3794878152. Restorations so far: 1
	Number of simplex pivots we attempted to skip because of instability: 32.
	Unstable pivots performed anyway: 0
	--- Tableau Statistics ---
	Total number of pivots performed: 94261
		Real pivots: 94168. Degenerate: 93 (0.10%)
		Degenerate pivots by request (e.g., to fix a PL constraint): 0 (0.00%)
		Average time per pivot: 0.34 milli
	Total number of fake pivots performed: 3561
	Total number of rows added: 0. Number of merged columns: 0
	Current tableau dimensions: M = 705, N = 2054
	--- SMT Core Statistics ---
	Total depth is 28. Total visited states: 779. Number of splits: 402. Number of pops: 376
	Max stack depth: 38
	--- Bound Tightening Statistics ---
	Number of tightened bounds: 132681.
		Number of rows examined by row tightener: 94261. Consequent tightenings: 4358
		Number of explicit basis matrices examined by row tightener: 504. Consequent tightenings: 8316
		Number of bound tightening rounds on the entire constraint matrix: 0. Consequent tightenings: 0
		Number of bound notifications sent to PL constraints: 11155. Tightenings proposed: 0
	--- Basis Factorization statistics ---
	Number of basis refactorizations: 841
	--- Projected Steepest Edge Statistics ---
	Number of iterations: 97854.
	Number of resets to reference space: 430. Avg. iterations per reset: 227
	--- SBT ---
	Number of tightened bounds: 133066
	--- SoI-based local search ---
	Number of proposed phase pattern update: 3085. Number of accepted update: 2680 [86.87%]
	Total time (% of local search time) updating SoI phase pattern : 157565 milli [0.20%]
	Total time obtaining current assignment: 724915 milli [0.92%]
	Total time getting SoI phase pattern : 118299 milli [0.04%]
	--- Context dependent statistics ---
	Number of pushes / pops: 778 / 750
		[0.01%] Pre-Push hook: 30 milli
		[0.00%] Push : 0 milli
		[0.01%] Post-Pop hook: 26 milli
		[0.01%] Pop : 25 milli
		[0.03%] Total context-switching time: 82 milli
	--- Proof Certificate ---
	Number of certified leaves: 0
	Number of leaves to delegate: 0
Timeout
