InputQuery: /home/levn/Workspace/othello_world/queries/probe_robust/group_2/game_2_target_12_eps_0.1.txt
Engine::processInputQuery: Input query (before preprocessing): 449 equations, 1216 variables
Engine::processInputQuery: Input query (after preprocessing): 705 equations, 1378 variables

Input bounds:
	x0: [  0.5261,   0.7261] 
	x1: [ -1.1853,  -0.9853] 
	x2: [ -1.3761,  -1.1761] 
	x3: [ -2.2293,  -2.0293] 
	x4: [ -0.9190,  -0.7190] 
	x5: [ -1.8593,  -1.6593] 
	x6: [ -0.6784,  -0.4784] 
	x7: [  1.6371,   1.8371] 
	x8: [ -0.8489,  -0.6489] 
	x9: [ -1.2581,  -1.0581] 
	x10: [ -0.3310,  -0.1310] 
	x11: [ -1.9193,  -1.7193] 
	x12: [ -0.5648,  -0.3648] 
	x13: [  0.5512,   0.7512] 
	x14: [ -2.3345,  -2.1345] 
	x15: [  0.0621,   0.2621] 
	x16: [  2.8361,   3.0361] 
	x17: [ -2.7020,  -2.5020] 
	x18: [ -0.4076,  -0.2076] 
	x19: [  1.6029,   1.8029] 
	x20: [ -0.6597,  -0.4597] 
	x21: [  0.4621,   0.6621] 
	x22: [  0.8121,   1.0121] 
	x23: [ -1.5109,  -1.3109] 
	x24: [  1.1307,   1.3307] 
	x25: [  0.3517,   0.5517] 
	x26: [ -0.2792,  -0.0792] 
	x27: [ -1.3151,  -1.1151] 
	x28: [  0.1090,   0.3090] 
	x29: [  0.2424,   0.4424] 
	x30: [ -0.7024,  -0.5024] 
	x31: [  0.6404,   0.8404] 
	x32: [ -1.6395,  -1.4395] 
	x33: [  0.4386,   0.6386] 
	x34: [ -0.1790,   0.0210] 
	x35: [ -1.1248,  -0.9248] 
	x36: [  0.9238,   1.1238] 
	x37: [  1.4198,   1.6198] 
	x38: [  2.6544,   2.8544] 
	x39: [ -1.8028,  -1.6028] 
	x40: [ -0.0294,   0.1706] 
	x41: [ -1.0537,  -0.8537] 
	x42: [ -1.7061,  -1.5061] 
	x43: [ -0.2557,  -0.0557] 
	x44: [  0.5357,   0.7357] 
	x45: [ -1.1225,  -0.9225] 
	x46: [  1.3451,   1.5451] 
	x47: [ -0.9130,  -0.7130] 
	x48: [ -0.4063,  -0.2063] 
	x49: [ -1.1726,  -0.9726] 
	x50: [  1.1382,   1.3382] 
	x51: [ -0.6705,  -0.4705] 
	x52: [  0.2664,   0.4664] 
	x53: [ -3.0464,  -2.8464] 
	x54: [  1.3340,   1.5340] 
	x55: [ -3.1348,  -2.9348] 
	x56: [  1.8872,   2.0872] 
	x57: [ -0.2512,  -0.0512] 
	x58: [  0.6398,   0.8398] 
	x59: [  3.1036,   3.3036] 
	x60: [  1.3108,   1.5108] 
	x61: [  0.6599,   0.8599] 
	x62: [  0.1737,   0.3737] 
	x63: [ -0.3063,  -0.1063] 
	x64: [  0.3438,   0.5438] 
	x65: [ -1.8090,  -1.6090] 
	x66: [ -0.9655,  -0.7655] 
	x67: [  1.8093,   2.0093] 
	x68: [ -0.3528,  -0.1528] 
	x69: [  0.2607,   0.4607] 
	x70: [ -0.5225,  -0.3225] 
	x71: [ -0.6792,  -0.4792] 
	x72: [  0.3549,   0.5549] 
	x73: [ -1.1814,  -0.9814] 
	x74: [ -2.4322,  -2.2322] 
	x75: [  1.7407,   1.9407] 
	x76: [  0.2691,   0.4691] 
	x77: [  0.2083,   0.4083] 
	x78: [ -0.3873,  -0.1873] 
	x79: [  0.0137,   0.2137] 
	x80: [ -0.5712,  -0.3712] 
	x81: [  0.2329,   0.4329] 
	x82: [  1.0047,   1.2047] 
	x83: [ -0.9761,  -0.7761] 
	x84: [ -1.2699,  -1.0699] 
	x85: [  0.1890,   0.3890] 
	x86: [  0.8165,   1.0165] 
	x87: [  2.8208,   3.0208] 
	x88: [  0.4913,   0.6913] 
	x89: [  0.6446,   0.8446] 
	x90: [ -1.5583,  -1.3583] 
	x91: [ -1.7464,  -1.5464] 
	x92: [  0.3997,   0.5997] 
	x93: [ -0.6222,  -0.4222] 
	x94: [ -0.9323,  -0.7323] 
	x95: [ -1.5946,  -1.3946] 
	x96: [ -0.3061,  -0.1061] 
	x97: [ -0.8988,  -0.6988] 
	x98: [  3.0592,   3.2592] 
	x99: [ -0.3885,  -0.1885] 
	x100: [ -0.5796,  -0.3796] 
	x101: [ -1.8069,  -1.6069] 
	x102: [  1.3631,   1.5631] 
	x103: [ -2.8947,  -2.6947] 
	x104: [ -1.0799,  -0.8799] 
	x105: [ -1.4061,  -1.2061] 
	x106: [ -2.5350,  -2.3350] 
	x107: [  1.2260,   1.4260] 
	x108: [ -0.6064,  -0.4064] 
	x109: [ -3.4511,  -3.2511] 
	x110: [  0.7517,   0.9517] 
	x111: [ -0.4835,  -0.2835] 
	x112: [ -0.8601,  -0.6601] 
	x113: [  0.0079,   0.2079] 
	x114: [ -0.8687,  -0.6687] 
	x115: [ -1.6545,  -1.4545] 
	x116: [ -0.9238,  -0.7238] 
	x117: [  0.9614,   1.1614] 
	x118: [  0.6140,   0.8140] 
	x119: [  0.0251,   0.2251] 
	x120: [ -0.5499,  -0.3499] 
	x121: [  2.0168,   2.2168] 
	x122: [  2.0465,   2.2465] 
	x123: [ -0.4217,  -0.2217] 
	x124: [ -0.5051,  -0.3051] 
	x125: [ -3.6580,  -3.4580] 
	x126: [  0.2334,   0.4334] 
	x127: [  1.9121,   2.1121] 
	x128: [  0.0349,   0.2349] 
	x129: [  1.0275,   1.2275] 
	x130: [ -0.2020,  -0.0020] 
	x131: [  0.4153,   0.6153] 
	x132: [  1.8797,   2.0797] 
	x133: [  0.6483,   0.8483] 
	x134: [  1.3151,   1.5151] 
	x135: [ -0.9151,  -0.7151] 
	x136: [ -1.4200,  -1.2200] 
	x137: [  0.3258,   0.5258] 
	x138: [ -0.7501,  -0.5501] 
	x139: [  0.5840,   0.7840] 
	x140: [  2.4895,   2.6895] 
	x141: [ -0.3952,  -0.1952] 
	x142: [  1.1069,   1.3069] 
	x143: [ -1.6825,  -1.4825] 
	x144: [  0.4835,   0.6835] 
	x145: [ -0.7618,  -0.5618] 
	x146: [ -0.7691,  -0.5691] 
	x147: [ -0.1998,   0.0002] 
	x148: [ -0.4946,  -0.2946] 
	x149: [  0.5211,   0.7211] 
	x150: [ -2.5779,  -2.3779] 
	x151: [  0.5197,   0.7197] 
	x152: [ -0.0072,   0.1928] 
	x153: [  0.3807,   0.5807] 
	x154: [  0.0199,   0.2199] 
	x155: [ -2.3710,  -2.1710] 
	x156: [ -1.3895,  -1.1895] 
	x157: [ -0.6921,  -0.4921] 
	x158: [ -0.2600,  -0.0600] 
	x159: [ -2.0105,  -1.8105] 
	x160: [  1.2612,   1.4612] 
	x161: [ -0.7372,  -0.5372] 
	x162: [  2.3335,   2.5335] 
	x163: [  0.0752,   0.2752] 
	x164: [ -0.4036,  -0.2036] 
	x165: [ -0.4393,  -0.2393] 
	x166: [  1.6688,   1.8688] 
	x167: [  6.0095,   6.2095] 
	x168: [ -3.8109,  -3.6109] 
	x169: [ -0.4437,  -0.2437] 
	x170: [ -0.7506,  -0.5506] 
	x171: [  0.5646,   0.7646] 
	x172: [  0.8274,   1.0274] 
	x173: [  1.7120,   1.9120] 
	x174: [ -1.0666,  -0.8666] 
	x175: [ -0.0793,   0.1207] 
	x176: [  2.0062,   2.2062] 
	x177: [  1.1464,   1.3464] 
	x178: [ -0.0614,   0.1386] 
	x179: [  0.9881,   1.1881] 
	x180: [ -2.4852,  -2.2852] 
	x181: [  0.2050,   0.4050] 
	x182: [ -0.1978,   0.0022] 
	x183: [ -2.1848,  -1.9848] 
	x184: [  0.6464,   0.8464] 
	x185: [ -2.6948,  -2.4948] 
	x186: [ -0.3892,  -0.1892] 
	x187: [  0.1306,   0.3306] 
	x188: [ -1.0541,  -0.8541] 
	x189: [ -0.1678,   0.0322] 
	x190: [ -0.5404,  -0.3404] 
	x191: [  1.3165,   1.5165] 
	x192: [ -0.4756,  -0.2756] 
	x193: [  1.7293,   1.9293] 
	x194: [  1.9139,   2.1139] 
	x195: [ -0.1162,   0.0838] 
	x196: [ -1.5655,  -1.3655] 
	x197: [  1.0874,   1.2874] 
	x198: [  0.3935,   0.5935] 
	x199: [ -0.1289,   0.0711] 
	x200: [ -2.6187,  -2.4187] 
	x201: [  0.4541,   0.6541] 
	x202: [ -1.5796,  -1.3796] 
	x203: [ -0.8274,  -0.6274] 
	x204: [  0.3993,   0.5993] 
	x205: [ -2.3310,  -2.1310] 
	x206: [ -0.0481,   0.1519] 
	x207: [ -1.7684,  -1.5684] 
	x208: [  1.8288,   2.0288] 
	x209: [  1.7271,   1.9271] 
	x210: [  0.4621,   0.6621] 
	x211: [  1.0939,   1.2939] 
	x212: [ -1.6397,  -1.4397] 
	x213: [ -0.4097,  -0.2097] 
	x214: [  0.0135,   0.2135] 
	x215: [ -0.2949,  -0.0949] 
	x216: [  1.0428,   1.2428] 
	x217: [  0.3073,   0.5073] 
	x218: [  0.6377,   0.8377] 
	x219: [ -0.8820,  -0.6820] 
	x220: [  1.1778,   1.3778] 
	x221: [ -0.0133,   0.1867] 
	x222: [ -0.9150,  -0.7150] 
	x223: [ -0.4381,  -0.2381] 
	x224: [  1.6120,   1.8120] 
	x225: [ -0.3470,  -0.1470] 
	x226: [  3.0486,   3.2486] 
	x227: [ -0.9568,  -0.7568] 
	x228: [  2.0156,   2.2156] 
	x229: [  0.9863,   1.1863] 
	x230: [  0.0796,   0.2796] 
	x231: [ -0.3607,  -0.1607] 
	x232: [ -0.9603,  -0.7603] 
	x233: [ -1.2581,  -1.0581] 
	x234: [  0.2155,   0.4155] 
	x235: [ -2.3648,  -2.1648] 
	x236: [ -1.8288,  -1.6288] 
	x237: [ -0.2261,  -0.0261] 
	x238: [  0.4403,   0.6403] 
	x239: [  9.0427,   9.2427] 
	x240: [ -1.5092,  -1.3092] 
	x241: [ -0.6238,  -0.4238] 
	x242: [  0.4761,   0.6761] 
	x243: [ -1.7426,  -1.5426] 
	x244: [ -0.9655,  -0.7655] 
	x245: [  0.4261,   0.6261] 
	x246: [ -3.0058,  -2.8058] 
	x247: [  0.7438,   0.9438] 
	x248: [ -1.0502,  -0.8502] 
	x249: [ -1.4714,  -1.2714] 
	x250: [ -0.3591,  -0.1591] 
	x251: [  0.1541,   0.3541] 
	x252: [ -0.8991,  -0.6991] 
	x253: [  0.5276,   0.7276] 
	x254: [ -1.7503,  -1.5503] 
	x255: [ -1.2900,  -1.0900] 
	x256: [ -1.4577,  -1.2577] 
	x257: [  1.4078,   1.6078] 
	x258: [ -2.8286,  -2.6286] 
	x259: [  0.9257,   1.1257] 
	x260: [ -1.9157,  -1.7157] 
	x261: [ -2.5463,  -2.3463] 
	x262: [  0.2785,   0.4785] 
	x263: [  0.9573,   1.1573] 
	x264: [ -1.6150,  -1.4150] 
	x265: [ -1.1609,  -0.9609] 
	x266: [ -0.9897,  -0.7897] 
	x267: [  0.6287,   0.8287] 
	x268: [  1.7447,   1.9447] 
	x269: [ -0.4524,  -0.2524] 
	x270: [ -0.9188,  -0.7188] 
	x271: [  0.2906,   0.4906] 
	x272: [  0.7863,   0.9863] 
	x273: [  0.7430,   0.9430] 
	x274: [  2.0479,   2.2479] 
	x275: [  1.9821,   2.1821] 
	x276: [ -0.5398,  -0.3398] 
	x277: [  1.4174,   1.6174] 
	x278: [ -2.7388,  -2.5388] 
	x279: [  1.0593,   1.2593] 
	x280: [  2.0269,   2.2269] 
	x281: [  0.6483,   0.8483] 
	x282: [  0.9488,   1.1488] 
	x283: [ -0.6643,  -0.4643] 
	x284: [ -0.7358,  -0.5358] 
	x285: [ -0.4824,  -0.2824] 
	x286: [ -1.7644,  -1.5644] 
	x287: [  0.3332,   0.5332] 
	x288: [  0.6908,   0.8908] 
	x289: [  0.4676,   0.6676] 
	x290: [ -0.6092,  -0.4092] 
	x291: [  0.7085,   0.9085] 
	x292: [  0.9535,   1.1535] 
	x293: [  0.0725,   0.2725] 
	x294: [  0.7566,   0.9566] 
	x295: [  0.1781,   0.3781] 
	x296: [ -0.5882,  -0.3882] 
	x297: [ -0.3570,  -0.1570] 
	x298: [ -9.8449,  -9.6449] 
	x299: [  2.6229,   2.8229] 
	x300: [  1.2491,   1.4491] 
	x301: [ -1.3141,  -1.1141] 
	x302: [ -1.5482,  -1.3482] 
	x303: [ -0.4833,  -0.2833] 
	x304: [ -1.1217,  -0.9217] 
	x305: [ -1.4317,  -1.2317] 
	x306: [  3.0264,   3.2264] 
	x307: [ -2.5349,  -2.3349] 
	x308: [  0.4516,   0.6516] 
	x309: [  0.0567,   0.2567] 
	x310: [  0.6056,   0.8056] 
	x311: [  2.4809,   2.6809] 
	x312: [ -2.5470,  -2.3470] 
	x313: [ -0.9297,  -0.7297] 
	x314: [ -0.5393,  -0.3393] 
	x315: [ -0.1675,   0.0325] 
	x316: [  1.6362,   1.8362] 
	x317: [  0.0215,   0.2215] 
	x318: [  1.3135,   1.5135] 
	x319: [ -2.3328,  -2.1328] 
	x320: [  0.9390,   1.1390] 
	x321: [ -1.7852,  -1.5852] 
	x322: [ -0.0271,   0.1729] 
	x323: [  0.7812,   0.9812] 
	x324: [ -0.0635,   0.1365] 
	x325: [ -0.3108,  -0.1108] 
	x326: [  0.3273,   0.5273] 
	x327: [ -0.8080,  -0.6080] 
	x328: [  2.1086,   2.3086] 
	x329: [ -0.0948,   0.1052] 
	x330: [ -1.0060,  -0.8060] 
	x331: [  0.6017,   0.8017] 
	x332: [ -1.1301,  -0.9301] 
	x333: [  2.2709,   2.4709] 
	x334: [  0.1025,   0.3025] 
	x335: [  0.3692,   0.5692] 
	x336: [ -1.1787,  -0.9787] 
	x337: [ -1.4037,  -1.2037] 
	x338: [ -0.9065,  -0.7065] 
	x339: [ -0.3626,  -0.1626] 
	x340: [  0.7178,   0.9178] 
	x341: [  0.2115,   0.4115] 
	x342: [  1.1295,   1.3295] 
	x343: [ -0.1967,   0.0033] 
	x344: [  2.6172,   2.8172] 
	x345: [ -1.9765,  -1.7765] 
	x346: [  0.2059,   0.4059] 
	x347: [ -0.8656,  -0.6656] 
	x348: [  0.8684,   1.0684] 
	x349: [  1.5014,   1.7014] 
	x350: [  1.6675,   1.8675] 
	x351: [ -0.8199,  -0.6199] 
	x352: [  1.0571,   1.2571] 
	x353: [ -2.1685,  -1.9685] 
	x354: [  1.1042,   1.3042] 
	x355: [ -0.9443,  -0.7443] 
	x356: [ -0.8168,  -0.6168] 
	x357: [  1.9208,   2.1208] 
	x358: [ -0.3685,  -0.1685] 
	x359: [  1.1269,   1.3269] 
	x360: [  0.4599,   0.6599] 
	x361: [  0.4037,   0.6037] 
	x362: [ -2.8254,  -2.6254] 
	x363: [ -0.2281,  -0.0281] 
	x364: [ -2.1899,  -1.9899] 
	x365: [ -0.8301,  -0.6301] 
	x366: [ -1.2678,  -1.0678] 
	x367: [  1.3116,   1.5116] 
	x368: [ -3.2834,  -3.0834] 
	x369: [ -0.3517,  -0.1517] 
	x370: [ -1.0638,  -0.8638] 
	x371: [  0.1897,   0.3897] 
	x372: [  0.0193,   0.2193] 
	x373: [ -0.9634,  -0.7634] 
	x374: [ -0.2791,  -0.0791] 
	x375: [ -1.4430,  -1.2430] 
	x376: [ -1.3096,  -1.1096] 
	x377: [ -1.0818,  -0.8818] 
	x378: [  2.6768,   2.8768] 
	x379: [ -1.7977,  -1.5977] 
	x380: [  2.5715,   2.7715] 
	x381: [ -0.3065,  -0.1065] 
	x382: [ -1.2768,  -1.0768] 
	x383: [  0.1304,   0.3304] 
	x384: [ -0.2469,  -0.0469] 
	x385: [ -0.4958,  -0.2958] 
	x386: [ -3.1412,  -2.9412] 
	x387: [  0.3454,   0.5454] 
	x388: [  1.2652,   1.4652] 
	x389: [ -0.4369,  -0.2369] 
	x390: [ -0.4225,  -0.2225] 
	x391: [ -0.9894,  -0.7894] 
	x392: [  1.4259,   1.6259] 
	x393: [ -1.0258,  -0.8258] 
	x394: [ -0.5366,  -0.3366] 
	x395: [ -2.4808,  -2.2808] 
	x396: [  0.9482,   1.1482] 
	x397: [ -0.1709,   0.0291] 
	x398: [  0.5637,   0.7637] 
	x399: [  0.9545,   1.1545] 
	x400: [  0.8023,   1.0023] 
	x401: [  1.0957,   1.2957] 
	x402: [  0.9675,   1.1675] 
	x403: [ -1.6360,  -1.4360] 
	x404: [ -0.1730,   0.0270] 
	x405: [ -0.0822,   0.1178] 
	x406: [  0.8783,   1.0783] 
	x407: [  0.9276,   1.1276] 
	x408: [ -1.3429,  -1.1429] 
	x409: [  0.1543,   0.3543] 
	x410: [  0.7122,   0.9122] 
	x411: [  0.3594,   0.5594] 
	x412: [  2.2568,   2.4568] 
	x413: [  1.6591,   1.8591] 
	x414: [ -1.9386,  -1.7386] 
	x415: [ -0.0927,   0.1073] 
	x416: [  0.6938,   0.8938] 
	x417: [ -1.2198,  -1.0198] 
	x418: [ -1.2451,  -1.0451] 
	x419: [ -1.6996,  -1.4996] 
	x420: [ -0.5037,  -0.3037] 
	x421: [ -2.1580,  -1.9580] 
	x422: [ -0.5706,  -0.3706] 
	x423: [ -0.1275,   0.0725] 
	x424: [  1.8458,   2.0458] 
	x425: [ -2.0667,  -1.8667] 
	x426: [ -5.0973,  -4.8973] 
	x427: [ -2.3298,  -2.1298] 
	x428: [ -0.8902,  -0.6902] 
	x429: [ -0.0848,   0.1152] 
	x430: [ -0.6695,  -0.4695] 
	x431: [ -1.1264,  -0.9264] 
	x432: [ -0.2027,  -0.0027] 
	x433: [  0.7224,   0.9224] 
	x434: [  1.4503,   1.6503] 
	x435: [ -0.1535,   0.0465] 
	x436: [ -0.2232,  -0.0232] 
	x437: [ -0.7768,  -0.5768] 
	x438: [ -1.0112,  -0.8112] 
	x439: [ -1.4163,  -1.2163] 
	x440: [ -3.1492,  -2.9492] 
	x441: [ -1.6980,  -1.4980] 
	x442: [ -1.9179,  -1.7179] 
	x443: [ -0.6304,  -0.4304] 
	x444: [  0.5448,   0.7448] 
	x445: [  2.6373,   2.8373] 
	x446: [ -2.0223,  -1.8223] 
	x447: [ -1.0105,  -0.8105] 
	x448: [ -2.3563,  -2.1563] 
	x449: [ -0.5118,  -0.3118] 
	x450: [ -1.4461,  -1.2461] 
	x451: [ -0.6796,  -0.4796] 
	x452: [ -0.5205,  -0.3205] 
	x453: [ -0.2071,  -0.0071] 
	x454: [ -0.9274,  -0.7274] 
	x455: [ -1.6822,  -1.4822] 
	x456: [ -0.5235,  -0.3235] 
	x457: [ -0.4629,  -0.2629] 
	x458: [ -0.3623,  -0.1623] 
	x459: [ -0.0572,   0.1428] 
	x460: [  1.4659,   1.6659] 
	x461: [  0.2438,   0.4438] 
	x462: [ -0.9369,  -0.7369] 
	x463: [ -1.7197,  -1.5197] 
	x464: [ -1.3049,  -1.1049] 
	x465: [ -1.2285,  -1.0285] 
	x466: [  0.5057,   0.7057] 
	x467: [ -1.7414,  -1.5414] 
	x468: [  0.6538,   0.8538] 
	x469: [  0.2006,   0.4006] 
	x470: [ -0.7592,  -0.5592] 
	x471: [ -1.6581,  -1.4581] 
	x472: [  0.2781,   0.4781] 
	x473: [ -1.1497,  -0.9497] 
	x474: [ -2.0522,  -1.8522] 
	x475: [ -1.6477,  -1.4477] 
	x476: [  0.0844,   0.2844] 
	x477: [ -0.6466,  -0.4466] 
	x478: [  0.8915,   1.0915] 
	x479: [  6.1426,   6.3426] 
	x480: [  0.8485,   1.0485] 
	x481: [ -1.0540,  -0.8540] 
	x482: [ -1.0915,  -0.8915] 
	x483: [ -1.4902,  -1.2902] 
	x484: [ -0.5783,  -0.3783] 
	x485: [  1.0630,   1.2630] 
	x486: [  2.8227,   3.0227] 
	x487: [  0.4274,   0.6274] 
	x488: [ -0.7624,  -0.5624] 
	x489: [ -0.1674,   0.0326] 
	x490: [ -0.5744,  -0.3744] 
	x491: [ -0.6341,  -0.4341] 
	x492: [ -0.8633,  -0.6633] 
	x493: [ -1.0482,  -0.8482] 
	x494: [ -1.3972,  -1.1972] 
	x495: [  1.0015,   1.2015] 
	x496: [ -0.4974,  -0.2974] 
	x497: [ -0.2865,  -0.0865] 
	x498: [ -0.7384,  -0.5384] 
	x499: [ -0.3266,  -0.1266] 
	x500: [  0.3670,   0.5670] 
	x501: [  0.1831,   0.3831] 
	x502: [ -2.2573,  -2.0573] 
	x503: [ -0.3321,  -0.1321] 
	x504: [  1.2715,   1.4715] 
	x505: [  1.0599,   1.2599] 
	x506: [ -1.8152,  -1.6152] 
	x507: [  1.5237,   1.7237] 
	x508: [ -1.9151,  -1.7151] 
	x509: [ -0.4139,  -0.2139] 
	x510: [ -0.2816,  -0.0816] 
	x511: [ -0.5210,  -0.3210] 

Branching heuristics set to PseudoImpact

Engine::solve: Initial statistics

23:30:17 Statistics update:
	--- Time Statistics ---
	Total time elapsed: 466 milli (00:00:00)
		Main loop: 0 milli (00:00:00)
		Preprocessing time: 184 milli (00:00:00)
		Unknown: 282 milli (00:00:00)
	Breakdown for main loop:
		[0.00%] Simplex steps: 0 milli
		[0.00%] Explicit-basis bound tightening: 0 milli
		[0.00%] Constraint-matrix bound tightening: 0 milli
		[0.00%] Degradation checking: 0 milli
		[0.00%] Precision restoration: 0 milli
		[0.00%] Statistics handling: 0 milli
		[0.00%] Constraint-fixing steps: 0 milli
		[0.00%] Valid case splits: 0 milli. Average per split: 0.00 milli
		[0.00%] Applying stored bound-tightening: 0 milli
		[0.00%] SMT core: 0 milli
		[0.00%] Symbolic Bound Tightening: 12 milli
		[0.00%] SoI-based local search: 0 milli
		[0.00%] SoI-based local search: 0 milli
		[0.00%] Unaccounted for: 0 milli
	--- Preprocessor Statistics ---
	Number of preprocessor bound-tightening loop iterations: 3
	Number of eliminated variables: 95
	Number of constraints removed due to variable elimination: 95
	Number of equations removed due to variable elimination: 0
	--- Engine Statistics ---
	Number of main loop iterations: 1
		0 iterations were simplex steps. Total time: 0 milli. Average: 0.00 milli.
		0 iterations were constraint-fixing steps. Total time: 0 milli. Average: 0.00 milli
	Number of active piecewise-linear constraints: 161 / 161
		Constraints disabled by valid splits: 0. By SMT-originated splits: 0
	Last reported degradation: 0.0000000000. Max degradation so far: 0.0000000000. Restorations so far: 0
	Number of simplex pivots we attempted to skip because of instability: 0.
	Unstable pivots performed anyway: 0
	--- Tableau Statistics ---
	Total number of pivots performed: 0
		Real pivots: 0. Degenerate: 0 (0.00%)
		Degenerate pivots by request (e.g., to fix a PL constraint): 0 (0.00%)
		Average time per pivot: 0.00 milli
	Total number of fake pivots performed: 0
	Total number of rows added: 0. Number of merged columns: 0
	Current tableau dimensions: M = 705, N = 2083
	--- SMT Core Statistics ---
	Total depth is 0. Total visited states: 1. Number of splits: 0. Number of pops: 0
	Max stack depth: 0
	--- Bound Tightening Statistics ---
	Number of tightened bounds: 0.
		Number of rows examined by row tightener: 0. Consequent tightenings: 0
		Number of explicit basis matrices examined by row tightener: 0. Consequent tightenings: 0
		Number of bound tightening rounds on the entire constraint matrix: 0. Consequent tightenings: 0
		Number of bound notifications sent to PL constraints: 966. Tightenings proposed: 0
	--- Basis Factorization statistics ---
	Number of basis refactorizations: 2
	--- Projected Steepest Edge Statistics ---
	Number of iterations: 0.
	Number of resets to reference space: 1. Avg. iterations per reset: 0
	--- SBT ---
	Number of tightened bounds: 385
	--- SoI-based local search ---
	Number of proposed phase pattern update: 0. Number of accepted update: 0 [0.00%]
	Total time (% of local search time) updating SoI phase pattern : 0 milli [0.00%]
	Total time obtaining current assignment: 0 milli [0.00%]
	Total time getting SoI phase pattern : 0 milli [0.00%]
	--- Context dependent statistics ---
	Number of pushes / pops: 0 / 0
		[0.00%] Pre-Push hook: 0 milli
		[0.00%] Push : 0 milli
		[0.00%] Post-Pop hook: 0 milli
		[0.00%] Pop : 0 milli
		[0.00%] Total context-switching time: 0 milli
	--- Proof Certificate ---
	Number of certified leaves: 0
	Number of leaves to delegate: 0

---

23:30:33 Statistics update:
	--- Time Statistics ---
	Total time elapsed: 16676 milli (00:00:16)
		Main loop: 16117 milli (00:00:16)
		Preprocessing time: 184 milli (00:00:00)
		Unknown: 374 milli (00:00:00)
	Breakdown for main loop:
		[87.54%] Simplex steps: 14109 milli
		[7.35%] Explicit-basis bound tightening: 1184 milli
		[0.00%] Constraint-matrix bound tightening: 0 milli
		[1.42%] Degradation checking: 229 milli
		[0.00%] Precision restoration: 0 milli
		[0.06%] Statistics handling: 9 milli
		[0.00%] Constraint-fixing steps: 0 milli
		[0.00%] Valid case splits: 0 milli. Average per split: 0.00 milli
		[0.01%] Applying stored bound-tightening: 0 milli
		[0.08%] SMT core: 13 milli
		[3.31%] Symbolic Bound Tightening: 533 milli
		[61.74%] SoI-based local search: 9950 milli
		[0.00%] SoI-based local search: 0 milli
		[0.22%] Unaccounted for: 35 milli
	--- Preprocessor Statistics ---
	Number of preprocessor bound-tightening loop iterations: 3
	Number of eliminated variables: 95
	Number of constraints removed due to variable elimination: 95
	Number of equations removed due to variable elimination: 0
	--- Engine Statistics ---
	Number of main loop iterations: 10000
		9871 iterations were simplex steps. Total time: 14109 milli. Average: 1.43 milli.
		0 iterations were constraint-fixing steps. Total time: 0 milli. Average: 0.00 milli
	Number of active piecewise-linear constraints: 98 / 161
		Constraints disabled by valid splits: 0. By SMT-originated splits: 63
	Last reported degradation: 0.0000000000. Max degradation so far: 0.0011479679. Restorations so far: 0
	Number of simplex pivots we attempted to skip because of instability: 0.
	Unstable pivots performed anyway: 0
	--- Tableau Statistics ---
	Total number of pivots performed: 9079
		Real pivots: 9079. Degenerate: 0 (0.00%)
		Degenerate pivots by request (e.g., to fix a PL constraint): 0 (0.00%)
		Average time per pivot: 0.28 milli
	Total number of fake pivots performed: 284
	Total number of rows added: 0. Number of merged columns: 0
	Current tableau dimensions: M = 705, N = 2083
	--- SMT Core Statistics ---
	Total depth is 63. Total visited states: 64. Number of splits: 63. Number of pops: 0
	Max stack depth: 63
	--- Bound Tightening Statistics ---
	Number of tightened bounds: 12136.
		Number of rows examined by row tightener: 9079. Consequent tightenings: 0
		Number of explicit basis matrices examined by row tightener: 5. Consequent tightenings: 259
		Number of bound tightening rounds on the entire constraint matrix: 0. Consequent tightenings: 0
		Number of bound notifications sent to PL constraints: 2058. Tightenings proposed: 0
	--- Basis Factorization statistics ---
	Number of basis refactorizations: 81
	--- Projected Steepest Edge Statistics ---
	Number of iterations: 9363.
	Number of resets to reference space: 15. Avg. iterations per reset: 624
	--- SBT ---
	Number of tightened bounds: 12521
	--- SoI-based local search ---
	Number of proposed phase pattern update: 192. Number of accepted update: 129 [67.19%]
	Total time (% of local search time) updating SoI phase pattern : 23468 milli [0.24%]
	Total time obtaining current assignment: 57301 milli [0.58%]
	Total time getting SoI phase pattern : 11282 milli [0.07%]
	--- Context dependent statistics ---
	Number of pushes / pops: 63 / 0
		[0.06%] Pre-Push hook: 9 milli
		[0.00%] Push : 0 milli
		[0.00%] Post-Pop hook: 0 milli
		[0.00%] Pop : 0 milli
		[0.06%] Total context-switching time: 9 milli
	--- Proof Certificate ---
	Number of certified leaves: 0
	Number of leaves to delegate: 0
MalformedBasisException caught!
Performing precision restoration. Degradation before: 0.000000000001864. After: 0.000000000000212

23:30:51 Statistics update:
	--- Time Statistics ---
	Total time elapsed: 34708 milli (00:00:34)
		Main loop: 34192 milli (00:00:34)
		Preprocessing time: 184 milli (00:00:00)
		Unknown: 332 milli (00:00:00)
	Breakdown for main loop:
		[82.25%] Simplex steps: 28124 milli
		[11.22%] Explicit-basis bound tightening: 3835 milli
		[0.00%] Constraint-matrix bound tightening: 0 milli
		[1.34%] Degradation checking: 458 milli
		[0.99%] Precision restoration: 337 milli
		[0.06%] Statistics handling: 19 milli
		[0.00%] Constraint-fixing steps: 0 milli
		[0.00%] Valid case splits: 0 milli. Average per split: 0.00 milli
		[0.01%] Applying stored bound-tightening: 1 milli
		[0.08%] SMT core: 26 milli
		[3.18%] Symbolic Bound Tightening: 1086 milli
		[62.19%] SoI-based local search: 21262 milli
		[0.00%] SoI-based local search: 0 milli
		[0.88%] Unaccounted for: 300 milli
	--- Preprocessor Statistics ---
	Number of preprocessor bound-tightening loop iterations: 3
	Number of eliminated variables: 95
	Number of constraints removed due to variable elimination: 95
	Number of equations removed due to variable elimination: 0
	--- Engine Statistics ---
	Number of main loop iterations: 20000
		19733 iterations were simplex steps. Total time: 28124 milli. Average: 1.43 milli.
		0 iterations were constraint-fixing steps. Total time: 0 milli. Average: 0.00 milli
	Number of active piecewise-linear constraints: 30 / 161
		Constraints disabled by valid splits: 0. By SMT-originated splits: 131
	Last reported degradation: 0.0000000000. Max degradation so far: 0.0011479679. Restorations so far: 1
	Number of simplex pivots we attempted to skip because of instability: 0.
	Unstable pivots performed anyway: 0
	--- Tableau Statistics ---
	Total number of pivots performed: 17550
		Real pivots: 17538. Degenerate: 12 (0.07%)
		Degenerate pivots by request (e.g., to fix a PL constraint): 0 (0.00%)
		Average time per pivot: 0.27 milli
	Total number of fake pivots performed: 734
	Total number of rows added: 0. Number of merged columns: 0
	Current tableau dimensions: M = 705, N = 2083
	--- SMT Core Statistics ---
	Total depth is 131. Total visited states: 132. Number of splits: 131. Number of pops: 0
	Max stack depth: 131
	--- Bound Tightening Statistics ---
	Number of tightened bounds: 25466.
		Number of rows examined by row tightener: 17550. Consequent tightenings: 13
		Number of explicit basis matrices examined by row tightener: 15. Consequent tightenings: 263
		Number of bound tightening rounds on the entire constraint matrix: 0. Consequent tightenings: 0
		Number of bound notifications sent to PL constraints: 2216. Tightenings proposed: 0
	--- Basis Factorization statistics ---
	Number of basis refactorizations: 149
	--- Projected Steepest Edge Statistics ---
	Number of iterations: 18284.
	Number of resets to reference space: 24. Avg. iterations per reset: 761
	--- SBT ---
	Number of tightened bounds: 25851
	--- SoI-based local search ---
	Number of proposed phase pattern update: 600. Number of accepted update: 468 [78.00%]
	Total time (% of local search time) updating SoI phase pattern : 47626 milli [0.22%]
	Total time obtaining current assignment: 171980 milli [0.81%]
	Total time getting SoI phase pattern : 20547 milli [0.06%]
	--- Context dependent statistics ---
	Number of pushes / pops: 131 / 0
		[0.05%] Pre-Push hook: 17 milli
		[0.00%] Push : 0 milli
		[0.00%] Post-Pop hook: 0 milli
		[0.00%] Pop : 0 milli
		[0.05%] Total context-switching time: 17 milli
	--- Proof Certificate ---
	Number of certified leaves: 0
	Number of leaves to delegate: 0

23:31:18 Statistics update:
	--- Time Statistics ---
	Total time elapsed: 61472 milli (00:01:01)
		Main loop: 61002 milli (00:01:01)
		Preprocessing time: 184 milli (00:00:00)
		Unknown: 285 milli (00:00:00)
	Breakdown for main loop:
		[70.26%] Simplex steps: 42861 milli
		[21.87%] Explicit-basis bound tightening: 13338 milli
		[0.00%] Constraint-matrix bound tightening: 0 milli
		[1.11%] Degradation checking: 678 milli
		[0.55%] Precision restoration: 337 milli
		[0.05%] Statistics handling: 29 milli
		[0.00%] Constraint-fixing steps: 0 milli
		[0.00%] Valid case splits: 1 milli. Average per split: 0.00 milli
		[0.00%] Applying stored bound-tightening: 2 milli
		[0.22%] SMT core: 132 milli
		[3.27%] Symbolic Bound Tightening: 1995 milli
		[48.84%] SoI-based local search: 29791 milli
		[0.00%] SoI-based local search: 0 milli
		[2.66%] Unaccounted for: 1624 milli
	--- Preprocessor Statistics ---
	Number of preprocessor bound-tightening loop iterations: 3
	Number of eliminated variables: 95
	Number of constraints removed due to variable elimination: 95
	Number of equations removed due to variable elimination: 0
	--- Engine Statistics ---
	Number of main loop iterations: 30000
		29608 iterations were simplex steps. Total time: 42861 milli. Average: 1.45 milli.
		0 iterations were constraint-fixing steps. Total time: 0 milli. Average: 0.00 milli
	Number of active piecewise-linear constraints: 35 / 161
		Constraints disabled by valid splits: 0. By SMT-originated splits: 126
	Last reported degradation: 0.0000000000. Max degradation so far: 0.0011479679. Restorations so far: 1
	Number of simplex pivots we attempted to skip because of instability: 0.
	Unstable pivots performed anyway: 0
	--- Tableau Statistics ---
	Total number of pivots performed: 25857
		Real pivots: 25834. Degenerate: 23 (0.09%)
		Degenerate pivots by request (e.g., to fix a PL constraint): 0 (0.00%)
		Average time per pivot: 0.28 milli
	Total number of fake pivots performed: 1062
	Total number of rows added: 0. Number of merged columns: 0
	Current tableau dimensions: M = 705, N = 2083
	--- SMT Core Statistics ---
	Total depth is 126. Total visited states: 244. Number of splits: 183. Number of pops: 60
	Max stack depth: 138
	--- Bound Tightening Statistics ---
	Number of tightened bounds: 51764.
		Number of rows examined by row tightener: 25857. Consequent tightenings: 885
		Number of explicit basis matrices examined by row tightener: 53. Consequent tightenings: 2004
		Number of bound tightening rounds on the entire constraint matrix: 0. Consequent tightenings: 0
		Number of bound notifications sent to PL constraints: 5507. Tightenings proposed: 0
	--- Basis Factorization statistics ---
	Number of basis refactorizations: 218
	--- Projected Steepest Edge Statistics ---
	Number of iterations: 26919.
	Number of resets to reference space: 90. Avg. iterations per reset: 299
	--- SBT ---
	Number of tightened bounds: 52149
	--- SoI-based local search ---
	Number of proposed phase pattern update: 1145. Number of accepted update: 962 [84.02%]
	Total time (% of local search time) updating SoI phase pattern : 65057 milli [0.22%]
	Total time obtaining current assignment: 312964 milli [1.05%]
	Total time getting SoI phase pattern : 25880 milli [0.04%]
	--- Context dependent statistics ---
	Number of pushes / pops: 243 / 117
		[0.04%] Pre-Push hook: 21 milli
		[0.00%] Push : 0 milli
		[0.01%] Post-Pop hook: 4 milli
		[0.01%] Pop : 3 milli
		[0.05%] Total context-switching time: 28 milli
	--- Proof Certificate ---
	Number of certified leaves: 0
	Number of leaves to delegate: 0

23:31:45 Statistics update:
	--- Time Statistics ---
	Total time elapsed: 88699 milli (00:01:28)
		Main loop: 87900 milli (00:01:27)
		Preprocessing time: 184 milli (00:00:00)
		Unknown: 615 milli (00:00:00)
	Breakdown for main loop:
		[65.41%] Simplex steps: 57492 milli
		[25.98%] Explicit-basis bound tightening: 22838 milli
		[0.00%] Constraint-matrix bound tightening: 0 milli
		[1.02%] Degradation checking: 896 milli
		[0.38%] Precision restoration: 337 milli
		[0.04%] Statistics handling: 39 milli
		[0.00%] Constraint-fixing steps: 0 milli
		[0.00%] Valid case splits: 2 milli. Average per split: 0.00 milli
		[0.00%] Applying stored bound-tightening: 2 milli
		[0.25%] SMT core: 216 milli
		[3.07%] Symbolic Bound Tightening: 2695 milli
		[43.87%] SoI-based local search: 38562 milli
		[0.00%] SoI-based local search: 0 milli
		[3.84%] Unaccounted for: 3378 milli
	--- Preprocessor Statistics ---
	Number of preprocessor bound-tightening loop iterations: 3
	Number of eliminated variables: 95
	Number of constraints removed due to variable elimination: 95
	Number of equations removed due to variable elimination: 0
	--- Engine Statistics ---
	Number of main loop iterations: 40000
		39500 iterations were simplex steps. Total time: 57492 milli. Average: 1.46 milli.
		0 iterations were constraint-fixing steps. Total time: 0 milli. Average: 0.00 milli
	Number of active piecewise-linear constraints: 45 / 161
		Constraints disabled by valid splits: 0. By SMT-originated splits: 116
	Last reported degradation: 0.0000000000. Max degradation so far: 0.0011479679. Restorations so far: 1
	Number of simplex pivots we attempted to skip because of instability: 0.
	Unstable pivots performed anyway: 0
	--- Tableau Statistics ---
	Total number of pivots performed: 34140
		Real pivots: 34107. Degenerate: 33 (0.10%)
		Degenerate pivots by request (e.g., to fix a PL constraint): 0 (0.00%)
		Average time per pivot: 0.29 milli
	Total number of fake pivots performed: 1538
	Total number of rows added: 0. Number of merged columns: 0
	Current tableau dimensions: M = 705, N = 2083
	--- SMT Core Statistics ---
	Total depth is 116. Total visited states: 332. Number of splits: 223. Number of pops: 108
	Max stack depth: 138
	--- Bound Tightening Statistics ---
	Number of tightened bounds: 71328.
		Number of rows examined by row tightener: 34140. Consequent tightenings: 1280
		Number of explicit basis matrices examined by row tightener: 94. Consequent tightenings: 5067
		Number of bound tightening rounds on the entire constraint matrix: 0. Consequent tightenings: 0
		Number of bound notifications sent to PL constraints: 7950. Tightenings proposed: 0
	--- Basis Factorization statistics ---
	Number of basis refactorizations: 285
	--- Projected Steepest Edge Statistics ---
	Number of iterations: 35678.
	Number of resets to reference space: 139. Avg. iterations per reset: 256
	--- SBT ---
	Number of tightened bounds: 71713
	--- SoI-based local search ---
	Number of proposed phase pattern update: 1656. Number of accepted update: 1432 [86.47%]
	Total time (% of local search time) updating SoI phase pattern : 80010 milli [0.21%]
	Total time obtaining current assignment: 446159 milli [1.16%]
	Total time getting SoI phase pattern : 31910 milli [0.04%]
	--- Context dependent statistics ---
	Number of pushes / pops: 331 / 215
		[0.03%] Pre-Push hook: 25 milli
		[0.00%] Push : 0 milli
		[0.01%] Post-Pop hook: 7 milli
		[0.01%] Pop : 5 milli
		[0.04%] Total context-switching time: 38 milli
	--- Proof Certificate ---
	Number of certified leaves: 0
	Number of leaves to delegate: 0

23:32:14 Statistics update:
	--- Time Statistics ---
	Total time elapsed: 117782 milli (00:01:57)
		Main loop: 117308 milli (00:01:57)
		Preprocessing time: 184 milli (00:00:00)
		Unknown: 289 milli (00:00:00)
	Breakdown for main loop:
		[61.35%] Simplex steps: 71965 milli
		[29.42%] Explicit-basis bound tightening: 34516 milli
		[0.00%] Constraint-matrix bound tightening: 0 milli
		[0.95%] Degradation checking: 1114 milli
		[0.29%] Precision restoration: 337 milli
		[0.04%] Statistics handling: 49 milli
		[0.00%] Constraint-fixing steps: 0 milli
		[0.00%] Valid case splits: 2 milli. Average per split: 0.00 milli
		[0.00%] Applying stored bound-tightening: 3 milli
		[0.26%] SMT core: 302 milli
		[2.99%] Symbolic Bound Tightening: 3507 milli
		[39.14%] SoI-based local search: 45919 milli
		[0.00%] SoI-based local search: 0 milli
		[4.69%] Unaccounted for: 5507 milli
	--- Preprocessor Statistics ---
	Number of preprocessor bound-tightening loop iterations: 3
	Number of eliminated variables: 95
	Number of constraints removed due to variable elimination: 95
	Number of equations removed due to variable elimination: 0
	--- Engine Statistics ---
	Number of main loop iterations: 50000
		49377 iterations were simplex steps. Total time: 71965 milli. Average: 1.46 milli.
		0 iterations were constraint-fixing steps. Total time: 0 milli. Average: 0.00 milli
	Number of active piecewise-linear constraints: 43 / 161
		Constraints disabled by valid splits: 0. By SMT-originated splits: 118
	Last reported degradation: 0.0000000000. Max degradation so far: 0.0011479679. Restorations so far: 1
	Number of simplex pivots we attempted to skip because of instability: 3.
	Unstable pivots performed anyway: 0
	--- Tableau Statistics ---
	Total number of pivots performed: 42545
		Real pivots: 42504. Degenerate: 41 (0.10%)
		Degenerate pivots by request (e.g., to fix a PL constraint): 0 (0.00%)
		Average time per pivot: 0.29 milli
	Total number of fake pivots performed: 2001
	Total number of rows added: 0. Number of merged columns: 0
	Current tableau dimensions: M = 705, N = 2083
	--- SMT Core Statistics ---
	Total depth is 118. Total visited states: 433. Number of splits: 274. Number of pops: 158
	Max stack depth: 138
	--- Bound Tightening Statistics ---
	Number of tightened bounds: 92851.
		Number of rows examined by row tightener: 42545. Consequent tightenings: 5256
		Number of explicit basis matrices examined by row tightener: 142. Consequent tightenings: 7035
		Number of bound tightening rounds on the entire constraint matrix: 0. Consequent tightenings: 0
		Number of bound notifications sent to PL constraints: 10440. Tightenings proposed: 0
	--- Basis Factorization statistics ---
	Number of basis refactorizations: 354
	--- Projected Steepest Edge Statistics ---
	Number of iterations: 44549.
	Number of resets to reference space: 191. Avg. iterations per reset: 233
	--- SBT ---
	Number of tightened bounds: 93236
	--- SoI-based local search ---
	Number of proposed phase pattern update: 2096. Number of accepted update: 1822 [86.93%]
	Total time (% of local search time) updating SoI phase pattern : 97051 milli [0.21%]
	Total time obtaining current assignment: 564127 milli [1.23%]
	Total time getting SoI phase pattern : 37594 milli [0.03%]
	--- Context dependent statistics ---
	Number of pushes / pops: 432 / 314
		[0.02%] Pre-Push hook: 29 milli
		[0.00%] Push : 0 milli
		[0.01%] Post-Pop hook: 10 milli
		[0.01%] Pop : 10 milli
		[0.04%] Total context-switching time: 50 milli
	--- Proof Certificate ---
	Number of certified leaves: 0
	Number of leaves to delegate: 0

23:32:39 Statistics update:
	--- Time Statistics ---
	Total time elapsed: 143010 milli (00:02:23)
		Main loop: 142535 milli (00:02:22)
		Preprocessing time: 184 milli (00:00:00)
		Unknown: 290 milli (00:00:00)
	Breakdown for main loop:
		[60.86%] Simplex steps: 86744 milli
		[29.86%] Explicit-basis bound tightening: 42560 milli
		[0.00%] Constraint-matrix bound tightening: 0 milli
		[0.94%] Degradation checking: 1334 milli
		[0.24%] Precision restoration: 337 milli
		[0.04%] Statistics handling: 58 milli
		[0.00%] Constraint-fixing steps: 0 milli
		[0.00%] Valid case splits: 3 milli. Average per split: 0.00 milli
		[0.00%] Applying stored bound-tightening: 4 milli
		[0.27%] SMT core: 380 milli
		[3.04%] Symbolic Bound Tightening: 4326 milli
		[39.06%] SoI-based local search: 55680 milli
		[0.00%] SoI-based local search: 0 milli
		[4.76%] Unaccounted for: 6784 milli
	--- Preprocessor Statistics ---
	Number of preprocessor bound-tightening loop iterations: 3
	Number of eliminated variables: 95
	Number of constraints removed due to variable elimination: 95
	Number of equations removed due to variable elimination: 0
	--- Engine Statistics ---
	Number of main loop iterations: 60000
		59239 iterations were simplex steps. Total time: 86744 milli. Average: 1.46 milli.
		0 iterations were constraint-fixing steps. Total time: 0 milli. Average: 0.00 milli
	Number of active piecewise-linear constraints: 19 / 161
		Constraints disabled by valid splits: 19. By SMT-originated splits: 123
	Last reported degradation: 0.0000000000. Max degradation so far: 0.0011479679. Restorations so far: 1
	Number of simplex pivots we attempted to skip because of instability: 3.
	Unstable pivots performed anyway: 0
	--- Tableau Statistics ---
	Total number of pivots performed: 50848
		Real pivots: 50798. Degenerate: 50 (0.10%)
		Degenerate pivots by request (e.g., to fix a PL constraint): 0 (0.00%)
		Average time per pivot: 0.29 milli
	Total number of fake pivots performed: 2354
	Total number of rows added: 0. Number of merged columns: 0
	Current tableau dimensions: M = 705, N = 2083
	--- SMT Core Statistics ---
	Total depth is 123. Total visited states: 535. Number of splits: 327. Number of pops: 207
	Max stack depth: 138
	--- Bound Tightening Statistics ---
	Number of tightened bounds: 115725.
		Number of rows examined by row tightener: 50848. Consequent tightenings: 5517
		Number of explicit basis matrices examined by row tightener: 175. Consequent tightenings: 8456
		Number of bound tightening rounds on the entire constraint matrix: 0. Consequent tightenings: 0
		Number of bound notifications sent to PL constraints: 11557. Tightenings proposed: 0
	--- Basis Factorization statistics ---
	Number of basis refactorizations: 424
	--- Projected Steepest Edge Statistics ---
	Number of iterations: 53205.
	Number of resets to reference space: 242. Avg. iterations per reset: 219
	--- SBT ---
	Number of tightened bounds: 116110
	--- SoI-based local search ---
	Number of proposed phase pattern update: 2636. Number of accepted update: 2309 [87.59%]
	Total time (% of local search time) updating SoI phase pattern : 114863 milli [0.21%]
	Total time obtaining current assignment: 704834 milli [1.27%]
	Total time getting SoI phase pattern : 43975 milli [0.03%]
	--- Context dependent statistics ---
	Number of pushes / pops: 534 / 411
		[0.02%] Pre-Push hook: 33 milli
		[0.00%] Push : 0 milli
		[0.01%] Post-Pop hook: 14 milli
		[0.01%] Pop : 13 milli
		[0.04%] Total context-switching time: 60 milli
	--- Proof Certificate ---
	Number of certified leaves: 0
	Number of leaves to delegate: 0

23:33:14 Statistics update:
	--- Time Statistics ---
	Total time elapsed: 177517 milli (00:02:57)
		Main loop: 176879 milli (00:02:56)
		Preprocessing time: 184 milli (00:00:00)
		Unknown: 453 milli (00:00:00)
	Breakdown for main loop:
		[57.35%] Simplex steps: 101440 milli
		[32.74%] Explicit-basis bound tightening: 57903 milli
		[0.00%] Constraint-matrix bound tightening: 0 milli
		[0.88%] Degradation checking: 1559 milli
		[0.19%] Precision restoration: 337 milli
		[0.04%] Statistics handling: 68 milli
		[0.00%] Constraint-fixing steps: 0 milli
		[0.00%] Valid case splits: 4 milli. Average per split: 0.00 milli
		[0.00%] Applying stored bound-tightening: 4 milli
		[0.25%] SMT core: 441 milli
		[2.75%] Symbolic Bound Tightening: 4866 milli
		[34.44%] SoI-based local search: 60922 milli
		[0.00%] SoI-based local search: 0 milli
		[5.80%] Unaccounted for: 10251 milli
	--- Preprocessor Statistics ---
	Number of preprocessor bound-tightening loop iterations: 3
	Number of eliminated variables: 95
	Number of constraints removed due to variable elimination: 95
	Number of equations removed due to variable elimination: 0
	--- Engine Statistics ---
	Number of main loop iterations: 70000
		69163 iterations were simplex steps. Total time: 101440 milli. Average: 1.47 milli.
		0 iterations were constraint-fixing steps. Total time: 0 milli. Average: 0.00 milli
	Number of active piecewise-linear constraints: 46 / 161
		Constraints disabled by valid splits: 1. By SMT-originated splits: 114
	Last reported degradation: 0.0000000000. Max degradation so far: 0.0011479679. Restorations so far: 1
	Number of simplex pivots we attempted to skip because of instability: 3.
	Unstable pivots performed anyway: 0
	--- Tableau Statistics ---
	Total number of pivots performed: 59736
		Real pivots: 59680. Degenerate: 56 (0.09%)
		Degenerate pivots by request (e.g., to fix a PL constraint): 0 (0.00%)
		Average time per pivot: 0.29 milli
	Total number of fake pivots performed: 2701
	Total number of rows added: 0. Number of merged columns: 0
	Current tableau dimensions: M = 705, N = 2083
	--- SMT Core Statistics ---
	Total depth is 114. Total visited states: 603. Number of splits: 357. Number of pops: 245
	Max stack depth: 138
	--- Bound Tightening Statistics ---
	Number of tightened bounds: 129268.
		Number of rows examined by row tightener: 59736. Consequent tightenings: 5955
		Number of explicit basis matrices examined by row tightener: 243. Consequent tightenings: 11164
		Number of bound tightening rounds on the entire constraint matrix: 0. Consequent tightenings: 0
		Number of bound notifications sent to PL constraints: 13533. Tightenings proposed: 0
	--- Basis Factorization statistics ---
	Number of basis refactorizations: 501
	--- Projected Steepest Edge Statistics ---
	Number of iterations: 62440.
	Number of resets to reference space: 283. Avg. iterations per reset: 220
	--- SBT ---
	Number of tightened bounds: 129653
	--- SoI-based local search ---
	Number of proposed phase pattern update: 2928. Number of accepted update: 2571 [87.81%]
	Total time (% of local search time) updating SoI phase pattern : 125698 milli [0.21%]
	Total time obtaining current assignment: 778460 milli [1.28%]
	Total time getting SoI phase pattern : 48431 milli [0.03%]
	--- Context dependent statistics ---
	Number of pushes / pops: 602 / 488
		[0.02%] Pre-Push hook: 36 milli
		[0.00%] Push : 0 milli
		[0.01%] Post-Pop hook: 16 milli
		[0.01%] Pop : 15 milli
		[0.04%] Total context-switching time: 68 milli
	--- Proof Certificate ---
	Number of certified leaves: 0
	Number of leaves to delegate: 0

23:33:41 Statistics update:
	--- Time Statistics ---
	Total time elapsed: 205120 milli (00:03:25)
		Main loop: 204617 milli (00:03:24)
		Preprocessing time: 184 milli (00:00:00)
		Unknown: 319 milli (00:00:00)
	Breakdown for main loop:
		[56.63%] Simplex steps: 115880 milli
		[33.88%] Explicit-basis bound tightening: 69320 milli
		[0.00%] Constraint-matrix bound tightening: 0 milli
		[0.87%] Degradation checking: 1787 milli
		[0.17%] Precision restoration: 337 milli
		[0.04%] Statistics handling: 78 milli
		[0.00%] Constraint-fixing steps: 0 milli
		[0.00%] Valid case splits: 5 milli. Average per split: 0.00 milli
		[0.00%] Applying stored bound-tightening: 5 milli
		[0.25%] SMT core: 511 milli
		[2.73%] Symbolic Bound Tightening: 5588 milli
		[33.30%] SoI-based local search: 68147 milli
		[0.00%] SoI-based local search: 0 milli
		[5.43%] Unaccounted for: 11101 milli
	--- Preprocessor Statistics ---
	Number of preprocessor bound-tightening loop iterations: 3
	Number of eliminated variables: 95
	Number of constraints removed due to variable elimination: 95
	Number of equations removed due to variable elimination: 0
	--- Engine Statistics ---
	Number of main loop iterations: 80000
		79061 iterations were simplex steps. Total time: 115880 milli. Average: 1.47 milli.
		0 iterations were constraint-fixing steps. Total time: 0 milli. Average: 0.00 milli
	Number of active piecewise-linear constraints: 47 / 161
		Constraints disabled by valid splits: 0. By SMT-originated splits: 114
	Last reported degradation: 0.0000000000. Max degradation so far: 0.0011479679. Restorations so far: 1
	Number of simplex pivots we attempted to skip because of instability: 3.
	Unstable pivots performed anyway: 0
	--- Tableau Statistics ---
	Total number of pivots performed: 68330
		Real pivots: 68267. Degenerate: 63 (0.09%)
		Degenerate pivots by request (e.g., to fix a PL constraint): 0 (0.00%)
		Average time per pivot: 0.29 milli
	Total number of fake pivots performed: 3133
	Total number of rows added: 0. Number of merged columns: 0
	Current tableau dimensions: M = 705, N = 2083
	--- SMT Core Statistics ---
	Total depth is 114. Total visited states: 693. Number of splits: 402. Number of pops: 290
	Max stack depth: 138
	--- Bound Tightening Statistics ---
	Number of tightened bounds: 148190.
		Number of rows examined by row tightener: 68330. Consequent tightenings: 6429
		Number of explicit basis matrices examined by row tightener: 286. Consequent tightenings: 14267
		Number of bound tightening rounds on the entire constraint matrix: 0. Consequent tightenings: 0
		Number of bound notifications sent to PL constraints: 15743. Tightenings proposed: 0
	--- Basis Factorization statistics ---
	Number of basis refactorizations: 573
	--- Projected Steepest Edge Statistics ---
	Number of iterations: 71466.
	Number of resets to reference space: 330. Avg. iterations per reset: 216
	--- SBT ---
	Number of tightened bounds: 148575
	--- SoI-based local search ---
	Number of proposed phase pattern update: 3294. Number of accepted update: 2892 [87.80%]
	Total time (% of local search time) updating SoI phase pattern : 140360 milli [0.21%]
	Total time obtaining current assignment: 875107 milli [1.28%]
	Total time getting SoI phase pattern : 53713 milli [0.03%]
	--- Context dependent statistics ---
	Number of pushes / pops: 692 / 578
		[0.02%] Pre-Push hook: 39 milli
		[0.00%] Push : 0 milli
		[0.01%] Post-Pop hook: 19 milli
		[0.01%] Pop : 18 milli
		[0.04%] Total context-switching time: 77 milli
	--- Proof Certificate ---
	Number of certified leaves: 0
	Number of leaves to delegate: 0

23:34:10 Statistics update:
	--- Time Statistics ---
	Total time elapsed: 234299 milli (00:03:54)
		Main loop: 233816 milli (00:03:53)
		Preprocessing time: 184 milli (00:00:00)
		Unknown: 298 milli (00:00:00)
	Breakdown for main loop:
		[55.84%] Simplex steps: 130567 milli
		[34.42%] Explicit-basis bound tightening: 80481 milli
		[0.00%] Constraint-matrix bound tightening: 0 milli
		[0.86%] Degradation checking: 2018 milli
		[0.14%] Precision restoration: 337 milli
		[0.04%] Statistics handling: 88 milli
		[0.00%] Constraint-fixing steps: 0 milli
		[0.00%] Valid case splits: 6 milli. Average per split: 0.00 milli
		[0.00%] Applying stored bound-tightening: 5 milli
		[0.25%] SMT core: 580 milli
		[2.69%] Symbolic Bound Tightening: 6284 milli
		[32.60%] SoI-based local search: 76217 milli
		[0.00%] SoI-based local search: 0 milli
		[5.75%] Unaccounted for: 13446 milli
	--- Preprocessor Statistics ---
	Number of preprocessor bound-tightening loop iterations: 3
	Number of eliminated variables: 95
	Number of constraints removed due to variable elimination: 95
	Number of equations removed due to variable elimination: 0
	--- Engine Statistics ---
	Number of main loop iterations: 90000
		88955 iterations were simplex steps. Total time: 130567 milli. Average: 1.47 milli.
		0 iterations were constraint-fixing steps. Total time: 0 milli. Average: 0.00 milli
	Number of active piecewise-linear constraints: 45 / 161
		Constraints disabled by valid splits: 1. By SMT-originated splits: 115
	Last reported degradation: 0.0000000000. Max degradation so far: 0.0011479679. Restorations so far: 1
	Number of simplex pivots we attempted to skip because of instability: 3.
	Unstable pivots performed anyway: 0
	--- Tableau Statistics ---
	Total number of pivots performed: 76940
		Real pivots: 76873. Degenerate: 67 (0.09%)
		Degenerate pivots by request (e.g., to fix a PL constraint): 0 (0.00%)
		Average time per pivot: 0.29 milli
	Total number of fake pivots performed: 3527
	Total number of rows added: 0. Number of merged columns: 0
	Current tableau dimensions: M = 705, N = 2083
	--- SMT Core Statistics ---
	Total depth is 115. Total visited states: 782. Number of splits: 447. Number of pops: 334
	Max stack depth: 138
	--- Bound Tightening Statistics ---
	Number of tightened bounds: 165612.
		Number of rows examined by row tightener: 76940. Consequent tightenings: 9196
		Number of explicit basis matrices examined by row tightener: 334. Consequent tightenings: 16462
		Number of bound tightening rounds on the entire constraint matrix: 0. Consequent tightenings: 0
		Number of bound notifications sent to PL constraints: 18621. Tightenings proposed: 0
	--- Basis Factorization statistics ---
	Number of basis refactorizations: 645
	--- Projected Steepest Edge Statistics ---
	Number of iterations: 80470.
	Number of resets to reference space: 378. Avg. iterations per reset: 212
	--- SBT ---
	Number of tightened bounds: 165997
	--- SoI-based local search ---
	Number of proposed phase pattern update: 3668. Number of accepted update: 3221 [87.81%]
	Total time (% of local search time) updating SoI phase pattern : 156398 milli [0.21%]
	Total time obtaining current assignment: 973932 milli [1.28%]
	Total time getting SoI phase pattern : 59523 milli [0.03%]
	--- Context dependent statistics ---
	Number of pushes / pops: 781 / 666
		[0.02%] Pre-Push hook: 43 milli
		[0.00%] Push : 0 milli
		[0.01%] Post-Pop hook: 22 milli
		[0.01%] Pop : 21 milli
		[0.04%] Total context-switching time: 87 milli
	--- Proof Certificate ---
	Number of certified leaves: 0
	Number of leaves to delegate: 0

23:34:36 Statistics update:
	--- Time Statistics ---
	Total time elapsed: 259671 milli (00:04:19)
		Main loop: 259075 milli (00:04:19)
		Preprocessing time: 184 milli (00:00:00)
		Unknown: 412 milli (00:00:00)
	Breakdown for main loop:
		[56.08%] Simplex steps: 145287 milli
		[34.54%] Explicit-basis bound tightening: 89473 milli
		[0.00%] Constraint-matrix bound tightening: 0 milli
		[0.87%] Degradation checking: 2244 milli
		[0.13%] Precision restoration: 337 milli
		[0.04%] Statistics handling: 99 milli
		[0.00%] Constraint-fixing steps: 0 milli
		[0.00%] Valid case splits: 7 milli. Average per split: 0.00 milli
		[0.00%] Applying stored bound-tightening: 6 milli
		[0.25%] SMT core: 642 milli
		[2.67%] Symbolic Bound Tightening: 6922 milli
		[32.65%] SoI-based local search: 84593 milli
		[0.00%] SoI-based local search: 0 milli
		[5.42%] Unaccounted for: 14053 milli
	--- Preprocessor Statistics ---
	Number of preprocessor bound-tightening loop iterations: 3
	Number of eliminated variables: 95
	Number of constraints removed due to variable elimination: 95
	Number of equations removed due to variable elimination: 0
	--- Engine Statistics ---
	Number of main loop iterations: 100000
		98859 iterations were simplex steps. Total time: 145287 milli. Average: 1.47 milli.
		0 iterations were constraint-fixing steps. Total time: 0 milli. Average: 0.00 milli
	Number of active piecewise-linear constraints: 43 / 161
		Constraints disabled by valid splits: 1. By SMT-originated splits: 117
	Last reported degradation: 0.0000000000. Max degradation so far: 0.0011479679. Restorations so far: 1
	Number of simplex pivots we attempted to skip because of instability: 3.
	Unstable pivots performed anyway: 0
	--- Tableau Statistics ---
	Total number of pivots performed: 85416
		Real pivots: 85342. Degenerate: 74 (0.09%)
		Degenerate pivots by request (e.g., to fix a PL constraint): 0 (0.00%)
		Average time per pivot: 0.29 milli
	Total number of fake pivots performed: 4028
	Total number of rows added: 0. Number of merged columns: 0
	Current tableau dimensions: M = 705, N = 2083
	--- SMT Core Statistics ---
	Total depth is 117. Total visited states: 861. Number of splits: 487. Number of pops: 373
	Max stack depth: 138
	--- Bound Tightening Statistics ---
	Number of tightened bounds: 182047.
		Number of rows examined by row tightener: 85416. Consequent tightenings: 10968
		Number of explicit basis matrices examined by row tightener: 368. Consequent tightenings: 17709
		Number of bound tightening rounds on the entire constraint matrix: 0. Consequent tightenings: 0
		Number of bound notifications sent to PL constraints: 20494. Tightenings proposed: 0
	--- Basis Factorization statistics ---
	Number of basis refactorizations: 715
	--- Projected Steepest Edge Statistics ---
	Number of iterations: 89447.
	Number of resets to reference space: 422. Avg. iterations per reset: 211
	--- SBT ---
	Number of tightened bounds: 182432
	--- SoI-based local search ---
	Number of proposed phase pattern update: 4062. Number of accepted update: 3573 [87.96%]
	Total time (% of local search time) updating SoI phase pattern : 171508 milli [0.20%]
	Total time obtaining current assignment: 1078086 milli [1.27%]
	Total time getting SoI phase pattern : 65086 milli [0.03%]
	--- Context dependent statistics ---
	Number of pushes / pops: 860 / 743
		[0.02%] Pre-Push hook: 46 milli
		[0.00%] Push : 0 milli
		[0.01%] Post-Pop hook: 25 milli
		[0.01%] Pop : 23 milli
		[0.04%] Total context-switching time: 94 milli
	--- Proof Certificate ---
	Number of certified leaves: 0
	Number of leaves to delegate: 0

23:35:07 Statistics update:
	--- Time Statistics ---
	Total time elapsed: 291288 milli (00:04:51)
		Main loop: 290653 milli (00:04:50)
		Preprocessing time: 184 milli (00:00:00)
		Unknown: 450 milli (00:00:00)
	Breakdown for main loop:
		[55.13%] Simplex steps: 160234 milli
		[35.42%] Explicit-basis bound tightening: 102945 milli
		[0.00%] Constraint-matrix bound tightening: 0 milli
		[0.85%] Degradation checking: 2472 milli
		[0.12%] Precision restoration: 337 milli
		[0.04%] Statistics handling: 111 milli
		[0.00%] Constraint-fixing steps: 0 milli
		[0.00%] Valid case splits: 8 milli. Average per split: 0.00 milli
		[0.00%] Applying stored bound-tightening: 6 milli
		[0.24%] SMT core: 706 milli
		[2.59%] Symbolic Bound Tightening: 7535 milli
		[31.16%] SoI-based local search: 90581 milli
		[0.00%] SoI-based local search: 0 milli
		[5.61%] Unaccounted for: 16294 milli
	--- Preprocessor Statistics ---
	Number of preprocessor bound-tightening loop iterations: 3
	Number of eliminated variables: 95
	Number of constraints removed due to variable elimination: 95
	Number of equations removed due to variable elimination: 0
	--- Engine Statistics ---
	Number of main loop iterations: 110000
		108774 iterations were simplex steps. Total time: 160234 milli. Average: 1.47 milli.
		0 iterations were constraint-fixing steps. Total time: 0 milli. Average: 0.00 milli
	Number of active piecewise-linear constraints: 52 / 161
		Constraints disabled by valid splits: 0. By SMT-originated splits: 109
	Last reported degradation: 0.0000000000. Max degradation so far: 0.0011479679. Restorations so far: 1
	Number of simplex pivots we attempted to skip because of instability: 3.
	Unstable pivots performed anyway: 0
	--- Tableau Statistics ---
	Total number of pivots performed: 94286
		Real pivots: 94207. Degenerate: 79 (0.08%)
		Degenerate pivots by request (e.g., to fix a PL constraint): 0 (0.00%)
		Average time per pivot: 0.29 milli
	Total number of fake pivots performed: 4456
	Total number of rows added: 0. Number of merged columns: 0
	Current tableau dimensions: M = 705, N = 2083
	--- SMT Core Statistics ---
	Total depth is 109. Total visited states: 937. Number of splits: 522. Number of pops: 414
	Max stack depth: 138
	--- Bound Tightening Statistics ---
	Number of tightened bounds: 195537.
		Number of rows examined by row tightener: 94286. Consequent tightenings: 11471
		Number of explicit basis matrices examined by row tightener: 424. Consequent tightenings: 19628
		Number of bound tightening rounds on the entire constraint matrix: 0. Consequent tightenings: 0
		Number of bound notifications sent to PL constraints: 22283. Tightenings proposed: 0
	--- Basis Factorization statistics ---
	Number of basis refactorizations: 791
	--- Projected Steepest Edge Statistics ---
	Number of iterations: 98745.
	Number of resets to reference space: 467. Avg. iterations per reset: 211
	--- SBT ---
	Number of tightened bounds: 195922
	--- SoI-based local search ---
	Number of proposed phase pattern update: 4306. Number of accepted update: 3782 [87.83%]
	Total time (% of local search time) updating SoI phase pattern : 184570 milli [0.20%]
	Total time obtaining current assignment: 1146359 milli [1.27%]
	Total time getting SoI phase pattern : 69702 milli [0.02%]
	--- Context dependent statistics ---
	Number of pushes / pops: 936 / 827
		[0.02%] Pre-Push hook: 49 milli
		[0.00%] Push : 0 milli
		[0.01%] Post-Pop hook: 27 milli
		[0.01%] Pop : 25 milli
		[0.04%] Total context-switching time: 102 milli
	--- Proof Certificate ---
	Number of certified leaves: 0
	Number of leaves to delegate: 0


Engine: quitting due to timeout...

Final statistics:

23:35:17 Statistics update:
	--- Time Statistics ---
	Total time elapsed: 301124 milli (00:05:01)
		Main loop: 300636 milli (00:05:00)
		Preprocessing time: 184 milli (00:00:00)
		Unknown: 304 milli (00:00:00)
	Breakdown for main loop:
		[54.81%] Simplex steps: 164782 milli
		[35.60%] Explicit-basis bound tightening: 107013 milli
		[0.00%] Constraint-matrix bound tightening: 0 milli
		[0.85%] Degradation checking: 2548 milli
		[0.11%] Precision restoration: 337 milli
		[0.04%] Statistics handling: 114 milli
		[0.00%] Constraint-fixing steps: 0 milli
		[0.00%] Valid case splits: 8 milli. Average per split: 0.00 milli
		[0.00%] Applying stored bound-tightening: 7 milli
		[0.24%] SMT core: 736 milli
		[2.61%] Symbolic Bound Tightening: 7833 milli
		[30.86%] SoI-based local search: 92771 milli
		[0.00%] SoI-based local search: 0 milli
		[5.74%] Unaccounted for: 17252 milli
	--- Preprocessor Statistics ---
	Number of preprocessor bound-tightening loop iterations: 3
	Number of eliminated variables: 95
	Number of constraints removed due to variable elimination: 95
	Number of equations removed due to variable elimination: 0
	--- Engine Statistics ---
	Number of main loop iterations: 113202
		111939 iterations were simplex steps. Total time: 164782 milli. Average: 1.47 milli.
		0 iterations were constraint-fixing steps. Total time: 0 milli. Average: 0.00 milli
	Number of active piecewise-linear constraints: 54 / 161
		Constraints disabled by valid splits: 0. By SMT-originated splits: 107
	Last reported degradation: 0.0000000000. Max degradation so far: 0.0011479679. Restorations so far: 1
	Number of simplex pivots we attempted to skip because of instability: 3.
	Unstable pivots performed anyway: 0
	--- Tableau Statistics ---
	Total number of pivots performed: 96972
		Real pivots: 96891. Degenerate: 81 (0.08%)
		Degenerate pivots by request (e.g., to fix a PL constraint): 0 (0.00%)
		Average time per pivot: 0.29 milli
	Total number of fake pivots performed: 4605
	Total number of rows added: 0. Number of merged columns: 0
	Current tableau dimensions: M = 705, N = 2083
	--- SMT Core Statistics ---
	Total depth is 107. Total visited states: 974. Number of splits: 539. Number of pops: 434
	Max stack depth: 138
	--- Bound Tightening Statistics ---
	Number of tightened bounds: 203723.
		Number of rows examined by row tightener: 96972. Consequent tightenings: 13135
		Number of explicit basis matrices examined by row tightener: 442. Consequent tightenings: 20210
		Number of bound tightening rounds on the entire constraint matrix: 0. Consequent tightenings: 0
		Number of bound notifications sent to PL constraints: 23372. Tightenings proposed: 0
	--- Basis Factorization statistics ---
	Number of basis refactorizations: 814
	--- Projected Steepest Edge Statistics ---
	Number of iterations: 101580.
	Number of resets to reference space: 487. Avg. iterations per reset: 208
	--- SBT ---
	Number of tightened bounds: 204108
	--- SoI-based local search ---
	Number of proposed phase pattern update: 4442. Number of accepted update: 3902 [87.84%]
	Total time (% of local search time) updating SoI phase pattern : 190133 milli [0.20%]
	Total time obtaining current assignment: 1182746 milli [1.27%]
	Total time getting SoI phase pattern : 72062 milli [0.02%]
	--- Context dependent statistics ---
	Number of pushes / pops: 973 / 866
		[0.02%] Pre-Push hook: 50 milli
		[0.00%] Push : 0 milli
		[0.01%] Post-Pop hook: 28 milli
		[0.01%] Pop : 26 milli
		[0.04%] Total context-switching time: 106 milli
	--- Proof Certificate ---
	Number of certified leaves: 0
	Number of leaves to delegate: 0
Timeout
