InputQuery: /home/levn/Workspace/othello_world/queries/probe_robust/group_2/game_58_target_63_eps_0.1.txt
Engine::processInputQuery: Input query (before preprocessing): 449 equations, 1216 variables
Engine::processInputQuery: Input query (after preprocessing): 705 equations, 1371 variables

Input bounds:
	x0: [ -0.1531,   0.0469] 
	x1: [ -1.3940,  -1.1940] 
	x2: [ -1.7693,  -1.5693] 
	x3: [ -0.1993,   0.0007] 
	x4: [ -0.8745,  -0.6745] 
	x5: [ -0.6321,  -0.4321] 
	x6: [  1.1800,   1.3800] 
	x7: [ -1.6082,  -1.4082] 
	x8: [ -2.8077,  -2.6077] 
	x9: [  1.1895,   1.3895] 
	x10: [ -1.1016,  -0.9016] 
	x11: [ -0.0321,   0.1679] 
	x12: [ -2.5876,  -2.3876] 
	x13: [  0.3319,   0.5319] 
	x14: [ -0.3987,  -0.1987] 
	x15: [ -0.2203,  -0.0203] 
	x16: [  0.4776,   0.6776] 
	x17: [ -1.1295,  -0.9295] 
	x18: [  0.8660,   1.0660] 
	x19: [ -3.0896,  -2.8896] 
	x20: [ -0.0031,   0.1969] 
	x21: [  0.8464,   1.0464] 
	x22: [ -1.1567,  -0.9567] 
	x23: [ -0.9251,  -0.7251] 
	x24: [  1.8880,   2.0880] 
	x25: [  0.6401,   0.8401] 
	x26: [  1.4254,   1.6254] 
	x27: [ -0.9125,  -0.7125] 
	x28: [ -3.7316,  -3.5316] 
	x29: [  0.6086,   0.8086] 
	x30: [ -0.9174,  -0.7174] 
	x31: [ -2.7955,  -2.5955] 
	x32: [  0.5557,   0.7557] 
	x33: [  3.7945,   3.9945] 
	x34: [ -0.9271,  -0.7271] 
	x35: [ -0.1005,   0.0995] 
	x36: [  0.2135,   0.4135] 
	x37: [ -0.6745,  -0.4745] 
	x38: [  2.8976,   3.0976] 
	x39: [ -1.5354,  -1.3354] 
	x40: [ -0.7534,  -0.5534] 
	x41: [  0.9070,   1.1070] 
	x42: [ -0.0202,   0.1798] 
	x43: [ -1.1112,  -0.9112] 
	x44: [ -0.4927,  -0.2927] 
	x45: [  0.2802,   0.4802] 
	x46: [ -3.9155,  -3.7155] 
	x47: [  0.5982,   0.7982] 
	x48: [  1.3190,   1.5190] 
	x49: [ -1.3248,  -1.1248] 
	x50: [  0.6938,   0.8938] 
	x51: [  1.4044,   1.6044] 
	x52: [  2.2451,   2.4451] 
	x53: [  1.8105,   2.0105] 
	x54: [  0.7021,   0.9021] 
	x55: [  2.3185,   2.5185] 
	x56: [ -0.2619,  -0.0619] 
	x57: [  1.1791,   1.3791] 
	x58: [ -1.3281,  -1.1281] 
	x59: [ -2.2504,  -2.0504] 
	x60: [  0.6757,   0.8757] 
	x61: [ -0.0159,   0.1841] 
	x62: [  0.5829,   0.7829] 
	x63: [ -2.4579,  -2.2579] 
	x64: [ -2.3967,  -2.1967] 
	x65: [  1.2433,   1.4433] 
	x66: [ -1.2418,  -1.0418] 
	x67: [ -2.2818,  -2.0818] 
	x68: [ -0.8228,  -0.6228] 
	x69: [ -0.3770,  -0.1770] 
	x70: [ -3.5613,  -3.3613] 
	x71: [ -0.6795,  -0.4795] 
	x72: [ -1.0376,  -0.8376] 
	x73: [  2.2094,   2.4094] 
	x74: [ -2.0616,  -1.8616] 
	x75: [ -3.0196,  -2.8196] 
	x76: [ -0.3303,  -0.1303] 
	x77: [  0.8146,   1.0146] 
	x78: [  1.2178,   1.4178] 
	x79: [  1.3184,   1.5184] 
	x80: [ -1.9049,  -1.7049] 
	x81: [ -1.0943,  -0.8943] 
	x82: [ -2.8703,  -2.6703] 
	x83: [ -2.2864,  -2.0864] 
	x84: [ -0.1842,   0.0158] 
	x85: [  1.4308,   1.6308] 
	x86: [  1.3501,   1.5501] 
	x87: [  1.4524,   1.6524] 
	x88: [ -0.2872,  -0.0872] 
	x89: [  2.0035,   2.2035] 
	x90: [ -0.6310,  -0.4310] 
	x91: [  0.6762,   0.8762] 
	x92: [  1.2643,   1.4643] 
	x93: [  0.8200,   1.0200] 
	x94: [ -1.6501,  -1.4501] 
	x95: [  2.6540,   2.8540] 
	x96: [ -1.2215,  -1.0215] 
	x97: [ -0.5899,  -0.3899] 
	x98: [ -0.8586,  -0.6586] 
	x99: [  3.0313,   3.2313] 
	x100: [ -0.7848,  -0.5848] 
	x101: [  0.6587,   0.8587] 
	x102: [  0.2854,   0.4854] 
	x103: [ -0.3625,  -0.1625] 
	x104: [ -0.9037,  -0.7037] 
	x105: [ -0.9218,  -0.7218] 
	x106: [  0.7383,   0.9383] 
	x107: [ -1.6703,  -1.4703] 
	x108: [  1.2970,   1.4970] 
	x109: [  1.0632,   1.2632] 
	x110: [ -3.0098,  -2.8098] 
	x111: [ -0.1548,   0.0452] 
	x112: [  0.7818,   0.9818] 
	x113: [ -1.2984,  -1.0984] 
	x114: [ -1.7704,  -1.5704] 
	x115: [  0.7665,   0.9665] 
	x116: [  2.0371,   2.2371] 
	x117: [ -0.7216,  -0.5216] 
	x118: [  0.4747,   0.6747] 
	x119: [ -1.2536,  -1.0536] 
	x120: [ -0.2661,  -0.0661] 
	x121: [  1.5427,   1.7427] 
	x122: [  1.4048,   1.6048] 
	x123: [ -1.8898,  -1.6898] 
	x124: [  2.1844,   2.3844] 
	x125: [ -0.5652,  -0.3652] 
	x126: [  0.5706,   0.7706] 
	x127: [  0.1211,   0.3211] 
	x128: [ -0.3118,  -0.1118] 
	x129: [  1.6014,   1.8014] 
	x130: [  0.2586,   0.4586] 
	x131: [ -1.4132,  -1.2132] 
	x132: [ -0.6548,  -0.4548] 
	x133: [ -0.2989,  -0.0989] 
	x134: [ -1.9857,  -1.7857] 
	x135: [ -0.3237,  -0.1237] 
	x136: [  0.5407,   0.7407] 
	x137: [  0.2401,   0.4401] 
	x138: [  2.8785,   3.0785] 
	x139: [ -1.6254,  -1.4254] 
	x140: [  0.6559,   0.8559] 
	x141: [  0.9369,   1.1369] 
	x142: [  2.2610,   2.4610] 
	x143: [ -0.8280,  -0.6280] 
	x144: [ -1.3650,  -1.1650] 
	x145: [  1.5182,   1.7182] 
	x146: [ -1.9766,  -1.7766] 
	x147: [ -0.8667,  -0.6667] 
	x148: [  1.8321,   2.0321] 
	x149: [ -0.3564,  -0.1564] 
	x150: [  0.5258,   0.7258] 
	x151: [ -0.0082,   0.1918] 
	x152: [ -1.4227,  -1.2227] 
	x153: [ -2.2303,  -2.0303] 
	x154: [ -0.1956,   0.0044] 
	x155: [  1.4077,   1.6077] 
	x156: [  0.9691,   1.1691] 
	x157: [  0.7894,   0.9894] 
	x158: [ -1.1976,  -0.9976] 
	x159: [  0.7554,   0.9554] 
	x160: [ -1.2702,  -1.0702] 
	x161: [  1.0010,   1.2010] 
	x162: [  0.0413,   0.2413] 
	x163: [ -3.0028,  -2.8028] 
	x164: [ -1.4292,  -1.2292] 
	x165: [  0.6911,   0.8911] 
	x166: [ -1.0735,  -0.8735] 
	x167: [  1.7266,   1.9266] 
	x168: [ -4.2305,  -4.0305] 
	x169: [ -0.5384,  -0.3384] 
	x170: [  1.2910,   1.4910] 
	x171: [ -1.8872,  -1.6872] 
	x172: [ -0.0348,   0.1652] 
	x173: [  1.4054,   1.6054] 
	x174: [  0.4676,   0.6676] 
	x175: [  0.4496,   0.6496] 
	x176: [  0.0345,   0.2345] 
	x177: [ -0.7233,  -0.5233] 
	x178: [ -0.9669,  -0.7669] 
	x179: [ -3.5242,  -3.3242] 
	x180: [ -1.4118,  -1.2118] 
	x181: [ -1.5799,  -1.3799] 
	x182: [  1.2936,   1.4936] 
	x183: [  1.8665,   2.0665] 
	x184: [ -1.5388,  -1.3388] 
	x185: [ -1.8812,  -1.6812] 
	x186: [  0.6507,   0.8507] 
	x187: [ -1.5246,  -1.3246] 
	x188: [  2.7192,   2.9192] 
	x189: [ -3.1248,  -2.9248] 
	x190: [ -3.1704,  -2.9704] 
	x191: [  2.2259,   2.4259] 
	x192: [  1.5093,   1.7093] 
	x193: [ -0.4246,  -0.2246] 
	x194: [ -0.5824,  -0.3824] 
	x195: [ -0.2768,  -0.0768] 
	x196: [  2.0043,   2.2043] 
	x197: [  1.2459,   1.4459] 
	x198: [ -0.7253,  -0.5253] 
	x199: [  0.5803,   0.7803] 
	x200: [  1.6088,   1.8088] 
	x201: [  0.0010,   0.2010] 
	x202: [ -0.1464,   0.0536] 
	x203: [  1.9699,   2.1699] 
	x204: [  0.6337,   0.8337] 
	x205: [ -1.3697,  -1.1697] 
	x206: [  0.8926,   1.0926] 
	x207: [ -1.6085,  -1.4085] 
	x208: [ -1.4620,  -1.2620] 
	x209: [ -1.4442,  -1.2442] 
	x210: [ -0.3735,  -0.1735] 
	x211: [  0.2184,   0.4184] 
	x212: [ -0.4784,  -0.2784] 
	x213: [ -1.5785,  -1.3785] 
	x214: [  1.2925,   1.4925] 
	x215: [  2.1179,   2.3179] 
	x216: [ -0.3845,  -0.1845] 
	x217: [ -2.3817,  -2.1817] 
	x218: [  0.5834,   0.7834] 
	x219: [  0.0998,   0.2998] 
	x220: [ -1.4253,  -1.2253] 
	x221: [ -1.1230,  -0.9230] 
	x222: [ -2.9098,  -2.7098] 
	x223: [ -0.4038,  -0.2038] 
	x224: [ -1.0357,  -0.8357] 
	x225: [  2.1788,   2.3788] 
	x226: [ -1.2627,  -1.0627] 
	x227: [  0.8322,   1.0322] 
	x228: [ -0.7873,  -0.5873] 
	x229: [ -0.7361,  -0.5361] 
	x230: [  4.6265,   4.8265] 
	x231: [  1.9942,   2.1942] 
	x232: [ -2.0112,  -1.8112] 
	x233: [  0.4025,   0.6025] 
	x234: [  0.0570,   0.2570] 
	x235: [  1.0570,   1.2570] 
	x236: [  1.8783,   2.0783] 
	x237: [ -2.1153,  -1.9153] 
	x238: [  1.5887,   1.7887] 
	x239: [  0.6555,   0.8555] 
	x240: [  1.7774,   1.9774] 
	x241: [ -1.1768,  -0.9768] 
	x242: [  0.6780,   0.8780] 
	x243: [  0.3758,   0.5758] 
	x244: [ -0.3377,  -0.1377] 
	x245: [ -1.3059,  -1.1059] 
	x246: [ -2.5124,  -2.3124] 
	x247: [ -3.7133,  -3.5133] 
	x248: [ -2.3504,  -2.1504] 
	x249: [  1.1487,   1.3487] 
	x250: [ -0.3889,  -0.1889] 
	x251: [ -0.3166,  -0.1166] 
	x252: [ -1.0785,  -0.8785] 
	x253: [  0.4345,   0.6345] 
	x254: [  1.7472,   1.9472] 
	x255: [  0.0578,   0.2578] 
	x256: [  2.8006,   3.0006] 
	x257: [  2.3180,   2.5180] 
	x258: [ -1.0173,  -0.8173] 
	x259: [ -0.4528,  -0.2528] 
	x260: [  0.9119,   1.1119] 
	x261: [  2.2033,   2.4033] 
	x262: [ -0.7335,  -0.5335] 
	x263: [  0.3746,   0.5746] 
	x264: [ -1.0470,  -0.8470] 
	x265: [ -2.0269,  -1.8269] 
	x266: [  0.2372,   0.4372] 
	x267: [  0.5278,   0.7278] 
	x268: [ -1.6859,  -1.4859] 
	x269: [ -2.2912,  -2.0912] 
	x270: [ -0.6211,  -0.4211] 
	x271: [ -1.8895,  -1.6895] 
	x272: [ -1.7542,  -1.5542] 
	x273: [ -0.2852,  -0.0852] 
	x274: [  0.7485,   0.9485] 
	x275: [  2.9898,   3.1898] 
	x276: [ -1.1774,  -0.9774] 
	x277: [  0.0939,   0.2939] 
	x278: [ -3.8843,  -3.6843] 
	x279: [  0.2137,   0.4137] 
	x280: [ -1.3729,  -1.1729] 
	x281: [ -2.8579,  -2.6579] 
	x282: [ -1.3820,  -1.1820] 
	x283: [ -2.6008,  -2.4008] 
	x284: [  0.1189,   0.3189] 
	x285: [ -0.6298,  -0.4298] 
	x286: [ -1.2986,  -1.0986] 
	x287: [ -0.8041,  -0.6041] 
	x288: [ -1.1897,  -0.9897] 
	x289: [ -0.9445,  -0.7445] 
	x290: [  0.2380,   0.4380] 
	x291: [ -0.9244,  -0.7244] 
	x292: [ -0.6414,  -0.4414] 
	x293: [ -0.0292,   0.1708] 
	x294: [  2.5577,   2.7577] 
	x295: [  2.4209,   2.6209] 
	x296: [ -0.3207,  -0.1207] 
	x297: [ -0.3776,  -0.1776] 
	x298: [  0.0058,   0.2058] 
	x299: [ -0.8856,  -0.6856] 
	x300: [ -1.3112,  -1.1112] 
	x301: [  0.4882,   0.6882] 
	x302: [  3.2555,   3.4555] 
	x303: [ -2.6739,  -2.4739] 
	x304: [  0.5844,   0.7844] 
	x305: [ -2.2016,  -2.0016] 
	x306: [ -0.4788,  -0.2788] 
	x307: [ -2.2357,  -2.0357] 
	x308: [ -1.5156,  -1.3156] 
	x309: [ -1.7239,  -1.5239] 
	x310: [ -2.7575,  -2.5575] 
	x311: [  2.6861,   2.8861] 
	x312: [  2.3058,   2.5058] 
	x313: [ -0.6140,  -0.4140] 
	x314: [ -0.2498,  -0.0498] 
	x315: [  1.0737,   1.2737] 
	x316: [  2.2599,   2.4599] 
	x317: [  0.6132,   0.8132] 
	x318: [  1.0165,   1.2165] 
	x319: [  0.6236,   0.8236] 
	x320: [  0.8337,   1.0337] 
	x321: [  0.5932,   0.7932] 
	x322: [ -1.2705,  -1.0705] 
	x323: [  1.5960,   1.7960] 
	x324: [  0.5751,   0.7751] 
	x325: [ -2.8985,  -2.6985] 
	x326: [ -1.7205,  -1.5205] 
	x327: [ -1.1416,  -0.9416] 
	x328: [  2.6668,   2.8668] 
	x329: [ -2.3551,  -2.1551] 
	x330: [  0.0445,   0.2445] 
	x331: [  1.0463,   1.2463] 
	x332: [ -0.6643,  -0.4643] 
	x333: [ -1.4621,  -1.2621] 
	x334: [  0.0184,   0.2184] 
	x335: [  1.8991,   2.0991] 
	x336: [ -1.0388,  -0.8388] 
	x337: [  4.1575,   4.3575] 
	x338: [ -0.2413,  -0.0413] 
	x339: [ -0.0504,   0.1496] 
	x340: [ -0.2412,  -0.0412] 
	x341: [  1.2016,   1.4016] 
	x342: [  1.3774,   1.5774] 
	x343: [  1.7416,   1.9416] 
	x344: [  2.3713,   2.5713] 
	x345: [ -0.2648,  -0.0648] 
	x346: [  0.6573,   0.8573] 
	x347: [ -2.7903,  -2.5903] 
	x348: [  0.4617,   0.6617] 
	x349: [  1.8054,   2.0054] 
	x350: [ -0.4520,  -0.2520] 
	x351: [  1.1445,   1.3445] 
	x352: [ -0.3698,  -0.1698] 
	x353: [  0.3281,   0.5281] 
	x354: [  2.4916,   2.6916] 
	x355: [  0.5346,   0.7346] 
	x356: [ -2.4917,  -2.2917] 
	x357: [ -0.8847,  -0.6847] 
	x358: [  0.9836,   1.1836] 
	x359: [  3.3545,   3.5545] 
	x360: [ -1.2783,  -1.0783] 
	x361: [  0.3732,   0.5732] 
	x362: [ -2.6379,  -2.4379] 
	x363: [ -1.1861,  -0.9861] 
	x364: [  0.8734,   1.0734] 
	x365: [  0.9609,   1.1609] 
	x366: [ -1.4518,  -1.2518] 
	x367: [  2.0294,   2.2294] 
	x368: [ -0.3756,  -0.1756] 
	x369: [ -1.5967,  -1.3967] 
	x370: [ -1.9775,  -1.7775] 
	x371: [ -1.7434,  -1.5434] 
	x372: [  0.3767,   0.5767] 
	x373: [  2.9053,   3.1053] 
	x374: [  0.7081,   0.9081] 
	x375: [ -0.6479,  -0.4479] 
	x376: [ -0.5256,  -0.3256] 
	x377: [  0.1045,   0.3045] 
	x378: [ -3.6529,  -3.4529] 
	x379: [  4.1014,   4.3014] 
	x380: [ -0.1724,   0.0276] 
	x381: [  1.3013,   1.5013] 
	x382: [ -1.2857,  -1.0857] 
	x383: [  0.6665,   0.8665] 
	x384: [  1.8596,   2.0596] 
	x385: [ -0.2207,  -0.0207] 
	x386: [ -2.1793,  -1.9793] 
	x387: [ -0.2543,  -0.0543] 
	x388: [ -0.8656,  -0.6656] 
	x389: [  1.0451,   1.2451] 
	x390: [ -0.5770,  -0.3770] 
	x391: [ -1.1753,  -0.9753] 
	x392: [  0.3816,   0.5816] 
	x393: [ -0.8186,  -0.6186] 
	x394: [ -0.8454,  -0.6454] 
	x395: [  2.5380,   2.7380] 
	x396: [ -1.3270,  -1.1270] 
	x397: [ -0.3053,  -0.1053] 
	x398: [ -0.4468,  -0.2468] 
	x399: [ -1.1970,  -0.9970] 
	x400: [  3.1097,   3.3097] 
	x401: [ -2.2301,  -2.0301] 
	x402: [ -0.3359,  -0.1359] 
	x403: [ -1.8617,  -1.6617] 
	x404: [ -1.5183,  -1.3183] 
	x405: [  0.6953,   0.8953] 
	x406: [  0.2876,   0.4876] 
	x407: [ -1.1942,  -0.9942] 
	x408: [  0.8639,   1.0639] 
	x409: [ -2.1535,  -1.9535] 
	x410: [ -1.1626,  -0.9626] 
	x411: [  1.5474,   1.7474] 
	x412: [ -0.2104,  -0.0104] 
	x413: [ -1.6081,  -1.4081] 
	x414: [ -0.3237,  -0.1237] 
	x415: [  2.5759,   2.7759] 
	x416: [ -1.1020,  -0.9020] 
	x417: [  0.3003,   0.5003] 
	x418: [ -1.3656,  -1.1656] 
	x419: [ -0.8149,  -0.6149] 
	x420: [ -3.0428,  -2.8428] 
	x421: [  0.8795,   1.0795] 
	x422: [ -0.9523,  -0.7523] 
	x423: [ -0.1850,   0.0150] 
	x424: [ -1.1255,  -0.9255] 
	x425: [  1.1371,   1.3371] 
	x426: [  0.4833,   0.6833] 
	x427: [ -0.1964,   0.0036] 
	x428: [ -2.0503,  -1.8503] 
	x429: [  0.6428,   0.8428] 
	x430: [ -0.4306,  -0.2306] 
	x431: [ -2.1660,  -1.9660] 
	x432: [ -0.4270,  -0.2270] 
	x433: [  0.6897,   0.8897] 
	x434: [  0.2679,   0.4679] 
	x435: [ -0.9573,  -0.7573] 
	x436: [ -1.5547,  -1.3547] 
	x437: [ -0.6575,  -0.4575] 
	x438: [ -0.2410,  -0.0410] 
	x439: [ -0.8562,  -0.6562] 
	x440: [  1.5093,   1.7093] 
	x441: [  0.2237,   0.4237] 
	x442: [ -1.4689,  -1.2689] 
	x443: [ -0.8881,  -0.6881] 
	x444: [  0.2267,   0.4267] 
	x445: [  1.0107,   1.2107] 
	x446: [  0.8422,   1.0422] 
	x447: [  0.6148,   0.8148] 
	x448: [ -0.0767,   0.1233] 
	x449: [  1.7766,   1.9766] 
	x450: [ -1.5528,  -1.3528] 
	x451: [  1.0421,   1.2421] 
	x452: [  1.0119,   1.2119] 
	x453: [ -1.0821,  -0.8821] 
	x454: [  1.8381,   2.0381] 
	x455: [  0.0346,   0.2346] 
	x456: [ -1.5816,  -1.3816] 
	x457: [  0.8051,   1.0051] 
	x458: [  3.3804,   3.5804] 
	x459: [  0.5361,   0.7361] 
	x460: [  2.1295,   2.3295] 
	x461: [  1.3979,   1.5979] 
	x462: [ -1.4314,  -1.2314] 
	x463: [ -1.2157,  -1.0157] 
	x464: [  1.0522,   1.2522] 
	x465: [  1.2349,   1.4349] 
	x466: [ -1.4200,  -1.2200] 
	x467: [ -2.0100,  -1.8100] 
	x468: [ -0.8109,  -0.6109] 
	x469: [  0.6521,   0.8521] 
	x470: [ -2.1111,  -1.9111] 
	x471: [  2.9129,   3.1129] 
	x472: [  1.4221,   1.6221] 
	x473: [  2.7593,   2.9593] 
	x474: [  0.1758,   0.3758] 
	x475: [  1.1788,   1.3788] 
	x476: [ -1.2365,  -1.0365] 
	x477: [ -0.5436,  -0.3436] 
	x478: [ -2.2018,  -2.0018] 
	x479: [  1.4516,   1.6516] 
	x480: [ -0.7345,  -0.5345] 
	x481: [ -0.2385,  -0.0385] 
	x482: [ -2.3659,  -2.1659] 
	x483: [ -0.8694,  -0.6694] 
	x484: [  2.7993,   2.9993] 
	x485: [ -1.1988,  -0.9988] 
	x486: [ -2.2614,  -2.0614] 
	x487: [  1.5171,   1.7171] 
	x488: [  3.2525,   3.4525] 
	x489: [  2.2366,   2.4366] 
	x490: [ -0.9332,  -0.7332] 
	x491: [ -1.9600,  -1.7600] 
	x492: [  0.7832,   0.9832] 
	x493: [  0.6572,   0.8572] 
	x494: [ -0.7543,  -0.5543] 
	x495: [  0.3157,   0.5157] 
	x496: [ -1.1877,  -0.9877] 
	x497: [ -0.4373,  -0.2373] 
	x498: [  2.3607,   2.5607] 
	x499: [  0.6904,   0.8904] 
	x500: [ -1.3479,  -1.1479] 
	x501: [ -0.5654,  -0.3654] 
	x502: [ -0.4388,  -0.2388] 
	x503: [ -0.1659,   0.0341] 
	x504: [ -0.9298,  -0.7298] 
	x505: [ -3.0239,  -2.8239] 
	x506: [ -1.3717,  -1.1717] 
	x507: [ -0.2964,  -0.0964] 
	x508: [ -0.5793,  -0.3793] 
	x509: [  0.2185,   0.4185] 
	x510: [ -0.4630,  -0.2630] 
	x511: [ -1.7110,  -1.5110] 

Branching heuristics set to PseudoImpact

Engine::solve: Initial statistics

00:02:45 Statistics update:
	--- Time Statistics ---
	Total time elapsed: 486 milli (00:00:00)
		Main loop: 0 milli (00:00:00)
		Preprocessing time: 189 milli (00:00:00)
		Unknown: 297 milli (00:00:00)
	Breakdown for main loop:
		[0.00%] Simplex steps: 0 milli
		[0.00%] Explicit-basis bound tightening: 0 milli
		[0.00%] Constraint-matrix bound tightening: 0 milli
		[0.00%] Degradation checking: 0 milli
		[0.00%] Precision restoration: 0 milli
		[0.00%] Statistics handling: 0 milli
		[0.00%] Constraint-fixing steps: 0 milli
		[0.00%] Valid case splits: 0 milli. Average per split: 0.00 milli
		[0.00%] Applying stored bound-tightening: 0 milli
		[0.00%] SMT core: 0 milli
		[0.00%] Symbolic Bound Tightening: 12 milli
		[0.00%] SoI-based local search: 0 milli
		[0.00%] SoI-based local search: 0 milli
		[0.00%] Unaccounted for: 0 milli
	--- Preprocessor Statistics ---
	Number of preprocessor bound-tightening loop iterations: 3
	Number of eliminated variables: 102
	Number of constraints removed due to variable elimination: 102
	Number of equations removed due to variable elimination: 0
	--- Engine Statistics ---
	Number of main loop iterations: 1
		0 iterations were simplex steps. Total time: 0 milli. Average: 0.00 milli.
		0 iterations were constraint-fixing steps. Total time: 0 milli. Average: 0.00 milli
	Number of active piecewise-linear constraints: 154 / 154
		Constraints disabled by valid splits: 0. By SMT-originated splits: 0
	Last reported degradation: 0.0000000000. Max degradation so far: 0.0000000000. Restorations so far: 0
	Number of simplex pivots we attempted to skip because of instability: 0.
	Unstable pivots performed anyway: 0
	--- Tableau Statistics ---
	Total number of pivots performed: 0
		Real pivots: 0. Degenerate: 0 (0.00%)
		Degenerate pivots by request (e.g., to fix a PL constraint): 0 (0.00%)
		Average time per pivot: 0.00 milli
	Total number of fake pivots performed: 0
	Total number of rows added: 0. Number of merged columns: 0
	Current tableau dimensions: M = 705, N = 2076
	--- SMT Core Statistics ---
	Total depth is 0. Total visited states: 1. Number of splits: 0. Number of pops: 0
	Max stack depth: 0
	--- Bound Tightening Statistics ---
	Number of tightened bounds: 0.
		Number of rows examined by row tightener: 0. Consequent tightenings: 0
		Number of explicit basis matrices examined by row tightener: 0. Consequent tightenings: 0
		Number of bound tightening rounds on the entire constraint matrix: 0. Consequent tightenings: 0
		Number of bound notifications sent to PL constraints: 924. Tightenings proposed: 0
	--- Basis Factorization statistics ---
	Number of basis refactorizations: 2
	--- Projected Steepest Edge Statistics ---
	Number of iterations: 0.
	Number of resets to reference space: 1. Avg. iterations per reset: 0
	--- SBT ---
	Number of tightened bounds: 385
	--- SoI-based local search ---
	Number of proposed phase pattern update: 0. Number of accepted update: 0 [0.00%]
	Total time (% of local search time) updating SoI phase pattern : 0 milli [0.00%]
	Total time obtaining current assignment: 0 milli [0.00%]
	Total time getting SoI phase pattern : 0 milli [0.00%]
	--- Context dependent statistics ---
	Number of pushes / pops: 0 / 0
		[0.00%] Pre-Push hook: 0 milli
		[0.00%] Push : 0 milli
		[0.00%] Post-Pop hook: 0 milli
		[0.00%] Pop : 0 milli
		[0.00%] Total context-switching time: 0 milli
	--- Proof Certificate ---
	Number of certified leaves: 0
	Number of leaves to delegate: 0

---

00:03:01 Statistics update:
	--- Time Statistics ---
	Total time elapsed: 17023 milli (00:00:17)
		Main loop: 16462 milli (00:00:16)
		Preprocessing time: 189 milli (00:00:00)
		Unknown: 371 milli (00:00:00)
	Breakdown for main loop:
		[83.73%] Simplex steps: 13783 milli
		[11.78%] Explicit-basis bound tightening: 1939 milli
		[0.00%] Constraint-matrix bound tightening: 0 milli
		[1.26%] Degradation checking: 208 milli
		[0.00%] Precision restoration: 0 milli
		[0.05%] Statistics handling: 7 milli
		[0.00%] Constraint-fixing steps: 0 milli
		[0.00%] Valid case splits: 0 milli. Average per split: 0.00 milli
		[0.00%] Applying stored bound-tightening: 0 milli
		[0.06%] SMT core: 9 milli
		[2.74%] Symbolic Bound Tightening: 450 milli
		[66.01%] SoI-based local search: 10866 milli
		[0.00%] SoI-based local search: 0 milli
		[0.38%] Unaccounted for: 62 milli
	--- Preprocessor Statistics ---
	Number of preprocessor bound-tightening loop iterations: 3
	Number of eliminated variables: 102
	Number of constraints removed due to variable elimination: 102
	Number of equations removed due to variable elimination: 0
	--- Engine Statistics ---
	Number of main loop iterations: 10000
		9891 iterations were simplex steps. Total time: 13783 milli. Average: 1.39 milli.
		0 iterations were constraint-fixing steps. Total time: 0 milli. Average: 0.00 milli
	Number of active piecewise-linear constraints: 101 / 154
		Constraints disabled by valid splits: 0. By SMT-originated splits: 53
	Last reported degradation: 0.0000000000. Max degradation so far: 0.0000000000. Restorations so far: 0
	Number of simplex pivots we attempted to skip because of instability: 0.
	Unstable pivots performed anyway: 0
	--- Tableau Statistics ---
	Total number of pivots performed: 8847
		Real pivots: 8845. Degenerate: 2 (0.02%)
		Degenerate pivots by request (e.g., to fix a PL constraint): 0 (0.00%)
		Average time per pivot: 0.27 milli
	Total number of fake pivots performed: 402
	Total number of rows added: 0. Number of merged columns: 0
	Current tableau dimensions: M = 705, N = 2076
	--- SMT Core Statistics ---
	Total depth is 53. Total visited states: 54. Number of splits: 53. Number of pops: 0
	Max stack depth: 53
	--- Bound Tightening Statistics ---
	Number of tightened bounds: 10161.
		Number of rows examined by row tightener: 8847. Consequent tightenings: 1
		Number of explicit basis matrices examined by row tightener: 8. Consequent tightenings: 287
		Number of bound tightening rounds on the entire constraint matrix: 0. Consequent tightenings: 0
		Number of bound notifications sent to PL constraints: 1956. Tightenings proposed: 0
	--- Basis Factorization statistics ---
	Number of basis refactorizations: 78
	--- Projected Steepest Edge Statistics ---
	Number of iterations: 9249.
	Number of resets to reference space: 11. Avg. iterations per reset: 840
	--- SBT ---
	Number of tightened bounds: 10546
	--- SoI-based local search ---
	Number of proposed phase pattern update: 269. Number of accepted update: 216 [80.30%]
	Total time (% of local search time) updating SoI phase pattern : 19163 milli [0.18%]
	Total time obtaining current assignment: 67608 milli [0.62%]
	Total time getting SoI phase pattern : 12980 milli [0.08%]
	--- Context dependent statistics ---
	Number of pushes / pops: 53 / 0
		[0.03%] Pre-Push hook: 5 milli
		[0.00%] Push : 0 milli
		[0.00%] Post-Pop hook: 0 milli
		[0.00%] Pop : 0 milli
		[0.03%] Total context-switching time: 5 milli
	--- Proof Certificate ---
	Number of certified leaves: 0
	Number of leaves to delegate: 0

00:03:19 Statistics update:
	--- Time Statistics ---
	Total time elapsed: 34437 milli (00:00:34)
		Main loop: 33910 milli (00:00:33)
		Preprocessing time: 189 milli (00:00:00)
		Unknown: 338 milli (00:00:00)
	Breakdown for main loop:
		[79.40%] Simplex steps: 26925 milli
		[13.83%] Explicit-basis bound tightening: 4690 milli
		[0.00%] Constraint-matrix bound tightening: 0 milli
		[1.22%] Degradation checking: 415 milli
		[0.00%] Precision restoration: 0 milli
		[0.05%] Statistics handling: 16 milli
		[0.00%] Constraint-fixing steps: 0 milli
		[0.00%] Valid case splits: 0 milli. Average per split: 0.00 milli
		[0.00%] Applying stored bound-tightening: 1 milli
		[0.17%] SMT core: 56 milli
		[3.65%] Symbolic Bound Tightening: 1236 milli
		[62.28%] SoI-based local search: 21118 milli
		[0.00%] SoI-based local search: 0 milli
		[1.67%] Unaccounted for: 567 milli
	--- Preprocessor Statistics ---
	Number of preprocessor bound-tightening loop iterations: 3
	Number of eliminated variables: 102
	Number of constraints removed due to variable elimination: 102
	Number of equations removed due to variable elimination: 0
	--- Engine Statistics ---
	Number of main loop iterations: 20000
		19737 iterations were simplex steps. Total time: 26925 milli. Average: 1.36 milli.
		0 iterations were constraint-fixing steps. Total time: 0 milli. Average: 0.00 milli
	Number of active piecewise-linear constraints: 59 / 154
		Constraints disabled by valid splits: 0. By SMT-originated splits: 95
	Last reported degradation: 0.0000000000. Max degradation so far: 0.0000115780. Restorations so far: 0
	Number of simplex pivots we attempted to skip because of instability: 0.
	Unstable pivots performed anyway: 0
	--- Tableau Statistics ---
	Total number of pivots performed: 16942
		Real pivots: 16937. Degenerate: 5 (0.03%)
		Degenerate pivots by request (e.g., to fix a PL constraint): 0 (0.00%)
		Average time per pivot: 0.27 milli
	Total number of fake pivots performed: 807
	Total number of rows added: 0. Number of merged columns: 0
	Current tableau dimensions: M = 705, N = 2076
	--- SMT Core Statistics ---
	Total depth is 95. Total visited states: 151. Number of splits: 122. Number of pops: 28
	Max stack depth: 97
	--- Bound Tightening Statistics ---
	Number of tightened bounds: 29501.
		Number of rows examined by row tightener: 16942. Consequent tightenings: 193
		Number of explicit basis matrices examined by row tightener: 20. Consequent tightenings: 419
		Number of bound tightening rounds on the entire constraint matrix: 0. Consequent tightenings: 0
		Number of bound notifications sent to PL constraints: 2421. Tightenings proposed: 0
	--- Basis Factorization statistics ---
	Number of basis refactorizations: 143
	--- Projected Steepest Edge Statistics ---
	Number of iterations: 17749.
	Number of resets to reference space: 47. Avg. iterations per reset: 377
	--- SBT ---
	Number of tightened bounds: 29886
	--- SoI-based local search ---
	Number of proposed phase pattern update: 868. Number of accepted update: 746 [85.94%]
	Total time (% of local search time) updating SoI phase pattern : 42955 milli [0.20%]
	Total time obtaining current assignment: 209410 milli [0.99%]
	Total time getting SoI phase pattern : 27101 milli [0.08%]
	--- Context dependent statistics ---
	Number of pushes / pops: 150 / 55
		[0.04%] Pre-Push hook: 14 milli
		[0.00%] Push : 0 milli
		[0.01%] Post-Pop hook: 2 milli
		[0.00%] Pop : 1 milli
		[0.05%] Total context-switching time: 17 milli
	--- Proof Certificate ---
	Number of certified leaves: 0
	Number of leaves to delegate: 0

00:03:46 Statistics update:
	--- Time Statistics ---
	Total time elapsed: 61535 milli (00:01:01)
		Main loop: 61042 milli (00:01:01)
		Preprocessing time: 189 milli (00:00:00)
		Unknown: 303 milli (00:00:00)
	Breakdown for main loop:
		[66.14%] Simplex steps: 40371 milli
		[27.06%] Explicit-basis bound tightening: 16516 milli
		[0.00%] Constraint-matrix bound tightening: 0 milli
		[1.01%] Degradation checking: 619 milli
		[0.00%] Precision restoration: 0 milli
		[0.04%] Statistics handling: 25 milli
		[0.00%] Constraint-fixing steps: 0 milli
		[0.00%] Valid case splits: 1 milli. Average per split: 0.00 milli
		[0.00%] Applying stored bound-tightening: 2 milli
		[0.20%] SMT core: 119 milli
		[3.14%] Symbolic Bound Tightening: 1917 milli
		[44.20%] SoI-based local search: 26979 milli
		[0.00%] SoI-based local search: 0 milli
		[2.41%] Unaccounted for: 1469 milli
	--- Preprocessor Statistics ---
	Number of preprocessor bound-tightening loop iterations: 3
	Number of eliminated variables: 102
	Number of constraints removed due to variable elimination: 102
	Number of equations removed due to variable elimination: 0
	--- Engine Statistics ---
	Number of main loop iterations: 30000
		29649 iterations were simplex steps. Total time: 40371 milli. Average: 1.36 milli.
		0 iterations were constraint-fixing steps. Total time: 0 milli. Average: 0.00 milli
	Number of active piecewise-linear constraints: 65 / 154
		Constraints disabled by valid splits: 0. By SMT-originated splits: 89
	Last reported degradation: 0.0000000000. Max degradation so far: 0.0053652892. Restorations so far: 0
	Number of simplex pivots we attempted to skip because of instability: 0.
	Unstable pivots performed anyway: 0
	--- Tableau Statistics ---
	Total number of pivots performed: 25869
		Real pivots: 25858. Degenerate: 11 (0.04%)
		Degenerate pivots by request (e.g., to fix a PL constraint): 0 (0.00%)
		Average time per pivot: 0.29 milli
	Total number of fake pivots performed: 1076
	Total number of rows added: 0. Number of merged columns: 0
	Current tableau dimensions: M = 705, N = 2076
	--- SMT Core Statistics ---
	Total depth is 89. Total visited states: 235. Number of splits: 161. Number of pops: 73
	Max stack depth: 97
	--- Bound Tightening Statistics ---
	Number of tightened bounds: 45749.
		Number of rows examined by row tightener: 25869. Consequent tightenings: 1718
		Number of explicit basis matrices examined by row tightener: 70. Consequent tightenings: 1534
		Number of bound tightening rounds on the entire constraint matrix: 0. Consequent tightenings: 0
		Number of bound notifications sent to PL constraints: 4179. Tightenings proposed: 0
	--- Basis Factorization statistics ---
	Number of basis refactorizations: 223
	--- Projected Steepest Edge Statistics ---
	Number of iterations: 26945.
	Number of resets to reference space: 98. Avg. iterations per reset: 274
	--- SBT ---
	Number of tightened bounds: 46134
	--- SoI-based local search ---
	Number of proposed phase pattern update: 1152. Number of accepted update: 991 [86.02%]
	Total time (% of local search time) updating SoI phase pattern : 57551 milli [0.21%]
	Total time obtaining current assignment: 279083 milli [1.03%]
	Total time getting SoI phase pattern : 33956 milli [0.06%]
	--- Context dependent statistics ---
	Number of pushes / pops: 234 / 145
		[0.03%] Pre-Push hook: 17 milli
		[0.00%] Push : 0 milli
		[0.01%] Post-Pop hook: 4 milli
		[0.01%] Pop : 3 milli
		[0.04%] Total context-switching time: 26 milli
	--- Proof Certificate ---
	Number of certified leaves: 0
	Number of leaves to delegate: 0

00:04:13 Statistics update:
	--- Time Statistics ---
	Total time elapsed: 89025 milli (00:01:29)
		Main loop: 88527 milli (00:01:28)
		Preprocessing time: 189 milli (00:00:00)
		Unknown: 308 milli (00:00:00)
	Breakdown for main loop:
		[60.67%] Simplex steps: 53708 milli
		[31.17%] Explicit-basis bound tightening: 27593 milli
		[0.00%] Constraint-matrix bound tightening: 0 milli
		[0.93%] Degradation checking: 821 milli
		[0.00%] Precision restoration: 0 milli
		[0.04%] Statistics handling: 34 milli
		[0.00%] Constraint-fixing steps: 0 milli
		[0.00%] Valid case splits: 1 milli. Average per split: 0.00 milli
		[0.00%] Applying stored bound-tightening: 2 milli
		[0.21%] SMT core: 186 milli
		[2.95%] Symbolic Bound Tightening: 2613 milli
		[37.43%] SoI-based local search: 33139 milli
		[0.00%] SoI-based local search: 0 milli
		[4.03%] Unaccounted for: 3564 milli
	--- Preprocessor Statistics ---
	Number of preprocessor bound-tightening loop iterations: 3
	Number of eliminated variables: 102
	Number of constraints removed due to variable elimination: 102
	Number of equations removed due to variable elimination: 0
	--- Engine Statistics ---
	Number of main loop iterations: 40000
		39551 iterations were simplex steps. Total time: 53708 milli. Average: 1.36 milli.
		0 iterations were constraint-fixing steps. Total time: 0 milli. Average: 0.00 milli
	Number of active piecewise-linear constraints: 71 / 154
		Constraints disabled by valid splits: 0. By SMT-originated splits: 83
	Last reported degradation: 0.0000000000. Max degradation so far: 0.0053652892. Restorations so far: 0
	Number of simplex pivots we attempted to skip because of instability: 7.
	Unstable pivots performed anyway: 0
	--- Tableau Statistics ---
	Total number of pivots performed: 34646
		Real pivots: 34627. Degenerate: 19 (0.05%)
		Degenerate pivots by request (e.g., to fix a PL constraint): 0 (0.00%)
		Average time per pivot: 0.29 milli
	Total number of fake pivots performed: 1463
	Total number of rows added: 0. Number of merged columns: 0
	Current tableau dimensions: M = 705, N = 2076
	--- SMT Core Statistics ---
	Total depth is 83. Total visited states: 320. Number of splits: 200. Number of pops: 119
	Max stack depth: 97
	--- Bound Tightening Statistics ---
	Number of tightened bounds: 63851.
		Number of rows examined by row tightener: 34646. Consequent tightenings: 1955
		Number of explicit basis matrices examined by row tightener: 122. Consequent tightenings: 2142
		Number of bound tightening rounds on the entire constraint matrix: 0. Consequent tightenings: 0
		Number of bound notifications sent to PL constraints: 4990. Tightenings proposed: 0
	--- Basis Factorization statistics ---
	Number of basis refactorizations: 299
	--- Projected Steepest Edge Statistics ---
	Number of iterations: 36116.
	Number of resets to reference space: 148. Avg. iterations per reset: 244
	--- SBT ---
	Number of tightened bounds: 64236
	--- SoI-based local search ---
	Number of proposed phase pattern update: 1456. Number of accepted update: 1256 [86.26%]
	Total time (% of local search time) updating SoI phase pattern : 72021 milli [0.22%]
	Total time obtaining current assignment: 354910 milli [1.07%]
	Total time getting SoI phase pattern : 41881 milli [0.05%]
	--- Context dependent statistics ---
	Number of pushes / pops: 319 / 236
		[0.02%] Pre-Push hook: 20 milli
		[0.00%] Push : 0 milli
		[0.01%] Post-Pop hook: 7 milli
		[0.01%] Pop : 6 milli
		[0.04%] Total context-switching time: 35 milli
	--- Proof Certificate ---
	Number of certified leaves: 0
	Number of leaves to delegate: 0

00:04:42 Statistics update:
	--- Time Statistics ---
	Total time elapsed: 117478 milli (00:01:57)
		Main loop: 116949 milli (00:01:56)
		Preprocessing time: 189 milli (00:00:00)
		Unknown: 339 milli (00:00:00)
	Breakdown for main loop:
		[57.29%] Simplex steps: 66999 milli
		[34.12%] Explicit-basis bound tightening: 39903 milli
		[0.00%] Constraint-matrix bound tightening: 0 milli
		[0.88%] Degradation checking: 1024 milli
		[0.00%] Precision restoration: 0 milli
		[0.04%] Statistics handling: 43 milli
		[0.00%] Constraint-fixing steps: 0 milli
		[0.00%] Valid case splits: 2 milli. Average per split: 0.00 milli
		[0.00%] Applying stored bound-tightening: 3 milli
		[0.22%] SMT core: 252 milli
		[2.85%] Symbolic Bound Tightening: 3328 milli
		[33.76%] SoI-based local search: 39477 milli
		[0.00%] SoI-based local search: 0 milli
		[4.61%] Unaccounted for: 5392 milli
	--- Preprocessor Statistics ---
	Number of preprocessor bound-tightening loop iterations: 3
	Number of eliminated variables: 102
	Number of constraints removed due to variable elimination: 102
	Number of equations removed due to variable elimination: 0
	--- Engine Statistics ---
	Number of main loop iterations: 50000
		49448 iterations were simplex steps. Total time: 66999 milli. Average: 1.35 milli.
		0 iterations were constraint-fixing steps. Total time: 0 milli. Average: 0.00 milli
	Number of active piecewise-linear constraints: 71 / 154
		Constraints disabled by valid splits: 0. By SMT-originated splits: 83
	Last reported degradation: 0.0000000000. Max degradation so far: 0.0053652892. Restorations so far: 0
	Number of simplex pivots we attempted to skip because of instability: 7.
	Unstable pivots performed anyway: 0
	--- Tableau Statistics ---
	Total number of pivots performed: 43353
		Real pivots: 43329. Degenerate: 24 (0.06%)
		Degenerate pivots by request (e.g., to fix a PL constraint): 0 (0.00%)
		Average time per pivot: 0.29 milli
	Total number of fake pivots performed: 1728
	Total number of rows added: 0. Number of merged columns: 0
	Current tableau dimensions: M = 705, N = 2076
	--- SMT Core Statistics ---
	Total depth is 83. Total visited states: 409. Number of splits: 245. Number of pops: 163
	Max stack depth: 97
	--- Bound Tightening Statistics ---
	Number of tightened bounds: 81421.
		Number of rows examined by row tightener: 43353. Consequent tightenings: 2566
		Number of explicit basis matrices examined by row tightener: 178. Consequent tightenings: 4202
		Number of bound tightening rounds on the entire constraint matrix: 0. Consequent tightenings: 0
		Number of bound notifications sent to PL constraints: 7125. Tightenings proposed: 0
	--- Basis Factorization statistics ---
	Number of basis refactorizations: 374
	--- Projected Steepest Edge Statistics ---
	Number of iterations: 45088.
	Number of resets to reference space: 195. Avg. iterations per reset: 231
	--- SBT ---
	Number of tightened bounds: 81806
	--- SoI-based local search ---
	Number of proposed phase pattern update: 1843. Number of accepted update: 1598 [86.71%]
	Total time (% of local search time) updating SoI phase pattern : 88800 milli [0.22%]
	Total time obtaining current assignment: 449925 milli [1.14%]
	Total time getting SoI phase pattern : 52052 milli [0.04%]
	--- Context dependent statistics ---
	Number of pushes / pops: 408 / 325
		[0.02%] Pre-Push hook: 24 milli
		[0.00%] Push : 0 milli
		[0.01%] Post-Pop hook: 10 milli
		[0.01%] Pop : 9 milli
		[0.04%] Total context-switching time: 44 milli
	--- Proof Certificate ---
	Number of certified leaves: 0
	Number of leaves to delegate: 0

00:05:10 Statistics update:
	--- Time Statistics ---
	Total time elapsed: 145491 milli (00:02:25)
		Main loop: 144922 milli (00:02:24)
		Preprocessing time: 189 milli (00:00:00)
		Unknown: 379 milli (00:00:00)
	Breakdown for main loop:
		[55.60%] Simplex steps: 80574 milli
		[35.73%] Explicit-basis bound tightening: 51773 milli
		[0.00%] Constraint-matrix bound tightening: 0 milli
		[0.85%] Degradation checking: 1228 milli
		[0.00%] Precision restoration: 0 milli
		[0.04%] Statistics handling: 53 milli
		[0.00%] Constraint-fixing steps: 0 milli
		[0.00%] Valid case splits: 3 milli. Average per split: 0.00 milli
		[0.00%] Applying stored bound-tightening: 3 milli
		[0.22%] SMT core: 318 milli
		[2.77%] Symbolic Bound Tightening: 4018 milli
		[31.86%] SoI-based local search: 46167 milli
		[0.00%] SoI-based local search: 0 milli
		[4.79%] Unaccounted for: 6947 milli
	--- Preprocessor Statistics ---
	Number of preprocessor bound-tightening loop iterations: 3
	Number of eliminated variables: 102
	Number of constraints removed due to variable elimination: 102
	Number of equations removed due to variable elimination: 0
	--- Engine Statistics ---
	Number of main loop iterations: 60000
		59346 iterations were simplex steps. Total time: 80574 milli. Average: 1.36 milli.
		0 iterations were constraint-fixing steps. Total time: 0 milli. Average: 0.00 milli
	Number of active piecewise-linear constraints: 77 / 154
		Constraints disabled by valid splits: 0. By SMT-originated splits: 77
	Last reported degradation: 0.0000000000. Max degradation so far: 0.0053652892. Restorations so far: 0
	Number of simplex pivots we attempted to skip because of instability: 7.
	Unstable pivots performed anyway: 0
	--- Tableau Statistics ---
	Total number of pivots performed: 52213
		Real pivots: 52186. Degenerate: 27 (0.05%)
		Degenerate pivots by request (e.g., to fix a PL constraint): 0 (0.00%)
		Average time per pivot: 0.30 milli
	Total number of fake pivots performed: 2003
	Total number of rows added: 0. Number of merged columns: 0
	Current tableau dimensions: M = 705, N = 2076
	--- SMT Core Statistics ---
	Total depth is 77. Total visited states: 495. Number of splits: 285. Number of pops: 209
	Max stack depth: 97
	--- Bound Tightening Statistics ---
	Number of tightened bounds: 98075.
		Number of rows examined by row tightener: 52213. Consequent tightenings: 2872
		Number of explicit basis matrices examined by row tightener: 231. Consequent tightenings: 5467
		Number of bound tightening rounds on the entire constraint matrix: 0. Consequent tightenings: 0
		Number of bound notifications sent to PL constraints: 8378. Tightenings proposed: 0
	--- Basis Factorization statistics ---
	Number of basis refactorizations: 452
	--- Projected Steepest Edge Statistics ---
	Number of iterations: 54223.
	Number of resets to reference space: 245. Avg. iterations per reset: 221
	--- SBT ---
	Number of tightened bounds: 98460
	--- SoI-based local search ---
	Number of proposed phase pattern update: 2160. Number of accepted update: 1874 [86.76%]
	Total time (% of local search time) updating SoI phase pattern : 103425 milli [0.22%]
	Total time obtaining current assignment: 528664 milli [1.15%]
	Total time getting SoI phase pattern : 60718 milli [0.04%]
	--- Context dependent statistics ---
	Number of pushes / pops: 494 / 417
		[0.02%] Pre-Push hook: 27 milli
		[0.00%] Push : 0 milli
		[0.01%] Post-Pop hook: 13 milli
		[0.01%] Pop : 12 milli
		[0.04%] Total context-switching time: 53 milli
	--- Proof Certificate ---
	Number of certified leaves: 0
	Number of leaves to delegate: 0

00:05:39 Statistics update:
	--- Time Statistics ---
	Total time elapsed: 174538 milli (00:02:54)
		Main loop: 174037 milli (00:02:54)
		Preprocessing time: 189 milli (00:00:00)
		Unknown: 311 milli (00:00:00)
	Breakdown for main loop:
		[53.95%] Simplex steps: 93897 milli
		[37.28%] Explicit-basis bound tightening: 64881 milli
		[0.00%] Constraint-matrix bound tightening: 0 milli
		[0.82%] Degradation checking: 1433 milli
		[0.00%] Precision restoration: 0 milli
		[0.04%] Statistics handling: 62 milli
		[0.00%] Constraint-fixing steps: 0 milli
		[0.00%] Valid case splits: 4 milli. Average per split: 0.00 milli
		[0.00%] Applying stored bound-tightening: 4 milli
		[0.22%] SMT core: 388 milli
		[2.70%] Symbolic Bound Tightening: 4699 milli
		[29.79%] SoI-based local search: 51838 milli
		[0.00%] SoI-based local search: 0 milli
		[4.98%] Unaccounted for: 8666 milli
	--- Preprocessor Statistics ---
	Number of preprocessor bound-tightening loop iterations: 3
	Number of eliminated variables: 102
	Number of constraints removed due to variable elimination: 102
	Number of equations removed due to variable elimination: 0
	--- Engine Statistics ---
	Number of main loop iterations: 70000
		69248 iterations were simplex steps. Total time: 93897 milli. Average: 1.36 milli.
		0 iterations were constraint-fixing steps. Total time: 0 milli. Average: 0.00 milli
	Number of active piecewise-linear constraints: 85 / 154
		Constraints disabled by valid splits: 0. By SMT-originated splits: 69
	Last reported degradation: 0.0000000000. Max degradation so far: 0.0053652892. Restorations so far: 0
	Number of simplex pivots we attempted to skip because of instability: 7.
	Unstable pivots performed anyway: 0
	--- Tableau Statistics ---
	Total number of pivots performed: 60972
		Real pivots: 60941. Degenerate: 31 (0.05%)
		Degenerate pivots by request (e.g., to fix a PL constraint): 0 (0.00%)
		Average time per pivot: 0.30 milli
	Total number of fake pivots performed: 2253
	Total number of rows added: 0. Number of merged columns: 0
	Current tableau dimensions: M = 705, N = 2076
	--- SMT Core Statistics ---
	Total depth is 69. Total visited states: 582. Number of splits: 324. Number of pops: 257
	Max stack depth: 97
	--- Bound Tightening Statistics ---
	Number of tightened bounds: 115776.
		Number of rows examined by row tightener: 60972. Consequent tightenings: 3456
		Number of explicit basis matrices examined by row tightener: 289. Consequent tightenings: 7264
		Number of bound tightening rounds on the entire constraint matrix: 0. Consequent tightenings: 0
		Number of bound notifications sent to PL constraints: 10331. Tightenings proposed: 0
	--- Basis Factorization statistics ---
	Number of basis refactorizations: 529
	--- Projected Steepest Edge Statistics ---
	Number of iterations: 63232.
	Number of resets to reference space: 296. Avg. iterations per reset: 213
	--- SBT ---
	Number of tightened bounds: 116161
	--- SoI-based local search ---
	Number of proposed phase pattern update: 2537. Number of accepted update: 2213 [87.23%]
	Total time (% of local search time) updating SoI phase pattern : 118131 milli [0.23%]
	Total time obtaining current assignment: 619763 milli [1.20%]
	Total time getting SoI phase pattern : 70386 milli [0.04%]
	--- Context dependent statistics ---
	Number of pushes / pops: 581 / 512
		[0.02%] Pre-Push hook: 31 milli
		[0.00%] Push : 0 milli
		[0.01%] Post-Pop hook: 16 milli
		[0.01%] Pop : 15 milli
		[0.04%] Total context-switching time: 63 milli
	--- Proof Certificate ---
	Number of certified leaves: 0
	Number of leaves to delegate: 0

00:06:05 Statistics update:
	--- Time Statistics ---
	Total time elapsed: 200938 milli (00:03:20)
		Main loop: 200435 milli (00:03:20)
		Preprocessing time: 189 milli (00:00:00)
		Unknown: 313 milli (00:00:00)
	Breakdown for main loop:
		[53.56%] Simplex steps: 107361 milli
		[37.40%] Explicit-basis bound tightening: 74960 milli
		[0.00%] Constraint-matrix bound tightening: 0 milli
		[0.82%] Degradation checking: 1640 milli
		[0.00%] Precision restoration: 0 milli
		[0.04%] Statistics handling: 70 milli
		[0.00%] Constraint-fixing steps: 0 milli
		[0.00%] Valid case splits: 5 milli. Average per split: 0.00 milli
		[0.00%] Applying stored bound-tightening: 4 milli
		[0.22%] SMT core: 445 milli
		[2.67%] Symbolic Bound Tightening: 5348 milli
		[29.79%] SoI-based local search: 59706 milli
		[0.00%] SoI-based local search: 0 milli
		[5.29%] Unaccounted for: 10598 milli
	--- Preprocessor Statistics ---
	Number of preprocessor bound-tightening loop iterations: 3
	Number of eliminated variables: 102
	Number of constraints removed due to variable elimination: 102
	Number of equations removed due to variable elimination: 0
	--- Engine Statistics ---
	Number of main loop iterations: 80000
		79143 iterations were simplex steps. Total time: 107361 milli. Average: 1.36 milli.
		0 iterations were constraint-fixing steps. Total time: 0 milli. Average: 0.00 milli
	Number of active piecewise-linear constraints: 79 / 154
		Constraints disabled by valid splits: 0. By SMT-originated splits: 75
	Last reported degradation: 0.0000000000. Max degradation so far: 0.0053652892. Restorations so far: 0
	Number of simplex pivots we attempted to skip because of instability: 12.
	Unstable pivots performed anyway: 0
	--- Tableau Statistics ---
	Total number of pivots performed: 69568
		Real pivots: 69532. Degenerate: 36 (0.05%)
		Degenerate pivots by request (e.g., to fix a PL constraint): 0 (0.00%)
		Average time per pivot: 0.30 milli
	Total number of fake pivots performed: 2531
	Total number of rows added: 0. Number of merged columns: 0
	Current tableau dimensions: M = 705, N = 2076
	--- SMT Core Statistics ---
	Total depth is 75. Total visited states: 663. Number of splits: 367. Number of pops: 295
	Max stack depth: 97
	--- Bound Tightening Statistics ---
	Number of tightened bounds: 131922.
		Number of rows examined by row tightener: 69568. Consequent tightenings: 4411
		Number of explicit basis matrices examined by row tightener: 336. Consequent tightenings: 7965
		Number of bound tightening rounds on the entire constraint matrix: 0. Consequent tightenings: 0
		Number of bound notifications sent to PL constraints: 11719. Tightenings proposed: 0
	--- Basis Factorization statistics ---
	Number of basis refactorizations: 605
	--- Projected Steepest Edge Statistics ---
	Number of iterations: 72111.
	Number of resets to reference space: 338. Avg. iterations per reset: 213
	--- SBT ---
	Number of tightened bounds: 132307
	--- SoI-based local search ---
	Number of proposed phase pattern update: 2989. Number of accepted update: 2622 [87.72%]
	Total time (% of local search time) updating SoI phase pattern : 134197 milli [0.22%]
	Total time obtaining current assignment: 729007 milli [1.22%]
	Total time getting SoI phase pattern : 82570 milli [0.04%]
	--- Context dependent statistics ---
	Number of pushes / pops: 662 / 587
		[0.02%] Pre-Push hook: 34 milli
		[0.00%] Push : 0 milli
		[0.01%] Post-Pop hook: 18 milli
		[0.01%] Pop : 18 milli
		[0.04%] Total context-switching time: 71 milli
	--- Proof Certificate ---
	Number of certified leaves: 0
	Number of leaves to delegate: 0

00:06:32 Statistics update:
	--- Time Statistics ---
	Total time elapsed: 227814 milli (00:03:47)
		Main loop: 227306 milli (00:03:47)
		Preprocessing time: 189 milli (00:00:00)
		Unknown: 318 milli (00:00:00)
	Breakdown for main loop:
		[53.27%] Simplex steps: 121087 milli
		[37.22%] Explicit-basis bound tightening: 84601 milli
		[0.00%] Constraint-matrix bound tightening: 0 milli
		[0.81%] Degradation checking: 1850 milli
		[0.00%] Precision restoration: 0 milli
		[0.03%] Statistics handling: 77 milli
		[0.00%] Constraint-fixing steps: 0 milli
		[0.00%] Valid case splits: 5 milli. Average per split: 0.00 milli
		[0.00%] Applying stored bound-tightening: 5 milli
		[0.22%] SMT core: 503 milli
		[2.62%] Symbolic Bound Tightening: 5958 milli
		[29.93%] SoI-based local search: 68028 milli
		[0.00%] SoI-based local search: 0 milli
		[5.81%] Unaccounted for: 13216 milli
	--- Preprocessor Statistics ---
	Number of preprocessor bound-tightening loop iterations: 3
	Number of eliminated variables: 102
	Number of constraints removed due to variable elimination: 102
	Number of equations removed due to variable elimination: 0
	--- Engine Statistics ---
	Number of main loop iterations: 90000
		89051 iterations were simplex steps. Total time: 121087 milli. Average: 1.36 milli.
		0 iterations were constraint-fixing steps. Total time: 0 milli. Average: 0.00 milli
	Number of active piecewise-linear constraints: 82 / 154
		Constraints disabled by valid splits: 0. By SMT-originated splits: 72
	Last reported degradation: 0.0000000000. Max degradation so far: 0.0053652892. Restorations so far: 0
	Number of simplex pivots we attempted to skip because of instability: 12.
	Unstable pivots performed anyway: 0
	--- Tableau Statistics ---
	Total number of pivots performed: 78280
		Real pivots: 78239. Degenerate: 41 (0.05%)
		Degenerate pivots by request (e.g., to fix a PL constraint): 0 (0.00%)
		Average time per pivot: 0.30 milli
	Total number of fake pivots performed: 2754
	Total number of rows added: 0. Number of merged columns: 0
	Current tableau dimensions: M = 705, N = 2076
	--- SMT Core Statistics ---
	Total depth is 72. Total visited states: 739. Number of splits: 404. Number of pops: 334
	Max stack depth: 97
	--- Bound Tightening Statistics ---
	Number of tightened bounds: 147065.
		Number of rows examined by row tightener: 78280. Consequent tightenings: 4681
		Number of explicit basis matrices examined by row tightener: 384. Consequent tightenings: 8901
		Number of bound tightening rounds on the entire constraint matrix: 0. Consequent tightenings: 0
		Number of bound notifications sent to PL constraints: 12755. Tightenings proposed: 0
	--- Basis Factorization statistics ---
	Number of basis refactorizations: 681
	--- Projected Steepest Edge Statistics ---
	Number of iterations: 81046.
	Number of resets to reference space: 383. Avg. iterations per reset: 211
	--- SBT ---
	Number of tightened bounds: 147450
	--- SoI-based local search ---
	Number of proposed phase pattern update: 3417. Number of accepted update: 3013 [88.18%]
	Total time (% of local search time) updating SoI phase pattern : 148051 milli [0.22%]
	Total time obtaining current assignment: 833228 milli [1.22%]
	Total time getting SoI phase pattern : 94035 milli [0.04%]
	--- Context dependent statistics ---
	Number of pushes / pops: 738 / 666
		[0.02%] Pre-Push hook: 37 milli
		[0.00%] Push : 0 milli
		[0.01%] Post-Pop hook: 21 milli
		[0.01%] Pop : 20 milli
		[0.04%] Total context-switching time: 79 milli
	--- Proof Certificate ---
	Number of certified leaves: 0
	Number of leaves to delegate: 0

00:07:03 Statistics update:
	--- Time Statistics ---
	Total time elapsed: 258476 milli (00:04:18)
		Main loop: 257880 milli (00:04:17)
		Preprocessing time: 189 milli (00:00:00)
		Unknown: 406 milli (00:00:00)
	Breakdown for main loop:
		[52.06%] Simplex steps: 134242 milli
		[38.28%] Explicit-basis bound tightening: 98722 milli
		[0.00%] Constraint-matrix bound tightening: 0 milli
		[0.80%] Degradation checking: 2057 milli
		[0.00%] Precision restoration: 0 milli
		[0.03%] Statistics handling: 86 milli
		[0.00%] Constraint-fixing steps: 0 milli
		[0.00%] Valid case splits: 7 milli. Average per split: 0.00 milli
		[0.00%] Applying stored bound-tightening: 5 milli
		[0.23%] SMT core: 581 milli
		[2.60%] Symbolic Bound Tightening: 6705 milli
		[28.32%] SoI-based local search: 73034 milli
		[0.00%] SoI-based local search: 0 milli
		[6.00%] Unaccounted for: 15471 milli
	--- Preprocessor Statistics ---
	Number of preprocessor bound-tightening loop iterations: 3
	Number of eliminated variables: 102
	Number of constraints removed due to variable elimination: 102
	Number of equations removed due to variable elimination: 0
	--- Engine Statistics ---
	Number of main loop iterations: 100000
		98960 iterations were simplex steps. Total time: 134242 milli. Average: 1.36 milli.
		0 iterations were constraint-fixing steps. Total time: 0 milli. Average: 0.00 milli
	Number of active piecewise-linear constraints: 94 / 154
		Constraints disabled by valid splits: 0. By SMT-originated splits: 60
	Last reported degradation: 0.0000000000. Max degradation so far: 0.0053652892. Restorations so far: 0
	Number of simplex pivots we attempted to skip because of instability: 12.
	Unstable pivots performed anyway: 0
	--- Tableau Statistics ---
	Total number of pivots performed: 87039
		Real pivots: 86991. Degenerate: 48 (0.06%)
		Degenerate pivots by request (e.g., to fix a PL constraint): 0 (0.00%)
		Average time per pivot: 0.30 milli
	Total number of fake pivots performed: 3067
	Total number of rows added: 0. Number of merged columns: 0
	Current tableau dimensions: M = 705, N = 2076
	--- SMT Core Statistics ---
	Total depth is 60. Total visited states: 832. Number of splits: 445. Number of pops: 386
	Max stack depth: 97
	--- Bound Tightening Statistics ---
	Number of tightened bounds: 164832.
		Number of rows examined by row tightener: 87039. Consequent tightenings: 5818
		Number of explicit basis matrices examined by row tightener: 449. Consequent tightenings: 12457
		Number of bound tightening rounds on the entire constraint matrix: 0. Consequent tightenings: 0
		Number of bound notifications sent to PL constraints: 15946. Tightenings proposed: 0
	--- Basis Factorization statistics ---
	Number of basis refactorizations: 758
	--- Projected Steepest Edge Statistics ---
	Number of iterations: 90118.
	Number of resets to reference space: 438. Avg. iterations per reset: 205
	--- SBT ---
	Number of tightened bounds: 165217
	--- SoI-based local search ---
	Number of proposed phase pattern update: 3753. Number of accepted update: 3308 [88.14%]
	Total time (% of local search time) updating SoI phase pattern : 162790 milli [0.22%]
	Total time obtaining current assignment: 916596 milli [1.26%]
	Total time getting SoI phase pattern : 103469 milli [0.04%]
	--- Context dependent statistics ---
	Number of pushes / pops: 831 / 771
		[0.02%] Pre-Push hook: 41 milli
		[0.00%] Push : 0 milli
		[0.01%] Post-Pop hook: 24 milli
		[0.01%] Pop : 24 milli
		[0.03%] Total context-switching time: 89 milli
	--- Proof Certificate ---
	Number of certified leaves: 0
	Number of leaves to delegate: 0

00:07:24 Statistics update:
	--- Time Statistics ---
	Total time elapsed: 280164 milli (00:04:40)
		Main loop: 279587 milli (00:04:39)
		Preprocessing time: 189 milli (00:00:00)
		Unknown: 387 milli (00:00:00)
	Breakdown for main loop:
		[52.80%] Simplex steps: 147617 milli
		[37.66%] Explicit-basis bound tightening: 105295 milli
		[0.00%] Constraint-matrix bound tightening: 0 milli
		[0.81%] Degradation checking: 2264 milli
		[0.00%] Precision restoration: 0 milli
		[0.03%] Statistics handling: 94 milli
		[0.00%] Constraint-fixing steps: 0 milli
		[0.00%] Valid case splits: 7 milli. Average per split: 0.00 milli
		[0.00%] Applying stored bound-tightening: 6 milli
		[0.23%] SMT core: 648 milli
		[2.67%] Symbolic Bound Tightening: 7477 milli
		[29.46%] SoI-based local search: 82373 milli
		[0.00%] SoI-based local search: 0 milli
		[5.79%] Unaccounted for: 16175 milli
	--- Preprocessor Statistics ---
	Number of preprocessor bound-tightening loop iterations: 3
	Number of eliminated variables: 102
	Number of constraints removed due to variable elimination: 102
	Number of equations removed due to variable elimination: 0
	--- Engine Statistics ---
	Number of main loop iterations: 110000
		108835 iterations were simplex steps. Total time: 147617 milli. Average: 1.36 milli.
		0 iterations were constraint-fixing steps. Total time: 0 milli. Average: 0.00 milli
	Number of active piecewise-linear constraints: 84 / 154
		Constraints disabled by valid splits: 0. By SMT-originated splits: 70
	Last reported degradation: 0.0000000000. Max degradation so far: 0.0053652892. Restorations so far: 0
	Number of simplex pivots we attempted to skip because of instability: 12.
	Unstable pivots performed anyway: 0
	--- Tableau Statistics ---
	Total number of pivots performed: 95383
		Real pivots: 95330. Degenerate: 53 (0.06%)
		Degenerate pivots by request (e.g., to fix a PL constraint): 0 (0.00%)
		Average time per pivot: 0.30 milli
	Total number of fake pivots performed: 3514
	Total number of rows added: 0. Number of merged columns: 0
	Current tableau dimensions: M = 705, N = 2076
	--- SMT Core Statistics ---
	Total depth is 70. Total visited states: 925. Number of splits: 496. Number of pops: 428
	Max stack depth: 97
	--- Bound Tightening Statistics ---
	Number of tightened bounds: 183614.
		Number of rows examined by row tightener: 95383. Consequent tightenings: 6266
		Number of explicit basis matrices examined by row tightener: 477. Consequent tightenings: 13821
		Number of bound tightening rounds on the entire constraint matrix: 0. Consequent tightenings: 0
		Number of bound notifications sent to PL constraints: 17262. Tightenings proposed: 0
	--- Basis Factorization statistics ---
	Number of basis refactorizations: 827
	--- Projected Steepest Edge Statistics ---
	Number of iterations: 98909.
	Number of resets to reference space: 483. Avg. iterations per reset: 204
	--- SBT ---
	Number of tightened bounds: 183999
	--- SoI-based local search ---
	Number of proposed phase pattern update: 4229. Number of accepted update: 3733 [88.27%]
	Total time (% of local search time) updating SoI phase pattern : 181027 milli [0.22%]
	Total time obtaining current assignment: 1033662 milli [1.25%]
	Total time getting SoI phase pattern : 117080 milli [0.04%]
	--- Context dependent statistics ---
	Number of pushes / pops: 924 / 854
		[0.02%] Pre-Push hook: 45 milli
		[0.00%] Push : 0 milli
		[0.01%] Post-Pop hook: 27 milli
		[0.01%] Pop : 26 milli
		[0.04%] Total context-switching time: 99 milli
	--- Proof Certificate ---
	Number of certified leaves: 0
	Number of leaves to delegate: 0


Engine: quitting due to timeout...

Final statistics:

00:07:45 Statistics update:
	--- Time Statistics ---
	Total time elapsed: 301235 milli (00:05:01)
		Main loop: 300724 milli (00:05:00)
		Preprocessing time: 189 milli (00:00:00)
		Unknown: 321 milli (00:00:00)
	Breakdown for main loop:
		[52.09%] Simplex steps: 156636 milli
		[38.02%] Explicit-basis bound tightening: 114332 milli
		[0.00%] Constraint-matrix bound tightening: 0 milli
		[0.80%] Degradation checking: 2407 milli
		[0.00%] Precision restoration: 0 milli
		[0.03%] Statistics handling: 98 milli
		[0.00%] Constraint-fixing steps: 0 milli
		[0.00%] Valid case splits: 8 milli. Average per split: 0.00 milli
		[0.00%] Applying stored bound-tightening: 6 milli
		[0.23%] SMT core: 701 milli
		[2.65%] Symbolic Bound Tightening: 7982 milli
		[28.86%] SoI-based local search: 86796 milli
		[0.00%] SoI-based local search: 0 milli
		[6.17%] Unaccounted for: 18551 milli
	--- Preprocessor Statistics ---
	Number of preprocessor bound-tightening loop iterations: 3
	Number of eliminated variables: 102
	Number of constraints removed due to variable elimination: 102
	Number of equations removed due to variable elimination: 0
	--- Engine Statistics ---
	Number of main loop iterations: 116904
		115670 iterations were simplex steps. Total time: 156636 milli. Average: 1.35 milli.
		0 iterations were constraint-fixing steps. Total time: 0 milli. Average: 0.00 milli
	Number of active piecewise-linear constraints: 86 / 154
		Constraints disabled by valid splits: 3. By SMT-originated splits: 65
	Last reported degradation: 0.0000000000. Max degradation so far: 0.0053652892. Restorations so far: 0
	Number of simplex pivots we attempted to skip because of instability: 12.
	Unstable pivots performed anyway: 0
	--- Tableau Statistics ---
	Total number of pivots performed: 101361
		Real pivots: 101304. Degenerate: 57 (0.06%)
		Degenerate pivots by request (e.g., to fix a PL constraint): 0 (0.00%)
		Average time per pivot: 0.30 milli
	Total number of fake pivots performed: 3741
	Total number of rows added: 0. Number of merged columns: 0
	Current tableau dimensions: M = 705, N = 2076
	--- SMT Core Statistics ---
	Total depth is 65. Total visited states: 991. Number of splits: 526. Number of pops: 464
	Max stack depth: 97
	--- Bound Tightening Statistics ---
	Number of tightened bounds: 198098.
		Number of rows examined by row tightener: 101361. Consequent tightenings: 7072
		Number of explicit basis matrices examined by row tightener: 522. Consequent tightenings: 16985
		Number of bound tightening rounds on the entire constraint matrix: 0. Consequent tightenings: 0
		Number of bound notifications sent to PL constraints: 20205. Tightenings proposed: 0
	--- Basis Factorization statistics ---
	Number of basis refactorizations: 879
	--- Projected Steepest Edge Statistics ---
	Number of iterations: 105114.
	Number of resets to reference space: 519. Avg. iterations per reset: 202
	--- SBT ---
	Number of tightened bounds: 198483
	--- SoI-based local search ---
	Number of proposed phase pattern update: 4490. Number of accepted update: 3964 [88.29%]
	Total time (% of local search time) updating SoI phase pattern : 191580 milli [0.22%]
	Total time obtaining current assignment: 1097159 milli [1.26%]
	Total time getting SoI phase pattern : 124498 milli [0.04%]
	--- Context dependent statistics ---
	Number of pushes / pops: 990 / 925
		[0.02%] Pre-Push hook: 47 milli
		[0.00%] Push : 0 milli
		[0.01%] Post-Pop hook: 29 milli
		[0.01%] Pop : 28 milli
		[0.04%] Total context-switching time: 106 milli
	--- Proof Certificate ---
	Number of certified leaves: 0
	Number of leaves to delegate: 0
Timeout
