InputQuery: /home/levn/Workspace/othello_world/queries/probe_robust/group_2/game_50_target_21_eps_0.1.txt
Engine::processInputQuery: Input query (before preprocessing): 449 equations, 1216 variables
Engine::processInputQuery: Input query (after preprocessing): 705 equations, 1379 variables

Input bounds:
	x0: [  1.2943,   1.4943] 
	x1: [ -2.1797,  -1.9797] 
	x2: [ -0.0436,   0.1564] 
	x3: [ -0.1149,   0.0851] 
	x4: [  1.8061,   2.0061] 
	x5: [  0.1276,   0.3276] 
	x6: [ -1.8942,  -1.6942] 
	x7: [  1.6662,   1.8662] 
	x8: [ -1.7506,  -1.5506] 
	x9: [ -0.7936,  -0.5936] 
	x10: [  0.7553,   0.9553] 
	x11: [ -0.0288,   0.1712] 
	x12: [ -1.5074,  -1.3074] 
	x13: [ -1.6147,  -1.4147] 
	x14: [  0.9896,   1.1896] 
	x15: [  0.8668,   1.0668] 
	x16: [  3.0609,   3.2609] 
	x17: [ -0.0555,   0.1445] 
	x18: [ -2.1427,  -1.9427] 
	x19: [  1.3587,   1.5587] 
	x20: [  0.9923,   1.1923] 
	x21: [  0.8189,   1.0189] 
	x22: [  0.1657,   0.3657] 
	x23: [  0.5687,   0.7687] 
	x24: [  0.6565,   0.8565] 
	x25: [  1.3454,   1.5454] 
	x26: [  1.3003,   1.5003] 
	x27: [ -1.3688,  -1.1688] 
	x28: [  0.0816,   0.2816] 
	x29: [  1.7817,   1.9817] 
	x30: [ -0.1189,   0.0811] 
	x31: [ -1.6307,  -1.4307] 
	x32: [ -0.3102,  -0.1102] 
	x33: [  1.9027,   2.1027] 
	x34: [ -1.1286,  -0.9286] 
	x35: [  1.9668,   2.1668] 
	x36: [  0.8118,   1.0118] 
	x37: [ -2.0501,  -1.8501] 
	x38: [  0.3941,   0.5941] 
	x39: [ -3.9430,  -3.7430] 
	x40: [  1.4512,   1.6512] 
	x41: [  2.2425,   2.4425] 
	x42: [  0.0724,   0.2724] 
	x43: [ -0.6844,  -0.4844] 
	x44: [  1.1599,   1.3599] 
	x45: [ -0.8359,  -0.6359] 
	x46: [ -2.9292,  -2.7292] 
	x47: [ -0.7526,  -0.5526] 
	x48: [  1.5305,   1.7305] 
	x49: [ -0.4052,  -0.2052] 
	x50: [  0.1585,   0.3585] 
	x51: [ -2.7895,  -2.5895] 
	x52: [ -1.1530,  -0.9530] 
	x53: [  1.0485,   1.2485] 
	x54: [  0.8848,   1.0848] 
	x55: [ -0.0356,   0.1644] 
	x56: [ -1.1482,  -0.9482] 
	x57: [  1.8135,   2.0135] 
	x58: [  0.4641,   0.6641] 
	x59: [  0.2502,   0.4502] 
	x60: [  0.0309,   0.2309] 
	x61: [  0.6105,   0.8105] 
	x62: [  0.2928,   0.4928] 
	x63: [ -2.3607,  -2.1607] 
	x64: [  1.4796,   1.6796] 
	x65: [ -1.8355,  -1.6355] 
	x66: [ -1.1783,  -0.9783] 
	x67: [ -1.1643,  -0.9643] 
	x68: [  1.4755,   1.6755] 
	x69: [ -0.6444,  -0.4444] 
	x70: [ -2.0847,  -1.8847] 
	x71: [ -0.9567,  -0.7567] 
	x72: [ -1.4478,  -1.2478] 
	x73: [  0.8626,   1.0626] 
	x74: [ -0.7415,  -0.5415] 
	x75: [  0.6424,   0.8424] 
	x76: [ -0.3789,  -0.1789] 
	x77: [ -0.0193,   0.1807] 
	x78: [ -3.1628,  -2.9628] 
	x79: [ -1.4777,  -1.2777] 
	x80: [  0.8910,   1.0910] 
	x81: [  0.8824,   1.0824] 
	x82: [ -1.8728,  -1.6728] 
	x83: [ -2.8243,  -2.6243] 
	x84: [ -0.3778,  -0.1778] 
	x85: [ -0.7314,  -0.5314] 
	x86: [  0.4232,   0.6232] 
	x87: [ -1.0002,  -0.8002] 
	x88: [  0.1788,   0.3788] 
	x89: [  2.1387,   2.3387] 
	x90: [ -0.7119,  -0.5119] 
	x91: [ -1.6719,  -1.4719] 
	x92: [ -1.0609,  -0.8609] 
	x93: [ -2.9030,  -2.7030] 
	x94: [ -2.2880,  -2.0880] 
	x95: [ -0.1728,   0.0272] 
	x96: [  1.6908,   1.8908] 
	x97: [ -1.0816,  -0.8816] 
	x98: [ -0.6322,  -0.4322] 
	x99: [ -2.7241,  -2.5241] 
	x100: [  1.7366,   1.9366] 
	x101: [ -1.0128,  -0.8128] 
	x102: [  1.9022,   2.1022] 
	x103: [ -1.0530,  -0.8530] 
	x104: [ -0.3493,  -0.1493] 
	x105: [ -1.5166,  -1.3166] 
	x106: [ -1.5126,  -1.3126] 
	x107: [ -0.8607,  -0.6607] 
	x108: [  0.3759,   0.5759] 
	x109: [  0.2802,   0.4802] 
	x110: [ -1.3024,  -1.1024] 
	x111: [ -2.5316,  -2.3316] 
	x112: [ -2.1198,  -1.9198] 
	x113: [ -1.1837,  -0.9837] 
	x114: [ -1.0980,  -0.8980] 
	x115: [ -3.7028,  -3.5028] 
	x116: [ -0.7522,  -0.5522] 
	x117: [ -3.2480,  -3.0480] 
	x118: [ -0.6631,  -0.4631] 
	x119: [ -2.0513,  -1.8513] 
	x120: [  3.0136,   3.2136] 
	x121: [  1.7594,   1.9594] 
	x122: [  0.5626,   0.7626] 
	x123: [  0.7615,   0.9615] 
	x124: [ -2.3732,  -2.1732] 
	x125: [ -0.9720,  -0.7720] 
	x126: [ -0.9228,  -0.7228] 
	x127: [ -0.6910,  -0.4910] 
	x128: [  1.7472,   1.9472] 
	x129: [  2.3432,   2.5432] 
	x130: [ -0.0455,   0.1545] 
	x131: [ -0.5686,  -0.3686] 
	x132: [  1.9576,   2.1576] 
	x133: [  1.2523,   1.4523] 
	x134: [ -0.5560,  -0.3560] 
	x135: [  1.3720,   1.5720] 
	x136: [  0.4848,   0.6848] 
	x137: [ -1.5590,  -1.3590] 
	x138: [ -1.7028,  -1.5028] 
	x139: [  0.8247,   1.0247] 
	x140: [  3.2473,   3.4473] 
	x141: [ -0.3882,  -0.1882] 
	x142: [  1.3990,   1.5990] 
	x143: [  1.9118,   2.1118] 
	x144: [ -0.8672,  -0.6672] 
	x145: [ -0.2695,  -0.0695] 
	x146: [ -0.4908,  -0.2908] 
	x147: [ -1.7499,  -1.5499] 
	x148: [  1.3789,   1.5789] 
	x149: [  1.6703,   1.8703] 
	x150: [ -2.2548,  -2.0548] 
	x151: [  0.8608,   1.0608] 
	x152: [ -0.6310,  -0.4310] 
	x153: [ -0.1185,   0.0815] 
	x154: [ -1.0175,  -0.8175] 
	x155: [  0.9339,   1.1339] 
	x156: [ -0.1742,   0.0258] 
	x157: [  1.4196,   1.6196] 
	x158: [ -3.2638,  -3.0638] 
	x159: [  0.8820,   1.0820] 
	x160: [ -0.4647,  -0.2647] 
	x161: [ -1.0667,  -0.8667] 
	x162: [  0.1536,   0.3536] 
	x163: [ -1.5004,  -1.3004] 
	x164: [ -2.1696,  -1.9696] 
	x165: [ -1.3609,  -1.1609] 
	x166: [  1.3532,   1.5532] 
	x167: [  5.5267,   5.7267] 
	x168: [ -0.1692,   0.0308] 
	x169: [ -2.4993,  -2.2993] 
	x170: [ -2.1619,  -1.9619] 
	x171: [  3.0678,   3.2678] 
	x172: [  0.7832,   0.9832] 
	x173: [  0.4964,   0.6964] 
	x174: [ -1.3033,  -1.1033] 
	x175: [  0.5545,   0.7545] 
	x176: [ -2.2451,  -2.0451] 
	x177: [ -0.0518,   0.1482] 
	x178: [  0.3751,   0.5751] 
	x179: [ -1.9123,  -1.7123] 
	x180: [  0.4737,   0.6737] 
	x181: [  0.0088,   0.2088] 
	x182: [ -0.4009,  -0.2009] 
	x183: [ -1.6287,  -1.4287] 
	x184: [  0.5898,   0.7898] 
	x185: [ -2.1250,  -1.9250] 
	x186: [  0.8044,   1.0044] 
	x187: [ -1.2255,  -1.0255] 
	x188: [ -0.2202,  -0.0202] 
	x189: [ -2.4826,  -2.2826] 
	x190: [ -0.9056,  -0.7056] 
	x191: [ -0.3816,  -0.1816] 
	x192: [  0.3549,   0.5549] 
	x193: [  1.5369,   1.7369] 
	x194: [  0.7668,   0.9668] 
	x195: [ -1.3142,  -1.1142] 
	x196: [ -0.2221,  -0.0221] 
	x197: [ -1.7485,  -1.5485] 
	x198: [ -1.4802,  -1.2802] 
	x199: [  1.2389,   1.4389] 
	x200: [  0.3586,   0.5586] 
	x201: [ -0.1793,   0.0207] 
	x202: [ -3.1830,  -2.9830] 
	x203: [ -0.7152,  -0.5152] 
	x204: [ -1.4433,  -1.2433] 
	x205: [  0.5917,   0.7917] 
	x206: [  1.4147,   1.6147] 
	x207: [ -0.3976,  -0.1976] 
	x208: [  0.0738,   0.2738] 
	x209: [ -1.2825,  -1.0825] 
	x210: [ -2.3353,  -2.1353] 
	x211: [  0.5825,   0.7825] 
	x212: [ -0.6665,  -0.4665] 
	x213: [  0.3983,   0.5983] 
	x214: [ -1.0555,  -0.8555] 
	x215: [  0.8307,   1.0307] 
	x216: [ -1.2371,  -1.0371] 
	x217: [ -0.8492,  -0.6492] 
	x218: [ -2.3791,  -2.1791] 
	x219: [ -1.1099,  -0.9099] 
	x220: [ -0.3116,  -0.1116] 
	x221: [ -1.1290,  -0.9290] 
	x222: [  0.0989,   0.2989] 
	x223: [ -1.7644,  -1.5644] 
	x224: [ -1.1463,  -0.9463] 
	x225: [ -1.3154,  -1.1154] 
	x226: [  2.1147,   2.3147] 
	x227: [ -1.6230,  -1.4230] 
	x228: [  1.9211,   2.1211] 
	x229: [  0.8028,   1.0028] 
	x230: [  0.9270,   1.1270] 
	x231: [  1.3265,   1.5265] 
	x232: [  0.6154,   0.8154] 
	x233: [ -1.9769,  -1.7769] 
	x234: [ -0.7055,  -0.5055] 
	x235: [ -0.2292,  -0.0292] 
	x236: [  0.3520,   0.5520] 
	x237: [  1.0222,   1.2222] 
	x238: [  1.9465,   2.1465] 
	x239: [  6.0197,   6.2197] 
	x240: [  2.0891,   2.2891] 
	x241: [ -0.6060,  -0.4060] 
	x242: [ -0.8897,  -0.6897] 
	x243: [  0.7369,   0.9369] 
	x244: [ -0.9187,  -0.7187] 
	x245: [  0.5804,   0.7804] 
	x246: [ -0.0323,   0.1677] 
	x247: [ -0.5645,  -0.3645] 
	x248: [ -2.2327,  -2.0327] 
	x249: [  3.2274,   3.4274] 
	x250: [  0.7386,   0.9386] 
	x251: [ -0.3492,  -0.1492] 
	x252: [  0.1183,   0.3183] 
	x253: [  0.1552,   0.3552] 
	x254: [ -1.8276,  -1.6276] 
	x255: [ -0.5801,  -0.3801] 
	x256: [ -1.6203,  -1.4203] 
	x257: [  0.9623,   1.1623] 
	x258: [ -3.2825,  -3.0825] 
	x259: [  1.8048,   2.0048] 
	x260: [ -0.8057,  -0.6057] 
	x261: [ -0.4791,  -0.2791] 
	x262: [ -0.2399,  -0.0399] 
	x263: [  1.5283,   1.7283] 
	x264: [ -0.0774,   0.1226] 
	x265: [ -0.9511,  -0.7511] 
	x266: [ -0.0267,   0.1733] 
	x267: [  3.1498,   3.3498] 
	x268: [ -1.3452,  -1.1452] 
	x269: [  0.1220,   0.3220] 
	x270: [  1.7408,   1.9408] 
	x271: [ -0.0803,   0.1197] 
	x272: [ -1.7422,  -1.5422] 
	x273: [ -1.5176,  -1.3176] 
	x274: [ -0.2340,  -0.0340] 
	x275: [  2.9951,   3.1951] 
	x276: [ -0.3513,  -0.1513] 
	x277: [ -1.8076,  -1.6076] 
	x278: [ -0.8198,  -0.6198] 
	x279: [  1.1633,   1.3633] 
	x280: [  1.0388,   1.2388] 
	x281: [ -2.5342,  -2.3342] 
	x282: [  1.0105,   1.2105] 
	x283: [ -1.1315,  -0.9315] 
	x284: [ -2.7292,  -2.5292] 
	x285: [  0.5595,   0.7595] 
	x286: [ -0.4733,  -0.2733] 
	x287: [ -0.2927,  -0.0927] 
	x288: [ -0.2907,  -0.0907] 
	x289: [  0.6955,   0.8955] 
	x290: [ -0.1872,   0.0128] 
	x291: [  2.0980,   2.2980] 
	x292: [  0.0606,   0.2606] 
	x293: [ -0.2367,  -0.0367] 
	x294: [  1.9123,   2.1123] 
	x295: [  0.1575,   0.3575] 
	x296: [  0.5523,   0.7523] 
	x297: [  2.4364,   2.6364] 
	x298: [ -7.4068,  -7.2068] 
	x299: [  0.9733,   1.1733] 
	x300: [  2.9014,   3.1014] 
	x301: [ -1.0855,  -0.8855] 
	x302: [ -0.1635,   0.0365] 
	x303: [ -0.6948,  -0.4948] 
	x304: [  0.5909,   0.7909] 
	x305: [ -0.2644,  -0.0644] 
	x306: [ -1.7771,  -1.5771] 
	x307: [ -0.5073,  -0.3073] 
	x308: [ -1.1287,  -0.9287] 
	x309: [ -0.7412,  -0.5412] 
	x310: [  1.3255,   1.5255] 
	x311: [  1.3305,   1.5305] 
	x312: [  1.2902,   1.4902] 
	x313: [ -0.2234,  -0.0234] 
	x314: [ -2.0066,  -1.8066] 
	x315: [  0.7908,   0.9908] 
	x316: [  0.9646,   1.1646] 
	x317: [ -1.5143,  -1.3143] 
	x318: [  2.3573,   2.5573] 
	x319: [  0.0268,   0.2268] 
	x320: [ -1.7002,  -1.5002] 
	x321: [  1.2712,   1.4712] 
	x322: [ -1.8792,  -1.6792] 
	x323: [  0.6091,   0.8091] 
	x324: [ -0.9567,  -0.7567] 
	x325: [ -0.9612,  -0.7612] 
	x326: [ -1.3765,  -1.1765] 
	x327: [ -0.3071,  -0.1071] 
	x328: [  2.4601,   2.6601] 
	x329: [  0.1267,   0.3267] 
	x330: [ -1.2304,  -1.0304] 
	x331: [ -1.8415,  -1.6415] 
	x332: [  1.0806,   1.2806] 
	x333: [ -1.4410,  -1.2410] 
	x334: [  0.4930,   0.6930] 
	x335: [ -0.1349,   0.0651] 
	x336: [ -1.0727,  -0.8727] 
	x337: [  1.8165,   2.0165] 
	x338: [ -0.6829,  -0.4829] 
	x339: [  0.9730,   1.1730] 
	x340: [ -0.2029,  -0.0029] 
	x341: [ -0.6516,  -0.4516] 
	x342: [  0.0634,   0.2634] 
	x343: [  2.2536,   2.4536] 
	x344: [  1.1446,   1.3446] 
	x345: [ -1.7264,  -1.5264] 
	x346: [  1.7178,   1.9178] 
	x347: [  0.8617,   1.0617] 
	x348: [ -1.3811,  -1.1811] 
	x349: [  0.4838,   0.6838] 
	x350: [ -1.3763,  -1.1763] 
	x351: [ -0.5877,  -0.3877] 
	x352: [ -2.8553,  -2.6553] 
	x353: [  0.8331,   1.0331] 
	x354: [  0.2710,   0.4710] 
	x355: [ -0.2112,  -0.0112] 
	x356: [  2.3875,   2.5875] 
	x357: [ -1.4644,  -1.2644] 
	x358: [  0.3875,   0.5875] 
	x359: [  0.0941,   0.2941] 
	x360: [  0.2000,   0.4000] 
	x361: [ -1.4180,  -1.2180] 
	x362: [ -4.0680,  -3.8680] 
	x363: [ -1.7255,  -1.5255] 
	x364: [ -0.0531,   0.1469] 
	x365: [  1.6581,   1.8581] 
	x366: [ -1.3245,  -1.1245] 
	x367: [  1.7605,   1.9605] 
	x368: [  1.5608,   1.7608] 
	x369: [ -0.5783,  -0.3783] 
	x370: [  0.5182,   0.7182] 
	x371: [ -1.7143,  -1.5143] 
	x372: [ -0.4354,  -0.2354] 
	x373: [  0.4191,   0.6191] 
	x374: [ -0.6693,  -0.4693] 
	x375: [  0.7051,   0.9051] 
	x376: [ -2.9384,  -2.7384] 
	x377: [ -1.7771,  -1.5771] 
	x378: [  1.1277,   1.3277] 
	x379: [ -1.2165,  -1.0165] 
	x380: [  1.6669,   1.8669] 
	x381: [  0.1288,   0.3288] 
	x382: [ -2.4883,  -2.2883] 
	x383: [  0.1031,   0.3031] 
	x384: [ -1.0276,  -0.8276] 
	x385: [  0.2017,   0.4017] 
	x386: [ -0.4155,  -0.2155] 
	x387: [ -0.1679,   0.0321] 
	x388: [ -1.0531,  -0.8531] 
	x389: [ -3.9403,  -3.7403] 
	x390: [ -1.1561,  -0.9561] 
	x391: [ -1.4155,  -1.2155] 
	x392: [ -0.3034,  -0.1034] 
	x393: [ -2.3765,  -2.1765] 
	x394: [ -1.7036,  -1.5036] 
	x395: [  0.3783,   0.5783] 
	x396: [  2.6575,   2.8575] 
	x397: [ -2.3219,  -2.1219] 
	x398: [ -1.7636,  -1.5636] 
	x399: [  1.0478,   1.2478] 
	x400: [ -1.8161,  -1.6161] 
	x401: [ -0.9791,  -0.7791] 
	x402: [ -0.6538,  -0.4538] 
	x403: [ -1.7271,  -1.5271] 
	x404: [ -2.0889,  -1.8889] 
	x405: [  3.7644,   3.9644] 
	x406: [ -0.4017,  -0.2017] 
	x407: [  1.5355,   1.7355] 
	x408: [  1.5255,   1.7255] 
	x409: [  0.3259,   0.5259] 
	x410: [ -0.0666,   0.1334] 
	x411: [ -0.8234,  -0.6234] 
	x412: [  1.8984,   2.0984] 
	x413: [ -0.4454,  -0.2454] 
	x414: [ -0.6201,  -0.4201] 
	x415: [ -0.8862,  -0.6862] 
	x416: [ -1.5566,  -1.3566] 
	x417: [  0.0084,   0.2084] 
	x418: [ -2.0039,  -1.8039] 
	x419: [  1.2884,   1.4884] 
	x420: [ -0.4201,  -0.2201] 
	x421: [  0.9218,   1.1218] 
	x422: [ -0.2375,  -0.0375] 
	x423: [  1.8725,   2.0725] 
	x424: [ -2.9675,  -2.7675] 
	x425: [  0.8974,   1.0974] 
	x426: [ -1.4512,  -1.2512] 
	x427: [  1.8816,   2.0816] 
	x428: [  1.6579,   1.8579] 
	x429: [  1.9360,   2.1360] 
	x430: [ -0.5690,  -0.3690] 
	x431: [ -1.5532,  -1.3532] 
	x432: [  2.6736,   2.8736] 
	x433: [ -3.0136,  -2.8136] 
	x434: [ -0.1639,   0.0361] 
	x435: [  1.7946,   1.9946] 
	x436: [  1.5148,   1.7148] 
	x437: [  2.2159,   2.4159] 
	x438: [ -1.9676,  -1.7676] 
	x439: [ -1.7147,  -1.5147] 
	x440: [ -1.1874,  -0.9874] 
	x441: [ -1.0710,  -0.8710] 
	x442: [ -1.0567,  -0.8567] 
	x443: [ -2.1202,  -1.9202] 
	x444: [  1.0826,   1.2826] 
	x445: [ -0.6458,  -0.4458] 
	x446: [ -1.0819,  -0.8819] 
	x447: [  0.1526,   0.3526] 
	x448: [ -1.2137,  -1.0137] 
	x449: [  0.9524,   1.1524] 
	x450: [ -2.2355,  -2.0355] 
	x451: [ -1.7309,  -1.5309] 
	x452: [ -1.3767,  -1.1767] 
	x453: [ -0.4075,  -0.2075] 
	x454: [  1.2975,   1.4975] 
	x455: [ -2.2596,  -2.0596] 
	x456: [ -0.9611,  -0.7611] 
	x457: [  0.1974,   0.3974] 
	x458: [ -1.1932,  -0.9932] 
	x459: [  0.4448,   0.6448] 
	x460: [  1.2792,   1.4792] 
	x461: [ -0.2644,  -0.0644] 
	x462: [ -2.4044,  -2.2044] 
	x463: [ -2.0754,  -1.8754] 
	x464: [ -0.8095,  -0.6095] 
	x465: [ -0.4788,  -0.2788] 
	x466: [  0.6587,   0.8587] 
	x467: [ -2.0157,  -1.8157] 
	x468: [ -0.5762,  -0.3762] 
	x469: [ -0.0623,   0.1377] 
	x470: [ -0.8700,  -0.6700] 
	x471: [ -0.4133,  -0.2133] 
	x472: [  0.3953,   0.5953] 
	x473: [  0.7011,   0.9011] 
	x474: [  0.3185,   0.5185] 
	x475: [  0.3461,   0.5461] 
	x476: [ -0.4736,  -0.2736] 
	x477: [  2.2625,   2.4625] 
	x478: [ -0.2309,  -0.0309] 
	x479: [  4.7946,   4.9946] 
	x480: [  0.6762,   0.8762] 
	x481: [ -0.6237,  -0.4237] 
	x482: [ -1.2996,  -1.0996] 
	x483: [ -1.6221,  -1.4221] 
	x484: [  0.8880,   1.0880] 
	x485: [ -0.6086,  -0.4086] 
	x486: [  1.5471,   1.7471] 
	x487: [ -0.1708,   0.0292] 
	x488: [ -1.7635,  -1.5635] 
	x489: [  0.1842,   0.3842] 
	x490: [ -0.5464,  -0.3464] 
	x491: [  0.8721,   1.0721] 
	x492: [ -0.0759,   0.1241] 
	x493: [ -0.0578,   0.1422] 
	x494: [ -1.3260,  -1.1260] 
	x495: [  0.0997,   0.2997] 
	x496: [ -1.8869,  -1.6869] 
	x497: [  0.8728,   1.0728] 
	x498: [  1.6013,   1.8013] 
	x499: [ -0.5909,  -0.3909] 
	x500: [ -0.4535,  -0.2535] 
	x501: [  0.9170,   1.1170] 
	x502: [ -2.2434,  -2.0434] 
	x503: [  0.1761,   0.3761] 
	x504: [ -1.2010,  -1.0010] 
	x505: [  0.7866,   0.9866] 
	x506: [  2.1506,   2.3506] 
	x507: [ -1.5103,  -1.3103] 
	x508: [  2.2946,   2.4946] 
	x509: [ -0.3758,  -0.1758] 
	x510: [ -3.0432,  -2.8432] 
	x511: [ -0.5499,  -0.3499] 

Branching heuristics set to PseudoImpact

Engine::solve: Initial statistics

23:57:34 Statistics update:
	--- Time Statistics ---
	Total time elapsed: 476 milli (00:00:00)
		Main loop: 0 milli (00:00:00)
		Preprocessing time: 186 milli (00:00:00)
		Unknown: 290 milli (00:00:00)
	Breakdown for main loop:
		[0.00%] Simplex steps: 0 milli
		[0.00%] Explicit-basis bound tightening: 0 milli
		[0.00%] Constraint-matrix bound tightening: 0 milli
		[0.00%] Degradation checking: 0 milli
		[0.00%] Precision restoration: 0 milli
		[0.00%] Statistics handling: 0 milli
		[0.00%] Constraint-fixing steps: 0 milli
		[0.00%] Valid case splits: 0 milli. Average per split: 0.00 milli
		[0.00%] Applying stored bound-tightening: 0 milli
		[0.00%] SMT core: 0 milli
		[0.00%] Symbolic Bound Tightening: 12 milli
		[0.00%] SoI-based local search: 0 milli
		[0.00%] SoI-based local search: 0 milli
		[0.00%] Unaccounted for: 0 milli
	--- Preprocessor Statistics ---
	Number of preprocessor bound-tightening loop iterations: 3
	Number of eliminated variables: 94
	Number of constraints removed due to variable elimination: 94
	Number of equations removed due to variable elimination: 0
	--- Engine Statistics ---
	Number of main loop iterations: 1
		0 iterations were simplex steps. Total time: 0 milli. Average: 0.00 milli.
		0 iterations were constraint-fixing steps. Total time: 0 milli. Average: 0.00 milli
	Number of active piecewise-linear constraints: 162 / 162
		Constraints disabled by valid splits: 0. By SMT-originated splits: 0
	Last reported degradation: 0.0000000000. Max degradation so far: 0.0000000000. Restorations so far: 0
	Number of simplex pivots we attempted to skip because of instability: 0.
	Unstable pivots performed anyway: 0
	--- Tableau Statistics ---
	Total number of pivots performed: 0
		Real pivots: 0. Degenerate: 0 (0.00%)
		Degenerate pivots by request (e.g., to fix a PL constraint): 0 (0.00%)
		Average time per pivot: 0.00 milli
	Total number of fake pivots performed: 0
	Total number of rows added: 0. Number of merged columns: 0
	Current tableau dimensions: M = 705, N = 2084
	--- SMT Core Statistics ---
	Total depth is 0. Total visited states: 1. Number of splits: 0. Number of pops: 0
	Max stack depth: 0
	--- Bound Tightening Statistics ---
	Number of tightened bounds: 0.
		Number of rows examined by row tightener: 0. Consequent tightenings: 0
		Number of explicit basis matrices examined by row tightener: 0. Consequent tightenings: 0
		Number of bound tightening rounds on the entire constraint matrix: 0. Consequent tightenings: 0
		Number of bound notifications sent to PL constraints: 972. Tightenings proposed: 0
	--- Basis Factorization statistics ---
	Number of basis refactorizations: 2
	--- Projected Steepest Edge Statistics ---
	Number of iterations: 0.
	Number of resets to reference space: 1. Avg. iterations per reset: 0
	--- SBT ---
	Number of tightened bounds: 385
	--- SoI-based local search ---
	Number of proposed phase pattern update: 0. Number of accepted update: 0 [0.00%]
	Total time (% of local search time) updating SoI phase pattern : 0 milli [0.00%]
	Total time obtaining current assignment: 0 milli [0.00%]
	Total time getting SoI phase pattern : 0 milli [0.00%]
	--- Context dependent statistics ---
	Number of pushes / pops: 0 / 0
		[0.00%] Pre-Push hook: 0 milli
		[0.00%] Push : 0 milli
		[0.00%] Post-Pop hook: 0 milli
		[0.00%] Pop : 0 milli
		[0.00%] Total context-switching time: 0 milli
	--- Proof Certificate ---
	Number of certified leaves: 0
	Number of leaves to delegate: 0

---

Engine::solve: sat assignment found

23:57:35 Statistics update:
	--- Time Statistics ---
	Total time elapsed: 1979 milli (00:00:01)
		Main loop: 1502 milli (00:00:01)
		Preprocessing time: 186 milli (00:00:00)
		Unknown: 291 milli (00:00:00)
	Breakdown for main loop:
		[36.11%] Simplex steps: 542 milli
		[62.47%] Explicit-basis bound tightening: 938 milli
		[0.00%] Constraint-matrix bound tightening: 0 milli
		[0.61%] Degradation checking: 9 milli
		[0.00%] Precision restoration: 0 milli
		[0.03%] Statistics handling: 0 milli
		[0.00%] Constraint-fixing steps: 0 milli
		[0.00%] Valid case splits: 0 milli. Average per split: 0.00 milli
		[0.00%] Applying stored bound-tightening: 0 milli
		[0.00%] SMT core: 0 milli
		[1.38%] Symbolic Bound Tightening: 20 milli
		[10.38%] SoI-based local search: 155 milli
		[0.00%] SoI-based local search: 0 milli
		[1227671343536420.25%] Unaccounted for: 0 milli
	--- Preprocessor Statistics ---
	Number of preprocessor bound-tightening loop iterations: 3
	Number of eliminated variables: 94
	Number of constraints removed due to variable elimination: 94
	Number of equations removed due to variable elimination: 0
	--- Engine Statistics ---
	Number of main loop iterations: 494
		492 iterations were simplex steps. Total time: 542 milli. Average: 1.10 milli.
		0 iterations were constraint-fixing steps. Total time: 0 milli. Average: 0.00 milli
	Number of active piecewise-linear constraints: 162 / 162
		Constraints disabled by valid splits: 0. By SMT-originated splits: 0
	Last reported degradation: 0.0000000000. Max degradation so far: 0.0000000000. Restorations so far: 0
	Number of simplex pivots we attempted to skip because of instability: 0.
	Unstable pivots performed anyway: 0
	--- Tableau Statistics ---
	Total number of pivots performed: 479
		Real pivots: 479. Degenerate: 0 (0.00%)
		Degenerate pivots by request (e.g., to fix a PL constraint): 0 (0.00%)
		Average time per pivot: 0.15 milli
	Total number of fake pivots performed: 11
	Total number of rows added: 0. Number of merged columns: 0
	Current tableau dimensions: M = 705, N = 2084
	--- SMT Core Statistics ---
	Total depth is 0. Total visited states: 1. Number of splits: 0. Number of pops: 0
	Max stack depth: 0
	--- Bound Tightening Statistics ---
	Number of tightened bounds: 0.
		Number of rows examined by row tightener: 479. Consequent tightenings: 0
		Number of explicit basis matrices examined by row tightener: 4. Consequent tightenings: 277
		Number of bound tightening rounds on the entire constraint matrix: 0. Consequent tightenings: 0
		Number of bound notifications sent to PL constraints: 1944. Tightenings proposed: 0
	--- Basis Factorization statistics ---
	Number of basis refactorizations: 6
	--- Projected Steepest Edge Statistics ---
	Number of iterations: 490.
	Number of resets to reference space: 1. Avg. iterations per reset: 490
	--- SBT ---
	Number of tightened bounds: 385
	--- SoI-based local search ---
	Number of proposed phase pattern update: 0. Number of accepted update: 1 [0.00%]
	Total time (% of local search time) updating SoI phase pattern : 380 milli [0.24%]
	Total time obtaining current assignment: 169 milli [0.11%]
	Total time getting SoI phase pattern : 63 milli [0.00%]
	--- Context dependent statistics ---
	Number of pushes / pops: 0 / 0
		[0.00%] Pre-Push hook: 0 milli
		[0.00%] Push : 0 milli
		[0.00%] Post-Pop hook: 0 milli
		[0.00%] Pop : 0 milli
		[0.00%] Total context-switching time: 0 milli
	--- Proof Certificate ---
	Number of certified leaves: 0
	Number of leaves to delegate: 0
sat
Input assignment:
	x0 = 1.494280
	x1 = -1.979735
	x2 = -0.043587
	x3 = -0.114892
	x4 = 1.806092
	x5 = 0.127644
	x6 = -1.894163
	x7 = 1.666194
	x8 = -1.550648
	x9 = -0.593638
	x10 = 0.755271
	x11 = -0.028837
	x12 = -1.507380
	x13 = -1.503284
	x14 = 1.189636
	x15 = 0.866754
	x16 = 3.060948
	x17 = -0.055527
	x18 = -1.942683
	x19 = 1.358726
	x20 = 1.192303
	x21 = 0.818866
	x22 = 0.165682
	x23 = 0.768664
	x24 = 0.656501
	x25 = 1.545408
	x26 = 1.500323
	x27 = -1.368765
	x28 = 0.281576
	x29 = 1.981749
	x30 = -0.118925
	x31 = -1.630740
	x32 = -0.110234
	x33 = 2.102689
	x34 = -1.128627
	x35 = 2.166773
	x36 = 0.817819
	x37 = -2.050058
	x38 = 0.594072
	x39 = -3.743008
	x40 = 1.651244
	x41 = 2.442489
	x42 = 0.072400
	x43 = -0.484394
	x44 = 1.359942
	x45 = -0.635874
	x46 = -2.729196
	x47 = -0.752598
	x48 = 1.730549
	x49 = -0.205241
	x50 = 0.158498
	x51 = -2.589484
	x52 = -1.152960
	x53 = 1.248532
	x54 = 0.884767
	x55 = 0.164403
	x56 = -0.948240
	x57 = 2.013500
	x58 = 0.664092
	x59 = 0.250193
	x60 = 0.230853
	x61 = 0.810548
	x62 = 0.292840
	x63 = -2.360742
	x64 = 1.679602
	x65 = -1.635455
	x66 = -1.178340
	x67 = -1.164339
	x68 = 1.475528
	x69 = -0.644379
	x70 = -2.084703
	x71 = -0.756699
	x72 = -1.247825
	x73 = 0.862570
	x74 = -0.541547
	x75 = 0.642350
	x76 = -0.178922
	x77 = 0.180740
	x78 = -3.162794
	x79 = -1.277703
	x80 = 0.890971
	x81 = 1.082439
	x82 = -1.872776
	x83 = -2.824342
	x84 = -0.377828
	x85 = -0.531413
	x86 = 0.623240
	x87 = -1.000188
	x88 = 0.178830
	x89 = 2.138657
	x90 = -0.511943
	x91 = -1.671905
	x92 = -1.060905
	x93 = -2.902998
	x94 = -2.288004
	x95 = -0.172810
	x96 = 1.690759
	x97 = -1.081567
	x98 = -0.632189
	x99 = -2.524055
	x100 = 1.736559
	x101 = -1.012826
	x102 = 1.902176
	x103 = -1.052978
	x104 = -0.349310
	x105 = -1.316577
	x106 = -1.512588
	x107 = -0.860717
	x108 = 0.375892
	x109 = 0.280209
	x110 = -1.302405
	x111 = -2.331622
	x112 = -2.119784
	x113 = -0.983700
	x114 = -1.098036
	x115 = -3.702809
	x116 = -0.752202
	x117 = -3.048032
	x118 = -0.663057
	x119 = -2.051328
	x120 = 3.213619
	x121 = 1.959350
	x122 = 0.562561
	x123 = 0.961466
	x124 = -2.373242
	x125 = -0.972037
	x126 = -0.722786
	x127 = -0.691001
	x128 = 1.747247
	x129 = 2.543235
	x130 = 0.053984
	x131 = -0.568627
	x132 = 2.157615
	x133 = 1.252291
	x134 = -0.556018
	x135 = 1.572026
	x136 = 0.684812
	x137 = -1.358968
	x138 = -1.502809
	x139 = 1.024706
	x140 = 3.247346
	x141 = -0.388187
	x142 = 1.599045
	x143 = 1.911751
	x144 = -0.667242
	x145 = -0.069526
	x146 = -0.290758
	x147 = -1.749880
	x148 = 1.378946
	x149 = 1.670295
	x150 = -2.054768
	x151 = 1.060833
	x152 = -0.431008
	x153 = -0.118513
	x154 = -1.017510
	x155 = 1.133888
	x156 = 0.025833
	x157 = 1.419629
	x158 = -3.063770
	x159 = 0.882047
	x160 = -0.464663
	x161 = -0.866749
	x162 = 0.153618
	x163 = -1.500416
	x164 = -1.969570
	x165 = -1.160944
	x166 = 1.353168
	x167 = 5.526672
	x168 = 0.030845
	x169 = -2.299263
	x170 = -1.961928
	x171 = 3.067820
	x172 = 0.783186
	x173 = 0.496391
	x174 = -1.303271
	x175 = 0.554544
	x176 = -2.245135
	x177 = -0.051770
	x178 = 0.375126
	x179 = -1.912327
	x180 = 0.473654
	x181 = 0.208795
	x182 = -0.400876
	x183 = -1.595931
	x184 = 0.789822
	x185 = -1.925000
	x186 = 0.804410
	x187 = -1.225508
	x188 = -0.220169
	x189 = -2.482599
	x190 = -0.905597
	x191 = -0.381607
	x192 = 0.554946
	x193 = 1.736946
	x194 = 0.766838
	x195 = -1.114157
	x196 = -0.222074
	x197 = -1.748528
	x198 = -1.280173
	x199 = 1.438896
	x200 = 0.358575
	x201 = 0.020736
	x202 = -3.182981
	x203 = -0.515199
	x204 = -1.443330
	x205 = 0.791737
	x206 = 1.414697
	x207 = -0.397607
	x208 = 0.273772
	x209 = -1.082460
	x210 = -2.335278
	x211 = 0.582509
	x212 = -0.666513
	x213 = 0.398345
	x214 = -0.855457
	x215 = 1.030655
	x216 = -1.037081
	x217 = -0.649237
	x218 = -2.379120
	x219 = -0.909889
	x220 = -0.311641
	x221 = -1.128965
	x222 = 0.298930
	x223 = -1.764382
	x224 = -1.146334
	x225 = -1.115361
	x226 = 2.314744
	x227 = -1.622998
	x228 = 2.121090
	x229 = 1.002803
	x230 = 1.096199
	x231 = 1.326519
	x232 = 0.615396
	x233 = -1.776949
	x234 = -0.505516
	x235 = -0.229199
	x236 = 0.352023
	x237 = 1.222195
	x238 = 2.146502
	x239 = 6.219710
	x240 = 2.089059
	x241 = -0.405976
	x242 = -0.889684
	x243 = 0.936945
	x244 = -0.918654
	x245 = 0.580446
	x246 = 0.167722
	x247 = -0.364525
	x248 = -2.232671
	x249 = 3.227385
	x250 = 0.738575
	x251 = -0.149167
	x252 = 0.118329
	x253 = 0.355241
	x254 = -1.627587
	x255 = -0.380063
	x256 = -1.620289
	x257 = 0.962337
	x258 = -3.082466
	x259 = 1.804779
	x260 = -0.700942
	x261 = -0.479113
	x262 = -0.039890
	x263 = 1.728256
	x264 = -0.077369
	x265 = -0.751132
	x266 = 0.173319
	x267 = 3.149816
	x268 = -1.145165
	x269 = 0.321993
	x270 = 1.740846
	x271 = -0.080259
	x272 = -1.542182
	x273 = -1.517552
	x274 = -0.234014
	x275 = 3.195082
	x276 = -0.151309
	x277 = -1.807572
	x278 = -0.619808
	x279 = 1.363269
	x280 = 1.238770
	x281 = -2.334226
	x282 = 1.210453
	x283 = -0.931546
	x284 = -2.529185
	x285 = 0.559510
	x286 = -0.473341
	x287 = -0.292667
	x288 = -0.290682
	x289 = 0.895454
	x290 = 0.012806
	x291 = 2.297989
	x292 = 0.060623
	x293 = -0.103458
	x294 = 1.912275
	x295 = 0.157530
	x296 = 0.752345
	x297 = 2.436366
	x298 = -7.406840
	x299 = 0.973326
	x300 = 3.101443
	x301 = -1.085546
	x302 = -0.163534
	x303 = -0.494844
	x304 = 0.790881
	x305 = -0.264379
	x306 = -1.777110
	x307 = -0.507317
	x308 = -1.128732
	x309 = -0.595635
	x310 = 1.325468
	x311 = 1.330495
	x312 = 1.490158
	x313 = -0.223392
	x314 = -2.006629
	x315 = 0.790795
	x316 = 0.964643
	x317 = -1.314251
	x318 = 2.557306
	x319 = 0.226791
	x320 = -1.500218
	x321 = 1.271151
	x322 = -1.679224
	x323 = 0.809104
	x324 = -0.956704
	x325 = -0.961215
	x326 = -1.376510
	x327 = -0.107099
	x328 = 2.660066
	x329 = 0.126683
	x330 = -1.030385
	x331 = -1.641465
	x332 = 1.280561
	x333 = -1.440957
	x334 = 0.493039
	x335 = -0.134930
	x336 = -1.072669
	x337 = 1.816526
	x338 = -0.482870
	x339 = 0.972953
	x340 = -0.202908
	x341 = -0.651637
	x342 = 0.063448
	x343 = 2.253589
	x344 = 1.344552
	x345 = -1.526360
	x346 = 1.917824
	x347 = 1.061666
	x348 = -1.381140
	x349 = 0.683770
	x350 = -1.176283
	x351 = -0.587743
	x352 = -2.855266
	x353 = 0.833084
	x354 = 0.270976
	x355 = -0.211164
	x356 = 2.587544
	x357 = -1.264410
	x358 = 0.587471
	x359 = 0.094144
	x360 = 0.200002
	x361 = -1.218007
	x362 = -3.868014
	x363 = -1.525522
	x364 = 0.146910
	x365 = 1.858072
	x366 = -1.324497
	x367 = 1.760541
	x368 = 1.760762
	x369 = -0.578297
	x370 = 0.718214
	x371 = -1.514258
	x372 = -0.435429
	x373 = 0.419106
	x374 = -0.669311
	x375 = 0.905147
	x376 = -2.738447
	x377 = -1.777056
	x378 = 1.327722
	x379 = -1.216486
	x380 = 1.666947
	x381 = 0.128762
	x382 = -2.288270
	x383 = 0.303077
	x384 = -0.827619
	x385 = 0.401681
	x386 = -0.415483
	x387 = -0.167936
	x388 = -0.853117
	x389 = -3.940277
	x390 = -0.956062
	x391 = -1.415470
	x392 = -0.303419
	x393 = -2.376541
	x394 = -1.503555
	x395 = 0.578328
	x396 = 2.857465
	x397 = -2.121898
	x398 = -1.763604
	x399 = 1.247758
	x400 = -1.816142
	x401 = -0.779136
	x402 = -0.653767
	x403 = -1.727102
	x404 = -2.088914
	x405 = 3.764412
	x406 = -0.401653
	x407 = 1.735461
	x408 = 1.525540
	x409 = 0.325928
	x410 = 0.133372
	x411 = -0.823428
	x412 = 1.898415
	x413 = -0.245390
	x414 = -0.420101
	x415 = -0.686192
	x416 = -1.556619
	x417 = 0.208413
	x418 = -1.803935
	x419 = 1.488372
	x420 = -0.220067
	x421 = 0.921753
	x422 = -0.237489
	x423 = 2.072470
	x424 = -2.967544
	x425 = 0.897418
	x426 = -1.251195
	x427 = 1.881619
	x428 = 1.657937
	x429 = 2.135961
	x430 = -0.368996
	x431 = -1.553215
	x432 = 2.673626
	x433 = -3.013557
	x434 = 0.036089
	x435 = 1.794646
	x436 = 1.714830
	x437 = 2.415922
	x438 = -1.767576
	x439 = -1.714746
	x440 = -1.187398
	x441 = -0.870997
	x442 = -0.856724
	x443 = -2.109492
	x444 = 1.282606
	x445 = -0.645761
	x446 = -0.881934
	x447 = 0.152644
	x448 = -1.013726
	x449 = 1.152422
	x450 = -2.235488
	x451 = -1.530916
	x452 = -1.376718
	x453 = -0.407550
	x454 = 1.497464
	x455 = -2.059638
	x456 = -0.961138
	x457 = 0.397413
	x458 = -0.993161
	x459 = 0.644795
	x460 = 1.479245
	x461 = -0.264436
	x462 = -2.204360
	x463 = -1.875386
	x464 = -0.609452
	x465 = -0.478774
	x466 = 0.858664
	x467 = -2.015705
	x468 = -0.376237
	x469 = -0.062309
	x470 = -0.870048
	x471 = -0.213333
	x472 = 0.595306
	x473 = 0.901091
	x474 = 0.518476
	x475 = 0.346066
	x476 = -0.473627
	x477 = 2.262541
	x478 = -0.230900
	x479 = 4.794557
	x480 = 0.876249
	x481 = -0.623715
	x482 = -1.099596
	x483 = -1.422096
	x484 = 1.087961
	x485 = -0.608608
	x486 = 1.747059
	x487 = -0.170847
	x488 = -1.763457
	x489 = 0.384173
	x490 = -0.346393
	x491 = 1.072139
	x492 = 0.124133
	x493 = 0.142192
	x494 = -1.125961
	x495 = 0.099725
	x496 = -1.686869
	x497 = 1.072849
	x498 = 1.601320
	x499 = -0.590905
	x500 = -0.453466
	x501 = 0.917010
	x502 = -2.043414
	x503 = 0.176095
	x504 = -1.200986
	x505 = 0.786647
	x506 = 2.350578
	x507 = -1.310259
	x508 = 2.294638
	x509 = -0.175827
	x510 = -3.043225
	x511 = -0.549867

Output:
	y0 = -7.945731
	y1 = 9.332662
	y2 = -6.851800
	y3 = -7.664001
	y4 = 5.126831
	y5 = -7.958275
	y6 = -6.497791
	y7 = 7.064318
	y8 = -6.844050
	y9 = -6.345394
	y10 = 4.398369
	y11 = -5.868657
	y12 = -6.329591
	y13 = 6.518347
	y14 = -4.421855
	y15 = -5.725316
	y16 = 3.625222
	y17 = -5.311909
	y18 = -6.454890
	y19 = 6.541928
	y20 = -5.831319
	y21 = -9.984846
	y22 = 10.389413
	y23 = -9.213475
	y24 = -9.714964
	y25 = 9.688779
	y26 = -8.499273
	y27 = -13.535535
	y28 = 19.543875
	y29 = -11.928788
	y30 = -3.974839
	y31 = 4.718470
	y32 = -3.853573
	y33 = -2.364384
	y34 = 11.074735
	y35 = -5.162626
	y36 = -2.426477
	y37 = 8.693077
	y38 = -3.390206
	y39 = -2.560628
	y40 = 9.334100
	y41 = -1.785205
	y42 = -9.188506
	y43 = 11.126862
	y44 = -8.903478
	y45 = -7.178468
	y46 = 6.790457
	y47 = -7.966048
	y48 = -5.668957
	y49 = 5.575988
	y50 = -6.268837
	y51 = -6.651459
	y52 = 9.587269
	y53 = -5.546250
	y54 = -0.524917
	y55 = -14.278765
	y56 = 3.777186
	y57 = 4.225527
	y58 = -13.560666
	y59 = -1.295184
	y60 = -2.286461
	y61 = 22.283788
	y62 = -5.069421
	y63 = 0.541910
	y64 = 0.452112
	y65 = 0.452122
	y66 = -2.820306
	y67 = 3.957920
	y68 = -5.380766
	y69 = -6.080035
	y70 = 3.714881
	y71 = -7.577503
	y72 = -7.739985
	y73 = 9.127333
	y74 = -5.587716
	y75 = -6.459582
	y76 = 21.253614
	y77 = -4.645345
	y78 = -0.884003
	y79 = -8.179817
	y80 = 4.675466
	y81 = 7.434190
	y82 = -13.431442
	y83 = 12.682546
	y84 = 3.865551
	y85 = -12.926597
	y86 = 9.508664
	y87 = 3.676912
	y88 = -4.783232
	y89 = -0.765161
	y90 = -2.222888
	y91 = 8.415290
	y92 = -4.440083
	y93 = -5.203275
	y94 = 5.166338
	y95 = -4.773532
	y96 = -7.522959
	y97 = 9.109404
	y98 = -6.122682
	y99 = -7.145321
	y100 = 22.975449
	y101 = -5.700199
	y102 = -3.082631
	y103 = 17.172009
	y104 = -1.346746
	y105 = 9.048555
	y106 = -13.382388
	y107 = 9.820595
	y108 = 11.260325
	y109 = -15.038581
	y110 = 4.139941
	y111 = 4.121140
	y112 = -11.466506
	y113 = 1.071246
	y114 = 3.204734
	y115 = -4.426362
	y116 = -3.276002
	y117 = -4.378217
	y118 = 5.617985
	y119 = -5.889712
	y120 = -5.648285
	y121 = 10.279368
	y122 = -6.351607
	y123 = -6.872536
	y124 = 18.486699
	y125 = -6.078517
	y126 = -3.907401
	y127 = -6.556746
	y128 = 0.476199
	y129 = 4.880503
	y130 = -9.394712
	y131 = 0.446961
	y132 = 2.594087
	y133 = 10.791812
	y134 = 1.198354
	y135 = 0.276825
	y136 = -8.370251
	y137 = 4.263297
	y138 = -4.229843
	y139 = 5.760660
	y140 = -5.025228
	y141 = -5.455287
	y142 = 7.047944
	y143 = -4.616981
	y144 = -8.511242
	y145 = 7.928500
	y146 = -7.831304
	y147 = -10.077898
	y148 = 6.727072
	y149 = -8.891916
	y150 = -6.379712
	y151 = 9.017572
	y152 = -5.712460
	y153 = -3.346151
	y154 = 7.305833
	y155 = -2.911843
	y156 = -5.390739
	y157 = 18.232923
	y158 = -7.009983
	y159 = -9.325542
	y160 = 14.785192
	y161 = -6.863017
	y162 = -11.199668
	y163 = 17.633756
	y164 = -9.554383
	y165 = -5.848274
	y166 = 5.835238
	y167 = -6.607035
	y168 = -7.011750
	y169 = 6.216293
	y170 = -7.420732
	y171 = -3.685177
	y172 = 4.306984
	y173 = -7.140385
	y174 = -3.695004
	y175 = 5.878808
	y176 = -4.213663
	y177 = -5.769239
	y178 = 8.381933
	y179 = -6.306738
	y180 = -6.804900
	y181 = 7.456380
	y182 = -7.716795
	y183 = -8.047193
	y184 = 10.571878
	y185 = -6.501534
	y186 = -7.659415
	y187 = 3.149270
	y188 = -7.635883
	y189 = -8.601949
	y190 = 8.592642
	y191 = -11.124197

