InputQuery: /home/levn/Workspace/othello_world/queries/probe_robust/group_2/game_42_target_42_eps_0.1.txt
Engine::processInputQuery: Input query (before preprocessing): 449 equations, 1216 variables
Engine::processInputQuery: Input query (after preprocessing): 705 equations, 1343 variables

Input bounds:
	x0: [ -0.8373,  -0.6373] 
	x1: [ -1.5959,  -1.3959] 
	x2: [ -1.2938,  -1.0938] 
	x3: [ -1.4649,  -1.2649] 
	x4: [ -1.2614,  -1.0614] 
	x5: [ -2.1629,  -1.9629] 
	x6: [  0.2420,   0.4420] 
	x7: [  1.4821,   1.6821] 
	x8: [ -2.1089,  -1.9089] 
	x9: [  1.0227,   1.2227] 
	x10: [  0.4372,   0.6372] 
	x11: [ -0.8024,  -0.6024] 
	x12: [ -2.3080,  -2.1080] 
	x13: [ -0.0170,   0.1830] 
	x14: [  1.5039,   1.7039] 
	x15: [  1.2154,   1.4154] 
	x16: [ -0.3273,  -0.1273] 
	x17: [ -0.6003,  -0.4003] 
	x18: [ -0.2309,  -0.0309] 
	x19: [  0.9918,   1.1918] 
	x20: [ -1.2339,  -1.0339] 
	x21: [  0.3901,   0.5901] 
	x22: [ -1.9256,  -1.7256] 
	x23: [ -1.3307,  -1.1307] 
	x24: [ -1.1224,  -0.9224] 
	x25: [  1.8429,   2.0429] 
	x26: [  0.6355,   0.8355] 
	x27: [  0.4938,   0.6938] 
	x28: [ -1.2049,  -1.0049] 
	x29: [  0.5143,   0.7143] 
	x30: [  0.7763,   0.9763] 
	x31: [ -0.8938,  -0.6938] 
	x32: [  2.2108,   2.4108] 
	x33: [ -0.0683,   0.1317] 
	x34: [ -1.3730,  -1.1730] 
	x35: [ -1.0567,  -0.8567] 
	x36: [ -0.5181,  -0.3181] 
	x37: [ -2.4709,  -2.2709] 
	x38: [ -1.0167,  -0.8167] 
	x39: [ -2.8505,  -2.6505] 
	x40: [  1.0649,   1.2649] 
	x41: [  0.5288,   0.7288] 
	x42: [ -1.9291,  -1.7291] 
	x43: [  0.7366,   0.9366] 
	x44: [ -1.6225,  -1.4225] 
	x45: [ -1.0540,  -0.8540] 
	x46: [ -0.0949,   0.1051] 
	x47: [ -1.3764,  -1.1764] 
	x48: [  1.3748,   1.5748] 
	x49: [ -0.0109,   0.1891] 
	x50: [ -0.0926,   0.1074] 
	x51: [  3.1492,   3.3492] 
	x52: [ -1.0288,  -0.8288] 
	x53: [ -1.7217,  -1.5217] 
	x54: [ -0.7790,  -0.5790] 
	x55: [  1.3096,   1.5096] 
	x56: [ -0.8806,  -0.6806] 
	x57: [ -0.7241,  -0.5241] 
	x58: [ -0.4184,  -0.2184] 
	x59: [ -0.7317,  -0.5317] 
	x60: [ -1.1495,  -0.9495] 
	x61: [ -0.6901,  -0.4901] 
	x62: [ -1.3287,  -1.1287] 
	x63: [ -1.7653,  -1.5653] 
	x64: [  0.1783,   0.3783] 
	x65: [  0.6954,   0.8954] 
	x66: [  1.3543,   1.5543] 
	x67: [ -2.2945,  -2.0945] 
	x68: [ -0.1439,   0.0561] 
	x69: [  0.2987,   0.4987] 
	x70: [ -2.2922,  -2.0922] 
	x71: [ -1.5412,  -1.3412] 
	x72: [  2.1616,   2.3616] 
	x73: [ -2.2419,  -2.0419] 
	x74: [ -3.1720,  -2.9720] 
	x75: [ -2.1178,  -1.9178] 
	x76: [ -0.1022,   0.0978] 
	x77: [  3.7036,   3.9036] 
	x78: [ -1.1143,  -0.9143] 
	x79: [  1.7595,   1.9595] 
	x80: [  0.1646,   0.3646] 
	x81: [ -1.5512,  -1.3512] 
	x82: [  1.8806,   2.0806] 
	x83: [ -0.9432,  -0.7432] 
	x84: [ -1.2691,  -1.0691] 
	x85: [  0.4001,   0.6001] 
	x86: [  0.3971,   0.5971] 
	x87: [ -0.3012,  -0.1012] 
	x88: [  0.4269,   0.6269] 
	x89: [  1.8868,   2.0868] 
	x90: [ -2.3741,  -2.1741] 
	x91: [ -1.2030,  -1.0030] 
	x92: [  0.8076,   1.0076] 
	x93: [  2.2362,   2.4362] 
	x94: [ -0.4097,  -0.2097] 
	x95: [  1.7281,   1.9281] 
	x96: [  0.4057,   0.6057] 
	x97: [ -2.0038,  -1.8038] 
	x98: [ -0.6534,  -0.4534] 
	x99: [  2.3982,   2.5982] 
	x100: [ -0.4209,  -0.2209] 
	x101: [  0.8238,   1.0238] 
	x102: [  0.1586,   0.3586] 
	x103: [ -1.1935,  -0.9935] 
	x104: [  0.2942,   0.4942] 
	x105: [ -2.4100,  -2.2100] 
	x106: [  1.1779,   1.3779] 
	x107: [  0.4214,   0.6214] 
	x108: [  0.0607,   0.2607] 
	x109: [ -0.3736,  -0.1736] 
	x110: [ -2.0275,  -1.8275] 
	x111: [ -0.2581,  -0.0581] 
	x112: [ -0.2677,  -0.0677] 
	x113: [  0.2384,   0.4384] 
	x114: [ -0.3368,  -0.1368] 
	x115: [  0.0864,   0.2864] 
	x116: [  1.4264,   1.6264] 
	x117: [ -0.5582,  -0.3582] 
	x118: [  1.5197,   1.7197] 
	x119: [ -3.4086,  -3.2086] 
	x120: [  1.4847,   1.6847] 
	x121: [  1.2833,   1.4833] 
	x122: [  1.2227,   1.4227] 
	x123: [  0.5364,   0.7364] 
	x124: [ -1.8468,  -1.6468] 
	x125: [  2.0113,   2.2113] 
	x126: [  1.4848,   1.6848] 
	x127: [  0.7569,   0.9569] 
	x128: [ -0.7336,  -0.5336] 
	x129: [  0.0798,   0.2798] 
	x130: [  1.4209,   1.6209] 
	x131: [ -0.6778,  -0.4778] 
	x132: [ -0.2454,  -0.0454] 
	x133: [ -0.1223,   0.0777] 
	x134: [ -2.8773,  -2.6773] 
	x135: [ -0.3675,  -0.1675] 
	x136: [ -2.1352,  -1.9352] 
	x137: [  1.3307,   1.5307] 
	x138: [ -0.8824,  -0.6824] 
	x139: [ -2.8576,  -2.6576] 
	x140: [  0.5037,   0.7037] 
	x141: [  0.6966,   0.8966] 
	x142: [  0.7410,   0.9410] 
	x143: [ -1.8894,  -1.6894] 
	x144: [  1.2636,   1.4636] 
	x145: [  1.9362,   2.1362] 
	x146: [ -2.1664,  -1.9664] 
	x147: [ -0.0989,   0.1011] 
	x148: [  0.3524,   0.5524] 
	x149: [ -2.6704,  -2.4704] 
	x150: [ -1.2891,  -1.0891] 
	x151: [  1.0303,   1.2303] 
	x152: [  0.3997,   0.5997] 
	x153: [ -0.6286,  -0.4286] 
	x154: [  1.5875,   1.7875] 
	x155: [  1.8096,   2.0096] 
	x156: [  1.6994,   1.8994] 
	x157: [  0.9209,   1.1209] 
	x158: [  0.8243,   1.0243] 
	x159: [ -0.8610,  -0.6610] 
	x160: [ -0.5298,  -0.3298] 
	x161: [  0.7131,   0.9131] 
	x162: [ -2.5763,  -2.3763] 
	x163: [ -2.4156,  -2.2156] 
	x164: [  0.0402,   0.2402] 
	x165: [ -0.5271,  -0.3271] 
	x166: [ -0.6039,  -0.4039] 
	x167: [  3.1008,   3.3008] 
	x168: [ -1.1107,  -0.9107] 
	x169: [  1.4863,   1.6863] 
	x170: [ -0.8612,  -0.6612] 
	x171: [  1.8244,   2.0244] 
	x172: [ -0.0078,   0.1922] 
	x173: [  0.6197,   0.8197] 
	x174: [  0.2764,   0.4764] 
	x175: [  1.8131,   2.0131] 
	x176: [  0.3872,   0.5872] 
	x177: [  1.8131,   2.0131] 
	x178: [ -1.9080,  -1.7080] 
	x179: [ -2.1426,  -1.9426] 
	x180: [ -0.8497,  -0.6497] 
	x181: [ -1.0444,  -0.8444] 
	x182: [ -0.3453,  -0.1453] 
	x183: [  1.2156,   1.4156] 
	x184: [ -0.3534,  -0.1534] 
	x185: [  1.8511,   2.0511] 
	x186: [  1.3172,   1.5172] 
	x187: [ -0.2365,  -0.0365] 
	x188: [  1.5891,   1.7891] 
	x189: [ -1.7896,  -1.5896] 
	x190: [ -0.5327,  -0.3327] 
	x191: [  0.2600,   0.4600] 
	x192: [  0.9249,   1.1249] 
	x193: [ -1.2454,  -1.0454] 
	x194: [ -2.2453,  -2.0453] 
	x195: [  0.0457,   0.2457] 
	x196: [  0.9674,   1.1674] 
	x197: [ -2.0127,  -1.8127] 
	x198: [ -0.0210,   0.1790] 
	x199: [  1.5056,   1.7056] 
	x200: [ -0.6924,  -0.4924] 
	x201: [  1.6108,   1.8108] 
	x202: [  1.2229,   1.4229] 
	x203: [ -0.5596,  -0.3596] 
	x204: [ -0.4689,  -0.2689] 
	x205: [ -0.4629,  -0.2629] 
	x206: [ -2.1509,  -1.9509] 
	x207: [ -1.9617,  -1.7617] 
	x208: [ -2.3983,  -2.1983] 
	x209: [ -3.1075,  -2.9075] 
	x210: [  3.4527,   3.6527] 
	x211: [ -1.3624,  -1.1624] 
	x212: [  0.9757,   1.1757] 
	x213: [  2.4428,   2.6428] 
	x214: [ -1.3957,  -1.1957] 
	x215: [ -0.4763,  -0.2763] 
	x216: [ -1.4736,  -1.2736] 
	x217: [  1.3013,   1.5013] 
	x218: [ -1.5129,  -1.3129] 
	x219: [ -0.2040,  -0.0040] 
	x220: [ -0.2518,  -0.0518] 
	x221: [ -1.4893,  -1.2893] 
	x222: [ -0.3411,  -0.1411] 
	x223: [  0.1729,   0.3729] 
	x224: [ -2.6272,  -2.4272] 
	x225: [  0.0675,   0.2675] 
	x226: [  0.0861,   0.2861] 
	x227: [ -1.8985,  -1.6985] 
	x228: [ -0.9819,  -0.7819] 
	x229: [  2.6946,   2.8946] 
	x230: [  3.8197,   4.0197] 
	x231: [ -0.7194,  -0.5194] 
	x232: [  0.9641,   1.1641] 
	x233: [ -0.1919,   0.0081] 
	x234: [  0.1188,   0.3188] 
	x235: [  1.1115,   1.3115] 
	x236: [  1.0340,   1.2340] 
	x237: [ -0.4986,  -0.2986] 
	x238: [ -0.3297,  -0.1297] 
	x239: [ -0.7911,  -0.5911] 
	x240: [ -1.1613,  -0.9613] 
	x241: [ -0.1806,   0.0194] 
	x242: [  0.9264,   1.1264] 
	x243: [ -1.0286,  -0.8286] 
	x244: [  0.7643,   0.9643] 
	x245: [ -0.7162,  -0.5162] 
	x246: [ -0.7949,  -0.5949] 
	x247: [ -1.8120,  -1.6120] 
	x248: [  0.1575,   0.3575] 
	x249: [  1.8250,   2.0250] 
	x250: [  0.7594,   0.9594] 
	x251: [  0.1899,   0.3899] 
	x252: [ -0.5072,  -0.3072] 
	x253: [  1.5137,   1.7137] 
	x254: [  0.1796,   0.3796] 
	x255: [  1.1545,   1.3545] 
	x256: [ -0.5795,  -0.3795] 
	x257: [  0.2878,   0.4878] 
	x258: [ -1.9712,  -1.7712] 
	x259: [ -0.4272,  -0.2272] 
	x260: [  3.1630,   3.3630] 
	x261: [  3.1805,   3.3805] 
	x262: [ -0.5466,  -0.3466] 
	x263: [  0.3916,   0.5916] 
	x264: [ -1.2469,  -1.0469] 
	x265: [ -3.8130,  -3.6130] 
	x266: [  1.5602,   1.7602] 
	x267: [  0.1980,   0.3980] 
	x268: [ -2.0151,  -1.8151] 
	x269: [ -0.6375,  -0.4375] 
	x270: [ -0.7768,  -0.5768] 
	x271: [ -0.0383,   0.1617] 
	x272: [ -1.5476,  -1.3476] 
	x273: [ -0.0419,   0.1581] 
	x274: [  0.5480,   0.7480] 
	x275: [  0.9788,   1.1788] 
	x276: [ -0.1602,   0.0398] 
	x277: [ -0.3753,  -0.1753] 
	x278: [ -2.6016,  -2.4016] 
	x279: [  2.2376,   2.4376] 
	x280: [  1.1990,   1.3990] 
	x281: [ -0.6263,  -0.4263] 
	x282: [  0.0322,   0.2322] 
	x283: [ -0.9527,  -0.7527] 
	x284: [ -0.5382,  -0.3382] 
	x285: [  0.8975,   1.0975] 
	x286: [  1.0237,   1.2237] 
	x287: [ -0.4905,  -0.2905] 
	x288: [ -2.5848,  -2.3848] 
	x289: [ -0.1143,   0.0857] 
	x290: [  2.7348,   2.9348] 
	x291: [  0.3281,   0.5281] 
	x292: [ -0.0860,   0.1140] 
	x293: [  1.8209,   2.0209] 
	x294: [  1.0228,   1.2228] 
	x295: [  1.3588,   1.5588] 
	x296: [ -0.4538,  -0.2538] 
	x297: [ -0.6951,  -0.4951] 
	x298: [ -2.0305,  -1.8305] 
	x299: [  1.2952,   1.4952] 
	x300: [  1.6778,   1.8778] 
	x301: [ -1.1111,  -0.9111] 
	x302: [  1.6248,   1.8248] 
	x303: [ -0.5163,  -0.3163] 
	x304: [  0.3281,   0.5281] 
	x305: [  0.0585,   0.2585] 
	x306: [  1.1979,   1.3979] 
	x307: [  0.5031,   0.7031] 
	x308: [ -2.2918,  -2.0918] 
	x309: [ -0.8405,  -0.6405] 
	x310: [ -1.8505,  -1.6505] 
	x311: [  1.6015,   1.8015] 
	x312: [ -0.1705,   0.0295] 
	x313: [ -0.6184,  -0.4184] 
	x314: [ -0.6020,  -0.4020] 
	x315: [  0.1883,   0.3883] 
	x316: [  0.2725,   0.4725] 
	x317: [  0.9009,   1.1009] 
	x318: [ -0.4198,  -0.2198] 
	x319: [  1.6275,   1.8275] 
	x320: [ -2.4425,  -2.2425] 
	x321: [  1.0913,   1.2913] 
	x322: [ -1.1093,  -0.9093] 
	x323: [  1.2125,   1.4125] 
	x324: [  0.9337,   1.1337] 
	x325: [ -2.4040,  -2.2040] 
	x326: [  0.0500,   0.2500] 
	x327: [ -0.8264,  -0.6264] 
	x328: [  0.1554,   0.3554] 
	x329: [ -0.8326,  -0.6326] 
	x330: [ -2.6511,  -2.4511] 
	x331: [ -0.9379,  -0.7379] 
	x332: [ -0.1311,   0.0689] 
	x333: [  1.3146,   1.5146] 
	x334: [  3.6521,   3.8521] 
	x335: [  0.7961,   0.9961] 
	x336: [ -1.2724,  -1.0724] 
	x337: [  1.8808,   2.0808] 
	x338: [ -1.6163,  -1.4163] 
	x339: [ -1.5289,  -1.3289] 
	x340: [  0.2123,   0.4123] 
	x341: [ -0.3976,  -0.1976] 
	x342: [  1.3464,   1.5464] 
	x343: [ -0.8821,  -0.6821] 
	x344: [ -0.1949,   0.0051] 
	x345: [ -1.5417,  -1.3417] 
	x346: [  0.7181,   0.9181] 
	x347: [ -2.5076,  -2.3076] 
	x348: [ -0.4596,  -0.2596] 
	x349: [  0.4636,   0.6636] 
	x350: [  1.5979,   1.7979] 
	x351: [ -0.7886,  -0.5886] 
	x352: [ -0.6948,  -0.4948] 
	x353: [  0.9124,   1.1124] 
	x354: [ -1.6241,  -1.4241] 
	x355: [  0.3055,   0.5055] 
	x356: [ -0.1302,   0.0698] 
	x357: [  0.5655,   0.7655] 
	x358: [ -0.2369,  -0.0369] 
	x359: [ -0.5252,  -0.3252] 
	x360: [ -3.6556,  -3.4556] 
	x361: [  0.0994,   0.2994] 
	x362: [ -3.1971,  -2.9971] 
	x363: [ -2.0253,  -1.8253] 
	x364: [  0.0794,   0.2794] 
	x365: [  0.0370,   0.2370] 
	x366: [ -1.2241,  -1.0241] 
	x367: [  1.9332,   2.1332] 
	x368: [  0.1171,   0.3171] 
	x369: [  2.0604,   2.2604] 
	x370: [ -1.1645,  -0.9645] 
	x371: [ -2.0938,  -1.8938] 
	x372: [ -0.6510,  -0.4510] 
	x373: [  2.9870,   3.1870] 
	x374: [ -1.0252,  -0.8252] 
	x375: [ -2.3930,  -2.1930] 
	x376: [ -0.3983,  -0.1983] 
	x377: [  2.3692,   2.5692] 
	x378: [  1.0948,   1.2948] 
	x379: [ -0.0287,   0.1713] 
	x380: [ -3.2888,  -3.0888] 
	x381: [ -1.0900,  -0.8900] 
	x382: [ -0.7186,  -0.5186] 
	x383: [  0.9500,   1.1500] 
	x384: [  1.8291,   2.0291] 
	x385: [ -0.0383,   0.1617] 
	x386: [ -0.3887,  -0.1887] 
	x387: [ -0.7280,  -0.5280] 
	x388: [  0.0573,   0.2573] 
	x389: [ -1.4046,  -1.2046] 
	x390: [ -0.0840,   0.1160] 
	x391: [  0.2628,   0.4628] 
	x392: [  1.4585,   1.6585] 
	x393: [  1.1059,   1.3059] 
	x394: [ -0.8913,  -0.6913] 
	x395: [ -0.3199,  -0.1199] 
	x396: [ -0.3762,  -0.1762] 
	x397: [ -1.3292,  -1.1292] 
	x398: [  0.2798,   0.4798] 
	x399: [ -2.0389,  -1.8389] 
	x400: [  1.5336,   1.7336] 
	x401: [ -0.9103,  -0.7103] 
	x402: [ -1.2110,  -1.0110] 
	x403: [ -0.1797,   0.0203] 
	x404: [ -0.6185,  -0.4185] 
	x405: [ -2.8126,  -2.6126] 
	x406: [  3.3098,   3.5098] 
	x407: [ -0.6498,  -0.4498] 
	x408: [  2.4932,   2.6932] 
	x409: [ -0.1588,   0.0412] 
	x410: [ -0.1525,   0.0475] 
	x411: [  0.3290,   0.5290] 
	x412: [ -3.2787,  -3.0787] 
	x413: [ -3.2025,  -3.0025] 
	x414: [ -2.9990,  -2.7990] 
	x415: [  1.5116,   1.7116] 
	x416: [ -2.9294,  -2.7294] 
	x417: [  0.0520,   0.2520] 
	x418: [ -1.1742,  -0.9742] 
	x419: [  2.4625,   2.6625] 
	x420: [ -0.8322,  -0.6322] 
	x421: [ -0.5503,  -0.3503] 
	x422: [ -1.4996,  -1.2996] 
	x423: [  1.6844,   1.8844] 
	x424: [ -1.2895,  -1.0895] 
	x425: [  0.8591,   1.0591] 
	x426: [ -0.8604,  -0.6604] 
	x427: [ -1.3226,  -1.1226] 
	x428: [ -0.0666,   0.1334] 
	x429: [  0.0513,   0.2513] 
	x430: [ -1.6086,  -1.4086] 
	x431: [  1.8889,   2.0889] 
	x432: [ -0.6962,  -0.4962] 
	x433: [  2.4019,   2.6019] 
	x434: [  0.1527,   0.3527] 
	x435: [  0.8926,   1.0926] 
	x436: [ -1.0991,  -0.8991] 
	x437: [  2.8035,   3.0035] 
	x438: [  0.3530,   0.5530] 
	x439: [  0.3162,   0.5162] 
	x440: [  0.4080,   0.6080] 
	x441: [ -1.4190,  -1.2190] 
	x442: [  0.0971,   0.2971] 
	x443: [ -0.3807,  -0.1807] 
	x444: [ -2.3254,  -2.1254] 
	x445: [ -1.5774,  -1.3774] 
	x446: [  0.8808,   1.0808] 
	x447: [  2.5943,   2.7943] 
	x448: [ -0.0526,   0.1474] 
	x449: [ -1.8583,  -1.6583] 
	x450: [ -1.8561,  -1.6561] 
	x451: [  0.7556,   0.9556] 
	x452: [  0.8049,   1.0049] 
	x453: [  1.0238,   1.2238] 
	x454: [ -1.9442,  -1.7442] 
	x455: [  1.3450,   1.5450] 
	x456: [ -1.8867,  -1.6867] 
	x457: [ -1.5722,  -1.3722] 
	x458: [  2.6384,   2.8384] 
	x459: [ -0.7957,  -0.5957] 
	x460: [  1.9949,   2.1949] 
	x461: [  2.5195,   2.7195] 
	x462: [ -0.5358,  -0.3358] 
	x463: [ -1.2813,  -1.0813] 
	x464: [  0.2237,   0.4237] 
	x465: [  0.5649,   0.7649] 
	x466: [ -1.6460,  -1.4460] 
	x467: [ -3.0520,  -2.8520] 
	x468: [  0.1983,   0.3983] 
	x469: [ -0.0167,   0.1833] 
	x470: [  1.5993,   1.7993] 
	x471: [  0.6176,   0.8176] 
	x472: [  2.2748,   2.4748] 
	x473: [  1.3742,   1.5742] 
	x474: [  0.3687,   0.5687] 
	x475: [  2.6963,   2.8963] 
	x476: [  0.4740,   0.6740] 
	x477: [  1.0514,   1.2514] 
	x478: [ -0.1233,   0.0767] 
	x479: [  3.1509,   3.3509] 
	x480: [ -2.0199,  -1.8199] 
	x481: [ -0.6327,  -0.4327] 
	x482: [  0.1629,   0.3629] 
	x483: [  0.7256,   0.9256] 
	x484: [ -0.7441,  -0.5441] 
	x485: [ -0.2099,  -0.0099] 
	x486: [ -0.2508,  -0.0508] 
	x487: [  3.9711,   4.1711] 
	x488: [  0.5092,   0.7092] 
	x489: [  0.2986,   0.4986] 
	x490: [  0.8846,   1.0846] 
	x491: [  0.6088,   0.8088] 
	x492: [ -1.3627,  -1.1627] 
	x493: [  0.0591,   0.2591] 
	x494: [ -0.6205,  -0.4205] 
	x495: [ -0.6481,  -0.4481] 
	x496: [  1.8233,   2.0233] 
	x497: [ -0.7278,  -0.5278] 
	x498: [  1.6395,   1.8395] 
	x499: [ -2.4849,  -2.2849] 
	x500: [ -0.0395,   0.1605] 
	x501: [  2.1651,   2.3651] 
	x502: [ -0.6688,  -0.4688] 
	x503: [ -2.1256,  -1.9256] 
	x504: [ -0.3217,  -0.1217] 
	x505: [ -1.3567,  -1.1567] 
	x506: [  0.0925,   0.2925] 
	x507: [ -1.4285,  -1.2285] 
	x508: [  1.6871,   1.8871] 
	x509: [  1.1374,   1.3374] 
	x510: [ -0.1385,   0.0615] 
	x511: [ -1.4959,  -1.2959] 

Branching heuristics set to PseudoImpact

Engine::solve: Initial statistics

23:55:51 Statistics update:
	--- Time Statistics ---
	Total time elapsed: 519 milli (00:00:00)
		Main loop: 0 milli (00:00:00)
		Preprocessing time: 214 milli (00:00:00)
		Unknown: 304 milli (00:00:00)
	Breakdown for main loop:
		[0.00%] Simplex steps: 0 milli
		[0.00%] Explicit-basis bound tightening: 0 milli
		[0.00%] Constraint-matrix bound tightening: 0 milli
		[0.00%] Degradation checking: 0 milli
		[0.00%] Precision restoration: 0 milli
		[0.00%] Statistics handling: 0 milli
		[0.00%] Constraint-fixing steps: 0 milli
		[0.00%] Valid case splits: 0 milli. Average per split: 0.00 milli
		[0.00%] Applying stored bound-tightening: 0 milli
		[0.00%] SMT core: 0 milli
		[0.00%] Symbolic Bound Tightening: 12 milli
		[0.00%] SoI-based local search: 0 milli
		[0.00%] SoI-based local search: 0 milli
		[0.00%] Unaccounted for: 0 milli
	--- Preprocessor Statistics ---
	Number of preprocessor bound-tightening loop iterations: 3
	Number of eliminated variables: 130
	Number of constraints removed due to variable elimination: 130
	Number of equations removed due to variable elimination: 0
	--- Engine Statistics ---
	Number of main loop iterations: 1
		0 iterations were simplex steps. Total time: 0 milli. Average: 0.00 milli.
		0 iterations were constraint-fixing steps. Total time: 0 milli. Average: 0.00 milli
	Number of active piecewise-linear constraints: 126 / 126
		Constraints disabled by valid splits: 0. By SMT-originated splits: 0
	Last reported degradation: 0.0000000000. Max degradation so far: 0.0000000000. Restorations so far: 0
	Number of simplex pivots we attempted to skip because of instability: 0.
	Unstable pivots performed anyway: 0
	--- Tableau Statistics ---
	Total number of pivots performed: 0
		Real pivots: 0. Degenerate: 0 (0.00%)
		Degenerate pivots by request (e.g., to fix a PL constraint): 0 (0.00%)
		Average time per pivot: 0.00 milli
	Total number of fake pivots performed: 0
	Total number of rows added: 0. Number of merged columns: 0
	Current tableau dimensions: M = 705, N = 2048
	--- SMT Core Statistics ---
	Total depth is 0. Total visited states: 1. Number of splits: 0. Number of pops: 0
	Max stack depth: 0
	--- Bound Tightening Statistics ---
	Number of tightened bounds: 0.
		Number of rows examined by row tightener: 0. Consequent tightenings: 0
		Number of explicit basis matrices examined by row tightener: 0. Consequent tightenings: 0
		Number of bound tightening rounds on the entire constraint matrix: 0. Consequent tightenings: 0
		Number of bound notifications sent to PL constraints: 756. Tightenings proposed: 0
	--- Basis Factorization statistics ---
	Number of basis refactorizations: 2
	--- Projected Steepest Edge Statistics ---
	Number of iterations: 0.
	Number of resets to reference space: 1. Avg. iterations per reset: 0
	--- SBT ---
	Number of tightened bounds: 385
	--- SoI-based local search ---
	Number of proposed phase pattern update: 0. Number of accepted update: 0 [0.00%]
	Total time (% of local search time) updating SoI phase pattern : 0 milli [0.00%]
	Total time obtaining current assignment: 0 milli [0.00%]
	Total time getting SoI phase pattern : 0 milli [0.00%]
	--- Context dependent statistics ---
	Number of pushes / pops: 0 / 0
		[0.00%] Pre-Push hook: 0 milli
		[0.00%] Push : 0 milli
		[0.00%] Post-Pop hook: 0 milli
		[0.00%] Pop : 0 milli
		[0.00%] Total context-switching time: 0 milli
	--- Proof Certificate ---
	Number of certified leaves: 0
	Number of leaves to delegate: 0

---

Engine::solve: sat assignment found

23:55:53 Statistics update:
	--- Time Statistics ---
	Total time elapsed: 2678 milli (00:00:02)
		Main loop: 2158 milli (00:00:02)
		Preprocessing time: 214 milli (00:00:00)
		Unknown: 305 milli (00:00:00)
	Breakdown for main loop:
		[35.81%] Simplex steps: 773 milli
		[62.95%] Explicit-basis bound tightening: 1358 milli
		[0.00%] Constraint-matrix bound tightening: 0 milli
		[0.64%] Degradation checking: 13 milli
		[0.00%] Precision restoration: 0 milli
		[0.03%] Statistics handling: 0 milli
		[0.00%] Constraint-fixing steps: 0 milli
		[0.00%] Valid case splits: 0 milli. Average per split: 0.00 milli
		[0.00%] Applying stored bound-tightening: 0 milli
		[0.00%] SMT core: 0 milli
		[0.96%] Symbolic Bound Tightening: 20 milli
		[14.05%] SoI-based local search: 303 milli
		[0.00%] SoI-based local search: 0 milli
		[854523896321218.00%] Unaccounted for: 0 milli
	--- Preprocessor Statistics ---
	Number of preprocessor bound-tightening loop iterations: 3
	Number of eliminated variables: 130
	Number of constraints removed due to variable elimination: 130
	Number of equations removed due to variable elimination: 0
	--- Engine Statistics ---
	Number of main loop iterations: 653
		651 iterations were simplex steps. Total time: 773 milli. Average: 1.19 milli.
		0 iterations were constraint-fixing steps. Total time: 0 milli. Average: 0.00 milli
	Number of active piecewise-linear constraints: 126 / 126
		Constraints disabled by valid splits: 0. By SMT-originated splits: 0
	Last reported degradation: 0.0000000000. Max degradation so far: 0.0000000000. Restorations so far: 0
	Number of simplex pivots we attempted to skip because of instability: 0.
	Unstable pivots performed anyway: 0
	--- Tableau Statistics ---
	Total number of pivots performed: 636
		Real pivots: 636. Degenerate: 0 (0.00%)
		Degenerate pivots by request (e.g., to fix a PL constraint): 0 (0.00%)
		Average time per pivot: 0.20 milli
	Total number of fake pivots performed: 13
	Total number of rows added: 0. Number of merged columns: 0
	Current tableau dimensions: M = 705, N = 2048
	--- SMT Core Statistics ---
	Total depth is 0. Total visited states: 1. Number of splits: 0. Number of pops: 0
	Max stack depth: 0
	--- Bound Tightening Statistics ---
	Number of tightened bounds: 0.
		Number of rows examined by row tightener: 636. Consequent tightenings: 0
		Number of explicit basis matrices examined by row tightener: 6. Consequent tightenings: 287
		Number of bound tightening rounds on the entire constraint matrix: 0. Consequent tightenings: 0
		Number of bound notifications sent to PL constraints: 1512. Tightenings proposed: 0
	--- Basis Factorization statistics ---
	Number of basis refactorizations: 7
	--- Projected Steepest Edge Statistics ---
	Number of iterations: 649.
	Number of resets to reference space: 1. Avg. iterations per reset: 649
	--- SBT ---
	Number of tightened bounds: 385
	--- SoI-based local search ---
	Number of proposed phase pattern update: 0. Number of accepted update: 1 [0.00%]
	Total time (% of local search time) updating SoI phase pattern : 352 milli [0.12%]
	Total time obtaining current assignment: 158 milli [0.05%]
	Total time getting SoI phase pattern : 48 milli [0.00%]
	--- Context dependent statistics ---
	Number of pushes / pops: 0 / 0
		[0.00%] Pre-Push hook: 0 milli
		[0.00%] Push : 0 milli
		[0.00%] Post-Pop hook: 0 milli
		[0.00%] Pop : 0 milli
		[0.00%] Total context-switching time: 0 milli
	--- Proof Certificate ---
	Number of certified leaves: 0
	Number of leaves to delegate: 0
sat
Input assignment:
	x0 = -0.837259
	x1 = -1.595914
	x2 = -1.093769
	x3 = -1.264947
	x4 = -1.261373
	x5 = -2.162913
	x6 = 0.441957
	x7 = 1.482065
	x8 = -1.908946
	x9 = 1.222675
	x10 = 0.637240
	x11 = -0.802433
	x12 = -2.108048
	x13 = -0.017025
	x14 = 1.703930
	x15 = 1.215434
	x16 = -0.327331
	x17 = -0.600293
	x18 = -0.230897
	x19 = 1.191837
	x20 = -1.233950
	x21 = 0.590057
	x22 = -1.925560
	x23 = -1.330713
	x24 = -0.922379
	x25 = 2.042893
	x26 = 0.635522
	x27 = 0.493837
	x28 = -1.204898
	x29 = 0.714307
	x30 = 0.976317
	x31 = -0.693788
	x32 = 2.210790
	x33 = -0.068309
	x34 = -1.172951
	x35 = -0.856678
	x36 = -0.318088
	x37 = -2.470920
	x38 = -1.016688
	x39 = -2.850491
	x40 = 1.264899
	x41 = 0.528772
	x42 = -1.729096
	x43 = 0.736587
	x44 = -1.422453
	x45 = -0.853953
	x46 = 0.105150
	x47 = -1.176445
	x48 = 1.574787
	x49 = 0.189095
	x50 = -0.092581
	x51 = 3.349250
	x52 = -1.028757
	x53 = -1.521710
	x54 = -0.778962
	x55 = 1.309588
	x56 = -0.680621
	x57 = -0.724056
	x58 = -0.218371
	x59 = -0.531665
	x60 = -1.149512
	x61 = -0.490061
	x62 = -1.128716
	x63 = -1.765324
	x64 = 0.178320
	x65 = 0.895354
	x66 = 1.554296
	x67 = -2.294458
	x68 = -0.143948
	x69 = 0.298711
	x70 = -2.092237
	x71 = -1.341223
	x72 = 2.361635
	x73 = -2.241889
	x74 = -2.971999
	x75 = -2.117818
	x76 = 0.097843
	x77 = 3.903643
	x78 = -1.114329
	x79 = 1.759480
	x80 = 0.164559
	x81 = -1.351192
	x82 = 1.880616
	x83 = -0.943239
	x84 = -1.069086
	x85 = 0.400106
	x86 = 0.597072
	x87 = -0.101197
	x88 = 0.426878
	x89 = 1.886838
	x90 = -2.174142
	x91 = -1.202980
	x92 = 0.807553
	x93 = 2.236209
	x94 = -0.209718
	x95 = 1.728101
	x96 = 0.405707
	x97 = -2.003833
	x98 = -0.653359
	x99 = 2.598205
	x100 = -0.220929
	x101 = 1.023760
	x102 = 0.158563
	x103 = -1.193454
	x104 = 0.294166
	x105 = -2.210027
	x106 = 1.377888
	x107 = 0.421427
	x108 = 0.060716
	x109 = -0.173556
	x110 = -1.827457
	x111 = -0.058087
	x112 = -0.067667
	x113 = 0.438356
	x114 = -0.136785
	x115 = 0.086386
	x116 = 1.426395
	x117 = -0.558224
	x118 = 1.719694
	x119 = -3.208552
	x120 = 1.484702
	x121 = 1.283271
	x122 = 1.222718
	x123 = 0.736434
	x124 = -1.846845
	x125 = 2.211271
	x126 = 1.684778
	x127 = 0.956895
	x128 = -0.533561
	x129 = 0.279773
	x130 = 1.420853
	x131 = -0.677782
	x132 = -0.045424
	x133 = -0.122265
	x134 = -2.677269
	x135 = -0.167513
	x136 = -2.135193
	x137 = 1.330687
	x138 = -0.682424
	x139 = -2.857643
	x140 = 0.703746
	x141 = 0.696571
	x142 = 0.740964
	x143 = -1.889376
	x144 = 1.263598
	x145 = 2.136204
	x146 = -1.966445
	x147 = 0.101135
	x148 = 0.552417
	x149 = -2.670395
	x150 = -1.089144
	x151 = 1.230269
	x152 = 0.447581
	x153 = -0.428594
	x154 = 1.787500
	x155 = 1.809613
	x156 = 1.899398
	x157 = 0.920933
	x158 = 1.024271
	x159 = -0.660983
	x160 = -0.529774
	x161 = 0.913145
	x162 = -2.376269
	x163 = -2.415630
	x164 = 0.240158
	x165 = -0.527080
	x166 = -0.603944
	x167 = 3.100841
	x168 = -0.910653
	x169 = 1.486316
	x170 = -0.861164
	x171 = 1.824356
	x172 = -0.007800
	x173 = 0.619739
	x174 = 0.276416
	x175 = 2.013148
	x176 = 0.387220
	x177 = 1.813124
	x178 = -1.707981
	x179 = -1.942571
	x180 = -0.849661
	x181 = -1.044420
	x182 = -0.345276
	x183 = 1.215566
	x184 = -0.153387
	x185 = 2.051117
	x186 = 1.517218
	x187 = -0.036475
	x188 = 1.589068
	x189 = -1.589610
	x190 = -0.532725
	x191 = 0.260048
	x192 = 1.124915
	x193 = -1.045393
	x194 = -2.245329
	x195 = 0.245698
	x196 = 1.167424
	x197 = -2.012707
	x198 = -0.020987
	x199 = 1.505647
	x200 = -0.492390
	x201 = 1.810787
	x202 = 1.422912
	x203 = -0.359619
	x204 = -0.468878
	x205 = -0.462906
	x206 = -1.950940
	x207 = -1.961694
	x208 = -2.198296
	x209 = -2.907474
	x210 = 3.452652
	x211 = -1.162445
	x212 = 0.975724
	x213 = 2.642834
	x214 = -1.195738
	x215 = -0.276296
	x216 = -1.273595
	x217 = 1.301336
	x218 = -1.512895
	x219 = -0.204016
	x220 = -0.051770
	x221 = -1.289340
	x222 = -0.341084
	x223 = 0.372919
	x224 = -2.427217
	x225 = 0.267517
	x226 = 0.086083
	x227 = -1.698455
	x228 = -0.981910
	x229 = 2.894626
	x230 = 3.819707
	x231 = -0.519421
	x232 = 0.964100
	x233 = 0.008139
	x234 = 0.118804
	x235 = 1.111482
	x236 = 1.033971
	x237 = -0.298632
	x238 = -0.329653
	x239 = -0.591137
	x240 = -1.161341
	x241 = -0.180574
	x242 = 0.926419
	x243 = -1.028553
	x244 = 0.764329
	x245 = -0.516238
	x246 = -0.594948
	x247 = -1.812040
	x248 = 0.357494
	x249 = 2.024979
	x250 = 0.759392
	x251 = 0.189917
	x252 = -0.307161
	x253 = 1.513662
	x254 = 0.179561
	x255 = 1.154508
	x256 = -0.579497
	x257 = 0.487807
	x258 = -1.771221
	x259 = -0.227202
	x260 = 3.363046
	x261 = 3.380527
	x262 = -0.346644
	x263 = 0.591598
	x264 = -1.246936
	x265 = -3.813000
	x266 = 1.760249
	x267 = 0.197996
	x268 = -2.015064
	x269 = -0.637512
	x270 = -0.776751
	x271 = -0.038250
	x272 = -1.347647
	x273 = 0.158075
	x274 = 0.748010
	x275 = 1.178772
	x276 = 0.039779
	x277 = -0.375332
	x278 = -2.401614
	x279 = 2.237563
	x280 = 1.199038
	x281 = -0.426344
	x282 = 0.232179
	x283 = -0.952690
	x284 = -0.338245
	x285 = 1.097549
	x286 = 1.023691
	x287 = -0.490515
	x288 = -2.584827
	x289 = 0.085706
	x290 = 2.934772
	x291 = 0.528137
	x292 = -0.086030
	x293 = 2.020892
	x294 = 1.022771
	x295 = 1.358828
	x296 = -0.453759
	x297 = -0.495099
	x298 = -2.030537
	x299 = 1.495170
	x300 = 1.677807
	x301 = -1.111087
	x302 = 1.658367
	x303 = -0.516282
	x304 = 0.528110
	x305 = 0.258487
	x306 = 1.197905
	x307 = 0.503111
	x308 = -2.091767
	x309 = -0.840542
	x310 = -1.850537
	x311 = 1.801522
	x312 = -0.170477
	x313 = -0.618450
	x314 = -0.401961
	x315 = 0.188332
	x316 = 0.272474
	x317 = 0.900884
	x318 = -0.219771
	x319 = 1.827518
	x320 = -2.242505
	x321 = 1.291348
	x322 = -0.909260
	x323 = 1.412479
	x324 = 0.933695
	x325 = -2.404001
	x326 = 0.250041
	x327 = -0.826417
	x328 = 0.155449
	x329 = -0.632646
	x330 = -2.651120
	x331 = -0.937860
	x332 = -0.131074
	x333 = 1.514645
	x334 = 3.652128
	x335 = 0.796057
	x336 = -1.072368
	x337 = 1.880796
	x338 = -1.416293
	x339 = -1.328860
	x340 = 0.212319
	x341 = -0.397598
	x342 = 1.546418
	x343 = -0.682083
	x344 = 0.005137
	x345 = -1.341720
	x346 = 0.918121
	x347 = -2.307571
	x348 = -0.375622
	x349 = 0.463622
	x350 = 1.797883
	x351 = -0.588616
	x352 = -0.526120
	x353 = 0.912397
	x354 = -1.624084
	x355 = 0.305515
	x356 = -0.130152
	x357 = 0.565519
	x358 = -0.236852
	x359 = -0.525232
	x360 = -3.655623
	x361 = 0.299395
	x362 = -2.997099
	x363 = -1.825295
	x364 = 0.279388
	x365 = 0.237030
	x366 = -1.224120
	x367 = 2.133223
	x368 = 0.117135
	x369 = 2.260381
	x370 = -0.964476
	x371 = -1.893805
	x372 = -0.651036
	x373 = 3.186971
	x374 = -1.025188
	x375 = -2.192969
	x376 = -0.398345
	x377 = 2.369229
	x378 = 1.186483
	x379 = 0.171320
	x380 = -3.288797
	x381 = -0.890010
	x382 = -0.718582
	x383 = 1.150003
	x384 = 1.829097
	x385 = -0.038259
	x386 = -0.188674
	x387 = -0.727966
	x388 = 0.257335
	x389 = -1.404577
	x390 = 0.115963
	x391 = 0.262802
	x392 = 1.458490
	x393 = 1.105902
	x394 = -0.891268
	x395 = -0.119931
	x396 = -0.176227
	x397 = -1.329200
	x398 = 0.279758
	x399 = -1.838902
	x400 = 1.733611
	x401 = -0.710255
	x402 = -1.011000
	x403 = 0.020311
	x404 = -0.618530
	x405 = -2.812579
	x406 = 3.309817
	x407 = -0.449791
	x408 = 2.493248
	x409 = 0.041236
	x410 = -0.152467
	x411 = 0.529044
	x412 = -3.078683
	x413 = -3.002454
	x414 = -2.798968
	x415 = 1.711551
	x416 = -2.929361
	x417 = 0.251992
	x418 = -0.974201
	x419 = 2.462481
	x420 = -0.632249
	x421 = -0.550260
	x422 = -1.499642
	x423 = 1.884397
	x424 = -1.289477
	x425 = 1.059136
	x426 = -0.660423
	x427 = -1.322599
	x428 = 0.133420
	x429 = 0.051314
	x430 = -1.408563
	x431 = 1.888858
	x432 = -0.696169
	x433 = 2.601871
	x434 = 0.152740
	x435 = 1.092594
	x436 = -0.899138
	x437 = 3.003459
	x438 = 0.353028
	x439 = 0.516186
	x440 = 0.608035
	x441 = -1.219044
	x442 = 0.097090
	x443 = -0.180652
	x444 = -2.325418
	x445 = -1.377397
	x446 = 0.880815
	x447 = 2.794348
	x448 = 0.147398
	x449 = -1.858339
	x450 = -1.856097
	x451 = 0.955570
	x452 = 0.804930
	x453 = 1.223801
	x454 = -1.944218
	x455 = 1.344965
	x456 = -1.886708
	x457 = -1.572186
	x458 = 2.638385
	x459 = -0.595673
	x460 = 2.194921
	x461 = 2.719469
	x462 = -0.535826
	x463 = -1.281286
	x464 = 0.423704
	x465 = 0.564866
	x466 = -1.445994
	x467 = -3.051960
	x468 = 0.398344
	x469 = 0.183342
	x470 = 1.799251
	x471 = 0.817592
	x472 = 2.274768
	x473 = 1.374178
	x474 = 0.568707
	x475 = 2.696317
	x476 = 0.474040
	x477 = 1.251429
	x478 = -0.123345
	x479 = 3.350866
	x480 = -2.019873
	x481 = -0.432710
	x482 = 0.362906
	x483 = 0.925573
	x484 = -0.744139
	x485 = -0.009859
	x486 = -0.050849
	x487 = 3.971144
	x488 = 0.509227
	x489 = 0.298580
	x490 = 0.884623
	x491 = 0.808763
	x492 = -1.162693
	x493 = 0.059113
	x494 = -0.620470
	x495 = -0.648111
	x496 = 2.023285
	x497 = -0.527804
	x498 = 1.639504
	x499 = -2.484850
	x500 = -0.039482
	x501 = 2.365069
	x502 = -0.468829
	x503 = -2.125601
	x504 = -0.321677
	x505 = -1.156673
	x506 = 0.278652
	x507 = -1.228503
	x508 = 1.687068
	x509 = 1.337377
	x510 = 0.061524
	x511 = -1.295942

Output:
	y0 = -4.845471
	y1 = 2.940981
	y2 = -4.884772
	y3 = -6.528728
	y4 = -0.291581
	y5 = -6.011784
	y6 = -3.307163
	y7 = 4.050222
	y8 = -4.881345
	y9 = -0.844384
	y10 = -11.909475
	y11 = -6.241991
	y12 = -3.484120
	y13 = 3.934301
	y14 = -6.935682
	y15 = -5.282136
	y16 = 4.499405
	y17 = -4.191000
	y18 = -4.048438
	y19 = 4.835564
	y20 = -5.277406
	y21 = -5.756772
	y22 = 1.495178
	y23 = -6.959132
	y24 = -10.793897
	y25 = 10.807086
	y26 = -7.451502
	y27 = -7.667331
	y28 = 11.500472
	y29 = -6.491691
	y30 = -2.474553
	y31 = -8.581707
	y32 = 0.480394
	y33 = 4.472857
	y34 = -9.665367
	y35 = -0.735563
	y36 = 2.770437
	y37 = -4.696353
	y38 = -2.674775
	y39 = -0.373853
	y40 = 7.131585
	y41 = -3.896550
	y42 = -4.809097
	y43 = 2.166883
	y44 = -7.657094
	y45 = -6.241481
	y46 = 4.698390
	y47 = -4.644356
	y48 = -7.497916
	y49 = 10.170925
	y50 = -3.477562
	y51 = -1.148628
	y52 = -19.973637
	y53 = 3.995445
	y54 = 0.201243
	y55 = -17.394840
	y56 = 5.106795
	y57 = -1.197459
	y58 = -5.574945
	y59 = 2.812323
	y60 = 5.465210
	y61 = -12.840520
	y62 = 1.455767
	y63 = 5.790120
	y64 = -10.592746
	y65 = 0.098093
	y66 = -0.771943
	y67 = -8.409283
	y68 = -2.040482
	y69 = -7.523787
	y70 = 2.316282
	y71 = -8.198936
	y72 = -1.769171
	y73 = -16.091776
	y74 = 2.276103
	y75 = -0.353123
	y76 = -9.689253
	y77 = 2.645468
	y78 = -0.282005
	y79 = -11.858956
	y80 = 5.961277
	y81 = 12.752527
	y82 = -17.167472
	y83 = 10.344230
	y84 = 6.858408
	y85 = -17.156818
	y86 = 11.088841
	y87 = -0.232600
	y88 = -16.242286
	y89 = 4.996386
	y90 = -4.951445
	y91 = 14.283414
	y92 = -6.417826
	y93 = -5.692996
	y94 = 2.712865
	y95 = -5.258979
	y96 = -11.633329
	y97 = 14.123722
	y98 = -6.526433
	y99 = -3.330833
	y100 = -15.509568
	y101 = 1.759907
	y102 = 0.451378
	y103 = -9.296008
	y104 = 4.555347
	y105 = 8.581013
	y106 = -16.356179
	y107 = 12.534022
	y108 = 8.045068
	y109 = -18.262634
	y110 = 11.977766
	y111 = -1.035809
	y112 = -4.537463
	y113 = 3.861806
	y114 = -6.568810
	y115 = 24.298006
	y116 = -8.177175
	y117 = -5.795234
	y118 = 5.852481
	y119 = -4.602063
	y120 = -2.735700
	y121 = -10.074156
	y122 = -0.272354
	y123 = -4.716298
	y124 = 11.236268
	y125 = -2.695048
	y126 = -0.360488
	y127 = -19.485036
	y128 = -0.360498
	y129 = 1.958327
	y130 = -11.369363
	y131 = 4.334859
	y132 = 6.427217
	y133 = -8.751341
	y134 = 0.932904
	y135 = 3.527876
	y136 = -12.679761
	y137 = -1.231156
	y138 = -4.962343
	y139 = 2.830925
	y140 = -3.861189
	y141 = -6.195257
	y142 = 6.685190
	y143 = -3.750879
	y144 = -7.526253
	y145 = 1.799221
	y146 = -5.519143
	y147 = -10.412494
	y148 = 10.819863
	y149 = -8.786650
	y150 = -1.789821
	y151 = -17.420429
	y152 = 2.509508
	y153 = 3.042966
	y154 = -14.658685
	y155 = -1.339087
	y156 = -2.030801
	y157 = 5.147724
	y158 = -4.628882
	y159 = -4.435815
	y160 = 2.565800
	y161 = -5.890255
	y162 = -6.101754
	y163 = 3.583653
	y164 = -5.955736
	y165 = -6.547650
	y166 = 0.875027
	y167 = -2.712392
	y168 = -7.202827
	y169 = 3.507034
	y170 = -7.838338
	y171 = -10.908165
	y172 = 11.453220
	y173 = -9.106263
	y174 = -4.981976
	y175 = 6.501415
	y176 = -5.007014
	y177 = -1.337744
	y178 = -4.928021
	y179 = -3.663349
	y180 = -5.690880
	y181 = -0.766708
	y182 = -8.504986
	y183 = -6.139627
	y184 = 1.714772
	y185 = -6.776348
	y186 = -3.528737
	y187 = -0.190145
	y188 = -5.606621
	y189 = -6.226915
	y190 = 4.826134
	y191 = -8.239346

