InputQuery: /home/levn/Workspace/othello_world/queries/head_robust/group_2/game_58_adv_labels_51_eps_0.1.txt
Engine::processInputQuery: Input query (before preprocessing): 62 equations, 573 variables
Engine::processInputQuery: Input query (after preprocessing): 62 equations, 574 variables

Input bounds:
	x0: [ -0.0189,   0.1811] 
	x1: [ -1.4633,  -1.2633] 
	x2: [ -1.8747,  -1.6747] 
	x3: [ -0.2727,  -0.0727] 
	x4: [ -0.9578,  -0.7578] 
	x5: [ -0.5811,  -0.3811] 
	x6: [  1.3340,   1.5340] 
	x7: [ -2.1121,  -1.9121] 
	x8: [ -2.9827,  -2.7827] 
	x9: [  1.3334,   1.5334] 
	x10: [ -1.0989,  -0.8989] 
	x11: [  0.1947,   0.3947] 
	x12: [ -2.9154,  -2.7154] 
	x13: [  0.5052,   0.7052] 
	x14: [ -0.5186,  -0.3186] 
	x15: [ -0.1798,   0.0202] 
	x16: [  0.4109,   0.6109] 
	x17: [ -1.3779,  -1.1779] 
	x18: [  1.2592,   1.4592] 
	x19: [ -4.0549,  -3.8549] 
	x20: [  0.1398,   0.3398] 
	x21: [  0.8925,   1.0925] 
	x22: [ -1.1623,  -0.9623] 
	x23: [ -1.0886,  -0.8886] 
	x24: [  2.3680,   2.5680] 
	x25: [  1.0055,   1.2055] 
	x26: [  1.7129,   1.9129] 
	x27: [ -0.9571,  -0.7571] 
	x28: [ -4.0566,  -3.8566] 
	x29: [  0.7341,   0.9341] 
	x30: [ -1.2475,  -1.0475] 
	x31: [ -2.9878,  -2.7878] 
	x32: [  0.9354,   1.1354] 
	x33: [  4.5812,   4.7812] 
	x34: [ -0.8433,  -0.6433] 
	x35: [  0.0005,   0.2005] 
	x36: [  0.4040,   0.6040] 
	x37: [ -0.6110,  -0.4110] 
	x38: [  3.4303,   3.6303] 
	x39: [ -1.6658,  -1.4658] 
	x40: [ -0.8957,  -0.6957] 
	x41: [  1.0886,   1.2886] 
	x42: [ -0.1338,   0.0662] 
	x43: [ -1.0767,  -0.8767] 
	x44: [ -0.3739,  -0.1739] 
	x45: [  0.3850,   0.5850] 
	x46: [ -4.6366,  -4.4366] 
	x47: [  0.9021,   1.1021] 
	x48: [  1.7508,   1.9508] 
	x49: [ -1.5056,  -1.3056] 
	x50: [  0.7652,   0.9652] 
	x51: [  1.8666,   2.0666] 
	x52: [  2.5651,   2.7651] 
	x53: [  2.0470,   2.2470] 
	x54: [  0.7639,   0.9639] 
	x55: [  2.9520,   3.1520] 
	x56: [ -0.2726,  -0.0726] 
	x57: [  1.2655,   1.4655] 
	x58: [ -1.7560,  -1.5560] 
	x59: [ -2.8722,  -2.6722] 
	x60: [  0.7730,   0.9730] 
	x61: [  0.2019,   0.4019] 
	x62: [  0.8227,   1.0227] 
	x63: [ -2.6864,  -2.4864] 
	x64: [ -2.4798,  -2.2798] 
	x65: [  1.7184,   1.9184] 
	x66: [ -1.3421,  -1.1421] 
	x67: [ -2.4934,  -2.2934] 
	x68: [ -0.7107,  -0.5107] 
	x69: [ -0.3732,  -0.1732] 
	x70: [ -4.0388,  -3.8388] 
	x71: [ -0.6856,  -0.4856] 
	x72: [ -1.3035,  -1.1035] 
	x73: [  2.5726,   2.7726] 
	x74: [ -2.3036,  -2.1036] 
	x75: [ -3.2728,  -3.0728] 
	x76: [ -0.1807,   0.0193] 
	x77: [  0.9460,   1.1460] 
	x78: [  1.2988,   1.4988] 
	x79: [  1.5681,   1.7681] 
	x80: [ -1.9938,  -1.7938] 
	x81: [ -1.1984,  -0.9984] 
	x82: [ -3.4217,  -3.2217] 
	x83: [ -2.5033,  -2.3033] 
	x84: [ -0.0380,   0.1620] 
	x85: [  1.5322,   1.7322] 
	x86: [  1.5893,   1.7893] 
	x87: [  2.0177,   2.2177] 
	x88: [ -0.2477,  -0.0477] 
	x89: [  2.4747,   2.6747] 
	x90: [ -0.6407,  -0.4407] 
	x91: [  1.1304,   1.3304] 
	x92: [  1.2620,   1.4620] 
	x93: [  0.8733,   1.0733] 
	x94: [ -1.7350,  -1.5350] 
	x95: [  3.1232,   3.3232] 
	x96: [ -0.6447,  -0.4447] 
	x97: [ -0.8340,  -0.6340] 
	x98: [ -1.1745,  -0.9745] 
	x99: [  3.5728,   3.7728] 
	x100: [ -0.7924,  -0.5924] 
	x101: [  0.9508,   1.1508] 
	x102: [  0.2492,   0.4492] 
	x103: [ -0.1259,   0.0741] 
	x104: [ -0.7495,  -0.5495] 
	x105: [ -0.9515,  -0.7515] 
	x106: [  1.1016,   1.3016] 
	x107: [ -1.8910,  -1.6910] 
	x108: [  1.4828,   1.6828] 
	x109: [  1.5446,   1.7446] 
	x110: [ -3.3419,  -3.1419] 
	x111: [ -0.0966,   0.1034] 
	x112: [  1.1300,   1.3300] 
	x113: [ -1.4780,  -1.2780] 
	x114: [ -2.1389,  -1.9389] 
	x115: [  1.2546,   1.4546] 
	x116: [  2.0711,   2.2711] 
	x117: [ -0.7861,  -0.5861] 
	x118: [  0.4557,   0.6557] 
	x119: [ -1.2524,  -1.0524] 
	x120: [ -0.1004,   0.0996] 
	x121: [  1.8092,   2.0092] 
	x122: [  1.6768,   1.8768] 
	x123: [ -1.9618,  -1.7618] 
	x124: [  2.8208,   3.0208] 
	x125: [ -0.4433,  -0.2433] 
	x126: [  0.7379,   0.9379] 
	x127: [  0.2029,   0.4029] 
	x128: [ -0.2429,  -0.0429] 
	x129: [  2.0343,   2.2343] 
	x130: [  0.2624,   0.4624] 
	x131: [ -1.7930,  -1.5930] 
	x132: [ -0.7856,  -0.5856] 
	x133: [ -0.3615,  -0.1615] 
	x134: [ -2.5006,  -2.3006] 
	x135: [ -0.1295,   0.0705] 
	x136: [  0.8743,   1.0743] 
	x137: [  0.2479,   0.4479] 
	x138: [  3.5567,   3.7567] 
	x139: [ -1.6405,  -1.4405] 
	x140: [  0.5740,   0.7740] 
	x141: [  1.1245,   1.3245] 
	x142: [  2.8122,   3.0122] 
	x143: [ -0.7724,  -0.5724] 
	x144: [ -1.3545,  -1.1545] 
	x145: [  1.7833,   1.9833] 
	x146: [ -2.0405,  -1.8405] 
	x147: [ -0.7208,  -0.5208] 
	x148: [  2.0033,   2.2033] 
	x149: [ -0.1535,   0.0465] 
	x150: [  0.7346,   0.9346] 
	x151: [ -0.0169,   0.1831] 
	x152: [ -1.5023,  -1.3023] 
	x153: [ -2.3124,  -2.1124] 
	x154: [ -0.2549,  -0.0549] 
	x155: [  1.9307,   2.1307] 
	x156: [  1.0641,   1.2641] 
	x157: [  0.8631,   1.0631] 
	x158: [ -1.5947,  -1.3947] 
	x159: [  0.8537,   1.0537] 
	x160: [ -1.4334,  -1.2334] 
	x161: [  1.3635,   1.5635] 
	x162: [  0.0490,   0.2490] 
	x163: [ -2.9763,  -2.7763] 
	x164: [ -1.5289,  -1.3289] 
	x165: [  0.8630,   1.0630] 
	x166: [ -1.0828,  -0.8828] 
	x167: [  0.4552,   0.6552] 
	x168: [ -5.1948,  -4.9948] 
	x169: [ -0.4317,  -0.2317] 
	x170: [  1.4040,   1.6040] 
	x171: [ -2.3104,  -2.1104] 
	x172: [ -0.1148,   0.0852] 
	x173: [  1.5454,   1.7454] 
	x174: [  0.8467,   1.0467] 
	x175: [  0.6021,   0.8021] 
	x176: [ -0.0548,   0.1452] 
	x177: [ -0.5449,  -0.3449] 
	x178: [ -0.9887,  -0.7887] 
	x179: [ -4.0359,  -3.8359] 
	x180: [ -1.4999,  -1.2999] 
	x181: [ -1.8649,  -1.6649] 
	x182: [  1.6003,   1.8003] 
	x183: [  2.4094,   2.6094] 
	x184: [ -1.8176,  -1.6176] 
	x185: [ -1.8979,  -1.6979] 
	x186: [  0.7663,   0.9663] 
	x187: [ -1.8688,  -1.6688] 
	x188: [  3.1674,   3.3674] 
	x189: [ -3.4296,  -3.2296] 
	x190: [ -3.6889,  -3.4889] 
	x191: [  2.7287,   2.9287] 
	x192: [  1.7993,   1.9993] 
	x193: [ -0.5464,  -0.3464] 
	x194: [ -0.4825,  -0.2825] 
	x195: [ -0.1413,   0.0587] 
	x196: [  2.2172,   2.4172] 
	x197: [  1.4366,   1.6366] 
	x198: [ -0.6197,  -0.4197] 
	x199: [  0.7518,   0.9518] 
	x200: [  2.2066,   2.4066] 
	x201: [ -0.0180,   0.1820] 
	x202: [  0.1252,   0.3252] 
	x203: [  2.6761,   2.8761] 
	x204: [  0.6382,   0.8382] 
	x205: [ -1.5960,  -1.3960] 
	x206: [  1.1257,   1.3257] 
	x207: [ -0.0959,   0.1041] 
	x208: [ -1.7275,  -1.5275] 
	x209: [ -1.7689,  -1.5689] 
	x210: [ -0.5470,  -0.3470] 
	x211: [  0.2065,   0.4065] 
	x212: [ -0.3170,  -0.1170] 
	x213: [ -1.9043,  -1.7043] 
	x214: [  1.8360,   2.0360] 
	x215: [  2.6716,   2.8716] 
	x216: [ -0.4401,  -0.2401] 
	x217: [ -2.5615,  -2.3615] 
	x218: [  0.7628,   0.9628] 
	x219: [  0.2775,   0.4775] 
	x220: [ -1.5463,  -1.3463] 
	x221: [ -1.3881,  -1.1881] 
	x222: [ -3.0783,  -2.8783] 
	x223: [ -0.5560,  -0.3560] 
	x224: [ -1.1439,  -0.9439] 
	x225: [  2.6954,   2.8954] 
	x226: [ -1.6328,  -1.4328] 
	x227: [  1.1046,   1.3046] 
	x228: [ -1.0980,  -0.8980] 
	x229: [ -0.6521,  -0.4521] 
	x230: [  5.4789,   5.6789] 
	x231: [  2.4785,   2.6785] 
	x232: [ -2.3928,  -2.1928] 
	x233: [  0.3928,   0.5928] 
	x234: [  0.3249,   0.5249] 
	x235: [  1.4437,   1.6437] 
	x236: [  2.0855,   2.2855] 
	x237: [ -2.4285,  -2.2285] 
	x238: [  1.9257,   2.1257] 
	x239: [  0.3927,   0.5927] 
	x240: [  2.1586,   2.3586] 
	x241: [ -1.0472,  -0.8472] 
	x242: [  0.6210,   0.8210] 
	x243: [  0.4253,   0.6253] 
	x244: [ -0.2450,  -0.0450] 
	x245: [ -1.2932,  -1.0932] 
	x246: [ -2.5554,  -2.3554] 
	x247: [ -4.0048,  -3.8048] 
	x248: [ -2.4101,  -2.2101] 
	x249: [  1.3097,   1.5097] 
	x250: [ -0.5233,  -0.3233] 
	x251: [ -0.4193,  -0.2193] 
	x252: [ -1.0808,  -0.8808] 
	x253: [  0.3686,   0.5686] 
	x254: [  2.1968,   2.3968] 
	x255: [  0.0397,   0.2397] 
	x256: [  3.2724,   3.4724] 
	x257: [  2.7617,   2.9617] 
	x258: [ -0.7699,  -0.5699] 
	x259: [ -0.7613,  -0.5613] 
	x260: [  1.3747,   1.5747] 
	x261: [  2.7339,   2.9339] 
	x262: [ -0.8658,  -0.6658] 
	x263: [  0.5501,   0.7501] 
	x264: [ -1.0783,  -0.8783] 
	x265: [ -2.2306,  -2.0306] 
	x266: [  0.1659,   0.3659] 
	x267: [  0.5956,   0.7956] 
	x268: [ -1.7920,  -1.5920] 
	x269: [ -2.5703,  -2.3703] 
	x270: [ -0.7947,  -0.5947] 
	x271: [ -2.1212,  -1.9212] 
	x272: [ -2.0282,  -1.8282] 
	x273: [ -0.3020,  -0.1020] 
	x274: [  0.8048,   1.0048] 
	x275: [  3.5441,   3.7441] 
	x276: [ -1.1789,  -0.9789] 
	x277: [  0.1548,   0.3548] 
	x278: [ -4.4367,  -4.2367] 
	x279: [  0.3082,   0.5082] 
	x280: [ -1.5398,  -1.3398] 
	x281: [ -3.3718,  -3.1718] 
	x282: [ -1.6048,  -1.4048] 
	x283: [ -2.7455,  -2.5455] 
	x284: [  0.2968,   0.4968] 
	x285: [ -0.7843,  -0.5843] 
	x286: [ -1.6344,  -1.4344] 
	x287: [ -0.8399,  -0.6399] 
	x288: [ -1.2650,  -1.0650] 
	x289: [ -0.8499,  -0.6499] 
	x290: [  0.4780,   0.6780] 
	x291: [ -0.9000,  -0.7000] 
	x292: [ -0.8262,  -0.6262] 
	x293: [  0.1122,   0.3122] 
	x294: [  2.9962,   3.1962] 
	x295: [  2.7577,   2.9577] 
	x296: [ -0.1853,   0.0147] 
	x297: [ -0.5360,  -0.3360] 
	x298: [  0.3802,   0.5802] 
	x299: [ -1.1034,  -0.9034] 
	x300: [ -1.6443,  -1.4443] 
	x301: [  0.6067,   0.8067] 
	x302: [  3.7204,   3.9204] 
	x303: [ -2.9985,  -2.7985] 
	x304: [  0.8537,   1.0537] 
	x305: [ -2.3084,  -2.1084] 
	x306: [ -0.6904,  -0.4904] 
	x307: [ -2.4555,  -2.2555] 
	x308: [ -1.4564,  -1.2564] 
	x309: [ -1.7472,  -1.5472] 
	x310: [ -3.1620,  -2.9620] 
	x311: [  3.1867,   3.3867] 
	x312: [  2.8498,   3.0498] 
	x313: [ -0.6678,  -0.4678] 
	x314: [ -0.1632,   0.0368] 
	x315: [  1.1479,   1.3479] 
	x316: [  2.4340,   2.6340] 
	x317: [  0.6321,   0.8321] 
	x318: [  0.9253,   1.1253] 
	x319: [  0.6152,   0.8152] 
	x320: [  0.8227,   1.0227] 
	x321: [  0.8913,   1.0913] 
	x322: [ -1.3220,  -1.1220] 
	x323: [  1.8413,   2.0413] 
	x324: [  0.4668,   0.6668] 
	x325: [ -3.2652,  -3.0652] 
	x326: [ -1.8028,  -1.6028] 
	x327: [ -1.1960,  -0.9960] 
	x328: [  2.5871,   2.7871] 
	x329: [ -2.4904,  -2.2904] 
	x330: [  0.2802,   0.4802] 
	x331: [  1.1966,   1.3966] 
	x332: [ -0.8026,  -0.6026] 
	x333: [ -1.6475,  -1.4475] 
	x334: [ -0.0180,   0.1820] 
	x335: [  2.0947,   2.2947] 
	x336: [ -0.9516,  -0.7516] 
	x337: [  5.2315,   5.4315] 
	x338: [ -0.1622,   0.0378] 
	x339: [ -0.0804,   0.1196] 
	x340: [ -0.1784,   0.0216] 
	x341: [  1.2307,   1.4307] 
	x342: [  1.5488,   1.7488] 
	x343: [  2.0971,   2.2971] 
	x344: [  2.5124,   2.7124] 
	x345: [ -0.0819,   0.1181] 
	x346: [  0.8692,   1.0692] 
	x347: [ -2.9828,  -2.7828] 
	x348: [  0.5154,   0.7154] 
	x349: [  2.1356,   2.3356] 
	x350: [ -0.5510,  -0.3510] 
	x351: [  1.3887,   1.5887] 
	x352: [ -0.2318,  -0.0318] 
	x353: [  0.4019,   0.6019] 
	x354: [  3.0115,   3.2115] 
	x355: [  0.6609,   0.8609] 
	x356: [ -3.0922,  -2.8922] 
	x357: [ -1.0631,  -0.8631] 
	x358: [  1.1328,   1.3328] 
	x359: [  4.2075,   4.4075] 
	x360: [ -1.1517,  -0.9517] 
	x361: [  0.3178,   0.5178] 
	x362: [ -3.0241,  -2.8241] 
	x363: [ -1.0534,  -0.8534] 
	x364: [  1.0929,   1.2929] 
	x365: [  1.0568,   1.2568] 
	x366: [ -1.4141,  -1.2141] 
	x367: [  2.3342,   2.5342] 
	x368: [ -0.5189,  -0.3189] 
	x369: [ -1.7015,  -1.5015] 
	x370: [ -1.9571,  -1.7571] 
	x371: [ -1.9092,  -1.7092] 
	x372: [  0.4727,   0.6727] 
	x373: [  3.7072,   3.9072] 
	x374: [  0.7700,   0.9700] 
	x375: [ -0.5482,  -0.3482] 
	x376: [ -0.3538,  -0.1538] 
	x377: [  0.0718,   0.2718] 
	x378: [ -4.4218,  -4.2218] 
	x379: [  4.5207,   4.7207] 
	x380: [ -0.3876,  -0.1876] 
	x381: [  1.6600,   1.8600] 
	x382: [ -1.2898,  -1.0898] 
	x383: [  0.8978,   1.0978] 
	x384: [  2.1834,   2.3834] 
	x385: [ -0.2885,  -0.0885] 
	x386: [ -2.3722,  -2.1722] 
	x387: [ -0.2773,  -0.0773] 
	x388: [ -1.1059,  -0.9059] 
	x389: [  1.6251,   1.8251] 
	x390: [ -0.6290,  -0.4290] 
	x391: [ -1.2936,  -1.0936] 
	x392: [  0.3934,   0.5934] 
	x393: [ -0.9250,  -0.7250] 
	x394: [ -0.9465,  -0.7465] 
	x395: [  2.9736,   3.1736] 
	x396: [ -1.4867,  -1.2867] 
	x397: [ -0.2172,  -0.0172] 
	x398: [ -0.6040,  -0.4040] 
	x399: [ -0.5566,  -0.3566] 
	x400: [  3.8098,   4.0098] 
	x401: [ -2.3120,  -2.1120] 
	x402: [ -0.2146,  -0.0146] 
	x403: [ -2.0539,  -1.8539] 
	x404: [ -1.8362,  -1.6362] 
	x405: [  0.9818,   1.1818] 
	x406: [  0.2565,   0.4565] 
	x407: [ -1.6138,  -1.4138] 
	x408: [  1.2184,   1.4184] 
	x409: [ -2.5380,  -2.3380] 
	x410: [ -1.2174,  -1.0174] 
	x411: [  2.1789,   2.3789] 
	x412: [ -0.4118,  -0.2118] 
	x413: [ -1.9604,  -1.7604] 
	x414: [ -0.1834,   0.0166] 
	x415: [  2.9761,   3.1761] 
	x416: [ -1.0844,  -0.8844] 
	x417: [  0.6497,   0.8497] 
	x418: [ -1.3089,  -1.1089] 
	x419: [ -1.0167,  -0.8167] 
	x420: [ -3.5370,  -3.3370] 
	x421: [  1.0752,   1.2752] 
	x422: [ -0.9755,  -0.7755] 
	x423: [ -0.3351,  -0.1351] 
	x424: [ -1.1323,  -0.9323] 
	x425: [  1.5581,   1.7581] 
	x426: [  0.9459,   1.1459] 
	x427: [ -0.0078,   0.1922] 
	x428: [ -2.1665,  -1.9665] 
	x429: [  0.7994,   0.9994] 
	x430: [ -0.3440,  -0.1440] 
	x431: [ -2.6903,  -2.4903] 
	x432: [ -0.2440,  -0.0440] 
	x433: [  0.7856,   0.9856] 
	x434: [  0.2910,   0.4910] 
	x435: [ -1.1340,  -0.9340] 
	x436: [ -1.7291,  -1.5291] 
	x437: [ -0.8150,  -0.6150] 
	x438: [ -0.3308,  -0.1308] 
	x439: [ -0.7355,  -0.5355] 
	x440: [  2.0286,   2.2286] 
	x441: [  0.3715,   0.5715] 
	x442: [ -1.5526,  -1.3526] 
	x443: [ -0.7758,  -0.5758] 
	x444: [  0.2263,   0.4263] 
	x445: [  1.1894,   1.3894] 
	x446: [  1.1257,   1.3257] 
	x447: [  0.7857,   0.9857] 
	x448: [  0.1355,   0.3355] 
	x449: [  1.9957,   2.1957] 
	x450: [ -1.5969,  -1.3969] 
	x451: [  1.2309,   1.4309] 
	x452: [  1.1104,   1.3104] 
	x453: [ -1.2793,  -1.0793] 
	x454: [  2.1925,   2.3925] 
	x455: [  0.2781,   0.4781] 
	x456: [ -1.5426,  -1.3426] 
	x457: [  1.0290,   1.2290] 
	x458: [  4.2162,   4.4162] 
	x459: [  0.8579,   1.0579] 
	x460: [ -0.1597,   0.0403] 
	x461: [  1.5209,   1.7209] 
	x462: [ -1.5749,  -1.3749] 
	x463: [ -1.2067,  -1.0067] 
	x464: [  1.0484,   1.2484] 
	x465: [  1.5242,   1.7242] 
	x466: [ -1.7009,  -1.5009] 
	x467: [ -2.0096,  -1.8096] 
	x468: [ -0.7788,  -0.5788] 
	x469: [  0.6877,   0.8877] 
	x470: [ -2.3632,  -2.1632] 
	x471: [  3.2330,   3.4330] 
	x472: [  1.5889,   1.7889] 
	x473: [  3.5571,   3.7571] 
	x474: [  0.4016,   0.6016] 
	x475: [  1.2178,   1.4178] 
	x476: [ -1.2318,  -1.0318] 
	x477: [ -0.4397,  -0.2397] 
	x478: [ -2.6214,  -2.4214] 
	x479: [ -0.6565,  -0.4565] 
	x480: [ -0.5642,  -0.3642] 
	x481: [ -0.0701,   0.1299] 
	x482: [ -2.3639,  -2.1639] 
	x483: [ -0.9269,  -0.7269] 
	x484: [  3.4386,   3.6386] 
	x485: [ -1.4741,  -1.2741] 
	x486: [ -2.8268,  -2.6268] 
	x487: [  1.7056,   1.9056] 
	x488: [  3.6910,   3.8910] 
	x489: [  2.5245,   2.7245] 
	x490: [ -0.8857,  -0.6857] 
	x491: [ -2.3751,  -2.1751] 
	x492: [  0.2393,   0.4393] 
	x493: [  0.7742,   0.9742] 
	x494: [ -0.7717,  -0.5717] 
	x495: [  0.2490,   0.4490] 
	x496: [ -1.4088,  -1.2088] 
	x497: [ -0.3836,  -0.1836] 
	x498: [  2.5790,   2.7790] 
	x499: [  0.7494,   0.9494] 
	x500: [ -1.4871,  -1.2871] 
	x501: [ -0.4796,  -0.2796] 
	x502: [ -0.2795,  -0.0795] 
	x503: [  0.0138,   0.2138] 
	x504: [ -1.1147,  -0.9147] 
	x505: [ -3.7976,  -3.5976] 
	x506: [ -1.6167,  -1.4167] 
	x507: [ -0.1814,   0.0186] 
	x508: [ -0.4304,  -0.2304] 
	x509: [  0.1790,   0.3790] 
	x510: [ -0.6637,  -0.4637] 
	x511: [ -1.7210,  -1.5210] 

Branching heuristics set to PseudoImpact

Engine::solve: Initial statistics

03:01:22 Statistics update:
	--- Time Statistics ---
	Total time elapsed: 80 milli (00:00:00)
		Main loop: 0 milli (00:00:00)
		Preprocessing time: 36 milli (00:00:00)
		Unknown: 44 milli (00:00:00)
	Breakdown for main loop:
		[0.00%] Simplex steps: 0 milli
		[0.00%] Explicit-basis bound tightening: 0 milli
		[0.00%] Constraint-matrix bound tightening: 0 milli
		[0.00%] Degradation checking: 0 milli
		[0.00%] Precision restoration: 0 milli
		[0.00%] Statistics handling: 0 milli
		[0.00%] Constraint-fixing steps: 0 milli
		[0.00%] Valid case splits: 0 milli. Average per split: 0.00 milli
		[0.00%] Applying stored bound-tightening: 0 milli
		[0.00%] SMT core: 0 milli
		[0.00%] Symbolic Bound Tightening: 6 milli
		[0.00%] SoI-based local search: 0 milli
		[0.00%] SoI-based local search: 0 milli
		[0.00%] Unaccounted for: 0 milli
	--- Preprocessor Statistics ---
	Number of preprocessor bound-tightening loop iterations: 2
	Number of eliminated variables: 0
	Number of constraints removed due to variable elimination: 0
	Number of equations removed due to variable elimination: 0
	--- Engine Statistics ---
	Number of main loop iterations: 1
		0 iterations were simplex steps. Total time: 0 milli. Average: 0.00 milli.
		0 iterations were constraint-fixing steps. Total time: 0 milli. Average: 0.00 milli
	Number of active piecewise-linear constraints: 0 / 0
		Constraints disabled by valid splits: 0. By SMT-originated splits: 0
	Last reported degradation: 0.0000000000. Max degradation so far: 0.0000000000. Restorations so far: 0
	Number of simplex pivots we attempted to skip because of instability: 0.
	Unstable pivots performed anyway: 0
	--- Tableau Statistics ---
	Total number of pivots performed: 0
		Real pivots: 0. Degenerate: 0 (0.00%)
		Degenerate pivots by request (e.g., to fix a PL constraint): 0 (0.00%)
		Average time per pivot: 0.00 milli
	Total number of fake pivots performed: 0
	Total number of rows added: 0. Number of merged columns: 0
	Current tableau dimensions: M = 62, N = 636
	--- SMT Core Statistics ---
	Total depth is 0. Total visited states: 1. Number of splits: 0. Number of pops: 0
	Max stack depth: 0
	--- Bound Tightening Statistics ---
	Number of tightened bounds: 0.
		Number of rows examined by row tightener: 0. Consequent tightenings: 0
		Number of explicit basis matrices examined by row tightener: 0. Consequent tightenings: 0
		Number of bound tightening rounds on the entire constraint matrix: 0. Consequent tightenings: 0
		Number of bound notifications sent to PL constraints: 0. Tightenings proposed: 0
	--- Basis Factorization statistics ---
	Number of basis refactorizations: 2
	--- Projected Steepest Edge Statistics ---
	Number of iterations: 0.
	Number of resets to reference space: 1. Avg. iterations per reset: 0
	--- SBT ---
	Number of tightened bounds: 1
	--- SoI-based local search ---
	Number of proposed phase pattern update: 0. Number of accepted update: 0 [0.00%]
	Total time (% of local search time) updating SoI phase pattern : 0 milli [0.00%]
	Total time obtaining current assignment: 0 milli [0.00%]
	Total time getting SoI phase pattern : 0 milli [0.00%]
	--- Context dependent statistics ---
	Number of pushes / pops: 0 / 0
		[0.00%] Pre-Push hook: 0 milli
		[0.00%] Push : 0 milli
		[0.00%] Post-Pop hook: 0 milli
		[0.00%] Pop : 0 milli
		[0.00%] Total context-switching time: 0 milli
	--- Proof Certificate ---
	Number of certified leaves: 0
	Number of leaves to delegate: 0

---
Before declaring sat, recomputing...

Engine::solve: sat assignment found

03:01:22 Statistics update:
	--- Time Statistics ---
	Total time elapsed: 102 milli (00:00:00)
		Main loop: 21 milli (00:00:00)
		Preprocessing time: 36 milli (00:00:00)
		Unknown: 44 milli (00:00:00)
	Breakdown for main loop:
		[2.34%] Simplex steps: 0 milli
		[90.71%] Explicit-basis bound tightening: 19 milli
		[0.00%] Constraint-matrix bound tightening: 0 milli
		[0.00%] Degradation checking: 0 milli
		[0.00%] Precision restoration: 0 milli
		[0.00%] Statistics handling: 0 milli
		[0.00%] Constraint-fixing steps: 0 milli
		[0.00%] Valid case splits: 0 milli. Average per split: 0.00 milli
		[0.00%] Applying stored bound-tightening: 0 milli
		[0.00%] SMT core: 0 milli
		[37.15%] Symbolic Bound Tightening: 7 milli
		[0.00%] SoI-based local search: 0 milli
		[0.00%] SoI-based local search: 0 milli
		[86095137093762464.00%] Unaccounted for: 0 milli
	--- Preprocessor Statistics ---
	Number of preprocessor bound-tightening loop iterations: 2
	Number of eliminated variables: 0
	Number of constraints removed due to variable elimination: 0
	Number of equations removed due to variable elimination: 0
	--- Engine Statistics ---
	Number of main loop iterations: 7
		4 iterations were simplex steps. Total time: 0 milli. Average: 0.00 milli.
		0 iterations were constraint-fixing steps. Total time: 0 milli. Average: 0.00 milli
	Number of active piecewise-linear constraints: 0 / 0
		Constraints disabled by valid splits: 0. By SMT-originated splits: 0
	Last reported degradation: 0.0000000000. Max degradation so far: 0.0000000000. Restorations so far: 0
	Number of simplex pivots we attempted to skip because of instability: 0.
	Unstable pivots performed anyway: 0
	--- Tableau Statistics ---
	Total number of pivots performed: 1
		Real pivots: 1. Degenerate: 0 (0.00%)
		Degenerate pivots by request (e.g., to fix a PL constraint): 0 (0.00%)
		Average time per pivot: 0.00 milli
	Total number of fake pivots performed: 3
	Total number of rows added: 0. Number of merged columns: 0
	Current tableau dimensions: M = 62, N = 636
	--- SMT Core Statistics ---
	Total depth is 0. Total visited states: 1. Number of splits: 0. Number of pops: 0
	Max stack depth: 0
	--- Bound Tightening Statistics ---
	Number of tightened bounds: 0.
		Number of rows examined by row tightener: 1. Consequent tightenings: 0
		Number of explicit basis matrices examined by row tightener: 4. Consequent tightenings: 0
		Number of bound tightening rounds on the entire constraint matrix: 0. Consequent tightenings: 0
		Number of bound notifications sent to PL constraints: 0. Tightenings proposed: 0
	--- Basis Factorization statistics ---
	Number of basis refactorizations: 2
	--- Projected Steepest Edge Statistics ---
	Number of iterations: 4.
	Number of resets to reference space: 1. Avg. iterations per reset: 4
	--- SBT ---
	Number of tightened bounds: 1
	--- SoI-based local search ---
	Number of proposed phase pattern update: 0. Number of accepted update: 0 [0.00%]
	Total time (% of local search time) updating SoI phase pattern : 0 milli [0.00%]
	Total time obtaining current assignment: 0 milli [0.00%]
	Total time getting SoI phase pattern : 0 milli [0.00%]
	--- Context dependent statistics ---
	Number of pushes / pops: 0 / 0
		[0.00%] Pre-Push hook: 0 milli
		[0.00%] Push : 0 milli
		[0.00%] Post-Pop hook: 0 milli
		[0.00%] Pop : 0 milli
		[0.00%] Total context-switching time: 0 milli
	--- Proof Certificate ---
	Number of certified leaves: 0
	Number of leaves to delegate: 0
sat
Input assignment:
	x0 = -0.018938
	x1 = -1.463275
	x2 = -1.874661
	x3 = -0.272685
	x4 = -0.957795
	x5 = -0.581085
	x6 = 1.333959
	x7 = -2.112130
	x8 = -2.982655
	x9 = 1.333364
	x10 = -1.098852
	x11 = 0.194738
	x12 = -2.915429
	x13 = 0.505189
	x14 = -0.518607
	x15 = -0.179762
	x16 = 0.410932
	x17 = -1.377947
	x18 = 1.259190
	x19 = -4.054883
	x20 = 0.139766
	x21 = 0.892482
	x22 = -1.162255
	x23 = -1.088619
	x24 = 2.367991
	x25 = 1.005484
	x26 = 1.712883
	x27 = -0.957060
	x28 = -4.056566
	x29 = 0.734149
	x30 = -1.247491
	x31 = -2.987849
	x32 = 0.935364
	x33 = 4.581182
	x34 = -0.843331
	x35 = 0.000498
	x36 = 0.404014
	x37 = -0.610986
	x38 = 3.430342
	x39 = -1.665757
	x40 = -0.895745
	x41 = 1.088627
	x42 = -0.133762
	x43 = -1.076661
	x44 = -0.373898
	x45 = 0.384967
	x46 = -4.636584
	x47 = 0.902064
	x48 = 1.750821
	x49 = -1.505632
	x50 = 0.765155
	x51 = 1.866592
	x52 = 2.565108
	x53 = 2.047036
	x54 = 0.763925
	x55 = 2.951980
	x56 = -0.272558
	x57 = 1.265492
	x58 = -1.756000
	x59 = -2.872184
	x60 = 0.772981
	x61 = 0.201924
	x62 = 0.822735
	x63 = -2.686359
	x64 = -2.479772
	x65 = 1.718427
	x66 = -1.342124
	x67 = -2.493363
	x68 = -0.710729
	x69 = -0.373166
	x70 = -4.038800
	x71 = -0.685567
	x72 = -1.303465
	x73 = 2.572589
	x74 = -2.303583
	x75 = -3.272811
	x76 = -0.180717
	x77 = 0.946038
	x78 = 1.298849
	x79 = 1.568093
	x80 = -1.993837
	x81 = -1.198444
	x82 = -3.421682
	x83 = -2.503251
	x84 = -0.038023
	x85 = 1.532160
	x86 = 1.589303
	x87 = 2.017744
	x88 = -0.247711
	x89 = 2.474683
	x90 = -0.640682
	x91 = 1.130404
	x92 = 1.262024
	x93 = 0.873337
	x94 = -1.734997
	x95 = 3.123177
	x96 = -0.644737
	x97 = -0.833979
	x98 = -1.174506
	x99 = 3.572756
	x100 = -0.792437
	x101 = 0.950814
	x102 = 0.249159
	x103 = -0.125864
	x104 = -0.749550
	x105 = -0.951485
	x106 = 1.101551
	x107 = -1.891042
	x108 = 1.482804
	x109 = 1.544626
	x110 = -3.341875
	x111 = -0.096589
	x112 = 1.129967
	x113 = -1.478015
	x114 = -2.138926
	x115 = 1.254556
	x116 = 2.071107
	x117 = -0.786072
	x118 = 0.455687
	x119 = -1.252388
	x120 = -0.100359
	x121 = 1.809182
	x122 = 1.676775
	x123 = -1.961829
	x124 = 2.820751
	x125 = -0.443285
	x126 = 0.737894
	x127 = 0.202870
	x128 = -0.242920
	x129 = 2.034284
	x130 = 0.262400
	x131 = -1.793046
	x132 = -0.785578
	x133 = -0.361450
	x134 = -2.300583
	x135 = -0.129534
	x136 = 0.874290
	x137 = 0.247942
	x138 = 3.556718
	x139 = -1.640488
	x140 = 0.574005
	x141 = 1.124538
	x142 = 2.812201
	x143 = -0.772425
	x144 = -1.354493
	x145 = 1.783292
	x146 = -2.040503
	x147 = -0.720808
	x148 = 2.003311
	x149 = -0.153486
	x150 = 0.734630
	x151 = -0.016894
	x152 = -1.502349
	x153 = -2.312402
	x154 = -0.254856
	x155 = 1.930673
	x156 = 1.064072
	x157 = 0.863093
	x158 = -1.594697
	x159 = 0.853748
	x160 = -1.433383
	x161 = 1.363467
	x162 = 0.048954
	x163 = -2.976322
	x164 = -1.528860
	x165 = 0.863004
	x166 = -1.082826
	x167 = 0.455222
	x168 = -5.194801
	x169 = -0.431730
	x170 = 1.404034
	x171 = -2.310388
	x172 = -0.114774
	x173 = 1.545405
	x174 = 0.846684
	x175 = 0.602130
	x176 = -0.054841
	x177 = -0.544944
	x178 = -0.988741
	x179 = -4.035857
	x180 = -1.499886
	x181 = -1.864943
	x182 = 1.600310
	x183 = 2.409401
	x184 = -1.817612
	x185 = -1.897895
	x186 = 0.766331
	x187 = -1.868789
	x188 = 3.167370
	x189 = -3.429647
	x190 = -3.688909
	x191 = 2.728704
	x192 = 1.799301
	x193 = -0.546371
	x194 = -0.482504
	x195 = -0.141312
	x196 = 2.217196
	x197 = 1.436601
	x198 = -0.619657
	x199 = 0.751766
	x200 = 2.206647
	x201 = -0.017970
	x202 = 0.125166
	x203 = 2.676145
	x204 = 0.638182
	x205 = -1.595950
	x206 = 1.125744
	x207 = -0.095859
	x208 = -1.727535
	x209 = -1.768877
	x210 = -0.546952
	x211 = 0.206519
	x212 = -0.316975
	x213 = -1.904313
	x214 = 1.836025
	x215 = 2.671599
	x216 = -0.440099
	x217 = -2.561549
	x218 = 0.762801
	x219 = 0.277541
	x220 = -1.546285
	x221 = -1.388118
	x222 = -3.078296
	x223 = -0.556046
	x224 = -1.143879
	x225 = 2.695400
	x226 = -1.632779
	x227 = 1.104556
	x228 = -1.097996
	x229 = -0.652084
	x230 = 5.478909
	x231 = 2.478484
	x232 = -2.392805
	x233 = 0.392754
	x234 = 0.324931
	x235 = 1.443733
	x236 = 2.085508
	x237 = -2.428511
	x238 = 1.925722
	x239 = 0.392736
	x240 = 2.158560
	x241 = -0.847171
	x242 = 0.621008
	x243 = 0.425322
	x244 = -0.244961
	x245 = -1.293153
	x246 = -2.555400
	x247 = -4.004803
	x248 = -2.410090
	x249 = 1.309682
	x250 = -0.523326
	x251 = -0.419340
	x252 = -1.080820
	x253 = 0.368640
	x254 = 2.196759
	x255 = 0.039683
	x256 = 3.272361
	x257 = 2.761704
	x258 = -0.769941
	x259 = -0.761339
	x260 = 1.374679
	x261 = 2.733879
	x262 = -0.865816
	x263 = 0.550093
	x264 = -1.078275
	x265 = -2.230588
	x266 = 0.165871
	x267 = 0.595649
	x268 = -1.791952
	x269 = -2.570303
	x270 = -0.794658
	x271 = -2.121212
	x272 = -2.028218
	x273 = -0.302034
	x274 = 0.804782
	x275 = 3.544108
	x276 = -1.178929
	x277 = 0.154788
	x278 = -4.436739
	x279 = 0.308173
	x280 = -1.539775
	x281 = -3.371832
	x282 = -1.604782
	x283 = -2.745541
	x284 = 0.296759
	x285 = -0.784274
	x286 = -1.634413
	x287 = -0.839899
	x288 = -1.264984
	x289 = -0.849855
	x290 = 0.478002
	x291 = -0.899961
	x292 = -0.826184
	x293 = 0.112166
	x294 = 2.996232
	x295 = 2.757722
	x296 = -0.185317
	x297 = -0.535975
	x298 = 0.380176
	x299 = -1.103444
	x300 = -1.644307
	x301 = 0.606717
	x302 = 3.720371
	x303 = -2.998477
	x304 = 0.853738
	x305 = -2.308357
	x306 = -0.690408
	x307 = -2.455466
	x308 = -1.456396
	x309 = -1.747200
	x310 = -3.161995
	x311 = 3.186708
	x312 = 2.849752
	x313 = -0.667759
	x314 = -0.163178
	x315 = 1.147896
	x316 = 2.434016
	x317 = 0.632119
	x318 = 0.925267
	x319 = 0.615171
	x320 = 0.822666
	x321 = 0.891276
	x322 = -1.321959
	x323 = 1.841328
	x324 = 0.466790
	x325 = -3.265177
	x326 = -1.802791
	x327 = -1.196032
	x328 = 2.587071
	x329 = -2.490357
	x330 = 0.280206
	x331 = 1.196582
	x332 = -0.802555
	x333 = -1.647461
	x334 = -0.017954
	x335 = 2.094655
	x336 = -0.951632
	x337 = 5.231495
	x338 = -0.162182
	x339 = -0.080436
	x340 = -0.178439
	x341 = 1.230718
	x342 = 1.548804
	x343 = 2.097122
	x344 = 2.512394
	x345 = -0.081909
	x346 = 0.869179
	x347 = -2.982763
	x348 = 0.515440
	x349 = 2.135574
	x350 = -0.550980
	x351 = 1.388681
	x352 = -0.231788
	x353 = 0.401933
	x354 = 3.011457
	x355 = 0.660948
	x356 = -3.092239
	x357 = -1.063146
	x358 = 1.132811
	x359 = 4.207451
	x360 = -1.151729
	x361 = 0.317848
	x362 = -3.024118
	x363 = -1.053379
	x364 = 1.092938
	x365 = 1.056784
	x366 = -1.414052
	x367 = 2.334238
	x368 = -0.518933
	x369 = -1.701473
	x370 = -1.957105
	x371 = -1.909232
	x372 = 0.472676
	x373 = 3.707151
	x374 = 0.769984
	x375 = -0.548197
	x376 = -0.353796
	x377 = 0.071797
	x378 = -4.421765
	x379 = 4.520690
	x380 = -0.387625
	x381 = 1.660016
	x382 = -1.289783
	x383 = 0.897822
	x384 = 2.183356
	x385 = -0.288504
	x386 = -2.372224
	x387 = -0.277269
	x388 = -1.105910
	x389 = 1.625061
	x390 = -0.628980
	x391 = -1.293611
	x392 = 0.393395
	x393 = -0.925007
	x394 = -0.946539
	x395 = 2.973602
	x396 = -1.486684
	x397 = -0.217231
	x398 = -0.603970
	x399 = -0.556605
	x400 = 3.809845
	x401 = -2.312025
	x402 = -0.214618
	x403 = -2.053881
	x404 = -1.836202
	x405 = 0.981774
	x406 = 0.256481
	x407 = -1.613826
	x408 = 1.218358
	x409 = -2.538023
	x410 = -1.217377
	x411 = 2.178880
	x412 = -0.411847
	x413 = -1.960361
	x414 = -0.183426
	x415 = 2.976083
	x416 = -1.084428
	x417 = 0.649676
	x418 = -1.308891
	x419 = -1.016689
	x420 = -3.537043
	x421 = 1.075195
	x422 = -0.975533
	x423 = -0.335097
	x424 = -1.132268
	x425 = 1.558071
	x426 = 0.945853
	x427 = 0.192210
	x428 = -2.166532
	x429 = 0.799361
	x430 = -0.343954
	x431 = -2.690252
	x432 = -0.244030
	x433 = 0.785634
	x434 = 0.291049
	x435 = -1.133954
	x436 = -1.729057
	x437 = -0.814952
	x438 = -0.330775
	x439 = -0.735462
	x440 = 2.028625
	x441 = 0.371532
	x442 = -1.552646
	x443 = -0.775757
	x444 = 0.226254
	x445 = 1.189354
	x446 = 1.125655
	x447 = 0.785686
	x448 = 0.135529
	x449 = 1.995668
	x450 = -1.474173
	x451 = 1.230939
	x452 = 1.110443
	x453 = -1.279315
	x454 = 2.192498
	x455 = 0.278058
	x456 = -1.542590
	x457 = 1.028955
	x458 = 4.216157
	x459 = 0.857877
	x460 = -0.159740
	x461 = 1.520914
	x462 = -1.574903
	x463 = -1.206651
	x464 = 1.048351
	x465 = 1.524217
	x466 = -1.700882
	x467 = -2.009621
	x468 = -0.778819
	x469 = 0.687681
	x470 = -2.363183
	x471 = 3.232954
	x472 = 1.588929
	x473 = 3.557127
	x474 = 0.401610
	x475 = 1.217829
	x476 = -1.231801
	x477 = -0.439671
	x478 = -2.621410
	x479 = -0.656466
	x480 = -0.564160
	x481 = -0.070121
	x482 = -2.363867
	x483 = -0.926910
	x484 = 3.438640
	x485 = -1.474064
	x486 = -2.826773
	x487 = 1.705619
	x488 = 3.691016
	x489 = 2.524514
	x490 = -0.885692
	x491 = -2.375122
	x492 = 0.239259
	x493 = 0.774226
	x494 = -0.771705
	x495 = 0.248988
	x496 = -1.408833
	x497 = -0.383581
	x498 = 2.578966
	x499 = 0.749417
	x500 = -1.487065
	x501 = -0.479564
	x502 = -0.279465
	x503 = 0.013847
	x504 = -1.114737
	x505 = -3.797604
	x506 = -1.616677
	x507 = -0.181385
	x508 = -0.430355
	x509 = 0.179044
	x510 = -0.663744
	x511 = -1.721037

Output:
	y0 = -7.090820
	y1 = -2.521077
	y2 = -2.618636
	y3 = -2.856412
	y4 = -2.545898
	y5 = -2.514285
	y6 = -3.071066
	y7 = -1.774341
	y8 = -2.780737
	y9 = 7.452336
	y10 = -2.091617
	y11 = -2.572419
	y12 = -2.233386
	y13 = -3.123475
	y14 = 7.516432
	y15 = 7.463894
	y16 = 7.526016
	y17 = -1.529395
	y18 = -2.426157
	y19 = -1.514693
	y20 = -1.597304
	y21 = -3.331803
	y22 = -2.671483
	y23 = -2.391324
	y24 = -2.365223
	y25 = -1.507985
	y26 = 7.554391
	y27 = -2.692046
	y28 = -2.600335
	y29 = -2.843211
	y30 = -2.594379
	y31 = 7.561225
	y32 = -2.782572
	y33 = -2.052204
	y34 = -2.887963
	y35 = -2.648039
	y36 = -1.766503
	y37 = -1.686588
	y38 = 7.578645
	y39 = -2.724013
	y40 = -2.195985
	y41 = -3.030476
	y42 = -2.006678
	y43 = -2.487844
	y44 = -1.262057
	y45 = -2.518533
	y46 = 7.513689
	y47 = -2.574069
	y48 = -0.567744
	y49 = -1.700784
	y50 = -1.962129
	y51 = 7.578655
	y52 = 7.516968
	y53 = -2.640612
	y54 = 7.435359
	y55 = -2.054786
	y56 = 7.490910
	y57 = -1.480084
	y58 = -1.242893
	y59 = -1.437862
	y60 = -2.145900

