InputQuery: /home/levn/Workspace/othello_world/queries/probe_robust/group_3/game_51_target_48_eps_0.1.txt
Engine::processInputQuery: Input query (before preprocessing): 449 equations, 1216 variables
Engine::processInputQuery: Input query (after preprocessing): 705 equations, 1345 variables

Input bounds:
	x0: [ -0.8706,  -0.6706] 
	x1: [  1.2638,   1.4638] 
	x2: [  1.1345,   1.3345] 
	x3: [  0.8425,   1.0425] 
	x4: [  2.1454,   2.3454] 
	x5: [ -0.5537,  -0.3537] 
	x6: [  0.5297,   0.7297] 
	x7: [ -0.3023,  -0.1023] 
	x8: [  0.3772,   0.5772] 
	x9: [  0.6901,   0.8901] 
	x10: [  0.4288,   0.6288] 
	x11: [ -0.6559,  -0.4559] 
	x12: [ -4.0193,  -3.8193] 
	x13: [  1.4962,   1.6962] 
	x14: [ -1.0155,  -0.8155] 
	x15: [  0.9258,   1.1258] 
	x16: [ -0.1031,   0.0969] 
	x17: [ -1.0914,  -0.8914] 
	x18: [ -0.3822,  -0.1822] 
	x19: [  0.1943,   0.3943] 
	x20: [ -0.8362,  -0.6362] 
	x21: [  0.2229,   0.4229] 
	x22: [ -0.1880,   0.0120] 
	x23: [ -0.1554,   0.0446] 
	x24: [  0.4491,   0.6491] 
	x25: [  0.4403,   0.6403] 
	x26: [ -1.6099,  -1.4099] 
	x27: [ -2.7389,  -2.5389] 
	x28: [  1.3163,   1.5163] 
	x29: [ -0.8341,  -0.6341] 
	x30: [ -2.3739,  -2.1739] 
	x31: [  0.9346,   1.1346] 
	x32: [ -1.3594,  -1.1594] 
	x33: [  1.9328,   2.1328] 
	x34: [ -0.1036,   0.0964] 
	x35: [ -2.9954,  -2.7954] 
	x36: [ -0.0744,   0.1256] 
	x37: [  1.4642,   1.6642] 
	x38: [  1.1267,   1.3267] 
	x39: [  0.5340,   0.7340] 
	x40: [ -0.4613,  -0.2613] 
	x41: [ -1.8576,  -1.6576] 
	x42: [  0.8532,   1.0532] 
	x43: [ -2.9558,  -2.7558] 
	x44: [ -0.4093,  -0.2093] 
	x45: [  1.9537,   2.1537] 
	x46: [  2.6066,   2.8066] 
	x47: [ -1.3245,  -1.1245] 
	x48: [  0.3318,   0.5318] 
	x49: [ -1.1541,  -0.9541] 
	x50: [  0.2169,   0.4169] 
	x51: [  0.0940,   0.2940] 
	x52: [ -1.1891,  -0.9891] 
	x53: [  2.4288,   2.6288] 
	x54: [ -1.0994,  -0.8994] 
	x55: [ -1.7512,  -1.5512] 
	x56: [  0.5170,   0.7170] 
	x57: [ -0.5150,  -0.3150] 
	x58: [ -0.3253,  -0.1253] 
	x59: [  0.5237,   0.7237] 
	x60: [ -0.1874,   0.0126] 
	x61: [  1.8934,   2.0934] 
	x62: [  1.0889,   1.2889] 
	x63: [  1.6624,   1.8624] 
	x64: [ -0.1476,   0.0524] 
	x65: [ -0.5545,  -0.3545] 
	x66: [ -3.3720,  -3.1720] 
	x67: [  0.1302,   0.3302] 
	x68: [ -0.8393,  -0.6393] 
	x69: [  0.7448,   0.9448] 
	x70: [  0.0999,   0.2999] 
	x71: [ -0.4536,  -0.2536] 
	x72: [ -2.7102,  -2.5102] 
	x73: [  2.3734,   2.5734] 
	x74: [  0.8160,   1.0160] 
	x75: [ -0.0535,   0.1465] 
	x76: [ -0.1942,   0.0058] 
	x77: [ -1.9379,  -1.7379] 
	x78: [  0.2494,   0.4494] 
	x79: [ -0.3125,  -0.1125] 
	x80: [  1.6207,   1.8207] 
	x81: [ -0.3123,  -0.1123] 
	x82: [  1.2625,   1.4625] 
	x83: [  2.6950,   2.8950] 
	x84: [ -1.1332,  -0.9332] 
	x85: [ -1.4670,  -1.2670] 
	x86: [  1.0269,   1.2269] 
	x87: [ -0.3197,  -0.1197] 
	x88: [  1.5467,   1.7467] 
	x89: [  0.0724,   0.2724] 
	x90: [ -0.4463,  -0.2463] 
	x91: [ -1.6355,  -1.4355] 
	x92: [  0.0479,   0.2479] 
	x93: [ -2.5484,  -2.3484] 
	x94: [ -0.2393,  -0.0393] 
	x95: [  0.8962,   1.0962] 
	x96: [  0.7375,   0.9375] 
	x97: [  3.4208,   3.6208] 
	x98: [  1.9873,   2.1873] 
	x99: [  0.5565,   0.7565] 
	x100: [  0.7686,   0.9686] 
	x101: [  1.6030,   1.8030] 
	x102: [ -1.1753,  -0.9753] 
	x103: [  0.0903,   0.2903] 
	x104: [ -2.7424,  -2.5424] 
	x105: [ -1.3654,  -1.1654] 
	x106: [ -0.8939,  -0.6939] 
	x107: [  1.9102,   2.1102] 
	x108: [  1.5984,   1.7984] 
	x109: [ -1.2574,  -1.0574] 
	x110: [ -0.7657,  -0.5657] 
	x111: [ -3.4636,  -3.2636] 
	x112: [  0.9988,   1.1988] 
	x113: [ -0.3377,  -0.1377] 
	x114: [ -0.3876,  -0.1876] 
	x115: [  0.8719,   1.0719] 
	x116: [  2.1721,   2.3721] 
	x117: [ -1.5692,  -1.3692] 
	x118: [  0.4034,   0.6034] 
	x119: [  2.1106,   2.3106] 
	x120: [  0.0653,   0.2653] 
	x121: [  1.8392,   2.0392] 
	x122: [ -1.2956,  -1.0956] 
	x123: [  0.9739,   1.1739] 
	x124: [  1.2651,   1.4651] 
	x125: [ -0.7676,  -0.5676] 
	x126: [ -0.7815,  -0.5815] 
	x127: [  1.7638,   1.9638] 
	x128: [  1.2405,   1.4405] 
	x129: [ -3.0901,  -2.8901] 
	x130: [ -0.0564,   0.1436] 
	x131: [  4.4238,   4.6238] 
	x132: [  2.5600,   2.7600] 
	x133: [ -1.8423,  -1.6423] 
	x134: [ -1.0565,  -0.8565] 
	x135: [ -2.2533,  -2.0533] 
	x136: [ -2.3682,  -2.1682] 
	x137: [ -1.4286,  -1.2286] 
	x138: [ -0.3637,  -0.1637] 
	x139: [ -0.5517,  -0.3517] 
	x140: [  2.2634,   2.4634] 
	x141: [  1.0829,   1.2829] 
	x142: [  0.4289,   0.6289] 
	x143: [  0.7163,   0.9163] 
	x144: [  1.0711,   1.2711] 
	x145: [  0.2009,   0.4009] 
	x146: [  0.4960,   0.6960] 
	x147: [  1.0213,   1.2213] 
	x148: [ -0.7087,  -0.5087] 
	x149: [ -2.1670,  -1.9670] 
	x150: [ -1.6422,  -1.4422] 
	x151: [ -1.8061,  -1.6061] 
	x152: [ -1.2414,  -1.0414] 
	x153: [  0.8872,   1.0872] 
	x154: [ -2.9251,  -2.7251] 
	x155: [ -0.3301,  -0.1301] 
	x156: [  1.6412,   1.8412] 
	x157: [ -1.5288,  -1.3288] 
	x158: [ -0.1582,   0.0418] 
	x159: [ -1.6963,  -1.4963] 
	x160: [ -0.9058,  -0.7058] 
	x161: [ -1.0315,  -0.8315] 
	x162: [  0.5869,   0.7869] 
	x163: [ -1.0005,  -0.8005] 
	x164: [ -2.2426,  -2.0426] 
	x165: [  0.0232,   0.2232] 
	x166: [ -1.4906,  -1.2906] 
	x167: [  2.1603,   2.3603] 
	x168: [ -4.2761,  -4.0761] 
	x169: [  0.6815,   0.8815] 
	x170: [  3.3601,   3.5601] 
	x171: [ -2.1167,  -1.9167] 
	x172: [ -1.7775,  -1.5775] 
	x173: [  2.7904,   2.9904] 
	x174: [ -4.1202,  -3.9202] 
	x175: [  0.8862,   1.0862] 
	x176: [  0.2266,   0.4266] 
	x177: [ -1.5191,  -1.3191] 
	x178: [  2.1480,   2.3480] 
	x179: [ -0.7516,  -0.5516] 
	x180: [ -0.8147,  -0.6147] 
	x181: [  1.5238,   1.7238] 
	x182: [ -0.1422,   0.0578] 
	x183: [ -0.5889,  -0.3889] 
	x184: [ -0.9212,  -0.7212] 
	x185: [ -0.3845,  -0.1845] 
	x186: [  0.4095,   0.6095] 
	x187: [ -1.0138,  -0.8138] 
	x188: [  1.6929,   1.8929] 
	x189: [ -0.1316,   0.0684] 
	x190: [ -3.3354,  -3.1354] 
	x191: [ -0.6381,  -0.4381] 
	x192: [ -0.0293,   0.1707] 
	x193: [  0.0154,   0.2154] 
	x194: [ -0.6580,  -0.4580] 
	x195: [ -1.1812,  -0.9812] 
	x196: [ -1.0788,  -0.8788] 
	x197: [ -0.6735,  -0.4735] 
	x198: [ -0.7503,  -0.5503] 
	x199: [  0.1515,   0.3515] 
	x200: [  1.6897,   1.8897] 
	x201: [  1.2122,   1.4122] 
	x202: [ -2.0566,  -1.8566] 
	x203: [  0.1194,   0.3194] 
	x204: [  0.8134,   1.0134] 
	x205: [  1.0834,   1.2834] 
	x206: [  0.0729,   0.2729] 
	x207: [ -1.6406,  -1.4406] 
	x208: [ -1.2343,  -1.0343] 
	x209: [  3.2909,   3.4909] 
	x210: [  0.4800,   0.6800] 
	x211: [  1.4726,   1.6726] 
	x212: [ -2.4038,  -2.2038] 
	x213: [ -0.3847,  -0.1847] 
	x214: [ -2.6868,  -2.4868] 
	x215: [ -0.4539,  -0.2539] 
	x216: [ -3.1202,  -2.9202] 
	x217: [  0.4235,   0.6235] 
	x218: [ -1.4564,  -1.2564] 
	x219: [  3.1083,   3.3083] 
	x220: [ -2.7278,  -2.5278] 
	x221: [  1.4319,   1.6319] 
	x222: [ -1.2215,  -1.0215] 
	x223: [ -1.1460,  -0.9460] 
	x224: [  1.7338,   1.9338] 
	x225: [ -1.6765,  -1.4765] 
	x226: [  1.4248,   1.6248] 
	x227: [  1.3676,   1.5676] 
	x228: [ -0.7774,  -0.5774] 
	x229: [ -3.8389,  -3.6389] 
	x230: [ -0.5406,  -0.3406] 
	x231: [  0.8628,   1.0628] 
	x232: [  2.3271,   2.5271] 
	x233: [  0.7881,   0.9881] 
	x234: [ -1.3271,  -1.1271] 
	x235: [ -0.1718,   0.0282] 
	x236: [  2.6969,   2.8969] 
	x237: [ -2.0400,  -1.8400] 
	x238: [ -1.8593,  -1.6593] 
	x239: [  1.9070,   2.1070] 
	x240: [  0.3162,   0.5162] 
	x241: [ -3.9198,  -3.7198] 
	x242: [  0.1987,   0.3987] 
	x243: [  2.5898,   2.7898] 
	x244: [  1.4994,   1.6994] 
	x245: [  0.5430,   0.7430] 
	x246: [ -3.1975,  -2.9975] 
	x247: [ -2.3568,  -2.1568] 
	x248: [ -2.5663,  -2.3663] 
	x249: [ -0.3562,  -0.1562] 
	x250: [  0.5505,   0.7505] 
	x251: [ -0.6232,  -0.4232] 
	x252: [ -0.9888,  -0.7888] 
	x253: [ -4.0122,  -3.8122] 
	x254: [ -1.1683,  -0.9683] 
	x255: [  1.7707,   1.9707] 
	x256: [  1.7370,   1.9370] 
	x257: [ -1.4771,  -1.2771] 
	x258: [ -0.9755,  -0.7755] 
	x259: [ -0.4957,  -0.2957] 
	x260: [  1.2934,   1.4934] 
	x261: [  0.0274,   0.2274] 
	x262: [ -1.1509,  -0.9509] 
	x263: [  0.6622,   0.8622] 
	x264: [ -0.6595,  -0.4595] 
	x265: [  0.5062,   0.7062] 
	x266: [ -0.4994,  -0.2994] 
	x267: [ -0.0052,   0.1948] 
	x268: [ -0.4859,  -0.2859] 
	x269: [ -2.1120,  -1.9120] 
	x270: [ -0.1729,   0.0271] 
	x271: [  3.2783,   3.4783] 
	x272: [ -2.4141,  -2.2141] 
	x273: [  1.4613,   1.6613] 
	x274: [  1.9204,   2.1204] 
	x275: [  1.8816,   2.0816] 
	x276: [ -2.8424,  -2.6424] 
	x277: [ -0.1134,   0.0866] 
	x278: [ -1.1051,  -0.9051] 
	x279: [  1.8605,   2.0605] 
	x280: [ -2.1109,  -1.9109] 
	x281: [ -1.1321,  -0.9321] 
	x282: [  0.2704,   0.4704] 
	x283: [ -4.0246,  -3.8246] 
	x284: [  0.6535,   0.8535] 
	x285: [  2.8093,   3.0093] 
	x286: [ -0.0603,   0.1397] 
	x287: [ -0.6240,  -0.4240] 
	x288: [ -0.8549,  -0.6549] 
	x289: [ -0.1708,   0.0292] 
	x290: [  1.2093,   1.4093] 
	x291: [  0.1421,   0.3421] 
	x292: [  1.8550,   2.0550] 
	x293: [ -0.7975,  -0.5975] 
	x294: [  0.1006,   0.3006] 
	x295: [  1.3154,   1.5154] 
	x296: [ -1.0277,  -0.8277] 
	x297: [  0.0167,   0.2167] 
	x298: [ -4.2420,  -4.0420] 
	x299: [ -0.8350,  -0.6350] 
	x300: [ -1.3310,  -1.1310] 
	x301: [  0.2286,   0.4286] 
	x302: [  0.1342,   0.3342] 
	x303: [ -2.4458,  -2.2458] 
	x304: [ -3.0788,  -2.8788] 
	x305: [  0.0886,   0.2886] 
	x306: [ -1.0493,  -0.8493] 
	x307: [ -0.7421,  -0.5421] 
	x308: [  0.3143,   0.5143] 
	x309: [ -1.3564,  -1.1564] 
	x310: [ -1.7884,  -1.5884] 
	x311: [ -2.9337,  -2.7337] 
	x312: [  1.1728,   1.3728] 
	x313: [ -2.3990,  -2.1990] 
	x314: [ -0.9567,  -0.7567] 
	x315: [  0.8393,   1.0393] 
	x316: [ -0.3259,  -0.1259] 
	x317: [  1.5431,   1.7431] 
	x318: [  3.8642,   4.0642] 
	x319: [ -0.1493,   0.0507] 
	x320: [  0.5423,   0.7423] 
	x321: [ -0.8186,  -0.6186] 
	x322: [ -0.4829,  -0.2829] 
	x323: [  0.6763,   0.8763] 
	x324: [ -0.3386,  -0.1386] 
	x325: [ -3.3116,  -3.1116] 
	x326: [  0.5123,   0.7123] 
	x327: [ -1.1857,  -0.9857] 
	x328: [  0.2919,   0.4919] 
	x329: [ -1.4474,  -1.2474] 
	x330: [ -1.7055,  -1.5055] 
	x331: [ -3.0135,  -2.8135] 
	x332: [ -0.3820,  -0.1820] 
	x333: [ -0.7268,  -0.5268] 
	x334: [  0.3200,   0.5200] 
	x335: [ -0.2125,  -0.0125] 
	x336: [  1.0735,   1.2735] 
	x337: [ -1.1119,  -0.9119] 
	x338: [ -0.0787,   0.1213] 
	x339: [  0.6936,   0.8936] 
	x340: [  2.0180,   2.2180] 
	x341: [ -0.8971,  -0.6971] 
	x342: [  0.5593,   0.7593] 
	x343: [ -1.2136,  -1.0136] 
	x344: [  2.1849,   2.3849] 
	x345: [ -2.3707,  -2.1707] 
	x346: [ -2.3904,  -2.1904] 
	x347: [ -0.0127,   0.1873] 
	x348: [ -1.4217,  -1.2217] 
	x349: [ -0.4280,  -0.2280] 
	x350: [  0.6777,   0.8777] 
	x351: [ -2.9364,  -2.7364] 
	x352: [ -0.4724,  -0.2724] 
	x353: [  2.2548,   2.4548] 
	x354: [ -0.4553,  -0.2553] 
	x355: [  0.7911,   0.9911] 
	x356: [  0.0270,   0.2270] 
	x357: [ -0.2848,  -0.0848] 
	x358: [  0.2068,   0.4068] 
	x359: [  0.1462,   0.3462] 
	x360: [ -2.1315,  -1.9315] 
	x361: [  1.6268,   1.8268] 
	x362: [  0.6917,   0.8917] 
	x363: [  0.8021,   1.0021] 
	x364: [  1.0686,   1.2686] 
	x365: [ -0.3851,  -0.1851] 
	x366: [ -0.2338,  -0.0338] 
	x367: [ -0.9082,  -0.7082] 
	x368: [  1.7732,   1.9732] 
	x369: [  0.0410,   0.2410] 
	x370: [  0.0051,   0.2051] 
	x371: [ -0.7765,  -0.5765] 
	x372: [ -1.6566,  -1.4566] 
	x373: [ -1.9978,  -1.7978] 
	x374: [ -0.3400,  -0.1400] 
	x375: [ -0.2389,  -0.0389] 
	x376: [ -0.5686,  -0.3686] 
	x377: [ -1.0247,  -0.8247] 
	x378: [  1.9086,   2.1086] 
	x379: [  0.0815,   0.2815] 
	x380: [  2.8059,   3.0059] 
	x381: [ -0.7264,  -0.5264] 
	x382: [ -0.3613,  -0.1613] 
	x383: [ -0.6109,  -0.4109] 
	x384: [ -1.3062,  -1.1062] 
	x385: [  0.2717,   0.4717] 
	x386: [  1.9842,   2.1842] 
	x387: [ -0.6449,  -0.4449] 
	x388: [ -0.8605,  -0.6605] 
	x389: [ -0.5606,  -0.3606] 
	x390: [  1.3361,   1.5361] 
	x391: [ -0.5154,  -0.3154] 
	x392: [ -0.2250,  -0.0250] 
	x393: [  0.5981,   0.7981] 
	x394: [  0.8724,   1.0724] 
	x395: [  1.0526,   1.2526] 
	x396: [  1.1556,   1.3556] 
	x397: [  0.1371,   0.3371] 
	x398: [  3.4526,   3.6526] 
	x399: [  0.5593,   0.7593] 
	x400: [  2.1830,   2.3830] 
	x401: [ -0.6647,  -0.4647] 
	x402: [ -1.4716,  -1.2716] 
	x403: [ -0.2126,  -0.0126] 
	x404: [ -0.2071,  -0.0071] 
	x405: [ -2.3397,  -2.1397] 
	x406: [ -0.5612,  -0.3612] 
	x407: [ -1.2667,  -1.0667] 
	x408: [  0.6733,   0.8733] 
	x409: [ -0.6860,  -0.4860] 
	x410: [ -2.3105,  -2.1105] 
	x411: [ -0.4823,  -0.2823] 
	x412: [  0.1993,   0.3993] 
	x413: [  0.0163,   0.2163] 
	x414: [ -0.7568,  -0.5568] 
	x415: [ -0.6835,  -0.4835] 
	x416: [ -0.8128,  -0.6128] 
	x417: [ -0.9883,  -0.7883] 
	x418: [ -0.4263,  -0.2263] 
	x419: [  0.7951,   0.9951] 
	x420: [  0.4689,   0.6689] 
	x421: [ -1.6819,  -1.4819] 
	x422: [ -0.4791,  -0.2791] 
	x423: [ -1.0938,  -0.8938] 
	x424: [ -1.7949,  -1.5949] 
	x425: [  3.4058,   3.6058] 
	x426: [  3.0570,   3.2570] 
	x427: [ -2.7130,  -2.5130] 
	x428: [ -1.0488,  -0.8488] 
	x429: [  0.9830,   1.1830] 
	x430: [  1.0637,   1.2637] 
	x431: [  1.3261,   1.5261] 
	x432: [ -0.6970,  -0.4970] 
	x433: [ -0.9305,  -0.7305] 
	x434: [  2.9836,   3.1836] 
	x435: [  1.5433,   1.7433] 
	x436: [ -2.2447,  -2.0447] 
	x437: [ -1.7639,  -1.5639] 
	x438: [  0.0004,   0.2004] 
	x439: [  1.7228,   1.9228] 
	x440: [  2.1412,   2.3412] 
	x441: [ -1.8938,  -1.6938] 
	x442: [ -0.9109,  -0.7109] 
	x443: [ -2.2912,  -2.0912] 
	x444: [ -1.6486,  -1.4486] 
	x445: [  1.6915,   1.8915] 
	x446: [ -0.2637,  -0.0637] 
	x447: [  0.4092,   0.6092] 
	x448: [ -2.0667,  -1.8667] 
	x449: [  0.9663,   1.1663] 
	x450: [ -0.9865,  -0.7865] 
	x451: [ -3.2126,  -3.0126] 
	x452: [ -3.1584,  -2.9584] 
	x453: [  1.1028,   1.3028] 
	x454: [ -0.1459,   0.0541] 
	x455: [ -2.5372,  -2.3372] 
	x456: [ -0.7417,  -0.5417] 
	x457: [ -0.3797,  -0.1797] 
	x458: [ -1.1624,  -0.9624] 
	x459: [  3.0699,   3.2699] 
	x460: [  2.8100,   3.0100] 
	x461: [ -0.2288,  -0.0288] 
	x462: [  2.6553,   2.8553] 
	x463: [  0.7504,   0.9504] 
	x464: [  0.0347,   0.2347] 
	x465: [ -0.4798,  -0.2798] 
	x466: [ -0.2638,  -0.0638] 
	x467: [  2.9113,   3.1113] 
	x468: [  2.1365,   2.3365] 
	x469: [  0.3210,   0.5210] 
	x470: [ -0.7987,  -0.5987] 
	x471: [ -0.4647,  -0.2647] 
	x472: [ -1.9589,  -1.7589] 
	x473: [  1.8058,   2.0058] 
	x474: [ -1.0137,  -0.8137] 
	x475: [  2.0419,   2.2419] 
	x476: [  1.1552,   1.3552] 
	x477: [ -0.1257,   0.0743] 
	x478: [ -2.7352,  -2.5352] 
	x479: [  3.0051,   3.2051] 
	x480: [ -0.8413,  -0.6413] 
	x481: [  0.1357,   0.3357] 
	x482: [ -0.2077,  -0.0077] 
	x483: [ -1.7511,  -1.5511] 
	x484: [  2.3319,   2.5319] 
	x485: [ -1.9397,  -1.7397] 
	x486: [ -0.2197,  -0.0197] 
	x487: [ -2.0445,  -1.8445] 
	x488: [ -0.8555,  -0.6555] 
	x489: [ -0.5414,  -0.3414] 
	x490: [  2.2662,   2.4662] 
	x491: [ -0.0361,   0.1639] 
	x492: [  0.8571,   1.0571] 
	x493: [ -1.7937,  -1.5937] 
	x494: [  0.4879,   0.6879] 
	x495: [ -1.5531,  -1.3531] 
	x496: [ -0.2533,  -0.0533] 
	x497: [ -2.7778,  -2.5778] 
	x498: [  0.0748,   0.2748] 
	x499: [  1.0093,   1.2093] 
	x500: [ -1.0908,  -0.8908] 
	x501: [ -0.8285,  -0.6285] 
	x502: [ -1.8987,  -1.6987] 
	x503: [  2.7994,   2.9994] 
	x504: [  2.1918,   2.3918] 
	x505: [ -0.0318,   0.1682] 
	x506: [  0.9580,   1.1580] 
	x507: [  0.2454,   0.4454] 
	x508: [  2.7181,   2.9181] 
	x509: [ -2.3238,  -2.1238] 
	x510: [  0.0305,   0.2305] 
	x511: [ -1.8067,  -1.6067] 

Branching heuristics set to PseudoImpact

Engine::solve: Initial statistics

00:10:44 Statistics update:
	--- Time Statistics ---
	Total time elapsed: 494 milli (00:00:00)
		Main loop: 0 milli (00:00:00)
		Preprocessing time: 199 milli (00:00:00)
		Unknown: 295 milli (00:00:00)
	Breakdown for main loop:
		[0.00%] Simplex steps: 0 milli
		[0.00%] Explicit-basis bound tightening: 0 milli
		[0.00%] Constraint-matrix bound tightening: 0 milli
		[0.00%] Degradation checking: 0 milli
		[0.00%] Precision restoration: 0 milli
		[0.00%] Statistics handling: 0 milli
		[0.00%] Constraint-fixing steps: 0 milli
		[0.00%] Valid case splits: 0 milli. Average per split: 0.00 milli
		[0.00%] Applying stored bound-tightening: 0 milli
		[0.00%] SMT core: 0 milli
		[0.00%] Symbolic Bound Tightening: 12 milli
		[0.00%] SoI-based local search: 0 milli
		[0.00%] SoI-based local search: 0 milli
		[0.00%] Unaccounted for: 0 milli
	--- Preprocessor Statistics ---
	Number of preprocessor bound-tightening loop iterations: 3
	Number of eliminated variables: 128
	Number of constraints removed due to variable elimination: 128
	Number of equations removed due to variable elimination: 0
	--- Engine Statistics ---
	Number of main loop iterations: 1
		0 iterations were simplex steps. Total time: 0 milli. Average: 0.00 milli.
		0 iterations were constraint-fixing steps. Total time: 0 milli. Average: 0.00 milli
	Number of active piecewise-linear constraints: 128 / 128
		Constraints disabled by valid splits: 0. By SMT-originated splits: 0
	Last reported degradation: 0.0000000000. Max degradation so far: 0.0000000000. Restorations so far: 0
	Number of simplex pivots we attempted to skip because of instability: 0.
	Unstable pivots performed anyway: 0
	--- Tableau Statistics ---
	Total number of pivots performed: 0
		Real pivots: 0. Degenerate: 0 (0.00%)
		Degenerate pivots by request (e.g., to fix a PL constraint): 0 (0.00%)
		Average time per pivot: 0.00 milli
	Total number of fake pivots performed: 0
	Total number of rows added: 0. Number of merged columns: 0
	Current tableau dimensions: M = 705, N = 2050
	--- SMT Core Statistics ---
	Total depth is 0. Total visited states: 1. Number of splits: 0. Number of pops: 0
	Max stack depth: 0
	--- Bound Tightening Statistics ---
	Number of tightened bounds: 0.
		Number of rows examined by row tightener: 0. Consequent tightenings: 0
		Number of explicit basis matrices examined by row tightener: 0. Consequent tightenings: 0
		Number of bound tightening rounds on the entire constraint matrix: 0. Consequent tightenings: 0
		Number of bound notifications sent to PL constraints: 768. Tightenings proposed: 0
	--- Basis Factorization statistics ---
	Number of basis refactorizations: 2
	--- Projected Steepest Edge Statistics ---
	Number of iterations: 0.
	Number of resets to reference space: 1. Avg. iterations per reset: 0
	--- SBT ---
	Number of tightened bounds: 385
	--- SoI-based local search ---
	Number of proposed phase pattern update: 0. Number of accepted update: 0 [0.00%]
	Total time (% of local search time) updating SoI phase pattern : 0 milli [0.00%]
	Total time obtaining current assignment: 0 milli [0.00%]
	Total time getting SoI phase pattern : 0 milli [0.00%]
	--- Context dependent statistics ---
	Number of pushes / pops: 0 / 0
		[0.00%] Pre-Push hook: 0 milli
		[0.00%] Push : 0 milli
		[0.00%] Post-Pop hook: 0 milli
		[0.00%] Pop : 0 milli
		[0.00%] Total context-switching time: 0 milli
	--- Proof Certificate ---
	Number of certified leaves: 0
	Number of leaves to delegate: 0

---

00:10:59 Statistics update:
	--- Time Statistics ---
	Total time elapsed: 15794 milli (00:00:15)
		Main loop: 15299 milli (00:00:15)
		Preprocessing time: 199 milli (00:00:00)
		Unknown: 296 milli (00:00:00)
	Breakdown for main loop:
		[82.21%] Simplex steps: 12578 milli
		[10.90%] Explicit-basis bound tightening: 1667 milli
		[0.00%] Constraint-matrix bound tightening: 0 milli
		[1.36%] Degradation checking: 208 milli
		[0.00%] Precision restoration: 0 milli
		[0.15%] Statistics handling: 22 milli
		[0.00%] Constraint-fixing steps: 0 milli
		[0.00%] Valid case splits: 0 milli. Average per split: 0.00 milli
		[0.01%] Applying stored bound-tightening: 0 milli
		[0.10%] SMT core: 15 milli
		[4.26%] Symbolic Bound Tightening: 651 milli
		[62.33%] SoI-based local search: 9536 milli
		[0.00%] SoI-based local search: 0 milli
		[1.01%] Unaccounted for: 154 milli
	--- Preprocessor Statistics ---
	Number of preprocessor bound-tightening loop iterations: 3
	Number of eliminated variables: 128
	Number of constraints removed due to variable elimination: 128
	Number of equations removed due to variable elimination: 0
	--- Engine Statistics ---
	Number of main loop iterations: 10000
		9840 iterations were simplex steps. Total time: 12578 milli. Average: 1.28 milli.
		0 iterations were constraint-fixing steps. Total time: 0 milli. Average: 0.00 milli
	Number of active piecewise-linear constraints: 50 / 128
		Constraints disabled by valid splits: 0. By SMT-originated splits: 78
	Last reported degradation: 0.0002853633. Max degradation so far: 0.0002853633. Restorations so far: 0
	Number of simplex pivots we attempted to skip because of instability: 0.
	Unstable pivots performed anyway: 0
	--- Tableau Statistics ---
	Total number of pivots performed: 8040
		Real pivots: 8038. Degenerate: 2 (0.02%)
		Degenerate pivots by request (e.g., to fix a PL constraint): 0 (0.00%)
		Average time per pivot: 0.25 milli
	Total number of fake pivots performed: 1059
	Total number of rows added: 0. Number of merged columns: 0
	Current tableau dimensions: M = 705, N = 2050
	--- SMT Core Statistics ---
	Total depth is 78. Total visited states: 79. Number of splits: 78. Number of pops: 0
	Max stack depth: 78
	--- Bound Tightening Statistics ---
	Number of tightened bounds: 15020.
		Number of rows examined by row tightener: 8040. Consequent tightenings: 8
		Number of explicit basis matrices examined by row tightener: 7. Consequent tightenings: 352
		Number of bound tightening rounds on the entire constraint matrix: 0. Consequent tightenings: 0
		Number of bound notifications sent to PL constraints: 1701. Tightenings proposed: 0
	--- Basis Factorization statistics ---
	Number of basis refactorizations: 58
	--- Projected Steepest Edge Statistics ---
	Number of iterations: 9099.
	Number of resets to reference space: 11. Avg. iterations per reset: 827
	--- SBT ---
	Number of tightened bounds: 15405
	--- SoI-based local search ---
	Number of proposed phase pattern update: 295. Number of accepted update: 216 [73.22%]
	Total time (% of local search time) updating SoI phase pattern : 27370 milli [0.29%]
	Total time obtaining current assignment: 80391 milli [0.84%]
	Total time getting SoI phase pattern : 10464 milli [0.07%]
	--- Context dependent statistics ---
	Number of pushes / pops: 78 / 0
		[0.07%] Pre-Push hook: 10 milli
		[0.00%] Push : 0 milli
		[0.00%] Post-Pop hook: 0 milli
		[0.00%] Pop : 0 milli
		[0.07%] Total context-switching time: 10 milli
	--- Proof Certificate ---
	Number of certified leaves: 0
	Number of leaves to delegate: 0

00:11:24 Statistics update:
	--- Time Statistics ---
	Total time elapsed: 40753 milli (00:00:40)
		Main loop: 40255 milli (00:00:40)
		Preprocessing time: 199 milli (00:00:00)
		Unknown: 298 milli (00:00:00)
	Breakdown for main loop:
		[62.84%] Simplex steps: 25297 milli
		[27.50%] Explicit-basis bound tightening: 11070 milli
		[0.00%] Constraint-matrix bound tightening: 0 milli
		[1.01%] Degradation checking: 405 milli
		[0.00%] Precision restoration: 0 milli
		[0.12%] Statistics handling: 46 milli
		[0.00%] Constraint-fixing steps: 0 milli
		[0.00%] Valid case splits: 1 milli. Average per split: 0.00 milli
		[0.00%] Applying stored bound-tightening: 1 milli
		[0.25%] SMT core: 101 milli
		[3.96%] Symbolic Bound Tightening: 1592 milli
		[39.69%] SoI-based local search: 15977 milli
		[0.00%] SoI-based local search: 0 milli
		[4.32%] Unaccounted for: 1738 milli
	--- Preprocessor Statistics ---
	Number of preprocessor bound-tightening loop iterations: 3
	Number of eliminated variables: 128
	Number of constraints removed due to variable elimination: 128
	Number of equations removed due to variable elimination: 0
	--- Engine Statistics ---
	Number of main loop iterations: 20000
		19694 iterations were simplex steps. Total time: 25297 milli. Average: 1.28 milli.
		0 iterations were constraint-fixing steps. Total time: 0 milli. Average: 0.00 milli
	Number of active piecewise-linear constraints: 60 / 128
		Constraints disabled by valid splits: 2. By SMT-originated splits: 66
	Last reported degradation: 0.0000013071. Max degradation so far: 0.0002853633. Restorations so far: 0
	Number of simplex pivots we attempted to skip because of instability: 0.
	Unstable pivots performed anyway: 0
	--- Tableau Statistics ---
	Total number of pivots performed: 16298
		Real pivots: 16286. Degenerate: 12 (0.07%)
		Degenerate pivots by request (e.g., to fix a PL constraint): 0 (0.00%)
		Average time per pivot: 0.27 milli
	Total number of fake pivots performed: 1826
	Total number of rows added: 0. Number of merged columns: 0
	Current tableau dimensions: M = 705, N = 2050
	--- SMT Core Statistics ---
	Total depth is 66. Total visited states: 197. Number of splits: 130. Number of pops: 66
	Max stack depth: 81
	--- Bound Tightening Statistics ---
	Number of tightened bounds: 36454.
		Number of rows examined by row tightener: 16298. Consequent tightenings: 469
		Number of explicit basis matrices examined by row tightener: 51. Consequent tightenings: 1983
		Number of bound tightening rounds on the entire constraint matrix: 0. Consequent tightenings: 0
		Number of bound notifications sent to PL constraints: 3034. Tightenings proposed: 0
	--- Basis Factorization statistics ---
	Number of basis refactorizations: 122
	--- Projected Steepest Edge Statistics ---
	Number of iterations: 18124.
	Number of resets to reference space: 80. Avg. iterations per reset: 226
	--- SBT ---
	Number of tightened bounds: 36839
	--- SoI-based local search ---
	Number of proposed phase pattern update: 639. Number of accepted update: 509 [79.66%]
	Total time (% of local search time) updating SoI phase pattern : 45108 milli [0.28%]
	Total time obtaining current assignment: 168010 milli [1.05%]
	Total time getting SoI phase pattern : 17046 milli [0.04%]
	--- Context dependent statistics ---
	Number of pushes / pops: 196 / 130
		[0.04%] Pre-Push hook: 15 milli
		[0.00%] Push : 0 milli
		[0.01%] Post-Pop hook: 4 milli
		[0.01%] Pop : 3 milli
		[0.06%] Total context-switching time: 23 milli
	--- Proof Certificate ---
	Number of certified leaves: 0
	Number of leaves to delegate: 0

00:11:51 Statistics update:
	--- Time Statistics ---
	Total time elapsed: 67897 milli (00:01:07)
		Main loop: 67293 milli (00:01:07)
		Preprocessing time: 199 milli (00:00:00)
		Unknown: 404 milli (00:00:00)
	Breakdown for main loop:
		[56.42%] Simplex steps: 37966 milli
		[33.75%] Explicit-basis bound tightening: 22709 milli
		[0.00%] Constraint-matrix bound tightening: 0 milli
		[0.90%] Degradation checking: 604 milli
		[0.00%] Precision restoration: 0 milli
		[0.11%] Statistics handling: 71 milli
		[0.00%] Constraint-fixing steps: 0 milli
		[0.01%] Valid case splits: 3 milli. Average per split: 0.00 milli
		[0.00%] Applying stored bound-tightening: 2 milli
		[0.25%] SMT core: 165 milli
		[3.48%] Symbolic Bound Tightening: 2339 milli
		[32.84%] SoI-based local search: 22098 milli
		[0.00%] SoI-based local search: 0 milli
		[5.10%] Unaccounted for: 3431 milli
	--- Preprocessor Statistics ---
	Number of preprocessor bound-tightening loop iterations: 3
	Number of eliminated variables: 128
	Number of constraints removed due to variable elimination: 128
	Number of equations removed due to variable elimination: 0
	--- Engine Statistics ---
	Number of main loop iterations: 30000
		29576 iterations were simplex steps. Total time: 37966 milli. Average: 1.28 milli.
		0 iterations were constraint-fixing steps. Total time: 0 milli. Average: 0.00 milli
	Number of active piecewise-linear constraints: 58 / 128
		Constraints disabled by valid splits: 0. By SMT-originated splits: 70
	Last reported degradation: 0.0000000000. Max degradation so far: 0.0002853633. Restorations so far: 0
	Number of simplex pivots we attempted to skip because of instability: 0.
	Unstable pivots performed anyway: 0
	--- Tableau Statistics ---
	Total number of pivots performed: 24559
		Real pivots: 24542. Degenerate: 17 (0.07%)
		Degenerate pivots by request (e.g., to fix a PL constraint): 0 (0.00%)
		Average time per pivot: 0.28 milli
	Total number of fake pivots performed: 2796
	Total number of rows added: 0. Number of merged columns: 0
	Current tableau dimensions: M = 705, N = 2050
	--- SMT Core Statistics ---
	Total depth is 70. Total visited states: 291. Number of splits: 179. Number of pops: 111
	Max stack depth: 81
	--- Bound Tightening Statistics ---
	Number of tightened bounds: 53746.
		Number of rows examined by row tightener: 24559. Consequent tightenings: 695
		Number of explicit basis matrices examined by row tightener: 105. Consequent tightenings: 6094
		Number of bound tightening rounds on the entire constraint matrix: 0. Consequent tightenings: 0
		Number of bound notifications sent to PL constraints: 5045. Tightenings proposed: 0
	--- Basis Factorization statistics ---
	Number of basis refactorizations: 186
	--- Projected Steepest Edge Statistics ---
	Number of iterations: 27355.
	Number of resets to reference space: 127. Avg. iterations per reset: 215
	--- SBT ---
	Number of tightened bounds: 54131
	--- SoI-based local search ---
	Number of proposed phase pattern update: 894. Number of accepted update: 715 [79.98%]
	Total time (% of local search time) updating SoI phase pattern : 62623 milli [0.28%]
	Total time obtaining current assignment: 237002 milli [1.07%]
	Total time getting SoI phase pattern : 22855 milli [0.03%]
	--- Context dependent statistics ---
	Number of pushes / pops: 290 / 220
		[0.03%] Pre-Push hook: 19 milli
		[0.00%] Push : 0 milli
		[0.01%] Post-Pop hook: 7 milli
		[0.01%] Pop : 6 milli
		[0.05%] Total context-switching time: 32 milli
	--- Proof Certificate ---
	Number of certified leaves: 0
	Number of leaves to delegate: 0

00:12:22 Statistics update:
	--- Time Statistics ---
	Total time elapsed: 98566 milli (00:01:38)
		Main loop: 97679 milli (00:01:37)
		Preprocessing time: 199 milli (00:00:00)
		Unknown: 688 milli (00:00:00)
	Breakdown for main loop:
		[52.53%] Simplex steps: 51313 milli
		[37.95%] Explicit-basis bound tightening: 37070 milli
		[0.00%] Constraint-matrix bound tightening: 0 milli
		[0.83%] Degradation checking: 806 milli
		[0.00%] Precision restoration: 0 milli
		[0.10%] Statistics handling: 96 milli
		[0.00%] Constraint-fixing steps: 0 milli
		[0.01%] Valid case splits: 4 milli. Average per split: 0.00 milli
		[0.00%] Applying stored bound-tightening: 2 milli
		[0.24%] SMT core: 232 milli
		[3.05%] Symbolic Bound Tightening: 2981 milli
		[27.33%] SoI-based local search: 26698 milli
		[0.00%] SoI-based local search: 0 milli
		[5.29%] Unaccounted for: 5170 milli
	--- Preprocessor Statistics ---
	Number of preprocessor bound-tightening loop iterations: 3
	Number of eliminated variables: 128
	Number of constraints removed due to variable elimination: 128
	Number of equations removed due to variable elimination: 0
	--- Engine Statistics ---
	Number of main loop iterations: 40000
		39494 iterations were simplex steps. Total time: 51313 milli. Average: 1.30 milli.
		0 iterations were constraint-fixing steps. Total time: 0 milli. Average: 0.00 milli
	Number of active piecewise-linear constraints: 76 / 128
		Constraints disabled by valid splits: 0. By SMT-originated splits: 52
	Last reported degradation: 0.0000000000. Max degradation so far: 0.0494969566. Restorations so far: 0
	Number of simplex pivots we attempted to skip because of instability: 0.
	Unstable pivots performed anyway: 0
	--- Tableau Statistics ---
	Total number of pivots performed: 33633
		Real pivots: 33607. Degenerate: 26 (0.08%)
		Degenerate pivots by request (e.g., to fix a PL constraint): 0 (0.00%)
		Average time per pivot: 0.29 milli
	Total number of fake pivots performed: 3127
	Total number of rows added: 0. Number of merged columns: 0
	Current tableau dimensions: M = 705, N = 2050
	--- SMT Core Statistics ---
	Total depth is 52. Total visited states: 370. Number of splits: 210. Number of pops: 159
	Max stack depth: 81
	--- Bound Tightening Statistics ---
	Number of tightened bounds: 67255.
		Number of rows examined by row tightener: 33633. Consequent tightenings: 1964
		Number of explicit basis matrices examined by row tightener: 171. Consequent tightenings: 7719
		Number of bound tightening rounds on the entire constraint matrix: 0. Consequent tightenings: 0
		Number of bound notifications sent to PL constraints: 6917. Tightenings proposed: 0
	--- Basis Factorization statistics ---
	Number of basis refactorizations: 266
	--- Projected Steepest Edge Statistics ---
	Number of iterations: 36760.
	Number of resets to reference space: 180. Avg. iterations per reset: 204
	--- SBT ---
	Number of tightened bounds: 67640
	--- SoI-based local search ---
	Number of proposed phase pattern update: 1089. Number of accepted update: 879 [80.72%]
	Total time (% of local search time) updating SoI phase pattern : 74830 milli [0.28%]
	Total time obtaining current assignment: 287597 milli [1.08%]
	Total time getting SoI phase pattern : 27689 milli [0.03%]
	--- Context dependent statistics ---
	Number of pushes / pops: 369 / 317
		[0.02%] Pre-Push hook: 21 milli
		[0.00%] Push : 0 milli
		[0.01%] Post-Pop hook: 10 milli
		[0.01%] Pop : 9 milli
		[0.04%] Total context-switching time: 42 milli
	--- Proof Certificate ---
	Number of certified leaves: 0
	Number of leaves to delegate: 0

00:12:52 Statistics update:
	--- Time Statistics ---
	Total time elapsed: 129140 milli (00:02:09)
		Main loop: 128157 milli (00:02:08)
		Preprocessing time: 199 milli (00:00:00)
		Unknown: 783 milli (00:00:00)
	Breakdown for main loop:
		[50.17%] Simplex steps: 64290 milli
		[39.56%] Explicit-basis bound tightening: 50697 milli
		[0.00%] Constraint-matrix bound tightening: 0 milli
		[0.79%] Degradation checking: 1011 milli
		[0.00%] Precision restoration: 0 milli
		[0.10%] Statistics handling: 121 milli
		[0.00%] Constraint-fixing steps: 0 milli
		[0.01%] Valid case splits: 6 milli. Average per split: 0.00 milli
		[0.00%] Applying stored bound-tightening: 2 milli
		[0.23%] SMT core: 295 milli
		[2.82%] Symbolic Bound Tightening: 3617 milli
		[24.91%] SoI-based local search: 31918 milli
		[0.00%] SoI-based local search: 0 milli
		[6.33%] Unaccounted for: 8113 milli
	--- Preprocessor Statistics ---
	Number of preprocessor bound-tightening loop iterations: 3
	Number of eliminated variables: 128
	Number of constraints removed due to variable elimination: 128
	Number of equations removed due to variable elimination: 0
	--- Engine Statistics ---
	Number of main loop iterations: 50000
		49398 iterations were simplex steps. Total time: 64290 milli. Average: 1.30 milli.
		0 iterations were constraint-fixing steps. Total time: 0 milli. Average: 0.00 milli
	Number of active piecewise-linear constraints: 80 / 128
		Constraints disabled by valid splits: 1. By SMT-originated splits: 47
	Last reported degradation: 0.0000000000. Max degradation so far: 0.0494969566. Restorations so far: 0
	Number of simplex pivots we attempted to skip because of instability: 6.
	Unstable pivots performed anyway: 0
	--- Tableau Statistics ---
	Total number of pivots performed: 42216
		Real pivots: 42178. Degenerate: 38 (0.09%)
		Degenerate pivots by request (e.g., to fix a PL constraint): 0 (0.00%)
		Average time per pivot: 0.30 milli
	Total number of fake pivots performed: 3755
	Total number of rows added: 0. Number of merged columns: 0
	Current tableau dimensions: M = 705, N = 2050
	--- SMT Core Statistics ---
	Total depth is 47. Total visited states: 449. Number of splits: 247. Number of pops: 201
	Max stack depth: 81
	--- Bound Tightening Statistics ---
	Number of tightened bounds: 80984.
		Number of rows examined by row tightener: 42216. Consequent tightenings: 2966
		Number of explicit basis matrices examined by row tightener: 238. Consequent tightenings: 10234
		Number of bound tightening rounds on the entire constraint matrix: 0. Consequent tightenings: 0
		Number of bound notifications sent to PL constraints: 8962. Tightenings proposed: 0
	--- Basis Factorization statistics ---
	Number of basis refactorizations: 338
	--- Projected Steepest Edge Statistics ---
	Number of iterations: 45977.
	Number of resets to reference space: 224. Avg. iterations per reset: 205
	--- SBT ---
	Number of tightened bounds: 81369
	--- SoI-based local search ---
	Number of proposed phase pattern update: 1372. Number of accepted update: 1125 [82.00%]
	Total time (% of local search time) updating SoI phase pattern : 89989 milli [0.28%]
	Total time obtaining current assignment: 358462 milli [1.12%]
	Total time getting SoI phase pattern : 34878 milli [0.03%]
	--- Context dependent statistics ---
	Number of pushes / pops: 448 / 401
		[0.02%] Pre-Push hook: 24 milli
		[0.00%] Push : 0 milli
		[0.01%] Post-Pop hook: 12 milli
		[0.01%] Pop : 13 milli
		[0.04%] Total context-switching time: 50 milli
	--- Proof Certificate ---
	Number of certified leaves: 0
	Number of leaves to delegate: 0

00:13:21 Statistics update:
	--- Time Statistics ---
	Total time elapsed: 157801 milli (00:02:37)
		Main loop: 157001 milli (00:02:37)
		Preprocessing time: 199 milli (00:00:00)
		Unknown: 600 milli (00:00:00)
	Breakdown for main loop:
		[49.58%] Simplex steps: 77846 milli
		[40.34%] Explicit-basis bound tightening: 63339 milli
		[0.00%] Constraint-matrix bound tightening: 0 milli
		[0.77%] Degradation checking: 1213 milli
		[0.00%] Precision restoration: 0 milli
		[0.09%] Statistics handling: 147 milli
		[0.00%] Constraint-fixing steps: 0 milli
		[0.01%] Valid case splits: 8 milli. Average per split: 0.00 milli
		[0.00%] Applying stored bound-tightening: 3 milli
		[0.22%] SMT core: 346 milli
		[2.69%] Symbolic Bound Tightening: 4218 milli
		[23.77%] SoI-based local search: 37321 milli
		[0.00%] SoI-based local search: 0 milli
		[6.29%] Unaccounted for: 9877 milli
	--- Preprocessor Statistics ---
	Number of preprocessor bound-tightening loop iterations: 3
	Number of eliminated variables: 128
	Number of constraints removed due to variable elimination: 128
	Number of equations removed due to variable elimination: 0
	--- Engine Statistics ---
	Number of main loop iterations: 60000
		59303 iterations were simplex steps. Total time: 77846 milli. Average: 1.31 milli.
		0 iterations were constraint-fixing steps. Total time: 0 milli. Average: 0.00 milli
	Number of active piecewise-linear constraints: 75 / 128
		Constraints disabled by valid splits: 0. By SMT-originated splits: 53
	Last reported degradation: 0.0000000000. Max degradation so far: 0.0494969566. Restorations so far: 0
	Number of simplex pivots we attempted to skip because of instability: 8.
	Unstable pivots performed anyway: 0
	--- Tableau Statistics ---
	Total number of pivots performed: 51118
		Real pivots: 51073. Degenerate: 45 (0.09%)
		Degenerate pivots by request (e.g., to fix a PL constraint): 0 (0.00%)
		Average time per pivot: 0.31 milli
	Total number of fake pivots performed: 4089
	Total number of rows added: 0. Number of merged columns: 0
	Current tableau dimensions: M = 705, N = 2050
	--- SMT Core Statistics ---
	Total depth is 53. Total visited states: 523. Number of splits: 287. Number of pops: 235
	Max stack depth: 81
	--- Bound Tightening Statistics ---
	Number of tightened bounds: 95194.
		Number of rows examined by row tightener: 51118. Consequent tightenings: 3921
		Number of explicit basis matrices examined by row tightener: 295. Consequent tightenings: 12028
		Number of bound tightening rounds on the entire constraint matrix: 0. Consequent tightenings: 0
		Number of bound notifications sent to PL constraints: 12115. Tightenings proposed: 0
	--- Basis Factorization statistics ---
	Number of basis refactorizations: 416
	--- Projected Steepest Edge Statistics ---
	Number of iterations: 55215.
	Number of resets to reference space: 263. Avg. iterations per reset: 209
	--- SBT ---
	Number of tightened bounds: 95579
	--- SoI-based local search ---
	Number of proposed phase pattern update: 1645. Number of accepted update: 1358 [82.55%]
	Total time (% of local search time) updating SoI phase pattern : 105285 milli [0.28%]
	Total time obtaining current assignment: 427269 milli [1.14%]
	Total time getting SoI phase pattern : 42445 milli [0.03%]
	--- Context dependent statistics ---
	Number of pushes / pops: 522 / 469
		[0.02%] Pre-Push hook: 27 milli
		[0.00%] Push : 0 milli
		[0.01%] Post-Pop hook: 15 milli
		[0.01%] Pop : 15 milli
		[0.04%] Total context-switching time: 58 milli
	--- Proof Certificate ---
	Number of certified leaves: 0
	Number of leaves to delegate: 0

00:13:49 Statistics update:
	--- Time Statistics ---
	Total time elapsed: 186400 milli (00:03:06)
		Main loop: 185778 milli (00:03:05)
		Preprocessing time: 199 milli (00:00:00)
		Unknown: 422 milli (00:00:00)
	Breakdown for main loop:
		[49.00%] Simplex steps: 91023 milli
		[40.90%] Explicit-basis bound tightening: 75984 milli
		[0.00%] Constraint-matrix bound tightening: 0 milli
		[0.76%] Degradation checking: 1416 milli
		[0.00%] Precision restoration: 0 milli
		[0.09%] Statistics handling: 171 milli
		[0.00%] Constraint-fixing steps: 0 milli
		[0.01%] Valid case splits: 9 milli. Average per split: 0.00 milli
		[0.00%] Applying stored bound-tightening: 3 milli
		[0.22%] SMT core: 411 milli
		[2.63%] Symbolic Bound Tightening: 4889 milli
		[23.22%] SoI-based local search: 43140 milli
		[0.00%] SoI-based local search: 0 milli
		[6.39%] Unaccounted for: 11867 milli
	--- Preprocessor Statistics ---
	Number of preprocessor bound-tightening loop iterations: 3
	Number of eliminated variables: 128
	Number of constraints removed due to variable elimination: 128
	Number of equations removed due to variable elimination: 0
	--- Engine Statistics ---
	Number of main loop iterations: 70000
		69202 iterations were simplex steps. Total time: 91023 milli. Average: 1.32 milli.
		0 iterations were constraint-fixing steps. Total time: 0 milli. Average: 0.00 milli
	Number of active piecewise-linear constraints: 84 / 128
		Constraints disabled by valid splits: 0. By SMT-originated splits: 44
	Last reported degradation: 0.0000000000. Max degradation so far: 0.0494969566. Restorations so far: 0
	Number of simplex pivots we attempted to skip because of instability: 8.
	Unstable pivots performed anyway: 0
	--- Tableau Statistics ---
	Total number of pivots performed: 59925
		Real pivots: 59865. Degenerate: 60 (0.10%)
		Degenerate pivots by request (e.g., to fix a PL constraint): 0 (0.00%)
		Average time per pivot: 0.31 milli
	Total number of fake pivots performed: 4502
	Total number of rows added: 0. Number of merged columns: 0
	Current tableau dimensions: M = 705, N = 2050
	--- SMT Core Statistics ---
	Total depth is 44. Total visited states: 606. Number of splits: 324. Number of pops: 281
	Max stack depth: 81
	--- Bound Tightening Statistics ---
	Number of tightened bounds: 110959.
		Number of rows examined by row tightener: 59925. Consequent tightenings: 4664
		Number of explicit basis matrices examined by row tightener: 353. Consequent tightenings: 15049
		Number of bound tightening rounds on the entire constraint matrix: 0. Consequent tightenings: 0
		Number of bound notifications sent to PL constraints: 14346. Tightenings proposed: 0
	--- Basis Factorization statistics ---
	Number of basis refactorizations: 491
	--- Projected Steepest Edge Statistics ---
	Number of iterations: 64435.
	Number of resets to reference space: 312. Avg. iterations per reset: 206
	--- SBT ---
	Number of tightened bounds: 111344
	--- SoI-based local search ---
	Number of proposed phase pattern update: 1925. Number of accepted update: 1601 [83.17%]
	Total time (% of local search time) updating SoI phase pattern : 120088 milli [0.28%]
	Total time obtaining current assignment: 497386 milli [1.15%]
	Total time getting SoI phase pattern : 49591 milli [0.03%]
	--- Context dependent statistics ---
	Number of pushes / pops: 605 / 561
		[0.02%] Pre-Push hook: 30 milli
		[0.00%] Push : 0 milli
		[0.01%] Post-Pop hook: 18 milli
		[0.01%] Pop : 18 milli
		[0.04%] Total context-switching time: 68 milli
	--- Proof Certificate ---
	Number of certified leaves: 0
	Number of leaves to delegate: 0

00:14:10 Statistics update:
	--- Time Statistics ---
	Total time elapsed: 206850 milli (00:03:26)
		Main loop: 206328 milli (00:03:26)
		Preprocessing time: 199 milli (00:00:00)
		Unknown: 323 milli (00:00:00)
	Breakdown for main loop:
		[50.60%] Simplex steps: 104392 milli
		[39.70%] Explicit-basis bound tightening: 81916 milli
		[0.00%] Constraint-matrix bound tightening: 0 milli
		[0.78%] Degradation checking: 1619 milli
		[0.00%] Precision restoration: 0 milli
		[0.09%] Statistics handling: 193 milli
		[0.00%] Constraint-fixing steps: 0 milli
		[0.01%] Valid case splits: 10 milli. Average per split: 0.00 milli
		[0.00%] Applying stored bound-tightening: 4 milli
		[0.22%] SMT core: 461 milli
		[2.71%] Symbolic Bound Tightening: 5586 milli
		[24.99%] SoI-based local search: 51555 milli
		[0.00%] SoI-based local search: 0 milli
		[5.89%] Unaccounted for: 12142 milli
	--- Preprocessor Statistics ---
	Number of preprocessor bound-tightening loop iterations: 3
	Number of eliminated variables: 128
	Number of constraints removed due to variable elimination: 128
	Number of equations removed due to variable elimination: 0
	--- Engine Statistics ---
	Number of main loop iterations: 80000
		79070 iterations were simplex steps. Total time: 104392 milli. Average: 1.32 milli.
		0 iterations were constraint-fixing steps. Total time: 0 milli. Average: 0.00 milli
	Number of active piecewise-linear constraints: 66 / 128
		Constraints disabled by valid splits: 0. By SMT-originated splits: 62
	Last reported degradation: 0.0000000000. Max degradation so far: 0.0494969566. Restorations so far: 0
	Number of simplex pivots we attempted to skip because of instability: 8.
	Unstable pivots performed anyway: 0
	--- Tableau Statistics ---
	Total number of pivots performed: 68480
		Real pivots: 68413. Degenerate: 67 (0.10%)
		Degenerate pivots by request (e.g., to fix a PL constraint): 0 (0.00%)
		Average time per pivot: 0.31 milli
	Total number of fake pivots performed: 4988
	Total number of rows added: 0. Number of merged columns: 0
	Current tableau dimensions: M = 705, N = 2050
	--- SMT Core Statistics ---
	Total depth is 62. Total visited states: 693. Number of splits: 376. Number of pops: 316
	Max stack depth: 81
	--- Bound Tightening Statistics ---
	Number of tightened bounds: 127493.
		Number of rows examined by row tightener: 68480. Consequent tightenings: 4989
		Number of explicit basis matrices examined by row tightener: 377. Consequent tightenings: 17517
		Number of bound tightening rounds on the entire constraint matrix: 0. Consequent tightenings: 0
		Number of bound notifications sent to PL constraints: 15715. Tightenings proposed: 0
	--- Basis Factorization statistics ---
	Number of basis refactorizations: 563
	--- Projected Steepest Edge Statistics ---
	Number of iterations: 73476.
	Number of resets to reference space: 352. Avg. iterations per reset: 208
	--- SBT ---
	Number of tightened bounds: 127878
	--- SoI-based local search ---
	Number of proposed phase pattern update: 2275. Number of accepted update: 1899 [83.47%]
	Total time (% of local search time) updating SoI phase pattern : 139784 milli [0.27%]
	Total time obtaining current assignment: 587592 milli [1.14%]
	Total time getting SoI phase pattern : 58466 milli [0.03%]
	--- Context dependent statistics ---
	Number of pushes / pops: 692 / 630
		[0.02%] Pre-Push hook: 34 milli
		[0.00%] Push : 0 milli
		[0.01%] Post-Pop hook: 20 milli
		[0.01%] Pop : 20 milli
		[0.04%] Total context-switching time: 75 milli
	--- Proof Certificate ---
	Number of certified leaves: 0
	Number of leaves to delegate: 0

00:14:41 Statistics update:
	--- Time Statistics ---
	Total time elapsed: 238323 milli (00:03:58)
		Main loop: 237807 milli (00:03:57)
		Preprocessing time: 199 milli (00:00:00)
		Unknown: 316 milli (00:00:00)
	Breakdown for main loop:
		[49.24%] Simplex steps: 117094 milli
		[40.92%] Explicit-basis bound tightening: 97300 milli
		[0.00%] Constraint-matrix bound tightening: 0 milli
		[0.77%] Degradation checking: 1821 milli
		[0.00%] Precision restoration: 0 milli
		[0.09%] Statistics handling: 206 milli
		[0.00%] Constraint-fixing steps: 0 milli
		[0.01%] Valid case splits: 12 milli. Average per split: 0.00 milli
		[0.00%] Applying stored bound-tightening: 4 milli
		[0.22%] SMT core: 527 milli
		[2.62%] Symbolic Bound Tightening: 6232 milli
		[23.20%] SoI-based local search: 55172 milli
		[0.00%] SoI-based local search: 0 milli
		[6.14%] Unaccounted for: 14607 milli
	--- Preprocessor Statistics ---
	Number of preprocessor bound-tightening loop iterations: 3
	Number of eliminated variables: 128
	Number of constraints removed due to variable elimination: 128
	Number of equations removed due to variable elimination: 0
	--- Engine Statistics ---
	Number of main loop iterations: 90000
		88979 iterations were simplex steps. Total time: 117094 milli. Average: 1.32 milli.
		0 iterations were constraint-fixing steps. Total time: 0 milli. Average: 0.00 milli
	Number of active piecewise-linear constraints: 87 / 128
		Constraints disabled by valid splits: 1. By SMT-originated splits: 40
	Last reported degradation: 0.0000000000. Max degradation so far: 0.0494969566. Restorations so far: 0
	Number of simplex pivots we attempted to skip because of instability: 8.
	Unstable pivots performed anyway: 0
	--- Tableau Statistics ---
	Total number of pivots performed: 77372
		Real pivots: 77297. Degenerate: 75 (0.10%)
		Degenerate pivots by request (e.g., to fix a PL constraint): 0 (0.00%)
		Average time per pivot: 0.31 milli
	Total number of fake pivots performed: 5413
	Total number of rows added: 0. Number of merged columns: 0
	Current tableau dimensions: M = 705, N = 2050
	--- SMT Core Statistics ---
	Total depth is 40. Total visited states: 774. Number of splits: 406. Number of pops: 367
	Max stack depth: 81
	--- Bound Tightening Statistics ---
	Number of tightened bounds: 142357.
		Number of rows examined by row tightener: 77372. Consequent tightenings: 8089
		Number of explicit basis matrices examined by row tightener: 450. Consequent tightenings: 19316
		Number of bound tightening rounds on the entire constraint matrix: 0. Consequent tightenings: 0
		Number of bound notifications sent to PL constraints: 18651. Tightenings proposed: 0
	--- Basis Factorization statistics ---
	Number of basis refactorizations: 642
	--- Projected Steepest Edge Statistics ---
	Number of iterations: 82793.
	Number of resets to reference space: 408. Avg. iterations per reset: 202
	--- SBT ---
	Number of tightened bounds: 142742
	--- SoI-based local search ---
	Number of proposed phase pattern update: 2509. Number of accepted update: 2103 [83.82%]
	Total time (% of local search time) updating SoI phase pattern : 152100 milli [0.28%]
	Total time obtaining current assignment: 640464 milli [1.16%]
	Total time getting SoI phase pattern : 64466 milli [0.03%]
	--- Context dependent statistics ---
	Number of pushes / pops: 773 / 733
		[0.02%] Pre-Push hook: 37 milli
		[0.00%] Push : 0 milli
		[0.01%] Post-Pop hook: 23 milli
		[0.01%] Pop : 23 milli
		[0.04%] Total context-switching time: 83 milli
	--- Proof Certificate ---
	Number of certified leaves: 0
	Number of leaves to delegate: 0

00:15:00 Statistics update:
	--- Time Statistics ---
	Total time elapsed: 256557 milli (00:04:16)
		Main loop: 256040 milli (00:04:16)
		Preprocessing time: 199 milli (00:00:00)
		Unknown: 318 milli (00:00:00)
	Breakdown for main loop:
		[50.59%] Simplex steps: 129530 milli
		[39.70%] Explicit-basis bound tightening: 101640 milli
		[0.00%] Constraint-matrix bound tightening: 0 milli
		[0.79%] Degradation checking: 2018 milli
		[0.00%] Precision restoration: 0 milli
		[0.08%] Statistics handling: 215 milli
		[0.00%] Constraint-fixing steps: 0 milli
		[0.00%] Valid case splits: 12 milli. Average per split: 0.00 milli
		[0.00%] Applying stored bound-tightening: 5 milli
		[0.22%] SMT core: 562 milli
		[2.67%] Symbolic Bound Tightening: 6830 milli
		[25.03%] SoI-based local search: 64096 milli
		[0.00%] SoI-based local search: 0 milli
		[5.95%] Unaccounted for: 15223 milli
	--- Preprocessor Statistics ---
	Number of preprocessor bound-tightening loop iterations: 3
	Number of eliminated variables: 128
	Number of constraints removed due to variable elimination: 128
	Number of equations removed due to variable elimination: 0
	--- Engine Statistics ---
	Number of main loop iterations: 100000
		98869 iterations were simplex steps. Total time: 129530 milli. Average: 1.31 milli.
		0 iterations were constraint-fixing steps. Total time: 0 milli. Average: 0.00 milli
	Number of active piecewise-linear constraints: 61 / 128
		Constraints disabled by valid splits: 2. By SMT-originated splits: 65
	Last reported degradation: 0.0000000000. Max degradation so far: 0.0494969566. Restorations so far: 0
	Number of simplex pivots we attempted to skip because of instability: 8.
	Unstable pivots performed anyway: 0
	--- Tableau Statistics ---
	Total number of pivots performed: 85768
		Real pivots: 85687. Degenerate: 81 (0.09%)
		Degenerate pivots by request (e.g., to fix a PL constraint): 0 (0.00%)
		Average time per pivot: 0.31 milli
	Total number of fake pivots performed: 6029
	Total number of rows added: 0. Number of merged columns: 0
	Current tableau dimensions: M = 705, N = 2050
	--- SMT Core Statistics ---
	Total depth is 65. Total visited states: 848. Number of splits: 455. Number of pops: 392
	Max stack depth: 81
	--- Bound Tightening Statistics ---
	Number of tightened bounds: 157702.
		Number of rows examined by row tightener: 85768. Consequent tightenings: 8479
		Number of explicit basis matrices examined by row tightener: 470. Consequent tightenings: 19999
		Number of bound tightening rounds on the entire constraint matrix: 0. Consequent tightenings: 0
		Number of bound notifications sent to PL constraints: 20270. Tightenings proposed: 0
	--- Basis Factorization statistics ---
	Number of basis refactorizations: 710
	--- Projected Steepest Edge Statistics ---
	Number of iterations: 91805.
	Number of resets to reference space: 438. Avg. iterations per reset: 209
	--- SBT ---
	Number of tightened bounds: 158087
	--- SoI-based local search ---
	Number of proposed phase pattern update: 2887. Number of accepted update: 2431 [84.21%]
	Total time (% of local search time) updating SoI phase pattern : 168257 milli [0.26%]
	Total time obtaining current assignment: 722270 milli [1.13%]
	Total time getting SoI phase pattern : 73835 milli [0.03%]
	--- Context dependent statistics ---
	Number of pushes / pops: 847 / 782
		[0.02%] Pre-Push hook: 40 milli
		[0.00%] Push : 0 milli
		[0.01%] Post-Pop hook: 25 milli
		[0.01%] Pop : 23 milli
		[0.03%] Total context-switching time: 89 milli
	--- Proof Certificate ---
	Number of certified leaves: 0
	Number of leaves to delegate: 0

00:15:24 Statistics update:
	--- Time Statistics ---
	Total time elapsed: 281197 milli (00:04:41)
		Main loop: 280613 milli (00:04:40)
		Preprocessing time: 199 milli (00:00:00)
		Unknown: 385 milli (00:00:00)
	Breakdown for main loop:
		[50.55%] Simplex steps: 141861 milli
		[39.74%] Explicit-basis bound tightening: 111525 milli
		[0.00%] Constraint-matrix bound tightening: 0 milli
		[0.79%] Degradation checking: 2213 milli
		[0.00%] Precision restoration: 0 milli
		[0.08%] Statistics handling: 225 milli
		[0.00%] Constraint-fixing steps: 0 milli
		[0.00%] Valid case splits: 13 milli. Average per split: 0.00 milli
		[0.00%] Applying stored bound-tightening: 6 milli
		[0.22%] SMT core: 619 milli
		[2.67%] Symbolic Bound Tightening: 7480 milli
		[25.02%] SoI-based local search: 70217 milli
		[0.00%] SoI-based local search: 0 milli
		[5.94%] Unaccounted for: 16668 milli
	--- Preprocessor Statistics ---
	Number of preprocessor bound-tightening loop iterations: 3
	Number of eliminated variables: 128
	Number of constraints removed due to variable elimination: 128
	Number of equations removed due to variable elimination: 0
	--- Engine Statistics ---
	Number of main loop iterations: 110000
		108779 iterations were simplex steps. Total time: 141861 milli. Average: 1.30 milli.
		0 iterations were constraint-fixing steps. Total time: 0 milli. Average: 0.00 milli
	Number of active piecewise-linear constraints: 75 / 128
		Constraints disabled by valid splits: 0. By SMT-originated splits: 53
	Last reported degradation: 0.0000000000. Max degradation so far: 0.0494969566. Restorations so far: 0
	Number of simplex pivots we attempted to skip because of instability: 8.
	Unstable pivots performed anyway: 0
	--- Tableau Statistics ---
	Total number of pivots performed: 94566
		Real pivots: 94482. Degenerate: 84 (0.09%)
		Degenerate pivots by request (e.g., to fix a PL constraint): 0 (0.00%)
		Average time per pivot: 0.31 milli
	Total number of fake pivots performed: 6471
	Total number of rows added: 0. Number of merged columns: 0
	Current tableau dimensions: M = 705, N = 2050
	--- SMT Core Statistics ---
	Total depth is 53. Total visited states: 928. Number of splits: 489. Number of pops: 438
	Max stack depth: 81
	--- Bound Tightening Statistics ---
	Number of tightened bounds: 173360.
		Number of rows examined by row tightener: 94566. Consequent tightenings: 9294
		Number of explicit basis matrices examined by row tightener: 517. Consequent tightenings: 22932
		Number of bound tightening rounds on the entire constraint matrix: 0. Consequent tightenings: 0
		Number of bound notifications sent to PL constraints: 22476. Tightenings proposed: 0
	--- Basis Factorization statistics ---
	Number of basis refactorizations: 787
	--- Projected Steepest Edge Statistics ---
	Number of iterations: 101045.
	Number of resets to reference space: 488. Avg. iterations per reset: 207
	--- SBT ---
	Number of tightened bounds: 173745
	--- SoI-based local search ---
	Number of proposed phase pattern update: 3156. Number of accepted update: 2665 [84.44%]
	Total time (% of local search time) updating SoI phase pattern : 181432 milli [0.26%]
	Total time obtaining current assignment: 780544 milli [1.11%]
	Total time getting SoI phase pattern : 80285 milli [0.03%]
	--- Context dependent statistics ---
	Number of pushes / pops: 927 / 874
		[0.02%] Pre-Push hook: 42 milli
		[0.00%] Push : 0 milli
		[0.01%] Post-Pop hook: 27 milli
		[0.01%] Pop : 25 milli
		[0.03%] Total context-switching time: 96 milli
	--- Proof Certificate ---
	Number of certified leaves: 0
	Number of leaves to delegate: 0


Engine: quitting due to timeout...

Final statistics:

00:15:44 Statistics update:
	--- Time Statistics ---
	Total time elapsed: 301069 milli (00:05:01)
		Main loop: 300548 milli (00:05:00)
		Preprocessing time: 199 milli (00:00:00)
		Unknown: 322 milli (00:00:00)
	Breakdown for main loop:
		[49.97%] Simplex steps: 150189 milli
		[40.07%] Explicit-basis bound tightening: 120415 milli
		[0.00%] Constraint-matrix bound tightening: 0 milli
		[0.78%] Degradation checking: 2348 milli
		[0.00%] Precision restoration: 0 milli
		[0.08%] Statistics handling: 232 milli
		[0.00%] Constraint-fixing steps: 0 milli
		[0.00%] Valid case splits: 14 milli. Average per split: 0.00 milli
		[0.00%] Applying stored bound-tightening: 6 milli
		[0.22%] SMT core: 658 milli
		[2.66%] Symbolic Bound Tightening: 7984 milli
		[24.49%] SoI-based local search: 73605 milli
		[0.00%] SoI-based local search: 0 milli
		[6.22%] Unaccounted for: 18697 milli
	--- Preprocessor Statistics ---
	Number of preprocessor bound-tightening loop iterations: 3
	Number of eliminated variables: 128
	Number of constraints removed due to variable elimination: 128
	Number of equations removed due to variable elimination: 0
	--- Engine Statistics ---
	Number of main loop iterations: 116823
		115523 iterations were simplex steps. Total time: 150189 milli. Average: 1.30 milli.
		0 iterations were constraint-fixing steps. Total time: 0 milli. Average: 0.00 milli
	Number of active piecewise-linear constraints: 67 / 128
		Constraints disabled by valid splits: 6. By SMT-originated splits: 55
	Last reported degradation: 0.0000047214. Max degradation so far: 0.0494969566. Restorations so far: 0
	Number of simplex pivots we attempted to skip because of instability: 8.
	Unstable pivots performed anyway: 0
	--- Tableau Statistics ---
	Total number of pivots performed: 100516
		Real pivots: 100429. Degenerate: 87 (0.09%)
		Degenerate pivots by request (e.g., to fix a PL constraint): 0 (0.00%)
		Average time per pivot: 0.31 milli
	Total number of fake pivots performed: 6695
	Total number of rows added: 0. Number of merged columns: 0
	Current tableau dimensions: M = 705, N = 2050
	--- SMT Core Statistics ---
	Total depth is 54. Total visited states: 992. Number of splits: 521. Number of pops: 470
	Max stack depth: 81
	--- Bound Tightening Statistics ---
	Number of tightened bounds: 184642.
		Number of rows examined by row tightener: 100516. Consequent tightenings: 10163
		Number of explicit basis matrices examined by row tightener: 562. Consequent tightenings: 25689
		Number of bound tightening rounds on the entire constraint matrix: 0. Consequent tightenings: 0
		Number of bound notifications sent to PL constraints: 24588. Tightenings proposed: 0
	--- Basis Factorization statistics ---
	Number of basis refactorizations: 840
	--- Projected Steepest Edge Statistics ---
	Number of iterations: 107219.
	Number of resets to reference space: 524. Avg. iterations per reset: 204
	--- SBT ---
	Number of tightened bounds: 185027
	--- SoI-based local search ---
	Number of proposed phase pattern update: 3391. Number of accepted update: 2869 [84.61%]
	Total time (% of local search time) updating SoI phase pattern : 192197 milli [0.26%]
	Total time obtaining current assignment: 829499 milli [1.13%]
	Total time getting SoI phase pattern : 86185 milli [0.03%]
	--- Context dependent statistics ---
	Number of pushes / pops: 991 / 937
		[0.01%] Pre-Push hook: 44 milli
		[0.00%] Push : 0 milli
		[0.01%] Post-Pop hook: 29 milli
		[0.01%] Pop : 26 milli
		[0.03%] Total context-switching time: 101 milli
	--- Proof Certificate ---
	Number of certified leaves: 0
	Number of leaves to delegate: 0
Timeout
