InputQuery: /home/levn/Workspace/othello_world/queries/probe_robust/group_3/game_91_target_40_eps_0.1.txt
Engine::processInputQuery: Input query (before preprocessing): 449 equations, 1216 variables
Engine::processInputQuery: Input query (after preprocessing): 705 equations, 1368 variables

Input bounds:
	x0: [ -0.3054,  -0.1054] 
	x1: [  0.3855,   0.5855] 
	x2: [ -0.2080,  -0.0080] 
	x3: [ -0.5200,  -0.3200] 
	x4: [  0.8879,   1.0879] 
	x5: [  1.3747,   1.5747] 
	x6: [ -1.9415,  -1.7415] 
	x7: [ -1.1669,  -0.9669] 
	x8: [ -1.9637,  -1.7637] 
	x9: [ -0.8751,  -0.6751] 
	x10: [ -0.4405,  -0.2405] 
	x11: [  1.2574,   1.4574] 
	x12: [ -0.5834,  -0.3834] 
	x13: [  0.4902,   0.6902] 
	x14: [  2.6636,   2.8636] 
	x15: [ -0.3300,  -0.1300] 
	x16: [ -3.5278,  -3.3278] 
	x17: [  0.7825,   0.9825] 
	x18: [  1.1116,   1.3116] 
	x19: [  0.4493,   0.6493] 
	x20: [ -2.2685,  -2.0685] 
	x21: [ -1.7249,  -1.5249] 
	x22: [ -2.1679,  -1.9679] 
	x23: [  0.5820,   0.7820] 
	x24: [ -0.9534,  -0.7534] 
	x25: [ -0.9510,  -0.7510] 
	x26: [ -1.6922,  -1.4922] 
	x27: [  0.2370,   0.4370] 
	x28: [  0.0812,   0.2812] 
	x29: [  0.9251,   1.1251] 
	x30: [ -1.6447,  -1.4447] 
	x31: [ -0.0215,   0.1785] 
	x32: [  0.9903,   1.1903] 
	x33: [  1.8339,   2.0339] 
	x34: [ -1.1856,  -0.9856] 
	x35: [  0.2198,   0.4198] 
	x36: [  1.0917,   1.2917] 
	x37: [ -2.1154,  -1.9154] 
	x38: [  1.4710,   1.6710] 
	x39: [  0.7437,   0.9437] 
	x40: [  2.9013,   3.1013] 
	x41: [  1.7002,   1.9002] 
	x42: [ -0.2946,  -0.0946] 
	x43: [ -0.9718,  -0.7718] 
	x44: [  0.3492,   0.5492] 
	x45: [  1.0459,   1.2459] 
	x46: [ -0.6093,  -0.4093] 
	x47: [ -2.9735,  -2.7735] 
	x48: [  0.6205,   0.8205] 
	x49: [  0.9101,   1.1101] 
	x50: [  1.1415,   1.3415] 
	x51: [  0.3522,   0.5522] 
	x52: [ -2.0506,  -1.8506] 
	x53: [ -0.9986,  -0.7986] 
	x54: [ -0.8658,  -0.6658] 
	x55: [ -0.3797,  -0.1797] 
	x56: [ -0.1074,   0.0926] 
	x57: [ -0.1260,   0.0740] 
	x58: [  2.5426,   2.7426] 
	x59: [  3.0397,   3.2397] 
	x60: [  2.0088,   2.2088] 
	x61: [  0.6674,   0.8674] 
	x62: [  0.9231,   1.1231] 
	x63: [ -1.2486,  -1.0486] 
	x64: [ -1.5563,  -1.3563] 
	x65: [ -1.9413,  -1.7413] 
	x66: [ -3.3725,  -3.1725] 
	x67: [ -3.4663,  -3.2663] 
	x68: [  0.6207,   0.8207] 
	x69: [ -0.5658,  -0.3658] 
	x70: [ -0.3887,  -0.1887] 
	x71: [ -0.7621,  -0.5621] 
	x72: [ -1.2927,  -1.0927] 
	x73: [  0.3821,   0.5821] 
	x74: [  0.1952,   0.3952] 
	x75: [ -1.5888,  -1.3888] 
	x76: [ -1.3679,  -1.1679] 
	x77: [  0.5875,   0.7875] 
	x78: [ -1.1901,  -0.9901] 
	x79: [  0.3388,   0.5388] 
	x80: [ -0.4389,  -0.2389] 
	x81: [ -0.7299,  -0.5299] 
	x82: [  0.6042,   0.8042] 
	x83: [ -1.8388,  -1.6388] 
	x84: [  0.2074,   0.4074] 
	x85: [ -0.3398,  -0.1398] 
	x86: [  0.1893,   0.3893] 
	x87: [  0.0274,   0.2274] 
	x88: [  0.6439,   0.8439] 
	x89: [  3.5787,   3.7787] 
	x90: [ -1.1994,  -0.9994] 
	x91: [ -1.6591,  -1.4591] 
	x92: [  0.8142,   1.0142] 
	x93: [  0.1759,   0.3759] 
	x94: [ -0.2823,  -0.0823] 
	x95: [  2.9978,   3.1978] 
	x96: [  1.0292,   1.2292] 
	x97: [  2.7187,   2.9187] 
	x98: [  0.1878,   0.3878] 
	x99: [  1.2448,   1.4448] 
	x100: [ -0.2854,  -0.0854] 
	x101: [  0.4638,   0.6638] 
	x102: [ -0.4115,  -0.2115] 
	x103: [  0.4768,   0.6768] 
	x104: [ -0.9492,  -0.7492] 
	x105: [  0.9621,   1.1621] 
	x106: [  0.8224,   1.0224] 
	x107: [ -0.2188,  -0.0188] 
	x108: [  2.5727,   2.7727] 
	x109: [ -2.4532,  -2.2532] 
	x110: [ -0.5942,  -0.3942] 
	x111: [ -0.3067,  -0.1067] 
	x112: [ -0.0377,   0.1623] 
	x113: [ -2.6931,  -2.4931] 
	x114: [ -0.8859,  -0.6859] 
	x115: [  1.9739,   2.1739] 
	x116: [  0.0971,   0.2971] 
	x117: [ -0.7399,  -0.5399] 
	x118: [ -2.6549,  -2.4549] 
	x119: [  1.2439,   1.4439] 
	x120: [ -0.2418,  -0.0418] 
	x121: [ -1.4763,  -1.2763] 
	x122: [  1.1264,   1.3264] 
	x123: [ -1.5785,  -1.3785] 
	x124: [ -2.1139,  -1.9139] 
	x125: [  1.5150,   1.7150] 
	x126: [  1.1359,   1.3359] 
	x127: [ -1.0012,  -0.8012] 
	x128: [ -0.1252,   0.0748] 
	x129: [ -1.6671,  -1.4671] 
	x130: [ -0.8494,  -0.6494] 
	x131: [ -0.7049,  -0.5049] 
	x132: [  2.6345,   2.8345] 
	x133: [  0.4726,   0.6726] 
	x134: [  0.7218,   0.9218] 
	x135: [ -0.6821,  -0.4821] 
	x136: [  1.0601,   1.2601] 
	x137: [  1.4285,   1.6285] 
	x138: [ -0.9341,  -0.7341] 
	x139: [ -1.1245,  -0.9245] 
	x140: [  1.0556,   1.2556] 
	x141: [  0.6977,   0.8977] 
	x142: [ -0.6160,  -0.4160] 
	x143: [  0.0457,   0.2457] 
	x144: [  0.5477,   0.7477] 
	x145: [ -0.0604,   0.1396] 
	x146: [ -0.8349,  -0.6349] 
	x147: [  2.4916,   2.6916] 
	x148: [  1.2793,   1.4793] 
	x149: [ -4.0791,  -3.8791] 
	x150: [ -1.4691,  -1.2691] 
	x151: [ -0.4664,  -0.2664] 
	x152: [ -0.9179,  -0.7179] 
	x153: [ -0.2119,  -0.0119] 
	x154: [ -0.6480,  -0.4480] 
	x155: [  1.4241,   1.6241] 
	x156: [ -1.7569,  -1.5569] 
	x157: [  1.1007,   1.3007] 
	x158: [  1.2227,   1.4227] 
	x159: [  1.3076,   1.5076] 
	x160: [ -0.2404,  -0.0404] 
	x161: [ -0.6823,  -0.4823] 
	x162: [ -3.0126,  -2.8126] 
	x163: [ -0.7654,  -0.5654] 
	x164: [  0.2668,   0.4668] 
	x165: [ -0.7662,  -0.5662] 
	x166: [ -1.9100,  -1.7100] 
	x167: [  3.7672,   3.9672] 
	x168: [ -0.1580,   0.0420] 
	x169: [ -1.2605,  -1.0605] 
	x170: [  1.1978,   1.3978] 
	x171: [ -0.5621,  -0.3621] 
	x172: [  0.5693,   0.7693] 
	x173: [ -0.2268,  -0.0268] 
	x174: [ -0.9802,  -0.7802] 
	x175: [ -0.9841,  -0.7841] 
	x176: [  0.0672,   0.2672] 
	x177: [ -1.7059,  -1.5059] 
	x178: [ -1.9092,  -1.7092] 
	x179: [ -0.3895,  -0.1895] 
	x180: [  1.5861,   1.7861] 
	x181: [  1.2495,   1.4495] 
	x182: [ -0.9264,  -0.7264] 
	x183: [  0.0057,   0.2057] 
	x184: [  0.4501,   0.6501] 
	x185: [ -1.6539,  -1.4539] 
	x186: [ -0.1403,   0.0597] 
	x187: [  0.5904,   0.7904] 
	x188: [  0.5484,   0.7484] 
	x189: [  1.3444,   1.5444] 
	x190: [  2.1889,   2.3889] 
	x191: [ -1.3437,  -1.1437] 
	x192: [  0.0325,   0.2325] 
	x193: [ -1.8326,  -1.6326] 
	x194: [  0.2812,   0.4812] 
	x195: [  1.1903,   1.3903] 
	x196: [ -0.7505,  -0.5505] 
	x197: [  0.0654,   0.2654] 
	x198: [ -1.0592,  -0.8592] 
	x199: [  0.7620,   0.9620] 
	x200: [ -0.2496,  -0.0496] 
	x201: [  0.1172,   0.3172] 
	x202: [ -0.4525,  -0.2525] 
	x203: [  1.2692,   1.4692] 
	x204: [  0.8399,   1.0399] 
	x205: [  1.6689,   1.8689] 
	x206: [  0.6689,   0.8689] 
	x207: [ -2.4327,  -2.2327] 
	x208: [ -0.4847,  -0.2847] 
	x209: [ -2.1884,  -1.9884] 
	x210: [  0.1041,   0.3041] 
	x211: [ -2.8941,  -2.6941] 
	x212: [  0.0247,   0.2247] 
	x213: [  1.0372,   1.2372] 
	x214: [ -2.4529,  -2.2529] 
	x215: [  0.2002,   0.4002] 
	x216: [ -0.5976,  -0.3976] 
	x217: [  0.0042,   0.2042] 
	x218: [  2.1990,   2.3990] 
	x219: [  0.2421,   0.4421] 
	x220: [ -1.9536,  -1.7536] 
	x221: [ -0.0453,   0.1547] 
	x222: [  2.5886,   2.7886] 
	x223: [  1.2096,   1.4096] 
	x224: [ -2.7631,  -2.5631] 
	x225: [ -0.3148,  -0.1148] 
	x226: [  0.3206,   0.5206] 
	x227: [ -0.8352,  -0.6352] 
	x228: [ -1.3567,  -1.1567] 
	x229: [ -0.8916,  -0.6916] 
	x230: [  0.1124,   0.3124] 
	x231: [ -1.2195,  -1.0195] 
	x232: [  1.6738,   1.8738] 
	x233: [ -1.9008,  -1.7008] 
	x234: [ -1.3387,  -1.1387] 
	x235: [  0.7282,   0.9282] 
	x236: [ -0.9870,  -0.7870] 
	x237: [ -4.1726,  -3.9726] 
	x238: [  0.4955,   0.6955] 
	x239: [  2.6973,   2.8973] 
	x240: [ -0.3979,  -0.1979] 
	x241: [  0.1013,   0.3013] 
	x242: [  0.3833,   0.5833] 
	x243: [  1.0592,   1.2592] 
	x244: [  1.0566,   1.2566] 
	x245: [ -0.4258,  -0.2258] 
	x246: [ -0.2624,  -0.0624] 
	x247: [ -1.8427,  -1.6427] 
	x248: [  0.3132,   0.5132] 
	x249: [  0.2643,   0.4643] 
	x250: [  0.9250,   1.1250] 
	x251: [ -0.7106,  -0.5106] 
	x252: [ -0.1298,   0.0702] 
	x253: [ -0.3162,  -0.1162] 
	x254: [  0.8734,   1.0734] 
	x255: [  0.2514,   0.4514] 
	x256: [  1.0414,   1.2414] 
	x257: [ -0.2928,  -0.0928] 
	x258: [ -2.7250,  -2.5250] 
	x259: [  0.2393,   0.4393] 
	x260: [  1.2134,   1.4134] 
	x261: [ -0.0764,   0.1236] 
	x262: [ -1.9141,  -1.7141] 
	x263: [ -0.3671,  -0.1671] 
	x264: [  1.1150,   1.3150] 
	x265: [ -0.0415,   0.1585] 
	x266: [ -1.6372,  -1.4372] 
	x267: [ -1.4278,  -1.2278] 
	x268: [ -0.0622,   0.1378] 
	x269: [ -1.2843,  -1.0843] 
	x270: [  2.0667,   2.2667] 
	x271: [  1.8675,   2.0675] 
	x272: [ -1.4537,  -1.2537] 
	x273: [  1.3312,   1.5312] 
	x274: [ -1.4488,  -1.2488] 
	x275: [  1.5904,   1.7904] 
	x276: [ -2.5921,  -2.3921] 
	x277: [ -1.2709,  -1.0709] 
	x278: [ -0.7895,  -0.5895] 
	x279: [  2.0414,   2.2414] 
	x280: [ -0.2012,  -0.0012] 
	x281: [  0.3462,   0.5462] 
	x282: [  1.5619,   1.7619] 
	x283: [ -2.4193,  -2.2193] 
	x284: [  1.6828,   1.8828] 
	x285: [ -0.2328,  -0.0328] 
	x286: [ -1.3887,  -1.1887] 
	x287: [  0.6079,   0.8079] 
	x288: [ -0.4653,  -0.2653] 
	x289: [  2.4667,   2.6667] 
	x290: [ -2.8379,  -2.6379] 
	x291: [  0.3890,   0.5890] 
	x292: [  0.6026,   0.8026] 
	x293: [ -1.4456,  -1.2456] 
	x294: [  2.1234,   2.3234] 
	x295: [ -0.6659,  -0.4659] 
	x296: [ -2.5778,  -2.3778] 
	x297: [  1.2603,   1.4603] 
	x298: [ -3.9046,  -3.7046] 
	x299: [  0.2342,   0.4342] 
	x300: [ -2.4538,  -2.2538] 
	x301: [  1.5406,   1.7406] 
	x302: [  2.4238,   2.6238] 
	x303: [ -1.1886,  -0.9886] 
	x304: [ -1.5941,  -1.3941] 
	x305: [  0.2485,   0.4485] 
	x306: [ -2.5270,  -2.3270] 
	x307: [ -2.0329,  -1.8329] 
	x308: [ -3.0347,  -2.8347] 
	x309: [ -1.8693,  -1.6693] 
	x310: [  0.4334,   0.6334] 
	x311: [ -1.1448,  -0.9448] 
	x312: [  1.1669,   1.3669] 
	x313: [ -2.4828,  -2.2828] 
	x314: [ -0.8016,  -0.6016] 
	x315: [ -0.3691,  -0.1691] 
	x316: [ -2.0467,  -1.8467] 
	x317: [  1.3081,   1.5081] 
	x318: [  0.8835,   1.0835] 
	x319: [ -1.3527,  -1.1527] 
	x320: [ -2.1880,  -1.9880] 
	x321: [ -0.6302,  -0.4302] 
	x322: [  0.0190,   0.2190] 
	x323: [  1.7232,   1.9232] 
	x324: [  0.2192,   0.4192] 
	x325: [  0.8968,   1.0968] 
	x326: [ -0.8789,  -0.6789] 
	x327: [ -0.3523,  -0.1523] 
	x328: [ -0.2939,  -0.0939] 
	x329: [  0.2582,   0.4582] 
	x330: [ -0.7886,  -0.5886] 
	x331: [ -2.1272,  -1.9272] 
	x332: [  1.3374,   1.5374] 
	x333: [ -2.2730,  -2.0730] 
	x334: [ -0.8740,  -0.6740] 
	x335: [  0.3947,   0.5947] 
	x336: [ -0.2227,  -0.0227] 
	x337: [  2.9790,   3.1790] 
	x338: [ -0.6017,  -0.4017] 
	x339: [ -1.6014,  -1.4014] 
	x340: [ -0.7293,  -0.5293] 
	x341: [  1.3185,   1.5185] 
	x342: [  2.9590,   3.1590] 
	x343: [  0.8641,   1.0641] 
	x344: [  4.5862,   4.7862] 
	x345: [ -1.4879,  -1.2879] 
	x346: [  2.1088,   2.3088] 
	x347: [  1.0709,   1.2709] 
	x348: [ -0.2084,  -0.0084] 
	x349: [  0.9483,   1.1483] 
	x350: [ -1.3516,  -1.1516] 
	x351: [ -2.3004,  -2.1004] 
	x352: [ -0.4656,  -0.2656] 
	x353: [  3.6198,   3.8198] 
	x354: [ -1.9828,  -1.7828] 
	x355: [ -1.1865,  -0.9865] 
	x356: [  1.1014,   1.3014] 
	x357: [  1.9929,   2.1929] 
	x358: [  1.6158,   1.8158] 
	x359: [ -3.6132,  -3.4132] 
	x360: [ -1.3416,  -1.1416] 
	x361: [  0.1214,   0.3214] 
	x362: [  0.9441,   1.1441] 
	x363: [ -1.1880,  -0.9880] 
	x364: [  3.8856,   4.0856] 
	x365: [  1.3246,   1.5246] 
	x366: [  0.7139,   0.9139] 
	x367: [ -1.1310,  -0.9310] 
	x368: [  0.6884,   0.8884] 
	x369: [ -0.5680,  -0.3680] 
	x370: [  0.8702,   1.0702] 
	x371: [ -3.0625,  -2.8625] 
	x372: [ -1.8164,  -1.6164] 
	x373: [ -1.0546,  -0.8546] 
	x374: [  0.0843,   0.2843] 
	x375: [  0.2698,   0.4698] 
	x376: [  1.4142,   1.6142] 
	x377: [ -0.5025,  -0.3025] 
	x378: [  1.0773,   1.2773] 
	x379: [  1.1814,   1.3814] 
	x380: [  1.3921,   1.5921] 
	x381: [  0.2023,   0.4023] 
	x382: [ -2.7766,  -2.5766] 
	x383: [ -0.9493,  -0.7493] 
	x384: [ -0.6493,  -0.4493] 
	x385: [ -1.3468,  -1.1468] 
	x386: [ -1.0143,  -0.8143] 
	x387: [ -0.5137,  -0.3137] 
	x388: [ -0.5708,  -0.3708] 
	x389: [ -3.2976,  -3.0976] 
	x390: [ -0.8735,  -0.6735] 
	x391: [ -2.0782,  -1.8782] 
	x392: [  0.2338,   0.4338] 
	x393: [  0.1307,   0.3307] 
	x394: [ -1.0932,  -0.8932] 
	x395: [  0.6837,   0.8837] 
	x396: [  0.7951,   0.9951] 
	x397: [ -3.0556,  -2.8556] 
	x398: [  0.3407,   0.5407] 
	x399: [ -1.4595,  -1.2595] 
	x400: [  0.4347,   0.6347] 
	x401: [ -3.3106,  -3.1106] 
	x402: [  0.0274,   0.2274] 
	x403: [  1.4866,   1.6866] 
	x404: [ -3.7395,  -3.5395] 
	x405: [  0.6775,   0.8775] 
	x406: [  2.6962,   2.8962] 
	x407: [ -2.7089,  -2.5089] 
	x408: [  2.2512,   2.4512] 
	x409: [ -0.5074,  -0.3074] 
	x410: [  0.7592,   0.9592] 
	x411: [ -0.3429,  -0.1429] 
	x412: [  1.1219,   1.3219] 
	x413: [ -0.9811,  -0.7811] 
	x414: [ -1.2671,  -1.0671] 
	x415: [  0.4669,   0.6669] 
	x416: [ -2.3900,  -2.1900] 
	x417: [  1.0892,   1.2892] 
	x418: [ -0.4322,  -0.2322] 
	x419: [  0.9152,   1.1152] 
	x420: [ -2.2753,  -2.0753] 
	x421: [ -0.0848,   0.1152] 
	x422: [ -1.8862,  -1.6862] 
	x423: [ -0.5657,  -0.3657] 
	x424: [ -0.3425,  -0.1425] 
	x425: [ -0.6388,  -0.4388] 
	x426: [  0.3890,   0.5890] 
	x427: [ -0.6193,  -0.4193] 
	x428: [ -0.9678,  -0.7678] 
	x429: [  2.3738,   2.5738] 
	x430: [ -0.2082,  -0.0082] 
	x431: [  2.1725,   2.3725] 
	x432: [ -0.2038,  -0.0038] 
	x433: [  0.1607,   0.3607] 
	x434: [ -1.3098,  -1.1098] 
	x435: [  2.2869,   2.4869] 
	x436: [ -0.2069,  -0.0069] 
	x437: [  0.6826,   0.8826] 
	x438: [ -2.8082,  -2.6082] 
	x439: [  0.4336,   0.6336] 
	x440: [  2.0209,   2.2209] 
	x441: [  0.1724,   0.3724] 
	x442: [ -3.9132,  -3.7132] 
	x443: [ -2.1687,  -1.9687] 
	x444: [  2.6530,   2.8530] 
	x445: [ -2.4164,  -2.2164] 
	x446: [  0.9593,   1.1593] 
	x447: [ -0.4749,  -0.2749] 
	x448: [ -1.8584,  -1.6584] 
	x449: [  0.0524,   0.2524] 
	x450: [ -0.6157,  -0.4157] 
	x451: [ -3.4330,  -3.2330] 
	x452: [  0.3422,   0.5422] 
	x453: [ -0.5355,  -0.3355] 
	x454: [ -0.2577,  -0.0577] 
	x455: [ -2.5025,  -2.3025] 
	x456: [ -2.0184,  -1.8184] 
	x457: [  0.3174,   0.5174] 
	x458: [ -3.3647,  -3.1647] 
	x459: [ -1.6004,  -1.4004] 
	x460: [  1.8571,   2.0571] 
	x461: [ -0.9268,  -0.7268] 
	x462: [  0.5421,   0.7421] 
	x463: [ -1.0769,  -0.8769] 
	x464: [  0.3918,   0.5918] 
	x465: [  0.0614,   0.2614] 
	x466: [ -0.3850,  -0.1850] 
	x467: [ -3.4324,  -3.2324] 
	x468: [  1.8788,   2.0788] 
	x469: [ -0.1220,   0.0780] 
	x470: [ -1.8129,  -1.6129] 
	x471: [  0.7666,   0.9666] 
	x472: [  0.4695,   0.6695] 
	x473: [ -1.2862,  -1.0862] 
	x474: [ -1.8656,  -1.6656] 
	x475: [  3.5094,   3.7094] 
	x476: [  0.7337,   0.9337] 
	x477: [ -1.1686,  -0.9686] 
	x478: [  0.3281,   0.5281] 
	x479: [  2.6317,   2.8317] 
	x480: [ -2.0071,  -1.8071] 
	x481: [  3.4455,   3.6455] 
	x482: [  1.0276,   1.2276] 
	x483: [ -0.9110,  -0.7110] 
	x484: [  0.6265,   0.8265] 
	x485: [ -1.2090,  -1.0090] 
	x486: [ -0.2489,  -0.0489] 
	x487: [  1.3582,   1.5582] 
	x488: [  0.3293,   0.5293] 
	x489: [ -1.7012,  -1.5012] 
	x490: [ -2.0711,  -1.8711] 
	x491: [  1.4133,   1.6133] 
	x492: [ -0.3929,  -0.1929] 
	x493: [  1.2534,   1.4534] 
	x494: [ -0.0612,   0.1388] 
	x495: [ -0.8470,  -0.6470] 
	x496: [ -0.3424,  -0.1424] 
	x497: [  0.3278,   0.5278] 
	x498: [ -0.8267,  -0.6267] 
	x499: [ -2.5054,  -2.3054] 
	x500: [  0.6222,   0.8222] 
	x501: [  2.4442,   2.6442] 
	x502: [ -3.2629,  -3.0629] 
	x503: [ -1.5859,  -1.3859] 
	x504: [  0.4001,   0.6001] 
	x505: [  2.0088,   2.2088] 
	x506: [  1.4141,   1.6141] 
	x507: [ -3.2735,  -3.0735] 
	x508: [  2.7386,   2.9386] 
	x509: [  0.5919,   0.7919] 
	x510: [  0.7685,   0.9685] 
	x511: [ -0.0684,   0.1316] 

Branching heuristics set to PseudoImpact
unsat
