InputQuery: /home/levn/Workspace/othello_world/queries/probe_robust/group_3/game_43_target_2_eps_0.1.txt
Engine::processInputQuery: Input query (before preprocessing): 449 equations, 1216 variables
Engine::processInputQuery: Input query (after preprocessing): 705 equations, 1351 variables

Input bounds:
	x0: [  2.5099,   2.7099] 
	x1: [  0.0638,   0.2638] 
	x2: [ -0.7903,  -0.5903] 
	x3: [  0.3888,   0.5888] 
	x4: [ -1.7019,  -1.5019] 
	x5: [ -0.4407,  -0.2407] 
	x6: [ -0.6458,  -0.4458] 
	x7: [ -1.1443,  -0.9443] 
	x8: [  0.7879,   0.9879] 
	x9: [  0.1465,   0.3465] 
	x10: [  1.5547,   1.7547] 
	x11: [ -3.5149,  -3.3149] 
	x12: [ -2.0344,  -1.8344] 
	x13: [ -0.2818,  -0.0818] 
	x14: [  0.3327,   0.5327] 
	x15: [ -0.6694,  -0.4694] 
	x16: [ -1.4063,  -1.2063] 
	x17: [ -1.4843,  -1.2843] 
	x18: [ -2.5376,  -2.3376] 
	x19: [  2.0486,   2.2486] 
	x20: [ -1.2031,  -1.0031] 
	x21: [  0.4311,   0.6311] 
	x22: [ -0.6849,  -0.4849] 
	x23: [ -0.3088,  -0.1088] 
	x24: [ -1.5580,  -1.3580] 
	x25: [ -2.7559,  -2.5559] 
	x26: [ -0.4765,  -0.2765] 
	x27: [ -1.4521,  -1.2521] 
	x28: [  0.1618,   0.3618] 
	x29: [  0.7026,   0.9026] 
	x30: [  2.9038,   3.1038] 
	x31: [ -0.3017,  -0.1017] 
	x32: [ -1.0268,  -0.8268] 
	x33: [ -0.6272,  -0.4272] 
	x34: [  0.5617,   0.7617] 
	x35: [  0.1126,   0.3126] 
	x36: [  0.9420,   1.1420] 
	x37: [  0.2851,   0.4851] 
	x38: [  0.8545,   1.0545] 
	x39: [  0.4767,   0.6767] 
	x40: [ -0.0408,   0.1592] 
	x41: [  1.1302,   1.3302] 
	x42: [ -0.7152,  -0.5152] 
	x43: [ -0.9826,  -0.7826] 
	x44: [ -0.1410,   0.0590] 
	x45: [ -1.4755,  -1.2755] 
	x46: [  0.3962,   0.5962] 
	x47: [ -2.7782,  -2.5782] 
	x48: [ -0.4690,  -0.2690] 
	x49: [  1.7629,   1.9629] 
	x50: [  0.3068,   0.5068] 
	x51: [ -1.7991,  -1.5991] 
	x52: [  0.2018,   0.4018] 
	x53: [  1.4667,   1.6667] 
	x54: [ -1.2655,  -1.0655] 
	x55: [ -1.8098,  -1.6098] 
	x56: [ -0.3372,  -0.1372] 
	x57: [  2.3435,   2.5435] 
	x58: [  1.3758,   1.5758] 
	x59: [  3.4619,   3.6619] 
	x60: [  1.0960,   1.2960] 
	x61: [  2.5868,   2.7868] 
	x62: [ -1.1401,  -0.9401] 
	x63: [  0.9721,   1.1721] 
	x64: [ -0.9006,  -0.7006] 
	x65: [ -0.3442,  -0.1442] 
	x66: [  0.2359,   0.4359] 
	x67: [  0.9372,   1.1372] 
	x68: [  0.6485,   0.8485] 
	x69: [ -1.7673,  -1.5673] 
	x70: [  0.8762,   1.0762] 
	x71: [ -0.6064,  -0.4064] 
	x72: [ -1.7423,  -1.5423] 
	x73: [  2.3109,   2.5109] 
	x74: [ -0.1280,   0.0720] 
	x75: [  2.5283,   2.7283] 
	x76: [  0.4276,   0.6276] 
	x77: [  2.9036,   3.1036] 
	x78: [ -0.7669,  -0.5669] 
	x79: [  0.8048,   1.0048] 
	x80: [  1.3186,   1.5186] 
	x81: [ -0.1576,   0.0424] 
	x82: [  3.3249,   3.5249] 
	x83: [ -0.8762,  -0.6762] 
	x84: [ -1.8673,  -1.6673] 
	x85: [ -0.7890,  -0.5890] 
	x86: [  1.6990,   1.8990] 
	x87: [ -0.8172,  -0.6172] 
	x88: [  0.7091,   0.9091] 
	x89: [  1.2249,   1.4249] 
	x90: [  0.5822,   0.7822] 
	x91: [ -1.3574,  -1.1574] 
	x92: [ -0.8154,  -0.6154] 
	x93: [ -0.2822,  -0.0822] 
	x94: [  0.3436,   0.5436] 
	x95: [ -1.5402,  -1.3402] 
	x96: [  1.4729,   1.6729] 
	x97: [  3.0940,   3.2940] 
	x98: [  0.0836,   0.2836] 
	x99: [  0.9035,   1.1035] 
	x100: [ -0.0152,   0.1848] 
	x101: [ -0.9653,  -0.7653] 
	x102: [  0.3278,   0.5278] 
	x103: [ -0.3812,  -0.1812] 
	x104: [ -3.1483,  -2.9483] 
	x105: [ -0.6512,  -0.4512] 
	x106: [ -1.1168,  -0.9168] 
	x107: [  0.5984,   0.7984] 
	x108: [  1.6117,   1.8117] 
	x109: [ -3.2015,  -3.0015] 
	x110: [  0.2748,   0.4748] 
	x111: [ -1.3364,  -1.1364] 
	x112: [ -0.5915,  -0.3915] 
	x113: [ -1.2763,  -1.0763] 
	x114: [ -0.0277,   0.1723] 
	x115: [ -0.3938,  -0.1938] 
	x116: [ -1.6836,  -1.4836] 
	x117: [ -0.3691,  -0.1691] 
	x118: [ -1.2127,  -1.0127] 
	x119: [ -1.9054,  -1.7054] 
	x120: [ -1.4615,  -1.2615] 
	x121: [  2.6263,   2.8263] 
	x122: [ -1.3279,  -1.1279] 
	x123: [  2.1158,   2.3158] 
	x124: [ -2.2250,  -2.0250] 
	x125: [ -0.4600,  -0.2600] 
	x126: [  0.5946,   0.7946] 
	x127: [  0.7414,   0.9414] 
	x128: [  0.1191,   0.3191] 
	x129: [ -0.3420,  -0.1420] 
	x130: [ -1.0829,  -0.8829] 
	x131: [  1.5497,   1.7497] 
	x132: [ -1.3002,  -1.1002] 
	x133: [  1.6970,   1.8970] 
	x134: [  2.0443,   2.2443] 
	x135: [  1.3662,   1.5662] 
	x136: [ -0.6760,  -0.4760] 
	x137: [  1.1748,   1.3748] 
	x138: [ -1.6304,  -1.4304] 
	x139: [ -1.1009,  -0.9009] 
	x140: [  3.3011,   3.5011] 
	x141: [  1.2580,   1.4580] 
	x142: [ -0.5078,  -0.3078] 
	x143: [ -0.8552,  -0.6552] 
	x144: [ -1.3889,  -1.1889] 
	x145: [ -3.0081,  -2.8081] 
	x146: [ -2.0466,  -1.8466] 
	x147: [  0.8228,   1.0228] 
	x148: [  0.2294,   0.4294] 
	x149: [ -1.0909,  -0.8909] 
	x150: [ -0.1912,   0.0088] 
	x151: [ -0.4084,  -0.2084] 
	x152: [ -0.2218,  -0.0218] 
	x153: [  0.4520,   0.6520] 
	x154: [  1.1605,   1.3605] 
	x155: [ -2.8701,  -2.6701] 
	x156: [  0.2805,   0.4805] 
	x157: [ -2.3860,  -2.1860] 
	x158: [ -1.1798,  -0.9798] 
	x159: [ -0.6508,  -0.4508] 
	x160: [ -2.1537,  -1.9537] 
	x161: [ -0.0964,   0.1036] 
	x162: [ -0.6063,  -0.4063] 
	x163: [  1.8107,   2.0107] 
	x164: [  0.6829,   0.8829] 
	x165: [ -1.7231,  -1.5231] 
	x166: [  2.5125,   2.7125] 
	x167: [  2.9511,   3.1511] 
	x168: [  1.2830,   1.4830] 
	x169: [ -0.3047,  -0.1047] 
	x170: [ -0.6824,  -0.4824] 
	x171: [ -1.9116,  -1.7116] 
	x172: [  2.3227,   2.5227] 
	x173: [ -0.3190,  -0.1190] 
	x174: [  0.7949,   0.9949] 
	x175: [ -0.0624,   0.1376] 
	x176: [  1.6862,   1.8862] 
	x177: [ -1.4469,  -1.2469] 
	x178: [  0.4046,   0.6046] 
	x179: [ -1.9012,  -1.7012] 
	x180: [ -1.1469,  -0.9469] 
	x181: [  1.6906,   1.8906] 
	x182: [ -0.9692,  -0.7692] 
	x183: [  0.6522,   0.8522] 
	x184: [  3.6708,   3.8708] 
	x185: [  1.0853,   1.2853] 
	x186: [  0.6385,   0.8385] 
	x187: [  0.2692,   0.4692] 
	x188: [ -1.3108,  -1.1108] 
	x189: [  0.5398,   0.7398] 
	x190: [ -1.3783,  -1.1783] 
	x191: [  1.5123,   1.7123] 
	x192: [  1.9797,   2.1797] 
	x193: [  0.0175,   0.2175] 
	x194: [  0.2397,   0.4397] 
	x195: [ -1.7100,  -1.5100] 
	x196: [ -0.1067,   0.0933] 
	x197: [ -2.7480,  -2.5480] 
	x198: [  0.2882,   0.4882] 
	x199: [ -1.5492,  -1.3492] 
	x200: [ -2.3733,  -2.1733] 
	x201: [ -0.5476,  -0.3476] 
	x202: [ -1.3651,  -1.1651] 
	x203: [ -0.5163,  -0.3163] 
	x204: [ -1.0555,  -0.8555] 
	x205: [  0.0317,   0.2317] 
	x206: [ -1.2538,  -1.0538] 
	x207: [ -0.3136,  -0.1136] 
	x208: [  0.1943,   0.3943] 
	x209: [ -2.5764,  -2.3764] 
	x210: [  1.1194,   1.3194] 
	x211: [ -0.0701,   0.1299] 
	x212: [ -2.4756,  -2.2756] 
	x213: [  1.2472,   1.4472] 
	x214: [ -2.9745,  -2.7745] 
	x215: [ -2.8318,  -2.6318] 
	x216: [ -1.3088,  -1.1088] 
	x217: [  1.6347,   1.8347] 
	x218: [ -0.9557,  -0.7557] 
	x219: [ -0.7792,  -0.5792] 
	x220: [  1.3559,   1.5559] 
	x221: [  0.1214,   0.3214] 
	x222: [ -0.0708,   0.1292] 
	x223: [ -1.6288,  -1.4288] 
	x224: [ -1.4497,  -1.2497] 
	x225: [  1.7081,   1.9081] 
	x226: [  1.4317,   1.6317] 
	x227: [ -2.3476,  -2.1476] 
	x228: [ -0.6748,  -0.4748] 
	x229: [ -0.7594,  -0.5594] 
	x230: [ -1.5811,  -1.3811] 
	x231: [ -1.7147,  -1.5147] 
	x232: [  0.0700,   0.2700] 
	x233: [  0.1698,   0.3698] 
	x234: [ -0.0149,   0.1851] 
	x235: [ -1.6194,  -1.4194] 
	x236: [  2.2357,   2.4357] 
	x237: [ -0.3524,  -0.1524] 
	x238: [ -0.4375,  -0.2375] 
	x239: [  8.0348,   8.2348] 
	x240: [  0.0566,   0.2566] 
	x241: [ -3.6418,  -3.4418] 
	x242: [  1.5682,   1.7682] 
	x243: [ -0.6976,  -0.4976] 
	x244: [ -2.0717,  -1.8717] 
	x245: [ -0.9505,  -0.7505] 
	x246: [ -3.1094,  -2.9094] 
	x247: [ -1.4918,  -1.2918] 
	x248: [ -0.8480,  -0.6480] 
	x249: [  0.2138,   0.4138] 
	x250: [  0.4469,   0.6469] 
	x251: [ -0.4093,  -0.2093] 
	x252: [ -1.4073,  -1.2073] 
	x253: [  0.6938,   0.8938] 
	x254: [ -0.3748,  -0.1748] 
	x255: [ -0.4251,  -0.2251] 
	x256: [  0.0237,   0.2237] 
	x257: [  0.4268,   0.6268] 
	x258: [ -0.9767,  -0.7767] 
	x259: [  0.1057,   0.3057] 
	x260: [  1.7732,   1.9732] 
	x261: [  0.7385,   0.9385] 
	x262: [ -0.5400,  -0.3400] 
	x263: [ -2.1114,  -1.9114] 
	x264: [  1.4257,   1.6257] 
	x265: [  0.1665,   0.3665] 
	x266: [  0.6231,   0.8231] 
	x267: [ -1.0460,  -0.8460] 
	x268: [  0.6486,   0.8486] 
	x269: [ -1.9123,  -1.7123] 
	x270: [  1.0277,   1.2277] 
	x271: [  5.2841,   5.4841] 
	x272: [ -0.9585,  -0.7585] 
	x273: [  0.3493,   0.5493] 
	x274: [ -1.9472,  -1.7472] 
	x275: [ -0.0842,   0.1158] 
	x276: [  1.4644,   1.6644] 
	x277: [  1.3747,   1.5747] 
	x278: [ -0.1434,   0.0566] 
	x279: [ -2.3461,  -2.1461] 
	x280: [ -2.6254,  -2.4254] 
	x281: [ -1.1136,  -0.9136] 
	x282: [ -0.2844,  -0.0844] 
	x283: [ -1.5053,  -1.3053] 
	x284: [ -0.1268,   0.0732] 
	x285: [ -1.4508,  -1.2508] 
	x286: [  1.4481,   1.6481] 
	x287: [  0.4609,   0.6609] 
	x288: [  1.8283,   2.0283] 
	x289: [ -2.0599,  -1.8599] 
	x290: [ -1.8232,  -1.6232] 
	x291: [  1.9400,   2.1400] 
	x292: [ -0.7120,  -0.5120] 
	x293: [ -3.0364,  -2.8364] 
	x294: [  1.9195,   2.1195] 
	x295: [ -1.0215,  -0.8215] 
	x296: [  0.1247,   0.3247] 
	x297: [ -1.8203,  -1.6203] 
	x298: [ -6.6105,  -6.4105] 
	x299: [  0.1120,   0.3120] 
	x300: [ -0.6821,  -0.4821] 
	x301: [  0.1312,   0.3312] 
	x302: [  1.5201,   1.7201] 
	x303: [  0.4225,   0.6225] 
	x304: [  0.2212,   0.4212] 
	x305: [ -0.3024,  -0.1024] 
	x306: [  0.5626,   0.7626] 
	x307: [ -2.9561,  -2.7561] 
	x308: [ -0.0764,   0.1236] 
	x309: [ -1.5752,  -1.3752] 
	x310: [ -0.4448,  -0.2448] 
	x311: [ -1.5083,  -1.3083] 
	x312: [  1.5195,   1.7195] 
	x313: [ -0.0608,   0.1392] 
	x314: [  2.3018,   2.5018] 
	x315: [ -0.6891,  -0.4891] 
	x316: [  0.8572,   1.0572] 
	x317: [  1.8768,   2.0768] 
	x318: [  0.8353,   1.0353] 
	x319: [  0.1107,   0.3107] 
	x320: [  0.4649,   0.6649] 
	x321: [ -1.3812,  -1.1812] 
	x322: [ -1.0287,  -0.8287] 
	x323: [ -1.2351,  -1.0351] 
	x324: [  1.0839,   1.2839] 
	x325: [ -0.0311,   0.1689] 
	x326: [ -0.7568,  -0.5568] 
	x327: [ -0.4164,  -0.2164] 
	x328: [  1.6464,   1.8464] 
	x329: [ -0.6344,  -0.4344] 
	x330: [ -2.3320,  -2.1320] 
	x331: [  0.1390,   0.3390] 
	x332: [ -1.9011,  -1.7011] 
	x333: [ -0.3170,  -0.1170] 
	x334: [  0.0926,   0.2926] 
	x335: [ -1.3383,  -1.1383] 
	x336: [ -1.3490,  -1.1490] 
	x337: [  0.3546,   0.5546] 
	x338: [ -0.8431,  -0.6431] 
	x339: [ -1.2733,  -1.0733] 
	x340: [  0.7924,   0.9924] 
	x341: [  1.7689,   1.9689] 
	x342: [  0.4547,   0.6547] 
	x343: [ -0.6738,  -0.4738] 
	x344: [  1.7329,   1.9329] 
	x345: [ -2.3985,  -2.1985] 
	x346: [ -0.4241,  -0.2241] 
	x347: [ -0.5426,  -0.3426] 
	x348: [  1.4021,   1.6021] 
	x349: [ -1.2214,  -1.0214] 
	x350: [ -1.7114,  -1.5114] 
	x351: [ -1.9539,  -1.7539] 
	x352: [ -0.8765,  -0.6765] 
	x353: [  0.6182,   0.8182] 
	x354: [ -0.7021,  -0.5021] 
	x355: [ -0.1936,   0.0064] 
	x356: [  2.4007,   2.6007] 
	x357: [ -0.8679,  -0.6679] 
	x358: [  0.8460,   1.0460] 
	x359: [ -1.8825,  -1.6825] 
	x360: [  1.6769,   1.8769] 
	x361: [ -1.0970,  -0.8970] 
	x362: [ -0.7554,  -0.5554] 
	x363: [ -0.6804,  -0.4804] 
	x364: [  1.0728,   1.2728] 
	x365: [ -1.0259,  -0.8259] 
	x366: [ -2.8424,  -2.6424] 
	x367: [  0.4655,   0.6655] 
	x368: [  0.9037,   1.1037] 
	x369: [  3.5742,   3.7742] 
	x370: [ -0.1810,   0.0190] 
	x371: [  0.2634,   0.4634] 
	x372: [  0.2546,   0.4546] 
	x373: [ -1.0453,  -0.8453] 
	x374: [  0.3856,   0.5856] 
	x375: [  0.0508,   0.2508] 
	x376: [  0.3404,   0.5404] 
	x377: [ -0.6239,  -0.4239] 
	x378: [  1.0032,   1.2032] 
	x379: [ -1.3645,  -1.1645] 
	x380: [  1.8972,   2.0972] 
	x381: [ -0.9254,  -0.7254] 
	x382: [  0.6655,   0.8655] 
	x383: [ -2.5965,  -2.3965] 
	x384: [ -0.7528,  -0.5528] 
	x385: [  0.4518,   0.6518] 
	x386: [ -1.9132,  -1.7132] 
	x387: [  1.0128,   1.2128] 
	x388: [  1.7640,   1.9640] 
	x389: [ -2.1938,  -1.9938] 
	x390: [  0.7039,   0.9039] 
	x391: [  1.9403,   2.1403] 
	x392: [ -0.4323,  -0.2323] 
	x393: [ -0.9245,  -0.7245] 
	x394: [  1.0133,   1.2133] 
	x395: [ -2.2397,  -2.0397] 
	x396: [ -0.6652,  -0.4652] 
	x397: [ -0.1643,   0.0357] 
	x398: [  0.6820,   0.8820] 
	x399: [  1.5611,   1.7611] 
	x400: [  0.4264,   0.6264] 
	x401: [ -2.2744,  -2.0744] 
	x402: [ -2.0932,  -1.8932] 
	x403: [  2.0781,   2.2781] 
	x404: [ -1.8471,  -1.6471] 
	x405: [ -4.7980,  -4.5980] 
	x406: [  1.3988,   1.5988] 
	x407: [  1.7319,   1.9319] 
	x408: [ -0.6921,  -0.4921] 
	x409: [  0.4109,   0.6109] 
	x410: [ -1.6223,  -1.4223] 
	x411: [ -1.7138,  -1.5138] 
	x412: [  2.0166,   2.2166] 
	x413: [  1.0357,   1.2357] 
	x414: [ -0.1527,   0.0473] 
	x415: [ -0.5306,  -0.3306] 
	x416: [ -3.0991,  -2.8991] 
	x417: [  0.5117,   0.7117] 
	x418: [ -2.9936,  -2.7936] 
	x419: [ -1.1522,  -0.9522] 
	x420: [  1.2394,   1.4394] 
	x421: [ -1.6147,  -1.4147] 
	x422: [  2.0155,   2.2155] 
	x423: [  0.3626,   0.5626] 
	x424: [ -0.6532,  -0.4532] 
	x425: [ -0.9493,  -0.7493] 
	x426: [ -1.2695,  -1.0695] 
	x427: [  1.4794,   1.6794] 
	x428: [ -1.3515,  -1.1515] 
	x429: [ -1.7900,  -1.5900] 
	x430: [ -0.2109,  -0.0109] 
	x431: [  2.5900,   2.7900] 
	x432: [ -1.8287,  -1.6287] 
	x433: [ -3.0571,  -2.8571] 
	x434: [  1.7913,   1.9913] 
	x435: [  0.0601,   0.2601] 
	x436: [ -2.9012,  -2.7012] 
	x437: [ -1.6552,  -1.4552] 
	x438: [ -1.9546,  -1.7546] 
	x439: [ -1.7986,  -1.5986] 
	x440: [ -0.3081,  -0.1081] 
	x441: [ -0.5904,  -0.3904] 
	x442: [ -1.5568,  -1.3568] 
	x443: [  0.6945,   0.8945] 
	x444: [ -0.5356,  -0.3356] 
	x445: [ -1.2996,  -1.0996] 
	x446: [  1.4524,   1.6524] 
	x447: [ -1.2120,  -1.0120] 
	x448: [ -4.2029,  -4.0029] 
	x449: [ -1.8805,  -1.6805] 
	x450: [  1.9816,   2.1816] 
	x451: [ -2.1140,  -1.9140] 
	x452: [  0.3909,   0.5909] 
	x453: [  1.4856,   1.6856] 
	x454: [  0.9180,   1.1180] 
	x455: [ -3.0350,  -2.8350] 
	x456: [ -1.5262,  -1.3262] 
	x457: [ -1.2646,  -1.0646] 
	x458: [ -0.5581,  -0.3581] 
	x459: [  0.1124,   0.3124] 
	x460: [  0.4519,   0.6519] 
	x461: [  0.2395,   0.4395] 
	x462: [  0.5677,   0.7677] 
	x463: [  0.2653,   0.4653] 
	x464: [  1.2624,   1.4624] 
	x465: [ -0.6223,  -0.4223] 
	x466: [  0.4830,   0.6830] 
	x467: [ -4.1636,  -3.9636] 
	x468: [ -0.8747,  -0.6747] 
	x469: [  0.1555,   0.3555] 
	x470: [  1.4206,   1.6206] 
	x471: [ -1.5601,  -1.3601] 
	x472: [ -1.3536,  -1.1536] 
	x473: [ -2.3138,  -2.1138] 
	x474: [  0.4970,   0.6970] 
	x475: [  0.6500,   0.8500] 
	x476: [  0.0762,   0.2762] 
	x477: [ -0.6435,  -0.4435] 
	x478: [  1.0522,   1.2522] 
	x479: [  3.8279,   4.0279] 
	x480: [ -2.4833,  -2.2833] 
	x481: [  0.6977,   0.8977] 
	x482: [  0.2318,   0.4318] 
	x483: [ -1.2759,  -1.0759] 
	x484: [ -0.9589,  -0.7589] 
	x485: [ -2.8210,  -2.6210] 
	x486: [  3.9845,   4.1845] 
	x487: [  1.2697,   1.4697] 
	x488: [  0.4540,   0.6540] 
	x489: [ -1.7171,  -1.5171] 
	x490: [ -1.0942,  -0.8942] 
	x491: [  1.5960,   1.7960] 
	x492: [  0.7814,   0.9814] 
	x493: [  0.1879,   0.3879] 
	x494: [ -0.3234,  -0.1234] 
	x495: [  1.2687,   1.4687] 
	x496: [ -0.8424,  -0.6424] 
	x497: [ -0.1919,   0.0081] 
	x498: [  0.1825,   0.3825] 
	x499: [ -0.6282,  -0.4282] 
	x500: [ -1.7802,  -1.5802] 
	x501: [ -1.4348,  -1.2348] 
	x502: [ -1.6441,  -1.4441] 
	x503: [  1.9619,   2.1619] 
	x504: [ -0.5698,  -0.3698] 
	x505: [  1.7287,   1.9287] 
	x506: [ -0.7688,  -0.5688] 
	x507: [ -0.5042,  -0.3042] 
	x508: [ -1.1032,  -0.9032] 
	x509: [ -0.0242,   0.1758] 
	x510: [ -0.1764,   0.0236] 
	x511: [  0.2864,   0.4864] 

Branching heuristics set to PseudoImpact

Engine::solve: Initial statistics

00:04:47 Statistics update:
	--- Time Statistics ---
	Total time elapsed: 472 milli (00:00:00)
		Main loop: 0 milli (00:00:00)
		Preprocessing time: 189 milli (00:00:00)
		Unknown: 283 milli (00:00:00)
	Breakdown for main loop:
		[0.00%] Simplex steps: 0 milli
		[0.00%] Explicit-basis bound tightening: 0 milli
		[0.00%] Constraint-matrix bound tightening: 0 milli
		[0.00%] Degradation checking: 0 milli
		[0.00%] Precision restoration: 0 milli
		[0.00%] Statistics handling: 0 milli
		[0.00%] Constraint-fixing steps: 0 milli
		[0.00%] Valid case splits: 0 milli. Average per split: 0.00 milli
		[0.00%] Applying stored bound-tightening: 0 milli
		[0.00%] SMT core: 0 milli
		[0.00%] Symbolic Bound Tightening: 13 milli
		[0.00%] SoI-based local search: 0 milli
		[0.00%] SoI-based local search: 0 milli
		[0.00%] Unaccounted for: 0 milli
	--- Preprocessor Statistics ---
	Number of preprocessor bound-tightening loop iterations: 3
	Number of eliminated variables: 122
	Number of constraints removed due to variable elimination: 122
	Number of equations removed due to variable elimination: 0
	--- Engine Statistics ---
	Number of main loop iterations: 1
		0 iterations were simplex steps. Total time: 0 milli. Average: 0.00 milli.
		0 iterations were constraint-fixing steps. Total time: 0 milli. Average: 0.00 milli
	Number of active piecewise-linear constraints: 134 / 134
		Constraints disabled by valid splits: 0. By SMT-originated splits: 0
	Last reported degradation: 0.0000000000. Max degradation so far: 0.0000000000. Restorations so far: 0
	Number of simplex pivots we attempted to skip because of instability: 0.
	Unstable pivots performed anyway: 0
	--- Tableau Statistics ---
	Total number of pivots performed: 0
		Real pivots: 0. Degenerate: 0 (0.00%)
		Degenerate pivots by request (e.g., to fix a PL constraint): 0 (0.00%)
		Average time per pivot: 0.00 milli
	Total number of fake pivots performed: 0
	Total number of rows added: 0. Number of merged columns: 0
	Current tableau dimensions: M = 705, N = 2056
	--- SMT Core Statistics ---
	Total depth is 0. Total visited states: 1. Number of splits: 0. Number of pops: 0
	Max stack depth: 0
	--- Bound Tightening Statistics ---
	Number of tightened bounds: 0.
		Number of rows examined by row tightener: 0. Consequent tightenings: 0
		Number of explicit basis matrices examined by row tightener: 0. Consequent tightenings: 0
		Number of bound tightening rounds on the entire constraint matrix: 0. Consequent tightenings: 0
		Number of bound notifications sent to PL constraints: 804. Tightenings proposed: 0
	--- Basis Factorization statistics ---
	Number of basis refactorizations: 2
	--- Projected Steepest Edge Statistics ---
	Number of iterations: 0.
	Number of resets to reference space: 1. Avg. iterations per reset: 0
	--- SBT ---
	Number of tightened bounds: 385
	--- SoI-based local search ---
	Number of proposed phase pattern update: 0. Number of accepted update: 0 [0.00%]
	Total time (% of local search time) updating SoI phase pattern : 0 milli [0.00%]
	Total time obtaining current assignment: 0 milli [0.00%]
	Total time getting SoI phase pattern : 0 milli [0.00%]
	--- Context dependent statistics ---
	Number of pushes / pops: 0 / 0
		[0.00%] Pre-Push hook: 0 milli
		[0.00%] Push : 0 milli
		[0.00%] Post-Pop hook: 0 milli
		[0.00%] Pop : 0 milli
		[0.00%] Total context-switching time: 0 milli
	--- Proof Certificate ---
	Number of certified leaves: 0
	Number of leaves to delegate: 0

---

00:05:06 Statistics update:
	--- Time Statistics ---
	Total time elapsed: 19548 milli (00:00:19)
		Main loop: 19072 milli (00:00:19)
		Preprocessing time: 189 milli (00:00:00)
		Unknown: 286 milli (00:00:00)
	Breakdown for main loop:
		[70.22%] Simplex steps: 13393 milli
		[23.08%] Explicit-basis bound tightening: 4401 milli
		[0.00%] Constraint-matrix bound tightening: 0 milli
		[1.26%] Degradation checking: 239 milli
		[0.00%] Precision restoration: 0 milli
		[0.11%] Statistics handling: 20 milli
		[0.00%] Constraint-fixing steps: 0 milli
		[0.00%] Valid case splits: 0 milli. Average per split: 0.00 milli
		[0.00%] Applying stored bound-tightening: 0 milli
		[0.26%] SMT core: 49 milli
		[4.33%] Symbolic Bound Tightening: 826 milli
		[48.73%] SoI-based local search: 9294 milli
		[0.00%] SoI-based local search: 0 milli
		[0.74%] Unaccounted for: 141 milli
	--- Preprocessor Statistics ---
	Number of preprocessor bound-tightening loop iterations: 3
	Number of eliminated variables: 122
	Number of constraints removed due to variable elimination: 122
	Number of equations removed due to variable elimination: 0
	--- Engine Statistics ---
	Number of main loop iterations: 10000
		9844 iterations were simplex steps. Total time: 13393 milli. Average: 1.36 milli.
		0 iterations were constraint-fixing steps. Total time: 0 milli. Average: 0.00 milli
	Number of active piecewise-linear constraints: 107 / 134
		Constraints disabled by valid splits: 0. By SMT-originated splits: 27
	Last reported degradation: 0.0000000000. Max degradation so far: 0.0000015695. Restorations so far: 0
	Number of simplex pivots we attempted to skip because of instability: 0.
	Unstable pivots performed anyway: 0
	--- Tableau Statistics ---
	Total number of pivots performed: 9003
		Real pivots: 8989. Degenerate: 14 (0.16%)
		Degenerate pivots by request (e.g., to fix a PL constraint): 0 (0.00%)
		Average time per pivot: 0.24 milli
	Total number of fake pivots performed: 187
	Total number of rows added: 0. Number of merged columns: 0
	Current tableau dimensions: M = 705, N = 2056
	--- SMT Core Statistics ---
	Total depth is 27. Total visited states: 95. Number of splits: 60. Number of pops: 34
	Max stack depth: 34
	--- Bound Tightening Statistics ---
	Number of tightened bounds: 16672.
		Number of rows examined by row tightener: 9003. Consequent tightenings: 39
		Number of explicit basis matrices examined by row tightener: 18. Consequent tightenings: 377
		Number of bound tightening rounds on the entire constraint matrix: 0. Consequent tightenings: 0
		Number of bound notifications sent to PL constraints: 1794. Tightenings proposed: 0
	--- Basis Factorization statistics ---
	Number of basis refactorizations: 83
	--- Projected Steepest Edge Statistics ---
	Number of iterations: 9190.
	Number of resets to reference space: 39. Avg. iterations per reset: 235
	--- SBT ---
	Number of tightened bounds: 17057
	--- SoI-based local search ---
	Number of proposed phase pattern update: 270. Number of accepted update: 210 [77.78%]
	Total time (% of local search time) updating SoI phase pattern : 21976 milli [0.24%]
	Total time obtaining current assignment: 68447 milli [0.74%]
	Total time getting SoI phase pattern : 11975 milli [0.06%]
	--- Context dependent statistics ---
	Number of pushes / pops: 94 / 67
		[0.03%] Pre-Push hook: 6 milli
		[0.00%] Push : 0 milli
		[0.02%] Post-Pop hook: 2 milli
		[0.01%] Pop : 1 milli
		[0.05%] Total context-switching time: 10 milli
	--- Proof Certificate ---
	Number of certified leaves: 0
	Number of leaves to delegate: 0

00:05:31 Statistics update:
	--- Time Statistics ---
	Total time elapsed: 44779 milli (00:00:44)
		Main loop: 44303 milli (00:00:44)
		Preprocessing time: 189 milli (00:00:00)
		Unknown: 286 milli (00:00:00)
	Breakdown for main loop:
		[60.27%] Simplex steps: 26701 milli
		[32.98%] Explicit-basis bound tightening: 14612 milli
		[0.00%] Constraint-matrix bound tightening: 0 milli
		[1.09%] Degradation checking: 480 milli
		[0.00%] Precision restoration: 0 milli
		[0.09%] Statistics handling: 41 milli
		[0.00%] Constraint-fixing steps: 0 milli
		[0.00%] Valid case splits: 1 milli. Average per split: 0.00 milli
		[0.00%] Applying stored bound-tightening: 1 milli
		[0.25%] SMT core: 110 milli
		[3.60%] Symbolic Bound Tightening: 1593 milli
		[37.30%] SoI-based local search: 16525 milli
		[0.00%] SoI-based local search: 0 milli
		[1.71%] Unaccounted for: 759 milli
	--- Preprocessor Statistics ---
	Number of preprocessor bound-tightening loop iterations: 3
	Number of eliminated variables: 122
	Number of constraints removed due to variable elimination: 122
	Number of equations removed due to variable elimination: 0
	--- Engine Statistics ---
	Number of main loop iterations: 20000
		19727 iterations were simplex steps. Total time: 26701 milli. Average: 1.35 milli.
		0 iterations were constraint-fixing steps. Total time: 0 milli. Average: 0.00 milli
	Number of active piecewise-linear constraints: 108 / 134
		Constraints disabled by valid splits: 0. By SMT-originated splits: 26
	Last reported degradation: 0.0000000000. Max degradation so far: 0.0000015695. Restorations so far: 0
	Number of simplex pivots we attempted to skip because of instability: 0.
	Unstable pivots performed anyway: 0
	--- Tableau Statistics ---
	Total number of pivots performed: 18084
		Real pivots: 18059. Degenerate: 25 (0.14%)
		Degenerate pivots by request (e.g., to fix a PL constraint): 0 (0.00%)
		Average time per pivot: 0.25 milli
	Total number of fake pivots performed: 416
	Total number of rows added: 0. Number of merged columns: 0
	Current tableau dimensions: M = 705, N = 2056
	--- SMT Core Statistics ---
	Total depth is 26. Total visited states: 185. Number of splits: 104. Number of pops: 80
	Max stack depth: 37
	--- Bound Tightening Statistics ---
	Number of tightened bounds: 31262.
		Number of rows examined by row tightener: 18084. Consequent tightenings: 133
		Number of explicit basis matrices examined by row tightener: 61. Consequent tightenings: 604
		Number of bound tightening rounds on the entire constraint matrix: 0. Consequent tightenings: 0
		Number of bound notifications sent to PL constraints: 2178. Tightenings proposed: 0
	--- Basis Factorization statistics ---
	Number of basis refactorizations: 165
	--- Projected Steepest Edge Statistics ---
	Number of iterations: 18500.
	Number of resets to reference space: 88. Avg. iterations per reset: 210
	--- SBT ---
	Number of tightened bounds: 31647
	--- SoI-based local search ---
	Number of proposed phase pattern update: 498. Number of accepted update: 394 [79.12%]
	Total time (% of local search time) updating SoI phase pattern : 37666 milli [0.23%]
	Total time obtaining current assignment: 126378 milli [0.76%]
	Total time getting SoI phase pattern : 21258 milli [0.05%]
	--- Context dependent statistics ---
	Number of pushes / pops: 184 / 158
		[0.02%] Pre-Push hook: 9 milli
		[0.00%] Push : 0 milli
		[0.01%] Post-Pop hook: 6 milli
		[0.01%] Pop : 3 milli
		[0.04%] Total context-switching time: 19 milli
	--- Proof Certificate ---
	Number of certified leaves: 0
	Number of leaves to delegate: 0

00:05:54 Statistics update:
	--- Time Statistics ---
	Total time elapsed: 67785 milli (00:01:07)
		Main loop: 67303 milli (00:01:07)
		Preprocessing time: 189 milli (00:00:00)
		Unknown: 292 milli (00:00:00)
	Breakdown for main loop:
		[59.83%] Simplex steps: 40267 milli
		[33.59%] Explicit-basis bound tightening: 22604 milli
		[0.00%] Constraint-matrix bound tightening: 0 milli
		[1.06%] Degradation checking: 710 milli
		[0.00%] Precision restoration: 0 milli
		[0.09%] Statistics handling: 62 milli
		[0.00%] Constraint-fixing steps: 0 milli
		[0.00%] Valid case splits: 2 milli. Average per split: 0.00 milli
		[0.00%] Applying stored bound-tightening: 1 milli
		[0.28%] SMT core: 186 milli
		[3.80%] Symbolic Bound Tightening: 2558 milli
		[36.93%] SoI-based local search: 24851 milli
		[0.00%] SoI-based local search: 0 milli
		[1.35%] Unaccounted for: 909 milli
	--- Preprocessor Statistics ---
	Number of preprocessor bound-tightening loop iterations: 3
	Number of eliminated variables: 122
	Number of constraints removed due to variable elimination: 122
	Number of equations removed due to variable elimination: 0
	--- Engine Statistics ---
	Number of main loop iterations: 30000
		29561 iterations were simplex steps. Total time: 40267 milli. Average: 1.36 milli.
		0 iterations were constraint-fixing steps. Total time: 0 milli. Average: 0.00 milli
	Number of active piecewise-linear constraints: 112 / 134
		Constraints disabled by valid splits: 0. By SMT-originated splits: 22
	Last reported degradation: 0.0000000000. Max degradation so far: 0.0000015695. Restorations so far: 0
	Number of simplex pivots we attempted to skip because of instability: 2.
	Unstable pivots performed anyway: 0
	--- Tableau Statistics ---
	Total number of pivots performed: 27098
		Real pivots: 27055. Degenerate: 43 (0.16%)
		Degenerate pivots by request (e.g., to fix a PL constraint): 0 (0.00%)
		Average time per pivot: 0.25 milli
	Total number of fake pivots performed: 630
	Total number of rows added: 0. Number of merged columns: 0
	Current tableau dimensions: M = 705, N = 2056
	--- SMT Core Statistics ---
	Total depth is 22. Total visited states: 298. Number of splits: 159. Number of pops: 138
	Max stack depth: 37
	--- Bound Tightening Statistics ---
	Number of tightened bounds: 49034.
		Number of rows examined by row tightener: 27098. Consequent tightenings: 499
		Number of explicit basis matrices examined by row tightener: 93. Consequent tightenings: 772
		Number of bound tightening rounds on the entire constraint matrix: 0. Consequent tightenings: 0
		Number of bound notifications sent to PL constraints: 2588. Tightenings proposed: 0
	--- Basis Factorization statistics ---
	Number of basis refactorizations: 246
	--- Projected Steepest Edge Statistics ---
	Number of iterations: 27730.
	Number of resets to reference space: 148. Avg. iterations per reset: 187
	--- SBT ---
	Number of tightened bounds: 49419
	--- SoI-based local search ---
	Number of proposed phase pattern update: 743. Number of accepted update: 584 [78.60%]
	Total time (% of local search time) updating SoI phase pattern : 58943 milli [0.24%]
	Total time obtaining current assignment: 191350 milli [0.77%]
	Total time getting SoI phase pattern : 32258 milli [0.05%]
	--- Context dependent statistics ---
	Number of pushes / pops: 297 / 275
		[0.02%] Pre-Push hook: 14 milli
		[0.00%] Push : 0 milli
		[0.02%] Post-Pop hook: 10 milli
		[0.01%] Pop : 6 milli
		[0.05%] Total context-switching time: 30 milli
	--- Proof Certificate ---
	Number of certified leaves: 0
	Number of leaves to delegate: 0

00:06:17 Statistics update:
	--- Time Statistics ---
	Total time elapsed: 90921 milli (00:01:30)
		Main loop: 90419 milli (00:01:30)
		Preprocessing time: 189 milli (00:00:00)
		Unknown: 312 milli (00:00:00)
	Breakdown for main loop:
		[59.29%] Simplex steps: 53610 milli
		[34.14%] Explicit-basis bound tightening: 30865 milli
		[0.00%] Constraint-matrix bound tightening: 0 milli
		[1.04%] Degradation checking: 941 milli
		[0.00%] Precision restoration: 0 milli
		[0.09%] Statistics handling: 83 milli
		[0.00%] Constraint-fixing steps: 0 milli
		[0.00%] Valid case splits: 3 milli. Average per split: 0.00 milli
		[0.00%] Applying stored bound-tightening: 2 milli
		[0.30%] SMT core: 268 milli
		[3.96%] Symbolic Bound Tightening: 3583 milli
		[36.38%] SoI-based local search: 32894 milli
		[0.00%] SoI-based local search: 0 milli
		[1.17%] Unaccounted for: 1060 milli
	--- Preprocessor Statistics ---
	Number of preprocessor bound-tightening loop iterations: 3
	Number of eliminated variables: 122
	Number of constraints removed due to variable elimination: 122
	Number of equations removed due to variable elimination: 0
	--- Engine Statistics ---
	Number of main loop iterations: 40000
		39387 iterations were simplex steps. Total time: 53610 milli. Average: 1.36 milli.
		0 iterations were constraint-fixing steps. Total time: 0 milli. Average: 0.00 milli
	Number of active piecewise-linear constraints: 111 / 134
		Constraints disabled by valid splits: 0. By SMT-originated splits: 23
	Last reported degradation: 0.0000000000. Max degradation so far: 0.0035106376. Restorations so far: 0
	Number of simplex pivots we attempted to skip because of instability: 2.
	Unstable pivots performed anyway: 0
	--- Tableau Statistics ---
	Total number of pivots performed: 36037
		Real pivots: 35981. Degenerate: 56 (0.16%)
		Degenerate pivots by request (e.g., to fix a PL constraint): 0 (0.00%)
		Average time per pivot: 0.25 milli
	Total number of fake pivots performed: 826
	Total number of rows added: 0. Number of merged columns: 0
	Current tableau dimensions: M = 705, N = 2056
	--- SMT Core Statistics ---
	Total depth is 23. Total visited states: 416. Number of splits: 218. Number of pops: 197
	Max stack depth: 37
	--- Bound Tightening Statistics ---
	Number of tightened bounds: 67309.
		Number of rows examined by row tightener: 36037. Consequent tightenings: 636
		Number of explicit basis matrices examined by row tightener: 126. Consequent tightenings: 878
		Number of bound tightening rounds on the entire constraint matrix: 0. Consequent tightenings: 0
		Number of bound notifications sent to PL constraints: 2932. Tightenings proposed: 0
	--- Basis Factorization statistics ---
	Number of basis refactorizations: 326
	--- Projected Steepest Edge Statistics ---
	Number of iterations: 36865.
	Number of resets to reference space: 216. Avg. iterations per reset: 170
	--- SBT ---
	Number of tightened bounds: 67694
	--- SoI-based local search ---
	Number of proposed phase pattern update: 1027. Number of accepted update: 809 [78.77%]
	Total time (% of local search time) updating SoI phase pattern : 80954 milli [0.25%]
	Total time obtaining current assignment: 265299 milli [0.81%]
	Total time getting SoI phase pattern : 44702 milli [0.05%]
	--- Context dependent statistics ---
	Number of pushes / pops: 415 / 392
		[0.02%] Pre-Push hook: 18 milli
		[0.00%] Push : 0 milli
		[0.02%] Post-Pop hook: 15 milli
		[0.01%] Pop : 8 milli
		[0.05%] Total context-switching time: 42 milli
	--- Proof Certificate ---
	Number of certified leaves: 0
	Number of leaves to delegate: 0

00:06:45 Statistics update:
	--- Time Statistics ---
	Total time elapsed: 118396 milli (00:01:58)
		Main loop: 117860 milli (00:01:57)
		Preprocessing time: 189 milli (00:00:00)
		Unknown: 346 milli (00:00:00)
	Breakdown for main loop:
		[56.46%] Simplex steps: 66540 milli
		[37.03%] Explicit-basis bound tightening: 43638 milli
		[0.00%] Constraint-matrix bound tightening: 0 milli
		[1.00%] Degradation checking: 1172 milli
		[0.00%] Precision restoration: 0 milli
		[0.09%] Statistics handling: 105 milli
		[0.00%] Constraint-fixing steps: 0 milli
		[0.00%] Valid case splits: 4 milli. Average per split: 0.00 milli
		[0.00%] Applying stored bound-tightening: 3 milli
		[0.30%] SMT core: 351 milli
		[3.90%] Symbolic Bound Tightening: 4596 milli
		[32.86%] SoI-based local search: 38728 milli
		[0.00%] SoI-based local search: 0 milli
		[1.23%] Unaccounted for: 1446 milli
	--- Preprocessor Statistics ---
	Number of preprocessor bound-tightening loop iterations: 3
	Number of eliminated variables: 122
	Number of constraints removed due to variable elimination: 122
	Number of equations removed due to variable elimination: 0
	--- Engine Statistics ---
	Number of main loop iterations: 50000
		49228 iterations were simplex steps. Total time: 66540 milli. Average: 1.35 milli.
		0 iterations were constraint-fixing steps. Total time: 0 milli. Average: 0.00 milli
	Number of active piecewise-linear constraints: 120 / 134
		Constraints disabled by valid splits: 0. By SMT-originated splits: 14
	Last reported degradation: 0.0001170692. Max degradation so far: 0.0310435975. Restorations so far: 0
	Number of simplex pivots we attempted to skip because of instability: 2.
	Unstable pivots performed anyway: 0
	--- Tableau Statistics ---
	Total number of pivots performed: 44864
		Real pivots: 44803. Degenerate: 61 (0.14%)
		Degenerate pivots by request (e.g., to fix a PL constraint): 0 (0.00%)
		Average time per pivot: 0.25 milli
	Total number of fake pivots performed: 1095
	Total number of rows added: 0. Number of merged columns: 0
	Current tableau dimensions: M = 705, N = 2056
	--- SMT Core Statistics ---
	Total depth is 14. Total visited states: 534. Number of splits: 273. Number of pops: 260
	Max stack depth: 37
	--- Bound Tightening Statistics ---
	Number of tightened bounds: 87287.
		Number of rows examined by row tightener: 44864. Consequent tightenings: 1035
		Number of explicit basis matrices examined by row tightener: 178. Consequent tightenings: 2894
		Number of bound tightening rounds on the entire constraint matrix: 0. Consequent tightenings: 0
		Number of bound notifications sent to PL constraints: 5118. Tightenings proposed: 0
	--- Basis Factorization statistics ---
	Number of basis refactorizations: 405
	--- Projected Steepest Edge Statistics ---
	Number of iterations: 45961.
	Number of resets to reference space: 286. Avg. iterations per reset: 160
	--- SBT ---
	Number of tightened bounds: 87672
	--- SoI-based local search ---
	Number of proposed phase pattern update: 1330. Number of accepted update: 1057 [79.47%]
	Total time (% of local search time) updating SoI phase pattern : 101546 milli [0.26%]
	Total time obtaining current assignment: 341094 milli [0.88%]
	Total time getting SoI phase pattern : 57203 milli [0.05%]
	--- Context dependent statistics ---
	Number of pushes / pops: 533 / 519
		[0.02%] Pre-Push hook: 22 milli
		[0.00%] Push : 0 milli
		[0.02%] Post-Pop hook: 20 milli
		[0.01%] Pop : 11 milli
		[0.05%] Total context-switching time: 55 milli
	--- Proof Certificate ---
	Number of certified leaves: 0
	Number of leaves to delegate: 0

00:07:08 Statistics update:
	--- Time Statistics ---
	Total time elapsed: 141549 milli (00:02:21)
		Main loop: 141065 milli (00:02:21)
		Preprocessing time: 189 milli (00:00:00)
		Unknown: 293 milli (00:00:00)
	Breakdown for main loop:
		[56.53%] Simplex steps: 79746 milli
		[36.64%] Explicit-basis bound tightening: 51679 milli
		[0.00%] Constraint-matrix bound tightening: 0 milli
		[0.99%] Degradation checking: 1402 milli
		[0.00%] Precision restoration: 0 milli
		[0.09%] Statistics handling: 126 milli
		[0.00%] Constraint-fixing steps: 0 milli
		[0.00%] Valid case splits: 5 milli. Average per split: 0.00 milli
		[0.00%] Applying stored bound-tightening: 4 milli
		[0.31%] SMT core: 440 milli
		[4.06%] Symbolic Bound Tightening: 5720 milli
		[33.57%] SoI-based local search: 47358 milli
		[0.00%] SoI-based local search: 0 milli
		[1.37%] Unaccounted for: 1939 milli
	--- Preprocessor Statistics ---
	Number of preprocessor bound-tightening loop iterations: 3
	Number of eliminated variables: 122
	Number of constraints removed due to variable elimination: 122
	Number of equations removed due to variable elimination: 0
	--- Engine Statistics ---
	Number of main loop iterations: 60000
		59039 iterations were simplex steps. Total time: 79746 milli. Average: 1.35 milli.
		0 iterations were constraint-fixing steps. Total time: 0 milli. Average: 0.00 milli
	Number of active piecewise-linear constraints: 119 / 134
		Constraints disabled by valid splits: 0. By SMT-originated splits: 15
	Last reported degradation: 0.0000000000. Max degradation so far: 0.0310435975. Restorations so far: 0
	Number of simplex pivots we attempted to skip because of instability: 2.
	Unstable pivots performed anyway: 0
	--- Tableau Statistics ---
	Total number of pivots performed: 53470
		Real pivots: 53400. Degenerate: 70 (0.13%)
		Degenerate pivots by request (e.g., to fix a PL constraint): 0 (0.00%)
		Average time per pivot: 0.25 milli
	Total number of fake pivots performed: 1407
	Total number of rows added: 0. Number of merged columns: 0
	Current tableau dimensions: M = 705, N = 2056
	--- SMT Core Statistics ---
	Total depth is 15. Total visited states: 664. Number of splits: 338. Number of pops: 325
	Max stack depth: 37
	--- Bound Tightening Statistics ---
	Number of tightened bounds: 109450.
		Number of rows examined by row tightener: 53470. Consequent tightenings: 1199
		Number of explicit basis matrices examined by row tightener: 211. Consequent tightenings: 3342
		Number of bound tightening rounds on the entire constraint matrix: 0. Consequent tightenings: 0
		Number of bound notifications sent to PL constraints: 6302. Tightenings proposed: 0
	--- Basis Factorization statistics ---
	Number of basis refactorizations: 480
	--- Projected Steepest Edge Statistics ---
	Number of iterations: 54879.
	Number of resets to reference space: 352. Avg. iterations per reset: 155
	--- SBT ---
	Number of tightened bounds: 109835
	--- SoI-based local search ---
	Number of proposed phase pattern update: 1711. Number of accepted update: 1373 [80.25%]
	Total time (% of local search time) updating SoI phase pattern : 125359 milli [0.26%]
	Total time obtaining current assignment: 437671 milli [0.92%]
	Total time getting SoI phase pattern : 73381 milli [0.05%]
	--- Context dependent statistics ---
	Number of pushes / pops: 663 / 648
		[0.02%] Pre-Push hook: 27 milli
		[0.00%] Push : 0 milli
		[0.02%] Post-Pop hook: 25 milli
		[0.01%] Pop : 14 milli
		[0.05%] Total context-switching time: 68 milli
	--- Proof Certificate ---
	Number of certified leaves: 0
	Number of leaves to delegate: 0

00:07:39 Statistics update:
	--- Time Statistics ---
	Total time elapsed: 172563 milli (00:02:52)
		Main loop: 172025 milli (00:02:52)
		Preprocessing time: 189 milli (00:00:00)
		Unknown: 348 milli (00:00:00)
	Breakdown for main loop:
		[53.85%] Simplex steps: 92636 milli
		[38.52%] Explicit-basis bound tightening: 66257 milli
		[0.00%] Constraint-matrix bound tightening: 0 milli
		[0.95%] Degradation checking: 1636 milli
		[0.00%] Precision restoration: 0 milli
		[0.09%] Statistics handling: 148 milli
		[0.00%] Constraint-fixing steps: 0 milli
		[0.00%] Valid case splits: 7 milli. Average per split: 0.00 milli
		[0.00%] Applying stored bound-tightening: 4 milli
		[0.30%] SMT core: 516 milli
		[3.84%] Symbolic Bound Tightening: 6606 milli
		[30.75%] SoI-based local search: 52891 milli
		[0.00%] SoI-based local search: 0 milli
		[2.45%] Unaccounted for: 4210 milli
	--- Preprocessor Statistics ---
	Number of preprocessor bound-tightening loop iterations: 3
	Number of eliminated variables: 122
	Number of constraints removed due to variable elimination: 122
	Number of equations removed due to variable elimination: 0
	--- Engine Statistics ---
	Number of main loop iterations: 70000
		68894 iterations were simplex steps. Total time: 92636 milli. Average: 1.34 milli.
		0 iterations were constraint-fixing steps. Total time: 0 milli. Average: 0.00 milli
	Number of active piecewise-linear constraints: 120 / 134
		Constraints disabled by valid splits: 0. By SMT-originated splits: 14
	Last reported degradation: 0.0000000285. Max degradation so far: 0.0310435975. Restorations so far: 0
	Number of simplex pivots we attempted to skip because of instability: 2.
	Unstable pivots performed anyway: 0
	--- Tableau Statistics ---
	Total number of pivots performed: 62337
		Real pivots: 62260. Degenerate: 77 (0.12%)
		Degenerate pivots by request (e.g., to fix a PL constraint): 0 (0.00%)
		Average time per pivot: 0.25 milli
	Total number of fake pivots performed: 1666
	Total number of rows added: 0. Number of merged columns: 0
	Current tableau dimensions: M = 705, N = 2056
	--- SMT Core Statistics ---
	Total depth is 14. Total visited states: 769. Number of splits: 390. Number of pops: 378
	Max stack depth: 37
	--- Bound Tightening Statistics ---
	Number of tightened bounds: 128497.
		Number of rows examined by row tightener: 62337. Consequent tightenings: 1390
		Number of explicit basis matrices examined by row tightener: 278. Consequent tightenings: 8730
		Number of bound tightening rounds on the entire constraint matrix: 0. Consequent tightenings: 0
		Number of bound notifications sent to PL constraints: 9492. Tightenings proposed: 0
	--- Basis Factorization statistics ---
	Number of basis refactorizations: 559
	--- Projected Steepest Edge Statistics ---
	Number of iterations: 64005.
	Number of resets to reference space: 407. Avg. iterations per reset: 157
	--- SBT ---
	Number of tightened bounds: 128882
	--- SoI-based local search ---
	Number of proposed phase pattern update: 2012. Number of accepted update: 1622 [80.62%]
	Total time (% of local search time) updating SoI phase pattern : 144972 milli [0.27%]
	Total time obtaining current assignment: 513190 milli [0.97%]
	Total time getting SoI phase pattern : 86133 milli [0.05%]
	--- Context dependent statistics ---
	Number of pushes / pops: 768 / 754
		[0.02%] Pre-Push hook: 32 milli
		[0.00%] Push : 0 milli
		[0.02%] Post-Pop hook: 30 milli
		[0.01%] Pop : 18 milli
		[0.05%] Total context-switching time: 81 milli
	--- Proof Certificate ---
	Number of certified leaves: 0
	Number of leaves to delegate: 0

00:08:00 Statistics update:
	--- Time Statistics ---
	Total time elapsed: 194163 milli (00:03:14)
		Main loop: 193309 milli (00:03:13)
		Preprocessing time: 189 milli (00:00:00)
		Unknown: 663 milli (00:00:00)
	Breakdown for main loop:
		[55.00%] Simplex steps: 106314 milli
		[37.64%] Explicit-basis bound tightening: 72761 milli
		[0.00%] Constraint-matrix bound tightening: 0 milli
		[0.97%] Degradation checking: 1871 milli
		[0.00%] Precision restoration: 0 milli
		[0.09%] Statistics handling: 169 milli
		[0.00%] Constraint-fixing steps: 0 milli
		[0.00%] Valid case splits: 8 milli. Average per split: 0.00 milli
		[0.00%] Applying stored bound-tightening: 5 milli
		[0.30%] SMT core: 587 milli
		[3.89%] Symbolic Bound Tightening: 7523 milli
		[32.12%] SoI-based local search: 62082 milli
		[0.00%] SoI-based local search: 0 milli
		[2.10%] Unaccounted for: 4067 milli
	--- Preprocessor Statistics ---
	Number of preprocessor bound-tightening loop iterations: 3
	Number of eliminated variables: 122
	Number of constraints removed due to variable elimination: 122
	Number of equations removed due to variable elimination: 0
	--- Engine Statistics ---
	Number of main loop iterations: 80000
		78735 iterations were simplex steps. Total time: 106314 milli. Average: 1.35 milli.
		0 iterations were constraint-fixing steps. Total time: 0 milli. Average: 0.00 milli
	Number of active piecewise-linear constraints: 117 / 134
		Constraints disabled by valid splits: 0. By SMT-originated splits: 17
	Last reported degradation: 0.0000000000. Max degradation so far: 0.0310435975. Restorations so far: 0
	Number of simplex pivots we attempted to skip because of instability: 2.
	Unstable pivots performed anyway: 0
	--- Tableau Statistics ---
	Total number of pivots performed: 71360
		Real pivots: 71273. Degenerate: 87 (0.12%)
		Degenerate pivots by request (e.g., to fix a PL constraint): 0 (0.00%)
		Average time per pivot: 0.25 milli
	Total number of fake pivots performed: 1801
	Total number of rows added: 0. Number of merged columns: 0
	Current tableau dimensions: M = 705, N = 2056
	--- SMT Core Statistics ---
	Total depth is 17. Total visited states: 876. Number of splits: 445. Number of pops: 430
	Max stack depth: 37
	--- Bound Tightening Statistics ---
	Number of tightened bounds: 146213.
		Number of rows examined by row tightener: 71360. Consequent tightenings: 1464
		Number of explicit basis matrices examined by row tightener: 304. Consequent tightenings: 8765
		Number of bound tightening rounds on the entire constraint matrix: 0. Consequent tightenings: 0
		Number of bound notifications sent to PL constraints: 9731. Tightenings proposed: 0
	--- Basis Factorization statistics ---
	Number of basis refactorizations: 640
	--- Projected Steepest Edge Statistics ---
	Number of iterations: 73163.
	Number of resets to reference space: 461. Avg. iterations per reset: 158
	--- SBT ---
	Number of tightened bounds: 146598
	--- SoI-based local search ---
	Number of proposed phase pattern update: 2298. Number of accepted update: 1853 [80.64%]
	Total time (% of local search time) updating SoI phase pattern : 165392 milli [0.27%]
	Total time obtaining current assignment: 590462 milli [0.95%]
	Total time getting SoI phase pattern : 99093 milli [0.05%]
	--- Context dependent statistics ---
	Number of pushes / pops: 875 / 858
		[0.02%] Pre-Push hook: 36 milli
		[0.00%] Push : 0 milli
		[0.02%] Post-Pop hook: 34 milli
		[0.01%] Pop : 20 milli
		[0.05%] Total context-switching time: 91 milli
	--- Proof Certificate ---
	Number of certified leaves: 0
	Number of leaves to delegate: 0

00:08:28 Statistics update:
	--- Time Statistics ---
	Total time elapsed: 221610 milli (00:03:41)
		Main loop: 221058 milli (00:03:41)
		Preprocessing time: 189 milli (00:00:00)
		Unknown: 362 milli (00:00:00)
	Breakdown for main loop:
		[54.01%] Simplex steps: 119392 milli
		[38.49%] Explicit-basis bound tightening: 85081 milli
		[0.00%] Constraint-matrix bound tightening: 0 milli
		[0.95%] Degradation checking: 2103 milli
		[0.00%] Precision restoration: 0 milli
		[0.09%] Statistics handling: 191 milli
		[0.00%] Constraint-fixing steps: 0 milli
		[0.00%] Valid case splits: 9 milli. Average per split: 0.00 milli
		[0.00%] Applying stored bound-tightening: 5 milli
		[0.30%] SMT core: 655 milli
		[3.78%] Symbolic Bound Tightening: 8360 milli
		[30.85%] SoI-based local search: 68197 milli
		[0.00%] SoI-based local search: 0 milli
		[2.38%] Unaccounted for: 5257 milli
	--- Preprocessor Statistics ---
	Number of preprocessor bound-tightening loop iterations: 3
	Number of eliminated variables: 122
	Number of constraints removed due to variable elimination: 122
	Number of equations removed due to variable elimination: 0
	--- Engine Statistics ---
	Number of main loop iterations: 90000
		88602 iterations were simplex steps. Total time: 119392 milli. Average: 1.35 milli.
		0 iterations were constraint-fixing steps. Total time: 0 milli. Average: 0.00 milli
	Number of active piecewise-linear constraints: 119 / 134
		Constraints disabled by valid splits: 0. By SMT-originated splits: 15
	Last reported degradation: 0.0000000000. Max degradation so far: 0.0310435975. Restorations so far: 0
	Number of simplex pivots we attempted to skip because of instability: 2.
	Unstable pivots performed anyway: 0
	--- Tableau Statistics ---
	Total number of pivots performed: 80271
		Real pivots: 80182. Degenerate: 89 (0.11%)
		Degenerate pivots by request (e.g., to fix a PL constraint): 0 (0.00%)
		Average time per pivot: 0.25 milli
	Total number of fake pivots performed: 2092
	Total number of rows added: 0. Number of merged columns: 0
	Current tableau dimensions: M = 705, N = 2056
	--- SMT Core Statistics ---
	Total depth is 15. Total visited states: 974. Number of splits: 493. Number of pops: 480
	Max stack depth: 37
	--- Bound Tightening Statistics ---
	Number of tightened bounds: 161268.
		Number of rows examined by row tightener: 80271. Consequent tightenings: 1854
		Number of explicit basis matrices examined by row tightener: 356. Consequent tightenings: 9685
		Number of bound tightening rounds on the entire constraint matrix: 0. Consequent tightenings: 0
		Number of bound notifications sent to PL constraints: 10637. Tightenings proposed: 0
	--- Basis Factorization statistics ---
	Number of basis refactorizations: 719
	--- Projected Steepest Edge Statistics ---
	Number of iterations: 82365.
	Number of resets to reference space: 514. Avg. iterations per reset: 160
	--- SBT ---
	Number of tightened bounds: 161653
	--- SoI-based local search ---
	Number of proposed phase pattern update: 2570. Number of accepted update: 2077 [80.82%]
	Total time (% of local search time) updating SoI phase pattern : 183446 milli [0.27%]
	Total time obtaining current assignment: 659493 milli [0.97%]
	Total time getting SoI phase pattern : 110947 milli [0.05%]
	--- Context dependent statistics ---
	Number of pushes / pops: 973 / 958
		[0.02%] Pre-Push hook: 40 milli
		[0.00%] Push : 0 milli
		[0.02%] Post-Pop hook: 37 milli
		[0.01%] Pop : 23 milli
		[0.05%] Total context-switching time: 101 milli
	--- Proof Certificate ---
	Number of certified leaves: 0
	Number of leaves to delegate: 0

00:08:51 Statistics update:
	--- Time Statistics ---
	Total time elapsed: 244572 milli (00:04:04)
		Main loop: 244080 milli (00:04:04)
		Preprocessing time: 189 milli (00:00:00)
		Unknown: 302 milli (00:00:00)
	Breakdown for main loop:
		[54.44%] Simplex steps: 132875 milli
		[38.05%] Explicit-basis bound tightening: 92870 milli
		[0.00%] Constraint-matrix bound tightening: 0 milli
		[0.96%] Degradation checking: 2337 milli
		[0.00%] Precision restoration: 0 milli
		[0.09%] Statistics handling: 212 milli
		[0.00%] Constraint-fixing steps: 0 milli
		[0.00%] Valid case splits: 10 milli. Average per split: 0.00 milli
		[0.00%] Applying stored bound-tightening: 6 milli
		[0.30%] SMT core: 728 milli
		[3.81%] Symbolic Bound Tightening: 9299 milli
		[31.37%] SoI-based local search: 76567 milli
		[0.00%] SoI-based local search: 0 milli
		[2.35%] Unaccounted for: 5738 milli
	--- Preprocessor Statistics ---
	Number of preprocessor bound-tightening loop iterations: 3
	Number of eliminated variables: 122
	Number of constraints removed due to variable elimination: 122
	Number of equations removed due to variable elimination: 0
	--- Engine Statistics ---
	Number of main loop iterations: 100000
		98443 iterations were simplex steps. Total time: 132875 milli. Average: 1.35 milli.
		0 iterations were constraint-fixing steps. Total time: 0 milli. Average: 0.00 milli
	Number of active piecewise-linear constraints: 116 / 134
		Constraints disabled by valid splits: 0. By SMT-originated splits: 18
	Last reported degradation: 0.0000000000. Max degradation so far: 0.0310435975. Restorations so far: 0
	Number of simplex pivots we attempted to skip because of instability: 2.
	Unstable pivots performed anyway: 0
	--- Tableau Statistics ---
	Total number of pivots performed: 89187
		Real pivots: 89092. Degenerate: 95 (0.11%)
		Degenerate pivots by request (e.g., to fix a PL constraint): 0 (0.00%)
		Average time per pivot: 0.25 milli
	Total number of fake pivots performed: 2228
	Total number of rows added: 0. Number of merged columns: 0
	Current tableau dimensions: M = 705, N = 2056
	--- SMT Core Statistics ---
	Total depth is 18. Total visited states: 1084. Number of splits: 549. Number of pops: 534
	Max stack depth: 37
	--- Bound Tightening Statistics ---
	Number of tightened bounds: 178857.
		Number of rows examined by row tightener: 89187. Consequent tightenings: 1937
		Number of explicit basis matrices examined by row tightener: 388. Consequent tightenings: 9876
		Number of bound tightening rounds on the entire constraint matrix: 0. Consequent tightenings: 0
		Number of bound notifications sent to PL constraints: 10967. Tightenings proposed: 0
	--- Basis Factorization statistics ---
	Number of basis refactorizations: 800
	--- Projected Steepest Edge Statistics ---
	Number of iterations: 91417.
	Number of resets to reference space: 574. Avg. iterations per reset: 159
	--- SBT ---
	Number of tightened bounds: 179242
	--- SoI-based local search ---
	Number of proposed phase pattern update: 2905. Number of accepted update: 2356 [81.10%]
	Total time (% of local search time) updating SoI phase pattern : 203832 milli [0.27%]
	Total time obtaining current assignment: 744905 milli [0.97%]
	Total time getting SoI phase pattern : 125596 milli [0.05%]
	--- Context dependent statistics ---
	Number of pushes / pops: 1083 / 1065
		[0.02%] Pre-Push hook: 44 milli
		[0.00%] Push : 0 milli
		[0.02%] Post-Pop hook: 42 milli
		[0.01%] Pop : 25 milli
		[0.05%] Total context-switching time: 112 milli
	--- Proof Certificate ---
	Number of certified leaves: 0
	Number of leaves to delegate: 0

00:09:20 Statistics update:
	--- Time Statistics ---
	Total time elapsed: 273455 milli (00:04:33)
		Main loop: 272327 milli (00:04:32)
		Preprocessing time: 189 milli (00:00:00)
		Unknown: 938 milli (00:00:00)
	Breakdown for main loop:
		[53.64%] Simplex steps: 146084 milli
		[38.90%] Explicit-basis bound tightening: 105926 milli
		[0.00%] Constraint-matrix bound tightening: 0 milli
		[0.94%] Degradation checking: 2569 milli
		[0.00%] Precision restoration: 0 milli
		[0.09%] Statistics handling: 232 milli
		[0.00%] Constraint-fixing steps: 0 milli
		[0.00%] Valid case splits: 11 milli. Average per split: 0.00 milli
		[0.00%] Applying stored bound-tightening: 7 milli
		[0.29%] SMT core: 794 milli
		[3.68%] Symbolic Bound Tightening: 10034 milli
		[29.86%] SoI-based local search: 81322 milli
		[0.00%] SoI-based local search: 0 milli
		[2.45%] Unaccounted for: 6667 milli
	--- Preprocessor Statistics ---
	Number of preprocessor bound-tightening loop iterations: 3
	Number of eliminated variables: 122
	Number of constraints removed due to variable elimination: 122
	Number of equations removed due to variable elimination: 0
	--- Engine Statistics ---
	Number of main loop iterations: 110000
		108338 iterations were simplex steps. Total time: 146084 milli. Average: 1.35 milli.
		0 iterations were constraint-fixing steps. Total time: 0 milli. Average: 0.00 milli
	Number of active piecewise-linear constraints: 126 / 134
		Constraints disabled by valid splits: 0. By SMT-originated splits: 8
	Last reported degradation: 0.0000210098. Max degradation so far: 0.0310435975. Restorations so far: 0
	Number of simplex pivots we attempted to skip because of instability: 2.
	Unstable pivots performed anyway: 0
	--- Tableau Statistics ---
	Total number of pivots performed: 98404
		Real pivots: 98302. Degenerate: 102 (0.10%)
		Degenerate pivots by request (e.g., to fix a PL constraint): 0 (0.00%)
		Average time per pivot: 0.25 milli
	Total number of fake pivots performed: 2463
	Total number of rows added: 0. Number of merged columns: 0
	Current tableau dimensions: M = 705, N = 2056
	--- SMT Core Statistics ---
	Total depth is 8. Total visited states: 1170. Number of splits: 588. Number of pops: 581
	Max stack depth: 37
	--- Bound Tightening Statistics ---
	Number of tightened bounds: 191945.
		Number of rows examined by row tightener: 98404. Consequent tightenings: 2075
		Number of explicit basis matrices examined by row tightener: 446. Consequent tightenings: 10461
		Number of bound tightening rounds on the entire constraint matrix: 0. Consequent tightenings: 0
		Number of bound notifications sent to PL constraints: 11514. Tightenings proposed: 0
	--- Basis Factorization statistics ---
	Number of basis refactorizations: 883
	--- Projected Steepest Edge Statistics ---
	Number of iterations: 100869.
	Number of resets to reference space: 624. Avg. iterations per reset: 161
	--- SBT ---
	Number of tightened bounds: 192330
	--- SoI-based local search ---
	Number of proposed phase pattern update: 3067. Number of accepted update: 2479 [80.83%]
	Total time (% of local search time) updating SoI phase pattern : 218376 milli [0.27%]
	Total time obtaining current assignment: 789054 milli [0.97%]
	Total time getting SoI phase pattern : 133328 milli [0.05%]
	--- Context dependent statistics ---
	Number of pushes / pops: 1169 / 1161
		[0.02%] Pre-Push hook: 47 milli
		[0.00%] Push : 0 milli
		[0.02%] Post-Pop hook: 45 milli
		[0.01%] Pop : 28 milli
		[0.04%] Total context-switching time: 121 milli
	--- Proof Certificate ---
	Number of certified leaves: 0
	Number of leaves to delegate: 0

00:09:41 Statistics update:
	--- Time Statistics ---
	Total time elapsed: 294751 milli (00:04:54)
		Main loop: 294255 milli (00:04:54)
		Preprocessing time: 189 milli (00:00:00)
		Unknown: 306 milli (00:00:00)
	Breakdown for main loop:
		[53.92%] Simplex steps: 158647 milli
		[38.51%] Explicit-basis bound tightening: 113303 milli
		[0.00%] Constraint-matrix bound tightening: 0 milli
		[0.95%] Degradation checking: 2799 milli
		[0.00%] Precision restoration: 0 milli
		[0.08%] Statistics handling: 244 milli
		[0.00%] Constraint-fixing steps: 0 milli
		[0.00%] Valid case splits: 12 milli. Average per split: 0.00 milli
		[0.00%] Applying stored bound-tightening: 7 milli
		[0.29%] SMT core: 855 milli
		[3.71%] Symbolic Bound Tightening: 10904 milli
		[30.73%] SoI-based local search: 90437 milli
		[0.00%] SoI-based local search: 0 milli
		[2.54%] Unaccounted for: 7480 milli
	--- Preprocessor Statistics ---
	Number of preprocessor bound-tightening loop iterations: 3
	Number of eliminated variables: 122
	Number of constraints removed due to variable elimination: 122
	Number of equations removed due to variable elimination: 0
	--- Engine Statistics ---
	Number of main loop iterations: 120000
		118184 iterations were simplex steps. Total time: 158647 milli. Average: 1.34 milli.
		0 iterations were constraint-fixing steps. Total time: 0 milli. Average: 0.00 milli
	Number of active piecewise-linear constraints: 112 / 134
		Constraints disabled by valid splits: 0. By SMT-originated splits: 22
	Last reported degradation: 0.0000000000. Max degradation so far: 0.0310435975. Restorations so far: 0
	Number of simplex pivots we attempted to skip because of instability: 2.
	Unstable pivots performed anyway: 0
	--- Tableau Statistics ---
	Total number of pivots performed: 107097
		Real pivots: 106983. Degenerate: 114 (0.11%)
		Degenerate pivots by request (e.g., to fix a PL constraint): 0 (0.00%)
		Average time per pivot: 0.25 milli
	Total number of fake pivots performed: 2821
	Total number of rows added: 0. Number of merged columns: 0
	Current tableau dimensions: M = 705, N = 2056
	--- SMT Core Statistics ---
	Total depth is 22. Total visited states: 1272. Number of splits: 645. Number of pops: 626
	Max stack depth: 37
	--- Bound Tightening Statistics ---
	Number of tightened bounds: 209250.
		Number of rows examined by row tightener: 107097. Consequent tightenings: 2126
		Number of explicit basis matrices examined by row tightener: 476. Consequent tightenings: 10631
		Number of bound tightening rounds on the entire constraint matrix: 0. Consequent tightenings: 0
		Number of bound notifications sent to PL constraints: 11810. Tightenings proposed: 0
	--- Basis Factorization statistics ---
	Number of basis refactorizations: 958
	--- Projected Steepest Edge Statistics ---
	Number of iterations: 109920.
	Number of resets to reference space: 676. Avg. iterations per reset: 162
	--- SBT ---
	Number of tightened bounds: 209635
	--- SoI-based local search ---
	Number of proposed phase pattern update: 3406. Number of accepted update: 2761 [81.06%]
	Total time (% of local search time) updating SoI phase pattern : 238518 milli [0.26%]
	Total time obtaining current assignment: 873735 milli [0.97%]
	Total time getting SoI phase pattern : 147452 milli [0.05%]
	--- Context dependent statistics ---
	Number of pushes / pops: 1271 / 1249
		[0.02%] Pre-Push hook: 51 milli
		[0.00%] Push : 0 milli
		[0.02%] Post-Pop hook: 48 milli
		[0.01%] Pop : 30 milli
		[0.04%] Total context-switching time: 130 milli
	--- Proof Certificate ---
	Number of certified leaves: 0
	Number of leaves to delegate: 0


Engine: quitting due to timeout...

Final statistics:

00:09:47 Statistics update:
	--- Time Statistics ---
	Total time elapsed: 301081 milli (00:05:01)
		Main loop: 300585 milli (00:05:00)
		Preprocessing time: 189 milli (00:00:00)
		Unknown: 307 milli (00:00:00)
	Breakdown for main loop:
		[53.78%] Simplex steps: 161660 milli
		[38.59%] Explicit-basis bound tightening: 116002 milli
		[0.00%] Constraint-matrix bound tightening: 0 milli
		[0.95%] Degradation checking: 2859 milli
		[0.00%] Precision restoration: 0 milli
		[0.08%] Statistics handling: 247 milli
		[0.00%] Constraint-fixing steps: 0 milli
		[0.00%] Valid case splits: 12 milli. Average per split: 0.00 milli
		[0.00%] Applying stored bound-tightening: 8 milli
		[0.29%] SMT core: 873 milli
		[3.71%] Symbolic Bound Tightening: 11151 milli
		[30.58%] SoI-based local search: 91916 milli
		[0.00%] SoI-based local search: 0 milli
		[2.58%] Unaccounted for: 7769 milli
	--- Preprocessor Statistics ---
	Number of preprocessor bound-tightening loop iterations: 3
	Number of eliminated variables: 122
	Number of constraints removed due to variable elimination: 122
	Number of equations removed due to variable elimination: 0
	--- Engine Statistics ---
	Number of main loop iterations: 122512
		120656 iterations were simplex steps. Total time: 161660 milli. Average: 1.34 milli.
		0 iterations were constraint-fixing steps. Total time: 0 milli. Average: 0.00 milli
	Number of active piecewise-linear constraints: 111 / 134
		Constraints disabled by valid splits: 0. By SMT-originated splits: 23
	Last reported degradation: 0.0000000000. Max degradation so far: 0.0310435975. Restorations so far: 0
	Number of simplex pivots we attempted to skip because of instability: 7.
	Unstable pivots performed anyway: 0
	--- Tableau Statistics ---
	Total number of pivots performed: 109280
		Real pivots: 109164. Degenerate: 116 (0.11%)
		Degenerate pivots by request (e.g., to fix a PL constraint): 0 (0.00%)
		Average time per pivot: 0.25 milli
	Total number of fake pivots performed: 2948
	Total number of rows added: 0. Number of merged columns: 0
	Current tableau dimensions: M = 705, N = 2056
	--- SMT Core Statistics ---
	Total depth is 23. Total visited states: 1301. Number of splits: 660. Number of pops: 640
	Max stack depth: 37
	--- Bound Tightening Statistics ---
	Number of tightened bounds: 213505.
		Number of rows examined by row tightener: 109280. Consequent tightenings: 2170
		Number of explicit basis matrices examined by row tightener: 488. Consequent tightenings: 10701
		Number of bound tightening rounds on the entire constraint matrix: 0. Consequent tightenings: 0
		Number of bound notifications sent to PL constraints: 11924. Tightenings proposed: 0
	--- Basis Factorization statistics ---
	Number of basis refactorizations: 978
	--- Projected Steepest Edge Statistics ---
	Number of iterations: 112235.
	Number of resets to reference space: 690. Avg. iterations per reset: 162
	--- SBT ---
	Number of tightened bounds: 213890
	--- SoI-based local search ---
	Number of proposed phase pattern update: 3469. Number of accepted update: 2809 [80.97%]
	Total time (% of local search time) updating SoI phase pattern : 243884 milli [0.27%]
	Total time obtaining current assignment: 889711 milli [0.97%]
	Total time getting SoI phase pattern : 150224 milli [0.05%]
	--- Context dependent statistics ---
	Number of pushes / pops: 1300 / 1277
		[0.02%] Pre-Push hook: 52 milli
		[0.00%] Push : 0 milli
		[0.02%] Post-Pop hook: 49 milli
		[0.01%] Pop : 30 milli
		[0.04%] Total context-switching time: 133 milli
	--- Proof Certificate ---
	Number of certified leaves: 0
	Number of leaves to delegate: 0
Timeout
