InputQuery: /home/levn/Workspace/othello_world/queries/probe_robust/group_3/game_75_target_33_eps_0.1.txt
Engine::processInputQuery: Input query (before preprocessing): 449 equations, 1216 variables
Engine::processInputQuery: Input query (after preprocessing): 705 equations, 1325 variables

Input bounds:
	x0: [  2.0578,   2.2578] 
	x1: [ -1.5073,  -1.3073] 
	x2: [ -1.4728,  -1.2728] 
	x3: [ -0.3330,  -0.1330] 
	x4: [  1.6236,   1.8236] 
	x5: [ -2.3345,  -2.1345] 
	x6: [  0.6192,   0.8192] 
	x7: [ -0.9995,  -0.7995] 
	x8: [ -1.0833,  -0.8833] 
	x9: [ -0.3470,  -0.1470] 
	x10: [  1.8913,   2.0913] 
	x11: [  1.8382,   2.0382] 
	x12: [ -0.8877,  -0.6877] 
	x13: [ -0.2263,  -0.0263] 
	x14: [  1.1436,   1.3436] 
	x15: [ -0.3916,  -0.1916] 
	x16: [ -0.1853,   0.0147] 
	x17: [  0.9940,   1.1940] 
	x18: [ -2.3240,  -2.1240] 
	x19: [ -0.7886,  -0.5886] 
	x20: [  2.9224,   3.1224] 
	x21: [ -0.6186,  -0.4186] 
	x22: [  0.5823,   0.7823] 
	x23: [ -0.5601,  -0.3601] 
	x24: [ -2.4592,  -2.2592] 
	x25: [ -0.7494,  -0.5494] 
	x26: [ -0.6878,  -0.4878] 
	x27: [  1.5514,   1.7514] 
	x28: [  2.4867,   2.6867] 
	x29: [  1.2831,   1.4831] 
	x30: [  2.4730,   2.6730] 
	x31: [ -0.1760,   0.0240] 
	x32: [  0.1792,   0.3792] 
	x33: [  1.6181,   1.8181] 
	x34: [ -0.3375,  -0.1375] 
	x35: [ -1.3144,  -1.1144] 
	x36: [ -1.5150,  -1.3150] 
	x37: [ -0.6191,  -0.4191] 
	x38: [ -0.9772,  -0.7772] 
	x39: [ -1.7338,  -1.5338] 
	x40: [ -0.3029,  -0.1029] 
	x41: [ -1.4502,  -1.2502] 
	x42: [ -1.6361,  -1.4361] 
	x43: [  0.7949,   0.9949] 
	x44: [ -2.5869,  -2.3869] 
	x45: [ -1.8829,  -1.6829] 
	x46: [ -0.5363,  -0.3363] 
	x47: [ -2.3919,  -2.1919] 
	x48: [  0.2853,   0.4853] 
	x49: [  1.0251,   1.2251] 
	x50: [ -0.3390,  -0.1390] 
	x51: [ -0.8093,  -0.6093] 
	x52: [  0.4943,   0.6943] 
	x53: [  0.6747,   0.8747] 
	x54: [ -2.6736,  -2.4736] 
	x55: [  0.6523,   0.8523] 
	x56: [ -0.1923,   0.0077] 
	x57: [  0.9022,   1.1022] 
	x58: [ -0.2959,  -0.0959] 
	x59: [  2.5986,   2.7986] 
	x60: [  1.9857,   2.1857] 
	x61: [ -2.0696,  -1.8696] 
	x62: [  1.5193,   1.7193] 
	x63: [  1.4246,   1.6246] 
	x64: [  1.5027,   1.7027] 
	x65: [ -0.9763,  -0.7763] 
	x66: [ -1.4538,  -1.2538] 
	x67: [  0.0102,   0.2102] 
	x68: [ -0.8842,  -0.6842] 
	x69: [  0.0594,   0.2594] 
	x70: [  0.1486,   0.3486] 
	x71: [ -0.8009,  -0.6009] 
	x72: [ -0.6359,  -0.4359] 
	x73: [ -1.6145,  -1.4145] 
	x74: [  1.0022,   1.2022] 
	x75: [ -1.5035,  -1.3035] 
	x76: [  1.9030,   2.1030] 
	x77: [ -0.5706,  -0.3706] 
	x78: [ -2.5532,  -2.3532] 
	x79: [ -0.8088,  -0.6088] 
	x80: [  0.8807,   1.0807] 
	x81: [  1.3083,   1.5083] 
	x82: [  0.4466,   0.6466] 
	x83: [ -2.7807,  -2.5807] 
	x84: [ -0.3676,  -0.1676] 
	x85: [ -0.9952,  -0.7952] 
	x86: [ -1.1856,  -0.9856] 
	x87: [ -0.6784,  -0.4784] 
	x88: [ -0.9272,  -0.7272] 
	x89: [  1.6446,   1.8446] 
	x90: [ -2.0226,  -1.8226] 
	x91: [ -0.0681,   0.1319] 
	x92: [  0.1176,   0.3176] 
	x93: [  1.4909,   1.6909] 
	x94: [ -0.9498,  -0.7498] 
	x95: [  1.4133,   1.6133] 
	x96: [  1.7509,   1.9509] 
	x97: [ -0.5148,  -0.3148] 
	x98: [ -0.1625,   0.0375] 
	x99: [ -1.8448,  -1.6448] 
	x100: [  0.9705,   1.1705] 
	x101: [ -0.0336,   0.1664] 
	x102: [  1.0530,   1.2530] 
	x103: [ -1.4810,  -1.2810] 
	x104: [  1.7687,   1.9687] 
	x105: [ -4.9756,  -4.7756] 
	x106: [ -2.2518,  -2.0518] 
	x107: [ -2.6820,  -2.4820] 
	x108: [ -2.1261,  -1.9261] 
	x109: [ -0.6547,  -0.4547] 
	x110: [ -0.9767,  -0.7767] 
	x111: [ -0.1978,   0.0022] 
	x112: [  0.0760,   0.2760] 
	x113: [  0.7246,   0.9246] 
	x114: [  3.5151,   3.7151] 
	x115: [ -0.2949,  -0.0949] 
	x116: [ -0.9752,  -0.7752] 
	x117: [  0.1360,   0.3360] 
	x118: [ -0.1473,   0.0527] 
	x119: [  0.0348,   0.2348] 
	x120: [  1.1346,   1.3346] 
	x121: [  0.7573,   0.9573] 
	x122: [  1.5574,   1.7574] 
	x123: [ -1.4936,  -1.2936] 
	x124: [ -1.6133,  -1.4133] 
	x125: [ -2.8286,  -2.6286] 
	x126: [  0.1642,   0.3642] 
	x127: [ -1.3209,  -1.1209] 
	x128: [  0.8604,   1.0604] 
	x129: [ -3.7548,  -3.5548] 
	x130: [ -1.7526,  -1.5526] 
	x131: [  1.5129,   1.7129] 
	x132: [ -1.1765,  -0.9765] 
	x133: [ -0.8254,  -0.6254] 
	x134: [ -0.7908,  -0.5908] 
	x135: [ -0.6050,  -0.4050] 
	x136: [ -1.3694,  -1.1694] 
	x137: [ -0.0600,   0.1400] 
	x138: [ -3.6433,  -3.4433] 
	x139: [ -0.6367,  -0.4367] 
	x140: [  2.0185,   2.2185] 
	x141: [  3.1534,   3.3534] 
	x142: [ -1.2549,  -1.0549] 
	x143: [ -1.6864,  -1.4864] 
	x144: [ -0.1609,   0.0391] 
	x145: [ -0.2930,  -0.0930] 
	x146: [ -0.9782,  -0.7782] 
	x147: [ -0.6332,  -0.4332] 
	x148: [ -1.4803,  -1.2803] 
	x149: [ -0.8686,  -0.6686] 
	x150: [  0.1766,   0.3766] 
	x151: [  0.9914,   1.1914] 
	x152: [  0.9914,   1.1914] 
	x153: [ -0.9025,  -0.7025] 
	x154: [  1.1019,   1.3019] 
	x155: [  0.7843,   0.9843] 
	x156: [ -1.0854,  -0.8854] 
	x157: [ -0.6707,  -0.4707] 
	x158: [ -2.2651,  -2.0651] 
	x159: [  0.0041,   0.2041] 
	x160: [ -1.3703,  -1.1703] 
	x161: [  1.8251,   2.0251] 
	x162: [  1.3202,   1.5202] 
	x163: [  0.1772,   0.3772] 
	x164: [  0.1040,   0.3040] 
	x165: [ -0.8976,  -0.6976] 
	x166: [ -0.5160,  -0.3160] 
	x167: [  3.3771,   3.5771] 
	x168: [  4.2714,   4.4714] 
	x169: [ -3.9604,  -3.7604] 
	x170: [ -2.4292,  -2.2292] 
	x171: [  0.4810,   0.6810] 
	x172: [  3.3427,   3.5427] 
	x173: [ -0.9491,  -0.7491] 
	x174: [  0.1237,   0.3237] 
	x175: [  0.4857,   0.6857] 
	x176: [ -0.5314,  -0.3314] 
	x177: [  1.0440,   1.2440] 
	x178: [  0.2496,   0.4496] 
	x179: [ -0.8861,  -0.6861] 
	x180: [  0.1436,   0.3436] 
	x181: [ -1.6933,  -1.4933] 
	x182: [  0.4671,   0.6671] 
	x183: [ -3.2541,  -3.0541] 
	x184: [ -0.5863,  -0.3863] 
	x185: [ -0.6181,  -0.4181] 
	x186: [  1.6243,   1.8243] 
	x187: [  1.4403,   1.6403] 
	x188: [  0.8247,   1.0247] 
	x189: [  0.3157,   0.5157] 
	x190: [  0.4146,   0.6146] 
	x191: [  0.0296,   0.2296] 
	x192: [ -1.0508,  -0.8508] 
	x193: [ -1.0420,  -0.8420] 
	x194: [  0.4995,   0.6995] 
	x195: [ -1.1837,  -0.9837] 
	x196: [  1.1331,   1.3331] 
	x197: [  0.3395,   0.5395] 
	x198: [ -2.4621,  -2.2621] 
	x199: [  2.1723,   2.3723] 
	x200: [  0.5668,   0.7668] 
	x201: [  1.3349,   1.5349] 
	x202: [ -3.1011,  -2.9011] 
	x203: [  0.1063,   0.3063] 
	x204: [ -2.8288,  -2.6288] 
	x205: [ -0.5917,  -0.3917] 
	x206: [  1.1103,   1.3103] 
	x207: [  0.9388,   1.1388] 
	x208: [ -1.1119,  -0.9119] 
	x209: [ -1.5875,  -1.3875] 
	x210: [  0.5322,   0.7322] 
	x211: [  0.6680,   0.8680] 
	x212: [ -2.6555,  -2.4555] 
	x213: [ -0.1400,   0.0600] 
	x214: [  2.1002,   2.3002] 
	x215: [ -0.4043,  -0.2043] 
	x216: [  0.2421,   0.4421] 
	x217: [ -3.9657,  -3.7657] 
	x218: [ -0.7186,  -0.5186] 
	x219: [  0.3127,   0.5127] 
	x220: [  1.9613,   2.1613] 
	x221: [ -2.0854,  -1.8854] 
	x222: [  0.8203,   1.0203] 
	x223: [ -2.1714,  -1.9714] 
	x224: [ -0.3700,  -0.1700] 
	x225: [ -1.5410,  -1.3410] 
	x226: [ -2.5467,  -2.3467] 
	x227: [ -1.5985,  -1.3985] 
	x228: [ -2.7137,  -2.5137] 
	x229: [  1.3691,   1.5691] 
	x230: [  3.4708,   3.6708] 
	x231: [  0.8800,   1.0800] 
	x232: [  0.6840,   0.8840] 
	x233: [  1.5352,   1.7352] 
	x234: [  0.6101,   0.8101] 
	x235: [  0.2315,   0.4315] 
	x236: [  1.2618,   1.4618] 
	x237: [  1.1988,   1.3988] 
	x238: [ -0.0119,   0.1881] 
	x239: [  3.0040,   3.2040] 
	x240: [ -0.8003,  -0.6003] 
	x241: [  0.7783,   0.9783] 
	x242: [ -0.4454,  -0.2454] 
	x243: [ -0.2519,  -0.0519] 
	x244: [ -0.0330,   0.1670] 
	x245: [  2.1194,   2.3194] 
	x246: [ -0.1425,   0.0575] 
	x247: [ -1.3666,  -1.1666] 
	x248: [  0.1229,   0.3229] 
	x249: [  3.5102,   3.7102] 
	x250: [  0.1322,   0.3322] 
	x251: [  0.9411,   1.1411] 
	x252: [ -3.0126,  -2.8126] 
	x253: [  0.7542,   0.9542] 
	x254: [ -0.7806,  -0.5806] 
	x255: [ -2.8694,  -2.6694] 
	x256: [ -0.7106,  -0.5106] 
	x257: [ -3.1005,  -2.9005] 
	x258: [  1.3862,   1.5862] 
	x259: [ -2.0028,  -1.8028] 
	x260: [  1.2559,   1.4559] 
	x261: [ -0.8611,  -0.6611] 
	x262: [  1.3318,   1.5318] 
	x263: [ -1.2858,  -1.0858] 
	x264: [  3.1092,   3.3092] 
	x265: [  1.5105,   1.7105] 
	x266: [ -3.7749,  -3.5749] 
	x267: [  0.5979,   0.7979] 
	x268: [ -2.9183,  -2.7183] 
	x269: [ -0.4495,  -0.2495] 
	x270: [  0.5159,   0.7159] 
	x271: [  0.5190,   0.7190] 
	x272: [  0.1412,   0.3412] 
	x273: [  1.5737,   1.7737] 
	x274: [ -0.1421,   0.0579] 
	x275: [  1.5238,   1.7238] 
	x276: [  0.4654,   0.6654] 
	x277: [ -0.5246,  -0.3246] 
	x278: [ -5.3785,  -5.1785] 
	x279: [  3.2373,   3.4373] 
	x280: [ -0.3158,  -0.1158] 
	x281: [ -1.3753,  -1.1753] 
	x282: [  0.1824,   0.3824] 
	x283: [  0.4467,   0.6467] 
	x284: [ -0.9284,  -0.7284] 
	x285: [  1.2017,   1.4017] 
	x286: [ -1.2485,  -1.0485] 
	x287: [ -0.1516,   0.0484] 
	x288: [ -1.6773,  -1.4773] 
	x289: [ -0.9572,  -0.7572] 
	x290: [ -0.1563,   0.0437] 
	x291: [  0.0718,   0.2718] 
	x292: [  0.3256,   0.5256] 
	x293: [ -1.5640,  -1.3640] 
	x294: [ -0.0076,   0.1924] 
	x295: [  1.4136,   1.6136] 
	x296: [  1.4535,   1.6535] 
	x297: [ -0.1633,   0.0367] 
	x298: [ -2.9489,  -2.7489] 
	x299: [ -0.3556,  -0.1556] 
	x300: [  1.0738,   1.2738] 
	x301: [ -1.5244,  -1.3244] 
	x302: [ -1.3032,  -1.1032] 
	x303: [ -0.6049,  -0.4049] 
	x304: [  0.5777,   0.7777] 
	x305: [  3.4984,   3.6984] 
	x306: [  1.1746,   1.3746] 
	x307: [ -1.2527,  -1.0527] 
	x308: [ -2.5351,  -2.3351] 
	x309: [ -0.0142,   0.1858] 
	x310: [  0.9487,   1.1487] 
	x311: [ -0.1448,   0.0552] 
	x312: [  2.0440,   2.2440] 
	x313: [ -0.9078,  -0.7078] 
	x314: [ -2.1553,  -1.9553] 
	x315: [ -2.0848,  -1.8848] 
	x316: [  0.0408,   0.2408] 
	x317: [ -2.7329,  -2.5329] 
	x318: [ -0.3292,  -0.1292] 
	x319: [  1.0476,   1.2476] 
	x320: [  1.8738,   2.0738] 
	x321: [ -0.0309,   0.1691] 
	x322: [ -1.1260,  -0.9260] 
	x323: [ -1.3709,  -1.1709] 
	x324: [ -1.3855,  -1.1855] 
	x325: [ -1.4672,  -1.2672] 
	x326: [ -0.8297,  -0.6297] 
	x327: [ -0.9211,  -0.7211] 
	x328: [ -1.9555,  -1.7555] 
	x329: [  0.5061,   0.7061] 
	x330: [ -0.8955,  -0.6955] 
	x331: [ -2.2173,  -2.0173] 
	x332: [ -0.7743,  -0.5743] 
	x333: [  0.2861,   0.4861] 
	x334: [  1.4585,   1.6585] 
	x335: [ -2.0682,  -1.8682] 
	x336: [ -0.0271,   0.1729] 
	x337: [  1.8098,   2.0098] 
	x338: [ -1.9671,  -1.7671] 
	x339: [ -1.2421,  -1.0421] 
	x340: [  1.4678,   1.6678] 
	x341: [ -0.5588,  -0.3588] 
	x342: [  0.0333,   0.2333] 
	x343: [ -1.4287,  -1.2287] 
	x344: [ -1.1141,  -0.9141] 
	x345: [ -1.4561,  -1.2561] 
	x346: [ -0.4213,  -0.2213] 
	x347: [ -1.7816,  -1.5816] 
	x348: [  1.4372,   1.6372] 
	x349: [  0.8858,   1.0858] 
	x350: [ -0.5866,  -0.3866] 
	x351: [  0.0964,   0.2964] 
	x352: [  1.3537,   1.5537] 
	x353: [ -0.9461,  -0.7461] 
	x354: [ -0.0245,   0.1755] 
	x355: [ -1.4682,  -1.2682] 
	x356: [  0.6542,   0.8542] 
	x357: [  1.7028,   1.9028] 
	x358: [  0.8781,   1.0781] 
	x359: [  3.2761,   3.4761] 
	x360: [ -1.2378,  -1.0378] 
	x361: [ -1.1426,  -0.9426] 
	x362: [ -2.6493,  -2.4493] 
	x363: [  1.1108,   1.3108] 
	x364: [  0.3171,   0.5171] 
	x365: [  2.3257,   2.5257] 
	x366: [  0.0481,   0.2481] 
	x367: [  1.8708,   2.0708] 
	x368: [ -0.8050,  -0.6050] 
	x369: [ -0.2238,  -0.0238] 
	x370: [  0.8591,   1.0591] 
	x371: [  0.0793,   0.2793] 
	x372: [  1.7005,   1.9005] 
	x373: [ -1.9310,  -1.7310] 
	x374: [  0.5780,   0.7780] 
	x375: [  0.5526,   0.7526] 
	x376: [  1.3371,   1.5371] 
	x377: [  1.2037,   1.4037] 
	x378: [ -2.3091,  -2.1091] 
	x379: [ -1.3476,  -1.1476] 
	x380: [ -0.8818,  -0.6818] 
	x381: [ -0.0538,   0.1462] 
	x382: [ -1.6963,  -1.4963] 
	x383: [ -1.5680,  -1.3680] 
	x384: [ -1.3377,  -1.1377] 
	x385: [  1.0509,   1.2509] 
	x386: [  0.4384,   0.6384] 
	x387: [ -0.8690,  -0.6690] 
	x388: [ -1.9975,  -1.7975] 
	x389: [ -0.6481,  -0.4481] 
	x390: [ -0.1500,   0.0500] 
	x391: [  0.6193,   0.8193] 
	x392: [ -1.3809,  -1.1809] 
	x393: [  0.6142,   0.8142] 
	x394: [ -0.9205,  -0.7205] 
	x395: [ -1.5000,  -1.3000] 
	x396: [  0.7641,   0.9641] 
	x397: [ -1.6354,  -1.4354] 
	x398: [  1.5733,   1.7733] 
	x399: [  0.3997,   0.5997] 
	x400: [  0.5142,   0.7142] 
	x401: [  0.5010,   0.7010] 
	x402: [  0.6007,   0.8007] 
	x403: [ -2.5433,  -2.3433] 
	x404: [ -1.3359,  -1.1359] 
	x405: [ -0.8721,  -0.6721] 
	x406: [  1.4241,   1.6241] 
	x407: [  0.4816,   0.6816] 
	x408: [ -0.1672,   0.0328] 
	x409: [ -0.8414,  -0.6414] 
	x410: [ -1.3192,  -1.1192] 
	x411: [ -0.6725,  -0.4725] 
	x412: [ -2.8970,  -2.6970] 
	x413: [  2.4583,   2.6583] 
	x414: [ -3.8610,  -3.6610] 
	x415: [ -0.5701,  -0.3701] 
	x416: [  0.0014,   0.2014] 
	x417: [  3.1882,   3.3882] 
	x418: [ -1.1676,  -0.9676] 
	x419: [  2.1087,   2.3087] 
	x420: [ -1.3895,  -1.1895] 
	x421: [ -0.3757,  -0.1757] 
	x422: [  0.0950,   0.2950] 
	x423: [  0.4340,   0.6340] 
	x424: [ -0.7381,  -0.5381] 
	x425: [  1.1758,   1.3758] 
	x426: [ -0.1667,   0.0333] 
	x427: [ -0.0254,   0.1746] 
	x428: [  0.8073,   1.0073] 
	x429: [ -0.2073,  -0.0073] 
	x430: [  1.5310,   1.7310] 
	x431: [ -2.0267,  -1.8267] 
	x432: [  2.4257,   2.6257] 
	x433: [  0.8998,   1.0998] 
	x434: [  2.8573,   3.0573] 
	x435: [  0.1804,   0.3804] 
	x436: [ -1.4267,  -1.2267] 
	x437: [  2.0374,   2.2374] 
	x438: [ -0.7343,  -0.5343] 
	x439: [  1.3063,   1.5063] 
	x440: [  0.3282,   0.5282] 
	x441: [ -2.6397,  -2.4397] 
	x442: [  2.7544,   2.9544] 
	x443: [ -1.0320,  -0.8320] 
	x444: [ -1.9666,  -1.7666] 
	x445: [  0.3610,   0.5610] 
	x446: [  0.6257,   0.8257] 
	x447: [  1.8956,   2.0956] 
	x448: [ -1.9178,  -1.7178] 
	x449: [  2.2263,   2.4263] 
	x450: [ -1.9909,  -1.7909] 
	x451: [ -1.1154,  -0.9154] 
	x452: [  0.5098,   0.7098] 
	x453: [ -1.5449,  -1.3449] 
	x454: [ -1.4094,  -1.2094] 
	x455: [ -1.1218,  -0.9218] 
	x456: [ -1.3595,  -1.1595] 
	x457: [  1.9795,   2.1795] 
	x458: [ -0.2985,  -0.0985] 
	x459: [ -2.1271,  -1.9271] 
	x460: [ -0.3830,  -0.1830] 
	x461: [ -1.1930,  -0.9930] 
	x462: [ -0.3803,  -0.1803] 
	x463: [  0.2950,   0.4950] 
	x464: [ -2.4950,  -2.2950] 
	x465: [ -0.1564,   0.0436] 
	x466: [ -0.8456,  -0.6456] 
	x467: [ -3.9068,  -3.7068] 
	x468: [  0.8547,   1.0547] 
	x469: [ -0.7929,  -0.5929] 
	x470: [ -0.8955,  -0.6955] 
	x471: [ -2.0151,  -1.8151] 
	x472: [  0.2860,   0.4860] 
	x473: [  0.9889,   1.1889] 
	x474: [ -0.8056,  -0.6056] 
	x475: [ -0.1330,   0.0670] 
	x476: [ -1.7902,  -1.5902] 
	x477: [  0.3561,   0.5561] 
	x478: [  1.1229,   1.3229] 
	x479: [ -0.4315,  -0.2315] 
	x480: [  1.0926,   1.2926] 
	x481: [  1.1112,   1.3112] 
	x482: [  2.3760,   2.5760] 
	x483: [ -1.5587,  -1.3587] 
	x484: [ -0.4597,  -0.2597] 
	x485: [ -1.8081,  -1.6081] 
	x486: [ -2.0286,  -1.8286] 
	x487: [  1.8537,   2.0537] 
	x488: [ -1.6631,  -1.4631] 
	x489: [ -0.0088,   0.1912] 
	x490: [  2.4567,   2.6567] 
	x491: [  3.4613,   3.6613] 
	x492: [  0.3570,   0.5570] 
	x493: [  0.8498,   1.0498] 
	x494: [  0.2874,   0.4874] 
	x495: [ -0.4814,  -0.2814] 
	x496: [  0.3720,   0.5720] 
	x497: [  2.8518,   3.0518] 
	x498: [  0.8750,   1.0750] 
	x499: [  1.0804,   1.2804] 
	x500: [ -0.4389,  -0.2389] 
	x501: [  0.8615,   1.0615] 
	x502: [ -1.5811,  -1.3811] 
	x503: [  2.2669,   2.4669] 
	x504: [ -0.7035,  -0.5035] 
	x505: [  3.6327,   3.8327] 
	x506: [  1.8377,   2.0377] 
	x507: [  0.9260,   1.1260] 
	x508: [ -0.5635,  -0.3635] 
	x509: [ -0.7990,  -0.5990] 
	x510: [  0.7975,   0.9975] 
	x511: [  0.9049,   1.1049] 

Branching heuristics set to PseudoImpact

Engine::solve: Initial statistics

00:20:57 Statistics update:
	--- Time Statistics ---
	Total time elapsed: 515 milli (00:00:00)
		Main loop: 0 milli (00:00:00)
		Preprocessing time: 207 milli (00:00:00)
		Unknown: 307 milli (00:00:00)
	Breakdown for main loop:
		[0.00%] Simplex steps: 0 milli
		[0.00%] Explicit-basis bound tightening: 0 milli
		[0.00%] Constraint-matrix bound tightening: 0 milli
		[0.00%] Degradation checking: 0 milli
		[0.00%] Precision restoration: 0 milli
		[0.00%] Statistics handling: 0 milli
		[0.00%] Constraint-fixing steps: 0 milli
		[0.00%] Valid case splits: 0 milli. Average per split: 0.00 milli
		[0.00%] Applying stored bound-tightening: 0 milli
		[0.00%] SMT core: 0 milli
		[0.00%] Symbolic Bound Tightening: 12 milli
		[0.00%] SoI-based local search: 0 milli
		[0.00%] SoI-based local search: 0 milli
		[0.00%] Unaccounted for: 0 milli
	--- Preprocessor Statistics ---
	Number of preprocessor bound-tightening loop iterations: 3
	Number of eliminated variables: 148
	Number of constraints removed due to variable elimination: 148
	Number of equations removed due to variable elimination: 0
	--- Engine Statistics ---
	Number of main loop iterations: 1
		0 iterations were simplex steps. Total time: 0 milli. Average: 0.00 milli.
		0 iterations were constraint-fixing steps. Total time: 0 milli. Average: 0.00 milli
	Number of active piecewise-linear constraints: 108 / 108
		Constraints disabled by valid splits: 0. By SMT-originated splits: 0
	Last reported degradation: 0.0000000000. Max degradation so far: 0.0000000000. Restorations so far: 0
	Number of simplex pivots we attempted to skip because of instability: 0.
	Unstable pivots performed anyway: 0
	--- Tableau Statistics ---
	Total number of pivots performed: 0
		Real pivots: 0. Degenerate: 0 (0.00%)
		Degenerate pivots by request (e.g., to fix a PL constraint): 0 (0.00%)
		Average time per pivot: 0.00 milli
	Total number of fake pivots performed: 0
	Total number of rows added: 0. Number of merged columns: 0
	Current tableau dimensions: M = 705, N = 2030
	--- SMT Core Statistics ---
	Total depth is 0. Total visited states: 1. Number of splits: 0. Number of pops: 0
	Max stack depth: 0
	--- Bound Tightening Statistics ---
	Number of tightened bounds: 0.
		Number of rows examined by row tightener: 0. Consequent tightenings: 0
		Number of explicit basis matrices examined by row tightener: 0. Consequent tightenings: 0
		Number of bound tightening rounds on the entire constraint matrix: 0. Consequent tightenings: 0
		Number of bound notifications sent to PL constraints: 648. Tightenings proposed: 0
	--- Basis Factorization statistics ---
	Number of basis refactorizations: 2
	--- Projected Steepest Edge Statistics ---
	Number of iterations: 0.
	Number of resets to reference space: 1. Avg. iterations per reset: 0
	--- SBT ---
	Number of tightened bounds: 385
	--- SoI-based local search ---
	Number of proposed phase pattern update: 0. Number of accepted update: 0 [0.00%]
	Total time (% of local search time) updating SoI phase pattern : 0 milli [0.00%]
	Total time obtaining current assignment: 0 milli [0.00%]
	Total time getting SoI phase pattern : 0 milli [0.00%]
	--- Context dependent statistics ---
	Number of pushes / pops: 0 / 0
		[0.00%] Pre-Push hook: 0 milli
		[0.00%] Push : 0 milli
		[0.00%] Post-Pop hook: 0 milli
		[0.00%] Pop : 0 milli
		[0.00%] Total context-switching time: 0 milli
	--- Proof Certificate ---
	Number of certified leaves: 0
	Number of leaves to delegate: 0

---

Engine::solve: sat assignment found

00:20:58 Statistics update:
	--- Time Statistics ---
	Total time elapsed: 1896 milli (00:00:01)
		Main loop: 1381 milli (00:00:01)
		Preprocessing time: 207 milli (00:00:00)
		Unknown: 307 milli (00:00:00)
	Breakdown for main loop:
		[33.06%] Simplex steps: 456 milli
		[65.45%] Explicit-basis bound tightening: 904 milli
		[0.00%] Constraint-matrix bound tightening: 0 milli
		[0.67%] Degradation checking: 9 milli
		[0.00%] Precision restoration: 0 milli
		[0.03%] Statistics handling: 0 milli
		[0.00%] Constraint-fixing steps: 0 milli
		[0.00%] Valid case splits: 0 milli. Average per split: 0.00 milli
		[0.00%] Applying stored bound-tightening: 0 milli
		[0.00%] SMT core: 0 milli
		[1.49%] Symbolic Bound Tightening: 20 milli
		[2.46%] SoI-based local search: 34 milli
		[0.00%] SoI-based local search: 0 milli
		[1335464474263304.50%] Unaccounted for: 0 milli
	--- Preprocessor Statistics ---
	Number of preprocessor bound-tightening loop iterations: 3
	Number of eliminated variables: 148
	Number of constraints removed due to variable elimination: 148
	Number of equations removed due to variable elimination: 0
	--- Engine Statistics ---
	Number of main loop iterations: 432
		430 iterations were simplex steps. Total time: 456 milli. Average: 1.06 milli.
		0 iterations were constraint-fixing steps. Total time: 0 milli. Average: 0.00 milli
	Number of active piecewise-linear constraints: 108 / 108
		Constraints disabled by valid splits: 0. By SMT-originated splits: 0
	Last reported degradation: 0.0000001207. Max degradation so far: 0.0000000000. Restorations so far: 0
	Number of simplex pivots we attempted to skip because of instability: 0.
	Unstable pivots performed anyway: 0
	--- Tableau Statistics ---
	Total number of pivots performed: 402
		Real pivots: 402. Degenerate: 0 (0.00%)
		Degenerate pivots by request (e.g., to fix a PL constraint): 0 (0.00%)
		Average time per pivot: 0.20 milli
	Total number of fake pivots performed: 26
	Total number of rows added: 0. Number of merged columns: 0
	Current tableau dimensions: M = 705, N = 2030
	--- SMT Core Statistics ---
	Total depth is 0. Total visited states: 1. Number of splits: 0. Number of pops: 0
	Max stack depth: 0
	--- Bound Tightening Statistics ---
	Number of tightened bounds: 0.
		Number of rows examined by row tightener: 402. Consequent tightenings: 0
		Number of explicit basis matrices examined by row tightener: 4. Consequent tightenings: 304
		Number of bound tightening rounds on the entire constraint matrix: 0. Consequent tightenings: 0
		Number of bound notifications sent to PL constraints: 1296. Tightenings proposed: 0
	--- Basis Factorization statistics ---
	Number of basis refactorizations: 5
	--- Projected Steepest Edge Statistics ---
	Number of iterations: 428.
	Number of resets to reference space: 1. Avg. iterations per reset: 428
	--- SBT ---
	Number of tightened bounds: 385
	--- SoI-based local search ---
	Number of proposed phase pattern update: 0. Number of accepted update: 1 [0.00%]
	Total time (% of local search time) updating SoI phase pattern : 344 milli [1.01%]
	Total time obtaining current assignment: 152 milli [0.45%]
	Total time getting SoI phase pattern : 39 milli [0.00%]
	--- Context dependent statistics ---
	Number of pushes / pops: 0 / 0
		[0.00%] Pre-Push hook: 0 milli
		[0.00%] Push : 0 milli
		[0.00%] Post-Pop hook: 0 milli
		[0.00%] Pop : 0 milli
		[0.00%] Total context-switching time: 0 milli
	--- Proof Certificate ---
	Number of certified leaves: 0
	Number of leaves to delegate: 0
sat
Input assignment:
	x0 = 2.057797
	x1 = -1.307308
	x2 = -1.472844
	x3 = -0.333002
	x4 = 1.823639
	x5 = -2.334513
	x6 = 0.619239
	x7 = -0.999463
	x8 = -1.083342
	x9 = -0.147017
	x10 = 2.091253
	x11 = 2.038152
	x12 = -0.687683
	x13 = -0.026267
	x14 = 1.143588
	x15 = -0.391650
	x16 = 0.014686
	x17 = 0.994017
	x18 = -2.124010
	x19 = -0.788643
	x20 = 3.122437
	x21 = -0.618604
	x22 = 0.582315
	x23 = -0.560059
	x24 = -2.459234
	x25 = -0.549384
	x26 = -0.687838
	x27 = 1.551429
	x28 = 2.486726
	x29 = 1.483070
	x30 = 2.473023
	x31 = -0.176032
	x32 = 0.179238
	x33 = 1.618080
	x34 = -0.137504
	x35 = -1.114425
	x36 = -1.315017
	x37 = -0.619090
	x38 = -0.977157
	x39 = -1.533824
	x40 = -0.102889
	x41 = -1.250205
	x42 = -1.636111
	x43 = 0.794881
	x44 = -2.386895
	x45 = -1.682936
	x46 = -0.336343
	x47 = -2.191940
	x48 = 0.285304
	x49 = 1.225136
	x50 = -0.339018
	x51 = -0.609338
	x52 = 0.694331
	x53 = 0.874742
	x54 = -2.673616
	x55 = 0.652298
	x56 = 0.007693
	x57 = 1.102152
	x58 = -0.095949
	x59 = 2.598567
	x60 = 1.985700
	x61 = -1.869598
	x62 = 1.519329
	x63 = 1.424620
	x64 = 1.702673
	x65 = -0.976291
	x66 = -1.253789
	x67 = 0.210180
	x68 = -0.684175
	x69 = 0.059443
	x70 = 0.148594
	x71 = -0.600909
	x72 = -0.435854
	x73 = -1.614505
	x74 = 1.202183
	x75 = -1.303501
	x76 = 1.902992
	x77 = -0.570600
	x78 = -2.553218
	x79 = -0.808764
	x80 = 1.080709
	x81 = 1.308278
	x82 = 0.646561
	x83 = -2.580740
	x84 = -0.367605
	x85 = -0.995166
	x86 = -0.985628
	x87 = -0.678409
	x88 = -0.727200
	x89 = 1.644591
	x90 = -1.822553
	x91 = -0.068109
	x92 = 0.317614
	x93 = 1.490858
	x94 = -0.949823
	x95 = 1.413344
	x96 = 1.750915
	x97 = -0.314766
	x98 = -0.162514
	x99 = -1.644846
	x100 = 1.170452
	x101 = 0.166445
	x102 = 1.052985
	x103 = -1.280965
	x104 = 1.768712
	x105 = -4.975650
	x106 = -2.051778
	x107 = -2.682038
	x108 = -2.126090
	x109 = -0.454683
	x110 = -0.976682
	x111 = 0.002244
	x112 = 0.276037
	x113 = 0.924638
	x114 = 3.515066
	x115 = -0.094877
	x116 = -0.975200
	x117 = 0.336013
	x118 = -0.147314
	x119 = 0.034847
	x120 = 1.334601
	x121 = 0.957260
	x122 = 1.557360
	x123 = -1.293568
	x124 = -1.613335
	x125 = -2.828607
	x126 = 0.364156
	x127 = -1.320917
	x128 = 1.060400
	x129 = -3.554756
	x130 = -1.552643
	x131 = 1.512926
	x132 = -1.176530
	x133 = -0.625429
	x134 = -0.790828
	x135 = -0.405003
	x136 = -1.169413
	x137 = -0.059957
	x138 = -3.443292
	x139 = -0.436719
	x140 = 2.218521
	x141 = 3.153406
	x142 = -1.254898
	x143 = -1.686423
	x144 = 0.039126
	x145 = -0.292958
	x146 = -0.778152
	x147 = -0.633156
	x148 = -1.480286
	x149 = -0.868569
	x150 = 0.376561
	x151 = 1.191359
	x152 = 1.191416
	x153 = -0.902545
	x154 = 1.101920
	x155 = 0.984338
	x156 = -0.885352
	x157 = -0.670697
	x158 = -2.265147
	x159 = 0.204062
	x160 = -1.370346
	x161 = 2.025131
	x162 = 1.520244
	x163 = 0.377230
	x164 = 0.304035
	x165 = -0.697575
	x166 = -0.516037
	x167 = 3.377100
	x168 = 4.471448
	x169 = -3.760366
	x170 = -2.229230
	x171 = 0.481046
	x172 = 3.342692
	x173 = -0.949132
	x174 = 0.123737
	x175 = 0.485740
	x176 = -0.531435
	x177 = 1.044016
	x178 = 0.249638
	x179 = -0.686145
	x180 = 0.143637
	x181 = -1.693253
	x182 = 0.467124
	x183 = -3.254074
	x184 = -0.386294
	x185 = -0.418121
	x186 = 1.624337
	x187 = 1.440321
	x188 = 0.824653
	x189 = 0.315707
	x190 = 0.414570
	x191 = 0.029571
	x192 = -0.850751
	x193 = -1.042007
	x194 = 0.699526
	x195 = -0.983703
	x196 = 1.133149
	x197 = 0.339479
	x198 = -2.462088
	x199 = 2.172315
	x200 = 0.766824
	x201 = 1.334895
	x202 = -2.901093
	x203 = 0.306313
	x204 = -2.828845
	x205 = -0.391682
	x206 = 1.110295
	x207 = 0.938755
	x208 = -0.911901
	x209 = -1.387475
	x210 = 0.532220
	x211 = 0.867996
	x212 = -2.655511
	x213 = -0.139968
	x214 = 2.300164
	x215 = -0.204250
	x216 = 0.442088
	x217 = -3.965732
	x218 = -0.718605
	x219 = 0.312668
	x220 = 2.161257
	x221 = -2.085413
	x222 = 1.020264
	x223 = -2.171362
	x224 = -0.169950
	x225 = -1.341018
	x226 = -2.346674
	x227 = -1.598465
	x228 = -2.513695
	x229 = 1.569125
	x230 = 3.470845
	x231 = 0.880046
	x232 = 0.684039
	x233 = 1.735218
	x234 = 0.610133
	x235 = 0.231455
	x236 = 1.261780
	x237 = 1.398796
	x238 = -0.011887
	x239 = 3.204003
	x240 = -0.735689
	x241 = 0.978284
	x242 = -0.445439
	x243 = -0.251881
	x244 = 0.166952
	x245 = 2.319357
	x246 = 0.057463
	x247 = -1.166637
	x248 = 0.122883
	x249 = 3.510181
	x250 = 0.332243
	x251 = 0.941097
	x252 = -3.012621
	x253 = 0.954173
	x254 = -0.580589
	x255 = -2.669439
	x256 = -0.710586
	x257 = -2.900504
	x258 = 1.586198
	x259 = -1.802827
	x260 = 1.255891
	x261 = -0.661149
	x262 = 1.331773
	x263 = -1.085829
	x264 = 3.109203
	x265 = 1.510506
	x266 = -3.574881
	x267 = 0.597921
	x268 = -2.718336
	x269 = -0.449461
	x270 = 0.715901
	x271 = 0.719003
	x272 = 0.341168
	x273 = 1.573725
	x274 = -0.142109
	x275 = 1.723792
	x276 = 0.665438
	x277 = -0.524589
	x278 = -5.178456
	x279 = 3.237296
	x280 = -0.315769
	x281 = -1.375279
	x282 = 0.182382
	x283 = 0.646677
	x284 = -0.728436
	x285 = 1.325190
	x286 = -1.048531
	x287 = -0.151585
	x288 = -1.677326
	x289 = -0.757191
	x290 = 0.043743
	x291 = 0.271843
	x292 = 0.325648
	x293 = -1.363960
	x294 = -0.007602
	x295 = 1.413605
	x296 = 1.653488
	x297 = 0.036750
	x298 = -2.948888
	x299 = -0.355592
	x300 = 1.073820
	x301 = -1.524440
	x302 = -1.303224
	x303 = -0.404869
	x304 = 0.777666
	x305 = 3.698395
	x306 = 1.374584
	x307 = -1.252719
	x308 = -2.335122
	x309 = 0.185784
	x310 = 1.148729
	x311 = -0.144800
	x312 = 2.244046
	x313 = -0.907836
	x314 = -1.955258
	x315 = -1.884843
	x316 = 0.040817
	x317 = -2.732943
	x318 = -0.129249
	x319 = 1.047596
	x320 = 1.873832
	x321 = -0.030891
	x322 = -1.126020
	x323 = -1.370931
	x324 = -1.185465
	x325 = -1.267247
	x326 = -0.829660
	x327 = -0.921076
	x328 = -1.755463
	x329 = 0.506120
	x330 = -0.695453
	x331 = -2.217337
	x332 = -0.774297
	x333 = 0.486140
	x334 = 1.458545
	x335 = -2.068203
	x336 = 0.172874
	x337 = 1.809781
	x338 = -1.967060
	x339 = -1.042120
	x340 = 1.667763
	x341 = -0.558774
	x342 = 0.033279
	x343 = -1.428733
	x344 = -1.114076
	x345 = -1.256077
	x346 = -0.221340
	x347 = -1.781577
	x348 = 1.437250
	x349 = 0.885817
	x350 = -0.386596
	x351 = 0.096377
	x352 = 1.353692
	x353 = -0.946139
	x354 = -0.024518
	x355 = -1.468164
	x356 = 0.654167
	x357 = 1.702829
	x358 = 0.878108
	x359 = 3.276062
	x360 = -1.037790
	x361 = -0.942576
	x362 = -2.449322
	x363 = 1.110839
	x364 = 0.317128
	x365 = 2.525707
	x366 = 0.048138
	x367 = 1.870827
	x368 = -0.804957
	x369 = -0.223762
	x370 = 0.859129
	x371 = 0.279296
	x372 = 1.700514
	x373 = -1.930966
	x374 = 0.577985
	x375 = 0.752567
	x376 = 1.537060
	x377 = 1.403700
	x378 = -2.309134
	x379 = -1.347555
	x380 = -0.881831
	x381 = 0.146206
	x382 = -1.696312
	x383 = -1.567992
	x384 = -1.337717
	x385 = 1.050913
	x386 = 0.638391
	x387 = -0.869024
	x388 = -1.997515
	x389 = -0.648083
	x390 = 0.049992
	x391 = 0.619328
	x392 = -1.380872
	x393 = 0.614159
	x394 = -0.720500
	x395 = -1.300012
	x396 = 0.764092
	x397 = -1.435435
	x398 = 1.573290
	x399 = 0.599687
	x400 = 0.514154
	x401 = 0.700985
	x402 = 0.800679
	x403 = -2.343277
	x404 = -1.335946
	x405 = -0.872088
	x406 = 1.424136
	x407 = 0.681609
	x408 = -0.167186
	x409 = -0.841419
	x410 = -1.319164
	x411 = -0.472549
	x412 = -2.896997
	x413 = 2.658284
	x414 = -3.661013
	x415 = -0.570132
	x416 = 0.001402
	x417 = 3.188215
	x418 = -0.967602
	x419 = 2.308712
	x420 = -1.189539
	x421 = -0.375686
	x422 = 0.095036
	x423 = 0.633967
	x424 = -0.738102
	x425 = 1.175805
	x426 = -0.166748
	x427 = 0.174570
	x428 = 0.807292
	x429 = -0.007326
	x430 = 1.730993
	x431 = -2.026733
	x432 = 2.625725
	x433 = 0.899764
	x434 = 2.857251
	x435 = 0.180360
	x436 = -1.226728
	x437 = 2.037415
	x438 = -0.734315
	x439 = 1.306326
	x440 = 0.328187
	x441 = -2.639709
	x442 = 2.954433
	x443 = -0.832034
	x444 = -1.966629
	x445 = 0.360972
	x446 = 0.825724
	x447 = 1.895561
	x448 = -1.717782
	x449 = 2.226258
	x450 = -1.990915
	x451 = -0.915378
	x452 = 0.509837
	x453 = -1.344851
	x454 = -1.209414
	x455 = -1.121846
	x456 = -1.359526
	x457 = 1.979481
	x458 = -0.298511
	x459 = -1.927148
	x460 = -0.182966
	x461 = -0.992991
	x462 = -0.380291
	x463 = 0.295007
	x464 = -2.295042
	x465 = -0.156383
	x466 = -0.645600
	x467 = -3.906798
	x468 = 1.054686
	x469 = -0.592924
	x470 = -0.895528
	x471 = -2.015084
	x472 = 0.286006
	x473 = 1.188924
	x474 = -0.605564
	x475 = -0.132968
	x476 = -1.590218
	x477 = 0.556138
	x478 = 1.322902
	x479 = -0.431459
	x480 = 1.292569
	x481 = 1.311178
	x482 = 2.576039
	x483 = -1.358669
	x484 = -0.459673
	x485 = -1.808053
	x486 = -1.828597
	x487 = 1.853702
	x488 = -1.663079
	x489 = 0.191193
	x490 = 2.656654
	x491 = 3.461309
	x492 = 0.556952
	x493 = 0.849799
	x494 = 0.287437
	x495 = -0.481353
	x496 = 0.572014
	x497 = 3.051752
	x498 = 0.874993
	x499 = 1.080431
	x500 = -0.438925
	x501 = 0.861451
	x502 = -1.381134
	x503 = 2.466866
	x504 = -0.703462
	x505 = 3.832737
	x506 = 2.037684
	x507 = 1.126028
	x508 = -0.363482
	x509 = -0.799003
	x510 = 0.797459
	x511 = 0.904906

Output:
	y0 = -8.107811
	y1 = 7.089327
	y2 = -6.704112
	y3 = -10.063196
	y4 = 8.526403
	y5 = -9.408222
	y6 = -9.478744
	y7 = 8.096255
	y8 = -6.923004
	y9 = -9.019031
	y10 = 3.774125
	y11 = -5.947992
	y12 = -8.884621
	y13 = 6.517776
	y14 = -4.220630
	y15 = -7.355287
	y16 = 4.429994
	y17 = -6.053605
	y18 = -5.688648
	y19 = 5.291022
	y20 = -5.214454
	y21 = -8.114393
	y22 = 2.333324
	y23 = -8.875156
	y24 = -9.492892
	y25 = 1.141610
	y26 = -9.651294
	y27 = -14.905899
	y28 = 17.395001
	y29 = -13.379224
	y30 = -8.293252
	y31 = 21.399292
	y32 = -7.806154
	y33 = -3.309424
	y34 = 8.854462
	y35 = -2.505024
	y36 = -2.669793
	y37 = 8.184567
	y38 = -3.318463
	y39 = -3.151397
	y40 = 8.287203
	y41 = -1.274609
	y42 = -7.382703
	y43 = 1.812191
	y44 = -8.724914
	y45 = -9.732366
	y46 = 6.613358
	y47 = -8.091152
	y48 = -10.234896
	y49 = 10.511512
	y50 = -6.806883
	y51 = -7.502275
	y52 = 9.462978
	y53 = -6.844707
	y54 = -1.790084
	y55 = -9.544878
	y56 = 4.353364
	y57 = 1.622748
	y58 = 0.650207
	y59 = -3.511678
	y60 = 1.220076
	y61 = 10.596029
	y62 = -2.266202
	y63 = 0.802361
	y64 = 11.235248
	y65 = -1.329692
	y66 = -5.460271
	y67 = 6.057102
	y68 = -5.744344
	y69 = -8.639915
	y70 = 4.032785
	y71 = -7.214066
	y72 = -8.114910
	y73 = 11.548853
	y74 = -7.950865
	y75 = -0.798610
	y76 = -12.934115
	y77 = 4.129865
	y78 = 6.415769
	y79 = -8.352606
	y80 = 1.509353
	y81 = 15.642431
	y82 = -19.037506
	y83 = 11.208957
	y84 = 14.406926
	y85 = -18.695794
	y86 = 6.272287
	y87 = 3.758090
	y88 = -8.161515
	y89 = -0.535310
	y90 = -4.169338
	y91 = 16.778903
	y92 = -6.938040
	y93 = -10.788807
	y94 = 20.401902
	y95 = -9.954353
	y96 = -9.611233
	y97 = 5.433290
	y98 = -8.421915
	y99 = -0.237967
	y100 = -0.237957
	y101 = -4.397990
	y102 = 0.130540
	y103 = -8.870859
	y104 = 4.635544
	y105 = 9.875328
	y106 = -18.771224
	y107 = 14.544559
	y108 = 8.556809
	y109 = -20.932976
	y110 = 12.422398
	y111 = 0.900981
	y112 = -11.155123
	y113 = 5.080024
	y114 = -0.061091
	y115 = -16.190132
	y116 = 4.010601
	y117 = -10.840550
	y118 = 19.074090
	y119 = -6.362896
	y120 = -7.017861
	y121 = 6.451450
	y122 = -7.952579
	y123 = -7.008983
	y124 = 21.895730
	y125 = -6.402970
	y126 = 1.077161
	y127 = -14.568486
	y128 = -2.662669
	y129 = -0.013363
	y130 = -14.156432
	y131 = 7.579052
	y132 = 8.294464
	y133 = -9.499248
	y134 = 5.733853
	y135 = 0.123646
	y136 = -12.708860
	y137 = 5.929578
	y138 = -6.822936
	y139 = 11.356376
	y140 = -6.364314
	y141 = -9.667575
	y142 = 15.190303
	y143 = -7.322598
	y144 = -9.359377
	y145 = 4.430598
	y146 = -7.767760
	y147 = -11.285413
	y148 = 4.366568
	y149 = -12.348438
	y150 = -7.956774
	y151 = 11.711042
	y152 = -6.045095
	y153 = -1.975821
	y154 = -11.565706
	y155 = 3.839477
	y156 = -0.590822
	y157 = -9.687192
	y158 = -2.283416
	y159 = -7.127415
	y160 = 10.570856
	y161 = -9.254144
	y162 = -13.263086
	y163 = 14.511862
	y164 = -10.791842
	y165 = -8.809250
	y166 = 4.436374
	y167 = -7.800578
	y168 = -7.710166
	y169 = 4.321900
	y170 = -8.392367
	y171 = -7.836034
	y172 = 6.270053
	y173 = -7.865466
	y174 = -6.683766
	y175 = 17.621616
	y176 = -4.909209
	y177 = -11.861044
	y178 = 15.566901
	y179 = -6.708204
	y180 = -9.973340
	y181 = 7.668087
	y182 = -10.262569
	y183 = -9.937291
	y184 = 5.430499
	y185 = -6.712905
	y186 = -10.163412
	y187 = 1.832729
	y188 = -6.915623
	y189 = -9.998473
	y190 = 3.835704
	y191 = -7.937987

