InputQuery: /home/levn/Workspace/othello_world/queries/probe_robust/group_3/game_27_target_33_eps_0.1.txt
Engine::processInputQuery: Input query (before preprocessing): 449 equations, 1216 variables
Engine::processInputQuery: Input query (after preprocessing): 705 equations, 1339 variables

Input bounds:
	x0: [ -0.7476,  -0.5476] 
	x1: [ -1.2416,  -1.0416] 
	x2: [ -0.9495,  -0.7495] 
	x3: [  2.2705,   2.4705] 
	x4: [  1.2556,   1.4556] 
	x5: [ -3.3790,  -3.1790] 
	x6: [  2.2143,   2.4143] 
	x7: [ -2.5831,  -2.3831] 
	x8: [ -0.7492,  -0.5492] 
	x9: [  2.7522,   2.9522] 
	x10: [  0.9704,   1.1704] 
	x11: [ -1.1265,  -0.9265] 
	x12: [ -0.7300,  -0.5300] 
	x13: [  1.0837,   1.2837] 
	x14: [ -0.2470,  -0.0470] 
	x15: [  0.3811,   0.5811] 
	x16: [ -1.8194,  -1.6194] 
	x17: [  2.3628,   2.5628] 
	x18: [ -0.9103,  -0.7103] 
	x19: [  0.3846,   0.5846] 
	x20: [  0.0154,   0.2154] 
	x21: [ -0.8858,  -0.6858] 
	x22: [ -2.0627,  -1.8627] 
	x23: [  0.0785,   0.2785] 
	x24: [ -2.6070,  -2.4070] 
	x25: [ -0.6921,  -0.4921] 
	x26: [  0.7105,   0.9105] 
	x27: [ -1.5965,  -1.3965] 
	x28: [  0.1764,   0.3764] 
	x29: [ -1.3896,  -1.1896] 
	x30: [  2.2159,   2.4159] 
	x31: [ -0.7711,  -0.5711] 
	x32: [ -0.0167,   0.1833] 
	x33: [ -0.8821,  -0.6821] 
	x34: [  0.4718,   0.6718] 
	x35: [ -1.5809,  -1.3809] 
	x36: [ -1.4155,  -1.2155] 
	x37: [ -0.7481,  -0.5481] 
	x38: [  1.2137,   1.4137] 
	x39: [ -1.7891,  -1.5891] 
	x40: [ -0.4315,  -0.2315] 
	x41: [ -0.4272,  -0.2272] 
	x42: [ -0.7942,  -0.5942] 
	x43: [  2.0066,   2.2066] 
	x44: [  1.3305,   1.5305] 
	x45: [  0.8661,   1.0661] 
	x46: [ -3.4081,  -3.2081] 
	x47: [ -2.2521,  -2.0521] 
	x48: [  1.1117,   1.3117] 
	x49: [  0.3504,   0.5504] 
	x50: [  0.9398,   1.1398] 
	x51: [  0.9401,   1.1401] 
	x52: [  1.8604,   2.0604] 
	x53: [  2.9613,   3.1613] 
	x54: [ -1.0057,  -0.8057] 
	x55: [  0.2392,   0.4392] 
	x56: [ -0.7527,  -0.5527] 
	x57: [  1.4849,   1.6849] 
	x58: [ -1.8571,  -1.6571] 
	x59: [ -0.6272,  -0.4272] 
	x60: [  3.4519,   3.6519] 
	x61: [  1.5554,   1.7554] 
	x62: [ -0.7179,  -0.5179] 
	x63: [ -1.5028,  -1.3028] 
	x64: [ -0.5431,  -0.3431] 
	x65: [ -1.4364,  -1.2364] 
	x66: [ -0.3526,  -0.1526] 
	x67: [ -2.3586,  -2.1586] 
	x68: [ -0.4177,  -0.2177] 
	x69: [ -2.7631,  -2.5631] 
	x70: [ -1.0051,  -0.8051] 
	x71: [ -1.0829,  -0.8829] 
	x72: [ -2.8329,  -2.6329] 
	x73: [  0.5523,   0.7523] 
	x74: [  1.2061,   1.4061] 
	x75: [ -1.4685,  -1.2685] 
	x76: [  1.4290,   1.6290] 
	x77: [  0.1420,   0.3420] 
	x78: [  1.0843,   1.2843] 
	x79: [  0.2935,   0.4935] 
	x80: [ -2.3607,  -2.1607] 
	x81: [ -0.1389,   0.0611] 
	x82: [ -2.2068,  -2.0068] 
	x83: [ -1.0073,  -0.8073] 
	x84: [  1.8784,   2.0784] 
	x85: [  0.7100,   0.9100] 
	x86: [ -1.3071,  -1.1071] 
	x87: [  0.3549,   0.5549] 
	x88: [ -2.0177,  -1.8177] 
	x89: [  0.0720,   0.2720] 
	x90: [  1.3073,   1.5073] 
	x91: [  1.5990,   1.7990] 
	x92: [ -1.6297,  -1.4297] 
	x93: [  2.8663,   3.0663] 
	x94: [ -1.4467,  -1.2467] 
	x95: [  1.8742,   2.0742] 
	x96: [  1.6546,   1.8546] 
	x97: [ -0.9477,  -0.7477] 
	x98: [  2.4349,   2.6349] 
	x99: [ -0.0938,   0.1062] 
	x100: [  0.2549,   0.4549] 
	x101: [  0.9949,   1.1949] 
	x102: [ -0.0758,   0.1242] 
	x103: [  3.9586,   4.1586] 
	x104: [  0.2111,   0.4111] 
	x105: [ -3.0472,  -2.8472] 
	x106: [ -1.2159,  -1.0159] 
	x107: [  0.8861,   1.0861] 
	x108: [  2.7354,   2.9354] 
	x109: [ -1.2796,  -1.0796] 
	x110: [ -0.4251,  -0.2251] 
	x111: [ -2.0928,  -1.8928] 
	x112: [  2.0987,   2.2987] 
	x113: [  1.4985,   1.6985] 
	x114: [ -0.3543,  -0.1543] 
	x115: [ -0.7778,  -0.5778] 
	x116: [ -0.4104,  -0.2104] 
	x117: [ -0.7598,  -0.5598] 
	x118: [ -0.0532,   0.1468] 
	x119: [  3.6216,   3.8216] 
	x120: [ -1.7122,  -1.5122] 
	x121: [  2.3418,   2.5418] 
	x122: [ -0.1957,   0.0043] 
	x123: [  1.5664,   1.7664] 
	x124: [  2.1273,   2.3273] 
	x125: [ -3.3209,  -3.1209] 
	x126: [  0.3582,   0.5582] 
	x127: [ -0.0477,   0.1523] 
	x128: [ -1.8528,  -1.6528] 
	x129: [ -3.7690,  -3.5690] 
	x130: [  0.7142,   0.9142] 
	x131: [  0.4331,   0.6331] 
	x132: [ -0.6141,  -0.4141] 
	x133: [ -3.0044,  -2.8044] 
	x134: [ -0.2508,  -0.0508] 
	x135: [ -2.7477,  -2.5477] 
	x136: [ -1.6638,  -1.4638] 
	x137: [  2.7452,   2.9452] 
	x138: [ -0.3777,  -0.1777] 
	x139: [ -0.9573,  -0.7573] 
	x140: [ -2.4022,  -2.2022] 
	x141: [ -2.0182,  -1.8182] 
	x142: [  1.4532,   1.6532] 
	x143: [  1.0866,   1.2866] 
	x144: [ -1.9640,  -1.7640] 
	x145: [ -0.3790,  -0.1790] 
	x146: [ -1.4683,  -1.2683] 
	x147: [ -0.3340,  -0.1340] 
	x148: [  0.0955,   0.2955] 
	x149: [ -0.3738,  -0.1738] 
	x150: [  0.0088,   0.2088] 
	x151: [ -2.9470,  -2.7470] 
	x152: [ -0.0139,   0.1861] 
	x153: [ -0.7401,  -0.5401] 
	x154: [ -1.8355,  -1.6355] 
	x155: [  2.2213,   2.4213] 
	x156: [  0.3475,   0.5475] 
	x157: [ -1.0323,  -0.8323] 
	x158: [ -0.8069,  -0.6069] 
	x159: [ -0.4527,  -0.2527] 
	x160: [ -0.6616,  -0.4616] 
	x161: [  0.2960,   0.4960] 
	x162: [ -1.0256,  -0.8256] 
	x163: [ -1.5577,  -1.3577] 
	x164: [ -0.9073,  -0.7073] 
	x165: [  1.4452,   1.6452] 
	x166: [ -0.2450,  -0.0450] 
	x167: [  2.7837,   2.9837] 
	x168: [  0.0711,   0.2711] 
	x169: [ -2.5895,  -2.3895] 
	x170: [  1.2135,   1.4135] 
	x171: [ -3.5775,  -3.3775] 
	x172: [ -0.0188,   0.1812] 
	x173: [  1.7919,   1.9919] 
	x174: [ -0.7148,  -0.5148] 
	x175: [  0.7227,   0.9227] 
	x176: [  1.4882,   1.6882] 
	x177: [ -1.2232,  -1.0232] 
	x178: [  0.7799,   0.9799] 
	x179: [ -2.2297,  -2.0297] 
	x180: [ -0.4487,  -0.2487] 
	x181: [ -1.2131,  -1.0131] 
	x182: [  2.6538,   2.8538] 
	x183: [  0.5613,   0.7613] 
	x184: [ -2.0713,  -1.8713] 
	x185: [ -2.7338,  -2.5338] 
	x186: [  1.5023,   1.7023] 
	x187: [  0.5565,   0.7565] 
	x188: [  1.6885,   1.8885] 
	x189: [ -1.1199,  -0.9199] 
	x190: [ -0.3279,  -0.1279] 
	x191: [  0.9063,   1.1063] 
	x192: [  0.2875,   0.4875] 
	x193: [ -0.7630,  -0.5630] 
	x194: [  0.2843,   0.4843] 
	x195: [ -1.4469,  -1.2469] 
	x196: [ -0.4683,  -0.2683] 
	x197: [  3.7884,   3.9884] 
	x198: [ -1.6167,  -1.4167] 
	x199: [ -1.6825,  -1.4825] 
	x200: [ -1.7313,  -1.5313] 
	x201: [  2.3340,   2.5340] 
	x202: [ -0.0342,   0.1658] 
	x203: [  1.3699,   1.5699] 
	x204: [ -0.4569,  -0.2569] 
	x205: [ -1.1882,  -0.9882] 
	x206: [  1.2778,   1.4778] 
	x207: [  0.4313,   0.6313] 
	x208: [ -1.1990,  -0.9990] 
	x209: [ -1.0793,  -0.8793] 
	x210: [ -0.1177,   0.0823] 
	x211: [ -1.4926,  -1.2926] 
	x212: [ -0.3679,  -0.1679] 
	x213: [ -0.8920,  -0.6920] 
	x214: [  1.9896,   2.1896] 
	x215: [  1.2809,   1.4809] 
	x216: [ -0.0536,   0.1464] 
	x217: [ -0.4866,  -0.2866] 
	x218: [  0.0058,   0.2058] 
	x219: [ -1.5245,  -1.3245] 
	x220: [ -0.8679,  -0.6679] 
	x221: [ -3.5666,  -3.3666] 
	x222: [ -0.8744,  -0.6744] 
	x223: [  1.2898,   1.4898] 
	x224: [ -1.2582,  -1.0582] 
	x225: [  0.0392,   0.2392] 
	x226: [ -3.7546,  -3.5546] 
	x227: [  2.0899,   2.2899] 
	x228: [ -1.8592,  -1.6592] 
	x229: [ -1.5009,  -1.3009] 
	x230: [  2.9104,   3.1104] 
	x231: [  4.3972,   4.5972] 
	x232: [ -0.6890,  -0.4890] 
	x233: [  2.1820,   2.3820] 
	x234: [ -3.9026,  -3.7026] 
	x235: [  1.0597,   1.2597] 
	x236: [  1.6193,   1.8193] 
	x237: [ -2.2390,  -2.0390] 
	x238: [ -1.2979,  -1.0979] 
	x239: [ -0.4080,  -0.2080] 
	x240: [ -0.7138,  -0.5138] 
	x241: [  0.0702,   0.2702] 
	x242: [ -0.9512,  -0.7512] 
	x243: [  0.1043,   0.3043] 
	x244: [  0.4086,   0.6086] 
	x245: [ -0.8397,  -0.6397] 
	x246: [ -1.2431,  -1.0431] 
	x247: [ -2.6520,  -2.4520] 
	x248: [  0.5167,   0.7167] 
	x249: [  1.7684,   1.9684] 
	x250: [ -0.9711,  -0.7711] 
	x251: [  1.0968,   1.2968] 
	x252: [ -0.1341,   0.0659] 
	x253: [ -2.1006,  -1.9006] 
	x254: [  0.7617,   0.9617] 
	x255: [ -3.4265,  -3.2265] 
	x256: [  3.1286,   3.3286] 
	x257: [ -0.4552,  -0.2552] 
	x258: [  3.5563,   3.7563] 
	x259: [ -2.1987,  -1.9987] 
	x260: [  1.7576,   1.9576] 
	x261: [  0.8834,   1.0834] 
	x262: [  1.0394,   1.2394] 
	x263: [  0.2599,   0.4599] 
	x264: [  0.2724,   0.4724] 
	x265: [  1.3604,   1.5604] 
	x266: [ -2.0603,  -1.8603] 
	x267: [ -0.3865,  -0.1865] 
	x268: [ -1.5900,  -1.3900] 
	x269: [ -0.8259,  -0.6259] 
	x270: [ -0.5040,  -0.3040] 
	x271: [  1.2753,   1.4753] 
	x272: [  3.1653,   3.3653] 
	x273: [  0.3071,   0.5071] 
	x274: [  0.4868,   0.6868] 
	x275: [ -0.1315,   0.0685] 
	x276: [ -0.6790,  -0.4790] 
	x277: [ -0.7114,  -0.5114] 
	x278: [ -3.5999,  -3.3999] 
	x279: [  1.5806,   1.7806] 
	x280: [ -2.4138,  -2.2138] 
	x281: [ -0.7489,  -0.5489] 
	x282: [ -0.2199,  -0.0199] 
	x283: [ -0.8745,  -0.6745] 
	x284: [  0.9403,   1.1403] 
	x285: [ -0.1238,   0.0762] 
	x286: [ -1.7530,  -1.5530] 
	x287: [ -0.6409,  -0.4409] 
	x288: [ -1.2142,  -1.0142] 
	x289: [ -2.4731,  -2.2731] 
	x290: [ -0.1339,   0.0661] 
	x291: [  0.9540,   1.1540] 
	x292: [  1.0140,   1.2140] 
	x293: [ -2.9978,  -2.7978] 
	x294: [  0.7477,   0.9477] 
	x295: [ -0.8911,  -0.6911] 
	x296: [ -0.9617,  -0.7617] 
	x297: [ -0.3801,  -0.1801] 
	x298: [ -1.7261,  -1.5261] 
	x299: [ -0.7093,  -0.5093] 
	x300: [ -1.7418,  -1.5418] 
	x301: [  0.4738,   0.6738] 
	x302: [  0.7048,   0.9048] 
	x303: [  0.7721,   0.9721] 
	x304: [  2.3728,   2.5728] 
	x305: [ -2.2071,  -2.0071] 
	x306: [ -0.2962,  -0.0962] 
	x307: [ -0.2363,  -0.0363] 
	x308: [  0.7832,   0.9832] 
	x309: [ -1.5177,  -1.3177] 
	x310: [  2.7331,   2.9331] 
	x311: [ -0.7199,  -0.5199] 
	x312: [ -1.2221,  -1.0221] 
	x313: [  0.8866,   1.0866] 
	x314: [ -1.6408,  -1.4408] 
	x315: [ -0.1733,   0.0267] 
	x316: [  2.4276,   2.6276] 
	x317: [ -0.5984,  -0.3984] 
	x318: [  0.4542,   0.6542] 
	x319: [  1.0934,   1.2934] 
	x320: [  1.3142,   1.5142] 
	x321: [ -0.0458,   0.1542] 
	x322: [ -2.3947,  -2.1947] 
	x323: [  2.0914,   2.2914] 
	x324: [ -0.1077,   0.0923] 
	x325: [ -1.9046,  -1.7046] 
	x326: [ -2.8841,  -2.6841] 
	x327: [ -0.1271,   0.0729] 
	x328: [  0.5422,   0.7422] 
	x329: [  0.7947,   0.9947] 
	x330: [ -0.8902,  -0.6902] 
	x331: [ -0.1770,   0.0230] 
	x332: [  0.4909,   0.6909] 
	x333: [ -2.8105,  -2.6105] 
	x334: [ -0.4273,  -0.2273] 
	x335: [ -0.1208,   0.0792] 
	x336: [  0.7924,   0.9924] 
	x337: [  5.4333,   5.6333] 
	x338: [ -1.4844,  -1.2844] 
	x339: [ -2.3960,  -2.1960] 
	x340: [  1.2656,   1.4656] 
	x341: [  0.3431,   0.5431] 
	x342: [ -2.2080,  -2.0080] 
	x343: [ -1.1821,  -0.9821] 
	x344: [ -4.0135,  -3.8135] 
	x345: [ -1.9348,  -1.7348] 
	x346: [ -0.8111,  -0.6111] 
	x347: [ -1.1709,  -0.9709] 
	x348: [ -0.4119,  -0.2119] 
	x349: [ -1.2060,  -1.0060] 
	x350: [ -0.8772,  -0.6772] 
	x351: [ -2.0180,  -1.8180] 
	x352: [ -0.6701,  -0.4701] 
	x353: [  1.5729,   1.7729] 
	x354: [  0.7739,   0.9739] 
	x355: [ -0.0644,   0.1356] 
	x356: [  0.5649,   0.7649] 
	x357: [ -0.0369,   0.1631] 
	x358: [  2.0318,   2.2318] 
	x359: [ -0.1908,   0.0092] 
	x360: [ -2.2907,  -2.0907] 
	x361: [  0.2864,   0.4864] 
	x362: [ -0.6933,  -0.4933] 
	x363: [  0.2601,   0.4601] 
	x364: [ -0.8372,  -0.6372] 
	x365: [  0.3275,   0.5275] 
	x366: [  1.8451,   2.0451] 
	x367: [ -0.1961,   0.0039] 
	x368: [  2.0998,   2.2998] 
	x369: [ -1.6515,  -1.4515] 
	x370: [ -0.7152,  -0.5152] 
	x371: [ -0.9939,  -0.7939] 
	x372: [  0.4646,   0.6646] 
	x373: [ -0.9319,  -0.7319] 
	x374: [  3.0631,   3.2631] 
	x375: [ -1.7244,  -1.5244] 
	x376: [  2.4697,   2.6697] 
	x377: [  1.1087,   1.3087] 
	x378: [ -3.6083,  -3.4083] 
	x379: [ -0.1869,   0.0131] 
	x380: [ -2.9211,  -2.7211] 
	x381: [  1.4530,   1.6530] 
	x382: [  1.1221,   1.3221] 
	x383: [ -1.3342,  -1.1342] 
	x384: [  1.5067,   1.7067] 
	x385: [  1.8910,   2.0910] 
	x386: [ -1.7958,  -1.5958] 
	x387: [  1.0254,   1.2254] 
	x388: [ -1.0504,  -0.8504] 
	x389: [  0.9139,   1.1139] 
	x390: [  1.0473,   1.2473] 
	x391: [ -2.0591,  -1.8591] 
	x392: [ -0.6269,  -0.4269] 
	x393: [ -0.6993,  -0.4993] 
	x394: [  1.8240,   2.0240] 
	x395: [  1.9050,   2.1050] 
	x396: [ -0.7641,  -0.5641] 
	x397: [ -0.9069,  -0.7069] 
	x398: [  1.1779,   1.3779] 
	x399: [ -1.2869,  -1.0869] 
	x400: [  2.0817,   2.2817] 
	x401: [ -0.2484,  -0.0484] 
	x402: [  1.5253,   1.7253] 
	x403: [ -1.4953,  -1.2953] 
	x404: [ -0.7442,  -0.5442] 
	x405: [ -1.1099,  -0.9099] 
	x406: [  1.8211,   2.0211] 
	x407: [ -1.7358,  -1.5358] 
	x408: [ -2.0359,  -1.8359] 
	x409: [ -0.4562,  -0.2562] 
	x410: [ -0.8938,  -0.6938] 
	x411: [ -0.5247,  -0.3247] 
	x412: [ -2.5114,  -2.3114] 
	x413: [  1.8517,   2.0517] 
	x414: [  0.4685,   0.6685] 
	x415: [ -0.2786,  -0.0786] 
	x416: [  0.6833,   0.8833] 
	x417: [  1.1455,   1.3455] 
	x418: [  1.9376,   2.1376] 
	x419: [  2.7892,   2.9892] 
	x420: [ -1.4262,  -1.2262] 
	x421: [  2.7916,   2.9916] 
	x422: [  0.7190,   0.9190] 
	x423: [ -1.5294,  -1.3294] 
	x424: [  0.5659,   0.7659] 
	x425: [  1.5107,   1.7107] 
	x426: [  2.7711,   2.9711] 
	x427: [  1.0553,   1.2553] 
	x428: [  2.5145,   2.7145] 
	x429: [  0.5079,   0.7079] 
	x430: [  0.8428,   1.0428] 
	x431: [  1.2880,   1.4880] 
	x432: [ -1.7296,  -1.5296] 
	x433: [ -1.2625,  -1.0625] 
	x434: [  2.5326,   2.7326] 
	x435: [  0.3511,   0.5511] 
	x436: [ -1.7068,  -1.5068] 
	x437: [  0.3040,   0.5040] 
	x438: [  4.0133,   4.2133] 
	x439: [  2.3349,   2.5349] 
	x440: [  0.2251,   0.4251] 
	x441: [  1.7116,   1.9116] 
	x442: [  0.0766,   0.2766] 
	x443: [  0.9171,   1.1171] 
	x444: [ -1.1506,  -0.9506] 
	x445: [  0.3799,   0.5799] 
	x446: [ -0.0995,   0.1005] 
	x447: [  1.5303,   1.7303] 
	x448: [ -2.1557,  -1.9557] 
	x449: [  2.4111,   2.6111] 
	x450: [ -3.2610,  -3.0610] 
	x451: [  1.1638,   1.3638] 
	x452: [  0.0469,   0.2469] 
	x453: [ -0.2613,  -0.0613] 
	x454: [ -1.0822,  -0.8822] 
	x455: [ -0.4077,  -0.2077] 
	x456: [ -1.5236,  -1.3236] 
	x457: [ -1.0841,  -0.8841] 
	x458: [  4.2620,   4.4620] 
	x459: [ -0.0521,   0.1479] 
	x460: [ -0.0711,   0.1289] 
	x461: [ -1.1867,  -0.9867] 
	x462: [ -1.0653,  -0.8653] 
	x463: [ -1.4107,  -1.2107] 
	x464: [  1.1830,   1.3830] 
	x465: [  0.0395,   0.2395] 
	x466: [  0.0216,   0.2216] 
	x467: [  0.7755,   0.9755] 
	x468: [  1.1436,   1.3436] 
	x469: [  1.0629,   1.2629] 
	x470: [ -1.6728,  -1.4728] 
	x471: [ -1.0840,  -0.8840] 
	x472: [ -2.0417,  -1.8417] 
	x473: [  2.2986,   2.4986] 
	x474: [  0.0400,   0.2400] 
	x475: [  0.4572,   0.6572] 
	x476: [  1.8471,   2.0471] 
	x477: [ -3.1586,  -2.9586] 
	x478: [  0.7208,   0.9208] 
	x479: [ -0.4095,  -0.2095] 
	x480: [ -3.0260,  -2.8260] 
	x481: [  0.1741,   0.3741] 
	x482: [ -0.5900,  -0.3900] 
	x483: [  1.5735,   1.7735] 
	x484: [  0.8881,   1.0881] 
	x485: [  0.5279,   0.7279] 
	x486: [ -1.7047,  -1.5047] 
	x487: [ -1.0740,  -0.8740] 
	x488: [  1.4799,   1.6799] 
	x489: [  2.3529,   2.5529] 
	x490: [ -0.0406,   0.1594] 
	x491: [  0.2177,   0.4177] 
	x492: [  0.1312,   0.3312] 
	x493: [ -1.4161,  -1.2161] 
	x494: [  0.0334,   0.2334] 
	x495: [  0.9605,   1.1605] 
	x496: [ -1.6284,  -1.4284] 
	x497: [ -0.2919,  -0.0919] 
	x498: [ -0.8455,  -0.6455] 
	x499: [  0.6032,   0.8032] 
	x500: [ -0.6919,  -0.4919] 
	x501: [ -2.4545,  -2.2545] 
	x502: [ -0.0667,   0.1333] 
	x503: [  0.6623,   0.8623] 
	x504: [  0.8762,   1.0762] 
	x505: [  0.4111,   0.6111] 
	x506: [ -0.7657,  -0.5657] 
	x507: [ -0.6327,  -0.4327] 
	x508: [ -2.3519,  -2.1519] 
	x509: [ -2.2853,  -2.0853] 
	x510: [  2.0049,   2.2049] 
	x511: [ -1.8943,  -1.6943] 

Branching heuristics set to PseudoImpact

Engine::solve: Initial statistics

23:25:56 Statistics update:
	--- Time Statistics ---
	Total time elapsed: 512 milli (00:00:00)
		Main loop: 0 milli (00:00:00)
		Preprocessing time: 201 milli (00:00:00)
		Unknown: 311 milli (00:00:00)
	Breakdown for main loop:
		[0.00%] Simplex steps: 0 milli
		[0.00%] Explicit-basis bound tightening: 0 milli
		[0.00%] Constraint-matrix bound tightening: 0 milli
		[0.00%] Degradation checking: 0 milli
		[0.00%] Precision restoration: 0 milli
		[0.00%] Statistics handling: 0 milli
		[0.00%] Constraint-fixing steps: 0 milli
		[0.00%] Valid case splits: 0 milli. Average per split: 0.00 milli
		[0.00%] Applying stored bound-tightening: 0 milli
		[0.00%] SMT core: 0 milli
		[0.00%] Symbolic Bound Tightening: 12 milli
		[0.00%] SoI-based local search: 0 milli
		[0.00%] SoI-based local search: 0 milli
		[0.00%] Unaccounted for: 0 milli
	--- Preprocessor Statistics ---
	Number of preprocessor bound-tightening loop iterations: 3
	Number of eliminated variables: 134
	Number of constraints removed due to variable elimination: 134
	Number of equations removed due to variable elimination: 0
	--- Engine Statistics ---
	Number of main loop iterations: 1
		0 iterations were simplex steps. Total time: 0 milli. Average: 0.00 milli.
		0 iterations were constraint-fixing steps. Total time: 0 milli. Average: 0.00 milli
	Number of active piecewise-linear constraints: 122 / 122
		Constraints disabled by valid splits: 0. By SMT-originated splits: 0
	Last reported degradation: 0.0000000000. Max degradation so far: 0.0000000000. Restorations so far: 0
	Number of simplex pivots we attempted to skip because of instability: 0.
	Unstable pivots performed anyway: 0
	--- Tableau Statistics ---
	Total number of pivots performed: 0
		Real pivots: 0. Degenerate: 0 (0.00%)
		Degenerate pivots by request (e.g., to fix a PL constraint): 0 (0.00%)
		Average time per pivot: 0.00 milli
	Total number of fake pivots performed: 0
	Total number of rows added: 0. Number of merged columns: 0
	Current tableau dimensions: M = 705, N = 2044
	--- SMT Core Statistics ---
	Total depth is 0. Total visited states: 1. Number of splits: 0. Number of pops: 0
	Max stack depth: 0
	--- Bound Tightening Statistics ---
	Number of tightened bounds: 0.
		Number of rows examined by row tightener: 0. Consequent tightenings: 0
		Number of explicit basis matrices examined by row tightener: 0. Consequent tightenings: 0
		Number of bound tightening rounds on the entire constraint matrix: 0. Consequent tightenings: 0
		Number of bound notifications sent to PL constraints: 732. Tightenings proposed: 0
	--- Basis Factorization statistics ---
	Number of basis refactorizations: 2
	--- Projected Steepest Edge Statistics ---
	Number of iterations: 0.
	Number of resets to reference space: 1. Avg. iterations per reset: 0
	--- SBT ---
	Number of tightened bounds: 385
	--- SoI-based local search ---
	Number of proposed phase pattern update: 0. Number of accepted update: 0 [0.00%]
	Total time (% of local search time) updating SoI phase pattern : 0 milli [0.00%]
	Total time obtaining current assignment: 0 milli [0.00%]
	Total time getting SoI phase pattern : 0 milli [0.00%]
	--- Context dependent statistics ---
	Number of pushes / pops: 0 / 0
		[0.00%] Pre-Push hook: 0 milli
		[0.00%] Push : 0 milli
		[0.00%] Post-Pop hook: 0 milli
		[0.00%] Pop : 0 milli
		[0.00%] Total context-switching time: 0 milli
	--- Proof Certificate ---
	Number of certified leaves: 0
	Number of leaves to delegate: 0

---

23:26:13 Statistics update:
	--- Time Statistics ---
	Total time elapsed: 17858 milli (00:00:17)
		Main loop: 17344 milli (00:00:17)
		Preprocessing time: 201 milli (00:00:00)
		Unknown: 312 milli (00:00:00)
	Breakdown for main loop:
		[66.73%] Simplex steps: 11574 milli
		[23.26%] Explicit-basis bound tightening: 4034 milli
		[0.00%] Constraint-matrix bound tightening: 0 milli
		[1.26%] Degradation checking: 218 milli
		[0.00%] Precision restoration: 0 milli
		[0.12%] Statistics handling: 20 milli
		[0.00%] Constraint-fixing steps: 0 milli
		[0.00%] Valid case splits: 0 milli. Average per split: 0.00 milli
		[0.01%] Applying stored bound-tightening: 1 milli
		[0.22%] SMT core: 38 milli
		[4.90%] Symbolic Bound Tightening: 849 milli
		[43.98%] SoI-based local search: 7628 milli
		[0.00%] SoI-based local search: 0 milli
		[3.51%] Unaccounted for: 608 milli
	--- Preprocessor Statistics ---
	Number of preprocessor bound-tightening loop iterations: 3
	Number of eliminated variables: 134
	Number of constraints removed due to variable elimination: 134
	Number of equations removed due to variable elimination: 0
	--- Engine Statistics ---
	Number of main loop iterations: 10000
		9815 iterations were simplex steps. Total time: 11574 milli. Average: 1.18 milli.
		0 iterations were constraint-fixing steps. Total time: 0 milli. Average: 0.00 milli
	Number of active piecewise-linear constraints: 59 / 122
		Constraints disabled by valid splits: 0. By SMT-originated splits: 63
	Last reported degradation: 0.0000000000. Max degradation so far: 0.0000087623. Restorations so far: 0
	Number of simplex pivots we attempted to skip because of instability: 0.
	Unstable pivots performed anyway: 0
	--- Tableau Statistics ---
	Total number of pivots performed: 7185
		Real pivots: 7174. Degenerate: 11 (0.15%)
		Degenerate pivots by request (e.g., to fix a PL constraint): 0 (0.00%)
		Average time per pivot: 0.25 milli
	Total number of fake pivots performed: 1833
	Total number of rows added: 0. Number of merged columns: 0
	Current tableau dimensions: M = 705, N = 2044
	--- SMT Core Statistics ---
	Total depth is 63. Total visited states: 105. Number of splits: 83. Number of pops: 21
	Max stack depth: 72
	--- Bound Tightening Statistics ---
	Number of tightened bounds: 19193.
		Number of rows examined by row tightener: 7185. Consequent tightenings: 74
		Number of explicit basis matrices examined by row tightener: 19. Consequent tightenings: 401
		Number of bound tightening rounds on the entire constraint matrix: 0. Consequent tightenings: 0
		Number of bound notifications sent to PL constraints: 1788. Tightenings proposed: 0
	--- Basis Factorization statistics ---
	Number of basis refactorizations: 45
	--- Projected Steepest Edge Statistics ---
	Number of iterations: 9018.
	Number of resets to reference space: 27. Avg. iterations per reset: 334
	--- SBT ---
	Number of tightened bounds: 19578
	--- SoI-based local search ---
	Number of proposed phase pattern update: 313. Number of accepted update: 230 [73.48%]
	Total time (% of local search time) updating SoI phase pattern : 27820 milli [0.36%]
	Total time obtaining current assignment: 80475 milli [1.05%]
	Total time getting SoI phase pattern : 9854 milli [0.06%]
	--- Context dependent statistics ---
	Number of pushes / pops: 104 / 41
		[0.05%] Pre-Push hook: 8 milli
		[0.00%] Push : 0 milli
		[0.01%] Post-Pop hook: 1 milli
		[0.01%] Pop : 1 milli
		[0.07%] Total context-switching time: 11 milli
	--- Proof Certificate ---
	Number of certified leaves: 0
	Number of leaves to delegate: 0

23:26:42 Statistics update:
	--- Time Statistics ---
	Total time elapsed: 46345 milli (00:00:46)
		Main loop: 45828 milli (00:00:45)
		Preprocessing time: 201 milli (00:00:00)
		Unknown: 315 milli (00:00:00)
	Breakdown for main loop:
		[53.47%] Simplex steps: 24506 milli
		[36.81%] Explicit-basis bound tightening: 16868 milli
		[0.00%] Constraint-matrix bound tightening: 0 milli
		[0.94%] Degradation checking: 428 milli
		[0.00%] Precision restoration: 0 milli
		[0.09%] Statistics handling: 41 milli
		[0.00%] Constraint-fixing steps: 0 milli
		[0.00%] Valid case splits: 2 milli. Average per split: 0.00 milli
		[0.00%] Applying stored bound-tightening: 1 milli
		[0.22%] SMT core: 99 milli
		[3.34%] Symbolic Bound Tightening: 1529 milli
		[27.15%] SoI-based local search: 12444 milli
		[0.00%] SoI-based local search: 0 milli
		[5.13%] Unaccounted for: 2351 milli
	--- Preprocessor Statistics ---
	Number of preprocessor bound-tightening loop iterations: 3
	Number of eliminated variables: 134
	Number of constraints removed due to variable elimination: 134
	Number of equations removed due to variable elimination: 0
	--- Engine Statistics ---
	Number of main loop iterations: 20000
		19717 iterations were simplex steps. Total time: 24506 milli. Average: 1.24 milli.
		0 iterations were constraint-fixing steps. Total time: 0 milli. Average: 0.00 milli
	Number of active piecewise-linear constraints: 64 / 122
		Constraints disabled by valid splits: 0. By SMT-originated splits: 58
	Last reported degradation: 0.0000000000. Max degradation so far: 0.0208126027. Restorations so far: 0
	Number of simplex pivots we attempted to skip because of instability: 0.
	Unstable pivots performed anyway: 0
	--- Tableau Statistics ---
	Total number of pivots performed: 15780
		Real pivots: 15760. Degenerate: 20 (0.13%)
		Degenerate pivots by request (e.g., to fix a PL constraint): 0 (0.00%)
		Average time per pivot: 0.30 milli
	Total number of fake pivots performed: 2459
	Total number of rows added: 0. Number of merged columns: 0
	Current tableau dimensions: M = 705, N = 2044
	--- SMT Core Statistics ---
	Total depth is 58. Total visited states: 191. Number of splits: 123. Number of pops: 67
	Max stack depth: 72
	--- Bound Tightening Statistics ---
	Number of tightened bounds: 33308.
		Number of rows examined by row tightener: 15780. Consequent tightenings: 1189
		Number of explicit basis matrices examined by row tightener: 79. Consequent tightenings: 3305
		Number of bound tightening rounds on the entire constraint matrix: 0. Consequent tightenings: 0
		Number of bound notifications sent to PL constraints: 4597. Tightenings proposed: 0
	--- Basis Factorization statistics ---
	Number of basis refactorizations: 116
	--- Projected Steepest Edge Statistics ---
	Number of iterations: 18239.
	Number of resets to reference space: 76. Avg. iterations per reset: 239
	--- SBT ---
	Number of tightened bounds: 33693
	--- SoI-based local search ---
	Number of proposed phase pattern update: 580. Number of accepted update: 457 [78.79%]
	Total time (% of local search time) updating SoI phase pattern : 42959 milli [0.35%]
	Total time obtaining current assignment: 144962 milli [1.16%]
	Total time getting SoI phase pattern : 15835 milli [0.03%]
	--- Context dependent statistics ---
	Number of pushes / pops: 190 / 132
		[0.03%] Pre-Push hook: 11 milli
		[0.00%] Push : 0 milli
		[0.01%] Post-Pop hook: 4 milli
		[0.01%] Pop : 3 milli
		[0.04%] Total context-switching time: 19 milli
	--- Proof Certificate ---
	Number of certified leaves: 0
	Number of leaves to delegate: 0
High degradation found!
Performing precision restoration. Degradation before: 0.225009257660110. After: 0.000000000004095

23:27:13 Statistics update:
	--- Time Statistics ---
	Total time elapsed: 77803 milli (00:01:17)
		Main loop: 77284 milli (00:01:17)
		Preprocessing time: 201 milli (00:00:00)
		Unknown: 318 milli (00:00:00)
	Breakdown for main loop:
		[48.61%] Simplex steps: 37565 milli
		[41.91%] Explicit-basis bound tightening: 32391 milli
		[0.00%] Constraint-matrix bound tightening: 0 milli
		[0.83%] Degradation checking: 638 milli
		[0.46%] Precision restoration: 357 milli
		[0.08%] Statistics handling: 62 milli
		[0.00%] Constraint-fixing steps: 0 milli
		[0.00%] Valid case splits: 3 milli. Average per split: 0.00 milli
		[0.00%] Applying stored bound-tightening: 2 milli
		[0.21%] SMT core: 159 milli
		[2.82%] Symbolic Bound Tightening: 2176 milli
		[22.35%] SoI-based local search: 17275 milli
		[0.00%] SoI-based local search: 0 milli
		[5.08%] Unaccounted for: 3927 milli
	--- Preprocessor Statistics ---
	Number of preprocessor bound-tightening loop iterations: 3
	Number of eliminated variables: 134
	Number of constraints removed due to variable elimination: 134
	Number of equations removed due to variable elimination: 0
	--- Engine Statistics ---
	Number of main loop iterations: 30000
		29608 iterations were simplex steps. Total time: 37565 milli. Average: 1.27 milli.
		0 iterations were constraint-fixing steps. Total time: 0 milli. Average: 0.00 milli
	Number of active piecewise-linear constraints: 64 / 122
		Constraints disabled by valid splits: 0. By SMT-originated splits: 58
	Last reported degradation: 0.0000000057. Max degradation so far: 0.2250092577. Restorations so far: 1
	Number of simplex pivots we attempted to skip because of instability: 0.
	Unstable pivots performed anyway: 0
	--- Tableau Statistics ---
	Total number of pivots performed: 24315
		Real pivots: 24288. Degenerate: 27 (0.11%)
		Degenerate pivots by request (e.g., to fix a PL constraint): 0 (0.00%)
		Average time per pivot: 0.31 milli
	Total number of fake pivots performed: 3204
	Total number of rows added: 0. Number of merged columns: 0
	Current tableau dimensions: M = 705, N = 2044
	--- SMT Core Statistics ---
	Total depth is 58. Total visited states: 273. Number of splits: 164. Number of pops: 108
	Max stack depth: 72
	--- Bound Tightening Statistics ---
	Number of tightened bounds: 47518.
		Number of rows examined by row tightener: 24315. Consequent tightenings: 2430
		Number of explicit basis matrices examined by row tightener: 148. Consequent tightenings: 8391
		Number of bound tightening rounds on the entire constraint matrix: 0. Consequent tightenings: 0
		Number of bound notifications sent to PL constraints: 6982. Tightenings proposed: 0
	--- Basis Factorization statistics ---
	Number of basis refactorizations: 186
	--- Projected Steepest Edge Statistics ---
	Number of iterations: 27519.
	Number of resets to reference space: 124. Avg. iterations per reset: 221
	--- SBT ---
	Number of tightened bounds: 47903
	--- SoI-based local search ---
	Number of proposed phase pattern update: 827. Number of accepted update: 663 [80.17%]
	Total time (% of local search time) updating SoI phase pattern : 58194 milli [0.34%]
	Total time obtaining current assignment: 207874 milli [1.20%]
	Total time getting SoI phase pattern : 21876 milli [0.03%]
	--- Context dependent statistics ---
	Number of pushes / pops: 272 / 214
		[0.02%] Pre-Push hook: 15 milli
		[0.00%] Push : 0 milli
		[0.01%] Post-Pop hook: 7 milli
		[0.01%] Pop : 7 milli
		[0.04%] Total context-switching time: 30 milli
	--- Proof Certificate ---
	Number of certified leaves: 0
	Number of leaves to delegate: 0
MalformedBasisException caught!
Performing precision restoration. Degradation before: 0.000000000002628. After: 0.000000000000240

23:27:44 Statistics update:
	--- Time Statistics ---
	Total time elapsed: 109024 milli (00:01:49)
		Main loop: 108501 milli (00:01:48)
		Preprocessing time: 201 milli (00:00:00)
		Unknown: 320 milli (00:00:00)
	Breakdown for main loop:
		[48.48%] Simplex steps: 52599 milli
		[42.06%] Explicit-basis bound tightening: 45635 milli
		[0.00%] Constraint-matrix bound tightening: 0 milli
		[0.79%] Degradation checking: 855 milli
		[0.51%] Precision restoration: 554 milli
		[0.08%] Statistics handling: 84 milli
		[0.00%] Constraint-fixing steps: 0 milli
		[0.00%] Valid case splits: 4 milli. Average per split: 0.00 milli
		[0.00%] Applying stored bound-tightening: 2 milli
		[0.21%] SMT core: 223 milli
		[2.61%] Symbolic Bound Tightening: 2826 milli
		[22.27%] SoI-based local search: 24160 milli
		[0.00%] SoI-based local search: 0 milli
		[5.27%] Unaccounted for: 5714 milli
	--- Preprocessor Statistics ---
	Number of preprocessor bound-tightening loop iterations: 3
	Number of eliminated variables: 134
	Number of constraints removed due to variable elimination: 134
	Number of equations removed due to variable elimination: 0
	--- Engine Statistics ---
	Number of main loop iterations: 40000
		39510 iterations were simplex steps. Total time: 52599 milli. Average: 1.33 milli.
		0 iterations were constraint-fixing steps. Total time: 0 milli. Average: 0.00 milli
	Number of active piecewise-linear constraints: 68 / 122
		Constraints disabled by valid splits: 0. By SMT-originated splits: 54
	Last reported degradation: 0.0000000000. Max degradation so far: 0.2250092577. Restorations so far: 2
	Number of simplex pivots we attempted to skip because of instability: 0.
	Unstable pivots performed anyway: 0
	--- Tableau Statistics ---
	Total number of pivots performed: 33106
		Real pivots: 33059. Degenerate: 47 (0.14%)
		Degenerate pivots by request (e.g., to fix a PL constraint): 0 (0.00%)
		Average time per pivot: 0.31 milli
	Total number of fake pivots performed: 3681
	Total number of rows added: 0. Number of merged columns: 0
	Current tableau dimensions: M = 705, N = 2044
	--- SMT Core Statistics ---
	Total depth is 54. Total visited states: 355. Number of splits: 203. Number of pops: 151
	Max stack depth: 72
	--- Bound Tightening Statistics ---
	Number of tightened bounds: 60977.
		Number of rows examined by row tightener: 33106. Consequent tightenings: 3150
		Number of explicit basis matrices examined by row tightener: 200. Consequent tightenings: 10996
		Number of bound tightening rounds on the entire constraint matrix: 0. Consequent tightenings: 0
		Number of bound notifications sent to PL constraints: 9000. Tightenings proposed: 0
	--- Basis Factorization statistics ---
	Number of basis refactorizations: 258
	--- Projected Steepest Edge Statistics ---
	Number of iterations: 36787.
	Number of resets to reference space: 172. Avg. iterations per reset: 213
	--- SBT ---
	Number of tightened bounds: 61362
	--- SoI-based local search ---
	Number of proposed phase pattern update: 1081. Number of accepted update: 878 [81.22%]
	Total time (% of local search time) updating SoI phase pattern : 72698 milli [0.30%]
	Total time obtaining current assignment: 271967 milli [1.13%]
	Total time getting SoI phase pattern : 28084 milli [0.03%]
	--- Context dependent statistics ---
	Number of pushes / pops: 354 / 300
		[0.02%] Pre-Push hook: 18 milli
		[0.00%] Push : 0 milli
		[0.01%] Post-Pop hook: 10 milli
		[0.01%] Pop : 12 milli
		[0.04%] Total context-switching time: 41 milli
	--- Proof Certificate ---
	Number of certified leaves: 0
	Number of leaves to delegate: 0

23:28:21 Statistics update:
	--- Time Statistics ---
	Total time elapsed: 145809 milli (00:02:25)
		Main loop: 145284 milli (00:02:25)
		Preprocessing time: 201 milli (00:00:00)
		Unknown: 324 milli (00:00:00)
	Breakdown for main loop:
		[47.15%] Simplex steps: 68500 milli
		[44.26%] Explicit-basis bound tightening: 64309 milli
		[0.00%] Constraint-matrix bound tightening: 0 milli
		[0.74%] Degradation checking: 1071 milli
		[0.38%] Precision restoration: 554 milli
		[0.07%] Statistics handling: 108 milli
		[0.00%] Constraint-fixing steps: 0 milli
		[0.00%] Valid case splits: 6 milli. Average per split: 0.00 milli
		[0.00%] Applying stored bound-tightening: 3 milli
		[0.20%] SMT core: 283 milli
		[2.37%] Symbolic Bound Tightening: 3438 milli
		[20.11%] SoI-based local search: 29215 milli
		[0.00%] SoI-based local search: 0 milli
		[4.82%] Unaccounted for: 7008 milli
	--- Preprocessor Statistics ---
	Number of preprocessor bound-tightening loop iterations: 3
	Number of eliminated variables: 134
	Number of constraints removed due to variable elimination: 134
	Number of equations removed due to variable elimination: 0
	--- Engine Statistics ---
	Number of main loop iterations: 50000
		49426 iterations were simplex steps. Total time: 68500 milli. Average: 1.39 milli.
		0 iterations were constraint-fixing steps. Total time: 0 milli. Average: 0.00 milli
	Number of active piecewise-linear constraints: 75 / 122
		Constraints disabled by valid splits: 0. By SMT-originated splits: 47
	Last reported degradation: 0.0000000000. Max degradation so far: 0.2250092577. Restorations so far: 2
	Number of simplex pivots we attempted to skip because of instability: 0.
	Unstable pivots performed anyway: 0
	--- Tableau Statistics ---
	Total number of pivots performed: 41874
		Real pivots: 41815. Degenerate: 59 (0.14%)
		Degenerate pivots by request (e.g., to fix a PL constraint): 0 (0.00%)
		Average time per pivot: 0.32 milli
	Total number of fake pivots performed: 4293
	Total number of rows added: 0. Number of merged columns: 0
	Current tableau dimensions: M = 705, N = 2044
	--- SMT Core Statistics ---
	Total depth is 47. Total visited states: 431. Number of splits: 238. Number of pops: 192
	Max stack depth: 72
	--- Bound Tightening Statistics ---
	Number of tightened bounds: 74836.
		Number of rows examined by row tightener: 41874. Consequent tightenings: 4149
		Number of explicit basis matrices examined by row tightener: 265. Consequent tightenings: 14763
		Number of bound tightening rounds on the entire constraint matrix: 0. Consequent tightenings: 0
		Number of bound notifications sent to PL constraints: 11971. Tightenings proposed: 0
	--- Basis Factorization statistics ---
	Number of basis refactorizations: 331
	--- Projected Steepest Edge Statistics ---
	Number of iterations: 46167.
	Number of resets to reference space: 216. Avg. iterations per reset: 213
	--- SBT ---
	Number of tightened bounds: 75221
	--- SoI-based local search ---
	Number of proposed phase pattern update: 1286. Number of accepted update: 1048 [81.49%]
	Total time (% of local search time) updating SoI phase pattern : 85832 milli [0.29%]
	Total time obtaining current assignment: 324279 milli [1.11%]
	Total time getting SoI phase pattern : 33321 milli [0.02%]
	--- Context dependent statistics ---
	Number of pushes / pops: 430 / 383
		[0.01%] Pre-Push hook: 21 milli
		[0.00%] Push : 0 milli
		[0.01%] Post-Pop hook: 13 milli
		[0.01%] Pop : 16 milli
		[0.03%] Total context-switching time: 50 milli
	--- Proof Certificate ---
	Number of certified leaves: 0
	Number of leaves to delegate: 0

23:28:56 Statistics update:
	--- Time Statistics ---
	Total time elapsed: 181100 milli (00:03:01)
		Main loop: 180572 milli (00:03:00)
		Preprocessing time: 201 milli (00:00:00)
		Unknown: 326 milli (00:00:00)
	Breakdown for main loop:
		[46.98%] Simplex steps: 84839 milli
		[44.13%] Explicit-basis bound tightening: 79678 milli
		[0.00%] Constraint-matrix bound tightening: 0 milli
		[0.71%] Degradation checking: 1290 milli
		[0.31%] Precision restoration: 554 milli
		[0.07%] Statistics handling: 132 milli
		[0.00%] Constraint-fixing steps: 0 milli
		[0.00%] Valid case splits: 7 milli. Average per split: 0.00 milli
		[0.00%] Applying stored bound-tightening: 3 milli
		[0.20%] SMT core: 352 milli
		[2.32%] Symbolic Bound Tightening: 4198 milli
		[20.02%] SoI-based local search: 36144 milli
		[0.00%] SoI-based local search: 0 milli
		[5.27%] Unaccounted for: 9513 milli
	--- Preprocessor Statistics ---
	Number of preprocessor bound-tightening loop iterations: 3
	Number of eliminated variables: 134
	Number of constraints removed due to variable elimination: 134
	Number of equations removed due to variable elimination: 0
	--- Engine Statistics ---
	Number of main loop iterations: 60000
		59299 iterations were simplex steps. Total time: 84839 milli. Average: 1.43 milli.
		0 iterations were constraint-fixing steps. Total time: 0 milli. Average: 0.00 milli
	Number of active piecewise-linear constraints: 76 / 122
		Constraints disabled by valid splits: 0. By SMT-originated splits: 46
	Last reported degradation: 0.0000000000. Max degradation so far: 0.2250092577. Restorations so far: 2
	Number of simplex pivots we attempted to skip because of instability: 0.
	Unstable pivots performed anyway: 0
	--- Tableau Statistics ---
	Total number of pivots performed: 50572
		Real pivots: 50508. Degenerate: 64 (0.13%)
		Degenerate pivots by request (e.g., to fix a PL constraint): 0 (0.00%)
		Average time per pivot: 0.32 milli
	Total number of fake pivots performed: 4825
	Total number of rows added: 0. Number of merged columns: 0
	Current tableau dimensions: M = 705, N = 2044
	--- SMT Core Statistics ---
	Total depth is 46. Total visited states: 525. Number of splits: 284. Number of pops: 240
	Max stack depth: 72
	--- Bound Tightening Statistics ---
	Number of tightened bounds: 92855.
		Number of rows examined by row tightener: 50572. Consequent tightenings: 5470
		Number of explicit basis matrices examined by row tightener: 323. Consequent tightenings: 16270
		Number of bound tightening rounds on the entire constraint matrix: 0. Consequent tightenings: 0
		Number of bound notifications sent to PL constraints: 14921. Tightenings proposed: 0
	--- Basis Factorization statistics ---
	Number of basis refactorizations: 405
	--- Projected Steepest Edge Statistics ---
	Number of iterations: 55397.
	Number of resets to reference space: 267. Avg. iterations per reset: 207
	--- SBT ---
	Number of tightened bounds: 93240
	--- SoI-based local search ---
	Number of proposed phase pattern update: 1547. Number of accepted update: 1263 [81.64%]
	Total time (% of local search time) updating SoI phase pattern : 102967 milli [0.28%]
	Total time obtaining current assignment: 391889 milli [1.08%]
	Total time getting SoI phase pattern : 40646 milli [0.02%]
	--- Context dependent statistics ---
	Number of pushes / pops: 524 / 478
		[0.01%] Pre-Push hook: 24 milli
		[0.00%] Push : 0 milli
		[0.01%] Post-Pop hook: 16 milli
		[0.01%] Pop : 19 milli
		[0.03%] Total context-switching time: 60 milli
	--- Proof Certificate ---
	Number of certified leaves: 0
	Number of leaves to delegate: 0

23:29:29 Statistics update:
	--- Time Statistics ---
	Total time elapsed: 213530 milli (00:03:33)
		Main loop: 212999 milli (00:03:32)
		Preprocessing time: 201 milli (00:00:00)
		Unknown: 329 milli (00:00:00)
	Breakdown for main loop:
		[47.36%] Simplex steps: 100880 milli
		[44.14%] Explicit-basis bound tightening: 94014 milli
		[0.00%] Constraint-matrix bound tightening: 0 milli
		[0.71%] Degradation checking: 1505 milli
		[0.26%] Precision restoration: 554 milli
		[0.07%] Statistics handling: 156 milli
		[0.00%] Constraint-fixing steps: 0 milli
		[0.00%] Valid case splits: 9 milli. Average per split: 0.00 milli
		[0.00%] Applying stored bound-tightening: 4 milli
		[0.19%] SMT core: 415 milli
		[2.31%] Symbolic Bound Tightening: 4926 milli
		[19.91%] SoI-based local search: 42411 milli
		[0.00%] SoI-based local search: 0 milli
		[4.94%] Unaccounted for: 10532 milli
	--- Preprocessor Statistics ---
	Number of preprocessor bound-tightening loop iterations: 3
	Number of eliminated variables: 134
	Number of constraints removed due to variable elimination: 134
	Number of equations removed due to variable elimination: 0
	--- Engine Statistics ---
	Number of main loop iterations: 70000
		69175 iterations were simplex steps. Total time: 100880 milli. Average: 1.46 milli.
		0 iterations were constraint-fixing steps. Total time: 0 milli. Average: 0.00 milli
	Number of active piecewise-linear constraints: 71 / 122
		Constraints disabled by valid splits: 0. By SMT-originated splits: 51
	Last reported degradation: 0.0000000000. Max degradation so far: 0.2250092577. Restorations so far: 2
	Number of simplex pivots we attempted to skip because of instability: 0.
	Unstable pivots performed anyway: 0
	--- Tableau Statistics ---
	Total number of pivots performed: 59328
		Real pivots: 59253. Degenerate: 75 (0.13%)
		Degenerate pivots by request (e.g., to fix a PL constraint): 0 (0.00%)
		Average time per pivot: 0.32 milli
	Total number of fake pivots performed: 5414
	Total number of rows added: 0. Number of merged columns: 0
	Current tableau dimensions: M = 705, N = 2044
	--- SMT Core Statistics ---
	Total depth is 51. Total visited states: 616. Number of splits: 332. Number of pops: 283
	Max stack depth: 72
	--- Bound Tightening Statistics ---
	Number of tightened bounds: 108626.
		Number of rows examined by row tightener: 59328. Consequent tightenings: 6709
		Number of explicit basis matrices examined by row tightener: 373. Consequent tightenings: 18651
		Number of bound tightening rounds on the entire constraint matrix: 0. Consequent tightenings: 0
		Number of bound notifications sent to PL constraints: 16634. Tightenings proposed: 0
	--- Basis Factorization statistics ---
	Number of basis refactorizations: 476
	--- Projected Steepest Edge Statistics ---
	Number of iterations: 64742.
	Number of resets to reference space: 312. Avg. iterations per reset: 207
	--- SBT ---
	Number of tightened bounds: 109011
	--- SoI-based local search ---
	Number of proposed phase pattern update: 1745. Number of accepted update: 1413 [80.97%]
	Total time (% of local search time) updating SoI phase pattern : 120965 milli [0.29%]
	Total time obtaining current assignment: 447324 milli [1.05%]
	Total time getting SoI phase pattern : 46185 milli [0.02%]
	--- Context dependent statistics ---
	Number of pushes / pops: 615 / 564
		[0.01%] Pre-Push hook: 28 milli
		[0.00%] Push : 0 milli
		[0.01%] Post-Pop hook: 19 milli
		[0.01%] Pop : 22 milli
		[0.03%] Total context-switching time: 70 milli
	--- Proof Certificate ---
	Number of certified leaves: 0
	Number of leaves to delegate: 0

23:30:07 Statistics update:
	--- Time Statistics ---
	Total time elapsed: 251852 milli (00:04:11)
		Main loop: 251231 milli (00:04:11)
		Preprocessing time: 201 milli (00:00:00)
		Unknown: 419 milli (00:00:00)
	Breakdown for main loop:
		[46.80%] Simplex steps: 117579 milli
		[44.97%] Explicit-basis bound tightening: 112977 milli
		[0.00%] Constraint-matrix bound tightening: 0 milli
		[0.69%] Degradation checking: 1725 milli
		[0.22%] Precision restoration: 554 milli
		[0.07%] Statistics handling: 180 milli
		[0.00%] Constraint-fixing steps: 0 milli
		[0.00%] Valid case splits: 10 milli. Average per split: 0.00 milli
		[0.00%] Applying stored bound-tightening: 4 milli
		[0.18%] SMT core: 460 milli
		[2.16%] Symbolic Bound Tightening: 5417 milli
		[19.16%] SoI-based local search: 48136 milli
		[0.00%] SoI-based local search: 0 milli
		[4.90%] Unaccounted for: 12320 milli
	--- Preprocessor Statistics ---
	Number of preprocessor bound-tightening loop iterations: 3
	Number of eliminated variables: 134
	Number of constraints removed due to variable elimination: 134
	Number of equations removed due to variable elimination: 0
	--- Engine Statistics ---
	Number of main loop iterations: 80000
		79097 iterations were simplex steps. Total time: 117579 milli. Average: 1.49 milli.
		0 iterations were constraint-fixing steps. Total time: 0 milli. Average: 0.00 milli
	Number of active piecewise-linear constraints: 72 / 122
		Constraints disabled by valid splits: 0. By SMT-originated splits: 50
	Last reported degradation: 0.0000000000. Max degradation so far: 0.2250092577. Restorations so far: 2
	Number of simplex pivots we attempted to skip because of instability: 0.
	Unstable pivots performed anyway: 0
	--- Tableau Statistics ---
	Total number of pivots performed: 68415
		Real pivots: 68330. Degenerate: 85 (0.12%)
		Degenerate pivots by request (e.g., to fix a PL constraint): 0 (0.00%)
		Average time per pivot: 0.33 milli
	Total number of fake pivots performed: 5796
	Total number of rows added: 0. Number of merged columns: 0
	Current tableau dimensions: M = 705, N = 2044
	--- SMT Core Statistics ---
	Total depth is 50. Total visited states: 677. Number of splits: 362. Number of pops: 314
	Max stack depth: 72
	--- Bound Tightening Statistics ---
	Number of tightened bounds: 118221.
		Number of rows examined by row tightener: 68415. Consequent tightenings: 8282
		Number of explicit basis matrices examined by row tightener: 441. Consequent tightenings: 21295
		Number of bound tightening rounds on the entire constraint matrix: 0. Consequent tightenings: 0
		Number of bound notifications sent to PL constraints: 18749. Tightenings proposed: 0
	--- Basis Factorization statistics ---
	Number of basis refactorizations: 555
	--- Projected Steepest Edge Statistics ---
	Number of iterations: 74211.
	Number of resets to reference space: 349. Avg. iterations per reset: 212
	--- SBT ---
	Number of tightened bounds: 118606
	--- SoI-based local search ---
	Number of proposed phase pattern update: 1922. Number of accepted update: 1559 [81.11%]
	Total time (% of local search time) updating SoI phase pattern : 133785 milli [0.28%]
	Total time obtaining current assignment: 494128 milli [1.03%]
	Total time getting SoI phase pattern : 51233 milli [0.02%]
	--- Context dependent statistics ---
	Number of pushes / pops: 676 / 626
		[0.01%] Pre-Push hook: 30 milli
		[0.00%] Push : 0 milli
		[0.01%] Post-Pop hook: 21 milli
		[0.01%] Pop : 25 milli
		[0.03%] Total context-switching time: 77 milli
	--- Proof Certificate ---
	Number of certified leaves: 0
	Number of leaves to delegate: 0

23:30:37 Statistics update:
	--- Time Statistics ---
	Total time elapsed: 281517 milli (00:04:41)
		Main loop: 280898 milli (00:04:40)
		Preprocessing time: 201 milli (00:00:00)
		Unknown: 416 milli (00:00:00)
	Breakdown for main loop:
		[47.65%] Simplex steps: 133851 milli
		[43.92%] Explicit-basis bound tightening: 123368 milli
		[0.00%] Constraint-matrix bound tightening: 0 milli
		[0.69%] Degradation checking: 1947 milli
		[0.20%] Precision restoration: 554 milli
		[0.07%] Statistics handling: 202 milli
		[0.00%] Constraint-fixing steps: 0 milli
		[0.00%] Valid case splits: 11 milli. Average per split: 0.00 milli
		[0.00%] Applying stored bound-tightening: 5 milli
		[0.19%] SMT core: 527 milli
		[2.20%] Symbolic Bound Tightening: 6169 milli
		[20.33%] SoI-based local search: 57107 milli
		[0.00%] SoI-based local search: 0 milli
		[5.08%] Unaccounted for: 14260 milli
	--- Preprocessor Statistics ---
	Number of preprocessor bound-tightening loop iterations: 3
	Number of eliminated variables: 134
	Number of constraints removed due to variable elimination: 134
	Number of equations removed due to variable elimination: 0
	--- Engine Statistics ---
	Number of main loop iterations: 90000
		88970 iterations were simplex steps. Total time: 133851 milli. Average: 1.50 milli.
		0 iterations were constraint-fixing steps. Total time: 0 milli. Average: 0.00 milli
	Number of active piecewise-linear constraints: 72 / 122
		Constraints disabled by valid splits: 0. By SMT-originated splits: 50
	Last reported degradation: 0.0000000000. Max degradation so far: 0.2250092577. Restorations so far: 2
	Number of simplex pivots we attempted to skip because of instability: 0.
	Unstable pivots performed anyway: 0
	--- Tableau Statistics ---
	Total number of pivots performed: 76955
		Real pivots: 76863. Degenerate: 92 (0.12%)
		Degenerate pivots by request (e.g., to fix a PL constraint): 0 (0.00%)
		Average time per pivot: 0.33 milli
	Total number of fake pivots performed: 6348
	Total number of rows added: 0. Number of merged columns: 0
	Current tableau dimensions: M = 705, N = 2044
	--- SMT Core Statistics ---
	Total depth is 50. Total visited states: 771. Number of splits: 409. Number of pops: 361
	Max stack depth: 72
	--- Bound Tightening Statistics ---
	Number of tightened bounds: 134471.
		Number of rows examined by row tightener: 76955. Consequent tightenings: 9610
		Number of explicit basis matrices examined by row tightener: 481. Consequent tightenings: 22055
		Number of bound tightening rounds on the entire constraint matrix: 0. Consequent tightenings: 0
		Number of bound notifications sent to PL constraints: 19926. Tightenings proposed: 0
	--- Basis Factorization statistics ---
	Number of basis refactorizations: 628
	--- Projected Steepest Edge Statistics ---
	Number of iterations: 83303.
	Number of resets to reference space: 400. Avg. iterations per reset: 208
	--- SBT ---
	Number of tightened bounds: 134856
	--- SoI-based local search ---
	Number of proposed phase pattern update: 2250. Number of accepted update: 1840 [81.78%]
	Total time (% of local search time) updating SoI phase pattern : 151244 milli [0.26%]
	Total time obtaining current assignment: 576525 milli [1.01%]
	Total time getting SoI phase pattern : 59847 milli [0.02%]
	--- Context dependent statistics ---
	Number of pushes / pops: 770 / 720
		[0.01%] Pre-Push hook: 34 milli
		[0.00%] Push : 0 milli
		[0.01%] Post-Pop hook: 25 milli
		[0.01%] Pop : 27 milli
		[0.03%] Total context-switching time: 87 milli
	--- Proof Certificate ---
	Number of certified leaves: 0
	Number of leaves to delegate: 0


Engine: quitting due to timeout...

Final statistics:

23:30:56 Statistics update:
	--- Time Statistics ---
	Total time elapsed: 301237 milli (00:05:01)
		Main loop: 300700 milli (00:05:00)
		Preprocessing time: 201 milli (00:00:00)
		Unknown: 335 milli (00:00:00)
	Breakdown for main loop:
		[47.49%] Simplex steps: 142814 milli
		[43.78%] Explicit-basis bound tightening: 131651 milli
		[0.00%] Constraint-matrix bound tightening: 0 milli
		[0.69%] Degradation checking: 2075 milli
		[0.18%] Precision restoration: 554 milli
		[0.07%] Statistics handling: 216 milli
		[0.00%] Constraint-fixing steps: 0 milli
		[0.00%] Valid case splits: 12 milli. Average per split: 0.00 milli
		[0.00%] Applying stored bound-tightening: 5 milli
		[0.19%] SMT core: 566 milli
		[2.20%] Symbolic Bound Tightening: 6605 milli
		[20.25%] SoI-based local search: 60906 milli
		[0.00%] SoI-based local search: 0 milli
		[5.39%] Unaccounted for: 16199 milli
	--- Preprocessor Statistics ---
	Number of preprocessor bound-tightening loop iterations: 3
	Number of eliminated variables: 134
	Number of constraints removed due to variable elimination: 134
	Number of equations removed due to variable elimination: 0
	--- Engine Statistics ---
	Number of main loop iterations: 95620
		94527 iterations were simplex steps. Total time: 142814 milli. Average: 1.51 milli.
		0 iterations were constraint-fixing steps. Total time: 0 milli. Average: 0.00 milli
	Number of active piecewise-linear constraints: 69 / 122
		Constraints disabled by valid splits: 0. By SMT-originated splits: 53
	Last reported degradation: 0.0000000000. Max degradation so far: 0.2250092577. Restorations so far: 2
	Number of simplex pivots we attempted to skip because of instability: 0.
	Unstable pivots performed anyway: 0
	--- Tableau Statistics ---
	Total number of pivots performed: 81779
		Real pivots: 81685. Degenerate: 94 (0.11%)
		Degenerate pivots by request (e.g., to fix a PL constraint): 0 (0.00%)
		Average time per pivot: 0.33 milli
	Total number of fake pivots performed: 6688
	Total number of rows added: 0. Number of merged columns: 0
	Current tableau dimensions: M = 705, N = 2044
	--- SMT Core Statistics ---
	Total depth is 53. Total visited states: 825. Number of splits: 437. Number of pops: 387
	Max stack depth: 72
	--- Bound Tightening Statistics ---
	Number of tightened bounds: 143988.
		Number of rows examined by row tightener: 81779. Consequent tightenings: 9960
		Number of explicit basis matrices examined by row tightener: 514. Consequent tightenings: 23777
		Number of bound tightening rounds on the entire constraint matrix: 0. Consequent tightenings: 0
		Number of bound notifications sent to PL constraints: 21773. Tightenings proposed: 0
	--- Basis Factorization statistics ---
	Number of basis refactorizations: 669
	--- Projected Steepest Edge Statistics ---
	Number of iterations: 88467.
	Number of resets to reference space: 427. Avg. iterations per reset: 207
	--- SBT ---
	Number of tightened bounds: 144373
	--- SoI-based local search ---
	Number of proposed phase pattern update: 2401. Number of accepted update: 1964 [81.80%]
	Total time (% of local search time) updating SoI phase pattern : 161339 milli [0.26%]
	Total time obtaining current assignment: 616088 milli [1.01%]
	Total time getting SoI phase pattern : 64160 milli [0.02%]
	--- Context dependent statistics ---
	Number of pushes / pops: 824 / 771
		[0.01%] Pre-Push hook: 36 milli
		[0.00%] Push : 0 milli
		[0.01%] Post-Pop hook: 26 milli
		[0.01%] Pop : 30 milli
		[0.03%] Total context-switching time: 93 milli
	--- Proof Certificate ---
	Number of certified leaves: 0
	Number of leaves to delegate: 0
Timeout
