InputQuery: /home/levn/Workspace/othello_world/queries/probe_robust/group_3/game_19_target_28_eps_0.1.txt
Engine::processInputQuery: Input query (before preprocessing): 449 equations, 1216 variables
Engine::processInputQuery: Input query (after preprocessing): 705 equations, 1367 variables

Input bounds:
	x0: [ -1.8221,  -1.6221] 
	x1: [  1.5073,   1.7073] 
	x2: [ -0.9319,  -0.7319] 
	x3: [  1.9305,   2.1305] 
	x4: [ -0.0620,   0.1380] 
	x5: [ -0.6946,  -0.4946] 
	x6: [  0.3374,   0.5374] 
	x7: [  0.6467,   0.8467] 
	x8: [ -3.7106,  -3.5106] 
	x9: [  1.3603,   1.5603] 
	x10: [ -2.0715,  -1.8715] 
	x11: [ -1.7221,  -1.5221] 
	x12: [  0.3030,   0.5030] 
	x13: [ -0.9575,  -0.7575] 
	x14: [  1.9684,   2.1684] 
	x15: [ -0.6340,  -0.4340] 
	x16: [ -2.9709,  -2.7709] 
	x17: [ -1.4149,  -1.2149] 
	x18: [  1.4665,   1.6665] 
	x19: [  1.4765,   1.6765] 
	x20: [  0.9241,   1.1241] 
	x21: [  0.2846,   0.4846] 
	x22: [ -0.4044,  -0.2044] 
	x23: [  1.9147,   2.1147] 
	x24: [ -0.3320,  -0.1320] 
	x25: [ -2.3244,  -2.1244] 
	x26: [  3.1543,   3.3543] 
	x27: [ -0.8786,  -0.6786] 
	x28: [  2.2816,   2.4816] 
	x29: [  0.3793,   0.5793] 
	x30: [  0.4742,   0.6742] 
	x31: [ -1.9504,  -1.7504] 
	x32: [  0.4130,   0.6130] 
	x33: [ -0.0799,   0.1201] 
	x34: [ -0.6674,  -0.4674] 
	x35: [ -3.6968,  -3.4968] 
	x36: [ -0.6064,  -0.4064] 
	x37: [ -1.0870,  -0.8870] 
	x38: [  1.2064,   1.4064] 
	x39: [ -1.7319,  -1.5319] 
	x40: [  0.8284,   1.0284] 
	x41: [  0.5179,   0.7179] 
	x42: [  0.2166,   0.4166] 
	x43: [  0.9483,   1.1483] 
	x44: [  1.9686,   2.1686] 
	x45: [ -1.5978,  -1.3978] 
	x46: [ -1.7303,  -1.5303] 
	x47: [ -1.4103,  -1.2103] 
	x48: [  0.9607,   1.1607] 
	x49: [  1.0007,   1.2007] 
	x50: [ -0.4235,  -0.2235] 
	x51: [ -0.3366,  -0.1366] 
	x52: [ -1.9220,  -1.7220] 
	x53: [  0.7435,   0.9435] 
	x54: [  0.1452,   0.3452] 
	x55: [  1.6121,   1.8121] 
	x56: [  0.9149,   1.1149] 
	x57: [ -0.8123,  -0.6123] 
	x58: [  1.5930,   1.7930] 
	x59: [  1.9510,   2.1510] 
	x60: [ -0.0304,   0.1696] 
	x61: [  2.4527,   2.6527] 
	x62: [  0.4862,   0.6862] 
	x63: [ -2.1998,  -1.9998] 
	x64: [  0.9777,   1.1777] 
	x65: [ -0.6988,  -0.4988] 
	x66: [ -1.9020,  -1.7020] 
	x67: [  1.0669,   1.2669] 
	x68: [  1.5084,   1.7084] 
	x69: [  0.4670,   0.6670] 
	x70: [ -0.1162,   0.0838] 
	x71: [  0.7853,   0.9853] 
	x72: [ -0.7292,  -0.5292] 
	x73: [  0.6082,   0.8082] 
	x74: [  0.8793,   1.0793] 
	x75: [  0.6329,   0.8329] 
	x76: [  0.6885,   0.8885] 
	x77: [ -0.4607,  -0.2607] 
	x78: [ -0.0509,   0.1491] 
	x79: [  1.4514,   1.6514] 
	x80: [ -1.3060,  -1.1060] 
	x81: [ -1.2316,  -1.0316] 
	x82: [  1.9493,   2.1493] 
	x83: [ -1.5671,  -1.3671] 
	x84: [ -1.5378,  -1.3378] 
	x85: [  1.7915,   1.9915] 
	x86: [  2.2823,   2.4823] 
	x87: [ -3.8770,  -3.6770] 
	x88: [ -0.8377,  -0.6377] 
	x89: [  0.9041,   1.1041] 
	x90: [ -0.8893,  -0.6893] 
	x91: [ -1.2693,  -1.0693] 
	x92: [  1.3685,   1.5685] 
	x93: [ -1.6238,  -1.4238] 
	x94: [ -2.2694,  -2.0694] 
	x95: [  2.8393,   3.0393] 
	x96: [  1.2133,   1.4133] 
	x97: [  0.1058,   0.3058] 
	x98: [ -2.6236,  -2.4236] 
	x99: [  2.6475,   2.8475] 
	x100: [ -0.6197,  -0.4197] 
	x101: [  0.3612,   0.5612] 
	x102: [ -2.9759,  -2.7759] 
	x103: [  0.5737,   0.7737] 
	x104: [ -0.5116,  -0.3116] 
	x105: [  2.1013,   2.3013] 
	x106: [ -1.7108,  -1.5108] 
	x107: [  0.5976,   0.7976] 
	x108: [  2.6376,   2.8376] 
	x109: [ -3.5119,  -3.3119] 
	x110: [ -0.5667,  -0.3667] 
	x111: [ -0.5367,  -0.3367] 
	x112: [  0.5671,   0.7671] 
	x113: [ -1.0719,  -0.8719] 
	x114: [ -0.5448,  -0.3448] 
	x115: [  0.4065,   0.6065] 
	x116: [ -0.0663,   0.1337] 
	x117: [  0.1380,   0.3380] 
	x118: [ -2.1309,  -1.9309] 
	x119: [  1.4648,   1.6648] 
	x120: [ -0.7092,  -0.5092] 
	x121: [  2.0700,   2.2700] 
	x122: [  1.5871,   1.7871] 
	x123: [ -1.3941,  -1.1941] 
	x124: [ -0.1690,   0.0310] 
	x125: [  2.1276,   2.3276] 
	x126: [  1.4647,   1.6647] 
	x127: [ -2.6573,  -2.4573] 
	x128: [ -0.9099,  -0.7099] 
	x129: [ -3.5467,  -3.3467] 
	x130: [ -1.2138,  -1.0138] 
	x131: [  0.5490,   0.7490] 
	x132: [  0.0234,   0.2234] 
	x133: [  1.3265,   1.5265] 
	x134: [  2.5208,   2.7208] 
	x135: [ -1.4591,  -1.2591] 
	x136: [ -1.3759,  -1.1759] 
	x137: [  0.8998,   1.0998] 
	x138: [  0.4180,   0.6180] 
	x139: [ -0.3818,  -0.1818] 
	x140: [  2.0971,   2.2971] 
	x141: [  1.1665,   1.3665] 
	x142: [  0.3182,   0.5182] 
	x143: [ -1.9761,  -1.7761] 
	x144: [ -0.4118,  -0.2118] 
	x145: [ -0.8909,  -0.6909] 
	x146: [  0.3054,   0.5054] 
	x147: [ -0.5964,  -0.3964] 
	x148: [ -1.2729,  -1.0729] 
	x149: [ -2.3800,  -2.1800] 
	x150: [ -2.2997,  -2.0997] 
	x151: [  1.1714,   1.3714] 
	x152: [ -1.8672,  -1.6672] 
	x153: [  0.0713,   0.2713] 
	x154: [  0.8520,   1.0520] 
	x155: [ -2.1177,  -1.9177] 
	x156: [  0.8340,   1.0340] 
	x157: [  0.4471,   0.6471] 
	x158: [  0.7399,   0.9399] 
	x159: [  0.3192,   0.5192] 
	x160: [  0.7691,   0.9691] 
	x161: [ -1.7126,  -1.5126] 
	x162: [ -0.5781,  -0.3781] 
	x163: [  0.6853,   0.8853] 
	x164: [ -0.6854,  -0.4854] 
	x165: [  1.1712,   1.3712] 
	x166: [ -3.1165,  -2.9165] 
	x167: [  3.3128,   3.5128] 
	x168: [ -1.2775,  -1.0775] 
	x169: [  0.2712,   0.4712] 
	x170: [  0.5877,   0.7877] 
	x171: [ -2.1601,  -1.9601] 
	x172: [ -0.6790,  -0.4790] 
	x173: [  0.2993,   0.4993] 
	x174: [ -0.9757,  -0.7757] 
	x175: [  1.6660,   1.8660] 
	x176: [ -0.1657,   0.0343] 
	x177: [  1.2337,   1.4337] 
	x178: [ -2.0302,  -1.8302] 
	x179: [ -1.8573,  -1.6573] 
	x180: [ -1.2856,  -1.0856] 
	x181: [ -2.6807,  -2.4807] 
	x182: [  1.1590,   1.3590] 
	x183: [  0.4277,   0.6277] 
	x184: [  0.4873,   0.6873] 
	x185: [ -1.3065,  -1.1065] 
	x186: [  0.9632,   1.1632] 
	x187: [ -0.9129,  -0.7129] 
	x188: [ -0.0565,   0.1435] 
	x189: [  1.2192,   1.4192] 
	x190: [ -2.6637,  -2.4637] 
	x191: [ -0.3621,  -0.1621] 
	x192: [  0.4150,   0.6150] 
	x193: [  1.1651,   1.3651] 
	x194: [  2.5061,   2.7061] 
	x195: [  3.1994,   3.3994] 
	x196: [ -3.2477,  -3.0477] 
	x197: [  0.5464,   0.7464] 
	x198: [  1.0835,   1.2835] 
	x199: [  0.9040,   1.1040] 
	x200: [ -1.6920,  -1.4920] 
	x201: [ -0.6636,  -0.4636] 
	x202: [ -2.7082,  -2.5082] 
	x203: [ -1.6527,  -1.4527] 
	x204: [  2.0468,   2.2468] 
	x205: [ -1.4880,  -1.2880] 
	x206: [ -0.3791,  -0.1791] 
	x207: [ -0.8767,  -0.6767] 
	x208: [  0.7001,   0.9001] 
	x209: [ -1.3043,  -1.1043] 
	x210: [  0.6527,   0.8527] 
	x211: [ -1.3968,  -1.1968] 
	x212: [  1.7133,   1.9133] 
	x213: [  3.2468,   3.4468] 
	x214: [ -2.1468,  -1.9468] 
	x215: [ -0.4974,  -0.2974] 
	x216: [ -0.2242,  -0.0242] 
	x217: [ -1.6980,  -1.4980] 
	x218: [  1.5826,   1.7826] 
	x219: [ -0.7622,  -0.5622] 
	x220: [ -1.7985,  -1.5985] 
	x221: [ -0.6121,  -0.4121] 
	x222: [  1.7763,   1.9763] 
	x223: [  0.8410,   1.0410] 
	x224: [ -1.6570,  -1.4570] 
	x225: [  0.4436,   0.6436] 
	x226: [  1.8754,   2.0754] 
	x227: [ -0.1778,   0.0222] 
	x228: [ -0.9943,  -0.7943] 
	x229: [ -0.7873,  -0.5873] 
	x230: [ -0.5300,  -0.3300] 
	x231: [ -0.3691,  -0.1691] 
	x232: [  2.5531,   2.7531] 
	x233: [ -0.3738,  -0.1738] 
	x234: [ -2.6091,  -2.4091] 
	x235: [ -0.7915,  -0.5915] 
	x236: [ -1.5817,  -1.3817] 
	x237: [ -2.1283,  -1.9283] 
	x238: [ -2.9351,  -2.7351] 
	x239: [  5.4175,   5.6175] 
	x240: [  0.5054,   0.7054] 
	x241: [ -3.2547,  -3.0547] 
	x242: [  0.6840,   0.8840] 
	x243: [ -2.2759,  -2.0759] 
	x244: [  1.2247,   1.4247] 
	x245: [ -1.1056,  -0.9056] 
	x246: [ -0.7259,  -0.5259] 
	x247: [ -0.8098,  -0.6098] 
	x248: [ -1.5927,  -1.3927] 
	x249: [ -1.0275,  -0.8275] 
	x250: [  1.7619,   1.9619] 
	x251: [ -0.0944,   0.1056] 
	x252: [  1.4385,   1.6385] 
	x253: [ -0.6116,  -0.4116] 
	x254: [  1.4810,   1.6810] 
	x255: [  1.5916,   1.7916] 
	x256: [  0.0351,   0.2351] 
	x257: [ -0.8504,  -0.6504] 
	x258: [ -2.4502,  -2.2502] 
	x259: [ -1.2594,  -1.0594] 
	x260: [ -1.1969,  -0.9969] 
	x261: [  0.5781,   0.7781] 
	x262: [ -1.3839,  -1.1839] 
	x263: [  0.6990,   0.8990] 
	x264: [  0.1191,   0.3191] 
	x265: [ -2.2176,  -2.0176] 
	x266: [ -0.0669,   0.1331] 
	x267: [ -2.1013,  -1.9013] 
	x268: [ -1.2613,  -1.0613] 
	x269: [  0.1573,   0.3573] 
	x270: [  1.3766,   1.5766] 
	x271: [ -1.4263,  -1.2263] 
	x272: [  1.3680,   1.5680] 
	x273: [  2.0391,   2.2391] 
	x274: [ -1.9472,  -1.7472] 
	x275: [ -0.9949,  -0.7949] 
	x276: [ -0.1614,   0.0386] 
	x277: [ -0.1402,   0.0598] 
	x278: [ -2.1777,  -1.9777] 
	x279: [  3.1620,   3.3620] 
	x280: [ -0.3856,  -0.1856] 
	x281: [  0.5917,   0.7917] 
	x282: [ -2.3614,  -2.1614] 
	x283: [ -2.7831,  -2.5831] 
	x284: [  0.6596,   0.8596] 
	x285: [  0.8312,   1.0312] 
	x286: [ -1.5563,  -1.3563] 
	x287: [  0.1412,   0.3412] 
	x288: [ -1.3724,  -1.1724] 
	x289: [ -1.7283,  -1.5283] 
	x290: [ -1.4971,  -1.2971] 
	x291: [ -0.7109,  -0.5109] 
	x292: [  1.2545,   1.4545] 
	x293: [  0.6075,   0.8075] 
	x294: [  1.6077,   1.8077] 
	x295: [ -0.8075,  -0.6075] 
	x296: [ -0.5677,  -0.3677] 
	x297: [ -2.5103,  -2.3103] 
	x298: [ -5.4834,  -5.2834] 
	x299: [  0.2880,   0.4880] 
	x300: [ -2.2835,  -2.0835] 
	x301: [  0.5842,   0.7842] 
	x302: [  1.7489,   1.9489] 
	x303: [ -4.1877,  -3.9877] 
	x304: [  1.0120,   1.2120] 
	x305: [ -2.2621,  -2.0621] 
	x306: [ -3.6606,  -3.4606] 
	x307: [ -0.6253,  -0.4253] 
	x308: [ -1.9015,  -1.7015] 
	x309: [  1.5688,   1.7688] 
	x310: [  1.8768,   2.0768] 
	x311: [ -1.9152,  -1.7152] 
	x312: [  0.1718,   0.3718] 
	x313: [ -3.2649,  -3.0649] 
	x314: [ -0.6262,  -0.4262] 
	x315: [ -0.9225,  -0.7225] 
	x316: [  0.1783,   0.3783] 
	x317: [  0.4493,   0.6493] 
	x318: [  0.0739,   0.2739] 
	x319: [ -1.2781,  -1.0781] 
	x320: [ -1.9076,  -1.7076] 
	x321: [  1.4091,   1.6091] 
	x322: [  0.2245,   0.4245] 
	x323: [ -1.2792,  -1.0792] 
	x324: [  0.0356,   0.2356] 
	x325: [  0.1230,   0.3230] 
	x326: [ -0.7811,  -0.5811] 
	x327: [  1.1717,   1.3717] 
	x328: [ -0.5075,  -0.3075] 
	x329: [  1.1156,   1.3156] 
	x330: [  1.2511,   1.4511] 
	x331: [ -0.3365,  -0.1365] 
	x332: [  1.4046,   1.6046] 
	x333: [  0.6067,   0.8067] 
	x334: [ -0.6075,  -0.4075] 
	x335: [ -1.5049,  -1.3049] 
	x336: [  1.6316,   1.8316] 
	x337: [  1.8038,   2.0038] 
	x338: [  1.6581,   1.8581] 
	x339: [  0.4507,   0.6507] 
	x340: [ -1.1644,  -0.9644] 
	x341: [ -1.6893,  -1.4893] 
	x342: [  2.3116,   2.5116] 
	x343: [  0.6314,   0.8314] 
	x344: [  1.6499,   1.8499] 
	x345: [  0.1877,   0.3877] 
	x346: [  1.2135,   1.4135] 
	x347: [  0.4688,   0.6688] 
	x348: [  0.6397,   0.8397] 
	x349: [ -0.7545,  -0.5545] 
	x350: [ -3.6655,  -3.4655] 
	x351: [ -1.7777,  -1.5777] 
	x352: [ -1.0129,  -0.8129] 
	x353: [  2.2967,   2.4967] 
	x354: [  0.5727,   0.7727] 
	x355: [  1.5388,   1.7388] 
	x356: [ -0.6288,  -0.4288] 
	x357: [  1.5151,   1.7151] 
	x358: [  0.1002,   0.3002] 
	x359: [ -2.5899,  -2.3899] 
	x360: [ -1.5757,  -1.3757] 
	x361: [ -0.9618,  -0.7618] 
	x362: [ -2.0903,  -1.8903] 
	x363: [  0.0429,   0.2429] 
	x364: [ -0.2713,  -0.0713] 
	x365: [ -0.6312,  -0.4312] 
	x366: [  0.5692,   0.7692] 
	x367: [ -0.9642,  -0.7642] 
	x368: [  1.5840,   1.7840] 
	x369: [  1.6408,   1.8408] 
	x370: [  0.2631,   0.4631] 
	x371: [  0.8571,   1.0571] 
	x372: [  0.1742,   0.3742] 
	x373: [ -1.6723,  -1.4723] 
	x374: [  0.1591,   0.3591] 
	x375: [ -1.5494,  -1.3494] 
	x376: [  1.0941,   1.2941] 
	x377: [  0.4049,   0.6049] 
	x378: [ -0.4762,  -0.2762] 
	x379: [  0.4100,   0.6100] 
	x380: [  1.0397,   1.2397] 
	x381: [  0.3011,   0.5011] 
	x382: [ -1.7066,  -1.5066] 
	x383: [ -0.4718,  -0.2718] 
	x384: [  0.8989,   1.0989] 
	x385: [ -1.5751,  -1.3751] 
	x386: [ -3.2578,  -3.0578] 
	x387: [ -1.3260,  -1.1260] 
	x388: [ -1.8039,  -1.6039] 
	x389: [ -3.9726,  -3.7726] 
	x390: [ -1.0385,  -0.8385] 
	x391: [ -0.2963,  -0.0963] 
	x392: [  0.7953,   0.9953] 
	x393: [  0.8206,   1.0206] 
	x394: [  0.4139,   0.6139] 
	x395: [ -0.4785,  -0.2785] 
	x396: [  1.0475,   1.2475] 
	x397: [ -0.9645,  -0.7645] 
	x398: [  1.2386,   1.4386] 
	x399: [ -0.2699,  -0.0699] 
	x400: [ -0.1507,   0.0493] 
	x401: [ -0.5057,  -0.3057] 
	x402: [ -0.1822,   0.0178] 
	x403: [ -0.4292,  -0.2292] 
	x404: [ -1.4386,  -1.2386] 
	x405: [ -0.9733,  -0.7733] 
	x406: [  2.9985,   3.1985] 
	x407: [  0.5788,   0.7788] 
	x408: [  0.9008,   1.1008] 
	x409: [  0.3800,   0.5800] 
	x410: [ -1.5443,  -1.3443] 
	x411: [  2.0348,   2.2348] 
	x412: [ -1.3838,  -1.1838] 
	x413: [ -0.8640,  -0.6640] 
	x414: [ -0.7184,  -0.5184] 
	x415: [  0.9202,   1.1202] 
	x416: [ -3.0922,  -2.8922] 
	x417: [  1.4553,   1.6553] 
	x418: [ -0.4629,  -0.2629] 
	x419: [ -0.2784,  -0.0784] 
	x420: [ -0.8154,  -0.6154] 
	x421: [  0.0329,   0.2329] 
	x422: [ -1.8935,  -1.6935] 
	x423: [ -3.6697,  -3.4697] 
	x424: [ -1.6227,  -1.4227] 
	x425: [ -1.3315,  -1.1315] 
	x426: [ -0.6588,  -0.4588] 
	x427: [ -1.0416,  -0.8416] 
	x428: [ -2.8952,  -2.6952] 
	x429: [  3.4139,   3.6139] 
	x430: [  1.1980,   1.3980] 
	x431: [  1.9614,   2.1614] 
	x432: [ -1.5956,  -1.3956] 
	x433: [ -1.6935,  -1.4935] 
	x434: [ -0.0251,   0.1749] 
	x435: [ -0.8747,  -0.6747] 
	x436: [  0.9267,   1.1267] 
	x437: [ -1.8841,  -1.6841] 
	x438: [ -0.6781,  -0.4781] 
	x439: [ -0.3783,  -0.1783] 
	x440: [  0.8978,   1.0978] 
	x441: [  1.6849,   1.8849] 
	x442: [ -0.7893,  -0.5893] 
	x443: [ -1.9013,  -1.7013] 
	x444: [ -2.1806,  -1.9806] 
	x445: [  0.2588,   0.4588] 
	x446: [  0.0203,   0.2203] 
	x447: [ -0.0509,   0.1491] 
	x448: [ -1.8186,  -1.6186] 
	x449: [  1.9233,   2.1233] 
	x450: [  0.5869,   0.7869] 
	x451: [ -0.5543,  -0.3543] 
	x452: [  1.2674,   1.4674] 
	x453: [ -2.2183,  -2.0183] 
	x454: [ -2.4697,  -2.2697] 
	x455: [ -1.3488,  -1.1488] 
	x456: [  0.8730,   1.0730] 
	x457: [ -0.0048,   0.1952] 
	x458: [ -3.3972,  -3.1972] 
	x459: [ -1.9886,  -1.7886] 
	x460: [  1.6146,   1.8146] 
	x461: [  2.1117,   2.3117] 
	x462: [ -0.2193,  -0.0193] 
	x463: [ -1.2724,  -1.0724] 
	x464: [ -0.2977,  -0.0977] 
	x465: [  0.4040,   0.6040] 
	x466: [  1.6924,   1.8924] 
	x467: [ -3.6960,  -3.4960] 
	x468: [  0.6362,   0.8362] 
	x469: [  2.0505,   2.2505] 
	x470: [ -0.7189,  -0.5189] 
	x471: [  0.2493,   0.4493] 
	x472: [ -0.3318,  -0.1318] 
	x473: [ -1.3354,  -1.1354] 
	x474: [ -2.4021,  -2.2021] 
	x475: [  0.2585,   0.4585] 
	x476: [ -1.2618,  -1.0618] 
	x477: [ -1.5212,  -1.3212] 
	x478: [  1.1139,   1.3139] 
	x479: [  2.4299,   2.6299] 
	x480: [ -1.3294,  -1.1294] 
	x481: [  0.0020,   0.2020] 
	x482: [ -1.4456,  -1.2456] 
	x483: [ -0.4350,  -0.2350] 
	x484: [  0.5804,   0.7804] 
	x485: [  0.9005,   1.1005] 
	x486: [ -0.3803,  -0.1803] 
	x487: [ -0.8604,  -0.6604] 
	x488: [  1.6076,   1.8076] 
	x489: [  0.3935,   0.5935] 
	x490: [ -1.2389,  -1.0389] 
	x491: [  1.0087,   1.2087] 
	x492: [  1.3065,   1.5065] 
	x493: [  1.7585,   1.9585] 
	x494: [ -0.3363,  -0.1363] 
	x495: [  1.9570,   2.1570] 
	x496: [ -2.0826,  -1.8826] 
	x497: [  0.3854,   0.5854] 
	x498: [ -1.9936,  -1.7936] 
	x499: [  0.4467,   0.6467] 
	x500: [ -1.6862,  -1.4862] 
	x501: [  2.1854,   2.3854] 
	x502: [ -1.7515,  -1.5515] 
	x503: [ -1.2193,  -1.0193] 
	x504: [  0.2339,   0.4339] 
	x505: [  2.6969,   2.8969] 
	x506: [ -0.8457,  -0.6457] 
	x507: [ -1.9447,  -1.7447] 
	x508: [  0.5925,   0.7925] 
	x509: [  0.4309,   0.6309] 
	x510: [ -1.2428,  -1.0428] 
	x511: [  0.5084,   0.7084] 

Branching heuristics set to PseudoImpact

Engine::solve: Initial statistics

23:25:48 Statistics update:
	--- Time Statistics ---
	Total time elapsed: 485 milli (00:00:00)
		Main loop: 0 milli (00:00:00)
		Preprocessing time: 196 milli (00:00:00)
		Unknown: 289 milli (00:00:00)
	Breakdown for main loop:
		[0.00%] Simplex steps: 0 milli
		[0.00%] Explicit-basis bound tightening: 0 milli
		[0.00%] Constraint-matrix bound tightening: 0 milli
		[0.00%] Degradation checking: 0 milli
		[0.00%] Precision restoration: 0 milli
		[0.00%] Statistics handling: 0 milli
		[0.00%] Constraint-fixing steps: 0 milli
		[0.00%] Valid case splits: 0 milli. Average per split: 0.00 milli
		[0.00%] Applying stored bound-tightening: 0 milli
		[0.00%] SMT core: 0 milli
		[0.00%] Symbolic Bound Tightening: 12 milli
		[0.00%] SoI-based local search: 0 milli
		[0.00%] SoI-based local search: 0 milli
		[0.00%] Unaccounted for: 0 milli
	--- Preprocessor Statistics ---
	Number of preprocessor bound-tightening loop iterations: 3
	Number of eliminated variables: 106
	Number of constraints removed due to variable elimination: 106
	Number of equations removed due to variable elimination: 0
	--- Engine Statistics ---
	Number of main loop iterations: 1
		0 iterations were simplex steps. Total time: 0 milli. Average: 0.00 milli.
		0 iterations were constraint-fixing steps. Total time: 0 milli. Average: 0.00 milli
	Number of active piecewise-linear constraints: 150 / 150
		Constraints disabled by valid splits: 0. By SMT-originated splits: 0
	Last reported degradation: 0.0000000000. Max degradation so far: 0.0000000000. Restorations so far: 0
	Number of simplex pivots we attempted to skip because of instability: 0.
	Unstable pivots performed anyway: 0
	--- Tableau Statistics ---
	Total number of pivots performed: 0
		Real pivots: 0. Degenerate: 0 (0.00%)
		Degenerate pivots by request (e.g., to fix a PL constraint): 0 (0.00%)
		Average time per pivot: 0.00 milli
	Total number of fake pivots performed: 0
	Total number of rows added: 0. Number of merged columns: 0
	Current tableau dimensions: M = 705, N = 2072
	--- SMT Core Statistics ---
	Total depth is 0. Total visited states: 1. Number of splits: 0. Number of pops: 0
	Max stack depth: 0
	--- Bound Tightening Statistics ---
	Number of tightened bounds: 0.
		Number of rows examined by row tightener: 0. Consequent tightenings: 0
		Number of explicit basis matrices examined by row tightener: 0. Consequent tightenings: 0
		Number of bound tightening rounds on the entire constraint matrix: 0. Consequent tightenings: 0
		Number of bound notifications sent to PL constraints: 900. Tightenings proposed: 0
	--- Basis Factorization statistics ---
	Number of basis refactorizations: 2
	--- Projected Steepest Edge Statistics ---
	Number of iterations: 0.
	Number of resets to reference space: 1. Avg. iterations per reset: 0
	--- SBT ---
	Number of tightened bounds: 385
	--- SoI-based local search ---
	Number of proposed phase pattern update: 0. Number of accepted update: 0 [0.00%]
	Total time (% of local search time) updating SoI phase pattern : 0 milli [0.00%]
	Total time obtaining current assignment: 0 milli [0.00%]
	Total time getting SoI phase pattern : 0 milli [0.00%]
	--- Context dependent statistics ---
	Number of pushes / pops: 0 / 0
		[0.00%] Pre-Push hook: 0 milli
		[0.00%] Push : 0 milli
		[0.00%] Post-Pop hook: 0 milli
		[0.00%] Pop : 0 milli
		[0.00%] Total context-switching time: 0 milli
	--- Proof Certificate ---
	Number of certified leaves: 0
	Number of leaves to delegate: 0

---

Engine::solve: sat assignment found

23:25:50 Statistics update:
	--- Time Statistics ---
	Total time elapsed: 2231 milli (00:00:02)
		Main loop: 1745 milli (00:00:01)
		Preprocessing time: 196 milli (00:00:00)
		Unknown: 289 milli (00:00:00)
	Breakdown for main loop:
		[31.42%] Simplex steps: 548 milli
		[67.40%] Explicit-basis bound tightening: 1176 milli
		[0.00%] Constraint-matrix bound tightening: 0 milli
		[0.50%] Degradation checking: 8 milli
		[0.00%] Precision restoration: 0 milli
		[0.03%] Statistics handling: 0 milli
		[0.00%] Constraint-fixing steps: 0 milli
		[0.00%] Valid case splits: 0 milli. Average per split: 0.00 milli
		[0.00%] Applying stored bound-tightening: 0 milli
		[0.00%] SMT core: 0 milli
		[1.20%] Symbolic Bound Tightening: 21 milli
		[3.01%] SoI-based local search: 52 milli
		[0.00%] SoI-based local search: 0 milli
		[1056523628422325.62%] Unaccounted for: 0 milli
	--- Preprocessor Statistics ---
	Number of preprocessor bound-tightening loop iterations: 3
	Number of eliminated variables: 106
	Number of constraints removed due to variable elimination: 106
	Number of equations removed due to variable elimination: 0
	--- Engine Statistics ---
	Number of main loop iterations: 485
		483 iterations were simplex steps. Total time: 548 milli. Average: 1.13 milli.
		0 iterations were constraint-fixing steps. Total time: 0 milli. Average: 0.00 milli
	Number of active piecewise-linear constraints: 150 / 150
		Constraints disabled by valid splits: 0. By SMT-originated splits: 0
	Last reported degradation: 0.0000000000. Max degradation so far: 0.0000000000. Restorations so far: 0
	Number of simplex pivots we attempted to skip because of instability: 0.
	Unstable pivots performed anyway: 0
	--- Tableau Statistics ---
	Total number of pivots performed: 446
		Real pivots: 446. Degenerate: 0 (0.00%)
		Degenerate pivots by request (e.g., to fix a PL constraint): 0 (0.00%)
		Average time per pivot: 0.24 milli
	Total number of fake pivots performed: 35
	Total number of rows added: 0. Number of merged columns: 0
	Current tableau dimensions: M = 705, N = 2072
	--- SMT Core Statistics ---
	Total depth is 0. Total visited states: 1. Number of splits: 0. Number of pops: 0
	Max stack depth: 0
	--- Bound Tightening Statistics ---
	Number of tightened bounds: 0.
		Number of rows examined by row tightener: 446. Consequent tightenings: 0
		Number of explicit basis matrices examined by row tightener: 5. Consequent tightenings: 271
		Number of bound tightening rounds on the entire constraint matrix: 0. Consequent tightenings: 0
		Number of bound notifications sent to PL constraints: 1800. Tightenings proposed: 0
	--- Basis Factorization statistics ---
	Number of basis refactorizations: 5
	--- Projected Steepest Edge Statistics ---
	Number of iterations: 481.
	Number of resets to reference space: 1. Avg. iterations per reset: 481
	--- SBT ---
	Number of tightened bounds: 385
	--- SoI-based local search ---
	Number of proposed phase pattern update: 0. Number of accepted update: 1 [0.00%]
	Total time (% of local search time) updating SoI phase pattern : 379 milli [0.72%]
	Total time obtaining current assignment: 155 milli [0.29%]
	Total time getting SoI phase pattern : 59 milli [0.00%]
	--- Context dependent statistics ---
	Number of pushes / pops: 0 / 0
		[0.00%] Pre-Push hook: 0 milli
		[0.00%] Push : 0 milli
		[0.00%] Post-Pop hook: 0 milli
		[0.00%] Pop : 0 milli
		[0.00%] Total context-switching time: 0 milli
	--- Proof Certificate ---
	Number of certified leaves: 0
	Number of leaves to delegate: 0
sat
Input assignment:
	x0 = -1.622084
	x1 = 1.707317
	x2 = -0.931856
	x3 = 2.130486
	x4 = -0.062040
	x5 = -0.494601
	x6 = 0.537447
	x7 = 0.846717
	x8 = -3.510644
	x9 = 1.360294
	x10 = -2.071507
	x11 = -1.722101
	x12 = 0.503042
	x13 = -0.757490
	x14 = 1.968437
	x15 = -0.633982
	x16 = -2.770890
	x17 = -1.414919
	x18 = 1.666455
	x19 = 1.676523
	x20 = 0.924109
	x21 = 0.484556
	x22 = -0.404392
	x23 = 1.914686
	x24 = -0.331970
	x25 = -2.124413
	x26 = 3.354263
	x27 = -0.878574
	x28 = 2.281554
	x29 = 0.579301
	x30 = 0.474188
	x31 = -1.950405
	x32 = 0.613013
	x33 = -0.079927
	x34 = -0.467433
	x35 = -3.496812
	x36 = -0.406393
	x37 = -0.886960
	x38 = 1.406370
	x39 = -1.531900
	x40 = 0.828356
	x41 = 0.717923
	x42 = 0.416564
	x43 = 1.148328
	x44 = 2.168594
	x45 = -1.397823
	x46 = -1.530298
	x47 = -1.210299
	x48 = 1.160730
	x49 = 1.200736
	x50 = -0.223485
	x51 = -0.136590
	x52 = -1.922027
	x53 = 0.743524
	x54 = 0.145216
	x55 = 1.812139
	x56 = 1.114945
	x57 = -0.612315
	x58 = 1.793005
	x59 = 1.950996
	x60 = 0.169594
	x61 = 2.652716
	x62 = 0.686156
	x63 = -2.199773
	x64 = 1.177680
	x65 = -0.498767
	x66 = -1.701952
	x67 = 1.266861
	x68 = 1.508396
	x69 = 0.466976
	x70 = 0.083835
	x71 = 0.985255
	x72 = -0.529174
	x73 = 0.608195
	x74 = 1.079327
	x75 = 0.832896
	x76 = 0.888456
	x77 = -0.260735
	x78 = -0.050938
	x79 = 1.451407
	x80 = -1.305951
	x81 = -1.231558
	x82 = 2.149267
	x83 = -1.567121
	x84 = -1.337816
	x85 = 1.791534
	x86 = 2.482341
	x87 = -3.677013
	x88 = -0.637682
	x89 = 0.904106
	x90 = -0.689329
	x91 = -1.069300
	x92 = 1.368466
	x93 = -1.423789
	x94 = -2.069407
	x95 = 2.839263
	x96 = 1.213302
	x97 = 0.105812
	x98 = -2.623561
	x99 = 2.847487
	x100 = -0.419685
	x101 = 0.561212
	x102 = -2.975928
	x103 = 0.773672
	x104 = -0.311570
	x105 = 2.301271
	x106 = -1.710790
	x107 = 0.797574
	x108 = 2.837572
	x109 = -3.311879
	x110 = -0.566705
	x111 = -0.336701
	x112 = 0.767051
	x113 = -1.071861
	x114 = -0.344841
	x115 = 0.606490
	x116 = -0.066296
	x117 = 0.338045
	x118 = -1.930857
	x119 = 1.464794
	x120 = -0.509178
	x121 = 2.070030
	x122 = 1.701658
	x123 = -1.394149
	x124 = 0.031039
	x125 = 2.327554
	x126 = 1.664731
	x127 = -2.657335
	x128 = -0.709894
	x129 = -3.346672
	x130 = -1.213762
	x131 = 0.549011
	x132 = 0.223398
	x133 = 1.526467
	x134 = 2.520844
	x135 = -1.259051
	x136 = -1.175929
	x137 = 1.099777
	x138 = 0.418027
	x139 = -0.181827
	x140 = 2.097094
	x141 = 1.166508
	x142 = 0.518192
	x143 = -1.776118
	x144 = -0.211753
	x145 = -0.890926
	x146 = 0.505436
	x147 = -0.396422
	x148 = -1.272880
	x149 = -2.179966
	x150 = -2.299737
	x151 = 1.171415
	x152 = -1.667229
	x153 = 0.071312
	x154 = 1.052043
	x155 = -2.117681
	x156 = 1.034010
	x157 = 0.447123
	x158 = 0.739943
	x159 = 0.519190
	x160 = 0.969083
	x161 = -1.712601
	x162 = -0.378099
	x163 = 0.885262
	x164 = -0.485437
	x165 = 1.371180
	x166 = -2.916450
	x167 = 3.512794
	x168 = -1.077465
	x169 = 0.471172
	x170 = 0.787708
	x171 = -1.960071
	x172 = -0.679033
	x173 = 0.499321
	x174 = -0.775712
	x175 = 1.865988
	x176 = -0.165656
	x177 = 1.433707
	x178 = -2.030164
	x179 = -1.657322
	x180 = -1.085555
	x181 = -2.480727
	x182 = 1.159031
	x183 = 0.627690
	x184 = 0.687279
	x185 = -1.106486
	x186 = 0.963170
	x187 = -0.912850
	x188 = -0.056521
	x189 = 1.419152
	x190 = -2.463728
	x191 = -0.162141
	x192 = 0.614973
	x193 = 1.165126
	x194 = 2.706064
	x195 = 3.399414
	x196 = -3.247693
	x197 = 0.546402
	x198 = 1.283481
	x199 = 1.103967
	x200 = -1.691992
	x201 = -0.663559
	x202 = -2.708228
	x203 = -1.652698
	x204 = 2.046792
	x205 = -1.287993
	x206 = -0.179113
	x207 = -0.676702
	x208 = 0.900072
	x209 = -1.104306
	x210 = 0.852745
	x211 = -1.196782
	x212 = 1.913315
	x213 = 3.246802
	x214 = -1.946793
	x215 = -0.297400
	x216 = -0.024167
	x217 = -1.697957
	x218 = 1.582638
	x219 = -0.562238
	x220 = -1.598545
	x221 = -0.612089
	x222 = 1.976272
	x223 = 0.841007
	x224 = -1.457034
	x225 = 0.643581
	x226 = 2.075360
	x227 = -0.177848
	x228 = -0.794280
	x229 = -0.587305
	x230 = -0.529957
	x231 = -0.169057
	x232 = 2.553101
	x233 = -0.173828
	x234 = -2.609103
	x235 = -0.591494
	x236 = -1.581728
	x237 = -1.928319
	x238 = -2.935131
	x239 = 5.417521
	x240 = 0.705407
	x241 = -3.054708
	x242 = 0.884037
	x243 = -2.275863
	x244 = 1.224750
	x245 = -0.905616
	x246 = -0.525930
	x247 = -0.609785
	x248 = -1.392666
	x249 = -1.027470
	x250 = 1.961917
	x251 = 0.105578
	x252 = 1.638461
	x253 = -0.411575
	x254 = 1.480954
	x255 = 1.791610
	x256 = 0.235051
	x257 = -0.650359
	x258 = -2.450191
	x259 = -1.059353
	x260 = -0.996913
	x261 = 0.778055
	x262 = -1.183879
	x263 = 0.699017
	x264 = 0.319124
	x265 = -2.217606
	x266 = 0.069248
	x267 = -1.901335
	x268 = -1.061257
	x269 = 0.357252
	x270 = 1.376603
	x271 = -1.226290
	x272 = 1.568050
	x273 = 2.039053
	x274 = -1.747189
	x275 = -0.994944
	x276 = 0.038645
	x277 = 0.059791
	x278 = -1.977698
	x279 = 3.361986
	x280 = -0.185587
	x281 = 0.791724
	x282 = -2.361443
	x283 = -2.583133
	x284 = 0.859605
	x285 = 0.831162
	x286 = -1.556277
	x287 = 0.141250
	x288 = -1.172420
	x289 = -1.528290
	x290 = -1.497105
	x291 = -0.510877
	x292 = 1.254471
	x293 = 0.607492
	x294 = 1.607681
	x295 = -0.607547
	x296 = -0.567744
	x297 = -2.310284
	x298 = -5.283376
	x299 = 0.487971
	x300 = -2.283532
	x301 = 0.584217
	x302 = 1.748912
	x303 = -4.187695
	x304 = 1.212032
	x305 = -2.062131
	x306 = -3.660627
	x307 = -0.425285
	x308 = -1.701532
	x309 = 1.568784
	x310 = 1.876845
	x311 = -1.915248
	x312 = 0.371776
	x313 = -3.064856
	x314 = -0.426218
	x315 = -0.722508
	x316 = 0.178298
	x317 = 0.449324
	x318 = 0.073925
	x319 = -1.278055
	x320 = -1.907617
	x321 = 1.409118
	x322 = 0.424515
	x323 = -1.279183
	x324 = 0.035602
	x325 = 0.322979
	x326 = -0.581076
	x327 = 1.371705
	x328 = -0.307519
	x329 = 1.115643
	x330 = 1.451061
	x331 = -0.136533
	x332 = 1.604642
	x333 = 0.606693
	x334 = -0.607520
	x335 = -1.304863
	x336 = 1.831554
	x337 = 1.803775
	x338 = 1.858058
	x339 = 0.450723
	x340 = -0.964352
	x341 = -1.689292
	x342 = 2.311551
	x343 = 0.831387
	x344 = 1.649931
	x345 = 0.387740
	x346 = 1.213482
	x347 = 0.468768
	x348 = 0.639694
	x349 = -0.754475
	x350 = -3.465471
	x351 = -1.577746
	x352 = -0.812861
	x353 = 2.496708
	x354 = 0.772656
	x355 = 1.538846
	x356 = -0.628831
	x357 = 1.515070
	x358 = 0.300156
	x359 = -2.389896
	x360 = -1.375746
	x361 = -0.761834
	x362 = -1.890269
	x363 = 0.242870
	x364 = -0.071319
	x365 = -0.603949
	x366 = 0.769160
	x367 = -0.764247
	x368 = 1.584011
	x369 = 1.640784
	x370 = 0.463076
	x371 = 1.057102
	x372 = 0.174225
	x373 = -1.472290
	x374 = 0.359118
	x375 = -1.349415
	x376 = 1.294079
	x377 = 0.404854
	x378 = -0.276241
	x379 = 0.410037
	x380 = 1.239731
	x381 = 0.501065
	x382 = -1.506640
	x383 = -0.471757
	x384 = 0.898938
	x385 = -1.375089
	x386 = -3.057833
	x387 = -1.325963
	x388 = -1.803924
	x389 = -3.972622
	x390 = -0.838475
	x391 = -0.096348
	x392 = 0.795302
	x393 = 0.820609
	x394 = 0.613860
	x395 = -0.478518
	x396 = 1.247501
	x397 = -0.764530
	x398 = 1.238593
	x399 = -0.269892
	x400 = -0.150701
	x401 = -0.305728
	x402 = 0.017753
	x403 = -0.229180
	x404 = -1.438629
	x405 = -0.773319
	x406 = 2.998453
	x407 = 0.578828
	x408 = 0.900815
	x409 = 0.380011
	x410 = -1.344260
	x411 = 2.234759
	x412 = -1.183805
	x413 = -0.663963
	x414 = -0.518363
	x415 = 0.920170
	x416 = -2.892193
	x417 = 1.455323
	x418 = -0.462949
	x419 = -0.078354
	x420 = -0.615376
	x421 = 0.232896
	x422 = -1.893519
	x423 = -3.469738
	x424 = -1.622746
	x425 = -1.131495
	x426 = -0.458805
	x427 = -1.041640
	x428 = -2.695191
	x429 = 3.413883
	x430 = 1.397966
	x431 = 1.961399
	x432 = -1.395632
	x433 = -1.693474
	x434 = -0.025115
	x435 = -0.674721
	x436 = 1.126742
	x437 = -1.684107
	x438 = -0.478084
	x439 = -0.378263
	x440 = 0.897751
	x441 = 1.884851
	x442 = -0.789321
	x443 = -1.701272
	x444 = -2.180602
	x445 = 0.258773
	x446 = 0.220265
	x447 = 0.149126
	x448 = -1.618552
	x449 = 1.923274
	x450 = 0.786872
	x451 = -0.354295
	x452 = 1.267419
	x453 = -2.018298
	x454 = -2.269712
	x455 = -1.148848
	x456 = 0.872980
	x457 = -0.004807
	x458 = -3.197169
	x459 = -1.788648
	x460 = 1.614637
	x461 = 2.111709
	x462 = -0.219302
	x463 = -1.072415
	x464 = -0.097654
	x465 = 0.604014
	x466 = 1.692399
	x467 = -3.496037
	x468 = 0.836203
	x469 = 2.250455
	x470 = -0.718865
	x471 = 0.249295
	x472 = -0.331816
	x473 = -1.135427
	x474 = -2.202097
	x475 = 0.258472
	x476 = -1.061774
	x477 = -1.321156
	x478 = 1.113932
	x479 = 2.429947
	x480 = -1.129418
	x481 = 0.202039
	x482 = -1.445587
	x483 = -0.235036
	x484 = 0.580383
	x485 = 0.900459
	x486 = -0.180342
	x487 = -0.860394
	x488 = 1.607624
	x489 = 0.593507
	x490 = -1.038923
	x491 = 1.062566
	x492 = 1.306529
	x493 = 1.758514
	x494 = -0.136262
	x495 = 2.156992
	x496 = -2.082636
	x497 = 0.585372
	x498 = -1.993591
	x499 = 0.446685
	x500 = -1.486218
	x501 = 2.385412
	x502 = -1.551507
	x503 = -1.019320
	x504 = 0.233907
	x505 = 2.896938
	x506 = -0.845657
	x507 = -1.744693
	x508 = 0.792456
	x509 = 0.630881
	x510 = -1.242807
	x511 = 0.508449

Output:
	y0 = -6.014351
	y1 = 8.384658
	y2 = -7.987019
	y3 = -7.931499
	y4 = 4.935374
	y5 = -7.790239
	y6 = -6.526785
	y7 = 8.369598
	y8 = -5.689507
	y9 = -6.394450
	y10 = 4.591727
	y11 = -7.347882
	y12 = -8.221347
	y13 = 17.144054
	y14 = -7.723323
	y15 = -5.622137
	y16 = 7.873090
	y17 = -6.775180
	y18 = -5.998178
	y19 = 6.240994
	y20 = -4.797393
	y21 = -7.095949
	y22 = 4.583834
	y23 = -8.880211
	y24 = -5.861229
	y25 = 3.121893
	y26 = -7.232844
	y27 = -8.776019
	y28 = 6.069259
	y29 = -8.084442
	y30 = -5.958140
	y31 = 18.532111
	y32 = -6.449577
	y33 = -0.811834
	y34 = 6.360767
	y35 = -0.576878
	y36 = 3.257030
	y37 = -6.666120
	y38 = 0.597887
	y39 = -5.476764
	y40 = 20.143440
	y41 = -5.082348
	y42 = -10.773328
	y43 = 15.385442
	y44 = -10.734699
	y45 = -5.467435
	y46 = 3.796387
	y47 = -5.380202
	y48 = -5.234670
	y49 = 8.761802
	y50 = -6.457701
	y51 = -4.897643
	y52 = 8.341082
	y53 = -4.323719
	y54 = 0.405081
	y55 = -15.263048
	y56 = 2.923951
	y57 = 3.005467
	y58 = -11.492483
	y59 = -1.341380
	y60 = 0.883858
	y61 = -11.550080
	y62 = 2.825503
	y63 = 4.922529
	y64 = -9.511641
	y65 = 1.653186
	y66 = -5.381116
	y67 = 9.585881
	y68 = -5.068811
	y69 = -6.305970
	y70 = 5.106951
	y71 = -6.250338
	y72 = -4.385993
	y73 = 6.057897
	y74 = -5.588580
	y75 = -5.550197
	y76 = 21.910328
	y77 = -3.390243
	y78 = 3.048522
	y79 = -9.534097
	y80 = 0.653636
	y81 = 9.869328
	y82 = -13.618992
	y83 = 7.100915
	y84 = 6.710579
	y85 = -12.637960
	y86 = 6.710569
	y87 = 2.848954
	y88 = -8.088125
	y89 = 1.592006
	y90 = -4.948597
	y91 = 19.645472
	y92 = -5.153464
	y93 = -4.489307
	y94 = 5.679612
	y95 = -5.666642
	y96 = -5.181957
	y97 = 3.057454
	y98 = -4.792444
	y99 = -3.227832
	y100 = 6.007740
	y101 = -2.651477
	y102 = -1.196956
	y103 = 8.485903
	y104 = -1.564745
	y105 = 10.113544
	y106 = -11.494663
	y107 = 7.607748
	y108 = 5.135181
	y109 = -14.179524
	y110 = 10.260834
	y111 = -0.638102
	y112 = -5.575706
	y113 = 3.587169
	y114 = -4.899794
	y115 = 19.049161
	y116 = -5.337353
	y117 = -5.393080
	y118 = 9.083633
	y119 = -6.691226
	y120 = -2.990555
	y121 = 6.341343
	y122 = -5.276859
	y123 = -4.401515
	y124 = 7.029738
	y125 = -3.445799
	y126 = -5.979838
	y127 = 22.853783
	y128 = -5.875482
	y129 = 2.857056
	y130 = -3.231335
	y131 = 0.802964
	y132 = -0.918952
	y133 = 5.572853
	y134 = 1.879477
	y135 = -2.152542
	y136 = -3.191337
	y137 = 2.511958
	y138 = -4.018302
	y139 = 3.892133
	y140 = -4.628667
	y141 = -3.205431
	y142 = 7.279466
	y143 = -3.367983
	y144 = -6.499223
	y145 = 4.366936
	y146 = -7.037464
	y147 = -7.283540
	y148 = 4.063525
	y149 = -7.224173
	y150 = -8.062653
	y151 = 23.415995
	y152 = -6.990125
	y153 = -2.816701
	y154 = 9.861198
	y155 = -2.337975
	y156 = -3.698483
	y157 = 7.690658
	y158 = -3.114098
	y159 = -4.397363
	y160 = 5.740640
	y161 = -7.156767
	y162 = -8.074164
	y163 = 6.255629
	y164 = -6.105327
	y165 = -5.636503
	y166 = 5.816063
	y167 = -6.289036
	y168 = -6.508148
	y169 = 9.043018
	y170 = -8.095782
	y171 = -8.883884
	y172 = 5.887376
	y173 = -7.027350
	y174 = -5.458524
	y175 = 5.107969
	y176 = -2.529940
	y177 = -5.619946
	y178 = 7.755714
	y179 = -4.154490
	y180 = -8.280899
	y181 = 6.877421
	y182 = -7.503387
	y183 = -8.220348
	y184 = 8.115755
	y185 = -8.521706
	y186 = -6.711304
	y187 = 6.534668
	y188 = -7.721876
	y189 = -9.605750
	y190 = 9.077985
	y191 = -8.177338

