InputQuery: /home/levn/Workspace/othello_world/queries/probe_robust/group_3/game_35_target_17_eps_0.1.txt
Engine::processInputQuery: Input query (before preprocessing): 449 equations, 1216 variables
Engine::processInputQuery: Input query (after preprocessing): 705 equations, 1315 variables

Input bounds:
	x0: [  1.2045,   1.4045] 
	x1: [  0.5974,   0.7974] 
	x2: [ -1.6848,  -1.4848] 
	x3: [  0.0436,   0.2436] 
	x4: [ -0.9704,  -0.7704] 
	x5: [  1.2155,   1.4155] 
	x6: [ -1.4055,  -1.2055] 
	x7: [ -0.5434,  -0.3434] 
	x8: [  1.0950,   1.2950] 
	x9: [ -0.1381,   0.0619] 
	x10: [  1.7684,   1.9684] 
	x11: [ -1.0653,  -0.8653] 
	x12: [  3.0139,   3.2139] 
	x13: [ -0.4943,  -0.2943] 
	x14: [  3.1136,   3.3136] 
	x15: [  0.6507,   0.8507] 
	x16: [  0.8823,   1.0823] 
	x17: [  2.2856,   2.4856] 
	x18: [ -0.4913,  -0.2913] 
	x19: [  0.7840,   0.9840] 
	x20: [  0.2704,   0.4704] 
	x21: [  1.1389,   1.3389] 
	x22: [ -1.0000,  -0.8000] 
	x23: [  1.4776,   1.6776] 
	x24: [ -1.6386,  -1.4386] 
	x25: [ -1.5062,  -1.3062] 
	x26: [  0.8914,   1.0914] 
	x27: [  3.0395,   3.2395] 
	x28: [ -2.5962,  -2.3962] 
	x29: [  1.0646,   1.2646] 
	x30: [  2.3972,   2.5972] 
	x31: [ -0.5808,  -0.3808] 
	x32: [  0.6852,   0.8852] 
	x33: [  1.0739,   1.2739] 
	x34: [  0.0775,   0.2775] 
	x35: [ -1.1033,  -0.9033] 
	x36: [ -0.4585,  -0.2585] 
	x37: [ -2.3362,  -2.1362] 
	x38: [ -2.0118,  -1.8118] 
	x39: [ -3.1340,  -2.9340] 
	x40: [  0.0941,   0.2941] 
	x41: [ -0.4464,  -0.2464] 
	x42: [ -1.0844,  -0.8844] 
	x43: [  0.1805,   0.3805] 
	x44: [ -2.7055,  -2.5055] 
	x45: [ -1.4284,  -1.2284] 
	x46: [  0.1578,   0.3578] 
	x47: [ -0.5800,  -0.3800] 
	x48: [ -0.5219,  -0.3219] 
	x49: [ -0.6002,  -0.4002] 
	x50: [  2.6846,   2.8846] 
	x51: [ -0.6483,  -0.4483] 
	x52: [  0.0310,   0.2310] 
	x53: [ -0.7480,  -0.5480] 
	x54: [  1.9500,   2.1500] 
	x55: [  1.2248,   1.4248] 
	x56: [  1.2035,   1.4035] 
	x57: [  0.4963,   0.6963] 
	x58: [ -0.4412,  -0.2412] 
	x59: [ -0.3049,  -0.1049] 
	x60: [  0.8460,   1.0460] 
	x61: [  0.0728,   0.2728] 
	x62: [ -0.8231,  -0.6231] 
	x63: [ -1.0603,  -0.8603] 
	x64: [  0.7496,   0.9496] 
	x65: [  0.3390,   0.5390] 
	x66: [ -2.0274,  -1.8274] 
	x67: [ -0.9884,  -0.7884] 
	x68: [ -0.1002,   0.0998] 
	x69: [ -0.4308,  -0.2308] 
	x70: [  0.0517,   0.2517] 
	x71: [  0.3968,   0.5968] 
	x72: [ -1.1820,  -0.9820] 
	x73: [ -0.2896,  -0.0896] 
	x74: [ -2.9155,  -2.7155] 
	x75: [ -2.2548,  -2.0548] 
	x76: [  0.0540,   0.2540] 
	x77: [ -0.5372,  -0.3372] 
	x78: [ -1.6896,  -1.4896] 
	x79: [  1.4472,   1.6472] 
	x80: [ -3.5923,  -3.3923] 
	x81: [  1.4640,   1.6640] 
	x82: [  0.3253,   0.5253] 
	x83: [ -2.9514,  -2.7514] 
	x84: [  2.1427,   2.3427] 
	x85: [ -0.3214,  -0.1214] 
	x86: [ -0.8343,  -0.6343] 
	x87: [ -0.7342,  -0.5342] 
	x88: [ -1.8703,  -1.6703] 
	x89: [  1.7598,   1.9598] 
	x90: [ -2.8758,  -2.6758] 
	x91: [ -2.2270,  -2.0270] 
	x92: [  0.6424,   0.8424] 
	x93: [  2.0517,   2.2517] 
	x94: [ -2.7584,  -2.5584] 
	x95: [  1.4584,   1.6584] 
	x96: [  1.7251,   1.9251] 
	x97: [  0.5989,   0.7989] 
	x98: [ -0.4124,  -0.2124] 
	x99: [ -0.3972,  -0.1972] 
	x100: [ -1.5606,  -1.3606] 
	x101: [ -0.2691,  -0.0691] 
	x102: [ -0.0581,   0.1419] 
	x103: [ -1.1274,  -0.9274] 
	x104: [  1.0199,   1.2199] 
	x105: [  0.9263,   1.1263] 
	x106: [  0.7681,   0.9681] 
	x107: [  0.1104,   0.3104] 
	x108: [  0.2481,   0.4481] 
	x109: [ -1.1835,  -0.9835] 
	x110: [ -1.7531,  -1.5531] 
	x111: [  0.3525,   0.5525] 
	x112: [ -0.4040,  -0.2040] 
	x113: [  0.5982,   0.7982] 
	x114: [  0.8989,   1.0989] 
	x115: [ -1.8050,  -1.6050] 
	x116: [ -1.5226,  -1.3226] 
	x117: [ -0.0849,   0.1151] 
	x118: [  0.5343,   0.7343] 
	x119: [  0.1969,   0.3969] 
	x120: [  1.2497,   1.4497] 
	x121: [ -3.7398,  -3.5398] 
	x122: [  2.0127,   2.2127] 
	x123: [ -1.2432,  -1.0432] 
	x124: [ -0.0807,   0.1193] 
	x125: [ -2.8856,  -2.6856] 
	x126: [ -0.6046,  -0.4046] 
	x127: [ -0.0174,   0.1826] 
	x128: [ -0.0071,   0.1929] 
	x129: [ -0.5122,  -0.3122] 
	x130: [  0.3708,   0.5708] 
	x131: [ -0.7382,  -0.5382] 
	x132: [  0.8482,   1.0482] 
	x133: [  0.8292,   1.0292] 
	x134: [  1.0216,   1.2216] 
	x135: [ -0.2494,  -0.0494] 
	x136: [ -0.0755,   0.1245] 
	x137: [ -1.6189,  -1.4189] 
	x138: [  0.8582,   1.0582] 
	x139: [ -1.9986,  -1.7986] 
	x140: [  1.7019,   1.9019] 
	x141: [  3.1810,   3.3810] 
	x142: [  1.8694,   2.0694] 
	x143: [ -3.6705,  -3.4705] 
	x144: [ -1.2415,  -1.0415] 
	x145: [  1.0674,   1.2674] 
	x146: [  1.2440,   1.4440] 
	x147: [  0.8702,   1.0702] 
	x148: [ -0.1114,   0.0886] 
	x149: [  1.3791,   1.5791] 
	x150: [ -0.0912,   0.1088] 
	x151: [  1.3913,   1.5913] 
	x152: [ -0.5512,  -0.3512] 
	x153: [ -0.4345,  -0.2345] 
	x154: [ -0.3216,  -0.1216] 
	x155: [ -1.1237,  -0.9237] 
	x156: [ -1.8246,  -1.6246] 
	x157: [  2.6285,   2.8285] 
	x158: [ -0.3457,  -0.1457] 
	x159: [  0.3058,   0.5058] 
	x160: [ -2.0026,  -1.8026] 
	x161: [  0.0631,   0.2631] 
	x162: [  1.2957,   1.4957] 
	x163: [  1.1809,   1.3809] 
	x164: [ -3.2778,  -3.0778] 
	x165: [  1.3295,   1.5295] 
	x166: [ -2.3704,  -2.1704] 
	x167: [  3.4568,   3.6568] 
	x168: [  1.2451,   1.4451] 
	x169: [ -0.7094,  -0.5094] 
	x170: [  0.2496,   0.4496] 
	x171: [  0.8434,   1.0434] 
	x172: [  2.2724,   2.4724] 
	x173: [ -0.9849,  -0.7849] 
	x174: [ -0.8664,  -0.6664] 
	x175: [ -1.9688,  -1.7688] 
	x176: [ -0.9019,  -0.7019] 
	x177: [  0.3908,   0.5908] 
	x178: [ -0.2444,  -0.0444] 
	x179: [  0.5100,   0.7100] 
	x180: [ -0.1402,   0.0598] 
	x181: [ -1.4429,  -1.2429] 
	x182: [ -0.5884,  -0.3884] 
	x183: [ -2.0386,  -1.8386] 
	x184: [ -0.7598,  -0.5598] 
	x185: [ -3.5547,  -3.3547] 
	x186: [ -0.0405,   0.1595] 
	x187: [ -0.9666,  -0.7666] 
	x188: [  0.7303,   0.9303] 
	x189: [ -1.1978,  -0.9978] 
	x190: [  3.6467,   3.8467] 
	x191: [  1.6880,   1.8880] 
	x192: [ -0.6745,  -0.4745] 
	x193: [  0.2444,   0.4444] 
	x194: [  0.4840,   0.6840] 
	x195: [ -1.1477,  -0.9477] 
	x196: [  0.4523,   0.6523] 
	x197: [  2.4933,   2.6933] 
	x198: [ -2.1301,  -1.9301] 
	x199: [  0.9346,   1.1346] 
	x200: [ -0.4072,  -0.2072] 
	x201: [ -1.6738,  -1.4738] 
	x202: [ -1.2322,  -1.0322] 
	x203: [ -1.6841,  -1.4841] 
	x204: [ -0.5354,  -0.3354] 
	x205: [ -0.2559,  -0.0559] 
	x206: [ -0.2193,  -0.0193] 
	x207: [ -0.8401,  -0.6401] 
	x208: [ -0.8677,  -0.6677] 
	x209: [  1.9184,   2.1184] 
	x210: [ -1.4123,  -1.2123] 
	x211: [ -1.4803,  -1.2803] 
	x212: [  2.4618,   2.6618] 
	x213: [ -1.8802,  -1.6802] 
	x214: [  2.3409,   2.5409] 
	x215: [  0.8110,   1.0110] 
	x216: [  0.7421,   0.9421] 
	x217: [ -1.1393,  -0.9393] 
	x218: [  0.8034,   1.0034] 
	x219: [  0.1831,   0.3831] 
	x220: [ -1.0174,  -0.8174] 
	x221: [ -1.2632,  -1.0632] 
	x222: [  1.5122,   1.7122] 
	x223: [  1.3693,   1.5693] 
	x224: [  1.1244,   1.3244] 
	x225: [  0.5355,   0.7355] 
	x226: [ -1.6756,  -1.4756] 
	x227: [ -1.2887,  -1.0887] 
	x228: [  0.6647,   0.8647] 
	x229: [ -0.2068,  -0.0068] 
	x230: [  3.1737,   3.3737] 
	x231: [ -1.0019,  -0.8019] 
	x232: [  0.3185,   0.5185] 
	x233: [  1.4753,   1.6753] 
	x234: [  1.1408,   1.3408] 
	x235: [  1.4127,   1.6127] 
	x236: [ -0.4158,  -0.2158] 
	x237: [  0.9330,   1.1330] 
	x238: [  0.1515,   0.3515] 
	x239: [  3.6277,   3.8277] 
	x240: [  1.2725,   1.4725] 
	x241: [ -0.9655,  -0.7655] 
	x242: [  0.2449,   0.4449] 
	x243: [  1.5982,   1.7982] 
	x244: [ -1.3337,  -1.1337] 
	x245: [ -0.4911,  -0.2911] 
	x246: [  1.2960,   1.4960] 
	x247: [  0.3455,   0.5455] 
	x248: [ -1.6492,  -1.4492] 
	x249: [ -0.3021,  -0.1021] 
	x250: [ -1.9698,  -1.7698] 
	x251: [ -1.6800,  -1.4800] 
	x252: [ -2.2213,  -2.0213] 
	x253: [ -0.3480,  -0.1480] 
	x254: [  0.0156,   0.2156] 
	x255: [ -1.7479,  -1.5479] 
	x256: [  1.0619,   1.2619] 
	x257: [ -1.7128,  -1.5128] 
	x258: [  1.3380,   1.5380] 
	x259: [ -2.8743,  -2.6743] 
	x260: [ -0.6853,  -0.4853] 
	x261: [ -0.9691,  -0.7691] 
	x262: [ -1.0098,  -0.8098] 
	x263: [  0.4795,   0.6795] 
	x264: [  2.2371,   2.4371] 
	x265: [  0.9773,   1.1773] 
	x266: [ -1.2707,  -1.0707] 
	x267: [ -0.2335,  -0.0335] 
	x268: [ -2.2678,  -2.0678] 
	x269: [ -1.0108,  -0.8108] 
	x270: [  2.4529,   2.6529] 
	x271: [ -3.0764,  -2.8764] 
	x272: [  0.1515,   0.3515] 
	x273: [ -0.0044,   0.1956] 
	x274: [  0.9464,   1.1464] 
	x275: [  1.7838,   1.9838] 
	x276: [  0.8106,   1.0106] 
	x277: [  0.9504,   1.1504] 
	x278: [ -0.7038,  -0.5038] 
	x279: [  1.2072,   1.4072] 
	x280: [ -1.3759,  -1.1759] 
	x281: [  1.6316,   1.8316] 
	x282: [ -2.1262,  -1.9262] 
	x283: [  0.0906,   0.2906] 
	x284: [ -1.5996,  -1.3996] 
	x285: [ -2.2802,  -2.0802] 
	x286: [ -1.2244,  -1.0244] 
	x287: [  0.6850,   0.8850] 
	x288: [ -0.5525,  -0.3525] 
	x289: [  0.5471,   0.7471] 
	x290: [ -2.3231,  -2.1231] 
	x291: [ -1.7065,  -1.5065] 
	x292: [ -2.4369,  -2.2369] 
	x293: [ -0.3488,  -0.1488] 
	x294: [ -2.7083,  -2.5083] 
	x295: [ -2.2785,  -2.0785] 
	x296: [ -2.9322,  -2.7322] 
	x297: [  1.9511,   2.1511] 
	x298: [ -0.1948,   0.0052] 
	x299: [  2.2542,   2.4542] 
	x300: [  2.4472,   2.6472] 
	x301: [  0.5017,   0.7017] 
	x302: [  1.7185,   1.9185] 
	x303: [ -1.5403,  -1.3403] 
	x304: [ -2.6040,  -2.4040] 
	x305: [ -0.6344,  -0.4344] 
	x306: [ -0.0586,   0.1414] 
	x307: [  0.2786,   0.4786] 
	x308: [ -0.2553,  -0.0553] 
	x309: [  0.1555,   0.3555] 
	x310: [  3.0677,   3.2677] 
	x311: [ -1.6717,  -1.4717] 
	x312: [ -1.9487,  -1.7487] 
	x313: [ -0.4961,  -0.2961] 
	x314: [ -2.8370,  -2.6370] 
	x315: [ -1.9520,  -1.7520] 
	x316: [  0.6530,   0.8530] 
	x317: [ -0.1639,   0.0361] 
	x318: [ -2.5244,  -2.3244] 
	x319: [ -1.3904,  -1.1904] 
	x320: [  2.4037,   2.6037] 
	x321: [  0.8094,   1.0094] 
	x322: [ -2.1179,  -1.9179] 
	x323: [ -0.7301,  -0.5301] 
	x324: [ -0.4303,  -0.2303] 
	x325: [ -3.4720,  -3.2720] 
	x326: [ -0.5009,  -0.3009] 
	x327: [  1.0605,   1.2605] 
	x328: [  1.1901,   1.3901] 
	x329: [ -0.4096,  -0.2096] 
	x330: [  0.1349,   0.3349] 
	x331: [  0.1386,   0.3386] 
	x332: [ -0.1674,   0.0326] 
	x333: [ -0.3210,  -0.1210] 
	x334: [ -2.2707,  -2.0707] 
	x335: [ -1.8160,  -1.6160] 
	x336: [  1.1005,   1.3005] 
	x337: [ -0.9481,  -0.7481] 
	x338: [  0.4210,   0.6210] 
	x339: [  3.3093,   3.5093] 
	x340: [ -1.6305,  -1.4305] 
	x341: [ -0.4927,  -0.2927] 
	x342: [  0.8310,   1.0310] 
	x343: [  0.5235,   0.7235] 
	x344: [  3.2175,   3.4175] 
	x345: [ -2.4419,  -2.2419] 
	x346: [  2.9831,   3.1831] 
	x347: [ -1.0814,  -0.8814] 
	x348: [  1.1850,   1.3850] 
	x349: [  1.6119,   1.8119] 
	x350: [ -2.1116,  -1.9116] 
	x351: [  0.9066,   1.1066] 
	x352: [ -0.2264,  -0.0264] 
	x353: [ -0.7918,  -0.5918] 
	x354: [ -0.5010,  -0.3010] 
	x355: [ -0.2270,  -0.0270] 
	x356: [  0.5701,   0.7701] 
	x357: [  0.2025,   0.4025] 
	x358: [ -0.1704,   0.0296] 
	x359: [ -0.4187,  -0.2187] 
	x360: [ -1.6658,  -1.4658] 
	x361: [ -1.2196,  -1.0196] 
	x362: [ -2.8256,  -2.6256] 
	x363: [  0.8619,   1.0619] 
	x364: [ -1.0566,  -0.8566] 
	x365: [ -1.8123,  -1.6123] 
	x366: [  0.9218,   1.1218] 
	x367: [ -0.6956,  -0.4956] 
	x368: [  1.7555,   1.9555] 
	x369: [  0.1269,   0.3269] 
	x370: [ -1.9473,  -1.7473] 
	x371: [  1.0034,   1.2034] 
	x372: [  1.6119,   1.8119] 
	x373: [  0.9941,   1.1941] 
	x374: [  0.0024,   0.2024] 
	x375: [  2.0267,   2.2267] 
	x376: [ -2.3017,  -2.1017] 
	x377: [ -0.4381,  -0.2381] 
	x378: [ -0.8610,  -0.6610] 
	x379: [ -1.3071,  -1.1071] 
	x380: [  2.5908,   2.7908] 
	x381: [  0.9718,   1.1718] 
	x382: [ -1.5571,  -1.3571] 
	x383: [  1.7831,   1.9831] 
	x384: [ -0.3895,  -0.1895] 
	x385: [ -2.0607,  -1.8607] 
	x386: [  1.1901,   1.3901] 
	x387: [  0.4087,   0.6087] 
	x388: [ -2.7445,  -2.5445] 
	x389: [ -1.1179,  -0.9179] 
	x390: [  0.0479,   0.2479] 
	x391: [  0.1622,   0.3622] 
	x392: [  0.5627,   0.7627] 
	x393: [  0.4525,   0.6525] 
	x394: [ -0.5503,  -0.3503] 
	x395: [  0.8115,   1.0115] 
	x396: [ -0.9168,  -0.7168] 
	x397: [ -1.5698,  -1.3698] 
	x398: [ -0.6420,  -0.4420] 
	x399: [ -1.4706,  -1.2706] 
	x400: [  0.0190,   0.2190] 
	x401: [ -1.1607,  -0.9607] 
	x402: [ -0.8803,  -0.6803] 
	x403: [ -3.9530,  -3.7530] 
	x404: [ -1.3865,  -1.1865] 
	x405: [  1.3583,   1.5583] 
	x406: [  0.2076,   0.4076] 
	x407: [  3.5379,   3.7379] 
	x408: [ -1.1447,  -0.9447] 
	x409: [  1.6888,   1.8888] 
	x410: [  0.5843,   0.7843] 
	x411: [  0.1026,   0.3026] 
	x412: [ -1.7322,  -1.5322] 
	x413: [  0.5246,   0.7246] 
	x414: [ -0.5232,  -0.3232] 
	x415: [  0.6043,   0.8043] 
	x416: [ -2.3329,  -2.1329] 
	x417: [  0.1322,   0.3322] 
	x418: [ -1.7005,  -1.5005] 
	x419: [  1.6733,   1.8733] 
	x420: [ -3.0903,  -2.8903] 
	x421: [  2.1781,   2.3781] 
	x422: [ -3.0682,  -2.8682] 
	x423: [  0.4397,   0.6397] 
	x424: [ -2.1532,  -1.9532] 
	x425: [ -0.9499,  -0.7499] 
	x426: [ -3.4758,  -3.2758] 
	x427: [  0.5639,   0.7639] 
	x428: [  1.8724,   2.0724] 
	x429: [ -0.9215,  -0.7215] 
	x430: [ -0.1030,   0.0970] 
	x431: [ -4.2045,  -4.0045] 
	x432: [ -0.0056,   0.1944] 
	x433: [ -0.4682,  -0.2682] 
	x434: [  0.7567,   0.9567] 
	x435: [  0.7860,   0.9860] 
	x436: [ -2.8274,  -2.6274] 
	x437: [  0.3415,   0.5415] 
	x438: [  1.5689,   1.7689] 
	x439: [  0.3082,   0.5082] 
	x440: [ -2.4304,  -2.2304] 
	x441: [ -0.6094,  -0.4094] 
	x442: [  2.4875,   2.6875] 
	x443: [  2.3320,   2.5320] 
	x444: [ -1.5282,  -1.3282] 
	x445: [  1.9670,   2.1670] 
	x446: [ -0.1829,   0.0171] 
	x447: [ -0.4412,  -0.2412] 
	x448: [  0.8952,   1.0952] 
	x449: [ -0.1791,   0.0209] 
	x450: [ -1.4134,  -1.2134] 
	x451: [ -0.9768,  -0.7768] 
	x452: [  0.3289,   0.5289] 
	x453: [ -0.1558,   0.0442] 
	x454: [ -0.0001,   0.1999] 
	x455: [ -1.4438,  -1.2438] 
	x456: [ -2.5837,  -2.3837] 
	x457: [  0.6963,   0.8963] 
	x458: [ -2.7788,  -2.5788] 
	x459: [  0.2109,   0.4109] 
	x460: [  1.3239,   1.5239] 
	x461: [  3.5915,   3.7915] 
	x462: [ -1.6253,  -1.4253] 
	x463: [  0.9835,   1.1835] 
	x464: [ -0.4533,  -0.2533] 
	x465: [ -0.9365,  -0.7365] 
	x466: [ -1.0833,  -0.8833] 
	x467: [ -3.3210,  -3.1210] 
	x468: [  1.7813,   1.9813] 
	x469: [ -0.9592,  -0.7592] 
	x470: [  0.4769,   0.6769] 
	x471: [ -0.4558,  -0.2558] 
	x472: [  0.9615,   1.1615] 
	x473: [  0.3792,   0.5792] 
	x474: [  1.1684,   1.3684] 
	x475: [ -1.2338,  -1.0338] 
	x476: [ -2.0582,  -1.8582] 
	x477: [ -2.2933,  -2.0933] 
	x478: [ -1.0518,  -0.8518] 
	x479: [  2.5539,   2.7539] 
	x480: [  3.2578,   3.4578] 
	x481: [ -1.1438,  -0.9438] 
	x482: [ -0.9770,  -0.7770] 
	x483: [ -1.8940,  -1.6940] 
	x484: [  0.8472,   1.0472] 
	x485: [ -0.0577,   0.1423] 
	x486: [ -0.2871,  -0.0871] 
	x487: [  1.9844,   2.1844] 
	x488: [ -2.0995,  -1.8995] 
	x489: [ -1.4864,  -1.2864] 
	x490: [ -2.5327,  -2.3327] 
	x491: [ -0.2161,  -0.0161] 
	x492: [  0.0616,   0.2616] 
	x493: [  2.9054,   3.1054] 
	x494: [  1.7057,   1.9057] 
	x495: [  1.6366,   1.8366] 
	x496: [ -1.3992,  -1.1992] 
	x497: [  0.2066,   0.4066] 
	x498: [  0.6488,   0.8488] 
	x499: [  0.7889,   0.9889] 
	x500: [ -0.8488,  -0.6488] 
	x501: [  0.4108,   0.6108] 
	x502: [  1.5422,   1.7422] 
	x503: [ -3.7358,  -3.5358] 
	x504: [ -2.6198,  -2.4198] 
	x505: [  2.3049,   2.5049] 
	x506: [  2.3070,   2.5070] 
	x507: [ -0.7657,  -0.5657] 
	x508: [ -1.3925,  -1.1925] 
	x509: [ -0.7387,  -0.5387] 
	x510: [ -1.5236,  -1.3236] 
	x511: [  2.1112,   2.3112] 

Branching heuristics set to PseudoImpact

Engine::solve: Initial statistics

23:31:02 Statistics update:
	--- Time Statistics ---
	Total time elapsed: 524 milli (00:00:00)
		Main loop: 0 milli (00:00:00)
		Preprocessing time: 211 milli (00:00:00)
		Unknown: 313 milli (00:00:00)
	Breakdown for main loop:
		[0.00%] Simplex steps: 0 milli
		[0.00%] Explicit-basis bound tightening: 0 milli
		[0.00%] Constraint-matrix bound tightening: 0 milli
		[0.00%] Degradation checking: 0 milli
		[0.00%] Precision restoration: 0 milli
		[0.00%] Statistics handling: 0 milli
		[0.00%] Constraint-fixing steps: 0 milli
		[0.00%] Valid case splits: 0 milli. Average per split: 0.00 milli
		[0.00%] Applying stored bound-tightening: 0 milli
		[0.00%] SMT core: 0 milli
		[0.00%] Symbolic Bound Tightening: 12 milli
		[0.00%] SoI-based local search: 0 milli
		[0.00%] SoI-based local search: 0 milli
		[0.00%] Unaccounted for: 0 milli
	--- Preprocessor Statistics ---
	Number of preprocessor bound-tightening loop iterations: 3
	Number of eliminated variables: 158
	Number of constraints removed due to variable elimination: 158
	Number of equations removed due to variable elimination: 0
	--- Engine Statistics ---
	Number of main loop iterations: 1
		0 iterations were simplex steps. Total time: 0 milli. Average: 0.00 milli.
		0 iterations were constraint-fixing steps. Total time: 0 milli. Average: 0.00 milli
	Number of active piecewise-linear constraints: 98 / 98
		Constraints disabled by valid splits: 0. By SMT-originated splits: 0
	Last reported degradation: 0.0000000000. Max degradation so far: 0.0000000000. Restorations so far: 0
	Number of simplex pivots we attempted to skip because of instability: 0.
	Unstable pivots performed anyway: 0
	--- Tableau Statistics ---
	Total number of pivots performed: 0
		Real pivots: 0. Degenerate: 0 (0.00%)
		Degenerate pivots by request (e.g., to fix a PL constraint): 0 (0.00%)
		Average time per pivot: 0.00 milli
	Total number of fake pivots performed: 0
	Total number of rows added: 0. Number of merged columns: 0
	Current tableau dimensions: M = 705, N = 2020
	--- SMT Core Statistics ---
	Total depth is 0. Total visited states: 1. Number of splits: 0. Number of pops: 0
	Max stack depth: 0
	--- Bound Tightening Statistics ---
	Number of tightened bounds: 0.
		Number of rows examined by row tightener: 0. Consequent tightenings: 0
		Number of explicit basis matrices examined by row tightener: 0. Consequent tightenings: 0
		Number of bound tightening rounds on the entire constraint matrix: 0. Consequent tightenings: 0
		Number of bound notifications sent to PL constraints: 588. Tightenings proposed: 0
	--- Basis Factorization statistics ---
	Number of basis refactorizations: 2
	--- Projected Steepest Edge Statistics ---
	Number of iterations: 0.
	Number of resets to reference space: 1. Avg. iterations per reset: 0
	--- SBT ---
	Number of tightened bounds: 385
	--- SoI-based local search ---
	Number of proposed phase pattern update: 0. Number of accepted update: 0 [0.00%]
	Total time (% of local search time) updating SoI phase pattern : 0 milli [0.00%]
	Total time obtaining current assignment: 0 milli [0.00%]
	Total time getting SoI phase pattern : 0 milli [0.00%]
	--- Context dependent statistics ---
	Number of pushes / pops: 0 / 0
		[0.00%] Pre-Push hook: 0 milli
		[0.00%] Push : 0 milli
		[0.00%] Post-Pop hook: 0 milli
		[0.00%] Pop : 0 milli
		[0.00%] Total context-switching time: 0 milli
	--- Proof Certificate ---
	Number of certified leaves: 0
	Number of leaves to delegate: 0

---

23:31:21 Statistics update:
	--- Time Statistics ---
	Total time elapsed: 19778 milli (00:00:19)
		Main loop: 19251 milli (00:00:19)
		Preprocessing time: 211 milli (00:00:00)
		Unknown: 315 milli (00:00:00)
	Breakdown for main loop:
		[52.05%] Simplex steps: 10021 milli
		[36.53%] Explicit-basis bound tightening: 7031 milli
		[0.00%] Constraint-matrix bound tightening: 0 milli
		[1.08%] Degradation checking: 207 milli
		[0.00%] Precision restoration: 0 milli
		[0.07%] Statistics handling: 13 milli
		[0.00%] Constraint-fixing steps: 0 milli
		[0.00%] Valid case splits: 0 milli. Average per split: 0.00 milli
		[0.00%] Applying stored bound-tightening: 0 milli
		[0.29%] SMT core: 56 milli
		[4.51%] Symbolic Bound Tightening: 868 milli
		[24.55%] SoI-based local search: 4726 milli
		[0.00%] SoI-based local search: 0 milli
		[5.45%] Unaccounted for: 1050 milli
	--- Preprocessor Statistics ---
	Number of preprocessor bound-tightening loop iterations: 3
	Number of eliminated variables: 158
	Number of constraints removed due to variable elimination: 158
	Number of equations removed due to variable elimination: 0
	--- Engine Statistics ---
	Number of main loop iterations: 10000
		9840 iterations were simplex steps. Total time: 10021 milli. Average: 1.02 milli.
		0 iterations were constraint-fixing steps. Total time: 0 milli. Average: 0.00 milli
	Number of active piecewise-linear constraints: 74 / 98
		Constraints disabled by valid splits: 0. By SMT-originated splits: 24
	Last reported degradation: 0.0000000000. Max degradation so far: 0.0003038120. Restorations so far: 0
	Number of simplex pivots we attempted to skip because of instability: 5.
	Unstable pivots performed anyway: 0
	--- Tableau Statistics ---
	Total number of pivots performed: 6053
		Real pivots: 6046. Degenerate: 7 (0.12%)
		Degenerate pivots by request (e.g., to fix a PL constraint): 0 (0.00%)
		Average time per pivot: 0.27 milli
	Total number of fake pivots performed: 3034
	Total number of rows added: 0. Number of merged columns: 0
	Current tableau dimensions: M = 705, N = 2020
	--- SMT Core Statistics ---
	Total depth is 24. Total visited states: 107. Number of splits: 64. Number of pops: 42
	Max stack depth: 37
	--- Bound Tightening Statistics ---
	Number of tightened bounds: 19330.
		Number of rows examined by row tightener: 6053. Consequent tightenings: 152
		Number of explicit basis matrices examined by row tightener: 34. Consequent tightenings: 1787
		Number of bound tightening rounds on the entire constraint matrix: 0. Consequent tightenings: 0
		Number of bound notifications sent to PL constraints: 1993. Tightenings proposed: 0
	--- Basis Factorization statistics ---
	Number of basis refactorizations: 39
	--- Projected Steepest Edge Statistics ---
	Number of iterations: 9092.
	Number of resets to reference space: 45. Avg. iterations per reset: 202
	--- SBT ---
	Number of tightened bounds: 19715
	--- SoI-based local search ---
	Number of proposed phase pattern update: 300. Number of accepted update: 236 [78.67%]
	Total time (% of local search time) updating SoI phase pattern : 21582 milli [0.46%]
	Total time obtaining current assignment: 66465 milli [1.41%]
	Total time getting SoI phase pattern : 8185 milli [0.04%]
	--- Context dependent statistics ---
	Number of pushes / pops: 106 / 82
		[0.03%] Pre-Push hook: 6 milli
		[0.00%] Push : 0 milli
		[0.02%] Post-Pop hook: 2 milli
		[0.01%] Pop : 2 milli
		[0.06%] Total context-switching time: 11 milli
	--- Proof Certificate ---
	Number of certified leaves: 0
	Number of leaves to delegate: 0

23:31:48 Statistics update:
	--- Time Statistics ---
	Total time elapsed: 46474 milli (00:00:46)
		Main loop: 45944 milli (00:00:45)
		Preprocessing time: 211 milli (00:00:00)
		Unknown: 318 milli (00:00:00)
	Breakdown for main loop:
		[47.65%] Simplex steps: 21892 milli
		[40.67%] Explicit-basis bound tightening: 18686 milli
		[0.00%] Constraint-matrix bound tightening: 0 milli
		[0.89%] Degradation checking: 408 milli
		[0.00%] Precision restoration: 0 milli
		[0.06%] Statistics handling: 28 milli
		[0.00%] Constraint-fixing steps: 0 milli
		[0.01%] Valid case splits: 2 milli. Average per split: 0.00 milli
		[0.00%] Applying stored bound-tightening: 1 milli
		[0.28%] SMT core: 129 milli
		[3.88%] Symbolic Bound Tightening: 1781 milli
		[20.63%] SoI-based local search: 9480 milli
		[0.00%] SoI-based local search: 0 milli
		[6.55%] Unaccounted for: 3011 milli
	--- Preprocessor Statistics ---
	Number of preprocessor bound-tightening loop iterations: 3
	Number of eliminated variables: 158
	Number of constraints removed due to variable elimination: 158
	Number of equations removed due to variable elimination: 0
	--- Engine Statistics ---
	Number of main loop iterations: 20000
		19696 iterations were simplex steps. Total time: 21892 milli. Average: 1.11 milli.
		0 iterations were constraint-fixing steps. Total time: 0 milli. Average: 0.00 milli
	Number of active piecewise-linear constraints: 75 / 98
		Constraints disabled by valid splits: 1. By SMT-originated splits: 22
	Last reported degradation: 0.0000000000. Max degradation so far: 0.0022056910. Restorations so far: 0
	Number of simplex pivots we attempted to skip because of instability: 5.
	Unstable pivots performed anyway: 0
	--- Tableau Statistics ---
	Total number of pivots performed: 14089
		Real pivots: 14069. Degenerate: 20 (0.14%)
		Degenerate pivots by request (e.g., to fix a PL constraint): 0 (0.00%)
		Average time per pivot: 0.29 milli
	Total number of fake pivots performed: 4122
	Total number of rows added: 0. Number of merged columns: 0
	Current tableau dimensions: M = 705, N = 2020
	--- SMT Core Statistics ---
	Total depth is 22. Total visited states: 217. Number of splits: 118. Number of pops: 98
	Max stack depth: 37
	--- Bound Tightening Statistics ---
	Number of tightened bounds: 41070.
		Number of rows examined by row tightener: 14089. Consequent tightenings: 1112
		Number of explicit basis matrices examined by row tightener: 91. Consequent tightenings: 8117
		Number of bound tightening rounds on the entire constraint matrix: 0. Consequent tightenings: 0
		Number of bound notifications sent to PL constraints: 6572. Tightenings proposed: 0
	--- Basis Factorization statistics ---
	Number of basis refactorizations: 96
	--- Projected Steepest Edge Statistics ---
	Number of iterations: 18216.
	Number of resets to reference space: 103. Avg. iterations per reset: 176
	--- SBT ---
	Number of tightened bounds: 41455
	--- SoI-based local search ---
	Number of proposed phase pattern update: 590. Number of accepted update: 472 [80.00%]
	Total time (% of local search time) updating SoI phase pattern : 40447 milli [0.43%]
	Total time obtaining current assignment: 133316 milli [1.41%]
	Total time getting SoI phase pattern : 16201 milli [0.04%]
	--- Context dependent statistics ---
	Number of pushes / pops: 216 / 194
		[0.02%] Pre-Push hook: 10 milli
		[0.00%] Push : 0 milli
		[0.01%] Post-Pop hook: 6 milli
		[0.01%] Pop : 5 milli
		[0.05%] Total context-switching time: 22 milli
	--- Proof Certificate ---
	Number of certified leaves: 0
	Number of leaves to delegate: 0

23:32:16 Statistics update:
	--- Time Statistics ---
	Total time elapsed: 74866 milli (00:01:14)
		Main loop: 74126 milli (00:01:14)
		Preprocessing time: 211 milli (00:00:00)
		Unknown: 529 milli (00:00:00)
	Breakdown for main loop:
		[45.08%] Simplex steps: 33419 milli
		[41.92%] Explicit-basis bound tightening: 31076 milli
		[0.00%] Constraint-matrix bound tightening: 0 milli
		[0.82%] Degradation checking: 608 milli
		[0.00%] Precision restoration: 0 milli
		[0.06%] Statistics handling: 43 milli
		[0.00%] Constraint-fixing steps: 0 milli
		[0.01%] Valid case splits: 4 milli. Average per split: 0.00 milli
		[0.00%] Applying stored bound-tightening: 2 milli
		[0.29%] SMT core: 212 milli
		[3.57%] Symbolic Bound Tightening: 2648 milli
		[18.79%] SoI-based local search: 13927 milli
		[0.00%] SoI-based local search: 0 milli
		[8.24%] Unaccounted for: 6109 milli
	--- Preprocessor Statistics ---
	Number of preprocessor bound-tightening loop iterations: 3
	Number of eliminated variables: 158
	Number of constraints removed due to variable elimination: 158
	Number of equations removed due to variable elimination: 0
	--- Engine Statistics ---
	Number of main loop iterations: 30000
		29561 iterations were simplex steps. Total time: 33419 milli. Average: 1.13 milli.
		0 iterations were constraint-fixing steps. Total time: 0 milli. Average: 0.00 milli
	Number of active piecewise-linear constraints: 89 / 98
		Constraints disabled by valid splits: 2. By SMT-originated splits: 7
	Last reported degradation: 0.0000000000. Max degradation so far: 0.0022056910. Restorations so far: 0
	Number of simplex pivots we attempted to skip because of instability: 5.
	Unstable pivots performed anyway: 0
	--- Tableau Statistics ---
	Total number of pivots performed: 21765
		Real pivots: 21744. Degenerate: 21 (0.10%)
		Degenerate pivots by request (e.g., to fix a PL constraint): 0 (0.00%)
		Average time per pivot: 0.29 milli
	Total number of fake pivots performed: 5683
	Total number of rows added: 0. Number of merged columns: 0
	Current tableau dimensions: M = 705, N = 2020
	--- SMT Core Statistics ---
	Total depth is 7. Total visited states: 327. Number of splits: 166. Number of pops: 160
	Max stack depth: 37
	--- Bound Tightening Statistics ---
	Number of tightened bounds: 60880.
		Number of rows examined by row tightener: 21765. Consequent tightenings: 1317
		Number of explicit basis matrices examined by row tightener: 157. Consequent tightenings: 14351
		Number of bound tightening rounds on the entire constraint matrix: 0. Consequent tightenings: 0
		Number of bound notifications sent to PL constraints: 9315. Tightenings proposed: 0
	--- Basis Factorization statistics ---
	Number of basis refactorizations: 147
	--- Projected Steepest Edge Statistics ---
	Number of iterations: 27453.
	Number of resets to reference space: 166. Avg. iterations per reset: 165
	--- SBT ---
	Number of tightened bounds: 61265
	--- SoI-based local search ---
	Number of proposed phase pattern update: 834. Number of accepted update: 667 [79.98%]
	Total time (% of local search time) updating SoI phase pattern : 57177 milli [0.41%]
	Total time obtaining current assignment: 191134 milli [1.37%]
	Total time getting SoI phase pattern : 23907 milli [0.03%]
	--- Context dependent statistics ---
	Number of pushes / pops: 326 / 319
		[0.02%] Pre-Push hook: 14 milli
		[0.00%] Push : 0 milli
		[0.01%] Post-Pop hook: 10 milli
		[0.01%] Pop : 10 milli
		[0.05%] Total context-switching time: 35 milli
	--- Proof Certificate ---
	Number of certified leaves: 0
	Number of leaves to delegate: 0

23:32:45 Statistics update:
	--- Time Statistics ---
	Total time elapsed: 103633 milli (00:01:43)
		Main loop: 103097 milli (00:01:43)
		Preprocessing time: 211 milli (00:00:00)
		Unknown: 324 milli (00:00:00)
	Breakdown for main loop:
		[43.44%] Simplex steps: 44784 milli
		[44.52%] Explicit-basis bound tightening: 45895 milli
		[0.00%] Constraint-matrix bound tightening: 0 milli
		[0.79%] Degradation checking: 812 milli
		[0.00%] Precision restoration: 0 milli
		[0.06%] Statistics handling: 57 milli
		[0.00%] Constraint-fixing steps: 0 milli
		[0.01%] Valid case splits: 6 milli. Average per split: 0.00 milli
		[0.00%] Applying stored bound-tightening: 2 milli
		[0.27%] SMT core: 277 milli
		[3.32%] Symbolic Bound Tightening: 3425 milli
		[16.13%] SoI-based local search: 16630 milli
		[0.00%] SoI-based local search: 0 milli
		[7.60%] Unaccounted for: 7836 milli
	--- Preprocessor Statistics ---
	Number of preprocessor bound-tightening loop iterations: 3
	Number of eliminated variables: 158
	Number of constraints removed due to variable elimination: 158
	Number of equations removed due to variable elimination: 0
	--- Engine Statistics ---
	Number of main loop iterations: 40000
		39455 iterations were simplex steps. Total time: 44784 milli. Average: 1.14 milli.
		0 iterations were constraint-fixing steps. Total time: 0 milli. Average: 0.00 milli
	Number of active piecewise-linear constraints: 91 / 98
		Constraints disabled by valid splits: 1. By SMT-originated splits: 6
	Last reported degradation: 0.0000000000. Max degradation so far: 0.0022056910. Restorations so far: 0
	Number of simplex pivots we attempted to skip because of instability: 5.
	Unstable pivots performed anyway: 0
	--- Tableau Statistics ---
	Total number of pivots performed: 29748
		Real pivots: 29722. Degenerate: 26 (0.09%)
		Degenerate pivots by request (e.g., to fix a PL constraint): 0 (0.00%)
		Average time per pivot: 0.29 milli
	Total number of fake pivots performed: 6930
	Total number of rows added: 0. Number of merged columns: 0
	Current tableau dimensions: M = 705, N = 2020
	--- SMT Core Statistics ---
	Total depth is 6. Total visited states: 423. Number of splits: 213. Number of pops: 209
	Max stack depth: 37
	--- Bound Tightening Statistics ---
	Number of tightened bounds: 77973.
		Number of rows examined by row tightener: 29748. Consequent tightenings: 1569
		Number of explicit basis matrices examined by row tightener: 225. Consequent tightenings: 21388
		Number of bound tightening rounds on the entire constraint matrix: 0. Consequent tightenings: 0
		Number of bound notifications sent to PL constraints: 12295. Tightenings proposed: 0
	--- Basis Factorization statistics ---
	Number of basis refactorizations: 202
	--- Projected Steepest Edge Statistics ---
	Number of iterations: 36683.
	Number of resets to reference space: 215. Avg. iterations per reset: 170
	--- SBT ---
	Number of tightened bounds: 78358
	--- SoI-based local search ---
	Number of proposed phase pattern update: 1084. Number of accepted update: 871 [80.35%]
	Total time (% of local search time) updating SoI phase pattern : 72677 milli [0.44%]
	Total time obtaining current assignment: 248514 milli [1.49%]
	Total time getting SoI phase pattern : 31487 milli [0.03%]
	--- Context dependent statistics ---
	Number of pushes / pops: 422 / 416
		[0.02%] Pre-Push hook: 18 milli
		[0.00%] Push : 0 milli
		[0.01%] Post-Pop hook: 12 milli
		[0.01%] Pop : 13 milli
		[0.04%] Total context-switching time: 44 milli
	--- Proof Certificate ---
	Number of certified leaves: 0
	Number of leaves to delegate: 0

23:33:10 Statistics update:
	--- Time Statistics ---
	Total time elapsed: 128772 milli (00:02:08)
		Main loop: 128234 milli (00:02:08)
		Preprocessing time: 211 milli (00:00:00)
		Unknown: 327 milli (00:00:00)
	Breakdown for main loop:
		[43.84%] Simplex steps: 56216 milli
		[43.80%] Explicit-basis bound tightening: 56170 milli
		[0.00%] Constraint-matrix bound tightening: 0 milli
		[0.79%] Degradation checking: 1017 milli
		[0.00%] Precision restoration: 0 milli
		[0.06%] Statistics handling: 71 milli
		[0.00%] Constraint-fixing steps: 0 milli
		[0.01%] Valid case splits: 8 milli. Average per split: 0.00 milli
		[0.00%] Applying stored bound-tightening: 3 milli
		[0.27%] SMT core: 350 milli
		[3.39%] Symbolic Bound Tightening: 4352 milli
		[17.19%] SoI-based local search: 22040 milli
		[0.00%] SoI-based local search: 0 milli
		[7.83%] Unaccounted for: 10042 milli
	--- Preprocessor Statistics ---
	Number of preprocessor bound-tightening loop iterations: 3
	Number of eliminated variables: 158
	Number of constraints removed due to variable elimination: 158
	Number of equations removed due to variable elimination: 0
	--- Engine Statistics ---
	Number of main loop iterations: 50000
		49300 iterations were simplex steps. Total time: 56216 milli. Average: 1.14 milli.
		0 iterations were constraint-fixing steps. Total time: 0 milli. Average: 0.00 milli
	Number of active piecewise-linear constraints: 78 / 98
		Constraints disabled by valid splits: 6. By SMT-originated splits: 14
	Last reported degradation: 0.0000000000. Max degradation so far: 0.0022056910. Restorations so far: 0
	Number of simplex pivots we attempted to skip because of instability: 5.
	Unstable pivots performed anyway: 0
	--- Tableau Statistics ---
	Total number of pivots performed: 37407
		Real pivots: 37375. Degenerate: 32 (0.09%)
		Degenerate pivots by request (e.g., to fix a PL constraint): 0 (0.00%)
		Average time per pivot: 0.29 milli
	Total number of fake pivots performed: 8300
	Total number of rows added: 0. Number of merged columns: 0
	Current tableau dimensions: M = 705, N = 2020
	--- SMT Core Statistics ---
	Total depth is 14. Total visited states: 540. Number of splits: 275. Number of pops: 264
	Max stack depth: 37
	--- Bound Tightening Statistics ---
	Number of tightened bounds: 98448.
		Number of rows examined by row tightener: 37407. Consequent tightenings: 1827
		Number of explicit basis matrices examined by row tightener: 277. Consequent tightenings: 26016
		Number of bound tightening rounds on the entire constraint matrix: 0. Consequent tightenings: 0
		Number of bound notifications sent to PL constraints: 14484. Tightenings proposed: 0
	--- Basis Factorization statistics ---
	Number of basis refactorizations: 255
	--- Projected Steepest Edge Statistics ---
	Number of iterations: 45712.
	Number of resets to reference space: 272. Avg. iterations per reset: 168
	--- SBT ---
	Number of tightened bounds: 98833
	--- SoI-based local search ---
	Number of proposed phase pattern update: 1405. Number of accepted update: 1130 [80.43%]
	Total time (% of local search time) updating SoI phase pattern : 94016 milli [0.43%]
	Total time obtaining current assignment: 324892 milli [1.47%]
	Total time getting SoI phase pattern : 41806 milli [0.03%]
	--- Context dependent statistics ---
	Number of pushes / pops: 539 / 525
		[0.02%] Pre-Push hook: 22 milli
		[0.00%] Push : 0 milli
		[0.01%] Post-Pop hook: 16 milli
		[0.01%] Pop : 16 milli
		[0.04%] Total context-switching time: 55 milli
	--- Proof Certificate ---
	Number of certified leaves: 0
	Number of leaves to delegate: 0

23:33:42 Statistics update:
	--- Time Statistics ---
	Total time elapsed: 160646 milli (00:02:40)
		Main loop: 160103 milli (00:02:40)
		Preprocessing time: 211 milli (00:00:00)
		Unknown: 330 milli (00:00:00)
	Breakdown for main loop:
		[42.56%] Simplex steps: 68142 milli
		[45.12%] Explicit-basis bound tightening: 72235 milli
		[0.00%] Constraint-matrix bound tightening: 0 milli
		[0.77%] Degradation checking: 1228 milli
		[0.00%] Precision restoration: 0 milli
		[0.05%] Statistics handling: 84 milli
		[0.00%] Constraint-fixing steps: 0 milli
		[0.01%] Valid case splits: 10 milli. Average per split: 0.00 milli
		[0.00%] Applying stored bound-tightening: 4 milli
		[0.26%] SMT core: 418 milli
		[3.18%] Symbolic Bound Tightening: 5098 milli
		[15.54%] SoI-based local search: 24876 milli
		[0.00%] SoI-based local search: 0 milli
		[8.05%] Unaccounted for: 12880 milli
	--- Preprocessor Statistics ---
	Number of preprocessor bound-tightening loop iterations: 3
	Number of eliminated variables: 158
	Number of constraints removed due to variable elimination: 158
	Number of equations removed due to variable elimination: 0
	--- Engine Statistics ---
	Number of main loop iterations: 60000
		59198 iterations were simplex steps. Total time: 68142 milli. Average: 1.15 milli.
		0 iterations were constraint-fixing steps. Total time: 0 milli. Average: 0.00 milli
	Number of active piecewise-linear constraints: 92 / 98
		Constraints disabled by valid splits: 1. By SMT-originated splits: 5
	Last reported degradation: 0.0000000000. Max degradation so far: 0.0022056910. Restorations so far: 0
	Number of simplex pivots we attempted to skip because of instability: 5.
	Unstable pivots performed anyway: 0
	--- Tableau Statistics ---
	Total number of pivots performed: 45949
		Real pivots: 45913. Degenerate: 36 (0.08%)
		Degenerate pivots by request (e.g., to fix a PL constraint): 0 (0.00%)
		Average time per pivot: 0.29 milli
	Total number of fake pivots performed: 9148
	Total number of rows added: 0. Number of merged columns: 0
	Current tableau dimensions: M = 705, N = 2020
	--- SMT Core Statistics ---
	Total depth is 5. Total visited states: 632. Number of splits: 316. Number of pops: 315
	Max stack depth: 37
	--- Bound Tightening Statistics ---
	Number of tightened bounds: 114359.
		Number of rows examined by row tightener: 45949. Consequent tightenings: 2127
		Number of explicit basis matrices examined by row tightener: 356. Consequent tightenings: 32853
		Number of bound tightening rounds on the entire constraint matrix: 0. Consequent tightenings: 0
		Number of bound notifications sent to PL constraints: 17450. Tightenings proposed: 0
	--- Basis Factorization statistics ---
	Number of basis refactorizations: 322
	--- Projected Steepest Edge Statistics ---
	Number of iterations: 55102.
	Number of resets to reference space: 323. Avg. iterations per reset: 170
	--- SBT ---
	Number of tightened bounds: 114744
	--- SoI-based local search ---
	Number of proposed phase pattern update: 1585. Number of accepted update: 1269 [80.06%]
	Total time (% of local search time) updating SoI phase pattern : 108290 milli [0.44%]
	Total time obtaining current assignment: 369635 milli [1.49%]
	Total time getting SoI phase pattern : 47900 milli [0.03%]
	--- Context dependent statistics ---
	Number of pushes / pops: 631 / 626
		[0.02%] Pre-Push hook: 26 milli
		[0.00%] Push : 0 milli
		[0.01%] Post-Pop hook: 19 milli
		[0.01%] Pop : 19 milli
		[0.04%] Total context-switching time: 65 milli
	--- Proof Certificate ---
	Number of certified leaves: 0
	Number of leaves to delegate: 0

Engine::solve: unsat query

23:33:47 Statistics update:
	--- Time Statistics ---
	Total time elapsed: 165918 milli (00:02:45)
		Main loop: 165376 milli (00:02:45)
		Preprocessing time: 211 milli (00:00:00)
		Unknown: 331 milli (00:00:00)
	Breakdown for main loop:
		[42.53%] Simplex steps: 70336 milli
		[44.84%] Explicit-basis bound tightening: 74152 milli
		[0.00%] Constraint-matrix bound tightening: 0 milli
		[0.77%] Degradation checking: 1267 milli
		[0.00%] Precision restoration: 0 milli
		[0.05%] Statistics handling: 87 milli
		[0.00%] Constraint-fixing steps: 0 milli
		[0.01%] Valid case splits: 10 milli. Average per split: 0.00 milli
		[0.00%] Applying stored bound-tightening: 4 milli
		[0.26%] SMT core: 434 milli
		[3.18%] Symbolic Bound Tightening: 5253 milli
		[15.82%] SoI-based local search: 26167 milli
		[0.00%] SoI-based local search: 0 milli
		[8.36%] Unaccounted for: 13830 milli
	--- Preprocessor Statistics ---
	Number of preprocessor bound-tightening loop iterations: 3
	Number of eliminated variables: 158
	Number of constraints removed due to variable elimination: 158
	Number of equations removed due to variable elimination: 0
	--- Engine Statistics ---
	Number of main loop iterations: 61825
		60996 iterations were simplex steps. Total time: 70336 milli. Average: 1.15 milli.
		0 iterations were constraint-fixing steps. Total time: 0 milli. Average: 0.00 milli
	Number of active piecewise-linear constraints: 74 / 98
		Constraints disabled by valid splits: 20. By SMT-originated splits: 4
	Last reported degradation: 0.0000000000. Max degradation so far: 0.0022056910. Restorations so far: 0
	Number of simplex pivots we attempted to skip because of instability: 5.
	Unstable pivots performed anyway: 0
	--- Tableau Statistics ---
	Total number of pivots performed: 47424
		Real pivots: 47388. Degenerate: 36 (0.08%)
		Degenerate pivots by request (e.g., to fix a PL constraint): 0 (0.00%)
		Average time per pivot: 0.29 milli
	Total number of fake pivots performed: 9305
	Total number of rows added: 0. Number of merged columns: 0
	Current tableau dimensions: M = 705, N = 2020
	--- SMT Core Statistics ---
	Total depth is 4. Total visited states: 654. Number of splits: 326. Number of pops: 327
	Max stack depth: 37
	--- Bound Tightening Statistics ---
	Number of tightened bounds: 117755.
		Number of rows examined by row tightener: 47424. Consequent tightenings: 2168
		Number of explicit basis matrices examined by row tightener: 368. Consequent tightenings: 35111
		Number of bound tightening rounds on the entire constraint matrix: 0. Consequent tightenings: 0
		Number of bound notifications sent to PL constraints: 18373. Tightenings proposed: 0
	--- Basis Factorization statistics ---
	Number of basis refactorizations: 333
	--- Projected Steepest Edge Statistics ---
	Number of iterations: 56734.
	Number of resets to reference space: 335. Avg. iterations per reset: 169
	--- SBT ---
	Number of tightened bounds: 118140
	--- SoI-based local search ---
	Number of proposed phase pattern update: 1654. Number of accepted update: 1328 [80.29%]
	Total time (% of local search time) updating SoI phase pattern : 111729 milli [0.43%]
	Total time obtaining current assignment: 385151 milli [1.47%]
	Total time getting SoI phase pattern : 50130 milli [0.03%]
	--- Context dependent statistics ---
	Number of pushes / pops: 652 / 652
		[0.02%] Pre-Push hook: 27 milli
		[0.00%] Push : 0 milli
		[0.01%] Post-Pop hook: 20 milli
		[0.01%] Pop : 20 milli
		[0.04%] Total context-switching time: 68 milli
	--- Proof Certificate ---
	Number of certified leaves: 0
	Number of leaves to delegate: 0
unsat
