InputQuery: /home/levn/Workspace/othello_world/queries/probe_robust/group_3/game_19_target_14_eps_0.1.txt
Engine::processInputQuery: Input query (before preprocessing): 449 equations, 1216 variables
Engine::processInputQuery: Input query (after preprocessing): 705 equations, 1367 variables

Input bounds:
	x0: [ -1.8221,  -1.6221] 
	x1: [  1.5073,   1.7073] 
	x2: [ -0.9319,  -0.7319] 
	x3: [  1.9305,   2.1305] 
	x4: [ -0.0620,   0.1380] 
	x5: [ -0.6946,  -0.4946] 
	x6: [  0.3374,   0.5374] 
	x7: [  0.6467,   0.8467] 
	x8: [ -3.7106,  -3.5106] 
	x9: [  1.3603,   1.5603] 
	x10: [ -2.0715,  -1.8715] 
	x11: [ -1.7221,  -1.5221] 
	x12: [  0.3030,   0.5030] 
	x13: [ -0.9575,  -0.7575] 
	x14: [  1.9684,   2.1684] 
	x15: [ -0.6340,  -0.4340] 
	x16: [ -2.9709,  -2.7709] 
	x17: [ -1.4149,  -1.2149] 
	x18: [  1.4665,   1.6665] 
	x19: [  1.4765,   1.6765] 
	x20: [  0.9241,   1.1241] 
	x21: [  0.2846,   0.4846] 
	x22: [ -0.4044,  -0.2044] 
	x23: [  1.9147,   2.1147] 
	x24: [ -0.3320,  -0.1320] 
	x25: [ -2.3244,  -2.1244] 
	x26: [  3.1543,   3.3543] 
	x27: [ -0.8786,  -0.6786] 
	x28: [  2.2816,   2.4816] 
	x29: [  0.3793,   0.5793] 
	x30: [  0.4742,   0.6742] 
	x31: [ -1.9504,  -1.7504] 
	x32: [  0.4130,   0.6130] 
	x33: [ -0.0799,   0.1201] 
	x34: [ -0.6674,  -0.4674] 
	x35: [ -3.6968,  -3.4968] 
	x36: [ -0.6064,  -0.4064] 
	x37: [ -1.0870,  -0.8870] 
	x38: [  1.2064,   1.4064] 
	x39: [ -1.7319,  -1.5319] 
	x40: [  0.8284,   1.0284] 
	x41: [  0.5179,   0.7179] 
	x42: [  0.2166,   0.4166] 
	x43: [  0.9483,   1.1483] 
	x44: [  1.9686,   2.1686] 
	x45: [ -1.5978,  -1.3978] 
	x46: [ -1.7303,  -1.5303] 
	x47: [ -1.4103,  -1.2103] 
	x48: [  0.9607,   1.1607] 
	x49: [  1.0007,   1.2007] 
	x50: [ -0.4235,  -0.2235] 
	x51: [ -0.3366,  -0.1366] 
	x52: [ -1.9220,  -1.7220] 
	x53: [  0.7435,   0.9435] 
	x54: [  0.1452,   0.3452] 
	x55: [  1.6121,   1.8121] 
	x56: [  0.9149,   1.1149] 
	x57: [ -0.8123,  -0.6123] 
	x58: [  1.5930,   1.7930] 
	x59: [  1.9510,   2.1510] 
	x60: [ -0.0304,   0.1696] 
	x61: [  2.4527,   2.6527] 
	x62: [  0.4862,   0.6862] 
	x63: [ -2.1998,  -1.9998] 
	x64: [  0.9777,   1.1777] 
	x65: [ -0.6988,  -0.4988] 
	x66: [ -1.9020,  -1.7020] 
	x67: [  1.0669,   1.2669] 
	x68: [  1.5084,   1.7084] 
	x69: [  0.4670,   0.6670] 
	x70: [ -0.1162,   0.0838] 
	x71: [  0.7853,   0.9853] 
	x72: [ -0.7292,  -0.5292] 
	x73: [  0.6082,   0.8082] 
	x74: [  0.8793,   1.0793] 
	x75: [  0.6329,   0.8329] 
	x76: [  0.6885,   0.8885] 
	x77: [ -0.4607,  -0.2607] 
	x78: [ -0.0509,   0.1491] 
	x79: [  1.4514,   1.6514] 
	x80: [ -1.3060,  -1.1060] 
	x81: [ -1.2316,  -1.0316] 
	x82: [  1.9493,   2.1493] 
	x83: [ -1.5671,  -1.3671] 
	x84: [ -1.5378,  -1.3378] 
	x85: [  1.7915,   1.9915] 
	x86: [  2.2823,   2.4823] 
	x87: [ -3.8770,  -3.6770] 
	x88: [ -0.8377,  -0.6377] 
	x89: [  0.9041,   1.1041] 
	x90: [ -0.8893,  -0.6893] 
	x91: [ -1.2693,  -1.0693] 
	x92: [  1.3685,   1.5685] 
	x93: [ -1.6238,  -1.4238] 
	x94: [ -2.2694,  -2.0694] 
	x95: [  2.8393,   3.0393] 
	x96: [  1.2133,   1.4133] 
	x97: [  0.1058,   0.3058] 
	x98: [ -2.6236,  -2.4236] 
	x99: [  2.6475,   2.8475] 
	x100: [ -0.6197,  -0.4197] 
	x101: [  0.3612,   0.5612] 
	x102: [ -2.9759,  -2.7759] 
	x103: [  0.5737,   0.7737] 
	x104: [ -0.5116,  -0.3116] 
	x105: [  2.1013,   2.3013] 
	x106: [ -1.7108,  -1.5108] 
	x107: [  0.5976,   0.7976] 
	x108: [  2.6376,   2.8376] 
	x109: [ -3.5119,  -3.3119] 
	x110: [ -0.5667,  -0.3667] 
	x111: [ -0.5367,  -0.3367] 
	x112: [  0.5671,   0.7671] 
	x113: [ -1.0719,  -0.8719] 
	x114: [ -0.5448,  -0.3448] 
	x115: [  0.4065,   0.6065] 
	x116: [ -0.0663,   0.1337] 
	x117: [  0.1380,   0.3380] 
	x118: [ -2.1309,  -1.9309] 
	x119: [  1.4648,   1.6648] 
	x120: [ -0.7092,  -0.5092] 
	x121: [  2.0700,   2.2700] 
	x122: [  1.5871,   1.7871] 
	x123: [ -1.3941,  -1.1941] 
	x124: [ -0.1690,   0.0310] 
	x125: [  2.1276,   2.3276] 
	x126: [  1.4647,   1.6647] 
	x127: [ -2.6573,  -2.4573] 
	x128: [ -0.9099,  -0.7099] 
	x129: [ -3.5467,  -3.3467] 
	x130: [ -1.2138,  -1.0138] 
	x131: [  0.5490,   0.7490] 
	x132: [  0.0234,   0.2234] 
	x133: [  1.3265,   1.5265] 
	x134: [  2.5208,   2.7208] 
	x135: [ -1.4591,  -1.2591] 
	x136: [ -1.3759,  -1.1759] 
	x137: [  0.8998,   1.0998] 
	x138: [  0.4180,   0.6180] 
	x139: [ -0.3818,  -0.1818] 
	x140: [  2.0971,   2.2971] 
	x141: [  1.1665,   1.3665] 
	x142: [  0.3182,   0.5182] 
	x143: [ -1.9761,  -1.7761] 
	x144: [ -0.4118,  -0.2118] 
	x145: [ -0.8909,  -0.6909] 
	x146: [  0.3054,   0.5054] 
	x147: [ -0.5964,  -0.3964] 
	x148: [ -1.2729,  -1.0729] 
	x149: [ -2.3800,  -2.1800] 
	x150: [ -2.2997,  -2.0997] 
	x151: [  1.1714,   1.3714] 
	x152: [ -1.8672,  -1.6672] 
	x153: [  0.0713,   0.2713] 
	x154: [  0.8520,   1.0520] 
	x155: [ -2.1177,  -1.9177] 
	x156: [  0.8340,   1.0340] 
	x157: [  0.4471,   0.6471] 
	x158: [  0.7399,   0.9399] 
	x159: [  0.3192,   0.5192] 
	x160: [  0.7691,   0.9691] 
	x161: [ -1.7126,  -1.5126] 
	x162: [ -0.5781,  -0.3781] 
	x163: [  0.6853,   0.8853] 
	x164: [ -0.6854,  -0.4854] 
	x165: [  1.1712,   1.3712] 
	x166: [ -3.1165,  -2.9165] 
	x167: [  3.3128,   3.5128] 
	x168: [ -1.2775,  -1.0775] 
	x169: [  0.2712,   0.4712] 
	x170: [  0.5877,   0.7877] 
	x171: [ -2.1601,  -1.9601] 
	x172: [ -0.6790,  -0.4790] 
	x173: [  0.2993,   0.4993] 
	x174: [ -0.9757,  -0.7757] 
	x175: [  1.6660,   1.8660] 
	x176: [ -0.1657,   0.0343] 
	x177: [  1.2337,   1.4337] 
	x178: [ -2.0302,  -1.8302] 
	x179: [ -1.8573,  -1.6573] 
	x180: [ -1.2856,  -1.0856] 
	x181: [ -2.6807,  -2.4807] 
	x182: [  1.1590,   1.3590] 
	x183: [  0.4277,   0.6277] 
	x184: [  0.4873,   0.6873] 
	x185: [ -1.3065,  -1.1065] 
	x186: [  0.9632,   1.1632] 
	x187: [ -0.9129,  -0.7129] 
	x188: [ -0.0565,   0.1435] 
	x189: [  1.2192,   1.4192] 
	x190: [ -2.6637,  -2.4637] 
	x191: [ -0.3621,  -0.1621] 
	x192: [  0.4150,   0.6150] 
	x193: [  1.1651,   1.3651] 
	x194: [  2.5061,   2.7061] 
	x195: [  3.1994,   3.3994] 
	x196: [ -3.2477,  -3.0477] 
	x197: [  0.5464,   0.7464] 
	x198: [  1.0835,   1.2835] 
	x199: [  0.9040,   1.1040] 
	x200: [ -1.6920,  -1.4920] 
	x201: [ -0.6636,  -0.4636] 
	x202: [ -2.7082,  -2.5082] 
	x203: [ -1.6527,  -1.4527] 
	x204: [  2.0468,   2.2468] 
	x205: [ -1.4880,  -1.2880] 
	x206: [ -0.3791,  -0.1791] 
	x207: [ -0.8767,  -0.6767] 
	x208: [  0.7001,   0.9001] 
	x209: [ -1.3043,  -1.1043] 
	x210: [  0.6527,   0.8527] 
	x211: [ -1.3968,  -1.1968] 
	x212: [  1.7133,   1.9133] 
	x213: [  3.2468,   3.4468] 
	x214: [ -2.1468,  -1.9468] 
	x215: [ -0.4974,  -0.2974] 
	x216: [ -0.2242,  -0.0242] 
	x217: [ -1.6980,  -1.4980] 
	x218: [  1.5826,   1.7826] 
	x219: [ -0.7622,  -0.5622] 
	x220: [ -1.7985,  -1.5985] 
	x221: [ -0.6121,  -0.4121] 
	x222: [  1.7763,   1.9763] 
	x223: [  0.8410,   1.0410] 
	x224: [ -1.6570,  -1.4570] 
	x225: [  0.4436,   0.6436] 
	x226: [  1.8754,   2.0754] 
	x227: [ -0.1778,   0.0222] 
	x228: [ -0.9943,  -0.7943] 
	x229: [ -0.7873,  -0.5873] 
	x230: [ -0.5300,  -0.3300] 
	x231: [ -0.3691,  -0.1691] 
	x232: [  2.5531,   2.7531] 
	x233: [ -0.3738,  -0.1738] 
	x234: [ -2.6091,  -2.4091] 
	x235: [ -0.7915,  -0.5915] 
	x236: [ -1.5817,  -1.3817] 
	x237: [ -2.1283,  -1.9283] 
	x238: [ -2.9351,  -2.7351] 
	x239: [  5.4175,   5.6175] 
	x240: [  0.5054,   0.7054] 
	x241: [ -3.2547,  -3.0547] 
	x242: [  0.6840,   0.8840] 
	x243: [ -2.2759,  -2.0759] 
	x244: [  1.2247,   1.4247] 
	x245: [ -1.1056,  -0.9056] 
	x246: [ -0.7259,  -0.5259] 
	x247: [ -0.8098,  -0.6098] 
	x248: [ -1.5927,  -1.3927] 
	x249: [ -1.0275,  -0.8275] 
	x250: [  1.7619,   1.9619] 
	x251: [ -0.0944,   0.1056] 
	x252: [  1.4385,   1.6385] 
	x253: [ -0.6116,  -0.4116] 
	x254: [  1.4810,   1.6810] 
	x255: [  1.5916,   1.7916] 
	x256: [  0.0351,   0.2351] 
	x257: [ -0.8504,  -0.6504] 
	x258: [ -2.4502,  -2.2502] 
	x259: [ -1.2594,  -1.0594] 
	x260: [ -1.1969,  -0.9969] 
	x261: [  0.5781,   0.7781] 
	x262: [ -1.3839,  -1.1839] 
	x263: [  0.6990,   0.8990] 
	x264: [  0.1191,   0.3191] 
	x265: [ -2.2176,  -2.0176] 
	x266: [ -0.0669,   0.1331] 
	x267: [ -2.1013,  -1.9013] 
	x268: [ -1.2613,  -1.0613] 
	x269: [  0.1573,   0.3573] 
	x270: [  1.3766,   1.5766] 
	x271: [ -1.4263,  -1.2263] 
	x272: [  1.3680,   1.5680] 
	x273: [  2.0391,   2.2391] 
	x274: [ -1.9472,  -1.7472] 
	x275: [ -0.9949,  -0.7949] 
	x276: [ -0.1614,   0.0386] 
	x277: [ -0.1402,   0.0598] 
	x278: [ -2.1777,  -1.9777] 
	x279: [  3.1620,   3.3620] 
	x280: [ -0.3856,  -0.1856] 
	x281: [  0.5917,   0.7917] 
	x282: [ -2.3614,  -2.1614] 
	x283: [ -2.7831,  -2.5831] 
	x284: [  0.6596,   0.8596] 
	x285: [  0.8312,   1.0312] 
	x286: [ -1.5563,  -1.3563] 
	x287: [  0.1412,   0.3412] 
	x288: [ -1.3724,  -1.1724] 
	x289: [ -1.7283,  -1.5283] 
	x290: [ -1.4971,  -1.2971] 
	x291: [ -0.7109,  -0.5109] 
	x292: [  1.2545,   1.4545] 
	x293: [  0.6075,   0.8075] 
	x294: [  1.6077,   1.8077] 
	x295: [ -0.8075,  -0.6075] 
	x296: [ -0.5677,  -0.3677] 
	x297: [ -2.5103,  -2.3103] 
	x298: [ -5.4834,  -5.2834] 
	x299: [  0.2880,   0.4880] 
	x300: [ -2.2835,  -2.0835] 
	x301: [  0.5842,   0.7842] 
	x302: [  1.7489,   1.9489] 
	x303: [ -4.1877,  -3.9877] 
	x304: [  1.0120,   1.2120] 
	x305: [ -2.2621,  -2.0621] 
	x306: [ -3.6606,  -3.4606] 
	x307: [ -0.6253,  -0.4253] 
	x308: [ -1.9015,  -1.7015] 
	x309: [  1.5688,   1.7688] 
	x310: [  1.8768,   2.0768] 
	x311: [ -1.9152,  -1.7152] 
	x312: [  0.1718,   0.3718] 
	x313: [ -3.2649,  -3.0649] 
	x314: [ -0.6262,  -0.4262] 
	x315: [ -0.9225,  -0.7225] 
	x316: [  0.1783,   0.3783] 
	x317: [  0.4493,   0.6493] 
	x318: [  0.0739,   0.2739] 
	x319: [ -1.2781,  -1.0781] 
	x320: [ -1.9076,  -1.7076] 
	x321: [  1.4091,   1.6091] 
	x322: [  0.2245,   0.4245] 
	x323: [ -1.2792,  -1.0792] 
	x324: [  0.0356,   0.2356] 
	x325: [  0.1230,   0.3230] 
	x326: [ -0.7811,  -0.5811] 
	x327: [  1.1717,   1.3717] 
	x328: [ -0.5075,  -0.3075] 
	x329: [  1.1156,   1.3156] 
	x330: [  1.2511,   1.4511] 
	x331: [ -0.3365,  -0.1365] 
	x332: [  1.4046,   1.6046] 
	x333: [  0.6067,   0.8067] 
	x334: [ -0.6075,  -0.4075] 
	x335: [ -1.5049,  -1.3049] 
	x336: [  1.6316,   1.8316] 
	x337: [  1.8038,   2.0038] 
	x338: [  1.6581,   1.8581] 
	x339: [  0.4507,   0.6507] 
	x340: [ -1.1644,  -0.9644] 
	x341: [ -1.6893,  -1.4893] 
	x342: [  2.3116,   2.5116] 
	x343: [  0.6314,   0.8314] 
	x344: [  1.6499,   1.8499] 
	x345: [  0.1877,   0.3877] 
	x346: [  1.2135,   1.4135] 
	x347: [  0.4688,   0.6688] 
	x348: [  0.6397,   0.8397] 
	x349: [ -0.7545,  -0.5545] 
	x350: [ -3.6655,  -3.4655] 
	x351: [ -1.7777,  -1.5777] 
	x352: [ -1.0129,  -0.8129] 
	x353: [  2.2967,   2.4967] 
	x354: [  0.5727,   0.7727] 
	x355: [  1.5388,   1.7388] 
	x356: [ -0.6288,  -0.4288] 
	x357: [  1.5151,   1.7151] 
	x358: [  0.1002,   0.3002] 
	x359: [ -2.5899,  -2.3899] 
	x360: [ -1.5757,  -1.3757] 
	x361: [ -0.9618,  -0.7618] 
	x362: [ -2.0903,  -1.8903] 
	x363: [  0.0429,   0.2429] 
	x364: [ -0.2713,  -0.0713] 
	x365: [ -0.6312,  -0.4312] 
	x366: [  0.5692,   0.7692] 
	x367: [ -0.9642,  -0.7642] 
	x368: [  1.5840,   1.7840] 
	x369: [  1.6408,   1.8408] 
	x370: [  0.2631,   0.4631] 
	x371: [  0.8571,   1.0571] 
	x372: [  0.1742,   0.3742] 
	x373: [ -1.6723,  -1.4723] 
	x374: [  0.1591,   0.3591] 
	x375: [ -1.5494,  -1.3494] 
	x376: [  1.0941,   1.2941] 
	x377: [  0.4049,   0.6049] 
	x378: [ -0.4762,  -0.2762] 
	x379: [  0.4100,   0.6100] 
	x380: [  1.0397,   1.2397] 
	x381: [  0.3011,   0.5011] 
	x382: [ -1.7066,  -1.5066] 
	x383: [ -0.4718,  -0.2718] 
	x384: [  0.8989,   1.0989] 
	x385: [ -1.5751,  -1.3751] 
	x386: [ -3.2578,  -3.0578] 
	x387: [ -1.3260,  -1.1260] 
	x388: [ -1.8039,  -1.6039] 
	x389: [ -3.9726,  -3.7726] 
	x390: [ -1.0385,  -0.8385] 
	x391: [ -0.2963,  -0.0963] 
	x392: [  0.7953,   0.9953] 
	x393: [  0.8206,   1.0206] 
	x394: [  0.4139,   0.6139] 
	x395: [ -0.4785,  -0.2785] 
	x396: [  1.0475,   1.2475] 
	x397: [ -0.9645,  -0.7645] 
	x398: [  1.2386,   1.4386] 
	x399: [ -0.2699,  -0.0699] 
	x400: [ -0.1507,   0.0493] 
	x401: [ -0.5057,  -0.3057] 
	x402: [ -0.1822,   0.0178] 
	x403: [ -0.4292,  -0.2292] 
	x404: [ -1.4386,  -1.2386] 
	x405: [ -0.9733,  -0.7733] 
	x406: [  2.9985,   3.1985] 
	x407: [  0.5788,   0.7788] 
	x408: [  0.9008,   1.1008] 
	x409: [  0.3800,   0.5800] 
	x410: [ -1.5443,  -1.3443] 
	x411: [  2.0348,   2.2348] 
	x412: [ -1.3838,  -1.1838] 
	x413: [ -0.8640,  -0.6640] 
	x414: [ -0.7184,  -0.5184] 
	x415: [  0.9202,   1.1202] 
	x416: [ -3.0922,  -2.8922] 
	x417: [  1.4553,   1.6553] 
	x418: [ -0.4629,  -0.2629] 
	x419: [ -0.2784,  -0.0784] 
	x420: [ -0.8154,  -0.6154] 
	x421: [  0.0329,   0.2329] 
	x422: [ -1.8935,  -1.6935] 
	x423: [ -3.6697,  -3.4697] 
	x424: [ -1.6227,  -1.4227] 
	x425: [ -1.3315,  -1.1315] 
	x426: [ -0.6588,  -0.4588] 
	x427: [ -1.0416,  -0.8416] 
	x428: [ -2.8952,  -2.6952] 
	x429: [  3.4139,   3.6139] 
	x430: [  1.1980,   1.3980] 
	x431: [  1.9614,   2.1614] 
	x432: [ -1.5956,  -1.3956] 
	x433: [ -1.6935,  -1.4935] 
	x434: [ -0.0251,   0.1749] 
	x435: [ -0.8747,  -0.6747] 
	x436: [  0.9267,   1.1267] 
	x437: [ -1.8841,  -1.6841] 
	x438: [ -0.6781,  -0.4781] 
	x439: [ -0.3783,  -0.1783] 
	x440: [  0.8978,   1.0978] 
	x441: [  1.6849,   1.8849] 
	x442: [ -0.7893,  -0.5893] 
	x443: [ -1.9013,  -1.7013] 
	x444: [ -2.1806,  -1.9806] 
	x445: [  0.2588,   0.4588] 
	x446: [  0.0203,   0.2203] 
	x447: [ -0.0509,   0.1491] 
	x448: [ -1.8186,  -1.6186] 
	x449: [  1.9233,   2.1233] 
	x450: [  0.5869,   0.7869] 
	x451: [ -0.5543,  -0.3543] 
	x452: [  1.2674,   1.4674] 
	x453: [ -2.2183,  -2.0183] 
	x454: [ -2.4697,  -2.2697] 
	x455: [ -1.3488,  -1.1488] 
	x456: [  0.8730,   1.0730] 
	x457: [ -0.0048,   0.1952] 
	x458: [ -3.3972,  -3.1972] 
	x459: [ -1.9886,  -1.7886] 
	x460: [  1.6146,   1.8146] 
	x461: [  2.1117,   2.3117] 
	x462: [ -0.2193,  -0.0193] 
	x463: [ -1.2724,  -1.0724] 
	x464: [ -0.2977,  -0.0977] 
	x465: [  0.4040,   0.6040] 
	x466: [  1.6924,   1.8924] 
	x467: [ -3.6960,  -3.4960] 
	x468: [  0.6362,   0.8362] 
	x469: [  2.0505,   2.2505] 
	x470: [ -0.7189,  -0.5189] 
	x471: [  0.2493,   0.4493] 
	x472: [ -0.3318,  -0.1318] 
	x473: [ -1.3354,  -1.1354] 
	x474: [ -2.4021,  -2.2021] 
	x475: [  0.2585,   0.4585] 
	x476: [ -1.2618,  -1.0618] 
	x477: [ -1.5212,  -1.3212] 
	x478: [  1.1139,   1.3139] 
	x479: [  2.4299,   2.6299] 
	x480: [ -1.3294,  -1.1294] 
	x481: [  0.0020,   0.2020] 
	x482: [ -1.4456,  -1.2456] 
	x483: [ -0.4350,  -0.2350] 
	x484: [  0.5804,   0.7804] 
	x485: [  0.9005,   1.1005] 
	x486: [ -0.3803,  -0.1803] 
	x487: [ -0.8604,  -0.6604] 
	x488: [  1.6076,   1.8076] 
	x489: [  0.3935,   0.5935] 
	x490: [ -1.2389,  -1.0389] 
	x491: [  1.0087,   1.2087] 
	x492: [  1.3065,   1.5065] 
	x493: [  1.7585,   1.9585] 
	x494: [ -0.3363,  -0.1363] 
	x495: [  1.9570,   2.1570] 
	x496: [ -2.0826,  -1.8826] 
	x497: [  0.3854,   0.5854] 
	x498: [ -1.9936,  -1.7936] 
	x499: [  0.4467,   0.6467] 
	x500: [ -1.6862,  -1.4862] 
	x501: [  2.1854,   2.3854] 
	x502: [ -1.7515,  -1.5515] 
	x503: [ -1.2193,  -1.0193] 
	x504: [  0.2339,   0.4339] 
	x505: [  2.6969,   2.8969] 
	x506: [ -0.8457,  -0.6457] 
	x507: [ -1.9447,  -1.7447] 
	x508: [  0.5925,   0.7925] 
	x509: [  0.4309,   0.6309] 
	x510: [ -1.2428,  -1.0428] 
	x511: [  0.5084,   0.7084] 

Branching heuristics set to PseudoImpact
unsat
