InputQuery: /home/levn/Workspace/othello_world/queries/probe_robust/group_4/game_92_target_42_eps_0.1.txt
Engine::processInputQuery: Input query (before preprocessing): 449 equations, 1216 variables
Engine::processInputQuery: Input query (after preprocessing): 705 equations, 1376 variables

Input bounds:
	x0: [  1.2191,   1.4191] 
	x1: [ -1.5973,  -1.3973] 
	x2: [ -2.1010,  -1.9010] 
	x3: [ -1.9466,  -1.7466] 
	x4: [  0.3878,   0.5878] 
	x5: [ -2.1164,  -1.9164] 
	x6: [  1.5050,   1.7050] 
	x7: [ -1.3613,  -1.1613] 
	x8: [ -1.9437,  -1.7437] 
	x9: [ -1.5924,  -1.3924] 
	x10: [ -0.2072,  -0.0072] 
	x11: [  0.5691,   0.7691] 
	x12: [ -1.2015,  -1.0015] 
	x13: [  0.0971,   0.2971] 
	x14: [ -0.6667,  -0.4667] 
	x15: [ -2.3428,  -2.1428] 
	x16: [ -1.4989,  -1.2989] 
	x17: [ -0.2295,  -0.0295] 
	x18: [ -1.8574,  -1.6574] 
	x19: [ -0.2475,  -0.0475] 
	x20: [ -0.3551,  -0.1551] 
	x21: [  1.6245,   1.8245] 
	x22: [  0.3998,   0.5998] 
	x23: [ -0.0530,   0.1470] 
	x24: [ -1.0396,  -0.8396] 
	x25: [ -0.5263,  -0.3263] 
	x26: [  1.5875,   1.7875] 
	x27: [ -1.9423,  -1.7423] 
	x28: [ -1.9972,  -1.7972] 
	x29: [  0.0855,   0.2855] 
	x30: [  2.1785,   2.3785] 
	x31: [  2.6435,   2.8435] 
	x32: [  1.2370,   1.4370] 
	x33: [  0.5010,   0.7010] 
	x34: [ -0.9634,  -0.7634] 
	x35: [ -0.0699,   0.1301] 
	x36: [ -0.6396,  -0.4396] 
	x37: [ -1.9306,  -1.7306] 
	x38: [  3.0867,   3.2867] 
	x39: [ -3.8744,  -3.6744] 
	x40: [  0.4163,   0.6163] 
	x41: [  1.9237,   2.1237] 
	x42: [ -2.3481,  -2.1481] 
	x43: [  3.2776,   3.4776] 
	x44: [ -1.6637,  -1.4637] 
	x45: [ -1.1655,  -0.9655] 
	x46: [ -0.0854,   0.1146] 
	x47: [  0.0840,   0.2840] 
	x48: [ -1.5972,  -1.3972] 
	x49: [  1.2761,   1.4761] 
	x50: [  0.3899,   0.5899] 
	x51: [ -0.4595,  -0.2595] 
	x52: [  0.8431,   1.0431] 
	x53: [ -2.0364,  -1.8364] 
	x54: [ -1.4468,  -1.2468] 
	x55: [ -0.4934,  -0.2934] 
	x56: [ -1.3242,  -1.1242] 
	x57: [  1.5999,   1.7999] 
	x58: [ -0.3124,  -0.1124] 
	x59: [  0.3342,   0.5342] 
	x60: [  2.7009,   2.9009] 
	x61: [ -1.2831,  -1.0831] 
	x62: [ -1.2383,  -1.0383] 
	x63: [  0.7018,   0.9018] 
	x64: [ -0.7993,  -0.5993] 
	x65: [  0.8846,   1.0846] 
	x66: [ -0.6039,  -0.4039] 
	x67: [ -0.2547,  -0.0547] 
	x68: [ -1.2223,  -1.0223] 
	x69: [  0.0591,   0.2591] 
	x70: [ -2.6361,  -2.4361] 
	x71: [ -0.0880,   0.1120] 
	x72: [  1.9719,   2.1719] 
	x73: [ -0.0863,   0.1137] 
	x74: [ -2.5275,  -2.3275] 
	x75: [ -2.6280,  -2.4280] 
	x76: [  0.5436,   0.7436] 
	x77: [  0.5479,   0.7479] 
	x78: [  1.6556,   1.8556] 
	x79: [  0.9160,   1.1160] 
	x80: [  0.6649,   0.8649] 
	x81: [  0.5647,   0.7647] 
	x82: [  0.8029,   1.0029] 
	x83: [ -2.0599,  -1.8599] 
	x84: [  1.2382,   1.4382] 
	x85: [ -0.0573,   0.1427] 
	x86: [  2.0088,   2.2088] 
	x87: [ -1.5127,  -1.3127] 
	x88: [  1.6549,   1.8549] 
	x89: [ -0.9678,  -0.7678] 
	x90: [  2.7043,   2.9043] 
	x91: [ -0.5464,  -0.3464] 
	x92: [  0.5740,   0.7740] 
	x93: [  2.3165,   2.5165] 
	x94: [  1.5300,   1.7300] 
	x95: [  1.9578,   2.1578] 
	x96: [  0.4309,   0.6309] 
	x97: [ -3.9359,  -3.7359] 
	x98: [  1.9468,   2.1468] 
	x99: [  1.9337,   2.1337] 
	x100: [ -1.6933,  -1.4933] 
	x101: [ -0.7089,  -0.5089] 
	x102: [  1.7309,   1.9309] 
	x103: [ -0.0687,   0.1313] 
	x104: [  0.3642,   0.5642] 
	x105: [ -1.9717,  -1.7717] 
	x106: [  0.2710,   0.4710] 
	x107: [  0.7504,   0.9504] 
	x108: [ -3.9263,  -3.7263] 
	x109: [ -2.7914,  -2.5914] 
	x110: [ -0.0011,   0.1989] 
	x111: [  0.1870,   0.3870] 
	x112: [ -1.6595,  -1.4595] 
	x113: [  2.8307,   3.0307] 
	x114: [ -1.6383,  -1.4383] 
	x115: [ -1.6729,  -1.4729] 
	x116: [ -0.5843,  -0.3843] 
	x117: [ -0.4566,  -0.2566] 
	x118: [ -0.2515,  -0.0515] 
	x119: [  0.9259,   1.1259] 
	x120: [ -0.3822,  -0.1822] 
	x121: [  2.1608,   2.3608] 
	x122: [  3.2912,   3.4912] 
	x123: [  0.9915,   1.1915] 
	x124: [ -0.1765,   0.0235] 
	x125: [ -0.7552,  -0.5552] 
	x126: [  1.2215,   1.4215] 
	x127: [  2.1909,   2.3909] 
	x128: [ -0.6591,  -0.4591] 
	x129: [  1.1175,   1.3175] 
	x130: [  1.4966,   1.6966] 
	x131: [ -2.4790,  -2.2790] 
	x132: [ -0.5076,  -0.3076] 
	x133: [  0.1197,   0.3197] 
	x134: [  0.1993,   0.3993] 
	x135: [  0.3060,   0.5060] 
	x136: [ -0.7134,  -0.5134] 
	x137: [  1.5817,   1.7817] 
	x138: [ -0.2616,  -0.0616] 
	x139: [ -2.7524,  -2.5524] 
	x140: [ -2.5742,  -2.3742] 
	x141: [ -0.4003,  -0.2003] 
	x142: [  0.8767,   1.0767] 
	x143: [ -0.4437,  -0.2437] 
	x144: [ -1.5052,  -1.3052] 
	x145: [  1.9050,   2.1050] 
	x146: [ -2.7886,  -2.5886] 
	x147: [ -1.0026,  -0.8026] 
	x148: [ -0.0904,   0.1096] 
	x149: [ -3.4072,  -3.2072] 
	x150: [  0.8948,   1.0948] 
	x151: [  1.0970,   1.2970] 
	x152: [  1.9697,   2.1697] 
	x153: [ -1.5472,  -1.3472] 
	x154: [  0.5043,   0.7043] 
	x155: [  3.0431,   3.2431] 
	x156: [  2.3455,   2.5455] 
	x157: [  0.5241,   0.7241] 
	x158: [  0.4005,   0.6005] 
	x159: [ -1.8200,  -1.6200] 
	x160: [  1.0073,   1.2073] 
	x161: [  3.9021,   4.1021] 
	x162: [ -0.0267,   0.1733] 
	x163: [  0.8891,   1.0891] 
	x164: [  0.6238,   0.8238] 
	x165: [ -1.8411,  -1.6411] 
	x166: [ -0.0440,   0.1560] 
	x167: [  1.0556,   1.2556] 
	x168: [ -1.6877,  -1.4877] 
	x169: [ -1.1882,  -0.9882] 
	x170: [ -0.1080,   0.0920] 
	x171: [ -1.1445,  -0.9445] 
	x172: [  1.5943,   1.7943] 
	x173: [ -2.6363,  -2.4363] 
	x174: [ -1.3426,  -1.1426] 
	x175: [  1.4337,   1.6337] 
	x176: [  0.6420,   0.8420] 
	x177: [  0.5483,   0.7483] 
	x178: [ -1.3633,  -1.1633] 
	x179: [ -0.3659,  -0.1659] 
	x180: [ -0.5415,  -0.3415] 
	x181: [  0.2373,   0.4373] 
	x182: [ -1.0603,  -0.8603] 
	x183: [ -0.5458,  -0.3458] 
	x184: [  1.6950,   1.8950] 
	x185: [  0.0506,   0.2506] 
	x186: [  0.6899,   0.8899] 
	x187: [  1.3605,   1.5605] 
	x188: [  2.7840,   2.9840] 
	x189: [  0.1102,   0.3102] 
	x190: [ -0.4263,  -0.2263] 
	x191: [ -0.4475,  -0.2475] 
	x192: [  0.5756,   0.7756] 
	x193: [ -0.8856,  -0.6856] 
	x194: [  1.0538,   1.2538] 
	x195: [ -0.4924,  -0.2924] 
	x196: [  2.1000,   2.3000] 
	x197: [ -1.2926,  -1.0926] 
	x198: [ -0.9976,  -0.7976] 
	x199: [  0.8641,   1.0641] 
	x200: [ -1.4416,  -1.2416] 
	x201: [  0.9791,   1.1791] 
	x202: [ -0.5769,  -0.3769] 
	x203: [ -2.1570,  -1.9570] 
	x204: [ -0.2748,  -0.0748] 
	x205: [ -0.5901,  -0.3901] 
	x206: [ -0.0384,   0.1616] 
	x207: [ -2.2637,  -2.0637] 
	x208: [ -1.6644,  -1.4644] 
	x209: [ -1.3579,  -1.1579] 
	x210: [ -0.1874,   0.0126] 
	x211: [  0.7140,   0.9140] 
	x212: [ -1.9928,  -1.7928] 
	x213: [  0.0889,   0.2889] 
	x214: [  0.6681,   0.8681] 
	x215: [ -1.7803,  -1.5803] 
	x216: [ -1.0956,  -0.8956] 
	x217: [  0.3210,   0.5210] 
	x218: [ -2.2621,  -2.0621] 
	x219: [ -1.4694,  -1.2694] 
	x220: [ -1.0896,  -0.8896] 
	x221: [ -2.4294,  -2.2294] 
	x222: [ -0.6368,  -0.4368] 
	x223: [ -0.6493,  -0.4493] 
	x224: [ -2.1778,  -1.9778] 
	x225: [  3.3434,   3.5434] 
	x226: [  0.4941,   0.6941] 
	x227: [ -1.4486,  -1.2486] 
	x228: [ -1.5029,  -1.3029] 
	x229: [  5.0259,   5.2259] 
	x230: [  4.8812,   5.0812] 
	x231: [  0.9518,   1.1518] 
	x232: [  0.6275,   0.8275] 
	x233: [ -1.3156,  -1.1156] 
	x234: [ -0.1646,   0.0354] 
	x235: [  0.7994,   0.9994] 
	x236: [ -0.0463,   0.1537] 
	x237: [ -0.1171,   0.0829] 
	x238: [  0.4518,   0.6518] 
	x239: [ -1.7917,  -1.5917] 
	x240: [ -1.0314,  -0.8314] 
	x241: [  0.7571,   0.9571] 
	x242: [ -0.5956,  -0.3956] 
	x243: [  0.4008,   0.6008] 
	x244: [ -0.6667,  -0.4667] 
	x245: [ -1.5332,  -1.3332] 
	x246: [ -1.6429,  -1.4429] 
	x247: [ -2.5133,  -2.3133] 
	x248: [ -1.1444,  -0.9444] 
	x249: [  2.0511,   2.2511] 
	x250: [  0.7674,   0.9674] 
	x251: [  0.0488,   0.2488] 
	x252: [ -1.8645,  -1.6645] 
	x253: [  1.2955,   1.4955] 
	x254: [ -0.3302,  -0.1302] 
	x255: [ -2.3055,  -2.1055] 
	x256: [  0.6884,   0.8884] 
	x257: [  2.6105,   2.8105] 
	x258: [ -0.0952,   0.1048] 
	x259: [ -1.5643,  -1.3643] 
	x260: [  1.0832,   1.2832] 
	x261: [  0.7747,   0.9747] 
	x262: [  0.7790,   0.9790] 
	x263: [ -0.4080,  -0.2080] 
	x264: [ -0.4642,  -0.2642] 
	x265: [ -1.9871,  -1.7871] 
	x266: [ -3.1674,  -2.9674] 
	x267: [ -0.3190,  -0.1190] 
	x268: [ -1.3424,  -1.1424] 
	x269: [ -0.2571,  -0.0571] 
	x270: [  2.2535,   2.4535] 
	x271: [  0.2711,   0.4711] 
	x272: [ -0.5276,  -0.3276] 
	x273: [  1.1641,   1.3641] 
	x274: [  2.6435,   2.8435] 
	x275: [  3.5845,   3.7845] 
	x276: [ -0.6474,  -0.4474] 
	x277: [  0.9176,   1.1176] 
	x278: [ -3.4338,  -3.2338] 
	x279: [  0.3537,   0.5537] 
	x280: [ -0.8199,  -0.6199] 
	x281: [  0.9870,   1.1870] 
	x282: [ -1.8494,  -1.6494] 
	x283: [  0.8005,   1.0005] 
	x284: [ -2.2375,  -2.0375] 
	x285: [ -1.1504,  -0.9504] 
	x286: [  1.8416,   2.0416] 
	x287: [ -1.2761,  -1.0761] 
	x288: [ -1.7405,  -1.5405] 
	x289: [  1.6730,   1.8730] 
	x290: [  0.9012,   1.1012] 
	x291: [  0.5733,   0.7733] 
	x292: [ -2.7056,  -2.5056] 
	x293: [  0.1010,   0.3010] 
	x294: [ -0.6283,  -0.4283] 
	x295: [  1.0998,   1.2998] 
	x296: [ -0.2295,  -0.0295] 
	x297: [ -0.6285,  -0.4285] 
	x298: [ -2.6216,  -2.4216] 
	x299: [ -0.6555,  -0.4555] 
	x300: [ -0.8220,  -0.6220] 
	x301: [ -1.8000,  -1.6000] 
	x302: [  0.7842,   0.9842] 
	x303: [  2.2191,   2.4191] 
	x304: [  1.8643,   2.0643] 
	x305: [  0.2656,   0.4656] 
	x306: [  0.5073,   0.7073] 
	x307: [ -1.5942,  -1.3942] 
	x308: [ -0.9062,  -0.7062] 
	x309: [ -0.3820,  -0.1820] 
	x310: [ -0.8168,  -0.6168] 
	x311: [  4.8552,   5.0552] 
	x312: [  2.1226,   2.3226] 
	x313: [  0.9884,   1.1884] 
	x314: [ -2.7039,  -2.5039] 
	x315: [ -1.7291,  -1.5291] 
	x316: [  2.9473,   3.1473] 
	x317: [ -1.2851,  -1.0851] 
	x318: [ -1.8999,  -1.6999] 
	x319: [ -0.0753,   0.1247] 
	x320: [  0.3637,   0.5637] 
	x321: [ -1.2965,  -1.0965] 
	x322: [ -2.2030,  -2.0030] 
	x323: [  0.7286,   0.9286] 
	x324: [  0.4787,   0.6787] 
	x325: [ -1.1649,  -0.9649] 
	x326: [  1.2278,   1.4278] 
	x327: [  0.7103,   0.9103] 
	x328: [  3.4282,   3.6282] 
	x329: [ -0.6745,  -0.4745] 
	x330: [ -1.3092,  -1.1092] 
	x331: [ -0.9502,  -0.7502] 
	x332: [ -0.9533,  -0.7533] 
	x333: [  0.7263,   0.9263] 
	x334: [  0.3446,   0.5446] 
	x335: [  1.4263,   1.6263] 
	x336: [ -1.7393,  -1.5393] 
	x337: [  1.3970,   1.5970] 
	x338: [ -1.1424,  -0.9424] 
	x339: [  0.7568,   0.9568] 
	x340: [ -0.4939,  -0.2939] 
	x341: [  1.2892,   1.4892] 
	x342: [  0.3667,   0.5667] 
	x343: [  0.5423,   0.7423] 
	x344: [ -0.6994,  -0.4994] 
	x345: [ -0.5427,  -0.3427] 
	x346: [ -0.7281,  -0.5281] 
	x347: [ -1.6851,  -1.4851] 
	x348: [  2.1651,   2.3651] 
	x349: [  1.2158,   1.4158] 
	x350: [  2.5467,   2.7467] 
	x351: [  2.3699,   2.5699] 
	x352: [  0.1609,   0.3609] 
	x353: [ -0.0787,   0.1213] 
	x354: [  0.2509,   0.4509] 
	x355: [  0.7730,   0.9730] 
	x356: [ -1.9022,  -1.7022] 
	x357: [ -0.0938,   0.1062] 
	x358: [ -0.1020,   0.0980] 
	x359: [  1.7971,   1.9971] 
	x360: [ -2.1315,  -1.9315] 
	x361: [  0.5251,   0.7251] 
	x362: [ -1.8533,  -1.6533] 
	x363: [ -1.0611,  -0.8611] 
	x364: [ -1.5096,  -1.3096] 
	x365: [ -1.9191,  -1.7191] 
	x366: [ -0.8721,  -0.6721] 
	x367: [  2.3379,   2.5379] 
	x368: [ -1.6307,  -1.4307] 
	x369: [  3.2793,   3.4793] 
	x370: [ -0.9352,  -0.7352] 
	x371: [ -0.6080,  -0.4080] 
	x372: [ -1.5906,  -1.3906] 
	x373: [  1.0929,   1.2929] 
	x374: [ -0.0364,   0.1636] 
	x375: [ -4.2624,  -4.0624] 
	x376: [ -0.8373,  -0.6373] 
	x377: [  1.5206,   1.7206] 
	x378: [ -0.5686,  -0.3686] 
	x379: [  0.8543,   1.0543] 
	x380: [ -1.2950,  -1.0950] 
	x381: [ -0.6486,  -0.4486] 
	x382: [  0.7645,   0.9645] 
	x383: [  2.3801,   2.5801] 
	x384: [  0.8130,   1.0130] 
	x385: [ -0.2117,  -0.0117] 
	x386: [ -1.5559,  -1.3559] 
	x387: [  0.8367,   1.0367] 
	x388: [  1.5061,   1.7061] 
	x389: [  0.5213,   0.7213] 
	x390: [ -0.7800,  -0.5800] 
	x391: [ -0.0417,   0.1583] 
	x392: [  2.0543,   2.2543] 
	x393: [ -1.8672,  -1.6672] 
	x394: [ -1.7569,  -1.5569] 
	x395: [ -2.9770,  -2.7770] 
	x396: [ -1.0307,  -0.8307] 
	x397: [  0.4769,   0.6769] 
	x398: [  0.9084,   1.1084] 
	x399: [ -1.1547,  -0.9547] 
	x400: [  1.1668,   1.3668] 
	x401: [  0.3732,   0.5732] 
	x402: [ -2.2683,  -2.0683] 
	x403: [ -1.7851,  -1.5851] 
	x404: [  0.1630,   0.3630] 
	x405: [ -2.2287,  -2.0287] 
	x406: [  1.1989,   1.3989] 
	x407: [  2.3493,   2.5493] 
	x408: [ -1.5863,  -1.3863] 
	x409: [ -2.5305,  -2.3305] 
	x410: [ -0.4073,  -0.2073] 
	x411: [ -0.7051,  -0.5051] 
	x412: [ -0.6122,  -0.4122] 
	x413: [ -0.8731,  -0.6731] 
	x414: [ -1.3044,  -1.1044] 
	x415: [  1.0400,   1.2400] 
	x416: [ -0.0809,   0.1191] 
	x417: [  0.8312,   1.0312] 
	x418: [  0.6482,   0.8482] 
	x419: [ -0.3095,  -0.1095] 
	x420: [ -0.4993,  -0.2993] 
	x421: [ -0.7315,  -0.5315] 
	x422: [ -1.0270,  -0.8270] 
	x423: [ -0.8872,  -0.6872] 
	x424: [ -2.2107,  -2.0107] 
	x425: [ -1.6226,  -1.4226] 
	x426: [ -0.0142,   0.1858] 
	x427: [  1.5284,   1.7284] 
	x428: [  0.4276,   0.6276] 
	x429: [  0.7999,   0.9999] 
	x430: [ -1.7251,  -1.5251] 
	x431: [ -0.3181,  -0.1181] 
	x432: [  1.1287,   1.3287] 
	x433: [  1.7445,   1.9445] 
	x434: [  1.5587,   1.7587] 
	x435: [  1.6900,   1.8900] 
	x436: [ -1.4937,  -1.2937] 
	x437: [  0.8569,   1.0569] 
	x438: [  1.9033,   2.1033] 
	x439: [  0.3106,   0.5106] 
	x440: [  2.2758,   2.4758] 
	x441: [ -1.2767,  -1.0767] 
	x442: [ -0.0373,   0.1627] 
	x443: [ -2.1906,  -1.9906] 
	x444: [  0.7928,   0.9928] 
	x445: [ -0.5413,  -0.3413] 
	x446: [  1.2054,   1.4054] 
	x447: [  1.7565,   1.9565] 
	x448: [ -1.0914,  -0.8914] 
	x449: [ -1.9354,  -1.7354] 
	x450: [ -2.2301,  -2.0301] 
	x451: [ -0.4331,  -0.2331] 
	x452: [  0.5091,   0.7091] 
	x453: [ -0.9201,  -0.7201] 
	x454: [ -1.2064,  -1.0064] 
	x455: [ -0.5873,  -0.3873] 
	x456: [ -0.6439,  -0.4439] 
	x457: [ -0.2719,  -0.0719] 
	x458: [  1.6518,   1.8518] 
	x459: [  0.6591,   0.8591] 
	x460: [  3.1328,   3.3328] 
	x461: [ -1.5814,  -1.3814] 
	x462: [  0.4349,   0.6349] 
	x463: [ -1.3617,  -1.1617] 
	x464: [  0.7894,   0.9894] 
	x465: [  1.4170,   1.6170] 
	x466: [ -0.5433,  -0.3433] 
	x467: [ -1.4112,  -1.2112] 
	x468: [ -1.2934,  -1.0934] 
	x469: [  0.4193,   0.6193] 
	x470: [ -1.5727,  -1.3727] 
	x471: [ -1.8606,  -1.6606] 
	x472: [ -0.0602,   0.1398] 
	x473: [  2.0164,   2.2164] 
	x474: [ -1.1650,  -0.9650] 
	x475: [ -0.6062,  -0.4062] 
	x476: [  0.1497,   0.3497] 
	x477: [  0.0964,   0.2964] 
	x478: [  1.1840,   1.3840] 
	x479: [  1.7513,   1.9513] 
	x480: [  0.8831,   1.0831] 
	x481: [ -1.7877,  -1.5877] 
	x482: [ -0.8603,  -0.6603] 
	x483: [ -0.5503,  -0.3503] 
	x484: [ -0.8539,  -0.6539] 
	x485: [ -0.7184,  -0.5184] 
	x486: [ -0.1848,   0.0152] 
	x487: [  3.9471,   4.1471] 
	x488: [  3.9448,   4.1448] 
	x489: [  1.7363,   1.9363] 
	x490: [  1.6525,   1.8525] 
	x491: [ -1.2278,  -1.0278] 
	x492: [  0.2878,   0.4878] 
	x493: [  0.5071,   0.7071] 
	x494: [ -0.2368,  -0.0368] 
	x495: [  0.1473,   0.3473] 
	x496: [  3.1319,   3.3319] 
	x497: [ -0.3354,  -0.1354] 
	x498: [  1.6128,   1.8128] 
	x499: [ -1.3134,  -1.1134] 
	x500: [  0.4638,   0.6638] 
	x501: [  0.1022,   0.3022] 
	x502: [ -2.2052,  -2.0052] 
	x503: [  1.4511,   1.6511] 
	x504: [ -1.1765,  -0.9765] 
	x505: [ -4.6053,  -4.4053] 
	x506: [ -0.9959,  -0.7959] 
	x507: [ -0.3612,  -0.1612] 
	x508: [ -0.2498,  -0.0498] 
	x509: [  0.3667,   0.5667] 
	x510: [ -0.4147,  -0.2147] 
	x511: [ -1.7564,  -1.5564] 

Branching heuristics set to PseudoImpact

Engine::solve: Initial statistics

00:27:57 Statistics update:
	--- Time Statistics ---
	Total time elapsed: 484 milli (00:00:00)
		Main loop: 0 milli (00:00:00)
		Preprocessing time: 195 milli (00:00:00)
		Unknown: 288 milli (00:00:00)
	Breakdown for main loop:
		[0.00%] Simplex steps: 0 milli
		[0.00%] Explicit-basis bound tightening: 0 milli
		[0.00%] Constraint-matrix bound tightening: 0 milli
		[0.00%] Degradation checking: 0 milli
		[0.00%] Precision restoration: 0 milli
		[0.00%] Statistics handling: 0 milli
		[0.00%] Constraint-fixing steps: 0 milli
		[0.00%] Valid case splits: 0 milli. Average per split: 0.00 milli
		[0.00%] Applying stored bound-tightening: 0 milli
		[0.00%] SMT core: 0 milli
		[0.00%] Symbolic Bound Tightening: 12 milli
		[0.00%] SoI-based local search: 0 milli
		[0.00%] SoI-based local search: 0 milli
		[0.00%] Unaccounted for: 0 milli
	--- Preprocessor Statistics ---
	Number of preprocessor bound-tightening loop iterations: 3
	Number of eliminated variables: 97
	Number of constraints removed due to variable elimination: 97
	Number of equations removed due to variable elimination: 0
	--- Engine Statistics ---
	Number of main loop iterations: 1
		0 iterations were simplex steps. Total time: 0 milli. Average: 0.00 milli.
		0 iterations were constraint-fixing steps. Total time: 0 milli. Average: 0.00 milli
	Number of active piecewise-linear constraints: 159 / 159
		Constraints disabled by valid splits: 0. By SMT-originated splits: 0
	Last reported degradation: 0.0000000000. Max degradation so far: 0.0000000000. Restorations so far: 0
	Number of simplex pivots we attempted to skip because of instability: 0.
	Unstable pivots performed anyway: 0
	--- Tableau Statistics ---
	Total number of pivots performed: 0
		Real pivots: 0. Degenerate: 0 (0.00%)
		Degenerate pivots by request (e.g., to fix a PL constraint): 0 (0.00%)
		Average time per pivot: 0.00 milli
	Total number of fake pivots performed: 0
	Total number of rows added: 0. Number of merged columns: 0
	Current tableau dimensions: M = 705, N = 2081
	--- SMT Core Statistics ---
	Total depth is 0. Total visited states: 1. Number of splits: 0. Number of pops: 0
	Max stack depth: 0
	--- Bound Tightening Statistics ---
	Number of tightened bounds: 0.
		Number of rows examined by row tightener: 0. Consequent tightenings: 0
		Number of explicit basis matrices examined by row tightener: 0. Consequent tightenings: 0
		Number of bound tightening rounds on the entire constraint matrix: 0. Consequent tightenings: 0
		Number of bound notifications sent to PL constraints: 954. Tightenings proposed: 0
	--- Basis Factorization statistics ---
	Number of basis refactorizations: 2
	--- Projected Steepest Edge Statistics ---
	Number of iterations: 0.
	Number of resets to reference space: 1. Avg. iterations per reset: 0
	--- SBT ---
	Number of tightened bounds: 385
	--- SoI-based local search ---
	Number of proposed phase pattern update: 0. Number of accepted update: 0 [0.00%]
	Total time (% of local search time) updating SoI phase pattern : 0 milli [0.00%]
	Total time obtaining current assignment: 0 milli [0.00%]
	Total time getting SoI phase pattern : 0 milli [0.00%]
	--- Context dependent statistics ---
	Number of pushes / pops: 0 / 0
		[0.00%] Pre-Push hook: 0 milli
		[0.00%] Push : 0 milli
		[0.00%] Post-Pop hook: 0 milli
		[0.00%] Pop : 0 milli
		[0.00%] Total context-switching time: 0 milli
	--- Proof Certificate ---
	Number of certified leaves: 0
	Number of leaves to delegate: 0

---

Engine::solve: sat assignment found

00:27:58 Statistics update:
	--- Time Statistics ---
	Total time elapsed: 2017 milli (00:00:02)
		Main loop: 1532 milli (00:00:01)
		Preprocessing time: 195 milli (00:00:00)
		Unknown: 288 milli (00:00:00)
	Breakdown for main loop:
		[36.54%] Simplex steps: 560 milli
		[61.95%] Explicit-basis bound tightening: 949 milli
		[0.00%] Constraint-matrix bound tightening: 0 milli
		[0.72%] Degradation checking: 11 milli
		[0.00%] Precision restoration: 0 milli
		[0.03%] Statistics handling: 0 milli
		[0.00%] Constraint-fixing steps: 0 milli
		[0.00%] Valid case splits: 0 milli. Average per split: 0.00 milli
		[0.00%] Applying stored bound-tightening: 0 milli
		[0.00%] SMT core: 0 milli
		[1.36%] Symbolic Bound Tightening: 20 milli
		[8.34%] SoI-based local search: 127 milli
		[0.00%] SoI-based local search: 0 milli
		[1203370558971947.25%] Unaccounted for: 0 milli
	--- Preprocessor Statistics ---
	Number of preprocessor bound-tightening loop iterations: 3
	Number of eliminated variables: 97
	Number of constraints removed due to variable elimination: 97
	Number of equations removed due to variable elimination: 0
	--- Engine Statistics ---
	Number of main loop iterations: 507
		505 iterations were simplex steps. Total time: 560 milli. Average: 1.11 milli.
		0 iterations were constraint-fixing steps. Total time: 0 milli. Average: 0.00 milli
	Number of active piecewise-linear constraints: 159 / 159
		Constraints disabled by valid splits: 0. By SMT-originated splits: 0
	Last reported degradation: 0.0000000684. Max degradation so far: 0.0000000000. Restorations so far: 0
	Number of simplex pivots we attempted to skip because of instability: 0.
	Unstable pivots performed anyway: 0
	--- Tableau Statistics ---
	Total number of pivots performed: 493
		Real pivots: 493. Degenerate: 0 (0.00%)
		Degenerate pivots by request (e.g., to fix a PL constraint): 0 (0.00%)
		Average time per pivot: 0.14 milli
	Total number of fake pivots performed: 10
	Total number of rows added: 0. Number of merged columns: 0
	Current tableau dimensions: M = 705, N = 2081
	--- SMT Core Statistics ---
	Total depth is 0. Total visited states: 1. Number of splits: 0. Number of pops: 0
	Max stack depth: 0
	--- Bound Tightening Statistics ---
	Number of tightened bounds: 0.
		Number of rows examined by row tightener: 493. Consequent tightenings: 0
		Number of explicit basis matrices examined by row tightener: 4. Consequent tightenings: 269
		Number of bound tightening rounds on the entire constraint matrix: 0. Consequent tightenings: 0
		Number of bound notifications sent to PL constraints: 1908. Tightenings proposed: 0
	--- Basis Factorization statistics ---
	Number of basis refactorizations: 6
	--- Projected Steepest Edge Statistics ---
	Number of iterations: 503.
	Number of resets to reference space: 1. Avg. iterations per reset: 503
	--- SBT ---
	Number of tightened bounds: 385
	--- SoI-based local search ---
	Number of proposed phase pattern update: 0. Number of accepted update: 1 [0.00%]
	Total time (% of local search time) updating SoI phase pattern : 381 milli [0.30%]
	Total time obtaining current assignment: 158 milli [0.12%]
	Total time getting SoI phase pattern : 62 milli [0.00%]
	--- Context dependent statistics ---
	Number of pushes / pops: 0 / 0
		[0.00%] Pre-Push hook: 0 milli
		[0.00%] Push : 0 milli
		[0.00%] Post-Pop hook: 0 milli
		[0.00%] Pop : 0 milli
		[0.00%] Total context-switching time: 0 milli
	--- Proof Certificate ---
	Number of certified leaves: 0
	Number of leaves to delegate: 0
sat
Input assignment:
	x0 = 1.419057
	x1 = -1.397270
	x2 = -2.101012
	x3 = -1.946633
	x4 = 0.387799
	x5 = -2.116393
	x6 = 1.704950
	x7 = -1.361338
	x8 = -1.943694
	x9 = -1.392375
	x10 = -0.207175
	x11 = 0.569118
	x12 = -1.201512
	x13 = 0.297076
	x14 = -0.577078
	x15 = -2.342844
	x16 = -1.498944
	x17 = -0.141835
	x18 = -1.857434
	x19 = -0.047495
	x20 = -0.355147
	x21 = 1.624497
	x22 = 0.399832
	x23 = -0.053050
	x24 = -1.039569
	x25 = -0.526340
	x26 = 1.770343
	x27 = -1.942273
	x28 = -1.797180
	x29 = 0.285472
	x30 = 2.178504
	x31 = 2.643543
	x32 = 1.437011
	x33 = 0.500975
	x34 = -0.963396
	x35 = 0.130135
	x36 = -0.439556
	x37 = -1.930559
	x38 = 3.086662
	x39 = -3.674381
	x40 = 0.416326
	x41 = 1.923737
	x42 = -2.348110
	x43 = 3.477567
	x44 = -1.663745
	x45 = -0.965499
	x46 = 0.114641
	x47 = 0.284012
	x48 = -1.397185
	x49 = 1.276109
	x50 = 0.589887
	x51 = -0.459537
	x52 = 0.843086
	x53 = -2.036389
	x54 = -1.446796
	x55 = -0.293396
	x56 = -1.324154
	x57 = 1.599949
	x58 = -0.112409
	x59 = 0.334186
	x60 = 2.700945
	x61 = -1.083085
	x62 = -1.038348
	x63 = 0.701850
	x64 = -0.599285
	x65 = 1.084582
	x66 = -0.403916
	x67 = -0.054721
	x68 = -1.022256
	x69 = 0.259104
	x70 = -2.436095
	x71 = 0.111983
	x72 = 2.171897
	x73 = -0.086292
	x74 = -2.327546
	x75 = -2.427981
	x76 = 0.543633
	x77 = 0.547887
	x78 = 1.855569
	x79 = 0.915984
	x80 = 0.664901
	x81 = 0.764665
	x82 = 0.802898
	x83 = -2.059856
	x84 = 1.438187
	x85 = -0.057323
	x86 = 2.208845
	x87 = -1.312750
	x88 = 1.654949
	x89 = -0.967786
	x90 = 2.904293
	x91 = -0.385717
	x92 = 0.774046
	x93 = 2.516516
	x94 = 1.530049
	x95 = 1.957785
	x96 = 0.430906
	x97 = -3.935868
	x98 = 1.946810
	x99 = 1.933718
	x100 = -1.693254
	x101 = -0.708888
	x102 = 1.730934
	x103 = 0.131286
	x104 = 0.364245
	x105 = -1.771743
	x106 = 0.470996
	x107 = 0.750425
	x108 = -3.726350
	x109 = -2.591448
	x110 = -0.001107
	x111 = 0.387014
	x112 = -1.659511
	x113 = 3.030678
	x114 = -1.438344
	x115 = -1.472879
	x116 = -0.584292
	x117 = -0.256646
	x118 = -0.051517
	x119 = 0.925860
	x120 = -0.382184
	x121 = 2.160798
	x122 = 3.291220
	x123 = 0.991518
	x124 = -0.176451
	x125 = -0.755192
	x126 = 1.221537
	x127 = 2.190864
	x128 = -0.459079
	x129 = 1.317535
	x130 = 1.696598
	x131 = -2.479033
	x132 = -0.307647
	x133 = 0.319686
	x134 = 0.399325
	x135 = 0.305995
	x136 = -0.513394
	x137 = 1.581691
	x138 = -0.061603
	x139 = -2.752447
	x140 = -2.574215
	x141 = -0.200322
	x142 = 1.076711
	x143 = -0.243665
	x144 = -1.305208
	x145 = 1.904979
	x146 = -2.588576
	x147 = -0.802625
	x148 = 0.109609
	x149 = -3.207163
	x150 = 0.894755
	x151 = 1.296976
	x152 = 2.169709
	x153 = -1.547178
	x154 = 0.704286
	x155 = 3.043116
	x156 = 2.545549
	x157 = 0.524103
	x158 = 0.400492
	x159 = -1.619965
	x160 = 1.029265
	x161 = 3.902141
	x162 = 0.173317
	x163 = 0.889071
	x164 = 0.823756
	x165 = -1.641053
	x166 = 0.156039
	x167 = 1.255558
	x168 = -1.487743
	x169 = -1.188193
	x170 = 0.092024
	x171 = -1.144535
	x172 = 1.594337
	x173 = -2.436311
	x174 = -1.142595
	x175 = 1.433748
	x176 = 0.642036
	x177 = 0.548299
	x178 = -1.363290
	x179 = -0.365931
	x180 = -0.341537
	x181 = 0.437314
	x182 = -1.060290
	x183 = -0.345774
	x184 = 1.895024
	x185 = 0.250587
	x186 = 0.689924
	x187 = 1.360497
	x188 = 2.784016
	x189 = 0.310189
	x190 = -0.426296
	x191 = -0.447463
	x192 = 0.775604
	x193 = -0.685638
	x194 = 1.253810
	x195 = -0.292408
	x196 = 2.100032
	x197 = -1.292613
	x198 = -0.997617
	x199 = 1.064136
	x200 = -1.441629
	x201 = 0.979052
	x202 = -0.376938
	x203 = -1.957026
	x204 = -0.274824
	x205 = -0.390092
	x206 = 0.161576
	x207 = -2.063705
	x208 = -1.464393
	x209 = -1.157874
	x210 = 0.012639
	x211 = 0.913957
	x212 = -1.792825
	x213 = 0.088922
	x214 = 0.868092
	x215 = -1.633618
	x216 = -0.895606
	x217 = 0.321040
	x218 = -2.262098
	x219 = -1.469424
	x220 = -0.889630
	x221 = -2.429377
	x222 = -0.436834
	x223 = -0.649295
	x224 = -1.977788
	x225 = 3.543437
	x226 = 0.694126
	x227 = -1.448581
	x228 = -1.302921
	x229 = 5.225875
	x230 = 4.881232
	x231 = 1.151765
	x232 = 0.827455
	x233 = -1.315595
	x234 = -0.164621
	x235 = 0.999363
	x236 = -0.046261
	x237 = -0.117149
	x238 = 0.451843
	x239 = -1.591681
	x240 = -1.031444
	x241 = 0.957080
	x242 = -0.595626
	x243 = 0.400832
	x244 = -0.666681
	x245 = -1.533156
	x246 = -1.442885
	x247 = -2.313320
	x248 = -1.144407
	x249 = 2.051071
	x250 = 0.967400
	x251 = 0.248791
	x252 = -1.864529
	x253 = 1.495468
	x254 = -0.130225
	x255 = -2.305535
	x256 = 0.888438
	x257 = 2.810490
	x258 = -0.095218
	x259 = -1.564293
	x260 = 1.083162
	x261 = 0.974706
	x262 = 0.819593
	x263 = -0.207992
	x264 = -0.464188
	x265 = -1.987087
	x266 = -3.167415
	x267 = -0.318992
	x268 = -1.142401
	x269 = -0.257078
	x270 = 2.253473
	x271 = 0.471131
	x272 = -0.327583
	x273 = 1.364148
	x274 = 2.643477
	x275 = 3.784522
	x276 = -0.447412
	x277 = 1.117630
	x278 = -3.233849
	x279 = 0.553677
	x280 = -0.619949
	x281 = 1.186991
	x282 = -1.849394
	x283 = 1.000533
	x284 = -2.037511
	x285 = -1.150388
	x286 = 1.841579
	x287 = -1.276078
	x288 = -1.540530
	x289 = 1.673033
	x290 = 1.101212
	x291 = 0.773298
	x292 = -2.705577
	x293 = 0.300979
	x294 = -0.628258
	x295 = 1.299839
	x296 = -0.229510
	x297 = -0.628483
	x298 = -2.621622
	x299 = -0.655513
	x300 = -0.822013
	x301 = -1.800047
	x302 = 0.784222
	x303 = 2.219088
	x304 = 2.064343
	x305 = 0.465598
	x306 = 0.707313
	x307 = -1.594165
	x308 = -0.906168
	x309 = -0.381992
	x310 = -0.816769
	x311 = 4.855215
	x312 = 2.322551
	x313 = 1.080418
	x314 = -2.503943
	x315 = -1.729055
	x316 = 2.947302
	x317 = -1.085132
	x318 = -1.899872
	x319 = 0.124738
	x320 = 0.363658
	x321 = -1.096457
	x322 = -2.003042
	x323 = 0.728612
	x324 = 0.678708
	x325 = -0.964880
	x326 = 1.427842
	x327 = 0.910271
	x328 = 3.428167
	x329 = -0.674464
	x330 = -1.109202
	x331 = -0.950194
	x332 = -0.753264
	x333 = 0.926335
	x334 = 0.344553
	x335 = 1.626329
	x336 = -1.539321
	x337 = 1.397037
	x338 = -0.942427
	x339 = 0.956824
	x340 = -0.293889
	x341 = 1.489188
	x342 = 0.366661
	x343 = 0.542258
	x344 = -0.699372
	x345 = -0.342710
	x346 = -0.728053
	x347 = -1.485150
	x348 = 2.165082
	x349 = 1.415758
	x350 = 2.746732
	x351 = 2.369911
	x352 = 0.160864
	x353 = -0.078739
	x354 = 0.250947
	x355 = 0.772987
	x356 = -1.902206
	x357 = -0.093815
	x358 = 0.098004
	x359 = 1.997086
	x360 = -1.931507
	x361 = 0.725063
	x362 = -1.653290
	x363 = -0.861118
	x364 = -1.509569
	x365 = -1.719083
	x366 = -0.672147
	x367 = 2.537893
	x368 = -1.630675
	x369 = 3.279253
	x370 = -0.735157
	x371 = -0.408025
	x372 = -1.590622
	x373 = 1.092934
	x374 = -0.036437
	x375 = -4.062362
	x376 = -0.637272
	x377 = 1.720553
	x378 = -0.368563
	x379 = 1.054271
	x380 = -1.295046
	x381 = -0.448555
	x382 = 0.842590
	x383 = 2.580106
	x384 = 1.012956
	x385 = -0.011680
	x386 = -1.355895
	x387 = 1.036657
	x388 = 1.506142
	x389 = 0.721332
	x390 = -0.779982
	x391 = 0.158346
	x392 = 2.054259
	x393 = -1.867158
	x394 = -1.556909
	x395 = -2.776967
	x396 = -1.030732
	x397 = 0.676944
	x398 = 0.908417
	x399 = -1.154676
	x400 = 1.166793
	x401 = 0.573179
	x402 = -2.268322
	x403 = -1.585130
	x404 = 0.163032
	x405 = -2.028728
	x406 = 1.198871
	x407 = 2.349286
	x408 = -1.586263
	x409 = -2.530537
	x410 = -0.407270
	x411 = -0.505108
	x412 = -0.412194
	x413 = -0.673122
	x414 = -1.104426
	x415 = 1.040017
	x416 = 0.119056
	x417 = 1.031245
	x418 = 0.648198
	x419 = -0.109478
	x420 = -0.499304
	x421 = -0.731455
	x422 = -1.026981
	x423 = -0.887198
	x424 = -2.210663
	x425 = -1.422606
	x426 = -0.014164
	x427 = 1.728438
	x428 = 0.627568
	x429 = 0.799898
	x430 = -1.725149
	x431 = -0.318123
	x432 = 1.128669
	x433 = 1.944533
	x434 = 1.558673
	x435 = 1.890035
	x436 = -1.293704
	x437 = 1.056851
	x438 = 1.903281
	x439 = 0.310610
	x440 = 2.475846
	x441 = -1.076735
	x442 = 0.162747
	x443 = -2.190627
	x444 = 0.792823
	x445 = -0.541287
	x446 = 1.405372
	x447 = 1.756536
	x448 = -0.891405
	x449 = -1.935392
	x450 = -2.030067
	x451 = -0.433147
	x452 = 0.509086
	x453 = -0.920106
	x454 = -1.006423
	x455 = -0.387336
	x456 = -0.643892
	x457 = -0.271915
	x458 = 1.851752
	x459 = 0.859053
	x460 = 3.132842
	x461 = -1.581358
	x462 = 0.634919
	x463 = -1.161656
	x464 = 0.989402
	x465 = 1.617035
	x466 = -0.343338
	x467 = -1.211197
	x468 = -1.093437
	x469 = 0.419324
	x470 = -1.572698
	x471 = -1.860564
	x472 = -0.060168
	x473 = 2.216424
	x474 = -1.164981
	x475 = -0.606214
	x476 = 0.349687
	x477 = 0.296435
	x478 = 1.383998
	x479 = 1.751260
	x480 = 0.883126
	x481 = -1.787680
	x482 = -0.660281
	x483 = -0.350286
	x484 = -0.853912
	x485 = -0.718384
	x486 = -0.184784
	x487 = 3.947123
	x488 = 3.944847
	x489 = 1.936333
	x490 = 1.852462
	x491 = -1.227829
	x492 = 0.287847
	x493 = 0.507052
	x494 = -0.036794
	x495 = 0.347341
	x496 = 3.331891
	x497 = -0.135437
	x498 = 1.612801
	x499 = -1.313360
	x500 = 0.486733
	x501 = 0.302152
	x502 = -2.005247
	x503 = 1.651078
	x504 = -1.176496
	x505 = -4.605262
	x506 = -0.995861
	x507 = -0.161241
	x508 = -0.049770
	x509 = 0.366718
	x510 = -0.414747
	x511 = -1.756440

Output:
	y0 = -4.262482
	y1 = 3.295018
	y2 = -3.228429
	y3 = -7.335699
	y4 = 3.747411
	y5 = -4.925647
	y6 = -4.980135
	y7 = 4.427064
	y8 = -2.749629
	y9 = -8.524026
	y10 = 3.377657
	y11 = -5.798421
	y12 = -6.893388
	y13 = 5.860283
	y14 = -4.180120
	y15 = -5.239144
	y16 = 4.591724
	y17 = -4.201931
	y18 = -3.369662
	y19 = 1.665022
	y20 = -2.561786
	y21 = -6.147996
	y22 = 4.636377
	y23 = -6.140802
	y24 = -6.976720
	y25 = 8.523469
	y26 = -7.467419
	y27 = -6.837524
	y28 = 9.766594
	y29 = -5.527271
	y30 = -4.915097
	y31 = 18.164352
	y32 = -4.140966
	y33 = -3.233200
	y34 = 14.333333
	y35 = -2.084304
	y36 = -4.908548
	y37 = 19.814341
	y38 = -3.932884
	y39 = -2.498597
	y40 = 10.217219
	y41 = -1.911763
	y42 = -4.847391
	y43 = 2.824559
	y44 = -3.627269
	y45 = -4.832263
	y46 = 0.669775
	y47 = -3.888426
	y48 = -6.159370
	y49 = 11.770760
	y50 = -6.077691
	y51 = 0.982406
	y52 = -13.860049
	y53 = 1.721587
	y54 = 0.555886
	y55 = -10.710698
	y56 = 3.314486
	y57 = 1.659538
	y58 = -8.476550
	y59 = 3.058870
	y60 = 2.017084
	y61 = -10.318800
	y62 = 2.745827
	y63 = 3.822845
	y64 = -13.888296
	y65 = 1.956878
	y66 = -1.438535
	y67 = -8.154619
	y68 = 0.723534
	y69 = -5.461190
	y70 = 2.824230
	y71 = -3.746052
	y72 = -2.119953
	y73 = 0.647278
	y74 = -3.293687
	y75 = 2.659775
	y76 = -12.184947
	y77 = 2.901201
	y78 = 1.930049
	y79 = -11.457917
	y80 = 2.758381
	y81 = 9.953598
	y82 = -16.525177
	y83 = 9.612777
	y84 = 9.676160
	y85 = -14.726069
	y86 = 9.155272
	y87 = 2.891677
	y88 = -13.194175
	y89 = 2.105351
	y90 = -1.457032
	y91 = -12.921924
	y92 = 0.191507
	y93 = -6.388367
	y94 = 10.554967
	y95 = -4.502732
	y96 = -6.642540
	y97 = 10.172889
	y98 = -8.402285
	y99 = -2.277630
	y100 = -5.589870
	y101 = 0.215885
	y102 = 2.502927
	y103 = -12.758646
	y104 = 3.168943
	y105 = 9.475681
	y106 = -14.065487
	y107 = 10.285112
	y108 = 10.539017
	y109 = -16.023215
	y110 = 8.063546
	y111 = 4.779152
	y112 = -11.966556
	y113 = 3.463748
	y114 = 2.876298
	y115 = -15.266768
	y116 = 3.462270
	y117 = -5.164983
	y118 = 10.391745
	y119 = -4.233772
	y120 = 2.760355
	y121 = -17.935805
	y122 = 0.692220
	y123 = 1.792091
	y124 = -15.065245
	y125 = 1.189076
	y126 = -2.454404
	y127 = -2.454394
	y128 = -1.170935
	y129 = 4.381714
	y130 = -12.118764
	y131 = 2.406422
	y132 = 3.262332
	y133 = -11.074396
	y134 = 3.884379
	y135 = 0.680462
	y136 = -11.726990
	y137 = 2.393630
	y138 = 0.993706
	y139 = -16.703737
	y140 = 0.794978
	y141 = 1.085796
	y142 = -10.396034
	y143 = 2.739119
	y144 = -9.231064
	y145 = 10.951407
	y146 = -10.832364
	y147 = -6.456473
	y148 = 6.753964
	y149 = -6.282642
	y150 = 0.921906
	y151 = -13.836501
	y152 = 0.052505
	y153 = 1.355973
	y154 = -10.189365
	y155 = 0.946956
	y156 = 1.207604
	y157 = -10.912054
	y158 = -0.067245
	y159 = -1.620898
	y160 = -16.517298
	y161 = 0.008348
	y162 = -9.206229
	y163 = 13.811518
	y164 = -7.059967
	y165 = -5.295214
	y166 = 5.177630
	y167 = -4.303171
	y168 = -6.718734
	y169 = 5.757347
	y170 = -5.680847
	y171 = -6.145469
	y172 = 6.264253
	y173 = -5.872126
	y174 = 2.455486
	y175 = -12.695692
	y176 = 3.488320
	y177 = 0.016110
	y178 = -13.386503
	y179 = -0.010289
	y180 = -5.969878
	y181 = 4.287945
	y182 = -6.337336
	y183 = -4.740884
	y184 = 2.081977
	y185 = -3.739665
	y186 = -4.152920
	y187 = -0.726884
	y188 = -2.928747
	y189 = -5.223099
	y190 = 4.646171
	y191 = -5.353895

