InputQuery: /home/levn/Workspace/othello_world/queries/probe_robust/group_4/game_60_target_24_eps_0.1.txt
Engine::processInputQuery: Input query (before preprocessing): 449 equations, 1216 variables
Engine::processInputQuery: Input query (after preprocessing): 705 equations, 1360 variables

Input bounds:
	x0: [  1.2339,   1.4339] 
	x1: [ -0.2652,  -0.0652] 
	x2: [ -1.0518,  -0.8518] 
	x3: [ -0.0733,   0.1267] 
	x4: [  1.3353,   1.5353] 
	x5: [ -1.3113,  -1.1113] 
	x6: [ -0.3868,  -0.1868] 
	x7: [ -0.5540,  -0.3540] 
	x8: [ -3.0414,  -2.8414] 
	x9: [ -1.0351,  -0.8351] 
	x10: [ -1.9937,  -1.7937] 
	x11: [ -1.1956,  -0.9956] 
	x12: [ -0.4325,  -0.2325] 
	x13: [  0.3422,   0.5422] 
	x14: [ -2.8870,  -2.6870] 
	x15: [ -0.5486,  -0.3486] 
	x16: [  0.7449,   0.9449] 
	x17: [ -0.2226,  -0.0226] 
	x18: [  0.3341,   0.5341] 
	x19: [  0.0233,   0.2233] 
	x20: [ -0.7307,  -0.5307] 
	x21: [ -0.4299,  -0.2299] 
	x22: [  0.8096,   1.0096] 
	x23: [  1.7527,   1.9527] 
	x24: [  0.4364,   0.6364] 
	x25: [  1.9725,   2.1725] 
	x26: [ -1.2133,  -1.0133] 
	x27: [ -2.9872,  -2.7872] 
	x28: [  0.5478,   0.7478] 
	x29: [  1.7150,   1.9150] 
	x30: [ -0.6149,  -0.4149] 
	x31: [  2.2006,   2.4006] 
	x32: [ -0.5030,  -0.3030] 
	x33: [  1.2845,   1.4845] 
	x34: [ -1.9484,  -1.7484] 
	x35: [ -0.9498,  -0.7498] 
	x36: [  0.9961,   1.1961] 
	x37: [  0.6436,   0.8436] 
	x38: [  0.1559,   0.3559] 
	x39: [  0.2517,   0.4517] 
	x40: [  1.0874,   1.2874] 
	x41: [  1.5423,   1.7423] 
	x42: [ -0.5041,  -0.3041] 
	x43: [ -1.3070,  -1.1070] 
	x44: [ -1.9904,  -1.7904] 
	x45: [  2.0171,   2.2171] 
	x46: [ -0.4978,  -0.2978] 
	x47: [ -1.4531,  -1.2531] 
	x48: [  1.3252,   1.5252] 
	x49: [  0.4562,   0.6562] 
	x50: [  0.5402,   0.7402] 
	x51: [  0.8658,   1.0658] 
	x52: [ -0.4782,  -0.2782] 
	x53: [  0.0962,   0.2962] 
	x54: [ -3.1116,  -2.9116] 
	x55: [ -1.8745,  -1.6745] 
	x56: [ -0.7315,  -0.5315] 
	x57: [ -1.7748,  -1.5748] 
	x58: [ -1.9076,  -1.7076] 
	x59: [ -0.0123,   0.1877] 
	x60: [  2.2853,   2.4853] 
	x61: [ -0.0925,   0.1075] 
	x62: [  0.4319,   0.6319] 
	x63: [ -0.8048,  -0.6048] 
	x64: [  2.3680,   2.5680] 
	x65: [ -3.0570,  -2.8570] 
	x66: [  0.1025,   0.3025] 
	x67: [ -0.1148,   0.0852] 
	x68: [ -0.0441,   0.1559] 
	x69: [  0.0504,   0.2504] 
	x70: [  0.7767,   0.9767] 
	x71: [  1.6120,   1.8120] 
	x72: [  0.5815,   0.7815] 
	x73: [  3.2861,   3.4861] 
	x74: [ -2.1506,  -1.9506] 
	x75: [ -0.8896,  -0.6896] 
	x76: [ -2.9399,  -2.7399] 
	x77: [ -0.4441,  -0.2441] 
	x78: [  0.1728,   0.3728] 
	x79: [ -0.4862,  -0.2862] 
	x80: [  0.1246,   0.3246] 
	x81: [ -1.8401,  -1.6401] 
	x82: [ -0.5378,  -0.3378] 
	x83: [ -2.0465,  -1.8465] 
	x84: [ -0.3852,  -0.1852] 
	x85: [  1.7345,   1.9345] 
	x86: [  1.8128,   2.0128] 
	x87: [ -3.6037,  -3.4037] 
	x88: [  0.9200,   1.1200] 
	x89: [ -0.5831,  -0.3831] 
	x90: [ -0.9064,  -0.7064] 
	x91: [ -2.0941,  -1.8941] 
	x92: [ -0.2448,  -0.0448] 
	x93: [  1.9789,   2.1789] 
	x94: [ -0.9973,  -0.7973] 
	x95: [  1.1218,   1.3218] 
	x96: [  0.5078,   0.7078] 
	x97: [  0.8432,   1.0432] 
	x98: [  0.6090,   0.8090] 
	x99: [  1.6193,   1.8193] 
	x100: [  0.5663,   0.7663] 
	x101: [  0.1981,   0.3981] 
	x102: [ -0.4371,  -0.2371] 
	x103: [ -0.3631,  -0.1631] 
	x104: [  0.5715,   0.7715] 
	x105: [ -2.8351,  -2.6351] 
	x106: [ -0.3972,  -0.1972] 
	x107: [  0.1764,   0.3764] 
	x108: [  0.0561,   0.2561] 
	x109: [ -1.2529,  -1.0529] 
	x110: [ -0.7484,  -0.5484] 
	x111: [  0.3434,   0.5434] 
	x112: [ -0.8808,  -0.6808] 
	x113: [  0.5671,   0.7671] 
	x114: [ -0.1671,   0.0329] 
	x115: [  2.3677,   2.5677] 
	x116: [  1.8959,   2.0959] 
	x117: [ -2.0440,  -1.8440] 
	x118: [ -0.9825,  -0.7825] 
	x119: [ -1.1542,  -0.9542] 
	x120: [ -0.7738,  -0.5738] 
	x121: [ -0.1048,   0.0952] 
	x122: [  0.4355,   0.6355] 
	x123: [ -0.7943,  -0.5943] 
	x124: [ -1.2757,  -1.0757] 
	x125: [ -1.0315,  -0.8315] 
	x126: [  0.8611,   1.0611] 
	x127: [  0.5987,   0.7987] 
	x128: [  0.0171,   0.2171] 
	x129: [ -2.2223,  -2.0223] 
	x130: [ -0.5431,  -0.3431] 
	x131: [ -0.6280,  -0.4280] 
	x132: [  1.4444,   1.6444] 
	x133: [ -1.0603,  -0.8603] 
	x134: [  1.1719,   1.3719] 
	x135: [  0.1288,   0.3288] 
	x136: [ -2.6983,  -2.4983] 
	x137: [  3.1755,   3.3755] 
	x138: [  0.0320,   0.2320] 
	x139: [  1.8917,   2.0917] 
	x140: [  1.1434,   1.3434] 
	x141: [ -1.8556,  -1.6556] 
	x142: [ -0.2546,  -0.0546] 
	x143: [ -3.0892,  -2.8892] 
	x144: [ -1.0375,  -0.8375] 
	x145: [ -1.2019,  -1.0019] 
	x146: [  1.2181,   1.4181] 
	x147: [ -1.9516,  -1.7516] 
	x148: [ -1.7005,  -1.5005] 
	x149: [ -3.0964,  -2.8964] 
	x150: [  0.5877,   0.7877] 
	x151: [ -0.1027,   0.0973] 
	x152: [ -0.2008,  -0.0008] 
	x153: [ -1.8927,  -1.6927] 
	x154: [  0.3590,   0.5590] 
	x155: [ -1.7914,  -1.5914] 
	x156: [ -0.2422,  -0.0422] 
	x157: [  0.0516,   0.2516] 
	x158: [  2.7348,   2.9348] 
	x159: [ -1.1612,  -0.9612] 
	x160: [  0.4183,   0.6183] 
	x161: [  3.9759,   4.1759] 
	x162: [ -0.0384,   0.1616] 
	x163: [ -1.0566,  -0.8566] 
	x164: [  0.4226,   0.6226] 
	x165: [  0.8999,   1.0999] 
	x166: [ -1.3606,  -1.1606] 
	x167: [  1.8188,   2.0188] 
	x168: [ -2.4606,  -2.2606] 
	x169: [ -1.7127,  -1.5127] 
	x170: [ -2.2488,  -2.0488] 
	x171: [  3.4517,   3.6517] 
	x172: [  0.0087,   0.2087] 
	x173: [  1.0230,   1.2230] 
	x174: [ -1.3291,  -1.1291] 
	x175: [  0.3426,   0.5426] 
	x176: [  0.7757,   0.9757] 
	x177: [  1.2585,   1.4585] 
	x178: [  2.0981,   2.2981] 
	x179: [ -2.2442,  -2.0442] 
	x180: [  0.7864,   0.9864] 
	x181: [ -1.2638,  -1.0638] 
	x182: [ -0.5653,  -0.3653] 
	x183: [ -1.0940,  -0.8940] 
	x184: [ -0.1876,   0.0124] 
	x185: [ -3.5881,  -3.3881] 
	x186: [ -1.3236,  -1.1236] 
	x187: [  1.1696,   1.3696] 
	x188: [  1.9799,   2.1799] 
	x189: [ -0.1831,   0.0169] 
	x190: [ -0.8626,  -0.6626] 
	x191: [ -2.5504,  -2.3504] 
	x192: [ -1.1842,  -0.9842] 
	x193: [  0.7408,   0.9408] 
	x194: [  0.1686,   0.3686] 
	x195: [ -0.7310,  -0.5310] 
	x196: [  0.5888,   0.7888] 
	x197: [ -1.2931,  -1.0931] 
	x198: [ -1.5466,  -1.3466] 
	x199: [  0.6387,   0.8387] 
	x200: [ -0.5958,  -0.3958] 
	x201: [  0.9051,   1.1051] 
	x202: [ -0.9937,  -0.7937] 
	x203: [ -0.1419,   0.0581] 
	x204: [  0.8667,   1.0667] 
	x205: [  0.4061,   0.6061] 
	x206: [ -0.3322,  -0.1322] 
	x207: [ -0.4539,  -0.2539] 
	x208: [ -0.2070,  -0.0070] 
	x209: [  0.4609,   0.6609] 
	x210: [  2.4669,   2.6669] 
	x211: [ -0.5769,  -0.3769] 
	x212: [  0.7080,   0.9080] 
	x213: [  2.5946,   2.7946] 
	x214: [ -0.3461,  -0.1461] 
	x215: [ -0.1342,   0.0658] 
	x216: [ -0.6004,  -0.4004] 
	x217: [ -0.3174,  -0.1174] 
	x218: [ -1.9518,  -1.7518] 
	x219: [  0.9672,   1.1672] 
	x220: [  0.3902,   0.5902] 
	x221: [  1.9163,   2.1163] 
	x222: [  0.9715,   1.1715] 
	x223: [ -1.7410,  -1.5410] 
	x224: [ -3.8676,  -3.6676] 
	x225: [ -0.3996,  -0.1996] 
	x226: [  0.9898,   1.1898] 
	x227: [  0.4083,   0.6083] 
	x228: [ -3.1564,  -2.9564] 
	x229: [  2.1039,   2.3039] 
	x230: [  3.3068,   3.5068] 
	x231: [  2.2319,   2.4319] 
	x232: [  0.9028,   1.1028] 
	x233: [ -1.8863,  -1.6863] 
	x234: [ -0.8434,  -0.6434] 
	x235: [ -0.7646,  -0.5646] 
	x236: [ -0.0360,   0.1640] 
	x237: [ -2.8301,  -2.6301] 
	x238: [  1.6563,   1.8563] 
	x239: [  1.0862,   1.2862] 
	x240: [ -1.6663,  -1.4663] 
	x241: [  0.6726,   0.8726] 
	x242: [ -1.2501,  -1.0501] 
	x243: [  0.6258,   0.8258] 
	x244: [ -1.3938,  -1.1938] 
	x245: [  0.4296,   0.6296] 
	x246: [ -0.8888,  -0.6888] 
	x247: [ -0.8902,  -0.6902] 
	x248: [ -1.4429,  -1.2429] 
	x249: [  2.6105,   2.8105] 
	x250: [  1.6502,   1.8502] 
	x251: [  0.9529,   1.1529] 
	x252: [ -0.2013,  -0.0013] 
	x253: [ -0.7763,  -0.5763] 
	x254: [  0.6106,   0.8106] 
	x255: [  1.0019,   1.2019] 
	x256: [ -0.6395,  -0.4395] 
	x257: [  2.1406,   2.3406] 
	x258: [ -1.8288,  -1.6288] 
	x259: [  0.2217,   0.4217] 
	x260: [  0.8833,   1.0833] 
	x261: [  0.5442,   0.7442] 
	x262: [  0.0489,   0.2489] 
	x263: [  2.5390,   2.7390] 
	x264: [ -0.9970,  -0.7970] 
	x265: [ -0.7562,  -0.5562] 
	x266: [ -1.0148,  -0.8148] 
	x267: [ -0.9168,  -0.7168] 
	x268: [ -1.4821,  -1.2821] 
	x269: [ -1.6896,  -1.4896] 
	x270: [  1.6523,   1.8523] 
	x271: [ -1.8280,  -1.6280] 
	x272: [ -1.4688,  -1.2688] 
	x273: [  0.1693,   0.3693] 
	x274: [  0.2003,   0.4003] 
	x275: [  1.4338,   1.6338] 
	x276: [ -2.4031,  -2.2031] 
	x277: [ -0.3747,  -0.1747] 
	x278: [ -2.8129,  -2.6129] 
	x279: [  2.1412,   2.3412] 
	x280: [  0.6081,   0.8081] 
	x281: [ -1.3746,  -1.1746] 
	x282: [ -0.2491,  -0.0491] 
	x283: [  1.4390,   1.6390] 
	x284: [ -0.9641,  -0.7641] 
	x285: [ -0.7506,  -0.5506] 
	x286: [  0.4455,   0.6455] 
	x287: [ -1.6443,  -1.4443] 
	x288: [  0.5557,   0.7557] 
	x289: [ -1.7897,  -1.5897] 
	x290: [  0.2494,   0.4494] 
	x291: [  0.6612,   0.8612] 
	x292: [ -0.8885,  -0.6885] 
	x293: [ -1.4426,  -1.2426] 
	x294: [  1.4352,   1.6352] 
	x295: [  0.6487,   0.8487] 
	x296: [  0.7246,   0.9246] 
	x297: [ -3.5508,  -3.3508] 
	x298: [ -2.2524,  -2.0524] 
	x299: [ -3.2484,  -3.0484] 
	x300: [  2.4221,   2.6221] 
	x301: [ -1.0662,  -0.8662] 
	x302: [ -2.1166,  -1.9166] 
	x303: [ -0.8897,  -0.6897] 
	x304: [ -0.9867,  -0.7867] 
	x305: [  1.5021,   1.7021] 
	x306: [ -1.2313,  -1.0313] 
	x307: [ -3.4013,  -3.2013] 
	x308: [ -0.3432,  -0.1432] 
	x309: [ -0.3560,  -0.1560] 
	x310: [ -2.7867,  -2.5867] 
	x311: [  1.1524,   1.3524] 
	x312: [  2.8695,   3.0695] 
	x313: [ -0.0516,   0.1484] 
	x314: [  0.3914,   0.5914] 
	x315: [  0.4823,   0.6823] 
	x316: [  0.9679,   1.1679] 
	x317: [ -0.4940,  -0.2940] 
	x318: [  1.2390,   1.4390] 
	x319: [ -0.3640,  -0.1640] 
	x320: [  1.1426,   1.3426] 
	x321: [ -0.5952,  -0.3952] 
	x322: [  0.6343,   0.8343] 
	x323: [ -0.0585,   0.1415] 
	x324: [  1.4736,   1.6736] 
	x325: [  1.4545,   1.6545] 
	x326: [  2.0578,   2.2578] 
	x327: [ -0.9645,  -0.7645] 
	x328: [  0.7519,   0.9519] 
	x329: [ -1.9704,  -1.7704] 
	x330: [ -2.3234,  -2.1234] 
	x331: [ -1.6652,  -1.4652] 
	x332: [  0.5576,   0.7576] 
	x333: [  1.1943,   1.3943] 
	x334: [  0.8173,   1.0173] 
	x335: [ -1.5872,  -1.3872] 
	x336: [ -0.9210,  -0.7210] 
	x337: [  2.6023,   2.8023] 
	x338: [  0.1274,   0.3274] 
	x339: [  2.1424,   2.3424] 
	x340: [ -0.8902,  -0.6902] 
	x341: [  3.3084,   3.5084] 
	x342: [  1.7667,   1.9667] 
	x343: [  0.1889,   0.3889] 
	x344: [  1.7613,   1.9613] 
	x345: [  2.8410,   3.0410] 
	x346: [ -0.1668,   0.0332] 
	x347: [ -0.3482,  -0.1482] 
	x348: [ -2.1710,  -1.9710] 
	x349: [  2.8071,   3.0071] 
	x350: [  0.8074,   1.0074] 
	x351: [  1.3049,   1.5049] 
	x352: [  0.1672,   0.3672] 
	x353: [ -0.3636,  -0.1636] 
	x354: [ -2.9389,  -2.7389] 
	x355: [  0.3150,   0.5150] 
	x356: [ -0.8326,  -0.6326] 
	x357: [  1.2627,   1.4627] 
	x358: [ -0.3858,  -0.1858] 
	x359: [  1.5864,   1.7864] 
	x360: [ -2.6076,  -2.4076] 
	x361: [ -1.8535,  -1.6535] 
	x362: [ -1.3686,  -1.1686] 
	x363: [  1.6500,   1.8500] 
	x364: [  2.7310,   2.9310] 
	x365: [ -0.8506,  -0.6506] 
	x366: [ -1.0055,  -0.8055] 
	x367: [  1.9826,   2.1826] 
	x368: [ -0.5065,  -0.3065] 
	x369: [ -0.0405,   0.1595] 
	x370: [  0.1109,   0.3109] 
	x371: [ -1.1331,  -0.9331] 
	x372: [ -1.6383,  -1.4383] 
	x373: [ -1.2907,  -1.0907] 
	x374: [ -1.8613,  -1.6613] 
	x375: [ -2.6936,  -2.4936] 
	x376: [ -0.5312,  -0.3312] 
	x377: [ -0.7951,  -0.5951] 
	x378: [  0.3470,   0.5470] 
	x379: [  1.7277,   1.9277] 
	x380: [ -0.7891,  -0.5891] 
	x381: [ -1.3217,  -1.1217] 
	x382: [  0.6925,   0.8925] 
	x383: [ -0.0282,   0.1718] 
	x384: [ -1.6678,  -1.4678] 
	x385: [ -0.3967,  -0.1967] 
	x386: [  0.9570,   1.1570] 
	x387: [ -1.4446,  -1.2446] 
	x388: [  1.3318,   1.5318] 
	x389: [  0.4221,   0.6221] 
	x390: [ -0.2939,  -0.0939] 
	x391: [ -1.6117,  -1.4117] 
	x392: [  1.4853,   1.6853] 
	x393: [  1.8271,   2.0271] 
	x394: [  0.5888,   0.7888] 
	x395: [ -2.8974,  -2.6974] 
	x396: [  2.1494,   2.3494] 
	x397: [ -0.1272,   0.0728] 
	x398: [  1.2678,   1.4678] 
	x399: [  0.3145,   0.5145] 
	x400: [  0.6394,   0.8394] 
	x401: [  1.0558,   1.2558] 
	x402: [ -1.0815,  -0.8815] 
	x403: [  2.3588,   2.5588] 
	x404: [  2.6345,   2.8345] 
	x405: [ -3.0345,  -2.8345] 
	x406: [  0.6244,   0.8244] 
	x407: [ -0.8594,  -0.6594] 
	x408: [ -1.0954,  -0.8954] 
	x409: [ -2.9134,  -2.7134] 
	x410: [ -0.0219,   0.1781] 
	x411: [  1.4899,   1.6899] 
	x412: [ -1.6136,  -1.4136] 
	x413: [ -1.8158,  -1.6158] 
	x414: [ -3.2594,  -3.0594] 
	x415: [  1.3868,   1.5868] 
	x416: [ -0.2725,  -0.0725] 
	x417: [ -0.0164,   0.1836] 
	x418: [  0.1347,   0.3347] 
	x419: [ -0.9664,  -0.7664] 
	x420: [  0.4199,   0.6199] 
	x421: [ -1.2325,  -1.0325] 
	x422: [ -1.6375,  -1.4375] 
	x423: [ -4.4387,  -4.2387] 
	x424: [ -0.9268,  -0.7268] 
	x425: [ -3.0423,  -2.8423] 
	x426: [  0.1771,   0.3771] 
	x427: [  1.3481,   1.5481] 
	x428: [ -0.5281,  -0.3281] 
	x429: [  0.4262,   0.6262] 
	x430: [ -1.3955,  -1.1955] 
	x431: [ -1.3314,  -1.1314] 
	x432: [  0.4768,   0.6768] 
	x433: [  0.7265,   0.9265] 
	x434: [ -1.8523,  -1.6523] 
	x435: [  0.4650,   0.6650] 
	x436: [ -2.0036,  -1.8036] 
	x437: [ -0.7609,  -0.5609] 
	x438: [  2.6042,   2.8042] 
	x439: [  1.9503,   2.1503] 
	x440: [  1.0379,   1.2379] 
	x441: [  0.2932,   0.4932] 
	x442: [ -1.0364,  -0.8364] 
	x443: [ -4.2225,  -4.0225] 
	x444: [  1.5597,   1.7597] 
	x445: [ -0.1145,   0.0855] 
	x446: [  0.9917,   1.1917] 
	x447: [ -1.6893,  -1.4893] 
	x448: [ -1.3462,  -1.1462] 
	x449: [ -0.0617,   0.1383] 
	x450: [ -0.3269,  -0.1269] 
	x451: [ -1.3041,  -1.1041] 
	x452: [  0.6092,   0.8092] 
	x453: [ -1.3956,  -1.1956] 
	x454: [ -3.5510,  -3.3510] 
	x455: [  1.7366,   1.9366] 
	x456: [ -2.0399,  -1.8399] 
	x457: [  0.8773,   1.0773] 
	x458: [  0.9475,   1.1475] 
	x459: [ -0.0159,   0.1841] 
	x460: [  1.6847,   1.8847] 
	x461: [  1.3671,   1.5671] 
	x462: [  0.8310,   1.0310] 
	x463: [ -2.3664,  -2.1664] 
	x464: [ -0.5398,  -0.3398] 
	x465: [  2.3675,   2.5675] 
	x466: [ -1.8021,  -1.6021] 
	x467: [ -1.6933,  -1.4933] 
	x468: [ -0.1289,   0.0711] 
	x469: [  1.7064,   1.9064] 
	x470: [ -0.0608,   0.1392] 
	x471: [ -0.4809,  -0.2809] 
	x472: [  1.2223,   1.4223] 
	x473: [  0.4607,   0.6607] 
	x474: [ -2.8896,  -2.6896] 
	x475: [  0.8489,   1.0489] 
	x476: [ -3.2510,  -3.0510] 
	x477: [ -2.5604,  -2.3604] 
	x478: [  0.1614,   0.3614] 
	x479: [  1.1781,   1.3781] 
	x480: [  0.2086,   0.4086] 
	x481: [ -1.4356,  -1.2356] 
	x482: [  0.5625,   0.7625] 
	x483: [ -1.5785,  -1.3785] 
	x484: [  0.2673,   0.4673] 
	x485: [ -2.4588,  -2.2588] 
	x486: [ -1.1270,  -0.9270] 
	x487: [ -1.8622,  -1.6622] 
	x488: [  1.8181,   2.0181] 
	x489: [  0.9646,   1.1646] 
	x490: [  1.0620,   1.2620] 
	x491: [  1.0320,   1.2320] 
	x492: [  1.2519,   1.4519] 
	x493: [  2.7708,   2.9708] 
	x494: [  3.3394,   3.5394] 
	x495: [ -0.1302,   0.0698] 
	x496: [ -0.7784,  -0.5784] 
	x497: [  1.2901,   1.4901] 
	x498: [ -1.0648,  -0.8648] 
	x499: [  2.3153,   2.5153] 
	x500: [  2.1155,   2.3155] 
	x501: [ -1.3895,  -1.1895] 
	x502: [  0.4734,   0.6734] 
	x503: [  1.9816,   2.1816] 
	x504: [  2.4943,   2.6943] 
	x505: [ -1.0385,  -0.8385] 
	x506: [ -2.3249,  -2.1249] 
	x507: [ -0.7691,  -0.5691] 
	x508: [  0.6187,   0.8187] 
	x509: [ -1.1780,  -0.9780] 
	x510: [  1.0920,   1.2920] 
	x511: [ -1.9383,  -1.7383] 

Branching heuristics set to PseudoImpact

Engine::solve: Initial statistics

00:17:41 Statistics update:
	--- Time Statistics ---
	Total time elapsed: 508 milli (00:00:00)
		Main loop: 0 milli (00:00:00)
		Preprocessing time: 199 milli (00:00:00)
		Unknown: 308 milli (00:00:00)
	Breakdown for main loop:
		[0.00%] Simplex steps: 0 milli
		[0.00%] Explicit-basis bound tightening: 0 milli
		[0.00%] Constraint-matrix bound tightening: 0 milli
		[0.00%] Degradation checking: 0 milli
		[0.00%] Precision restoration: 0 milli
		[0.00%] Statistics handling: 0 milli
		[0.00%] Constraint-fixing steps: 0 milli
		[0.00%] Valid case splits: 0 milli. Average per split: 0.00 milli
		[0.00%] Applying stored bound-tightening: 0 milli
		[0.00%] SMT core: 0 milli
		[0.00%] Symbolic Bound Tightening: 13 milli
		[0.00%] SoI-based local search: 0 milli
		[0.00%] SoI-based local search: 0 milli
		[0.00%] Unaccounted for: 0 milli
	--- Preprocessor Statistics ---
	Number of preprocessor bound-tightening loop iterations: 3
	Number of eliminated variables: 113
	Number of constraints removed due to variable elimination: 113
	Number of equations removed due to variable elimination: 0
	--- Engine Statistics ---
	Number of main loop iterations: 1
		0 iterations were simplex steps. Total time: 0 milli. Average: 0.00 milli.
		0 iterations were constraint-fixing steps. Total time: 0 milli. Average: 0.00 milli
	Number of active piecewise-linear constraints: 143 / 143
		Constraints disabled by valid splits: 0. By SMT-originated splits: 0
	Last reported degradation: 0.0000000000. Max degradation so far: 0.0000000000. Restorations so far: 0
	Number of simplex pivots we attempted to skip because of instability: 0.
	Unstable pivots performed anyway: 0
	--- Tableau Statistics ---
	Total number of pivots performed: 0
		Real pivots: 0. Degenerate: 0 (0.00%)
		Degenerate pivots by request (e.g., to fix a PL constraint): 0 (0.00%)
		Average time per pivot: 0.00 milli
	Total number of fake pivots performed: 0
	Total number of rows added: 0. Number of merged columns: 0
	Current tableau dimensions: M = 705, N = 2065
	--- SMT Core Statistics ---
	Total depth is 0. Total visited states: 1. Number of splits: 0. Number of pops: 0
	Max stack depth: 0
	--- Bound Tightening Statistics ---
	Number of tightened bounds: 0.
		Number of rows examined by row tightener: 0. Consequent tightenings: 0
		Number of explicit basis matrices examined by row tightener: 0. Consequent tightenings: 0
		Number of bound tightening rounds on the entire constraint matrix: 0. Consequent tightenings: 0
		Number of bound notifications sent to PL constraints: 858. Tightenings proposed: 0
	--- Basis Factorization statistics ---
	Number of basis refactorizations: 2
	--- Projected Steepest Edge Statistics ---
	Number of iterations: 0.
	Number of resets to reference space: 1. Avg. iterations per reset: 0
	--- SBT ---
	Number of tightened bounds: 385
	--- SoI-based local search ---
	Number of proposed phase pattern update: 0. Number of accepted update: 0 [0.00%]
	Total time (% of local search time) updating SoI phase pattern : 0 milli [0.00%]
	Total time obtaining current assignment: 0 milli [0.00%]
	Total time getting SoI phase pattern : 0 milli [0.00%]
	--- Context dependent statistics ---
	Number of pushes / pops: 0 / 0
		[0.00%] Pre-Push hook: 0 milli
		[0.00%] Push : 0 milli
		[0.00%] Post-Pop hook: 0 milli
		[0.00%] Pop : 0 milli
		[0.00%] Total context-switching time: 0 milli
	--- Proof Certificate ---
	Number of certified leaves: 0
	Number of leaves to delegate: 0

---

Engine::solve: sat assignment found

00:17:43 Statistics update:
	--- Time Statistics ---
	Total time elapsed: 2499 milli (00:00:02)
		Main loop: 1991 milli (00:00:01)
		Preprocessing time: 199 milli (00:00:00)
		Unknown: 308 milli (00:00:00)
	Breakdown for main loop:
		[38.39%] Simplex steps: 764 milli
		[60.06%] Explicit-basis bound tightening: 1196 milli
		[0.00%] Constraint-matrix bound tightening: 0 milli
		[0.62%] Degradation checking: 12 milli
		[0.00%] Precision restoration: 0 milli
		[0.10%] Statistics handling: 2 milli
		[0.00%] Constraint-fixing steps: 0 milli
		[0.00%] Valid case splits: 0 milli. Average per split: 0.00 milli
		[0.00%] Applying stored bound-tightening: 0 milli
		[0.00%] SMT core: 0 milli
		[1.23%] Symbolic Bound Tightening: 24 milli
		[8.53%] SoI-based local search: 169 milli
		[0.00%] SoI-based local search: 0 milli
		[926328289119147.00%] Unaccounted for: 0 milli
	--- Preprocessor Statistics ---
	Number of preprocessor bound-tightening loop iterations: 3
	Number of eliminated variables: 113
	Number of constraints removed due to variable elimination: 113
	Number of equations removed due to variable elimination: 0
	--- Engine Statistics ---
	Number of main loop iterations: 675
		673 iterations were simplex steps. Total time: 764 milli. Average: 1.14 milli.
		0 iterations were constraint-fixing steps. Total time: 0 milli. Average: 0.00 milli
	Number of active piecewise-linear constraints: 143 / 143
		Constraints disabled by valid splits: 0. By SMT-originated splits: 0
	Last reported degradation: 0.0000000000. Max degradation so far: 0.0000000000. Restorations so far: 0
	Number of simplex pivots we attempted to skip because of instability: 0.
	Unstable pivots performed anyway: 0
	--- Tableau Statistics ---
	Total number of pivots performed: 650
		Real pivots: 650. Degenerate: 0 (0.00%)
		Degenerate pivots by request (e.g., to fix a PL constraint): 0 (0.00%)
		Average time per pivot: 0.17 milli
	Total number of fake pivots performed: 21
	Total number of rows added: 0. Number of merged columns: 0
	Current tableau dimensions: M = 705, N = 2065
	--- SMT Core Statistics ---
	Total depth is 0. Total visited states: 1. Number of splits: 0. Number of pops: 0
	Max stack depth: 0
	--- Bound Tightening Statistics ---
	Number of tightened bounds: 0.
		Number of rows examined by row tightener: 650. Consequent tightenings: 0
		Number of explicit basis matrices examined by row tightener: 5. Consequent tightenings: 281
		Number of bound tightening rounds on the entire constraint matrix: 0. Consequent tightenings: 0
		Number of bound notifications sent to PL constraints: 1716. Tightenings proposed: 0
	--- Basis Factorization statistics ---
	Number of basis refactorizations: 7
	--- Projected Steepest Edge Statistics ---
	Number of iterations: 671.
	Number of resets to reference space: 1. Avg. iterations per reset: 671
	--- SBT ---
	Number of tightened bounds: 385
	--- SoI-based local search ---
	Number of proposed phase pattern update: 0. Number of accepted update: 1 [0.00%]
	Total time (% of local search time) updating SoI phase pattern : 375 milli [0.22%]
	Total time obtaining current assignment: 154 milli [0.09%]
	Total time getting SoI phase pattern : 54 milli [0.00%]
	--- Context dependent statistics ---
	Number of pushes / pops: 0 / 0
		[0.00%] Pre-Push hook: 0 milli
		[0.00%] Push : 0 milli
		[0.00%] Post-Pop hook: 0 milli
		[0.00%] Pop : 0 milli
		[0.00%] Total context-switching time: 0 milli
	--- Proof Certificate ---
	Number of certified leaves: 0
	Number of leaves to delegate: 0
sat
Input assignment:
	x0 = 1.233941
	x1 = -0.065241
	x2 = -1.051844
	x3 = 0.126732
	x4 = 1.335328
	x5 = -1.311283
	x6 = -0.186804
	x7 = -0.353973
	x8 = -3.041441
	x9 = -1.035110
	x10 = -1.993674
	x11 = -1.195592
	x12 = -0.232452
	x13 = 0.342212
	x14 = -2.887013
	x15 = -0.548606
	x16 = 0.944900
	x17 = -0.022650
	x18 = 0.334090
	x19 = 0.223339
	x20 = -0.730716
	x21 = -0.429906
	x22 = 0.809552
	x23 = 1.752657
	x24 = 0.436434
	x25 = 2.172488
	x26 = -1.213268
	x27 = -2.787200
	x28 = 0.747778
	x29 = 1.915002
	x30 = -0.614863
	x31 = 2.400629
	x32 = -0.302998
	x33 = 1.284466
	x34 = -1.948410
	x35 = -0.749768
	x36 = 1.196148
	x37 = 0.843570
	x38 = 0.355864
	x39 = 0.451673
	x40 = 1.237452
	x41 = 1.542300
	x42 = -0.304064
	x43 = -1.107028
	x44 = -1.790357
	x45 = 2.217136
	x46 = -0.297805
	x47 = -1.253110
	x48 = 1.525235
	x49 = 0.656211
	x50 = 0.540196
	x51 = 1.065793
	x52 = -0.278223
	x53 = 0.096197
	x54 = -3.111604
	x55 = -1.674471
	x56 = -0.531480
	x57 = -1.774848
	x58 = -1.707611
	x59 = -0.012299
	x60 = 2.285335
	x61 = 0.107529
	x62 = 0.631867
	x63 = -0.804780
	x64 = 2.568044
	x65 = -2.857002
	x66 = 0.302477
	x67 = -0.114768
	x68 = -0.044102
	x69 = 0.050411
	x70 = 0.976694
	x71 = 1.811981
	x72 = 0.581460
	x73 = 3.286092
	x74 = -1.950642
	x75 = -0.889567
	x76 = -2.939915
	x77 = -0.444083
	x78 = 0.372848
	x79 = -0.486174
	x80 = 0.124560
	x81 = -1.640078
	x82 = -0.337779
	x83 = -1.846474
	x84 = -0.185159
	x85 = 1.734467
	x86 = 2.012813
	x87 = -3.403676
	x88 = 1.119975
	x89 = -0.383083
	x90 = -0.706372
	x91 = -2.094072
	x92 = -0.244781
	x93 = 2.178877
	x94 = -0.997268
	x95 = 1.321777
	x96 = 0.507827
	x97 = 0.843159
	x98 = 0.809005
	x99 = 1.619262
	x100 = 0.766299
	x101 = 0.398101
	x102 = -0.237101
	x103 = -0.163113
	x104 = 0.771501
	x105 = -2.635144
	x106 = -0.397211
	x107 = 0.376441
	x108 = 0.256067
	x109 = -1.052947
	x110 = -0.548393
	x111 = 0.543365
	x112 = -0.680751
	x113 = 0.567132
	x114 = 0.032852
	x115 = 2.567653
	x116 = 1.895919
	x117 = -1.844000
	x118 = -0.782458
	x119 = -0.954195
	x120 = -0.573832
	x121 = -0.104833
	x122 = 0.635474
	x123 = -0.794285
	x124 = -1.075658
	x125 = -1.031479
	x126 = 0.861111
	x127 = 0.798700
	x128 = 0.217137
	x129 = -2.022272
	x130 = -0.343061
	x131 = -0.428008
	x132 = 1.644400
	x133 = -1.060328
	x134 = 1.371865
	x135 = 0.128837
	x136 = -2.498328
	x137 = 3.175521
	x138 = 0.232046
	x139 = 2.091745
	x140 = 1.143402
	x141 = -1.855584
	x142 = -0.254613
	x143 = -2.889164
	x144 = -1.030753
	x145 = -1.001914
	x146 = 1.418088
	x147 = -1.751589
	x148 = -1.500524
	x149 = -2.896385
	x150 = 0.587658
	x151 = 0.097315
	x152 = -0.000812
	x153 = -1.892699
	x154 = 0.559049
	x155 = -1.591368
	x156 = -0.042222
	x157 = 0.251586
	x158 = 2.934822
	x159 = -0.961203
	x160 = 0.618303
	x161 = 3.975943
	x162 = 0.161647
	x163 = -1.056573
	x164 = 0.622640
	x165 = 0.899860
	x166 = -1.160605
	x167 = 2.018838
	x168 = -2.260577
	x169 = -1.512659
	x170 = -2.248771
	x171 = 3.651748
	x172 = 0.208661
	x173 = 1.122190
	x174 = -1.129064
	x175 = 0.342627
	x176 = 0.775680
	x177 = 1.458531
	x178 = 2.098128
	x179 = -2.044214
	x180 = 0.986425
	x181 = -1.063764
	x182 = -0.365339
	x183 = -1.093776
	x184 = 0.012394
	x185 = -3.388143
	x186 = -1.323589
	x187 = 1.369573
	x188 = 1.979918
	x189 = 0.016929
	x190 = -0.662631
	x191 = -2.550372
	x192 = -0.984219
	x193 = 0.940780
	x194 = 0.368614
	x195 = -0.531050
	x196 = 0.588755
	x197 = -1.293123
	x198 = -1.346599
	x199 = 0.838659
	x200 = -0.395838
	x201 = 1.105124
	x202 = -0.993717
	x203 = 0.058112
	x204 = 1.066728
	x205 = 0.606064
	x206 = -0.332191
	x207 = -0.253889
	x208 = -0.007029
	x209 = 0.460894
	x210 = 2.666929
	x211 = -0.376901
	x212 = 0.708030
	x213 = 2.594629
	x214 = -0.146112
	x215 = 0.065842
	x216 = -0.400380
	x217 = -0.317442
	x218 = -1.876568
	x219 = 0.967227
	x220 = 0.590166
	x221 = 2.116273
	x222 = 0.971504
	x223 = -1.740957
	x224 = -3.667632
	x225 = -0.199581
	x226 = 1.189839
	x227 = 0.408322
	x228 = -3.156446
	x229 = 2.303867
	x230 = 3.306798
	x231 = 2.231930
	x232 = 0.902842
	x233 = -1.686257
	x234 = -0.643397
	x235 = -0.747826
	x236 = -0.036003
	x237 = -2.630072
	x238 = 1.656291
	x239 = 1.086210
	x240 = -1.666278
	x241 = 0.872648
	x242 = -1.050100
	x243 = 0.625768
	x244 = -1.393762
	x245 = 0.429619
	x246 = -0.888752
	x247 = -0.690206
	x248 = -1.242869
	x249 = 2.810457
	x250 = 1.850216
	x251 = 1.152949
	x252 = -0.001258
	x253 = -0.576315
	x254 = 0.810612
	x255 = 1.201920
	x256 = -0.639483
	x257 = 2.340558
	x258 = -1.828839
	x259 = 0.421703
	x260 = 1.083262
	x261 = 0.744207
	x262 = 0.048894
	x263 = 2.538956
	x264 = -0.997008
	x265 = -0.756162
	x266 = -1.014756
	x267 = -0.716842
	x268 = -1.282056
	x269 = -1.689630
	x270 = 1.852348
	x271 = -1.627984
	x272 = -1.468820
	x273 = 0.369260
	x274 = 0.200281
	x275 = 1.433843
	x276 = -2.203085
	x277 = -0.174698
	x278 = -2.612883
	x279 = 2.141196
	x280 = 0.608129
	x281 = -1.174637
	x282 = -0.249084
	x283 = 1.639035
	x284 = -0.764052
	x285 = -0.641769
	x286 = 0.445543
	x287 = -1.444306
	x288 = 0.755730
	x289 = -1.789672
	x290 = 0.449388
	x291 = 0.861206
	x292 = -0.888485
	x293 = -1.442572
	x294 = 1.435171
	x295 = 0.848730
	x296 = 0.724600
	x297 = -3.350804
	x298 = -2.052408
	x299 = -3.048358
	x300 = 2.422076
	x301 = -1.066170
	x302 = -2.116571
	x303 = -0.889655
	x304 = -0.786726
	x305 = 1.702117
	x306 = -1.031294
	x307 = -3.201340
	x308 = -0.143169
	x309 = -0.356021
	x310 = -2.786737
	x311 = 1.352448
	x312 = 2.869526
	x313 = 0.148405
	x314 = 0.391398
	x315 = 0.682305
	x316 = 1.167861
	x317 = -0.294020
	x318 = 1.239039
	x319 = -0.364032
	x320 = 1.342555
	x321 = -0.595205
	x322 = 0.634346
	x323 = 0.141516
	x324 = 1.473646
	x325 = 1.654520
	x326 = 2.257841
	x327 = -0.764464
	x328 = 0.951866
	x329 = -1.970403
	x330 = -2.123409
	x331 = -1.665151
	x332 = 0.757648
	x333 = 1.194274
	x334 = 1.017334
	x335 = -1.387162
	x336 = -0.721034
	x337 = 2.802344
	x338 = 0.327444
	x339 = 2.142392
	x340 = -0.690151
	x341 = 3.377577
	x342 = 1.966694
	x343 = 0.388941
	x344 = 1.761312
	x345 = 2.840968
	x346 = 0.033177
	x347 = -0.148194
	x348 = -2.170972
	x349 = 3.007060
	x350 = 1.007397
	x351 = 1.504855
	x352 = 0.367242
	x353 = -0.163557
	x354 = -2.738872
	x355 = 0.315043
	x356 = -0.832567
	x357 = 1.262667
	x358 = -0.385811
	x359 = 1.786442
	x360 = -2.607628
	x361 = -1.653525
	x362 = -1.168595
	x363 = 1.650030
	x364 = 2.731016
	x365 = -0.650594
	x366 = -0.805522
	x367 = 2.182641
	x368 = -0.306514
	x369 = 0.159460
	x370 = 0.310949
	x371 = -0.933063
	x372 = -1.438283
	x373 = -1.090651
	x374 = -1.661339
	x375 = -2.493616
	x376 = -0.331173
	x377 = -0.795112
	x378 = 0.546984
	x379 = 1.727685
	x380 = -0.789096
	x381 = -1.321721
	x382 = 0.692538
	x383 = -0.028170
	x384 = -1.467848
	x385 = -0.396702
	x386 = 0.957034
	x387 = -1.244576
	x388 = 1.331800
	x389 = 0.422056
	x390 = -0.093933
	x391 = -1.411726
	x392 = 1.685348
	x393 = 2.027091
	x394 = 0.588835
	x395 = -2.697427
	x396 = 2.349431
	x397 = -0.127193
	x398 = 1.267843
	x399 = 0.314493
	x400 = 0.839376
	x401 = 1.255828
	x402 = -1.081452
	x403 = 2.558792
	x404 = 2.634540
	x405 = -2.834534
	x406 = 0.624435
	x407 = -0.859368
	x408 = -0.895390
	x409 = -2.713368
	x410 = 0.163445
	x411 = 1.689947
	x412 = -1.413603
	x413 = -1.615770
	x414 = -3.059384
	x415 = 1.386801
	x416 = -0.072510
	x417 = -0.016392
	x418 = 0.134694
	x419 = -0.966358
	x420 = 0.619950
	x421 = -1.232545
	x422 = -1.637505
	x423 = -4.238712
	x424 = -0.926846
	x425 = -2.842343
	x426 = 0.177091
	x427 = 1.548075
	x428 = -0.328092
	x429 = 0.426152
	x430 = -1.395528
	x431 = -1.131422
	x432 = 0.676773
	x433 = 0.926533
	x434 = -1.852274
	x435 = 0.665018
	x436 = -2.003579
	x437 = -0.560863
	x438 = 2.604196
	x439 = 2.150268
	x440 = 1.037902
	x441 = 0.493244
	x442 = -0.836361
	x443 = -4.022523
	x444 = 1.559736
	x445 = -0.114482
	x446 = 1.191702
	x447 = -1.489284
	x448 = -1.346195
	x449 = -0.061731
	x450 = -0.126937
	x451 = -1.304139
	x452 = 0.809223
	x453 = -1.195581
	x454 = -3.550965
	x455 = 1.936599
	x456 = -2.039894
	x457 = 1.077278
	x458 = 0.947524
	x459 = 0.184083
	x460 = 1.684652
	x461 = 1.367106
	x462 = 1.031040
	x463 = -2.166392
	x464 = -0.339797
	x465 = 2.567534
	x466 = -1.802057
	x467 = -1.493302
	x468 = 0.071110
	x469 = 1.906404
	x470 = 0.139183
	x471 = -0.480884
	x472 = 1.222314
	x473 = 0.460695
	x474 = -2.689616
	x475 = 1.048914
	x476 = -3.251022
	x477 = -2.360416
	x478 = 0.361356
	x479 = 1.178101
	x480 = 0.408585
	x481 = -1.235592
	x482 = 0.762475
	x483 = -1.378514
	x484 = 0.467338
	x485 = -2.458752
	x486 = -1.126959
	x487 = -1.662250
	x488 = 2.018089
	x489 = 1.164582
	x490 = 1.261993
	x491 = 1.232028
	x492 = 1.251882
	x493 = 2.970791
	x494 = 3.339403
	x495 = 0.069757
	x496 = -0.578427
	x497 = 1.490081
	x498 = -1.064789
	x499 = 2.315305
	x500 = 2.315484
	x501 = -1.189465
	x502 = 0.673416
	x503 = 2.181554
	x504 = 2.494334
	x505 = -0.838472
	x506 = -2.124923
	x507 = -0.569114
	x508 = 0.818744
	x509 = -0.977989
	x510 = 1.292003
	x511 = -1.938298

Output:
	y0 = -7.610118
	y1 = 7.023534
	y2 = -7.231700
	y3 = -6.529427
	y4 = 0.125594
	y5 = -6.800145
	y6 = -4.744576
	y7 = 4.157920
	y8 = -5.334432
	y9 = -6.842214
	y10 = 2.990106
	y11 = -6.893028
	y12 = -6.235013
	y13 = 11.400369
	y14 = -6.983550
	y15 = -4.920219
	y16 = 8.424150
	y17 = -7.838031
	y18 = -4.534593
	y19 = 5.277441
	y20 = -5.524579
	y21 = -5.925404
	y22 = 3.612285
	y23 = -6.342981
	y24 = -8.760522
	y25 = 11.807006
	y26 = -10.560480
	y27 = -7.113207
	y28 = 16.168164
	y29 = -8.360221
	y30 = -2.711722
	y31 = 5.319016
	y32 = -6.397063
	y33 = -5.421790
	y34 = 17.488730
	y35 = -2.508507
	y36 = 2.799495
	y37 = -8.474062
	y38 = 1.988342
	y39 = 3.899843
	y40 = -4.925778
	y41 = 0.098858
	y42 = -5.264100
	y43 = 1.864539
	y44 = -6.119439
	y45 = -8.088494
	y46 = 5.476658
	y47 = -5.247658
	y48 = -4.852888
	y49 = 6.267111
	y50 = -5.767198
	y51 = 1.173287
	y52 = -20.524706
	y53 = -1.395697
	y54 = 1.660036
	y55 = -11.867464
	y56 = 2.785989
	y57 = 0.429448
	y58 = -11.462860
	y59 = 2.583120
	y60 = 3.422522
	y61 = -15.337706
	y62 = 3.549887
	y63 = 6.167683
	y64 = -12.991606
	y65 = 3.843622
	y66 = -0.189484
	y67 = -13.984445
	y68 = 2.432711
	y69 = -5.340542
	y70 = 2.728728
	y71 = -2.816016
	y72 = -1.539277
	y73 = -3.614443
	y74 = -3.614433
	y75 = 4.702756
	y76 = -15.842354
	y77 = 3.787589
	y78 = 5.507601
	y79 = -15.051237
	y80 = 2.378059
	y81 = 12.019423
	y82 = -17.895932
	y83 = 11.356237
	y84 = 10.642961
	y85 = -17.615344
	y86 = 9.102308
	y87 = 2.505931
	y88 = -10.005355
	y89 = 3.020488
	y90 = -1.637930
	y91 = 10.734738
	y92 = -3.404087
	y93 = -2.537291
	y94 = -7.004709
	y95 = -0.098700
	y96 = -7.770688
	y97 = 14.203735
	y98 = -8.845802
	y99 = 1.266660
	y100 = -12.743945
	y101 = 0.113246
	y102 = 4.995478
	y103 = -16.347077
	y104 = 0.917620
	y105 = 11.289320
	y106 = -17.966369
	y107 = 11.572173
	y108 = 10.477115
	y109 = -18.319574
	y110 = 10.213920
	y111 = 6.844506
	y112 = -14.689865
	y113 = 4.894698
	y114 = 3.452672
	y115 = -18.634745
	y116 = 4.146283
	y117 = 0.299543
	y118 = -9.443608
	y119 = 1.736975
	y120 = -4.271744
	y121 = 3.722278
	y122 = -5.294044
	y123 = -3.878976
	y124 = 1.203681
	y125 = -2.721689
	y126 = -0.831713
	y127 = 8.088929
	y128 = -3.349526
	y129 = 5.009954
	y130 = -15.040063
	y131 = 5.014183
	y132 = 4.944297
	y133 = -11.386268
	y134 = 3.344603
	y135 = 1.240169
	y136 = -15.653865
	y137 = 3.067457
	y138 = 2.446728
	y139 = -16.769912
	y140 = -0.442827
	y141 = -2.835824
	y142 = 4.012067
	y143 = -0.706682
	y144 = -6.213767
	y145 = -0.975850
	y146 = -7.707604
	y147 = -8.530141
	y148 = 5.852367
	y149 = -8.729583
	y150 = -7.734229
	y151 = 19.738370
	y152 = -6.767105
	y153 = -4.871448
	y154 = 19.027675
	y155 = -4.916865
	y156 = -0.135069
	y157 = -13.902972
	y158 = 0.254861
	y159 = -0.400845
	y160 = -15.760076
	y161 = -0.945950
	y162 = -8.556038
	y163 = 11.917236
	y164 = -8.000035
	y165 = -7.203095
	y166 = 11.921814
	y167 = -7.216605
	y168 = -7.494664
	y169 = 7.939949
	y170 = -8.327493
	y171 = -7.064736
	y172 = 4.233299
	y173 = -5.793091
	y174 = -2.131472
	y175 = 7.916951
	y176 = -1.083443
	y177 = -2.394362
	y178 = -5.445084
	y179 = -0.447723
	y180 = -7.867734
	y181 = 3.230336
	y182 = -7.635952
	y183 = -5.129789
	y184 = 0.564307
	y185 = -4.013749
	y186 = -8.291225
	y187 = 4.775098
	y188 = -8.050019
	y189 = -9.844809
	y190 = 5.374139
	y191 = -7.960310

