InputQuery: /home/levn/Workspace/othello_world/queries/probe_robust/group_4/game_84_target_9_eps_0.1.txt
Engine::processInputQuery: Input query (before preprocessing): 449 equations, 1216 variables
Engine::processInputQuery: Input query (after preprocessing): 705 equations, 1356 variables

Input bounds:
	x0: [  1.1947,   1.3947] 
	x1: [ -0.8151,  -0.6151] 
	x2: [ -1.1523,  -0.9523] 
	x3: [ -0.5954,  -0.3954] 
	x4: [  0.6131,   0.8131] 
	x5: [  0.5158,   0.7158] 
	x6: [  0.1674,   0.3674] 
	x7: [ -0.3867,  -0.1867] 
	x8: [ -3.2732,  -3.0732] 
	x9: [ -1.2704,  -1.0704] 
	x10: [ -0.4664,  -0.2664] 
	x11: [  0.4751,   0.6751] 
	x12: [ -0.4715,  -0.2715] 
	x13: [  0.6993,   0.8993] 
	x14: [ -1.6960,  -1.4960] 
	x15: [ -1.1553,  -0.9553] 
	x16: [  2.7231,   2.9231] 
	x17: [ -1.3669,  -1.1669] 
	x18: [ -1.9459,  -1.7459] 
	x19: [ -0.7886,  -0.5886] 
	x20: [  0.2398,   0.4398] 
	x21: [ -2.5914,  -2.3914] 
	x22: [  1.6284,   1.8284] 
	x23: [  0.2331,   0.4331] 
	x24: [ -0.2569,  -0.0569] 
	x25: [  0.7442,   0.9442] 
	x26: [  0.0123,   0.2123] 
	x27: [ -0.5256,  -0.3256] 
	x28: [  0.9865,   1.1865] 
	x29: [  1.6638,   1.8638] 
	x30: [ -3.1199,  -2.9199] 
	x31: [  1.1275,   1.3275] 
	x32: [ -1.0396,  -0.8396] 
	x33: [  0.8323,   1.0323] 
	x34: [ -2.0266,  -1.8266] 
	x35: [ -1.1590,  -0.9590] 
	x36: [  1.9839,   2.1839] 
	x37: [  0.1184,   0.3184] 
	x38: [  2.1842,   2.3842] 
	x39: [ -3.6220,  -3.4220] 
	x40: [  0.5505,   0.7505] 
	x41: [ -0.9783,  -0.7783] 
	x42: [ -2.1603,  -1.9603] 
	x43: [ -0.7887,  -0.5887] 
	x44: [ -0.9502,  -0.7502] 
	x45: [  1.7308,   1.9308] 
	x46: [ -0.0183,   0.1817] 
	x47: [ -0.3111,  -0.1111] 
	x48: [  0.1111,   0.3111] 
	x49: [  0.0311,   0.2311] 
	x50: [  2.4852,   2.6852] 
	x51: [ -0.4517,  -0.2517] 
	x52: [  0.8153,   1.0153] 
	x53: [ -1.1775,  -0.9775] 
	x54: [  0.1548,   0.3548] 
	x55: [ -0.5448,  -0.3448] 
	x56: [ -0.6416,  -0.4416] 
	x57: [ -1.6890,  -1.4890] 
	x58: [  1.3861,   1.5861] 
	x59: [  2.3155,   2.5155] 
	x60: [ -0.2410,  -0.0410] 
	x61: [ -1.4995,  -1.2995] 
	x62: [  1.5489,   1.7489] 
	x63: [ -0.6683,  -0.4683] 
	x64: [  2.6989,   2.8989] 
	x65: [  0.9554,   1.1554] 
	x66: [ -0.7236,  -0.5236] 
	x67: [ -0.8080,  -0.6080] 
	x68: [  0.3550,   0.5550] 
	x69: [  2.2224,   2.4224] 
	x70: [ -0.6069,  -0.4069] 
	x71: [ -0.8387,  -0.6387] 
	x72: [  0.3062,   0.5062] 
	x73: [ -2.4837,  -2.2837] 
	x74: [ -2.7345,  -2.5345] 
	x75: [  1.1834,   1.3834] 
	x76: [ -1.3428,  -1.1428] 
	x77: [ -0.1957,   0.0043] 
	x78: [  0.1099,   0.3099] 
	x79: [ -0.5960,  -0.3960] 
	x80: [ -0.1852,   0.0148] 
	x81: [  0.6823,   0.8823] 
	x82: [ -0.7287,  -0.5287] 
	x83: [ -2.9039,  -2.7039] 
	x84: [ -1.8034,  -1.6034] 
	x85: [  0.8286,   1.0286] 
	x86: [  1.5596,   1.7596] 
	x87: [  0.7155,   0.9155] 
	x88: [ -0.7827,  -0.5827] 
	x89: [  1.1708,   1.3708] 
	x90: [ -2.4571,  -2.2571] 
	x91: [ -1.8330,  -1.6330] 
	x92: [  0.3967,   0.5967] 
	x93: [ -1.5021,  -1.3021] 
	x94: [  1.0869,   1.2869] 
	x95: [  1.5057,   1.7057] 
	x96: [  1.3479,   1.5479] 
	x97: [ -0.7600,  -0.5600] 
	x98: [  1.8635,   2.0635] 
	x99: [ -1.5338,  -1.3338] 
	x100: [  0.2740,   0.4740] 
	x101: [ -1.1191,  -0.9191] 
	x102: [  1.7277,   1.9277] 
	x103: [ -2.9595,  -2.7595] 
	x104: [  0.8002,   1.0002] 
	x105: [ -3.6296,  -3.4296] 
	x106: [ -0.5202,  -0.3202] 
	x107: [ -1.5981,  -1.3981] 
	x108: [ -2.1976,  -1.9976] 
	x109: [ -0.0102,   0.1898] 
	x110: [ -0.4342,  -0.2342] 
	x111: [ -0.3209,  -0.1209] 
	x112: [ -3.0443,  -2.8443] 
	x113: [  0.9913,   1.1913] 
	x114: [  1.6369,   1.8369] 
	x115: [ -2.4307,  -2.2307] 
	x116: [  2.2676,   2.4676] 
	x117: [ -0.7155,  -0.5155] 
	x118: [ -0.9634,  -0.7634] 
	x119: [ -3.0906,  -2.8906] 
	x120: [  1.8001,   2.0001] 
	x121: [ -0.1928,   0.0072] 
	x122: [  1.5885,   1.7885] 
	x123: [ -2.2600,  -2.0600] 
	x124: [ -1.7832,  -1.5832] 
	x125: [ -1.4842,  -1.2842] 
	x126: [ -0.6355,  -0.4355] 
	x127: [  1.2662,   1.4662] 
	x128: [  2.2097,   2.4097] 
	x129: [ -1.0862,  -0.8862] 
	x130: [  1.4075,   1.6075] 
	x131: [ -1.4723,  -1.2723] 
	x132: [  2.8048,   3.0048] 
	x133: [  1.0784,   1.2784] 
	x134: [ -0.0159,   0.1841] 
	x135: [  2.0460,   2.2460] 
	x136: [ -2.0684,  -1.8684] 
	x137: [  0.4162,   0.6162] 
	x138: [  0.4055,   0.6055] 
	x139: [  1.9251,   2.1251] 
	x140: [  3.8548,   4.0548] 
	x141: [  0.8958,   1.0958] 
	x142: [ -0.0378,   0.1622] 
	x143: [  0.6450,   0.8450] 
	x144: [ -0.3395,  -0.1395] 
	x145: [  1.3462,   1.5462] 
	x146: [ -2.2861,  -2.0861] 
	x147: [  0.7384,   0.9384] 
	x148: [ -0.2603,  -0.0603] 
	x149: [ -0.4606,  -0.2606] 
	x150: [ -0.8249,  -0.6249] 
	x151: [  1.1532,   1.3532] 
	x152: [ -0.2205,  -0.0205] 
	x153: [ -0.1240,   0.0760] 
	x154: [  1.6796,   1.8796] 
	x155: [ -0.3362,  -0.1362] 
	x156: [ -0.8441,  -0.6441] 
	x157: [ -0.4536,  -0.2536] 
	x158: [ -1.2168,  -1.0168] 
	x159: [ -2.1095,  -1.9095] 
	x160: [  1.8052,   2.0052] 
	x161: [  3.2915,   3.4915] 
	x162: [ -0.3064,  -0.1064] 
	x163: [ -1.5345,  -1.3345] 
	x164: [ -2.5238,  -2.3238] 
	x165: [  0.3307,   0.5307] 
	x166: [ -1.7137,  -1.5137] 
	x167: [  4.9409,   5.1409] 
	x168: [ -0.9091,  -0.7091] 
	x169: [ -2.2903,  -2.0903] 
	x170: [ -1.2073,  -1.0073] 
	x171: [  2.1585,   2.3585] 
	x172: [ -0.6820,  -0.4820] 
	x173: [ -1.9721,  -1.7721] 
	x174: [ -0.6556,  -0.4556] 
	x175: [ -0.4480,  -0.2480] 
	x176: [ -0.3656,  -0.1656] 
	x177: [  0.9426,   1.1426] 
	x178: [ -0.0558,   0.1442] 
	x179: [ -1.6635,  -1.4635] 
	x180: [  1.3464,   1.5464] 
	x181: [ -0.6428,  -0.4428] 
	x182: [ -0.6960,  -0.4960] 
	x183: [ -2.7346,  -2.5346] 
	x184: [  0.1343,   0.3343] 
	x185: [  0.8947,   1.0947] 
	x186: [ -1.7377,  -1.5377] 
	x187: [  1.6684,   1.8684] 
	x188: [  0.8795,   1.0795] 
	x189: [  1.3600,   1.5600] 
	x190: [ -0.0855,   0.1145] 
	x191: [ -1.6882,  -1.4882] 
	x192: [  1.1607,   1.3607] 
	x193: [  0.1527,   0.3527] 
	x194: [  0.5704,   0.7704] 
	x195: [ -0.6443,  -0.4443] 
	x196: [  0.8864,   1.0864] 
	x197: [  1.0620,   1.2620] 
	x198: [ -2.7134,  -2.5134] 
	x199: [  1.3136,   1.5136] 
	x200: [  0.1539,   0.3539] 
	x201: [  0.7520,   0.9520] 
	x202: [ -3.3696,  -3.1696] 
	x203: [ -1.0683,  -0.8683] 
	x204: [  0.6274,   0.8274] 
	x205: [  0.9022,   1.1022] 
	x206: [ -0.1005,   0.0995] 
	x207: [  0.1273,   0.3273] 
	x208: [ -1.7324,  -1.5324] 
	x209: [ -0.5964,  -0.3964] 
	x210: [ -1.1173,  -0.9173] 
	x211: [  1.0163,   1.2163] 
	x212: [ -1.9596,  -1.7596] 
	x213: [ -2.1987,  -1.9987] 
	x214: [  0.3910,   0.5910] 
	x215: [  1.6414,   1.8414] 
	x216: [ -1.5532,  -1.3532] 
	x217: [ -1.4554,  -1.2554] 
	x218: [ -0.8602,  -0.6602] 
	x219: [  0.5090,   0.7090] 
	x220: [ -0.9901,  -0.7901] 
	x221: [  0.6687,   0.8687] 
	x222: [  1.7566,   1.9566] 
	x223: [ -1.7236,  -1.5236] 
	x224: [ -1.1835,  -0.9835] 
	x225: [ -0.7082,  -0.5082] 
	x226: [  3.3498,   3.5498] 
	x227: [ -2.1359,  -1.9359] 
	x228: [  0.8902,   1.0902] 
	x229: [  3.0267,   3.2267] 
	x230: [  0.5804,   0.7804] 
	x231: [  0.8902,   1.0902] 
	x232: [  1.5152,   1.7152] 
	x233: [ -1.3849,  -1.1849] 
	x234: [ -0.0437,   0.1563] 
	x235: [ -0.3629,  -0.1629] 
	x236: [ -0.3888,  -0.1888] 
	x237: [  0.0546,   0.2546] 
	x238: [  0.9586,   1.1586] 
	x239: [  5.0696,   5.2696] 
	x240: [  0.4629,   0.6629] 
	x241: [  0.7138,   0.9138] 
	x242: [  1.0110,   1.2110] 
	x243: [ -0.2361,  -0.0361] 
	x244: [  0.2302,   0.4302] 
	x245: [  1.3163,   1.5163] 
	x246: [  0.2157,   0.4157] 
	x247: [ -0.5267,  -0.3267] 
	x248: [ -2.5772,  -2.3772] 
	x249: [  0.7667,   0.9667] 
	x250: [ -1.1339,  -0.9339] 
	x251: [  0.6830,   0.8830] 
	x252: [ -1.8077,  -1.6077] 
	x253: [ -1.1741,  -0.9741] 
	x254: [ -1.8427,  -1.6427] 
	x255: [  0.8676,   1.0676] 
	x256: [ -1.6980,  -1.4980] 
	x257: [  0.1853,   0.3853] 
	x258: [ -2.4225,  -2.2225] 
	x259: [  1.2161,   1.4161] 
	x260: [ -0.4271,  -0.2271] 
	x261: [ -1.1607,  -0.9607] 
	x262: [  0.6093,   0.8093] 
	x263: [  1.7271,   1.9271] 
	x264: [  0.2077,   0.4077] 
	x265: [ -0.6018,  -0.4018] 
	x266: [ -1.1864,  -0.9864] 
	x267: [  0.8254,   1.0254] 
	x268: [ -0.0618,   0.1382] 
	x269: [  1.0434,   1.2434] 
	x270: [  1.5438,   1.7438] 
	x271: [  0.2448,   0.4448] 
	x272: [ -2.4839,  -2.2839] 
	x273: [  0.5116,   0.7116] 
	x274: [  0.3763,   0.5763] 
	x275: [  4.9123,   5.1123] 
	x276: [ -1.5855,  -1.3855] 
	x277: [ -0.2551,  -0.0551] 
	x278: [ -0.7528,  -0.5528] 
	x279: [  3.5067,   3.7067] 
	x280: [  0.8192,   1.0192] 
	x281: [  1.7491,   1.9491] 
	x282: [ -0.1234,   0.0766] 
	x283: [ -0.4673,  -0.2673] 
	x284: [ -2.4678,  -2.2678] 
	x285: [ -0.7097,  -0.5097] 
	x286: [  1.0723,   1.2723] 
	x287: [ -1.0100,  -0.8100] 
	x288: [ -0.7480,  -0.5480] 
	x289: [  0.6681,   0.8681] 
	x290: [ -0.2032,  -0.0032] 
	x291: [  1.0184,   1.2184] 
	x292: [  0.9262,   1.1262] 
	x293: [  2.2551,   2.4551] 
	x294: [  0.2972,   0.4972] 
	x295: [  0.6168,   0.8168] 
	x296: [  0.3879,   0.5879] 
	x297: [  0.3677,   0.5677] 
	x298: [ -7.1273,  -6.9273] 
	x299: [  0.6669,   0.8669] 
	x300: [  2.9702,   3.1702] 
	x301: [ -1.3007,  -1.1007] 
	x302: [ -0.0498,   0.1502] 
	x303: [ -2.5985,  -2.3985] 
	x304: [ -2.0783,  -1.8783] 
	x305: [  1.1417,   1.3417] 
	x306: [  0.7152,   0.9152] 
	x307: [ -2.5751,  -2.3751] 
	x308: [  0.0815,   0.2815] 
	x309: [ -2.0972,  -1.8972] 
	x310: [ -1.5569,  -1.3569] 
	x311: [  2.7766,   2.9766] 
	x312: [  0.3020,   0.5020] 
	x313: [ -1.4880,  -1.2880] 
	x314: [ -0.8865,  -0.6865] 
	x315: [ -1.1324,  -0.9324] 
	x316: [  1.0435,   1.2435] 
	x317: [ -0.3482,  -0.1482] 
	x318: [  0.7953,   0.9953] 
	x319: [ -1.6170,  -1.4170] 
	x320: [  0.1256,   0.3256] 
	x321: [  0.0431,   0.2431] 
	x322: [ -1.3042,  -1.1042] 
	x323: [ -1.1467,  -0.9467] 
	x324: [  0.1916,   0.3916] 
	x325: [ -2.1625,  -1.9625] 
	x326: [ -0.7907,  -0.5907] 
	x327: [ -0.4154,  -0.2154] 
	x328: [  1.8149,   2.0149] 
	x329: [ -1.0562,  -0.8562] 
	x330: [  0.0375,   0.2375] 
	x331: [ -0.6193,  -0.4193] 
	x332: [ -1.0686,  -0.8686] 
	x333: [  1.9989,   2.1989] 
	x334: [  2.0179,   2.2179] 
	x335: [  1.0644,   1.2644] 
	x336: [  0.1566,   0.3566] 
	x337: [ -3.3290,  -3.1290] 
	x338: [ -0.6092,  -0.4092] 
	x339: [  0.5006,   0.7006] 
	x340: [ -1.5687,  -1.3687] 
	x341: [  0.6591,   0.8591] 
	x342: [ -0.9799,  -0.7799] 
	x343: [  0.2531,   0.4531] 
	x344: [  2.4828,   2.6828] 
	x345: [ -0.3311,  -0.1311] 
	x346: [  0.5566,   0.7566] 
	x347: [  0.9441,   1.1441] 
	x348: [ -0.7996,  -0.5996] 
	x349: [  2.1879,   2.3879] 
	x350: [  0.3559,   0.5559] 
	x351: [  2.3340,   2.5340] 
	x352: [  0.4057,   0.6057] 
	x353: [  0.5568,   0.7568] 
	x354: [ -0.4714,  -0.2714] 
	x355: [ -0.5484,  -0.3484] 
	x356: [ -0.8721,  -0.6721] 
	x357: [  2.2058,   2.4058] 
	x358: [  0.4682,   0.6682] 
	x359: [  2.5142,   2.7142] 
	x360: [ -0.8464,  -0.6464] 
	x361: [ -1.5323,  -1.3323] 
	x362: [ -1.2440,  -1.0440] 
	x363: [ -1.9222,  -1.7222] 
	x364: [ -1.1267,  -0.9267] 
	x365: [ -0.3176,  -0.1176] 
	x366: [ -0.8940,  -0.6940] 
	x367: [  3.6347,   3.8347] 
	x368: [ -2.3667,  -2.1667] 
	x369: [ -0.8772,  -0.6772] 
	x370: [ -0.7520,  -0.5520] 
	x371: [  0.2741,   0.4741] 
	x372: [ -0.1161,   0.0839] 
	x373: [ -0.9135,  -0.7135] 
	x374: [ -2.1170,  -1.9170] 
	x375: [ -1.9034,  -1.7034] 
	x376: [ -3.0270,  -2.8270] 
	x377: [ -2.6322,  -2.4322] 
	x378: [  0.6787,   0.8787] 
	x379: [ -1.1012,  -0.9012] 
	x380: [  0.6336,   0.8336] 
	x381: [ -0.4430,  -0.2430] 
	x382: [ -2.3375,  -2.1375] 
	x383: [  2.9185,   3.1185] 
	x384: [  1.1426,   1.3426] 
	x385: [ -1.0981,  -0.8981] 
	x386: [ -2.2612,  -2.0612] 
	x387: [  0.5344,   0.7344] 
	x388: [  0.6430,   0.8430] 
	x389: [ -0.9946,  -0.7946] 
	x390: [ -2.6548,  -2.4548] 
	x391: [ -2.0425,  -1.8425] 
	x392: [  1.7169,   1.9169] 
	x393: [ -0.4156,  -0.2156] 
	x394: [ -4.0447,  -3.8447] 
	x395: [ -0.4950,  -0.2950] 
	x396: [  0.1068,   0.3068] 
	x397: [  0.3434,   0.5434] 
	x398: [  0.4327,   0.6327] 
	x399: [  1.2514,   1.4514] 
	x400: [  0.9106,   1.1106] 
	x401: [ -0.4635,  -0.2635] 
	x402: [ -0.3031,  -0.1031] 
	x403: [ -1.8174,  -1.6174] 
	x404: [ -1.4001,  -1.2001] 
	x405: [ -0.2011,  -0.0011] 
	x406: [ -3.7716,  -3.5716] 
	x407: [  0.0367,   0.2367] 
	x408: [  1.0601,   1.2601] 
	x409: [ -2.3956,  -2.1956] 
	x410: [ -0.5312,  -0.3312] 
	x411: [  1.5111,   1.7111] 
	x412: [  0.0605,   0.2605] 
	x413: [ -0.0037,   0.1963] 
	x414: [ -3.7037,  -3.5037] 
	x415: [ -1.1740,  -0.9740] 
	x416: [  0.4145,   0.6145] 
	x417: [  1.1196,   1.3196] 
	x418: [ -2.8481,  -2.6481] 
	x419: [  0.4502,   0.6502] 
	x420: [ -0.0512,   0.1488] 
	x421: [ -2.5891,  -2.3891] 
	x422: [ -0.4168,  -0.2168] 
	x423: [ -0.9167,  -0.7167] 
	x424: [ -0.9401,  -0.7401] 
	x425: [ -1.6873,  -1.4873] 
	x426: [ -2.4243,  -2.2243] 
	x427: [ -0.1001,   0.0999] 
	x428: [ -0.5070,  -0.3070] 
	x429: [  3.4175,   3.6175] 
	x430: [  0.4404,   0.6404] 
	x431: [ -2.4727,  -2.2727] 
	x432: [ -0.4806,  -0.2806] 
	x433: [  0.6694,   0.8694] 
	x434: [ -1.6147,  -1.4147] 
	x435: [  1.4890,   1.6890] 
	x436: [ -0.1165,   0.0835] 
	x437: [  1.0654,   1.2654] 
	x438: [ -3.9961,  -3.7961] 
	x439: [  0.8305,   1.0305] 
	x440: [  1.5172,   1.7172] 
	x441: [ -0.4995,  -0.2995] 
	x442: [ -1.6368,  -1.4368] 
	x443: [ -3.4058,  -3.2058] 
	x444: [  0.4262,   0.6262] 
	x445: [  1.0512,   1.2512] 
	x446: [  0.1538,   0.3538] 
	x447: [  0.3822,   0.5822] 
	x448: [ -1.2177,  -1.0177] 
	x449: [  2.2457,   2.4457] 
	x450: [ -0.5030,  -0.3030] 
	x451: [ -1.6367,  -1.4367] 
	x452: [ -0.1957,   0.0043] 
	x453: [ -3.1853,  -2.9853] 
	x454: [ -0.4094,  -0.2094] 
	x455: [  0.2280,   0.4280] 
	x456: [ -0.3721,  -0.1721] 
	x457: [  1.6359,   1.8359] 
	x458: [ -1.3378,  -1.1378] 
	x459: [ -1.3625,  -1.1625] 
	x460: [  0.3614,   0.5614] 
	x461: [  0.0857,   0.2857] 
	x462: [  1.1290,   1.3290] 
	x463: [ -1.6744,  -1.4744] 
	x464: [ -1.2995,  -1.0995] 
	x465: [ -0.9376,  -0.7376] 
	x466: [ -0.9396,  -0.7396] 
	x467: [ -0.7181,  -0.5181] 
	x468: [  0.8725,   1.0725] 
	x469: [ -1.7481,  -1.5481] 
	x470: [ -0.6300,  -0.4300] 
	x471: [ -0.5527,  -0.3527] 
	x472: [ -0.8583,  -0.6583] 
	x473: [  0.6920,   0.8920] 
	x474: [ -1.2997,  -1.0997] 
	x475: [  0.5994,   0.7994] 
	x476: [ -2.9304,  -2.7304] 
	x477: [ -0.2233,  -0.0233] 
	x478: [ -0.5475,  -0.3475] 
	x479: [  3.7016,   3.9016] 
	x480: [  2.9836,   3.1836] 
	x481: [ -1.5635,  -1.3635] 
	x482: [ -0.4793,  -0.2793] 
	x483: [ -2.8153,  -2.6153] 
	x484: [ -0.4942,  -0.2942] 
	x485: [ -1.3952,  -1.1952] 
	x486: [  1.6626,   1.8626] 
	x487: [  2.5039,   2.7039] 
	x488: [  0.3906,   0.5906] 
	x489: [  0.4270,   0.6270] 
	x490: [ -0.9636,  -0.7636] 
	x491: [ -0.8104,  -0.6104] 
	x492: [  0.6233,   0.8233] 
	x493: [ -0.5807,  -0.3807] 
	x494: [ -1.1657,  -0.9657] 
	x495: [ -0.4894,  -0.2894] 
	x496: [  0.2796,   0.4796] 
	x497: [  1.1408,   1.3408] 
	x498: [  0.5966,   0.7966] 
	x499: [ -1.9743,  -1.7743] 
	x500: [  0.4411,   0.6411] 
	x501: [  0.5876,   0.7876] 
	x502: [ -0.3465,  -0.1465] 
	x503: [  0.8764,   1.0764] 
	x504: [ -0.0341,   0.1659] 
	x505: [  0.2711,   0.4711] 
	x506: [ -1.5746,  -1.3746] 
	x507: [  1.6230,   1.8230] 
	x508: [  3.3486,   3.5486] 
	x509: [  0.4723,   0.6723] 
	x510: [ -0.9185,  -0.7185] 
	x511: [  0.4749,   0.6749] 

Branching heuristics set to PseudoImpact
unsat
