InputQuery: /home/levn/Workspace/othello_world/queries/probe_robust/group_4/game_44_target_50_eps_0.1.txt
Engine::processInputQuery: Input query (before preprocessing): 449 equations, 1216 variables
Engine::processInputQuery: Input query (after preprocessing): 705 equations, 1354 variables

Input bounds:
	x0: [ -2.1481,  -1.9481] 
	x1: [ -1.0062,  -0.8062] 
	x2: [  0.2820,   0.4820] 
	x3: [  0.4871,   0.6871] 
	x4: [  1.4592,   1.6592] 
	x5: [ -3.3002,  -3.1002] 
	x6: [ -0.7801,  -0.5801] 
	x7: [  1.8670,   2.0670] 
	x8: [  0.4912,   0.6912] 
	x9: [  0.0211,   0.2211] 
	x10: [  0.4459,   0.6459] 
	x11: [ -0.8201,  -0.6201] 
	x12: [ -1.8675,  -1.6675] 
	x13: [ -1.6627,  -1.4627] 
	x14: [  0.4852,   0.6852] 
	x15: [  2.0996,   2.2996] 
	x16: [  0.3777,   0.5777] 
	x17: [ -0.6473,  -0.4473] 
	x18: [  0.2386,   0.4386] 
	x19: [  0.9749,   1.1749] 
	x20: [ -1.1388,  -0.9388] 
	x21: [  2.3152,   2.5152] 
	x22: [ -1.6431,  -1.4431] 
	x23: [  2.5790,   2.7790] 
	x24: [ -1.8704,  -1.6704] 
	x25: [  2.2458,   2.4458] 
	x26: [  0.7660,   0.9660] 
	x27: [  0.3603,   0.5603] 
	x28: [  1.3707,   1.5707] 
	x29: [  1.6249,   1.8249] 
	x30: [ -4.5396,  -4.3396] 
	x31: [  1.3906,   1.5906] 
	x32: [ -1.1978,  -0.9978] 
	x33: [  0.5307,   0.7307] 
	x34: [ -0.1124,   0.0876] 
	x35: [ -0.5696,  -0.3696] 
	x36: [  0.2797,   0.4797] 
	x37: [ -1.2144,  -1.0144] 
	x38: [ -1.6875,  -1.4875] 
	x39: [ -0.8580,  -0.6580] 
	x40: [ -0.3570,  -0.1570] 
	x41: [  0.5630,   0.7630] 
	x42: [ -0.4005,  -0.2005] 
	x43: [  0.6873,   0.8873] 
	x44: [ -2.8761,  -2.6761] 
	x45: [  1.1593,   1.3593] 
	x46: [  0.6949,   0.8949] 
	x47: [ -0.5922,  -0.3922] 
	x48: [ -3.3512,  -3.1512] 
	x49: [  2.2590,   2.4590] 
	x50: [ -0.7014,  -0.5014] 
	x51: [  3.0159,   3.2159] 
	x52: [  1.6550,   1.8550] 
	x53: [ -0.1924,   0.0076] 
	x54: [  0.8789,   1.0789] 
	x55: [ -1.7814,  -1.5814] 
	x56: [ -0.3217,  -0.1217] 
	x57: [ -2.0506,  -1.8506] 
	x58: [  0.5418,   0.7418] 
	x59: [ -0.4619,  -0.2619] 
	x60: [ -1.6907,  -1.4907] 
	x61: [ -1.7174,  -1.5174] 
	x62: [ -3.7474,  -3.5474] 
	x63: [  1.4419,   1.6419] 
	x64: [ -0.6032,  -0.4032] 
	x65: [ -0.2652,  -0.0652] 
	x66: [ -2.8119,  -2.6119] 
	x67: [ -0.7348,  -0.5348] 
	x68: [ -0.4723,  -0.2723] 
	x69: [  0.3131,   0.5131] 
	x70: [ -2.1644,  -1.9644] 
	x71: [  0.0477,   0.2477] 
	x72: [  4.2454,   4.4454] 
	x73: [  2.1196,   2.3196] 
	x74: [ -1.0258,  -0.8258] 
	x75: [ -2.1588,  -1.9588] 
	x76: [ -2.2775,  -2.0775] 
	x77: [  0.1292,   0.3292] 
	x78: [  0.5964,   0.7964] 
	x79: [ -1.0363,  -0.8363] 
	x80: [  0.6011,   0.8011] 
	x81: [  0.6732,   0.8732] 
	x82: [  1.3298,   1.5298] 
	x83: [ -0.1236,   0.0764] 
	x84: [  2.1941,   2.3941] 
	x85: [ -0.1998,   0.0002] 
	x86: [ -0.5770,  -0.3770] 
	x87: [ -3.1519,  -2.9519] 
	x88: [ -1.5247,  -1.3247] 
	x89: [ -0.3504,  -0.1504] 
	x90: [ -1.2802,  -1.0802] 
	x91: [ -1.2964,  -1.0964] 
	x92: [  1.1376,   1.3376] 
	x93: [  1.5117,   1.7117] 
	x94: [ -1.4252,  -1.2252] 
	x95: [  2.5536,   2.7536] 
	x96: [ -0.3883,  -0.1883] 
	x97: [  1.5956,   1.7956] 
	x98: [  1.7833,   1.9833] 
	x99: [ -0.3307,  -0.1307] 
	x100: [ -0.1787,   0.0213] 
	x101: [  0.2418,   0.4418] 
	x102: [  0.6312,   0.8312] 
	x103: [  0.4026,   0.6026] 
	x104: [ -0.4242,  -0.2242] 
	x105: [ -0.1454,   0.0546] 
	x106: [ -0.2086,  -0.0086] 
	x107: [ -1.2911,  -1.0911] 
	x108: [  0.3012,   0.5012] 
	x109: [ -2.8451,  -2.6451] 
	x110: [ -2.3730,  -2.1730] 
	x111: [ -0.0388,   0.1612] 
	x112: [ -1.1831,  -0.9831] 
	x113: [  0.9612,   1.1612] 
	x114: [  0.2747,   0.4747] 
	x115: [ -0.2720,  -0.0720] 
	x116: [ -0.4647,  -0.2647] 
	x117: [ -0.9727,  -0.7727] 
	x118: [ -0.7567,  -0.5567] 
	x119: [ -0.7344,  -0.5344] 
	x120: [ -0.7763,  -0.5763] 
	x121: [  2.6747,   2.8747] 
	x122: [  0.2153,   0.4153] 
	x123: [ -0.7346,  -0.5346] 
	x124: [ -1.2899,  -1.0899] 
	x125: [ -1.2489,  -1.0489] 
	x126: [ -1.7097,  -1.5097] 
	x127: [  0.2017,   0.4017] 
	x128: [  0.3140,   0.5140] 
	x129: [  1.5559,   1.7559] 
	x130: [  0.1998,   0.3998] 
	x131: [ -1.9988,  -1.7988] 
	x132: [  1.7168,   1.9168] 
	x133: [ -2.1089,  -1.9089] 
	x134: [ -1.0561,  -0.8561] 
	x135: [ -1.5141,  -1.3141] 
	x136: [ -0.0431,   0.1569] 
	x137: [  1.6888,   1.8888] 
	x138: [  1.3981,   1.5981] 
	x139: [ -0.7777,  -0.5777] 
	x140: [ -2.2873,  -2.0873] 
	x141: [ -0.1041,   0.0959] 
	x142: [  0.6812,   0.8812] 
	x143: [ -0.8566,  -0.6566] 
	x144: [ -2.6486,  -2.4486] 
	x145: [  1.5850,   1.7850] 
	x146: [ -0.9256,  -0.7256] 
	x147: [ -1.1130,  -0.9130] 
	x148: [  0.6698,   0.8698] 
	x149: [ -1.0406,  -0.8406] 
	x150: [ -1.5707,  -1.3707] 
	x151: [  2.2116,   2.4116] 
	x152: [ -0.1984,   0.0016] 
	x153: [ -2.6851,  -2.4851] 
	x154: [ -3.3282,  -3.1282] 
	x155: [  1.7571,   1.9571] 
	x156: [ -2.5635,  -2.3635] 
	x157: [  1.6459,   1.8459] 
	x158: [  1.5577,   1.7577] 
	x159: [ -0.0525,   0.1475] 
	x160: [  0.0214,   0.2214] 
	x161: [ -1.5635,  -1.3635] 
	x162: [ -0.6245,  -0.4245] 
	x163: [ -0.6188,  -0.4188] 
	x164: [ -0.8795,  -0.6795] 
	x165: [ -2.0308,  -1.8308] 
	x166: [ -1.1499,  -0.9499] 
	x167: [  2.3513,   2.5513] 
	x168: [ -0.7891,  -0.5891] 
	x169: [  0.3452,   0.5452] 
	x170: [ -0.0368,   0.1632] 
	x171: [ -0.3610,  -0.1610] 
	x172: [ -2.8585,  -2.6585] 
	x173: [  2.6897,   2.8897] 
	x174: [ -1.4931,  -1.2931] 
	x175: [  0.7083,   0.9083] 
	x176: [ -2.0819,  -1.8819] 
	x177: [ -0.5528,  -0.3528] 
	x178: [  0.2165,   0.4165] 
	x179: [ -0.3676,  -0.1676] 
	x180: [  0.0414,   0.2414] 
	x181: [  2.1885,   2.3885] 
	x182: [ -0.5954,  -0.3954] 
	x183: [  1.2735,   1.4735] 
	x184: [ -0.2471,  -0.0471] 
	x185: [ -2.0728,  -1.8728] 
	x186: [  1.0159,   1.2159] 
	x187: [ -1.1135,  -0.9135] 
	x188: [ -0.0948,   0.1052] 
	x189: [  0.6712,   0.8712] 
	x190: [  1.6373,   1.8373] 
	x191: [ -3.1071,  -2.9071] 
	x192: [ -1.5411,  -1.3411] 
	x193: [ -1.4617,  -1.2617] 
	x194: [  0.1210,   0.3210] 
	x195: [ -0.2020,  -0.0020] 
	x196: [  0.3759,   0.5759] 
	x197: [ -0.3987,  -0.1987] 
	x198: [ -0.6977,  -0.4977] 
	x199: [ -1.1461,  -0.9461] 
	x200: [ -0.1470,   0.0530] 
	x201: [ -0.4073,  -0.2073] 
	x202: [ -0.9850,  -0.7850] 
	x203: [ -2.3747,  -2.1747] 
	x204: [ -4.2817,  -4.0817] 
	x205: [  1.1694,   1.3694] 
	x206: [ -0.7829,  -0.5829] 
	x207: [ -2.4482,  -2.2482] 
	x208: [  0.5387,   0.7387] 
	x209: [  1.0397,   1.2397] 
	x210: [ -1.2497,  -1.0497] 
	x211: [ -1.4816,  -1.2816] 
	x212: [  0.9227,   1.1227] 
	x213: [  1.1440,   1.3440] 
	x214: [ -0.9238,  -0.7238] 
	x215: [ -0.3132,  -0.1132] 
	x216: [ -0.5632,  -0.3632] 
	x217: [  0.9886,   1.1886] 
	x218: [  2.0898,   2.2898] 
	x219: [ -2.0983,  -1.8983] 
	x220: [ -1.8822,  -1.6822] 
	x221: [ -1.5509,  -1.3509] 
	x222: [ -0.4440,  -0.2440] 
	x223: [  1.7786,   1.9786] 
	x224: [ -0.6108,  -0.4108] 
	x225: [ -1.2878,  -1.0878] 
	x226: [ -1.0965,  -0.8965] 
	x227: [ -2.7505,  -2.5505] 
	x228: [ -0.6604,  -0.4604] 
	x229: [ -1.4455,  -1.2455] 
	x230: [  0.8906,   1.0906] 
	x231: [ -0.9870,  -0.7870] 
	x232: [  2.5819,   2.7819] 
	x233: [ -0.8095,  -0.6095] 
	x234: [  0.2893,   0.4893] 
	x235: [  1.8419,   2.0419] 
	x236: [ -1.5682,  -1.3682] 
	x237: [ -1.1812,  -0.9812] 
	x238: [  1.8279,   2.0279] 
	x239: [  2.4611,   2.6611] 
	x240: [  1.0216,   1.2216] 
	x241: [ -1.5042,  -1.3042] 
	x242: [ -2.6280,  -2.4280] 
	x243: [  0.4801,   0.6801] 
	x244: [ -1.8627,  -1.6627] 
	x245: [ -0.3163,  -0.1163] 
	x246: [ -1.2642,  -1.0642] 
	x247: [ -0.1715,   0.0285] 
	x248: [  0.2612,   0.4612] 
	x249: [ -1.2381,  -1.0381] 
	x250: [  1.6944,   1.8944] 
	x251: [ -1.2899,  -1.0899] 
	x252: [  1.9769,   2.1769] 
	x253: [ -0.0915,   0.1085] 
	x254: [ -2.2895,  -2.0895] 
	x255: [ -1.9356,  -1.7356] 
	x256: [  2.6954,   2.8954] 
	x257: [ -0.7328,  -0.5328] 
	x258: [  1.2152,   1.4152] 
	x259: [ -1.6626,  -1.4626] 
	x260: [ -0.2496,  -0.0496] 
	x261: [ -1.0638,  -0.8638] 
	x262: [  1.8461,   2.0461] 
	x263: [ -0.1875,   0.0125] 
	x264: [ -1.1409,  -0.9409] 
	x265: [ -2.5697,  -2.3697] 
	x266: [ -1.2814,  -1.0814] 
	x267: [  0.8830,   1.0830] 
	x268: [ -1.7270,  -1.5270] 
	x269: [  1.1960,   1.3960] 
	x270: [  2.3665,   2.5665] 
	x271: [  0.0601,   0.2601] 
	x272: [ -2.5212,  -2.3212] 
	x273: [ -0.9544,  -0.7544] 
	x274: [  1.0855,   1.2855] 
	x275: [  2.1041,   2.3041] 
	x276: [ -3.3660,  -3.1660] 
	x277: [ -1.3311,  -1.1311] 
	x278: [ -2.4293,  -2.2293] 
	x279: [  2.8876,   3.0876] 
	x280: [ -0.7970,  -0.5970] 
	x281: [  0.8010,   1.0010] 
	x282: [ -0.2817,  -0.0817] 
	x283: [  1.7846,   1.9846] 
	x284: [ -0.8673,  -0.6673] 
	x285: [ -1.3386,  -1.1386] 
	x286: [ -1.3415,  -1.1415] 
	x287: [  0.4699,   0.6699] 
	x288: [  0.2889,   0.4889] 
	x289: [  1.0254,   1.2254] 
	x290: [  0.2236,   0.4236] 
	x291: [  2.8182,   3.0182] 
	x292: [ -2.4183,  -2.2183] 
	x293: [  0.3698,   0.5698] 
	x294: [ -2.9619,  -2.7619] 
	x295: [ -0.9433,  -0.7433] 
	x296: [ -2.0239,  -1.8239] 
	x297: [  1.9131,   2.1131] 
	x298: [ -4.7847,  -4.5847] 
	x299: [ -0.8115,  -0.6115] 
	x300: [ -0.8493,  -0.6493] 
	x301: [  1.1464,   1.3464] 
	x302: [  1.7012,   1.9012] 
	x303: [  1.0545,   1.2545] 
	x304: [ -1.5697,  -1.3697] 
	x305: [  0.7355,   0.9355] 
	x306: [ -0.5993,  -0.3993] 
	x307: [ -1.1084,  -0.9084] 
	x308: [  4.0898,   4.2898] 
	x309: [ -0.1293,   0.0707] 
	x310: [  1.0721,   1.2721] 
	x311: [ -1.0843,  -0.8843] 
	x312: [ -1.6940,  -1.4940] 
	x313: [  0.2990,   0.4990] 
	x314: [ -0.3181,  -0.1181] 
	x315: [  0.4976,   0.6976] 
	x316: [ -0.8054,  -0.6054] 
	x317: [  1.0112,   1.2112] 
	x318: [ -0.3234,  -0.1234] 
	x319: [  0.3591,   0.5591] 
	x320: [ -1.1290,  -0.9290] 
	x321: [  1.7398,   1.9398] 
	x322: [ -1.6940,  -1.4940] 
	x323: [  1.7796,   1.9796] 
	x324: [ -0.4988,  -0.2988] 
	x325: [ -0.3565,  -0.1565] 
	x326: [  1.1997,   1.3997] 
	x327: [  1.7676,   1.9676] 
	x328: [  1.3091,   1.5091] 
	x329: [  1.1205,   1.3205] 
	x330: [ -1.2593,  -1.0593] 
	x331: [ -2.2178,  -2.0178] 
	x332: [  2.6562,   2.8562] 
	x333: [  2.2237,   2.4237] 
	x334: [ -0.9189,  -0.7189] 
	x335: [  0.1515,   0.3515] 
	x336: [  1.2543,   1.4543] 
	x337: [ -0.6283,  -0.4283] 
	x338: [ -1.9407,  -1.7407] 
	x339: [  2.1268,   2.3268] 
	x340: [ -3.5442,  -3.3442] 
	x341: [  2.3512,   2.5512] 
	x342: [  0.1636,   0.3636] 
	x343: [ -0.9638,  -0.7638] 
	x344: [ -1.1979,  -0.9979] 
	x345: [ -0.6837,  -0.4837] 
	x346: [ -0.2504,  -0.0504] 
	x347: [  0.0370,   0.2370] 
	x348: [  1.4400,   1.6400] 
	x349: [  3.8646,   4.0646] 
	x350: [ -0.9681,  -0.7681] 
	x351: [  1.5053,   1.7053] 
	x352: [ -0.4712,  -0.2712] 
	x353: [ -0.2415,  -0.0415] 
	x354: [ -1.5220,  -1.3220] 
	x355: [  0.6225,   0.8225] 
	x356: [ -0.6859,  -0.4859] 
	x357: [  2.8066,   3.0066] 
	x358: [ -0.7975,  -0.5975] 
	x359: [ -3.3540,  -3.1540] 
	x360: [ -2.7440,  -2.5440] 
	x361: [  2.8098,   3.0098] 
	x362: [  0.6163,   0.8163] 
	x363: [ -0.0770,   0.1230] 
	x364: [ -1.0311,  -0.8311] 
	x365: [ -0.2449,  -0.0449] 
	x366: [  0.5797,   0.7797] 
	x367: [ -0.6920,  -0.4920] 
	x368: [ -0.8206,  -0.6206] 
	x369: [ -0.6969,  -0.4969] 
	x370: [  1.2439,   1.4439] 
	x371: [ -1.6901,  -1.4901] 
	x372: [ -2.7196,  -2.5196] 
	x373: [ -0.0924,   0.1076] 
	x374: [ -2.1639,  -1.9639] 
	x375: [ -1.8205,  -1.6205] 
	x376: [  1.8590,   2.0590] 
	x377: [  0.4546,   0.6546] 
	x378: [  1.4624,   1.6624] 
	x379: [ -2.2348,  -2.0348] 
	x380: [  0.9325,   1.1325] 
	x381: [ -3.7025,  -3.5025] 
	x382: [ -0.9842,  -0.7842] 
	x383: [  2.4016,   2.6016] 
	x384: [  0.9190,   1.1190] 
	x385: [  0.1891,   0.3891] 
	x386: [  0.8970,   1.0970] 
	x387: [  1.7879,   1.9879] 
	x388: [ -1.5532,  -1.3532] 
	x389: [ -1.5574,  -1.3574] 
	x390: [  0.1479,   0.3479] 
	x391: [ -1.8723,  -1.6723] 
	x392: [  1.4291,   1.6291] 
	x393: [  1.7012,   1.9012] 
	x394: [  0.0182,   0.2182] 
	x395: [  0.2435,   0.4435] 
	x396: [ -1.1230,  -0.9230] 
	x397: [ -3.8054,  -3.6054] 
	x398: [ -0.3469,  -0.1469] 
	x399: [ -0.2681,  -0.0681] 
	x400: [ -2.8427,  -2.6427] 
	x401: [  0.4607,   0.6607] 
	x402: [  0.2822,   0.4822] 
	x403: [ -1.2838,  -1.0838] 
	x404: [  0.0757,   0.2757] 
	x405: [ -1.7291,  -1.5291] 
	x406: [  1.5626,   1.7626] 
	x407: [  1.0533,   1.2533] 
	x408: [ -0.9291,  -0.7291] 
	x409: [ -0.9859,  -0.7859] 
	x410: [  2.0755,   2.2755] 
	x411: [ -2.4446,  -2.2446] 
	x412: [  0.7892,   0.9892] 
	x413: [  0.6450,   0.8450] 
	x414: [ -0.0062,   0.1938] 
	x415: [  1.4416,   1.6416] 
	x416: [  1.4323,   1.6323] 
	x417: [ -1.7169,  -1.5169] 
	x418: [  0.9133,   1.1133] 
	x419: [  0.6363,   0.8363] 
	x420: [  0.4122,   0.6122] 
	x421: [ -0.9229,  -0.7229] 
	x422: [ -1.5206,  -1.3206] 
	x423: [  0.8054,   1.0054] 
	x424: [ -0.0414,   0.1586] 
	x425: [ -0.4927,  -0.2927] 
	x426: [ -3.0471,  -2.8471] 
	x427: [  0.4263,   0.6263] 
	x428: [  2.9011,   3.1011] 
	x429: [  2.9615,   3.1615] 
	x430: [ -0.6978,  -0.4978] 
	x431: [  1.9745,   2.1745] 
	x432: [ -0.6570,  -0.4570] 
	x433: [ -0.4177,  -0.2177] 
	x434: [  1.5774,   1.7774] 
	x435: [ -0.2277,  -0.0277] 
	x436: [ -1.4292,  -1.2292] 
	x437: [ -1.8534,  -1.6534] 
	x438: [  2.8094,   3.0094] 
	x439: [ -1.0256,  -0.8256] 
	x440: [  0.0153,   0.2153] 
	x441: [  0.1402,   0.3402] 
	x442: [ -0.1758,   0.0242] 
	x443: [ -3.0899,  -2.8899] 
	x444: [  1.7627,   1.9627] 
	x445: [  1.3175,   1.5175] 
	x446: [ -0.1042,   0.0958] 
	x447: [ -0.0624,   0.1376] 
	x448: [ -1.4651,  -1.2651] 
	x449: [  0.2592,   0.4592] 
	x450: [  0.6678,   0.8678] 
	x451: [ -0.0176,   0.1824] 
	x452: [ -0.1214,   0.0786] 
	x453: [  1.1562,   1.3562] 
	x454: [  2.3203,   2.5203] 
	x455: [ -0.0076,   0.1924] 
	x456: [ -0.2711,  -0.0711] 
	x457: [  0.0679,   0.2679] 
	x458: [ -1.0831,  -0.8831] 
	x459: [ -1.6143,  -1.4143] 
	x460: [  2.7549,   2.9549] 
	x461: [  2.7358,   2.9358] 
	x462: [  0.4401,   0.6401] 
	x463: [ -1.4183,  -1.2183] 
	x464: [  0.5627,   0.7627] 
	x465: [ -0.2798,  -0.0798] 
	x466: [  1.1042,   1.3042] 
	x467: [ -3.4777,  -3.2777] 
	x468: [ -1.1986,  -0.9986] 
	x469: [ -0.4836,  -0.2836] 
	x470: [ -1.5870,  -1.3870] 
	x471: [ -1.3730,  -1.1730] 
	x472: [ -0.7840,  -0.5840] 
	x473: [  0.4820,   0.6820] 
	x474: [ -2.2174,  -2.0174] 
	x475: [  0.7050,   0.9050] 
	x476: [ -0.3160,  -0.1160] 
	x477: [  1.6830,   1.8830] 
	x478: [  2.4606,   2.6606] 
	x479: [  4.3151,   4.5151] 
	x480: [ -2.2703,  -2.0703] 
	x481: [ -1.0953,  -0.8953] 
	x482: [ -0.2672,  -0.0672] 
	x483: [  1.6348,   1.8348] 
	x484: [  1.1675,   1.3675] 
	x485: [  2.1416,   2.3416] 
	x486: [  1.7088,   1.9088] 
	x487: [ -0.4976,  -0.2976] 
	x488: [ -0.7332,  -0.5332] 
	x489: [  1.7611,   1.9611] 
	x490: [ -0.3667,  -0.1667] 
	x491: [  0.1417,   0.3417] 
	x492: [  0.9032,   1.1032] 
	x493: [ -1.0824,  -0.8824] 
	x494: [  1.1399,   1.3399] 
	x495: [ -1.3935,  -1.1935] 
	x496: [ -0.2796,  -0.0796] 
	x497: [ -1.1626,  -0.9626] 
	x498: [  0.3387,   0.5387] 
	x499: [ -0.8652,  -0.6652] 
	x500: [  1.4896,   1.6896] 
	x501: [  1.4815,   1.6815] 
	x502: [  0.4224,   0.6224] 
	x503: [ -1.6290,  -1.4290] 
	x504: [  0.7308,   0.9308] 
	x505: [ -0.7863,  -0.5863] 
	x506: [  0.5707,   0.7707] 
	x507: [ -0.3442,  -0.1442] 
	x508: [  0.1883,   0.3883] 
	x509: [ -1.5955,  -1.3955] 
	x510: [ -0.4113,  -0.2113] 
	x511: [ -0.8784,  -0.6784] 

Branching heuristics set to PseudoImpact

Engine::solve: Initial statistics

00:07:11 Statistics update:
	--- Time Statistics ---
	Total time elapsed: 496 milli (00:00:00)
		Main loop: 0 milli (00:00:00)
		Preprocessing time: 199 milli (00:00:00)
		Unknown: 297 milli (00:00:00)
	Breakdown for main loop:
		[0.00%] Simplex steps: 0 milli
		[0.00%] Explicit-basis bound tightening: 0 milli
		[0.00%] Constraint-matrix bound tightening: 0 milli
		[0.00%] Degradation checking: 0 milli
		[0.00%] Precision restoration: 0 milli
		[0.00%] Statistics handling: 0 milli
		[0.00%] Constraint-fixing steps: 0 milli
		[0.00%] Valid case splits: 0 milli. Average per split: 0.00 milli
		[0.00%] Applying stored bound-tightening: 0 milli
		[0.00%] SMT core: 0 milli
		[0.00%] Symbolic Bound Tightening: 12 milli
		[0.00%] SoI-based local search: 0 milli
		[0.00%] SoI-based local search: 0 milli
		[0.00%] Unaccounted for: 0 milli
	--- Preprocessor Statistics ---
	Number of preprocessor bound-tightening loop iterations: 3
	Number of eliminated variables: 119
	Number of constraints removed due to variable elimination: 119
	Number of equations removed due to variable elimination: 0
	--- Engine Statistics ---
	Number of main loop iterations: 1
		0 iterations were simplex steps. Total time: 0 milli. Average: 0.00 milli.
		0 iterations were constraint-fixing steps. Total time: 0 milli. Average: 0.00 milli
	Number of active piecewise-linear constraints: 137 / 137
		Constraints disabled by valid splits: 0. By SMT-originated splits: 0
	Last reported degradation: 0.0000000000. Max degradation so far: 0.0000000000. Restorations so far: 0
	Number of simplex pivots we attempted to skip because of instability: 0.
	Unstable pivots performed anyway: 0
	--- Tableau Statistics ---
	Total number of pivots performed: 0
		Real pivots: 0. Degenerate: 0 (0.00%)
		Degenerate pivots by request (e.g., to fix a PL constraint): 0 (0.00%)
		Average time per pivot: 0.00 milli
	Total number of fake pivots performed: 0
	Total number of rows added: 0. Number of merged columns: 0
	Current tableau dimensions: M = 705, N = 2059
	--- SMT Core Statistics ---
	Total depth is 0. Total visited states: 1. Number of splits: 0. Number of pops: 0
	Max stack depth: 0
	--- Bound Tightening Statistics ---
	Number of tightened bounds: 0.
		Number of rows examined by row tightener: 0. Consequent tightenings: 0
		Number of explicit basis matrices examined by row tightener: 0. Consequent tightenings: 0
		Number of bound tightening rounds on the entire constraint matrix: 0. Consequent tightenings: 0
		Number of bound notifications sent to PL constraints: 822. Tightenings proposed: 0
	--- Basis Factorization statistics ---
	Number of basis refactorizations: 2
	--- Projected Steepest Edge Statistics ---
	Number of iterations: 0.
	Number of resets to reference space: 1. Avg. iterations per reset: 0
	--- SBT ---
	Number of tightened bounds: 385
	--- SoI-based local search ---
	Number of proposed phase pattern update: 0. Number of accepted update: 0 [0.00%]
	Total time (% of local search time) updating SoI phase pattern : 0 milli [0.00%]
	Total time obtaining current assignment: 0 milli [0.00%]
	Total time getting SoI phase pattern : 0 milli [0.00%]
	--- Context dependent statistics ---
	Number of pushes / pops: 0 / 0
		[0.00%] Pre-Push hook: 0 milli
		[0.00%] Push : 0 milli
		[0.00%] Post-Pop hook: 0 milli
		[0.00%] Pop : 0 milli
		[0.00%] Total context-switching time: 0 milli
	--- Proof Certificate ---
	Number of certified leaves: 0
	Number of leaves to delegate: 0

---

Engine::solve: sat assignment found

00:07:15 Statistics update:
	--- Time Statistics ---
	Total time elapsed: 4551 milli (00:00:04)
		Main loop: 4053 milli (00:00:04)
		Preprocessing time: 199 milli (00:00:00)
		Unknown: 297 milli (00:00:00)
	Breakdown for main loop:
		[16.14%] Simplex steps: 654 milli
		[83.29%] Explicit-basis bound tightening: 3376 milli
		[0.00%] Constraint-matrix bound tightening: 0 milli
		[0.25%] Degradation checking: 10 milli
		[0.00%] Precision restoration: 0 milli
		[0.01%] Statistics handling: 0 milli
		[0.00%] Constraint-fixing steps: 0 milli
		[0.00%] Valid case splits: 0 milli. Average per split: 0.00 milli
		[0.00%] Applying stored bound-tightening: 0 milli
		[0.00%] SMT core: 0 milli
		[0.51%] Symbolic Bound Tightening: 20 milli
		[3.62%] SoI-based local search: 146 milli
		[0.00%] SoI-based local search: 0 milli
		[455037988779410.81%] Unaccounted for: 0 milli
	--- Preprocessor Statistics ---
	Number of preprocessor bound-tightening loop iterations: 3
	Number of eliminated variables: 119
	Number of constraints removed due to variable elimination: 119
	Number of equations removed due to variable elimination: 0
	--- Engine Statistics ---
	Number of main loop iterations: 592
		590 iterations were simplex steps. Total time: 654 milli. Average: 1.11 milli.
		0 iterations were constraint-fixing steps. Total time: 0 milli. Average: 0.00 milli
	Number of active piecewise-linear constraints: 137 / 137
		Constraints disabled by valid splits: 0. By SMT-originated splits: 0
	Last reported degradation: 0.0000000000. Max degradation so far: 0.0000000000. Restorations so far: 0
	Number of simplex pivots we attempted to skip because of instability: 0.
	Unstable pivots performed anyway: 0
	--- Tableau Statistics ---
	Total number of pivots performed: 554
		Real pivots: 554. Degenerate: 0 (0.00%)
		Degenerate pivots by request (e.g., to fix a PL constraint): 0 (0.00%)
		Average time per pivot: 0.19 milli
	Total number of fake pivots performed: 34
	Total number of rows added: 0. Number of merged columns: 0
	Current tableau dimensions: M = 705, N = 2059
	--- SMT Core Statistics ---
	Total depth is 0. Total visited states: 1. Number of splits: 0. Number of pops: 0
	Max stack depth: 0
	--- Bound Tightening Statistics ---
	Number of tightened bounds: 0.
		Number of rows examined by row tightener: 554. Consequent tightenings: 0
		Number of explicit basis matrices examined by row tightener: 15. Consequent tightenings: 312
		Number of bound tightening rounds on the entire constraint matrix: 0. Consequent tightenings: 0
		Number of bound notifications sent to PL constraints: 1644. Tightenings proposed: 0
	--- Basis Factorization statistics ---
	Number of basis refactorizations: 7
	--- Projected Steepest Edge Statistics ---
	Number of iterations: 588.
	Number of resets to reference space: 1. Avg. iterations per reset: 588
	--- SBT ---
	Number of tightened bounds: 385
	--- SoI-based local search ---
	Number of proposed phase pattern update: 0. Number of accepted update: 1 [0.00%]
	Total time (% of local search time) updating SoI phase pattern : 371 milli [0.25%]
	Total time obtaining current assignment: 156 milli [0.11%]
	Total time getting SoI phase pattern : 49 milli [0.00%]
	--- Context dependent statistics ---
	Number of pushes / pops: 0 / 0
		[0.00%] Pre-Push hook: 0 milli
		[0.00%] Push : 0 milli
		[0.00%] Post-Pop hook: 0 milli
		[0.00%] Pop : 0 milli
		[0.00%] Total context-switching time: 0 milli
	--- Proof Certificate ---
	Number of certified leaves: 0
	Number of leaves to delegate: 0
sat
Input assignment:
	x0 = -2.148052
	x1 = -0.806244
	x2 = 0.282047
	x3 = 0.687130
	x4 = 1.659226
	x5 = -3.300186
	x6 = -0.580142
	x7 = 2.067027
	x8 = 0.691154
	x9 = 0.221116
	x10 = 0.445866
	x11 = -0.820141
	x12 = -1.867483
	x13 = -1.662721
	x14 = 0.485233
	x15 = 2.299619
	x16 = 0.577721
	x17 = -0.647263
	x18 = 0.438599
	x19 = 1.174873
	x20 = -1.138797
	x21 = 2.515172
	x22 = -1.443113
	x23 = 2.579042
	x24 = -1.870369
	x25 = 2.245799
	x26 = 0.766027
	x27 = 0.360277
	x28 = 1.570737
	x29 = 1.824890
	x30 = -4.539610
	x31 = 1.390648
	x32 = -0.997751
	x33 = 0.530684
	x34 = 0.087558
	x35 = -0.369596
	x36 = 0.479677
	x37 = -1.014365
	x38 = -1.514417
	x39 = -0.657990
	x40 = -0.357013
	x41 = 0.620544
	x42 = -0.200546
	x43 = 0.887299
	x44 = -2.676105
	x45 = 1.359257
	x46 = 0.894904
	x47 = -0.392219
	x48 = -3.151156
	x49 = 2.459046
	x50 = -0.501397
	x51 = 3.215882
	x52 = 1.855015
	x53 = -0.192358
	x54 = 1.078907
	x55 = -1.581354
	x56 = -0.321672
	x57 = -2.050646
	x58 = 0.541827
	x59 = -0.461899
	x60 = -1.490667
	x61 = -1.517406
	x62 = -3.547444
	x63 = 1.441940
	x64 = -0.403164
	x65 = -0.065158
	x66 = -2.611921
	x67 = -0.534807
	x68 = -0.272266
	x69 = 0.513119
	x70 = -2.164394
	x71 = 0.247744
	x72 = 4.445404
	x73 = 2.119631
	x74 = -0.825828
	x75 = -1.958750
	x76 = -2.277477
	x77 = 0.129172
	x78 = 0.596434
	x79 = -1.036290
	x80 = 0.801117
	x81 = 0.873225
	x82 = 1.329765
	x83 = 0.076447
	x84 = 2.394136
	x85 = -0.199757
	x86 = -0.377046
	x87 = -2.951866
	x88 = -1.324650
	x89 = -0.190231
	x90 = -1.080228
	x91 = -1.096428
	x92 = 1.137590
	x93 = 1.711735
	x94 = -1.225218
	x95 = 2.553629
	x96 = -0.388307
	x97 = 1.595563
	x98 = 1.783274
	x99 = -0.330706
	x100 = -0.178736
	x101 = 0.441782
	x102 = 0.631228
	x103 = 0.602606
	x104 = -0.224234
	x105 = 0.054649
	x106 = -0.008623
	x107 = -1.091051
	x108 = 0.501246
	x109 = -2.645066
	x110 = -2.173050
	x111 = 0.161192
	x112 = -0.983109
	x113 = 0.961150
	x114 = 0.474659
	x115 = -0.072046
	x116 = -0.464674
	x117 = -0.972675
	x118 = -0.556689
	x119 = -0.734396
	x120 = -0.576340
	x121 = 2.674666
	x122 = 0.215291
	x123 = -0.734625
	x124 = -1.089887
	x125 = -1.048857
	x126 = -1.509707
	x127 = 0.401745
	x128 = 0.513968
	x129 = 1.755873
	x130 = 0.199779
	x131 = -1.998794
	x132 = 1.916808
	x133 = -1.908867
	x134 = -1.056075
	x135 = -1.314091
	x136 = 0.156855
	x137 = 1.688845
	x138 = 1.398096
	x139 = -0.577710
	x140 = -2.287256
	x141 = -0.104080
	x142 = 0.881240
	x143 = -0.656598
	x144 = -2.547127
	x145 = 1.585039
	x146 = -0.725613
	x147 = -0.912980
	x148 = 0.869774
	x149 = -0.840623
	x150 = -1.370692
	x151 = 2.211608
	x152 = -0.198425
	x153 = -2.685101
	x154 = -3.128179
	x155 = 1.757149
	x156 = -2.363485
	x157 = 1.645857
	x158 = 1.757675
	x159 = 0.147508
	x160 = 0.221422
	x161 = -1.563485
	x162 = -0.424459
	x163 = -0.418834
	x164 = -0.679508
	x165 = -1.830849
	x166 = -0.949913
	x167 = 2.551265
	x168 = -0.589127
	x169 = 0.545223
	x170 = 0.163226
	x171 = -0.161008
	x172 = -2.858543
	x173 = 2.889666
	x174 = -1.293076
	x175 = 0.708285
	x176 = -2.081908
	x177 = -0.352842
	x178 = 0.216477
	x179 = -0.167631
	x180 = 0.241368
	x181 = 2.188487
	x182 = -0.595401
	x183 = 1.473493
	x184 = -0.047136
	x185 = -1.872829
	x186 = 1.015896
	x187 = -1.113499
	x188 = 0.070066
	x189 = 0.871225
	x190 = 1.637348
	x191 = -3.107089
	x192 = -1.341144
	x193 = -1.338539
	x194 = 0.320962
	x195 = -0.002031
	x196 = 0.375897
	x197 = -0.398711
	x198 = -0.497676
	x199 = -0.946070
	x200 = -0.146953
	x201 = -0.407273
	x202 = -0.785002
	x203 = -2.174663
	x204 = -4.281669
	x205 = 1.369438
	x206 = -0.582913
	x207 = -2.248192
	x208 = 0.738738
	x209 = 1.239730
	x210 = -1.049748
	x211 = -1.281650
	x212 = 0.922693
	x213 = 1.143964
	x214 = -0.723801
	x215 = -0.313177
	x216 = -0.363219
	x217 = 0.988620
	x218 = 2.089756
	x219 = -1.898276
	x220 = -1.682235
	x221 = -1.350948
	x222 = -0.243968
	x223 = 1.778614
	x224 = -0.610778
	x225 = -1.087772
	x226 = -0.896520
	x227 = -2.750485
	x228 = -0.460409
	x229 = -1.245515
	x230 = 0.890642
	x231 = -0.786991
	x232 = 2.581857
	x233 = -0.609455
	x234 = 0.489251
	x235 = 1.841855
	x236 = -1.368221
	x237 = -0.981225
	x238 = 1.827875
	x239 = 2.461090
	x240 = 1.021614
	x241 = -1.504226
	x242 = -2.627955
	x243 = 0.680083
	x244 = -1.662655
	x245 = -0.116323
	x246 = -1.064164
	x247 = 0.028462
	x248 = 0.461224
	x249 = -1.238114
	x250 = 1.894440
	x251 = -1.089857
	x252 = 2.176861
	x253 = 0.108529
	x254 = -2.089508
	x255 = -1.735572
	x256 = 2.895440
	x257 = -0.532826
	x258 = 1.215175
	x259 = -1.462566
	x260 = -0.049561
	x261 = -0.863766
	x262 = 2.046063
	x263 = -0.187538
	x264 = -0.940943
	x265 = -2.369683
	x266 = -1.281408
	x267 = 1.083028
	x268 = -1.526998
	x269 = 1.196026
	x270 = 2.456943
	x271 = 0.260090
	x272 = -2.321246
	x273 = -0.754423
	x274 = 1.285470
	x275 = 2.293118
	x276 = -3.166030
	x277 = -1.131119
	x278 = -2.229290
	x279 = 2.887627
	x280 = -0.596976
	x281 = 0.807971
	x282 = -0.281741
	x283 = 1.984593
	x284 = -0.667332
	x285 = -1.159945
	x286 = -1.341500
	x287 = 0.669853
	x288 = 0.488922
	x289 = 1.025445
	x290 = 0.423616
	x291 = 3.018208
	x292 = -2.418295
	x293 = 0.569798
	x294 = -2.761949
	x295 = -0.943323
	x296 = -2.023932
	x297 = 2.113092
	x298 = -4.584717
	x299 = -0.611495
	x300 = -0.849253
	x301 = 1.146400
	x302 = 1.901223
	x303 = 1.254498
	x304 = -1.369703
	x305 = 0.935521
	x306 = -0.399319
	x307 = -0.908433
	x308 = 4.289826
	x309 = 0.070696
	x310 = 1.072079
	x311 = -1.084346
	x312 = -1.494030
	x313 = 0.498986
	x314 = -0.118103
	x315 = 0.664359
	x316 = -0.805364
	x317 = 1.011209
	x318 = -0.123397
	x319 = 0.559136
	x320 = -0.928997
	x321 = 1.739814
	x322 = -1.493952
	x323 = 1.779559
	x324 = -0.298754
	x325 = -0.156538
	x326 = 1.399727
	x327 = 1.967593
	x328 = 1.509116
	x329 = 1.120501
	x330 = -1.059309
	x331 = -2.017796
	x332 = 2.856214
	x333 = 2.223740
	x334 = -0.718883
	x335 = 0.351462
	x336 = 1.454309
	x337 = -0.628315
	x338 = -1.740661
	x339 = 2.126771
	x340 = -3.344207
	x341 = 2.351163
	x342 = 0.163572
	x343 = -0.763786
	x344 = -1.197928
	x345 = -0.483724
	x346 = -0.250418
	x347 = 0.236956
	x348 = 1.640044
	x349 = 4.064552
	x350 = -0.768087
	x351 = 1.705268
	x352 = -0.271204
	x353 = -0.041481
	x354 = -1.321977
	x355 = 0.622500
	x356 = -0.685894
	x357 = 2.806596
	x358 = -0.597516
	x359 = -3.154029
	x360 = -2.544043
	x361 = 3.009812
	x362 = 0.816349
	x363 = 0.123043
	x364 = -0.831098
	x365 = -0.044852
	x366 = 0.779675
	x367 = -0.492044
	x368 = -0.820644
	x369 = -0.696924
	x370 = 1.243868
	x371 = -1.490066
	x372 = -2.719614
	x373 = -0.092436
	x374 = -1.963938
	x375 = -1.620471
	x376 = 2.058987
	x377 = 0.454564
	x378 = 1.662394
	x379 = -2.234783
	x380 = 0.932456
	x381 = -3.502536
	x382 = -0.784165
	x383 = 2.401571
	x384 = 1.119003
	x385 = 0.389060
	x386 = 1.097013
	x387 = 1.787897
	x388 = -1.386953
	x389 = -1.557423
	x390 = 0.347892
	x391 = -1.672313
	x392 = 1.629114
	x393 = 1.901185
	x394 = 0.149198
	x395 = 0.443512
	x396 = -0.923015
	x397 = -3.605442
	x398 = -0.146890
	x399 = -0.268140
	x400 = -2.842690
	x401 = 0.660691
	x402 = 0.282247
	x403 = -1.083823
	x404 = 0.075699
	x405 = -1.529135
	x406 = 1.562554
	x407 = 1.053283
	x408 = -0.929088
	x409 = -0.985937
	x410 = 2.275480
	x411 = -2.244573
	x412 = 0.789187
	x413 = 0.844994
	x414 = 0.193785
	x415 = 1.641623
	x416 = 1.632334
	x417 = -1.716890
	x418 = 0.913292
	x419 = 0.836252
	x420 = 0.612235
	x421 = -0.722910
	x422 = -1.520619
	x423 = 1.005388
	x424 = -0.041364
	x425 = -0.292698
	x426 = -2.847062
	x427 = 0.626302
	x428 = 3.101086
	x429 = 2.961495
	x430 = -0.497786
	x431 = 1.974454
	x432 = -0.456966
	x433 = -0.217713
	x434 = 1.577447
	x435 = -0.027709
	x436 = -1.229225
	x437 = -1.853413
	x438 = 2.809428
	x439 = -1.025641
	x440 = 0.015334
	x441 = 0.340192
	x442 = 0.024220
	x443 = -2.889861
	x444 = 1.762671
	x445 = 1.317540
	x446 = -0.104201
	x447 = 0.137613
	x448 = -1.265088
	x449 = 0.259175
	x450 = 0.867844
	x451 = 0.182445
	x452 = 0.078597
	x453 = 1.356214
	x454 = 2.320253
	x455 = 0.192416
	x456 = -0.271121
	x457 = 0.067863
	x458 = -0.883101
	x459 = -1.614311
	x460 = 2.754945
	x461 = 2.735807
	x462 = 0.640054
	x463 = -1.218294
	x464 = 0.762696
	x465 = -0.079803
	x466 = 1.304170
	x467 = -3.277730
	x468 = -0.998604
	x469 = -0.483575
	x470 = -1.587005
	x471 = -1.372952
	x472 = -0.784037
	x473 = 0.681992
	x474 = -2.217374
	x475 = 0.705030
	x476 = -0.315971
	x477 = 1.883006
	x478 = 2.460590
	x479 = 4.315128
	x480 = -2.070305
	x481 = -0.895320
	x482 = -0.067245
	x483 = 1.834795
	x484 = 1.367452
	x485 = 2.141565
	x486 = 1.908850
	x487 = -0.497595
	x488 = -0.733248
	x489 = 1.961108
	x490 = -0.166668
	x491 = 0.141720
	x492 = 0.903241
	x493 = -0.882389
	x494 = 1.139928
	x495 = -1.193475
	x496 = -0.279560
	x497 = -0.962594
	x498 = 0.338725
	x499 = -0.865206
	x500 = 1.489568
	x501 = 1.681513
	x502 = 0.622373
	x503 = -1.629026
	x504 = 0.730830
	x505 = -0.586337
	x506 = 0.770750
	x507 = -0.144217
	x508 = 0.388304
	x509 = -1.595454
	x510 = -0.211321
	x511 = -0.878389

Output:
	y0 = -4.770590
	y1 = 4.978365
	y2 = -7.290146
	y3 = -12.388193
	y4 = 18.265222
	y5 = -13.061704
	y6 = -3.782990
	y7 = 5.256728
	y8 = -4.682788
	y9 = -9.983607
	y10 = 14.901580
	y11 = -10.149135
	y12 = -4.707488
	y13 = 5.804784
	y14 = -4.919314
	y15 = -3.932931
	y16 = 7.584091
	y17 = -5.349775
	y18 = -6.631499
	y19 = 8.960989
	y20 = -5.868922
	y21 = -6.669332
	y22 = 5.228503
	y23 = -7.003086
	y24 = -7.096813
	y25 = 0.703080
	y26 = -7.141642
	y27 = -10.456636
	y28 = 14.109323
	y29 = -10.322445
	y30 = 2.025993
	y31 = -16.453032
	y32 = 0.410563
	y33 = -5.198018
	y34 = 21.879285
	y35 = -4.548740
	y36 = -2.624308
	y37 = 14.471818
	y38 = -4.034949
	y39 = -5.133982
	y40 = 18.267909
	y41 = -5.145632
	y42 = -6.247253
	y43 = 4.843605
	y44 = -6.696798
	y45 = -6.398692
	y46 = 4.866023
	y47 = -5.258195
	y48 = -6.778383
	y49 = 14.517078
	y50 = -6.812962
	y51 = 0.495041
	y52 = -17.574177
	y53 = 0.757962
	y54 = 2.792914
	y55 = -12.773207
	y56 = 1.321481
	y57 = 1.762372
	y58 = -13.728254
	y59 = 1.283020
	y60 = 4.243428
	y61 = -15.542007
	y62 = 2.590513
	y63 = 6.428808
	y64 = -13.561199
	y65 = 2.878768
	y66 = -5.331239
	y67 = 12.425803
	y68 = -7.126613
	y69 = -11.495994
	y70 = 23.304151
	y71 = -11.569792
	y72 = -5.088649
	y73 = 7.062131
	y74 = -7.048556
	y75 = 3.465021
	y76 = -12.317467
	y77 = 1.242549
	y78 = 4.700816
	y79 = -7.569177
	y80 = 2.441111
	y81 = 10.828547
	y82 = -16.333692
	y83 = 10.146930
	y84 = 8.961517
	y85 = -16.684835
	y86 = 8.231578
	y87 = 1.880058
	y88 = -4.994022
	y89 = -0.703464
	y90 = 1.674577
	y91 = -10.988409
	y92 = -2.624329
	y93 = -4.843529
	y94 = 7.838045
	y95 = -5.485056
	y96 = -5.182232
	y97 = 4.023458
	y98 = -7.717944
	y99 = -4.232539
	y100 = 13.773402
	y101 = -5.287752
	y102 = 2.846620
	y103 = -6.642486
	y104 = 0.680501
	y105 = 10.566982
	y106 = -15.231809
	y107 = 10.106034
	y108 = 7.885768
	y109 = -17.284916
	y110 = 9.492493
	y111 = 0.048872
	y112 = -11.184075
	y113 = 2.461296
	y114 = -2.152113
	y115 = 10.057144
	y116 = -2.559530
	y117 = -4.429043
	y118 = 5.713478
	y119 = -5.471074
	y120 = -3.275857
	y121 = 9.076992
	y122 = -4.741408
	y123 = -4.702355
	y124 = 8.950498
	y125 = -3.455480
	y126 = -3.934114
	y127 = 6.756651
	y128 = -2.960344
	y129 = 1.010487
	y130 = -4.812375
	y131 = 3.396278
	y132 = 2.642705
	y133 = -5.690994
	y134 = 2.542694
	y135 = -1.314592
	y136 = -2.288735
	y137 = 1.189813
	y138 = -5.100935
	y139 = 8.575909
	y140 = -4.672403
	y141 = -3.450498
	y142 = 7.767135
	y143 = -6.253681
	y144 = -7.779774
	y145 = 5.328270
	y146 = -8.124394
	y147 = -8.895416
	y148 = 5.741574
	y149 = -8.737406
	y150 = -2.192407
	y151 = -7.449784
	y152 = -2.192417
	y153 = -2.707998
	y154 = 5.866330
	y155 = -2.024929
	y156 = -3.575664
	y157 = 6.129120
	y158 = -3.369824
	y159 = -5.947293
	y160 = 1.217201
	y161 = -6.977732
	y162 = -8.031826
	y163 = 5.048388
	y164 = -7.236360
	y165 = -6.604742
	y166 = 5.691305
	y167 = -7.164516
	y168 = -7.694886
	y169 = 7.706132
	y170 = -8.294891
	y171 = -7.575152
	y172 = 4.383215
	y173 = -7.365039
	y174 = -3.871323
	y175 = 5.612012
	y176 = -4.130877
	y177 = -4.278066
	y178 = 6.893275
	y179 = -4.959185
	y180 = -6.194024
	y181 = 0.396234
	y182 = -7.650772
	y183 = -5.758941
	y184 = 2.802482
	y185 = -5.755588
	y186 = -7.187980
	y187 = 6.595842
	y188 = -7.774800
	y189 = -7.910817
	y190 = 6.790632
	y191 = -7.847619

