InputQuery: /home/levn/Workspace/othello_world/queries/probe_robust/group_4/game_76_target_9_eps_0.1.txt
Engine::processInputQuery: Input query (before preprocessing): 449 equations, 1216 variables
Engine::processInputQuery: Input query (after preprocessing): 705 equations, 1347 variables

Input bounds:
	x0: [ -0.8069,  -0.6069] 
	x1: [ -0.2675,  -0.0675] 
	x2: [ -1.1990,  -0.9990] 
	x3: [  0.0080,   0.2080] 
	x4: [  1.7318,   1.9318] 
	x5: [ -1.6303,  -1.4303] 
	x6: [ -0.7207,  -0.5207] 
	x7: [  1.8671,   2.0671] 
	x8: [ -2.9010,  -2.7010] 
	x9: [ -0.4483,  -0.2483] 
	x10: [ -1.5169,  -1.3169] 
	x11: [ -0.2892,  -0.0892] 
	x12: [ -1.5459,  -1.3459] 
	x13: [  0.9457,   1.1457] 
	x14: [ -1.4369,  -1.2369] 
	x15: [  0.6554,   0.8554] 
	x16: [ -0.2395,  -0.0395] 
	x17: [ -1.9132,  -1.7132] 
	x18: [  0.8758,   1.0758] 
	x19: [  2.4589,   2.6589] 
	x20: [  1.7574,   1.9574] 
	x21: [ -0.7583,  -0.5583] 
	x22: [ -0.0473,   0.1527] 
	x23: [ -1.3434,  -1.1434] 
	x24: [  0.1362,   0.3362] 
	x25: [  0.6560,   0.8560] 
	x26: [  0.7721,   0.9721] 
	x27: [ -1.8486,  -1.6486] 
	x28: [  1.2307,   1.4307] 
	x29: [ -0.7039,  -0.5039] 
	x30: [ -0.3856,  -0.1856] 
	x31: [  1.0203,   1.2203] 
	x32: [ -1.4232,  -1.2232] 
	x33: [ -3.3226,  -3.1226] 
	x34: [ -1.9400,  -1.7400] 
	x35: [  0.3695,   0.5695] 
	x36: [ -0.6253,  -0.4253] 
	x37: [ -2.7121,  -2.5121] 
	x38: [  2.2799,   2.4799] 
	x39: [  1.3031,   1.5031] 
	x40: [  0.5055,   0.7055] 
	x41: [ -0.6493,  -0.4493] 
	x42: [  0.2842,   0.4842] 
	x43: [ -1.3760,  -1.1760] 
	x44: [ -1.0802,  -0.8802] 
	x45: [ -0.3898,  -0.1898] 
	x46: [ -1.8434,  -1.6434] 
	x47: [ -2.3793,  -2.1793] 
	x48: [  0.9775,   1.1775] 
	x49: [ -0.6995,  -0.4995] 
	x50: [ -2.0134,  -1.8134] 
	x51: [  0.8505,   1.0505] 
	x52: [  0.9840,   1.1840] 
	x53: [ -1.4969,  -1.2969] 
	x54: [ -0.7994,  -0.5994] 
	x55: [  0.6935,   0.8935] 
	x56: [  0.7452,   0.9452] 
	x57: [ -0.8539,  -0.6539] 
	x58: [  0.3360,   0.5360] 
	x59: [  3.0214,   3.2214] 
	x60: [  0.7136,   0.9136] 
	x61: [  0.2148,   0.4148] 
	x62: [ -1.1002,  -0.9002] 
	x63: [ -0.9212,  -0.7212] 
	x64: [  2.1586,   2.3586] 
	x65: [ -0.7522,  -0.5522] 
	x66: [ -1.1319,  -0.9319] 
	x67: [  0.5073,   0.7073] 
	x68: [  0.6364,   0.8364] 
	x69: [  0.5378,   0.7378] 
	x70: [  0.4164,   0.6164] 
	x71: [  2.1371,   2.3371] 
	x72: [ -0.5880,  -0.3880] 
	x73: [ -2.0691,  -1.8691] 
	x74: [  0.0635,   0.2635] 
	x75: [  0.2150,   0.4150] 
	x76: [  0.4573,   0.6573] 
	x77: [ -0.4934,  -0.2934] 
	x78: [  1.8618,   2.0618] 
	x79: [ -2.9062,  -2.7062] 
	x80: [ -1.2985,  -1.0985] 
	x81: [  1.3696,   1.5696] 
	x82: [  1.3859,   1.5859] 
	x83: [ -1.4849,  -1.2849] 
	x84: [  0.3897,   0.5897] 
	x85: [  0.6563,   0.8563] 
	x86: [  1.9388,   2.1388] 
	x87: [ -0.6791,  -0.4791] 
	x88: [  0.8294,   1.0294] 
	x89: [  2.2319,   2.4319] 
	x90: [  1.1341,   1.3341] 
	x91: [ -1.8689,  -1.6689] 
	x92: [  1.7846,   1.9846] 
	x93: [  4.0036,   4.2036] 
	x94: [ -0.6372,  -0.4372] 
	x95: [  0.7493,   0.9493] 
	x96: [  1.1066,   1.3066] 
	x97: [ -1.6227,  -1.4227] 
	x98: [ -1.7889,  -1.5889] 
	x99: [  1.9915,   2.1915] 
	x100: [  2.5494,   2.7494] 
	x101: [  0.8804,   1.0804] 
	x102: [ -0.7333,  -0.5333] 
	x103: [ -1.3958,  -1.1958] 
	x104: [ -0.5356,  -0.3356] 
	x105: [ -0.8397,  -0.6397] 
	x106: [  0.7964,   0.9964] 
	x107: [ -1.2998,  -1.0998] 
	x108: [ -0.6638,  -0.4638] 
	x109: [ -3.8147,  -3.6147] 
	x110: [ -1.7727,  -1.5727] 
	x111: [ -0.2777,  -0.0777] 
	x112: [  0.0275,   0.2275] 
	x113: [ -0.6282,  -0.4282] 
	x114: [  0.3455,   0.5455] 
	x115: [  0.9929,   1.1929] 
	x116: [  0.6473,   0.8473] 
	x117: [  1.0297,   1.2297] 
	x118: [ -0.7145,  -0.5145] 
	x119: [  1.7996,   1.9996] 
	x120: [ -1.1139,  -0.9139] 
	x121: [  2.1088,   2.3088] 
	x122: [  0.1392,   0.3392] 
	x123: [  0.5798,   0.7798] 
	x124: [ -1.3539,  -1.1539] 
	x125: [ -1.7297,  -1.5297] 
	x126: [  0.2491,   0.4491] 
	x127: [ -0.3160,  -0.1160] 
	x128: [ -0.1830,   0.0170] 
	x129: [  0.1517,   0.3517] 
	x130: [ -0.3949,  -0.1949] 
	x131: [ -1.1664,  -0.9664] 
	x132: [  1.7250,   1.9250] 
	x133: [ -1.3140,  -1.1140] 
	x134: [  1.1040,   1.3040] 
	x135: [ -0.1875,   0.0125] 
	x136: [ -0.8190,  -0.6190] 
	x137: [  1.2478,   1.4478] 
	x138: [  0.3100,   0.5100] 
	x139: [  1.2453,   1.4453] 
	x140: [  1.1569,   1.3569] 
	x141: [  1.2074,   1.4074] 
	x142: [  0.3870,   0.5870] 
	x143: [ -2.0042,  -1.8042] 
	x144: [ -1.6159,  -1.4159] 
	x145: [ -0.5076,  -0.3076] 
	x146: [ -2.6203,  -2.4203] 
	x147: [ -0.4637,  -0.2637] 
	x148: [  1.2953,   1.4953] 
	x149: [ -2.6291,  -2.4291] 
	x150: [ -0.1759,   0.0241] 
	x151: [  0.3807,   0.5807] 
	x152: [  0.7528,   0.9528] 
	x153: [ -1.4215,  -1.2215] 
	x154: [ -2.8981,  -2.6981] 
	x155: [  1.9104,   2.1104] 
	x156: [ -3.0779,  -2.8779] 
	x157: [  0.1555,   0.3555] 
	x158: [ -1.0582,  -0.8582] 
	x159: [  0.0235,   0.2235] 
	x160: [  2.0711,   2.2711] 
	x161: [  0.0927,   0.2927] 
	x162: [ -2.2884,  -2.0884] 
	x163: [ -1.9040,  -1.7040] 
	x164: [ -0.0904,   0.1096] 
	x165: [ -1.6126,  -1.4126] 
	x166: [ -0.4683,  -0.2683] 
	x167: [  3.0595,   3.2595] 
	x168: [ -0.5784,  -0.3784] 
	x169: [ -2.3268,  -2.1268] 
	x170: [ -1.3483,  -1.1483] 
	x171: [ -0.7155,  -0.5155] 
	x172: [  2.0536,   2.2536] 
	x173: [ -0.8096,  -0.6096] 
	x174: [ -0.0692,   0.1308] 
	x175: [ -0.0523,   0.1477] 
	x176: [ -1.0258,  -0.8258] 
	x177: [  1.7488,   1.9488] 
	x178: [ -0.4786,  -0.2786] 
	x179: [  0.0606,   0.2606] 
	x180: [ -2.1635,  -1.9635] 
	x181: [ -1.7862,  -1.5862] 
	x182: [  0.8017,   1.0017] 
	x183: [ -1.2217,  -1.0217] 
	x184: [  0.9671,   1.1671] 
	x185: [ -3.5080,  -3.3080] 
	x186: [  0.9336,   1.1336] 
	x187: [  1.1167,   1.3167] 
	x188: [  1.3990,   1.5990] 
	x189: [  1.4786,   1.6786] 
	x190: [  0.4288,   0.6288] 
	x191: [ -1.5733,  -1.3733] 
	x192: [  0.0897,   0.2897] 
	x193: [ -0.9713,  -0.7713] 
	x194: [ -0.0378,   0.1622] 
	x195: [ -0.3740,  -0.1740] 
	x196: [  0.5652,   0.7652] 
	x197: [  0.0403,   0.2403] 
	x198: [  0.3997,   0.5997] 
	x199: [ -0.0005,   0.1995] 
	x200: [ -3.1813,  -2.9813] 
	x201: [ -0.8145,  -0.6145] 
	x202: [ -1.3252,  -1.1252] 
	x203: [ -2.5163,  -2.3163] 
	x204: [ -0.0694,   0.1306] 
	x205: [ -0.2620,  -0.0620] 
	x206: [  1.8271,   2.0271] 
	x207: [ -1.3322,  -1.1322] 
	x208: [ -0.3398,  -0.1398] 
	x209: [ -1.1821,  -0.9821] 
	x210: [  1.1930,   1.3930] 
	x211: [ -1.1307,  -0.9307] 
	x212: [  0.4281,   0.6281] 
	x213: [  0.9591,   1.1591] 
	x214: [ -2.6540,  -2.4540] 
	x215: [ -3.5068,  -3.3068] 
	x216: [ -0.1803,   0.0197] 
	x217: [  2.0275,   2.2275] 
	x218: [ -0.8565,  -0.6565] 
	x219: [ -0.8657,  -0.6657] 
	x220: [ -2.3945,  -2.1945] 
	x221: [  0.9655,   1.1655] 
	x222: [  1.7631,   1.9631] 
	x223: [  2.4110,   2.6110] 
	x224: [ -4.0773,  -3.8773] 
	x225: [  0.7531,   0.9531] 
	x226: [  1.8226,   2.0226] 
	x227: [  2.2787,   2.4787] 
	x228: [ -2.9643,  -2.7643] 
	x229: [ -0.6084,  -0.4084] 
	x230: [  1.7961,   1.9961] 
	x231: [ -0.4195,  -0.2195] 
	x232: [  2.0238,   2.2238] 
	x233: [  0.3560,   0.5560] 
	x234: [ -2.2518,  -2.0518] 
	x235: [ -2.3171,  -2.1171] 
	x236: [  0.3580,   0.5580] 
	x237: [ -2.2931,  -2.0931] 
	x238: [ -0.7354,  -0.5354] 
	x239: [  5.5122,   5.7122] 
	x240: [ -0.6518,  -0.4518] 
	x241: [ -1.3846,  -1.1846] 
	x242: [ -0.0242,   0.1758] 
	x243: [ -1.7702,  -1.5702] 
	x244: [ -0.4138,  -0.2138] 
	x245: [  1.4237,   1.6237] 
	x246: [ -1.2870,  -1.0870] 
	x247: [ -3.8348,  -3.6348] 
	x248: [  1.8818,   2.0818] 
	x249: [  0.9180,   1.1180] 
	x250: [  1.9414,   2.1414] 
	x251: [ -1.8010,  -1.6010] 
	x252: [  0.9680,   1.1680] 
	x253: [ -0.3821,  -0.1821] 
	x254: [ -0.8955,  -0.6955] 
	x255: [ -1.4060,  -1.2060] 
	x256: [  1.0869,   1.2869] 
	x257: [  0.6965,   0.8965] 
	x258: [ -3.0008,  -2.8008] 
	x259: [  0.4423,   0.6423] 
	x260: [ -0.4190,  -0.2190] 
	x261: [ -1.4417,  -1.2417] 
	x262: [  0.2869,   0.4869] 
	x263: [  2.4850,   2.6850] 
	x264: [ -0.4442,  -0.2442] 
	x265: [ -0.5615,  -0.3615] 
	x266: [ -1.0185,  -0.8185] 
	x267: [ -0.7422,  -0.5422] 
	x268: [ -0.1631,   0.0369] 
	x269: [ -1.2559,  -1.0559] 
	x270: [  1.5157,   1.7157] 
	x271: [ -0.9981,  -0.7981] 
	x272: [ -0.6928,  -0.4928] 
	x273: [ -0.0313,   0.1687] 
	x274: [  1.7444,   1.9444] 
	x275: [ -0.3348,  -0.1348] 
	x276: [  0.3358,   0.5358] 
	x277: [ -0.1490,   0.0510] 
	x278: [ -3.2001,  -3.0001] 
	x279: [  0.3298,   0.5298] 
	x280: [  1.5283,   1.7283] 
	x281: [  1.2985,   1.4985] 
	x282: [  1.9642,   2.1642] 
	x283: [ -0.5736,  -0.3736] 
	x284: [  0.6993,   0.8993] 
	x285: [ -0.6912,  -0.4912] 
	x286: [  0.3658,   0.5658] 
	x287: [ -0.5922,  -0.3922] 
	x288: [ -2.3206,  -2.1206] 
	x289: [  1.5259,   1.7259] 
	x290: [ -2.7405,  -2.5405] 
	x291: [  0.0894,   0.2894] 
	x292: [  0.7203,   0.9203] 
	x293: [  1.0004,   1.2004] 
	x294: [  1.7948,   1.9948] 
	x295: [  1.4857,   1.6857] 
	x296: [ -0.1752,   0.0248] 
	x297: [ -0.8551,  -0.6551] 
	x298: [ -5.9256,  -5.7256] 
	x299: [  3.4749,   3.6749] 
	x300: [  2.2032,   2.4032] 
	x301: [  0.6917,   0.8917] 
	x302: [  0.2857,   0.4857] 
	x303: [  1.0262,   1.2262] 
	x304: [ -1.2734,  -1.0734] 
	x305: [  0.0656,   0.2656] 
	x306: [ -2.3344,  -2.1344] 
	x307: [ -2.2507,  -2.0507] 
	x308: [  2.6246,   2.8246] 
	x309: [  0.3713,   0.5713] 
	x310: [  2.2315,   2.4315] 
	x311: [ -0.3305,  -0.1305] 
	x312: [ -1.7677,  -1.5677] 
	x313: [ -1.4718,  -1.2718] 
	x314: [ -2.3651,  -2.1651] 
	x315: [  0.0154,   0.2154] 
	x316: [ -0.2738,  -0.0738] 
	x317: [  3.3888,   3.5888] 
	x318: [ -0.8547,  -0.6547] 
	x319: [  0.7180,   0.9180] 
	x320: [ -0.0813,   0.1187] 
	x321: [  1.1011,   1.3011] 
	x322: [ -0.0136,   0.1864] 
	x323: [  0.0450,   0.2450] 
	x324: [ -0.0457,   0.1543] 
	x325: [  0.4546,   0.6546] 
	x326: [  1.3300,   1.5300] 
	x327: [ -0.2615,  -0.0615] 
	x328: [  1.8122,   2.0122] 
	x329: [  0.1858,   0.3858] 
	x330: [ -0.3546,  -0.1546] 
	x331: [ -0.8178,  -0.6178] 
	x332: [ -0.0899,   0.1101] 
	x333: [ -0.1069,   0.0931] 
	x334: [ -2.3994,  -2.1994] 
	x335: [  0.7607,   0.9607] 
	x336: [ -1.2750,  -1.0750] 
	x337: [  2.5126,   2.7126] 
	x338: [ -1.7214,  -1.5214] 
	x339: [  0.3499,   0.5499] 
	x340: [ -2.8986,  -2.6986] 
	x341: [  1.3699,   1.5699] 
	x342: [  0.5954,   0.7954] 
	x343: [  0.6578,   0.8578] 
	x344: [  0.1116,   0.3116] 
	x345: [  3.8136,   4.0136] 
	x346: [  1.7289,   1.9289] 
	x347: [  0.3984,   0.5984] 
	x348: [  0.7764,   0.9764] 
	x349: [  1.6195,   1.8195] 
	x350: [ -1.3825,  -1.1825] 
	x351: [ -0.2149,  -0.0149] 
	x352: [ -0.6774,  -0.4774] 
	x353: [  0.1755,   0.3755] 
	x354: [ -0.1013,   0.0987] 
	x355: [ -1.0335,  -0.8335] 
	x356: [ -0.2651,  -0.0651] 
	x357: [  2.2192,   2.4192] 
	x358: [ -0.2943,  -0.0943] 
	x359: [  0.8945,   1.0945] 
	x360: [ -0.7695,  -0.5695] 
	x361: [  0.5008,   0.7008] 
	x362: [ -3.1978,  -2.9978] 
	x363: [ -0.2619,  -0.0619] 
	x364: [ -2.3019,  -2.1019] 
	x365: [ -1.0562,  -0.8562] 
	x366: [  1.3351,   1.5351] 
	x367: [  2.8654,   3.0654] 
	x368: [ -3.2679,  -3.0679] 
	x369: [ -0.7097,  -0.5097] 
	x370: [  1.2511,   1.4511] 
	x371: [ -1.9287,  -1.7287] 
	x372: [ -0.1484,   0.0516] 
	x373: [ -0.2059,  -0.0059] 
	x374: [ -2.2745,  -2.0745] 
	x375: [ -0.9629,  -0.7629] 
	x376: [  2.6403,   2.8403] 
	x377: [  0.3541,   0.5541] 
	x378: [  0.5183,   0.7183] 
	x379: [ -2.2860,  -2.0860] 
	x380: [  1.3329,   1.5329] 
	x381: [ -2.1090,  -1.9090] 
	x382: [ -1.7480,  -1.5480] 
	x383: [  2.5527,   2.7527] 
	x384: [  0.0085,   0.2085] 
	x385: [  0.0413,   0.2413] 
	x386: [ -0.5429,  -0.3429] 
	x387: [  0.3566,   0.5566] 
	x388: [ -1.0520,  -0.8520] 
	x389: [ -0.2165,  -0.0165] 
	x390: [  0.2103,   0.4103] 
	x391: [ -2.0812,  -1.8812] 
	x392: [  2.1926,   2.3926] 
	x393: [  1.6359,   1.8359] 
	x394: [ -2.5070,  -2.3070] 
	x395: [ -0.7671,  -0.5671] 
	x396: [ -0.8378,  -0.6378] 
	x397: [ -1.1461,  -0.9461] 
	x398: [  1.3597,   1.5597] 
	x399: [ -0.1377,   0.0623] 
	x400: [ -2.0176,  -1.8176] 
	x401: [ -2.8128,  -2.6128] 
	x402: [ -0.9100,  -0.7100] 
	x403: [ -1.7696,  -1.5696] 
	x404: [  2.0099,   2.2099] 
	x405: [  1.2526,   1.4526] 
	x406: [  1.5896,   1.7896] 
	x407: [ -1.3654,  -1.1654] 
	x408: [  0.2661,   0.4661] 
	x409: [ -2.2413,  -2.0413] 
	x410: [  0.5766,   0.7766] 
	x411: [ -0.0174,   0.1826] 
	x412: [ -4.1128,  -3.9128] 
	x413: [  0.6627,   0.8627] 
	x414: [ -1.5253,  -1.3253] 
	x415: [ -0.5686,  -0.3686] 
	x416: [ -0.0562,   0.1438] 
	x417: [ -0.0358,   0.1642] 
	x418: [  0.3750,   0.5750] 
	x419: [  1.5546,   1.7546] 
	x420: [ -0.1321,   0.0679] 
	x421: [ -0.7926,  -0.5926] 
	x422: [ -4.3706,  -4.1706] 
	x423: [ -1.9995,  -1.7995] 
	x424: [  1.0244,   1.2244] 
	x425: [ -2.4211,  -2.2211] 
	x426: [ -1.4647,  -1.2647] 
	x427: [ -1.6924,  -1.4924] 
	x428: [ -0.4937,  -0.2937] 
	x429: [ -0.5643,  -0.3643] 
	x430: [ -2.0708,  -1.8708] 
	x431: [ -0.1840,   0.0160] 
	x432: [ -1.8893,  -1.6893] 
	x433: [ -0.8838,  -0.6838] 
	x434: [ -0.0776,   0.1224] 
	x435: [ -0.1428,   0.0572] 
	x436: [ -3.6225,  -3.4225] 
	x437: [ -0.8907,  -0.6907] 
	x438: [  0.2978,   0.4978] 
	x439: [ -1.1742,  -0.9742] 
	x440: [ -0.8743,  -0.6743] 
	x441: [ -0.5872,  -0.3872] 
	x442: [ -0.9198,  -0.7198] 
	x443: [ -0.9745,  -0.7745] 
	x444: [ -0.9579,  -0.7579] 
	x445: [  0.6892,   0.8892] 
	x446: [ -1.0076,  -0.8076] 
	x447: [  1.0996,   1.2996] 
	x448: [ -2.1374,  -1.9374] 
	x449: [ -1.5073,  -1.3073] 
	x450: [ -0.5908,  -0.3908] 
	x451: [  0.6054,   0.8054] 
	x452: [ -2.0744,  -1.8744] 
	x453: [ -1.1441,  -0.9441] 
	x454: [ -0.8118,  -0.6118] 
	x455: [  0.1064,   0.3064] 
	x456: [ -0.5585,  -0.3585] 
	x457: [  0.4103,   0.6103] 
	x458: [  0.5901,   0.7901] 
	x459: [ -1.1433,  -0.9433] 
	x460: [  2.5969,   2.7969] 
	x461: [  3.3230,   3.5230] 
	x462: [ -0.1924,   0.0076] 
	x463: [ -2.0012,  -1.8012] 
	x464: [ -0.2336,  -0.0336] 
	x465: [ -1.0954,  -0.8954] 
	x466: [  2.3805,   2.5805] 
	x467: [ -1.1337,  -0.9337] 
	x468: [  1.1379,   1.3379] 
	x469: [ -2.3860,  -2.1860] 
	x470: [  3.9321,   4.1321] 
	x471: [ -2.1098,  -1.9098] 
	x472: [ -1.2621,  -1.0621] 
	x473: [  0.2954,   0.4954] 
	x474: [ -2.2030,  -2.0030] 
	x475: [  0.2183,   0.4183] 
	x476: [  1.3518,   1.5518] 
	x477: [  0.1244,   0.3244] 
	x478: [  2.4246,   2.6246] 
	x479: [  2.6144,   2.8144] 
	x480: [ -0.0821,   0.1179] 
	x481: [  0.4783,   0.6783] 
	x482: [ -2.1421,  -1.9421] 
	x483: [ -1.4003,  -1.2003] 
	x484: [  0.7500,   0.9500] 
	x485: [  2.2176,   2.4176] 
	x486: [  0.2823,   0.4823] 
	x487: [ -1.3307,  -1.1307] 
	x488: [ -0.7594,  -0.5594] 
	x489: [  0.2131,   0.4131] 
	x490: [ -0.0962,   0.1038] 
	x491: [  0.4559,   0.6559] 
	x492: [  1.9327,   2.1327] 
	x493: [ -2.1380,  -1.9380] 
	x494: [ -0.4269,  -0.2269] 
	x495: [  0.5425,   0.7425] 
	x496: [ -0.4326,  -0.2326] 
	x497: [ -1.1695,  -0.9695] 
	x498: [ -1.8534,  -1.6534] 
	x499: [ -2.4344,  -2.2344] 
	x500: [  2.3567,   2.5567] 
	x501: [ -0.3287,  -0.1287] 
	x502: [ -1.9307,  -1.7307] 
	x503: [ -2.8987,  -2.6987] 
	x504: [  1.3915,   1.5915] 
	x505: [  0.2000,   0.4000] 
	x506: [ -2.4149,  -2.2149] 
	x507: [  0.4115,   0.6115] 
	x508: [ -1.5856,  -1.3856] 
	x509: [ -0.1814,   0.0186] 
	x510: [  0.1867,   0.3867] 
	x511: [ -0.0147,   0.1853] 

Branching heuristics set to PseudoImpact
unsat
