InputQuery: /home/levn/Workspace/othello_world/queries/probe_robust/group_4/game_4_target_9_eps_0.1.txt
Engine::processInputQuery: Input query (before preprocessing): 449 equations, 1216 variables
Engine::processInputQuery: Input query (after preprocessing): 705 equations, 1372 variables

Input bounds:
	x0: [ -1.6561,  -1.4561] 
	x1: [ -0.2985,  -0.0985] 
	x2: [ -1.0138,  -0.8138] 
	x3: [ -3.4970,  -3.2970] 
	x4: [  0.8474,   1.0474] 
	x5: [ -0.9311,  -0.7311] 
	x6: [ -2.9030,  -2.7030] 
	x7: [ -1.3010,  -1.1010] 
	x8: [  2.1104,   2.3104] 
	x9: [ -1.4134,  -1.2134] 
	x10: [  1.6355,   1.8355] 
	x11: [  1.2581,   1.4581] 
	x12: [ -1.0571,  -0.8571] 
	x13: [ -1.2890,  -1.0890] 
	x14: [ -0.6408,  -0.4408] 
	x15: [ -0.5215,  -0.3215] 
	x16: [  0.7068,   0.9068] 
	x17: [  0.7127,   0.9127] 
	x18: [ -1.0434,  -0.8434] 
	x19: [ -2.3475,  -2.1475] 
	x20: [  0.5612,   0.7612] 
	x21: [  0.4835,   0.6835] 
	x22: [  0.1196,   0.3196] 
	x23: [ -0.2167,  -0.0167] 
	x24: [ -0.8431,  -0.6431] 
	x25: [  1.6855,   1.8855] 
	x26: [ -1.3295,  -1.1295] 
	x27: [  1.0164,   1.2164] 
	x28: [ -1.9607,  -1.7607] 
	x29: [  0.1466,   0.3466] 
	x30: [ -0.3637,  -0.1637] 
	x31: [ -0.9668,  -0.7668] 
	x32: [ -0.8906,  -0.6906] 
	x33: [ -1.2532,  -1.0532] 
	x34: [ -0.9711,  -0.7711] 
	x35: [ -1.1967,  -0.9967] 
	x36: [  1.5504,   1.7504] 
	x37: [  0.6282,   0.8282] 
	x38: [  1.3424,   1.5424] 
	x39: [ -1.6565,  -1.4565] 
	x40: [ -0.1239,   0.0761] 
	x41: [  1.6822,   1.8822] 
	x42: [ -2.6619,  -2.4619] 
	x43: [  0.1741,   0.3741] 
	x44: [ -3.4381,  -3.2381] 
	x45: [ -1.7176,  -1.5176] 
	x46: [  1.4050,   1.6050] 
	x47: [ -1.8893,  -1.6893] 
	x48: [ -0.1049,   0.0951] 
	x49: [  1.3433,   1.5433] 
	x50: [ -2.4282,  -2.2282] 
	x51: [ -0.2732,  -0.0732] 
	x52: [ -1.2762,  -1.0762] 
	x53: [ -0.8132,  -0.6132] 
	x54: [ -1.1357,  -0.9357] 
	x55: [  1.0046,   1.2046] 
	x56: [ -0.7122,  -0.5122] 
	x57: [  1.7728,   1.9728] 
	x58: [ -0.6821,  -0.4821] 
	x59: [  3.0186,   3.2186] 
	x60: [  0.8908,   1.0908] 
	x61: [  1.0674,   1.2674] 
	x62: [ -0.9548,  -0.7548] 
	x63: [  2.9203,   3.1203] 
	x64: [ -1.8673,  -1.6673] 
	x65: [ -2.3478,  -2.1478] 
	x66: [  0.7338,   0.9338] 
	x67: [ -1.0445,  -0.8445] 
	x68: [  0.1609,   0.3609] 
	x69: [  2.9479,   3.1479] 
	x70: [  0.1615,   0.3615] 
	x71: [ -0.7653,  -0.5653] 
	x72: [  0.2331,   0.4331] 
	x73: [  1.2527,   1.4527] 
	x74: [ -1.6157,  -1.4157] 
	x75: [ -0.3789,  -0.1789] 
	x76: [  0.4982,   0.6982] 
	x77: [  2.3531,   2.5531] 
	x78: [  0.8403,   1.0403] 
	x79: [  0.6926,   0.8926] 
	x80: [  1.7147,   1.9147] 
	x81: [  0.8009,   1.0009] 
	x82: [  1.7328,   1.9328] 
	x83: [ -2.2970,  -2.0970] 
	x84: [ -2.0267,  -1.8267] 
	x85: [ -0.8351,  -0.6351] 
	x86: [ -0.6059,  -0.4059] 
	x87: [ -0.4069,  -0.2069] 
	x88: [ -0.4458,  -0.2458] 
	x89: [  1.2219,   1.4219] 
	x90: [  0.3095,   0.5095] 
	x91: [ -1.1296,  -0.9296] 
	x92: [  1.3132,   1.5132] 
	x93: [  2.4188,   2.6188] 
	x94: [  1.7709,   1.9709] 
	x95: [ -0.1229,   0.0771] 
	x96: [  0.6319,   0.8319] 
	x97: [  0.9701,   1.1701] 
	x98: [  0.1166,   0.3166] 
	x99: [  1.3300,   1.5300] 
	x100: [ -1.6308,  -1.4308] 
	x101: [  2.4092,   2.6092] 
	x102: [  0.1380,   0.3380] 
	x103: [ -1.1586,  -0.9586] 
	x104: [  0.0261,   0.2261] 
	x105: [ -2.4324,  -2.2324] 
	x106: [  0.7678,   0.9678] 
	x107: [ -0.1928,   0.0072] 
	x108: [ -1.4837,  -1.2837] 
	x109: [ -1.0013,  -0.8013] 
	x110: [ -0.5220,  -0.3220] 
	x111: [  1.8361,   2.0361] 
	x112: [  0.5862,   0.7862] 
	x113: [  0.0159,   0.2159] 
	x114: [ -0.9895,  -0.7895] 
	x115: [  1.2583,   1.4583] 
	x116: [  0.9433,   1.1433] 
	x117: [  0.0606,   0.2606] 
	x118: [ -0.1540,   0.0460] 
	x119: [ -3.5139,  -3.3139] 
	x120: [ -2.5855,  -2.3855] 
	x121: [  4.1579,   4.3579] 
	x122: [  1.5719,   1.7719] 
	x123: [ -0.6876,  -0.4876] 
	x124: [ -2.1673,  -1.9673] 
	x125: [  0.6979,   0.8979] 
	x126: [  0.4863,   0.6863] 
	x127: [  0.7710,   0.9710] 
	x128: [ -0.0986,   0.1014] 
	x129: [ -0.0728,   0.1272] 
	x130: [  1.7767,   1.9767] 
	x131: [  1.0616,   1.2616] 
	x132: [  0.0014,   0.2014] 
	x133: [ -0.6110,  -0.4110] 
	x134: [ -0.6012,  -0.4012] 
	x135: [  1.6387,   1.8387] 
	x136: [ -1.6280,  -1.4280] 
	x137: [  0.5877,   0.7877] 
	x138: [ -1.0664,  -0.8664] 
	x139: [ -1.5891,  -1.3891] 
	x140: [  0.6792,   0.8792] 
	x141: [  0.8995,   1.0995] 
	x142: [ -0.3387,  -0.1387] 
	x143: [ -1.1257,  -0.9257] 
	x144: [ -0.6925,  -0.4925] 
	x145: [  0.8646,   1.0646] 
	x146: [ -2.5927,  -2.3927] 
	x147: [  1.8666,   2.0666] 
	x148: [  0.3615,   0.5615] 
	x149: [ -2.3771,  -2.1771] 
	x150: [ -0.0322,   0.1678] 
	x151: [  1.1506,   1.3506] 
	x152: [  1.8491,   2.0491] 
	x153: [ -1.4619,  -1.2619] 
	x154: [  3.2186,   3.4186] 
	x155: [  0.0337,   0.2337] 
	x156: [ -1.1691,  -0.9691] 
	x157: [ -0.8012,  -0.6012] 
	x158: [ -2.0680,  -1.8680] 
	x159: [ -0.4823,  -0.2823] 
	x160: [  0.7749,   0.9749] 
	x161: [ -1.2440,  -1.0440] 
	x162: [ -1.6430,  -1.4430] 
	x163: [  1.1932,   1.3932] 
	x164: [  4.8705,   5.0705] 
	x165: [ -2.8463,  -2.6463] 
	x166: [  0.0748,   0.2748] 
	x167: [  2.3295,   2.5295] 
	x168: [  2.9338,   3.1338] 
	x169: [ -1.5299,  -1.3299] 
	x170: [  0.2308,   0.4308] 
	x171: [ -0.9338,  -0.7338] 
	x172: [  0.7929,   0.9929] 
	x173: [ -1.4349,  -1.2349] 
	x174: [ -1.0213,  -0.8213] 
	x175: [  1.4590,   1.6590] 
	x176: [  0.8157,   1.0157] 
	x177: [  2.7158,   2.9158] 
	x178: [  0.5340,   0.7340] 
	x179: [  1.3746,   1.5746] 
	x180: [ -2.1555,  -1.9555] 
	x181: [  0.1144,   0.3144] 
	x182: [ -0.1334,   0.0666] 
	x183: [ -0.8905,  -0.6905] 
	x184: [ -0.7039,  -0.5039] 
	x185: [  0.1785,   0.3785] 
	x186: [ -0.9568,  -0.7568] 
	x187: [  2.3467,   2.5467] 
	x188: [ -0.3045,  -0.1045] 
	x189: [  2.0390,   2.2390] 
	x190: [ -0.3312,  -0.1312] 
	x191: [ -0.2944,  -0.0944] 
	x192: [ -0.2031,  -0.0031] 
	x193: [ -2.2579,  -2.0579] 
	x194: [ -1.4521,  -1.2521] 
	x195: [  0.5028,   0.7028] 
	x196: [  1.4475,   1.6475] 
	x197: [ -0.3765,  -0.1765] 
	x198: [ -0.7425,  -0.5425] 
	x199: [  1.9484,   2.1484] 
	x200: [ -2.9082,  -2.7082] 
	x201: [ -0.4854,  -0.2854] 
	x202: [ -1.1863,  -0.9863] 
	x203: [ -1.1925,  -0.9925] 
	x204: [ -0.3121,  -0.1121] 
	x205: [ -0.4837,  -0.2837] 
	x206: [  0.2869,   0.4869] 
	x207: [  0.0324,   0.2324] 
	x208: [  0.8069,   1.0069] 
	x209: [ -3.3910,  -3.1910] 
	x210: [  1.7931,   1.9931] 
	x211: [  0.4887,   0.6887] 
	x212: [ -2.3374,  -2.1374] 
	x213: [  2.3280,   2.5280] 
	x214: [  0.3700,   0.5700] 
	x215: [ -0.1705,   0.0295] 
	x216: [  1.4767,   1.6767] 
	x217: [ -1.4192,  -1.2192] 
	x218: [  2.0564,   2.2564] 
	x219: [ -1.2842,  -1.0842] 
	x220: [  1.1193,   1.3193] 
	x221: [  0.0946,   0.2946] 
	x222: [ -1.9128,  -1.7128] 
	x223: [ -0.7950,  -0.5950] 
	x224: [ -3.0344,  -2.8344] 
	x225: [  0.6851,   0.8851] 
	x226: [ -2.8114,  -2.6114] 
	x227: [ -1.3379,  -1.1379] 
	x228: [ -1.9382,  -1.7382] 
	x229: [  2.9614,   3.1614] 
	x230: [  3.5940,   3.7940] 
	x231: [  0.4955,   0.6955] 
	x232: [  1.0919,   1.2919] 
	x233: [ -1.0268,  -0.8268] 
	x234: [  2.0807,   2.2807] 
	x235: [ -0.7537,  -0.5537] 
	x236: [ -1.8447,  -1.6447] 
	x237: [  0.6342,   0.8342] 
	x238: [  0.5325,   0.7325] 
	x239: [  2.3023,   2.5023] 
	x240: [ -1.7139,  -1.5139] 
	x241: [ -2.3663,  -2.1663] 
	x242: [  0.7215,   0.9215] 
	x243: [ -0.6969,  -0.4969] 
	x244: [ -0.8150,  -0.6150] 
	x245: [ -0.1057,   0.0943] 
	x246: [ -0.4172,  -0.2172] 
	x247: [ -2.7184,  -2.5184] 
	x248: [  1.7993,   1.9993] 
	x249: [  2.9654,   3.1654] 
	x250: [  0.3983,   0.5983] 
	x251: [ -1.9629,  -1.7629] 
	x252: [ -0.8764,  -0.6764] 
	x253: [  1.5671,   1.7671] 
	x254: [ -0.0820,   0.1180] 
	x255: [ -0.2851,  -0.0851] 
	x256: [  0.9536,   1.1536] 
	x257: [ -2.2759,  -2.0759] 
	x258: [ -1.4335,  -1.2335] 
	x259: [ -1.3965,  -1.1965] 
	x260: [  2.0912,   2.2912] 
	x261: [ -1.3367,  -1.1367] 
	x262: [  2.4376,   2.6376] 
	x263: [  0.1483,   0.3483] 
	x264: [ -0.0700,   0.1300] 
	x265: [ -1.8215,  -1.6215] 
	x266: [  2.1794,   2.3794] 
	x267: [  3.4865,   3.6865] 
	x268: [  0.4152,   0.6152] 
	x269: [ -0.2710,  -0.0710] 
	x270: [ -1.2504,  -1.0504] 
	x271: [  2.1759,   2.3759] 
	x272: [ -1.9774,  -1.7774] 
	x273: [ -1.3273,  -1.1273] 
	x274: [  1.4212,   1.6212] 
	x275: [  1.1548,   1.3548] 
	x276: [ -0.2709,  -0.0709] 
	x277: [  2.4515,   2.6515] 
	x278: [ -2.7860,  -2.5860] 
	x279: [  0.1764,   0.3764] 
	x280: [  0.0608,   0.2608] 
	x281: [ -1.2590,  -1.0590] 
	x282: [  1.6810,   1.8810] 
	x283: [ -0.1809,   0.0191] 
	x284: [ -1.1019,  -0.9019] 
	x285: [  0.9898,   1.1898] 
	x286: [  0.4049,   0.6049] 
	x287: [ -0.4931,  -0.2931] 
	x288: [ -2.3992,  -2.1992] 
	x289: [  0.8041,   1.0041] 
	x290: [  1.0880,   1.2880] 
	x291: [  0.0693,   0.2693] 
	x292: [ -0.6665,  -0.4665] 
	x293: [  1.5482,   1.7482] 
	x294: [ -0.9552,  -0.7552] 
	x295: [  2.2106,   2.4106] 
	x296: [ -1.2951,  -1.0951] 
	x297: [ -1.3149,  -1.1149] 
	x298: [ -3.9785,  -3.7785] 
	x299: [  0.3923,   0.5923] 
	x300: [  0.1056,   0.3056] 
	x301: [ -0.9023,  -0.7023] 
	x302: [ -2.0775,  -1.8775] 
	x303: [  1.0234,   1.2234] 
	x304: [  0.8935,   1.0935] 
	x305: [  0.0781,   0.2781] 
	x306: [  2.3275,   2.5275] 
	x307: [ -0.2248,  -0.0248] 
	x308: [  2.5759,   2.7759] 
	x309: [  1.4277,   1.6277] 
	x310: [ -0.9575,  -0.7575] 
	x311: [  1.2606,   1.4606] 
	x312: [  0.0512,   0.2512] 
	x313: [ -1.4654,  -1.2654] 
	x314: [ -0.8689,  -0.6689] 
	x315: [ -0.2123,  -0.0123] 
	x316: [ -0.3399,  -0.1399] 
	x317: [  0.7110,   0.9110] 
	x318: [ -0.6497,  -0.4497] 
	x319: [ -0.6265,  -0.4265] 
	x320: [  2.4508,   2.6508] 
	x321: [ -1.6420,  -1.4420] 
	x322: [  0.2741,   0.4741] 
	x323: [  0.4499,   0.6499] 
	x324: [ -1.7665,  -1.5665] 
	x325: [  1.0121,   1.2121] 
	x326: [  1.7338,   1.9338] 
	x327: [  1.3948,   1.5948] 
	x328: [  1.6713,   1.8713] 
	x329: [ -0.6987,  -0.4987] 
	x330: [ -2.6844,  -2.4844] 
	x331: [ -1.1908,  -0.9908] 
	x332: [ -0.2151,  -0.0151] 
	x333: [ -0.3197,  -0.1197] 
	x334: [ -0.8276,  -0.6276] 
	x335: [  2.8490,   3.0490] 
	x336: [ -1.6339,  -1.4339] 
	x337: [ -0.0222,   0.1778] 
	x338: [ -3.3415,  -3.1415] 
	x339: [ -1.5623,  -1.3623] 
	x340: [  0.7493,   0.9493] 
	x341: [ -0.2341,  -0.0341] 
	x342: [ -0.3968,  -0.1968] 
	x343: [ -0.2821,  -0.0821] 
	x344: [ -1.1508,  -0.9508] 
	x345: [ -2.2142,  -2.0142] 
	x346: [ -0.8422,  -0.6422] 
	x347: [ -1.3910,  -1.1910] 
	x348: [ -0.8685,  -0.6685] 
	x349: [  2.1196,   2.3196] 
	x350: [ -0.5771,  -0.3771] 
	x351: [ -0.2699,  -0.0699] 
	x352: [ -0.4949,  -0.2949] 
	x353: [  0.0994,   0.2994] 
	x354: [ -1.5283,  -1.3283] 
	x355: [ -1.2733,  -1.0733] 
	x356: [ -1.4603,  -1.2603] 
	x357: [  0.7381,   0.9381] 
	x358: [  0.0772,   0.2772] 
	x359: [ -0.2128,  -0.0128] 
	x360: [ -1.3715,  -1.1715] 
	x361: [ -0.3866,  -0.1866] 
	x362: [ -3.1507,  -2.9507] 
	x363: [  0.9345,   1.1345] 
	x364: [ -1.2440,  -1.0440] 
	x365: [ -2.1468,  -1.9468] 
	x366: [ -0.2459,  -0.0459] 
	x367: [  2.2136,   2.4136] 
	x368: [ -0.4391,  -0.2391] 
	x369: [  0.7642,   0.9642] 
	x370: [ -0.1132,   0.0868] 
	x371: [ -2.0764,  -1.8764] 
	x372: [  2.4994,   2.6994] 
	x373: [  2.3899,   2.5899] 
	x374: [ -2.1140,  -1.9140] 
	x375: [ -2.4195,  -2.2195] 
	x376: [  0.0674,   0.2674] 
	x377: [  0.8777,   1.0777] 
	x378: [ -0.4371,  -0.2371] 
	x379: [  0.7506,   0.9506] 
	x380: [ -0.7153,  -0.5153] 
	x381: [ -3.7196,  -3.5196] 
	x382: [  0.3745,   0.5745] 
	x383: [  2.7844,   2.9844] 
	x384: [ -0.0694,   0.1306] 
	x385: [  1.7521,   1.9521] 
	x386: [ -2.7723,  -2.5723] 
	x387: [ -0.5620,  -0.3620] 
	x388: [ -0.5698,  -0.3698] 
	x389: [  1.7635,   1.9635] 
	x390: [  1.8411,   2.0411] 
	x391: [  0.2150,   0.4150] 
	x392: [  1.5140,   1.7140] 
	x393: [  2.4935,   2.6935] 
	x394: [ -2.1213,  -1.9213] 
	x395: [ -1.5398,  -1.3398] 
	x396: [ -1.6241,  -1.4241] 
	x397: [ -0.7753,  -0.5753] 
	x398: [  2.5021,   2.7021] 
	x399: [ -0.2836,  -0.0836] 
	x400: [  0.1597,   0.3597] 
	x401: [ -0.7455,  -0.5455] 
	x402: [  0.1080,   0.3080] 
	x403: [ -1.6501,  -1.4501] 
	x404: [  0.0759,   0.2759] 
	x405: [ -3.5064,  -3.3064] 
	x406: [  1.6978,   1.8978] 
	x407: [ -0.6393,  -0.4393] 
	x408: [  0.0503,   0.2503] 
	x409: [ -3.9150,  -3.7150] 
	x410: [  0.8086,   1.0086] 
	x411: [  1.0703,   1.2703] 
	x412: [ -0.5049,  -0.3049] 
	x413: [  0.4508,   0.6508] 
	x414: [ -0.2858,  -0.0858] 
	x415: [ -0.5537,  -0.3537] 
	x416: [  0.5610,   0.7610] 
	x417: [  0.0377,   0.2377] 
	x418: [ -1.5083,  -1.3083] 
	x419: [ -1.6768,  -1.4768] 
	x420: [ -1.4933,  -1.2933] 
	x421: [ -2.8523,  -2.6523] 
	x422: [ -0.8692,  -0.6692] 
	x423: [  0.4412,   0.6412] 
	x424: [ -0.0386,   0.1614] 
	x425: [ -1.9205,  -1.7205] 
	x426: [  0.0848,   0.2848] 
	x427: [ -1.1208,  -0.9208] 
	x428: [ -1.0068,  -0.8068] 
	x429: [ -1.3534,  -1.1534] 
	x430: [ -2.7117,  -2.5117] 
	x431: [  0.9321,   1.1321] 
	x432: [ -1.4104,  -1.2104] 
	x433: [  1.4746,   1.6746] 
	x434: [  1.1250,   1.3250] 
	x435: [  1.1545,   1.3545] 
	x436: [ -3.4948,  -3.2948] 
	x437: [ -0.6965,  -0.4965] 
	x438: [  1.3885,   1.5885] 
	x439: [ -2.1582,  -1.9582] 
	x440: [  1.5465,   1.7465] 
	x441: [ -1.9603,  -1.7603] 
	x442: [ -0.5857,  -0.3857] 
	x443: [ -0.4862,  -0.2862] 
	x444: [ -2.6434,  -2.4434] 
	x445: [ -1.8531,  -1.6531] 
	x446: [ -1.7239,  -1.5239] 
	x447: [  1.3668,   1.5668] 
	x448: [ -0.5691,  -0.3691] 
	x449: [ -1.0250,  -0.8250] 
	x450: [ -1.6668,  -1.4668] 
	x451: [  0.3550,   0.5550] 
	x452: [  1.4395,   1.6395] 
	x453: [  0.9598,   1.1598] 
	x454: [  1.3525,   1.5525] 
	x455: [ -1.6662,  -1.4662] 
	x456: [ -0.9415,  -0.7415] 
	x457: [ -0.0220,   0.1780] 
	x458: [  0.9361,   1.1361] 
	x459: [ -0.1212,   0.0788] 
	x460: [  0.6524,   0.8524] 
	x461: [  0.5906,   0.7906] 
	x462: [ -2.6160,  -2.4160] 
	x463: [ -1.7584,  -1.5584] 
	x464: [ -0.6290,  -0.4290] 
	x465: [  0.3515,   0.5515] 
	x466: [ -2.3756,  -2.1756] 
	x467: [ -4.6462,  -4.4462] 
	x468: [ -1.4302,  -1.2302] 
	x469: [ -2.1741,  -1.9741] 
	x470: [  0.0040,   0.2040] 
	x471: [ -0.1996,   0.0004] 
	x472: [  2.0301,   2.2301] 
	x473: [  1.3305,   1.5305] 
	x474: [ -2.1922,  -1.9922] 
	x475: [ -0.2997,  -0.0997] 
	x476: [ -1.3720,  -1.1720] 
	x477: [  0.8348,   1.0348] 
	x478: [ -0.3524,  -0.1524] 
	x479: [  2.0390,   2.2390] 
	x480: [ -1.2940,  -1.0940] 
	x481: [  1.1046,   1.3046] 
	x482: [  0.8852,   1.0852] 
	x483: [ -0.5607,  -0.3607] 
	x484: [ -2.0346,  -1.8346] 
	x485: [ -0.6179,  -0.4179] 
	x486: [  0.8720,   1.0720] 
	x487: [  1.6985,   1.8985] 
	x488: [ -0.5991,  -0.3991] 
	x489: [ -2.2871,  -2.0871] 
	x490: [  2.2114,   2.4114] 
	x491: [  1.6302,   1.8302] 
	x492: [  1.9038,   2.1038] 
	x493: [ -2.0320,  -1.8320] 
	x494: [ -1.7495,  -1.5495] 
	x495: [ -2.3645,  -2.1645] 
	x496: [  1.5986,   1.7986] 
	x497: [  0.8548,   1.0548] 
	x498: [ -1.7663,  -1.5663] 
	x499: [ -2.4556,  -2.2556] 
	x500: [ -0.5712,  -0.3712] 
	x501: [ -0.4999,  -0.2999] 
	x502: [ -3.0844,  -2.8844] 
	x503: [ -1.8523,  -1.6523] 
	x504: [ -0.8430,  -0.6430] 
	x505: [  1.1902,   1.3902] 
	x506: [ -0.2064,  -0.0064] 
	x507: [ -1.0749,  -0.8749] 
	x508: [ -1.5356,  -1.3356] 
	x509: [ -1.0747,  -0.8747] 
	x510: [  0.0286,   0.2286] 
	x511: [  1.2014,   1.4014] 

Branching heuristics set to PseudoImpact

Engine::solve: Initial statistics

00:12:25 Statistics update:
	--- Time Statistics ---
	Total time elapsed: 490 milli (00:00:00)
		Main loop: 0 milli (00:00:00)
		Preprocessing time: 193 milli (00:00:00)
		Unknown: 297 milli (00:00:00)
	Breakdown for main loop:
		[0.00%] Simplex steps: 0 milli
		[0.00%] Explicit-basis bound tightening: 0 milli
		[0.00%] Constraint-matrix bound tightening: 0 milli
		[0.00%] Degradation checking: 0 milli
		[0.00%] Precision restoration: 0 milli
		[0.00%] Statistics handling: 0 milli
		[0.00%] Constraint-fixing steps: 0 milli
		[0.00%] Valid case splits: 0 milli. Average per split: 0.00 milli
		[0.00%] Applying stored bound-tightening: 0 milli
		[0.00%] SMT core: 0 milli
		[0.00%] Symbolic Bound Tightening: 12 milli
		[0.00%] SoI-based local search: 0 milli
		[0.00%] SoI-based local search: 0 milli
		[0.00%] Unaccounted for: 0 milli
	--- Preprocessor Statistics ---
	Number of preprocessor bound-tightening loop iterations: 3
	Number of eliminated variables: 101
	Number of constraints removed due to variable elimination: 101
	Number of equations removed due to variable elimination: 0
	--- Engine Statistics ---
	Number of main loop iterations: 1
		0 iterations were simplex steps. Total time: 0 milli. Average: 0.00 milli.
		0 iterations were constraint-fixing steps. Total time: 0 milli. Average: 0.00 milli
	Number of active piecewise-linear constraints: 155 / 155
		Constraints disabled by valid splits: 0. By SMT-originated splits: 0
	Last reported degradation: 0.0000000000. Max degradation so far: 0.0000000000. Restorations so far: 0
	Number of simplex pivots we attempted to skip because of instability: 0.
	Unstable pivots performed anyway: 0
	--- Tableau Statistics ---
	Total number of pivots performed: 0
		Real pivots: 0. Degenerate: 0 (0.00%)
		Degenerate pivots by request (e.g., to fix a PL constraint): 0 (0.00%)
		Average time per pivot: 0.00 milli
	Total number of fake pivots performed: 0
	Total number of rows added: 0. Number of merged columns: 0
	Current tableau dimensions: M = 705, N = 2077
	--- SMT Core Statistics ---
	Total depth is 0. Total visited states: 1. Number of splits: 0. Number of pops: 0
	Max stack depth: 0
	--- Bound Tightening Statistics ---
	Number of tightened bounds: 0.
		Number of rows examined by row tightener: 0. Consequent tightenings: 0
		Number of explicit basis matrices examined by row tightener: 0. Consequent tightenings: 0
		Number of bound tightening rounds on the entire constraint matrix: 0. Consequent tightenings: 0
		Number of bound notifications sent to PL constraints: 930. Tightenings proposed: 0
	--- Basis Factorization statistics ---
	Number of basis refactorizations: 2
	--- Projected Steepest Edge Statistics ---
	Number of iterations: 0.
	Number of resets to reference space: 1. Avg. iterations per reset: 0
	--- SBT ---
	Number of tightened bounds: 385
	--- SoI-based local search ---
	Number of proposed phase pattern update: 0. Number of accepted update: 0 [0.00%]
	Total time (% of local search time) updating SoI phase pattern : 0 milli [0.00%]
	Total time obtaining current assignment: 0 milli [0.00%]
	Total time getting SoI phase pattern : 0 milli [0.00%]
	--- Context dependent statistics ---
	Number of pushes / pops: 0 / 0
		[0.00%] Pre-Push hook: 0 milli
		[0.00%] Push : 0 milli
		[0.00%] Post-Pop hook: 0 milli
		[0.00%] Pop : 0 milli
		[0.00%] Total context-switching time: 0 milli
	--- Proof Certificate ---
	Number of certified leaves: 0
	Number of leaves to delegate: 0

---

Engine::solve: sat assignment found

00:12:32 Statistics update:
	--- Time Statistics ---
	Total time elapsed: 8063 milli (00:00:08)
		Main loop: 7572 milli (00:00:07)
		Preprocessing time: 193 milli (00:00:00)
		Unknown: 297 milli (00:00:00)
	Breakdown for main loop:
		[13.04%] Simplex steps: 987 milli
		[86.51%] Explicit-basis bound tightening: 6550 milli
		[0.00%] Constraint-matrix bound tightening: 0 milli
		[0.22%] Degradation checking: 16 milli
		[0.00%] Precision restoration: 0 milli
		[0.03%] Statistics handling: 2 milli
		[0.00%] Constraint-fixing steps: 0 milli
		[0.01%] Valid case splits: 0 milli. Average per split: 0.00 milli
		[0.00%] Applying stored bound-tightening: 0 milli
		[0.00%] SMT core: 0 milli
		[0.27%] Symbolic Bound Tightening: 20 milli
		[5.39%] SoI-based local search: 408 milli
		[0.00%] SoI-based local search: 0 milli
		[243611293009400.53%] Unaccounted for: 0 milli
	--- Preprocessor Statistics ---
	Number of preprocessor bound-tightening loop iterations: 3
	Number of eliminated variables: 101
	Number of constraints removed due to variable elimination: 101
	Number of equations removed due to variable elimination: 0
	--- Engine Statistics ---
	Number of main loop iterations: 810
		808 iterations were simplex steps. Total time: 987 milli. Average: 1.22 milli.
		0 iterations were constraint-fixing steps. Total time: 0 milli. Average: 0.00 milli
	Number of active piecewise-linear constraints: 155 / 155
		Constraints disabled by valid splits: 0. By SMT-originated splits: 0
	Last reported degradation: 0.0000000000. Max degradation so far: 0.0000000000. Restorations so far: 0
	Number of simplex pivots we attempted to skip because of instability: 0.
	Unstable pivots performed anyway: 0
	--- Tableau Statistics ---
	Total number of pivots performed: 774
		Real pivots: 774. Degenerate: 0 (0.00%)
		Degenerate pivots by request (e.g., to fix a PL constraint): 0 (0.00%)
		Average time per pivot: 0.20 milli
	Total number of fake pivots performed: 30
	Total number of rows added: 0. Number of merged columns: 0
	Current tableau dimensions: M = 705, N = 2077
	--- SMT Core Statistics ---
	Total depth is 0. Total visited states: 1. Number of splits: 0. Number of pops: 0
	Max stack depth: 0
	--- Bound Tightening Statistics ---
	Number of tightened bounds: 0.
		Number of rows examined by row tightener: 774. Consequent tightenings: 0
		Number of explicit basis matrices examined by row tightener: 29. Consequent tightenings: 282
		Number of bound tightening rounds on the entire constraint matrix: 0. Consequent tightenings: 0
		Number of bound notifications sent to PL constraints: 1860. Tightenings proposed: 0
	--- Basis Factorization statistics ---
	Number of basis refactorizations: 9
	--- Projected Steepest Edge Statistics ---
	Number of iterations: 804.
	Number of resets to reference space: 1. Avg. iterations per reset: 804
	--- SBT ---
	Number of tightened bounds: 385
	--- SoI-based local search ---
	Number of proposed phase pattern update: 1. Number of accepted update: 2 [200.00%]
	Total time (% of local search time) updating SoI phase pattern : 391 milli [0.10%]
	Total time obtaining current assignment: 354 milli [0.09%]
	Total time getting SoI phase pattern : 114 milli [0.00%]
	--- Context dependent statistics ---
	Number of pushes / pops: 0 / 0
		[0.00%] Pre-Push hook: 0 milli
		[0.00%] Push : 0 milli
		[0.00%] Post-Pop hook: 0 milli
		[0.00%] Pop : 0 milli
		[0.00%] Total context-switching time: 0 milli
	--- Proof Certificate ---
	Number of certified leaves: 0
	Number of leaves to delegate: 0
sat
Input assignment:
	x0 = -1.656085
	x1 = -0.298488
	x2 = -1.013779
	x3 = -3.296961
	x4 = 0.847410
	x5 = -0.931130
	x6 = -2.702997
	x7 = -1.300974
	x8 = 2.310401
	x9 = -1.213383
	x10 = 1.835506
	x11 = 1.458102
	x12 = -0.857137
	x13 = -1.288987
	x14 = -0.640806
	x15 = -0.521492
	x16 = 0.906797
	x17 = 0.912652
	x18 = -0.843402
	x19 = -2.147476
	x20 = 0.561171
	x21 = 0.683495
	x22 = 0.319573
	x23 = -0.216747
	x24 = -0.643110
	x25 = 1.685538
	x26 = -1.329466
	x27 = 1.016388
	x28 = -1.960678
	x29 = 0.223285
	x30 = -0.363696
	x31 = -0.766827
	x32 = -0.690637
	x33 = -1.053167
	x34 = -0.971129
	x35 = -0.996703
	x36 = 1.550427
	x37 = 0.828248
	x38 = 1.542411
	x39 = -1.656461
	x40 = 0.076100
	x41 = 1.882226
	x42 = -2.661859
	x43 = 0.374097
	x44 = -3.238053
	x45 = -1.517573
	x46 = 1.605007
	x47 = -1.689296
	x48 = 0.095138
	x49 = 1.543336
	x50 = -2.428241
	x51 = -0.273229
	x52 = -1.276236
	x53 = -0.613246
	x54 = -1.135692
	x55 = 1.204596
	x56 = -0.712217
	x57 = 1.972767
	x58 = -0.482051
	x59 = 3.018551
	x60 = 1.090810
	x61 = 1.267421
	x62 = -0.954836
	x63 = 2.920308
	x64 = -1.867344
	x65 = -2.347811
	x66 = 0.933815
	x67 = -0.844515
	x68 = 0.160937
	x69 = 3.147901
	x70 = 0.161515
	x71 = -0.565329
	x72 = 0.433115
	x73 = 1.452734
	x74 = -1.415676
	x75 = -0.378901
	x76 = 0.498207
	x77 = 2.553139
	x78 = 0.840306
	x79 = 0.692557
	x80 = 1.914712
	x81 = 1.000875
	x82 = 1.732834
	x83 = -2.096978
	x84 = -1.826746
	x85 = -0.635069
	x86 = -0.405939
	x87 = -0.406946
	x88 = -0.445762
	x89 = 1.421864
	x90 = 0.509461
	x91 = -0.929618
	x92 = 1.513231
	x93 = 2.418791
	x94 = 1.970896
	x95 = 0.077072
	x96 = 0.631935
	x97 = 1.170127
	x98 = 0.116648
	x99 = 1.330021
	x100 = -1.430789
	x101 = 2.609221
	x102 = 0.337988
	x103 = -1.158557
	x104 = 0.226079
	x105 = -2.232407
	x106 = 0.767813
	x107 = -0.192764
	x108 = -1.483668
	x109 = -0.801318
	x110 = -0.321973
	x111 = 2.036063
	x112 = 0.786192
	x113 = 0.015904
	x114 = -0.789524
	x115 = 1.458285
	x116 = 0.943252
	x117 = 0.260608
	x118 = 0.045994
	x119 = -3.313902
	x120 = -2.385537
	x121 = 4.357900
	x122 = 1.571865
	x123 = -0.687641
	x124 = -2.167331
	x125 = 0.897897
	x126 = 0.486300
	x127 = 0.971031
	x128 = 0.101425
	x129 = 0.127190
	x130 = 1.976681
	x131 = 1.261581
	x132 = 0.201374
	x133 = -0.410957
	x134 = -0.601172
	x135 = 1.638678
	x136 = -1.427959
	x137 = 0.587683
	x138 = -0.866387
	x139 = -1.589110
	x140 = 0.679219
	x141 = 0.899451
	x142 = -0.138718
	x143 = -0.925667
	x144 = -0.692495
	x145 = 1.064589
	x146 = -2.392720
	x147 = 2.066571
	x148 = 0.361487
	x149 = -2.377088
	x150 = -0.032190
	x151 = 1.350604
	x152 = 1.849111
	x153 = -1.461908
	x154 = 3.418578
	x155 = 0.033672
	x156 = -0.969123
	x157 = -0.601206
	x158 = -1.892029
	x159 = -0.482301
	x160 = 0.974863
	x161 = -1.044043
	x162 = -1.442976
	x163 = 1.193193
	x164 = 5.070475
	x165 = -2.646317
	x166 = 0.274827
	x167 = 2.529518
	x168 = 2.933811
	x169 = -1.529852
	x170 = 0.430840
	x171 = -0.733840
	x172 = 0.992878
	x173 = -1.234900
	x174 = -0.821343
	x175 = 1.458999
	x176 = 1.015740
	x177 = 2.715797
	x178 = 0.533985
	x179 = 1.574573
	x180 = -1.955500
	x181 = 0.114408
	x182 = 0.066641
	x183 = -0.890509
	x184 = -0.503901
	x185 = 0.378489
	x186 = -0.956770
	x187 = 2.346725
	x188 = -0.104508
	x189 = 2.238959
	x190 = -0.331152
	x191 = -0.094393
	x192 = -0.003077
	x193 = -2.257921
	x194 = -1.252119
	x195 = 0.702765
	x196 = 1.647521
	x197 = -0.176520
	x198 = -0.542510
	x199 = 1.948372
	x200 = -2.908231
	x201 = -0.285363
	x202 = -1.186264
	x203 = -1.192512
	x204 = -0.112143
	x205 = -0.283743
	x206 = 0.368512
	x207 = 0.232379
	x208 = 1.006889
	x209 = -3.190997
	x210 = 1.993101
	x211 = 0.688737
	x212 = -2.337424
	x213 = 2.327998
	x214 = 0.570043
	x215 = -0.170463
	x216 = 1.676728
	x217 = -1.219203
	x218 = 2.056429
	x219 = -1.284188
	x220 = 1.119297
	x221 = 0.294600
	x222 = -1.712832
	x223 = -0.595007
	x224 = -2.997637
	x225 = 0.685086
	x226 = -2.611443
	x227 = -1.137911
	x228 = -1.738163
	x229 = 3.161366
	x230 = 3.593995
	x231 = 0.495461
	x232 = 1.091852
	x233 = -0.826804
	x234 = 2.280726
	x235 = -0.553744
	x236 = -1.644707
	x237 = 0.834204
	x238 = 0.732525
	x239 = 2.502320
	x240 = -1.713909
	x241 = -2.166292
	x242 = 0.921481
	x243 = -0.696863
	x244 = -0.755863
	x245 = 0.094349
	x246 = -0.217184
	x247 = -2.518429
	x248 = 1.999336
	x249 = 3.165351
	x250 = 0.598254
	x251 = -1.762891
	x252 = -0.876442
	x253 = 1.767126
	x254 = -0.082012
	x255 = -0.085141
	x256 = 0.953641
	x257 = -2.075896
	x258 = -1.233471
	x259 = -1.196543
	x260 = 2.091236
	x261 = -1.136705
	x262 = 2.637626
	x263 = 0.348273
	x264 = 0.129955
	x265 = -1.621530
	x266 = 2.379403
	x267 = 3.486528
	x268 = 0.415160
	x269 = -0.270972
	x270 = -1.250400
	x271 = 2.175942
	x272 = -1.777417
	x273 = -1.127334
	x274 = 1.421158
	x275 = 1.154766
	x276 = -0.070901
	x277 = 2.651479
	x278 = -2.586049
	x279 = 0.376363
	x280 = 0.060798
	x281 = -1.058956
	x282 = 1.681004
	x283 = -0.180853
	x284 = -0.901907
	x285 = 1.189792
	x286 = 0.404854
	x287 = -0.293067
	x288 = -2.199246
	x289 = 1.004106
	x290 = 1.287983
	x291 = 0.069251
	x292 = -0.466465
	x293 = 1.748233
	x294 = -0.955212
	x295 = 2.210629
	x296 = -1.095124
	x297 = -1.314876
	x298 = -3.778528
	x299 = 0.392348
	x300 = 0.105650
	x301 = -0.902264
	x302 = -1.877504
	x303 = 1.023443
	x304 = 1.093500
	x305 = 0.078085
	x306 = 2.527497
	x307 = -0.024754
	x308 = 2.775944
	x309 = 1.627677
	x310 = -0.757539
	x311 = 1.260611
	x312 = 0.251180
	x313 = -1.265433
	x314 = -0.668946
	x315 = -0.212292
	x316 = -0.339863
	x317 = 0.911014
	x318 = -0.649733
	x319 = -0.426532
	x320 = 2.450850
	x321 = -1.641997
	x322 = 0.474135
	x323 = 0.649893
	x324 = -1.566547
	x325 = 1.212079
	x326 = 1.933753
	x327 = 1.594828
	x328 = 1.871282
	x329 = -0.498679
	x330 = -2.684393
	x331 = -0.990767
	x332 = -0.015057
	x333 = -0.319691
	x334 = -0.827625
	x335 = 3.049013
	x336 = -1.433906
	x337 = -0.022215
	x338 = -3.341508
	x339 = -1.362347
	x340 = 0.949317
	x341 = -0.034131
	x342 = -0.396827
	x343 = -0.082085
	x344 = -0.950763
	x345 = -2.014177
	x346 = -0.842192
	x347 = -1.391009
	x348 = -0.668525
	x349 = 2.319627
	x350 = -0.377105
	x351 = -0.069890
	x352 = -0.494858
	x353 = 0.201027
	x354 = -1.328261
	x355 = -1.273329
	x356 = -1.460306
	x357 = 0.738054
	x358 = 0.077226
	x359 = -0.012770
	x360 = -1.371465
	x361 = -0.186612
	x362 = -2.950674
	x363 = 0.934542
	x364 = -1.043951
	x365 = -1.946755
	x366 = -0.045926
	x367 = 2.413626
	x368 = -0.239135
	x369 = 0.764157
	x370 = 0.086840
	x371 = -1.876404
	x372 = 2.499413
	x373 = 2.389927
	x374 = -1.913977
	x375 = -2.219499
	x376 = 0.267409
	x377 = 0.877733
	x378 = -0.437058
	x379 = 0.750565
	x380 = -0.715281
	x381 = -3.519577
	x382 = 0.574525
	x383 = 2.984448
	x384 = -0.069369
	x385 = 1.752127
	x386 = -2.572253
	x387 = -0.561956
	x388 = -0.369793
	x389 = 1.963452
	x390 = 2.041068
	x391 = 0.415049
	x392 = 1.713989
	x393 = 2.693464
	x394 = -2.121340
	x395 = -1.339847
	x396 = -1.424126
	x397 = -0.652503
	x398 = 2.502150
	x399 = -0.283650
	x400 = 0.359655
	x401 = -0.545494
	x402 = 0.307989
	x403 = -1.450099
	x404 = 0.275939
	x405 = -3.471981
	x406 = 1.897758
	x407 = -0.639303
	x408 = 0.250252
	x409 = -3.714990
	x410 = 0.808603
	x411 = 1.270331
	x412 = -0.304851
	x413 = 0.650842
	x414 = -0.085769
	x415 = -0.353742
	x416 = 0.760976
	x417 = 0.037680
	x418 = -1.508254
	x419 = -1.476772
	x420 = -1.293301
	x421 = -2.852293
	x422 = -0.669244
	x423 = 0.641161
	x424 = 0.161447
	x425 = -1.720484
	x426 = 0.284774
	x427 = -0.920812
	x428 = -1.006787
	x429 = -1.353410
	x430 = -2.711740
	x431 = 0.932066
	x432 = -1.210372
	x433 = 1.474569
	x434 = 1.325010
	x435 = 1.354484
	x436 = -3.294766
	x437 = -0.496540
	x438 = 1.388524
	x439 = -1.958249
	x440 = 1.546486
	x441 = -1.760314
	x442 = -0.385743
	x443 = -0.486169
	x444 = -2.643375
	x445 = -1.653132
	x446 = -1.723904
	x447 = 1.566764
	x448 = -0.569134
	x449 = -1.024993
	x450 = -1.466791
	x451 = 0.554993
	x452 = 1.639479
	x453 = 1.159837
	x454 = 1.352507
	x455 = -1.466169
	x456 = -0.741548
	x457 = 0.178048
	x458 = 1.136068
	x459 = 0.078786
	x460 = 0.652442
	x461 = 0.590626
	x462 = -2.415967
	x463 = -1.758362
	x464 = -0.428992
	x465 = 0.351474
	x466 = -2.375610
	x467 = -4.446183
	x468 = -1.230194
	x469 = -1.974074
	x470 = 0.004031
	x471 = -0.199595
	x472 = 2.030080
	x473 = 1.530486
	x474 = -1.992193
	x475 = -0.099701
	x476 = -1.172034
	x477 = 0.862861
	x478 = -0.152420
	x479 = 2.038996
	x480 = -1.293981
	x481 = 1.304649
	x482 = 1.085232
	x483 = -0.360693
	x484 = -2.034591
	x485 = -0.617887
	x486 = 1.072048
	x487 = 1.898542
	x488 = -0.399054
	x489 = -2.087134
	x490 = 2.411372
	x491 = 1.830217
	x492 = 1.903780
	x493 = -2.031974
	x494 = -1.549465
	x495 = -2.164517
	x496 = 1.598638
	x497 = 1.054768
	x498 = -1.766269
	x499 = -2.255622
	x500 = -0.571160
	x501 = -0.499927
	x502 = -3.084424
	x503 = -1.852260
	x504 = -0.643032
	x505 = 1.390170
	x506 = -0.206413
	x507 = -1.074939
	x508 = -1.335555
	x509 = -0.874678
	x510 = 0.028639
	x511 = 1.401433

Output:
	y0 = -4.977454
	y1 = 2.644048
	y2 = -3.317532
	y3 = -6.659928
	y4 = 5.444822
	y5 = -8.065099
	y6 = -5.283034
	y7 = 5.762645
	y8 = -5.663987
	y9 = -7.808474
	y10 = 5.857364
	y11 = -7.934529
	y12 = -6.527159
	y13 = 4.836677
	y14 = -5.622112
	y15 = -7.009720
	y16 = 9.680058
	y17 = -6.710742
	y18 = -6.341523
	y19 = 7.196333
	y20 = -5.908044
	y21 = -7.752335
	y22 = 6.804479
	y23 = -9.944592
	y24 = -6.138532
	y25 = -0.755907
	y26 = -5.930142
	y27 = -6.506606
	y28 = -2.742419
	y29 = -2.742409
	y30 = -3.479722
	y31 = 2.867457
	y32 = -4.236980
	y33 = -5.033681
	y34 = 22.194643
	y35 = -4.864484
	y36 = -5.047673
	y37 = 19.474742
	y38 = -5.034383
	y39 = -4.122339
	y40 = 7.653293
	y41 = -0.686432
	y42 = -8.145819
	y43 = 8.892248
	y44 = -6.736030
	y45 = -7.552355
	y46 = 5.129106
	y47 = -6.507197
	y48 = -7.428844
	y49 = 15.233027
	y50 = -6.675967
	y51 = -1.938968
	y52 = -14.671110
	y53 = 0.006218
	y54 = 0.133097
	y55 = -14.146700
	y56 = 5.169582
	y57 = 4.555943
	y58 = -12.163524
	y59 = -0.735349
	y60 = 4.641241
	y61 = -15.825759
	y62 = 0.760730
	y63 = -0.444162
	y64 = 16.675711
	y65 = -0.456709
	y66 = -5.280183
	y67 = 6.151871
	y68 = -3.349844
	y69 = -7.082441
	y70 = 6.676878
	y71 = -7.740148
	y72 = -6.465908
	y73 = 13.640709
	y74 = -8.578777
	y75 = 3.326537
	y76 = -12.254571
	y77 = 0.204868
	y78 = 5.596574
	y79 = -13.581372
	y80 = 3.069941
	y81 = 11.296188
	y82 = -16.821673
	y83 = 10.593792
	y84 = 11.792948
	y85 = -15.446405
	y86 = 7.260792
	y87 = -1.070170
	y88 = 16.521999
	y89 = -1.127840
	y90 = -5.376067
	y91 = 18.907465
	y92 = -7.685170
	y93 = -8.988048
	y94 = 19.078739
	y95 = -10.391466
	y96 = -7.031061
	y97 = 12.096382
	y98 = -10.379489
	y99 = 3.151875
	y100 = -17.404061
	y101 = -0.192888
	y102 = 5.609726
	y103 = -16.996781
	y104 = 1.211261
	y105 = 13.069979
	y106 = -17.122653
	y107 = 8.130790
	y108 = 10.745126
	y109 = -17.675132
	y110 = 6.434827
	y111 = 6.262022
	y112 = -15.074868
	y113 = -0.099293
	y114 = 2.431954
	y115 = -5.953462
	y116 = -2.676564
	y117 = -4.922465
	y118 = 12.289360
	y119 = -8.324016
	y120 = -4.740802
	y121 = 0.986536
	y122 = -4.830853
	y123 = -5.043505
	y124 = 15.608628
	y125 = -4.120421
	y126 = -2.302060
	y127 = -18.298339
	y128 = 1.337466
	y129 = 0.467661
	y130 = -13.300210
	y131 = 5.490518
	y132 = 2.415298
	y133 = -13.420113
	y134 = 5.371598
	y135 = -1.241805
	y136 = -8.693453
	y137 = 4.016832
	y138 = -4.562338
	y139 = 5.196744
	y140 = -5.110414
	y141 = -4.003456
	y142 = 8.680591
	y143 = -6.191547
	y144 = -7.034953
	y145 = 4.527115
	y146 = -8.127137
	y147 = -9.119911
	y148 = 5.473180
	y149 = -10.415698
	y150 = -1.731867
	y151 = -9.445011
	y152 = -3.453272
	y153 = -3.283866
	y154 = 5.336646
	y155 = -1.369575
	y156 = -3.399852
	y157 = -7.193105
	y158 = -1.494841
	y159 = -5.565406
	y160 = 2.314491
	y161 = -5.982062
	y162 = -8.834952
	y163 = 8.000862
	y164 = -8.681276
	y165 = -7.810637
	y166 = 11.212670
	y167 = -10.661578
	y168 = -8.560364
	y169 = 6.536720
	y170 = -8.488214
	y171 = -9.758511
	y172 = 9.981979
	y173 = -10.726069
	y174 = -4.526302
	y175 = 14.429598
	y176 = -5.962658
	y177 = -5.051832
	y178 = 7.060540
	y179 = -5.996463
	y180 = -7.038489
	y181 = 0.826515
	y182 = -7.688556
	y183 = -5.661863
	y184 = 1.373264
	y185 = -6.921903
	y186 = -7.153506
	y187 = 3.170783
	y188 = -7.668236
	y189 = -10.382893
	y190 = 8.761419
	y191 = -11.152736

