InputQuery: /home/levn/Workspace/othello_world/queries/head_robust/group_3/game_27_adv_labels_30_eps_0.1.txt
Engine::processInputQuery: Input query (before preprocessing): 62 equations, 573 variables
Engine::processInputQuery: Input query (after preprocessing): 62 equations, 574 variables

Input bounds:
	x0: [ -0.6723,  -0.4723] 
	x1: [ -1.2696,  -1.0696] 
	x2: [ -0.9871,  -0.7871] 
	x3: [  2.4882,   2.6882] 
	x4: [  1.4582,   1.6582] 
	x5: [ -3.6523,  -3.4523] 
	x6: [  2.4154,   2.6154] 
	x7: [ -3.2198,  -3.0198] 
	x8: [ -0.6187,  -0.4187] 
	x9: [  2.9973,   3.1973] 
	x10: [  1.1472,   1.3472] 
	x11: [ -1.0565,  -0.8565] 
	x12: [ -0.6552,  -0.4552] 
	x13: [  1.2912,   1.4912] 
	x14: [ -0.3589,  -0.1589] 
	x15: [  0.4506,   0.6506] 
	x16: [ -2.1493,  -1.9493] 
	x17: [  2.4362,   2.6362] 
	x18: [ -0.8742,  -0.6742] 
	x19: [  0.3350,   0.5350] 
	x20: [  0.1367,   0.3367] 
	x21: [ -1.0913,  -0.8913] 
	x22: [ -2.1588,  -1.9588] 
	x23: [ -0.0072,   0.1928] 
	x24: [ -2.6513,  -2.4513] 
	x25: [ -0.5879,  -0.3879] 
	x26: [  0.8261,   1.0261] 
	x27: [ -1.7727,  -1.5727] 
	x28: [  0.4596,   0.6596] 
	x29: [ -1.5001,  -1.3001] 
	x30: [  2.5318,   2.7318] 
	x31: [ -0.6678,  -0.4678] 
	x32: [  0.2170,   0.4170] 
	x33: [ -1.1235,  -0.9235] 
	x34: [  0.6997,   0.8997] 
	x35: [ -1.6901,  -1.4901] 
	x36: [ -1.4090,  -1.2090] 
	x37: [ -0.6906,  -0.4906] 
	x38: [  1.3218,   1.5218] 
	x39: [ -1.9165,  -1.7165] 
	x40: [ -0.5337,  -0.3337] 
	x41: [ -0.4786,  -0.2786] 
	x42: [ -1.0626,  -0.8626] 
	x43: [  2.1271,   2.3271] 
	x44: [  1.7907,   1.9907] 
	x45: [  0.9637,   1.1637] 
	x46: [ -3.9290,  -3.7290] 
	x47: [ -2.4633,  -2.2633] 
	x48: [  1.4403,   1.6403] 
	x49: [  0.3481,   0.5481] 
	x50: [  0.9789,   1.1789] 
	x51: [  1.2909,   1.4909] 
	x52: [  2.0331,   2.2331] 
	x53: [  3.2417,   3.4417] 
	x54: [ -1.2571,  -1.0571] 
	x55: [  0.4510,   0.6510] 
	x56: [ -0.7956,  -0.5956] 
	x57: [  1.5444,   1.7444] 
	x58: [ -2.3215,  -2.1215] 
	x59: [ -0.9345,  -0.7345] 
	x60: [  4.0030,   4.2030] 
	x61: [  2.0335,   2.2335] 
	x62: [ -0.6538,  -0.4538] 
	x63: [ -1.6111,  -1.4111] 
	x64: [ -0.3905,  -0.1905] 
	x65: [ -1.5043,  -1.3043] 
	x66: [ -0.2562,  -0.0562] 
	x67: [ -2.5112,  -2.3112] 
	x68: [ -0.2515,  -0.0515] 
	x69: [ -2.9036,  -2.7036] 
	x70: [ -0.9959,  -0.7959] 
	x71: [ -1.1132,  -0.9132] 
	x72: [ -3.3630,  -3.1630] 
	x73: [  0.5466,   0.7466] 
	x74: [  1.5486,   1.7486] 
	x75: [ -1.4833,  -1.2833] 
	x76: [  1.8387,   2.0387] 
	x77: [  0.1091,   0.3091] 
	x78: [  1.0766,   1.2766] 
	x79: [  0.3053,   0.5053] 
	x80: [ -2.4235,  -2.2235] 
	x81: [ -0.1721,   0.0279] 
	x82: [ -2.5997,  -2.3997] 
	x83: [ -1.0194,  -0.8194] 
	x84: [  2.0733,   2.2733] 
	x85: [  0.7372,   0.9372] 
	x86: [ -1.3448,  -1.1448] 
	x87: [  0.6265,   0.8265] 
	x88: [ -2.1923,  -1.9923] 
	x89: [  0.0742,   0.2742] 
	x90: [  1.4748,   1.6748] 
	x91: [  2.0985,   2.2985] 
	x92: [ -1.9606,  -1.7606] 
	x93: [  3.1435,   3.3435] 
	x94: [ -1.4758,  -1.2758] 
	x95: [  2.0885,   2.2885] 
	x96: [  0.6804,   0.8804] 
	x97: [ -1.2514,  -1.0514] 
	x98: [  2.6341,   2.8341] 
	x99: [  0.0781,   0.2781] 
	x100: [  0.3452,   0.5452] 
	x101: [  1.2700,   1.4700] 
	x102: [ -0.1706,   0.0294] 
	x103: [  4.6050,   4.8050] 
	x104: [  0.4227,   0.6227] 
	x105: [ -3.5720,  -3.3720] 
	x106: [ -1.0334,  -0.8334] 
	x107: [  0.9520,   1.1520] 
	x108: [  3.0434,   3.2434] 
	x109: [ -1.3321,  -1.1321] 
	x110: [ -0.5065,  -0.3065] 
	x111: [ -2.2379,  -2.0379] 
	x112: [  2.5217,   2.7217] 
	x113: [  1.7819,   1.9819] 
	x114: [ -0.4663,  -0.2663] 
	x115: [ -0.7014,  -0.5014] 
	x116: [ -0.5796,  -0.3796] 
	x117: [ -0.8213,  -0.6213] 
	x118: [ -0.1373,   0.0627] 
	x119: [  4.2751,   4.4751] 
	x120: [ -1.7805,  -1.5805] 
	x121: [  2.6733,   2.8733] 
	x122: [ -0.2752,  -0.0752] 
	x123: [  1.8833,   2.0833] 
	x124: [  2.6443,   2.8443] 
	x125: [ -3.5097,  -3.3097] 
	x126: [  0.4718,   0.6718] 
	x127: [ -0.0010,   0.1990] 
	x128: [ -1.8065,  -1.6065] 
	x129: [ -4.8127,  -4.6127] 
	x130: [  0.7714,   0.9714] 
	x131: [  0.3569,   0.5569] 
	x132: [ -0.7377,  -0.5377] 
	x133: [ -3.3117,  -3.1117] 
	x134: [ -0.3888,  -0.1888] 
	x135: [ -2.8283,  -2.6283] 
	x136: [ -1.7294,  -1.5294] 
	x137: [  3.1022,   3.3022] 
	x138: [ -0.2748,  -0.0748] 
	x139: [ -0.8958,  -0.6958] 
	x140: [ -3.1104,  -2.9104] 
	x141: [ -2.0994,  -1.8994] 
	x142: [  1.8118,   2.0118] 
	x143: [  1.3481,   1.5481] 
	x144: [ -2.0008,  -1.8008] 
	x145: [ -0.4422,  -0.2422] 
	x146: [ -1.3907,  -1.1907] 
	x147: [ -0.1322,   0.0678] 
	x148: [ -0.0020,   0.1980] 
	x149: [ -0.1832,   0.0168] 
	x150: [  0.1312,   0.3312] 
	x151: [ -3.4628,  -3.2628] 
	x152: [  0.0704,   0.2704] 
	x153: [ -0.7295,  -0.5295] 
	x154: [ -2.1215,  -1.9215] 
	x155: [  2.7683,   2.9683] 
	x156: [  0.2996,   0.4996] 
	x157: [ -1.1544,  -0.9544] 
	x158: [ -1.0939,  -0.8939] 
	x159: [ -0.4319,  -0.2319] 
	x160: [ -0.7448,  -0.5448] 
	x161: [  0.5301,   0.7301] 
	x162: [ -1.1257,  -0.9257] 
	x163: [ -1.3813,  -1.1813] 
	x164: [ -0.8822,  -0.6822] 
	x165: [  1.6297,   1.8297] 
	x166: [ -0.1098,   0.0902] 
	x167: [  0.9707,   1.1707] 
	x168: [  0.2897,   0.4897] 
	x169: [ -2.7033,  -2.5033] 
	x170: [  1.2405,   1.4405] 
	x171: [ -4.2175,  -4.0175] 
	x172: [ -0.1194,   0.0806] 
	x173: [  1.8683,   2.0683] 
	x174: [ -0.5816,  -0.3816] 
	x175: [  0.8465,   1.0465] 
	x176: [  1.5668,   1.7668] 
	x177: [ -1.0972,  -0.8972] 
	x178: [  1.0137,   1.2137] 
	x179: [ -2.3761,  -2.1761] 
	x180: [ -0.3198,  -0.1198] 
	x181: [ -1.4172,  -1.2172] 
	x182: [  3.1311,   3.3311] 
	x183: [  0.7693,   0.9693] 
	x184: [ -2.3638,  -2.1638] 
	x185: [ -2.7679,  -2.5679] 
	x186: [  1.6995,   1.8995] 
	x187: [  0.5651,   0.7651] 
	x188: [  1.8430,   2.0430] 
	x189: [ -1.1354,  -0.9354] 
	x190: [ -0.1942,   0.0058] 
	x191: [  1.0470,   1.2470] 
	x192: [  0.3938,   0.5938] 
	x193: [ -0.9104,  -0.7104] 
	x194: [  0.4506,   0.6506] 
	x195: [ -1.4470,  -1.2470] 
	x196: [ -0.5281,  -0.3281] 
	x197: [  4.1617,   4.3617] 
	x198: [ -1.6313,  -1.4313] 
	x199: [ -1.7057,  -1.5057] 
	x200: [ -1.8456,  -1.6456] 
	x201: [  2.4853,   2.6853] 
	x202: [  0.2306,   0.4306] 
	x203: [  1.8385,   2.0385] 
	x204: [ -0.6552,  -0.4552] 
	x205: [ -1.3600,  -1.1600] 
	x206: [  1.4755,   1.6755] 
	x207: [ -0.0845,   0.1155] 
	x208: [ -1.4037,  -1.2037] 
	x209: [ -1.3129,  -1.1129] 
	x210: [ -0.2645,  -0.0645] 
	x211: [ -1.5860,  -1.3860] 
	x212: [ -0.1912,   0.0088] 
	x213: [ -1.0713,  -0.8713] 
	x214: [  2.5418,   2.7418] 
	x215: [  1.6265,   1.8265] 
	x216: [ -0.0887,   0.1113] 
	x217: [ -0.5402,  -0.3402] 
	x218: [  0.0752,   0.2752] 
	x219: [ -1.5729,  -1.3729] 
	x220: [ -0.9047,  -0.7047] 
	x221: [ -4.0912,  -3.8912] 
	x222: [ -0.7291,  -0.5291] 
	x223: [  1.3567,   1.5567] 
	x224: [ -1.3969,  -1.1969] 
	x225: [  0.1690,   0.3690] 
	x226: [ -4.4907,  -4.2907] 
	x227: [  2.3820,   2.5820] 
	x228: [ -2.3304,  -2.1304] 
	x229: [ -1.5124,  -1.3124] 
	x230: [  3.2909,   3.4909] 
	x231: [  5.2510,   5.4510] 
	x232: [ -0.8764,  -0.6764] 
	x233: [  2.2625,   2.4625] 
	x234: [ -4.1486,  -3.9486] 
	x235: [  1.3783,   1.5783] 
	x236: [  1.7041,   1.9041] 
	x237: [ -2.5033,  -2.3033] 
	x238: [ -1.3277,  -1.1277] 
	x239: [ -0.7529,  -0.5529] 
	x240: [ -0.8982,  -0.6982] 
	x241: [  0.3960,   0.5960] 
	x242: [ -1.1999,  -0.9999] 
	x243: [  0.0894,   0.2894] 
	x244: [  0.5733,   0.7733] 
	x245: [ -0.7989,  -0.5989] 
	x246: [ -1.1393,  -0.9393] 
	x247: [ -2.7052,  -2.5052] 
	x248: [  0.7737,   0.9737] 
	x249: [  1.9462,   2.1462] 
	x250: [ -1.1952,  -0.9952] 
	x251: [  1.1886,   1.3886] 
	x252: [ -0.0223,   0.1777] 
	x253: [ -2.3353,  -2.1353] 
	x254: [  1.0167,   1.2167] 
	x255: [ -3.7962,  -3.5962] 
	x256: [  3.5033,   3.7033] 
	x257: [ -0.3271,  -0.1271] 
	x258: [  4.3854,   4.5854] 
	x259: [ -2.6899,  -2.4899] 
	x260: [  2.3092,   2.5092] 
	x261: [  1.1622,   1.3622] 
	x262: [  1.0733,   1.2733] 
	x263: [  0.3939,   0.5939] 
	x264: [  0.3383,   0.5383] 
	x265: [  1.8736,   2.0736] 
	x266: [ -2.5504,  -2.3504] 
	x267: [ -0.5145,  -0.3145] 
	x268: [ -1.6309,  -1.4309] 
	x269: [ -0.8286,  -0.6286] 
	x270: [ -0.6563,  -0.4563] 
	x271: [  1.6326,   1.8326] 
	x272: [  3.7571,   3.9571] 
	x273: [  0.3240,   0.5240] 
	x274: [  0.4632,   0.6632] 
	x275: [ -0.2474,  -0.0474] 
	x276: [ -0.5914,  -0.3914] 
	x277: [ -0.7366,  -0.5366] 
	x278: [ -3.9754,  -3.7754] 
	x279: [  1.9034,   2.1034] 
	x280: [ -2.6543,  -2.4543] 
	x281: [ -0.9831,  -0.7831] 
	x282: [ -0.3457,  -0.1457] 
	x283: [ -0.8482,  -0.6482] 
	x284: [  1.1589,   1.3589] 
	x285: [ -0.1903,   0.0097] 
	x286: [ -2.1003,  -1.9003] 
	x287: [ -0.6645,  -0.4645] 
	x288: [ -1.2679,  -1.0679] 
	x289: [ -2.5380,  -2.3380] 
	x290: [  0.0091,   0.2091] 
	x291: [  1.1770,   1.3770] 
	x292: [  1.1660,   1.3660] 
	x293: [ -3.1107,  -2.9107] 
	x294: [  0.7510,   0.9510] 
	x295: [ -0.9568,  -0.7568] 
	x296: [ -0.9139,  -0.7139] 
	x297: [ -0.5478,  -0.3478] 
	x298: [ -1.5577,  -1.3577] 
	x299: [ -0.8964,  -0.6964] 
	x300: [ -2.1116,  -1.9116] 
	x301: [  0.5474,   0.7474] 
	x302: [  0.7357,   0.9357] 
	x303: [  1.0885,   1.2885] 
	x304: [  2.7985,   2.9985] 
	x305: [ -2.2473,  -2.0473] 
	x306: [ -0.4701,  -0.2701] 
	x307: [ -0.0865,   0.1135] 
	x308: [  1.0780,   1.2780] 
	x309: [ -1.4754,  -1.2754] 
	x310: [  3.0597,   3.2597] 
	x311: [ -0.9002,  -0.7002] 
	x312: [ -1.2015,  -1.0015] 
	x313: [  0.8519,   1.0519] 
	x314: [ -1.8034,  -1.6034] 
	x315: [ -0.2457,  -0.0457] 
	x316: [  2.5050,   2.7050] 
	x317: [ -0.7705,  -0.5705] 
	x318: [  0.2692,   0.4692] 
	x319: [  1.0954,   1.2954] 
	x320: [  1.3081,   1.5081] 
	x321: [  0.1196,   0.3196] 
	x322: [ -2.5378,  -2.3378] 
	x323: [  2.3052,   2.5052] 
	x324: [ -0.2468,  -0.0468] 
	x325: [ -1.9709,  -1.7709] 
	x326: [ -3.0122,  -2.8122] 
	x327: [  0.0484,   0.2484] 
	x328: [  0.2343,   0.4343] 
	x329: [  0.8918,   1.0918] 
	x330: [ -0.7664,  -0.5664] 
	x331: [ -0.2522,  -0.0522] 
	x332: [  0.4920,   0.6920] 
	x333: [ -3.0685,  -2.8685] 
	x334: [ -0.5544,  -0.3544] 
	x335: [ -0.0946,   0.1054] 
	x336: [  1.0474,   1.2474] 
	x337: [  6.5859,   6.7859] 
	x338: [ -1.4763,  -1.2763] 
	x339: [ -2.7207,  -2.5207] 
	x340: [  1.4092,   1.6092] 
	x341: [  0.2810,   0.4810] 
	x342: [ -2.4105,  -2.2105] 
	x343: [ -1.1239,  -0.9239] 
	x344: [ -4.6129,  -4.4129] 
	x345: [ -1.9020,  -1.7020] 
	x346: [ -0.7069,  -0.5069] 
	x347: [ -1.2021,  -1.0021] 
	x348: [ -0.4748,  -0.2748] 
	x349: [ -1.3832,  -1.1832] 
	x350: [ -1.0086,  -0.8086] 
	x351: [ -2.0325,  -1.8325] 
	x352: [ -0.5696,  -0.3696] 
	x353: [  1.7209,   1.9209] 
	x354: [  1.0014,   1.2014] 
	x355: [  0.0015,   0.2015] 
	x356: [  0.4178,   0.6178] 
	x357: [ -0.0491,   0.1509] 
	x358: [  2.1340,   2.3340] 
	x359: [  0.0877,   0.2877] 
	x360: [ -2.1551,  -1.9551] 
	x361: [  0.2064,   0.4064] 
	x362: [ -0.6214,  -0.4214] 
	x363: [  0.4702,   0.6702] 
	x364: [ -0.7602,  -0.5602] 
	x365: [  0.3713,   0.5713] 
	x366: [  2.2001,   2.4001] 
	x367: [ -0.3197,  -0.1197] 
	x368: [  2.2727,   2.4727] 
	x369: [ -1.7223,  -1.5223] 
	x370: [ -0.5530,  -0.3530] 
	x371: [ -1.0053,  -0.8053] 
	x372: [  0.5356,   0.7356] 
	x373: [ -0.8951,  -0.6951] 
	x374: [  3.5466,   3.7466] 
	x375: [ -1.8330,  -1.6330] 
	x376: [  2.9657,   3.1657] 
	x377: [  1.1323,   1.3323] 
	x378: [ -4.2444,  -4.0444] 
	x379: [ -0.3436,  -0.1436] 
	x380: [ -3.6536,  -3.4536] 
	x381: [  1.7522,   1.9522] 
	x382: [  1.4248,   1.6248] 
	x383: [ -1.1793,  -0.9793] 
	x384: [  1.6784,   1.8784] 
	x385: [  1.9447,   2.1447] 
	x386: [ -1.8465,  -1.6465] 
	x387: [  1.0654,   1.2654] 
	x388: [ -1.2911,  -1.0911] 
	x389: [  1.4049,   1.6049] 
	x390: [  1.1781,   1.3781] 
	x391: [ -2.3149,  -2.1149] 
	x392: [ -0.7893,  -0.5893] 
	x393: [ -0.7878,  -0.5878] 
	x394: [  1.9233,   2.1233] 
	x395: [  2.1160,   2.3160] 
	x396: [ -0.8330,  -0.6330] 
	x397: [ -0.8623,  -0.6623] 
	x398: [  1.3237,   1.5237] 
	x399: [ -0.5949,  -0.3949] 
	x400: [  2.4456,   2.6456] 
	x401: [ -0.0708,   0.1292] 
	x402: [  1.8170,   2.0170] 
	x403: [ -1.5744,  -1.3744] 
	x404: [ -0.8950,  -0.6950] 
	x405: [ -1.1200,  -0.9200] 
	x406: [  1.9075,   2.1075] 
	x407: [ -2.2375,  -2.0375] 
	x408: [ -2.0313,  -1.8313] 
	x409: [ -0.5218,  -0.3218] 
	x410: [ -0.8860,  -0.6860] 
	x411: [ -0.3582,  -0.1582] 
	x412: [ -3.0058,  -2.8058] 
	x413: [  2.0298,   2.2298] 
	x414: [  0.6496,   0.8496] 
	x415: [ -0.4173,  -0.2173] 
	x416: [  1.0262,   1.2262] 
	x417: [  1.5890,   1.7890] 
	x418: [  2.3477,   2.5477] 
	x419: [  3.2743,   3.4743] 
	x420: [ -1.5215,  -1.3215] 
	x421: [  2.9595,   3.1595] 
	x422: [  1.0279,   1.2279] 
	x423: [ -1.8099,  -1.6099] 
	x424: [  0.7021,   0.9021] 
	x425: [  1.9104,   2.1104] 
	x426: [  3.7803,   3.9803] 
	x427: [  1.4593,   1.6593] 
	x428: [  3.1563,   3.3563] 
	x429: [  0.5853,   0.7853] 
	x430: [  1.0105,   1.2105] 
	x431: [  1.3210,   1.5210] 
	x432: [ -1.7690,  -1.5690] 
	x433: [ -1.5760,  -1.3760] 
	x434: [  2.9172,   3.1172] 
	x435: [  0.2998,   0.4998] 
	x436: [ -1.8676,  -1.6676] 
	x437: [  0.3292,   0.5292] 
	x438: [  4.6539,   4.8539] 
	x439: [  2.6717,   2.8717] 
	x440: [  0.5253,   0.7253] 
	x441: [  1.8955,   2.0955] 
	x442: [  0.3327,   0.5327] 
	x443: [  1.2966,   1.4966] 
	x444: [ -1.4019,  -1.2019] 
	x445: [  0.4050,   0.6050] 
	x446: [  0.0671,   0.2671] 
	x447: [  1.7739,   1.9739] 
	x448: [ -2.3546,  -2.1546] 
	x449: [  2.5964,   2.7964] 
	x450: [ -3.4476,  -3.2476] 
	x451: [  1.2978,   1.4978] 
	x452: [ -0.0293,   0.1707] 
	x453: [ -0.3802,  -0.1802] 
	x454: [ -1.3481,  -1.1481] 
	x455: [ -0.2706,  -0.0706] 
	x456: [ -1.4438,  -1.2438] 
	x457: [ -1.1076,  -0.9076] 
	x458: [  5.0422,   5.2422] 
	x459: [  0.1252,   0.3252] 
	x460: [ -0.2379,  -0.0379] 
	x461: [ -1.6248,  -1.4248] 
	x462: [ -1.0971,  -0.8971] 
	x463: [ -1.4104,  -1.2104] 
	x464: [  1.1195,   1.3195] 
	x465: [  0.1720,   0.3720] 
	x466: [ -0.1024,   0.0976] 
	x467: [  1.1871,   1.3871] 
	x468: [  1.2543,   1.4543] 
	x469: [  1.0968,   1.2968] 
	x470: [ -1.7836,  -1.5836] 
	x471: [ -1.2707,  -1.0707] 
	x472: [ -2.4820,  -2.2820] 
	x473: [  2.8890,   3.0890] 
	x474: [  0.2183,   0.4183] 
	x475: [  0.3762,   0.5762] 
	x476: [  2.2338,   2.4338] 
	x477: [ -3.4138,  -3.2138] 
	x478: [  0.7310,   0.9310] 
	x479: [ -0.8798,  -0.6798] 
	x480: [ -3.0876,  -2.8876] 
	x481: [  0.3405,   0.5405] 
	x482: [ -0.4279,  -0.2279] 
	x483: [  1.8567,   2.0567] 
	x484: [  1.0637,   1.2637] 
	x485: [  0.5892,   0.7892] 
	x486: [ -2.1052,  -1.9052] 
	x487: [ -1.3091,  -1.1091] 
	x488: [  1.6771,   1.8771] 
	x489: [  2.5389,   2.7389] 
	x490: [  0.1043,   0.3043] 
	x491: [  0.2160,   0.4160] 
	x492: [  0.0421,   0.2421] 
	x493: [ -1.7360,  -1.5360] 
	x494: [  0.1338,   0.3338] 
	x495: [  0.9219,   1.1219] 
	x496: [ -1.8812,  -1.6812] 
	x497: [ -0.2376,  -0.0376] 
	x498: [ -0.9825,  -0.7825] 
	x499: [  0.5961,   0.7961] 
	x500: [ -0.7734,  -0.5734] 
	x501: [ -2.6032,  -2.4032] 
	x502: [  0.1543,   0.3543] 
	x503: [  0.9676,   1.1676] 
	x504: [  0.9677,   1.1677] 
	x505: [  0.3949,   0.5949] 
	x506: [ -0.9080,  -0.7080] 
	x507: [ -0.5696,  -0.3696] 
	x508: [ -2.4203,  -2.2203] 
	x509: [ -2.3504,  -2.1504] 
	x510: [  2.1543,   2.3543] 
	x511: [ -1.8630,  -1.6630] 

Branching heuristics set to PseudoImpact

Engine::solve: Initial statistics

03:01:31 Statistics update:
	--- Time Statistics ---
	Total time elapsed: 80 milli (00:00:00)
		Main loop: 0 milli (00:00:00)
		Preprocessing time: 36 milli (00:00:00)
		Unknown: 44 milli (00:00:00)
	Breakdown for main loop:
		[0.00%] Simplex steps: 0 milli
		[0.00%] Explicit-basis bound tightening: 0 milli
		[0.00%] Constraint-matrix bound tightening: 0 milli
		[0.00%] Degradation checking: 0 milli
		[0.00%] Precision restoration: 0 milli
		[0.00%] Statistics handling: 0 milli
		[0.00%] Constraint-fixing steps: 0 milli
		[0.00%] Valid case splits: 0 milli. Average per split: 0.00 milli
		[0.00%] Applying stored bound-tightening: 0 milli
		[0.00%] SMT core: 0 milli
		[0.00%] Symbolic Bound Tightening: 6 milli
		[0.00%] SoI-based local search: 0 milli
		[0.00%] SoI-based local search: 0 milli
		[0.00%] Unaccounted for: 0 milli
	--- Preprocessor Statistics ---
	Number of preprocessor bound-tightening loop iterations: 2
	Number of eliminated variables: 0
	Number of constraints removed due to variable elimination: 0
	Number of equations removed due to variable elimination: 0
	--- Engine Statistics ---
	Number of main loop iterations: 1
		0 iterations were simplex steps. Total time: 0 milli. Average: 0.00 milli.
		0 iterations were constraint-fixing steps. Total time: 0 milli. Average: 0.00 milli
	Number of active piecewise-linear constraints: 0 / 0
		Constraints disabled by valid splits: 0. By SMT-originated splits: 0
	Last reported degradation: 0.0000000000. Max degradation so far: 0.0000000000. Restorations so far: 0
	Number of simplex pivots we attempted to skip because of instability: 0.
	Unstable pivots performed anyway: 0
	--- Tableau Statistics ---
	Total number of pivots performed: 0
		Real pivots: 0. Degenerate: 0 (0.00%)
		Degenerate pivots by request (e.g., to fix a PL constraint): 0 (0.00%)
		Average time per pivot: 0.00 milli
	Total number of fake pivots performed: 0
	Total number of rows added: 0. Number of merged columns: 0
	Current tableau dimensions: M = 62, N = 636
	--- SMT Core Statistics ---
	Total depth is 0. Total visited states: 1. Number of splits: 0. Number of pops: 0
	Max stack depth: 0
	--- Bound Tightening Statistics ---
	Number of tightened bounds: 0.
		Number of rows examined by row tightener: 0. Consequent tightenings: 0
		Number of explicit basis matrices examined by row tightener: 0. Consequent tightenings: 0
		Number of bound tightening rounds on the entire constraint matrix: 0. Consequent tightenings: 0
		Number of bound notifications sent to PL constraints: 0. Tightenings proposed: 0
	--- Basis Factorization statistics ---
	Number of basis refactorizations: 2
	--- Projected Steepest Edge Statistics ---
	Number of iterations: 0.
	Number of resets to reference space: 1. Avg. iterations per reset: 0
	--- SBT ---
	Number of tightened bounds: 1
	--- SoI-based local search ---
	Number of proposed phase pattern update: 0. Number of accepted update: 0 [0.00%]
	Total time (% of local search time) updating SoI phase pattern : 0 milli [0.00%]
	Total time obtaining current assignment: 0 milli [0.00%]
	Total time getting SoI phase pattern : 0 milli [0.00%]
	--- Context dependent statistics ---
	Number of pushes / pops: 0 / 0
		[0.00%] Pre-Push hook: 0 milli
		[0.00%] Push : 0 milli
		[0.00%] Post-Pop hook: 0 milli
		[0.00%] Pop : 0 milli
		[0.00%] Total context-switching time: 0 milli
	--- Proof Certificate ---
	Number of certified leaves: 0
	Number of leaves to delegate: 0

---
Before declaring sat, recomputing...

Engine::solve: sat assignment found

03:01:31 Statistics update:
	--- Time Statistics ---
	Total time elapsed: 97 milli (00:00:00)
		Main loop: 16 milli (00:00:00)
		Preprocessing time: 36 milli (00:00:00)
		Unknown: 44 milli (00:00:00)
	Breakdown for main loop:
		[2.62%] Simplex steps: 0 milli
		[88.36%] Explicit-basis bound tightening: 14 milli
		[0.00%] Constraint-matrix bound tightening: 0 milli
		[0.00%] Degradation checking: 0 milli
		[0.00%] Precision restoration: 0 milli
		[0.00%] Statistics handling: 0 milli
		[0.00%] Constraint-fixing steps: 0 milli
		[0.00%] Valid case splits: 0 milli. Average per split: 0.00 milli
		[0.00%] Applying stored bound-tightening: 0 milli
		[0.00%] SMT core: 0 milli
		[48.63%] Symbolic Bound Tightening: 7 milli
		[0.00%] SoI-based local search: 0 milli
		[0.00%] SoI-based local search: 0 milli
		[112817222639040704.00%] Unaccounted for: 0 milli
	--- Preprocessor Statistics ---
	Number of preprocessor bound-tightening loop iterations: 2
	Number of eliminated variables: 0
	Number of constraints removed due to variable elimination: 0
	Number of equations removed due to variable elimination: 0
	--- Engine Statistics ---
	Number of main loop iterations: 6
		3 iterations were simplex steps. Total time: 0 milli. Average: 0.00 milli.
		0 iterations were constraint-fixing steps. Total time: 0 milli. Average: 0.00 milli
	Number of active piecewise-linear constraints: 0 / 0
		Constraints disabled by valid splits: 0. By SMT-originated splits: 0
	Last reported degradation: 0.0000000000. Max degradation so far: 0.0000000000. Restorations so far: 0
	Number of simplex pivots we attempted to skip because of instability: 0.
	Unstable pivots performed anyway: 0
	--- Tableau Statistics ---
	Total number of pivots performed: 1
		Real pivots: 1. Degenerate: 0 (0.00%)
		Degenerate pivots by request (e.g., to fix a PL constraint): 0 (0.00%)
		Average time per pivot: 0.00 milli
	Total number of fake pivots performed: 2
	Total number of rows added: 0. Number of merged columns: 0
	Current tableau dimensions: M = 62, N = 636
	--- SMT Core Statistics ---
	Total depth is 0. Total visited states: 1. Number of splits: 0. Number of pops: 0
	Max stack depth: 0
	--- Bound Tightening Statistics ---
	Number of tightened bounds: 0.
		Number of rows examined by row tightener: 1. Consequent tightenings: 0
		Number of explicit basis matrices examined by row tightener: 3. Consequent tightenings: 0
		Number of bound tightening rounds on the entire constraint matrix: 0. Consequent tightenings: 0
		Number of bound notifications sent to PL constraints: 0. Tightenings proposed: 0
	--- Basis Factorization statistics ---
	Number of basis refactorizations: 2
	--- Projected Steepest Edge Statistics ---
	Number of iterations: 3.
	Number of resets to reference space: 1. Avg. iterations per reset: 3
	--- SBT ---
	Number of tightened bounds: 1
	--- SoI-based local search ---
	Number of proposed phase pattern update: 0. Number of accepted update: 0 [0.00%]
	Total time (% of local search time) updating SoI phase pattern : 0 milli [0.00%]
	Total time obtaining current assignment: 0 milli [0.00%]
	Total time getting SoI phase pattern : 0 milli [0.00%]
	--- Context dependent statistics ---
	Number of pushes / pops: 0 / 0
		[0.00%] Pre-Push hook: 0 milli
		[0.00%] Push : 0 milli
		[0.00%] Post-Pop hook: 0 milli
		[0.00%] Pop : 0 milli
		[0.00%] Total context-switching time: 0 milli
	--- Proof Certificate ---
	Number of certified leaves: 0
	Number of leaves to delegate: 0
sat
Input assignment:
	x0 = -0.672325
	x1 = -1.269632
	x2 = -0.987088
	x3 = 2.488184
	x4 = 1.458160
	x5 = -3.652291
	x6 = 2.415407
	x7 = -3.219816
	x8 = -0.618675
	x9 = 2.997304
	x10 = 1.147156
	x11 = -1.056468
	x12 = -0.655227
	x13 = 1.291154
	x14 = -0.358894
	x15 = 0.450565
	x16 = -2.149348
	x17 = 2.436184
	x18 = -0.874151
	x19 = 0.334995
	x20 = 0.136700
	x21 = -1.091257
	x22 = -2.158839
	x23 = -0.007205
	x24 = -2.651343
	x25 = -0.587936
	x26 = 0.826093
	x27 = -1.772676
	x28 = 0.459604
	x29 = -1.500074
	x30 = 2.531845
	x31 = -0.667778
	x32 = 0.217018
	x33 = -1.123488
	x34 = 0.699684
	x35 = -1.690141
	x36 = -1.408988
	x37 = -0.690576
	x38 = 1.321837
	x39 = -1.916522
	x40 = -0.533660
	x41 = -0.478564
	x42 = -1.062645
	x43 = 2.127106
	x44 = 1.790707
	x45 = 0.963660
	x46 = -3.928953
	x47 = -2.463271
	x48 = 1.440293
	x49 = 0.348113
	x50 = 0.978925
	x51 = 1.290924
	x52 = 2.033127
	x53 = 3.241715
	x54 = -1.257096
	x55 = 0.451036
	x56 = -0.795629
	x57 = 1.544399
	x58 = -2.321523
	x59 = -0.934548
	x60 = 4.003011
	x61 = 2.033521
	x62 = -0.653846
	x63 = -1.611097
	x64 = -0.390533
	x65 = -1.504316
	x66 = -0.256173
	x67 = -2.511160
	x68 = -0.251548
	x69 = -2.903626
	x70 = -0.995872
	x71 = -1.113240
	x72 = -3.362988
	x73 = 0.546626
	x74 = 1.548648
	x75 = -1.483269
	x76 = 1.838726
	x77 = 0.109131
	x78 = 1.076551
	x79 = 0.305259
	x80 = -2.423512
	x81 = -0.172081
	x82 = -2.599698
	x83 = -1.019373
	x84 = 2.073323
	x85 = 0.737235
	x86 = -1.344786
	x87 = 0.626517
	x88 = -2.192283
	x89 = 0.074177
	x90 = 1.474828
	x91 = 2.098494
	x92 = -1.960598
	x93 = 3.143523
	x94 = -1.475835
	x95 = 2.088483
	x96 = 0.680363
	x97 = -1.251441
	x98 = 2.634065
	x99 = 0.078083
	x100 = 0.345224
	x101 = 1.270047
	x102 = -0.170602
	x103 = 4.604982
	x104 = 0.422734
	x105 = -3.571965
	x106 = -1.033397
	x107 = 0.952038
	x108 = 3.043389
	x109 = -1.332105
	x110 = -0.506509
	x111 = -2.237915
	x112 = 2.521727
	x113 = 1.781863
	x114 = -0.466293
	x115 = -0.701434
	x116 = -0.579623
	x117 = -0.821316
	x118 = -0.137257
	x119 = 4.275096
	x120 = -1.780516
	x121 = 2.673259
	x122 = -0.275194
	x123 = 1.883289
	x124 = 2.644345
	x125 = -3.509727
	x126 = 0.471847
	x127 = -0.001015
	x128 = -1.806508
	x129 = -4.812733
	x130 = 0.771351
	x131 = 0.356851
	x132 = -0.737723
	x133 = -3.311660
	x134 = -0.388776
	x135 = -2.828265
	x136 = -1.729426
	x137 = 3.102210
	x138 = -0.274792
	x139 = -0.895829
	x140 = -3.110370
	x141 = -2.099400
	x142 = 1.811754
	x143 = 1.348087
	x144 = -2.000753
	x145 = -0.442241
	x146 = -1.390657
	x147 = -0.132207
	x148 = -0.001971
	x149 = -0.183216
	x150 = 0.131165
	x151 = -3.462782
	x152 = 0.070383
	x153 = -0.729534
	x154 = -2.121453
	x155 = 2.768286
	x156 = 0.299598
	x157 = -1.154430
	x158 = -1.093858
	x159 = -0.431855
	x160 = -0.744750
	x161 = 0.530056
	x162 = -1.125698
	x163 = -1.381333
	x164 = -0.882241
	x165 = 1.629665
	x166 = -0.109761
	x167 = 0.970656
	x168 = 0.289719
	x169 = -2.703333
	x170 = 1.240542
	x171 = -4.217500
	x172 = -0.119354
	x173 = 1.868311
	x174 = -0.581587
	x175 = 0.846501
	x176 = 1.566770
	x177 = -1.097159
	x178 = 1.013654
	x179 = -2.376093
	x180 = -0.319760
	x181 = -1.417156
	x182 = 3.131130
	x183 = 0.769315
	x184 = -2.363848
	x185 = -2.767924
	x186 = 1.699543
	x187 = 0.565145
	x188 = 1.843043
	x189 = -1.135378
	x190 = -0.194199
	x191 = 1.047035
	x192 = 0.393818
	x193 = -0.910411
	x194 = 0.450646
	x195 = -1.446978
	x196 = -0.528110
	x197 = 4.161715
	x198 = -1.631277
	x199 = -1.705708
	x200 = -1.845648
	x201 = 2.485285
	x202 = 0.230640
	x203 = 1.838497
	x204 = -0.655230
	x205 = -1.360004
	x206 = 1.475541
	x207 = -0.084513
	x208 = -1.403662
	x209 = -1.312928
	x210 = -0.264496
	x211 = -1.585973
	x212 = -0.191235
	x213 = -1.071269
	x214 = 2.541839
	x215 = 1.626521
	x216 = -0.088732
	x217 = -0.540158
	x218 = 0.075234
	x219 = -1.572937
	x220 = -0.904717
	x221 = -4.091200
	x222 = -0.729097
	x223 = 1.356745
	x224 = -1.396868
	x225 = 0.168958
	x226 = -4.490661
	x227 = 2.382007
	x228 = -2.330419
	x229 = -1.512369
	x230 = 3.290874
	x231 = 5.250998
	x232 = -0.876397
	x233 = 2.262539
	x234 = -4.148587
	x235 = 1.378320
	x236 = 1.704084
	x237 = -2.503281
	x238 = -1.327705
	x239 = -0.752943
	x240 = -0.898244
	x241 = 0.396011
	x242 = -1.199894
	x243 = 0.089376
	x244 = 0.573347
	x245 = -0.798915
	x246 = -1.139336
	x247 = -2.705159
	x248 = 0.973673
	x249 = 1.946189
	x250 = -1.195174
	x251 = 1.188581
	x252 = -0.022285
	x253 = -2.335329
	x254 = 1.016665
	x255 = -3.796180
	x256 = 3.503263
	x257 = -0.327080
	x258 = 4.385436
	x259 = -2.689923
	x260 = 2.309166
	x261 = 1.162237
	x262 = 1.073312
	x263 = 0.393932
	x264 = 0.338285
	x265 = 1.945190
	x266 = -2.550369
	x267 = -0.514453
	x268 = -1.630899
	x269 = -0.828556
	x270 = -0.656345
	x271 = 1.632641
	x272 = 3.757149
	x273 = 0.324023
	x274 = 0.463160
	x275 = -0.247403
	x276 = -0.591425
	x277 = -0.736585
	x278 = -3.975396
	x279 = 1.903380
	x280 = -2.654349
	x281 = -0.983060
	x282 = -0.345652
	x283 = -0.848165
	x284 = 1.158896
	x285 = -0.190316
	x286 = -2.100251
	x287 = -0.664453
	x288 = -1.267856
	x289 = -2.537962
	x290 = 0.009141
	x291 = 1.176987
	x292 = 1.166017
	x293 = -3.110739
	x294 = 0.751027
	x295 = -0.956794
	x296 = -0.913875
	x297 = -0.547785
	x298 = -1.557695
	x299 = -0.896432
	x300 = -2.111574
	x301 = 0.547381
	x302 = 0.735741
	x303 = 1.088519
	x304 = 2.798530
	x305 = -2.247346
	x306 = -0.470113
	x307 = -0.086527
	x308 = 1.077951
	x309 = -1.475368
	x310 = 3.059724
	x311 = -0.900250
	x312 = -1.201526
	x313 = 0.851946
	x314 = -1.803358
	x315 = -0.245738
	x316 = 2.504973
	x317 = -0.770512
	x318 = 0.269230
	x319 = 1.095380
	x320 = 1.308101
	x321 = 0.119621
	x322 = -2.537817
	x323 = 2.305243
	x324 = -0.246830
	x325 = -1.970881
	x326 = -3.012249
	x327 = 0.048361
	x328 = 0.234257
	x329 = 0.891818
	x330 = -0.766367
	x331 = -0.252182
	x332 = 0.492012
	x333 = -3.068499
	x334 = -0.554372
	x335 = -0.094551
	x336 = 1.047404
	x337 = 6.585872
	x338 = -1.476267
	x339 = -2.720696
	x340 = 1.409182
	x341 = 0.281039
	x342 = -2.410469
	x343 = -1.123946
	x344 = -4.612867
	x345 = -1.901958
	x346 = -0.706902
	x347 = -1.202126
	x348 = -0.474834
	x349 = -1.383189
	x350 = -1.008601
	x351 = -2.032475
	x352 = -0.569563
	x353 = 1.720866
	x354 = 1.001440
	x355 = 0.001473
	x356 = 0.417812
	x357 = -0.049085
	x358 = 2.134038
	x359 = 0.087684
	x360 = -2.155148
	x361 = 0.206443
	x362 = -0.621380
	x363 = 0.470183
	x364 = -0.760212
	x365 = 0.371306
	x366 = 2.200128
	x367 = -0.319715
	x368 = 2.272703
	x369 = -1.722303
	x370 = -0.552984
	x371 = -1.005254
	x372 = 0.535594
	x373 = -0.895086
	x374 = 3.546635
	x375 = -1.832957
	x376 = 2.965686
	x377 = 1.132334
	x378 = -4.244416
	x379 = -0.343646
	x380 = -3.653643
	x381 = 1.752206
	x382 = 1.424759
	x383 = -1.179308
	x384 = 1.678353
	x385 = 1.944748
	x386 = -1.846535
	x387 = 1.065419
	x388 = -1.291126
	x389 = 1.404899
	x390 = 1.178091
	x391 = -2.314883
	x392 = -0.789282
	x393 = -0.787809
	x394 = 1.923346
	x395 = 2.116048
	x396 = -0.833046
	x397 = -0.862327
	x398 = 1.323746
	x399 = -0.594936
	x400 = 2.445553
	x401 = -0.070769
	x402 = 1.816996
	x403 = -1.574406
	x404 = -0.895031
	x405 = -1.119972
	x406 = 1.907473
	x407 = -2.237535
	x408 = -2.031289
	x409 = -0.521850
	x410 = -0.886024
	x411 = -0.358234
	x412 = -3.005842
	x413 = 2.029815
	x414 = 0.649593
	x415 = -0.417289
	x416 = 1.026240
	x417 = 1.589010
	x418 = 2.347727
	x419 = 3.274331
	x420 = -1.321492
	x421 = 2.959544
	x422 = 1.027865
	x423 = -1.809922
	x424 = 0.702081
	x425 = 1.910386
	x426 = 3.780275
	x427 = 1.459310
	x428 = 3.156345
	x429 = 0.585291
	x430 = 1.010469
	x431 = 1.321003
	x432 = -1.768997
	x433 = -1.575991
	x434 = 2.917212
	x435 = 0.299765
	x436 = -1.867615
	x437 = 0.329155
	x438 = 4.653938
	x439 = 2.671684
	x440 = 0.525303
	x441 = 1.895520
	x442 = 0.332741
	x443 = 1.296587
	x444 = -1.401906
	x445 = 0.404976
	x446 = 0.067128
	x447 = 1.773947
	x448 = -2.354561
	x449 = 2.596368
	x450 = -3.447593
	x451 = 1.297793
	x452 = -0.029292
	x453 = -0.380162
	x454 = -1.348062
	x455 = -0.270646
	x456 = -1.443839
	x457 = -1.107642
	x458 = 5.042191
	x459 = 0.125186
	x460 = -0.237947
	x461 = -1.624799
	x462 = -1.097137
	x463 = -1.410371
	x464 = 1.119498
	x465 = 0.171972
	x466 = -0.102446
	x467 = 1.187122
	x468 = 1.254321
	x469 = 1.096838
	x470 = -1.783617
	x471 = -1.270714
	x472 = -2.482039
	x473 = 2.889043
	x474 = 0.218319
	x475 = 0.376217
	x476 = 2.233771
	x477 = -3.413768
	x478 = 0.731035
	x479 = -0.879772
	x480 = -3.087642
	x481 = 0.340473
	x482 = -0.427905
	x483 = 1.856663
	x484 = 1.063722
	x485 = 0.589200
	x486 = -2.105188
	x487 = -1.309065
	x488 = 1.677059
	x489 = 2.538942
	x490 = 0.104339
	x491 = 0.216045
	x492 = 0.042131
	x493 = -1.736007
	x494 = 0.133845
	x495 = 0.921883
	x496 = -1.881244
	x497 = -0.237618
	x498 = -0.982480
	x499 = 0.596057
	x500 = -0.773361
	x501 = -2.603157
	x502 = 0.154310
	x503 = 0.967553
	x504 = 0.967744
	x505 = 0.394909
	x506 = -0.907960
	x507 = -0.569643
	x508 = -2.420323
	x509 = -2.350369
	x510 = 2.154296
	x511 = -1.862992

Output:
	y0 = -5.686636
	y1 = -2.875331
	y2 = -3.569243
	y3 = -3.721427
	y4 = -3.009756
	y5 = -3.307735
	y6 = -3.115845
	y7 = -2.538431
	y8 = -3.463477
	y9 = 6.358349
	y10 = -3.087606
	y11 = -3.118086
	y12 = -4.021752
	y13 = -2.596788
	y14 = 6.394513
	y15 = 6.239592
	y16 = 6.367454
	y17 = 6.299934
	y18 = -2.606200
	y19 = -2.926959
	y20 = -2.919575
	y21 = -2.232785
	y22 = -3.158925
	y23 = -2.484090
	y24 = 6.353023
	y25 = 6.431085
	y26 = 6.382037
	y27 = -3.908315
	y28 = -3.008686
	y29 = -3.022796
	y30 = 6.478933
	y31 = -2.785937
	y32 = -2.366715
	y33 = -3.229790
	y34 = -2.358558
	y35 = -1.702044
	y36 = 6.478923
	y37 = 6.347559
	y38 = -2.745236
	y39 = -2.769135
	y40 = -3.505914
	y41 = -3.368264
	y42 = -2.411451
	y43 = 6.371653
	y44 = 6.372657
	y45 = 6.375649
	y46 = 6.281014
	y47 = 6.354539
	y48 = -2.421721
	y49 = -2.081503
	y50 = -3.129945
	y51 = -2.312629
	y52 = -2.870620
	y53 = -2.704683
	y54 = -3.013752
	y55 = -2.945583
	y56 = 6.291526
	y57 = -2.047061
	y58 = -2.053727
	y59 = -2.253052
	y60 = -2.417912

