InputQuery: /home/levn/Workspace/othello_world/queries/head_robust/group_0/game_96_adv_labels_54_eps_0.05.txt
Engine::processInputQuery: Input query (before preprocessing): 62 equations, 573 variables
Engine::processInputQuery: Input query (after preprocessing): 62 equations, 574 variables

Input bounds:
	x0: [  0.1210,   0.2210] 
	x1: [ -1.3632,  -1.2632] 
	x2: [ -1.5850,  -1.4850] 
	x3: [  2.7715,   2.8715] 
	x4: [  2.5299,   2.6299] 
	x5: [  1.7621,   1.8621] 
	x6: [  1.7111,   1.8111] 
	x7: [ -1.0150,  -0.9150] 
	x8: [ -1.6652,  -1.5652] 
	x9: [ -1.0250,  -0.9250] 
	x10: [  3.5846,   3.6846] 
	x11: [ -0.1109,  -0.0109] 
	x12: [ -0.1642,  -0.0642] 
	x13: [ -1.8941,  -1.7941] 
	x14: [  0.5905,   0.6905] 
	x15: [ -0.6022,  -0.5022] 
	x16: [  0.1690,   0.2690] 
	x17: [  2.6801,   2.7801] 
	x18: [ -0.1377,  -0.0377] 
	x19: [  3.1331,   3.2331] 
	x20: [  1.7617,   1.8617] 
	x21: [ -1.2020,  -1.1020] 
	x22: [ -1.4293,  -1.3293] 
	x23: [  2.6649,   2.7649] 
	x24: [ -0.2692,  -0.1692] 
	x25: [  0.6206,   0.7206] 
	x26: [  2.8732,   2.9732] 
	x27: [ -0.1670,  -0.0670] 
	x28: [ -0.9728,  -0.8728] 
	x29: [ -0.1502,  -0.0502] 
	x30: [  2.9705,   3.0705] 
	x31: [  2.2786,   2.3786] 
	x32: [  1.6040,   1.7040] 
	x33: [  1.9046,   2.0046] 
	x34: [ -2.0415,  -1.9415] 
	x35: [ -2.1948,  -2.0948] 
	x36: [  0.8655,   0.9655] 
	x37: [ -3.4546,  -3.3546] 
	x38: [ -2.2941,  -2.1941] 
	x39: [ -4.7266,  -4.6266] 
	x40: [  1.8901,   1.9901] 
	x41: [  2.1011,   2.2011] 
	x42: [ -3.2501,  -3.1501] 
	x43: [  1.5994,   1.6994] 
	x44: [ -0.3583,  -0.2583] 
	x45: [ -0.5333,  -0.4333] 
	x46: [  0.2577,   0.3577] 
	x47: [  3.1073,   3.2073] 
	x48: [  1.7011,   1.8011] 
	x49: [ -0.7908,  -0.6908] 
	x50: [  3.3025,   3.4025] 
	x51: [ -2.8703,  -2.7703] 
	x52: [  0.3441,   0.4441] 
	x53: [ -0.7465,  -0.6465] 
	x54: [  2.6226,   2.7226] 
	x55: [  1.7587,   1.8587] 
	x56: [ -2.6344,  -2.5344] 
	x57: [ -1.9069,  -1.8069] 
	x58: [ -1.3282,  -1.2282] 
	x59: [ -1.8935,  -1.7935] 
	x60: [  0.9811,   1.0811] 
	x61: [  0.5984,   0.6984] 
	x62: [ -1.6907,  -1.5907] 
	x63: [ -0.6151,  -0.5151] 
	x64: [ -1.9046,  -1.8046] 
	x65: [ -0.7554,  -0.6554] 
	x66: [ -1.9387,  -1.8387] 
	x67: [ -1.1416,  -1.0416] 
	x68: [ -0.2140,  -0.1140] 
	x69: [  0.5737,   0.6737] 
	x70: [ -1.5293,  -1.4293] 
	x71: [ -0.1090,  -0.0090] 
	x72: [ -2.8547,  -2.7547] 
	x73: [ -1.1494,  -1.0494] 
	x74: [ -1.8517,  -1.7517] 
	x75: [ -2.4762,  -2.3762] 
	x76: [  0.6196,   0.7196] 
	x77: [ -0.3412,  -0.2412] 
	x78: [ -0.1890,  -0.0890] 
	x79: [  1.8424,   1.9424] 
	x80: [ -3.7441,  -3.6441] 
	x81: [  1.9103,   2.0103] 
	x82: [ -0.7235,  -0.6235] 
	x83: [ -2.2709,  -2.1709] 
	x84: [  1.6877,   1.7877] 
	x85: [  0.4525,   0.5525] 
	x86: [  0.5491,   0.6491] 
	x87: [ -1.6473,  -1.5473] 
	x88: [  0.1355,   0.2355] 
	x89: [  2.2609,   2.3609] 
	x90: [  0.2478,   0.3478] 
	x91: [  0.4695,   0.5695] 
	x92: [ -1.5913,  -1.4913] 
	x93: [ -3.5818,  -3.4818] 
	x94: [ -2.2901,  -2.1901] 
	x95: [  1.4172,   1.5172] 
	x96: [  0.3128,   0.4128] 
	x97: [ -0.3025,  -0.2025] 
	x98: [  0.3182,   0.4182] 
	x99: [ -1.5053,  -1.4053] 
	x100: [  0.1383,   0.2383] 
	x101: [ -0.8521,  -0.7521] 
	x102: [  1.1195,   1.2195] 
	x103: [ -0.3004,  -0.2004] 
	x104: [  1.8547,   1.9547] 
	x105: [ -1.0878,  -0.9878] 
	x106: [  0.0241,   0.1241] 
	x107: [  4.6907,   4.7907] 
	x108: [  1.0861,   1.1861] 
	x109: [  3.3411,   3.4411] 
	x110: [  0.1097,   0.2097] 
	x111: [  0.0915,   0.1915] 
	x112: [ -0.7477,  -0.6477] 
	x113: [  1.4708,   1.5708] 
	x114: [ -1.1476,  -1.0476] 
	x115: [ -3.7011,  -3.6011] 
	x116: [ -1.7916,  -1.6916] 
	x117: [ -2.0091,  -1.9091] 
	x118: [  1.8990,   1.9990] 
	x119: [  0.8785,   0.9785] 
	x120: [  0.0115,   0.1115] 
	x121: [ -3.8610,  -3.7610] 
	x122: [  4.0252,   4.1252] 
	x123: [ -0.4820,  -0.3820] 
	x124: [  1.4391,   1.5391] 
	x125: [  0.3448,   0.4448] 
	x126: [  0.8886,   0.9886] 
	x127: [  0.6046,   0.7046] 
	x128: [  1.7029,   1.8029] 
	x129: [  2.8452,   2.9452] 
	x130: [  2.5121,   2.6121] 
	x131: [ -4.6619,  -4.5619] 
	x132: [ -0.0321,   0.0679] 
	x133: [ -0.5803,  -0.4803] 
	x134: [ -0.3108,  -0.2108] 
	x135: [ -2.4360,  -2.3360] 
	x136: [  1.2647,   1.3647] 
	x137: [  0.4609,   0.5609] 
	x138: [  2.4937,   2.5937] 
	x139: [ -0.7685,  -0.6685] 
	x140: [  0.4883,   0.5883] 
	x141: [  3.2986,   3.3986] 
	x142: [ -0.5340,  -0.4340] 
	x143: [  3.1683,   3.2683] 
	x144: [ -1.7324,  -1.6324] 
	x145: [  0.9162,   1.0162] 
	x146: [  1.3971,   1.4971] 
	x147: [ -1.2815,  -1.1815] 
	x148: [ -0.6198,  -0.5198] 
	x149: [ -0.3270,  -0.2270] 
	x150: [ -0.5178,  -0.4178] 
	x151: [  2.1957,   2.2957] 
	x152: [  0.1409,   0.2409] 
	x153: [  0.6929,   0.7929] 
	x154: [  0.0806,   0.1806] 
	x155: [  1.0447,   1.1447] 
	x156: [  0.0101,   0.1101] 
	x157: [  3.3435,   3.4435] 
	x158: [ -3.5590,  -3.4590] 
	x159: [  1.3052,   1.4052] 
	x160: [ -2.0791,  -1.9791] 
	x161: [  1.6405,   1.7405] 
	x162: [ -0.1403,  -0.0403] 
	x163: [  1.1559,   1.2559] 
	x164: [ -4.8057,  -4.7057] 
	x165: [ -0.2894,  -0.1894] 
	x166: [ -1.2854,  -1.1854] 
	x167: [  1.0763,   1.1763] 
	x168: [ -0.5250,  -0.4250] 
	x169: [  2.3756,   2.4756] 
	x170: [  0.4990,   0.5990] 
	x171: [  3.2088,   3.3088] 
	x172: [  0.0070,   0.1070] 
	x173: [ -0.7377,  -0.6377] 
	x174: [ -1.4350,  -1.3350] 
	x175: [ -2.9663,  -2.8663] 
	x176: [  0.1747,   0.2747] 
	x177: [  1.1865,   1.2865] 
	x178: [ -1.1547,  -1.0547] 
	x179: [  1.4590,   1.5590] 
	x180: [ -0.0677,   0.0323] 
	x181: [ -0.3039,  -0.2039] 
	x182: [ -2.3634,  -2.2634] 
	x183: [  0.0627,   0.1627] 
	x184: [ -1.9750,  -1.8750] 
	x185: [ -0.7306,  -0.6306] 
	x186: [  2.1599,   2.2599] 
	x187: [  1.3394,   1.4394] 
	x188: [  2.5953,   2.6953] 
	x189: [ -1.2734,  -1.1734] 
	x190: [  1.2455,   1.3455] 
	x191: [  3.2696,   3.3696] 
	x192: [ -1.5392,  -1.4392] 
	x193: [ -0.0141,   0.0859] 
	x194: [  1.8483,   1.9483] 
	x195: [ -0.9270,  -0.8270] 
	x196: [ -0.3226,  -0.2226] 
	x197: [ -0.5745,  -0.4745] 
	x198: [ -1.4618,  -1.3618] 
	x199: [  1.8303,   1.9303] 
	x200: [ -0.3961,  -0.2961] 
	x201: [ -0.6157,  -0.5157] 
	x202: [  0.7985,   0.8985] 
	x203: [ -0.8277,  -0.7277] 
	x204: [ -1.2180,  -1.1180] 
	x205: [  1.9212,   2.0212] 
	x206: [  0.3303,   0.4303] 
	x207: [ -0.0424,   0.0576] 
	x208: [ -3.3883,  -3.2883] 
	x209: [ -0.0099,   0.0901] 
	x210: [ -1.7944,  -1.6944] 
	x211: [ -2.1618,  -2.0618] 
	x212: [  1.9894,   2.0894] 
	x213: [  2.2853,   2.3853] 
	x214: [  2.7341,   2.8341] 
	x215: [ -1.4285,  -1.3285] 
	x216: [ -0.5782,  -0.4782] 
	x217: [ -1.5207,  -1.4207] 
	x218: [ -0.6906,  -0.5906] 
	x219: [ -1.6405,  -1.5405] 
	x220: [  0.1380,   0.2380] 
	x221: [ -2.6837,  -2.5837] 
	x222: [  1.4710,   1.5710] 
	x223: [  0.7641,   0.8641] 
	x224: [ -0.8230,  -0.7230] 
	x225: [ -0.8766,  -0.7766] 
	x226: [  2.3935,   2.4935] 
	x227: [  0.1451,   0.2451] 
	x228: [  2.1674,   2.2674] 
	x229: [  1.0931,   1.1931] 
	x230: [  5.1637,   5.2637] 
	x231: [ -1.0766,  -0.9766] 
	x232: [  1.4791,   1.5791] 
	x233: [  0.5862,   0.6862] 
	x234: [  0.1444,   0.2444] 
	x235: [  0.5831,   0.6831] 
	x236: [  0.6954,   0.7954] 
	x237: [  1.7454,   1.8454] 
	x238: [  0.5344,   0.6344] 
	x239: [  0.8073,   0.9073] 
	x240: [ -0.1358,  -0.0358] 
	x241: [  2.0246,   2.1246] 
	x242: [ -0.5061,  -0.4061] 
	x243: [  2.0167,   2.1167] 
	x244: [  1.1182,   1.2182] 
	x245: [  1.1773,   1.2773] 
	x246: [  1.7430,   1.8430] 
	x247: [ -0.5356,  -0.4356] 
	x248: [ -1.5379,  -1.4379] 
	x249: [ -0.6228,  -0.5228] 
	x250: [ -1.6732,  -1.5732] 
	x251: [  0.0093,   0.1093] 
	x252: [ -3.3501,  -3.2501] 
	x253: [ -0.5555,  -0.4555] 
	x254: [ -1.1301,  -1.0301] 
	x255: [ -2.7396,  -2.6396] 
	x256: [ -1.3050,  -1.2050] 
	x257: [  0.7460,   0.8460] 
	x258: [ -1.7694,  -1.6694] 
	x259: [ -0.2247,  -0.1247] 
	x260: [  3.8569,   3.9569] 
	x261: [ -0.6306,  -0.5306] 
	x262: [ -2.3869,  -2.2869] 
	x263: [  0.7937,   0.8937] 
	x264: [ -0.3237,  -0.2237] 
	x265: [ -0.8846,  -0.7846] 
	x266: [ -1.5100,  -1.4100] 
	x267: [ -0.2552,  -0.1552] 
	x268: [ -1.8352,  -1.7352] 
	x269: [ -0.0828,   0.0172] 
	x270: [  3.0470,   3.1470] 
	x271: [ -1.7671,  -1.6671] 
	x272: [  0.8378,   0.9378] 
	x273: [ -0.8137,  -0.7137] 
	x274: [  1.5581,   1.6581] 
	x275: [ -1.3204,  -1.2204] 
	x276: [ -1.3321,  -1.2321] 
	x277: [  0.8890,   0.9890] 
	x278: [  2.5709,   2.6709] 
	x279: [  3.0904,   3.1904] 
	x280: [  1.7952,   1.8952] 
	x281: [ -3.2182,  -3.1182] 
	x282: [ -4.1457,  -4.0457] 
	x283: [ -1.5720,  -1.4720] 
	x284: [ -3.2442,  -3.1442] 
	x285: [ -0.8770,  -0.7770] 
	x286: [ -0.5749,  -0.4749] 
	x287: [ -1.1674,  -1.0674] 
	x288: [ -1.3893,  -1.2893] 
	x289: [  1.4981,   1.5981] 
	x290: [ -2.0157,  -1.9157] 
	x291: [  1.4070,   1.5070] 
	x292: [ -0.8750,  -0.7750] 
	x293: [ -0.6109,  -0.5109] 
	x294: [ -0.1628,  -0.0628] 
	x295: [ -2.5727,  -2.4727] 
	x296: [ -1.9207,  -1.8207] 
	x297: [  4.5258,   4.6258] 
	x298: [  0.4243,   0.5243] 
	x299: [ -0.0785,   0.0215] 
	x300: [  1.0968,   1.1968] 
	x301: [ -0.7127,  -0.6127] 
	x302: [  1.4508,   1.5508] 
	x303: [  2.6983,   2.7983] 
	x304: [ -0.7987,  -0.6987] 
	x305: [  0.4953,   0.5953] 
	x306: [  1.5594,   1.6594] 
	x307: [ -2.0562,  -1.9562] 
	x308: [ -2.1659,  -2.0659] 
	x309: [  1.5917,   1.6917] 
	x310: [ -0.5054,  -0.4054] 
	x311: [  0.6896,   0.7896] 
	x312: [ -0.1360,  -0.0360] 
	x313: [  1.8865,   1.9865] 
	x314: [ -3.9069,  -3.8069] 
	x315: [ -1.0053,  -0.9053] 
	x316: [ -0.8047,  -0.7047] 
	x317: [ -1.4139,  -1.3139] 
	x318: [  0.0282,   0.1282] 
	x319: [  0.2094,   0.3094] 
	x320: [ -2.3011,  -2.2011] 
	x321: [  1.1263,   1.2263] 
	x322: [ -1.1064,  -1.0064] 
	x323: [  2.3264,   2.4264] 
	x324: [ -0.3882,  -0.2882] 
	x325: [ -0.6647,  -0.5647] 
	x326: [  0.2278,   0.3278] 
	x327: [  2.1773,   2.2773] 
	x328: [  2.8103,   2.9103] 
	x329: [  0.6656,   0.7656] 
	x330: [  1.3411,   1.4411] 
	x331: [  0.9157,   1.0157] 
	x332: [ -1.0920,  -0.9920] 
	x333: [  0.4017,   0.5017] 
	x334: [ -0.9660,  -0.8660] 
	x335: [ -1.0498,  -0.9498] 
	x336: [  1.8614,   1.9614] 
	x337: [  0.2344,   0.3344] 
	x338: [  0.1925,   0.2925] 
	x339: [  3.0072,   3.1072] 
	x340: [  1.0953,   1.1953] 
	x341: [ -1.8826,  -1.7826] 
	x342: [ -1.3182,  -1.2182] 
	x343: [  2.3875,   2.4875] 
	x344: [  0.9847,   1.0847] 
	x345: [ -1.7852,  -1.6852] 
	x346: [  1.5216,   1.6216] 
	x347: [ -0.1384,  -0.0384] 
	x348: [  0.8298,   0.9298] 
	x349: [  0.7333,   0.8333] 
	x350: [ -0.2206,  -0.1206] 
	x351: [  1.0207,   1.1207] 
	x352: [ -1.9572,  -1.8572] 
	x353: [ -0.1388,  -0.0388] 
	x354: [  1.2177,   1.3177] 
	x355: [  1.4122,   1.5122] 
	x356: [ -1.2713,  -1.1713] 
	x357: [ -1.0133,  -0.9133] 
	x358: [  1.2962,   1.3962] 
	x359: [  0.5339,   0.6339] 
	x360: [ -2.5436,  -2.4436] 
	x361: [  0.1744,   0.2744] 
	x362: [ -0.4263,  -0.3263] 
	x363: [ -1.9142,  -1.8142] 
	x364: [ -1.2030,  -1.1030] 
	x365: [  0.4932,   0.5932] 
	x366: [  0.2654,   0.3654] 
	x367: [  1.3973,   1.4973] 
	x368: [ -1.5794,  -1.4794] 
	x369: [  1.8047,   1.9047] 
	x370: [ -3.6327,  -3.5327] 
	x371: [ -0.9046,  -0.8046] 
	x372: [  2.4787,   2.5787] 
	x373: [ -0.8242,  -0.7242] 
	x374: [  0.1386,   0.2386] 
	x375: [ -1.4365,  -1.3365] 
	x376: [ -3.3188,  -3.2188] 
	x377: [ -1.8294,  -1.7294] 
	x378: [  0.4115,   0.5115] 
	x379: [ -2.0514,  -1.9514] 
	x380: [ -0.3358,  -0.2358] 
	x381: [  1.1639,   1.2639] 
	x382: [ -2.4859,  -2.3859] 
	x383: [  0.9867,   1.0867] 
	x384: [ -0.1258,  -0.0258] 
	x385: [ -0.6178,  -0.5178] 
	x386: [ -0.8175,  -0.7175] 
	x387: [  0.4829,   0.5829] 
	x388: [ -1.6178,  -1.5178] 
	x389: [  1.1335,   1.2335] 
	x390: [ -0.5531,  -0.4531] 
	x391: [  1.7274,   1.8274] 
	x392: [  3.3597,   3.4597] 
	x393: [ -0.7635,  -0.6635] 
	x394: [ -0.3410,  -0.2410] 
	x395: [  0.3144,   0.4144] 
	x396: [ -0.6319,  -0.5319] 
	x397: [ -0.9875,  -0.8875] 
	x398: [ -1.3846,  -1.2846] 
	x399: [ -0.4524,  -0.3524] 
	x400: [  2.0867,   2.1867] 
	x401: [ -0.0823,   0.0177] 
	x402: [ -0.2819,  -0.1819] 
	x403: [ -4.4637,  -4.3637] 
	x404: [ -1.5511,  -1.4511] 
	x405: [  0.2789,   0.3789] 
	x406: [ -1.3931,  -1.2931] 
	x407: [  0.7843,   0.8843] 
	x408: [ -1.2077,  -1.1077] 
	x409: [  0.6144,   0.7144] 
	x410: [ -1.7858,  -1.6858] 
	x411: [ -1.5495,  -1.4495] 
	x412: [ -0.1853,  -0.0853] 
	x413: [ -2.3816,  -2.2816] 
	x414: [  0.2056,   0.3056] 
	x415: [  0.9041,   1.0041] 
	x416: [ -3.6093,  -3.5093] 
	x417: [ -0.4611,  -0.3611] 
	x418: [  1.5936,   1.6936] 
	x419: [  1.4800,   1.5800] 
	x420: [ -1.5929,  -1.4929] 
	x421: [  2.5628,   2.6628] 
	x422: [ -1.4560,  -1.3560] 
	x423: [  1.9898,   2.0898] 
	x424: [ -2.4172,  -2.3172] 
	x425: [  2.5049,   2.6049] 
	x426: [ -3.7005,  -3.6005] 
	x427: [  3.2684,   3.3684] 
	x428: [  5.7311,   5.8311] 
	x429: [  2.9954,   3.0954] 
	x430: [ -0.1361,  -0.0361] 
	x431: [ -2.5374,  -2.4374] 
	x432: [ -1.1699,  -1.0699] 
	x433: [  1.1704,   1.2704] 
	x434: [  1.1204,   1.2204] 
	x435: [  0.3142,   0.4142] 
	x436: [  1.0917,   1.1917] 
	x437: [  2.4057,   2.5057] 
	x438: [  0.3640,   0.4640] 
	x439: [  1.4071,   1.5071] 
	x440: [ -2.2174,  -2.1174] 
	x441: [  1.2107,   1.3107] 
	x442: [  3.8328,   3.9328] 
	x443: [ -0.1564,  -0.0564] 
	x444: [ -1.1557,  -1.0557] 
	x445: [ -1.3151,  -1.2151] 
	x446: [  0.5022,   0.6022] 
	x447: [  0.6653,   0.7653] 
	x448: [ -0.6384,  -0.5384] 
	x449: [ -0.1668,  -0.0668] 
	x450: [ -1.4531,  -1.3531] 
	x451: [  1.4219,   1.5219] 
	x452: [  0.5345,   0.6345] 
	x453: [  1.7365,   1.8365] 
	x454: [  0.1742,   0.2742] 
	x455: [ -4.0893,  -3.9893] 
	x456: [  0.2228,   0.3228] 
	x457: [ -0.7668,  -0.6668] 
	x458: [ -2.6714,  -2.5714] 
	x459: [  2.0136,   2.1136] 
	x460: [ -0.1373,  -0.0373] 
	x461: [ -0.7813,  -0.6813] 
	x462: [ -0.6056,  -0.5056] 
	x463: [ -0.5756,  -0.4756] 
	x464: [ -1.9117,  -1.8117] 
	x465: [  0.5412,   0.6412] 
	x466: [ -1.2128,  -1.1128] 
	x467: [ -1.2028,  -1.1028] 
	x468: [ -0.9201,  -0.8201] 
	x469: [  1.0240,   1.1240] 
	x470: [ -1.6330,  -1.5330] 
	x471: [ -0.5636,  -0.4636] 
	x472: [  0.5064,   0.6064] 
	x473: [ -1.0810,  -0.9810] 
	x474: [ -0.9031,  -0.8031] 
	x475: [ -1.3322,  -1.2322] 
	x476: [ -0.8061,  -0.7061] 
	x477: [  0.8131,   0.9131] 
	x478: [ -1.2705,  -1.1705] 
	x479: [ -0.4848,  -0.3848] 
	x480: [  1.7565,   1.8565] 
	x481: [ -1.1686,  -1.0686] 
	x482: [  0.3307,   0.4307] 
	x483: [  0.4031,   0.5031] 
	x484: [ -0.2277,  -0.1277] 
	x485: [ -0.3422,  -0.2422] 
	x486: [ -0.3972,  -0.2972] 
	x487: [  2.5973,   2.6973] 
	x488: [ -1.2070,  -1.1070] 
	x489: [ -0.9982,  -0.8982] 
	x490: [ -2.3226,  -2.2226] 
	x491: [ -3.7415,  -3.6415] 
	x492: [ -0.0594,   0.0406] 
	x493: [  0.1336,   0.2336] 
	x494: [  1.2644,   1.3644] 
	x495: [  1.7776,   1.8776] 
	x496: [  0.5486,   0.6486] 
	x497: [ -0.5980,  -0.4980] 
	x498: [  3.0657,   3.1657] 
	x499: [  1.1579,   1.2579] 
	x500: [ -1.2821,  -1.1821] 
	x501: [  1.4773,   1.5773] 
	x502: [ -2.8687,  -2.7687] 
	x503: [ -0.4940,  -0.3940] 
	x504: [ -2.5121,  -2.4121] 
	x505: [ -3.8194,  -3.7194] 
	x506: [  5.1453,   5.2453] 
	x507: [ -3.8255,  -3.7255] 
	x508: [ -1.2761,  -1.1761] 
	x509: [ -0.4271,  -0.3271] 
	x510: [ -0.9023,  -0.8023] 
	x511: [ -1.2714,  -1.1714] 

Branching heuristics set to PseudoImpact

Engine::solve: Initial statistics

03:00:06 Statistics update:
	--- Time Statistics ---
	Total time elapsed: 81 milli (00:00:00)
		Main loop: 0 milli (00:00:00)
		Preprocessing time: 36 milli (00:00:00)
		Unknown: 45 milli (00:00:00)
	Breakdown for main loop:
		[0.00%] Simplex steps: 0 milli
		[0.00%] Explicit-basis bound tightening: 0 milli
		[0.00%] Constraint-matrix bound tightening: 0 milli
		[0.00%] Degradation checking: 0 milli
		[0.00%] Precision restoration: 0 milli
		[0.00%] Statistics handling: 0 milli
		[0.00%] Constraint-fixing steps: 0 milli
		[0.00%] Valid case splits: 0 milli. Average per split: 0.00 milli
		[0.00%] Applying stored bound-tightening: 0 milli
		[0.00%] SMT core: 0 milli
		[0.00%] Symbolic Bound Tightening: 6 milli
		[0.00%] SoI-based local search: 0 milli
		[0.00%] SoI-based local search: 0 milli
		[0.00%] Unaccounted for: 0 milli
	--- Preprocessor Statistics ---
	Number of preprocessor bound-tightening loop iterations: 2
	Number of eliminated variables: 0
	Number of constraints removed due to variable elimination: 0
	Number of equations removed due to variable elimination: 0
	--- Engine Statistics ---
	Number of main loop iterations: 1
		0 iterations were simplex steps. Total time: 0 milli. Average: 0.00 milli.
		0 iterations were constraint-fixing steps. Total time: 0 milli. Average: 0.00 milli
	Number of active piecewise-linear constraints: 0 / 0
		Constraints disabled by valid splits: 0. By SMT-originated splits: 0
	Last reported degradation: 0.0000000000. Max degradation so far: 0.0000000000. Restorations so far: 0
	Number of simplex pivots we attempted to skip because of instability: 0.
	Unstable pivots performed anyway: 0
	--- Tableau Statistics ---
	Total number of pivots performed: 0
		Real pivots: 0. Degenerate: 0 (0.00%)
		Degenerate pivots by request (e.g., to fix a PL constraint): 0 (0.00%)
		Average time per pivot: 0.00 milli
	Total number of fake pivots performed: 0
	Total number of rows added: 0. Number of merged columns: 0
	Current tableau dimensions: M = 62, N = 636
	--- SMT Core Statistics ---
	Total depth is 0. Total visited states: 1. Number of splits: 0. Number of pops: 0
	Max stack depth: 0
	--- Bound Tightening Statistics ---
	Number of tightened bounds: 0.
		Number of rows examined by row tightener: 0. Consequent tightenings: 0
		Number of explicit basis matrices examined by row tightener: 0. Consequent tightenings: 0
		Number of bound tightening rounds on the entire constraint matrix: 0. Consequent tightenings: 0
		Number of bound notifications sent to PL constraints: 0. Tightenings proposed: 0
	--- Basis Factorization statistics ---
	Number of basis refactorizations: 2
	--- Projected Steepest Edge Statistics ---
	Number of iterations: 0.
	Number of resets to reference space: 1. Avg. iterations per reset: 0
	--- SBT ---
	Number of tightened bounds: 1
	--- SoI-based local search ---
	Number of proposed phase pattern update: 0. Number of accepted update: 0 [0.00%]
	Total time (% of local search time) updating SoI phase pattern : 0 milli [0.00%]
	Total time obtaining current assignment: 0 milli [0.00%]
	Total time getting SoI phase pattern : 0 milli [0.00%]
	--- Context dependent statistics ---
	Number of pushes / pops: 0 / 0
		[0.00%] Pre-Push hook: 0 milli
		[0.00%] Push : 0 milli
		[0.00%] Post-Pop hook: 0 milli
		[0.00%] Pop : 0 milli
		[0.00%] Total context-switching time: 0 milli
	--- Proof Certificate ---
	Number of certified leaves: 0
	Number of leaves to delegate: 0

---
Before declaring sat, recomputing...

Engine::solve: sat assignment found

03:00:06 Statistics update:
	--- Time Statistics ---
	Total time elapsed: 125 milli (00:00:00)
		Main loop: 43 milli (00:00:00)
		Preprocessing time: 36 milli (00:00:00)
		Unknown: 45 milli (00:00:00)
	Breakdown for main loop:
		[2.17%] Simplex steps: 0 milli
		[94.31%] Explicit-basis bound tightening: 40 milli
		[0.00%] Constraint-matrix bound tightening: 0 milli
		[0.00%] Degradation checking: 0 milli
		[0.00%] Precision restoration: 0 milli
		[0.00%] Statistics handling: 0 milli
		[0.00%] Constraint-fixing steps: 0 milli
		[0.00%] Valid case splits: 0 milli. Average per split: 0.00 milli
		[0.00%] Applying stored bound-tightening: 0 milli
		[0.00%] SMT core: 0 milli
		[18.29%] Symbolic Bound Tightening: 7 milli
		[0.00%] SoI-based local search: 0 milli
		[0.00%] SoI-based local search: 0 milli
		[42455107189204936.00%] Unaccounted for: 0 milli
	--- Preprocessor Statistics ---
	Number of preprocessor bound-tightening loop iterations: 2
	Number of eliminated variables: 0
	Number of constraints removed due to variable elimination: 0
	Number of equations removed due to variable elimination: 0
	--- Engine Statistics ---
	Number of main loop iterations: 12
		9 iterations were simplex steps. Total time: 0 milli. Average: 0.00 milli.
		0 iterations were constraint-fixing steps. Total time: 0 milli. Average: 0.00 milli
	Number of active piecewise-linear constraints: 0 / 0
		Constraints disabled by valid splits: 0. By SMT-originated splits: 0
	Last reported degradation: 0.0000000000. Max degradation so far: 0.0000000000. Restorations so far: 0
	Number of simplex pivots we attempted to skip because of instability: 0.
	Unstable pivots performed anyway: 0
	--- Tableau Statistics ---
	Total number of pivots performed: 1
		Real pivots: 1. Degenerate: 0 (0.00%)
		Degenerate pivots by request (e.g., to fix a PL constraint): 0 (0.00%)
		Average time per pivot: 0.00 milli
	Total number of fake pivots performed: 8
	Total number of rows added: 0. Number of merged columns: 0
	Current tableau dimensions: M = 62, N = 636
	--- SMT Core Statistics ---
	Total depth is 0. Total visited states: 1. Number of splits: 0. Number of pops: 0
	Max stack depth: 0
	--- Bound Tightening Statistics ---
	Number of tightened bounds: 0.
		Number of rows examined by row tightener: 1. Consequent tightenings: 0
		Number of explicit basis matrices examined by row tightener: 9. Consequent tightenings: 0
		Number of bound tightening rounds on the entire constraint matrix: 0. Consequent tightenings: 0
		Number of bound notifications sent to PL constraints: 0. Tightenings proposed: 0
	--- Basis Factorization statistics ---
	Number of basis refactorizations: 2
	--- Projected Steepest Edge Statistics ---
	Number of iterations: 9.
	Number of resets to reference space: 1. Avg. iterations per reset: 9
	--- SBT ---
	Number of tightened bounds: 1
	--- SoI-based local search ---
	Number of proposed phase pattern update: 0. Number of accepted update: 0 [0.00%]
	Total time (% of local search time) updating SoI phase pattern : 0 milli [0.00%]
	Total time obtaining current assignment: 0 milli [0.00%]
	Total time getting SoI phase pattern : 0 milli [0.00%]
	--- Context dependent statistics ---
	Number of pushes / pops: 0 / 0
		[0.00%] Pre-Push hook: 0 milli
		[0.00%] Push : 0 milli
		[0.00%] Post-Pop hook: 0 milli
		[0.00%] Pop : 0 milli
		[0.00%] Total context-switching time: 0 milli
	--- Proof Certificate ---
	Number of certified leaves: 0
	Number of leaves to delegate: 0
sat
Input assignment:
	x0 = 0.120969
	x1 = -1.363219
	x2 = -1.585008
	x3 = 2.771505
	x4 = 2.529937
	x5 = 1.762101
	x6 = 1.711099
	x7 = -1.015025
	x8 = -1.665180
	x9 = -1.024953
	x10 = 3.584592
	x11 = -0.110942
	x12 = -0.164191
	x13 = -1.894129
	x14 = 0.590540
	x15 = -0.602220
	x16 = 0.169015
	x17 = 2.680082
	x18 = -0.137714
	x19 = 3.133110
	x20 = 1.761710
	x21 = -1.202043
	x22 = -1.429258
	x23 = 2.664880
	x24 = -0.269245
	x25 = 0.720630
	x26 = 2.873199
	x27 = -0.167046
	x28 = -0.972796
	x29 = -0.150209
	x30 = 2.970458
	x31 = 2.278618
	x32 = 1.604004
	x33 = 1.904581
	x34 = -2.041511
	x35 = -2.194828
	x36 = 0.965504
	x37 = -3.454556
	x38 = -2.294145
	x39 = -4.726638
	x40 = 1.890059
	x41 = 2.101069
	x42 = -3.250136
	x43 = 1.699400
	x44 = -0.358278
	x45 = -0.533314
	x46 = 0.257706
	x47 = 3.107343
	x48 = 1.701136
	x49 = -0.790758
	x50 = 3.302514
	x51 = -2.870324
	x52 = 0.344147
	x53 = -0.746515
	x54 = 2.622557
	x55 = 1.758666
	x56 = -2.634440
	x57 = -1.906938
	x58 = -1.328198
	x59 = -1.893457
	x60 = 0.981092
	x61 = 0.598387
	x62 = -1.690663
	x63 = -0.615121
	x64 = -1.904564
	x65 = -0.755422
	x66 = -1.938708
	x67 = -1.041572
	x68 = -0.213963
	x69 = 0.573655
	x70 = -1.529250
	x71 = -0.108985
	x72 = -2.854674
	x73 = -1.149442
	x74 = -1.851736
	x75 = -2.476234
	x76 = 0.619558
	x77 = -0.341205
	x78 = -0.189031
	x79 = 1.842446
	x80 = -3.744077
	x81 = 1.910302
	x82 = -0.723485
	x83 = -2.270850
	x84 = 1.687714
	x85 = 0.452491
	x86 = 0.549068
	x87 = -1.647307
	x88 = 0.135533
	x89 = 2.260853
	x90 = 0.247769
	x91 = 0.469512
	x92 = -1.491297
	x93 = -3.581835
	x94 = -2.290125
	x95 = 1.417239
	x96 = 0.312846
	x97 = -0.302536
	x98 = 0.318164
	x99 = -1.505298
	x100 = 0.138321
	x101 = -0.852130
	x102 = 1.119476
	x103 = -0.300352
	x104 = 1.854715
	x105 = -1.087800
	x106 = 0.024071
	x107 = 4.690677
	x108 = 1.086119
	x109 = 3.341144
	x110 = 0.109702
	x111 = 0.091505
	x112 = -0.747687
	x113 = 1.470792
	x114 = -1.147589
	x115 = -3.701058
	x116 = -1.791561
	x117 = -2.009150
	x118 = 1.898999
	x119 = 0.878453
	x120 = 0.011507
	x121 = -3.860974
	x122 = 4.025177
	x123 = -0.481972
	x124 = 1.439100
	x125 = 0.344786
	x126 = 0.888573
	x127 = 0.604626
	x128 = 1.702935
	x129 = 2.845188
	x130 = 2.512057
	x131 = -4.661918
	x132 = -0.032142
	x133 = -0.580294
	x134 = -0.310824
	x135 = -2.436002
	x136 = 1.264666
	x137 = 0.460944
	x138 = 2.493735
	x139 = -0.768490
	x140 = 0.488316
	x141 = 3.298650
	x142 = -0.534017
	x143 = 3.168311
	x144 = -1.732424
	x145 = 0.916161
	x146 = 1.397129
	x147 = -1.281469
	x148 = -0.619789
	x149 = -0.326999
	x150 = -0.517812
	x151 = 2.195670
	x152 = 0.140862
	x153 = 0.692931
	x154 = 0.080599
	x155 = 1.044731
	x156 = 0.010097
	x157 = 3.343526
	x158 = -3.558973
	x159 = 1.305152
	x160 = -2.079112
	x161 = 1.640489
	x162 = -0.140274
	x163 = 1.155887
	x164 = -4.805744
	x165 = -0.289391
	x166 = -1.285396
	x167 = 1.076289
	x168 = -0.525003
	x169 = 2.375554
	x170 = 0.499034
	x171 = 3.208817
	x172 = 0.006985
	x173 = -0.714514
	x174 = -1.435033
	x175 = -2.966326
	x176 = 0.174656
	x177 = 1.186453
	x178 = -1.154735
	x179 = 1.459018
	x180 = -0.067722
	x181 = -0.303897
	x182 = -2.363374
	x183 = 0.062661
	x184 = -1.975002
	x185 = -0.730580
	x186 = 2.159871
	x187 = 1.339384
	x188 = 2.595296
	x189 = -1.273393
	x190 = 1.245467
	x191 = 3.269562
	x192 = -1.539163
	x193 = -0.014111
	x194 = 1.848279
	x195 = -0.926973
	x196 = -0.322625
	x197 = -0.574509
	x198 = -1.461838
	x199 = 1.830338
	x200 = -0.396053
	x201 = -0.615680
	x202 = 0.798544
	x203 = -0.827704
	x204 = -1.218027
	x205 = 1.921216
	x206 = 0.330266
	x207 = -0.042397
	x208 = -3.388283
	x209 = -0.009925
	x210 = -1.794370
	x211 = -2.161839
	x212 = 1.989422
	x213 = 2.285263
	x214 = 2.734119
	x215 = -1.428460
	x216 = -0.578191
	x217 = -1.520741
	x218 = -0.690586
	x219 = -1.640490
	x220 = 0.137991
	x221 = -2.683674
	x222 = 1.470986
	x223 = 0.764110
	x224 = -0.823007
	x225 = -0.876559
	x226 = 2.393505
	x227 = 0.145081
	x228 = 2.167450
	x229 = 1.093098
	x230 = 5.163661
	x231 = -1.076645
	x232 = 1.479130
	x233 = 0.586209
	x234 = 0.144361
	x235 = 0.583071
	x236 = 0.695410
	x237 = 1.745407
	x238 = 0.534382
	x239 = 0.807307
	x240 = -0.135808
	x241 = 2.024610
	x242 = -0.506108
	x243 = 2.016661
	x244 = 1.118195
	x245 = 1.177338
	x246 = 1.743006
	x247 = -0.535551
	x248 = -1.537942
	x249 = -0.622768
	x250 = -1.673198
	x251 = 0.009259
	x252 = -3.350086
	x253 = -0.555496
	x254 = -1.130121
	x255 = -2.639647
	x256 = -1.305033
	x257 = 0.746049
	x258 = -1.769387
	x259 = -0.224651
	x260 = 3.856894
	x261 = -0.630648
	x262 = -2.386883
	x263 = 0.793656
	x264 = -0.323712
	x265 = -0.884567
	x266 = -1.509956
	x267 = -0.255181
	x268 = -1.835162
	x269 = -0.082788
	x270 = 3.046990
	x271 = -1.767059
	x272 = 0.837818
	x273 = -0.813700
	x274 = 1.558059
	x275 = -1.320359
	x276 = -1.332092
	x277 = 0.888972
	x278 = 2.570894
	x279 = 3.090416
	x280 = 1.795225
	x281 = -3.218242
	x282 = -4.145660
	x283 = -1.572016
	x284 = -3.244159
	x285 = -0.877043
	x286 = -0.574887
	x287 = -1.167432
	x288 = -1.389266
	x289 = 1.498104
	x290 = -2.015738
	x291 = 1.406983
	x292 = -0.875012
	x293 = -0.610941
	x294 = -0.162824
	x295 = -2.572681
	x296 = -1.920693
	x297 = 4.525840
	x298 = 0.424348
	x299 = -0.078529
	x300 = 1.096790
	x301 = -0.712695
	x302 = 1.450752
	x303 = 2.698338
	x304 = -0.798690
	x305 = 0.495336
	x306 = 1.559422
	x307 = -2.056157
	x308 = -2.165856
	x309 = 1.591733
	x310 = -0.505438
	x311 = 0.689606
	x312 = -0.136004
	x313 = 1.886532
	x314 = -3.906901
	x315 = -1.005279
	x316 = -0.804658
	x317 = -1.413867
	x318 = 0.028181
	x319 = 0.209429
	x320 = -2.301141
	x321 = 1.126271
	x322 = -1.106373
	x323 = 2.326392
	x324 = -0.388185
	x325 = -0.664699
	x326 = 0.227848
	x327 = 2.177253
	x328 = 2.810278
	x329 = 0.665584
	x330 = 1.341080
	x331 = 0.915707
	x332 = -1.091967
	x333 = 0.401704
	x334 = -0.965990
	x335 = -1.049797
	x336 = 1.861447
	x337 = 0.234380
	x338 = 0.192544
	x339 = 3.007163
	x340 = 1.095305
	x341 = -1.882585
	x342 = -1.318181
	x343 = 2.387498
	x344 = 0.984747
	x345 = -1.785207
	x346 = 1.521560
	x347 = -0.138438
	x348 = 0.829788
	x349 = 0.733289
	x350 = -0.220565
	x351 = 1.020685
	x352 = -1.957194
	x353 = -0.138774
	x354 = 1.217698
	x355 = 1.412194
	x356 = -1.271327
	x357 = -1.013294
	x358 = 1.296156
	x359 = 0.533908
	x360 = -2.543623
	x361 = 0.174449
	x362 = -0.426317
	x363 = -1.914218
	x364 = -1.203048
	x365 = 0.493247
	x366 = 0.265409
	x367 = 1.397326
	x368 = -1.579444
	x369 = 1.804661
	x370 = -3.632691
	x371 = -0.904603
	x372 = 2.478738
	x373 = -0.824177
	x374 = 0.138627
	x375 = -1.436492
	x376 = -3.318770
	x377 = -1.829413
	x378 = 0.411469
	x379 = -2.051428
	x380 = -0.335822
	x381 = 1.163895
	x382 = -2.485881
	x383 = 0.986675
	x384 = -0.125817
	x385 = -0.617834
	x386 = -0.817483
	x387 = 0.482871
	x388 = -1.617778
	x389 = 1.133456
	x390 = -0.553113
	x391 = 1.727380
	x392 = 3.359698
	x393 = -0.763493
	x394 = -0.341016
	x395 = 0.314429
	x396 = -0.631885
	x397 = -0.987525
	x398 = -1.384581
	x399 = -0.452413
	x400 = 2.086746
	x401 = -0.082268
	x402 = -0.281917
	x403 = -4.463748
	x404 = -1.551087
	x405 = 0.278944
	x406 = -1.393068
	x407 = 0.884258
	x408 = -1.207674
	x409 = 0.614423
	x410 = -1.785846
	x411 = -1.549531
	x412 = -0.185340
	x413 = -2.381587
	x414 = 0.205559
	x415 = 0.904062
	x416 = -3.609282
	x417 = -0.461109
	x418 = 1.593587
	x419 = 1.479972
	x420 = -1.592923
	x421 = 2.562802
	x422 = -1.455963
	x423 = 1.989800
	x424 = -2.417213
	x425 = 2.504866
	x426 = -3.700548
	x427 = 3.268426
	x428 = 5.731149
	x429 = 2.995439
	x430 = -0.136100
	x431 = -2.537352
	x432 = -1.169866
	x433 = 1.170377
	x434 = 1.120444
	x435 = 0.314197
	x436 = 1.091690
	x437 = 2.405729
	x438 = 0.364036
	x439 = 1.407115
	x440 = -2.217428
	x441 = 1.210679
	x442 = 3.832780
	x443 = -0.156391
	x444 = -1.155693
	x445 = -1.315130
	x446 = 0.502158
	x447 = 0.665300
	x448 = -0.638414
	x449 = -0.166757
	x450 = -1.453144
	x451 = 1.421858
	x452 = 0.534474
	x453 = 1.736452
	x454 = 0.174156
	x455 = -4.089268
	x456 = 0.222752
	x457 = -0.766807
	x458 = -2.671445
	x459 = 2.013561
	x460 = -0.137253
	x461 = -0.781301
	x462 = -0.605576
	x463 = -0.575568
	x464 = -1.911654
	x465 = 0.541177
	x466 = -1.212781
	x467 = -1.202767
	x468 = -0.920075
	x469 = 1.024041
	x470 = -1.633005
	x471 = -0.563632
	x472 = 0.506379
	x473 = -1.081033
	x474 = -0.903103
	x475 = -1.332188
	x476 = -0.806087
	x477 = 0.813107
	x478 = -1.270523
	x479 = -0.484814
	x480 = 1.756529
	x481 = -1.168636
	x482 = 0.330667
	x483 = 0.403139
	x484 = -0.127733
	x485 = -0.342213
	x486 = -0.397157
	x487 = 2.597280
	x488 = -1.207004
	x489 = -0.998208
	x490 = -2.322622
	x491 = -3.741458
	x492 = -0.059409
	x493 = 0.133605
	x494 = 1.264411
	x495 = 1.777572
	x496 = 0.548572
	x497 = -0.598001
	x498 = 3.065684
	x499 = 1.157942
	x500 = -1.282081
	x501 = 1.477257
	x502 = -2.868678
	x503 = -0.494001
	x504 = -2.512091
	x505 = -3.819360
	x506 = 5.145269
	x507 = -3.825467
	x508 = -1.276145
	x509 = -0.427055
	x510 = -0.902313
	x511 = -1.271405

Output:
	y0 = -5.616701
	y1 = -3.205663
	y2 = -2.649619
	y3 = 7.309612
	y4 = 7.222820
	y5 = -2.525207
	y6 = -2.749504
	y7 = -2.428801
	y8 = -3.391261
	y9 = -3.017524
	y10 = 7.241152
	y11 = 7.230040
	y12 = -3.133881
	y13 = -3.097985
	y14 = -2.727143
	y15 = -2.436597
	y16 = -2.869477
	y17 = -2.328028
	y18 = 7.240233
	y19 = -3.250624
	y20 = -3.312595
	y21 = -3.513653
	y22 = -3.392904
	y23 = -2.271020
	y24 = -2.982841
	y25 = -1.875980
	y26 = 7.213118
	y27 = -2.679343
	y28 = -3.557094
	y29 = -1.373118
	y30 = -2.028593
	y31 = -2.980959
	y32 = 7.209396
	y33 = -2.719063
	y34 = -2.480603
	y35 = -3.389665
	y36 = -2.264782
	y37 = 7.193725
	y38 = -2.070091
	y39 = -2.686703
	y40 = -2.724411
	y41 = -3.385287
	y42 = -2.334233
	y43 = -1.708773
	y44 = -1.909936
	y45 = 7.248766
	y46 = 7.316874
	y47 = -3.053332
	y48 = -1.584142
	y49 = -1.791039
	y50 = -2.191855
	y51 = 7.272714
	y52 = -1.785456
	y53 = -3.215839
	y54 = 7.316884
	y55 = -0.388307
	y56 = -2.601457
	y57 = -1.584384
	y58 = -1.315608
	y59 = 7.182143
	y60 = -2.426985

