InputQuery: /home/levn/Workspace/othello_world/queries/head_robust/group_4/game_44_adv_labels_13_eps_0.1.txt
Engine::processInputQuery: Input query (before preprocessing): 62 equations, 573 variables
Engine::processInputQuery: Input query (after preprocessing): 62 equations, 574 variables

Input bounds:
	x0: [ -2.2097,  -2.0097] 
	x1: [ -1.0097,  -0.8097] 
	x2: [  0.3402,   0.5402] 
	x3: [  0.5583,   0.7583] 
	x4: [  1.8060,   2.0060] 
	x5: [ -3.6541,  -3.4541] 
	x6: [ -0.9041,  -0.7041] 
	x7: [  2.1797,   2.3797] 
	x8: [  0.8258,   1.0258] 
	x9: [  0.0175,   0.2175] 
	x10: [  0.6538,   0.8538] 
	x11: [ -0.6946,  -0.4946] 
	x12: [ -2.0158,  -1.8158] 
	x13: [ -1.7326,  -1.5326] 
	x14: [  0.5220,   0.7220] 
	x15: [  2.4314,   2.6314] 
	x16: [  0.3275,   0.5275] 
	x17: [ -0.8081,  -0.6081] 
	x18: [  0.5323,   0.7323] 
	x19: [  1.1673,   1.3673] 
	x20: [ -1.1134,  -0.9134] 
	x21: [  2.6203,   2.8203] 
	x22: [ -1.7045,  -1.5045] 
	x23: [  2.8123,   3.0123] 
	x24: [ -1.8721,  -1.6721] 
	x25: [  2.9682,   3.1682] 
	x26: [  0.9759,   1.1759] 
	x27: [  0.6771,   0.8771] 
	x28: [  1.9140,   2.1140] 
	x29: [  1.9200,   2.1200] 
	x30: [ -5.7398,  -5.5398] 
	x31: [  1.8272,   2.0272] 
	x32: [ -1.1629,  -0.9629] 
	x33: [  0.6237,   0.8237] 
	x34: [  0.1085,   0.3085] 
	x35: [ -0.5198,  -0.3198] 
	x36: [  0.5087,   0.7087] 
	x37: [ -1.2171,  -1.0171] 
	x38: [ -2.0767,  -1.8767] 
	x39: [ -0.8340,  -0.6340] 
	x40: [ -0.4138,  -0.2138] 
	x41: [  0.7176,   0.9176] 
	x42: [ -0.5648,  -0.3648] 
	x43: [  0.8558,   1.0558] 
	x44: [ -3.2891,  -3.0891] 
	x45: [  1.3667,   1.5667] 
	x46: [  0.7723,   0.9723] 
	x47: [ -0.5038,  -0.3038] 
	x48: [ -3.6597,  -3.4597] 
	x49: [  2.5747,   2.7747] 
	x50: [ -0.7594,  -0.5594] 
	x51: [  3.6936,   3.8936] 
	x52: [  1.9316,   2.1316] 
	x53: [ -0.2559,  -0.0559] 
	x54: [  1.0079,   1.2079] 
	x55: [ -1.8860,  -1.6860] 
	x56: [ -0.3103,  -0.1103] 
	x57: [ -2.5771,  -2.3771] 
	x58: [  0.4588,   0.6588] 
	x59: [ -0.7099,  -0.5099] 
	x60: [ -2.1023,  -1.9023] 
	x61: [ -1.8549,  -1.6549] 
	x62: [ -4.0910,  -3.8910] 
	x63: [  1.5924,   1.7924] 
	x64: [ -0.4293,  -0.2293] 
	x65: [ -0.0859,   0.1141] 
	x66: [ -3.2541,  -3.0541] 
	x67: [ -0.5716,  -0.3716] 
	x68: [ -0.2793,  -0.0793] 
	x69: [  0.4118,   0.6118] 
	x70: [ -2.3611,  -2.1611] 
	x71: [  0.1488,   0.3488] 
	x72: [  5.0786,   5.2786] 
	x73: [  2.5018,   2.7018] 
	x74: [ -1.0307,  -0.8307] 
	x75: [ -2.2759,  -2.0759] 
	x76: [ -2.4856,  -2.2856] 
	x77: [  0.1554,   0.3554] 
	x78: [  0.6117,   0.8117] 
	x79: [ -1.2204,  -1.0204] 
	x80: [  0.7732,   0.9732] 
	x81: [  0.7617,   0.9617] 
	x82: [  1.4024,   1.6024] 
	x83: [  0.0061,   0.2061] 
	x84: [  2.5362,   2.7362] 
	x85: [ -0.1330,   0.0670] 
	x86: [ -0.5322,  -0.3322] 
	x87: [ -3.6254,  -3.4254] 
	x88: [ -1.6544,  -1.4544] 
	x89: [ -0.3858,  -0.1858] 
	x90: [ -1.3490,  -1.1490] 
	x91: [ -1.1013,  -0.9013] 
	x92: [  1.1508,   1.3508] 
	x93: [  1.7234,   1.9234] 
	x94: [ -1.4609,  -1.2609] 
	x95: [  3.0408,   3.2408] 
	x96: [ -0.2384,  -0.0384] 
	x97: [  1.8450,   2.0450] 
	x98: [  2.0179,   2.2179] 
	x99: [ -0.1385,   0.0615] 
	x100: [ -0.0815,   0.1185] 
	x101: [  0.5060,   0.7060] 
	x102: [  0.6620,   0.8620] 
	x103: [  0.7741,   0.9741] 
	x104: [ -0.2058,  -0.0058] 
	x105: [  0.0788,   0.2788] 
	x106: [  0.0829,   0.2829] 
	x107: [ -1.4349,  -1.2349] 
	x108: [  0.3379,   0.5379] 
	x109: [ -3.2812,  -3.0812] 
	x110: [ -2.6198,  -2.4198] 
	x111: [  0.0641,   0.2641] 
	x112: [ -1.0812,  -0.8812] 
	x113: [  1.2598,   1.4598] 
	x114: [  0.3218,   0.5218] 
	x115: [ -0.0349,   0.1651] 
	x116: [ -0.6052,  -0.4052] 
	x117: [ -1.0358,  -0.8358] 
	x118: [ -0.8540,  -0.6540] 
	x119: [ -0.6175,  -0.4175] 
	x120: [ -0.6815,  -0.4815] 
	x121: [  3.2538,   3.4538] 
	x122: [  0.2699,   0.4699] 
	x123: [ -0.6208,  -0.4208] 
	x124: [ -1.1687,  -0.9687] 
	x125: [ -1.2054,  -1.0054] 
	x126: [ -1.7080,  -1.5080] 
	x127: [  0.3187,   0.5187] 
	x128: [  0.4383,   0.6383] 
	x129: [  2.0129,   2.2129] 
	x130: [  0.2216,   0.4216] 
	x131: [ -2.4637,  -2.2637] 
	x132: [  1.9708,   2.1708] 
	x133: [ -2.3760,  -2.1760] 
	x134: [ -1.3329,  -1.1329] 
	x135: [ -1.4724,  -1.2724] 
	x136: [  0.2032,   0.4032] 
	x137: [  2.0149,   2.2149] 
	x138: [  1.8524,   2.0524] 
	x139: [ -0.6879,  -0.4879] 
	x140: [ -3.0227,  -2.8227] 
	x141: [ -0.0027,   0.1973] 
	x142: [  1.0462,   1.2462] 
	x143: [ -0.7782,  -0.5782] 
	x144: [ -2.8383,  -2.6383] 
	x145: [  1.8955,   2.0955] 
	x146: [ -0.7459,  -0.5459] 
	x147: [ -0.9718,  -0.7718] 
	x148: [  0.7103,   0.9103] 
	x149: [ -0.9440,  -0.7440] 
	x150: [ -1.5923,  -1.3923] 
	x151: [  2.6985,   2.8985] 
	x152: [ -0.0874,   0.1126] 
	x153: [ -2.7732,  -2.5732] 
	x154: [ -3.8978,  -3.6978] 
	x155: [  2.3748,   2.5748] 
	x156: [ -3.0391,  -2.8391] 
	x157: [  1.8527,   2.0527] 
	x158: [  1.9057,   2.1057] 
	x159: [  0.0243,   0.2243] 
	x160: [  0.0506,   0.2506] 
	x161: [ -1.5155,  -1.3155] 
	x162: [ -0.6679,  -0.4679] 
	x163: [ -0.3798,  -0.1798] 
	x164: [ -0.8337,  -0.6337] 
	x165: [ -2.1706,  -1.9706] 
	x166: [ -1.1466,  -0.9466] 
	x167: [  0.8153,   1.0153] 
	x168: [ -0.7529,  -0.5529] 
	x169: [  0.6120,   0.8120] 
	x170: [ -0.1082,   0.0918] 
	x171: [ -0.4445,  -0.2445] 
	x172: [ -3.3478,  -3.1478] 
	x173: [  2.9487,   3.1487] 
	x174: [ -1.5040,  -1.3040] 
	x175: [  0.9098,   1.1098] 
	x176: [ -2.5162,  -2.3162] 
	x177: [ -0.3198,  -0.1198] 
	x178: [  0.4369,   0.6369] 
	x179: [ -0.1314,   0.0686] 
	x180: [  0.3212,   0.5212] 
	x181: [  2.5095,   2.7095] 
	x182: [ -0.6907,  -0.4907] 
	x183: [  1.7214,   1.9214] 
	x184: [ -0.3201,  -0.1201] 
	x185: [ -2.0893,  -1.8893] 
	x186: [  1.2378,   1.4378] 
	x187: [ -1.3511,  -1.1511] 
	x188: [ -0.1575,   0.0425] 
	x189: [  0.9047,   1.1047] 
	x190: [  2.2771,   2.4771] 
	x191: [ -3.7851,  -3.5851] 
	x192: [ -1.5991,  -1.3991] 
	x193: [ -1.6584,  -1.4584] 
	x194: [  0.3313,   0.5313] 
	x195: [ -0.0270,   0.1730] 
	x196: [  0.4415,   0.6415] 
	x197: [ -0.4117,  -0.2117] 
	x198: [ -0.5587,  -0.3587] 
	x199: [ -1.1304,  -0.9304] 
	x200: [  0.0815,   0.2815] 
	x201: [ -0.4486,  -0.2486] 
	x202: [ -0.8022,  -0.6022] 
	x203: [ -2.7399,  -2.5399] 
	x204: [ -5.1481,  -4.9481] 
	x205: [  1.3937,   1.5937] 
	x206: [ -0.6818,  -0.4818] 
	x207: [ -0.1005,   0.0995] 
	x208: [  0.5808,   0.7808] 
	x209: [  1.2276,   1.4276] 
	x210: [ -1.5546,  -1.3546] 
	x211: [ -1.5847,  -1.3847] 
	x212: [  1.4316,   1.6316] 
	x213: [  1.3823,   1.5823] 
	x214: [ -0.7161,  -0.5161] 
	x215: [ -0.1141,   0.0859] 
	x216: [ -0.6141,  -0.4141] 
	x217: [  1.0698,   1.2698] 
	x218: [  2.5283,   2.7283] 
	x219: [ -2.2545,  -2.0545] 
	x220: [ -2.0390,  -1.8390] 
	x221: [ -1.8573,  -1.6573] 
	x222: [ -0.2182,  -0.0182] 
	x223: [  2.0437,   2.2437] 
	x224: [ -0.5726,  -0.3726] 
	x225: [ -1.3300,  -1.1300] 
	x226: [ -1.4057,  -1.2057] 
	x227: [ -2.8076,  -2.6076] 
	x228: [ -0.9169,  -0.7169] 
	x229: [ -1.4591,  -1.2591] 
	x230: [  1.0671,   1.2671] 
	x231: [ -1.2031,  -1.0031] 
	x232: [  2.8965,   3.0965] 
	x233: [ -0.9281,  -0.7281] 
	x234: [  0.6257,   0.8257] 
	x235: [  2.4076,   2.6076] 
	x236: [ -1.7943,  -1.5943] 
	x237: [ -1.3370,  -1.1370] 
	x238: [  2.2315,   2.4315] 
	x239: [  2.3599,   2.5599] 
	x240: [  1.2638,   1.4638] 
	x241: [ -1.4072,  -1.2072] 
	x242: [ -3.0813,  -2.8813] 
	x243: [  0.5739,   0.7739] 
	x244: [ -1.9749,  -1.7749] 
	x245: [ -0.2378,  -0.0378] 
	x246: [ -1.1630,  -0.9630] 
	x247: [  0.0834,   0.2834] 
	x248: [  0.5592,   0.7592] 
	x249: [ -1.4935,  -1.2935] 
	x250: [  1.9727,   2.1727] 
	x251: [ -1.5482,  -1.3482] 
	x252: [  2.4367,   2.6367] 
	x253: [ -0.1768,   0.0232] 
	x254: [ -2.3917,  -2.1917] 
	x255: [ -2.1957,  -1.9957] 
	x256: [  3.1865,   3.3865] 
	x257: [ -0.6042,  -0.4042] 
	x258: [  1.8624,   2.0624] 
	x259: [ -2.1178,  -1.9178] 
	x260: [ -0.0169,   0.1831] 
	x261: [ -0.9832,  -0.7832] 
	x262: [  2.0834,   2.2834] 
	x263: [ -0.0301,   0.1699] 
	x264: [ -1.1564,  -0.9564] 
	x265: [ -2.8776,  -2.6776] 
	x266: [ -1.6437,  -1.4437] 
	x267: [  1.0569,   1.2569] 
	x268: [ -1.8160,  -1.6160] 
	x269: [  1.5846,   1.7846] 
	x270: [  2.8599,   3.0599] 
	x271: [  0.2712,   0.4712] 
	x272: [ -2.9314,  -2.7314] 
	x273: [ -1.0232,  -0.8232] 
	x274: [  1.2211,   1.4211] 
	x275: [  2.5105,   2.7105] 
	x276: [ -3.7211,  -3.5211] 
	x277: [ -1.4062,  -1.2062] 
	x278: [ -2.6939,  -2.4939] 
	x279: [  3.6530,   3.8530] 
	x280: [ -0.8555,  -0.6555] 
	x281: [  0.7921,   0.9921] 
	x282: [ -0.3720,  -0.1720] 
	x283: [  2.0787,   2.2787] 
	x284: [ -0.7845,  -0.5845] 
	x285: [ -1.6166,  -1.4166] 
	x286: [ -1.6575,  -1.4575] 
	x287: [  0.5422,   0.7422] 
	x288: [  0.4565,   0.6565] 
	x289: [  1.4567,   1.6567] 
	x290: [  0.4921,   0.6921] 
	x291: [  3.3977,   3.5977] 
	x292: [ -3.0152,  -2.8152] 
	x293: [  0.5875,   0.7875] 
	x294: [ -3.6549,  -3.4549] 
	x295: [ -1.0013,  -0.8013] 
	x296: [ -2.1378,  -1.9378] 
	x297: [  2.2838,   2.4838] 
	x298: [ -5.0906,  -4.8906] 
	x299: [ -0.9914,  -0.7914] 
	x300: [ -1.0625,  -0.8625] 
	x301: [  1.3939,   1.5939] 
	x302: [  1.9674,   2.1674] 
	x303: [  1.5193,   1.7193] 
	x304: [ -1.6083,  -1.4083] 
	x305: [  1.2051,   1.4051] 
	x306: [ -0.8136,  -0.6136] 
	x307: [ -1.0841,  -0.8841] 
	x308: [  4.8951,   5.0951] 
	x309: [  0.0959,   0.2959] 
	x310: [  1.3043,   1.5043] 
	x311: [ -1.3162,  -1.1162] 
	x312: [ -1.7477,  -1.5477] 
	x313: [  0.3174,   0.5174] 
	x314: [ -0.2158,  -0.0158] 
	x315: [  0.5410,   0.7410] 
	x316: [ -1.0668,  -0.8668] 
	x317: [  1.1254,   1.3254] 
	x318: [ -0.5154,  -0.3154] 
	x319: [  0.3367,   0.5367] 
	x320: [ -1.4541,  -1.2541] 
	x321: [  2.2705,   2.4705] 
	x322: [ -1.7826,  -1.5826] 
	x323: [  2.0879,   2.2879] 
	x324: [ -0.6036,  -0.4036] 
	x325: [ -0.0717,   0.1283] 
	x326: [  1.4908,   1.6908] 
	x327: [  2.4671,   2.6671] 
	x328: [  1.1422,   1.3422] 
	x329: [  1.3308,   1.5308] 
	x330: [ -1.1709,  -0.9709] 
	x331: [ -2.6002,  -2.4002] 
	x332: [  3.0814,   3.2814] 
	x333: [  2.5106,   2.7106] 
	x334: [ -1.1041,  -0.9041] 
	x335: [  0.2436,   0.4436] 
	x336: [  1.6516,   1.8516] 
	x337: [ -0.8300,  -0.6300] 
	x338: [ -1.9826,  -1.7826] 
	x339: [  2.4737,   2.6737] 
	x340: [ -3.7967,  -3.5967] 
	x341: [  2.4886,   2.6886] 
	x342: [  0.2158,   0.4158] 
	x343: [ -0.8791,  -0.6791] 
	x344: [ -1.5215,  -1.3215] 
	x345: [ -0.5250,  -0.3250] 
	x346: [ -0.0835,   0.1165] 
	x347: [  0.1148,   0.3148] 
	x348: [  1.6491,   1.8491] 
	x349: [  4.5998,   4.7998] 
	x350: [ -1.0944,  -0.8944] 
	x351: [  1.8171,   2.0171] 
	x352: [ -0.3192,  -0.1192] 
	x353: [ -0.2126,  -0.0126] 
	x354: [ -1.5327,  -1.3327] 
	x355: [  0.7837,   0.9837] 
	x356: [ -0.9628,  -0.7628] 
	x357: [  3.4942,   3.6942] 
	x358: [ -0.7077,  -0.5077] 
	x359: [ -3.5370,  -3.3370] 
	x360: [ -2.6757,  -2.4757] 
	x361: [  2.6567,   2.8567] 
	x362: [  1.0223,   1.2223] 
	x363: [  0.1670,   0.3670] 
	x364: [ -0.9557,  -0.7557] 
	x365: [ -0.1594,   0.0406] 
	x366: [  0.9025,   1.1025] 
	x367: [ -0.8628,  -0.6628] 
	x368: [ -1.0131,  -0.8131] 
	x369: [ -0.5937,  -0.3937] 
	x370: [  1.6450,   1.8450] 
	x371: [ -1.8205,  -1.6205] 
	x372: [ -3.3254,  -3.1254] 
	x373: [  0.1308,   0.3308] 
	x374: [ -2.7860,  -2.5860] 
	x375: [ -1.9752,  -1.7752] 
	x376: [  2.4216,   2.6216] 
	x377: [  0.4947,   0.6947] 
	x378: [  1.6230,   1.8230] 
	x379: [ -2.6200,  -2.4200] 
	x380: [  0.9995,   1.1995] 
	x381: [ -4.0960,  -3.8960] 
	x382: [ -0.9142,  -0.7142] 
	x383: [  2.7560,   2.9560] 
	x384: [  1.1026,   1.3026] 
	x385: [  0.1921,   0.3921] 
	x386: [  1.4570,   1.6570] 
	x387: [  1.9974,   2.1974] 
	x388: [ -1.8376,  -1.6376] 
	x389: [ -1.4630,  -1.2630] 
	x390: [  0.2369,   0.4369] 
	x391: [ -2.1232,  -1.9232] 
	x392: [  1.6574,   1.8574] 
	x393: [  1.9136,   2.1136] 
	x394: [  0.0408,   0.2408] 
	x395: [  0.2746,   0.4746] 
	x396: [ -1.2261,  -1.0261] 
	x397: [ -4.0233,  -3.8233] 
	x398: [ -0.4503,  -0.2503] 
	x399: [  0.0040,   0.2040] 
	x400: [ -3.4057,  -3.2057] 
	x401: [  0.7799,   0.9799] 
	x402: [  0.5180,   0.7180] 
	x403: [ -1.3311,  -1.1311] 
	x404: [  0.1190,   0.3190] 
	x405: [ -1.8447,  -1.6447] 
	x406: [  1.7426,   1.9426] 
	x407: [  1.2176,   1.4176] 
	x408: [ -0.8002,  -0.6002] 
	x409: [ -1.1197,  -0.9197] 
	x410: [  2.6564,   2.8564] 
	x411: [ -2.6794,  -2.4794] 
	x412: [  0.7810,   0.9810] 
	x413: [  0.7361,   0.9361] 
	x414: [  0.1950,   0.3950] 
	x415: [  1.6670,   1.8670] 
	x416: [  2.0238,   2.2238] 
	x417: [ -1.7407,  -1.5407] 
	x418: [  1.3150,   1.5150] 
	x419: [  0.8032,   1.0032] 
	x420: [  0.7259,   0.9259] 
	x421: [ -0.7942,  -0.5942] 
	x422: [ -1.6490,  -1.4490] 
	x423: [  0.8096,   1.0096] 
	x424: [  0.1007,   0.3007] 
	x425: [ -0.3285,  -0.1285] 
	x426: [ -3.6421,  -3.4421] 
	x427: [  0.7900,   0.9900] 
	x428: [  3.7871,   3.9871] 
	x429: [  3.7014,   3.9014] 
	x430: [ -0.6134,  -0.4134] 
	x431: [  2.2474,   2.4474] 
	x432: [ -0.4928,  -0.2928] 
	x433: [ -0.5405,  -0.3405] 
	x434: [  1.9226,   2.1226] 
	x435: [ -0.2857,  -0.0857] 
	x436: [ -1.5475,  -1.3475] 
	x437: [ -2.2598,  -2.0598] 
	x438: [  3.4237,   3.6237] 
	x439: [ -0.8968,  -0.6968] 
	x440: [  0.3471,   0.5471] 
	x441: [  0.3091,   0.5091] 
	x442: [  0.0802,   0.2802] 
	x443: [ -3.3578,  -3.1578] 
	x444: [  2.1039,   2.3039] 
	x445: [  1.5851,   1.7851] 
	x446: [  0.1088,   0.3088] 
	x447: [  0.0198,   0.2198] 
	x448: [ -1.5456,  -1.3456] 
	x449: [  0.3025,   0.5025] 
	x450: [  0.9803,   1.1803] 
	x451: [  0.0801,   0.2801] 
	x452: [ -0.1687,   0.0313] 
	x453: [  1.2387,   1.4387] 
	x454: [  2.8183,   3.0183] 
	x455: [  0.2577,   0.4577] 
	x456: [ -0.0923,   0.1077] 
	x457: [  0.2167,   0.4167] 
	x458: [ -0.9430,  -0.7430] 
	x459: [ -1.7115,  -1.5115] 
	x460: [ -0.1366,   0.0634] 
	x461: [  3.2017,   3.4017] 
	x462: [  0.7930,   0.9930] 
	x463: [ -1.4279,  -1.2279] 
	x464: [  0.5682,   0.7682] 
	x465: [ -0.1305,   0.0695] 
	x466: [  1.1717,   1.3717] 
	x467: [ -3.7032,  -3.5032] 
	x468: [ -1.1707,  -0.9707] 
	x469: [ -0.6014,  -0.4014] 
	x470: [ -1.6991,  -1.4991] 
	x471: [ -1.5922,  -1.3922] 
	x472: [ -1.0145,  -0.8145] 
	x473: [  0.8826,   1.0826] 
	x474: [ -2.3527,  -2.1527] 
	x475: [  0.7222,   0.9222] 
	x476: [ -0.1390,   0.0610] 
	x477: [  2.2181,   2.4181] 
	x478: [  2.8486,   3.0486] 
	x479: [ -0.3098,  -0.1098] 
	x480: [ -2.2981,  -2.0981] 
	x481: [ -0.9575,  -0.7575] 
	x482: [ -0.0491,   0.1509] 
	x483: [  2.0527,   2.2527] 
	x484: [  1.4986,   1.6986] 
	x485: [  2.6475,   2.8475] 
	x486: [  2.0155,   2.2155] 
	x487: [ -0.6255,  -0.4255] 
	x488: [ -0.6329,  -0.4329] 
	x489: [  2.0238,   2.2238] 
	x490: [ -0.2155,  -0.0155] 
	x491: [  0.1897,   0.3897] 
	x492: [  0.2822,   0.4822] 
	x493: [ -1.3338,  -1.1338] 
	x494: [  1.5015,   1.7015] 
	x495: [ -1.6737,  -1.4737] 
	x496: [ -0.3182,  -0.1182] 
	x497: [ -1.1434,  -0.9434] 
	x498: [  0.3559,   0.5559] 
	x499: [ -1.0700,  -0.8700] 
	x500: [  1.6141,   1.8141] 
	x501: [  1.9381,   2.1381] 
	x502: [  0.8089,   1.0089] 
	x503: [ -1.7389,  -1.5389] 
	x504: [  0.8886,   1.0886] 
	x505: [ -1.0092,  -0.8092] 
	x506: [  0.6626,   0.8626] 
	x507: [ -0.2081,  -0.0081] 
	x508: [  0.4929,   0.6929] 
	x509: [ -1.6757,  -1.4757] 
	x510: [ -0.5734,  -0.3734] 
	x511: [ -0.8359,  -0.6359] 

Branching heuristics set to PseudoImpact

Engine::solve: Initial statistics

03:01:47 Statistics update:
	--- Time Statistics ---
	Total time elapsed: 82 milli (00:00:00)
		Main loop: 0 milli (00:00:00)
		Preprocessing time: 36 milli (00:00:00)
		Unknown: 45 milli (00:00:00)
	Breakdown for main loop:
		[0.00%] Simplex steps: 0 milli
		[0.00%] Explicit-basis bound tightening: 0 milli
		[0.00%] Constraint-matrix bound tightening: 0 milli
		[0.00%] Degradation checking: 0 milli
		[0.00%] Precision restoration: 0 milli
		[0.00%] Statistics handling: 0 milli
		[0.00%] Constraint-fixing steps: 0 milli
		[0.00%] Valid case splits: 0 milli. Average per split: 0.00 milli
		[0.00%] Applying stored bound-tightening: 0 milli
		[0.00%] SMT core: 0 milli
		[0.00%] Symbolic Bound Tightening: 6 milli
		[0.00%] SoI-based local search: 0 milli
		[0.00%] SoI-based local search: 0 milli
		[0.00%] Unaccounted for: 0 milli
	--- Preprocessor Statistics ---
	Number of preprocessor bound-tightening loop iterations: 2
	Number of eliminated variables: 0
	Number of constraints removed due to variable elimination: 0
	Number of equations removed due to variable elimination: 0
	--- Engine Statistics ---
	Number of main loop iterations: 1
		0 iterations were simplex steps. Total time: 0 milli. Average: 0.00 milli.
		0 iterations were constraint-fixing steps. Total time: 0 milli. Average: 0.00 milli
	Number of active piecewise-linear constraints: 0 / 0
		Constraints disabled by valid splits: 0. By SMT-originated splits: 0
	Last reported degradation: 0.0000000000. Max degradation so far: 0.0000000000. Restorations so far: 0
	Number of simplex pivots we attempted to skip because of instability: 0.
	Unstable pivots performed anyway: 0
	--- Tableau Statistics ---
	Total number of pivots performed: 0
		Real pivots: 0. Degenerate: 0 (0.00%)
		Degenerate pivots by request (e.g., to fix a PL constraint): 0 (0.00%)
		Average time per pivot: 0.00 milli
	Total number of fake pivots performed: 0
	Total number of rows added: 0. Number of merged columns: 0
	Current tableau dimensions: M = 62, N = 636
	--- SMT Core Statistics ---
	Total depth is 0. Total visited states: 1. Number of splits: 0. Number of pops: 0
	Max stack depth: 0
	--- Bound Tightening Statistics ---
	Number of tightened bounds: 0.
		Number of rows examined by row tightener: 0. Consequent tightenings: 0
		Number of explicit basis matrices examined by row tightener: 0. Consequent tightenings: 0
		Number of bound tightening rounds on the entire constraint matrix: 0. Consequent tightenings: 0
		Number of bound notifications sent to PL constraints: 0. Tightenings proposed: 0
	--- Basis Factorization statistics ---
	Number of basis refactorizations: 2
	--- Projected Steepest Edge Statistics ---
	Number of iterations: 0.
	Number of resets to reference space: 1. Avg. iterations per reset: 0
	--- SBT ---
	Number of tightened bounds: 1
	--- SoI-based local search ---
	Number of proposed phase pattern update: 0. Number of accepted update: 0 [0.00%]
	Total time (% of local search time) updating SoI phase pattern : 0 milli [0.00%]
	Total time obtaining current assignment: 0 milli [0.00%]
	Total time getting SoI phase pattern : 0 milli [0.00%]
	--- Context dependent statistics ---
	Number of pushes / pops: 0 / 0
		[0.00%] Pre-Push hook: 0 milli
		[0.00%] Push : 0 milli
		[0.00%] Post-Pop hook: 0 milli
		[0.00%] Pop : 0 milli
		[0.00%] Total context-switching time: 0 milli
	--- Proof Certificate ---
	Number of certified leaves: 0
	Number of leaves to delegate: 0

---
Before declaring sat, recomputing...

Engine::solve: sat assignment found

03:01:47 Statistics update:
	--- Time Statistics ---
	Total time elapsed: 94 milli (00:00:00)
		Main loop: 11 milli (00:00:00)
		Preprocessing time: 36 milli (00:00:00)
		Unknown: 46 milli (00:00:00)
	Breakdown for main loop:
		[2.83%] Simplex steps: 0 milli
		[84.17%] Explicit-basis bound tightening: 9 milli
		[0.00%] Constraint-matrix bound tightening: 0 milli
		[0.00%] Degradation checking: 0 milli
		[0.00%] Precision restoration: 0 milli
		[0.00%] Statistics handling: 0 milli
		[0.00%] Constraint-fixing steps: 0 milli
		[0.00%] Valid case splits: 0 milli. Average per split: 0.00 milli
		[0.00%] Applying stored bound-tightening: 0 milli
		[0.00%] SMT core: 0 milli
		[67.89%] Symbolic Bound Tightening: 7 milli
		[0.00%] SoI-based local search: 0 milli
		[0.00%] SoI-based local search: 0 milli
		[159202071922926944.00%] Unaccounted for: 0 milli
	--- Preprocessor Statistics ---
	Number of preprocessor bound-tightening loop iterations: 2
	Number of eliminated variables: 0
	Number of constraints removed due to variable elimination: 0
	Number of equations removed due to variable elimination: 0
	--- Engine Statistics ---
	Number of main loop iterations: 5
		2 iterations were simplex steps. Total time: 0 milli. Average: 0.00 milli.
		0 iterations were constraint-fixing steps. Total time: 0 milli. Average: 0.00 milli
	Number of active piecewise-linear constraints: 0 / 0
		Constraints disabled by valid splits: 0. By SMT-originated splits: 0
	Last reported degradation: 0.0000000000. Max degradation so far: 0.0000000000. Restorations so far: 0
	Number of simplex pivots we attempted to skip because of instability: 0.
	Unstable pivots performed anyway: 0
	--- Tableau Statistics ---
	Total number of pivots performed: 1
		Real pivots: 1. Degenerate: 0 (0.00%)
		Degenerate pivots by request (e.g., to fix a PL constraint): 0 (0.00%)
		Average time per pivot: 0.00 milli
	Total number of fake pivots performed: 1
	Total number of rows added: 0. Number of merged columns: 0
	Current tableau dimensions: M = 62, N = 636
	--- SMT Core Statistics ---
	Total depth is 0. Total visited states: 1. Number of splits: 0. Number of pops: 0
	Max stack depth: 0
	--- Bound Tightening Statistics ---
	Number of tightened bounds: 0.
		Number of rows examined by row tightener: 1. Consequent tightenings: 0
		Number of explicit basis matrices examined by row tightener: 2. Consequent tightenings: 0
		Number of bound tightening rounds on the entire constraint matrix: 0. Consequent tightenings: 0
		Number of bound notifications sent to PL constraints: 0. Tightenings proposed: 0
	--- Basis Factorization statistics ---
	Number of basis refactorizations: 2
	--- Projected Steepest Edge Statistics ---
	Number of iterations: 2.
	Number of resets to reference space: 1. Avg. iterations per reset: 2
	--- SBT ---
	Number of tightened bounds: 1
	--- SoI-based local search ---
	Number of proposed phase pattern update: 0. Number of accepted update: 0 [0.00%]
	Total time (% of local search time) updating SoI phase pattern : 0 milli [0.00%]
	Total time obtaining current assignment: 0 milli [0.00%]
	Total time getting SoI phase pattern : 0 milli [0.00%]
	--- Context dependent statistics ---
	Number of pushes / pops: 0 / 0
		[0.00%] Pre-Push hook: 0 milli
		[0.00%] Push : 0 milli
		[0.00%] Post-Pop hook: 0 milli
		[0.00%] Pop : 0 milli
		[0.00%] Total context-switching time: 0 milli
	--- Proof Certificate ---
	Number of certified leaves: 0
	Number of leaves to delegate: 0
sat
Input assignment:
	x0 = -2.209723
	x1 = -1.009737
	x2 = 0.340187
	x3 = 0.558280
	x4 = 1.805983
	x5 = -3.654075
	x6 = -0.904132
	x7 = 2.179747
	x8 = 0.825771
	x9 = 0.017496
	x10 = 0.653760
	x11 = -0.694644
	x12 = -2.015849
	x13 = -1.732577
	x14 = 0.522023
	x15 = 2.431434
	x16 = 0.327486
	x17 = -0.808113
	x18 = 0.532327
	x19 = 1.167265
	x20 = -1.113416
	x21 = 2.620323
	x22 = -1.704485
	x23 = 2.812331
	x24 = -1.872120
	x25 = 2.968162
	x26 = 0.975942
	x27 = 0.677115
	x28 = 1.914048
	x29 = 1.920043
	x30 = -5.739829
	x31 = 1.827238
	x32 = -1.162927
	x33 = 0.623731
	x34 = 0.108480
	x35 = -0.519839
	x36 = 0.508705
	x37 = -1.217094
	x38 = -2.076658
	x39 = -0.834021
	x40 = -0.413835
	x41 = 0.717643
	x42 = -0.564751
	x43 = 0.855837
	x44 = -3.289149
	x45 = 1.366676
	x46 = 0.772269
	x47 = -0.503838
	x48 = -3.659703
	x49 = 2.574670
	x50 = -0.759370
	x51 = 3.693650
	x52 = 1.931566
	x53 = -0.255922
	x54 = 1.007934
	x55 = -1.885950
	x56 = -0.310320
	x57 = -2.577096
	x58 = 0.458833
	x59 = -0.709917
	x60 = -2.102311
	x61 = -1.854931
	x62 = -4.091014
	x63 = 1.592381
	x64 = -0.429333
	x65 = -0.085922
	x66 = -3.254147
	x67 = -0.571554
	x68 = -0.279315
	x69 = 0.411767
	x70 = -2.361137
	x71 = 0.148801
	x72 = 5.078648
	x73 = 2.501762
	x74 = -1.030671
	x75 = -2.275853
	x76 = -2.485626
	x77 = 0.155437
	x78 = 0.611691
	x79 = -1.220403
	x80 = 0.773221
	x81 = 0.761716
	x82 = 1.402444
	x83 = 0.006117
	x84 = 2.536172
	x85 = -0.133017
	x86 = -0.532187
	x87 = -3.625376
	x88 = -1.654400
	x89 = -0.385814
	x90 = -1.348971
	x91 = -1.101313
	x92 = 1.150826
	x93 = 1.723449
	x94 = -1.460878
	x95 = 3.040838
	x96 = -0.238376
	x97 = 1.845034
	x98 = 2.017916
	x99 = -0.138490
	x100 = -0.081504
	x101 = 0.506034
	x102 = 0.662035
	x103 = 0.774069
	x104 = -0.205843
	x105 = 0.078811
	x106 = 0.082853
	x107 = -1.434912
	x108 = 0.337945
	x109 = -3.281191
	x110 = -2.619828
	x111 = 0.064073
	x112 = -1.081171
	x113 = 1.259784
	x114 = 0.321757
	x115 = -0.034932
	x116 = -0.605154
	x117 = -1.035796
	x118 = -0.854042
	x119 = -0.617458
	x120 = -0.681502
	x121 = 3.253830
	x122 = 0.269854
	x123 = -0.620798
	x124 = -1.168664
	x125 = -1.205435
	x126 = -1.707958
	x127 = 0.318743
	x128 = 0.438308
	x129 = 2.012898
	x130 = 0.221588
	x131 = -2.463665
	x132 = 1.970811
	x133 = -2.375990
	x134 = -1.332935
	x135 = -1.272433
	x136 = 0.203174
	x137 = 2.014882
	x138 = 1.852438
	x139 = -0.687865
	x140 = -3.022678
	x141 = -0.002734
	x142 = 1.046188
	x143 = -0.778190
	x144 = -2.838336
	x145 = 1.895466
	x146 = -0.745947
	x147 = -0.971758
	x148 = 0.710319
	x149 = -0.944043
	x150 = -1.592299
	x151 = 2.698521
	x152 = -0.087370
	x153 = -2.773243
	x154 = -3.897848
	x155 = 2.374839
	x156 = -3.039105
	x157 = 1.852662
	x158 = 1.905678
	x159 = 0.024327
	x160 = 0.050562
	x161 = -1.515510
	x162 = -0.667913
	x163 = -0.379773
	x164 = -0.833724
	x165 = -2.170637
	x166 = -1.146616
	x167 = 0.815322
	x168 = -0.752884
	x169 = 0.611953
	x170 = -0.108157
	x171 = -0.444461
	x172 = -3.347750
	x173 = 2.948738
	x174 = -1.504023
	x175 = 0.909791
	x176 = -2.516233
	x177 = -0.319831
	x178 = 0.436907
	x179 = -0.131375
	x180 = 0.321246
	x181 = 2.509501
	x182 = -0.690723
	x183 = 1.721358
	x184 = -0.320114
	x185 = -2.089270
	x186 = 1.237792
	x187 = -1.351143
	x188 = -0.157526
	x189 = 0.904688
	x190 = 2.277139
	x191 = -3.785147
	x192 = -1.599060
	x193 = -1.658416
	x194 = 0.331316
	x195 = -0.026978
	x196 = 0.441471
	x197 = -0.411741
	x198 = -0.558720
	x199 = -1.130381
	x200 = 0.081474
	x201 = -0.448578
	x202 = -0.802219
	x203 = -2.739922
	x204 = -5.148075
	x205 = 1.393659
	x206 = -0.681760
	x207 = -0.100500
	x208 = 0.580756
	x209 = 1.227643
	x210 = -1.554560
	x211 = -1.584738
	x212 = 1.431596
	x213 = 1.382258
	x214 = -0.716117
	x215 = -0.114067
	x216 = -0.614070
	x217 = 1.069826
	x218 = 2.528277
	x219 = -2.254455
	x220 = -2.039003
	x221 = -1.857331
	x222 = -0.218202
	x223 = 2.043695
	x224 = -0.572609
	x225 = -1.329967
	x226 = -1.405727
	x227 = -2.807628
	x228 = -0.916902
	x229 = -1.459100
	x230 = 1.067105
	x231 = -1.203115
	x232 = 2.896517
	x233 = -0.928120
	x234 = 0.625728
	x235 = 2.407564
	x236 = -1.794337
	x237 = -1.337031
	x238 = 2.231532
	x239 = 2.359905
	x240 = 1.263812
	x241 = -1.407234
	x242 = -3.081280
	x243 = 0.573940
	x244 = -1.974915
	x245 = -0.237768
	x246 = -1.162980
	x247 = 0.083430
	x248 = 0.559243
	x249 = -1.493506
	x250 = 1.972711
	x251 = -1.548158
	x252 = 2.436733
	x253 = -0.176843
	x254 = -2.391664
	x255 = -2.195737
	x256 = 3.186531
	x257 = -0.604155
	x258 = 1.862368
	x259 = -2.117826
	x260 = -0.016903
	x261 = -0.983234
	x262 = 2.083417
	x263 = -0.030140
	x264 = -1.156353
	x265 = -2.877648
	x266 = -1.643657
	x267 = 1.056879
	x268 = -1.816025
	x269 = 1.584598
	x270 = 2.859866
	x271 = 0.271240
	x272 = -2.931373
	x273 = -1.023155
	x274 = 1.221085
	x275 = 2.510473
	x276 = -3.721085
	x277 = -1.406161
	x278 = -2.693862
	x279 = 3.652989
	x280 = -0.855507
	x281 = 0.792145
	x282 = -0.371988
	x283 = 2.078667
	x284 = -0.784474
	x285 = -1.616577
	x286 = -1.657537
	x287 = 0.542231
	x288 = 0.456548
	x289 = 1.456656
	x290 = 0.492131
	x291 = 3.397698
	x292 = -3.015163
	x293 = 0.587532
	x294 = -3.654940
	x295 = -1.001286
	x296 = -2.137775
	x297 = 2.283770
	x298 = -5.090620
	x299 = -0.991385
	x300 = -1.062532
	x301 = 1.393932
	x302 = 1.967385
	x303 = 1.519322
	x304 = -1.608308
	x305 = 1.205127
	x306 = -0.813596
	x307 = -1.084135
	x308 = 4.895053
	x309 = 0.095852
	x310 = 1.304315
	x311 = -1.316172
	x312 = -1.747739
	x313 = 0.317423
	x314 = -0.215843
	x315 = 0.541005
	x316 = -1.066756
	x317 = 1.125358
	x318 = -0.515358
	x319 = 0.336663
	x320 = -1.454142
	x321 = 2.270498
	x322 = -1.782629
	x323 = 2.087868
	x324 = -0.603638
	x325 = -0.071653
	x326 = 1.490767
	x327 = 2.467083
	x328 = 1.142225
	x329 = 1.330810
	x330 = -1.170868
	x331 = -2.600201
	x332 = 3.081449
	x333 = 2.510622
	x334 = -1.104081
	x335 = 0.243584
	x336 = 1.651620
	x337 = -0.829978
	x338 = -1.982623
	x339 = 2.473721
	x340 = -3.796676
	x341 = 2.488601
	x342 = 0.215804
	x343 = -0.879061
	x344 = -1.521535
	x345 = -0.524995
	x346 = -0.083453
	x347 = 0.114788
	x348 = 1.649120
	x349 = 4.599756
	x350 = -1.094386
	x351 = 1.817129
	x352 = -0.319218
	x353 = -0.212649
	x354 = -1.532722
	x355 = 0.783665
	x356 = -0.962801
	x357 = 3.494153
	x358 = -0.707673
	x359 = -3.536952
	x360 = -2.675676
	x361 = 2.656655
	x362 = 1.022263
	x363 = 0.166972
	x364 = -0.955708
	x365 = -0.159395
	x366 = 0.902500
	x367 = -0.862844
	x368 = -1.013054
	x369 = -0.495001
	x370 = 1.644975
	x371 = -1.820544
	x372 = -3.325394
	x373 = 0.130791
	x374 = -2.785963
	x375 = -1.975244
	x376 = 2.421567
	x377 = 0.494684
	x378 = 1.622970
	x379 = -2.620037
	x380 = 0.999547
	x381 = -4.096003
	x382 = -0.914197
	x383 = 2.755964
	x384 = 1.102588
	x385 = 0.192143
	x386 = 1.457034
	x387 = 1.997421
	x388 = -1.837562
	x389 = -1.463035
	x390 = 0.236914
	x391 = -2.123205
	x392 = 1.657417
	x393 = 1.913639
	x394 = 0.040789
	x395 = 0.274622
	x396 = -1.226052
	x397 = -4.023334
	x398 = -0.450268
	x399 = 0.003964
	x400 = -3.405662
	x401 = 0.779928
	x402 = 0.517956
	x403 = -1.331118
	x404 = 0.119037
	x405 = -1.844689
	x406 = 1.742609
	x407 = 1.217601
	x408 = -0.800240
	x409 = -1.119675
	x410 = 2.656381
	x411 = -2.679429
	x412 = 0.781012
	x413 = 0.736130
	x414 = 0.195005
	x415 = 1.667007
	x416 = 2.023775
	x417 = -1.740686
	x418 = 1.314977
	x419 = 0.803160
	x420 = 0.725922
	x421 = -0.794198
	x422 = -1.648979
	x423 = 0.809585
	x424 = 0.100666
	x425 = -0.328531
	x426 = -3.642056
	x427 = 0.790007
	x428 = 3.787091
	x429 = 3.701426
	x430 = -0.613407
	x431 = 2.247429
	x432 = -0.492805
	x433 = -0.540473
	x434 = 1.922559
	x435 = -0.285702
	x436 = -1.547515
	x437 = -2.259781
	x438 = 3.423701
	x439 = -0.896793
	x440 = 0.347127
	x441 = 0.309123
	x442 = 0.080161
	x443 = -3.357845
	x444 = 2.103931
	x445 = 1.585062
	x446 = 0.108761
	x447 = 0.019789
	x448 = -1.545559
	x449 = 0.302452
	x450 = 0.980324
	x451 = 0.080061
	x452 = -0.168696
	x453 = 1.238714
	x454 = 2.818289
	x455 = 0.257674
	x456 = -0.092321
	x457 = 0.216668
	x458 = -0.942961
	x459 = -1.711502
	x460 = -0.136567
	x461 = 3.201742
	x462 = 0.793040
	x463 = -1.427902
	x464 = 0.568228
	x465 = -0.130507
	x466 = 1.171716
	x467 = -3.703216
	x468 = -1.170665
	x469 = -0.601370
	x470 = -1.699093
	x471 = -1.592176
	x472 = -1.014499
	x473 = 0.882617
	x474 = -2.352711
	x475 = 0.722182
	x476 = -0.138997
	x477 = 2.218095
	x478 = 2.848645
	x479 = -0.309791
	x480 = -2.298068
	x481 = -0.957548
	x482 = -0.049087
	x483 = 2.052679
	x484 = 1.498621
	x485 = 2.647474
	x486 = 2.015509
	x487 = -0.625474
	x488 = -0.632938
	x489 = 2.023782
	x490 = -0.215532
	x491 = 0.189746
	x492 = 0.282236
	x493 = -1.333797
	x494 = 1.501467
	x495 = -1.673700
	x496 = -0.318178
	x497 = -1.143351
	x498 = 0.355869
	x499 = -1.070005
	x500 = 1.614059
	x501 = 1.938137
	x502 = 0.808860
	x503 = -1.738932
	x504 = 0.888574
	x505 = -1.009164
	x506 = 0.662645
	x507 = -0.208113
	x508 = 0.492911
	x509 = -1.675654
	x510 = -0.573366
	x511 = -0.835940

Output:
	y0 = -5.156703
	y1 = -2.023577
	y2 = 8.149002
	y3 = -2.128543
	y4 = 8.166003
	y5 = -2.284849
	y6 = -2.214107
	y7 = -2.420479
	y8 = -2.764014
	y9 = -1.854947
	y10 = 8.125962
	y11 = -2.354661
	y12 = 8.239157
	y13 = 8.220104
	y14 = 8.170200
	y15 = -0.636652
	y16 = -1.919233
	y17 = 8.185138
	y18 = -2.203813
	y19 = -2.957156
	y20 = -1.879239
	y21 = -2.153709
	y22 = -2.356314
	y23 = 8.220094
	y24 = 8.167235
	y25 = -0.690595
	y26 = -2.944265
	y27 = -2.256830
	y28 = -2.580048
	y29 = -2.774882
	y30 = -1.104358
	y31 = -2.170381
	y32 = 8.204841
	y33 = -2.449969
	y34 = -3.245376
	y35 = -2.306120
	y36 = -2.204186
	y37 = -2.192236
	y38 = -1.147161
	y39 = -0.846081
	y40 = -2.251229
	y41 = -2.228533
	y42 = -2.584421
	y43 = -1.868374
	y44 = -2.165367
	y45 = -2.455036
	y46 = -2.506586
	y47 = -2.512621
	y48 = -3.171890
	y49 = -3.258085
	y50 = -2.348592
	y51 = -2.569758
	y52 = -3.027803
	y53 = -3.341230
	y54 = -1.754721
	y55 = -2.795666
	y56 = -1.529577
	y57 = -2.878172
	y58 = -1.957277
	y59 = -1.788561
	y60 = -2.326609

