InputQuery: /home/levn/Workspace/othello_world/queries/head_robust/group_4/game_92_adv_labels_11_eps_0.1.txt
Engine::processInputQuery: Input query (before preprocessing): 62 equations, 573 variables
Engine::processInputQuery: Input query (after preprocessing): 62 equations, 574 variables

Input bounds:
	x0: [  1.4593,   1.6593] 
	x1: [ -1.7356,  -1.5356] 
	x2: [ -2.2754,  -2.0754] 
	x3: [ -2.3601,  -2.1601] 
	x4: [  0.4708,   0.6708] 
	x5: [ -2.3535,  -2.1535] 
	x6: [  1.6637,   1.8637] 
	x7: [ -1.8628,  -1.6628] 
	x8: [ -2.0436,  -1.8436] 
	x9: [ -1.9199,  -1.7199] 
	x10: [ -0.1495,   0.0505] 
	x11: [  0.8467,   1.0467] 
	x12: [ -1.2858,  -1.0858] 
	x13: [  0.1918,   0.3918] 
	x14: [ -0.8733,  -0.6733] 
	x15: [ -2.5874,  -2.3874] 
	x16: [ -1.8839,  -1.6839] 
	x17: [ -0.4120,  -0.2120] 
	x18: [ -2.0858,  -1.8858] 
	x19: [ -0.4815,  -0.2815] 
	x20: [ -0.3040,  -0.1040] 
	x21: [  1.7435,   1.9435] 
	x22: [  0.6061,   0.8061] 
	x23: [ -0.1724,   0.0276] 
	x24: [ -1.0022,  -0.8022] 
	x25: [ -0.4442,  -0.2442] 
	x26: [  1.8557,   2.0557] 
	x27: [ -2.3077,  -2.1077] 
	x28: [ -2.0897,  -1.8897] 
	x29: [  0.0939,   0.2939] 
	x30: [  2.5598,   2.7598] 
	x31: [  3.1821,   3.3821] 
	x32: [  1.7129,   1.9129] 
	x33: [  0.5047,   0.7047] 
	x34: [ -0.9329,  -0.7329] 
	x35: [ -0.0123,   0.1877] 
	x36: [ -0.6107,  -0.4107] 
	x37: [ -2.1347,  -1.9347] 
	x38: [  3.6131,   3.8131] 
	x39: [ -4.4961,  -4.2961] 
	x40: [  0.3960,   0.5960] 
	x41: [  2.2321,   2.4321] 
	x42: [ -3.0079,  -2.8079] 
	x43: [  3.5294,   3.7294] 
	x44: [ -1.8715,  -1.6715] 
	x45: [ -1.2258,  -1.0258] 
	x46: [ -0.2180,  -0.0180] 
	x47: [  0.2323,   0.4323] 
	x48: [ -1.6912,  -1.4912] 
	x49: [  1.3853,   1.5853] 
	x50: [  0.3817,   0.5817] 
	x51: [ -0.2516,  -0.0516] 
	x52: [  0.9352,   1.1352] 
	x53: [ -2.4838,  -2.2838] 
	x54: [ -1.8531,  -1.6531] 
	x55: [ -0.4336,  -0.2336] 
	x56: [ -1.4649,  -1.2649] 
	x57: [  1.7222,   1.9222] 
	x58: [ -0.6189,  -0.4189] 
	x59: [  0.1614,   0.3614] 
	x60: [  3.2097,   3.4097] 
	x61: [ -1.4024,  -1.2024] 
	x62: [ -1.3011,  -1.1011] 
	x63: [  0.7106,   0.9106] 
	x64: [ -0.7258,  -0.5258] 
	x65: [  1.2329,   1.4329] 
	x66: [ -0.6080,  -0.4080] 
	x67: [ -0.0646,   0.1354] 
	x68: [ -1.2199,  -1.0199] 
	x69: [  0.0592,   0.2592] 
	x70: [ -2.9969,  -2.7969] 
	x71: [ -0.0762,   0.1238] 
	x72: [  2.2611,   2.4611] 
	x73: [ -0.2176,  -0.0176] 
	x74: [ -2.9175,  -2.7175] 
	x75: [ -2.8806,  -2.6806] 
	x76: [  0.8157,   1.0157] 
	x77: [  0.5774,   0.7774] 
	x78: [  1.7593,   1.9593] 
	x79: [  1.0385,   1.2385] 
	x80: [  0.7690,   0.9690] 
	x81: [  0.5690,   0.7690] 
	x82: [  0.7225,   0.9225] 
	x83: [ -2.2941,  -2.0941] 
	x84: [  1.4392,   1.6392] 
	x85: [ -0.0545,   0.1455] 
	x86: [  2.2802,   2.4802] 
	x87: [ -1.6844,  -1.4844] 
	x88: [  1.9544,   2.1544] 
	x89: [ -1.2269,  -1.0269] 
	x90: [  3.0860,   3.2860] 
	x91: [ -0.3171,  -0.1171] 
	x92: [  0.4374,   0.6374] 
	x93: [  2.5929,   2.7929] 
	x94: [  1.7489,   1.9489] 
	x95: [  2.2450,   2.4450] 
	x96: [  0.1186,   0.3186] 
	x97: [ -4.9379,  -4.7379] 
	x98: [  2.1312,   2.3312] 
	x99: [  2.3087,   2.5087] 
	x100: [ -1.8649,  -1.6649] 
	x101: [ -0.6538,  -0.4538] 
	x102: [  1.8063,   2.0063] 
	x103: [  0.1608,   0.3608] 
	x104: [  0.5739,   0.7739] 
	x105: [ -2.3576,  -2.1576] 
	x106: [  0.5396,   0.7396] 
	x107: [  0.8108,   1.0108] 
	x108: [ -4.7403,  -4.5403] 
	x109: [ -3.2941,  -3.0941] 
	x110: [ -0.0798,   0.1202] 
	x111: [  0.2448,   0.4448] 
	x112: [ -1.6992,  -1.4992] 
	x113: [  3.4189,   3.6189] 
	x114: [ -2.0338,  -1.8338] 
	x115: [ -1.9042,  -1.7042] 
	x116: [ -0.8065,  -0.6065] 
	x117: [ -0.5419,  -0.3419] 
	x118: [ -0.3774,  -0.1774] 
	x119: [  1.2489,   1.4489] 
	x120: [ -0.2892,  -0.0892] 
	x121: [  2.5283,   2.7283] 
	x122: [  3.9127,   4.1127] 
	x123: [  1.2697,   1.4697] 
	x124: [  0.0439,   0.2439] 
	x125: [ -0.7114,  -0.5114] 
	x126: [  1.3994,   1.5994] 
	x127: [  2.4089,   2.6089] 
	x128: [ -0.6501,  -0.4501] 
	x129: [  1.3520,   1.5520] 
	x130: [  1.7507,   1.9507] 
	x131: [ -3.1119,  -2.9119] 
	x132: [ -0.6651,  -0.4651] 
	x133: [  0.0632,   0.2632] 
	x134: [  0.1268,   0.3268] 
	x135: [  0.5470,   0.7470] 
	x136: [ -0.6839,  -0.4839] 
	x137: [  1.8044,   2.0044] 
	x138: [ -0.1790,   0.0210] 
	x139: [ -2.9217,  -2.7217] 
	x140: [ -3.4558,  -3.2558] 
	x141: [ -0.4063,  -0.2063] 
	x142: [  1.1917,   1.3917] 
	x143: [ -0.3814,  -0.1814] 
	x144: [ -1.5701,  -1.3701] 
	x145: [  2.1895,   2.3895] 
	x146: [ -3.0733,  -2.8733] 
	x147: [ -0.9217,  -0.7217] 
	x148: [ -0.2338,  -0.0338] 
	x149: [ -3.8566,  -3.6566] 
	x150: [  1.1031,   1.3031] 
	x151: [  1.2681,   1.4681] 
	x152: [  2.2956,   2.4956] 
	x153: [ -1.6355,  -1.4355] 
	x154: [  0.5159,   0.7159] 
	x155: [  3.8030,   4.0030] 
	x156: [  2.6267,   2.8267] 
	x157: [  0.5211,   0.7211] 
	x158: [  0.3627,   0.5627] 
	x159: [ -1.9227,  -1.7227] 
	x160: [  1.0870,   1.2870] 
	x161: [  4.6070,   4.8070] 
	x162: [ -0.0734,   0.1266] 
	x163: [  1.1766,   1.3766] 
	x164: [  0.9115,   1.1115] 
	x165: [ -2.0302,  -1.8302] 
	x166: [  0.0946,   0.2946] 
	x167: [  0.0646,   0.2646] 
	x168: [ -1.9912,  -1.7912] 
	x169: [ -1.2263,  -1.0263] 
	x170: [ -0.2688,  -0.0688] 
	x171: [ -1.4686,  -1.2686] 
	x172: [  1.7176,   1.9176] 
	x173: [ -2.8125,  -2.6125] 
	x174: [ -1.4008,  -1.2008] 
	x175: [  1.6187,   1.8187] 
	x176: [  0.6109,   0.8109] 
	x177: [  0.8782,   1.0782] 
	x178: [ -1.5070,  -1.3070] 
	x179: [ -0.2111,  -0.0111] 
	x180: [ -0.4801,  -0.2801] 
	x181: [  0.1801,   0.3801] 
	x182: [ -1.3442,  -1.1442] 
	x183: [ -0.5823,  -0.3823] 
	x184: [  1.8157,   2.0157] 
	x185: [  0.2186,   0.4186] 
	x186: [  0.7647,   0.9647] 
	x187: [  1.5245,   1.7245] 
	x188: [  3.1993,   3.3993] 
	x189: [  0.1910,   0.3910] 
	x190: [ -0.3562,  -0.1562] 
	x191: [ -0.5995,  -0.3995] 
	x192: [  0.7058,   0.9058] 
	x193: [ -1.0983,  -0.8983] 
	x194: [  1.2988,   1.4988] 
	x195: [ -0.4366,  -0.2366] 
	x196: [  2.2802,   2.4802] 
	x197: [ -1.5090,  -1.3090] 
	x198: [ -0.9925,  -0.7925] 
	x199: [  1.0207,   1.2207] 
	x200: [ -1.5926,  -1.3926] 
	x201: [  1.0346,   1.2346] 
	x202: [ -0.4126,  -0.2126] 
	x203: [ -2.5479,  -2.3479] 
	x204: [ -0.4842,  -0.2842] 
	x205: [ -0.7374,  -0.5374] 
	x206: [  0.0615,   0.2615] 
	x207: [ -0.0998,   0.1002] 
	x208: [ -2.0077,  -1.8077] 
	x209: [ -1.7175,  -1.5175] 
	x210: [ -0.3766,  -0.1766] 
	x211: [  0.6922,   0.8922] 
	x212: [ -2.2244,  -2.0244] 
	x213: [  0.0385,   0.2385] 
	x214: [  1.0620,   1.2620] 
	x215: [ -1.8919,  -1.6919] 
	x216: [ -1.2891,  -1.0891] 
	x217: [  0.2827,   0.4827] 
	x218: [ -2.5574,  -2.3574] 
	x219: [ -1.5977,  -1.3977] 
	x220: [ -1.2152,  -1.0152] 
	x221: [ -2.9496,  -2.7496] 
	x222: [ -0.5165,  -0.3165] 
	x223: [ -0.8943,  -0.6943] 
	x224: [ -2.6532,  -2.4532] 
	x225: [  4.0131,   4.2131] 
	x226: [  0.4272,   0.6272] 
	x227: [ -1.4470,  -1.2470] 
	x228: [ -2.0087,  -1.8087] 
	x229: [  6.0727,   6.2727] 
	x230: [  5.7399,   5.9399] 
	x231: [  1.1308,   1.3308] 
	x232: [  0.5786,   0.7786] 
	x233: [ -1.5651,  -1.3651] 
	x234: [  0.0183,   0.2183] 
	x235: [  1.0909,   1.2909] 
	x236: [ -0.1420,   0.0580] 
	x237: [ -0.1969,   0.0031] 
	x238: [  0.5866,   0.7866] 
	x239: [ -2.2750,  -2.0750] 
	x240: [ -1.3469,  -1.1469] 
	x241: [  1.1854,   1.3854] 
	x242: [ -0.8614,  -0.6614] 
	x243: [  0.4071,   0.6071] 
	x244: [ -0.6722,  -0.4722] 
	x245: [ -1.5749,  -1.3749] 
	x246: [ -1.6505,  -1.4505] 
	x247: [ -2.6807,  -2.4807] 
	x248: [ -1.1009,  -0.9009] 
	x249: [  2.3335,   2.5335] 
	x250: [  0.7948,   0.9948] 
	x251: [ -0.0347,   0.1653] 
	x252: [ -2.0270,  -1.8270] 
	x253: [  1.2632,   1.4632] 
	x254: [ -0.2244,  -0.0244] 
	x255: [ -2.6893,  -2.4893] 
	x256: [  0.7531,   0.9531] 
	x257: [  3.0444,   3.2444] 
	x258: [  0.2551,   0.4551] 
	x259: [ -2.0801,  -1.8801] 
	x260: [  1.5352,   1.7352] 
	x261: [  1.0505,   1.2505] 
	x262: [  0.7978,   0.9978] 
	x263: [ -0.3409,  -0.1409] 
	x264: [ -0.4842,  -0.2842] 
	x265: [ -2.2359,  -2.0359] 
	x266: [ -4.0072,  -3.8072] 
	x267: [ -0.4752,  -0.2752] 
	x268: [ -1.4233,  -1.2233] 
	x269: [ -0.2157,  -0.0157] 
	x270: [  2.6387,   2.8387] 
	x271: [  0.4459,   0.6459] 
	x272: [ -0.5970,  -0.3970] 
	x273: [  1.2713,   1.4713] 
	x274: [  2.9226,   3.1226] 
	x275: [  4.2181,   4.4181] 
	x276: [ -0.6079,  -0.4079] 
	x277: [  1.0266,   1.2266] 
	x278: [ -3.9587,  -3.7587] 
	x279: [  0.4304,   0.6304] 
	x280: [ -0.9574,  -0.7574] 
	x281: [  0.9258,   1.1258] 
	x282: [ -2.1650,  -1.9650] 
	x283: [  0.9267,   1.1267] 
	x284: [ -2.3996,  -2.1996] 
	x285: [ -1.4677,  -1.2677] 
	x286: [  1.8599,   2.0599] 
	x287: [ -1.3874,  -1.1874] 
	x288: [ -1.9453,  -1.7453] 
	x289: [  2.1266,   2.3266] 
	x290: [  1.2310,   1.4310] 
	x291: [  0.7588,   0.9588] 
	x292: [ -3.4540,  -3.2540] 
	x293: [  0.2113,   0.4113] 
	x294: [ -0.9071,  -0.7071] 
	x295: [  1.2261,   1.4261] 
	x296: [ -0.1280,   0.0720] 
	x297: [ -0.8922,  -0.6922] 
	x298: [ -2.6808,  -2.4808] 
	x299: [ -0.8883,  -0.6883] 
	x300: [ -1.1092,  -0.9092] 
	x301: [ -2.0681,  -1.8681] 
	x302: [  0.8327,   1.0327] 
	x303: [  2.8398,   3.0398] 
	x304: [  2.2864,   2.4864] 
	x305: [  0.5670,   0.7670] 
	x306: [  0.5175,   0.7175] 
	x307: [ -1.7425,  -1.5425] 
	x308: [ -0.8182,  -0.6182] 
	x309: [ -0.2682,  -0.0682] 
	x310: [ -0.9643,  -0.7643] 
	x311: [  5.7507,   5.9507] 
	x312: [  2.5931,   2.7931] 
	x313: [  0.9708,   1.1708] 
	x314: [ -3.1907,  -2.9907] 
	x315: [ -1.9967,  -1.7967] 
	x316: [  3.1817,   3.3817] 
	x317: [ -1.6163,  -1.4163] 
	x318: [ -2.3176,  -2.1176] 
	x319: [ -0.2509,  -0.0509] 
	x320: [  0.2227,   0.4227] 
	x321: [ -1.3753,  -1.1753] 
	x322: [ -2.4418,  -2.2418] 
	x323: [  0.7914,   0.9914] 
	x324: [  0.3267,   0.5267] 
	x325: [ -1.1617,  -0.9617] 
	x326: [  1.4459,   1.6459] 
	x327: [  1.0616,   1.2616] 
	x328: [  3.3744,   3.5744] 
	x329: [ -0.7037,  -0.5037] 
	x330: [ -1.3019,  -1.1019] 
	x331: [ -1.1904,  -0.9904] 
	x332: [ -1.1868,  -0.9868] 
	x333: [  0.7555,   0.9555] 
	x334: [  0.3208,   0.5208] 
	x335: [  1.5436,   1.7436] 
	x336: [ -1.7862,  -1.5862] 
	x337: [  1.6669,   1.8669] 
	x338: [ -1.1862,  -0.9862] 
	x339: [  0.8065,   1.0065] 
	x340: [ -0.5031,  -0.3031] 
	x341: [  1.2815,   1.4815] 
	x342: [  0.3685,   0.5685] 
	x343: [  0.7209,   0.9209] 
	x344: [ -1.0286,  -0.8286] 
	x345: [ -0.4411,  -0.2411] 
	x346: [ -0.6716,  -0.4716] 
	x347: [ -1.8303,  -1.6303] 
	x348: [  2.3891,   2.5891] 
	x349: [  1.3945,   1.5945] 
	x350: [  2.7137,   2.9137] 
	x351: [  2.6933,   2.8933] 
	x352: [  0.3241,   0.5241] 
	x353: [ -0.1042,   0.0958] 
	x354: [  0.4137,   0.6137] 
	x355: [  0.8723,   1.0723] 
	x356: [ -2.4574,  -2.2574] 
	x357: [ -0.1461,   0.0539] 
	x358: [ -0.0477,   0.1523] 
	x359: [  2.3594,   2.5594] 
	x360: [ -2.0972,  -1.8972] 
	x361: [  0.4230,   0.6230] 
	x362: [ -2.1106,  -1.9106] 
	x363: [ -0.9650,  -0.7650] 
	x364: [ -1.5493,  -1.3493] 
	x365: [ -1.9548,  -1.7548] 
	x366: [ -0.8097,  -0.6097] 
	x367: [  2.6542,   2.8542] 
	x368: [ -2.0417,  -1.8417] 
	x369: [  4.1011,   4.3011] 
	x370: [ -0.8492,  -0.6492] 
	x371: [ -0.6156,  -0.4156] 
	x372: [ -2.0094,  -1.8094] 
	x373: [  1.4782,   1.6782] 
	x374: [ -0.2103,  -0.0103] 
	x375: [ -5.0867,  -4.8867] 
	x376: [ -0.7610,  -0.5610] 
	x377: [  1.6173,   1.8173] 
	x378: [ -0.8471,  -0.6471] 
	x379: [  0.8037,   1.0037] 
	x380: [ -1.8155,  -1.6155] 
	x381: [ -0.6395,  -0.4395] 
	x382: [  1.0339,   1.2339] 
	x383: [  2.6601,   2.8601] 
	x384: [  0.8963,   1.0963] 
	x385: [ -0.3247,  -0.1247] 
	x386: [ -1.6568,  -1.4568] 
	x387: [  0.8760,   1.0760] 
	x388: [  1.4571,   1.6571] 
	x389: [  0.9494,   1.1494] 
	x390: [ -0.9121,  -0.7121] 
	x391: [  0.0468,   0.2468] 
	x392: [  2.3120,   2.5120] 
	x393: [ -2.1416,  -1.9416] 
	x394: [ -2.0073,  -1.8073] 
	x395: [ -3.6421,  -3.4421] 
	x396: [ -1.1956,  -0.9956] 
	x397: [  0.5927,   0.7927] 
	x398: [  1.0180,   1.2180] 
	x399: [ -0.5570,  -0.3570] 
	x400: [  1.3984,   1.5984] 
	x401: [  0.6034,   0.8034] 
	x402: [ -2.4622,  -2.2622] 
	x403: [ -2.0145,  -1.8145] 
	x404: [  0.1435,   0.3435] 
	x405: [ -2.5099,  -2.3099] 
	x406: [  1.2493,   1.4493] 
	x407: [  2.7475,   2.9475] 
	x408: [ -1.6262,  -1.4262] 
	x409: [ -3.0404,  -2.8404] 
	x410: [ -0.3720,  -0.1720] 
	x411: [ -0.6281,  -0.4281] 
	x412: [ -0.9277,  -0.7277] 
	x413: [ -1.1416,  -0.9416] 
	x414: [ -1.3130,  -1.1130] 
	x415: [  1.1096,   1.3096] 
	x416: [  0.1032,   0.3032] 
	x417: [  1.2371,   1.4371] 
	x418: [  0.9356,   1.1356] 
	x419: [ -0.4461,  -0.2461] 
	x420: [ -0.4743,  -0.2743] 
	x421: [ -0.6622,  -0.4622] 
	x422: [ -1.1204,  -0.9204] 
	x423: [ -1.1729,  -0.9729] 
	x424: [ -2.3874,  -2.1874] 
	x425: [ -1.7363,  -1.5363] 
	x426: [  0.2417,   0.4417] 
	x427: [  2.0631,   2.2631] 
	x428: [  0.7446,   0.9446] 
	x429: [  0.9433,   1.1433] 
	x430: [ -1.8260,  -1.6260] 
	x431: [ -0.5521,  -0.3521] 
	x432: [  1.5869,   1.7869] 
	x433: [  2.0292,   2.2292] 
	x434: [  1.8159,   2.0159] 
	x435: [  1.7976,   1.9976] 
	x436: [ -1.7075,  -1.5075] 
	x437: [  0.9980,   1.1980] 
	x438: [  2.2333,   2.4333] 
	x439: [  0.5064,   0.7064] 
	x440: [  2.8621,   3.0621] 
	x441: [ -1.3004,  -1.1004] 
	x442: [  0.1691,   0.3691] 
	x443: [ -2.3685,  -2.1685] 
	x444: [  0.8566,   1.0566] 
	x445: [ -0.6914,  -0.4914] 
	x446: [  1.4824,   1.6824] 
	x447: [  2.0812,   2.2812] 
	x448: [ -1.1658,  -0.9658] 
	x449: [ -2.2690,  -2.0690] 
	x450: [ -2.4243,  -2.2243] 
	x451: [ -0.4576,  -0.2576] 
	x452: [  0.4828,   0.6828] 
	x453: [ -1.1468,  -0.9468] 
	x454: [ -1.5733,  -1.3733] 
	x455: [ -0.5343,  -0.3343] 
	x456: [ -0.5702,  -0.3702] 
	x457: [ -0.2483,  -0.0483] 
	x458: [  2.1619,   2.3619] 
	x459: [  0.9572,   1.1572] 
	x460: [ -0.1257,   0.0743] 
	x461: [ -2.1885,  -1.9885] 
	x462: [  0.7024,   0.9024] 
	x463: [ -1.4388,  -1.2388] 
	x464: [  0.7336,   0.9336] 
	x465: [  1.6824,   1.8824] 
	x466: [ -0.7618,  -0.5618] 
	x467: [ -1.3610,  -1.1610] 
	x468: [ -1.3433,  -1.1433] 
	x469: [  0.3701,   0.5701] 
	x470: [ -1.7612,  -1.5612] 
	x471: [ -2.2190,  -2.0190] 
	x472: [ -0.2289,  -0.0289] 
	x473: [  2.6281,   2.8281] 
	x474: [ -1.2047,  -1.0047] 
	x475: [ -0.8100,  -0.6100] 
	x476: [  0.3228,   0.5228] 
	x477: [  0.2655,   0.4655] 
	x478: [  1.2778,   1.4778] 
	x479: [ -0.6253,  -0.4253] 
	x480: [  1.2403,   1.4403] 
	x481: [ -1.7655,  -1.5655] 
	x482: [ -0.7691,  -0.5691] 
	x483: [ -0.6013,  -0.4013] 
	x484: [ -1.0325,  -0.8325] 
	x485: [ -0.9386,  -0.7386] 
	x486: [ -0.3633,  -0.1633] 
	x487: [  4.5090,   4.7090] 
	x488: [  4.4067,   4.6067] 
	x489: [  1.9185,   2.1185] 
	x490: [  2.0005,   2.2005] 
	x491: [ -1.5444,  -1.3444] 
	x492: [  0.0831,   0.2831] 
	x493: [  0.5396,   0.7396] 
	x494: [ -0.2093,  -0.0093] 
	x495: [  0.0099,   0.2099] 
	x496: [  3.5967,   3.7967] 
	x497: [ -0.3188,  -0.1188] 
	x498: [  1.7019,   1.9019] 
	x499: [ -1.6815,  -1.4815] 
	x500: [  0.4287,   0.6287] 
	x501: [  0.2497,   0.4497] 
	x502: [ -2.4995,  -2.2995] 
	x503: [  1.9319,   2.1319] 
	x504: [ -1.4586,  -1.2586] 
	x505: [ -5.8060,  -5.6060] 
	x506: [ -1.2312,  -1.0312] 
	x507: [ -0.3053,  -0.1053] 
	x508: [ -0.0956,   0.1044] 
	x509: [  0.2900,   0.4900] 
	x510: [ -0.6565,  -0.4565] 
	x511: [ -1.8133,  -1.6133] 

Branching heuristics set to PseudoImpact

Engine::solve: Initial statistics

03:01:51 Statistics update:
	--- Time Statistics ---
	Total time elapsed: 81 milli (00:00:00)
		Main loop: 0 milli (00:00:00)
		Preprocessing time: 36 milli (00:00:00)
		Unknown: 45 milli (00:00:00)
	Breakdown for main loop:
		[0.00%] Simplex steps: 0 milli
		[0.00%] Explicit-basis bound tightening: 0 milli
		[0.00%] Constraint-matrix bound tightening: 0 milli
		[0.00%] Degradation checking: 0 milli
		[0.00%] Precision restoration: 0 milli
		[0.00%] Statistics handling: 0 milli
		[0.00%] Constraint-fixing steps: 0 milli
		[0.00%] Valid case splits: 0 milli. Average per split: 0.00 milli
		[0.00%] Applying stored bound-tightening: 0 milli
		[0.00%] SMT core: 0 milli
		[0.00%] Symbolic Bound Tightening: 6 milli
		[0.00%] SoI-based local search: 0 milli
		[0.00%] SoI-based local search: 0 milli
		[0.00%] Unaccounted for: 0 milli
	--- Preprocessor Statistics ---
	Number of preprocessor bound-tightening loop iterations: 2
	Number of eliminated variables: 0
	Number of constraints removed due to variable elimination: 0
	Number of equations removed due to variable elimination: 0
	--- Engine Statistics ---
	Number of main loop iterations: 1
		0 iterations were simplex steps. Total time: 0 milli. Average: 0.00 milli.
		0 iterations were constraint-fixing steps. Total time: 0 milli. Average: 0.00 milli
	Number of active piecewise-linear constraints: 0 / 0
		Constraints disabled by valid splits: 0. By SMT-originated splits: 0
	Last reported degradation: 0.0000000000. Max degradation so far: 0.0000000000. Restorations so far: 0
	Number of simplex pivots we attempted to skip because of instability: 0.
	Unstable pivots performed anyway: 0
	--- Tableau Statistics ---
	Total number of pivots performed: 0
		Real pivots: 0. Degenerate: 0 (0.00%)
		Degenerate pivots by request (e.g., to fix a PL constraint): 0 (0.00%)
		Average time per pivot: 0.00 milli
	Total number of fake pivots performed: 0
	Total number of rows added: 0. Number of merged columns: 0
	Current tableau dimensions: M = 62, N = 636
	--- SMT Core Statistics ---
	Total depth is 0. Total visited states: 1. Number of splits: 0. Number of pops: 0
	Max stack depth: 0
	--- Bound Tightening Statistics ---
	Number of tightened bounds: 0.
		Number of rows examined by row tightener: 0. Consequent tightenings: 0
		Number of explicit basis matrices examined by row tightener: 0. Consequent tightenings: 0
		Number of bound tightening rounds on the entire constraint matrix: 0. Consequent tightenings: 0
		Number of bound notifications sent to PL constraints: 0. Tightenings proposed: 0
	--- Basis Factorization statistics ---
	Number of basis refactorizations: 2
	--- Projected Steepest Edge Statistics ---
	Number of iterations: 0.
	Number of resets to reference space: 1. Avg. iterations per reset: 0
	--- SBT ---
	Number of tightened bounds: 1
	--- SoI-based local search ---
	Number of proposed phase pattern update: 0. Number of accepted update: 0 [0.00%]
	Total time (% of local search time) updating SoI phase pattern : 0 milli [0.00%]
	Total time obtaining current assignment: 0 milli [0.00%]
	Total time getting SoI phase pattern : 0 milli [0.00%]
	--- Context dependent statistics ---
	Number of pushes / pops: 0 / 0
		[0.00%] Pre-Push hook: 0 milli
		[0.00%] Push : 0 milli
		[0.00%] Post-Pop hook: 0 milli
		[0.00%] Pop : 0 milli
		[0.00%] Total context-switching time: 0 milli
	--- Proof Certificate ---
	Number of certified leaves: 0
	Number of leaves to delegate: 0

---
Before declaring sat, recomputing...

Engine::solve: sat assignment found

03:01:51 Statistics update:
	--- Time Statistics ---
	Total time elapsed: 97 milli (00:00:00)
		Main loop: 16 milli (00:00:00)
		Preprocessing time: 36 milli (00:00:00)
		Unknown: 45 milli (00:00:00)
	Breakdown for main loop:
		[2.62%] Simplex steps: 0 milli
		[88.30%] Explicit-basis bound tightening: 14 milli
		[0.00%] Constraint-matrix bound tightening: 0 milli
		[0.00%] Degradation checking: 0 milli
		[0.00%] Precision restoration: 0 milli
		[0.00%] Statistics handling: 0 milli
		[0.00%] Constraint-fixing steps: 0 milli
		[0.00%] Valid case splits: 0 milli. Average per split: 0.00 milli
		[0.00%] Applying stored bound-tightening: 0 milli
		[0.00%] SMT core: 0 milli
		[49.05%] Symbolic Bound Tightening: 8 milli
		[0.00%] SoI-based local search: 0 milli
		[0.00%] SoI-based local search: 0 milli
		[112693164357685536.00%] Unaccounted for: 0 milli
	--- Preprocessor Statistics ---
	Number of preprocessor bound-tightening loop iterations: 2
	Number of eliminated variables: 0
	Number of constraints removed due to variable elimination: 0
	Number of equations removed due to variable elimination: 0
	--- Engine Statistics ---
	Number of main loop iterations: 6
		3 iterations were simplex steps. Total time: 0 milli. Average: 0.00 milli.
		0 iterations were constraint-fixing steps. Total time: 0 milli. Average: 0.00 milli
	Number of active piecewise-linear constraints: 0 / 0
		Constraints disabled by valid splits: 0. By SMT-originated splits: 0
	Last reported degradation: 0.0000000000. Max degradation so far: 0.0000000000. Restorations so far: 0
	Number of simplex pivots we attempted to skip because of instability: 0.
	Unstable pivots performed anyway: 0
	--- Tableau Statistics ---
	Total number of pivots performed: 1
		Real pivots: 1. Degenerate: 0 (0.00%)
		Degenerate pivots by request (e.g., to fix a PL constraint): 0 (0.00%)
		Average time per pivot: 0.00 milli
	Total number of fake pivots performed: 2
	Total number of rows added: 0. Number of merged columns: 0
	Current tableau dimensions: M = 62, N = 636
	--- SMT Core Statistics ---
	Total depth is 0. Total visited states: 1. Number of splits: 0. Number of pops: 0
	Max stack depth: 0
	--- Bound Tightening Statistics ---
	Number of tightened bounds: 0.
		Number of rows examined by row tightener: 1. Consequent tightenings: 0
		Number of explicit basis matrices examined by row tightener: 3. Consequent tightenings: 0
		Number of bound tightening rounds on the entire constraint matrix: 0. Consequent tightenings: 0
		Number of bound notifications sent to PL constraints: 0. Tightenings proposed: 0
	--- Basis Factorization statistics ---
	Number of basis refactorizations: 2
	--- Projected Steepest Edge Statistics ---
	Number of iterations: 3.
	Number of resets to reference space: 1. Avg. iterations per reset: 3
	--- SBT ---
	Number of tightened bounds: 1
	--- SoI-based local search ---
	Number of proposed phase pattern update: 0. Number of accepted update: 0 [0.00%]
	Total time (% of local search time) updating SoI phase pattern : 0 milli [0.00%]
	Total time obtaining current assignment: 0 milli [0.00%]
	Total time getting SoI phase pattern : 0 milli [0.00%]
	--- Context dependent statistics ---
	Number of pushes / pops: 0 / 0
		[0.00%] Pre-Push hook: 0 milli
		[0.00%] Push : 0 milli
		[0.00%] Post-Pop hook: 0 milli
		[0.00%] Pop : 0 milli
		[0.00%] Total context-switching time: 0 milli
	--- Proof Certificate ---
	Number of certified leaves: 0
	Number of leaves to delegate: 0
sat
Input assignment:
	x0 = 1.459262
	x1 = -1.735618
	x2 = -2.275412
	x3 = -2.360065
	x4 = 0.470781
	x5 = -2.353459
	x6 = 1.663667
	x7 = -1.862791
	x8 = -2.043576
	x9 = -1.919889
	x10 = -0.149476
	x11 = 0.846699
	x12 = -1.285753
	x13 = 0.191831
	x14 = -0.873256
	x15 = -2.587374
	x16 = -1.883882
	x17 = -0.412002
	x18 = -2.085816
	x19 = -0.481463
	x20 = -0.303996
	x21 = 1.743470
	x22 = 0.606088
	x23 = -0.172417
	x24 = -1.002199
	x25 = -0.444206
	x26 = 1.855706
	x27 = -2.307695
	x28 = -2.089676
	x29 = 0.093874
	x30 = 2.559765
	x31 = 3.182065
	x32 = 1.712940
	x33 = 0.504687
	x34 = -0.932875
	x35 = -0.012341
	x36 = -0.610684
	x37 = -2.134694
	x38 = 3.613113
	x39 = -4.496055
	x40 = 0.396020
	x41 = 2.232110
	x42 = -3.007939
	x43 = 3.529444
	x44 = -1.871538
	x45 = -1.225843
	x46 = -0.217996
	x47 = 0.232274
	x48 = -1.691232
	x49 = 1.385304
	x50 = 0.381664
	x51 = -0.251603
	x52 = 0.935224
	x53 = -2.483803
	x54 = -1.853078
	x55 = -0.433558
	x56 = -1.464873
	x57 = 1.722185
	x58 = -0.618916
	x59 = 0.161354
	x60 = 3.209709
	x61 = -1.402420
	x62 = -1.301052
	x63 = 0.710640
	x64 = -0.725809
	x65 = 1.232939
	x66 = -0.607982
	x67 = -0.064558
	x68 = -1.219865
	x69 = 0.059248
	x70 = -2.996857
	x71 = -0.076227
	x72 = 2.261121
	x73 = -0.217603
	x74 = -2.917489
	x75 = -2.880586
	x76 = 0.815709
	x77 = 0.577398
	x78 = 1.759345
	x79 = 1.038505
	x80 = 0.769029
	x81 = 0.568966
	x82 = 0.722521
	x83 = -2.294114
	x84 = 1.439223
	x85 = -0.054452
	x86 = 2.280171
	x87 = -1.684373
	x88 = 1.954407
	x89 = -1.226870
	x90 = 3.085998
	x91 = -0.317125
	x92 = 0.437444
	x93 = 2.592890
	x94 = 1.748936
	x95 = 2.245044
	x96 = 0.118620
	x97 = -4.937886
	x98 = 2.131206
	x99 = 2.308692
	x100 = -1.864876
	x101 = -0.653815
	x102 = 1.806274
	x103 = 0.160802
	x104 = 0.573891
	x105 = -2.357619
	x106 = 0.539636
	x107 = 0.810812
	x108 = -4.740332
	x109 = -3.294117
	x110 = -0.079823
	x111 = 0.244780
	x112 = -1.699222
	x113 = 3.418892
	x114 = -2.033827
	x115 = -1.904151
	x116 = -0.806476
	x117 = -0.541890
	x118 = -0.377363
	x119 = 1.248863
	x120 = -0.289224
	x121 = 2.528333
	x122 = 3.912687
	x123 = 1.269699
	x124 = 0.043871
	x125 = -0.711355
	x126 = 1.399441
	x127 = 2.408878
	x128 = -0.650095
	x129 = 1.351957
	x130 = 1.750665
	x131 = -3.111860
	x132 = -0.665054
	x133 = 0.063178
	x134 = 0.126836
	x135 = 0.546990
	x136 = -0.683858
	x137 = 1.804354
	x138 = -0.179033
	x139 = -2.921727
	x140 = -3.455834
	x141 = -0.406272
	x142 = 1.191701
	x143 = -0.381361
	x144 = -1.570109
	x145 = 2.189489
	x146 = -3.073286
	x147 = -0.921660
	x148 = -0.233794
	x149 = -3.856609
	x150 = 1.103099
	x151 = 1.268148
	x152 = 2.295598
	x153 = -1.635463
	x154 = 0.515862
	x155 = 3.802956
	x156 = 2.626704
	x157 = 0.521064
	x158 = 0.562726
	x159 = -1.922694
	x160 = 1.087033
	x161 = 4.607024
	x162 = -0.073412
	x163 = 1.176631
	x164 = 0.911495
	x165 = -2.030153
	x166 = 0.094572
	x167 = 0.064637
	x168 = -1.991216
	x169 = -1.226339
	x170 = -0.268781
	x171 = -1.468621
	x172 = 1.717563
	x173 = -2.812473
	x174 = -1.400766
	x175 = 1.618661
	x176 = 0.610894
	x177 = 0.878157
	x178 = -1.507012
	x179 = -0.211139
	x180 = -0.480149
	x181 = 0.180057
	x182 = -1.344204
	x183 = -0.582317
	x184 = 1.815667
	x185 = 0.218590
	x186 = 0.764657
	x187 = 1.524529
	x188 = 3.199284
	x189 = 0.190990
	x190 = -0.356244
	x191 = -0.599471
	x192 = 0.705784
	x193 = -1.098275
	x194 = 1.298813
	x195 = -0.436620
	x196 = 2.280187
	x197 = -1.508971
	x198 = -0.992451
	x199 = 1.020694
	x200 = -1.592586
	x201 = 1.034596
	x202 = -0.412606
	x203 = -2.547905
	x204 = -0.484232
	x205 = -0.737416
	x206 = 0.061453
	x207 = -0.099819
	x208 = -2.007723
	x209 = -1.717528
	x210 = -0.376598
	x211 = 0.692183
	x212 = -2.224364
	x213 = 0.038461
	x214 = 1.061987
	x215 = -1.891901
	x216 = -1.289055
	x217 = 0.282735
	x218 = -2.557378
	x219 = -1.597718
	x220 = -1.215222
	x221 = -2.949569
	x222 = -0.516493
	x223 = -0.894342
	x224 = -2.463043
	x225 = 4.013079
	x226 = 0.427153
	x227 = -1.446994
	x228 = -2.008733
	x229 = 6.072670
	x230 = 5.739945
	x231 = 1.130783
	x232 = 0.578562
	x233 = -1.565066
	x234 = 0.018289
	x235 = 1.090937
	x236 = -0.142024
	x237 = -0.196856
	x238 = 0.586637
	x239 = -2.275046
	x240 = -1.346872
	x241 = 1.185404
	x242 = -0.861375
	x243 = 0.407101
	x244 = -0.672179
	x245 = -1.574910
	x246 = -1.650510
	x247 = -2.680744
	x248 = -1.100924
	x249 = 2.333494
	x250 = 0.794783
	x251 = -0.034707
	x252 = -2.026984
	x253 = 1.263166
	x254 = -0.224440
	x255 = -2.689306
	x256 = 0.753087
	x257 = 3.044423
	x258 = 0.255138
	x259 = -2.080080
	x260 = 1.535156
	x261 = 1.050455
	x262 = 0.797848
	x263 = -0.340877
	x264 = -0.484183
	x265 = -2.235882
	x266 = -4.007242
	x267 = -0.475162
	x268 = -1.423333
	x269 = -0.215727
	x270 = 2.638660
	x271 = 0.445863
	x272 = -0.596971
	x273 = 1.271251
	x274 = 2.922622
	x275 = 4.218137
	x276 = -0.607866
	x277 = 1.026559
	x278 = -3.958718
	x279 = 0.430431
	x280 = -0.957354
	x281 = 0.925844
	x282 = -2.165043
	x283 = 0.926731
	x284 = -2.399559
	x285 = -1.467721
	x286 = 1.859859
	x287 = -1.387371
	x288 = -1.945277
	x289 = 2.126561
	x290 = 1.231002
	x291 = 0.758776
	x292 = -3.453951
	x293 = 0.211329
	x294 = -0.907063
	x295 = 1.226143
	x296 = -0.128017
	x297 = -0.892230
	x298 = -2.680836
	x299 = -0.888297
	x300 = -1.109158
	x301 = -2.068110
	x302 = 0.832679
	x303 = 2.839755
	x304 = 2.286393
	x305 = 0.567028
	x306 = 0.517514
	x307 = -1.742536
	x308 = -0.818206
	x309 = -0.268192
	x310 = -0.964311
	x311 = 5.750681
	x312 = 2.593054
	x313 = 0.970821
	x314 = -3.190650
	x315 = -1.996739
	x316 = 3.181658
	x317 = -1.616340
	x318 = -2.317637
	x319 = -0.250882
	x320 = 0.222715
	x321 = -1.375298
	x322 = -2.441812
	x323 = 0.791432
	x324 = 0.326692
	x325 = -1.161710
	x326 = 1.445888
	x327 = 1.061584
	x328 = 3.374366
	x329 = -0.703709
	x330 = -1.301929
	x331 = -1.190392
	x332 = -1.186845
	x333 = 0.755534
	x334 = 0.320797
	x335 = 1.543640
	x336 = -1.786156
	x337 = 1.666925
	x338 = -1.186234
	x339 = 0.806516
	x340 = -0.503094
	x341 = 1.281496
	x342 = 0.368527
	x343 = 0.720933
	x344 = -1.028600
	x345 = -0.441055
	x346 = -0.671632
	x347 = -1.830269
	x348 = 2.389079
	x349 = 1.394466
	x350 = 2.713669
	x351 = 2.693350
	x352 = 0.324113
	x353 = -0.104172
	x354 = 0.413685
	x355 = 0.872278
	x356 = -2.457354
	x357 = -0.146077
	x358 = -0.047731
	x359 = 2.359366
	x360 = -2.097191
	x361 = 0.422956
	x362 = -2.110637
	x363 = -0.965046
	x364 = -1.549255
	x365 = -1.954823
	x366 = -0.809710
	x367 = 2.654153
	x368 = -2.041678
	x369 = 4.101097
	x370 = -0.849162
	x371 = -0.615565
	x372 = -2.009361
	x373 = 1.478230
	x374 = -0.210342
	x375 = -5.086699
	x376 = -0.760984
	x377 = 1.617345
	x378 = -0.847147
	x379 = 0.803719
	x380 = -1.815542
	x381 = -0.639505
	x382 = 1.033861
	x383 = 2.660148
	x384 = 0.896347
	x385 = -0.324687
	x386 = -1.656782
	x387 = 0.876026
	x388 = 1.457075
	x389 = 0.949391
	x390 = -0.912134
	x391 = 0.046836
	x392 = 2.311971
	x393 = -2.141575
	x394 = -2.007333
	x395 = -3.642071
	x396 = -1.195621
	x397 = 0.592701
	x398 = 1.018022
	x399 = -0.556992
	x400 = 1.398428
	x401 = 0.603360
	x402 = -2.462240
	x403 = -2.014483
	x404 = 0.143530
	x405 = -2.509851
	x406 = 1.249348
	x407 = 2.747492
	x408 = -1.626238
	x409 = -3.040382
	x410 = -0.372047
	x411 = -0.628099
	x412 = -0.927656
	x413 = -1.141626
	x414 = -1.312988
	x415 = 1.109565
	x416 = 0.103236
	x417 = 1.237138
	x418 = 0.935640
	x419 = -0.446071
	x420 = -0.474303
	x421 = -0.662228
	x422 = -1.120448
	x423 = -1.172901
	x424 = -2.387366
	x425 = -1.736260
	x426 = 0.241705
	x427 = 2.063056
	x428 = 0.744615
	x429 = 0.943267
	x430 = -1.826040
	x431 = -0.552117
	x432 = 1.586878
	x433 = 2.029164
	x434 = 1.815900
	x435 = 1.797602
	x436 = -1.707513
	x437 = 0.997955
	x438 = 2.233315
	x439 = 0.506440
	x440 = 2.862084
	x441 = -1.300362
	x442 = 0.169107
	x443 = -2.368544
	x444 = 0.856599
	x445 = -0.691437
	x446 = 1.482350
	x447 = 2.081164
	x448 = -1.165840
	x449 = -2.268972
	x450 = -2.424345
	x451 = -0.457635
	x452 = 0.482809
	x453 = -1.146754
	x454 = -1.573316
	x455 = -0.534295
	x456 = -0.570227
	x457 = -0.248333
	x458 = 2.161928
	x459 = 0.957216
	x460 = -0.125696
	x461 = -1.988486
	x462 = 0.702371
	x463 = -1.438802
	x464 = 0.733584
	x465 = 1.682354
	x466 = -0.761751
	x467 = -1.361013
	x468 = -1.343288
	x469 = 0.370059
	x470 = -1.761237
	x471 = -2.219008
	x472 = -0.228938
	x473 = 2.628056
	x474 = -1.204725
	x475 = -0.810031
	x476 = 0.322826
	x477 = 0.265517
	x478 = 1.277825
	x479 = -0.625334
	x480 = 1.240322
	x481 = -1.765512
	x482 = -0.769150
	x483 = -0.601289
	x484 = -1.032508
	x485 = -0.938570
	x486 = -0.363283
	x487 = 4.508970
	x488 = 4.406744
	x489 = 1.918542
	x490 = 2.000522
	x491 = -1.544396
	x492 = 0.083082
	x493 = 0.539563
	x494 = -0.209275
	x495 = 0.009934
	x496 = 3.596741
	x497 = -0.318849
	x498 = 1.701863
	x499 = -1.681461
	x500 = 0.428679
	x501 = 0.249698
	x502 = -2.499538
	x503 = 1.931902
	x504 = -1.458618
	x505 = -5.806022
	x506 = -1.231200
	x507 = -0.305289
	x508 = -0.095645
	x509 = 0.289965
	x510 = -0.656456
	x511 = -1.813265

Output:
	y0 = -5.699990
	y1 = -2.390535
	y2 = -3.086473
	y3 = -3.212428
	y4 = -2.928620
	y5 = -2.783426
	y6 = -2.906161
	y7 = -1.939748
	y8 = -2.706150
	y9 = 7.256055
	y10 = 7.252528
	y11 = 7.246177
	y12 = 7.243052
	y13 = 7.212259
	y14 = -0.990887
	y15 = -2.030252
	y16 = -2.745534
	y17 = 7.250415
	y18 = -1.757417
	y19 = -2.720973
	y20 = -2.983498
	y21 = -2.494573
	y22 = -2.682086
	y23 = -2.667596
	y24 = -2.448090
	y25 = -1.515909
	y26 = -1.472693
	y27 = -2.484664
	y28 = -2.485884
	y29 = -2.481250
	y30 = 7.252475
	y31 = 7.221570
	y32 = -2.740771
	y33 = -2.693844
	y34 = -3.433375
	y35 = -2.989311
	y36 = 7.201681
	y37 = -2.518533
	y38 = -1.956967
	y39 = -2.423445
	y40 = -2.913518
	y41 = -3.418625
	y42 = -2.710347
	y43 = -3.203346
	y44 = -1.652694
	y45 = 7.208631
	y46 = 7.216496
	y47 = -2.357693
	y48 = -2.033955
	y49 = -3.140725
	y50 = -1.374999
	y51 = 7.246167
	y52 = 0.238671
	y53 = -2.176371
	y54 = 7.234789
	y55 = -3.093433
	y56 = -2.815486
	y57 = -0.896055
	y58 = -1.624828
	y59 = -2.702192
	y60 = -2.011817

