InputQuery: /home/levn/Workspace/othello_world/queries/head_prove_probe_robust/game_98_target_35_eps_0.1.txt
Engine::processInputQuery: Input query (before preprocessing): 510 equations, 1277 variables
Engine::processInputQuery: Input query (after preprocessing): 766 equations, 1442 variables

Input bounds:
	x0: [ -0.4689,  -0.2689] 
	x1: [ -2.7197,  -2.5197] 
	x2: [  0.4590,   0.6590] 
	x3: [ -0.4934,  -0.2934] 
	x4: [ -0.6255,  -0.4255] 
	x5: [ -2.0451,  -1.8451] 
	x6: [  0.0208,   0.2208] 
	x7: [ -2.6647,  -2.4647] 
	x8: [ -3.7549,  -3.5549] 
	x9: [  0.0081,   0.2081] 
	x10: [  2.0565,   2.2565] 
	x11: [ -0.4516,  -0.2516] 
	x12: [ -1.9915,  -1.7915] 
	x13: [  1.5902,   1.7902] 
	x14: [  0.3258,   0.5258] 
	x15: [  1.1397,   1.3397] 
	x16: [  0.4789,   0.6789] 
	x17: [  0.5164,   0.7164] 
	x18: [ -1.5955,  -1.3955] 
	x19: [ -0.2215,  -0.0215] 
	x20: [  2.3837,   2.5837] 
	x21: [ -2.8844,  -2.6844] 
	x22: [ -0.0939,   0.1061] 
	x23: [ -2.3325,  -2.1325] 
	x24: [  1.0805,   1.2805] 
	x25: [  0.5131,   0.7131] 
	x26: [  1.4716,   1.6716] 
	x27: [ -0.1723,   0.0277] 
	x28: [  2.7769,   2.9769] 
	x29: [ -0.0883,   0.1117] 
	x30: [  1.6277,   1.8277] 
	x31: [ -0.7259,  -0.5259] 
	x32: [ -1.0537,  -0.8537] 
	x33: [ -3.1324,  -2.9324] 
	x34: [  1.4906,   1.6906] 
	x35: [ -1.0304,  -0.8304] 
	x36: [  0.8066,   1.0066] 
	x37: [  1.7812,   1.9812] 
	x38: [  1.1714,   1.3714] 
	x39: [ -2.1576,  -1.9576] 
	x40: [  0.5296,   0.7296] 
	x41: [ -0.5934,  -0.3934] 
	x42: [  2.1010,   2.3010] 
	x43: [ -0.2125,  -0.0125] 
	x44: [ -0.8695,  -0.6695] 
	x45: [  0.5344,   0.7344] 
	x46: [  0.8158,   1.0158] 
	x47: [ -4.7443,  -4.5443] 
	x48: [  2.3648,   2.5648] 
	x49: [  1.7519,   1.9519] 
	x50: [ -1.4792,  -1.2792] 
	x51: [  0.2184,   0.4184] 
	x52: [  1.2874,   1.4874] 
	x53: [  2.3807,   2.5807] 
	x54: [ -0.5051,  -0.3051] 
	x55: [  0.2868,   0.4868] 
	x56: [ -0.0085,   0.1915] 
	x57: [  1.3636,   1.5636] 
	x58: [  1.6358,   1.8358] 
	x59: [  2.6415,   2.8415] 
	x60: [ -0.7091,  -0.5091] 
	x61: [  1.8830,   2.0830] 
	x62: [  0.1134,   0.3134] 
	x63: [ -0.4896,  -0.2896] 
	x64: [  0.5451,   0.7451] 
	x65: [ -2.9446,  -2.7446] 
	x66: [ -0.2654,  -0.0654] 
	x67: [ -1.6067,  -1.4067] 
	x68: [  3.1486,   3.3486] 
	x69: [ -0.5120,  -0.3120] 
	x70: [  2.7847,   2.9847] 
	x71: [ -0.3164,  -0.1164] 
	x72: [ -3.4339,  -3.2339] 
	x73: [  0.6860,   0.8860] 
	x74: [  0.9274,   1.1274] 
	x75: [ -0.3751,  -0.1751] 
	x76: [ -0.1728,   0.0272] 
	x77: [  0.4218,   0.6218] 
	x78: [ -2.4951,  -2.2951] 
	x79: [ -0.7732,  -0.5732] 
	x80: [  1.5899,   1.7899] 
	x81: [  1.7124,   1.9124] 
	x82: [ -0.6039,  -0.4039] 
	x83: [ -2.6902,  -2.4902] 
	x84: [ -1.3637,  -1.1637] 
	x85: [ -0.1520,   0.0480] 
	x86: [  1.0981,   1.2981] 
	x87: [  0.2496,   0.4496] 
	x88: [ -2.0446,  -1.8446] 
	x89: [  2.2143,   2.4143] 
	x90: [  0.3107,   0.5107] 
	x91: [ -1.5375,  -1.3375] 
	x92: [  0.8424,   1.0424] 
	x93: [ -0.8203,  -0.6203] 
	x94: [  0.2228,   0.4228] 
	x95: [  2.6158,   2.8158] 
	x96: [  0.2957,   0.4957] 
	x97: [  0.0826,   0.2826] 
	x98: [  0.8228,   1.0228] 
	x99: [ -0.9922,  -0.7922] 
	x100: [ -0.5908,  -0.3908] 
	x101: [  2.3524,   2.5524] 
	x102: [  0.3854,   0.5854] 
	x103: [ -1.2149,  -1.0149] 
	x104: [ -0.0419,   0.1581] 
	x105: [ -5.5095,  -5.3095] 
	x106: [ -2.5137,  -2.3137] 
	x107: [ -1.0190,  -0.8190] 
	x108: [ -0.1026,   0.0974] 
	x109: [ -1.1949,  -0.9949] 
	x110: [  1.5398,   1.7398] 
	x111: [ -0.7979,  -0.5979] 
	x112: [  1.5989,   1.7989] 
	x113: [ -2.1208,  -1.9208] 
	x114: [ -0.3283,  -0.1283] 
	x115: [ -1.2327,  -1.0327] 
	x116: [  0.3168,   0.5168] 
	x117: [  2.5545,   2.7545] 
	x118: [ -1.2147,  -1.0147] 
	x119: [ -3.2964,  -3.0964] 
	x120: [  2.2236,   2.4236] 
	x121: [  2.5011,   2.7011] 
	x122: [ -0.2324,  -0.0324] 
	x123: [ -0.0956,   0.1044] 
	x124: [ -0.5186,  -0.3186] 
	x125: [ -0.4969,  -0.2969] 
	x126: [  1.2790,   1.4790] 
	x127: [  1.3694,   1.5694] 
	x128: [  0.6121,   0.8121] 
	x129: [ -3.3557,  -3.1557] 
	x130: [  1.4888,   1.6888] 
	x131: [  3.6697,   3.8697] 
	x132: [  0.0118,   0.2118] 
	x133: [  0.4995,   0.6995] 
	x134: [  0.7427,   0.9427] 
	x135: [  1.8228,   2.0228] 
	x136: [ -0.4034,  -0.2034] 
	x137: [  0.7447,   0.9447] 
	x138: [ -2.4748,  -2.2748] 
	x139: [  0.3545,   0.5545] 
	x140: [  5.5861,   5.7861] 
	x141: [  0.5799,   0.7799] 
	x142: [  0.7917,   0.9917] 
	x143: [  0.1225,   0.3225] 
	x144: [ -0.1790,   0.0210] 
	x145: [ -2.4190,  -2.2190] 
	x146: [ -2.2919,  -2.0919] 
	x147: [  4.4274,   4.6274] 
	x148: [ -0.6809,  -0.4809] 
	x149: [  1.1983,   1.3983] 
	x150: [  0.1816,   0.3816] 
	x151: [ -1.7581,  -1.5581] 
	x152: [  0.7277,   0.9277] 
	x153: [  2.1847,   2.3847] 
	x154: [  2.5453,   2.7453] 
	x155: [ -1.5794,  -1.3794] 
	x156: [ -1.0801,  -0.8801] 
	x157: [ -1.2555,  -1.0555] 
	x158: [ -2.4462,  -2.2462] 
	x159: [  0.3013,   0.5013] 
	x160: [ -2.0563,  -1.8563] 
	x161: [ -1.7208,  -1.5208] 
	x162: [ -1.6634,  -1.4634] 
	x163: [  0.9079,   1.1079] 
	x164: [ -2.0602,  -1.8602] 
	x165: [ -1.2379,  -1.0379] 
	x166: [  4.2177,   4.4177] 
	x167: [  1.1296,   1.3296] 
	x168: [  1.3915,   1.5915] 
	x169: [ -2.3915,  -2.1915] 
	x170: [ -0.1494,   0.0506] 
	x171: [ -0.5566,  -0.3566] 
	x172: [  3.1102,   3.3102] 
	x173: [  1.1464,   1.3464] 
	x174: [  3.0416,   3.2416] 
	x175: [ -0.3634,  -0.1634] 
	x176: [  0.2125,   0.4125] 
	x177: [  3.2025,   3.4025] 
	x178: [ -1.4870,  -1.2870] 
	x179: [ -2.5406,  -2.3406] 
	x180: [ -0.1321,   0.0679] 
	x181: [  0.0628,   0.2628] 
	x182: [  0.9473,   1.1473] 
	x183: [ -1.9460,  -1.7460] 
	x184: [  1.3471,   1.5471] 
	x185: [  0.8100,   1.0100] 
	x186: [ -0.0897,   0.1103] 
	x187: [ -0.2858,  -0.0858] 
	x188: [  0.4365,   0.6365] 
	x189: [  0.1264,   0.3264] 
	x190: [ -0.7428,  -0.5428] 
	x191: [ -1.3128,  -1.1128] 
	x192: [  2.5228,   2.7228] 
	x193: [ -0.8697,  -0.6697] 
	x194: [ -1.0292,  -0.8292] 
	x195: [ -2.8667,  -2.6667] 
	x196: [ -0.8373,  -0.6373] 
	x197: [  2.9657,   3.1657] 
	x198: [ -2.4136,  -2.2136] 
	x199: [ -0.2290,  -0.0290] 
	x200: [ -0.1319,   0.0681] 
	x201: [  2.4444,   2.6444] 
	x202: [ -0.1589,   0.0411] 
	x203: [  1.4217,   1.6217] 
	x204: [ -2.1608,  -1.9608] 
	x205: [ -0.6489,  -0.4489] 
	x206: [ -0.8235,  -0.6235] 
	x207: [ -0.0952,   0.1048] 
	x208: [ -0.0846,   0.1154] 
	x209: [ -0.5994,  -0.3994] 
	x210: [  0.7760,   0.9760] 
	x211: [ -0.3205,  -0.1205] 
	x212: [ -2.7567,  -2.5567] 
	x213: [ -0.3239,  -0.1239] 
	x214: [  0.0057,   0.2057] 
	x215: [  0.4502,   0.6502] 
	x216: [ -0.6295,  -0.4295] 
	x217: [  0.2683,   0.4683] 
	x218: [  1.1227,   1.3227] 
	x219: [ -2.3569,  -2.1569] 
	x220: [  1.1164,   1.3164] 
	x221: [ -1.9597,  -1.7597] 
	x222: [  1.5552,   1.7552] 
	x223: [ -3.6328,  -3.4328] 
	x224: [ -3.3681,  -3.1681] 
	x225: [  0.5562,   0.7562] 
	x226: [ -0.6865,  -0.4865] 
	x227: [ -3.0196,  -2.8196] 
	x228: [  1.9764,   2.1764] 
	x229: [  0.4206,   0.6206] 
	x230: [  2.0448,   2.2448] 
	x231: [  2.1869,   2.3869] 
	x232: [ -0.9843,  -0.7843] 
	x233: [ -0.5689,  -0.3689] 
	x234: [  1.0911,   1.2911] 
	x235: [ -0.6348,  -0.4348] 
	x236: [  3.7159,   3.9159] 
	x237: [  1.0549,   1.2549] 
	x238: [  1.4967,   1.6967] 
	x239: [  5.9551,   6.1551] 
	x240: [  4.2001,   4.4001] 
	x241: [ -1.9419,  -1.7419] 
	x242: [  3.4988,   3.6988] 
	x243: [ -0.1812,   0.0188] 
	x244: [  0.7688,   0.9688] 
	x245: [  0.6218,   0.8218] 
	x246: [ -2.2267,  -2.0267] 
	x247: [ -2.6776,  -2.4776] 
	x248: [ -0.4576,  -0.2576] 
	x249: [  4.2856,   4.4856] 
	x250: [ -1.2262,  -1.0262] 
	x251: [ -0.6096,  -0.4096] 
	x252: [  1.1189,   1.3189] 
	x253: [ -1.4267,  -1.2267] 
	x254: [  1.9168,   2.1168] 
	x255: [  0.1348,   0.3348] 
	x256: [ -1.6698,  -1.4698] 
	x257: [ -2.0718,  -1.8718] 
	x258: [  0.9220,   1.1220] 
	x259: [ -0.2858,  -0.0858] 
	x260: [ -0.8266,  -0.6266] 
	x261: [ -0.5377,  -0.3377] 
	x262: [  2.7430,   2.9430] 
	x263: [ -0.1968,   0.0032] 
	x264: [ -0.2131,  -0.0131] 
	x265: [  3.3241,   3.5241] 
	x266: [ -1.2621,  -1.0621] 
	x267: [  0.0640,   0.2640] 
	x268: [ -2.6327,  -2.4327] 
	x269: [ -0.4425,  -0.2425] 
	x270: [ -0.6857,  -0.4857] 
	x271: [  0.9411,   1.1411] 
	x272: [ -0.5347,  -0.3347] 
	x273: [  1.1885,   1.3885] 
	x274: [ -1.7211,  -1.5211] 
	x275: [ -0.0660,   0.1340] 
	x276: [  0.3983,   0.5983] 
	x277: [  2.7079,   2.9079] 
	x278: [ -3.1107,  -2.9107] 
	x279: [  3.0691,   3.2691] 
	x280: [  0.3004,   0.5004] 
	x281: [ -0.1128,   0.0872] 
	x282: [  1.0015,   1.2015] 
	x283: [ -1.6058,  -1.4058] 
	x284: [ -0.6631,  -0.4631] 
	x285: [  0.0660,   0.2660] 
	x286: [ -1.5204,  -1.3204] 
	x287: [ -0.1325,   0.0675] 
	x288: [  0.1109,   0.3109] 
	x289: [  0.1476,   0.3476] 
	x290: [  0.9718,   1.1718] 
	x291: [ -1.1414,  -0.9414] 
	x292: [ -0.9913,  -0.7913] 
	x293: [ -0.0995,   0.1005] 
	x294: [  2.3938,   2.5938] 
	x295: [  1.4665,   1.6665] 
	x296: [ -1.1006,  -0.9006] 
	x297: [  1.3741,   1.5741] 
	x298: [ -6.1041,  -5.9041] 
	x299: [ -1.5897,  -1.3897] 
	x300: [  2.4705,   2.6705] 
	x301: [  2.9062,   3.1062] 
	x302: [ -3.9537,  -3.7537] 
	x303: [ -0.2876,  -0.0876] 
	x304: [ -2.9004,  -2.7004] 
	x305: [  0.3832,   0.5832] 
	x306: [  1.7523,   1.9523] 
	x307: [ -2.9083,  -2.7083] 
	x308: [  0.6190,   0.8190] 
	x309: [ -0.1338,   0.0662] 
	x310: [  0.4707,   0.6707] 
	x311: [ -1.0901,  -0.8901] 
	x312: [ -0.0996,   0.1004] 
	x313: [ -1.9057,  -1.7057] 
	x314: [  3.8781,   4.0781] 
	x315: [ -1.2522,  -1.0522] 
	x316: [ -0.0094,   0.1906] 
	x317: [ -0.7737,  -0.5737] 
	x318: [  1.0569,   1.2569] 
	x319: [  0.5756,   0.7756] 
	x320: [  0.1663,   0.3663] 
	x321: [ -0.8820,  -0.6820] 
	x322: [ -0.9089,  -0.7089] 
	x323: [  0.2723,   0.4723] 
	x324: [ -1.4807,  -1.2807] 
	x325: [  0.2669,   0.4669] 
	x326: [ -0.1516,   0.0484] 
	x327: [ -7.1168,  -6.9168] 
	x328: [ -1.3306,  -1.1306] 
	x329: [  0.3859,   0.5859] 
	x330: [  0.3122,   0.5122] 
	x331: [ -0.3811,  -0.1811] 
	x332: [ -1.6387,  -1.4387] 
	x333: [ -0.1430,   0.0570] 
	x334: [  1.3170,   1.5170] 
	x335: [ -2.0381,  -1.8381] 
	x336: [ -1.2445,  -1.0445] 
	x337: [  1.1163,   1.3163] 
	x338: [ -2.8112,  -2.6112] 
	x339: [ -2.7514,  -2.5514] 
	x340: [  1.4996,   1.6996] 
	x341: [  0.7906,   0.9906] 
	x342: [  0.7472,   0.9472] 
	x343: [ -0.4937,  -0.2937] 
	x344: [ -1.6207,  -1.4207] 
	x345: [ -3.0011,  -2.8011] 
	x346: [ -0.9761,  -0.7761] 
	x347: [ -0.1584,   0.0416] 
	x348: [ -1.4190,  -1.2190] 
	x349: [ -0.3048,  -0.1048] 
	x350: [  0.1220,   0.3220] 
	x351: [ -1.3891,  -1.1891] 
	x352: [ -0.8868,  -0.6868] 
	x353: [ -0.2013,  -0.0013] 
	x354: [  0.6112,   0.8112] 
	x355: [ -0.3105,  -0.1105] 
	x356: [ -0.5229,  -0.3229] 
	x357: [  2.0490,   2.2490] 
	x358: [  2.3754,   2.5754] 
	x359: [ -0.7793,  -0.5793] 
	x360: [ -1.8748,  -1.6748] 
	x361: [ -2.5682,  -2.3682] 
	x362: [  0.1398,   0.3398] 
	x363: [ -0.0988,   0.1012] 
	x364: [ -0.1376,   0.0624] 
	x365: [  1.1302,   1.3302] 
	x366: [ -1.5534,  -1.3534] 
	x367: [  0.8054,   1.0054] 
	x368: [ -1.0284,  -0.8284] 
	x369: [ -0.9813,  -0.7813] 
	x370: [  0.3279,   0.5279] 
	x371: [  0.2069,   0.4069] 
	x372: [  5.0896,   5.2896] 
	x373: [ -2.6730,  -2.4730] 
	x374: [  2.1157,   2.3157] 
	x375: [  0.6659,   0.8659] 
	x376: [ -0.3644,  -0.1644] 
	x377: [  0.5021,   0.7021] 
	x378: [ -1.4850,  -1.2850] 
	x379: [ -1.5937,  -1.3937] 
	x380: [ -0.6364,  -0.4364] 
	x381: [ -2.2926,  -2.0926] 
	x382: [ -2.3889,  -2.1889] 
	x383: [ -0.0528,   0.1472] 
	x384: [  1.2638,   1.4638] 
	x385: [  1.0796,   1.2796] 
	x386: [ -1.7850,  -1.5850] 
	x387: [  0.5278,   0.7278] 
	x388: [ -0.1830,   0.0170] 
	x389: [ -1.5772,  -1.3772] 
	x390: [  0.1170,   0.3170] 
	x391: [ -1.4080,  -1.2080] 
	x392: [ -0.4121,  -0.2121] 
	x393: [  0.9765,   1.1765] 
	x394: [ -0.0070,   0.1930] 
	x395: [  0.5313,   0.7313] 
	x396: [ -2.5584,  -2.3584] 
	x397: [ -1.8503,  -1.6503] 
	x398: [ -0.4741,  -0.2741] 
	x399: [  0.3059,   0.5059] 
	x400: [  0.9920,   1.1920] 
	x401: [ -2.2588,  -2.0588] 
	x402: [  1.0511,   1.2511] 
	x403: [  1.5387,   1.7387] 
	x404: [ -3.5997,  -3.3997] 
	x405: [  0.2981,   0.4981] 
	x406: [  1.7351,   1.9351] 
	x407: [ -0.9018,  -0.7018] 
	x408: [  1.5507,   1.7507] 
	x409: [ -2.3373,  -2.1373] 
	x410: [ -0.9406,  -0.7406] 
	x411: [  1.9639,   2.1639] 
	x412: [  0.4553,   0.6553] 
	x413: [  1.8281,   2.0281] 
	x414: [ -0.6267,  -0.4267] 
	x415: [ -1.5867,  -1.3867] 
	x416: [  0.7971,   0.9971] 
	x417: [  3.8862,   4.0862] 
	x418: [ -2.3533,  -2.1533] 
	x419: [  2.5395,   2.7395] 
	x420: [ -0.4162,  -0.2162] 
	x421: [ -1.9768,  -1.7768] 
	x422: [  0.9592,   1.1592] 
	x423: [ -0.3013,  -0.1013] 
	x424: [  0.2761,   0.4761] 
	x425: [  1.4710,   1.6710] 
	x426: [ -1.3916,  -1.1916] 
	x427: [ -1.3947,  -1.1947] 
	x428: [ -2.7193,  -2.5193] 
	x429: [  0.4775,   0.6775] 
	x430: [ -0.2689,  -0.0689] 
	x431: [ -0.4540,  -0.2540] 
	x432: [  2.2998,   2.4998] 
	x433: [ -0.5151,  -0.3151] 
	x434: [  1.1016,   1.3016] 
	x435: [ -0.6005,  -0.4005] 
	x436: [ -4.1715,  -3.9715] 
	x437: [  0.0475,   0.2475] 
	x438: [ -2.0991,  -1.8991] 
	x439: [ -1.3386,  -1.1386] 
	x440: [ -2.6439,  -2.4439] 
	x441: [ -0.0938,   0.1062] 
	x442: [  0.0313,   0.2313] 
	x443: [ -0.6212,  -0.4212] 
	x444: [  0.4199,   0.6199] 
	x445: [ -0.0750,   0.1250] 
	x446: [ -0.6811,  -0.4811] 
	x447: [  1.6971,   1.8971] 
	x448: [ -2.7071,  -2.5071] 
	x449: [  1.7462,   1.9462] 
	x450: [  1.3918,   1.5918] 
	x451: [  0.9520,   1.1520] 
	x452: [  0.3079,   0.5079] 
	x453: [ -2.2874,  -2.0874] 
	x454: [  1.8773,   2.0773] 
	x455: [ -0.7791,  -0.5791] 
	x456: [ -1.8096,  -1.6096] 
	x457: [ -1.4741,  -1.2741] 
	x458: [ -2.6818,  -2.4818] 
	x459: [ -3.2865,  -3.0865] 
	x460: [ -0.1300,   0.0700] 
	x461: [ -0.2797,  -0.0797] 
	x462: [ -0.4839,  -0.2839] 
	x463: [ -0.9977,  -0.7977] 
	x464: [ -0.8945,  -0.6945] 
	x465: [  1.3640,   1.5640] 
	x466: [ -0.6787,  -0.4787] 
	x467: [ -1.0631,  -0.8631] 
	x468: [  1.1859,   1.3859] 
	x469: [ -1.6063,  -1.4063] 
	x470: [  0.5737,   0.7737] 
	x471: [  0.8983,   1.0983] 
	x472: [ -0.7699,  -0.5699] 
	x473: [ -0.0021,   0.1979] 
	x474: [ -2.4828,  -2.2828] 
	x475: [  0.9131,   1.1131] 
	x476: [ -1.1080,  -0.9080] 
	x477: [ -0.5913,  -0.3913] 
	x478: [  1.0461,   1.2461] 
	x479: [ -0.3028,  -0.1028] 
	x480: [  0.9418,   1.1418] 
	x481: [  2.1472,   2.3472] 
	x482: [  0.9455,   1.1455] 
	x483: [ -1.3368,  -1.1368] 
	x484: [ -2.5411,  -2.3411] 
	x485: [ -1.9148,  -1.7148] 
	x486: [ -0.0433,   0.1567] 
	x487: [  0.2371,   0.4371] 
	x488: [ -0.7602,  -0.5602] 
	x489: [ -2.0724,  -1.8724] 
	x490: [  1.2358,   1.4358] 
	x491: [  3.8703,   4.0703] 
	x492: [  0.3020,   0.5020] 
	x493: [ -1.3337,  -1.1337] 
	x494: [ -1.3549,  -1.1549] 
	x495: [  1.2889,   1.4889] 
	x496: [  0.3548,   0.5548] 
	x497: [  3.0696,   3.2696] 
	x498: [ -0.7720,  -0.5720] 
	x499: [ -2.3282,  -2.1282] 
	x500: [ -0.5426,  -0.3426] 
	x501: [ -1.2104,  -1.0104] 
	x502: [ -1.3256,  -1.1256] 
	x503: [ -1.0480,  -0.8480] 
	x504: [  2.4617,   2.6617] 
	x505: [  2.6159,   2.8159] 
	x506: [  0.8649,   1.0649] 
	x507: [  2.8233,   3.0233] 
	x508: [ -2.7630,  -2.5630] 
	x509: [ -1.5900,  -1.3900] 
	x510: [ -2.6079,  -2.4079] 
	x511: [  0.8758,   1.0758] 

Branching heuristics set to PseudoImpact
unsat
