InputQuery: /home/levn/Workspace/othello_world/queries/head_prove_probe_robust/game_11_target_35_eps_0.05.txt
Engine::processInputQuery: Input query (before preprocessing): 510 equations, 1277 variables
Engine::processInputQuery: Input query (after preprocessing): 766 equations, 1343 variables

Input bounds:
	x0: [ -0.8540,  -0.7540] 
	x1: [ -2.4807,  -2.3807] 
	x2: [  1.4558,   1.5558] 
	x3: [  0.2768,   0.3768] 
	x4: [ -0.4529,  -0.3529] 
	x5: [  1.0376,   1.1376] 
	x6: [ -4.7698,  -4.6698] 
	x7: [  0.9462,   1.0462] 
	x8: [  1.7648,   1.8648] 
	x9: [ -1.9601,  -1.8601] 
	x10: [  1.6593,   1.7593] 
	x11: [ -2.9284,  -2.8284] 
	x12: [  1.3264,   1.4264] 
	x13: [ -0.6955,  -0.5955] 
	x14: [ -0.2733,  -0.1733] 
	x15: [  2.0757,   2.1757] 
	x16: [  1.5205,   1.6205] 
	x17: [ -2.7863,  -2.6863] 
	x18: [ -0.3073,  -0.2073] 
	x19: [  3.1418,   3.2418] 
	x20: [ -0.1617,  -0.0617] 
	x21: [  2.2926,   2.3926] 
	x22: [ -0.6124,  -0.5124] 
	x23: [ -0.5098,  -0.4098] 
	x24: [  0.0227,   0.1227] 
	x25: [  1.1608,   1.2608] 
	x26: [  4.9681,   5.0681] 
	x27: [  3.6933,   3.7933] 
	x28: [ -0.2104,  -0.1104] 
	x29: [ -0.7094,  -0.6094] 
	x30: [  2.7215,   2.8215] 
	x31: [ -0.7155,  -0.6155] 
	x32: [  3.1448,   3.2448] 
	x33: [  0.6233,   0.7233] 
	x34: [  1.0295,   1.1295] 
	x35: [  0.9527,   1.0527] 
	x36: [  1.9566,   2.0566] 
	x37: [ -1.0313,  -0.9313] 
	x38: [ -1.2562,  -1.1562] 
	x39: [  0.2619,   0.3619] 
	x40: [  0.7037,   0.8037] 
	x41: [  1.1661,   1.2661] 
	x42: [ -0.0636,   0.0364] 
	x43: [  2.0294,   2.1294] 
	x44: [  1.1440,   1.2440] 
	x45: [ -0.0818,   0.0182] 
	x46: [  0.4098,   0.5098] 
	x47: [ -1.0138,  -0.9138] 
	x48: [ -0.2767,  -0.1767] 
	x49: [  0.9268,   1.0268] 
	x50: [ -0.8649,  -0.7649] 
	x51: [  0.1570,   0.2570] 
	x52: [ -1.3835,  -1.2835] 
	x53: [  2.1982,   2.2982] 
	x54: [  2.0285,   2.1285] 
	x55: [  2.0200,   2.1200] 
	x56: [ -0.5077,  -0.4077] 
	x57: [  0.5639,   0.6639] 
	x58: [  2.6877,   2.7877] 
	x59: [  0.4505,   0.5505] 
	x60: [  0.4424,   0.5424] 
	x61: [  1.4250,   1.5250] 
	x62: [ -0.9391,  -0.8391] 
	x63: [ -2.2782,  -2.1782] 
	x64: [  0.4243,   0.5243] 
	x65: [  1.5465,   1.6465] 
	x66: [ -4.6386,  -4.5386] 
	x67: [  3.5622,   3.6622] 
	x68: [  1.5488,   1.6488] 
	x69: [  1.4389,   1.5389] 
	x70: [  0.0516,   0.1516] 
	x71: [ -1.0547,  -0.9547] 
	x72: [ -0.9944,  -0.8944] 
	x73: [ -0.1191,  -0.0191] 
	x74: [ -2.0244,  -1.9244] 
	x75: [ -0.7600,  -0.6600] 
	x76: [ -1.0944,  -0.9944] 
	x77: [  0.7620,   0.8620] 
	x78: [ -3.0087,  -2.9087] 
	x79: [  1.3038,   1.4038] 
	x80: [  1.2276,   1.3276] 
	x81: [ -1.2075,  -1.1075] 
	x82: [  1.4049,   1.5049] 
	x83: [  1.5393,   1.6393] 
	x84: [  0.5177,   0.6177] 
	x85: [ -0.5528,  -0.4528] 
	x86: [  2.6378,   2.7378] 
	x87: [  0.7152,   0.8152] 
	x88: [ -0.9800,  -0.8800] 
	x89: [  0.8179,   0.9179] 
	x90: [ -2.9736,  -2.8736] 
	x91: [ -2.4551,  -2.3551] 
	x92: [  2.6705,   2.7705] 
	x93: [  2.9173,   3.0173] 
	x94: [ -2.5269,  -2.4269] 
	x95: [  0.6356,   0.7356] 
	x96: [  0.7133,   0.8133] 
	x97: [ -0.5483,  -0.4483] 
	x98: [ -3.1525,  -3.0525] 
	x99: [ -0.5110,  -0.4110] 
	x100: [  0.8592,   0.9592] 
	x101: [  2.5632,   2.6632] 
	x102: [ -0.2913,  -0.1913] 
	x103: [ -0.4109,  -0.3109] 
	x104: [ -0.9701,  -0.8701] 
	x105: [ -0.6867,  -0.5867] 
	x106: [  0.3813,   0.4813] 
	x107: [  0.0518,   0.1518] 
	x108: [  0.7979,   0.8979] 
	x109: [  1.0946,   1.1946] 
	x110: [ -2.2013,  -2.1013] 
	x111: [  3.5498,   3.6498] 
	x112: [ -0.1685,  -0.0685] 
	x113: [ -3.2364,  -3.1364] 
	x114: [ -0.2780,  -0.1780] 
	x115: [  0.7001,   0.8001] 
	x116: [  2.8535,   2.9535] 
	x117: [  3.6618,   3.7618] 
	x118: [  1.8764,   1.9764] 
	x119: [ -3.0695,  -2.9695] 
	x120: [  0.6579,   0.7579] 
	x121: [ -1.7773,  -1.6773] 
	x122: [ -0.8692,  -0.7692] 
	x123: [  0.4761,   0.5761] 
	x124: [  2.2610,   2.3610] 
	x125: [  0.8056,   0.9056] 
	x126: [ -0.5442,  -0.4442] 
	x127: [ -2.1014,  -2.0014] 
	x128: [ -2.0789,  -1.9789] 
	x129: [  2.4613,   2.5613] 
	x130: [  2.2242,   2.3242] 
	x131: [ -0.1685,  -0.0685] 
	x132: [  0.2827,   0.3827] 
	x133: [ -1.5922,  -1.4922] 
	x134: [  3.2406,   3.3406] 
	x135: [  0.1743,   0.2743] 
	x136: [ -2.2702,  -2.1702] 
	x137: [  0.0047,   0.1047] 
	x138: [ -2.0752,  -1.9752] 
	x139: [ -0.5414,  -0.4414] 
	x140: [  1.6345,   1.7345] 
	x141: [  0.7685,   0.8685] 
	x142: [  0.1510,   0.2510] 
	x143: [ -2.5275,  -2.4275] 
	x144: [ -0.0182,   0.0818] 
	x145: [  0.7588,   0.8588] 
	x146: [ -0.8649,  -0.7649] 
	x147: [  0.1021,   0.2021] 
	x148: [ -1.3901,  -1.2901] 
	x149: [  3.1501,   3.2501] 
	x150: [  1.8809,   1.9809] 
	x151: [  0.1995,   0.2995] 
	x152: [ -1.2339,  -1.1339] 
	x153: [  2.1562,   2.2562] 
	x154: [ -1.9244,  -1.8244] 
	x155: [  0.0801,   0.1801] 
	x156: [  1.8058,   1.9058] 
	x157: [  1.2410,   1.3410] 
	x158: [  3.4901,   3.5901] 
	x159: [  1.3011,   1.4011] 
	x160: [ -1.5440,  -1.4440] 
	x161: [ -2.0709,  -1.9709] 
	x162: [ -1.9897,  -1.8897] 
	x163: [ -2.2136,  -2.1136] 
	x164: [ -1.8628,  -1.7628] 
	x165: [ -0.0842,   0.0158] 
	x166: [ -0.2513,  -0.1513] 
	x167: [  1.1115,   1.2115] 
	x168: [ -1.7015,  -1.6015] 
	x169: [  0.8874,   0.9874] 
	x170: [ -1.9829,  -1.8829] 
	x171: [  0.1712,   0.2712] 
	x172: [ -0.6913,  -0.5913] 
	x173: [  1.1063,   1.2063] 
	x174: [  1.4124,   1.5124] 
	x175: [ -1.3960,  -1.2960] 
	x176: [ -0.5698,  -0.4698] 
	x177: [  0.5065,   0.6065] 
	x178: [ -1.8223,  -1.7223] 
	x179: [ -0.6580,  -0.5580] 
	x180: [  1.6780,   1.7780] 
	x181: [ -1.2967,  -1.1967] 
	x182: [  0.3401,   0.4401] 
	x183: [  0.5752,   0.6752] 
	x184: [ -2.5116,  -2.4116] 
	x185: [ -2.7548,  -2.6548] 
	x186: [  2.8227,   2.9227] 
	x187: [ -2.9756,  -2.8756] 
	x188: [  1.4198,   1.5198] 
	x189: [ -1.9909,  -1.8909] 
	x190: [ -0.0639,   0.0361] 
	x191: [  2.1503,   2.2503] 
	x192: [  2.2801,   2.3801] 
	x193: [ -3.3229,  -3.2229] 
	x194: [  0.1062,   0.2062] 
	x195: [  0.5910,   0.6910] 
	x196: [  1.3263,   1.4263] 
	x197: [  1.2862,   1.3862] 
	x198: [  1.3860,   1.4860] 
	x199: [ -1.1564,  -1.0564] 
	x200: [ -1.8919,  -1.7919] 
	x201: [ -1.8331,  -1.7331] 
	x202: [ -2.2958,  -2.1958] 
	x203: [ -0.3349,  -0.2349] 
	x204: [  3.6829,   3.7829] 
	x205: [ -0.5724,  -0.4724] 
	x206: [  0.0681,   0.1681] 
	x207: [ -0.0446,   0.0554] 
	x208: [ -0.0381,   0.0619] 
	x209: [  1.0456,   1.1456] 
	x210: [ -0.4149,  -0.3149] 
	x211: [ -1.0049,  -0.9049] 
	x212: [  0.1955,   0.2955] 
	x213: [  1.7213,   1.8213] 
	x214: [ -1.8469,  -1.7469] 
	x215: [  0.8971,   0.9971] 
	x216: [  0.8815,   0.9815] 
	x217: [ -0.3944,  -0.2944] 
	x218: [ -0.7334,  -0.6334] 
	x219: [ -1.5758,  -1.4758] 
	x220: [ -0.0179,   0.0821] 
	x221: [  2.4438,   2.5438] 
	x222: [  0.2646,   0.3646] 
	x223: [ -0.7372,  -0.6372] 
	x224: [ -0.4484,  -0.3484] 
	x225: [ -0.3867,  -0.2867] 
	x226: [  0.6418,   0.7418] 
	x227: [ -0.5095,  -0.4095] 
	x228: [ -1.0255,  -0.9255] 
	x229: [ -1.1877,  -1.0877] 
	x230: [  3.7553,   3.8553] 
	x231: [  0.8679,   0.9679] 
	x232: [  2.5493,   2.6493] 
	x233: [ -1.6803,  -1.5803] 
	x234: [  0.8383,   0.9383] 
	x235: [ -0.9291,  -0.8291] 
	x236: [ -0.3189,  -0.2189] 
	x237: [ -0.8477,  -0.7477] 
	x238: [  1.3184,   1.4184] 
	x239: [ -2.8305,  -2.7305] 
	x240: [ -0.0355,   0.0645] 
	x241: [ -0.5652,  -0.4652] 
	x242: [  1.0705,   1.1705] 
	x243: [ -1.4292,  -1.3292] 
	x244: [ -2.8967,  -2.7967] 
	x245: [  0.8953,   0.9953] 
	x246: [  0.0142,   0.1142] 
	x247: [  1.6775,   1.7775] 
	x248: [ -1.6625,  -1.5625] 
	x249: [ -0.4008,  -0.3008] 
	x250: [  1.4800,   1.5800] 
	x251: [  2.8072,   2.9072] 
	x252: [ -0.9571,  -0.8571] 
	x253: [  1.5340,   1.6340] 
	x254: [  1.2067,   1.3067] 
	x255: [  0.7725,   0.8725] 
	x256: [ -1.6712,  -1.5712] 
	x257: [ -1.7300,  -1.6300] 
	x258: [  0.3336,   0.4336] 
	x259: [ -3.3030,  -3.2030] 
	x260: [  1.3814,   1.4814] 
	x261: [ -1.2095,  -1.1095] 
	x262: [  1.3957,   1.4957] 
	x263: [ -0.4737,  -0.3737] 
	x264: [  0.1871,   0.2871] 
	x265: [  0.7645,   0.8645] 
	x266: [  1.4095,   1.5095] 
	x267: [  0.9124,   1.0124] 
	x268: [  1.6825,   1.7825] 
	x269: [ -1.8997,  -1.7997] 
	x270: [ -3.9081,  -3.8081] 
	x271: [ -4.3222,  -4.2222] 
	x272: [ -1.2477,  -1.1477] 
	x273: [ -2.3212,  -2.2212] 
	x274: [ -1.4028,  -1.3028] 
	x275: [  0.2303,   0.3303] 
	x276: [  2.0270,   2.1270] 
	x277: [  1.7769,   1.8769] 
	x278: [ -0.3035,  -0.2035] 
	x279: [  1.9974,   2.0974] 
	x280: [  0.3963,   0.4963] 
	x281: [  0.9997,   1.0997] 
	x282: [ -0.1625,  -0.0625] 
	x283: [ -3.1421,  -3.0421] 
	x284: [  0.6945,   0.7945] 
	x285: [ -2.0291,  -1.9291] 
	x286: [ -0.1858,  -0.0858] 
	x287: [ -0.0960,   0.0040] 
	x288: [  2.6799,   2.7799] 
	x289: [ -2.5291,  -2.4291] 
	x290: [  0.2642,   0.3642] 
	x291: [ -2.3512,  -2.2512] 
	x292: [ -0.0397,   0.0603] 
	x293: [  1.9962,   2.0962] 
	x294: [  0.9350,   1.0350] 
	x295: [  1.1218,   1.2218] 
	x296: [ -1.1267,  -1.0267] 
	x297: [ -0.7703,  -0.6703] 
	x298: [ -1.5405,  -1.4405] 
	x299: [  1.6327,   1.7327] 
	x300: [ -1.6457,  -1.5457] 
	x301: [  1.7600,   1.8600] 
	x302: [ -0.0314,   0.0686] 
	x303: [ -0.3643,  -0.2643] 
	x304: [ -0.3210,  -0.2210] 
	x305: [ -2.1747,  -2.0747] 
	x306: [  1.3644,   1.4644] 
	x307: [ -1.1177,  -1.0177] 
	x308: [ -0.3772,  -0.2772] 
	x309: [ -1.4831,  -1.3831] 
	x310: [  3.6880,   3.7880] 
	x311: [ -0.8960,  -0.7960] 
	x312: [ -3.9667,  -3.8667] 
	x313: [ -2.3257,  -2.2257] 
	x314: [ -0.0423,   0.0577] 
	x315: [  0.5781,   0.6781] 
	x316: [ -1.0766,  -0.9766] 
	x317: [  1.1437,   1.2437] 
	x318: [  0.2722,   0.3722] 
	x319: [  5.1816,   5.2816] 
	x320: [ -1.3165,  -1.2165] 
	x321: [  2.3063,   2.4063] 
	x322: [ -5.0501,  -4.9501] 
	x323: [  4.3578,   4.4578] 
	x324: [ -0.6445,  -0.5445] 
	x325: [  0.9630,   1.0630] 
	x326: [ -0.4205,  -0.3205] 
	x327: [ -3.9474,  -3.8474] 
	x328: [  0.0615,   0.1615] 
	x329: [ -0.9424,  -0.8424] 
	x330: [ -1.3602,  -1.2602] 
	x331: [ -0.5496,  -0.4496] 
	x332: [  1.9113,   2.0113] 
	x333: [ -2.8642,  -2.7642] 
	x334: [  2.1050,   2.2050] 
	x335: [ -0.2427,  -0.1427] 
	x336: [  0.1503,   0.2503] 
	x337: [  3.5249,   3.6249] 
	x338: [ -1.6540,  -1.5540] 
	x339: [ -1.6536,  -1.5536] 
	x340: [ -0.6974,  -0.5974] 
	x341: [ -0.4400,  -0.3400] 
	x342: [ -0.3823,  -0.2823] 
	x343: [ -1.8003,  -1.7003] 
	x344: [ -0.7707,  -0.6707] 
	x345: [ -1.0731,  -0.9731] 
	x346: [  0.7705,   0.8705] 
	x347: [ -0.8987,  -0.7987] 
	x348: [  1.9930,   2.0930] 
	x349: [  1.0710,   1.1710] 
	x350: [ -2.2421,  -2.1421] 
	x351: [ -0.1141,  -0.0141] 
	x352: [ -2.1191,  -2.0191] 
	x353: [  1.1737,   1.2737] 
	x354: [ -0.3349,  -0.2349] 
	x355: [  1.0160,   1.1160] 
	x356: [  1.3590,   1.4590] 
	x357: [ -2.2095,  -2.1095] 
	x358: [  0.5273,   0.6273] 
	x359: [  1.6407,   1.7407] 
	x360: [ -1.0581,  -0.9581] 
	x361: [ -0.2107,  -0.1107] 
	x362: [ -5.8970,  -5.7970] 
	x363: [  1.3826,   1.4826] 
	x364: [  1.8027,   1.9027] 
	x365: [  0.0937,   0.1937] 
	x366: [  1.2651,   1.3651] 
	x367: [ -1.7613,  -1.6613] 
	x368: [ -1.1874,  -1.0874] 
	x369: [  0.2568,   0.3568] 
	x370: [  0.8552,   0.9552] 
	x371: [  0.6182,   0.7182] 
	x372: [ -0.6988,  -0.5988] 
	x373: [  0.2152,   0.3152] 
	x374: [  0.5798,   0.6798] 
	x375: [  0.0236,   0.1236] 
	x376: [ -0.7075,  -0.6075] 
	x377: [  0.7180,   0.8180] 
	x378: [  0.2111,   0.3111] 
	x379: [ -0.1840,  -0.0840] 
	x380: [ -1.9865,  -1.8865] 
	x381: [ -2.8048,  -2.7048] 
	x382: [  0.7605,   0.8605] 
	x383: [ -1.0154,  -0.9154] 
	x384: [ -0.6494,  -0.5494] 
	x385: [ -1.0343,  -0.9343] 
	x386: [ -0.3829,  -0.2829] 
	x387: [ -0.1728,  -0.0728] 
	x388: [ -1.9039,  -1.8039] 
	x389: [  2.8052,   2.9052] 
	x390: [  3.0890,   3.1890] 
	x391: [  3.3414,   3.4414] 
	x392: [ -2.2477,  -2.1477] 
	x393: [  1.3162,   1.4162] 
	x394: [  2.1162,   2.2162] 
	x395: [  0.2924,   0.3924] 
	x396: [ -0.1502,  -0.0502] 
	x397: [ -0.6528,  -0.5528] 
	x398: [ -1.9648,  -1.8648] 
	x399: [ -1.0094,  -0.9094] 
	x400: [  0.1307,   0.2307] 
	x401: [ -0.8134,  -0.7134] 
	x402: [  0.4092,   0.5092] 
	x403: [  0.9127,   1.0127] 
	x404: [ -0.5139,  -0.4139] 
	x405: [ -1.9369,  -1.8369] 
	x406: [ -0.2562,  -0.1562] 
	x407: [  4.0623,   4.1623] 
	x408: [  2.7274,   2.8274] 
	x409: [ -1.0856,  -0.9856] 
	x410: [ -0.9846,  -0.8846] 
	x411: [ -2.6859,  -2.5859] 
	x412: [ -2.1048,  -2.0048] 
	x413: [  0.0550,   0.1550] 
	x414: [ -3.9579,  -3.8579] 
	x415: [  0.2734,   0.3734] 
	x416: [ -1.2009,  -1.1009] 
	x417: [ -0.0322,   0.0678] 
	x418: [  1.3899,   1.4899] 
	x419: [  2.8125,   2.9125] 
	x420: [ -5.6082,  -5.5082] 
	x421: [  1.0116,   1.1116] 
	x422: [ -0.7503,  -0.6503] 
	x423: [  0.4000,   0.5000] 
	x424: [  2.1728,   2.2728] 
	x425: [  6.4577,   6.5577] 
	x426: [ -1.0010,  -0.9010] 
	x427: [ -2.4055,  -2.3055] 
	x428: [ -3.0564,  -2.9564] 
	x429: [  3.2569,   3.3569] 
	x430: [ -0.4522,  -0.3522] 
	x431: [  2.5981,   2.6981] 
	x432: [  0.7749,   0.8749] 
	x433: [ -1.6236,  -1.5236] 
	x434: [  3.7708,   3.8708] 
	x435: [ -3.1747,  -3.0747] 
	x436: [ -0.5898,  -0.4898] 
	x437: [  0.5676,   0.6676] 
	x438: [ -0.0580,   0.0420] 
	x439: [ -2.0993,  -1.9993] 
	x440: [ -2.8206,  -2.7206] 
	x441: [ -0.7593,  -0.6593] 
	x442: [  2.4953,   2.5953] 
	x443: [ -0.2408,  -0.1408] 
	x444: [ -0.2674,  -0.1674] 
	x445: [ -0.3470,  -0.2470] 
	x446: [ -2.5788,  -2.4788] 
	x447: [ -2.6996,  -2.5996] 
	x448: [ -2.4095,  -2.3095] 
	x449: [ -1.3391,  -1.2391] 
	x450: [ -1.0488,  -0.9488] 
	x451: [ -0.4932,  -0.3932] 
	x452: [  0.7515,   0.8515] 
	x453: [ -1.1884,  -1.0884] 
	x454: [  2.3163,   2.4163] 
	x455: [ -0.1803,  -0.0803] 
	x456: [ -0.1018,  -0.0018] 
	x457: [ -2.8081,  -2.7081] 
	x458: [  1.4330,   1.5330] 
	x459: [  0.5658,   0.6658] 
	x460: [ -0.1321,  -0.0321] 
	x461: [ -0.4692,  -0.3692] 
	x462: [ -1.7089,  -1.6089] 
	x463: [  1.3791,   1.4791] 
	x464: [ -1.6183,  -1.5183] 
	x465: [  0.8387,   0.9387] 
	x466: [  1.9176,   2.0176] 
	x467: [ -1.5180,  -1.4180] 
	x468: [  2.4922,   2.5922] 
	x469: [ -0.2934,  -0.1934] 
	x470: [ -1.0724,  -0.9724] 
	x471: [  2.5203,   2.6203] 
	x472: [  1.1507,   1.2507] 
	x473: [  0.2158,   0.3158] 
	x474: [  0.1597,   0.2597] 
	x475: [ -1.4680,  -1.3680] 
	x476: [  1.8303,   1.9303] 
	x477: [  0.7469,   0.8469] 
	x478: [  1.7049,   1.8049] 
	x479: [ -0.6619,  -0.5619] 
	x480: [  0.8140,   0.9140] 
	x481: [ -2.6161,  -2.5161] 
	x482: [  0.9072,   1.0072] 
	x483: [ -3.3500,  -3.2500] 
	x484: [ -2.2667,  -2.1667] 
	x485: [  0.5578,   0.6578] 
	x486: [ -0.7924,  -0.6924] 
	x487: [ -0.8427,  -0.7427] 
	x488: [  0.4700,   0.5700] 
	x489: [  0.4680,   0.5680] 
	x490: [ -1.2032,  -1.1032] 
	x491: [ -1.0342,  -0.9342] 
	x492: [ -0.3436,  -0.2436] 
	x493: [ -0.9955,  -0.8955] 
	x494: [ -0.1203,  -0.0203] 
	x495: [  0.0330,   0.1330] 
	x496: [ -0.7325,  -0.6325] 
	x497: [  0.3263,   0.4263] 
	x498: [ -1.3985,  -1.2985] 
	x499: [ -0.5953,  -0.4953] 
	x500: [ -0.2074,  -0.1074] 
	x501: [  0.9073,   1.0073] 
	x502: [ -0.2727,  -0.1727] 
	x503: [ -1.9105,  -1.8105] 
	x504: [  0.6689,   0.7689] 
	x505: [  0.8206,   0.9206] 
	x506: [ -0.6255,  -0.5255] 
	x507: [ -1.7958,  -1.6958] 
	x508: [ -2.7713,  -2.6713] 
	x509: [  2.3465,   2.4465] 
	x510: [  1.3327,   1.4327] 
	x511: [  0.6273,   0.7273] 

Branching heuristics set to PseudoImpact

Engine::solve: Initial statistics

19:55:43 Statistics update:
	--- Time Statistics ---
	Total time elapsed: 1629 milli (00:00:01)
		Main loop: 0 milli (00:00:00)
		Preprocessing time: 795 milli (00:00:00)
		Unknown: 833 milli (00:00:00)
	Breakdown for main loop:
		[0.00%] Simplex steps: 0 milli
		[0.00%] Explicit-basis bound tightening: 0 milli
		[0.00%] Constraint-matrix bound tightening: 0 milli
		[0.00%] Degradation checking: 0 milli
		[0.00%] Precision restoration: 0 milli
		[0.00%] Statistics handling: 0 milli
		[0.00%] Constraint-fixing steps: 0 milli
		[0.00%] Valid case splits: 0 milli. Average per split: 0.00 milli
		[0.00%] Applying stored bound-tightening: 0 milli
		[0.00%] SMT core: 0 milli
		[0.00%] Symbolic Bound Tightening: 50 milli
		[0.00%] SoI-based local search: 0 milli
		[0.00%] SoI-based local search: 0 milli
		[0.00%] Unaccounted for: 0 milli
	--- Preprocessor Statistics ---
	Number of preprocessor bound-tightening loop iterations: 3
	Number of eliminated variables: 191
	Number of constraints removed due to variable elimination: 191
	Number of equations removed due to variable elimination: 0
	--- Engine Statistics ---
	Number of main loop iterations: 1
		0 iterations were simplex steps. Total time: 0 milli. Average: 0.00 milli.
		0 iterations were constraint-fixing steps. Total time: 0 milli. Average: 0.00 milli
	Number of active piecewise-linear constraints: 65 / 65
		Constraints disabled by valid splits: 0. By SMT-originated splits: 0
	Last reported degradation: 0.0000000000. Max degradation so far: 0.0000000000. Restorations so far: 0
	Number of simplex pivots we attempted to skip because of instability: 0.
	Unstable pivots performed anyway: 0
	--- Tableau Statistics ---
	Total number of pivots performed: 0
		Real pivots: 0. Degenerate: 0 (0.00%)
		Degenerate pivots by request (e.g., to fix a PL constraint): 0 (0.00%)
		Average time per pivot: 0.00 milli
	Total number of fake pivots performed: 0
	Total number of rows added: 0. Number of merged columns: 0
	Current tableau dimensions: M = 766, N = 2109
	--- SMT Core Statistics ---
	Total depth is 0. Total visited states: 1. Number of splits: 0. Number of pops: 0
	Max stack depth: 0
	--- Bound Tightening Statistics ---
	Number of tightened bounds: 0.
		Number of rows examined by row tightener: 0. Consequent tightenings: 0
		Number of explicit basis matrices examined by row tightener: 0. Consequent tightenings: 0
		Number of bound tightening rounds on the entire constraint matrix: 0. Consequent tightenings: 0
		Number of bound notifications sent to PL constraints: 390. Tightenings proposed: 0
	--- Basis Factorization statistics ---
	Number of basis refactorizations: 2
	--- Projected Steepest Edge Statistics ---
	Number of iterations: 0.
	Number of resets to reference space: 1. Avg. iterations per reset: 0
	--- SBT ---
	Number of tightened bounds: 385
	--- SoI-based local search ---
	Number of proposed phase pattern update: 0. Number of accepted update: 0 [0.00%]
	Total time (% of local search time) updating SoI phase pattern : 0 milli [0.00%]
	Total time obtaining current assignment: 0 milli [0.00%]
	Total time getting SoI phase pattern : 0 milli [0.00%]
	--- Context dependent statistics ---
	Number of pushes / pops: 0 / 0
		[0.00%] Pre-Push hook: 0 milli
		[0.00%] Push : 0 milli
		[0.00%] Post-Pop hook: 0 milli
		[0.00%] Pop : 0 milli
		[0.00%] Total context-switching time: 0 milli
	--- Proof Certificate ---
	Number of certified leaves: 0
	Number of leaves to delegate: 0

---

Engine::solve: sat assignment found

19:55:56 Statistics update:
	--- Time Statistics ---
	Total time elapsed: 15555 milli (00:00:15)
		Main loop: 13926 milli (00:00:13)
		Preprocessing time: 795 milli (00:00:00)
		Unknown: 833 milli (00:00:00)
	Breakdown for main loop:
		[37.69%] Simplex steps: 5248 milli
		[61.53%] Explicit-basis bound tightening: 8568 milli
		[0.00%] Constraint-matrix bound tightening: 0 milli
		[0.27%] Degradation checking: 37 milli
		[0.00%] Precision restoration: 0 milli
		[0.10%] Statistics handling: 13 milli
		[0.00%] Constraint-fixing steps: 0 milli
		[0.00%] Valid case splits: 0 milli. Average per split: 0.00 milli
		[0.00%] Applying stored bound-tightening: 0 milli
		[0.00%] SMT core: 0 milli
		[0.56%] Symbolic Bound Tightening: 78 milli
		[6.70%] SoI-based local search: 932 milli
		[0.00%] SoI-based local search: 0 milli
		[132462198695548.64%] Unaccounted for: 0 milli
	--- Preprocessor Statistics ---
	Number of preprocessor bound-tightening loop iterations: 3
	Number of eliminated variables: 191
	Number of constraints removed due to variable elimination: 191
	Number of equations removed due to variable elimination: 0
	--- Engine Statistics ---
	Number of main loop iterations: 430
		428 iterations were simplex steps. Total time: 5248 milli. Average: 12.26 milli.
		0 iterations were constraint-fixing steps. Total time: 0 milli. Average: 0.00 milli
	Number of active piecewise-linear constraints: 65 / 65
		Constraints disabled by valid splits: 0. By SMT-originated splits: 0
	Last reported degradation: 0.0000017692. Max degradation so far: 0.0000017692. Restorations so far: 0
	Number of simplex pivots we attempted to skip because of instability: 0.
	Unstable pivots performed anyway: 0
	--- Tableau Statistics ---
	Total number of pivots performed: 411
		Real pivots: 411. Degenerate: 0 (0.00%)
		Degenerate pivots by request (e.g., to fix a PL constraint): 0 (0.00%)
		Average time per pivot: 1.17 milli
	Total number of fake pivots performed: 15
	Total number of rows added: 0. Number of merged columns: 0
	Current tableau dimensions: M = 766, N = 2109
	--- SMT Core Statistics ---
	Total depth is 0. Total visited states: 1. Number of splits: 0. Number of pops: 0
	Max stack depth: 0
	--- Bound Tightening Statistics ---
	Number of tightened bounds: 0.
		Number of rows examined by row tightener: 411. Consequent tightenings: 0
		Number of explicit basis matrices examined by row tightener: 4. Consequent tightenings: 362
		Number of bound tightening rounds on the entire constraint matrix: 0. Consequent tightenings: 0
		Number of bound notifications sent to PL constraints: 780. Tightenings proposed: 0
	--- Basis Factorization statistics ---
	Number of basis refactorizations: 5
	--- Projected Steepest Edge Statistics ---
	Number of iterations: 426.
	Number of resets to reference space: 1. Avg. iterations per reset: 426
	--- SBT ---
	Number of tightened bounds: 385
	--- SoI-based local search ---
	Number of proposed phase pattern update: 0. Number of accepted update: 1 [0.00%]
	Total time (% of local search time) updating SoI phase pattern : 1773 milli [0.19%]
	Total time obtaining current assignment: 633 milli [0.07%]
	Total time getting SoI phase pattern : 105 milli [0.00%]
	--- Context dependent statistics ---
	Number of pushes / pops: 0 / 0
		[0.00%] Pre-Push hook: 0 milli
		[0.00%] Push : 0 milli
		[0.00%] Post-Pop hook: 0 milli
		[0.00%] Pop : 0 milli
		[0.00%] Total context-switching time: 0 milli
	--- Proof Certificate ---
	Number of certified leaves: 0
	Number of leaves to delegate: 0
sat
Input assignment:
	x0 = -0.754034
	x1 = -2.380730
	x2 = 1.555773
	x3 = 0.276832
	x4 = -0.452943
	x5 = 1.037638
	x6 = -4.669754
	x7 = 1.046182
	x8 = 1.864805
	x9 = -1.960086
	x10 = 1.759326
	x11 = -2.928370
	x12 = 1.326417
	x13 = -0.595527
	x14 = -0.173309
	x15 = 2.075659
	x16 = 1.520516
	x17 = -2.786254
	x18 = -0.207346
	x19 = 3.141777
	x20 = -0.161718
	x21 = 2.392636
	x22 = -0.612417
	x23 = -0.509821
	x24 = 0.022670
	x25 = 1.160785
	x26 = 4.968087
	x27 = 3.793268
	x28 = -0.110357
	x29 = -0.709368
	x30 = 2.721479
	x31 = -0.615461
	x32 = 3.144789
	x33 = 0.623293
	x34 = 1.129546
	x35 = 0.952662
	x36 = 1.956605
	x37 = -0.931260
	x38 = -1.256165
	x39 = 0.261936
	x40 = 0.803734
	x41 = 1.166142
	x42 = 0.036355
	x43 = 2.029448
	x44 = 1.143984
	x45 = -0.081752
	x46 = 0.509752
	x47 = -1.013799
	x48 = -0.276706
	x49 = 1.026759
	x50 = -0.764851
	x51 = 0.157006
	x52 = -1.292698
	x53 = 2.198160
	x54 = 2.028453
	x55 = 2.120008
	x56 = -0.507694
	x57 = 0.663885
	x58 = 2.687725
	x59 = 0.450483
	x60 = 0.542354
	x61 = 1.524961
	x62 = -0.939072
	x63 = -2.278172
	x64 = 0.424284
	x65 = 1.546463
	x66 = -4.638608
	x67 = 3.662246
	x68 = 1.648759
	x69 = 1.438949
	x70 = 0.051613
	x71 = -0.954699
	x72 = -0.994407
	x73 = -0.119100
	x74 = -1.924389
	x75 = -0.659964
	x76 = -0.994397
	x77 = 0.762006
	x78 = -2.908696
	x79 = 1.303775
	x80 = 1.227642
	x81 = -1.107470
	x82 = 1.504915
	x83 = 1.539297
	x84 = 0.617680
	x85 = -0.552835
	x86 = 2.637835
	x87 = 0.815219
	x88 = -0.979992
	x89 = 0.817903
	x90 = -2.873639
	x91 = -2.455140
	x92 = 2.670495
	x93 = 3.017343
	x94 = -2.426865
	x95 = 0.735634
	x96 = 0.713267
	x97 = -0.448290
	x98 = -3.052530
	x99 = -0.421742
	x100 = 0.959218
	x101 = 2.563191
	x102 = -0.191304
	x103 = -0.410924
	x104 = -0.870098
	x105 = -0.586693
	x106 = 0.481289
	x107 = 0.151754
	x108 = 0.797869
	x109 = 1.094608
	x110 = -2.201331
	x111 = 3.649803
	x112 = -0.168469
	x113 = -3.136386
	x114 = -0.277990
	x115 = 0.800139
	x116 = 2.953494
	x117 = 3.761827
	x118 = 1.976367
	x119 = -2.969486
	x120 = 0.657921
	x121 = -1.777346
	x122 = -0.869194
	x123 = 0.476082
	x124 = 2.361043
	x125 = 0.905617
	x126 = -0.544220
	x127 = -2.101383
	x128 = -2.078855
	x129 = 2.461339
	x130 = 2.224238
	x131 = -0.068457
	x132 = 0.382699
	x133 = -1.592248
	x134 = 3.240591
	x135 = 0.174312
	x136 = -2.170161
	x137 = 0.104661
	x138 = -2.075240
	x139 = -0.541418
	x140 = 1.734536
	x141 = 0.868525
	x142 = 0.150989
	x143 = -2.527542
	x144 = 0.081759
	x145 = 0.758792
	x146 = -0.764948
	x147 = 0.102076
	x148 = -1.290142
	x149 = 3.150108
	x150 = 1.980886
	x151 = 0.199510
	x152 = -1.133866
	x153 = 2.156176
	x154 = -1.824376
	x155 = 0.180136
	x156 = 1.905760
	x157 = 1.341027
	x158 = 3.490058
	x159 = 1.301065
	x160 = -1.444042
	x161 = -1.970872
	x162 = -1.989687
	x163 = -2.113623
	x164 = -1.762769
	x165 = 0.015822
	x166 = -0.151278
	x167 = 1.111486
	x168 = -1.701517
	x169 = 0.987398
	x170 = -1.882871
	x171 = 0.171178
	x172 = -0.691325
	x173 = 1.106307
	x174 = 1.412392
	x175 = -1.395951
	x176 = -0.569808
	x177 = 0.506523
	x178 = -1.822285
	x179 = -0.657981
	x180 = 1.778048
	x181 = -1.296742
	x182 = 0.340054
	x183 = 0.575169
	x184 = -2.411586
	x185 = -2.754764
	x186 = 2.822686
	x187 = -2.975557
	x188 = 1.519815
	x189 = -1.990860
	x190 = -0.063871
	x191 = 2.250271
	x192 = 2.380100
	x193 = -3.222930
	x194 = 0.206205
	x195 = 0.690973
	x196 = 1.326316
	x197 = 1.386237
	x198 = 1.386004
	x199 = -1.056387
	x200 = -1.891939
	x201 = -1.733073
	x202 = -2.195827
	x203 = -0.334938
	x204 = 3.682949
	x205 = -0.472360
	x206 = 0.068140
	x207 = -0.044586
	x208 = -0.038070
	x209 = 1.145597
	x210 = -0.414921
	x211 = -1.004881
	x212 = 0.195514
	x213 = 1.821284
	x214 = -1.746922
	x215 = 0.897142
	x216 = 0.981493
	x217 = -0.294437
	x218 = -0.733441
	x219 = -1.575826
	x220 = -0.017934
	x221 = 2.443751
	x222 = 0.364585
	x223 = -0.637154
	x224 = -0.348433
	x225 = -0.286743
	x226 = 0.741828
	x227 = -0.409541
	x228 = -0.925467
	x229 = -1.087737
	x230 = 3.755317
	x231 = 0.867881
	x232 = 2.549261
	x233 = -1.580292
	x234 = 0.938330
	x235 = -0.929072
	x236 = -0.218923
	x237 = -0.847705
	x238 = 1.318378
	x239 = -2.730476
	x240 = -0.035524
	x241 = -0.565160
	x242 = 1.070523
	x243 = -1.329181
	x244 = -2.896690
	x245 = 0.895336
	x246 = 0.114211
	x247 = 1.777511
	x248 = -1.562492
	x249 = -0.400761
	x250 = 1.579957
	x251 = 2.907171
	x252 = -0.857059
	x253 = 1.633965
	x254 = 1.306695
	x255 = 0.872458
	x256 = -1.671176
	x257 = -1.629988
	x258 = 0.433612
	x259 = -3.303012
	x260 = 1.381355
	x261 = -1.109520
	x262 = 1.395690
	x263 = -0.373676
	x264 = 0.187091
	x265 = 0.864514
	x266 = 1.409548
	x267 = 0.912446
	x268 = 1.682468
	x269 = -1.799670
	x270 = -3.908113
	x271 = -4.322175
	x272 = -1.147671
	x273 = -2.221156
	x274 = -1.302836
	x275 = 0.330280
	x276 = 2.127039
	x277 = 1.776929
	x278 = -0.203453
	x279 = 2.097400
	x280 = 0.496331
	x281 = 1.099715
	x282 = -0.062510
	x283 = -3.042091
	x284 = 0.794519
	x285 = -2.029101
	x286 = -0.185763
	x287 = -0.095976
	x288 = 2.679889
	x289 = -2.429098
	x290 = 0.264189
	x291 = -2.251201
	x292 = -0.039734
	x293 = 2.096223
	x294 = 1.035016
	x295 = 1.221789
	x296 = -1.126711
	x297 = -0.670346
	x298 = -1.440522
	x299 = 1.732661
	x300 = -1.645675
	x301 = 1.859951
	x302 = -0.031385
	x303 = -0.264305
	x304 = -0.221019
	x305 = -2.074655
	x306 = 1.464435
	x307 = -1.117708
	x308 = -0.377204
	x309 = -1.383075
	x310 = 3.787965
	x311 = -0.795996
	x312 = -3.966666
	x313 = -2.225675
	x314 = -0.042280
	x315 = 0.578057
	x316 = -0.976609
	x317 = 1.143724
	x318 = 0.372191
	x319 = 5.281571
	x320 = -1.216528
	x321 = 2.306335
	x322 = -5.050099
	x323 = 4.457792
	x324 = -0.644460
	x325 = 0.962984
	x326 = -0.320475
	x327 = -3.847381
	x328 = 0.061460
	x329 = -0.842380
	x330 = -1.360212
	x331 = -0.449609
	x332 = 2.011265
	x333 = -2.864233
	x334 = 2.104957
	x335 = -0.142711
	x336 = 0.250301
	x337 = 3.524897
	x338 = -1.554017
	x339 = -1.653641
	x340 = -0.697375
	x341 = -0.440032
	x342 = -0.282305
	x343 = -1.700323
	x344 = -0.770653
	x345 = -0.973111
	x346 = 0.770470
	x347 = -0.798735
	x348 = 2.092971
	x349 = 1.071037
	x350 = -2.242104
	x351 = -0.014053
	x352 = -2.119086
	x353 = 1.173658
	x354 = -0.334883
	x355 = 1.115991
	x356 = 1.358971
	x357 = -2.109456
	x358 = 0.627253
	x359 = 1.640699
	x360 = -1.058150
	x361 = -0.110741
	x362 = -5.797006
	x363 = 1.382596
	x364 = 1.802740
	x365 = 0.193660
	x366 = 1.265100
	x367 = -1.661308
	x368 = -1.087390
	x369 = 0.256768
	x370 = 0.855240
	x371 = 0.718174
	x372 = -0.598797
	x373 = 0.315151
	x374 = 0.579755
	x375 = 0.123619
	x376 = -0.607483
	x377 = 0.718048
	x378 = 0.311076
	x379 = -0.083951
	x380 = -1.986469
	x381 = -2.804759
	x382 = 0.860489
	x383 = -0.915363
	x384 = -0.549411
	x385 = -1.034253
	x386 = -0.382859
	x387 = -0.172827
	x388 = -1.903899
	x389 = 2.905175
	x390 = 3.089019
	x391 = 3.441371
	x392 = -2.247698
	x393 = 1.316175
	x394 = 2.216175
	x395 = 0.392352
	x396 = -0.050184
	x397 = -0.552828
	x398 = -1.964792
	x399 = -0.909402
	x400 = 0.130667
	x401 = -0.813439
	x402 = 0.509225
	x403 = 1.012693
	x404 = -0.413897
	x405 = -1.936860
	x406 = -0.256200
	x407 = 4.162316
	x408 = 2.727434
	x409 = -1.085583
	x410 = -0.884598
	x411 = -2.585854
	x412 = -2.004817
	x413 = 0.055037
	x414 = -3.957922
	x415 = 0.373363
	x416 = -1.100929
	x417 = 0.067820
	x418 = 1.489885
	x419 = 2.912468
	x420 = -5.508152
	x421 = 1.111642
	x422 = -0.750275
	x423 = 0.499979
	x424 = 2.172840
	x425 = 6.557653
	x426 = -1.000964
	x427 = -2.405498
	x428 = -2.956370
	x429 = 3.256889
	x430 = -0.452238
	x431 = 2.598078
	x432 = 0.874891
	x433 = -1.623647
	x434 = 3.870839
	x435 = -3.074667
	x436 = -0.489786
	x437 = 0.667617
	x438 = -0.057963
	x439 = -2.099310
	x440 = -2.820562
	x441 = -0.659266
	x442 = 2.495336
	x443 = -0.240844
	x444 = -0.167392
	x445 = -0.346960
	x446 = -2.578815
	x447 = -2.599554
	x448 = -2.309517
	x449 = -1.239062
	x450 = -1.048848
	x451 = -0.493151
	x452 = 0.751548
	x453 = -1.188411
	x454 = 2.316290
	x455 = -0.080321
	x456 = -0.101794
	x457 = -2.808143
	x458 = 1.532977
	x459 = 0.565794
	x460 = -0.032107
	x461 = -0.369188
	x462 = -1.608868
	x463 = 1.479055
	x464 = -1.518309
	x465 = 0.838688
	x466 = 2.017623
	x467 = -1.517971
	x468 = 2.492171
	x469 = -0.293359
	x470 = -1.072358
	x471 = 2.620334
	x472 = 1.250708
	x473 = 0.315816
	x474 = 0.259667
	x475 = -1.368029
	x476 = 1.930320
	x477 = 0.746939
	x478 = 1.804893
	x479 = -0.661897
	x480 = 0.914025
	x481 = -2.516068
	x482 = 1.007220
	x483 = -3.350045
	x484 = -2.166653
	x485 = 0.656601
	x486 = -0.692354
	x487 = -0.842672
	x488 = 0.570015
	x489 = 0.468001
	x490 = -1.103189
	x491 = -1.034159
	x492 = -0.243599
	x493 = -0.895464
	x494 = -0.020291
	x495 = 0.133045
	x496 = -0.632450
	x497 = 0.326296
	x498 = -1.298541
	x499 = -0.595301
	x500 = -0.207391
	x501 = 1.007268
	x502 = -0.172685
	x503 = -1.810458
	x504 = 0.668925
	x505 = 0.920619
	x506 = -0.525515
	x507 = -1.695843
	x508 = -2.671271
	x509 = 2.446529
	x510 = 1.332719
	x511 = 0.627347

Output:
	y0 = -3.550640
	y1 = 2.131206
	y2 = -6.605880
	y3 = -4.088785
	y4 = 2.599838
	y5 = -8.431415
	y6 = -3.137538
	y7 = 3.436459
	y8 = -4.866476
	y9 = -9.033764
	y10 = 21.139794
	y11 = -8.791273
	y12 = -3.630860
	y13 = -4.344471
	y14 = -2.622289
	y15 = -4.069084
	y16 = 8.466254
	y17 = -4.548057
	y18 = -7.861891
	y19 = 3.375924
	y20 = -8.605470
	y21 = -9.257480
	y22 = 7.579542
	y23 = -8.862984
	y24 = -8.003049
	y25 = 2.598403
	y26 = -6.588170
	y27 = -4.381092
	y28 = 1.210307
	y29 = -7.299444
	y30 = -4.875515
	y31 = 2.035389
	y32 = -4.621598
	y33 = -3.125106
	y34 = -10.319286
	y35 = -0.693289
	y36 = -3.688468
	y37 = 7.723088
	y38 = -2.741840
	y39 = -8.455730
	y40 = 17.317374
	y41 = -8.390715
	y42 = -9.491116
	y43 = 5.719187
	y44 = -8.209245
	y45 = -11.100979
	y46 = 16.756700
	y47 = -11.300686
	y48 = -2.455078
	y49 = -6.917882
	y50 = -2.925275
	y51 = 0.058335
	y52 = -11.684115
	y53 = -1.693330
	y54 = 5.707712
	y55 = -5.699334
	y56 = -2.024415
	y57 = 4.492566
	y58 = -4.430548
	y59 = -0.338363
	y60 = 0.743596
	y61 = 19.428057
	y62 = -0.715007
	y63 = -1.396668
	y64 = -11.253890
	y65 = 2.991934
	y66 = -1.686106
	y67 = -11.698762
	y68 = 1.486498
	y69 = -7.211871
	y70 = 6.417821
	y71 = -6.027177
	y72 = -3.445823
	y73 = 4.485047
	y74 = -2.242728
	y75 = 0.790472
	y76 = -9.215898
	y77 = -5.044792
	y78 = 1.803463
	y79 = 4.604306
	y80 = 1.275841
	y81 = 11.157233
	y82 = -21.077733
	y83 = 4.627531
	y84 = 5.791469
	y85 = -18.277780
	y86 = 11.756614
	y87 = -0.655081
	y88 = -16.630978
	y89 = 4.118089
	y90 = -5.958415
	y91 = 22.188515
	y92 = -5.625093
	y93 = -4.541973
	y94 = -1.783730
	y95 = -5.488658
	y96 = -3.499814
	y97 = -2.864307
	y98 = -0.626425
	y99 = 1.477852
	y100 = -7.524193
	y101 = -3.998136
	y102 = 5.141195
	y103 = -9.004549
	y104 = -1.299779
	y105 = 8.470313
	y106 = -19.613578
	y107 = 8.470303
	y108 = 12.973433
	y109 = -18.328949
	y110 = 6.326200
	y111 = -1.223152
	y112 = -15.531667
	y113 = 6.610157
	y114 = -4.021132
	y115 = 2.711640
	y116 = -4.101411
	y117 = -7.222125
	y118 = 4.279678
	y119 = -5.772388
	y120 = -5.231921
	y121 = -6.988333
	y122 = 2.189626
	y123 = -2.596610
	y124 = -14.433510
	y125 = 2.982974
	y126 = -2.418484
	y127 = -11.159483
	y128 = 2.285198
	y129 = -1.527945
	y130 = -13.433776
	y131 = 4.910960
	y132 = 1.166232
	y133 = -6.166015
	y134 = 3.976530
	y135 = 5.660960
	y136 = -6.969798
	y137 = -0.917415
	y138 = -5.230588
	y139 = -9.681960
	y140 = 0.360774
	y141 = -9.224399
	y142 = 11.612554
	y143 = -5.512600
	y144 = -3.161924
	y145 = -4.932172
	y146 = 1.682780
	y147 = -2.625566
	y148 = -6.595789
	y149 = 0.123411
	y150 = -3.779953
	y151 = -18.468776
	y152 = 4.225480
	y153 = -3.932951
	y154 = -11.114341
	y155 = 3.493957
	y156 = -5.971811
	y157 = 16.705933
	y158 = -4.260934
	y159 = -4.158081
	y160 = 5.301018
	y161 = -2.285921
	y162 = -2.319838
	y163 = -6.627465
	y164 = -5.424450
	y165 = -8.306991
	y166 = -4.365590
	y167 = -4.272273
	y168 = -2.820367
	y169 = -7.476230
	y170 = -2.407672
	y171 = -11.926286
	y172 = 10.178492
	y173 = -8.912882
	y174 = -9.525640
	y175 = 18.096893
	y176 = -5.039083
	y177 = -5.745686
	y178 = -13.864554
	y179 = -0.607393
	y180 = -7.928059
	y181 = 17.537695
	y182 = -6.029477
	y183 = -3.599243
	y184 = -1.844917
	y185 = -3.686694
	y186 = -5.513335
	y187 = 3.503220
	y188 = -6.536896
	y189 = -5.034140
	y190 = 0.915148
	y191 = -9.545299

