InputQuery: /home/levn/Workspace/othello_world/queries/head_prove_probe_robust/game_29_target_35_eps_0.1.txt
Engine::processInputQuery: Input query (before preprocessing): 510 equations, 1277 variables
Engine::processInputQuery: Input query (after preprocessing): 766 equations, 1451 variables

Input bounds:
	x0: [ -1.8707,  -1.6707] 
	x1: [  0.6000,   0.8000] 
	x2: [  0.7798,   0.9798] 
	x3: [  2.7840,   2.9840] 
	x4: [ -0.5724,  -0.3724] 
	x5: [ -1.2814,  -1.0814] 
	x6: [  0.1782,   0.3782] 
	x7: [ -0.1081,   0.0919] 
	x8: [ -2.4603,  -2.2603] 
	x9: [ -1.0820,  -0.8820] 
	x10: [ -1.6854,  -1.4854] 
	x11: [ -1.2246,  -1.0246] 
	x12: [ -0.7596,  -0.5596] 
	x13: [ -2.6519,  -2.4519] 
	x14: [  2.6934,   2.8934] 
	x15: [ -2.4978,  -2.2978] 
	x16: [ -0.8802,  -0.6802] 
	x17: [ -0.5017,  -0.3017] 
	x18: [ -0.0570,   0.1430] 
	x19: [  2.1943,   2.3943] 
	x20: [ -2.5299,  -2.3299] 
	x21: [ -2.4054,  -2.2054] 
	x22: [  1.0530,   1.2530] 
	x23: [  2.6254,   2.8254] 
	x24: [ -1.0699,  -0.8699] 
	x25: [ -2.1151,  -1.9151] 
	x26: [  0.3182,   0.5182] 
	x27: [ -2.9512,  -2.7512] 
	x28: [  2.2883,   2.4883] 
	x29: [ -0.7133,  -0.5133] 
	x30: [  1.0271,   1.2271] 
	x31: [ -1.7246,  -1.5246] 
	x32: [  2.2445,   2.4445] 
	x33: [ -0.8111,  -0.6111] 
	x34: [  0.9791,   1.1791] 
	x35: [ -0.0894,   0.1106] 
	x36: [ -1.8377,  -1.6377] 
	x37: [  0.3847,   0.5847] 
	x38: [ -2.6372,  -2.4372] 
	x39: [ -0.0216,   0.1784] 
	x40: [  3.7953,   3.9953] 
	x41: [  1.4667,   1.6667] 
	x42: [ -0.9522,  -0.7522] 
	x43: [ -1.0108,  -0.8108] 
	x44: [  1.6421,   1.8421] 
	x45: [ -2.6706,  -2.4706] 
	x46: [ -0.5122,  -0.3122] 
	x47: [  0.2544,   0.4544] 
	x48: [  1.6671,   1.8671] 
	x49: [  2.7249,   2.9249] 
	x50: [ -2.0080,  -1.8080] 
	x51: [ -1.7121,  -1.5121] 
	x52: [ -0.2417,  -0.0417] 
	x53: [  2.2070,   2.4070] 
	x54: [ -2.3782,  -2.1782] 
	x55: [  1.1020,   1.3020] 
	x56: [ -1.5390,  -1.3390] 
	x57: [  0.6604,   0.8604] 
	x58: [  1.0627,   1.2627] 
	x59: [  0.9353,   1.1353] 
	x60: [  0.4089,   0.6089] 
	x61: [  1.7434,   1.9434] 
	x62: [  0.3857,   0.5857] 
	x63: [ -0.2694,  -0.0694] 
	x64: [  2.0121,   2.2121] 
	x65: [  1.1870,   1.3870] 
	x66: [  1.1340,   1.3340] 
	x67: [  1.5710,   1.7710] 
	x68: [  2.9784,   3.1784] 
	x69: [  0.8037,   1.0037] 
	x70: [ -0.3867,  -0.1867] 
	x71: [ -0.1281,   0.0719] 
	x72: [ -1.8868,  -1.6868] 
	x73: [  1.4215,   1.6215] 
	x74: [  2.0669,   2.2669] 
	x75: [  2.6324,   2.8324] 
	x76: [ -1.9438,  -1.7438] 
	x77: [ -0.2139,  -0.0139] 
	x78: [ -2.2383,  -2.0383] 
	x79: [  0.3996,   0.5996] 
	x80: [  0.8874,   1.0874] 
	x81: [ -0.9927,  -0.7927] 
	x82: [  0.9808,   1.1808] 
	x83: [ -0.2911,  -0.0911] 
	x84: [  1.4732,   1.6732] 
	x85: [  2.3592,   2.5592] 
	x86: [  0.6533,   0.8533] 
	x87: [ -5.5154,  -5.3154] 
	x88: [ -0.6652,  -0.4652] 
	x89: [  2.0452,   2.2452] 
	x90: [ -0.1906,   0.0094] 
	x91: [ -2.3520,  -2.1520] 
	x92: [ -1.4611,  -1.2611] 
	x93: [ -1.2559,  -1.0559] 
	x94: [ -0.2811,  -0.0811] 
	x95: [  0.2967,   0.4967] 
	x96: [  0.3935,   0.5935] 
	x97: [  0.4582,   0.6582] 
	x98: [ -3.0163,  -2.8163] 
	x99: [  1.6356,   1.8356] 
	x100: [ -1.0683,  -0.8683] 
	x101: [  1.9856,   2.1856] 
	x102: [ -1.1653,  -0.9653] 
	x103: [ -0.0773,   0.1227] 
	x104: [ -1.4322,  -1.2322] 
	x105: [  0.8601,   1.0601] 
	x106: [  0.0696,   0.2696] 
	x107: [ -0.0767,   0.1233] 
	x108: [  1.1451,   1.3451] 
	x109: [ -2.4564,  -2.2564] 
	x110: [ -0.2948,  -0.0948] 
	x111: [  2.2042,   2.4042] 
	x112: [ -0.3182,  -0.1182] 
	x113: [ -0.5066,  -0.3066] 
	x114: [  1.1877,   1.3877] 
	x115: [ -2.7476,  -2.5476] 
	x116: [  0.9160,   1.1160] 
	x117: [ -0.2256,  -0.0256] 
	x118: [ -2.3476,  -2.1476] 
	x119: [ -3.4318,  -3.2318] 
	x120: [ -0.9004,  -0.7004] 
	x121: [  3.0824,   3.2824] 
	x122: [  2.7212,   2.9212] 
	x123: [ -0.0119,   0.1881] 
	x124: [ -0.8058,  -0.6058] 
	x125: [  1.7612,   1.9612] 
	x126: [ -0.1637,   0.0363] 
	x127: [ -2.6177,  -2.4177] 
	x128: [  0.1565,   0.3565] 
	x129: [ -1.3356,  -1.1356] 
	x130: [  3.7016,   3.9016] 
	x131: [  1.2147,   1.4147] 
	x132: [ -2.1327,  -1.9327] 
	x133: [  2.0202,   2.2202] 
	x134: [  1.5847,   1.7847] 
	x135: [  1.7101,   1.9101] 
	x136: [ -1.6773,  -1.4773] 
	x137: [ -0.5954,  -0.3954] 
	x138: [ -0.8623,  -0.6623] 
	x139: [ -0.7878,  -0.5878] 
	x140: [  5.5724,   5.7724] 
	x141: [  0.9419,   1.1419] 
	x142: [ -1.6251,  -1.4251] 
	x143: [ -2.4635,  -2.2635] 
	x144: [ -0.6842,  -0.4842] 
	x145: [  0.9507,   1.1507] 
	x146: [  0.9098,   1.1098] 
	x147: [  1.5821,   1.7821] 
	x148: [  0.0456,   0.2456] 
	x149: [ -0.2693,  -0.0693] 
	x150: [ -0.7735,  -0.5735] 
	x151: [  0.6868,   0.8868] 
	x152: [ -0.7909,  -0.5909] 
	x153: [ -0.3222,  -0.1222] 
	x154: [  3.4096,   3.6096] 
	x155: [ -1.2024,  -1.0024] 
	x156: [  0.6865,   0.8865] 
	x157: [  1.9554,   2.1554] 
	x158: [ -0.7222,  -0.5222] 
	x159: [  0.3417,   0.5417] 
	x160: [ -0.9762,  -0.7762] 
	x161: [ -0.4175,  -0.2175] 
	x162: [ -1.5967,  -1.3967] 
	x163: [ -0.7362,  -0.5362] 
	x164: [ -2.5255,  -2.3255] 
	x165: [  0.1293,   0.3293] 
	x166: [ -2.3927,  -2.1927] 
	x167: [  2.7999,   2.9999] 
	x168: [  3.3288,   3.5288] 
	x169: [ -2.2300,  -2.0300] 
	x170: [  0.6431,   0.8431] 
	x171: [ -1.7482,  -1.5482] 
	x172: [  0.0799,   0.2799] 
	x173: [  0.5072,   0.7072] 
	x174: [ -0.2626,  -0.0626] 
	x175: [  0.0694,   0.2694] 
	x176: [  1.2476,   1.4476] 
	x177: [ -0.0141,   0.1859] 
	x178: [ -0.1937,   0.0063] 
	x179: [ -0.5130,  -0.3130] 
	x180: [ -2.2835,  -2.0835] 
	x181: [ -1.0386,  -0.8386] 
	x182: [  1.0534,   1.2534] 
	x183: [  0.7426,   0.9426] 
	x184: [  0.1596,   0.3596] 
	x185: [  0.5848,   0.7848] 
	x186: [ -0.6226,  -0.4226] 
	x187: [  0.4269,   0.6269] 
	x188: [  1.4439,   1.6439] 
	x189: [  0.7475,   0.9475] 
	x190: [ -2.7952,  -2.5952] 
	x191: [  0.5763,   0.7763] 
	x192: [ -2.4255,  -2.2255] 
	x193: [ -1.9078,  -1.7078] 
	x194: [  1.3053,   1.5053] 
	x195: [ -0.8081,  -0.6081] 
	x196: [ -0.8265,  -0.6265] 
	x197: [ -0.5240,  -0.3240] 
	x198: [ -0.0967,   0.1033] 
	x199: [ -1.2052,  -1.0052] 
	x200: [ -1.5058,  -1.3058] 
	x201: [ -1.0887,  -0.8887] 
	x202: [ -1.3698,  -1.1698] 
	x203: [  3.0822,   3.2822] 
	x204: [ -0.8226,  -0.6226] 
	x205: [ -0.2980,  -0.0980] 
	x206: [ -0.3592,  -0.1592] 
	x207: [ -0.0821,   0.1179] 
	x208: [  1.4616,   1.6616] 
	x209: [ -0.3242,  -0.1242] 
	x210: [  0.2514,   0.4514] 
	x211: [ -1.5724,  -1.3724] 
	x212: [  0.1038,   0.3038] 
	x213: [  3.8141,   4.0141] 
	x214: [ -1.0345,  -0.8345] 
	x215: [ -1.4822,  -1.2822] 
	x216: [ -1.0992,  -0.8992] 
	x217: [  0.3217,   0.5217] 
	x218: [  1.0492,   1.2492] 
	x219: [ -2.7252,  -2.5252] 
	x220: [ -0.9193,  -0.7193] 
	x221: [  0.1777,   0.3777] 
	x222: [ -0.1278,   0.0722] 
	x223: [  1.5629,   1.7629] 
	x224: [ -1.6657,  -1.4657] 
	x225: [  0.3682,   0.5682] 
	x226: [  4.6925,   4.8925] 
	x227: [ -2.2689,  -2.0689] 
	x228: [  1.5589,   1.7589] 
	x229: [  2.7529,   2.9529] 
	x230: [ -1.8029,  -1.6029] 
	x231: [  1.7805,   1.9805] 
	x232: [  0.7615,   0.9615] 
	x233: [  0.8078,   1.0078] 
	x234: [ -0.8050,  -0.6050] 
	x235: [  0.7415,   0.9415] 
	x236: [  0.5195,   0.7195] 
	x237: [ -0.3300,  -0.1300] 
	x238: [ -0.5810,  -0.3810] 
	x239: [  9.5542,   9.7542] 
	x240: [  4.3006,   4.5006] 
	x241: [ -1.1205,  -0.9205] 
	x242: [  0.9657,   1.1657] 
	x243: [ -0.3283,  -0.1283] 
	x244: [ -1.1533,  -0.9533] 
	x245: [ -2.2998,  -2.0998] 
	x246: [ -1.5094,  -1.3094] 
	x247: [ -2.8146,  -2.6146] 
	x248: [ -1.2996,  -1.0996] 
	x249: [  0.5847,   0.7847] 
	x250: [ -1.5419,  -1.3419] 
	x251: [ -0.4261,  -0.2261] 
	x252: [ -2.3206,  -2.1206] 
	x253: [ -1.7209,  -1.5209] 
	x254: [  0.9743,   1.1743] 
	x255: [ -2.0823,  -1.8823] 
	x256: [  0.8889,   1.0889] 
	x257: [ -1.9467,  -1.7467] 
	x258: [ -3.9165,  -3.7165] 
	x259: [ -0.6831,  -0.4831] 
	x260: [ -1.6124,  -1.4124] 
	x261: [  1.0619,   1.2619] 
	x262: [ -1.1804,  -0.9804] 
	x263: [ -1.0746,  -0.8746] 
	x264: [  0.7477,   0.9477] 
	x265: [ -3.0781,  -2.8781] 
	x266: [  2.7123,   2.9123] 
	x267: [ -1.2506,  -1.0506] 
	x268: [ -1.1653,  -0.9653] 
	x269: [  1.0841,   1.2841] 
	x270: [  2.2913,   2.4913] 
	x271: [ -2.3764,  -2.1764] 
	x272: [  0.2342,   0.4342] 
	x273: [  0.3350,   0.5350] 
	x274: [ -0.6271,  -0.4271] 
	x275: [ -0.0902,   0.1098] 
	x276: [  1.2089,   1.4089] 
	x277: [ -0.3144,  -0.1144] 
	x278: [  0.4508,   0.6508] 
	x279: [ -1.5736,  -1.3736] 
	x280: [ -1.0535,  -0.8535] 
	x281: [ -0.4542,  -0.2542] 
	x282: [  0.9670,   1.1670] 
	x283: [ -0.7695,  -0.5695] 
	x284: [ -0.3137,  -0.1137] 
	x285: [ -0.3304,  -0.1304] 
	x286: [  1.0246,   1.2246] 
	x287: [ -1.4805,  -1.2805] 
	x288: [ -1.2211,  -1.0211] 
	x289: [ -0.5585,  -0.3585] 
	x290: [ -0.5987,  -0.3987] 
	x291: [  0.9250,   1.1250] 
	x292: [  1.6756,   1.8756] 
	x293: [  2.7456,   2.9456] 
	x294: [  0.8827,   1.0827] 
	x295: [ -1.3387,  -1.1387] 
	x296: [ -1.5626,  -1.3626] 
	x297: [ -2.2497,  -2.0497] 
	x298: [ -9.9888,  -9.7888] 
	x299: [  1.5067,   1.7067] 
	x300: [  2.2628,   2.4628] 
	x301: [  1.7167,   1.9167] 
	x302: [  1.8962,   2.0962] 
	x303: [  1.7638,   1.9638] 
	x304: [ -2.3995,  -2.1995] 
	x305: [  1.0166,   1.2166] 
	x306: [ -0.0408,   0.1592] 
	x307: [  1.4236,   1.6236] 
	x308: [ -2.2593,  -2.0593] 
	x309: [  0.1228,   0.3228] 
	x310: [  0.7166,   0.9166] 
	x311: [ -0.3338,  -0.1338] 
	x312: [ -1.6357,  -1.4357] 
	x313: [ -0.4638,  -0.2638] 
	x314: [  1.6131,   1.8131] 
	x315: [ -2.0356,  -1.8356] 
	x316: [  1.5038,   1.7038] 
	x317: [ -0.5976,  -0.3976] 
	x318: [  0.9898,   1.1898] 
	x319: [ -0.8724,  -0.6724] 
	x320: [ -1.2384,  -1.0384] 
	x321: [  0.1865,   0.3865] 
	x322: [ -1.7649,  -1.5649] 
	x323: [ -2.0655,  -1.8655] 
	x324: [ -0.9127,  -0.7127] 
	x325: [ -3.7629,  -3.5629] 
	x326: [ -0.8184,  -0.6184] 
	x327: [  2.1308,   2.3308] 
	x328: [ -1.2883,  -1.0883] 
	x329: [ -0.1083,   0.0917] 
	x330: [ -0.6747,  -0.4747] 
	x331: [  0.9870,   1.1870] 
	x332: [  0.4347,   0.6347] 
	x333: [  0.1567,   0.3567] 
	x334: [  0.0676,   0.2676] 
	x335: [ -1.5293,  -1.3293] 
	x336: [  1.1477,   1.3477] 
	x337: [ -0.0975,   0.1025] 
	x338: [  0.3992,   0.5992] 
	x339: [ -0.7362,  -0.5362] 
	x340: [  0.0029,   0.2029] 
	x341: [ -0.6501,  -0.4501] 
	x342: [ -1.2777,  -1.0777] 
	x343: [ -0.5845,  -0.3845] 
	x344: [ -1.2205,  -1.0205] 
	x345: [ -0.9956,  -0.7956] 
	x346: [  0.3050,   0.5050] 
	x347: [ -0.1595,   0.0405] 
	x348: [ -0.1518,   0.0482] 
	x349: [  0.2835,   0.4835] 
	x350: [ -2.9852,  -2.7852] 
	x351: [ -0.8664,  -0.6664] 
	x352: [ -1.3422,  -1.1422] 
	x353: [  0.4047,   0.6047] 
	x354: [ -3.3582,  -3.1582] 
	x355: [ -0.2955,  -0.0955] 
	x356: [  0.5413,   0.7413] 
	x357: [ -1.6045,  -1.4045] 
	x358: [ -0.0800,   0.1200] 
	x359: [ -3.3162,  -3.1162] 
	x360: [  2.0906,   2.2906] 
	x361: [ -2.5673,  -2.3673] 
	x362: [ -1.4573,  -1.2573] 
	x363: [ -2.2088,  -2.0088] 
	x364: [ -0.4040,  -0.2040] 
	x365: [ -0.0214,   0.1786] 
	x366: [ -0.6818,  -0.4818] 
	x367: [ -1.4472,  -1.2472] 
	x368: [  1.3533,   1.5533] 
	x369: [  3.3223,   3.5223] 
	x370: [  2.3253,   2.5253] 
	x371: [  1.6589,   1.8589] 
	x372: [  2.3311,   2.5311] 
	x373: [  1.8496,   2.0496] 
	x374: [  0.9506,   1.1506] 
	x375: [  2.1862,   2.3862] 
	x376: [ -0.1175,   0.0825] 
	x377: [  0.0987,   0.2987] 
	x378: [ -2.4172,  -2.2172] 
	x379: [ -0.7244,  -0.5244] 
	x380: [  0.6284,   0.8284] 
	x381: [  1.4840,   1.6840] 
	x382: [ -0.5313,  -0.3313] 
	x383: [  0.0650,   0.2650] 
	x384: [  0.2299,   0.4299] 
	x385: [  0.6262,   0.8262] 
	x386: [ -1.8070,  -1.6070] 
	x387: [  0.3438,   0.5438] 
	x388: [  0.6396,   0.8396] 
	x389: [ -2.7007,  -2.5007] 
	x390: [ -0.0770,   0.1230] 
	x391: [  1.1169,   1.3169] 
	x392: [  1.4045,   1.6045] 
	x393: [  0.9065,   1.1065] 
	x394: [  0.6291,   0.8291] 
	x395: [ -3.0399,  -2.8399] 
	x396: [ -0.7039,  -0.5039] 
	x397: [ -1.3255,  -1.1255] 
	x398: [  2.4012,   2.6012] 
	x399: [  0.4290,   0.6290] 
	x400: [  0.1285,   0.3285] 
	x401: [ -0.7626,  -0.5626] 
	x402: [ -0.4477,  -0.2477] 
	x403: [  0.4215,   0.6215] 
	x404: [ -0.1699,   0.0301] 
	x405: [ -1.6549,  -1.4549] 
	x406: [ -0.0611,   0.1389] 
	x407: [  1.5911,   1.7911] 
	x408: [  0.6034,   0.8034] 
	x409: [  1.1881,   1.3881] 
	x410: [ -2.9641,  -2.7641] 
	x411: [  0.6550,   0.8550] 
	x412: [  0.5252,   0.7252] 
	x413: [  1.2950,   1.4950] 
	x414: [  0.0610,   0.2610] 
	x415: [ -0.2204,  -0.0204] 
	x416: [ -1.7834,  -1.5834] 
	x417: [  0.1148,   0.3148] 
	x418: [ -1.9201,  -1.7201] 
	x419: [  2.2768,   2.4768] 
	x420: [ -1.5048,  -1.3048] 
	x421: [ -0.0418,   0.1582] 
	x422: [  1.1370,   1.3370] 
	x423: [ -2.5535,  -2.3535] 
	x424: [ -1.4781,  -1.2781] 
	x425: [ -0.8603,  -0.6603] 
	x426: [ -0.8726,  -0.6726] 
	x427: [  0.7907,   0.9907] 
	x428: [ -1.4716,  -1.2716] 
	x429: [  2.8955,   3.0955] 
	x430: [ -0.6578,  -0.4578] 
	x431: [  2.8000,   3.0000] 
	x432: [ -3.7452,  -3.5452] 
	x433: [ -1.7583,  -1.5583] 
	x434: [ -0.0469,   0.1531] 
	x435: [  0.6245,   0.8245] 
	x436: [  3.0365,   3.2365] 
	x437: [  0.0633,   0.2633] 
	x438: [ -2.3242,  -2.1242] 
	x439: [ -0.0165,   0.1835] 
	x440: [  1.3396,   1.5396] 
	x441: [  0.1585,   0.3585] 
	x442: [ -3.0026,  -2.8026] 
	x443: [  2.2744,   2.4744] 
	x444: [ -0.1950,   0.0050] 
	x445: [ -2.6910,  -2.4910] 
	x446: [  0.0348,   0.2348] 
	x447: [  2.4864,   2.6864] 
	x448: [ -1.1613,  -0.9613] 
	x449: [ -0.0504,   0.1496] 
	x450: [ -0.2286,  -0.0286] 
	x451: [ -0.0545,   0.1455] 
	x452: [ -0.7736,  -0.5736] 
	x453: [ -1.8125,  -1.6125] 
	x454: [ -0.3327,  -0.1327] 
	x455: [ -0.3453,  -0.1453] 
	x456: [ -0.9186,  -0.7186] 
	x457: [  0.3522,   0.5522] 
	x458: [ -1.0204,  -0.8204] 
	x459: [  0.8071,   1.0071] 
	x460: [ -0.2444,  -0.0444] 
	x461: [  2.6389,   2.8389] 
	x462: [ -0.3376,  -0.1376] 
	x463: [  1.6672,   1.8672] 
	x464: [ -0.7847,  -0.5847] 
	x465: [  1.1127,   1.3127] 
	x466: [ -2.1270,  -1.9270] 
	x467: [ -4.1288,  -3.9288] 
	x468: [ -1.1544,  -0.9544] 
	x469: [ -0.3718,  -0.1718] 
	x470: [ -0.2691,  -0.0691] 
	x471: [  1.2176,   1.4176] 
	x472: [ -2.8967,  -2.6967] 
	x473: [ -0.1032,   0.0968] 
	x474: [  0.5433,   0.7433] 
	x475: [  2.1226,   2.3226] 
	x476: [ -1.6369,  -1.4369] 
	x477: [  1.5476,   1.7476] 
	x478: [ -0.4094,  -0.2094] 
	x479: [ -0.2470,  -0.0470] 
	x480: [ -0.6004,  -0.4004] 
	x481: [  2.8500,   3.0500] 
	x482: [  0.5516,   0.7516] 
	x483: [  1.8831,   2.0831] 
	x484: [  2.5904,   2.7904] 
	x485: [ -0.1694,   0.0306] 
	x486: [  1.7661,   1.9661] 
	x487: [ -1.1392,  -0.9392] 
	x488: [  0.3792,   0.5792] 
	x489: [ -0.5573,  -0.3573] 
	x490: [ -0.3634,  -0.1634] 
	x491: [  3.8572,   4.0572] 
	x492: [ -0.0201,   0.1799] 
	x493: [  0.4082,   0.6082] 
	x494: [  1.3198,   1.5198] 
	x495: [  0.0939,   0.2939] 
	x496: [  1.5545,   1.7545] 
	x497: [ -0.5364,  -0.3364] 
	x498: [  0.6310,   0.8310] 
	x499: [  0.4184,   0.6184] 
	x500: [ -0.8660,  -0.6660] 
	x501: [ -1.7620,  -1.5620] 
	x502: [ -2.6483,  -2.4483] 
	x503: [ -1.6497,  -1.4497] 
	x504: [ -0.5216,  -0.3216] 
	x505: [  1.3900,   1.5900] 
	x506: [  2.2149,   2.4149] 
	x507: [ -3.2533,  -3.0533] 
	x508: [  0.5379,   0.7379] 
	x509: [ -0.3241,  -0.1241] 
	x510: [ -1.5727,  -1.3727] 
	x511: [ -0.5165,  -0.3165] 

Branching heuristics set to PseudoImpact

Engine::solve: Initial statistics

02:32:05 Statistics update:
	--- Time Statistics ---
	Total time elapsed: 1422 milli (00:00:01)
		Main loop: 0 milli (00:00:00)
		Preprocessing time: 687 milli (00:00:00)
		Unknown: 735 milli (00:00:00)
	Breakdown for main loop:
		[0.00%] Simplex steps: 0 milli
		[0.00%] Explicit-basis bound tightening: 0 milli
		[0.00%] Constraint-matrix bound tightening: 0 milli
		[0.00%] Degradation checking: 0 milli
		[0.00%] Precision restoration: 0 milli
		[0.00%] Statistics handling: 0 milli
		[0.00%] Constraint-fixing steps: 0 milli
		[0.00%] Valid case splits: 0 milli. Average per split: 0.00 milli
		[0.00%] Applying stored bound-tightening: 0 milli
		[0.00%] SMT core: 0 milli
		[0.00%] Symbolic Bound Tightening: 40 milli
		[0.00%] SoI-based local search: 0 milli
		[0.00%] SoI-based local search: 0 milli
		[0.00%] Unaccounted for: 0 milli
	--- Preprocessor Statistics ---
	Number of preprocessor bound-tightening loop iterations: 3
	Number of eliminated variables: 83
	Number of constraints removed due to variable elimination: 83
	Number of equations removed due to variable elimination: 0
	--- Engine Statistics ---
	Number of main loop iterations: 1
		0 iterations were simplex steps. Total time: 0 milli. Average: 0.00 milli.
		0 iterations were constraint-fixing steps. Total time: 0 milli. Average: 0.00 milli
	Number of active piecewise-linear constraints: 173 / 173
		Constraints disabled by valid splits: 0. By SMT-originated splits: 0
	Last reported degradation: 0.0000000000. Max degradation so far: 0.0000000000. Restorations so far: 0
	Number of simplex pivots we attempted to skip because of instability: 0.
	Unstable pivots performed anyway: 0
	--- Tableau Statistics ---
	Total number of pivots performed: 0
		Real pivots: 0. Degenerate: 0 (0.00%)
		Degenerate pivots by request (e.g., to fix a PL constraint): 0 (0.00%)
		Average time per pivot: 0.00 milli
	Total number of fake pivots performed: 0
	Total number of rows added: 0. Number of merged columns: 0
	Current tableau dimensions: M = 766, N = 2217
	--- SMT Core Statistics ---
	Total depth is 0. Total visited states: 1. Number of splits: 0. Number of pops: 0
	Max stack depth: 0
	--- Bound Tightening Statistics ---
	Number of tightened bounds: 0.
		Number of rows examined by row tightener: 0. Consequent tightenings: 0
		Number of explicit basis matrices examined by row tightener: 0. Consequent tightenings: 0
		Number of bound tightening rounds on the entire constraint matrix: 0. Consequent tightenings: 0
		Number of bound notifications sent to PL constraints: 1038. Tightenings proposed: 0
	--- Basis Factorization statistics ---
	Number of basis refactorizations: 2
	--- Projected Steepest Edge Statistics ---
	Number of iterations: 0.
	Number of resets to reference space: 1. Avg. iterations per reset: 0
	--- SBT ---
	Number of tightened bounds: 387
	--- SoI-based local search ---
	Number of proposed phase pattern update: 0. Number of accepted update: 0 [0.00%]
	Total time (% of local search time) updating SoI phase pattern : 0 milli [0.00%]
	Total time obtaining current assignment: 0 milli [0.00%]
	Total time getting SoI phase pattern : 0 milli [0.00%]
	--- Context dependent statistics ---
	Number of pushes / pops: 0 / 0
		[0.00%] Pre-Push hook: 0 milli
		[0.00%] Push : 0 milli
		[0.00%] Post-Pop hook: 0 milli
		[0.00%] Pop : 0 milli
		[0.00%] Total context-switching time: 0 milli
	--- Proof Certificate ---
	Number of certified leaves: 0
	Number of leaves to delegate: 0

---

Engine::solve: sat assignment found

02:32:38 Statistics update:
	--- Time Statistics ---
	Total time elapsed: 34347 milli (00:00:34)
		Main loop: 32922 milli (00:00:32)
		Preprocessing time: 687 milli (00:00:00)
		Unknown: 737 milli (00:00:00)
	Breakdown for main loop:
		[64.09%] Simplex steps: 21098 milli
		[35.02%] Explicit-basis bound tightening: 11529 milli
		[0.00%] Constraint-matrix bound tightening: 0 milli
		[0.26%] Degradation checking: 86 milli
		[0.00%] Precision restoration: 0 milli
		[0.12%] Statistics handling: 40 milli
		[0.00%] Constraint-fixing steps: 0 milli
		[0.00%] Valid case splits: 0 milli. Average per split: 0.00 milli
		[0.00%] Applying stored bound-tightening: 0 milli
		[0.00%] SMT core: 0 milli
		[0.29%] Symbolic Bound Tightening: 96 milli
		[34.40%] SoI-based local search: 11325 milli
		[0.00%] SoI-based local search: 0 milli
		[0.21%] Unaccounted for: 68 milli
	--- Preprocessor Statistics ---
	Number of preprocessor bound-tightening loop iterations: 3
	Number of eliminated variables: 83
	Number of constraints removed due to variable elimination: 83
	Number of equations removed due to variable elimination: 0
	--- Engine Statistics ---
	Number of main loop iterations: 1572
		1568 iterations were simplex steps. Total time: 21098 milli. Average: 13.46 milli.
		0 iterations were constraint-fixing steps. Total time: 0 milli. Average: 0.00 milli
	Number of active piecewise-linear constraints: 172 / 173
		Constraints disabled by valid splits: 0. By SMT-originated splits: 1
	Last reported degradation: 0.0000018908. Max degradation so far: 0.0000701240. Restorations so far: 0
	Number of simplex pivots we attempted to skip because of instability: 0.
	Unstable pivots performed anyway: 0
	--- Tableau Statistics ---
	Total number of pivots performed: 1546
		Real pivots: 1545. Degenerate: 1 (0.06%)
		Degenerate pivots by request (e.g., to fix a PL constraint): 0 (0.00%)
		Average time per pivot: 1.36 milli
	Total number of fake pivots performed: 12
	Total number of rows added: 0. Number of merged columns: 0
	Current tableau dimensions: M = 766, N = 2217
	--- SMT Core Statistics ---
	Total depth is 1. Total visited states: 2. Number of splits: 1. Number of pops: 0
	Max stack depth: 1
	--- Bound Tightening Statistics ---
	Number of tightened bounds: 190.
		Number of rows examined by row tightener: 1546. Consequent tightenings: 0
		Number of explicit basis matrices examined by row tightener: 5. Consequent tightenings: 245
		Number of bound tightening rounds on the entire constraint matrix: 0. Consequent tightenings: 0
		Number of bound notifications sent to PL constraints: 2078. Tightenings proposed: 0
	--- Basis Factorization statistics ---
	Number of basis refactorizations: 16
	--- Projected Steepest Edge Statistics ---
	Number of iterations: 1558.
	Number of resets to reference space: 2. Avg. iterations per reset: 779
	--- SBT ---
	Number of tightened bounds: 577
	--- SoI-based local search ---
	Number of proposed phase pattern update: 3. Number of accepted update: 3 [100.00%]
	Total time (% of local search time) updating SoI phase pattern : 18628 milli [0.16%]
	Total time obtaining current assignment: 4056 milli [0.04%]
	Total time getting SoI phase pattern : 1031 milli [0.00%]
	--- Context dependent statistics ---
	Number of pushes / pops: 1 / 0
		[0.00%] Pre-Push hook: 0 milli
		[0.00%] Push : 0 milli
		[0.00%] Post-Pop hook: 0 milli
		[0.00%] Pop : 0 milli
		[0.00%] Total context-switching time: 0 milli
	--- Proof Certificate ---
	Number of certified leaves: 0
	Number of leaves to delegate: 0
sat
Input assignment:
	x0 = -1.670713
	x1 = 0.600039
	x2 = 0.979822
	x3 = 2.983989
	x4 = -0.471505
	x5 = -1.281402
	x6 = 0.378189
	x7 = 0.091877
	x8 = -2.260340
	x9 = -0.882022
	x10 = -1.485353
	x11 = -1.224634
	x12 = -0.759582
	x13 = -2.451905
	x14 = 2.893355
	x15 = -2.297841
	x16 = -0.880238
	x17 = -0.501689
	x18 = 0.143030
	x19 = 2.394270
	x20 = -2.329915
	x21 = -2.205357
	x22 = 1.052994
	x23 = 2.625431
	x24 = -0.869939
	x25 = -1.915093
	x26 = 0.518236
	x27 = -2.751176
	x28 = 2.288317
	x29 = -0.513318
	x30 = 1.227077
	x31 = -1.524613
	x32 = 2.444549
	x33 = -0.811124
	x34 = 1.179148
	x35 = -0.089422
	x36 = -1.637657
	x37 = 0.584673
	x38 = -2.437240
	x39 = -0.021624
	x40 = 3.995345
	x41 = 1.466662
	x42 = -0.752209
	x43 = -0.810769
	x44 = 1.842136
	x45 = -2.470604
	x46 = -0.312189
	x47 = 0.254365
	x48 = 1.867108
	x49 = 2.724892
	x50 = -1.807994
	x51 = -1.512053
	x52 = -0.241662
	x53 = 2.207025
	x54 = -2.378222
	x55 = 1.302004
	x56 = -1.339030
	x57 = 0.860446
	x58 = 1.062739
	x59 = 1.135298
	x60 = 0.608894
	x61 = 1.943449
	x62 = 0.385707
	x63 = -0.269423
	x64 = 2.012121
	x65 = 1.386983
	x66 = 1.333953
	x67 = 1.771025
	x68 = 3.178377
	x69 = 1.003684
	x70 = -0.386682
	x71 = -0.128117
	x72 = -1.886841
	x73 = 1.621468
	x74 = 2.066884
	x75 = 2.632396
	x76 = -1.943823
	x77 = -0.013936
	x78 = -2.238282
	x79 = 0.599554
	x80 = 1.087400
	x81 = -0.792747
	x82 = 1.180820
	x83 = -0.091069
	x84 = 1.673152
	x85 = 2.359213
	x86 = 0.853316
	x87 = -5.315422
	x88 = -0.665247
	x89 = 2.045171
	x90 = -0.190562
	x91 = -2.151955
	x92 = -1.261108
	x93 = -1.255892
	x94 = -0.081129
	x95 = 0.296708
	x96 = 0.393511
	x97 = 0.658167
	x98 = -2.816270
	x99 = 1.835568
	x100 = -0.868279
	x101 = 2.185622
	x102 = -1.165296
	x103 = 0.122746
	x104 = -1.232154
	x105 = 0.860131
	x106 = 0.069553
	x107 = 0.123307
	x108 = 1.145133
	x109 = -2.456439
	x110 = -0.094810
	x111 = 2.204199
	x112 = -0.318171
	x113 = -0.506622
	x114 = 1.187736
	x115 = -2.547637
	x116 = 1.115959
	x117 = -0.025617
	x118 = -2.147606
	x119 = -3.431762
	x120 = -0.700411
	x121 = 3.282443
	x122 = 2.921192
	x123 = -0.011913
	x124 = -0.605769
	x125 = 1.761210
	x126 = 0.036269
	x127 = -2.617669
	x128 = 0.309809
	x129 = -1.135634
	x130 = 3.901606
	x131 = 1.214747
	x132 = -1.932727
	x133 = 2.020248
	x134 = 1.784742
	x135 = 1.910063
	x136 = -1.477255
	x137 = -0.395450
	x138 = -0.862303
	x139 = -0.587795
	x140 = 5.772429
	x141 = 0.941905
	x142 = -1.625053
	x143 = -2.463456
	x144 = -0.484190
	x145 = 1.150698
	x146 = 1.109800
	x147 = 1.582106
	x148 = 0.045634
	x149 = -0.269308
	x150 = -0.573480
	x151 = 0.886832
	x152 = -0.590924
	x153 = -0.122215
	x154 = 3.609591
	x155 = -1.202449
	x156 = 0.886502
	x157 = 2.155367
	x158 = -0.522174
	x159 = 0.341709
	x160 = -0.776188
	x161 = -0.217513
	x162 = -1.596660
	x163 = -0.536238
	x164 = -2.325493
	x165 = 0.129264
	x166 = -2.192723
	x167 = 2.799909
	x168 = 3.328784
	x169 = -2.030042
	x170 = 0.643142
	x171 = -1.748230
	x172 = 0.079935
	x173 = 0.707248
	x174 = -0.262558
	x175 = 0.069369
	x176 = 1.247576
	x177 = -0.014127
	x178 = 0.006320
	x179 = -0.512953
	x180 = -2.283546
	x181 = -0.838641
	x182 = 1.053365
	x183 = 0.942619
	x184 = 0.159610
	x185 = 0.784801
	x186 = -0.422644
	x187 = 0.426868
	x188 = 1.443889
	x189 = 0.747534
	x190 = -2.595172
	x191 = 0.776342
	x192 = -2.425467
	x193 = -1.907800
	x194 = 1.305253
	x195 = -0.808059
	x196 = -0.626470
	x197 = -0.524033
	x198 = -0.096661
	x199 = -1.205240
	x200 = -1.305793
	x201 = -1.088703
	x202 = -1.169814
	x203 = 3.082230
	x204 = -0.622642
	x205 = -0.297974
	x206 = -0.359213
	x207 = -0.082115
	x208 = 1.461620
	x209 = -0.124247
	x210 = 0.251370
	x211 = -1.572405
	x212 = 0.303769
	x213 = 4.014068
	x214 = -1.034465
	x215 = -1.282238
	x216 = -0.982896
	x217 = 0.521678
	x218 = 1.049215
	x219 = -2.525160
	x220 = -0.719268
	x221 = 0.177680
	x222 = 0.072170
	x223 = 1.762907
	x224 = -1.465699
	x225 = 0.568216
	x226 = 4.692497
	x227 = -2.068932
	x228 = 1.558939
	x229 = 2.952884
	x230 = -1.802926
	x231 = 1.980504
	x232 = 0.761478
	x233 = 0.807832
	x234 = -0.605049
	x235 = 0.741482
	x236 = 0.519519
	x237 = -0.130004
	x238 = -0.580966
	x239 = 9.754169
	x240 = 4.500634
	x241 = -0.920495
	x242 = 0.965710
	x243 = -0.128289
	x244 = -1.153305
	x245 = -2.299764
	x246 = -1.309410
	x247 = -2.814584
	x248 = -1.099619
	x249 = 0.784747
	x250 = -1.341893
	x251 = -0.426111
	x252 = -2.120618
	x253 = -1.520905
	x254 = 1.174305
	x255 = -2.082318
	x256 = 1.088936
	x257 = -1.746666
	x258 = -3.916480
	x259 = -0.683089
	x260 = -1.412392
	x261 = 1.061913
	x262 = -1.180405
	x263 = -1.074623
	x264 = 0.877256
	x265 = -2.878052
	x266 = 2.912323
	x267 = -1.250619
	x268 = -1.165279
	x269 = 1.284061
	x270 = 2.291310
	x271 = -2.176419
	x272 = 0.234242
	x273 = 0.334994
	x274 = -0.627090
	x275 = -0.090191
	x276 = 1.208866
	x277 = -0.254948
	x278 = 0.650798
	x279 = -1.373579
	x280 = -0.853509
	x281 = -0.454207
	x282 = 1.167020
	x283 = -0.569504
	x284 = -0.113696
	x285 = -0.330374
	x286 = 1.024609
	x287 = -1.480550
	x288 = -1.021079
	x289 = -0.358537
	x290 = -0.598748
	x291 = 0.924964
	x292 = 1.675637
	x293 = 2.745629
	x294 = 0.882729
	x295 = -1.138737
	x296 = -1.562648
	x297 = -2.049714
	x298 = -9.988775
	x299 = 1.506742
	x300 = 2.462844
	x301 = 1.716684
	x302 = 1.896215
	x303 = 1.963813
	x304 = -2.199479
	x305 = 1.216621
	x306 = 0.159192
	x307 = 1.623567
	x308 = -2.259313
	x309 = 0.322805
	x310 = 0.716569
	x311 = -0.333770
	x312 = -1.625859
	x313 = -0.463831
	x314 = 1.613079
	x315 = -2.035584
	x316 = 1.503848
	x317 = -0.397568
	x318 = 1.189831
	x319 = -0.872359
	x320 = -1.238361
	x321 = 0.186525
	x322 = -1.564945
	x323 = -2.065502
	x324 = -0.912695
	x325 = -3.562850
	x326 = -0.618407
	x327 = 2.330751
	x328 = -1.288253
	x329 = -0.108295
	x330 = -0.674675
	x331 = 0.986967
	x332 = 0.634735
	x333 = 0.356703
	x334 = 0.067639
	x335 = -1.329328
	x336 = 1.347741
	x337 = -0.097452
	x338 = 0.599219
	x339 = -0.536203
	x340 = 0.002894
	x341 = -0.450087
	x342 = -1.277668
	x343 = -0.584510
	x344 = -1.020548
	x345 = -0.795555
	x346 = 0.305004
	x347 = -0.159538
	x348 = -0.151780
	x349 = 0.483516
	x350 = -2.985182
	x351 = -0.666390
	x352 = -1.142192
	x353 = 0.404681
	x354 = -3.158202
	x355 = -0.295538
	x356 = 0.741350
	x357 = -1.404536
	x358 = -0.079971
	x359 = -3.316207
	x360 = 2.290604
	x361 = -2.367269
	x362 = -1.457264
	x363 = -2.008801
	x364 = -0.403989
	x365 = -0.021366
	x366 = -0.681776
	x367 = -1.247158
	x368 = 1.553326
	x369 = 3.322281
	x370 = 2.525279
	x371 = 1.858863
	x372 = 2.531079
	x373 = 1.849620
	x374 = 0.950624
	x375 = 2.386249
	x376 = 0.082510
	x377 = 0.098720
	x378 = -2.217183
	x379 = -0.524374
	x380 = 0.628401
	x381 = 1.484029
	x382 = -0.531343
	x383 = 0.264980
	x384 = 0.429888
	x385 = 0.826201
	x386 = -1.806967
	x387 = 0.543750
	x388 = 0.639639
	x389 = -2.700732
	x390 = 0.122993
	x391 = 1.316942
	x392 = 1.404504
	x393 = 0.906522
	x394 = 0.629143
	x395 = -2.839856
	x396 = -0.503860
	x397 = -1.125520
	x398 = 2.601206
	x399 = 0.628953
	x400 = 0.128530
	x401 = -0.762633
	x402 = -0.247732
	x403 = 0.621549
	x404 = -0.169930
	x405 = -1.654879
	x406 = 0.138881
	x407 = 1.791144
	x408 = 0.803383
	x409 = 1.388078
	x410 = -2.764119
	x411 = 0.655003
	x412 = 0.525190
	x413 = 1.495047
	x414 = 0.261004
	x415 = -0.220351
	x416 = -1.783449
	x417 = 0.114812
	x418 = -1.720130
	x419 = 2.276827
	x420 = -1.304769
	x421 = -0.041784
	x422 = 1.141603
	x423 = -2.553474
	x424 = -1.278061
	x425 = -0.660327
	x426 = -0.872574
	x427 = 0.790675
	x428 = -1.471630
	x429 = 2.895540
	x430 = -0.457767
	x431 = 2.800035
	x432 = -3.745175
	x433 = -1.558341
	x434 = 0.153096
	x435 = 0.824478
	x436 = 3.036489
	x437 = 0.263276
	x438 = -2.124225
	x439 = 0.183549
	x440 = 1.339580
	x441 = 0.358507
	x442 = -3.002627
	x443 = 2.274400
	x444 = 0.004988
	x445 = -2.691028
	x446 = 0.034753
	x447 = 2.486371
	x448 = -1.161295
	x449 = 0.149578
	x450 = -0.228587
	x451 = -0.054523
	x452 = -0.573558
	x453 = -1.612486
	x454 = -0.132732
	x455 = -0.345254
	x456 = -0.718600
	x457 = 0.552189
	x458 = -0.820420
	x459 = 0.807120
	x460 = -0.044395
	x461 = 2.638855
	x462 = -0.337636
	x463 = 1.667166
	x464 = -0.784715
	x465 = 1.312722
	x466 = -2.126956
	x467 = -3.928838
	x468 = -1.154375
	x469 = -0.171813
	x470 = -0.069079
	x471 = 1.417551
	x472 = -2.896736
	x473 = 0.096763
	x474 = 0.743308
	x475 = 2.122577
	x476 = -1.636944
	x477 = 1.747649
	x478 = -0.209357
	x479 = -0.181094
	x480 = -0.400369
	x481 = 3.050023
	x482 = 0.751629
	x483 = 2.083079
	x484 = 2.790389
	x485 = -0.169420
	x486 = 1.766090
	x487 = -1.139156
	x488 = 0.579222
	x489 = -0.557302
	x490 = -0.163373
	x491 = 4.057185
	x492 = 0.179899
	x493 = 0.608248
	x494 = 1.519817
	x495 = 0.293918
	x496 = 1.554523
	x497 = -0.536413
	x498 = 0.831025
	x499 = 0.618362
	x500 = -0.666016
	x501 = -1.762035
	x502 = -2.648271
	x503 = -1.649692
	x504 = -0.499473
	x505 = 1.389982
	x506 = 2.214939
	x507 = -3.253304
	x508 = 0.737937
	x509 = -0.124144
	x510 = -1.572701
	x511 = -0.316461

Output:
	y0 = -9.069197
	y1 = 14.310568
	y2 = -10.964126
	y3 = -9.041034
	y4 = 11.586664
	y5 = -10.940308
	y6 = -7.561495
	y7 = 10.976783
	y8 = -9.305391
	y9 = -7.620857
	y10 = 6.477459
	y11 = -9.768309
	y12 = -7.993221
	y13 = 14.108028
	y14 = -8.889510
	y15 = -5.574300
	y16 = 16.128612
	y17 = -6.560978
	y18 = -8.582544
	y19 = 8.804844
	y20 = -12.024230
	y21 = -8.041575
	y22 = 11.424977
	y23 = -12.757930
	y24 = -11.180974
	y25 = 13.330639
	y26 = -12.210777
	y27 = -13.129796
	y28 = 13.345366
	y29 = -11.094442
	y30 = -5.743364
	y31 = 8.107259
	y32 = -6.952925
	y33 = -5.562954
	y34 = 13.800919
	y35 = -6.822024
	y36 = -6.060234
	y37 = 29.054123
	y38 = -3.825124
	y39 = -2.514204
	y40 = -3.737056
	y41 = -5.099286
	y42 = -10.745019
	y43 = 14.971078
	y44 = -12.658596
	y45 = -10.031549
	y46 = 12.460205
	y47 = -12.096247
	y48 = -8.217544
	y49 = 13.735594
	y50 = -9.149074
	y51 = -8.667284
	y52 = 24.492235
	y53 = -7.800381
	y54 = -2.460896
	y55 = 28.649393
	y56 = -2.005221
	y57 = -2.236472
	y58 = 10.468554
	y59 = -0.034924
	y60 = 3.865353
	y61 = -8.049862
	y62 = 1.693851
	y63 = 1.352396
	y64 = 13.261286
	y65 = 1.169165
	y66 = -3.953343
	y67 = 14.369447
	y68 = -4.859064
	y69 = -5.386683
	y70 = 10.903909
	y71 = -8.178306
	y72 = -7.767280
	y73 = 13.516245
	y74 = -9.463519
	y75 = -7.452789
	y76 = 23.703220
	y77 = -5.029723
	y78 = 2.685310
	y79 = -13.367061
	y80 = 2.100627
	y81 = 8.513985
	y82 = -21.866032
	y83 = 8.924080
	y84 = 10.094625
	y85 = -20.421933
	y86 = 9.617597
	y87 = 0.916488
	y88 = 10.723456
	y89 = -1.099615
	y90 = -4.628062
	y91 = 26.949171
	y92 = -7.153170
	y93 = -6.712492
	y94 = 9.499859
	y95 = -8.898085
	y96 = -6.735583
	y97 = 19.295473
	y98 = -7.014030
	y99 = -5.543271
	y100 = 10.430224
	y101 = -4.409747
	y102 = -0.067148
	y103 = 25.691712
	y104 = -1.256079
	y105 = 10.786164
	y106 = -21.252152
	y107 = 10.786154
	y108 = 7.772324
	y109 = -20.940217
	y110 = 12.269099
	y111 = 0.731953
	y112 = -5.190321
	y113 = 2.195270
	y114 = -6.197970
	y115 = 21.416394
	y116 = -9.225982
	y117 = -6.576184
	y118 = 16.991813
	y119 = -8.370811
	y120 = -8.023146
	y121 = 14.730658
	y122 = -11.283461
	y123 = -8.433194
	y124 = 13.455999
	y125 = -5.999010
	y126 = -4.569930
	y127 = 28.551301
	y128 = -3.924774
	y129 = 1.309969
	y130 = 10.102548
	y131 = 1.349416
	y132 = 2.435693
	y133 = -3.466328
	y134 = 2.905483
	y135 = -2.702661
	y136 = 7.808289
	y137 = -0.493866
	y138 = -8.191346
	y139 = 31.897770
	y140 = -10.610428
	y141 = -8.135838
	y142 = 11.271826
	y143 = -10.975134
	y144 = -8.765704
	y145 = 13.001276
	y146 = -12.184319
	y147 = -11.374343
	y148 = 14.968087
	y149 = -8.574215
	y150 = -7.863511
	y151 = 8.029260
	y152 = -4.450460
	y153 = -3.043414
	y154 = 13.844280
	y155 = -4.141660
	y156 = -2.481336
	y157 = 9.368655
	y158 = -4.769040
	y159 = -6.721139
	y160 = 11.325047
	y161 = -4.648335
	y162 = -9.059392
	y163 = 13.935833
	y164 = -10.034096
	y165 = -9.359530
	y166 = 16.902978
	y167 = -13.103460
	y168 = -11.213269
	y169 = 12.970833
	y170 = -11.505106
	y171 = -13.303234
	y172 = 9.471597
	y173 = -9.399350
	y174 = -10.325994
	y175 = 13.222203
	y176 = -6.419109
	y177 = -10.853256
	y178 = 13.253583
	y179 = -9.384090
	y180 = -11.199372
	y181 = 15.557127
	y182 = -7.108114
	y183 = -11.848775
	y184 = 12.280733
	y185 = -4.892570
	y186 = -15.075069
	y187 = 14.920129
	y188 = -9.350157
	y189 = -13.940283
	y190 = 17.577545
	y191 = -13.067440

