InputQuery: /home/levn/Workspace/othello_world/queries/head_prove_probe_robust/game_109_target_35_eps_0.1.txt
Engine::processInputQuery: Input query (before preprocessing): 510 equations, 1277 variables
Engine::processInputQuery: Input query (after preprocessing): 766 equations, 1412 variables

Input bounds:
	x0: [  0.4046,   0.6046] 
	x1: [ -1.2473,  -1.0473] 
	x2: [  0.2258,   0.4258] 
	x3: [  2.3155,   2.5155] 
	x4: [ -0.3978,  -0.1978] 
	x5: [ -3.7451,  -3.5451] 
	x6: [  2.4695,   2.6695] 
	x7: [  1.0237,   1.2237] 
	x8: [ -3.8236,  -3.6236] 
	x9: [ -0.1852,   0.0148] 
	x10: [ -1.3096,  -1.1096] 
	x11: [  0.6562,   0.8562] 
	x12: [  0.5225,   0.7225] 
	x13: [ -0.5136,  -0.3136] 
	x14: [  1.8567,   2.0567] 
	x15: [ -0.6635,  -0.4635] 
	x16: [  1.1719,   1.3719] 
	x17: [  1.2816,   1.4816] 
	x18: [ -2.1296,  -1.9296] 
	x19: [ -0.4600,  -0.2600] 
	x20: [  1.8702,   2.0702] 
	x21: [  0.8463,   1.0463] 
	x22: [  3.7851,   3.9851] 
	x23: [  0.7856,   0.9856] 
	x24: [  1.5795,   1.7795] 
	x25: [ -0.6975,  -0.4975] 
	x26: [  2.5899,   2.7899] 
	x27: [ -1.8292,  -1.6292] 
	x28: [  4.2834,   4.4834] 
	x29: [  1.5848,   1.7848] 
	x30: [  0.7471,   0.9471] 
	x31: [ -1.7780,  -1.5780] 
	x32: [ -0.7938,  -0.5938] 
	x33: [  2.3930,   2.5930] 
	x34: [ -1.2072,  -1.0072] 
	x35: [ -1.6375,  -1.4375] 
	x36: [ -1.2358,  -1.0358] 
	x37: [ -0.6109,  -0.4109] 
	x38: [ -2.3023,  -2.1023] 
	x39: [ -4.4769,  -4.2769] 
	x40: [  0.0722,   0.2722] 
	x41: [  0.9433,   1.1433] 
	x42: [  1.3691,   1.5691] 
	x43: [  0.3921,   0.5921] 
	x44: [ -1.3591,  -1.1591] 
	x45: [ -0.3055,  -0.1055] 
	x46: [ -2.2735,  -2.0735] 
	x47: [ -0.7311,  -0.5311] 
	x48: [  1.5620,   1.7620] 
	x49: [  1.7708,   1.9708] 
	x50: [ -2.0211,  -1.8211] 
	x51: [ -2.4131,  -2.2131] 
	x52: [  0.5151,   0.7151] 
	x53: [  1.3599,   1.5599] 
	x54: [  0.6795,   0.8795] 
	x55: [  1.5573,   1.7573] 
	x56: [ -1.3032,  -1.1032] 
	x57: [  2.6550,   2.8550] 
	x58: [  0.4020,   0.6020] 
	x59: [ -0.5153,  -0.3153] 
	x60: [  0.3610,   0.5610] 
	x61: [ -0.7851,  -0.5851] 
	x62: [  1.7571,   1.9571] 
	x63: [ -0.5599,  -0.3599] 
	x64: [  0.6657,   0.8657] 
	x65: [ -1.9279,  -1.7279] 
	x66: [ -0.7369,  -0.5369] 
	x67: [  0.3049,   0.5049] 
	x68: [  1.8401,   2.0401] 
	x69: [ -0.3088,  -0.1088] 
	x70: [ -0.9877,  -0.7877] 
	x71: [  1.0459,   1.2459] 
	x72: [ -2.0244,  -1.8244] 
	x73: [ -0.2186,  -0.0186] 
	x74: [  1.2434,   1.4434] 
	x75: [ -1.0053,  -0.8053] 
	x76: [  1.1730,   1.3730] 
	x77: [ -2.1684,  -1.9684] 
	x78: [ -1.5160,  -1.3160] 
	x79: [ -2.8590,  -2.6590] 
	x80: [ -1.7489,  -1.5489] 
	x81: [  0.5525,   0.7525] 
	x82: [ -2.1744,  -1.9744] 
	x83: [ -1.7303,  -1.5303] 
	x84: [ -0.6170,  -0.4170] 
	x85: [  0.7895,   0.9895] 
	x86: [ -1.0207,  -0.8207] 
	x87: [ -1.8312,  -1.6312] 
	x88: [ -0.7234,  -0.5234] 
	x89: [  0.3374,   0.5374] 
	x90: [ -0.9890,  -0.7890] 
	x91: [ -1.7250,  -1.5250] 
	x92: [ -1.1237,  -0.9237] 
	x93: [ -1.4000,  -1.2000] 
	x94: [ -3.9499,  -3.7499] 
	x95: [  1.3252,   1.5252] 
	x96: [  0.5476,   0.7476] 
	x97: [ -0.3560,  -0.1560] 
	x98: [ -0.0616,   0.1384] 
	x99: [ -2.3036,  -2.1036] 
	x100: [  0.0302,   0.2302] 
	x101: [ -1.2803,  -1.0803] 
	x102: [  1.4180,   1.6180] 
	x103: [ -0.2596,  -0.0596] 
	x104: [  0.9266,   1.1266] 
	x105: [ -3.2912,  -3.0912] 
	x106: [ -1.0965,  -0.8965] 
	x107: [  0.7838,   0.9838] 
	x108: [ -0.0945,   0.1055] 
	x109: [ -0.2484,  -0.0484] 
	x110: [ -0.8271,  -0.6271] 
	x111: [ -1.2018,  -1.0018] 
	x112: [  0.0927,   0.2927] 
	x113: [  2.6537,   2.8537] 
	x114: [  1.8980,   2.0980] 
	x115: [ -3.9949,  -3.7949] 
	x116: [  0.6049,   0.8049] 
	x117: [ -1.2312,  -1.0312] 
	x118: [ -1.8580,  -1.6580] 
	x119: [ -0.7724,  -0.5724] 
	x120: [ -0.1973,   0.0027] 
	x121: [  2.0923,   2.2923] 
	x122: [  2.2278,   2.4278] 
	x123: [ -1.0522,  -0.8522] 
	x124: [ -1.3236,  -1.1236] 
	x125: [ -1.7124,  -1.5124] 
	x126: [ -2.9346,  -2.7346] 
	x127: [ -3.3488,  -3.1488] 
	x128: [  0.8635,   1.0635] 
	x129: [ -1.8046,  -1.6046] 
	x130: [ -3.0742,  -2.8742] 
	x131: [  1.8900,   2.0900] 
	x132: [  2.4117,   2.6117] 
	x133: [  0.2131,   0.4131] 
	x134: [  0.1651,   0.3651] 
	x135: [ -0.0019,   0.1981] 
	x136: [  1.4059,   1.6059] 
	x137: [ -2.2345,  -2.0345] 
	x138: [ -0.2546,  -0.0546] 
	x139: [  0.3797,   0.5797] 
	x140: [  3.9030,   4.1030] 
	x141: [  0.8210,   1.0210] 
	x142: [  0.8158,   1.0158] 
	x143: [  0.0929,   0.2929] 
	x144: [  0.3053,   0.5053] 
	x145: [ -0.5029,  -0.3029] 
	x146: [  1.6846,   1.8846] 
	x147: [ -1.3898,  -1.1898] 
	x148: [ -0.4904,  -0.2904] 
	x149: [  1.5627,   1.7627] 
	x150: [ -1.7381,  -1.5381] 
	x151: [  0.8591,   1.0591] 
	x152: [ -1.7332,  -1.5332] 
	x153: [ -1.2419,  -1.0419] 
	x154: [ -1.9869,  -1.7869] 
	x155: [  1.7073,   1.9073] 
	x156: [ -1.3771,  -1.1771] 
	x157: [  1.5221,   1.7221] 
	x158: [ -3.3740,  -3.1740] 
	x159: [ -0.0765,   0.1235] 
	x160: [  0.1625,   0.3625] 
	x161: [  0.2599,   0.4599] 
	x162: [  1.6692,   1.8692] 
	x163: [ -1.4000,  -1.2000] 
	x164: [ -2.4680,  -2.2680] 
	x165: [  0.9395,   1.1395] 
	x166: [ -0.5510,  -0.3510] 
	x167: [  2.2317,   2.4317] 
	x168: [ -0.8165,  -0.6165] 
	x169: [ -0.9267,  -0.7267] 
	x170: [ -0.9516,  -0.7516] 
	x171: [  0.1442,   0.3442] 
	x172: [  0.1285,   0.3285] 
	x173: [  2.3277,   2.5277] 
	x174: [  0.2135,   0.4135] 
	x175: [  1.9869,   2.1869] 
	x176: [ -1.9891,  -1.7891] 
	x177: [ -0.4134,  -0.2134] 
	x178: [  0.0600,   0.2600] 
	x179: [ -2.8252,  -2.6252] 
	x180: [ -0.6370,  -0.4370] 
	x181: [ -2.0260,  -1.8260] 
	x182: [  1.5878,   1.7878] 
	x183: [ -3.8158,  -3.6158] 
	x184: [ -1.0924,  -0.8924] 
	x185: [ -4.7668,  -4.5668] 
	x186: [  0.5571,   0.7571] 
	x187: [ -0.9426,  -0.7426] 
	x188: [  2.8334,   3.0334] 
	x189: [ -1.8210,  -1.6210] 
	x190: [ -1.5597,  -1.3597] 
	x191: [  0.4478,   0.6478] 
	x192: [ -2.7603,  -2.5603] 
	x193: [ -0.6582,  -0.4582] 
	x194: [  2.3166,   2.5166] 
	x195: [ -1.4031,  -1.2031] 
	x196: [ -1.9337,  -1.7337] 
	x197: [ -0.4374,  -0.2374] 
	x198: [ -2.2808,  -2.0808] 
	x199: [  1.2107,   1.4107] 
	x200: [  1.6181,   1.8181] 
	x201: [  1.4261,   1.6261] 
	x202: [ -1.5076,  -1.3076] 
	x203: [  1.0803,   1.2803] 
	x204: [ -3.0471,  -2.8471] 
	x205: [ -2.8146,  -2.6146] 
	x206: [  1.8793,   2.0793] 
	x207: [ -0.0974,   0.1026] 
	x208: [  0.0376,   0.2376] 
	x209: [  1.5905,   1.7905] 
	x210: [ -0.3812,  -0.1812] 
	x211: [ -1.0369,  -0.8369] 
	x212: [  2.0906,   2.2906] 
	x213: [  0.0250,   0.2250] 
	x214: [  1.2472,   1.4472] 
	x215: [ -0.7631,  -0.5631] 
	x216: [ -0.1351,   0.0649] 
	x217: [ -1.1336,  -0.9336] 
	x218: [ -2.1019,  -1.9019] 
	x219: [ -0.6079,  -0.4079] 
	x220: [  0.6105,   0.8105] 
	x221: [ -3.3200,  -3.1200] 
	x222: [ -1.4039,  -1.2039] 
	x223: [  0.6694,   0.8694] 
	x224: [ -2.0891,  -1.8891] 
	x225: [ -1.9122,  -1.7122] 
	x226: [  3.7684,   3.9684] 
	x227: [ -0.8266,  -0.6266] 
	x228: [  1.4414,   1.6414] 
	x229: [  3.1585,   3.3585] 
	x230: [  3.2408,   3.4408] 
	x231: [  2.4394,   2.6394] 
	x232: [ -0.2004,  -0.0004] 
	x233: [  0.8900,   1.0900] 
	x234: [ -0.0985,   0.1015] 
	x235: [  2.5564,   2.7564] 
	x236: [  2.2576,   2.4576] 
	x237: [  0.9208,   1.1208] 
	x238: [ -1.2923,  -1.0923] 
	x239: [  4.5869,   4.7869] 
	x240: [  3.3532,   3.5532] 
	x241: [  0.9753,   1.1753] 
	x242: [  0.7611,   0.9611] 
	x243: [  2.5113,   2.7113] 
	x244: [ -0.9316,  -0.7316] 
	x245: [  0.6853,   0.8853] 
	x246: [ -0.3930,  -0.1930] 
	x247: [ -3.0039,  -2.8039] 
	x248: [ -0.8134,  -0.6134] 
	x249: [  3.7204,   3.9204] 
	x250: [ -0.0285,   0.1715] 
	x251: [  1.5808,   1.7808] 
	x252: [ -1.1511,  -0.9511] 
	x253: [ -0.7520,  -0.5520] 
	x254: [  0.2227,   0.4227] 
	x255: [ -1.2009,  -1.0009] 
	x256: [ -2.0115,  -1.8115] 
	x257: [ -0.1374,   0.0626] 
	x258: [ -0.3399,  -0.1399] 
	x259: [  1.6515,   1.8515] 
	x260: [  0.5428,   0.7428] 
	x261: [  0.3780,   0.5780] 
	x262: [ -1.0528,  -0.8528] 
	x263: [ -0.0619,   0.1381] 
	x264: [ -0.5874,  -0.3874] 
	x265: [ -2.4833,  -2.2833] 
	x266: [ -0.8043,  -0.6043] 
	x267: [  1.9856,   2.1856] 
	x268: [ -4.5621,  -4.3621] 
	x269: [  2.4204,   2.6204] 
	x270: [  1.7047,   1.9047] 
	x271: [ -2.6372,  -2.4372] 
	x272: [ -0.3417,  -0.1417] 
	x273: [  1.1615,   1.3615] 
	x274: [  0.8138,   1.0138] 
	x275: [  3.2017,   3.4017] 
	x276: [  0.5447,   0.7447] 
	x277: [ -2.4718,  -2.2718] 
	x278: [ -2.1376,  -1.9376] 
	x279: [  3.1660,   3.3660] 
	x280: [  1.4550,   1.6550] 
	x281: [ -0.5848,  -0.3848] 
	x282: [ -1.4828,  -1.2828] 
	x283: [ -2.3801,  -2.1801] 
	x284: [ -3.6594,  -3.4594] 
	x285: [ -1.4313,  -1.2313] 
	x286: [ -0.2953,  -0.0953] 
	x287: [ -1.5682,  -1.3682] 
	x288: [ -1.0582,  -0.8582] 
	x289: [ -1.5424,  -1.3424] 
	x290: [ -0.6421,  -0.4421] 
	x291: [  0.0881,   0.2881] 
	x292: [  0.8746,   1.0746] 
	x293: [ -0.8881,  -0.6881] 
	x294: [  1.2724,   1.4724] 
	x295: [ -0.4845,  -0.2845] 
	x296: [ -0.7549,  -0.5549] 
	x297: [  2.5378,   2.7378] 
	x298: [ -5.5748,  -5.3748] 
	x299: [ -0.4447,  -0.2447] 
	x300: [  2.9680,   3.1680] 
	x301: [ -0.6078,  -0.4078] 
	x302: [ -0.3782,  -0.1782] 
	x303: [  1.9901,   2.1901] 
	x304: [ -2.0331,  -1.8331] 
	x305: [  3.0753,   3.2753] 
	x306: [ -0.6949,  -0.4949] 
	x307: [  1.2065,   1.4065] 
	x308: [ -2.3311,  -2.1311] 
	x309: [ -0.0661,   0.1339] 
	x310: [  2.8984,   3.0984] 
	x311: [  1.1072,   1.3072] 
	x312: [ -0.6681,  -0.4681] 
	x313: [  0.2022,   0.4022] 
	x314: [ -0.6111,  -0.4111] 
	x315: [  0.6504,   0.8504] 
	x316: [ -0.2259,  -0.0259] 
	x317: [ -1.7725,  -1.5725] 
	x318: [  3.0297,   3.2297] 
	x319: [  0.9193,   1.1193] 
	x320: [ -1.0560,  -0.8560] 
	x321: [  1.8828,   2.0828] 
	x322: [ -1.5939,  -1.3939] 
	x323: [ -3.2452,  -3.0452] 
	x324: [ -0.6905,  -0.4905] 
	x325: [ -4.2026,  -4.0026] 
	x326: [ -2.2621,  -2.0621] 
	x327: [ -1.5568,  -1.3568] 
	x328: [ -1.2484,  -1.0484] 
	x329: [ -1.3222,  -1.1222] 
	x330: [  1.6269,   1.8269] 
	x331: [ -0.5887,  -0.3887] 
	x332: [ -0.2868,  -0.0868] 
	x333: [  1.4867,   1.6867] 
	x334: [  0.1286,   0.3286] 
	x335: [ -1.3503,  -1.1503] 
	x336: [  1.8753,   2.0753] 
	x337: [  2.7642,   2.9642] 
	x338: [  0.2705,   0.4705] 
	x339: [  2.2986,   2.4986] 
	x340: [ -1.3558,  -1.1558] 
	x341: [ -1.3957,  -1.1957] 
	x342: [ -0.6452,  -0.4452] 
	x343: [  1.6745,   1.8745] 
	x344: [  0.0657,   0.2657] 
	x345: [ -0.3213,  -0.1213] 
	x346: [ -2.5199,  -2.3199] 
	x347: [ -0.9484,  -0.7484] 
	x348: [ -0.8572,  -0.6572] 
	x349: [ -1.3411,  -1.1411] 
	x350: [ -0.7673,  -0.5673] 
	x351: [  0.3173,   0.5173] 
	x352: [ -1.9336,  -1.7336] 
	x353: [  0.2716,   0.4716] 
	x354: [ -0.5044,  -0.3044] 
	x355: [ -1.0344,  -0.8344] 
	x356: [  0.4444,   0.6444] 
	x357: [  0.4512,   0.6512] 
	x358: [ -0.6081,  -0.4081] 
	x359: [ -0.2821,  -0.0821] 
	x360: [ -0.4048,  -0.2048] 
	x361: [ -1.6184,  -1.4184] 
	x362: [ -1.7109,  -1.5109] 
	x363: [ -0.3915,  -0.1915] 
	x364: [ -2.4725,  -2.2725] 
	x365: [  2.4730,   2.6730] 
	x366: [ -1.9378,  -1.7378] 
	x367: [  0.4561,   0.6561] 
	x368: [  0.8117,   1.0117] 
	x369: [  0.4833,   0.6833] 
	x370: [ -0.5961,  -0.3961] 
	x371: [ -1.3890,  -1.1890] 
	x372: [  0.0267,   0.2267] 
	x373: [  0.6786,   0.8786] 
	x374: [ -0.0509,   0.1491] 
	x375: [  0.6786,   0.8786] 
	x376: [ -2.5766,  -2.3766] 
	x377: [  0.8636,   1.0636] 
	x378: [ -0.8270,  -0.6270] 
	x379: [ -3.5299,  -3.3299] 
	x380: [ -0.5404,  -0.3404] 
	x381: [  0.7853,   0.9853] 
	x382: [ -0.6603,  -0.4603] 
	x383: [ -1.3040,  -1.1040] 
	x384: [  0.6949,   0.8949] 
	x385: [  0.5532,   0.7532] 
	x386: [  1.1679,   1.3679] 
	x387: [ -0.9281,  -0.7281] 
	x388: [  1.0291,   1.2291] 
	x389: [ -4.1496,  -3.9496] 
	x390: [ -0.2053,  -0.0053] 
	x391: [ -2.7409,  -2.5409] 
	x392: [  0.4459,   0.6459] 
	x393: [ -0.0455,   0.1545] 
	x394: [ -0.1295,   0.0705] 
	x395: [  1.0460,   1.2460] 
	x396: [  0.9227,   1.1227] 
	x397: [ -1.9626,  -1.7626] 
	x398: [ -0.5428,  -0.3428] 
	x399: [  0.0558,   0.2558] 
	x400: [ -1.6863,  -1.4863] 
	x401: [  3.5380,   3.7380] 
	x402: [ -0.4617,  -0.2617] 
	x403: [ -2.7544,  -2.5544] 
	x404: [ -2.3191,  -2.1191] 
	x405: [  1.6659,   1.8659] 
	x406: [ -0.5498,  -0.3498] 
	x407: [  1.2745,   1.4745] 
	x408: [  0.1439,   0.3439] 
	x409: [  1.7624,   1.9624] 
	x410: [ -0.8110,  -0.6110] 
	x411: [  1.7539,   1.9539] 
	x412: [  0.1738,   0.3738] 
	x413: [  0.8657,   1.0657] 
	x414: [ -0.0188,   0.1812] 
	x415: [  1.1927,   1.3927] 
	x416: [ -2.1640,  -1.9640] 
	x417: [  0.0395,   0.2395] 
	x418: [ -0.6616,  -0.4616] 
	x419: [  2.2561,   2.4561] 
	x420: [ -1.4120,  -1.2120] 
	x421: [  1.6831,   1.8831] 
	x422: [ -0.9395,  -0.7395] 
	x423: [ -0.6396,  -0.4396] 
	x424: [ -0.7251,  -0.5251] 
	x425: [  0.9610,   1.1610] 
	x426: [ -2.8784,  -2.6784] 
	x427: [  2.1443,   2.3443] 
	x428: [  1.6880,   1.8880] 
	x429: [  1.3353,   1.5353] 
	x430: [  0.1255,   0.3255] 
	x431: [ -2.9410,  -2.7410] 
	x432: [  0.7127,   0.9127] 
	x433: [ -1.0080,  -0.8080] 
	x434: [  1.5242,   1.7242] 
	x435: [  0.8002,   1.0002] 
	x436: [  1.9657,   2.1657] 
	x437: [  0.3445,   0.5445] 
	x438: [ -1.2980,  -1.0980] 
	x439: [  2.1446,   2.3446] 
	x440: [ -1.5387,  -1.3387] 
	x441: [ -0.3301,  -0.1301] 
	x442: [  1.8434,   2.0434] 
	x443: [  0.0945,   0.2945] 
	x444: [ -0.2303,  -0.0303] 
	x445: [  0.2587,   0.4587] 
	x446: [  0.0197,   0.2197] 
	x447: [  1.1256,   1.3256] 
	x448: [  1.0764,   1.2764] 
	x449: [  1.3485,   1.5485] 
	x450: [ -3.0523,  -2.8523] 
	x451: [  1.9591,   2.1591] 
	x452: [ -3.6287,  -3.4287] 
	x453: [ -0.7053,  -0.5053] 
	x454: [ -0.9167,  -0.7167] 
	x455: [  1.4334,   1.6334] 
	x456: [  0.5635,   0.7635] 
	x457: [  0.4365,   0.6365] 
	x458: [ -0.9668,  -0.7668] 
	x459: [ -0.5620,  -0.3620] 
	x460: [ -0.1482,   0.0518] 
	x461: [  1.4363,   1.6363] 
	x462: [ -1.9887,  -1.7887] 
	x463: [ -2.0864,  -1.8864] 
	x464: [ -2.3793,  -2.1793] 
	x465: [  0.9333,   1.1333] 
	x466: [  0.7394,   0.9394] 
	x467: [ -2.9150,  -2.7150] 
	x468: [  0.4925,   0.6925] 
	x469: [ -0.2466,  -0.0466] 
	x470: [ -0.4480,  -0.2480] 
	x471: [  0.2988,   0.4988] 
	x472: [  1.5112,   1.7112] 
	x473: [  3.4604,   3.6604] 
	x474: [  2.1085,   2.3085] 
	x475: [  0.4195,   0.6195] 
	x476: [ -2.3632,  -2.1632] 
	x477: [  1.5626,   1.7626] 
	x478: [  0.3405,   0.5405] 
	x479: [ -0.1448,   0.0552] 
	x480: [  1.6568,   1.8568] 
	x481: [  1.3324,   1.5324] 
	x482: [  0.3676,   0.5676] 
	x483: [  0.5072,   0.7072] 
	x484: [  3.0963,   3.2963] 
	x485: [ -2.1274,  -1.9274] 
	x486: [ -2.7663,  -2.5663] 
	x487: [ -2.4733,  -2.2733] 
	x488: [ -1.4734,  -1.2734] 
	x489: [ -0.3083,  -0.1083] 
	x490: [  3.7447,   3.9447] 
	x491: [  3.1149,   3.3149] 
	x492: [ -0.1749,   0.0251] 
	x493: [  1.1991,   1.3991] 
	x494: [  3.8198,   4.0198] 
	x495: [  3.9889,   4.1889] 
	x496: [ -0.3626,  -0.1626] 
	x497: [  1.0200,   1.2200] 
	x498: [  2.3725,   2.5725] 
	x499: [  1.1443,   1.3443] 
	x500: [ -0.5867,  -0.3867] 
	x501: [  0.5989,   0.7989] 
	x502: [  1.3614,   1.5614] 
	x503: [ -0.5167,  -0.3167] 
	x504: [ -1.1830,  -0.9830] 
	x505: [  1.4743,   1.6743] 
	x506: [  2.5084,   2.7084] 
	x507: [ -1.4273,  -1.2273] 
	x508: [  2.0135,   2.2135] 
	x509: [ -1.5477,  -1.3477] 
	x510: [ -1.5878,  -1.3878] 
	x511: [ -0.5689,  -0.3689] 

Branching heuristics set to PseudoImpact
unsat
