InputQuery: /home/levn/Workspace/othello_world/queries/head_prove_probe_robust/game_43_target_35_eps_0.1.txt
Engine::processInputQuery: Input query (before preprocessing): 510 equations, 1277 variables
Engine::processInputQuery: Input query (after preprocessing): 766 equations, 1453 variables

Input bounds:
	x0: [  3.0105,   3.2105] 
	x1: [  0.2220,   0.4220] 
	x2: [ -0.7563,  -0.5563] 
	x3: [  0.4930,   0.6930] 
	x4: [ -1.8429,  -1.6429] 
	x5: [ -0.2783,  -0.0783] 
	x6: [ -0.6955,  -0.4955] 
	x7: [ -1.4579,  -1.2579] 
	x8: [  1.2137,   1.4137] 
	x9: [  0.2121,   0.4121] 
	x10: [  1.9344,   2.1344] 
	x11: [ -3.7731,  -3.5731] 
	x12: [ -2.1578,  -1.9578] 
	x13: [ -0.1120,   0.0880] 
	x14: [  0.3962,   0.5962] 
	x15: [ -0.6011,  -0.4011] 
	x16: [ -1.6491,  -1.4491] 
	x17: [ -1.6978,  -1.4978] 
	x18: [ -2.7683,  -2.5683] 
	x19: [  2.5881,   2.7881] 
	x20: [ -1.1323,  -0.9323] 
	x21: [  0.4934,   0.6934] 
	x22: [ -0.5301,  -0.3301] 
	x23: [ -0.3318,  -0.1318] 
	x24: [ -1.4615,  -1.2615] 
	x25: [ -2.9816,  -2.7816] 
	x26: [ -0.4232,  -0.2232] 
	x27: [ -1.5469,  -1.3469] 
	x28: [  0.5544,   0.7544] 
	x29: [  0.9187,   1.1187] 
	x30: [  3.5945,   3.7945] 
	x31: [ -0.0595,   0.1405] 
	x32: [ -0.8981,  -0.6981] 
	x33: [ -0.7390,  -0.5390] 
	x34: [  0.9218,   1.1218] 
	x35: [  0.3308,   0.5308] 
	x36: [  1.3072,   1.5072] 
	x37: [  0.5947,   0.7947] 
	x38: [  1.0476,   1.2476] 
	x39: [  0.8034,   1.0034] 
	x40: [ -0.0009,   0.1991] 
	x41: [  1.4296,   1.6296] 
	x42: [ -0.8910,  -0.6910] 
	x43: [ -0.8662,  -0.6662] 
	x44: [  0.1453,   0.3453] 
	x45: [ -1.4383,  -1.2383] 
	x46: [  0.4727,   0.6727] 
	x47: [ -3.0815,  -2.8815] 
	x48: [ -0.2474,  -0.0474] 
	x49: [  2.0564,   2.2564] 
	x50: [  0.4117,   0.6117] 
	x51: [ -1.6147,  -1.4147] 
	x52: [  0.3345,   0.5345] 
	x53: [  1.7260,   1.9260] 
	x54: [ -1.5007,  -1.3007] 
	x55: [ -1.8610,  -1.6610] 
	x56: [ -0.2787,  -0.0787] 
	x57: [  2.7405,   2.9405] 
	x58: [  1.4809,   1.6809] 
	x59: [  4.0199,   4.2199] 
	x60: [  1.3722,   1.5722] 
	x61: [  3.4707,   3.6707] 
	x62: [ -1.0599,  -0.8599] 
	x63: [  1.1239,   1.3239] 
	x64: [ -0.7129,  -0.5129] 
	x65: [ -0.1276,   0.0724] 
	x66: [  0.5646,   0.7646] 
	x67: [  1.5288,   1.7288] 
	x68: [  1.0612,   1.2612] 
	x69: [ -1.8187,  -1.6187] 
	x70: [  1.2945,   1.4945] 
	x71: [ -0.5271,  -0.3271] 
	x72: [ -2.0641,  -1.8641] 
	x73: [  2.7741,   2.9741] 
	x74: [  0.1042,   0.3042] 
	x75: [  3.0783,   3.2783] 
	x76: [  0.8083,   1.0083] 
	x77: [  3.5300,   3.7300] 
	x78: [ -0.9145,  -0.7145] 
	x79: [  1.0359,   1.2359] 
	x80: [  1.6021,   1.8021] 
	x81: [ -0.0994,   0.1006] 
	x82: [  3.7217,   3.9217] 
	x83: [ -0.8056,  -0.6056] 
	x84: [ -1.7607,  -1.5607] 
	x85: [ -0.6976,  -0.4976] 
	x86: [  2.0538,   2.2538] 
	x87: [ -0.6889,  -0.4889] 
	x88: [  0.9849,   1.1849] 
	x89: [  1.6023,   1.8023] 
	x90: [  0.8084,   1.0084] 
	x91: [ -1.1161,  -0.9161] 
	x92: [ -1.0045,  -0.8045] 
	x93: [ -0.3446,  -0.1446] 
	x94: [  0.5533,   0.7533] 
	x95: [ -1.8014,  -1.6014] 
	x96: [  0.6639,   0.8639] 
	x97: [  3.7029,   3.9029] 
	x98: [  0.0342,   0.2342] 
	x99: [  1.2827,   1.4827] 
	x100: [  0.1525,   0.3525] 
	x101: [ -0.8174,  -0.6174] 
	x102: [  0.3726,   0.5726] 
	x103: [ -0.0679,   0.1321] 
	x104: [ -3.0929,  -2.8929] 
	x105: [ -0.5139,  -0.3139] 
	x106: [ -0.8706,  -0.6706] 
	x107: [  0.7625,   0.9625] 
	x108: [  1.9347,   2.1347] 
	x109: [ -3.6574,  -3.4574] 
	x110: [  0.3451,   0.5451] 
	x111: [ -1.3588,  -1.1588] 
	x112: [ -0.3540,  -0.1540] 
	x113: [ -1.3672,  -1.1672] 
	x114: [  0.0138,   0.2138] 
	x115: [ -0.1328,   0.0672] 
	x116: [ -1.8719,  -1.6719] 
	x117: [ -0.3235,  -0.1235] 
	x118: [ -1.2980,  -1.0980] 
	x119: [ -1.9316,  -1.7316] 
	x120: [ -1.4440,  -1.2440] 
	x121: [  3.2376,   3.4376] 
	x122: [ -1.5424,  -1.3424] 
	x123: [  2.6711,   2.8711] 
	x124: [ -2.1931,  -1.9931] 
	x125: [ -0.2416,  -0.0416] 
	x126: [  0.8384,   1.0384] 
	x127: [  0.9513,   1.1513] 
	x128: [  0.2796,   0.4796] 
	x129: [ -0.4056,  -0.2056] 
	x130: [ -1.3165,  -1.1165] 
	x131: [  1.8062,   2.0062] 
	x132: [ -1.4455,  -1.2455] 
	x133: [  1.9620,   2.1620] 
	x134: [  2.5215,   2.7215] 
	x135: [  1.8912,   2.0912] 
	x136: [ -0.5039,  -0.3039] 
	x137: [  1.4469,   1.6469] 
	x138: [ -1.6538,  -1.4538] 
	x139: [ -0.9902,  -0.7902] 
	x140: [  3.9108,   4.1108] 
	x141: [  1.5566,   1.7566] 
	x142: [ -0.2577,  -0.0577] 
	x143: [ -0.7234,  -0.5234] 
	x144: [ -1.2997,  -1.0997] 
	x145: [ -3.4217,  -3.2217] 
	x146: [ -2.0391,  -1.8391] 
	x147: [  1.2548,   1.4548] 
	x148: [  0.2566,   0.4566] 
	x149: [ -0.9477,  -0.7477] 
	x150: [  0.0084,   0.2084] 
	x151: [ -0.4157,  -0.2157] 
	x152: [ -0.0635,   0.1365] 
	x153: [  0.5993,   0.7993] 
	x154: [  1.4112,   1.6112] 
	x155: [ -2.9980,  -2.7980] 
	x156: [  0.3405,   0.5405] 
	x157: [ -2.6044,  -2.4044] 
	x158: [ -1.4839,  -1.2839] 
	x159: [ -0.5627,  -0.3627] 
	x160: [ -2.3485,  -2.1485] 
	x161: [  0.1995,   0.3995] 
	x162: [ -0.5965,  -0.3965] 
	x163: [  2.2871,   2.4871] 
	x164: [  1.1160,   1.3160] 
	x165: [ -1.7688,  -1.5688] 
	x166: [  3.2709,   3.4709] 
	x167: [  1.1644,   1.3644] 
	x168: [  1.9605,   2.1605] 
	x169: [ -0.0839,   0.1161] 
	x170: [ -0.8061,  -0.6061] 
	x171: [ -2.2543,  -2.0543] 
	x172: [  2.6803,   2.8803] 
	x173: [ -0.2192,  -0.0192] 
	x174: [  1.3268,   1.5268] 
	x175: [  0.1257,   0.3257] 
	x176: [  1.9648,   2.1648] 
	x177: [ -1.3000,  -1.1000] 
	x178: [  0.7093,   0.9093] 
	x179: [ -1.9568,  -1.7568] 
	x180: [ -1.0870,  -0.8870] 
	x181: [  1.9791,   2.1791] 
	x182: [ -1.0934,  -0.8934] 
	x183: [  1.0131,   1.2131] 
	x184: [  4.1829,   4.3829] 
	x185: [  1.5001,   1.7001] 
	x186: [  0.8342,   1.0342] 
	x187: [  0.3530,   0.5530] 
	x188: [ -1.5535,  -1.3535] 
	x189: [  0.8031,   1.0031] 
	x190: [ -1.3915,  -1.1915] 
	x191: [  1.9375,   2.1375] 
	x192: [  2.4031,   2.6031] 
	x193: [  0.0139,   0.2139] 
	x194: [  0.5121,   0.7121] 
	x195: [ -1.7019,  -1.5019] 
	x196: [ -0.0458,   0.1542] 
	x197: [ -3.0383,  -2.8383] 
	x198: [  0.6609,   0.8609] 
	x199: [ -1.5230,  -1.3230] 
	x200: [ -2.5957,  -2.3957] 
	x201: [ -0.5553,  -0.3553] 
	x202: [ -1.1807,  -0.9807] 
	x203: [ -0.3502,  -0.1502] 
	x204: [ -1.2737,  -1.0737] 
	x205: [  0.1166,   0.3166] 
	x206: [ -1.1459,  -0.9459] 
	x207: [ -0.0881,   0.1119] 
	x208: [  0.2368,   0.4368] 
	x209: [ -3.0341,  -2.8341] 
	x210: [  1.2958,   1.4958] 
	x211: [ -0.0274,   0.1726] 
	x212: [ -2.6737,  -2.4737] 
	x213: [  1.5535,   1.7535] 
	x214: [ -3.0463,  -2.8463] 
	x215: [ -2.9753,  -2.7753] 
	x216: [ -1.4014,  -1.2014] 
	x217: [  1.8031,   2.0031] 
	x218: [ -0.9248,  -0.7248] 
	x219: [ -0.6631,  -0.4631] 
	x220: [  1.6758,   1.8758] 
	x221: [  0.1303,   0.3303] 
	x222: [  0.2619,   0.4619] 
	x223: [ -1.9126,  -1.7126] 
	x224: [ -1.5807,  -1.3807] 
	x225: [  2.2245,   2.4245] 
	x226: [  1.6836,   1.8836] 
	x227: [ -2.3079,  -2.1079] 
	x228: [ -0.8790,  -0.6790] 
	x229: [ -0.5973,  -0.3973] 
	x230: [ -1.8223,  -1.6223] 
	x231: [ -2.0495,  -1.8495] 
	x232: [  0.0668,   0.2668] 
	x233: [  0.2110,   0.4110] 
	x234: [  0.3219,   0.5219] 
	x235: [ -1.6392,  -1.4392] 
	x236: [  2.5667,   2.7667] 
	x237: [ -0.3382,  -0.1382] 
	x238: [ -0.2986,  -0.0986] 
	x239: [  8.3624,   8.5624] 
	x240: [  0.1285,   0.3285] 
	x241: [ -3.8683,  -3.6683] 
	x242: [  1.7004,   1.9004] 
	x243: [ -0.7141,  -0.5141] 
	x244: [ -2.1580,  -1.9580] 
	x245: [ -0.8504,  -0.6504] 
	x246: [ -3.1306,  -2.9306] 
	x247: [ -1.3777,  -1.1777] 
	x248: [ -0.6399,  -0.4399] 
	x249: [  0.2832,   0.4832] 
	x250: [  0.5455,   0.7455] 
	x251: [ -0.4466,  -0.2466] 
	x252: [ -1.3752,  -1.1752] 
	x253: [  0.7260,   0.9260] 
	x254: [ -0.1478,   0.0522] 
	x255: [ -0.4287,  -0.2287] 
	x256: [  0.1039,   0.3039] 
	x257: [  0.7355,   0.9355] 
	x258: [ -0.6409,  -0.4409] 
	x259: [ -0.0446,   0.1554] 
	x260: [  2.5122,   2.7122] 
	x261: [  1.1342,   1.3342] 
	x262: [ -0.5682,  -0.3682] 
	x263: [ -2.0589,  -1.8589] 
	x264: [  1.7135,   1.9135] 
	x265: [  0.5674,   0.7674] 
	x266: [  0.7158,   0.9158] 
	x267: [ -1.2159,  -1.0159] 
	x268: [  1.1589,   1.3589] 
	x269: [ -2.0386,  -1.8386] 
	x270: [  1.2843,   1.4843] 
	x271: [  6.6459,   6.8459] 
	x272: [ -0.9818,  -0.7818] 
	x273: [  0.4834,   0.6834] 
	x274: [ -2.1889,  -1.9889] 
	x275: [ -0.0870,   0.1130] 
	x276: [  1.9945,   2.1945] 
	x277: [  1.6560,   1.8560] 
	x278: [  0.0659,   0.2659] 
	x279: [ -2.7674,  -2.5674] 
	x280: [ -2.8874,  -2.6874] 
	x281: [ -1.3221,  -1.1221] 
	x282: [ -0.3259,  -0.1259] 
	x283: [ -1.4713,  -1.2713] 
	x284: [  0.0988,   0.2988] 
	x285: [ -1.6942,  -1.4942] 
	x286: [  1.5374,   1.7374] 
	x287: [  0.5777,   0.7777] 
	x288: [  2.2651,   2.4651] 
	x289: [ -2.0553,  -1.8553] 
	x290: [ -1.9282,  -1.7282] 
	x291: [  2.4383,   2.6383] 
	x292: [ -0.8270,  -0.6270] 
	x293: [ -3.1682,  -2.9682] 
	x294: [  2.3064,   2.5064] 
	x295: [ -1.0365,  -0.8365] 
	x296: [  0.4119,   0.6119] 
	x297: [ -2.2027,  -2.0027] 
	x298: [ -7.1124,  -6.9124] 
	x299: [  0.1192,   0.3192] 
	x300: [ -0.8067,  -0.6067] 
	x301: [  0.2766,   0.4766] 
	x302: [  1.8035,   2.0035] 
	x303: [  0.8085,   1.0085] 
	x304: [  0.5142,   0.7142] 
	x305: [  0.0251,   0.2251] 
	x306: [  0.7284,   0.9284] 
	x307: [ -3.2285,  -3.0285] 
	x308: [  0.2424,   0.4424] 
	x309: [ -1.4975,  -1.2975] 
	x310: [ -0.4036,  -0.2036] 
	x311: [ -1.7684,  -1.5684] 
	x312: [  2.0196,   2.2196] 
	x313: [ -0.0147,   0.1853] 
	x314: [  3.0095,   3.2095] 
	x315: [ -0.7222,  -0.5222] 
	x316: [  0.8985,   1.0985] 
	x317: [  2.1739,   2.3739] 
	x318: [  0.8020,   1.0020] 
	x319: [  0.0963,   0.2963] 
	x320: [  0.4707,   0.6707] 
	x321: [ -1.3413,  -1.1413] 
	x322: [ -0.9643,  -0.7643] 
	x323: [ -1.3508,  -1.1508] 
	x324: [  1.0555,   1.2555] 
	x325: [  0.3889,   0.5889] 
	x326: [ -0.6481,  -0.4481] 
	x327: [ -0.2053,  -0.0053] 
	x328: [  1.5516,   1.7516] 
	x329: [ -0.5376,  -0.3376] 
	x330: [ -2.3305,  -2.1305] 
	x331: [  0.2155,   0.4155] 
	x332: [ -2.1532,  -1.9532] 
	x333: [ -0.2885,  -0.0885] 
	x334: [  0.1526,   0.3526] 
	x335: [ -1.3100,  -1.1100] 
	x336: [ -1.2203,  -1.0203] 
	x337: [  0.4785,   0.6785] 
	x338: [ -0.7388,  -0.5388] 
	x339: [ -1.4138,  -1.2138] 
	x340: [  1.0355,   1.2355] 
	x341: [  1.9074,   2.1074] 
	x342: [  0.5907,   0.7907] 
	x343: [ -0.5055,  -0.3055] 
	x344: [  1.8634,   2.0634] 
	x345: [ -2.3952,  -2.1952] 
	x346: [ -0.2225,  -0.0225] 
	x347: [ -0.4665,  -0.2665] 
	x348: [  1.6506,   1.8506] 
	x349: [ -1.3441,  -1.1441] 
	x350: [ -1.8616,  -1.6616] 
	x351: [ -1.9391,  -1.7391] 
	x352: [ -0.7278,  -0.5278] 
	x353: [  0.8069,   1.0069] 
	x354: [ -0.5447,  -0.3447] 
	x355: [ -0.0427,   0.1573] 
	x356: [  2.6797,   2.8797] 
	x357: [ -0.9567,  -0.7567] 
	x358: [  1.0606,   1.2606] 
	x359: [ -1.7720,  -1.5720] 
	x360: [  2.0331,   2.2331] 
	x361: [ -1.0085,  -0.8085] 
	x362: [ -0.6162,  -0.4162] 
	x363: [ -0.4341,  -0.2341] 
	x364: [  1.3845,   1.5845] 
	x365: [ -0.9172,  -0.7172] 
	x366: [ -2.8982,  -2.6982] 
	x367: [  0.5624,   0.7624] 
	x368: [  1.0614,   1.2614] 
	x369: [  4.5791,   4.7791] 
	x370: [  0.1112,   0.3112] 
	x371: [  0.5477,   0.7477] 
	x372: [  0.4073,   0.6073] 
	x373: [ -0.9616,  -0.7616] 
	x374: [  0.4538,   0.6538] 
	x375: [  0.4037,   0.6037] 
	x376: [  0.7210,   0.9210] 
	x377: [ -0.6677,  -0.4677] 
	x378: [  1.1298,   1.3298] 
	x379: [ -1.5794,  -1.3794] 
	x380: [  2.2301,   2.4301] 
	x381: [ -0.8292,  -0.6292] 
	x382: [  1.0458,   1.2458] 
	x383: [ -2.4596,  -2.2596] 
	x384: [ -0.8264,  -0.6264] 
	x385: [  0.5293,   0.7293] 
	x386: [ -1.9563,  -1.7563] 
	x387: [  1.1890,   1.3890] 
	x388: [  1.8585,   2.0585] 
	x389: [ -2.1655,  -1.9655] 
	x390: [  0.9276,   1.1276] 
	x391: [  2.6138,   2.8138] 
	x392: [ -0.4805,  -0.2805] 
	x393: [ -0.9649,  -0.7649] 
	x394: [  1.1933,   1.3933] 
	x395: [ -2.6261,  -2.4261] 
	x396: [ -0.6464,  -0.4464] 
	x397: [  0.0127,   0.2127] 
	x398: [  0.8734,   1.0734] 
	x399: [  1.1043,   1.3043] 
	x400: [  0.6306,   0.8306] 
	x401: [ -2.2813,  -2.0813] 
	x402: [ -2.1317,  -1.9317] 
	x403: [  2.7700,   2.9700] 
	x404: [ -2.1474,  -1.9474] 
	x405: [ -5.3932,  -5.1932] 
	x406: [  1.6004,   1.8004] 
	x407: [  2.1116,   2.3116] 
	x408: [ -0.4768,  -0.2768] 
	x409: [  0.5986,   0.7986] 
	x410: [ -1.6783,  -1.4783] 
	x411: [ -1.7233,  -1.5233] 
	x412: [  2.2534,   2.4534] 
	x413: [  1.2472,   1.4472] 
	x414: [  0.0819,   0.2819] 
	x415: [ -0.6202,  -0.4202] 
	x416: [ -3.4188,  -3.2188] 
	x417: [  0.9854,   1.1854] 
	x418: [ -3.0790,  -2.8790] 
	x419: [ -1.3453,  -1.1453] 
	x420: [  1.7899,   1.9899] 
	x421: [ -1.4713,  -1.2713] 
	x422: [  2.7660,   2.9660] 
	x423: [  0.3584,   0.5584] 
	x424: [ -0.5298,  -0.3298] 
	x425: [ -0.8113,  -0.6113] 
	x426: [ -1.2519,  -1.0519] 
	x427: [  2.1351,   2.3351] 
	x428: [ -1.2475,  -1.0475] 
	x429: [ -2.1160,  -1.9160] 
	x430: [ -0.0237,   0.1763] 
	x431: [  3.0199,   3.2199] 
	x432: [ -1.8516,  -1.6516] 
	x433: [ -3.7145,  -3.5145] 
	x434: [  2.2302,   2.4302] 
	x435: [  0.0876,   0.2876] 
	x436: [ -3.2961,  -3.0961] 
	x437: [ -1.9550,  -1.7550] 
	x438: [ -2.3315,  -2.1315] 
	x439: [ -1.6969,  -1.4969] 
	x440: [  0.0272,   0.2272] 
	x441: [ -0.4346,  -0.2346] 
	x442: [ -1.5739,  -1.3739] 
	x443: [  1.1772,   1.3772] 
	x444: [ -0.6043,  -0.4043] 
	x445: [ -1.4531,  -1.2531] 
	x446: [  1.8743,   2.0743] 
	x447: [ -1.2782,  -1.0782] 
	x448: [ -4.8516,  -4.6516] 
	x449: [ -2.0761,  -1.8761] 
	x450: [  2.5332,   2.7332] 
	x451: [ -2.2020,  -2.0020] 
	x452: [  0.4732,   0.6732] 
	x453: [  1.6488,   1.8488] 
	x454: [  1.1539,   1.3539] 
	x455: [ -3.3880,  -3.1880] 
	x456: [ -1.4057,  -1.2057] 
	x457: [ -1.2533,  -1.0533] 
	x458: [ -0.2786,  -0.0786] 
	x459: [  0.4301,   0.6301] 
	x460: [ -0.2164,  -0.0164] 
	x461: [  0.1843,   0.3843] 
	x462: [  1.0051,   1.2051] 
	x463: [  0.6956,   0.8956] 
	x464: [  1.3373,   1.5373] 
	x465: [ -0.4609,  -0.2609] 
	x466: [  0.5186,   0.7186] 
	x467: [ -4.4393,  -4.2393] 
	x468: [ -0.7720,  -0.5720] 
	x469: [  0.1919,   0.3919] 
	x470: [  2.0153,   2.2153] 
	x471: [ -1.7493,  -1.5493] 
	x472: [ -1.6380,  -1.4380] 
	x473: [ -2.3866,  -2.1866] 
	x474: [  0.8544,   1.0544] 
	x475: [  0.7073,   0.9073] 
	x476: [  0.3658,   0.5658] 
	x477: [ -0.4750,  -0.2750] 
	x478: [  1.2506,   1.4506] 
	x479: [ -0.3644,  -0.1644] 
	x480: [ -2.4831,  -2.2831] 
	x481: [  0.9994,   1.1994] 
	x482: [  0.5431,   0.7431] 
	x483: [ -1.3221,  -1.1221] 
	x484: [ -1.0230,  -0.8230] 
	x485: [ -3.3697,  -3.1697] 
	x486: [  4.8145,   5.0145] 
	x487: [  1.4958,   1.6958] 
	x488: [  0.7120,   0.9120] 
	x489: [ -1.8357,  -1.6357] 
	x490: [ -0.9884,  -0.7884] 
	x491: [  1.9936,   2.1936] 
	x492: [  0.2587,   0.4587] 
	x493: [  0.2829,   0.4829] 
	x494: [ -0.1799,   0.0201] 
	x495: [  1.4129,   1.6129] 
	x496: [ -0.9233,  -0.7233] 
	x497: [ -0.0430,   0.1570] 
	x498: [  0.2296,   0.4296] 
	x499: [ -0.7335,  -0.5335] 
	x500: [ -1.8780,  -1.6780] 
	x501: [ -1.4099,  -1.2099] 
	x502: [ -1.6704,  -1.4704] 
	x503: [  2.6836,   2.8836] 
	x504: [ -0.6045,  -0.4045] 
	x505: [  2.1466,   2.3466] 
	x506: [ -0.8378,  -0.6378] 
	x507: [ -0.3414,  -0.1414] 
	x508: [ -0.9580,  -0.7580] 
	x509: [ -0.0003,   0.1997] 
	x510: [ -0.2415,  -0.0415] 
	x511: [  0.4154,   0.6154] 

Branching heuristics set to PseudoImpact
unsat
