InputQuery: /home/levn/Workspace/othello_world/queries/head_prove_probe_robust/game_89_target_35_eps_0.1.txt
Engine::processInputQuery: Input query (before preprocessing): 510 equations, 1277 variables
Engine::processInputQuery: Input query (after preprocessing): 766 equations, 1435 variables

Input bounds:
	x0: [  2.0872,   2.2872] 
	x1: [ -1.8058,  -1.6058] 
	x2: [ -0.3132,  -0.1132] 
	x3: [  0.4652,   0.6652] 
	x4: [  1.6176,   1.8176] 
	x5: [  0.4913,   0.6913] 
	x6: [ -0.6774,  -0.4774] 
	x7: [ -1.7741,  -1.5741] 
	x8: [ -0.2736,  -0.0736] 
	x9: [  1.3427,   1.5427] 
	x10: [ -0.8028,  -0.6028] 
	x11: [  0.0555,   0.2555] 
	x12: [ -2.8616,  -2.6616] 
	x13: [ -0.3645,  -0.1645] 
	x14: [  1.0226,   1.2226] 
	x15: [  0.2037,   0.4037] 
	x16: [  0.8079,   1.0079] 
	x17: [ -0.9697,  -0.7697] 
	x18: [ -2.4793,  -2.2793] 
	x19: [ -5.5333,  -5.3333] 
	x20: [ -1.4742,  -1.2742] 
	x21: [  0.5991,   0.7991] 
	x22: [  0.0597,   0.2597] 
	x23: [  0.7987,   0.9987] 
	x24: [  0.3153,   0.5153] 
	x25: [  1.3930,   1.5930] 
	x26: [ -0.5789,  -0.3789] 
	x27: [ -4.3080,  -4.1080] 
	x28: [  0.5923,   0.7923] 
	x29: [  1.5126,   1.7126] 
	x30: [  0.2154,   0.4154] 
	x31: [  1.4136,   1.6136] 
	x32: [ -0.0807,   0.1193] 
	x33: [  1.4611,   1.6611] 
	x34: [  1.8973,   2.0973] 
	x35: [  0.7438,   0.9438] 
	x36: [ -0.1737,   0.0263] 
	x37: [  3.4628,   3.6628] 
	x38: [  2.4791,   2.6791] 
	x39: [  0.5135,   0.7135] 
	x40: [ -0.2135,  -0.0135] 
	x41: [ -1.2106,  -1.0106] 
	x42: [  0.6662,   0.8662] 
	x43: [ -0.4320,  -0.2320] 
	x44: [ -2.3624,  -2.1624] 
	x45: [  1.1970,   1.3970] 
	x46: [  1.6976,   1.8976] 
	x47: [ -1.5036,  -1.3036] 
	x48: [ -0.0666,   0.1334] 
	x49: [ -1.2023,  -1.0023] 
	x50: [ -0.3351,  -0.1351] 
	x51: [  1.0587,   1.2587] 
	x52: [  1.7414,   1.9414] 
	x53: [ -0.7006,  -0.5006] 
	x54: [  0.2834,   0.4834] 
	x55: [ -0.4909,  -0.2909] 
	x56: [ -0.6178,  -0.4178] 
	x57: [  1.6646,   1.8646] 
	x58: [ -2.6067,  -2.4067] 
	x59: [ -3.5408,  -3.3408] 
	x60: [  1.7172,   1.9172] 
	x61: [  1.0991,   1.2991] 
	x62: [  2.5145,   2.7145] 
	x63: [ -2.5264,  -2.3264] 
	x64: [  1.5371,   1.7371] 
	x65: [ -0.9872,  -0.7872] 
	x66: [ -1.2485,  -1.0485] 
	x67: [ -3.1667,  -2.9667] 
	x68: [ -1.3429,  -1.1429] 
	x69: [ -0.4222,  -0.2222] 
	x70: [  0.7135,   0.9135] 
	x71: [ -0.0175,   0.1825] 
	x72: [ -1.6360,  -1.4360] 
	x73: [  1.9962,   2.1962] 
	x74: [ -3.1056,  -2.9056] 
	x75: [ -3.4161,  -3.2161] 
	x76: [ -1.7331,  -1.5331] 
	x77: [ -1.0696,  -0.8696] 
	x78: [  1.6467,   1.8467] 
	x79: [ -1.8731,  -1.6731] 
	x80: [ -1.3391,  -1.1391] 
	x81: [ -0.9205,  -0.7205] 
	x82: [ -3.3923,  -3.1923] 
	x83: [  1.8008,   2.0008] 
	x84: [  0.8130,   1.0130] 
	x85: [ -1.3012,  -1.1012] 
	x86: [  0.1646,   0.3646] 
	x87: [ -2.1882,  -1.9882] 
	x88: [ -0.3105,  -0.1105] 
	x89: [  0.4918,   0.6918] 
	x90: [ -1.4150,  -1.2150] 
	x91: [ -0.5421,  -0.3421] 
	x92: [ -3.7627,  -3.5627] 
	x93: [  1.4080,   1.6080] 
	x94: [ -3.0442,  -2.8442] 
	x95: [  0.3134,   0.5134] 
	x96: [  0.1640,   0.3640] 
	x97: [  1.6551,   1.8551] 
	x98: [  0.1760,   0.3760] 
	x99: [  0.4698,   0.6698] 
	x100: [  0.5310,   0.7310] 
	x101: [  1.6288,   1.8288] 
	x102: [ -0.3055,  -0.1055] 
	x103: [  1.1887,   1.3887] 
	x104: [  0.3827,   0.5827] 
	x105: [ -1.3012,  -1.1012] 
	x106: [  2.1723,   2.3723] 
	x107: [  1.0713,   1.2713] 
	x108: [  2.0792,   2.2792] 
	x109: [ -0.1533,   0.0467] 
	x110: [ -0.2557,  -0.0557] 
	x111: [ -1.6118,  -1.4118] 
	x112: [  1.2980,   1.4980] 
	x113: [ -0.8367,  -0.6367] 
	x114: [  1.3884,   1.5884] 
	x115: [  1.2649,   1.4649] 
	x116: [  0.3102,   0.5102] 
	x117: [ -1.6953,  -1.4953] 
	x118: [ -0.2784,  -0.0784] 
	x119: [ -1.9071,  -1.7071] 
	x120: [  1.2001,   1.4001] 
	x121: [ -3.6553,  -3.4553] 
	x122: [  2.2528,   2.4528] 
	x123: [ -1.6794,  -1.4794] 
	x124: [  1.6631,   1.8631] 
	x125: [ -2.6941,  -2.4941] 
	x126: [ -1.7285,  -1.5285] 
	x127: [  0.6320,   0.8320] 
	x128: [ -0.6394,  -0.4394] 
	x129: [ -0.2385,  -0.0385] 
	x130: [  0.1719,   0.3719] 
	x131: [ -0.2072,  -0.0072] 
	x132: [  1.7434,   1.9434] 
	x133: [  2.0278,   2.2278] 
	x134: [  1.6228,   1.8228] 
	x135: [ -1.3989,  -1.1989] 
	x136: [ -0.5084,  -0.3084] 
	x137: [  0.9161,   1.1161] 
	x138: [ -0.6828,  -0.4828] 
	x139: [ -0.7827,  -0.5827] 
	x140: [  1.2549,   1.4549] 
	x141: [ -4.1820,  -3.9820] 
	x142: [  0.7995,   0.9995] 
	x143: [ -1.0171,  -0.8171] 
	x144: [ -0.2724,  -0.0724] 
	x145: [  2.6427,   2.8427] 
	x146: [ -2.5139,  -2.3139] 
	x147: [ -0.0740,   0.1260] 
	x148: [ -0.3937,  -0.1937] 
	x149: [ -1.1208,  -0.9208] 
	x150: [  0.6435,   0.8435] 
	x151: [  1.4860,   1.6860] 
	x152: [ -0.9356,  -0.7356] 
	x153: [ -2.6412,  -2.4412] 
	x154: [ -0.2715,  -0.0715] 
	x155: [ -0.9000,  -0.7000] 
	x156: [  0.6791,   0.8791] 
	x157: [  3.1835,   3.3835] 
	x158: [  5.0261,   5.2261] 
	x159: [ -3.1568,  -2.9568] 
	x160: [  0.0364,   0.2364] 
	x161: [ -0.3078,  -0.1078] 
	x162: [ -1.8748,  -1.6748] 
	x163: [ -2.2824,  -2.0824] 
	x164: [ -2.2616,  -2.0616] 
	x165: [ -1.8822,  -1.6822] 
	x166: [ -0.6433,  -0.4433] 
	x167: [  1.1234,   1.3234] 
	x168: [ -5.1551,  -4.9551] 
	x169: [ -1.4088,  -1.2088] 
	x170: [ -0.7562,  -0.5562] 
	x171: [  0.4355,   0.6355] 
	x172: [ -1.2031,  -1.0031] 
	x173: [  2.1862,   2.3862] 
	x174: [ -3.7343,  -3.5343] 
	x175: [  1.9637,   2.1637] 
	x176: [  1.0893,   1.2893] 
	x177: [ -1.6744,  -1.4744] 
	x178: [  1.3255,   1.5255] 
	x179: [ -1.3893,  -1.1893] 
	x180: [ -1.9680,  -1.7680] 
	x181: [  0.3553,   0.5553] 
	x182: [  2.1790,   2.3790] 
	x183: [ -0.3888,  -0.1888] 
	x184: [ -0.2778,  -0.0778] 
	x185: [ -4.7139,  -4.5139] 
	x186: [  0.5210,   0.7210] 
	x187: [ -2.4724,  -2.2724] 
	x188: [  2.2385,   2.4385] 
	x189: [ -1.9692,  -1.7692] 
	x190: [ -0.7942,  -0.5942] 
	x191: [ -2.0510,  -1.8510] 
	x192: [  1.2816,   1.4816] 
	x193: [ -0.5190,  -0.3190] 
	x194: [ -2.2593,  -2.0593] 
	x195: [ -1.8938,  -1.6938] 
	x196: [ -0.5656,  -0.3656] 
	x197: [ -1.5088,  -1.3088] 
	x198: [ -0.4177,  -0.2177] 
	x199: [  0.5569,   0.7569] 
	x200: [  4.0947,   4.2947] 
	x201: [  1.2968,   1.4968] 
	x202: [ -1.6694,  -1.4694] 
	x203: [ -0.2652,  -0.0652] 
	x204: [  1.4483,   1.6483] 
	x205: [ -0.8528,  -0.6528] 
	x206: [  0.7821,   0.9821] 
	x207: [ -0.0936,   0.1064] 
	x208: [ -2.2882,  -2.0882] 
	x209: [ -0.0154,   0.1846] 
	x210: [  1.8430,   2.0430] 
	x211: [  0.4391,   0.6391] 
	x212: [ -0.8374,  -0.6374] 
	x213: [ -0.4029,  -0.2029] 
	x214: [ -1.2919,  -1.0919] 
	x215: [  1.5018,   1.7018] 
	x216: [  0.2349,   0.4349] 
	x217: [ -0.4029,  -0.2029] 
	x218: [ -1.3475,  -1.1475] 
	x219: [  2.1767,   2.3767] 
	x220: [ -1.5019,  -1.3019] 
	x221: [  0.0541,   0.2541] 
	x222: [ -2.3732,  -2.1732] 
	x223: [ -1.9010,  -1.7010] 
	x224: [  0.6701,   0.8701] 
	x225: [  1.3196,   1.5196] 
	x226: [  3.0375,   3.2375] 
	x227: [  1.1208,   1.3208] 
	x228: [ -4.8662,  -4.6662] 
	x229: [  0.5949,   0.7949] 
	x230: [  0.3458,   0.5458] 
	x231: [  1.2418,   1.4418] 
	x232: [ -1.7194,  -1.5194] 
	x233: [ -3.0252,  -2.8252] 
	x234: [ -1.3913,  -1.1913] 
	x235: [ -0.1142,   0.0858] 
	x236: [  0.2814,   0.4814] 
	x237: [ -2.5249,  -2.3249] 
	x238: [ -0.0376,   0.1624] 
	x239: [ -1.4308,  -1.2308] 
	x240: [  0.9014,   1.1014] 
	x241: [  4.7659,   4.9659] 
	x242: [  0.0778,   0.2778] 
	x243: [  2.4109,   2.6109] 
	x244: [ -1.4381,  -1.2381] 
	x245: [ -0.3879,  -0.1879] 
	x246: [ -2.0243,  -1.8243] 
	x247: [ -2.8880,  -2.6880] 
	x248: [  0.2526,   0.4526] 
	x249: [  1.0997,   1.2997] 
	x250: [  1.5604,   1.7604] 
	x251: [  2.8009,   3.0009] 
	x252: [ -0.8526,  -0.6526] 
	x253: [ -0.2054,  -0.0054] 
	x254: [ -0.7589,  -0.5589] 
	x255: [ -1.5771,  -1.3771] 
	x256: [  0.1844,   0.3844] 
	x257: [  2.7750,   2.9750] 
	x258: [ -1.3458,  -1.1458] 
	x259: [  1.4515,   1.6515] 
	x260: [  4.1719,   4.3719] 
	x261: [  0.8377,   1.0377] 
	x262: [ -1.7188,  -1.5188] 
	x263: [  0.8056,   1.0056] 
	x264: [  0.6403,   0.8403] 
	x265: [  1.2205,   1.4205] 
	x266: [ -4.8303,  -4.6303] 
	x267: [  2.8273,   3.0273] 
	x268: [ -0.4728,  -0.2728] 
	x269: [ -3.2791,  -3.0791] 
	x270: [ -2.7256,  -2.5256] 
	x271: [ -1.4691,  -1.2691] 
	x272: [ -1.2026,  -1.0026] 
	x273: [  0.7532,   0.9532] 
	x274: [  1.3258,   1.5258] 
	x275: [  0.4462,   0.6462] 
	x276: [ -2.4686,  -2.2686] 
	x277: [ -2.3170,  -2.1170] 
	x278: [ -3.7630,  -3.5630] 
	x279: [  0.6030,   0.8030] 
	x280: [  3.0558,   3.2558] 
	x281: [ -2.3111,  -2.1111] 
	x282: [  1.1181,   1.3181] 
	x283: [  0.1298,   0.3298] 
	x284: [ -0.3247,  -0.1247] 
	x285: [  1.3067,   1.5067] 
	x286: [ -1.0853,  -0.8853] 
	x287: [ -0.7822,  -0.5822] 
	x288: [ -0.0266,   0.1734] 
	x289: [  0.9917,   1.1917] 
	x290: [ -0.8584,  -0.6584] 
	x291: [  1.7170,   1.9170] 
	x292: [ -0.0873,   0.1127] 
	x293: [ -1.5706,  -1.3706] 
	x294: [  1.3320,   1.5320] 
	x295: [  1.6877,   1.8877] 
	x296: [ -0.4525,  -0.2525] 
	x297: [  1.2021,   1.4021] 
	x298: [ -2.6512,  -2.4512] 
	x299: [  1.3119,   1.5119] 
	x300: [  1.4294,   1.6294] 
	x301: [ -2.6775,  -2.4775] 
	x302: [ -0.6089,  -0.4089] 
	x303: [ -0.5976,  -0.3976] 
	x304: [ -0.0142,   0.1858] 
	x305: [  1.8765,   2.0765] 
	x306: [ -2.5866,  -2.3866] 
	x307: [  0.6961,   0.8961] 
	x308: [ -2.3783,  -2.1783] 
	x309: [  0.2523,   0.4523] 
	x310: [ -0.7721,  -0.5721] 
	x311: [  3.4127,   3.6127] 
	x312: [  2.2369,   2.4369] 
	x313: [  0.2017,   0.4017] 
	x314: [  1.9198,   2.1198] 
	x315: [  1.0108,   1.2108] 
	x316: [ -1.8338,  -1.6338] 
	x317: [ -0.4032,  -0.2032] 
	x318: [  1.6547,   1.8547] 
	x319: [  2.7064,   2.9064] 
	x320: [  2.9159,   3.1159] 
	x321: [ -1.9907,  -1.7907] 
	x322: [ -3.8794,  -3.6794] 
	x323: [  2.3589,   2.5589] 
	x324: [  2.0661,   2.2661] 
	x325: [ -0.7702,  -0.5702] 
	x326: [ -0.4183,  -0.2183] 
	x327: [ -2.4517,  -2.2517] 
	x328: [ -1.9120,  -1.7120] 
	x329: [ -1.3298,  -1.1298] 
	x330: [ -4.1905,  -3.9905] 
	x331: [ -6.4989,  -6.2989] 
	x332: [  0.0936,   0.2936] 
	x333: [ -0.2108,  -0.0108] 
	x334: [  0.5852,   0.7852] 
	x335: [ -0.1096,   0.0904] 
	x336: [  1.0585,   1.2585] 
	x337: [ -0.9137,  -0.7137] 
	x338: [  0.9494,   1.1494] 
	x339: [  0.6147,   0.8147] 
	x340: [  2.7051,   2.9051] 
	x341: [  1.4081,   1.6081] 
	x342: [  1.2427,   1.4427] 
	x343: [  1.6771,   1.8771] 
	x344: [  1.0904,   1.2904] 
	x345: [  1.5508,   1.7508] 
	x346: [ -0.9951,  -0.7951] 
	x347: [  0.4810,   0.6810] 
	x348: [ -0.5685,  -0.3685] 
	x349: [  1.5144,   1.7144] 
	x350: [ -0.8002,  -0.6002] 
	x351: [  0.3785,   0.5785] 
	x352: [ -0.4810,  -0.2810] 
	x353: [ -1.3311,  -1.1311] 
	x354: [  0.9033,   1.1033] 
	x355: [  1.6470,   1.8470] 
	x356: [ -1.6296,  -1.4296] 
	x357: [  1.7843,   1.9843] 
	x358: [  1.3197,   1.5197] 
	x359: [  0.3303,   0.5303] 
	x360: [ -4.2281,  -4.0281] 
	x361: [  0.6561,   0.8561] 
	x362: [ -2.1585,  -1.9585] 
	x363: [  0.1617,   0.3617] 
	x364: [  1.8454,   2.0454] 
	x365: [  2.2158,   2.4158] 
	x366: [ -0.4413,  -0.2413] 
	x367: [  0.6417,   0.8417] 
	x368: [  0.6754,   0.8754] 
	x369: [ -2.8320,  -2.6320] 
	x370: [  1.1458,   1.3458] 
	x371: [ -1.7325,  -1.5325] 
	x372: [ -0.3240,  -0.1240] 
	x373: [ -0.4380,  -0.2380] 
	x374: [ -1.2773,  -1.0773] 
	x375: [ -1.4266,  -1.2266] 
	x376: [ -1.5251,  -1.3251] 
	x377: [  0.8152,   1.0152] 
	x378: [ -1.7693,  -1.5693] 
	x379: [  2.0307,   2.2307] 
	x380: [  1.5613,   1.7613] 
	x381: [  1.1821,   1.3821] 
	x382: [  1.4822,   1.6822] 
	x383: [  1.2744,   1.4744] 
	x384: [ -0.8166,  -0.6166] 
	x385: [  2.0745,   2.2745] 
	x386: [  4.1292,   4.3292] 
	x387: [ -1.6357,  -1.4357] 
	x388: [  1.8852,   2.0852] 
	x389: [ -0.1016,   0.0984] 
	x390: [ -1.0328,  -0.8328] 
	x391: [ -3.5158,  -3.3158] 
	x392: [  2.7295,   2.9295] 
	x393: [ -2.0693,  -1.8693] 
	x394: [ -0.7304,  -0.5304] 
	x395: [ -0.7252,  -0.5252] 
	x396: [  3.3197,   3.5197] 
	x397: [  1.3492,   1.5492] 
	x398: [ -0.0579,   0.1421] 
	x399: [ -0.4084,  -0.2084] 
	x400: [  2.9914,   3.1914] 
	x401: [ -1.2467,  -1.0467] 
	x402: [ -0.9690,  -0.7690] 
	x403: [  1.9946,   2.1946] 
	x404: [  0.5734,   0.7734] 
	x405: [ -0.5959,  -0.3959] 
	x406: [ -1.9310,  -1.7310] 
	x407: [  2.5406,   2.7406] 
	x408: [ -0.0925,   0.1075] 
	x409: [ -2.4874,  -2.2874] 
	x410: [  0.7740,   0.9740] 
	x411: [  0.5567,   0.7567] 
	x412: [ -2.1445,  -1.9445] 
	x413: [  0.7795,   0.9795] 
	x414: [ -1.6449,  -1.4449] 
	x415: [  1.8611,   2.0611] 
	x416: [  1.3514,   1.5514] 
	x417: [  2.0121,   2.2121] 
	x418: [ -1.6586,  -1.4586] 
	x419: [ -0.3404,  -0.1404] 
	x420: [ -1.0997,  -0.8997] 
	x421: [ -0.3526,  -0.1526] 
	x422: [  2.5472,   2.7472] 
	x423: [  0.3982,   0.5982] 
	x424: [ -2.4339,  -2.2339] 
	x425: [  1.7227,   1.9227] 
	x426: [  0.5502,   0.7502] 
	x427: [ -1.5124,  -1.3124] 
	x428: [ -2.0832,  -1.8832] 
	x429: [ -0.5248,  -0.3248] 
	x430: [  1.0063,   1.2063] 
	x431: [  1.2961,   1.4961] 
	x432: [  3.3345,   3.5345] 
	x433: [  0.5984,   0.7984] 
	x434: [  1.3337,   1.5337] 
	x435: [  0.5254,   0.7254] 
	x436: [  0.1765,   0.3765] 
	x437: [ -0.5222,  -0.3222] 
	x438: [  0.6486,   0.8486] 
	x439: [  1.5555,   1.7555] 
	x440: [  3.0485,   3.2485] 
	x441: [ -0.5919,  -0.3919] 
	x442: [  0.0158,   0.2158] 
	x443: [ -3.2864,  -3.0864] 
	x444: [  2.2489,   2.4489] 
	x445: [ -0.4732,  -0.2732] 
	x446: [ -1.6769,  -1.4769] 
	x447: [ -0.1544,   0.0456] 
	x448: [  0.7617,   0.9617] 
	x449: [  1.0014,   1.2014] 
	x450: [ -2.3456,  -2.1456] 
	x451: [ -0.5151,  -0.3151] 
	x452: [  1.5222,   1.7222] 
	x453: [ -3.1410,  -2.9410] 
	x454: [ -1.5461,  -1.3461] 
	x455: [ -0.2603,  -0.0603] 
	x456: [ -1.2079,  -1.0079] 
	x457: [  1.3248,   1.5248] 
	x458: [  0.3607,   0.5607] 
	x459: [  2.4160,   2.6160] 
	x460: [ -0.1798,   0.0202] 
	x461: [ -1.2560,  -1.0560] 
	x462: [ -0.4196,  -0.2196] 
	x463: [ -2.8653,  -2.6653] 
	x464: [  0.5601,   0.7601] 
	x465: [  2.2389,   2.4389] 
	x466: [ -0.6231,  -0.4231] 
	x467: [  2.1815,   2.3815] 
	x468: [ -0.8345,  -0.6345] 
	x469: [  0.3842,   0.5842] 
	x470: [ -0.3101,  -0.1101] 
	x471: [  2.7226,   2.9226] 
	x472: [  0.4294,   0.6294] 
	x473: [  2.0717,   2.2717] 
	x474: [ -2.3199,  -2.1199] 
	x475: [  1.4255,   1.6255] 
	x476: [ -2.0881,  -1.8881] 
	x477: [  0.3399,   0.5399] 
	x478: [ -1.6142,  -1.4142] 
	x479: [ -0.6311,  -0.4311] 
	x480: [  0.6497,   0.8497] 
	x481: [ -2.7610,  -2.5610] 
	x482: [ -1.1905,  -0.9905] 
	x483: [ -1.8245,  -1.6245] 
	x484: [  3.1360,   3.3360] 
	x485: [  0.2202,   0.4202] 
	x486: [ -1.2863,  -1.0863] 
	x487: [  1.2144,   1.4144] 
	x488: [  0.0281,   0.2281] 
	x489: [  1.9014,   2.1014] 
	x490: [ -0.3680,  -0.1680] 
	x491: [  1.2675,   1.4675] 
	x492: [ -0.3082,  -0.1082] 
	x493: [  1.1704,   1.3704] 
	x494: [  1.8398,   2.0398] 
	x495: [ -0.8794,  -0.6794] 
	x496: [ -1.8258,  -1.6258] 
	x497: [ -1.5571,  -1.3571] 
	x498: [  0.2009,   0.4009] 
	x499: [  1.8096,   2.0096] 
	x500: [  1.2445,   1.4445] 
	x501: [  1.0797,   1.2797] 
	x502: [  2.7491,   2.9491] 
	x503: [  1.6725,   1.8725] 
	x504: [  1.1754,   1.3754] 
	x505: [ -4.0073,  -3.8073] 
	x506: [ -1.5653,  -1.3653] 
	x507: [ -0.9230,  -0.7230] 
	x508: [  2.3748,   2.5748] 
	x509: [ -2.1223,  -1.9223] 
	x510: [ -1.7033,  -1.5033] 
	x511: [ -1.0018,  -0.8018] 

Branching heuristics set to PseudoImpact
unsat
