InputQuery: /home/levn/Workspace/othello_world/queries/head_prove_probe_robust/game_67_target_35_eps_0.1.txt
Engine::processInputQuery: Input query (before preprocessing): 510 equations, 1277 variables
Engine::processInputQuery: Input query (after preprocessing): 766 equations, 1434 variables

Input bounds:
	x0: [ -1.6536,  -1.4536] 
	x1: [ -2.4402,  -2.2402] 
	x2: [ -1.1721,  -0.9721] 
	x3: [  0.2041,   0.4041] 
	x4: [  2.6696,   2.8696] 
	x5: [ -2.1140,  -1.9140] 
	x6: [  3.5277,   3.7277] 
	x7: [  0.4659,   0.6659] 
	x8: [ -3.3616,  -3.1616] 
	x9: [  0.5642,   0.7642] 
	x10: [  1.7377,   1.9377] 
	x11: [  2.9306,   3.1306] 
	x12: [ -3.5944,  -3.3944] 
	x13: [ -0.8826,  -0.6826] 
	x14: [ -0.7578,  -0.5578] 
	x15: [ -1.7691,  -1.5691] 
	x16: [  1.1521,   1.3521] 
	x17: [ -0.2209,  -0.0209] 
	x18: [  1.1004,   1.3004] 
	x19: [  1.8417,   2.0417] 
	x20: [  2.3606,   2.5606] 
	x21: [  1.8478,   2.0478] 
	x22: [ -0.8824,  -0.6824] 
	x23: [  0.6987,   0.8987] 
	x24: [ -0.9205,  -0.7205] 
	x25: [  3.1070,   3.3070] 
	x26: [  3.5908,   3.7908] 
	x27: [ -1.5936,  -1.3936] 
	x28: [  0.5599,   0.7599] 
	x29: [ -0.2170,  -0.0170] 
	x30: [ -0.8797,  -0.6797] 
	x31: [  0.2964,   0.4964] 
	x32: [ -0.0444,   0.1556] 
	x33: [  2.5097,   2.7097] 
	x34: [ -2.1897,  -1.9897] 
	x35: [ -1.3127,  -1.1127] 
	x36: [  1.1968,   1.3968] 
	x37: [ -1.5946,  -1.3946] 
	x38: [  0.5943,   0.7943] 
	x39: [ -1.8160,  -1.6160] 
	x40: [  1.7256,   1.9256] 
	x41: [  0.6082,   0.8082] 
	x42: [ -0.1845,   0.0155] 
	x43: [ -1.6842,  -1.4842] 
	x44: [ -0.4778,  -0.2778] 
	x45: [ -1.5065,  -1.3065] 
	x46: [  0.3509,   0.5509] 
	x47: [  1.1495,   1.3495] 
	x48: [  1.4593,   1.6593] 
	x49: [ -1.0828,  -0.8828] 
	x50: [ -0.5854,  -0.3854] 
	x51: [ -1.0209,  -0.8209] 
	x52: [  1.0225,   1.2225] 
	x53: [  0.4671,   0.6671] 
	x54: [ -0.6079,  -0.4079] 
	x55: [  1.4973,   1.6973] 
	x56: [ -1.2661,  -1.0661] 
	x57: [  0.3929,   0.5929] 
	x58: [  0.7797,   0.9797] 
	x59: [ -0.2463,  -0.0463] 
	x60: [  0.7898,   0.9898] 
	x61: [  1.4255,   1.6255] 
	x62: [ -1.1537,  -0.9537] 
	x63: [  0.4622,   0.6622] 
	x64: [  0.2896,   0.4896] 
	x65: [ -1.2130,  -1.0130] 
	x66: [ -0.4891,  -0.2891] 
	x67: [ -0.2509,  -0.0509] 
	x68: [ -0.6716,  -0.4716] 
	x69: [  1.2907,   1.4907] 
	x70: [ -0.8074,  -0.6074] 
	x71: [ -0.2610,  -0.0610] 
	x72: [ -1.2608,  -1.0608] 
	x73: [ -1.4868,  -1.2868] 
	x74: [  0.1572,   0.3572] 
	x75: [ -2.0494,  -1.8494] 
	x76: [  0.3289,   0.5289] 
	x77: [ -0.9815,  -0.7815] 
	x78: [ -0.7630,  -0.5630] 
	x79: [  2.7244,   2.9244] 
	x80: [  0.3914,   0.5914] 
	x81: [  0.0824,   0.2824] 
	x82: [ -0.3374,  -0.1374] 
	x83: [ -2.6885,  -2.4885] 
	x84: [ -0.6940,  -0.4940] 
	x85: [  2.7592,   2.9592] 
	x86: [  1.3475,   1.5475] 
	x87: [  0.4120,   0.6120] 
	x88: [ -0.4900,  -0.2900] 
	x89: [ -0.0012,   0.1988] 
	x90: [  0.1886,   0.3886] 
	x91: [  1.1563,   1.3563] 
	x92: [ -2.9468,  -2.7468] 
	x93: [ -1.8031,  -1.6031] 
	x94: [  0.5398,   0.7398] 
	x95: [  3.4872,   3.6872] 
	x96: [  0.0706,   0.2706] 
	x97: [  0.4175,   0.6175] 
	x98: [ -0.9349,  -0.7349] 
	x99: [ -0.4179,  -0.2179] 
	x100: [  0.1114,   0.3114] 
	x101: [  1.2383,   1.4383] 
	x102: [  2.0842,   2.2842] 
	x103: [ -0.6609,  -0.4609] 
	x104: [  3.4404,   3.6404] 
	x105: [ -4.2021,  -4.0021] 
	x106: [ -1.3339,  -1.1339] 
	x107: [ -1.4234,  -1.2234] 
	x108: [ -1.1039,  -0.9039] 
	x109: [  2.2626,   2.4626] 
	x110: [  0.8484,   1.0484] 
	x111: [  0.1303,   0.3303] 
	x112: [ -0.1443,   0.0557] 
	x113: [  1.2027,   1.4027] 
	x114: [ -0.5670,  -0.3670] 
	x115: [ -5.2654,  -5.0654] 
	x116: [  2.2841,   2.4841] 
	x117: [ -2.6064,  -2.4064] 
	x118: [ -0.1954,   0.0046] 
	x119: [  0.5368,   0.7368] 
	x120: [ -0.8889,  -0.6889] 
	x121: [  0.6927,   0.8927] 
	x122: [  4.0414,   4.2414] 
	x123: [ -0.8221,  -0.6221] 
	x124: [ -0.7382,  -0.5382] 
	x125: [ -0.6236,  -0.4236] 
	x126: [  0.7087,   0.9087] 
	x127: [  1.7731,   1.9731] 
	x128: [  2.1326,   2.3326] 
	x129: [ -0.3964,  -0.1964] 
	x130: [  2.8988,   3.0988] 
	x131: [  0.5260,   0.7260] 
	x132: [ -1.0877,  -0.8877] 
	x133: [ -0.7684,  -0.5684] 
	x134: [ -0.2850,  -0.0850] 
	x135: [  0.2441,   0.4441] 
	x136: [  1.5752,   1.7752] 
	x137: [ -0.8767,  -0.6767] 
	x138: [ -1.4197,  -1.2197] 
	x139: [  0.8254,   1.0254] 
	x140: [  3.1251,   3.3250] 
	x141: [  2.1452,   2.3452] 
	x142: [  0.0132,   0.2132] 
	x143: [  0.0148,   0.2148] 
	x144: [ -0.8657,  -0.6657] 
	x145: [  2.5274,   2.7274] 
	x146: [  0.2706,   0.4706] 
	x147: [ -1.8085,  -1.6085] 
	x148: [ -0.7438,  -0.5438] 
	x149: [ -1.0319,  -0.8319] 
	x150: [  0.9700,   1.1700] 
	x151: [  3.8014,   4.0014] 
	x152: [  0.2031,   0.4031] 
	x153: [ -1.8433,  -1.6433] 
	x154: [  0.7225,   0.9225] 
	x155: [  0.0706,   0.2706] 
	x156: [  2.3616,   2.5616] 
	x157: [  1.4038,   1.6038] 
	x158: [ -8.4600,  -8.2600] 
	x159: [  1.3242,   1.5242] 
	x160: [ -3.5233,  -3.3233] 
	x161: [  2.1865,   2.3865] 
	x162: [  3.5409,   3.7409] 
	x163: [ -0.3272,  -0.1272] 
	x164: [ -1.6690,  -1.4690] 
	x165: [  0.0545,   0.2545] 
	x166: [ -1.7494,  -1.5494] 
	x167: [  1.5117,   1.7117] 
	x168: [ -1.4519,  -1.2519] 
	x169: [  0.5543,   0.7543] 
	x170: [  0.5082,   0.7082] 
	x171: [  0.1110,   0.3110] 
	x172: [  1.6910,   1.8910] 
	x173: [ -1.8595,  -1.6595] 
	x174: [  1.9137,   2.1137] 
	x175: [  0.0852,   0.2852] 
	x176: [ -2.8893,  -2.6893] 
	x177: [  3.0404,   3.2404] 
	x178: [ -1.5448,  -1.3448] 
	x179: [ -0.3612,  -0.1612] 
	x180: [ -1.2099,  -1.0099] 
	x181: [  0.2191,   0.4191] 
	x182: [  1.9773,   2.1773] 
	x183: [ -0.9662,  -0.7662] 
	x184: [ -2.4790,  -2.2790] 
	x185: [  1.2981,   1.4981] 
	x186: [  0.6275,   0.8275] 
	x187: [  0.2444,   0.4444] 
	x188: [  3.4086,   3.6086] 
	x189: [  0.0816,   0.2816] 
	x190: [  0.9793,   1.1793] 
	x191: [  1.4744,   1.6744] 
	x192: [  0.4773,   0.6773] 
	x193: [  0.4749,   0.6749] 
	x194: [  1.5719,   1.7719] 
	x195: [  2.7550,   2.9550] 
	x196: [  0.6978,   0.8978] 
	x197: [ -1.2011,  -1.0011] 
	x198: [ -0.2196,  -0.0196] 
	x199: [  1.9285,   2.1285] 
	x200: [  1.2465,   1.4465] 
	x201: [ -1.8697,  -1.6697] 
	x202: [ -0.4166,  -0.2166] 
	x203: [ -0.9249,  -0.7249] 
	x204: [ -0.8463,  -0.6463] 
	x205: [ -0.5515,  -0.3515] 
	x206: [ -0.6859,  -0.4859] 
	x207: [ -0.0975,   0.1025] 
	x208: [ -0.0978,   0.1022] 
	x209: [ -1.4138,  -1.2138] 
	x210: [ -2.8854,  -2.6854] 
	x211: [  0.1885,   0.3885] 
	x212: [ -1.0969,  -0.8969] 
	x213: [  2.9324,   3.1324] 
	x214: [  1.3197,   1.5197] 
	x215: [  1.5623,   1.7623] 
	x216: [ -0.6679,  -0.4679] 
	x217: [ -2.8935,  -2.6935] 
	x218: [  2.5033,   2.7033] 
	x219: [ -2.2054,  -2.0054] 
	x220: [ -0.4873,  -0.2873] 
	x221: [ -1.5567,  -1.3567] 
	x222: [ -0.7554,  -0.5554] 
	x223: [ -0.4358,  -0.2358] 
	x224: [  0.9300,   1.1300] 
	x225: [ -0.0378,   0.1622] 
	x226: [  2.0183,   2.2183] 
	x227: [ -2.4464,  -2.2464] 
	x228: [  1.9740,   2.1740] 
	x229: [  0.4476,   0.6476] 
	x230: [  5.5192,   5.7192] 
	x231: [  3.5308,   3.7308] 
	x232: [  1.9863,   2.1863] 
	x233: [  2.5451,   2.7451] 
	x234: [  0.4404,   0.6404] 
	x235: [ -0.0005,   0.1995] 
	x236: [ -0.6608,  -0.4608] 
	x237: [  0.4087,   0.6087] 
	x238: [ -0.2534,  -0.0534] 
	x239: [  1.7178,   1.9178] 
	x240: [ -2.2033,  -2.0033] 
	x241: [ -1.7163,  -1.5163] 
	x242: [ -1.7567,  -1.5567] 
	x243: [ -0.9925,  -0.7925] 
	x244: [  1.5151,   1.7151] 
	x245: [ -0.2687,  -0.0687] 
	x246: [ -1.2701,  -1.0701] 
	x247: [ -1.3201,  -1.1201] 
	x248: [ -3.1776,  -2.9776] 
	x249: [  1.5010,   1.7010] 
	x250: [ -0.5844,  -0.3844] 
	x251: [ -3.7398,  -3.5398] 
	x252: [ -2.0039,  -1.8039] 
	x253: [ -2.3614,  -2.1614] 
	x254: [ -2.0214,  -1.8214] 
	x255: [ -0.6858,  -0.4858] 
	x256: [ -0.0913,   0.1087] 
	x257: [ -0.0589,   0.1411] 
	x258: [ -2.8913,  -2.6913] 
	x259: [ -0.8363,  -0.6363] 
	x260: [ -0.8979,  -0.6979] 
	x261: [  0.9401,   1.1401] 
	x262: [ -2.4530,  -2.2530] 
	x263: [ -0.6364,  -0.4364] 
	x264: [  0.3399,   0.5399] 
	x265: [ -4.2081,  -4.0081] 
	x266: [  0.9677,   1.1677] 
	x267: [  0.0404,   0.2404] 
	x268: [ -1.2828,  -1.0828] 
	x269: [  0.1542,   0.3542] 
	x270: [  2.2238,   2.4238] 
	x271: [ -0.1225,   0.0775] 
	x272: [ -0.0997,   0.1003] 
	x273: [  1.9791,   2.1791] 
	x274: [  2.4795,   2.6795] 
	x275: [ -0.0208,   0.1792] 
	x276: [ -1.6581,  -1.4581] 
	x277: [  1.3642,   1.5642] 
	x278: [ -4.1419,  -3.9419] 
	x279: [  4.5023,   4.7023] 
	x280: [  1.8987,   2.0987] 
	x281: [ -4.9933,  -4.7933] 
	x282: [ -1.5969,  -1.3969] 
	x283: [ -0.3448,  -0.1448] 
	x284: [ -2.2083,  -2.0083] 
	x285: [ -1.1707,  -0.9707] 
	x286: [ -1.0554,  -0.8554] 
	x287: [  0.7604,   0.9604] 
	x288: [ -0.7954,  -0.5954] 
	x289: [  1.8618,   2.0618] 
	x290: [ -1.9520,  -1.7520] 
	x291: [ -0.4029,  -0.2029] 
	x292: [ -0.3582,  -0.1582] 
	x293: [  1.8072,   2.0072] 
	x294: [  1.4454,   1.6454] 
	x295: [  0.8693,   1.0693] 
	x296: [  2.0064,   2.2064] 
	x297: [ -0.0924,   0.1076] 
	x298: [ -5.1031,  -4.9031] 
	x299: [  1.9997,   2.1997] 
	x300: [  2.9406,   3.1406] 
	x301: [ -1.5085,  -1.3085] 
	x302: [  1.6567,   1.8567] 
	x303: [  0.3249,   0.5249] 
	x304: [  0.6251,   0.8251] 
	x305: [ -0.6078,  -0.4078] 
	x306: [  3.5014,   3.7014] 
	x307: [ -0.5522,  -0.3522] 
	x308: [ -1.9389,  -1.7389] 
	x309: [ -0.1716,   0.0284] 
	x310: [ -0.8448,  -0.6448] 
	x311: [ -0.2082,  -0.0082] 
	x312: [ -1.5198,  -1.3198] 
	x313: [ -0.3284,  -0.1284] 
	x314: [ -1.5344,  -1.3344] 
	x315: [ -1.6506,  -1.4506] 
	x316: [  1.0261,   1.2261] 
	x317: [ -3.7040,  -3.5040] 
	x318: [  0.8888,   1.0888] 
	x319: [ -1.4799,  -1.2799] 
	x320: [  1.9133,   2.1133] 
	x321: [ -0.8131,  -0.6131] 
	x322: [ -0.0573,   0.1427] 
	x323: [  1.4007,   1.6007] 
	x324: [ -0.5086,  -0.3086] 
	x325: [ -2.1404,  -1.9404] 
	x326: [ -0.1856,   0.0144] 
	x327: [  0.4062,   0.6062] 
	x328: [  1.3033,   1.5033] 
	x329: [  0.8578,   1.0578] 
	x330: [  1.4890,   1.6890] 
	x331: [ -1.7214,  -1.5214] 
	x332: [ -0.7643,  -0.5643] 
	x333: [ -0.5782,  -0.3782] 
	x334: [  0.9470,   1.1470] 
	x335: [ -1.4931,  -1.2931] 
	x336: [ -0.2914,  -0.0914] 
	x337: [ -2.0512,  -1.8512] 
	x338: [ -0.9522,  -0.7522] 
	x339: [  0.9029,   1.1029] 
	x340: [  1.0783,   1.2783] 
	x341: [  1.3344,   1.5344] 
	x342: [  0.1779,   0.3779] 
	x343: [  1.0128,   1.2128] 
	x344: [  2.7984,   2.9984] 
	x345: [ -1.4077,  -1.2077] 
	x346: [  1.8785,   2.0785] 
	x347: [ -0.9491,  -0.7491] 
	x348: [ -1.5904,  -1.3904] 
	x349: [  2.9686,   3.1686] 
	x350: [ -0.9525,  -0.7525] 
	x351: [  1.0792,   1.2792] 
	x352: [ -1.4638,  -1.2638] 
	x353: [  0.6029,   0.8029] 
	x354: [ -1.1164,  -0.9164] 
	x355: [  1.2523,   1.4523] 
	x356: [ -0.3582,  -0.1582] 
	x357: [  0.1294,   0.3294] 
	x358: [  1.7599,   1.9599] 
	x359: [  0.9800,   1.1800] 
	x360: [  0.1898,   0.3898] 
	x361: [ -1.2624,  -1.0624] 
	x362: [ -2.9453,  -2.7453] 
	x363: [ -2.7146,  -2.5146] 
	x364: [  0.2037,   0.4037] 
	x365: [  1.4655,   1.6655] 
	x366: [ -2.6697,  -2.4697] 
	x367: [  2.8004,   3.0004] 
	x368: [ -2.9945,  -2.7945] 
	x369: [  2.1812,   2.3812] 
	x370: [ -1.0472,  -0.8472] 
	x371: [ -0.3009,  -0.1009] 
	x372: [  3.3433,   3.5433] 
	x373: [  2.1331,   2.3331] 
	x374: [ -3.9064,  -3.7064] 
	x375: [ -0.6585,  -0.4585] 
	x376: [ -1.7100,  -1.5100] 
	x377: [ -2.3368,  -2.1368] 
	x378: [  1.4251,   1.6251] 
	x379: [ -2.2333,  -2.0333] 
	x380: [  2.2026,   2.4026] 
	x381: [  0.9143,   1.1143] 
	x382: [ -4.2637,  -4.0637] 
	x383: [  2.4729,   2.6729] 
	x384: [ -2.5239,  -2.3239] 
	x385: [  1.4998,   1.6998] 
	x386: [ -1.2486,  -1.0486] 
	x387: [  0.4655,   0.6655] 
	x388: [ -2.9878,  -2.7878] 
	x389: [ -2.0425,  -1.8425] 
	x390: [ -1.0372,  -0.8372] 
	x391: [ -1.4785,  -1.2785] 
	x392: [  1.4621,   1.6621] 
	x393: [  0.7907,   0.9907] 
	x394: [ -0.8133,  -0.6133] 
	x395: [ -2.0950,  -1.8950] 
	x396: [  1.8176,   2.0176] 
	x397: [ -2.8410,  -2.6410] 
	x398: [ -1.7024,  -1.5024] 
	x399: [ -0.9607,  -0.7607] 
	x400: [  2.0278,   2.2278] 
	x401: [  0.5291,   0.7291] 
	x402: [ -1.0932,  -0.8932] 
	x403: [ -4.0848,  -3.8848] 
	x404: [ -0.7081,  -0.5081] 
	x405: [ -0.1920,   0.0080] 
	x406: [ -0.9196,  -0.7196] 
	x407: [ -0.4698,  -0.2698] 
	x408: [  0.4977,   0.6977] 
	x409: [ -1.5557,  -1.3557] 
	x410: [ -5.0568,  -4.8568] 
	x411: [  0.8584,   1.0584] 
	x412: [  1.0088,   1.2088] 
	x413: [ -3.1718,  -2.9718] 
	x414: [ -0.0273,   0.1727] 
	x415: [  1.2561,   1.4561] 
	x416: [ -0.9336,  -0.7336] 
	x417: [ -1.7372,  -1.5372] 
	x418: [ -1.1008,  -0.9008] 
	x419: [  0.2984,   0.4984] 
	x420: [ -0.9415,  -0.7415] 
	x421: [ -0.2795,  -0.0795] 
	x422: [ -0.2370,  -0.0370] 
	x423: [  0.1995,   0.3995] 
	x424: [  0.6633,   0.8633] 
	x425: [  1.9891,   2.1891] 
	x426: [  1.7788,   1.9788] 
	x427: [ -0.3418,  -0.1418] 
	x428: [  0.5347,   0.7347] 
	x429: [  1.2991,   1.4991] 
	x430: [ -0.9858,  -0.7858] 
	x431: [  0.5210,   0.7210] 
	x432: [  1.2369,   1.4369] 
	x433: [ -0.1604,   0.0396] 
	x434: [  0.1122,   0.3122] 
	x435: [  1.1639,   1.3639] 
	x436: [  3.6509,   3.8509] 
	x437: [ -0.9820,  -0.7820] 
	x438: [  0.3904,   0.5904] 
	x439: [ -2.4307,  -2.2307] 
	x440: [ -1.4496,  -1.2496] 
	x441: [ -0.0524,   0.1476] 
	x442: [  0.4089,   0.6089] 
	x443: [ -0.6595,  -0.4595] 
	x444: [ -0.3518,  -0.1518] 
	x445: [  1.6454,   1.8454] 
	x446: [ -1.1984,  -0.9984] 
	x447: [  0.9338,   1.1338] 
	x448: [ -2.4508,  -2.2508] 
	x449: [ -1.2565,  -1.0565] 
	x450: [ -3.0729,  -2.8729] 
	x451: [ -0.1390,   0.0610] 
	x452: [ -1.6678,  -1.4678] 
	x453: [  0.0107,   0.2107] 
	x454: [ -2.4692,  -2.2692] 
	x455: [ -1.0454,  -0.8454] 
	x456: [ -1.5121,  -1.3121] 
	x457: [ -1.5255,  -1.3255] 
	x458: [ -1.0465,  -0.8465] 
	x459: [ -2.3373,  -2.1373] 
	x460: [ -0.1646,   0.0354] 
	x461: [  2.5487,   2.7487] 
	x462: [  1.3657,   1.5657] 
	x463: [ -2.1742,  -1.9742] 
	x464: [ -1.1320,  -0.9320] 
	x465: [ -0.5286,  -0.3286] 
	x466: [  1.8043,   2.0043] 
	x467: [ -3.5263,  -3.3263] 
	x468: [ -0.1231,   0.0769] 
	x469: [  1.8402,   2.0402] 
	x470: [ -3.1816,  -2.9816] 
	x471: [ -0.2252,  -0.0252] 
	x472: [  1.0095,   1.2095] 
	x473: [  0.4009,   0.6009] 
	x474: [ -1.7555,  -1.5555] 
	x475: [ -0.8266,  -0.6266] 
	x476: [  0.0040,   0.2040] 
	x477: [  2.8505,   3.0505] 
	x478: [  0.6045,   0.8045] 
	x479: [ -0.3861,  -0.1861] 
	x480: [  0.5385,   0.7385] 
	x481: [ -0.6973,  -0.4973] 
	x482: [  1.5497,   1.7497] 
	x483: [ -1.4283,  -1.2283] 
	x484: [ -0.6685,  -0.4685] 
	x485: [ -2.1103,  -1.9103] 
	x486: [  1.4498,   1.6498] 
	x487: [  1.6085,   1.8085] 
	x488: [  0.0877,   0.2877] 
	x489: [  0.5955,   0.7955] 
	x490: [ -0.6242,  -0.4242] 
	x491: [  1.1535,   1.3535] 
	x492: [ -0.2259,  -0.0259] 
	x493: [  0.8167,   1.0167] 
	x494: [ -0.9464,  -0.7464] 
	x495: [  0.8417,   1.0417] 
	x496: [  0.1671,   0.3671] 
	x497: [ -0.8885,  -0.6885] 
	x498: [  0.9374,   1.1374] 
	x499: [ -0.0984,   0.1016] 
	x500: [ -0.6690,  -0.4690] 
	x501: [  0.6621,   0.8621] 
	x502: [ -3.5465,  -3.3465] 
	x503: [ -0.1897,   0.0103] 
	x504: [ -4.1729,  -3.9729] 
	x505: [  0.3509,   0.5509] 
	x506: [  2.0032,   2.2032] 
	x507: [  0.3300,   0.5300] 
	x508: [  1.4908,   1.6908] 
	x509: [  0.8990,   1.0990] 
	x510: [ -1.6057,  -1.4057] 
	x511: [ -0.2083,  -0.0083] 

Branching heuristics set to PseudoImpact

Engine::solve: Initial statistics

02:25:57 Statistics update:
	--- Time Statistics ---
	Total time elapsed: 1437 milli (00:00:01)
		Main loop: 0 milli (00:00:00)
		Preprocessing time: 416 milli (00:00:00)
		Unknown: 1020 milli (00:00:01)
	Breakdown for main loop:
		[0.00%] Simplex steps: 0 milli
		[0.00%] Explicit-basis bound tightening: 0 milli
		[0.00%] Constraint-matrix bound tightening: 0 milli
		[0.00%] Degradation checking: 0 milli
		[0.00%] Precision restoration: 0 milli
		[0.00%] Statistics handling: 0 milli
		[0.00%] Constraint-fixing steps: 0 milli
		[0.00%] Valid case splits: 0 milli. Average per split: 0.00 milli
		[0.00%] Applying stored bound-tightening: 0 milli
		[0.00%] SMT core: 0 milli
		[0.00%] Symbolic Bound Tightening: 20 milli
		[0.00%] SoI-based local search: 0 milli
		[0.00%] SoI-based local search: 0 milli
		[0.00%] Unaccounted for: 0 milli
	--- Preprocessor Statistics ---
	Number of preprocessor bound-tightening loop iterations: 3
	Number of eliminated variables: 100
	Number of constraints removed due to variable elimination: 100
	Number of equations removed due to variable elimination: 0
	--- Engine Statistics ---
	Number of main loop iterations: 1
		0 iterations were simplex steps. Total time: 0 milli. Average: 0.00 milli.
		0 iterations were constraint-fixing steps. Total time: 0 milli. Average: 0.00 milli
	Number of active piecewise-linear constraints: 156 / 156
		Constraints disabled by valid splits: 0. By SMT-originated splits: 0
	Last reported degradation: 0.0000000000. Max degradation so far: 0.0000000000. Restorations so far: 0
	Number of simplex pivots we attempted to skip because of instability: 0.
	Unstable pivots performed anyway: 0
	--- Tableau Statistics ---
	Total number of pivots performed: 0
		Real pivots: 0. Degenerate: 0 (0.00%)
		Degenerate pivots by request (e.g., to fix a PL constraint): 0 (0.00%)
		Average time per pivot: 0.00 milli
	Total number of fake pivots performed: 0
	Total number of rows added: 0. Number of merged columns: 0
	Current tableau dimensions: M = 766, N = 2200
	--- SMT Core Statistics ---
	Total depth is 0. Total visited states: 1. Number of splits: 0. Number of pops: 0
	Max stack depth: 0
	--- Bound Tightening Statistics ---
	Number of tightened bounds: 0.
		Number of rows examined by row tightener: 0. Consequent tightenings: 0
		Number of explicit basis matrices examined by row tightener: 0. Consequent tightenings: 0
		Number of bound tightening rounds on the entire constraint matrix: 0. Consequent tightenings: 0
		Number of bound notifications sent to PL constraints: 936. Tightenings proposed: 0
	--- Basis Factorization statistics ---
	Number of basis refactorizations: 2
	--- Projected Steepest Edge Statistics ---
	Number of iterations: 0.
	Number of resets to reference space: 1. Avg. iterations per reset: 0
	--- SBT ---
	Number of tightened bounds: 385
	--- SoI-based local search ---
	Number of proposed phase pattern update: 0. Number of accepted update: 0 [0.00%]
	Total time (% of local search time) updating SoI phase pattern : 0 milli [0.00%]
	Total time obtaining current assignment: 0 milli [0.00%]
	Total time getting SoI phase pattern : 0 milli [0.00%]
	--- Context dependent statistics ---
	Number of pushes / pops: 0 / 0
		[0.00%] Pre-Push hook: 0 milli
		[0.00%] Push : 0 milli
		[0.00%] Post-Pop hook: 0 milli
		[0.00%] Pop : 0 milli
		[0.00%] Total context-switching time: 0 milli
	--- Proof Certificate ---
	Number of certified leaves: 0
	Number of leaves to delegate: 0

---

Engine::solve: sat assignment found

02:26:21 Statistics update:
	--- Time Statistics ---
	Total time elapsed: 25236 milli (00:00:25)
		Main loop: 23798 milli (00:00:23)
		Preprocessing time: 416 milli (00:00:00)
		Unknown: 1021 milli (00:00:01)
	Breakdown for main loop:
		[41.01%] Simplex steps: 9761 milli
		[58.39%] Explicit-basis bound tightening: 13897 milli
		[0.00%] Constraint-matrix bound tightening: 0 milli
		[0.18%] Degradation checking: 43 milli
		[0.00%] Precision restoration: 0 milli
		[0.08%] Statistics handling: 19 milli
		[0.00%] Constraint-fixing steps: 0 milli
		[0.00%] Valid case splits: 0 milli. Average per split: 0.00 milli
		[0.00%] Applying stored bound-tightening: 0 milli
		[0.00%] SMT core: 0 milli
		[0.23%] Symbolic Bound Tightening: 54 milli
		[13.19%] SoI-based local search: 3139 milli
		[0.00%] SoI-based local search: 0 milli
		[0.10%] Unaccounted for: 23 milli
	--- Preprocessor Statistics ---
	Number of preprocessor bound-tightening loop iterations: 3
	Number of eliminated variables: 100
	Number of constraints removed due to variable elimination: 100
	Number of equations removed due to variable elimination: 0
	--- Engine Statistics ---
	Number of main loop iterations: 656
		654 iterations were simplex steps. Total time: 9761 milli. Average: 14.93 milli.
		0 iterations were constraint-fixing steps. Total time: 0 milli. Average: 0.00 milli
	Number of active piecewise-linear constraints: 156 / 156
		Constraints disabled by valid splits: 0. By SMT-originated splits: 0
	Last reported degradation: 0.0000004905. Max degradation so far: 0.0000000000. Restorations so far: 0
	Number of simplex pivots we attempted to skip because of instability: 0.
	Unstable pivots performed anyway: 0
	--- Tableau Statistics ---
	Total number of pivots performed: 641
		Real pivots: 641. Degenerate: 0 (0.00%)
		Degenerate pivots by request (e.g., to fix a PL constraint): 0 (0.00%)
		Average time per pivot: 1.43 milli
	Total number of fake pivots performed: 11
	Total number of rows added: 0. Number of merged columns: 0
	Current tableau dimensions: M = 766, N = 2200
	--- SMT Core Statistics ---
	Total depth is 0. Total visited states: 1. Number of splits: 0. Number of pops: 0
	Max stack depth: 0
	--- Bound Tightening Statistics ---
	Number of tightened bounds: 0.
		Number of rows examined by row tightener: 641. Consequent tightenings: 0
		Number of explicit basis matrices examined by row tightener: 5. Consequent tightenings: 288
		Number of bound tightening rounds on the entire constraint matrix: 0. Consequent tightenings: 0
		Number of bound notifications sent to PL constraints: 1872. Tightenings proposed: 0
	--- Basis Factorization statistics ---
	Number of basis refactorizations: 7
	--- Projected Steepest Edge Statistics ---
	Number of iterations: 652.
	Number of resets to reference space: 1. Avg. iterations per reset: 652
	--- SBT ---
	Number of tightened bounds: 385
	--- SoI-based local search ---
	Number of proposed phase pattern update: 0. Number of accepted update: 1 [0.00%]
	Total time (% of local search time) updating SoI phase pattern : 1130 milli [0.04%]
	Total time obtaining current assignment: 584 milli [0.02%]
	Total time getting SoI phase pattern : 161 milli [0.00%]
	--- Context dependent statistics ---
	Number of pushes / pops: 0 / 0
		[0.00%] Pre-Push hook: 0 milli
		[0.00%] Push : 0 milli
		[0.00%] Post-Pop hook: 0 milli
		[0.00%] Pop : 0 milli
		[0.00%] Total context-switching time: 0 milli
	--- Proof Certificate ---
	Number of certified leaves: 0
	Number of leaves to delegate: 0
sat
Input assignment:
	x0 = -1.453601
	x1 = -2.240238
	x2 = -0.972092
	x3 = 0.204057
	x4 = 2.669594
	x5 = -2.113972
	x6 = 3.727667
	x7 = 0.665857
	x8 = -3.361639
	x9 = 0.764210
	x10 = 1.937662
	x11 = 2.930550
	x12 = -3.594426
	x13 = -0.682554
	x14 = -0.557849
	x15 = -1.769086
	x16 = 1.152066
	x17 = -0.220870
	x18 = 1.300365
	x19 = 1.841726
	x20 = 2.360563
	x21 = 2.047832
	x22 = -0.682385
	x23 = 0.698673
	x24 = -0.841653
	x25 = 3.107023
	x26 = 3.590819
	x27 = -1.393625
	x28 = 0.759901
	x29 = -0.180070
	x30 = -0.879722
	x31 = 0.496372
	x32 = -0.044363
	x33 = 2.509654
	x34 = -1.989675
	x35 = -1.312673
	x36 = 1.396829
	x37 = -1.394647
	x38 = 0.594320
	x39 = -1.815952
	x40 = 1.925557
	x41 = 0.608161
	x42 = 0.015505
	x43 = -1.684157
	x44 = -0.477763
	x45 = -1.506484
	x46 = 0.550878
	x47 = 1.149503
	x48 = 1.659321
	x49 = -0.882846
	x50 = -0.385351
	x51 = -0.820872
	x52 = 1.022527
	x53 = 0.667089
	x54 = -0.607877
	x55 = 1.697288
	x56 = -1.139551
	x57 = 0.592850
	x58 = 0.779669
	x59 = -0.246348
	x60 = 0.989805
	x61 = 1.625453
	x62 = -1.153686
	x63 = 0.462188
	x64 = 0.370301
	x65 = -1.212964
	x66 = -0.289102
	x67 = -0.050912
	x68 = -0.471582
	x69 = 1.490692
	x70 = -0.807393
	x71 = -0.060996
	x72 = -1.260816
	x73 = -1.286816
	x74 = 0.357220
	x75 = -2.049423
	x76 = 0.528859
	x77 = -0.981548
	x78 = -0.562987
	x79 = 2.724354
	x80 = 0.391434
	x81 = 0.282416
	x82 = -0.137431
	x83 = -2.488486
	x84 = -0.493991
	x85 = 2.759233
	x86 = 1.547528
	x87 = 0.612014
	x88 = -0.489986
	x89 = -0.001195
	x90 = 0.388606
	x91 = 1.156330
	x92 = -2.946848
	x93 = -1.603074
	x94 = 0.739781
	x95 = 3.687232
	x96 = 0.070561
	x97 = 0.617546
	x98 = -0.734946
	x99 = -0.417879
	x100 = 0.311420
	x101 = 1.255882
	x102 = 2.284192
	x103 = -0.460855
	x104 = 3.640385
	x105 = -4.002085
	x106 = -1.133949
	x107 = -1.423361
	x108 = -0.903915
	x109 = 2.262631
	x110 = 0.848368
	x111 = 0.330347
	x112 = 0.055733
	x113 = 1.402671
	x114 = -0.566981
	x115 = -5.065379
	x116 = 2.484067
	x117 = -2.406385
	x118 = 0.004592
	x119 = 0.536821
	x120 = -0.888884
	x121 = 0.692663
	x122 = 4.041438
	x123 = -0.822109
	x124 = -0.538159
	x125 = -0.423613
	x126 = 0.908703
	x127 = 1.773141
	x128 = 2.332613
	x129 = -0.196352
	x130 = 2.898801
	x131 = 0.725975
	x132 = -0.887653
	x133 = -0.768441
	x134 = -0.284984
	x135 = 0.444077
	x136 = 1.775207
	x137 = -0.876664
	x138 = -1.419726
	x139 = 1.025429
	x140 = 3.325050
	x141 = 2.345182
	x142 = 0.013204
	x143 = 0.014767
	x144 = -0.665718
	x145 = 2.727362
	x146 = 0.470582
	x147 = -1.808521
	x148 = -0.743841
	x149 = -1.031943
	x150 = 1.169982
	x151 = 3.801379
	x152 = 0.403111
	x153 = -1.843331
	x154 = 0.722499
	x155 = 0.270558
	x156 = 2.561582
	x157 = 1.403818
	x158 = -8.260041
	x159 = 1.524158
	x160 = -3.523330
	x161 = 2.386507
	x162 = 3.540906
	x163 = -0.327211
	x164 = -1.468978
	x165 = 0.254465
	x166 = -1.549374
	x167 = 1.511723
	x168 = -1.251899
	x169 = 0.754297
	x170 = 0.708164
	x171 = 0.111040
	x172 = 1.690985
	x173 = -1.859519
	x174 = 1.913676
	x175 = 0.085231
	x176 = -2.889334
	x177 = 3.040376
	x178 = -1.544831
	x179 = -0.361220
	x180 = -1.209868
	x181 = 0.219050
	x182 = 1.977284
	x183 = -0.766181
	x184 = -2.278979
	x185 = 1.298061
	x186 = 0.627464
	x187 = 0.244351
	x188 = 3.608583
	x189 = 0.081627
	x190 = 0.979264
	x191 = 1.674425
	x192 = 0.677270
	x193 = 0.674923
	x194 = 1.571871
	x195 = 2.954999
	x196 = 0.697824
	x197 = -1.001113
	x198 = -0.219645
	x199 = 2.128457
	x200 = 1.246549
	x201 = -1.669669
	x202 = -0.216600
	x203 = -0.724880
	x204 = -0.846275
	x205 = -0.551517
	x206 = -0.485945
	x207 = -0.097471
	x208 = -0.097783
	x209 = -1.213822
	x210 = -2.685385
	x211 = 0.188541
	x212 = -1.096948
	x213 = 3.132440
	x214 = 1.490285
	x215 = 1.762268
	x216 = -0.467919
	x217 = -2.693536
	x218 = 2.503270
	x219 = -2.205374
	x220 = -0.487290
	x221 = -1.556747
	x222 = -0.755393
	x223 = -0.435793
	x224 = 0.930020
	x225 = 0.162181
	x226 = 2.218296
	x227 = -2.246400
	x228 = 2.174016
	x229 = 0.647632
	x230 = 5.519190
	x231 = 3.530825
	x232 = 1.986263
	x233 = 2.745149
	x234 = 0.440404
	x235 = -0.000501
	x236 = -0.460845
	x237 = 0.608744
	x238 = -0.253354
	x239 = 1.917811
	x240 = -2.203315
	x241 = -1.716259
	x242 = -1.756683
	x243 = -0.792543
	x244 = 1.515074
	x245 = -0.268702
	x246 = -1.070135
	x247 = -1.120058
	x248 = -2.977550
	x249 = 1.500967
	x250 = -0.384416
	x251 = -3.539762
	x252 = -2.003930
	x253 = -2.161387
	x254 = -1.821417
	x255 = -0.685838
	x256 = -0.091335
	x257 = 0.141134
	x258 = -2.691318
	x259 = -0.836304
	x260 = -0.897872
	x261 = 1.140119
	x262 = -2.452961
	x263 = -0.436398
	x264 = 0.339900
	x265 = -4.208144
	x266 = 1.167686
	x267 = 0.040423
	x268 = -1.282844
	x269 = 0.154220
	x270 = 2.223772
	x271 = 0.077512
	x272 = 0.100307
	x273 = 2.179083
	x274 = 2.479466
	x275 = 0.179217
	x276 = -1.658104
	x277 = 1.364195
	x278 = -3.941910
	x279 = 4.502340
	x280 = 2.098672
	x281 = -4.793309
	x282 = -1.396907
	x283 = -0.144789
	x284 = -2.008281
	x285 = -1.170687
	x286 = -0.855389
	x287 = 0.760448
	x288 = -0.795388
	x289 = 2.061782
	x290 = -1.751996
	x291 = -0.202931
	x292 = -0.358228
	x293 = 2.007160
	x294 = 1.645402
	x295 = 1.069276
	x296 = 2.006438
	x297 = 0.107601
	x298 = -5.103077
	x299 = 2.199728
	x300 = 3.140626
	x301 = -1.308514
	x302 = 1.656748
	x303 = 0.524863
	x304 = 0.825091
	x305 = -0.407846
	x306 = 3.701431
	x307 = -0.552207
	x308 = -1.938857
	x309 = 0.028370
	x310 = -0.644795
	x311 = -0.008196
	x312 = -1.319762
	x313 = -0.128386
	x314 = -1.334365
	x315 = -1.650616
	x316 = 1.026127
	x317 = -3.703995
	x318 = 1.088801
	x319 = -1.279890
	x320 = 2.113284
	x321 = -0.613128
	x322 = 0.142693
	x323 = 1.400742
	x324 = -0.508611
	x325 = -2.140415
	x326 = -0.185611
	x327 = 0.606207
	x328 = 1.303327
	x329 = 1.057798
	x330 = 1.488973
	x331 = -1.721353
	x332 = -0.564257
	x333 = -0.578191
	x334 = 0.946950
	x335 = -1.293060
	x336 = -0.291395
	x337 = -2.051171
	x338 = -0.752232
	x339 = 1.102903
	x340 = 1.078304
	x341 = 1.334382
	x342 = 0.377883
	x343 = 1.012809
	x344 = 2.798365
	x345 = -1.207731
	x346 = 1.878524
	x347 = -0.749148
	x348 = -1.390429
	x349 = 2.968630
	x350 = -0.752546
	x351 = 1.279192
	x352 = -1.463809
	x353 = 0.602889
	x354 = -1.116431
	x355 = 1.452319
	x356 = -0.358246
	x357 = 0.329382
	x358 = 1.759917
	x359 = 0.980036
	x360 = 0.189814
	x361 = -1.062419
	x362 = -2.866545
	x363 = -2.514614
	x364 = 0.203710
	x365 = 1.665475
	x366 = -2.669718
	x367 = 2.800413
	x368 = -2.994543
	x369 = 2.181167
	x370 = -1.047170
	x371 = -0.100890
	x372 = 3.343307
	x373 = 2.333117
	x374 = -3.906394
	x375 = -0.458466
	x376 = -1.509991
	x377 = -2.336778
	x378 = 1.425072
	x379 = -2.033309
	x380 = 2.402597
	x381 = 0.914258
	x382 = -4.063731
	x383 = 2.672923
	x384 = -2.523854
	x385 = 1.499813
	x386 = -1.248574
	x387 = 0.465545
	x388 = -2.987820
	x389 = -2.042459
	x390 = -0.837200
	x391 = -1.478515
	x392 = 1.462078
	x393 = 0.790688
	x394 = -0.733316
	x395 = -1.895031
	x396 = 1.817551
	x397 = -2.640984
	x398 = -1.702436
	x399 = -0.760713
	x400 = 2.227816
	x401 = 0.529065
	x402 = -0.893227
	x403 = -3.884754
	x404 = -0.508066
	x405 = -0.191989
	x406 = -0.919619
	x407 = -0.269826
	x408 = 0.497710
	x409 = -1.555730
	x410 = -4.856789
	x411 = 1.058353
	x412 = 1.208762
	x413 = -3.171788
	x414 = -0.027311
	x415 = 1.456149
	x416 = -0.933571
	x417 = -1.737152
	x418 = -1.059655
	x419 = 0.498438
	x420 = -0.741487
	x421 = -0.279549
	x422 = -0.236968
	x423 = 0.399456
	x424 = 0.663313
	x425 = 1.989094
	x426 = 1.778775
	x427 = -0.341828
	x428 = 0.534720
	x429 = 1.499126
	x430 = -0.985785
	x431 = 0.520956
	x432 = 1.436858
	x433 = -0.160443
	x434 = 0.112232
	x435 = 1.363925
	x436 = 3.850926
	x437 = -0.781996
	x438 = 0.390417
	x439 = -2.430679
	x440 = -1.449583
	x441 = 0.147556
	x442 = 0.608883
	x443 = -0.459482
	x444 = -0.151794
	x445 = 1.645436
	x446 = -1.198426
	x447 = 1.133764
	x448 = -2.250839
	x449 = -1.056480
	x450 = -3.072904
	x451 = 0.060977
	x452 = -1.667791
	x453 = 0.210689
	x454 = -2.469238
	x455 = -0.845431
	x456 = -1.512066
	x457 = -1.525520
	x458 = -1.046479
	x459 = -2.337346
	x460 = 0.035361
	x461 = 2.748710
	x462 = 1.565721
	x463 = -2.174205
	x464 = -0.932024
	x465 = -0.528587
	x466 = 2.004287
	x467 = -3.526319
	x468 = -0.123102
	x469 = 1.840179
	x470 = -3.181608
	x471 = -0.025249
	x472 = 1.209459
	x473 = 0.600875
	x474 = -1.555484
	x475 = -0.826648
	x476 = 0.204039
	x477 = 2.850493
	x478 = 0.604452
	x479 = -0.186088
	x480 = 0.738498
	x481 = -0.497266
	x482 = 1.749734
	x483 = -1.428347
	x484 = -0.468508
	x485 = -1.910310
	x486 = 1.649849
	x487 = 1.608540
	x488 = 0.087714
	x489 = 0.595513
	x490 = -0.424232
	x491 = 1.153463
	x492 = -0.025898
	x493 = 0.816675
	x494 = -0.746430
	x495 = 0.841734
	x496 = 0.367105
	x497 = -0.888521
	x498 = 1.137423
	x499 = -0.098365
	x500 = -0.668974
	x501 = 0.862058
	x502 = -3.346458
	x503 = 0.010278
	x504 = -4.172915
	x505 = 0.550875
	x506 = 2.203232
	x507 = 0.529978
	x508 = 1.690787
	x509 = 1.098999
	x510 = -1.605707
	x511 = -0.208335

Output:
	y0 = -7.116517
	y1 = 7.361716
	y2 = -7.741457
	y3 = -10.951726
	y4 = 10.909832
	y5 = -11.183008
	y6 = -5.722770
	y7 = 10.079001
	y8 = -7.116370
	y9 = -8.457827
	y10 = 9.167563
	y11 = -6.669373
	y12 = -5.669516
	y13 = 6.396477
	y14 = -6.071353
	y15 = -4.987372
	y16 = 5.818088
	y17 = -3.589256
	y18 = -7.622038
	y19 = 5.465876
	y20 = -9.409037
	y21 = -5.415194
	y22 = 4.806140
	y23 = -9.182741
	y24 = -8.694346
	y25 = 10.242429
	y26 = -9.025551
	y27 = -9.823276
	y28 = 8.515055
	y29 = -9.217755
	y30 = -7.905716
	y31 = 20.073861
	y32 = -5.424894
	y33 = -5.508585
	y34 = 23.495020
	y35 = -7.662195
	y36 = -0.834994
	y37 = 11.234335
	y38 = -2.069281
	y39 = -4.481288
	y40 = 4.123763
	y41 = -5.873194
	y42 = -7.505148
	y43 = 8.866484
	y44 = -11.571936
	y45 = -9.307946
	y46 = 7.311891
	y47 = -8.436093
	y48 = -9.365148
	y49 = 8.552828
	y50 = -7.642854
	y51 = -6.005222
	y52 = 22.164203
	y53 = -5.907258
	y54 = -0.125905
	y55 = -13.130359
	y56 = 5.036164
	y57 = 0.776631
	y58 = -7.925980
	y59 = 6.246480
	y60 = 6.108141
	y61 = -7.903812
	y62 = 0.028067
	y63 = 1.787450
	y64 = 10.143713
	y65 = -2.280448
	y66 = -0.024600
	y67 = -18.922633
	y68 = 2.707365
	y69 = -5.971078
	y70 = 5.689613
	y71 = -4.015706
	y72 = -5.245759
	y73 = 12.542143
	y74 = -6.602232
	y75 = -7.448745
	y76 = 27.144739
	y77 = -5.127791
	y78 = 1.978760
	y79 = -13.851648
	y80 = 4.969447
	y81 = 8.152025
	y82 = -24.278677
	y83 = 10.610624
	y84 = 14.672630
	y85 = -22.211548
	y86 = 7.339988
	y87 = 2.556489
	y88 = -10.874507
	y89 = 5.394010
	y90 = -3.557764
	y91 = 16.958868
	y92 = -6.784949
	y93 = -4.598778
	y94 = 6.677549
	y95 = -4.185940
	y96 = -4.452002
	y97 = 12.033953
	y98 = -4.210306
	y99 = -6.351366
	y100 = 29.166001
	y101 = -6.688359
	y102 = 0.567635
	y103 = -16.625636
	y104 = 8.085076
	y105 = 11.846829
	y106 = -21.121953
	y107 = 11.846819
	y108 = 9.986354
	y109 = -21.954125
	y110 = 13.909423
	y111 = 1.459304
	y112 = -14.543131
	y113 = 6.891507
	y114 = 4.825033
	y115 = -17.398191
	y116 = -4.276890
	y117 = -0.641370
	y118 = 2.481173
	y119 = -4.270870
	y120 = -6.697922
	y121 = 8.751606
	y122 = -6.117420
	y123 = -5.681246
	y124 = 27.351409
	y125 = -5.610325
	y126 = 4.807241
	y127 = -19.174124
	y128 = 0.480890
	y129 = 0.691768
	y130 = -2.776512
	y131 = 5.289406
	y132 = 6.247775
	y133 = -13.442932
	y134 = 1.836690
	y135 = 1.602535
	y136 = -12.103806
	y137 = 6.334530
	y138 = 4.339074
	y139 = -19.659363
	y140 = -1.658850
	y141 = -1.878777
	y142 = -4.462110
	y143 = -6.044186
	y144 = -8.753553
	y145 = 8.373789
	y146 = -7.244035
	y147 = -8.231924
	y148 = 19.190731
	y149 = -6.267027
	y150 = -4.146920
	y151 = -9.677212
	y152 = 1.918230
	y153 = 6.157258
	y154 = -14.369129
	y155 = 0.543080
	y156 = -0.679419
	y157 = -14.045745
	y158 = 5.954776
	y159 = -1.325346
	y160 = -11.274864
	y161 = 4.998961
	y162 = -4.903718
	y163 = 14.143957
	y164 = -5.454515
	y165 = -5.509621
	y166 = 1.565917
	y167 = -6.555150
	y168 = -5.128497
	y169 = 4.182157
	y170 = -5.882420
	y171 = -1.879254
	y172 = -11.861288
	y173 = 3.484813
	y174 = -1.799645
	y175 = -8.614458
	y176 = 0.653631
	y177 = -0.592094
	y178 = -18.568416
	y179 = 1.733749
	y180 = 0.004848
	y181 = -14.165637
	y182 = 3.430395
	y183 = -2.717942
	y184 = -11.348469
	y185 = 5.483620
	y186 = -1.215014
	y187 = -12.305520
	y188 = 0.629297
	y189 = -7.641872
	y190 = 4.301662
	y191 = -7.156280

