InputQuery: /home/levn/Workspace/othello_world/queries/head_prove_probe_robust/game_105_target_45_eps_0.05.txt
Engine::processInputQuery: Input query (before preprocessing): 510 equations, 1277 variables
Engine::processInputQuery: Input query (after preprocessing): 766 equations, 1350 variables

Input bounds:
	x0: [ -0.6976,  -0.5976] 
	x1: [ -2.1091,  -2.0091] 
	x2: [ -0.1277,  -0.0277] 
	x3: [ -0.8249,  -0.7249] 
	x4: [  1.5129,   1.6129] 
	x5: [ -2.3267,  -2.2267] 
	x6: [ -1.2179,  -1.1179] 
	x7: [  1.2011,   1.3011] 
	x8: [ -2.6089,  -2.5089] 
	x9: [  0.8312,   0.9312] 
	x10: [ -0.1546,  -0.0546] 
	x11: [  1.9556,   2.0556] 
	x12: [ -0.9138,  -0.8138] 
	x13: [  0.3895,   0.4895] 
	x14: [ -0.1018,  -0.0018] 
	x15: [  1.5863,   1.6863] 
	x16: [  1.0448,   1.1448] 
	x17: [ -1.8141,  -1.7141] 
	x18: [  1.3266,   1.4266] 
	x19: [  1.3898,   1.4898] 
	x20: [  1.8566,   1.9566] 
	x21: [ -1.0924,  -0.9924] 
	x22: [  1.4995,   1.5995] 
	x23: [  0.0520,   0.1520] 
	x24: [  3.5342,   3.6342] 
	x25: [ -0.2201,  -0.1201] 
	x26: [ -0.4356,  -0.3356] 
	x27: [  1.3768,   1.4768] 
	x28: [  1.5479,   1.6479] 
	x29: [  1.2016,   1.3016] 
	x30: [ -3.0905,  -2.9905] 
	x31: [ -0.7067,  -0.6067] 
	x32: [ -1.7922,  -1.6922] 
	x33: [ -1.5607,  -1.4607] 
	x34: [ -1.6585,  -1.5585] 
	x35: [ -2.0767,  -1.9767] 
	x36: [ -1.0607,  -0.9607] 
	x37: [ -2.0725,  -1.9725] 
	x38: [ -0.5807,  -0.4807] 
	x39: [ -1.5197,  -1.4197] 
	x40: [  0.5764,   0.6764] 
	x41: [ -0.3601,  -0.2601] 
	x42: [  1.5030,   1.6030] 
	x43: [ -2.7019,  -2.6019] 
	x44: [ -2.0510,  -1.9510] 
	x45: [  0.8451,   0.9451] 
	x46: [ -1.0643,  -0.9643] 
	x47: [ -5.5504,  -5.4504] 
	x48: [  4.0675,   4.1675] 
	x49: [ -1.2132,  -1.1132] 
	x50: [ -3.9699,  -3.8699] 
	x51: [  2.5303,   2.6303] 
	x52: [  2.2180,   2.3180] 
	x53: [ -0.5564,  -0.4564] 
	x54: [ -2.9336,  -2.8336] 
	x55: [  0.7688,   0.8688] 
	x56: [  0.3542,   0.4542] 
	x57: [ -1.1120,  -1.0120] 
	x58: [ -2.7289,  -2.6289] 
	x59: [  2.5723,   2.6723] 
	x60: [ -2.2110,  -2.1110] 
	x61: [ -1.2416,  -1.1416] 
	x62: [ -0.4093,  -0.3093] 
	x63: [  0.6227,   0.7227] 
	x64: [  0.3940,   0.4940] 
	x65: [ -3.7628,  -3.6628] 
	x66: [  1.4000,   1.5000] 
	x67: [  0.4283,   0.5283] 
	x68: [  0.4917,   0.5917] 
	x69: [ -0.3890,  -0.2890] 
	x70: [ -0.3614,  -0.2614] 
	x71: [ -0.0631,   0.0369] 
	x72: [  0.0884,   0.1884] 
	x73: [ -1.9034,  -1.8034] 
	x74: [  0.9315,   1.0315] 
	x75: [  0.0517,   0.1517] 
	x76: [  1.5057,   1.6057] 
	x77: [  0.8578,   0.9578] 
	x78: [ -1.1605,  -1.0605] 
	x79: [ -1.6626,  -1.5626] 
	x80: [  1.8039,   1.9039] 
	x81: [ -0.2614,  -0.1614] 
	x82: [  1.2265,   1.3265] 
	x83: [ -0.0326,   0.0674] 
	x84: [  0.1934,   0.2934] 
	x85: [ -0.3418,  -0.2418] 
	x86: [  1.7464,   1.8464] 
	x87: [  0.9898,   1.0898] 
	x88: [ -1.6383,  -1.5383] 
	x89: [  0.3313,   0.4313] 
	x90: [ -0.2054,  -0.1054] 
	x91: [ -0.1402,  -0.0402] 
	x92: [  1.6960,   1.7960] 
	x93: [  0.4909,   0.5909] 
	x94: [  0.0752,   0.1752] 
	x95: [ -0.4398,  -0.3398] 
	x96: [  0.3522,   0.4522] 
	x97: [ -2.6108,  -2.5108] 
	x98: [ -0.2985,  -0.1985] 
	x99: [  1.1521,   1.2521] 
	x100: [  3.2451,   3.3451] 
	x101: [ -0.2833,  -0.1833] 
	x102: [ -0.3062,  -0.2062] 
	x103: [ -1.0453,  -0.9453] 
	x104: [ -0.9002,  -0.8002] 
	x105: [ -4.3042,  -4.2042] 
	x106: [ -0.2523,  -0.1523] 
	x107: [ -0.4958,  -0.3958] 
	x108: [ -0.2213,  -0.1213] 
	x109: [  0.0712,   0.1712] 
	x110: [ -2.0435,  -1.9435] 
	x111: [ -3.0576,  -2.9576] 
	x112: [  1.2375,   1.3375] 
	x113: [  0.5454,   0.6454] 
	x114: [ -0.9497,  -0.8497] 
	x115: [  2.9572,   3.0572] 
	x116: [  1.8982,   1.9982] 
	x117: [ -1.1059,  -1.0059] 
	x118: [  2.2928,   2.3928] 
	x119: [  0.3889,   0.4889] 
	x120: [ -0.4715,  -0.3715] 
	x121: [  4.3273,   4.4273] 
	x122: [ -1.5728,  -1.4728] 
	x123: [  1.7860,   1.8860] 
	x124: [ -1.8675,  -1.7675] 
	x125: [ -0.2860,  -0.1860] 
	x126: [ -0.3303,  -0.2303] 
	x127: [  1.7114,   1.8114] 
	x128: [ -0.2342,  -0.1342] 
	x129: [ -1.9697,  -1.8697] 
	x130: [  0.6325,   0.7325] 
	x131: [  0.8767,   0.9767] 
	x132: [ -0.3335,  -0.2335] 
	x133: [ -0.8252,  -0.7252] 
	x134: [ -0.2169,  -0.1169] 
	x135: [  1.1624,   1.2624] 
	x136: [  0.6298,   0.7298] 
	x137: [  0.0931,   0.1931] 
	x138: [ -0.1986,  -0.0986] 
	x139: [  2.0722,   2.1722] 
	x140: [  2.5354,   2.6354] 
	x141: [ -0.5608,  -0.4608] 
	x142: [  1.8091,   1.9091] 
	x143: [  0.6115,   0.7115] 
	x144: [  1.8732,   1.9732] 
	x145: [ -2.3749,  -2.2749] 
	x146: [ -3.9821,  -3.8821] 
	x147: [ -0.4893,  -0.3893] 
	x148: [ -0.6272,  -0.5272] 
	x149: [ -2.3931,  -2.2931] 
	x150: [ -1.3983,  -1.2983] 
	x151: [ -1.1156,  -1.0156] 
	x152: [ -0.3659,  -0.2659] 
	x153: [ -0.3461,  -0.2461] 
	x154: [ -1.0373,  -0.9373] 
	x155: [  0.3471,   0.4471] 
	x156: [ -2.2784,  -2.1784] 
	x157: [ -0.7557,  -0.6557] 
	x158: [ -1.3444,  -1.2444] 
	x159: [ -1.6838,  -1.5838] 
	x160: [  0.6080,   0.7080] 
	x161: [ -0.2244,  -0.1244] 
	x162: [ -1.1169,  -1.0169] 
	x163: [  0.5346,   0.6346] 
	x164: [  1.2479,   1.3479] 
	x165: [ -2.8122,  -2.7122] 
	x166: [  1.9938,   2.0938] 
	x167: [  0.9717,   1.0717] 
	x168: [ -0.9459,  -0.8459] 
	x169: [ -0.2626,  -0.1626] 
	x170: [ -2.6169,  -2.5169] 
	x171: [  2.2295,   2.3295] 
	x172: [ -1.2359,  -1.1359] 
	x173: [ -0.6706,  -0.5706] 
	x174: [  0.0481,   0.1481] 
	x175: [  1.0934,   1.1934] 
	x176: [ -2.7709,  -2.6709] 
	x177: [  1.2818,   1.3818] 
	x178: [  2.4432,   2.5432] 
	x179: [  0.9343,   1.0343] 
	x180: [  0.6330,   0.7330] 
	x181: [ -3.1085,  -3.0085] 
	x182: [  1.2099,   1.3099] 
	x183: [ -2.2689,  -2.1689] 
	x184: [  0.3394,   0.4394] 
	x185: [ -3.3001,  -3.2001] 
	x186: [  2.5207,   2.6207] 
	x187: [  2.6567,   2.7567] 
	x188: [ -0.4423,  -0.3423] 
	x189: [  0.9377,   1.0377] 
	x190: [ -2.0644,  -1.9644] 
	x191: [ -2.4436,  -2.3436] 
	x192: [  3.0529,   3.1529] 
	x193: [  0.3374,   0.4374] 
	x194: [ -3.5415,  -3.4415] 
	x195: [  0.8472,   0.9472] 
	x196: [ -0.3679,  -0.2679] 
	x197: [  1.2559,   1.3559] 
	x198: [ -1.4259,  -1.3259] 
	x199: [  2.4286,   2.5286] 
	x200: [ -0.5362,  -0.4362] 
	x201: [  2.4035,   2.5035] 
	x202: [ -0.8154,  -0.7154] 
	x203: [ -1.6788,  -1.5788] 
	x204: [ -2.1242,  -2.0242] 
	x205: [  0.2488,   0.3488] 
	x206: [  0.2907,   0.3907] 
	x207: [ -0.0348,   0.0652] 
	x208: [  0.1765,   0.2765] 
	x209: [ -4.8263,  -4.7263] 
	x210: [  0.6366,   0.7366] 
	x211: [  0.1270,   0.2270] 
	x212: [ -0.6594,  -0.5594] 
	x213: [ -0.8331,  -0.7331] 
	x214: [ -1.3163,  -1.2163] 
	x215: [ -1.8448,  -1.7448] 
	x216: [  1.9968,   2.0968] 
	x217: [  2.1542,   2.2542] 
	x218: [ -2.1598,  -2.0598] 
	x219: [ -1.4385,  -1.3385] 
	x220: [  0.5285,   0.6285] 
	x221: [  0.6592,   0.7592] 
	x222: [  0.9283,   1.0283] 
	x223: [ -0.7404,  -0.6404] 
	x224: [ -1.0068,  -0.9068] 
	x225: [  1.5036,   1.6036] 
	x226: [ -1.2531,  -1.1531] 
	x227: [  1.7956,   1.8956] 
	x228: [ -1.4473,  -1.3473] 
	x229: [ -0.6470,  -0.5470] 
	x230: [  2.7196,   2.8196] 
	x231: [  0.4986,   0.5986] 
	x232: [  0.6509,   0.7509] 
	x233: [ -0.1115,  -0.0115] 
	x234: [ -0.9978,  -0.8978] 
	x235: [ -2.1615,  -2.0615] 
	x236: [  3.5910,   3.6910] 
	x237: [  1.6640,   1.7640] 
	x238: [ -0.1244,  -0.0244] 
	x239: [  3.6675,   3.7675] 
	x240: [ -0.7456,  -0.6456] 
	x241: [ -0.1851,  -0.0851] 
	x242: [ -1.9056,  -1.8056] 
	x243: [ -1.5022,  -1.4022] 
	x244: [  2.7416,   2.8416] 
	x245: [  1.3933,   1.4933] 
	x246: [ -2.1190,  -2.0190] 
	x247: [ -3.8034,  -3.7034] 
	x248: [  0.8768,   0.9768] 
	x249: [  5.4217,   5.5217] 
	x250: [  3.0960,   3.1960] 
	x251: [ -0.2153,  -0.1153] 
	x252: [  1.8867,   1.9867] 
	x253: [ -0.3933,  -0.2933] 
	x254: [ -2.3907,  -2.2907] 
	x255: [  1.2891,   1.3891] 
	x256: [ -0.2261,  -0.1261] 
	x257: [  0.6619,   0.7619] 
	x258: [ -1.0105,  -0.9105] 
	x259: [  2.7693,   2.8693] 
	x260: [ -0.7176,  -0.6176] 
	x261: [ -0.9235,  -0.8235] 
	x262: [  1.9847,   2.0847] 
	x263: [  2.8338,   2.9338] 
	x264: [ -0.8665,  -0.7665] 
	x265: [ -0.7386,  -0.6386] 
	x266: [  0.9308,   1.0308] 
	x267: [  0.9172,   1.0172] 
	x268: [ -0.6415,  -0.5415] 
	x269: [ -0.1806,  -0.0806] 
	x270: [  1.6383,   1.7383] 
	x271: [  1.2336,   1.3336] 
	x272: [ -0.6459,  -0.5459] 
	x273: [  1.5281,   1.6281] 
	x274: [  1.8592,   1.9592] 
	x275: [  1.7345,   1.8345] 
	x276: [  0.4892,   0.5892] 
	x277: [ -1.8461,  -1.7461] 
	x278: [ -3.1093,  -3.0093] 
	x279: [  0.4813,   0.5813] 
	x280: [  2.1605,   2.2605] 
	x281: [  0.3860,   0.4860] 
	x282: [  0.9168,   1.0168] 
	x283: [ -4.1523,  -4.0523] 
	x284: [ -0.6313,  -0.5313] 
	x285: [  2.0552,   2.1552] 
	x286: [ -1.7101,  -1.6101] 
	x287: [  0.1002,   0.2002] 
	x288: [ -1.6157,  -1.5157] 
	x289: [  0.6288,   0.7288] 
	x290: [  3.4950,   3.5950] 
	x291: [  1.4297,   1.5297] 
	x292: [  3.0834,   3.1834] 
	x293: [  0.0478,   0.1478] 
	x294: [  0.4964,   0.5964] 
	x295: [  5.1107,   5.2107] 
	x296: [  1.9102,   2.0102] 
	x297: [  0.0268,   0.1268] 
	x298: [ -5.4984,  -5.3984] 
	x299: [ -1.0041,  -0.9041] 
	x300: [  3.4908,   3.5908] 
	x301: [ -0.4085,  -0.3085] 
	x302: [ -2.7775,  -2.6775] 
	x303: [ -3.1019,  -3.0019] 
	x304: [ -2.5845,  -2.4845] 
	x305: [ -0.5856,  -0.4856] 
	x306: [  0.6456,   0.7456] 
	x307: [ -1.1807,  -1.0807] 
	x308: [  1.6237,   1.7237] 
	x309: [  2.6037,   2.7037] 
	x310: [ -1.0624,  -0.9624] 
	x311: [ -1.0318,  -0.9318] 
	x312: [  0.5486,   0.6486] 
	x313: [ -0.5634,  -0.4634] 
	x314: [  0.9224,   1.0224] 
	x315: [  2.1672,   2.2672] 
	x316: [ -2.3531,  -2.2531] 
	x317: [  2.2558,   2.3558] 
	x318: [  1.0705,   1.1705] 
	x319: [ -0.6741,  -0.5741] 
	x320: [ -0.0976,   0.0024] 
	x321: [  0.4630,   0.5630] 
	x322: [  2.3314,   2.4314] 
	x323: [  2.1572,   2.2572] 
	x324: [  1.3323,   1.4323] 
	x325: [ -0.1349,  -0.0349] 
	x326: [  1.9343,   2.0343] 
	x327: [  0.6445,   0.7445] 
	x328: [  1.7359,   1.8359] 
	x329: [ -1.3387,  -1.2387] 
	x330: [  1.1609,   1.2609] 
	x331: [ -1.6591,  -1.5591] 
	x332: [ -0.7242,  -0.6242] 
	x333: [ -0.8536,  -0.7536] 
	x334: [  0.7927,   0.8927] 
	x335: [ -0.8079,  -0.7079] 
	x336: [  1.4723,   1.5723] 
	x337: [  1.7285,   1.8285] 
	x338: [ -0.2090,  -0.1090] 
	x339: [ -4.3193,  -4.2193] 
	x340: [  0.4988,   0.5988] 
	x341: [  0.5891,   0.6891] 
	x342: [ -0.8280,  -0.7280] 
	x343: [  0.7290,   0.8290] 
	x344: [  0.0221,   0.1221] 
	x345: [  0.9908,   1.0908] 
	x346: [  0.4766,   0.5766] 
	x347: [ -1.9660,  -1.8660] 
	x348: [ -1.3978,  -1.2978] 
	x349: [  0.7464,   0.8464] 
	x350: [ -0.9191,  -0.8191] 
	x351: [ -1.1635,  -1.0635] 
	x352: [  2.1060,   2.2060] 
	x353: [  0.0067,   0.1067] 
	x354: [ -0.1864,  -0.0864] 
	x355: [  1.2853,   1.3853] 
	x356: [ -0.5588,  -0.4588] 
	x357: [  2.6798,   2.7798] 
	x358: [ -1.3218,  -1.2218] 
	x359: [  3.6148,   3.7148] 
	x360: [ -0.2434,  -0.1434] 
	x361: [  0.6145,   0.7145] 
	x362: [ -3.3489,  -3.2489] 
	x363: [  1.6203,   1.7203] 
	x364: [ -0.2337,  -0.1337] 
	x365: [ -0.2563,  -0.1563] 
	x366: [  1.2616,   1.3616] 
	x367: [  4.1395,   4.2395] 
	x368: [ -2.4326,  -2.3326] 
	x369: [ -2.1116,  -2.0116] 
	x370: [ -0.1283,  -0.0283] 
	x371: [ -2.7855,  -2.6855] 
	x372: [  3.2244,   3.3244] 
	x373: [ -2.4972,  -2.3972] 
	x374: [ -1.6372,  -1.5372] 
	x375: [ -0.3352,  -0.2352] 
	x376: [  2.6514,   2.7514] 
	x377: [  1.2094,   1.3094] 
	x378: [  2.3128,   2.4128] 
	x379: [ -0.2732,  -0.1732] 
	x380: [  0.0619,   0.1619] 
	x381: [ -1.0994,  -0.9994] 
	x382: [ -2.0896,  -1.9896] 
	x383: [  0.8736,   0.9736] 
	x384: [  0.3977,   0.4977] 
	x385: [ -0.4783,  -0.3783] 
	x386: [ -1.7918,  -1.6918] 
	x387: [ -3.0473,  -2.9473] 
	x388: [ -2.7086,  -2.6086] 
	x389: [ -0.3154,  -0.2154] 
	x390: [ -0.6127,  -0.5127] 
	x391: [  0.0474,   0.1474] 
	x392: [  2.1720,   2.2720] 
	x393: [  1.7351,   1.8351] 
	x394: [ -1.9520,  -1.8520] 
	x395: [  1.3694,   1.4694] 
	x396: [  0.5939,   0.6939] 
	x397: [ -1.2220,  -1.1220] 
	x398: [ -1.3317,  -1.2317] 
	x399: [  0.8284,   0.9284] 
	x400: [  0.4166,   0.5166] 
	x401: [ -1.3888,  -1.2888] 
	x402: [  0.1301,   0.2301] 
	x403: [ -1.8527,  -1.7527] 
	x404: [  2.2111,   2.3111] 
	x405: [  0.6748,   0.7748] 
	x406: [ -0.4347,  -0.3347] 
	x407: [ -2.9929,  -2.8929] 
	x408: [  3.1413,   3.2413] 
	x409: [ -2.2445,  -2.1445] 
	x410: [  1.8994,   1.9994] 
	x411: [  0.2107,   0.3107] 
	x412: [ -2.5844,  -2.4844] 
	x413: [  0.5068,   0.6068] 
	x414: [ -1.6777,  -1.5777] 
	x415: [  1.0065,   1.1065] 
	x416: [ -2.0840,  -1.9840] 
	x417: [  1.3605,   1.4605] 
	x418: [ -0.4999,  -0.3999] 
	x419: [  0.0002,   0.1002] 
	x420: [  1.3403,   1.4403] 
	x421: [ -2.1949,  -2.0949] 
	x422: [ -4.1711,  -4.0711] 
	x423: [  1.9198,   2.0198] 
	x424: [ -0.0767,   0.0233] 
	x425: [ -1.3169,  -1.2169] 
	x426: [ -0.0936,   0.0064] 
	x427: [ -2.1789,  -2.0789] 
	x428: [  0.9930,   1.0930] 
	x429: [ -2.8903,  -2.7903] 
	x430: [ -2.9869,  -2.8869] 
	x431: [ -3.1251,  -3.0251] 
	x432: [  1.5278,   1.6278] 
	x433: [ -0.0729,   0.0271] 
	x434: [ -0.3848,  -0.2848] 
	x435: [  0.5523,   0.6523] 
	x436: [ -1.8395,  -1.7395] 
	x437: [  1.0981,   1.1981] 
	x438: [ -2.1509,  -2.0509] 
	x439: [ -2.1864,  -2.0864] 
	x440: [ -0.2573,  -0.1573] 
	x441: [ -1.1814,  -1.0814] 
	x442: [ -0.1533,  -0.0533] 
	x443: [ -4.1812,  -4.0812] 
	x444: [  1.0157,   1.1157] 
	x445: [  0.3291,   0.4291] 
	x446: [ -0.6007,  -0.5007] 
	x447: [  0.3356,   0.4356] 
	x448: [ -3.3739,  -3.2739] 
	x449: [  0.0035,   0.1035] 
	x450: [  2.6678,   2.7678] 
	x451: [  1.7944,   1.8944] 
	x452: [ -2.9193,  -2.8193] 
	x453: [  0.8921,   0.9921] 
	x454: [ -2.4538,  -2.3538] 
	x455: [  0.6859,   0.7859] 
	x456: [ -0.4937,  -0.3937] 
	x457: [  0.2142,   0.3142] 
	x458: [  1.1537,   1.2537] 
	x459: [  1.9749,   2.0749] 
	x460: [ -0.1530,  -0.0530] 
	x461: [  2.3593,   2.4593] 
	x462: [ -0.8568,  -0.7568] 
	x463: [ -1.5660,  -1.4660] 
	x464: [  0.4135,   0.5135] 
	x465: [  1.1431,   1.2431] 
	x466: [ -0.2800,  -0.1800] 
	x467: [ -0.6388,  -0.5388] 
	x468: [  1.6215,   1.7215] 
	x469: [ -2.2391,  -2.1391] 
	x470: [  3.0982,   3.1982] 
	x471: [ -0.9652,  -0.8652] 
	x472: [  2.1096,   2.2096] 
	x473: [  0.8436,   0.9436] 
	x474: [ -1.8887,  -1.7887] 
	x475: [  0.8870,   0.9870] 
	x476: [  1.6346,   1.7346] 
	x477: [  0.1762,   0.2762] 
	x478: [  1.2303,   1.3303] 
	x479: [ -0.6160,  -0.5160] 
	x480: [ -1.4503,  -1.3503] 
	x481: [  0.6108,   0.7108] 
	x482: [ -1.0666,  -0.9666] 
	x483: [  1.5548,   1.6548] 
	x484: [  0.1636,   0.2636] 
	x485: [  1.4817,   1.5817] 
	x486: [  3.2877,   3.3877] 
	x487: [ -0.7932,  -0.6932] 
	x488: [ -0.2686,  -0.1686] 
	x489: [ -0.8128,  -0.7128] 
	x490: [  0.0383,   0.1383] 
	x491: [  2.6363,   2.7363] 
	x492: [  0.5163,   0.6163] 
	x493: [ -1.0982,  -0.9982] 
	x494: [ -0.5178,  -0.4178] 
	x495: [ -0.9645,  -0.8645] 
	x496: [  2.2562,   2.3562] 
	x497: [  2.1679,   2.2679] 
	x498: [  1.3810,   1.4810] 
	x499: [ -3.9569,  -3.8569] 
	x500: [  0.4934,   0.5934] 
	x501: [  0.8395,   0.9395] 
	x502: [ -4.3588,  -4.2588] 
	x503: [ -1.0814,  -0.9814] 
	x504: [  1.7276,   1.8276] 
	x505: [ -0.2801,  -0.1801] 
	x506: [ -3.1192,  -3.0192] 
	x507: [  2.2247,   2.3247] 
	x508: [ -1.1585,  -1.0585] 
	x509: [ -2.7618,  -2.6618] 
	x510: [ -0.7201,  -0.6201] 
	x511: [  0.3582,   0.4582] 

Branching heuristics set to PseudoImpact
unsat
