InputQuery: /home/levn/Workspace/othello_world/queries/head_prove_probe_robust/game_39_target_34_eps_0.1.txt
Engine::processInputQuery: Input query (before preprocessing): 510 equations, 1277 variables
Engine::processInputQuery: Input query (after preprocessing): 766 equations, 1411 variables

Input bounds:
	x0: [ -0.9691,  -0.7691] 
	x1: [ -0.1020,   0.0980] 
	x2: [  1.0916,   1.2916] 
	x3: [ -1.0692,  -0.8692] 
	x4: [ -0.6744,  -0.4744] 
	x5: [ -0.5819,  -0.3819] 
	x6: [ -0.0663,   0.1337] 
	x7: [  1.0999,   1.2999] 
	x8: [ -2.1603,  -1.9603] 
	x9: [ -1.1663,  -0.9663] 
	x10: [ -0.5041,  -0.3041] 
	x11: [  0.1582,   0.3582] 
	x12: [ -3.6249,  -3.4249] 
	x13: [  2.7820,   2.9820] 
	x14: [ -2.1524,  -1.9524] 
	x15: [ -0.3282,  -0.1282] 
	x16: [  1.9961,   2.1961] 
	x17: [ -0.3108,  -0.1108] 
	x18: [ -2.0667,  -1.8667] 
	x19: [  0.9670,   1.1670] 
	x20: [ -1.0049,  -0.8049] 
	x21: [ -0.5218,  -0.3218] 
	x22: [  0.7927,   0.9927] 
	x23: [  1.3654,   1.5654] 
	x24: [  0.7584,   0.9584] 
	x25: [ -0.5802,  -0.3802] 
	x26: [  2.4510,   2.6510] 
	x27: [ -0.4602,  -0.2602] 
	x28: [  0.4604,   0.6604] 
	x29: [ -1.5302,  -1.3302] 
	x30: [  0.6853,   0.8853] 
	x31: [  1.4316,   1.6316] 
	x32: [  0.1314,   0.3314] 
	x33: [ -1.6711,  -1.4711] 
	x34: [  0.7454,   0.9454] 
	x35: [ -0.0138,   0.1862] 
	x36: [  1.7795,   1.9795] 
	x37: [ -0.3996,  -0.1996] 
	x38: [  1.2669,   1.4669] 
	x39: [ -2.9615,  -2.7615] 
	x40: [  1.1802,   1.3802] 
	x41: [  0.4441,   0.6441] 
	x42: [ -1.6283,  -1.4283] 
	x43: [  0.9510,   1.1510] 
	x44: [ -0.1391,   0.0609] 
	x45: [  0.6015,   0.8015] 
	x46: [  0.4491,   0.6491] 
	x47: [  1.4262,   1.6262] 
	x48: [ -0.6387,  -0.4387] 
	x49: [  0.7526,   0.9526] 
	x50: [ -0.9489,  -0.7489] 
	x51: [ -0.6417,  -0.4417] 
	x52: [ -0.4408,  -0.2408] 
	x53: [  0.0955,   0.2955] 
	x54: [  0.4914,   0.6914] 
	x55: [ -2.0701,  -1.8701] 
	x56: [ -0.4816,  -0.2816] 
	x57: [ -0.9192,  -0.7192] 
	x58: [  1.5507,   1.7507] 
	x59: [  2.6400,   2.8400] 
	x60: [  1.5904,   1.7904] 
	x61: [  0.9679,   1.1679] 
	x62: [ -0.1712,   0.0288] 
	x63: [  0.6387,   0.8387] 
	x64: [  2.1250,   2.3250] 
	x65: [  0.2043,   0.4043] 
	x66: [ -2.0584,  -1.8584] 
	x67: [ -1.0970,  -0.8970] 
	x68: [  0.8512,   1.0512] 
	x69: [  0.9050,   1.1050] 
	x70: [  0.0513,   0.2513] 
	x71: [ -0.1766,   0.0234] 
	x72: [ -0.6781,  -0.4781] 
	x73: [  0.1029,   0.3029] 
	x74: [  1.8131,   2.0131] 
	x75: [  1.1071,   1.3071] 
	x76: [ -0.8543,  -0.6543] 
	x77: [ -3.4069,  -3.2069] 
	x78: [ -1.5785,  -1.3785] 
	x79: [ -1.0823,  -0.8823] 
	x80: [  0.8369,   1.0369] 
	x81: [ -0.8415,  -0.6415] 
	x82: [  0.0790,   0.2790] 
	x83: [ -1.6854,  -1.4854] 
	x84: [ -0.1279,   0.0721] 
	x85: [  1.3170,   1.5170] 
	x86: [  0.0147,   0.2147] 
	x87: [ -1.6904,  -1.4904] 
	x88: [ -1.4242,  -1.2242] 
	x89: [ -0.0708,   0.1292] 
	x90: [  1.4985,   1.6985] 
	x91: [ -1.9980,  -1.7980] 
	x92: [  2.1042,   2.3042] 
	x93: [  0.3872,   0.5872] 
	x94: [  1.5897,   1.7897] 
	x95: [ -0.2602,  -0.0602] 
	x96: [  0.0511,   0.2511] 
	x97: [ -1.8580,  -1.6580] 
	x98: [  1.1318,   1.3318] 
	x99: [ -0.2977,  -0.0977] 
	x100: [ -1.8876,  -1.6876] 
	x101: [  0.6162,   0.8162] 
	x102: [  0.1679,   0.3679] 
	x103: [ -0.8053,  -0.6053] 
	x104: [  1.3527,   1.5527] 
	x105: [ -0.9236,  -0.7236] 
	x106: [ -1.1799,  -0.9799] 
	x107: [ -0.0129,   0.1871] 
	x108: [ -3.3507,  -3.1507] 
	x109: [ -4.0052,  -3.8052] 
	x110: [  3.2150,   3.4150] 
	x111: [  0.3059,   0.5059] 
	x112: [ -3.1918,  -2.9918] 
	x113: [ -0.4483,  -0.2483] 
	x114: [  0.4208,   0.6208] 
	x115: [ -4.2508,  -4.0508] 
	x116: [ -0.2630,  -0.0630] 
	x117: [  0.9305,   1.1305] 
	x118: [ -1.8596,  -1.6596] 
	x119: [  0.0196,   0.2196] 
	x120: [  1.5015,   1.7015] 
	x121: [  0.5087,   0.7087] 
	x122: [  1.5269,   1.7269] 
	x123: [ -1.7730,  -1.5730] 
	x124: [ -0.0659,   0.1341] 
	x125: [ -3.4393,  -3.2393] 
	x126: [  0.8677,   1.0677] 
	x127: [  0.8621,   1.0621] 
	x128: [  1.5236,   1.7236] 
	x129: [ -0.8335,  -0.6335] 
	x130: [  3.3460,   3.5460] 
	x131: [  0.2207,   0.4207] 
	x132: [  1.5365,   1.7365] 
	x133: [  0.9234,   1.1234] 
	x134: [  2.7139,   2.9139] 
	x135: [  2.2661,   2.4661] 
	x136: [ -4.3726,  -4.1726] 
	x137: [  0.6051,   0.8051] 
	x138: [  0.5579,   0.7579] 
	x139: [  0.1717,   0.3717] 
	x140: [  4.1610,   4.3610] 
	x141: [ -0.7400,  -0.5400] 
	x142: [ -0.9487,  -0.7487] 
	x143: [ -0.4765,  -0.2765] 
	x144: [ -2.7689,  -2.5689] 
	x145: [  0.8326,   1.0326] 
	x146: [ -2.6326,  -2.4326] 
	x147: [  2.3395,   2.5395] 
	x148: [ -2.2032,  -2.0032] 
	x149: [  0.5501,   0.7501] 
	x150: [ -0.4638,  -0.2638] 
	x151: [  0.0092,   0.2092] 
	x152: [  1.6008,   1.8008] 
	x153: [  1.4539,   1.6539] 
	x154: [  2.4694,   2.6694] 
	x155: [ -0.6047,  -0.4047] 
	x156: [  0.1443,   0.3443] 
	x157: [  0.8155,   1.0155] 
	x158: [  2.2906,   2.4906] 
	x159: [ -1.8605,  -1.6605] 
	x160: [  1.3236,   1.5236] 
	x161: [  0.8371,   1.0371] 
	x162: [ -1.1210,  -0.9210] 
	x163: [ -0.4468,  -0.2468] 
	x164: [ -2.5401,  -2.3401] 
	x165: [ -0.3026,  -0.1026] 
	x166: [  0.2092,   0.4092] 
	x167: [  2.9348,   3.1348] 
	x168: [ -1.6371,  -1.4371] 
	x169: [ -1.1295,  -0.9295] 
	x170: [ -0.4918,  -0.2918] 
	x171: [ -0.0391,   0.1609] 
	x172: [  2.2308,   2.4308] 
	x173: [  0.9154,   1.1154] 
	x174: [  1.1029,   1.3029] 
	x175: [ -0.2006,  -0.0006] 
	x176: [  0.4645,   0.6645] 
	x177: [  1.4592,   1.6592] 
	x178: [ -1.4810,  -1.2810] 
	x179: [  0.2282,   0.4282] 
	x180: [  0.7409,   0.9409] 
	x181: [ -1.6672,  -1.4672] 
	x182: [  2.0925,   2.2925] 
	x183: [ -2.5987,  -2.3987] 
	x184: [  1.5901,   1.7901] 
	x185: [  0.0367,   0.2367] 
	x186: [  0.1619,   0.3619] 
	x187: [  0.6085,   0.8085] 
	x188: [  0.4819,   0.6819] 
	x189: [  1.6795,   1.8795] 
	x190: [ -0.3370,  -0.1370] 
	x191: [ -1.9604,  -1.7604] 
	x192: [ -0.5995,  -0.3995] 
	x193: [ -1.2051,  -1.0051] 
	x194: [  0.0145,   0.2145] 
	x195: [ -0.3978,  -0.1978] 
	x196: [ -0.9423,  -0.7423] 
	x197: [  3.2325,   3.4325] 
	x198: [  1.2609,   1.4609] 
	x199: [ -1.6984,  -1.4984] 
	x200: [ -2.0021,  -1.8021] 
	x201: [  0.1524,   0.3524] 
	x202: [ -2.0919,  -1.8919] 
	x203: [  1.7655,   1.9655] 
	x204: [ -1.0574,  -0.8574] 
	x205: [ -1.1410,  -0.9410] 
	x206: [ -1.3301,  -1.1301] 
	x207: [ -0.0999,   0.1001] 
	x208: [  1.3478,   1.5478] 
	x209: [  3.8802,   4.0802] 
	x210: [ -0.1828,   0.0172] 
	x211: [  1.3306,   1.5306] 
	x212: [ -4.0961,  -3.8961] 
	x213: [  0.3695,   0.5695] 
	x214: [  1.3551,   1.5551] 
	x215: [  0.6777,   0.8777] 
	x216: [  0.0591,   0.2591] 
	x217: [  2.2619,   2.4619] 
	x218: [  2.3542,   2.5542] 
	x219: [ -2.3241,  -2.1241] 
	x220: [ -0.5239,  -0.3239] 
	x221: [ -0.1325,   0.0675] 
	x222: [  0.4775,   0.6775] 
	x223: [  0.0122,   0.2122] 
	x224: [ -0.0744,   0.1256] 
	x225: [  0.8966,   1.0966] 
	x226: [  2.7116,   2.9116] 
	x227: [ -0.8861,  -0.6861] 
	x228: [  1.7445,   1.9445] 
	x229: [  1.9540,   2.1540] 
	x230: [ -0.8033,  -0.6033] 
	x231: [  2.4155,   2.6155] 
	x232: [  0.4066,   0.6066] 
	x233: [ -1.3540,  -1.1540] 
	x234: [  0.8090,   1.0090] 
	x235: [ -1.4666,  -1.2666] 
	x236: [ -1.0548,  -0.8548] 
	x237: [  1.4531,   1.6531] 
	x238: [  2.5799,   2.7799] 
	x239: [  8.4898,   8.6898] 
	x240: [  2.2470,   2.4470] 
	x241: [ -2.2865,  -2.0865] 
	x242: [  0.8277,   1.0277] 
	x243: [  1.4887,   1.6887] 
	x244: [  0.0480,   0.2480] 
	x245: [ -0.2120,  -0.0120] 
	x246: [ -2.9171,  -2.7171] 
	x247: [ -0.7992,  -0.5992] 
	x248: [ -0.4782,  -0.2782] 
	x249: [ -1.4203,  -1.2203] 
	x250: [ -0.2723,  -0.0723] 
	x251: [  1.3335,   1.5335] 
	x252: [  0.2075,   0.4075] 
	x253: [ -0.6832,  -0.4832] 
	x254: [ -1.5090,  -1.3090] 
	x255: [ -1.7901,  -1.5901] 
	x256: [ -1.8602,  -1.6602] 
	x257: [ -0.2491,  -0.0491] 
	x258: [ -2.9531,  -2.7531] 
	x259: [ -0.9193,  -0.7193] 
	x260: [ -2.7729,  -2.5729] 
	x261: [ -2.8087,  -2.6087] 
	x262: [  2.2949,   2.4949] 
	x263: [  0.8253,   1.0253] 
	x264: [ -0.5688,  -0.3688] 
	x265: [ -0.5970,  -0.3970] 
	x266: [ -1.4674,  -1.2674] 
	x267: [ -1.5672,  -1.3672] 
	x268: [  0.3995,   0.5995] 
	x269: [  0.5030,   0.7030] 
	x270: [  3.9145,   4.1145] 
	x271: [ -1.5245,  -1.3245] 
	x272: [ -2.0393,  -1.8393] 
	x273: [  0.4230,   0.6230] 
	x274: [  0.5089,   0.7089] 
	x275: [  2.9458,   3.1458] 
	x276: [ -0.5890,  -0.3890] 
	x277: [  1.0604,   1.2604] 
	x278: [ -2.5725,  -2.3725] 
	x279: [  1.4710,   1.6710] 
	x280: [  1.2903,   1.4903] 
	x281: [  3.3868,   3.5868] 
	x282: [ -0.7797,  -0.5797] 
	x283: [  0.4224,   0.6224] 
	x284: [ -0.5715,  -0.3715] 
	x285: [  2.8412,   3.0412] 
	x286: [  0.5579,   0.7579] 
	x287: [  1.2634,   1.4634] 
	x288: [ -0.1278,   0.0722] 
	x289: [ -1.4077,  -1.2077] 
	x290: [  1.1280,   1.3280] 
	x291: [  0.2099,   0.4099] 
	x292: [ -0.3130,  -0.1130] 
	x293: [  2.3193,   2.5193] 
	x294: [  0.7124,   0.9124] 
	x295: [  0.2559,   0.4559] 
	x296: [ -0.8551,  -0.6551] 
	x297: [  0.1877,   0.3877] 
	x298: [ -9.9111,  -9.7111] 
	x299: [ -0.6171,  -0.4171] 
	x300: [  3.1958,   3.3958] 
	x301: [  0.2103,   0.4103] 
	x302: [ -1.4190,  -1.2190] 
	x303: [ -0.5961,  -0.3961] 
	x304: [ -2.5172,  -2.3172] 
	x305: [ -0.9667,  -0.7667] 
	x306: [  0.4210,   0.6210] 
	x307: [ -2.2137,  -2.0137] 
	x308: [  0.7381,   0.9381] 
	x309: [  0.9864,   1.1864] 
	x310: [  1.1344,   1.3344] 
	x311: [  0.5285,   0.7285] 
	x312: [ -1.8314,  -1.6314] 
	x313: [ -1.6834,  -1.4834] 
	x314: [ -0.4735,  -0.2735] 
	x315: [ -0.4928,  -0.2928] 
	x316: [  2.0307,   2.2307] 
	x317: [ -0.0698,   0.1302] 
	x318: [ -0.6518,  -0.4518] 
	x319: [ -2.7671,  -2.5671] 
	x320: [ -1.5224,  -1.3224] 
	x321: [ -2.4326,  -2.2326] 
	x322: [ -2.2624,  -2.0624] 
	x323: [ -1.9754,  -1.7754] 
	x324: [ -3.1703,  -2.9703] 
	x325: [ -1.5957,  -1.3957] 
	x326: [  0.0340,   0.2340] 
	x327: [ -1.1526,  -0.9526] 
	x328: [  1.1378,   1.3378] 
	x329: [ -0.1219,   0.0781] 
	x330: [ -1.4750,  -1.2750] 
	x331: [ -0.8054,  -0.6054] 
	x332: [ -1.6277,  -1.4277] 
	x333: [  2.1660,   2.3660] 
	x334: [  1.6276,   1.8276] 
	x335: [ -1.7974,  -1.5974] 
	x336: [  0.3155,   0.5155] 
	x337: [ -3.0053,  -2.8053] 
	x338: [  0.0800,   0.2800] 
	x339: [  1.3537,   1.5537] 
	x340: [ -1.1643,  -0.9643] 
	x341: [  1.1949,   1.3949] 
	x342: [ -1.8641,  -1.6641] 
	x343: [ -0.3884,  -0.1884] 
	x344: [ -0.3267,  -0.1267] 
	x345: [ -1.3619,  -1.1619] 
	x346: [ -1.7773,  -1.5773] 
	x347: [  1.8767,   2.0767] 
	x348: [ -0.1441,   0.0559] 
	x349: [  0.0179,   0.2179] 
	x350: [  0.5337,   0.7337] 
	x351: [  0.6754,   0.8754] 
	x352: [  0.5058,   0.7058] 
	x353: [ -0.6337,  -0.4337] 
	x354: [  0.5935,   0.7935] 
	x355: [  0.2450,   0.4450] 
	x356: [ -1.8004,  -1.6004] 
	x357: [  0.6322,   0.8322] 
	x358: [  1.8642,   2.0642] 
	x359: [  0.7349,   0.9349] 
	x360: [ -0.2891,  -0.0891] 
	x361: [ -0.8993,  -0.6993] 
	x362: [ -0.5718,  -0.3718] 
	x363: [ -2.9651,  -2.7651] 
	x364: [ -2.0494,  -1.8494] 
	x365: [ -0.8400,  -0.6400] 
	x366: [  0.4875,   0.6875] 
	x367: [ -0.2305,  -0.0305] 
	x368: [ -2.1304,  -1.9304] 
	x369: [  0.4573,   0.6573] 
	x370: [  1.4286,   1.6286] 
	x371: [  1.8373,   2.0373] 
	x372: [  2.2580,   2.4580] 
	x373: [  0.5613,   0.7613] 
	x374: [  1.8834,   2.0834] 
	x375: [ -1.5612,  -1.3612] 
	x376: [ -1.6328,  -1.4328] 
	x377: [ -0.1748,   0.0252] 
	x378: [ -0.2190,  -0.0190] 
	x379: [ -2.3022,  -2.1022] 
	x380: [  3.5014,   3.7014] 
	x381: [  0.2647,   0.4647] 
	x382: [ -1.8351,  -1.6351] 
	x383: [  1.1453,   1.3453] 
	x384: [  2.8135,   3.0135] 
	x385: [  0.6465,   0.8465] 
	x386: [ -2.0667,  -1.8667] 
	x387: [  0.4688,   0.6688] 
	x388: [ -0.5374,  -0.3374] 
	x389: [ -1.6183,  -1.4183] 
	x390: [ -0.9876,  -0.7876] 
	x391: [ -2.2994,  -2.0994] 
	x392: [  1.2528,   1.4528] 
	x393: [ -1.3239,  -1.1239] 
	x394: [ -0.9423,  -0.7423] 
	x395: [ -0.2321,  -0.0321] 
	x396: [ -1.9628,  -1.7628] 
	x397: [ -1.5930,  -1.3930] 
	x398: [  1.3542,   1.5542] 
	x399: [  0.1999,   0.3999] 
	x400: [ -0.6069,  -0.4069] 
	x401: [  0.4854,   0.6854] 
	x402: [  2.6760,   2.8760] 
	x403: [ -1.1429,  -0.9429] 
	x404: [ -1.2165,  -1.0165] 
	x405: [ -0.2316,  -0.0316] 
	x406: [ -0.6868,  -0.4868] 
	x407: [  2.4099,   2.6099] 
	x408: [ -1.2100,  -1.0100] 
	x409: [ -0.9025,  -0.7025] 
	x410: [ -0.5999,  -0.3999] 
	x411: [  0.4269,   0.6269] 
	x412: [  2.4659,   2.6659] 
	x413: [  2.5546,   2.7546] 
	x414: [ -0.8419,  -0.6419] 
	x415: [ -1.2920,  -1.0920] 
	x416: [  2.4740,   2.6740] 
	x417: [  2.9895,   3.1895] 
	x418: [ -1.2636,  -1.0636] 
	x419: [  1.3656,   1.5656] 
	x420: [ -1.5201,  -1.3201] 
	x421: [ -1.3517,  -1.1517] 
	x422: [  0.5282,   0.7282] 
	x423: [ -1.6663,  -1.4663] 
	x424: [  0.1958,   0.3958] 
	x425: [  0.2014,   0.4014] 
	x426: [ -3.2280,  -3.0280] 
	x427: [ -1.7877,  -1.5877] 
	x428: [ -3.2609,  -3.0609] 
	x429: [  1.6253,   1.8253] 
	x430: [ -0.5167,  -0.3167] 
	x431: [  0.3165,   0.5165] 
	x432: [  0.2773,   0.4773] 
	x433: [  1.9719,   2.1719] 
	x434: [  0.5054,   0.7054] 
	x435: [  1.0343,   1.2343] 
	x436: [ -0.5238,  -0.3238] 
	x437: [ -0.9165,  -0.7165] 
	x438: [ -0.7792,  -0.5792] 
	x439: [  0.3723,   0.5723] 
	x440: [ -0.5912,  -0.3912] 
	x441: [ -1.7568,  -1.5568] 
	x442: [ -3.3488,  -3.1488] 
	x443: [ -1.5704,  -1.3704] 
	x444: [  0.4152,   0.6152] 
	x445: [  0.8182,   1.0182] 
	x446: [ -1.2998,  -1.0998] 
	x447: [  0.6854,   0.8854] 
	x448: [ -2.6595,  -2.4595] 
	x449: [ -0.3267,  -0.1267] 
	x450: [  0.2043,   0.4043] 
	x451: [  0.2225,   0.4225] 
	x452: [  0.9972,   1.1972] 
	x453: [ -2.3559,  -2.1559] 
	x454: [  0.5397,   0.7397] 
	x455: [  2.0857,   2.2857] 
	x456: [  0.8296,   1.0296] 
	x457: [ -1.2426,  -1.0426] 
	x458: [ -1.1657,  -0.9657] 
	x459: [ -4.1327,  -3.9327] 
	x460: [ -0.1313,   0.0687] 
	x461: [  2.1099,   2.3099] 
	x462: [ -2.5775,  -2.3775] 
	x463: [ -3.8249,  -3.6249] 
	x464: [ -1.1701,  -0.9701] 
	x465: [  0.6347,   0.8347] 
	x466: [  0.0533,   0.2533] 
	x467: [ -1.3934,  -1.1934] 
	x468: [  0.9480,   1.1480] 
	x469: [ -1.7127,  -1.5127] 
	x470: [ -3.1305,  -2.9305] 
	x471: [ -0.6195,  -0.4195] 
	x472: [ -4.4151,  -4.2151] 
	x473: [ -0.8196,  -0.6196] 
	x474: [ -4.3385,  -4.1385] 
	x475: [  0.0728,   0.2728] 
	x476: [ -0.8065,  -0.6065] 
	x477: [  0.3605,   0.5605] 
	x478: [  0.2773,   0.4773] 
	x479: [  0.0098,   0.2098] 
	x480: [  3.6029,   3.8029] 
	x481: [ -0.2300,  -0.0300] 
	x482: [  0.2453,   0.4453] 
	x483: [ -1.5442,  -1.3442] 
	x484: [ -0.0923,   0.1077] 
	x485: [  1.2916,   1.4916] 
	x486: [  1.5744,   1.7744] 
	x487: [ -0.9064,  -0.7064] 
	x488: [ -0.0775,   0.1225] 
	x489: [  1.0971,   1.2971] 
	x490: [  1.5051,   1.7051] 
	x491: [  1.7591,   1.9591] 
	x492: [  0.0527,   0.2527] 
	x493: [ -3.4712,  -3.2712] 
	x494: [ -1.3684,  -1.1684] 
	x495: [ -1.6615,  -1.4615] 
	x496: [  2.2549,   2.4549] 
	x497: [  1.8396,   2.0396] 
	x498: [ -0.9057,  -0.7057] 
	x499: [  0.1041,   0.3041] 
	x500: [  0.9853,   1.1853] 
	x501: [  1.2746,   1.4746] 
	x502: [ -1.5574,  -1.3574] 
	x503: [ -1.0909,  -0.8909] 
	x504: [  1.4260,   1.6260] 
	x505: [ -0.3171,  -0.1171] 
	x506: [ -0.3618,  -0.1618] 
	x507: [  1.3415,   1.5415] 
	x508: [ -0.5725,  -0.3725] 
	x509: [ -1.0836,  -0.8836] 
	x510: [ -0.7374,  -0.5374] 
	x511: [ -1.6928,  -1.4928] 

Branching heuristics set to PseudoImpact

Engine::solve: Initial statistics

02:30:59 Statistics update:
	--- Time Statistics ---
	Total time elapsed: 1404 milli (00:00:01)
		Main loop: 0 milli (00:00:00)
		Preprocessing time: 799 milli (00:00:00)
		Unknown: 605 milli (00:00:00)
	Breakdown for main loop:
		[0.00%] Simplex steps: 0 milli
		[0.00%] Explicit-basis bound tightening: 0 milli
		[0.00%] Constraint-matrix bound tightening: 0 milli
		[0.00%] Degradation checking: 0 milli
		[0.00%] Precision restoration: 0 milli
		[0.00%] Statistics handling: 0 milli
		[0.00%] Constraint-fixing steps: 0 milli
		[0.00%] Valid case splits: 0 milli. Average per split: 0.00 milli
		[0.00%] Applying stored bound-tightening: 0 milli
		[0.00%] SMT core: 0 milli
		[0.00%] Symbolic Bound Tightening: 45 milli
		[0.00%] SoI-based local search: 0 milli
		[0.00%] SoI-based local search: 0 milli
		[0.00%] Unaccounted for: 0 milli
	--- Preprocessor Statistics ---
	Number of preprocessor bound-tightening loop iterations: 3
	Number of eliminated variables: 123
	Number of constraints removed due to variable elimination: 123
	Number of equations removed due to variable elimination: 0
	--- Engine Statistics ---
	Number of main loop iterations: 1
		0 iterations were simplex steps. Total time: 0 milli. Average: 0.00 milli.
		0 iterations were constraint-fixing steps. Total time: 0 milli. Average: 0.00 milli
	Number of active piecewise-linear constraints: 133 / 133
		Constraints disabled by valid splits: 0. By SMT-originated splits: 0
	Last reported degradation: 0.0000000000. Max degradation so far: 0.0000000000. Restorations so far: 0
	Number of simplex pivots we attempted to skip because of instability: 0.
	Unstable pivots performed anyway: 0
	--- Tableau Statistics ---
	Total number of pivots performed: 0
		Real pivots: 0. Degenerate: 0 (0.00%)
		Degenerate pivots by request (e.g., to fix a PL constraint): 0 (0.00%)
		Average time per pivot: 0.00 milli
	Total number of fake pivots performed: 0
	Total number of rows added: 0. Number of merged columns: 0
	Current tableau dimensions: M = 766, N = 2177
	--- SMT Core Statistics ---
	Total depth is 0. Total visited states: 1. Number of splits: 0. Number of pops: 0
	Max stack depth: 0
	--- Bound Tightening Statistics ---
	Number of tightened bounds: 0.
		Number of rows examined by row tightener: 0. Consequent tightenings: 0
		Number of explicit basis matrices examined by row tightener: 0. Consequent tightenings: 0
		Number of bound tightening rounds on the entire constraint matrix: 0. Consequent tightenings: 0
		Number of bound notifications sent to PL constraints: 798. Tightenings proposed: 0
	--- Basis Factorization statistics ---
	Number of basis refactorizations: 2
	--- Projected Steepest Edge Statistics ---
	Number of iterations: 0.
	Number of resets to reference space: 1. Avg. iterations per reset: 0
	--- SBT ---
	Number of tightened bounds: 387
	--- SoI-based local search ---
	Number of proposed phase pattern update: 0. Number of accepted update: 0 [0.00%]
	Total time (% of local search time) updating SoI phase pattern : 0 milli [0.00%]
	Total time obtaining current assignment: 0 milli [0.00%]
	Total time getting SoI phase pattern : 0 milli [0.00%]
	--- Context dependent statistics ---
	Number of pushes / pops: 0 / 0
		[0.00%] Pre-Push hook: 0 milli
		[0.00%] Push : 0 milli
		[0.00%] Post-Pop hook: 0 milli
		[0.00%] Pop : 0 milli
		[0.00%] Total context-switching time: 0 milli
	--- Proof Certificate ---
	Number of certified leaves: 0
	Number of leaves to delegate: 0

---

Engine::solve: sat assignment found

02:31:15 Statistics update:
	--- Time Statistics ---
	Total time elapsed: 17837 milli (00:00:17)
		Main loop: 16432 milli (00:00:16)
		Preprocessing time: 799 milli (00:00:00)
		Unknown: 605 milli (00:00:00)
	Breakdown for main loop:
		[33.44%] Simplex steps: 5495 milli
		[65.82%] Explicit-basis bound tightening: 10816 milli
		[0.00%] Constraint-matrix bound tightening: 0 milli
		[0.23%] Degradation checking: 37 milli
		[0.00%] Precision restoration: 0 milli
		[0.20%] Statistics handling: 32 milli
		[0.00%] Constraint-fixing steps: 0 milli
		[0.00%] Valid case splits: 0 milli. Average per split: 0.00 milli
		[0.00%] Applying stored bound-tightening: 0 milli
		[0.00%] SMT core: 0 milli
		[0.38%] Symbolic Bound Tightening: 62 milli
		[2.29%] SoI-based local search: 375 milli
		[0.00%] SoI-based local search: 0 milli
		[112254795289368.41%] Unaccounted for: 0 milli
	--- Preprocessor Statistics ---
	Number of preprocessor bound-tightening loop iterations: 3
	Number of eliminated variables: 123
	Number of constraints removed due to variable elimination: 123
	Number of equations removed due to variable elimination: 0
	--- Engine Statistics ---
	Number of main loop iterations: 530
		528 iterations were simplex steps. Total time: 5495 milli. Average: 10.41 milli.
		0 iterations were constraint-fixing steps. Total time: 0 milli. Average: 0.00 milli
	Number of active piecewise-linear constraints: 133 / 133
		Constraints disabled by valid splits: 0. By SMT-originated splits: 0
	Last reported degradation: 0.0000015228. Max degradation so far: 0.0000012781. Restorations so far: 0
	Number of simplex pivots we attempted to skip because of instability: 0.
	Unstable pivots performed anyway: 0
	--- Tableau Statistics ---
	Total number of pivots performed: 507
		Real pivots: 507. Degenerate: 0 (0.00%)
		Degenerate pivots by request (e.g., to fix a PL constraint): 0 (0.00%)
		Average time per pivot: 1.12 milli
	Total number of fake pivots performed: 19
	Total number of rows added: 0. Number of merged columns: 0
	Current tableau dimensions: M = 766, N = 2177
	--- SMT Core Statistics ---
	Total depth is 0. Total visited states: 1. Number of splits: 0. Number of pops: 0
	Max stack depth: 0
	--- Bound Tightening Statistics ---
	Number of tightened bounds: 0.
		Number of rows examined by row tightener: 507. Consequent tightenings: 0
		Number of explicit basis matrices examined by row tightener: 5. Consequent tightenings: 315
		Number of bound tightening rounds on the entire constraint matrix: 0. Consequent tightenings: 0
		Number of bound notifications sent to PL constraints: 1596. Tightenings proposed: 0
	--- Basis Factorization statistics ---
	Number of basis refactorizations: 6
	--- Projected Steepest Edge Statistics ---
	Number of iterations: 526.
	Number of resets to reference space: 1. Avg. iterations per reset: 526
	--- SBT ---
	Number of tightened bounds: 387
	--- SoI-based local search ---
	Number of proposed phase pattern update: 0. Number of accepted update: 1 [0.00%]
	Total time (% of local search time) updating SoI phase pattern : 2132 milli [0.57%]
	Total time obtaining current assignment: 579 milli [0.15%]
	Total time getting SoI phase pattern : 220 milli [0.00%]
	--- Context dependent statistics ---
	Number of pushes / pops: 0 / 0
		[0.00%] Pre-Push hook: 0 milli
		[0.00%] Push : 0 milli
		[0.00%] Post-Pop hook: 0 milli
		[0.00%] Pop : 0 milli
		[0.00%] Total context-switching time: 0 milli
	--- Proof Certificate ---
	Number of certified leaves: 0
	Number of leaves to delegate: 0
sat
Input assignment:
	x0 = -0.969054
	x1 = 0.097987
	x2 = 1.291621
	x3 = -0.869165
	x4 = -0.674438
	x5 = -0.581897
	x6 = 0.133748
	x7 = 1.299908
	x8 = -1.960337
	x9 = -0.966347
	x10 = -0.504123
	x11 = 0.158205
	x12 = -3.624866
	x13 = 2.982012
	x14 = -2.028506
	x15 = -0.328155
	x16 = 2.196103
	x17 = -0.110803
	x18 = -1.866674
	x19 = 0.966982
	x20 = -0.804860
	x21 = -0.521780
	x22 = 0.792673
	x23 = 1.565390
	x24 = 0.758371
	x25 = -0.380194
	x26 = 2.450972
	x27 = -0.460232
	x28 = 0.660372
	x29 = -1.330227
	x30 = 0.685332
	x31 = 1.431630
	x32 = 0.131442
	x33 = -1.671097
	x34 = 0.945368
	x35 = 0.186212
	x36 = 1.979460
	x37 = -0.399568
	x38 = 1.266882
	x39 = -2.761470
	x40 = 1.180185
	x41 = 0.644077
	x42 = -1.428283
	x43 = 1.150953
	x44 = 0.060862
	x45 = 0.801472
	x46 = 0.649059
	x47 = 1.626163
	x48 = -0.438699
	x49 = 0.952558
	x50 = -0.948949
	x51 = -0.441672
	x52 = -0.240820
	x53 = 0.295475
	x54 = 0.491427
	x55 = -2.070080
	x56 = -0.281596
	x57 = -0.719229
	x58 = 1.550721
	x59 = 2.839983
	x60 = 1.590409
	x61 = 1.167927
	x62 = -0.171208
	x63 = 0.838706
	x64 = 2.125012
	x65 = 0.204323
	x66 = -2.058354
	x67 = -1.097010
	x68 = 1.051226
	x69 = 0.904997
	x70 = 0.251268
	x71 = 0.023376
	x72 = -0.678066
	x73 = 0.102886
	x74 = 2.013106
	x75 = 1.107068
	x76 = -0.854329
	x77 = -3.406887
	x78 = -1.578496
	x79 = -1.082283
	x80 = 0.836933
	x81 = -0.641455
	x82 = 0.279006
	x83 = -1.485387
	x84 = -0.127949
	x85 = 1.317011
	x86 = 0.014747
	x87 = -1.490366
	x88 = -1.424170
	x89 = -0.070767
	x90 = 1.498533
	x91 = -1.997956
	x92 = 2.104164
	x93 = 0.387247
	x94 = 1.589655
	x95 = -0.060185
	x96 = 0.051141
	x97 = -1.658041
	x98 = 1.131770
	x99 = -0.297671
	x100 = -1.687627
	x101 = 0.816225
	x102 = 0.167945
	x103 = -0.605318
	x104 = 1.552660
	x105 = -0.723586
	x106 = -0.979901
	x107 = 0.187119
	x108 = -3.150718
	x109 = -4.005155
	x110 = 3.415004
	x111 = 0.305932
	x112 = -3.191758
	x113 = -0.248339
	x114 = 0.420794
	x115 = -4.050806
	x116 = -0.263032
	x117 = 0.930487
	x118 = -1.859580
	x119 = 0.019572
	x120 = 1.501503
	x121 = 0.708689
	x122 = 1.526910
	x123 = -1.772976
	x124 = -0.065864
	x125 = -3.439344
	x126 = 1.067750
	x127 = 1.062058
	x128 = 1.723564
	x129 = -0.833466
	x130 = 3.345965
	x131 = 0.420668
	x132 = 1.736481
	x133 = 0.923373
	x134 = 2.913862
	x135 = 2.466141
	x136 = -4.172555
	x137 = 0.605139
	x138 = 0.757888
	x139 = 0.371748
	x140 = 4.361038
	x141 = -0.740042
	x142 = -0.748657
	x143 = -0.476479
	x144 = -2.568860
	x145 = 1.032647
	x146 = -2.432567
	x147 = 2.339515
	x148 = -2.203189
	x149 = 0.550116
	x150 = -0.463773
	x151 = 0.209201
	x152 = 1.800812
	x153 = 1.453859
	x154 = 2.469391
	x155 = -0.604685
	x156 = 0.344265
	x157 = 0.815517
	x158 = 2.290629
	x159 = -1.660459
	x160 = 1.323590
	x161 = 0.837092
	x162 = -1.120968
	x163 = -0.446773
	x164 = -2.540137
	x165 = -0.102559
	x166 = 0.209177
	x167 = 2.934781
	x168 = -1.437117
	x169 = -0.929457
	x170 = -0.291786
	x171 = -0.039065
	x172 = 2.230754
	x173 = 0.915420
	x174 = 1.302950
	x175 = -0.000623
	x176 = 0.464548
	x177 = 1.459221
	x178 = -1.481047
	x179 = 0.228165
	x180 = 0.940931
	x181 = -1.467247
	x182 = 2.092518
	x183 = -2.398718
	x184 = 1.590066
	x185 = 0.236700
	x186 = 0.361892
	x187 = 0.808512
	x188 = 0.681935
	x189 = 1.879457
	x190 = -0.337014
	x191 = -1.960420
	x192 = -0.399515
	x193 = -1.205117
	x194 = 0.214453
	x195 = -0.197778
	x196 = -0.742345
	x197 = 3.432533
	x198 = 1.460896
	x199 = -1.498391
	x200 = -2.002070
	x201 = 0.352443
	x202 = -1.891865
	x203 = 1.965542
	x204 = -0.857360
	x205 = -1.141032
	x206 = -1.130111
	x207 = -0.099863
	x208 = 1.547761
	x209 = 4.080213
	x210 = -0.182850
	x211 = 1.330590
	x212 = -4.096059
	x213 = 0.369523
	x214 = 1.555098
	x215 = 0.877705
	x216 = 0.259074
	x217 = 2.461908
	x218 = 2.554233
	x219 = -2.124097
	x220 = -0.323883
	x221 = 0.067549
	x222 = 0.677475
	x223 = 0.212179
	x224 = -0.074439
	x225 = 1.096609
	x226 = 2.911590
	x227 = -0.886127
	x228 = 1.944544
	x229 = 2.153961
	x230 = -0.603344
	x231 = 2.415460
	x232 = 0.406627
	x233 = -1.153950
	x234 = 0.808988
	x235 = -1.466577
	x236 = -0.854834
	x237 = 1.653078
	x238 = 2.579866
	x239 = 8.689821
	x240 = 2.247013
	x241 = -2.086517
	x242 = 1.027721
	x243 = 1.552418
	x244 = 0.247962
	x245 = -0.211951
	x246 = -2.717081
	x247 = -0.599230
	x248 = -0.478169
	x249 = -1.420251
	x250 = -0.072281
	x251 = 1.533525
	x252 = 0.207472
	x253 = -0.683201
	x254 = -1.308960
	x255 = -1.590069
	x256 = -1.860179
	x257 = -0.049122
	x258 = -2.753103
	x259 = -0.719251
	x260 = -2.772920
	x261 = -2.608735
	x262 = 2.294915
	x263 = 0.825327
	x264 = -0.568847
	x265 = -0.597019
	x266 = -1.267419
	x267 = -1.567162
	x268 = 0.599494
	x269 = 0.702974
	x270 = 3.914490
	x271 = -1.324472
	x272 = -2.039293
	x273 = 0.423032
	x274 = 0.508859
	x275 = 3.145764
	x276 = -0.588973
	x277 = 1.060361
	x278 = -2.372489
	x279 = 1.670975
	x280 = 1.290335
	x281 = 3.386758
	x282 = -0.779691
	x283 = 0.622368
	x284 = -0.371536
	x285 = 3.041241
	x286 = 0.636121
	x287 = 1.263396
	x288 = -0.127833
	x289 = -1.207661
	x290 = 1.128044
	x291 = 0.209870
	x292 = -0.312982
	x293 = 2.519335
	x294 = 0.712399
	x295 = 0.255900
	x296 = -0.655111
	x297 = 0.387676
	x298 = -9.911146
	x299 = -0.417115
	x300 = 3.395757
	x301 = 0.210291
	x302 = -1.418966
	x303 = -0.396110
	x304 = -2.317151
	x305 = -0.766684
	x306 = 0.421046
	x307 = -2.213733
	x308 = 0.938150
	x309 = 1.126775
	x310 = 1.334359
	x311 = 0.728535
	x312 = -1.631412
	x313 = -1.683397
	x314 = -0.473488
	x315 = -0.292755
	x316 = 2.030717
	x317 = 0.130151
	x318 = -0.651786
	x319 = -2.767057
	x320 = -1.322420
	x321 = -2.232568
	x322 = -2.062429
	x323 = -1.975396
	x324 = -3.170270
	x325 = -1.595667
	x326 = 0.034048
	x327 = -1.152613
	x328 = 1.337758
	x329 = -0.121911
	x330 = -1.274997
	x331 = -0.605367
	x332 = -1.627738
	x333 = 2.165992
	x334 = 1.827643
	x335 = -1.597389
	x336 = 0.515452
	x337 = -3.005338
	x338 = 0.079960
	x339 = 1.553664
	x340 = -0.964350
	x341 = 1.394857
	x342 = -1.864112
	x343 = -0.188400
	x344 = -0.326677
	x345 = -1.161899
	x346 = -1.577266
	x347 = 2.076718
	x348 = -0.144092
	x349 = 0.017905
	x350 = 0.533712
	x351 = 0.675380
	x352 = 0.705839
	x353 = -0.633684
	x354 = 0.793544
	x355 = 0.245047
	x356 = -1.600355
	x357 = 0.832229
	x358 = 1.864207
	x359 = 0.734854
	x360 = -0.289137
	x361 = -0.699348
	x362 = -0.371782
	x363 = -2.765111
	x364 = -2.049449
	x365 = -0.839991
	x366 = 0.687525
	x367 = -0.230493
	x368 = -2.130403
	x369 = 0.457273
	x370 = 1.428597
	x371 = 2.037328
	x372 = 2.258031
	x373 = 0.561312
	x374 = 2.083387
	x375 = -1.361169
	x376 = -1.632841
	x377 = -0.174834
	x378 = -0.219006
	x379 = -2.102233
	x380 = 3.501410
	x381 = 0.464652
	x382 = -1.635119
	x383 = 1.345330
	x384 = 2.813509
	x385 = 0.646484
	x386 = -2.066687
	x387 = 0.468772
	x388 = -0.537414
	x389 = -1.618256
	x390 = -0.787582
	x391 = -2.099406
	x392 = 1.252757
	x393 = -1.323931
	x394 = -0.942263
	x395 = -0.032088
	x396 = -1.962823
	x397 = -1.592991
	x398 = 1.354173
	x399 = 0.399914
	x400 = -0.406944
	x401 = 0.485409
	x402 = 2.676030
	x403 = -0.942933
	x404 = -1.216468
	x405 = -0.231581
	x406 = -0.686788
	x407 = 2.609883
	x408 = -1.210024
	x409 = -0.902536
	x410 = -0.599919
	x411 = 0.426853
	x412 = 2.465945
	x413 = 2.754643
	x414 = -0.841860
	x415 = -1.292022
	x416 = 2.474010
	x417 = 2.989497
	x418 = -1.063567
	x419 = 1.565573
	x420 = -1.520065
	x421 = -1.351666
	x422 = 0.728221
	x423 = -1.466344
	x424 = 0.395806
	x425 = 0.401370
	x426 = -3.227972
	x427 = -1.587671
	x428 = -3.260889
	x429 = 1.625262
	x430 = -0.316675
	x431 = 0.516540
	x432 = 0.277253
	x433 = 1.971898
	x434 = 0.505404
	x435 = 1.034345
	x436 = -0.523751
	x437 = -0.716531
	x438 = -0.779164
	x439 = 0.372324
	x440 = -0.391238
	x441 = -1.556831
	x442 = -3.148797
	x443 = -1.370370
	x444 = 0.415208
	x445 = 0.818228
	x446 = -1.099825
	x447 = 0.685376
	x448 = -2.459536
	x449 = -0.326687
	x450 = 0.404349
	x451 = 0.422496
	x452 = 1.197203
	x453 = -2.155916
	x454 = 0.739669
	x455 = 2.285728
	x456 = 0.829591
	x457 = -1.242575
	x458 = -0.965687
	x459 = -3.932722
	x460 = 0.068707
	x461 = 2.109923
	x462 = -2.377535
	x463 = -3.624911
	x464 = -1.170112
	x465 = 0.834660
	x466 = 0.053327
	x467 = -1.393368
	x468 = 1.147955
	x469 = -1.512733
	x470 = -3.130520
	x471 = -0.419497
	x472 = -4.415072
	x473 = -0.619566
	x474 = -4.138517
	x475 = 0.072823
	x476 = -0.606481
	x477 = 0.560535
	x478 = 0.277274
	x479 = 0.209836
	x480 = 3.602866
	x481 = -0.030001
	x482 = 0.245304
	x483 = -1.344201
	x484 = -0.092261
	x485 = 1.291615
	x486 = 1.574405
	x487 = -0.906443
	x488 = 0.122508
	x489 = 1.297103
	x490 = 1.705054
	x491 = 1.759118
	x492 = 0.252726
	x493 = -3.471169
	x494 = -1.368401
	x495 = -1.661518
	x496 = 2.254888
	x497 = 2.039562
	x498 = -0.705733
	x499 = 0.304061
	x500 = 1.185284
	x501 = 1.274593
	x502 = -1.357399
	x503 = -1.090931
	x504 = 1.626001
	x505 = -0.317072
	x506 = -0.161783
	x507 = 1.541547
	x508 = -0.572473
	x509 = -0.883640
	x510 = -0.537398
	x511 = -1.492793

Output:
	y0 = -8.467321
	y1 = 6.418427
	y2 = -9.068575
	y3 = -5.867768
	y4 = 5.910797
	y5 = -11.098223
	y6 = -4.952184
	y7 = 6.780078
	y8 = -10.671661
	y9 = -9.008153
	y10 = 6.930303
	y11 = -10.014178
	y12 = -6.586382
	y13 = 8.491824
	y14 = -6.147823
	y15 = -5.688836
	y16 = 10.307399
	y17 = -6.415450
	y18 = -9.994845
	y19 = 7.339301
	y20 = -9.944613
	y21 = -8.098685
	y22 = 7.143444
	y23 = -10.762402
	y24 = -10.470660
	y25 = 9.231589
	y26 = -11.883975
	y27 = -10.549081
	y28 = 4.243284
	y29 = -10.877810
	y30 = -5.344407
	y31 = 13.324655
	y32 = -6.497462
	y33 = -6.442055
	y34 = 18.867579
	y35 = -6.780926
	y36 = -5.769692
	y37 = 26.540506
	y38 = -5.175229
	y39 = -6.537237
	y40 = 10.413584
	y41 = -8.143773
	y42 = -9.685720
	y43 = 10.126043
	y44 = -11.327264
	y45 = -9.390399
	y46 = 9.653195
	y47 = -12.327187
	y48 = -6.122892
	y49 = 5.546117
	y50 = -5.354347
	y51 = -5.263643
	y52 = 7.488679
	y53 = -5.718956
	y54 = 0.935246
	y55 = -7.272333
	y56 = 5.130076
	y57 = -1.259472
	y58 = -8.040500
	y59 = 4.209910
	y60 = 1.412090
	y61 = 11.684731
	y62 = 1.830453
	y63 = 0.035172
	y64 = 12.831322
	y65 = -0.312900
	y66 = -4.936270
	y67 = 15.383648
	y68 = -5.564222
	y69 = -7.450952
	y70 = 10.883575
	y71 = -8.325565
	y72 = -7.317638
	y73 = 9.701133
	y74 = -6.765239
	y75 = -4.516167
	y76 = 10.296804
	y77 = -4.716784
	y78 = 7.149789
	y79 = -11.227682
	y80 = 1.819000
	y81 = 7.589811
	y82 = -24.285865
	y83 = 11.482467
	y84 = 14.258574
	y85 = -19.681006
	y86 = 8.681356
	y87 = 5.290056
	y88 = -8.931059
	y89 = -2.052311
	y90 = -3.907247
	y91 = 12.070858
	y92 = -4.634893
	y93 = -8.546552
	y94 = 12.307594
	y95 = -8.129233
	y96 = -7.040991
	y97 = 15.228163
	y98 = -3.456596
	y99 = -3.940683
	y100 = 4.946797
	y101 = -3.546511
	y102 = 1.574021
	y103 = 2.981076
	y104 = 2.981085
	y105 = 8.897895
	y106 = -20.486095
	y107 = 12.868790
	y108 = 9.560929
	y109 = -20.324512
	y110 = 10.373987
	y111 = -0.756507
	y112 = 14.839159
	y113 = -0.195573
	y114 = -6.266731
	y115 = 7.867778
	y116 = -6.075463
	y117 = -8.477662
	y118 = 12.841374
	y119 = -6.217379
	y120 = -7.468119
	y121 = 11.410174
	y122 = -8.347757
	y123 = -4.267276
	y124 = 8.310583
	y125 = -5.092124
	y126 = -2.939896
	y127 = 34.593354
	y128 = -3.949836
	y129 = 7.130811
	y130 = -2.965436
	y131 = 2.004758
	y132 = 2.230224
	y133 = -12.846105
	y134 = 7.592068
	y135 = 1.636496
	y136 = -14.169392
	y137 = 4.742549
	y138 = -8.313764
	y139 = 32.061745
	y140 = -8.697450
	y141 = -10.038478
	y142 = 8.501664
	y143 = -7.270703
	y144 = -9.704551
	y145 = 7.949593
	y146 = -9.069635
	y147 = -9.795267
	y148 = 12.502079
	y149 = -9.838452
	y150 = -5.159531
	y151 = 12.030246
	y152 = -4.955809
	y153 = -3.019960
	y154 = 13.052705
	y155 = -2.141665
	y156 = -7.182970
	y157 = 31.242653
	y158 = -7.830627
	y159 = -7.383906
	y160 = 31.889247
	y161 = -6.467487
	y162 = -9.585850
	y163 = 10.209062
	y164 = -8.753777
	y165 = -9.386984
	y166 = 12.253918
	y167 = -10.416871
	y168 = -13.086988
	y169 = 14.563333
	y170 = -10.297658
	y171 = -11.600871
	y172 = 7.856945
	y173 = -12.470572
	y174 = -9.632009
	y175 = 10.602976
	y176 = -8.885884
	y177 = -10.976928
	y178 = 12.521713
	y179 = -11.296505
	y180 = -10.369141
	y181 = 13.703506
	y182 = -8.121520
	y183 = -12.258025
	y184 = 13.556734
	y185 = -6.331946
	y186 = -15.757035
	y187 = 15.679621
	y188 = -10.355290
	y189 = -14.155241
	y190 = 12.408554
	y191 = -11.454545

