InputQuery: /home/levn/Workspace/othello_world/queries/head_prove_probe_robust/game_96_target_34_eps_0.1.txt
Engine::processInputQuery: Input query (before preprocessing): 510 equations, 1277 variables
Engine::processInputQuery: Input query (after preprocessing): 766 equations, 1416 variables

Input bounds:
	x0: [  0.0710,   0.2710] 
	x1: [ -1.4132,  -1.2132] 
	x2: [ -1.6350,  -1.4350] 
	x3: [  2.7215,   2.9215] 
	x4: [  2.4799,   2.6799] 
	x5: [  1.7121,   1.9121] 
	x6: [  1.6611,   1.8611] 
	x7: [ -1.0650,  -0.8650] 
	x8: [ -1.7152,  -1.5152] 
	x9: [ -1.0750,  -0.8750] 
	x10: [  3.5346,   3.7346] 
	x11: [ -0.1609,   0.0391] 
	x12: [ -0.2142,  -0.0142] 
	x13: [ -1.9441,  -1.7441] 
	x14: [  0.5405,   0.7405] 
	x15: [ -0.6522,  -0.4522] 
	x16: [  0.1190,   0.3190] 
	x17: [  2.6301,   2.8301] 
	x18: [ -0.1877,   0.0123] 
	x19: [  3.0831,   3.2831] 
	x20: [  1.7117,   1.9117] 
	x21: [ -1.2520,  -1.0520] 
	x22: [ -1.4793,  -1.2793] 
	x23: [  2.6149,   2.8149] 
	x24: [ -0.3192,  -0.1192] 
	x25: [  0.5706,   0.7706] 
	x26: [  2.8232,   3.0232] 
	x27: [ -0.2170,  -0.0170] 
	x28: [ -1.0228,  -0.8228] 
	x29: [ -0.2002,  -0.0002] 
	x30: [  2.9205,   3.1205] 
	x31: [  2.2286,   2.4286] 
	x32: [  1.5540,   1.7540] 
	x33: [  1.8546,   2.0546] 
	x34: [ -2.0915,  -1.8915] 
	x35: [ -2.2448,  -2.0448] 
	x36: [  0.8155,   1.0155] 
	x37: [ -3.5046,  -3.3046] 
	x38: [ -2.3441,  -2.1441] 
	x39: [ -4.7766,  -4.5766] 
	x40: [  1.8401,   2.0401] 
	x41: [  2.0511,   2.2511] 
	x42: [ -3.3001,  -3.1001] 
	x43: [  1.5494,   1.7494] 
	x44: [ -0.4083,  -0.2083] 
	x45: [ -0.5833,  -0.3833] 
	x46: [  0.2077,   0.4077] 
	x47: [  3.0573,   3.2573] 
	x48: [  1.6511,   1.8511] 
	x49: [ -0.8408,  -0.6408] 
	x50: [  3.2525,   3.4525] 
	x51: [ -2.9203,  -2.7203] 
	x52: [  0.2941,   0.4941] 
	x53: [ -0.7965,  -0.5965] 
	x54: [  2.5726,   2.7726] 
	x55: [  1.7087,   1.9087] 
	x56: [ -2.6844,  -2.4844] 
	x57: [ -1.9569,  -1.7569] 
	x58: [ -1.3782,  -1.1782] 
	x59: [ -1.9435,  -1.7435] 
	x60: [  0.9311,   1.1311] 
	x61: [  0.5484,   0.7484] 
	x62: [ -1.7407,  -1.5407] 
	x63: [ -0.6651,  -0.4651] 
	x64: [ -1.9546,  -1.7546] 
	x65: [ -0.8054,  -0.6054] 
	x66: [ -1.9887,  -1.7887] 
	x67: [ -1.1916,  -0.9916] 
	x68: [ -0.2640,  -0.0640] 
	x69: [  0.5237,   0.7237] 
	x70: [ -1.5793,  -1.3793] 
	x71: [ -0.1590,   0.0410] 
	x72: [ -2.9047,  -2.7047] 
	x73: [ -1.1994,  -0.9994] 
	x74: [ -1.9017,  -1.7017] 
	x75: [ -2.5262,  -2.3262] 
	x76: [  0.5696,   0.7696] 
	x77: [ -0.3912,  -0.1912] 
	x78: [ -0.2390,  -0.0390] 
	x79: [  1.7924,   1.9924] 
	x80: [ -3.7941,  -3.5941] 
	x81: [  1.8603,   2.0603] 
	x82: [ -0.7735,  -0.5735] 
	x83: [ -2.3209,  -2.1209] 
	x84: [  1.6377,   1.8377] 
	x85: [  0.4025,   0.6025] 
	x86: [  0.4991,   0.6991] 
	x87: [ -1.6973,  -1.4973] 
	x88: [  0.0855,   0.2855] 
	x89: [  2.2109,   2.4109] 
	x90: [  0.1978,   0.3978] 
	x91: [  0.4195,   0.6195] 
	x92: [ -1.6413,  -1.4413] 
	x93: [ -3.6318,  -3.4318] 
	x94: [ -2.3401,  -2.1401] 
	x95: [  1.3672,   1.5672] 
	x96: [  0.2628,   0.4628] 
	x97: [ -0.3525,  -0.1525] 
	x98: [  0.2682,   0.4682] 
	x99: [ -1.5553,  -1.3553] 
	x100: [  0.0883,   0.2883] 
	x101: [ -0.9021,  -0.7021] 
	x102: [  1.0695,   1.2695] 
	x103: [ -0.3504,  -0.1504] 
	x104: [  1.8047,   2.0047] 
	x105: [ -1.1378,  -0.9378] 
	x106: [ -0.0259,   0.1741] 
	x107: [  4.6407,   4.8407] 
	x108: [  1.0361,   1.2361] 
	x109: [  3.2911,   3.4911] 
	x110: [  0.0597,   0.2597] 
	x111: [  0.0415,   0.2415] 
	x112: [ -0.7977,  -0.5977] 
	x113: [  1.4208,   1.6208] 
	x114: [ -1.1976,  -0.9976] 
	x115: [ -3.7511,  -3.5511] 
	x116: [ -1.8416,  -1.6416] 
	x117: [ -2.0591,  -1.8591] 
	x118: [  1.8490,   2.0490] 
	x119: [  0.8285,   1.0285] 
	x120: [ -0.0385,   0.1615] 
	x121: [ -3.9110,  -3.7110] 
	x122: [  3.9752,   4.1752] 
	x123: [ -0.5320,  -0.3320] 
	x124: [  1.3891,   1.5891] 
	x125: [  0.2948,   0.4948] 
	x126: [  0.8386,   1.0386] 
	x127: [  0.5546,   0.7546] 
	x128: [  1.6529,   1.8529] 
	x129: [  2.7952,   2.9952] 
	x130: [  2.4621,   2.6621] 
	x131: [ -4.7119,  -4.5119] 
	x132: [ -0.0821,   0.1179] 
	x133: [ -0.6303,  -0.4303] 
	x134: [ -0.3608,  -0.1608] 
	x135: [ -2.4860,  -2.2860] 
	x136: [  1.2147,   1.4147] 
	x137: [  0.4109,   0.6109] 
	x138: [  2.4437,   2.6437] 
	x139: [ -0.8185,  -0.6185] 
	x140: [  0.4383,   0.6383] 
	x141: [  3.2486,   3.4486] 
	x142: [ -0.5840,  -0.3840] 
	x143: [  3.1183,   3.3183] 
	x144: [ -1.7824,  -1.5824] 
	x145: [  0.8662,   1.0662] 
	x146: [  1.3471,   1.5471] 
	x147: [ -1.3315,  -1.1315] 
	x148: [ -0.6698,  -0.4698] 
	x149: [ -0.3770,  -0.1770] 
	x150: [ -0.5678,  -0.3678] 
	x151: [  2.1457,   2.3457] 
	x152: [  0.0909,   0.2909] 
	x153: [  0.6429,   0.8429] 
	x154: [  0.0306,   0.2306] 
	x155: [  0.9947,   1.1947] 
	x156: [ -0.0399,   0.1601] 
	x157: [  3.2935,   3.4935] 
	x158: [ -3.6090,  -3.4090] 
	x159: [  1.2552,   1.4552] 
	x160: [ -2.1291,  -1.9291] 
	x161: [  1.5905,   1.7905] 
	x162: [ -0.1903,   0.0097] 
	x163: [  1.1059,   1.3059] 
	x164: [ -4.8557,  -4.6557] 
	x165: [ -0.3394,  -0.1394] 
	x166: [ -1.3354,  -1.1354] 
	x167: [  1.0263,   1.2263] 
	x168: [ -0.5750,  -0.3750] 
	x169: [  2.3256,   2.5256] 
	x170: [  0.4490,   0.6490] 
	x171: [  3.1588,   3.3588] 
	x172: [ -0.0430,   0.1570] 
	x173: [ -0.7877,  -0.5877] 
	x174: [ -1.4850,  -1.2850] 
	x175: [ -3.0163,  -2.8163] 
	x176: [  0.1247,   0.3247] 
	x177: [  1.1365,   1.3365] 
	x178: [ -1.2047,  -1.0047] 
	x179: [  1.4090,   1.6090] 
	x180: [ -0.1177,   0.0823] 
	x181: [ -0.3539,  -0.1539] 
	x182: [ -2.4134,  -2.2134] 
	x183: [  0.0127,   0.2127] 
	x184: [ -2.0250,  -1.8250] 
	x185: [ -0.7806,  -0.5806] 
	x186: [  2.1099,   2.3099] 
	x187: [  1.2894,   1.4894] 
	x188: [  2.5453,   2.7453] 
	x189: [ -1.3234,  -1.1234] 
	x190: [  1.1955,   1.3955] 
	x191: [  3.2196,   3.4196] 
	x192: [ -1.5892,  -1.3892] 
	x193: [ -0.0641,   0.1359] 
	x194: [  1.7983,   1.9983] 
	x195: [ -0.9770,  -0.7770] 
	x196: [ -0.3726,  -0.1726] 
	x197: [ -0.6245,  -0.4245] 
	x198: [ -1.5118,  -1.3118] 
	x199: [  1.7803,   1.9803] 
	x200: [ -0.4461,  -0.2461] 
	x201: [ -0.6657,  -0.4657] 
	x202: [  0.7485,   0.9485] 
	x203: [ -0.8777,  -0.6777] 
	x204: [ -1.2680,  -1.0680] 
	x205: [  1.8712,   2.0712] 
	x206: [  0.2803,   0.4803] 
	x207: [ -0.0924,   0.1076] 
	x208: [ -3.4383,  -3.2383] 
	x209: [ -0.0599,   0.1401] 
	x210: [ -1.8444,  -1.6444] 
	x211: [ -2.2118,  -2.0118] 
	x212: [  1.9394,   2.1394] 
	x213: [  2.2353,   2.4353] 
	x214: [  2.6841,   2.8841] 
	x215: [ -1.4785,  -1.2785] 
	x216: [ -0.6282,  -0.4282] 
	x217: [ -1.5707,  -1.3707] 
	x218: [ -0.7406,  -0.5406] 
	x219: [ -1.6905,  -1.4905] 
	x220: [  0.0880,   0.2880] 
	x221: [ -2.7337,  -2.5337] 
	x222: [  1.4210,   1.6210] 
	x223: [  0.7141,   0.9141] 
	x224: [ -0.8730,  -0.6730] 
	x225: [ -0.9266,  -0.7266] 
	x226: [  2.3435,   2.5435] 
	x227: [  0.0951,   0.2951] 
	x228: [  2.1174,   2.3174] 
	x229: [  1.0431,   1.2431] 
	x230: [  5.1137,   5.3137] 
	x231: [ -1.1266,  -0.9266] 
	x232: [  1.4291,   1.6291] 
	x233: [  0.5362,   0.7362] 
	x234: [  0.0944,   0.2944] 
	x235: [  0.5331,   0.7331] 
	x236: [  0.6454,   0.8454] 
	x237: [  1.6954,   1.8954] 
	x238: [  0.4844,   0.6844] 
	x239: [  0.7573,   0.9573] 
	x240: [ -0.1858,   0.0142] 
	x241: [  1.9746,   2.1746] 
	x242: [ -0.5561,  -0.3561] 
	x243: [  1.9667,   2.1667] 
	x244: [  1.0682,   1.2682] 
	x245: [  1.1273,   1.3273] 
	x246: [  1.6930,   1.8930] 
	x247: [ -0.5856,  -0.3856] 
	x248: [ -1.5879,  -1.3879] 
	x249: [ -0.6728,  -0.4728] 
	x250: [ -1.7232,  -1.5232] 
	x251: [ -0.0407,   0.1593] 
	x252: [ -3.4001,  -3.2001] 
	x253: [ -0.6055,  -0.4055] 
	x254: [ -1.1801,  -0.9801] 
	x255: [ -2.7896,  -2.5896] 
	x256: [ -1.3550,  -1.1550] 
	x257: [  0.6960,   0.8960] 
	x258: [ -1.8194,  -1.6194] 
	x259: [ -0.2747,  -0.0747] 
	x260: [  3.8069,   4.0069] 
	x261: [ -0.6806,  -0.4806] 
	x262: [ -2.4369,  -2.2369] 
	x263: [  0.7437,   0.9437] 
	x264: [ -0.3737,  -0.1737] 
	x265: [ -0.9346,  -0.7346] 
	x266: [ -1.5600,  -1.3600] 
	x267: [ -0.3052,  -0.1052] 
	x268: [ -1.8852,  -1.6852] 
	x269: [ -0.1328,   0.0672] 
	x270: [  2.9970,   3.1970] 
	x271: [ -1.8171,  -1.6171] 
	x272: [  0.7878,   0.9878] 
	x273: [ -0.8637,  -0.6637] 
	x274: [  1.5081,   1.7081] 
	x275: [ -1.3704,  -1.1704] 
	x276: [ -1.3821,  -1.1821] 
	x277: [  0.8390,   1.0390] 
	x278: [  2.5209,   2.7209] 
	x279: [  3.0404,   3.2404] 
	x280: [  1.7452,   1.9452] 
	x281: [ -3.2682,  -3.0682] 
	x282: [ -4.1957,  -3.9957] 
	x283: [ -1.6220,  -1.4220] 
	x284: [ -3.2942,  -3.0942] 
	x285: [ -0.9270,  -0.7270] 
	x286: [ -0.6249,  -0.4249] 
	x287: [ -1.2174,  -1.0174] 
	x288: [ -1.4393,  -1.2393] 
	x289: [  1.4481,   1.6481] 
	x290: [ -2.0657,  -1.8657] 
	x291: [  1.3570,   1.5570] 
	x292: [ -0.9250,  -0.7250] 
	x293: [ -0.6609,  -0.4609] 
	x294: [ -0.2128,  -0.0128] 
	x295: [ -2.6227,  -2.4227] 
	x296: [ -1.9707,  -1.7707] 
	x297: [  4.4758,   4.6758] 
	x298: [  0.3743,   0.5743] 
	x299: [ -0.1285,   0.0715] 
	x300: [  1.0468,   1.2468] 
	x301: [ -0.7627,  -0.5627] 
	x302: [  1.4008,   1.6008] 
	x303: [  2.6483,   2.8483] 
	x304: [ -0.8487,  -0.6487] 
	x305: [  0.4453,   0.6453] 
	x306: [  1.5094,   1.7094] 
	x307: [ -2.1062,  -1.9062] 
	x308: [ -2.2159,  -2.0159] 
	x309: [  1.5417,   1.7417] 
	x310: [ -0.5554,  -0.3554] 
	x311: [  0.6396,   0.8396] 
	x312: [ -0.1860,   0.0140] 
	x313: [  1.8365,   2.0365] 
	x314: [ -3.9569,  -3.7569] 
	x315: [ -1.0553,  -0.8553] 
	x316: [ -0.8547,  -0.6547] 
	x317: [ -1.4639,  -1.2639] 
	x318: [ -0.0218,   0.1782] 
	x319: [  0.1594,   0.3594] 
	x320: [ -2.3511,  -2.1511] 
	x321: [  1.0763,   1.2763] 
	x322: [ -1.1564,  -0.9564] 
	x323: [  2.2764,   2.4764] 
	x324: [ -0.4382,  -0.2382] 
	x325: [ -0.7147,  -0.5147] 
	x326: [  0.1778,   0.3778] 
	x327: [  2.1273,   2.3273] 
	x328: [  2.7603,   2.9603] 
	x329: [  0.6156,   0.8156] 
	x330: [  1.2911,   1.4911] 
	x331: [  0.8657,   1.0657] 
	x332: [ -1.1420,  -0.9420] 
	x333: [  0.3517,   0.5517] 
	x334: [ -1.0160,  -0.8160] 
	x335: [ -1.0998,  -0.8998] 
	x336: [  1.8114,   2.0114] 
	x337: [  0.1844,   0.3844] 
	x338: [  0.1425,   0.3425] 
	x339: [  2.9572,   3.1572] 
	x340: [  1.0453,   1.2453] 
	x341: [ -1.9326,  -1.7326] 
	x342: [ -1.3682,  -1.1682] 
	x343: [  2.3375,   2.5375] 
	x344: [  0.9347,   1.1347] 
	x345: [ -1.8352,  -1.6352] 
	x346: [  1.4716,   1.6716] 
	x347: [ -0.1884,   0.0116] 
	x348: [  0.7798,   0.9798] 
	x349: [  0.6833,   0.8833] 
	x350: [ -0.2706,  -0.0706] 
	x351: [  0.9707,   1.1707] 
	x352: [ -2.0072,  -1.8072] 
	x353: [ -0.1888,   0.0112] 
	x354: [  1.1677,   1.3677] 
	x355: [  1.3622,   1.5622] 
	x356: [ -1.3213,  -1.1213] 
	x357: [ -1.0633,  -0.8633] 
	x358: [  1.2462,   1.4462] 
	x359: [  0.4839,   0.6839] 
	x360: [ -2.5936,  -2.3936] 
	x361: [  0.1244,   0.3244] 
	x362: [ -0.4763,  -0.2763] 
	x363: [ -1.9642,  -1.7642] 
	x364: [ -1.2530,  -1.0530] 
	x365: [  0.4432,   0.6432] 
	x366: [  0.2154,   0.4154] 
	x367: [  1.3473,   1.5473] 
	x368: [ -1.6294,  -1.4294] 
	x369: [  1.7547,   1.9547] 
	x370: [ -3.6827,  -3.4827] 
	x371: [ -0.9546,  -0.7546] 
	x372: [  2.4287,   2.6287] 
	x373: [ -0.8742,  -0.6742] 
	x374: [  0.0886,   0.2886] 
	x375: [ -1.4865,  -1.2865] 
	x376: [ -3.3688,  -3.1688] 
	x377: [ -1.8794,  -1.6794] 
	x378: [  0.3615,   0.5615] 
	x379: [ -2.1014,  -1.9014] 
	x380: [ -0.3858,  -0.1858] 
	x381: [  1.1139,   1.3139] 
	x382: [ -2.5359,  -2.3359] 
	x383: [  0.9367,   1.1367] 
	x384: [ -0.1758,   0.0242] 
	x385: [ -0.6678,  -0.4678] 
	x386: [ -0.8675,  -0.6675] 
	x387: [  0.4329,   0.6329] 
	x388: [ -1.6678,  -1.4678] 
	x389: [  1.0835,   1.2835] 
	x390: [ -0.6031,  -0.4031] 
	x391: [  1.6774,   1.8774] 
	x392: [  3.3097,   3.5097] 
	x393: [ -0.8135,  -0.6135] 
	x394: [ -0.3910,  -0.1910] 
	x395: [  0.2644,   0.4644] 
	x396: [ -0.6819,  -0.4819] 
	x397: [ -1.0375,  -0.8375] 
	x398: [ -1.4346,  -1.2346] 
	x399: [ -0.5024,  -0.3024] 
	x400: [  2.0367,   2.2367] 
	x401: [ -0.1323,   0.0677] 
	x402: [ -0.3319,  -0.1319] 
	x403: [ -4.5137,  -4.3137] 
	x404: [ -1.6011,  -1.4011] 
	x405: [  0.2289,   0.4289] 
	x406: [ -1.4431,  -1.2431] 
	x407: [  0.7343,   0.9343] 
	x408: [ -1.2577,  -1.0577] 
	x409: [  0.5644,   0.7644] 
	x410: [ -1.8358,  -1.6358] 
	x411: [ -1.5995,  -1.3995] 
	x412: [ -0.2353,  -0.0353] 
	x413: [ -2.4316,  -2.2316] 
	x414: [  0.1556,   0.3556] 
	x415: [  0.8541,   1.0541] 
	x416: [ -3.6593,  -3.4593] 
	x417: [ -0.5111,  -0.3111] 
	x418: [  1.5436,   1.7436] 
	x419: [  1.4300,   1.6300] 
	x420: [ -1.6429,  -1.4429] 
	x421: [  2.5128,   2.7128] 
	x422: [ -1.5060,  -1.3060] 
	x423: [  1.9398,   2.1398] 
	x424: [ -2.4672,  -2.2672] 
	x425: [  2.4549,   2.6549] 
	x426: [ -3.7505,  -3.5505] 
	x427: [  3.2184,   3.4184] 
	x428: [  5.6811,   5.8811] 
	x429: [  2.9454,   3.1454] 
	x430: [ -0.1861,   0.0139] 
	x431: [ -2.5874,  -2.3874] 
	x432: [ -1.2199,  -1.0199] 
	x433: [  1.1204,   1.3204] 
	x434: [  1.0704,   1.2704] 
	x435: [  0.2642,   0.4642] 
	x436: [  1.0417,   1.2417] 
	x437: [  2.3557,   2.5557] 
	x438: [  0.3140,   0.5140] 
	x439: [  1.3571,   1.5571] 
	x440: [ -2.2674,  -2.0674] 
	x441: [  1.1607,   1.3607] 
	x442: [  3.7828,   3.9828] 
	x443: [ -0.2064,  -0.0064] 
	x444: [ -1.2057,  -1.0057] 
	x445: [ -1.3651,  -1.1651] 
	x446: [  0.4522,   0.6522] 
	x447: [  0.6153,   0.8153] 
	x448: [ -0.6884,  -0.4884] 
	x449: [ -0.2168,  -0.0168] 
	x450: [ -1.5031,  -1.3031] 
	x451: [  1.3719,   1.5719] 
	x452: [  0.4845,   0.6845] 
	x453: [  1.6865,   1.8865] 
	x454: [  0.1242,   0.3242] 
	x455: [ -4.1393,  -3.9393] 
	x456: [  0.1728,   0.3728] 
	x457: [ -0.8168,  -0.6168] 
	x458: [ -2.7214,  -2.5214] 
	x459: [  1.9636,   2.1636] 
	x460: [ -0.1873,   0.0127] 
	x461: [ -0.8313,  -0.6313] 
	x462: [ -0.6556,  -0.4556] 
	x463: [ -0.6256,  -0.4256] 
	x464: [ -1.9617,  -1.7617] 
	x465: [  0.4912,   0.6912] 
	x466: [ -1.2628,  -1.0628] 
	x467: [ -1.2528,  -1.0528] 
	x468: [ -0.9701,  -0.7701] 
	x469: [  0.9740,   1.1740] 
	x470: [ -1.6830,  -1.4830] 
	x471: [ -0.6136,  -0.4136] 
	x472: [  0.4564,   0.6564] 
	x473: [ -1.1310,  -0.9310] 
	x474: [ -0.9531,  -0.7531] 
	x475: [ -1.3822,  -1.1822] 
	x476: [ -0.8561,  -0.6561] 
	x477: [  0.7631,   0.9631] 
	x478: [ -1.3205,  -1.1205] 
	x479: [ -0.5348,  -0.3348] 
	x480: [  1.7065,   1.9065] 
	x481: [ -1.2186,  -1.0186] 
	x482: [  0.2807,   0.4807] 
	x483: [  0.3531,   0.5531] 
	x484: [ -0.2777,  -0.0777] 
	x485: [ -0.3922,  -0.1922] 
	x486: [ -0.4472,  -0.2472] 
	x487: [  2.5473,   2.7473] 
	x488: [ -1.2570,  -1.0570] 
	x489: [ -1.0482,  -0.8482] 
	x490: [ -2.3726,  -2.1726] 
	x491: [ -3.7915,  -3.5915] 
	x492: [ -0.1094,   0.0906] 
	x493: [  0.0836,   0.2836] 
	x494: [  1.2144,   1.4144] 
	x495: [  1.7276,   1.9276] 
	x496: [  0.4986,   0.6986] 
	x497: [ -0.6480,  -0.4480] 
	x498: [  3.0157,   3.2157] 
	x499: [  1.1079,   1.3079] 
	x500: [ -1.3321,  -1.1321] 
	x501: [  1.4273,   1.6273] 
	x502: [ -2.9187,  -2.7187] 
	x503: [ -0.5440,  -0.3440] 
	x504: [ -2.5621,  -2.3621] 
	x505: [ -3.8694,  -3.6694] 
	x506: [  5.0953,   5.2953] 
	x507: [ -3.8755,  -3.6755] 
	x508: [ -1.3261,  -1.1261] 
	x509: [ -0.4771,  -0.2771] 
	x510: [ -0.9523,  -0.7523] 
	x511: [ -1.3214,  -1.1214] 

Branching heuristics set to PseudoImpact

Engine::solve: Initial statistics

02:31:44 Statistics update:
	--- Time Statistics ---
	Total time elapsed: 1566 milli (00:00:01)
		Main loop: 0 milli (00:00:00)
		Preprocessing time: 751 milli (00:00:00)
		Unknown: 814 milli (00:00:00)
	Breakdown for main loop:
		[0.00%] Simplex steps: 0 milli
		[0.00%] Explicit-basis bound tightening: 0 milli
		[0.00%] Constraint-matrix bound tightening: 0 milli
		[0.00%] Degradation checking: 0 milli
		[0.00%] Precision restoration: 0 milli
		[0.00%] Statistics handling: 0 milli
		[0.00%] Constraint-fixing steps: 0 milli
		[0.00%] Valid case splits: 0 milli. Average per split: 0.00 milli
		[0.00%] Applying stored bound-tightening: 0 milli
		[0.00%] SMT core: 0 milli
		[0.00%] Symbolic Bound Tightening: 45 milli
		[0.00%] SoI-based local search: 0 milli
		[0.00%] SoI-based local search: 0 milli
		[0.00%] Unaccounted for: 0 milli
	--- Preprocessor Statistics ---
	Number of preprocessor bound-tightening loop iterations: 3
	Number of eliminated variables: 118
	Number of constraints removed due to variable elimination: 118
	Number of equations removed due to variable elimination: 0
	--- Engine Statistics ---
	Number of main loop iterations: 1
		0 iterations were simplex steps. Total time: 0 milli. Average: 0.00 milli.
		0 iterations were constraint-fixing steps. Total time: 0 milli. Average: 0.00 milli
	Number of active piecewise-linear constraints: 138 / 138
		Constraints disabled by valid splits: 0. By SMT-originated splits: 0
	Last reported degradation: 0.0000000000. Max degradation so far: 0.0000000000. Restorations so far: 0
	Number of simplex pivots we attempted to skip because of instability: 0.
	Unstable pivots performed anyway: 0
	--- Tableau Statistics ---
	Total number of pivots performed: 0
		Real pivots: 0. Degenerate: 0 (0.00%)
		Degenerate pivots by request (e.g., to fix a PL constraint): 0 (0.00%)
		Average time per pivot: 0.00 milli
	Total number of fake pivots performed: 0
	Total number of rows added: 0. Number of merged columns: 0
	Current tableau dimensions: M = 766, N = 2182
	--- SMT Core Statistics ---
	Total depth is 0. Total visited states: 1. Number of splits: 0. Number of pops: 0
	Max stack depth: 0
	--- Bound Tightening Statistics ---
	Number of tightened bounds: 0.
		Number of rows examined by row tightener: 0. Consequent tightenings: 0
		Number of explicit basis matrices examined by row tightener: 0. Consequent tightenings: 0
		Number of bound tightening rounds on the entire constraint matrix: 0. Consequent tightenings: 0
		Number of bound notifications sent to PL constraints: 828. Tightenings proposed: 0
	--- Basis Factorization statistics ---
	Number of basis refactorizations: 2
	--- Projected Steepest Edge Statistics ---
	Number of iterations: 0.
	Number of resets to reference space: 1. Avg. iterations per reset: 0
	--- SBT ---
	Number of tightened bounds: 385
	--- SoI-based local search ---
	Number of proposed phase pattern update: 0. Number of accepted update: 0 [0.00%]
	Total time (% of local search time) updating SoI phase pattern : 0 milli [0.00%]
	Total time obtaining current assignment: 0 milli [0.00%]
	Total time getting SoI phase pattern : 0 milli [0.00%]
	--- Context dependent statistics ---
	Number of pushes / pops: 0 / 0
		[0.00%] Pre-Push hook: 0 milli
		[0.00%] Push : 0 milli
		[0.00%] Post-Pop hook: 0 milli
		[0.00%] Pop : 0 milli
		[0.00%] Total context-switching time: 0 milli
	--- Proof Certificate ---
	Number of certified leaves: 0
	Number of leaves to delegate: 0

---

02:34:33 Statistics update:
	--- Time Statistics ---
	Total time elapsed: 169843 milli (00:02:49)
		Main loop: 166718 milli (00:02:46)
		Preprocessing time: 751 milli (00:00:00)
		Unknown: 2373 milli (00:00:02)
	Breakdown for main loop:
		[92.05%] Simplex steps: 153456 milli
		[7.31%] Explicit-basis bound tightening: 12193 milli
		[0.00%] Constraint-matrix bound tightening: 0 milli
		[0.54%] Degradation checking: 903 milli
		[0.00%] Precision restoration: 0 milli
		[0.36%] Statistics handling: 592 milli
		[0.00%] Constraint-fixing steps: 0 milli
		[0.00%] Valid case splits: 2 milli. Average per split: 0.00 milli
		[0.00%] Applying stored bound-tightening: 2 milli
		[0.01%] SMT core: 16 milli
		[0.35%] Symbolic Bound Tightening: 575 milli
		[60.22%] SoI-based local search: 100399 milli
		[0.00%] SoI-based local search: 0 milli
		[11064584910964.89%] Unaccounted for: 0 milli
	--- Preprocessor Statistics ---
	Number of preprocessor bound-tightening loop iterations: 3
	Number of eliminated variables: 118
	Number of constraints removed due to variable elimination: 118
	Number of equations removed due to variable elimination: 0
	--- Engine Statistics ---
	Number of main loop iterations: 10000
		9961 iterations were simplex steps. Total time: 153456 milli. Average: 15.41 milli.
		0 iterations were constraint-fixing steps. Total time: 0 milli. Average: 0.00 milli
	Number of active piecewise-linear constraints: 120 / 138
		Constraints disabled by valid splits: 0. By SMT-originated splits: 18
	Last reported degradation: 0.0000008232. Max degradation so far: 0.0008583536. Restorations so far: 0
	Number of simplex pivots we attempted to skip because of instability: 0.
	Unstable pivots performed anyway: 0
	--- Tableau Statistics ---
	Total number of pivots performed: 9761
		Real pivots: 9760. Degenerate: 1 (0.01%)
		Degenerate pivots by request (e.g., to fix a PL constraint): 0 (0.00%)
		Average time per pivot: 2.13 milli
	Total number of fake pivots performed: 69
	Total number of rows added: 0. Number of merged columns: 0
	Current tableau dimensions: M = 766, N = 2182
	--- SMT Core Statistics ---
	Total depth is 18. Total visited states: 19. Number of splits: 18. Number of pops: 0
	Max stack depth: 18
	--- Bound Tightening Statistics ---
	Number of tightened bounds: 3467.
		Number of rows examined by row tightener: 9761. Consequent tightenings: 0
		Number of explicit basis matrices examined by row tightener: 5. Consequent tightenings: 279
		Number of bound tightening rounds on the entire constraint matrix: 0. Consequent tightenings: 0
		Number of bound notifications sent to PL constraints: 1692. Tightenings proposed: 0
	--- Basis Factorization statistics ---
	Number of basis refactorizations: 93
	--- Projected Steepest Edge Statistics ---
	Number of iterations: 9830.
	Number of resets to reference space: 13. Avg. iterations per reset: 756
	--- SBT ---
	Number of tightened bounds: 3852
	--- SoI-based local search ---
	Number of proposed phase pattern update: 48. Number of accepted update: 30 [62.50%]
	Total time (% of local search time) updating SoI phase pattern : 31895 milli [0.03%]
	Total time obtaining current assignment: 60323 milli [0.06%]
	Total time getting SoI phase pattern : 12272 milli [0.01%]
	--- Context dependent statistics ---
	Number of pushes / pops: 18 / 0
		[0.00%] Pre-Push hook: 8 milli
		[0.00%] Push : 0 milli
		[0.00%] Post-Pop hook: 0 milli
		[0.00%] Pop : 0 milli
		[0.00%] Total context-switching time: 8 milli
	--- Proof Certificate ---
	Number of certified leaves: 0
	Number of leaves to delegate: 0


Engine: quitting due to timeout...

Final statistics:

02:36:45 Statistics update:
	--- Time Statistics ---
	Total time elapsed: 301860 milli (00:05:01)
		Main loop: 300294 milli (00:05:00)
		Preprocessing time: 751 milli (00:00:00)
		Unknown: 815 milli (00:00:00)
	Breakdown for main loop:
		[93.70%] Simplex steps: 281365 milli
		[4.74%] Explicit-basis bound tightening: 14244 milli
		[0.00%] Constraint-matrix bound tightening: 0 milli
		[0.49%] Degradation checking: 1483 milli
		[0.00%] Precision restoration: 0 milli
		[0.34%] Statistics handling: 1031 milli
		[0.00%] Constraint-fixing steps: 0 milli
		[0.00%] Valid case splits: 4 milli. Average per split: 0.00 milli
		[0.00%] Applying stored bound-tightening: 6 milli
		[0.01%] SMT core: 41 milli
		[0.36%] Symbolic Bound Tightening: 1073 milli
		[61.55%] SoI-based local search: 184820 milli
		[0.00%] SoI-based local search: 0 milli
		[0.35%] Unaccounted for: 1042 milli
	--- Preprocessor Statistics ---
	Number of preprocessor bound-tightening loop iterations: 3
	Number of eliminated variables: 118
	Number of constraints removed due to variable elimination: 118
	Number of equations removed due to variable elimination: 0
	--- Engine Statistics ---
	Number of main loop iterations: 18253
		18175 iterations were simplex steps. Total time: 281365 milli. Average: 15.48 milli.
		0 iterations were constraint-fixing steps. Total time: 0 milli. Average: 0.00 milli
	Number of active piecewise-linear constraints: 100 / 138
		Constraints disabled by valid splits: 0. By SMT-originated splits: 38
	Last reported degradation: 0.0000006823. Max degradation so far: 0.0008583536. Restorations so far: 0
	Number of simplex pivots we attempted to skip because of instability: 0.
	Unstable pivots performed anyway: 0
	--- Tableau Statistics ---
	Total number of pivots performed: 17766
		Real pivots: 17764. Degenerate: 2 (0.01%)
		Degenerate pivots by request (e.g., to fix a PL constraint): 0 (0.00%)
		Average time per pivot: 2.14 milli
	Total number of fake pivots performed: 134
	Total number of rows added: 0. Number of merged columns: 0
	Current tableau dimensions: M = 766, N = 2182
	--- SMT Core Statistics ---
	Total depth is 38. Total visited states: 39. Number of splits: 38. Number of pops: 0
	Max stack depth: 38
	--- Bound Tightening Statistics ---
	Number of tightened bounds: 7319.
		Number of rows examined by row tightener: 17766. Consequent tightenings: 0
		Number of explicit basis matrices examined by row tightener: 6. Consequent tightenings: 279
		Number of bound tightening rounds on the entire constraint matrix: 0. Consequent tightenings: 0
		Number of bound notifications sent to PL constraints: 1732. Tightenings proposed: 0
	--- Basis Factorization statistics ---
	Number of basis refactorizations: 169
	--- Projected Steepest Edge Statistics ---
	Number of iterations: 17900.
	Number of resets to reference space: 21. Avg. iterations per reset: 852
	--- SBT ---
	Number of tightened bounds: 7704
	--- SoI-based local search ---
	Number of proposed phase pattern update: 102. Number of accepted update: 63 [61.76%]
	Total time (% of local search time) updating SoI phase pattern : 67931 milli [0.04%]
	Total time obtaining current assignment: 155371 milli [0.08%]
	Total time getting SoI phase pattern : 24387 milli [0.01%]
	--- Context dependent statistics ---
	Number of pushes / pops: 38 / 0
		[0.01%] Pre-Push hook: 22 milli
		[0.00%] Push : 0 milli
		[0.00%] Post-Pop hook: 0 milli
		[0.00%] Pop : 0 milli
		[0.01%] Total context-switching time: 22 milli
	--- Proof Certificate ---
	Number of certified leaves: 0
	Number of leaves to delegate: 0
Timeout
