InputQuery: /home/levn/Workspace/othello_world/queries/head_prove_probe_robust/game_101_target_35_eps_0.1.txt
Engine::processInputQuery: Input query (before preprocessing): 510 equations, 1277 variables
Engine::processInputQuery: Input query (after preprocessing): 766 equations, 1441 variables

Input bounds:
	x0: [ -0.5475,  -0.3475] 
	x1: [ -2.1937,  -1.9937] 
	x2: [ -1.3392,  -1.1392] 
	x3: [  0.6347,   0.8347] 
	x4: [  1.8675,   2.0675] 
	x5: [ -2.3046,  -2.1046] 
	x6: [ -0.8889,  -0.6889] 
	x7: [  3.8549,   4.0549] 
	x8: [ -2.4318,  -2.2318] 
	x9: [ -0.2883,  -0.0883] 
	x10: [  0.1226,   0.3226] 
	x11: [  1.7656,   1.9656] 
	x12: [  0.5372,   0.7372] 
	x13: [  0.7039,   0.9039] 
	x14: [  2.4576,   2.6576] 
	x15: [ -0.8644,  -0.6644] 
	x16: [ -2.0325,  -1.8325] 
	x17: [  0.4064,   0.6064] 
	x18: [  0.6126,   0.8126] 
	x19: [  4.9069,   5.1069] 
	x20: [ -0.2349,  -0.0349] 
	x21: [  1.7763,   1.9763] 
	x22: [ -0.8662,  -0.6662] 
	x23: [  0.7706,   0.9706] 
	x24: [ -0.9122,  -0.7122] 
	x25: [  1.5295,   1.7295] 
	x26: [ -0.7023,  -0.5023] 
	x27: [  4.0452,   4.2452] 
	x28: [  1.5841,   1.7841] 
	x29: [  1.1376,   1.3376] 
	x30: [  1.0261,   1.2261] 
	x31: [ -1.0960,  -0.8960] 
	x32: [  1.6297,   1.8297] 
	x33: [  2.0671,   2.2671] 
	x34: [ -1.4867,  -1.2867] 
	x35: [ -0.6364,  -0.4364] 
	x36: [ -1.3281,  -1.1281] 
	x37: [ -3.3753,  -3.1753] 
	x38: [ -3.2823,  -3.0823] 
	x39: [ -1.1334,  -0.9334] 
	x40: [  1.5476,   1.7476] 
	x41: [ -1.4550,  -1.2550] 
	x42: [ -0.5173,  -0.3173] 
	x43: [  0.8888,   1.0888] 
	x44: [ -1.7743,  -1.5743] 
	x45: [  0.3012,   0.5012] 
	x46: [  0.2742,   0.4742] 
	x47: [ -0.7306,  -0.5306] 
	x48: [  1.0846,   1.2846] 
	x49: [  1.4077,   1.6077] 
	x50: [ -0.8292,  -0.6292] 
	x51: [  2.7202,   2.9202] 
	x52: [ -0.1401,   0.0599] 
	x53: [ -0.8326,  -0.6326] 
	x54: [ -1.7092,  -1.5092] 
	x55: [  2.5255,   2.7255] 
	x56: [ -0.6984,  -0.4984] 
	x57: [ -0.6865,  -0.4865] 
	x58: [  1.3855,   1.5855] 
	x59: [  2.3365,   2.5365] 
	x60: [ -3.5773,  -3.3773] 
	x61: [ -1.6680,  -1.4680] 
	x62: [  1.7349,   1.9349] 
	x63: [  1.4630,   1.6630] 
	x64: [ -2.6452,  -2.4452] 
	x65: [ -1.9538,  -1.7538] 
	x66: [ -1.4116,  -1.2116] 
	x67: [ -3.4349,  -3.2349] 
	x68: [ -0.4816,  -0.2816] 
	x69: [  0.3153,   0.5153] 
	x70: [ -0.7111,  -0.5111] 
	x71: [ -0.2954,  -0.0954] 
	x72: [ -1.0893,  -0.8893] 
	x73: [ -3.3300,  -3.1300] 
	x74: [  1.4050,   1.6050] 
	x75: [ -1.2333,  -1.0333] 
	x76: [  0.4661,   0.6661] 
	x77: [ -0.0749,   0.1251] 
	x78: [ -2.7793,  -2.5793] 
	x79: [  0.7002,   0.9002] 
	x80: [  0.1542,   0.3542] 
	x81: [  0.1746,   0.3746] 
	x82: [  1.5272,   1.7272] 
	x83: [  0.8225,   1.0225] 
	x84: [  1.0463,   1.2463] 
	x85: [  1.4766,   1.6766] 
	x86: [  0.2239,   0.4239] 
	x87: [ -1.5209,  -1.3209] 
	x88: [ -1.0427,  -0.8427] 
	x89: [ -0.7646,  -0.5646] 
	x90: [ -3.6670,  -3.4670] 
	x91: [ -3.2858,  -3.0858] 
	x92: [  2.4541,   2.6541] 
	x93: [  1.4643,   1.6643] 
	x94: [ -0.4462,  -0.2462] 
	x95: [  3.2177,   3.4177] 
	x96: [  0.6076,   0.8076] 
	x97: [ -0.6220,  -0.4220] 
	x98: [  0.9561,   1.1561] 
	x99: [  1.3226,   1.5226] 
	x100: [  3.4127,   3.6127] 
	x101: [ -0.9145,  -0.7145] 
	x102: [  0.2269,   0.4269] 
	x103: [ -1.5192,  -1.3192] 
	x104: [  0.7455,   0.9455] 
	x105: [ -3.6227,  -3.4227] 
	x106: [ -1.4260,  -1.2260] 
	x107: [ -1.4435,  -1.2435] 
	x108: [  0.3327,   0.5327] 
	x109: [ -0.2140,  -0.0140] 
	x110: [ -2.6338,  -2.4338] 
	x111: [ -1.0816,  -0.8816] 
	x112: [ -0.1309,   0.0691] 
	x113: [  1.2259,   1.4259] 
	x114: [  3.0518,   3.2518] 
	x115: [  1.1237,   1.3237] 
	x116: [  2.3998,   2.5998] 
	x117: [  0.1806,   0.3806] 
	x118: [  0.1709,   0.3709] 
	x119: [ -0.9230,  -0.7230] 
	x120: [  1.0845,   1.2845] 
	x121: [  2.1424,   2.3424] 
	x122: [  0.3022,   0.5022] 
	x123: [  0.3449,   0.5449] 
	x124: [ -1.7843,  -1.5843] 
	x125: [  2.2587,   2.4587] 
	x126: [  0.3235,   0.5235] 
	x127: [ -0.2964,  -0.0964] 
	x128: [ -1.7802,  -1.5802] 
	x129: [ -4.5940,  -4.3940] 
	x130: [ -0.4270,  -0.2270] 
	x131: [  2.0898,   2.2898] 
	x132: [ -0.4239,  -0.2239] 
	x133: [  0.8713,   1.0713] 
	x134: [ -0.1543,   0.0457] 
	x135: [  0.6087,   0.8087] 
	x136: [ -3.0931,  -2.8931] 
	x137: [  2.0357,   2.2357] 
	x138: [ -4.6027,  -4.4027] 
	x139: [ -1.9641,  -1.7641] 
	x140: [  0.0708,   0.2708] 
	x141: [  0.6028,   0.8028] 
	x142: [ -0.8195,  -0.6195] 
	x143: [ -0.8253,  -0.6253] 
	x144: [  1.9026,   2.1026] 
	x145: [  0.2690,   0.4690] 
	x146: [ -1.5735,  -1.3735] 
	x147: [ -0.4931,  -0.2931] 
	x148: [ -1.7745,  -1.5745] 
	x149: [ -1.9317,  -1.7317] 
	x150: [ -1.8766,  -1.6766] 
	x151: [  1.3290,   1.5290] 
	x152: [ -0.0474,   0.1526] 
	x153: [  0.3045,   0.5045] 
	x154: [  0.5023,   0.7023] 
	x155: [ -0.0246,   0.1754] 
	x156: [ -1.3164,  -1.1164] 
	x157: [ -0.4598,  -0.2598] 
	x158: [ -0.9854,  -0.7854] 
	x159: [ -1.2976,  -1.0976] 
	x160: [ -0.2558,  -0.0558] 
	x161: [ -0.3997,  -0.1997] 
	x162: [ -0.4205,  -0.2205] 
	x163: [ -0.7322,  -0.5322] 
	x164: [ -0.0899,   0.1101] 
	x165: [  1.3010,   1.5010] 
	x166: [ -0.0963,   0.1037] 
	x167: [  2.0182,   2.2182] 
	x168: [  3.5867,   3.7867] 
	x169: [ -2.8115,  -2.6115] 
	x170: [ -1.1925,  -0.9925] 
	x171: [  0.5624,   0.7624] 
	x172: [  0.1728,   0.3728] 
	x173: [  3.2563,   3.4563] 
	x174: [ -0.6599,  -0.4599] 
	x175: [  0.3596,   0.5596] 
	x176: [ -2.4693,  -2.2693] 
	x177: [  0.0697,   0.2697] 
	x178: [ -1.1138,  -0.9138] 
	x179: [ -2.7235,  -2.5235] 
	x180: [  0.5120,   0.7120] 
	x181: [ -1.9301,  -1.7301] 
	x182: [ -1.2687,  -1.0687] 
	x183: [  0.2716,   0.4716] 
	x184: [ -0.9445,  -0.7445] 
	x185: [ -0.2268,  -0.0268] 
	x186: [  3.7823,   3.9823] 
	x187: [  2.1043,   2.3043] 
	x188: [  0.6283,   0.8283] 
	x189: [  1.0400,   1.2400] 
	x190: [  0.5570,   0.7570] 
	x191: [ -1.6567,  -1.4567] 
	x192: [ -0.6487,  -0.4487] 
	x193: [ -1.7001,  -1.5001] 
	x194: [ -0.0192,   0.1808] 
	x195: [  0.9632,   1.1632] 
	x196: [ -0.5516,  -0.3516] 
	x197: [ -0.6582,  -0.4582] 
	x198: [ -1.4237,  -1.2237] 
	x199: [  1.1929,   1.3929] 
	x200: [ -2.4148,  -2.2148] 
	x201: [  1.1251,   1.3251] 
	x202: [ -1.1706,  -0.9706] 
	x203: [ -0.3359,  -0.1359] 
	x204: [ -3.0857,  -2.8857] 
	x205: [ -0.5894,  -0.3894] 
	x206: [  0.0943,   0.2943] 
	x207: [ -0.0996,   0.1004] 
	x208: [ -1.1415,  -0.9415] 
	x209: [ -4.7396,  -4.5396] 
	x210: [  1.7377,   1.9377] 
	x211: [ -2.8236,  -2.6236] 
	x212: [  3.4147,   3.6147] 
	x213: [  3.3370,   3.5370] 
	x214: [ -2.9659,  -2.7659] 
	x215: [ -0.8559,  -0.6559] 
	x216: [ -0.7532,  -0.5532] 
	x217: [  0.9096,   1.1096] 
	x218: [ -1.2414,  -1.0414] 
	x219: [  1.4934,   1.6934] 
	x220: [  1.5663,   1.7663] 
	x221: [  0.3322,   0.5322] 
	x222: [  1.5070,   1.7070] 
	x223: [  0.7720,   0.9720] 
	x224: [ -2.9124,  -2.7124] 
	x225: [  0.4293,   0.6293] 
	x226: [  0.9182,   1.1182] 
	x227: [ -2.2267,  -2.0267] 
	x228: [ -3.2166,  -3.0166] 
	x229: [  1.3704,   1.5704] 
	x230: [  2.6399,   2.8399] 
	x231: [  0.2602,   0.4602] 
	x232: [  1.5901,   1.7901] 
	x233: [  2.5442,   2.7442] 
	x234: [ -1.0512,  -0.8512] 
	x235: [  0.2209,   0.4209] 
	x236: [ -0.1260,   0.0740] 
	x237: [  1.8000,   2.0000] 
	x238: [ -0.7394,  -0.5394] 
	x239: [  3.6063,   3.8063] 
	x240: [ -0.7859,  -0.5859] 
	x241: [  1.2559,   1.4559] 
	x242: [  0.4982,   0.6982] 
	x243: [ -1.1216,  -0.9216] 
	x244: [ -0.0020,   0.1980] 
	x245: [  1.9980,   2.1980] 
	x246: [ -0.7943,  -0.5943] 
	x247: [ -1.6944,  -1.4944] 
	x248: [ -0.5692,  -0.3692] 
	x249: [  2.4164,   2.6164] 
	x250: [  1.2416,   1.4416] 
	x251: [  0.7620,   0.9620] 
	x252: [ -1.8009,  -1.6009] 
	x253: [ -1.2007,  -1.0007] 
	x254: [ -0.9081,  -0.7081] 
	x255: [  1.6384,   1.8384] 
	x256: [ -0.7799,  -0.5799] 
	x257: [ -2.7022,  -2.5022] 
	x258: [ -5.8629,  -5.6629] 
	x259: [  1.4271,   1.6271] 
	x260: [  0.9027,   1.1027] 
	x261: [  1.9808,   2.1808] 
	x262: [ -0.0668,   0.1332] 
	x263: [  2.3746,   2.5746] 
	x264: [ -0.3960,  -0.1960] 
	x265: [ -2.7747,  -2.5747] 
	x266: [  1.1251,   1.3251] 
	x267: [  0.9084,   1.1084] 
	x268: [ -3.0896,  -2.8896] 
	x269: [  0.5956,   0.7956] 
	x270: [  0.8418,   1.0418] 
	x271: [  1.0863,   1.2863] 
	x272: [  1.4838,   1.6838] 
	x273: [  1.0106,   1.2106] 
	x274: [ -0.8619,  -0.6619] 
	x275: [ -0.4353,  -0.2353] 
	x276: [ -1.0425,  -0.8425] 
	x277: [ -0.1929,   0.0071] 
	x278: [ -3.7479,  -3.5479] 
	x279: [  2.0273,   2.2273] 
	x280: [  1.5550,   1.7550] 
	x281: [ -0.7817,  -0.5817] 
	x282: [  0.8571,   1.0571] 
	x283: [ -1.6427,  -1.4427] 
	x284: [ -0.2081,  -0.0081] 
	x285: [  0.3752,   0.5752] 
	x286: [ -2.0268,  -1.8268] 
	x287: [ -1.2359,  -1.0359] 
	x288: [ -3.2127,  -3.0127] 
	x289: [  0.1285,   0.3285] 
	x290: [  2.0553,   2.2553] 
	x291: [  0.4621,   0.6621] 
	x292: [  0.5979,   0.7979] 
	x293: [ -0.0550,   0.1450] 
	x294: [  1.1223,   1.3223] 
	x295: [  1.1268,   1.3268] 
	x296: [ -0.5721,  -0.3721] 
	x297: [ -0.4799,  -0.2799] 
	x298: [ -6.2676,  -6.0676] 
	x299: [ -1.6443,  -1.4443] 
	x300: [ -0.6892,  -0.4892] 
	x301: [  0.9354,   1.1354] 
	x302: [ -1.4012,  -1.2012] 
	x303: [  0.4674,   0.6674] 
	x304: [ -2.3987,  -2.1987] 
	x305: [  1.9254,   2.1254] 
	x306: [ -1.8878,  -1.6878] 
	x307: [  1.7029,   1.9029] 
	x308: [ -1.8814,  -1.6814] 
	x309: [ -0.4233,  -0.2233] 
	x310: [  0.6149,   0.8149] 
	x311: [ -1.0708,  -0.8708] 
	x312: [  1.1987,   1.3987] 
	x313: [ -0.4333,  -0.2333] 
	x314: [ -0.0232,   0.1768] 
	x315: [  1.1396,   1.3396] 
	x316: [ -1.2620,  -1.0620] 
	x317: [ -0.3066,  -0.1066] 
	x318: [  2.7708,   2.9708] 
	x319: [ -0.3656,  -0.1656] 
	x320: [ -1.7909,  -1.5909] 
	x321: [  2.7188,   2.9188] 
	x322: [ -1.1872,  -0.9872] 
	x323: [ -2.4144,  -2.2144] 
	x324: [  0.2019,   0.4019] 
	x325: [  0.1256,   0.3256] 
	x326: [ -0.2823,  -0.0823] 
	x327: [ -1.7969,  -1.5969] 
	x328: [ -0.8697,  -0.6697] 
	x329: [ -0.0313,   0.1687] 
	x330: [  1.9997,   2.1997] 
	x331: [ -1.6262,  -1.4262] 
	x332: [  3.6318,   3.8318] 
	x333: [ -0.0146,   0.1854] 
	x334: [  3.0671,   3.2671] 
	x335: [ -0.8543,  -0.6543] 
	x336: [  0.5450,   0.7450] 
	x337: [  1.9097,   2.1097] 
	x338: [  0.1553,   0.3553] 
	x339: [ -3.2432,  -3.0432] 
	x340: [ -3.5041,  -3.3041] 
	x341: [  0.6216,   0.8216] 
	x342: [ -1.0206,  -0.8206] 
	x343: [ -0.4535,  -0.2535] 
	x344: [  0.7179,   0.9179] 
	x345: [  0.6860,   0.8860] 
	x346: [  0.6991,   0.8991] 
	x347: [ -1.5109,  -1.3109] 
	x348: [ -1.4208,  -1.2208] 
	x349: [ -1.1652,  -0.9652] 
	x350: [ -0.9193,  -0.7193] 
	x351: [ -1.0152,  -0.8152] 
	x352: [ -2.0931,  -1.8931] 
	x353: [  0.9069,   1.1069] 
	x354: [ -3.4035,  -3.2035] 
	x355: [  1.2290,   1.4290] 
	x356: [ -1.9043,  -1.7043] 
	x357: [  3.3771,   3.5771] 
	x358: [ -2.9236,  -2.7236] 
	x359: [ -1.8422,  -1.6422] 
	x360: [ -1.3049,  -1.1049] 
	x361: [ -0.3158,  -0.1158] 
	x362: [  0.8326,   1.0326] 
	x363: [  1.1669,   1.3669] 
	x364: [  0.9171,   1.1171] 
	x365: [  0.0822,   0.2822] 
	x366: [ -0.1835,   0.0165] 
	x367: [ -0.4921,  -0.2921] 
	x368: [  0.6577,   0.8577] 
	x369: [  0.4358,   0.6358] 
	x370: [ -0.2854,  -0.0854] 
	x371: [ -2.3490,  -2.1490] 
	x372: [ -1.4546,  -1.2546] 
	x373: [  2.6501,   2.8501] 
	x374: [  1.1845,   1.3845] 
	x375: [ -0.5280,  -0.3280] 
	x376: [  0.3931,   0.5931] 
	x377: [  3.5824,   3.7824] 
	x378: [  1.1627,   1.3627] 
	x379: [  1.0736,   1.2736] 
	x380: [  0.5571,   0.7571] 
	x381: [ -1.0010,  -0.8010] 
	x382: [ -0.1949,   0.0051] 
	x383: [ -2.8558,  -2.6558] 
	x384: [  2.2360,   2.4360] 
	x385: [  0.4657,   0.6657] 
	x386: [ -1.1075,  -0.9075] 
	x387: [ -4.4363,  -4.2363] 
	x388: [ -1.4773,  -1.2773] 
	x389: [ -2.8809,  -2.6809] 
	x390: [ -0.5733,  -0.3733] 
	x391: [  2.2922,   2.4922] 
	x392: [ -0.2184,  -0.0184] 
	x393: [  0.8999,   1.0999] 
	x394: [  0.4661,   0.6661] 
	x395: [  0.9448,   1.1448] 
	x396: [ -1.0208,  -0.8208] 
	x397: [ -3.3467,  -3.1467] 
	x398: [ -0.9163,  -0.7163] 
	x399: [ -0.5534,  -0.3534] 
	x400: [ -2.3756,  -2.1756] 
	x401: [  1.7335,   1.9335] 
	x402: [  1.0445,   1.2445] 
	x403: [ -0.3791,  -0.1791] 
	x404: [  0.4783,   0.6783] 
	x405: [  1.3089,   1.5089] 
	x406: [  1.4168,   1.6168] 
	x407: [ -1.6583,  -1.4583] 
	x408: [  1.6168,   1.8168] 
	x409: [ -1.5112,  -1.3112] 
	x410: [  1.8552,   2.0552] 
	x411: [ -3.3526,  -3.1526] 
	x412: [ -2.9102,  -2.7102] 
	x413: [  0.7917,   0.9917] 
	x414: [ -2.9791,  -2.7791] 
	x415: [ -0.8882,  -0.6882] 
	x416: [ -2.2333,  -2.0333] 
	x417: [  0.3745,   0.5745] 
	x418: [ -0.5458,  -0.3458] 
	x419: [  2.3535,   2.5535] 
	x420: [ -2.0444,  -1.8444] 
	x421: [ -0.4785,  -0.2785] 
	x422: [ -3.4180,  -3.2180] 
	x423: [  1.0215,   1.2215] 
	x424: [ -0.3974,  -0.1974] 
	x425: [  0.1463,   0.3463] 
	x426: [  0.0329,   0.2329] 
	x427: [ -1.9676,  -1.7676] 
	x428: [  0.6700,   0.8700] 
	x429: [  2.2862,   2.4862] 
	x430: [ -1.5137,  -1.3137] 
	x431: [  3.0057,   3.2057] 
	x432: [ -0.9854,  -0.7854] 
	x433: [  1.4498,   1.6498] 
	x434: [  1.7775,   1.9775] 
	x435: [ -0.2285,  -0.0285] 
	x436: [ -0.8554,  -0.6554] 
	x437: [  0.7470,   0.9470] 
	x438: [ -0.4947,  -0.2947] 
	x439: [  1.8759,   2.0759] 
	x440: [ -1.0951,  -0.8951] 
	x441: [ -0.4185,  -0.2185] 
	x442: [ -1.8610,  -1.6610] 
	x443: [ -2.1877,  -1.9877] 
	x444: [ -2.8674,  -2.6674] 
	x445: [  0.7871,   0.9871] 
	x446: [ -0.4126,  -0.2126] 
	x447: [  1.9102,   2.1102] 
	x448: [ -0.5704,  -0.3704] 
	x449: [ -1.4562,  -1.2562] 
	x450: [  0.1680,   0.3680] 
	x451: [ -0.1875,   0.0125] 
	x452: [ -2.9008,  -2.7008] 
	x453: [ -0.1977,   0.0023] 
	x454: [ -3.0424,  -2.8424] 
	x455: [  3.8184,   4.0184] 
	x456: [ -0.7907,  -0.5907] 
	x457: [  1.5760,   1.7760] 
	x458: [ -1.7836,  -1.5836] 
	x459: [ -3.4161,  -3.2161] 
	x460: [ -0.1692,   0.0308] 
	x461: [  1.3751,   1.5751] 
	x462: [  0.3697,   0.5697] 
	x463: [ -2.5248,  -2.3248] 
	x464: [ -0.7056,  -0.5056] 
	x465: [  0.4535,   0.6535] 
	x466: [ -1.5601,  -1.3601] 
	x467: [ -0.3204,  -0.1204] 
	x468: [  1.2778,   1.4778] 
	x469: [  0.4675,   0.6675] 
	x470: [  1.7555,   1.9555] 
	x471: [ -1.7434,  -1.5434] 
	x472: [  1.3329,   1.5329] 
	x473: [  3.5203,   3.7203] 
	x474: [ -1.2399,  -1.0399] 
	x475: [  0.9212,   1.1212] 
	x476: [  1.0627,   1.2627] 
	x477: [ -0.0880,   0.1120] 
	x478: [  2.3222,   2.5222] 
	x479: [ -0.3778,  -0.1778] 
	x480: [ -2.8519,  -2.6519] 
	x481: [  0.4896,   0.6896] 
	x482: [  0.8609,   1.0609] 
	x483: [  0.9147,   1.1147] 
	x484: [  1.2278,   1.4278] 
	x485: [  2.5781,   2.7781] 
	x486: [  0.3940,   0.5940] 
	x487: [ -0.3717,  -0.1717] 
	x488: [ -0.7907,  -0.5907] 
	x489: [  0.0246,   0.2246] 
	x490: [ -0.0753,   0.1247] 
	x491: [  4.9861,   5.1861] 
	x492: [ -0.1680,   0.0320] 
	x493: [  1.4731,   1.6731] 
	x494: [  3.4903,   3.6903] 
	x495: [  0.5561,   0.7561] 
	x496: [  2.2599,   2.4599] 
	x497: [  1.8367,   2.0367] 
	x498: [  2.1855,   2.3855] 
	x499: [ -2.3855,  -2.1855] 
	x500: [ -1.0847,  -0.8847] 
	x501: [  0.7964,   0.9964] 
	x502: [  0.4087,   0.6087] 
	x503: [ -1.9683,  -1.7683] 
	x504: [ -0.1779,   0.0221] 
	x505: [  2.1735,   2.3735] 
	x506: [  0.8931,   1.0931] 
	x507: [ -0.6702,  -0.4702] 
	x508: [  0.2910,   0.4910] 
	x509: [ -0.4678,  -0.2678] 
	x510: [  1.0807,   1.2807] 
	x511: [ -0.1774,   0.0226] 

Branching heuristics set to PseudoImpact

Engine::solve: Initial statistics

02:25:57 Statistics update:
	--- Time Statistics ---
	Total time elapsed: 1439 milli (00:00:01)
		Main loop: 0 milli (00:00:00)
		Preprocessing time: 447 milli (00:00:00)
		Unknown: 992 milli (00:00:00)
	Breakdown for main loop:
		[0.00%] Simplex steps: 0 milli
		[0.00%] Explicit-basis bound tightening: 0 milli
		[0.00%] Constraint-matrix bound tightening: 0 milli
		[0.00%] Degradation checking: 0 milli
		[0.00%] Precision restoration: 0 milli
		[0.00%] Statistics handling: 0 milli
		[0.00%] Constraint-fixing steps: 0 milli
		[0.00%] Valid case splits: 0 milli. Average per split: 0.00 milli
		[0.00%] Applying stored bound-tightening: 0 milli
		[0.00%] SMT core: 0 milli
		[0.00%] Symbolic Bound Tightening: 22 milli
		[0.00%] SoI-based local search: 0 milli
		[0.00%] SoI-based local search: 0 milli
		[0.00%] Unaccounted for: 0 milli
	--- Preprocessor Statistics ---
	Number of preprocessor bound-tightening loop iterations: 3
	Number of eliminated variables: 93
	Number of constraints removed due to variable elimination: 93
	Number of equations removed due to variable elimination: 0
	--- Engine Statistics ---
	Number of main loop iterations: 1
		0 iterations were simplex steps. Total time: 0 milli. Average: 0.00 milli.
		0 iterations were constraint-fixing steps. Total time: 0 milli. Average: 0.00 milli
	Number of active piecewise-linear constraints: 163 / 163
		Constraints disabled by valid splits: 0. By SMT-originated splits: 0
	Last reported degradation: 0.0000000000. Max degradation so far: 0.0000000000. Restorations so far: 0
	Number of simplex pivots we attempted to skip because of instability: 0.
	Unstable pivots performed anyway: 0
	--- Tableau Statistics ---
	Total number of pivots performed: 0
		Real pivots: 0. Degenerate: 0 (0.00%)
		Degenerate pivots by request (e.g., to fix a PL constraint): 0 (0.00%)
		Average time per pivot: 0.00 milli
	Total number of fake pivots performed: 0
	Total number of rows added: 0. Number of merged columns: 0
	Current tableau dimensions: M = 766, N = 2207
	--- SMT Core Statistics ---
	Total depth is 0. Total visited states: 1. Number of splits: 0. Number of pops: 0
	Max stack depth: 0
	--- Bound Tightening Statistics ---
	Number of tightened bounds: 0.
		Number of rows examined by row tightener: 0. Consequent tightenings: 0
		Number of explicit basis matrices examined by row tightener: 0. Consequent tightenings: 0
		Number of bound tightening rounds on the entire constraint matrix: 0. Consequent tightenings: 0
		Number of bound notifications sent to PL constraints: 978. Tightenings proposed: 0
	--- Basis Factorization statistics ---
	Number of basis refactorizations: 2
	--- Projected Steepest Edge Statistics ---
	Number of iterations: 0.
	Number of resets to reference space: 1. Avg. iterations per reset: 0
	--- SBT ---
	Number of tightened bounds: 385
	--- SoI-based local search ---
	Number of proposed phase pattern update: 0. Number of accepted update: 0 [0.00%]
	Total time (% of local search time) updating SoI phase pattern : 0 milli [0.00%]
	Total time obtaining current assignment: 0 milli [0.00%]
	Total time getting SoI phase pattern : 0 milli [0.00%]
	--- Context dependent statistics ---
	Number of pushes / pops: 0 / 0
		[0.00%] Pre-Push hook: 0 milli
		[0.00%] Push : 0 milli
		[0.00%] Post-Pop hook: 0 milli
		[0.00%] Pop : 0 milli
		[0.00%] Total context-switching time: 0 milli
	--- Proof Certificate ---
	Number of certified leaves: 0
	Number of leaves to delegate: 0

---

Engine::solve: sat assignment found

02:26:16 Statistics update:
	--- Time Statistics ---
	Total time elapsed: 19700 milli (00:00:19)
		Main loop: 18260 milli (00:00:18)
		Preprocessing time: 447 milli (00:00:00)
		Unknown: 992 milli (00:00:00)
	Breakdown for main loop:
		[36.44%] Simplex steps: 6653 milli
		[62.92%] Explicit-basis bound tightening: 11489 milli
		[0.00%] Constraint-matrix bound tightening: 0 milli
		[0.17%] Degradation checking: 30 milli
		[0.00%] Precision restoration: 0 milli
		[0.09%] Statistics handling: 15 milli
		[0.00%] Constraint-fixing steps: 0 milli
		[0.00%] Valid case splits: 0 milli. Average per split: 0.00 milli
		[0.00%] Applying stored bound-tightening: 0 milli
		[0.00%] SMT core: 0 milli
		[0.31%] Symbolic Bound Tightening: 56 milli
		[3.14%] SoI-based local search: 573 milli
		[0.00%] SoI-based local search: 0 milli
		[0.08%] Unaccounted for: 14 milli
	--- Preprocessor Statistics ---
	Number of preprocessor bound-tightening loop iterations: 3
	Number of eliminated variables: 93
	Number of constraints removed due to variable elimination: 93
	Number of equations removed due to variable elimination: 0
	--- Engine Statistics ---
	Number of main loop iterations: 477
		475 iterations were simplex steps. Total time: 6653 milli. Average: 14.01 milli.
		0 iterations were constraint-fixing steps. Total time: 0 milli. Average: 0.00 milli
	Number of active piecewise-linear constraints: 163 / 163
		Constraints disabled by valid splits: 0. By SMT-originated splits: 0
	Last reported degradation: 0.0000010254. Max degradation so far: 0.0000010254. Restorations so far: 0
	Number of simplex pivots we attempted to skip because of instability: 0.
	Unstable pivots performed anyway: 0
	--- Tableau Statistics ---
	Total number of pivots performed: 452
		Real pivots: 452. Degenerate: 0 (0.00%)
		Degenerate pivots by request (e.g., to fix a PL constraint): 0 (0.00%)
		Average time per pivot: 1.33 milli
	Total number of fake pivots performed: 21
	Total number of rows added: 0. Number of merged columns: 0
	Current tableau dimensions: M = 766, N = 2207
	--- SMT Core Statistics ---
	Total depth is 0. Total visited states: 1. Number of splits: 0. Number of pops: 0
	Max stack depth: 0
	--- Bound Tightening Statistics ---
	Number of tightened bounds: 0.
		Number of rows examined by row tightener: 452. Consequent tightenings: 0
		Number of explicit basis matrices examined by row tightener: 4. Consequent tightenings: 294
		Number of bound tightening rounds on the entire constraint matrix: 0. Consequent tightenings: 0
		Number of bound notifications sent to PL constraints: 1956. Tightenings proposed: 0
	--- Basis Factorization statistics ---
	Number of basis refactorizations: 5
	--- Projected Steepest Edge Statistics ---
	Number of iterations: 473.
	Number of resets to reference space: 1. Avg. iterations per reset: 473
	--- SBT ---
	Number of tightened bounds: 385
	--- SoI-based local search ---
	Number of proposed phase pattern update: 0. Number of accepted update: 1 [0.00%]
	Total time (% of local search time) updating SoI phase pattern : 2111 milli [0.37%]
	Total time obtaining current assignment: 571 milli [0.10%]
	Total time getting SoI phase pattern : 225 milli [0.00%]
	--- Context dependent statistics ---
	Number of pushes / pops: 0 / 0
		[0.00%] Pre-Push hook: 0 milli
		[0.00%] Push : 0 milli
		[0.00%] Post-Pop hook: 0 milli
		[0.00%] Pop : 0 milli
		[0.00%] Total context-switching time: 0 milli
	--- Proof Certificate ---
	Number of certified leaves: 0
	Number of leaves to delegate: 0
sat
Input assignment:
	x0 = -0.347509
	x1 = -1.993669
	x2 = -1.139198
	x3 = 0.634722
	x4 = 1.867513
	x5 = -2.304603
	x6 = -0.688864
	x7 = 4.054852
	x8 = -2.431787
	x9 = -0.088325
	x10 = 0.122626
	x11 = 1.765637
	x12 = 0.737223
	x13 = 0.703926
	x14 = 2.657555
	x15 = -0.864358
	x16 = -1.832510
	x17 = 0.406423
	x18 = 0.812615
	x19 = 4.906892
	x20 = -0.034908
	x21 = 1.976258
	x22 = -0.666184
	x23 = 0.770637
	x24 = -0.912198
	x25 = 1.729497
	x26 = -0.502303
	x27 = 4.245201
	x28 = 1.784077
	x29 = 1.337635
	x30 = 1.026056
	x31 = -1.095982
	x32 = 1.629666
	x33 = 2.067126
	x34 = -1.486703
	x35 = -0.436393
	x36 = -1.128054
	x37 = -3.175313
	x38 = -3.282284
	x39 = -0.933396
	x40 = 1.747612
	x41 = -1.254977
	x42 = -0.517318
	x43 = 0.888755
	x44 = -1.574276
	x45 = 0.501183
	x46 = 0.474219
	x47 = -0.530616
	x48 = 1.284613
	x49 = 1.607689
	x50 = -0.829210
	x51 = 2.920242
	x52 = -0.140074
	x53 = -0.632631
	x54 = -1.709168
	x55 = 2.725535
	x56 = -0.498434
	x57 = -0.486504
	x58 = 1.585473
	x59 = 2.336515
	x60 = -3.577346
	x61 = -1.467985
	x62 = 1.734896
	x63 = 1.462994
	x64 = -2.645191
	x65 = -1.953772
	x66 = -1.211617
	x67 = -3.234921
	x68 = -0.481573
	x69 = 0.315332
	x70 = -0.511114
	x71 = -0.095383
	x72 = -1.089339
	x73 = -3.330028
	x74 = 1.604998
	x75 = -1.233289
	x76 = 0.666066
	x77 = -0.074931
	x78 = -2.779266
	x79 = 0.700201
	x80 = 0.154206
	x81 = 0.174644
	x82 = 1.727214
	x83 = 1.022487
	x84 = 1.246273
	x85 = 1.476559
	x86 = 0.223919
	x87 = -1.320881
	x88 = -1.042721
	x89 = -0.764628
	x90 = -3.466970
	x91 = -3.285753
	x92 = 2.454053
	x93 = 1.664287
	x94 = -0.446191
	x95 = 3.217743
	x96 = 0.607594
	x97 = -0.621993
	x98 = 0.956105
	x99 = 1.322643
	x100 = 3.612724
	x101 = -0.780715
	x102 = 0.426912
	x103 = -1.319216
	x104 = 0.945483
	x105 = -3.422686
	x106 = -1.425952
	x107 = -1.443518
	x108 = 0.532667
	x109 = -0.214018
	x110 = -2.433766
	x111 = -0.881581
	x112 = 0.069114
	x113 = 1.425896
	x114 = 3.051783
	x115 = 1.323694
	x116 = 2.399784
	x117 = 0.380554
	x118 = 0.170936
	x119 = -0.922978
	x120 = 1.284473
	x121 = 2.142355
	x122 = 0.302236
	x123 = 0.344912
	x124 = -1.584332
	x125 = 2.458749
	x126 = 0.323458
	x127 = -0.296439
	x128 = -1.780176
	x129 = -4.394037
	x130 = -0.426953
	x131 = 2.089836
	x132 = -0.223904
	x133 = 0.992729
	x134 = -0.154337
	x135 = 0.808684
	x136 = -2.893134
	x137 = 2.035695
	x138 = -4.602729
	x139 = -1.764084
	x140 = 0.270818
	x141 = 0.602833
	x142 = -0.819534
	x143 = -0.825266
	x144 = 2.102588
	x145 = 0.468996
	x146 = -1.373479
	x147 = -0.293085
	x148 = -1.574542
	x149 = -1.931744
	x150 = -1.676596
	x151 = 1.528961
	x152 = 0.152628
	x153 = 0.304466
	x154 = 0.502255
	x155 = -0.024628
	x156 = -1.116434
	x157 = -0.459799
	x158 = -0.785430
	x159 = -1.097566
	x160 = -0.255786
	x161 = -0.199717
	x162 = -0.220537
	x163 = -0.732196
	x164 = 0.110132
	x165 = 1.501037
	x166 = -0.096310
	x167 = 2.018213
	x168 = 3.786710
	x169 = -2.611477
	x170 = -0.992521
	x171 = 0.562372
	x172 = 0.172793
	x173 = 3.256259
	x174 = -0.659911
	x175 = 0.359587
	x176 = -2.469262
	x177 = 0.069654
	x178 = -1.113768
	x179 = -2.723461
	x180 = 0.512004
	x181 = -1.930099
	x182 = -1.268660
	x183 = 0.471565
	x184 = -0.744523
	x185 = -0.226842
	x186 = 3.782331
	x187 = 2.304327
	x188 = 0.828268
	x189 = 1.240009
	x190 = 0.556976
	x191 = -1.656660
	x192 = -0.448692
	x193 = -1.700050
	x194 = 0.180750
	x195 = 1.163154
	x196 = -0.551645
	x197 = -0.658174
	x198 = -1.223724
	x199 = 1.392859
	x200 = -2.414788
	x201 = 1.125081
	x202 = -0.970575
	x203 = -0.135870
	x204 = -3.085696
	x205 = -0.589390
	x206 = 0.294343
	x207 = -0.099572
	x208 = -0.941469
	x209 = -4.539569
	x210 = 1.737663
	x211 = -2.623648
	x212 = 3.414710
	x213 = 3.337002
	x214 = -2.765887
	x215 = -0.655894
	x216 = -0.553237
	x217 = 1.109596
	x218 = -1.241438
	x219 = 1.493399
	x220 = 1.766307
	x221 = 0.332174
	x222 = 1.707001
	x223 = 0.771961
	x224 = -2.712450
	x225 = 0.629275
	x226 = 1.118188
	x227 = -2.226686
	x228 = -3.016620
	x229 = 1.570369
	x230 = 2.639904
	x231 = 0.260243
	x232 = 1.590123
	x233 = 2.744167
	x234 = -0.851200
	x235 = 0.220913
	x236 = -0.126016
	x237 = 1.999955
	x238 = -0.739387
	x239 = 3.806306
	x240 = -0.785900
	x241 = 1.455906
	x242 = 0.698243
	x243 = -0.921575
	x244 = 0.198018
	x245 = 1.998035
	x246 = -0.594335
	x247 = -1.494438
	x248 = -0.569158
	x249 = 2.416399
	x250 = 1.441605
	x251 = 0.762007
	x252 = -1.800915
	x253 = -1.000736
	x254 = -0.708137
	x255 = 1.838442
	x256 = -0.779875
	x257 = -2.502231
	x258 = -5.695206
	x259 = 1.627143
	x260 = 0.902654
	x261 = 2.180757
	x262 = -0.066794
	x263 = 2.574580
	x264 = -0.395968
	x265 = -2.774700
	x266 = 1.325124
	x267 = 0.908425
	x268 = -2.889618
	x269 = 0.795646
	x270 = 0.841775
	x271 = 1.286283
	x272 = 1.683789
	x273 = 1.210579
	x274 = -0.861875
	x275 = -0.435319
	x276 = -0.842489
	x277 = -0.192946
	x278 = -3.547854
	x279 = 2.027317
	x280 = 1.555003
	x281 = -0.581673
	x282 = 1.057057
	x283 = -1.442686
	x284 = -0.008111
	x285 = 0.375241
	x286 = -2.026801
	x287 = -1.235891
	x288 = -3.212715
	x289 = 0.328544
	x290 = 2.055314
	x291 = 0.662115
	x292 = 0.597941
	x293 = 0.145009
	x294 = 1.122254
	x295 = 1.126799
	x296 = -0.572106
	x297 = -0.479868
	x298 = -6.067580
	x299 = -1.444326
	x300 = -0.689161
	x301 = 0.935438
	x302 = -1.401188
	x303 = 0.467442
	x304 = -2.198750
	x305 = 2.125390
	x306 = -1.887817
	x307 = 1.702876
	x308 = -1.681437
	x309 = -0.223291
	x310 = 0.614950
	x311 = -0.870815
	x312 = 1.398726
	x313 = -0.433280
	x314 = 0.176849
	x315 = 1.139578
	x316 = -1.062049
	x317 = -0.306596
	x318 = 2.967504
	x319 = -0.165650
	x320 = -1.590863
	x321 = 2.718815
	x322 = -0.987238
	x323 = -2.414410
	x324 = 0.201876
	x325 = 0.125570
	x326 = -0.282317
	x327 = -1.596895
	x328 = -0.669670
	x329 = -0.031252
	x330 = 2.199692
	x331 = -1.426250
	x332 = 3.831832
	x333 = -0.014556
	x334 = 3.067094
	x335 = -0.654315
	x336 = 0.544956
	x337 = 1.909711
	x338 = 0.355337
	x339 = -3.243179
	x340 = -3.304075
	x341 = 0.821593
	x342 = -1.020611
	x343 = -0.253510
	x344 = 0.717856
	x345 = 0.885998
	x346 = 0.699053
	x347 = -1.310871
	x348 = -1.420756
	x349 = -1.165234
	x350 = -0.919262
	x351 = -0.815192
	x352 = -1.893086
	x353 = 0.906874
	x354 = -3.403490
	x355 = 1.428991
	x356 = -1.904257
	x357 = 3.377127
	x358 = -2.723634
	x359 = -1.842241
	x360 = -1.304943
	x361 = -0.115795
	x362 = 1.032591
	x363 = 1.366881
	x364 = 0.917109
	x365 = 0.082160
	x366 = 0.016485
	x367 = -0.492059
	x368 = 0.657721
	x369 = 0.635786
	x370 = -0.085408
	x371 = -2.148989
	x372 = -1.454597
	x373 = 2.650074
	x374 = 1.384487
	x375 = -0.327960
	x376 = 0.393114
	x377 = 3.582355
	x378 = 1.162652
	x379 = 1.273563
	x380 = 0.557090
	x381 = -0.801033
	x382 = 0.005129
	x383 = -2.855770
	x384 = 2.436017
	x385 = 0.465698
	x386 = -1.107461
	x387 = -4.436312
	x388 = -1.477310
	x389 = -2.880915
	x390 = -0.573326
	x391 = 2.492159
	x392 = -0.218372
	x393 = 0.899869
	x394 = 0.466053
	x395 = 1.144821
	x396 = -1.020772
	x397 = -3.146728
	x398 = -0.916317
	x399 = -0.353377
	x400 = -2.375610
	x401 = 1.933523
	x402 = 1.244516
	x403 = -0.179072
	x404 = 0.478285
	x405 = 1.508948
	x406 = 1.416790
	x407 = -1.658302
	x408 = 1.616790
	x409 = -1.511228
	x410 = 2.055159
	x411 = -3.152578
	x412 = -2.710215
	x413 = 0.791704
	x414 = -2.779124
	x415 = -0.888160
	x416 = -2.233287
	x417 = 0.374457
	x418 = -0.545831
	x419 = 2.353474
	x420 = -1.844408
	x421 = -0.278542
	x422 = -3.218012
	x423 = 1.221495
	x424 = -0.197352
	x425 = 0.346255
	x426 = 0.032881
	x427 = -1.967559
	x428 = 0.669988
	x429 = 2.486213
	x430 = -1.313659
	x431 = 3.205705
	x432 = -0.785361
	x433 = 1.449777
	x434 = 1.777535
	x435 = -0.228457
	x436 = -0.655410
	x437 = 0.947030
	x438 = -0.494673
	x439 = 1.875924
	x440 = -1.095117
	x441 = -0.218472
	x442 = -1.860978
	x443 = -1.987690
	x444 = -2.667413
	x445 = 0.787099
	x446 = -0.212561
	x447 = 2.110250
	x448 = -0.370361
	x449 = -1.256158
	x450 = 0.167954
	x451 = 0.012536
	x452 = -2.900811
	x453 = 0.002273
	x454 = -2.842395
	x455 = 4.018359
	x456 = -0.790710
	x457 = 1.576037
	x458 = -1.583556
	x459 = -3.216051
	x460 = 0.030844
	x461 = 1.575115
	x462 = 0.569655
	x463 = -2.324845
	x464 = -0.505643
	x465 = 0.653500
	x466 = -1.560123
	x467 = -0.120391
	x468 = 1.477813
	x469 = 0.667524
	x470 = 1.755519
	x471 = -1.543404
	x472 = 1.532904
	x473 = 3.720317
	x474 = -1.039883
	x475 = 0.921213
	x476 = 1.262683
	x477 = -0.087961
	x478 = 2.322178
	x479 = -0.177819
	x480 = -2.851883
	x481 = 0.689604
	x482 = 1.060940
	x483 = 1.017216
	x484 = 1.427774
	x485 = 2.578101
	x486 = 0.394025
	x487 = -0.371720
	x488 = -0.790682
	x489 = 0.024648
	x490 = -0.075330
	x491 = 4.986056
	x492 = 0.032011
	x493 = 1.473054
	x494 = 3.690292
	x495 = 0.556132
	x496 = 2.459927
	x497 = 2.036689
	x498 = 2.185539
	x499 = -2.385490
	x500 = -0.884672
	x501 = 0.996414
	x502 = 0.608699
	x503 = -1.768276
	x504 = -0.177938
	x505 = 2.373514
	x506 = 0.893102
	x507 = -0.470218
	x508 = 0.491047
	x509 = -0.267764
	x510 = 1.080690
	x511 = -0.177434

Output:
	y0 = -6.023550
	y1 = 6.359218
	y2 = -8.096628
	y3 = -6.883282
	y4 = 7.785114
	y5 = -8.368997
	y6 = -4.437445
	y7 = 8.472385
	y8 = -4.055619
	y9 = -5.865513
	y10 = 7.064369
	y11 = -6.241132
	y12 = -4.656971
	y13 = 7.593561
	y14 = -4.846954
	y15 = -4.649815
	y16 = 10.816298
	y17 = -5.097652
	y18 = -8.371352
	y19 = 5.618236
	y20 = -9.718458
	y21 = -5.553115
	y22 = 5.489424
	y23 = -7.636998
	y24 = -6.299610
	y25 = 3.423211
	y26 = -5.605039
	y27 = -11.846604
	y28 = 27.069968
	y29 = -11.923196
	y30 = -2.734726
	y31 = 10.441100
	y32 = -3.846601
	y33 = 0.451603
	y34 = -9.209497
	y35 = -2.410886
	y36 = -2.390798
	y37 = 13.506126
	y38 = -3.100937
	y39 = -4.821066
	y40 = 10.424233
	y41 = -4.985846
	y42 = -9.203155
	y43 = 8.055964
	y44 = -9.257499
	y45 = -8.410265
	y46 = 9.000484
	y47 = -7.738841
	y48 = -6.849901
	y49 = 19.429672
	y50 = -7.838136
	y51 = -1.148310
	y52 = -8.126575
	y53 = 2.287153
	y54 = 4.545593
	y55 = -11.746956
	y56 = 2.996435
	y57 = 5.831459
	y58 = -8.570693
	y59 = 2.804541
	y60 = 1.137392
	y61 = 13.575207
	y62 = 1.719685
	y63 = 0.277892
	y64 = 0.099059
	y65 = 3.727503
	y66 = -7.590368
	y67 = 30.029139
	y68 = -5.033190
	y69 = -5.467632
	y70 = 12.691760
	y71 = -5.700616
	y72 = -2.350414
	y73 = 7.947140
	y74 = -5.511480
	y75 = 0.810798
	y76 = -12.059714
	y77 = -0.417847
	y78 = 1.320858
	y79 = -0.265891
	y80 = 4.630331
	y81 = 11.520964
	y82 = -23.813261
	y83 = 8.232872
	y84 = 9.920722
	y85 = -21.837933
	y86 = 11.970309
	y87 = 0.028283
	y88 = -12.481713
	y89 = 4.961955
	y90 = -5.094068
	y91 = 18.386439
	y92 = -3.587123
	y93 = -5.309338
	y94 = 8.479753
	y95 = -5.381252
	y96 = 2.479689
	y97 = -1.786718
	y98 = -2.777402
	y99 = 2.840880
	y100 = -18.592491
	y101 = -0.078310
	y102 = 4.358269
	y103 = -13.606940
	y104 = 3.954118
	y105 = 11.294505
	y106 = -22.182377
	y107 = 11.294495
	y108 = 10.267466
	y109 = -21.879390
	y110 = 11.259621
	y111 = 1.912188
	y112 = -17.834764
	y113 = 6.504943
	y114 = -8.475889
	y115 = 24.727033
	y116 = -8.580279
	y117 = -5.939679
	y118 = 6.835021
	y119 = -6.254073
	y120 = -5.083584
	y121 = 8.238332
	y122 = -6.882532
	y123 = -4.800888
	y124 = 21.377037
	y125 = -6.420173
	y126 = -0.726366
	y127 = -3.779689
	y128 = 1.808680
	y129 = 5.537988
	y130 = -12.052440
	y131 = 3.366051
	y132 = 1.011015
	y133 = 2.610109
	y134 = 3.141590
	y135 = 0.958673
	y136 = 21.454565
	y137 = 0.082398
	y138 = -7.565017
	y139 = 32.982485
	y140 = -6.934866
	y141 = -4.028365
	y142 = 7.974270
	y143 = -5.898328
	y144 = -5.176219
	y145 = 6.060432
	y146 = -6.921893
	y147 = -4.365182
	y148 = 5.441192
	y149 = -4.301392
	y150 = -5.202339
	y151 = 25.593609
	y152 = -7.280018
	y153 = 5.093365
	y154 = -13.137066
	y155 = 1.646848
	y156 = -5.001948
	y157 = 15.630762
	y158 = -4.103603
	y159 = -2.381173
	y160 = -5.148387
	y161 = 0.454322
	y162 = -8.062469
	y163 = 11.587989
	y164 = -8.565812
	y165 = -8.239840
	y166 = 12.180945
	y167 = -10.459629
	y168 = -6.280012
	y169 = 6.063707
	y170 = -6.258802
	y171 = -7.406660
	y172 = 6.907761
	y173 = -7.901538
	y174 = -4.504657
	y175 = 5.732297
	y176 = -6.750296
	y177 = -4.731384
	y178 = 8.634213
	y179 = -6.602109
	y180 = -5.537632
	y181 = 8.987709
	y182 = -4.048468
	y183 = -6.514846
	y184 = 6.196018
	y185 = -3.462735
	y186 = -8.177711
	y187 = 4.422242
	y188 = -5.076018
	y189 = -7.526219
	y190 = 9.022391
	y191 = -10.199751

