InputQuery: /home/levn/Workspace/othello_world/queries/head_prove_probe_robust/game_38_target_35_eps_0.1.txt
Engine::processInputQuery: Input query (before preprocessing): 510 equations, 1277 variables
Engine::processInputQuery: Input query (after preprocessing): 766 equations, 1465 variables

Input bounds:
	x0: [  1.6097,   1.8097] 
	x1: [ -2.2701,  -2.0701] 
	x2: [ -0.2079,  -0.0079] 
	x3: [ -2.5381,  -2.3381] 
	x4: [ -3.6885,  -3.4885] 
	x5: [ -3.3488,  -3.1488] 
	x6: [ -1.4422,  -1.2422] 
	x7: [  1.1543,   1.3543] 
	x8: [ -0.8351,  -0.6351] 
	x9: [ -1.4029,  -1.2029] 
	x10: [ -0.5784,  -0.3784] 
	x11: [ -0.9418,  -0.7418] 
	x12: [ -0.6310,  -0.4310] 
	x13: [  0.0411,   0.2411] 
	x14: [ -0.6558,  -0.4558] 
	x15: [  0.2901,   0.4901] 
	x16: [  4.0632,   4.2632] 
	x17: [ -1.9992,  -1.7992] 
	x18: [ -1.1250,  -0.9250] 
	x19: [  0.3386,   0.5386] 
	x20: [  0.5697,   0.7697] 
	x21: [ -0.3526,  -0.1526] 
	x22: [  2.5751,   2.7751] 
	x23: [ -2.4757,  -2.2757] 
	x24: [  1.2854,   1.4854] 
	x25: [ -0.4389,  -0.2389] 
	x26: [ -0.1685,   0.0315] 
	x27: [ -1.1110,  -0.9110] 
	x28: [  0.1181,   0.3181] 
	x29: [  0.2576,   0.4576] 
	x30: [ -0.2155,  -0.0155] 
	x31: [ -2.3650,  -2.1650] 
	x32: [ -2.1428,  -1.9428] 
	x33: [  1.1306,   1.3306] 
	x34: [ -0.3078,  -0.1078] 
	x35: [ -0.3223,  -0.1223] 
	x36: [ -0.2343,  -0.0343] 
	x37: [  1.3716,   1.5716] 
	x38: [  2.6808,   2.8808] 
	x39: [ -0.1800,   0.0200] 
	x40: [ -1.6728,  -1.4728] 
	x41: [  0.5125,   0.7125] 
	x42: [ -0.1507,   0.0493] 
	x43: [ -0.7244,  -0.5244] 
	x44: [  0.3643,   0.5643] 
	x45: [ -0.3911,  -0.1911] 
	x46: [  1.7596,   1.9596] 
	x47: [ -2.8800,  -2.6800] 
	x48: [  0.0063,   0.2063] 
	x49: [  0.3392,   0.5392] 
	x50: [  2.3514,   2.5514] 
	x51: [ -1.2590,  -1.0590] 
	x52: [  2.5767,   2.7767] 
	x53: [ -0.4467,  -0.2467] 
	x54: [ -0.6706,  -0.4706] 
	x55: [ -2.9346,  -2.7346] 
	x56: [  1.9655,   2.1655] 
	x57: [ -0.4788,  -0.2788] 
	x58: [ -0.5610,  -0.3610] 
	x59: [  3.6095,   3.8095] 
	x60: [  1.5442,   1.7442] 
	x61: [  0.2306,   0.4306] 
	x62: [  1.4514,   1.6514] 
	x63: [ -0.4509,  -0.2509] 
	x64: [ -1.2685,  -1.0685] 
	x65: [ -1.6891,  -1.4891] 
	x66: [ -0.4275,  -0.2275] 
	x67: [  0.1243,   0.3243] 
	x68: [  1.3164,   1.5164] 
	x69: [ -1.2702,  -1.0702] 
	x70: [ -0.1576,   0.0424] 
	x71: [  0.1626,   0.3626] 
	x72: [  1.3701,   1.5701] 
	x73: [  1.1917,   1.3917] 
	x74: [ -1.1094,  -0.9094] 
	x75: [  2.0530,   2.2530] 
	x76: [ -0.0888,   0.1112] 
	x77: [  3.5301,   3.7301] 
	x78: [ -1.7853,  -1.5853] 
	x79: [ -0.1115,   0.0885] 
	x80: [ -0.0424,   0.1576] 
	x81: [  1.9214,   2.1214] 
	x82: [ -0.4208,  -0.2208] 
	x83: [ -2.2292,  -2.0292] 
	x84: [ -1.6998,  -1.4998] 
	x85: [  0.8019,   1.0019] 
	x86: [  1.5228,   1.7228] 
	x87: [  5.7309,   5.9309] 
	x88: [  0.6119,   0.8119] 
	x89: [  2.9233,   3.1233] 
	x90: [ -1.4269,  -1.2269] 
	x91: [ -2.6718,  -2.4718] 
	x92: [ -1.0172,  -0.8172] 
	x93: [  0.0183,   0.2183] 
	x94: [ -1.2477,  -1.0477] 
	x95: [ -2.6610,  -2.4610] 
	x96: [ -0.1659,   0.0341] 
	x97: [ -0.1406,   0.0594] 
	x98: [  2.1254,   2.3254] 
	x99: [ -1.3838,  -1.1838] 
	x100: [ -0.7589,  -0.5589] 
	x101: [ -2.5767,  -2.3767] 
	x102: [ -0.1458,   0.0542] 
	x103: [ -1.7269,  -1.5269] 
	x104: [ -2.6642,  -2.4642] 
	x105: [ -1.4737,  -1.2737] 
	x106: [ -3.3112,  -3.1112] 
	x107: [  0.9817,   1.1817] 
	x108: [  1.1410,   1.3410] 
	x109: [ -2.3192,  -2.1192] 
	x110: [  0.4783,   0.6783] 
	x111: [ -2.5057,  -2.3057] 
	x112: [  0.4560,   0.6560] 
	x113: [  1.1750,   1.3750] 
	x114: [ -0.2418,  -0.0418] 
	x115: [ -1.8242,  -1.6242] 
	x116: [ -0.4364,  -0.2364] 
	x117: [  2.3996,   2.5996] 
	x118: [  0.6317,   0.8317] 
	x119: [ -1.9096,  -1.7096] 
	x120: [  0.6256,   0.8256] 
	x121: [  2.4004,   2.6004] 
	x122: [  0.4036,   0.6036] 
	x123: [ -0.0406,   0.1594] 
	x124: [ -0.7555,  -0.5555] 
	x125: [ -3.6881,  -3.4881] 
	x126: [ -1.6222,  -1.4222] 
	x127: [  0.6278,   0.8278] 
	x128: [  1.1581,   1.3581] 
	x129: [ -0.6445,  -0.4445] 
	x130: [ -2.8341,  -2.6341] 
	x131: [  1.3774,   1.5774] 
	x132: [  2.6940,   2.8940] 
	x133: [  1.2249,   1.4249] 
	x134: [ -0.7006,  -0.5006] 
	x135: [ -0.2954,  -0.0954] 
	x136: [ -0.8410,  -0.6410] 
	x137: [  0.5495,   0.7495] 
	x138: [ -1.8632,  -1.6632] 
	x139: [  0.9512,   1.1512] 
	x140: [  4.6991,   4.8991] 
	x141: [ -1.5119,  -1.3119] 
	x142: [  1.8545,   2.0545] 
	x143: [ -1.7819,  -1.5819] 
	x144: [  0.1302,   0.3302] 
	x145: [ -2.6659,  -2.4659] 
	x146: [  0.2106,   0.4106] 
	x147: [ -0.4045,  -0.2045] 
	x148: [  1.8438,   2.0438] 
	x149: [ -0.2091,  -0.0091] 
	x150: [ -3.5266,  -3.3266] 
	x151: [ -2.8522,  -2.6522] 
	x152: [ -1.8247,  -1.6247] 
	x153: [  1.4126,   1.6126] 
	x154: [ -1.6047,  -1.4047] 
	x155: [ -2.5069,  -2.3069] 
	x156: [ -1.9615,  -1.7615] 
	x157: [ -1.4787,  -1.2787] 
	x158: [ -1.6729,  -1.4729] 
	x159: [ -0.2706,  -0.0706] 
	x160: [ -1.1998,  -0.9998] 
	x161: [ -2.2057,  -2.0057] 
	x162: [  1.6764,   1.8764] 
	x163: [  0.5832,   0.7832] 
	x164: [ -1.2418,  -1.0418] 
	x165: [ -0.0419,   0.1581] 
	x166: [  2.4655,   2.6655] 
	x167: [  1.9927,   2.1927] 
	x168: [ -4.6226,  -4.4226] 
	x169: [ -1.2863,  -1.0863] 
	x170: [ -0.6970,  -0.4970] 
	x171: [ -0.4671,  -0.2671] 
	x172: [  1.5990,   1.7990] 
	x173: [  2.3716,   2.5716] 
	x174: [  2.0721,   2.2721] 
	x175: [ -0.5446,  -0.3446] 
	x176: [  1.2983,   1.4983] 
	x177: [  0.6117,   0.8117] 
	x178: [  2.0426,   2.2426] 
	x179: [ -1.4860,  -1.2860] 
	x180: [ -2.5516,  -2.3516] 
	x181: [ -0.5644,  -0.3644] 
	x182: [ -0.7205,  -0.5205] 
	x183: [ -1.9219,  -1.7219] 
	x184: [  2.8853,   3.0853] 
	x185: [ -4.5760,  -4.3760] 
	x186: [  0.0392,   0.2392] 
	x187: [ -2.9192,  -2.7192] 
	x188: [ -2.6631,  -2.4631] 
	x189: [ -1.5733,  -1.3733] 
	x190: [ -0.3444,  -0.1444] 
	x191: [  2.8078,   3.0078] 
	x192: [  0.0246,   0.2246] 
	x193: [  2.4890,   2.6890] 
	x194: [ -0.6555,  -0.4555] 
	x195: [ -2.0564,  -1.8564] 
	x196: [ -1.7231,  -1.5231] 
	x197: [ -0.2075,  -0.0075] 
	x198: [  1.2002,   1.4002] 
	x199: [ -0.1781,   0.0219] 
	x200: [ -0.9361,  -0.7361] 
	x201: [  0.1389,   0.3389] 
	x202: [  0.7444,   0.9444] 
	x203: [  0.6001,   0.8001] 
	x204: [ -3.4811,  -3.2811] 
	x205: [ -2.6144,  -2.4144] 
	x206: [ -0.0580,   0.1420] 
	x207: [ -0.1033,   0.0967] 
	x208: [  1.5875,   1.7875] 
	x209: [  2.0306,   2.2306] 
	x210: [  1.4036,   1.6036] 
	x211: [ -0.1990,   0.0010] 
	x212: [ -1.3822,  -1.1822] 
	x213: [ -1.1818,  -0.9818] 
	x214: [ -1.3390,  -1.1390] 
	x215: [ -1.3397,  -1.1397] 
	x216: [  0.1318,   0.3318] 
	x217: [  0.8328,   1.0328] 
	x218: [  0.5581,   0.7581] 
	x219: [  1.0667,   1.2667] 
	x220: [  1.1383,   1.3383] 
	x221: [  0.9853,   1.1853] 
	x222: [ -0.6662,  -0.4662] 
	x223: [  0.3668,   0.5668] 
	x224: [  0.2037,   0.4037] 
	x225: [ -0.9381,  -0.7381] 
	x226: [  2.2640,   2.4640] 
	x227: [ -0.9653,  -0.7653] 
	x228: [  1.7958,   1.9958] 
	x229: [ -1.6903,  -1.4903] 
	x230: [  0.2184,   0.4184] 
	x231: [ -1.0537,  -0.8537] 
	x232: [ -2.7213,  -2.5213] 
	x233: [ -0.6676,  -0.4676] 
	x234: [  1.7043,   1.9043] 
	x235: [ -0.9132,  -0.7132] 
	x236: [ -0.0116,   0.1884] 
	x237: [ -0.5490,  -0.3490] 
	x238: [  1.2099,   1.4099] 
	x239: [  9.1549,   9.3549] 
	x240: [ -1.1229,  -0.9229] 
	x241: [ -2.1175,  -1.9175] 
	x242: [  2.0666,   2.2666] 
	x243: [ -1.0351,  -0.8351] 
	x244: [ -1.8448,  -1.6448] 
	x245: [  0.0779,   0.2779] 
	x246: [ -1.2763,  -1.0763] 
	x247: [ -0.2685,  -0.0685] 
	x248: [  0.3296,   0.5296] 
	x249: [  0.1719,   0.3719] 
	x250: [ -0.0745,   0.1255] 
	x251: [  1.5380,   1.7380] 
	x252: [  1.4718,   1.6718] 
	x253: [  0.7858,   0.9858] 
	x254: [ -0.0952,   0.1048] 
	x255: [  0.0558,   0.2558] 
	x256: [  0.0112,   0.2112] 
	x257: [ -0.0111,   0.1889] 
	x258: [ -1.3036,  -1.1036] 
	x259: [  1.9478,   2.1478] 
	x260: [  0.4773,   0.6773] 
	x261: [ -2.0809,  -1.8809] 
	x262: [  1.5784,   1.7784] 
	x263: [  1.2346,   1.4346] 
	x264: [ -1.0126,  -0.8126] 
	x265: [ -0.5738,  -0.3738] 
	x266: [ -0.2469,  -0.0469] 
	x267: [  0.0768,   0.2768] 
	x268: [ -0.3159,  -0.1159] 
	x269: [ -0.4553,  -0.2553] 
	x270: [ -2.6491,  -2.4491] 
	x271: [  1.4540,   1.6540] 
	x272: [  0.1830,   0.3830] 
	x273: [  0.5470,   0.7470] 
	x274: [ -0.0067,   0.1933] 
	x275: [  1.5172,   1.7172] 
	x276: [  0.3297,   0.5297] 
	x277: [  2.2128,   2.4128] 
	x278: [ -1.9103,  -1.7103] 
	x279: [ -0.2298,  -0.0298] 
	x280: [  0.1129,   0.3129] 
	x281: [ -0.2508,  -0.0508] 
	x282: [  2.2842,   2.4842] 
	x283: [ -2.7165,  -2.5165] 
	x284: [  0.2988,   0.4988] 
	x285: [ -0.6962,  -0.4962] 
	x286: [ -0.7348,  -0.5348] 
	x287: [  0.7393,   0.9393] 
	x288: [ -0.3885,  -0.1885] 
	x289: [ -1.4432,  -1.2432] 
	x290: [  0.5588,   0.7588] 
	x291: [  0.3806,   0.5806] 
	x292: [  0.1483,   0.3483] 
	x293: [ -2.2795,  -2.0795] 
	x294: [  1.5028,   1.7028] 
	x295: [ -0.9016,  -0.7016] 
	x296: [ -0.9963,  -0.7963] 
	x297: [  0.7672,   0.9672] 
	x298: [ -8.0253,  -7.8253] 
	x299: [  1.2668,   1.4668] 
	x300: [  2.8012,   3.0012] 
	x301: [  0.0816,   0.2816] 
	x302: [ -0.4702,  -0.2702] 
	x303: [ -0.3783,  -0.1783] 
	x304: [ -0.6658,  -0.4658] 
	x305: [ -0.6447,  -0.4447] 
	x306: [  3.1489,   3.3489] 
	x307: [ -1.8387,  -1.6387] 
	x308: [  1.2344,   1.4344] 
	x309: [  0.8942,   1.0942] 
	x310: [  2.1163,   2.3163] 
	x311: [  1.8471,   2.0471] 
	x312: [ -0.3205,  -0.1205] 
	x313: [  0.9455,   1.1455] 
	x314: [  2.6836,   2.8836] 
	x315: [  1.0289,   1.2289] 
	x316: [  1.0916,   1.2916] 
	x317: [  1.4153,   1.6153] 
	x318: [  0.9909,   1.1909] 
	x319: [  0.5094,   0.7094] 
	x320: [  1.3041,   1.5041] 
	x321: [  0.0975,   0.2975] 
	x322: [  1.0572,   1.2572] 
	x323: [  0.1633,   0.3633] 
	x324: [  1.0764,   1.2764] 
	x325: [ -1.7593,  -1.5593] 
	x326: [  0.1071,   0.3071] 
	x327: [ -1.7404,  -1.5404] 
	x328: [  1.5584,   1.7584] 
	x329: [ -1.6883,  -1.4883] 
	x330: [ -0.0864,   0.1136] 
	x331: [  1.5834,   1.7834] 
	x332: [ -2.6553,  -2.4553] 
	x333: [  2.4054,   2.6054] 
	x334: [  0.4997,   0.6997] 
	x335: [  0.5725,   0.7725] 
	x336: [ -1.9160,  -1.7160] 
	x337: [ -0.9752,  -0.7752] 
	x338: [ -1.9487,  -1.7487] 
	x339: [ -0.4529,  -0.2529] 
	x340: [ -0.3056,  -0.1056] 
	x341: [  0.2157,   0.4157] 
	x342: [  1.9143,   2.1143] 
	x343: [  0.5833,   0.7833] 
	x344: [  2.9774,   3.1774] 
	x345: [ -0.5200,  -0.3200] 
	x346: [ -1.1071,  -0.9071] 
	x347: [ -2.1936,  -1.9936] 
	x348: [  0.8451,   1.0451] 
	x349: [ -0.1369,   0.0631] 
	x350: [  0.9647,   1.1647] 
	x351: [ -1.5629,  -1.3629] 
	x352: [  0.4720,   0.6720] 
	x353: [ -3.3686,  -3.1686] 
	x354: [  0.4114,   0.6114] 
	x355: [ -0.2854,  -0.0854] 
	x356: [  0.2799,   0.4799] 
	x357: [  1.3394,   1.5394] 
	x358: [  0.8798,   1.0798] 
	x359: [  0.9562,   1.1562] 
	x360: [  0.1573,   0.3573] 
	x361: [  0.5781,   0.7781] 
	x362: [ -3.4823,  -3.2823] 
	x363: [ -0.1856,   0.0144] 
	x364: [ -0.4875,  -0.2875] 
	x365: [  0.4478,   0.6478] 
	x366: [ -2.2587,  -2.0587] 
	x367: [  1.8523,   2.0523] 
	x368: [ -2.0751,  -1.8751] 
	x369: [ -0.1305,   0.0695] 
	x370: [ -2.1562,  -1.9562] 
	x371: [  0.4309,   0.6309] 
	x372: [  1.2228,   1.4228] 
	x373: [ -1.0036,  -0.8036] 
	x374: [  1.1746,   1.3746] 
	x375: [ -0.1882,   0.0118] 
	x376: [ -0.1149,   0.0851] 
	x377: [ -1.8291,  -1.6291] 
	x378: [  0.3703,   0.5703] 
	x379: [ -1.4196,  -1.2196] 
	x380: [  2.3261,   2.5261] 
	x381: [ -0.9388,  -0.7388] 
	x382: [ -0.7962,  -0.5962] 
	x383: [ -1.4622,  -1.2622] 
	x384: [  0.4880,   0.6880] 
	x385: [ -0.0113,   0.1887] 
	x386: [ -1.7146,  -1.5146] 
	x387: [  1.9427,   2.1427] 
	x388: [  2.3864,   2.5864] 
	x389: [  0.3439,   0.5439] 
	x390: [  0.3756,   0.5756] 
	x391: [ -1.9160,  -1.7160] 
	x392: [ -1.2114,  -1.0114] 
	x393: [ -1.4432,  -1.2432] 
	x394: [  1.0328,   1.2328] 
	x395: [ -0.8619,  -0.6619] 
	x396: [ -0.2748,  -0.0748] 
	x397: [ -0.1824,   0.0176] 
	x398: [ -2.1989,  -1.9989] 
	x399: [  0.8278,   1.0278] 
	x400: [  1.2461,   1.4461] 
	x401: [  1.6216,   1.8216] 
	x402: [  0.2403,   0.4403] 
	x403: [ -1.5666,  -1.3666] 
	x404: [ -0.9788,  -0.7788] 
	x405: [  0.1376,   0.3376] 
	x406: [  0.2601,   0.4601] 
	x407: [ -1.9277,  -1.7277] 
	x408: [ -1.2055,  -1.0055] 
	x409: [  2.3474,   2.5474] 
	x410: [  1.8842,   2.0842] 
	x411: [  1.8123,   2.0123] 
	x412: [  3.3281,   3.5281] 
	x413: [  1.1385,   1.3385] 
	x414: [  0.0525,   0.2525] 
	x415: [  0.6089,   0.8089] 
	x416: [  0.1453,   0.3453] 
	x417: [ -2.5020,  -2.3020] 
	x418: [ -2.4074,  -2.2074] 
	x419: [ -1.3124,  -1.1124] 
	x420: [ -0.7018,  -0.5018] 
	x421: [ -0.4903,  -0.2903] 
	x422: [  2.0705,   2.2705] 
	x423: [  2.1930,   2.3930] 
	x424: [  2.4619,   2.6619] 
	x425: [ -1.8429,  -1.6429] 
	x426: [ -5.7286,  -5.5286] 
	x427: [ -2.4089,  -2.2089] 
	x428: [ -0.2955,  -0.0955] 
	x429: [ -1.9200,  -1.7200] 
	x430: [ -1.1281,  -0.9281] 
	x431: [ -3.2705,  -3.0705] 
	x432: [ -0.2153,  -0.0153] 
	x433: [  0.7611,   0.9611] 
	x434: [  2.1445,   2.3445] 
	x435: [ -1.3689,  -1.1689] 
	x436: [ -2.3481,  -2.1481] 
	x437: [  0.7235,   0.9235] 
	x438: [ -2.0540,  -1.8540] 
	x439: [  0.0782,   0.2782] 
	x440: [ -3.1342,  -2.9342] 
	x441: [ -1.1079,  -0.9079] 
	x442: [  0.1176,   0.3176] 
	x443: [  1.1436,   1.3436] 
	x444: [  2.6595,   2.8595] 
	x445: [  2.1399,   2.3399] 
	x446: [ -0.6902,  -0.4902] 
	x447: [ -0.8120,  -0.6120] 
	x448: [ -2.7891,  -2.5891] 
	x449: [ -0.7784,  -0.5784] 
	x450: [ -1.6889,  -1.4889] 
	x451: [ -1.3025,  -1.1025] 
	x452: [ -0.3373,  -0.1373] 
	x453: [  1.0095,   1.2095] 
	x454: [  1.9398,   2.1398] 
	x455: [ -1.0758,  -0.8758] 
	x456: [  0.6108,   0.8108] 
	x457: [ -1.4682,  -1.2682] 
	x458: [  0.5659,   0.7659] 
	x459: [ -0.1915,   0.0085] 
	x460: [ -0.1130,   0.0870] 
	x461: [  0.6314,   0.8314] 
	x462: [ -0.2518,  -0.0518] 
	x463: [ -0.0315,   0.1685] 
	x464: [ -0.5853,  -0.3853] 
	x465: [  0.6889,   0.8889] 
	x466: [  1.2795,   1.4795] 
	x467: [ -1.6019,  -1.4019] 
	x468: [  0.5518,   0.7518] 
	x469: [  0.2538,   0.4538] 
	x470: [  1.8123,   2.0123] 
	x471: [  0.2104,   0.4104] 
	x472: [  1.8216,   2.0216] 
	x473: [ -1.7574,  -1.5574] 
	x474: [  0.2769,   0.4769] 
	x475: [ -1.5323,  -1.3323] 
	x476: [  1.6950,   1.8950] 
	x477: [ -1.5374,  -1.3374] 
	x478: [  2.8716,   3.0716] 
	x479: [  0.0258,   0.2258] 
	x480: [ -0.1035,   0.0965] 
	x481: [  1.1973,   1.3973] 
	x482: [ -1.2598,  -1.0598] 
	x483: [ -1.6523,  -1.4523] 
	x484: [ -0.3598,  -0.1598] 
	x485: [ -0.7089,  -0.5089] 
	x486: [  2.1353,   2.3353] 
	x487: [  0.0704,   0.2704] 
	x488: [ -1.3412,  -1.1412] 
	x489: [ -0.9069,  -0.7069] 
	x490: [ -1.4626,  -1.2626] 
	x491: [  0.4593,   0.6593] 
	x492: [ -0.0249,   0.1751] 
	x493: [  0.0108,   0.2108] 
	x494: [  0.2155,   0.4155] 
	x495: [  1.9208,   2.1208] 
	x496: [ -0.0243,   0.1757] 
	x497: [  0.1264,   0.3264] 
	x498: [  2.5555,   2.7555] 
	x499: [ -0.8154,  -0.6154] 
	x500: [  0.1749,   0.3749] 
	x501: [ -0.2902,  -0.0902] 
	x502: [ -0.6179,  -0.4179] 
	x503: [ -0.9290,  -0.7290] 
	x504: [  0.6481,   0.8481] 
	x505: [  2.8262,   3.0262] 
	x506: [ -1.4173,  -1.2173] 
	x507: [  1.7234,   1.9234] 
	x508: [ -3.4744,  -3.2744] 
	x509: [ -1.2417,  -1.0417] 
	x510: [ -0.5928,  -0.3928] 
	x511: [ -0.1797,   0.0203] 

Branching heuristics set to PseudoImpact

Engine::solve: Initial statistics

02:26:47 Statistics update:
	--- Time Statistics ---
	Total time elapsed: 1571 milli (00:00:01)
		Main loop: 0 milli (00:00:00)
		Preprocessing time: 812 milli (00:00:00)
		Unknown: 759 milli (00:00:00)
	Breakdown for main loop:
		[0.00%] Simplex steps: 0 milli
		[0.00%] Explicit-basis bound tightening: 0 milli
		[0.00%] Constraint-matrix bound tightening: 0 milli
		[0.00%] Degradation checking: 0 milli
		[0.00%] Precision restoration: 0 milli
		[0.00%] Statistics handling: 0 milli
		[0.00%] Constraint-fixing steps: 0 milli
		[0.00%] Valid case splits: 0 milli. Average per split: 0.00 milli
		[0.00%] Applying stored bound-tightening: 0 milli
		[0.00%] SMT core: 0 milli
		[0.00%] Symbolic Bound Tightening: 43 milli
		[0.00%] SoI-based local search: 0 milli
		[0.00%] SoI-based local search: 0 milli
		[0.00%] Unaccounted for: 0 milli
	--- Preprocessor Statistics ---
	Number of preprocessor bound-tightening loop iterations: 3
	Number of eliminated variables: 69
	Number of constraints removed due to variable elimination: 69
	Number of equations removed due to variable elimination: 0
	--- Engine Statistics ---
	Number of main loop iterations: 1
		0 iterations were simplex steps. Total time: 0 milli. Average: 0.00 milli.
		0 iterations were constraint-fixing steps. Total time: 0 milli. Average: 0.00 milli
	Number of active piecewise-linear constraints: 187 / 187
		Constraints disabled by valid splits: 0. By SMT-originated splits: 0
	Last reported degradation: 0.0000000000. Max degradation so far: 0.0000000000. Restorations so far: 0
	Number of simplex pivots we attempted to skip because of instability: 0.
	Unstable pivots performed anyway: 0
	--- Tableau Statistics ---
	Total number of pivots performed: 0
		Real pivots: 0. Degenerate: 0 (0.00%)
		Degenerate pivots by request (e.g., to fix a PL constraint): 0 (0.00%)
		Average time per pivot: 0.00 milli
	Total number of fake pivots performed: 0
	Total number of rows added: 0. Number of merged columns: 0
	Current tableau dimensions: M = 766, N = 2231
	--- SMT Core Statistics ---
	Total depth is 0. Total visited states: 1. Number of splits: 0. Number of pops: 0
	Max stack depth: 0
	--- Bound Tightening Statistics ---
	Number of tightened bounds: 0.
		Number of rows examined by row tightener: 0. Consequent tightenings: 0
		Number of explicit basis matrices examined by row tightener: 0. Consequent tightenings: 0
		Number of bound tightening rounds on the entire constraint matrix: 0. Consequent tightenings: 0
		Number of bound notifications sent to PL constraints: 1122. Tightenings proposed: 0
	--- Basis Factorization statistics ---
	Number of basis refactorizations: 2
	--- Projected Steepest Edge Statistics ---
	Number of iterations: 0.
	Number of resets to reference space: 1. Avg. iterations per reset: 0
	--- SBT ---
	Number of tightened bounds: 385
	--- SoI-based local search ---
	Number of proposed phase pattern update: 0. Number of accepted update: 0 [0.00%]
	Total time (% of local search time) updating SoI phase pattern : 0 milli [0.00%]
	Total time obtaining current assignment: 0 milli [0.00%]
	Total time getting SoI phase pattern : 0 milli [0.00%]
	--- Context dependent statistics ---
	Number of pushes / pops: 0 / 0
		[0.00%] Pre-Push hook: 0 milli
		[0.00%] Push : 0 milli
		[0.00%] Post-Pop hook: 0 milli
		[0.00%] Pop : 0 milli
		[0.00%] Total context-switching time: 0 milli
	--- Proof Certificate ---
	Number of certified leaves: 0
	Number of leaves to delegate: 0

---

Engine::solve: sat assignment found

02:27:03 Statistics update:
	--- Time Statistics ---
	Total time elapsed: 17539 milli (00:00:17)
		Main loop: 15966 milli (00:00:15)
		Preprocessing time: 812 milli (00:00:00)
		Unknown: 760 milli (00:00:00)
	Breakdown for main loop:
		[33.46%] Simplex steps: 5342 milli
		[66.02%] Explicit-basis bound tightening: 10541 milli
		[0.00%] Constraint-matrix bound tightening: 0 milli
		[0.14%] Degradation checking: 22 milli
		[0.00%] Precision restoration: 0 milli
		[0.06%] Statistics handling: 9 milli
		[0.00%] Constraint-fixing steps: 0 milli
		[0.00%] Valid case splits: 0 milli. Average per split: 0.00 milli
		[0.00%] Applying stored bound-tightening: 0 milli
		[0.00%] SMT core: 0 milli
		[0.38%] Symbolic Bound Tightening: 60 milli
		[0.37%] SoI-based local search: 58 milli
		[0.00%] SoI-based local search: 0 milli
		[115532306021056.78%] Unaccounted for: 0 milli
	--- Preprocessor Statistics ---
	Number of preprocessor bound-tightening loop iterations: 3
	Number of eliminated variables: 69
	Number of constraints removed due to variable elimination: 69
	Number of equations removed due to variable elimination: 0
	--- Engine Statistics ---
	Number of main loop iterations: 448
		446 iterations were simplex steps. Total time: 5342 milli. Average: 11.98 milli.
		0 iterations were constraint-fixing steps. Total time: 0 milli. Average: 0.00 milli
	Number of active piecewise-linear constraints: 187 / 187
		Constraints disabled by valid splits: 0. By SMT-originated splits: 0
	Last reported degradation: 0.0000011056. Max degradation so far: 0.0000011056. Restorations so far: 0
	Number of simplex pivots we attempted to skip because of instability: 0.
	Unstable pivots performed anyway: 0
	--- Tableau Statistics ---
	Total number of pivots performed: 437
		Real pivots: 437. Degenerate: 0 (0.00%)
		Degenerate pivots by request (e.g., to fix a PL constraint): 0 (0.00%)
		Average time per pivot: 1.21 milli
	Total number of fake pivots performed: 7
	Total number of rows added: 0. Number of merged columns: 0
	Current tableau dimensions: M = 766, N = 2231
	--- SMT Core Statistics ---
	Total depth is 0. Total visited states: 1. Number of splits: 0. Number of pops: 0
	Max stack depth: 0
	--- Bound Tightening Statistics ---
	Number of tightened bounds: 0.
		Number of rows examined by row tightener: 437. Consequent tightenings: 0
		Number of explicit basis matrices examined by row tightener: 5. Consequent tightenings: 272
		Number of bound tightening rounds on the entire constraint matrix: 0. Consequent tightenings: 0
		Number of bound notifications sent to PL constraints: 2244. Tightenings proposed: 0
	--- Basis Factorization statistics ---
	Number of basis refactorizations: 6
	--- Projected Steepest Edge Statistics ---
	Number of iterations: 444.
	Number of resets to reference space: 1. Avg. iterations per reset: 444
	--- SBT ---
	Number of tightened bounds: 385
	--- SoI-based local search ---
	Number of proposed phase pattern update: 0. Number of accepted update: 1 [0.00%]
	Total time (% of local search time) updating SoI phase pattern : 2160 milli [3.68%]
	Total time obtaining current assignment: 646 milli [1.10%]
	Total time getting SoI phase pattern : 274 milli [0.00%]
	--- Context dependent statistics ---
	Number of pushes / pops: 0 / 0
		[0.00%] Pre-Push hook: 0 milli
		[0.00%] Push : 0 milli
		[0.00%] Post-Pop hook: 0 milli
		[0.00%] Pop : 0 milli
		[0.00%] Total context-switching time: 0 milli
	--- Proof Certificate ---
	Number of certified leaves: 0
	Number of leaves to delegate: 0
sat
Input assignment:
	x0 = 1.809652
	x1 = -2.070103
	x2 = -0.207926
	x3 = -2.338089
	x4 = -3.688530
	x5 = -3.148838
	x6 = -1.242171
	x7 = 1.354311
	x8 = -0.835149
	x9 = -1.402937
	x10 = -0.578449
	x11 = -0.941792
	x12 = -0.430992
	x13 = 0.041064
	x14 = -0.655805
	x15 = 0.290129
	x16 = 4.263208
	x17 = -1.799230
	x18 = -0.924973
	x19 = 0.338555
	x20 = 0.569716
	x21 = -0.352598
	x22 = 2.775137
	x23 = -2.475691
	x24 = 1.285351
	x25 = -0.238887
	x26 = 0.031492
	x27 = -1.111009
	x28 = 0.318140
	x29 = 0.457562
	x30 = -0.215550
	x31 = -2.364964
	x32 = -2.142809
	x33 = 1.130591
	x34 = -0.107789
	x35 = -0.122299
	x36 = -0.034343
	x37 = 1.571616
	x38 = 2.680843
	x39 = 0.019994
	x40 = -1.672753
	x41 = 0.712547
	x42 = -0.150740
	x43 = -0.524423
	x44 = 0.564331
	x45 = -0.191087
	x46 = 1.959552
	x47 = -2.680004
	x48 = 0.206282
	x49 = 0.539235
	x50 = 2.551368
	x51 = -1.058950
	x52 = 2.576692
	x53 = -0.246662
	x54 = -0.670573
	x55 = -2.934612
	x56 = 1.965546
	x57 = -0.278771
	x58 = -0.560977
	x59 = 3.609527
	x60 = 1.744221
	x61 = 0.430579
	x62 = 1.451409
	x63 = -0.450877
	x64 = -1.068500
	x65 = -1.489149
	x66 = -0.227485
	x67 = 0.324268
	x68 = 1.516393
	x69 = -1.270170
	x70 = 0.042396
	x71 = 0.362603
	x72 = 1.370149
	x73 = 1.191691
	x74 = -0.909372
	x75 = 2.052964
	x76 = -0.088839
	x77 = 3.530066
	x78 = -1.785326
	x79 = -0.111534
	x80 = -0.042444
	x81 = 1.921373
	x82 = -0.420791
	x83 = -2.229170
	x84 = -1.499787
	x85 = 0.801874
	x86 = 1.522756
	x87 = 5.930927
	x88 = 0.811861
	x89 = 2.923259
	x90 = -1.226935
	x91 = -2.671813
	x92 = -1.017218
	x93 = 0.218325
	x94 = -1.247696
	x95 = -2.661044
	x96 = -0.165910
	x97 = -0.140589
	x98 = 2.125428
	x99 = -1.383802
	x100 = -0.647120
	x101 = -2.576722
	x102 = 0.054223
	x103 = -1.526866
	x104 = -2.464249
	x105 = -1.273666
	x106 = -3.111244
	x107 = 1.181733
	x108 = 1.340988
	x109 = -2.319151
	x110 = 0.478330
	x111 = -2.305704
	x112 = 0.656008
	x113 = 1.374972
	x114 = -0.241808
	x115 = -1.624193
	x116 = -0.371104
	x117 = 2.399592
	x118 = 0.831708
	x119 = -1.909556
	x120 = 0.825603
	x121 = 2.400391
	x122 = 0.403617
	x123 = -0.040567
	x124 = -0.755464
	x125 = -3.488110
	x126 = -1.422212
	x127 = 0.627826
	x128 = 1.158102
	x129 = -0.444524
	x130 = -2.834055
	x131 = 1.577396
	x132 = 2.694028
	x133 = 1.424915
	x134 = -0.700572
	x135 = -0.295427
	x136 = -0.641006
	x137 = 0.549486
	x138 = -1.863218
	x139 = 1.151155
	x140 = 4.699056
	x141 = -1.511890
	x142 = 1.854466
	x143 = -1.781881
	x144 = 0.330199
	x145 = -2.665855
	x146 = 0.410620
	x147 = -0.404469
	x148 = 1.843836
	x149 = -0.009081
	x150 = -3.526620
	x151 = -2.852162
	x152 = -1.824653
	x153 = 1.412553
	x154 = -1.604732
	x155 = -2.506892
	x156 = -1.761482
	x157 = -1.478652
	x158 = -1.672854
	x159 = -0.070555
	x160 = -1.199807
	x161 = -2.005687
	x162 = 1.876429
	x163 = 0.783193
	x164 = -1.041798
	x165 = 0.158055
	x166 = 2.465542
	x167 = 2.180634
	x168 = -4.422573
	x169 = -1.086342
	x170 = -0.496981
	x171 = -0.267133
	x172 = 1.799006
	x173 = 2.371577
	x174 = 2.072118
	x175 = -0.544592
	x176 = 1.298298
	x177 = 0.811684
	x178 = 2.042613
	x179 = -1.485964
	x180 = -2.551597
	x181 = -0.564391
	x182 = -0.720464
	x183 = -1.721875
	x184 = 3.085262
	x185 = -4.375958
	x186 = 0.039194
	x187 = -2.919189
	x188 = -2.463069
	x189 = -1.373341
	x190 = -0.344385
	x191 = 2.807808
	x192 = 0.024639
	x193 = 2.488989
	x194 = -0.455478
	x195 = -1.856377
	x196 = -1.723113
	x197 = -0.207474
	x198 = 1.400193
	x199 = 0.021927
	x200 = -0.936139
	x201 = 0.138888
	x202 = 0.744413
	x203 = 0.600131
	x204 = -3.481097
	x205 = -2.414399
	x206 = 0.141988
	x207 = 0.096709
	x208 = 1.787495
	x209 = 2.230616
	x210 = 1.603609
	x211 = 0.000979
	x212 = -1.382235
	x213 = -1.181844
	x214 = -1.278782
	x215 = -1.139731
	x216 = 0.331784
	x217 = 0.832791
	x218 = 0.558068
	x219 = 1.066712
	x220 = 1.338276
	x221 = 0.985275
	x222 = -0.466173
	x223 = 0.366849
	x224 = 0.403714
	x225 = -0.738115
	x226 = 2.463956
	x227 = -0.965285
	x228 = 1.795810
	x229 = -1.490266
	x230 = 0.218361
	x231 = -1.053667
	x232 = -2.721283
	x233 = -0.467555
	x234 = 1.704258
	x235 = -0.913233
	x236 = -0.011621
	x237 = -0.349008
	x238 = 1.209855
	x239 = 9.154859
	x240 = -1.122906
	x241 = -1.917451
	x242 = 2.266612
	x243 = -1.035057
	x244 = -1.844760
	x245 = 0.077866
	x246 = -1.076303
	x247 = -0.068512
	x248 = 0.529620
	x249 = 0.171907
	x250 = -0.074462
	x251 = 1.537961
	x252 = 1.471753
	x253 = 0.985794
	x254 = 0.104827
	x255 = 0.255781
	x256 = 0.011228
	x257 = 0.188935
	x258 = -1.103611
	x259 = 2.147810
	x260 = 0.677282
	x261 = -1.880904
	x262 = 1.778374
	x263 = 1.434559
	x264 = -1.012624
	x265 = -0.573826
	x266 = -0.246876
	x267 = 0.076801
	x268 = -0.115890
	x269 = -0.255288
	x270 = -2.649114
	x271 = 1.653995
	x272 = 0.383034
	x273 = 0.746954
	x274 = -0.006749
	x275 = 1.517154
	x276 = 0.529674
	x277 = 2.212780
	x278 = -1.710272
	x279 = -0.229836
	x280 = 0.112923
	x281 = -0.250848
	x282 = 2.484187
	x283 = -2.516508
	x284 = 0.498834
	x285 = -0.696150
	x286 = -0.734842
	x287 = 0.939267
	x288 = -0.188540
	x289 = -1.443184
	x290 = 0.558791
	x291 = 0.380617
	x292 = 0.148323
	x293 = -2.079477
	x294 = 1.502841
	x295 = -0.701600
	x296 = -0.796261
	x297 = 0.767169
	x298 = -7.825332
	x299 = 1.266819
	x300 = 2.801172
	x301 = 0.081609
	x302 = -0.470182
	x303 = -0.378319
	x304 = -0.465802
	x305 = -0.644703
	x306 = 3.348863
	x307 = -1.838689
	x308 = 1.434372
	x309 = 1.094153
	x310 = 2.116301
	x311 = 1.847061
	x312 = -0.120477
	x313 = 0.945541
	x314 = 2.883606
	x315 = 1.228929
	x316 = 1.091649
	x317 = 1.415284
	x318 = 0.990854
	x319 = 0.509394
	x320 = 1.504060
	x321 = 0.097540
	x322 = 1.057225
	x323 = 0.163345
	x324 = 1.076437
	x325 = -1.759347
	x326 = 0.307074
	x327 = -1.540421
	x328 = 1.758384
	x329 = -1.688262
	x330 = 0.113564
	x331 = 1.583427
	x332 = -2.655348
	x333 = 2.405398
	x334 = 0.499687
	x335 = 0.772546
	x336 = -1.916010
	x337 = -0.975208
	x338 = -1.948703
	x339 = -0.452864
	x340 = -0.105601
	x341 = 0.215735
	x342 = 1.914291
	x343 = 0.783316
	x344 = 2.977402
	x345 = -0.320043
	x346 = -1.107063
	x347 = -2.193641
	x348 = 0.845116
	x349 = -0.136898
	x350 = 1.164733
	x351 = -1.562910
	x352 = 0.672000
	x353 = -3.368621
	x354 = 0.611430
	x355 = -0.285382
	x356 = 0.279897
	x357 = 1.339422
	x358 = 1.079837
	x359 = 0.956167
	x360 = 0.357336
	x361 = 0.578094
	x362 = -3.282303
	x363 = -0.185631
	x364 = -0.487511
	x365 = 0.447781
	x366 = -2.058718
	x367 = 1.954323
	x368 = -2.075125
	x369 = 0.069477
	x370 = -1.956233
	x371 = 0.630928
	x372 = 1.222777
	x373 = -0.803551
	x374 = 1.174624
	x375 = 0.011779
	x376 = 0.085056
	x377 = -1.629115
	x378 = 0.570282
	x379 = -1.419597
	x380 = 2.326147
	x381 = -0.738797
	x382 = -0.596188
	x383 = -1.462212
	x384 = 0.488038
	x385 = -0.011345
	x386 = -1.714625
	x387 = 1.942667
	x388 = 2.386401
	x389 = 0.343932
	x390 = 0.375599
	x391 = -1.715982
	x392 = -1.211374
	x393 = -1.443249
	x394 = 1.232836
	x395 = -0.661940
	x396 = -0.074800
	x397 = 0.017605
	x398 = -2.198940
	x399 = 0.827840
	x400 = 1.246064
	x401 = 1.821612
	x402 = 0.240346
	x403 = -1.366577
	x404 = -0.978776
	x405 = 0.337575
	x406 = 0.260110
	x407 = -1.927716
	x408 = -1.205482
	x409 = 2.347367
	x410 = 2.084230
	x411 = 2.012322
	x412 = 3.528126
	x413 = 1.338464
	x414 = 0.252464
	x415 = 0.608883
	x416 = 0.345319
	x417 = -2.301988
	x418 = -2.407436
	x419 = -1.112422
	x420 = -0.701818
	x421 = -0.490320
	x422 = 2.270484
	x423 = 2.392964
	x424 = 2.461899
	x425 = -1.642855
	x426 = -5.528604
	x427 = -2.208870
	x428 = -0.095452
	x429 = -1.920026
	x430 = -0.928099
	x431 = -3.070463
	x432 = -0.015317
	x433 = 0.961114
	x434 = 2.144494
	x435 = -1.168873
	x436 = -2.148062
	x437 = 0.723523
	x438 = -2.053951
	x439 = 0.078180
	x440 = -3.134188
	x441 = -0.907906
	x442 = 0.117625
	x443 = 1.143625
	x444 = 2.859529
	x445 = 2.339918
	x446 = -0.490183
	x447 = -0.611961
	x448 = -2.589097
	x449 = -0.778360
	x450 = -1.488913
	x451 = -1.102544
	x452 = -0.337339
	x453 = 1.209476
	x454 = 2.139798
	x455 = -0.875754
	x456 = 0.610805
	x457 = -1.468180
	x458 = 0.765948
	x459 = 0.008537
	x460 = -0.112973
	x461 = 0.631414
	x462 = -0.051803
	x463 = 0.168518
	x464 = -0.385323
	x465 = 0.888885
	x466 = 1.479473
	x467 = -1.401875
	x468 = 0.751771
	x469 = 0.253813
	x470 = 1.812255
	x471 = 0.410379
	x472 = 1.821595
	x473 = -1.557353
	x474 = 0.476942
	x475 = -1.532289
	x476 = 1.895013
	x477 = -1.337366
	x478 = 2.871563
	x479 = 0.225797
	x480 = 0.096510
	x481 = 1.197330
	x482 = -1.059809
	x483 = -1.452311
	x484 = -0.359762
	x485 = -0.708949
	x486 = 2.135289
	x487 = 0.070381
	x488 = -1.141232
	x489 = -0.706873
	x490 = -1.462643
	x491 = 0.459339
	x492 = -0.024878
	x493 = 0.010755
	x494 = 0.215538
	x495 = 1.920771
	x496 = -0.024270
	x497 = 0.326360
	x498 = 2.555541
	x499 = -0.815375
	x500 = 0.374911
	x501 = -0.090218
	x502 = -0.617892
	x503 = -0.729006
	x504 = 0.648137
	x505 = 3.026190
	x506 = -1.417316
	x507 = 1.923371
	x508 = -3.274363
	x509 = -1.041677
	x510 = -0.592760
	x511 = -0.179726

Output:
	y0 = -5.898367
	y1 = 5.229590
	y2 = -7.473041
	y3 = -9.575206
	y4 = 16.089304
	y5 = -13.860238
	y6 = -7.359027
	y7 = 12.251322
	y8 = -9.100030
	y9 = -6.506746
	y10 = 10.072700
	y11 = -9.437326
	y12 = -4.332409
	y13 = 8.354357
	y14 = -6.765359
	y15 = -4.021850
	y16 = 11.512841
	y17 = -5.157178
	y18 = -7.692671
	y19 = 10.278288
	y20 = -10.672530
	y21 = -6.723187
	y22 = 10.672724
	y23 = -10.476082
	y24 = -8.649711
	y25 = 8.224025
	y26 = -8.098511
	y27 = -8.511131
	y28 = 8.513101
	y29 = -9.223490
	y30 = -6.667993
	y31 = 6.056473
	y32 = -4.792156
	y33 = -6.807168
	y34 = 9.913411
	y35 = -5.113976
	y36 = -5.047403
	y37 = 14.666263
	y38 = -1.807560
	y39 = -5.181910
	y40 = 8.820069
	y41 = -5.829695
	y42 = -7.886762
	y43 = 9.060472
	y44 = -9.437834
	y45 = -7.443297
	y46 = 6.694872
	y47 = -8.090188
	y48 = -8.326402
	y49 = 13.340168
	y50 = -7.552307
	y51 = -6.246113
	y52 = 8.946148
	y53 = -6.912815
	y54 = -2.981552
	y55 = 10.901252
	y56 = 0.247828
	y57 = -5.406558
	y58 = 22.037211
	y59 = -0.431051
	y60 = -1.331034
	y61 = 24.699035
	y62 = -1.465151
	y63 = -1.641616
	y64 = 25.562231
	y65 = -1.222112
	y66 = -5.189449
	y67 = 13.967615
	y68 = -5.652780
	y69 = -4.559888
	y70 = 10.693981
	y71 = -7.117425
	y72 = -8.166669
	y73 = 8.663045
	y74 = -5.120533
	y75 = -3.359915
	y76 = 8.228884
	y77 = -3.348876
	y78 = -1.740706
	y79 = 12.427700
	y80 = -0.204410
	y81 = 7.593065
	y82 = -17.618999
	y83 = 6.724508
	y84 = 9.405327
	y85 = -14.374384
	y86 = 6.737168
	y87 = 1.563021
	y88 = -4.849949
	y89 = -0.899335
	y90 = -2.469621
	y91 = 14.933739
	y92 = -4.399425
	y93 = -6.097506
	y94 = 11.450173
	y95 = -7.355539
	y96 = -7.795062
	y97 = 13.296779
	y98 = -5.265841
	y99 = -3.668054
	y100 = 9.359129
	y101 = -3.994323
	y102 = -0.232750
	y103 = 9.554453
	y104 = -0.705547
	y105 = 7.636807
	y106 = -16.001811
	y107 = 7.636797
	y108 = 9.132195
	y109 = -15.333341
	y110 = 6.771212
	y111 = 3.456004
	y112 = -18.546857
	y113 = 3.658152
	y114 = -0.889534
	y115 = -10.013995
	y116 = -1.712550
	y117 = -5.458954
	y118 = 8.665897
	y119 = -5.980831
	y120 = -5.595231
	y121 = 7.746302
	y122 = -7.144431
	y123 = -4.659715
	y124 = 5.817579
	y125 = -4.994738
	y126 = -1.656964
	y127 = 11.484849
	y128 = -1.305943
	y129 = 3.229953
	y130 = 12.756174
	y131 = -0.061524
	y132 = 3.611596
	y133 = -6.644555
	y134 = 2.276016
	y135 = 3.370200
	y136 = -4.438118
	y137 = 1.898146
	y138 = -4.358146
	y139 = 12.021128
	y140 = -5.923608
	y141 = -3.721391
	y142 = 7.307605
	y143 = -6.579198
	y144 = -6.245359
	y145 = 7.746448
	y146 = -7.884667
	y147 = -6.546377
	y148 = 10.245693
	y149 = -6.994551
	y150 = -6.333899
	y151 = 7.126670
	y152 = -4.321310
	y153 = -4.756658
	y154 = 22.668218
	y155 = -4.086193
	y156 = 3.231957
	y157 = -15.950741
	y158 = 1.748360
	y159 = -3.788095
	y160 = 16.250926
	y161 = -1.553371
	y162 = -4.728025
	y163 = 10.197332
	y164 = -8.456904
	y165 = -4.099589
	y166 = 2.794129
	y167 = -7.788032
	y168 = -6.652022
	y169 = 7.586741
	y170 = -7.493485
	y171 = -7.597703
	y172 = 9.261339
	y173 = -9.890160
	y174 = -4.837696
	y175 = 9.473405
	y176 = -7.445771
	y177 = -7.934670
	y178 = 19.748327
	y179 = -9.398501
	y180 = -5.026757
	y181 = 10.399867
	y182 = -6.480123
	y183 = -5.827806
	y184 = 12.043436
	y185 = -5.958812
	y186 = -6.765366
	y187 = 7.184561
	y188 = -6.259875
	y189 = -6.258759
	y190 = 8.720280
	y191 = -10.316411

