InputQuery: /home/levn/Workspace/othello_world/queries/head_prove_probe_robust/game_24_target_34_eps_0.1.txt
Engine::processInputQuery: Input query (before preprocessing): 510 equations, 1277 variables
Engine::processInputQuery: Input query (after preprocessing): 766 equations, 1449 variables

Input bounds:
	x0: [ -0.9570,  -0.7570] 
	x1: [  0.4324,   0.6324] 
	x2: [ -0.2548,  -0.0548] 
	x3: [  0.7584,   0.9584] 
	x4: [  1.8172,   2.0172] 
	x5: [  2.3540,   2.5540] 
	x6: [  0.2049,   0.4049] 
	x7: [ -2.2337,  -2.0337] 
	x8: [ -2.7064,  -2.5064] 
	x9: [ -2.2499,  -2.0499] 
	x10: [  0.1248,   0.3248] 
	x11: [  0.5904,   0.7904] 
	x12: [  0.9201,   1.1201] 
	x13: [  0.0032,   0.2032] 
	x14: [ -0.7023,  -0.5023] 
	x15: [  1.1368,   1.3368] 
	x16: [  0.4978,   0.6978] 
	x17: [ -0.2335,  -0.0335] 
	x18: [ -0.3500,  -0.1500] 
	x19: [ -0.1346,   0.0654] 
	x20: [  0.1521,   0.3521] 
	x21: [ -3.1089,  -2.9089] 
	x22: [  1.0215,   1.2215] 
	x23: [ -0.9957,  -0.7957] 
	x24: [ -0.2149,  -0.0149] 
	x25: [  0.1503,   0.3503] 
	x26: [  0.7319,   0.9319] 
	x27: [  2.0760,   2.2760] 
	x28: [  1.3891,   1.5891] 
	x29: [  0.0718,   0.2718] 
	x30: [ -2.8722,  -2.6722] 
	x31: [  2.0341,   2.2341] 
	x32: [ -1.1500,  -0.9500] 
	x33: [ -0.5543,  -0.3543] 
	x34: [ -0.6770,  -0.4770] 
	x35: [ -1.4547,  -1.2547] 
	x36: [  0.5880,   0.7880] 
	x37: [  0.0293,   0.2293] 
	x38: [  0.9628,   1.1628] 
	x39: [ -3.0018,  -2.8018] 
	x40: [  1.8260,   2.0260] 
	x41: [  0.7777,   0.9777] 
	x42: [ -1.3997,  -1.1997] 
	x43: [ -1.4305,  -1.2305] 
	x44: [ -0.6569,  -0.4569] 
	x45: [  1.8285,   2.0285] 
	x46: [ -1.1496,  -0.9496] 
	x47: [ -0.4457,  -0.2457] 
	x48: [  1.3866,   1.5866] 
	x49: [  0.2076,   0.4076] 
	x50: [  0.5877,   0.7877] 
	x51: [  0.5407,   0.7407] 
	x52: [ -0.0891,   0.1109] 
	x53: [  1.2923,   1.4923] 
	x54: [ -3.8424,  -3.6424] 
	x55: [  0.8445,   1.0445] 
	x56: [ -0.3932,  -0.1932] 
	x57: [ -4.6053,  -4.4053] 
	x58: [  1.5796,   1.7796] 
	x59: [  2.6766,   2.8766] 
	x60: [  1.7377,   1.9377] 
	x61: [ -1.7410,  -1.5410] 
	x62: [  1.6034,   1.8034] 
	x63: [ -0.2468,  -0.0468] 
	x64: [  0.4165,   0.6165] 
	x65: [  0.4648,   0.6648] 
	x66: [  0.4849,   0.6849] 
	x67: [ -2.1091,  -1.9091] 
	x68: [  3.9515,   4.1515] 
	x69: [  3.4516,   3.6516] 
	x70: [  1.1229,   1.3229] 
	x71: [  0.5609,   0.7609] 
	x72: [  0.6716,   0.8716] 
	x73: [  0.2833,   0.4833] 
	x74: [ -1.5285,  -1.3285] 
	x75: [  1.2703,   1.4703] 
	x76: [ -2.8864,  -2.6864] 
	x77: [  1.5868,   1.7868] 
	x78: [ -2.5881,  -2.3881] 
	x79: [  0.5375,   0.7375] 
	x80: [  1.4013,   1.6013] 
	x81: [  0.4010,   0.6010] 
	x82: [ -0.7159,  -0.5159] 
	x83: [ -1.6332,  -1.4332] 
	x84: [ -1.3938,  -1.1938] 
	x85: [  2.1852,   2.3852] 
	x86: [  1.0064,   1.2064] 
	x87: [ -0.3003,  -0.1003] 
	x88: [ -0.7494,  -0.5494] 
	x89: [  1.6510,   1.8510] 
	x90: [ -1.9158,  -1.7158] 
	x91: [ -1.8753,  -1.6753] 
	x92: [ -1.4106,  -1.2106] 
	x93: [ -3.0139,  -2.8139] 
	x94: [  1.3842,   1.5842] 
	x95: [ -4.2055,  -4.0055] 
	x96: [  0.6662,   0.8662] 
	x97: [ -2.4214,  -2.2214] 
	x98: [  0.8684,   1.0684] 
	x99: [ -1.2439,  -1.0439] 
	x100: [ -2.5381,  -2.3381] 
	x101: [  0.9156,   1.1156] 
	x102: [  0.1263,   0.3263] 
	x103: [ -1.8741,  -1.6741] 
	x104: [ -0.5259,  -0.3259] 
	x105: [  1.3663,   1.5663] 
	x106: [  1.0191,   1.2191] 
	x107: [ -1.5436,  -1.3436] 
	x108: [  0.5575,   0.7575] 
	x109: [  1.6563,   1.8563] 
	x110: [  0.0791,   0.2791] 
	x111: [ -1.5623,  -1.3623] 
	x112: [ -3.1980,  -2.9980] 
	x113: [  1.0488,   1.2488] 
	x114: [  1.3649,   1.5649] 
	x115: [  1.2196,   1.4196] 
	x116: [  0.2926,   0.4926] 
	x117: [  1.3449,   1.5449] 
	x118: [ -1.6173,  -1.4173] 
	x119: [ -2.5524,  -2.3524] 
	x120: [ -1.2916,  -1.0916] 
	x121: [ -0.9742,  -0.7742] 
	x122: [  1.2490,   1.4490] 
	x123: [ -2.3594,  -2.1594] 
	x124: [ -3.2427,  -3.0427] 
	x125: [  1.8255,   2.0255] 
	x126: [ -1.6089,  -1.4089] 
	x127: [  1.6268,   1.8268] 
	x128: [  1.5678,   1.7678] 
	x129: [  0.4466,   0.6466] 
	x130: [  1.6972,   1.8972] 
	x131: [ -0.2432,  -0.0432] 
	x132: [  2.0653,   2.2653] 
	x133: [ -0.1531,   0.0469] 
	x134: [  0.1772,   0.3772] 
	x135: [  2.1985,   2.3985] 
	x136: [ -1.7492,  -1.5492] 
	x137: [ -2.2048,  -2.0048] 
	x138: [  3.0869,   3.2869] 
	x139: [  1.8353,   2.0353] 
	x140: [  6.0251,   6.2251] 
	x141: [ -0.4049,  -0.2049] 
	x142: [  1.8557,   2.0557] 
	x143: [  1.8998,   2.0998] 
	x144: [  0.5457,   0.7457] 
	x145: [  0.1711,   0.3711] 
	x146: [  0.3022,   0.5022] 
	x147: [  1.4021,   1.6021] 
	x148: [  2.7949,   2.9949] 
	x149: [ -0.4519,  -0.2519] 
	x150: [  0.9219,   1.1219] 
	x151: [  0.6313,   0.8313] 
	x152: [ -1.3870,  -1.1870] 
	x153: [  0.4470,   0.6470] 
	x154: [  1.4647,   1.6647] 
	x155: [ -1.5977,  -1.3977] 
	x156: [  0.1137,   0.3137] 
	x157: [ -0.2012,  -0.0012] 
	x158: [  0.0314,   0.2314] 
	x159: [ -2.1841,  -1.9841] 
	x160: [  1.7749,   1.9749] 
	x161: [  0.0389,   0.2389] 
	x162: [ -2.5405,  -2.3405] 
	x163: [ -1.1644,  -0.9644] 
	x164: [ -4.5405,  -4.3405] 
	x165: [ -1.6561,  -1.4561] 
	x166: [ -0.1575,   0.0425] 
	x167: [  1.9190,   2.1190] 
	x168: [ -3.3542,  -3.1542] 
	x169: [  0.3807,   0.5807] 
	x170: [ -0.8484,  -0.6484] 
	x171: [  3.8341,   4.0341] 
	x172: [ -2.9488,  -2.7488] 
	x173: [ -1.5147,  -1.3147] 
	x174: [ -0.9029,  -0.7029] 
	x175: [ -0.5509,  -0.3509] 
	x176: [  0.2005,   0.4005] 
	x177: [  2.4284,   2.6284] 
	x178: [  1.6457,   1.8457] 
	x179: [ -2.5809,  -2.3809] 
	x180: [  4.9024,   5.1024] 
	x181: [ -0.0253,   0.1747] 
	x182: [ -1.1203,  -0.9203] 
	x183: [ -0.4770,  -0.2770] 
	x184: [  1.7532,   1.9532] 
	x185: [ -0.8802,  -0.6802] 
	x186: [  0.1716,   0.3716] 
	x187: [ -0.2729,  -0.0729] 
	x188: [ -0.8807,  -0.6807] 
	x189: [ -2.8573,  -2.6573] 
	x190: [ -1.3902,  -1.1902] 
	x191: [ -2.9648,  -2.7648] 
	x192: [  0.1331,   0.3331] 
	x193: [ -0.1835,   0.0165] 
	x194: [ -2.5140,  -2.3140] 
	x195: [  1.2422,   1.4422] 
	x196: [  0.1564,   0.3564] 
	x197: [  3.2779,   3.4779] 
	x198: [ -2.3171,  -2.1171] 
	x199: [ -0.9085,  -0.7085] 
	x200: [ -1.1055,  -0.9055] 
	x201: [  1.3557,   1.5557] 
	x202: [ -0.8569,  -0.6569] 
	x203: [ -0.5376,  -0.3376] 
	x204: [  0.2687,   0.4687] 
	x205: [  2.2276,   2.4276] 
	x206: [  0.4015,   0.6015] 
	x207: [ -0.0833,   0.1167] 
	x208: [ -1.1308,  -0.9308] 
	x209: [  0.1186,   0.3186] 
	x210: [  0.6097,   0.8097] 
	x211: [ -0.5341,  -0.3341] 
	x212: [ -4.1445,  -3.9445] 
	x213: [ -4.0099,  -3.8099] 
	x214: [  0.2143,   0.4143] 
	x215: [  1.8339,   2.0339] 
	x216: [ -1.4464,  -1.2464] 
	x217: [  1.6376,   1.8376] 
	x218: [ -0.1657,   0.0343] 
	x219: [ -0.8117,  -0.6117] 
	x220: [ -1.7894,  -1.5894] 
	x221: [  3.3999,   3.5999] 
	x222: [ -0.4595,  -0.2595] 
	x223: [ -2.3139,  -2.1139] 
	x224: [ -3.7097,  -3.5097] 
	x225: [  0.5929,   0.7929] 
	x226: [  1.8858,   2.0858] 
	x227: [  0.9228,   1.1228] 
	x228: [  1.8966,   2.0966] 
	x229: [ -0.0153,   0.1847] 
	x230: [  1.0321,   1.2321] 
	x231: [  1.7643,   1.9643] 
	x232: [  1.3879,   1.5879] 
	x233: [ -2.8176,  -2.6176] 
	x234: [  3.0121,   3.2121] 
	x235: [ -0.1860,   0.0140] 
	x236: [  1.5601,   1.7601] 
	x237: [  1.0798,   1.2798] 
	x238: [  3.4148,   3.6148] 
	x239: [  3.6250,   3.8250] 
	x240: [  0.6083,   0.8083] 
	x241: [  1.6135,   1.8135] 
	x242: [  1.3311,   1.5311] 
	x243: [  2.4623,   2.6623] 
	x244: [  1.1558,   1.3558] 
	x245: [  0.6377,   0.8377] 
	x246: [  2.0863,   2.2863] 
	x247: [ -0.1163,   0.0837] 
	x248: [ -1.6642,  -1.4642] 
	x249: [ -0.3229,  -0.1229] 
	x250: [ -1.4909,  -1.2909] 
	x251: [  1.0924,   1.2924] 
	x252: [ -0.3243,  -0.1243] 
	x253: [ -0.3546,  -0.1546] 
	x254: [  0.8344,   1.0344] 
	x255: [  0.1212,   0.3212] 
	x256: [  0.4234,   0.6234] 
	x257: [ -0.7668,  -0.5668] 
	x258: [ -2.8417,  -2.6417] 
	x259: [ -0.2166,  -0.0166] 
	x260: [  2.3554,   2.5554] 
	x261: [ -0.4438,  -0.2438] 
	x262: [  1.8285,   2.0285] 
	x263: [  2.9196,   3.1196] 
	x264: [ -1.4070,  -1.2070] 
	x265: [ -0.8685,  -0.6685] 
	x266: [  1.2526,   1.4526] 
	x267: [  1.5455,   1.7455] 
	x268: [ -0.0578,   0.1422] 
	x269: [  0.3613,   0.5613] 
	x270: [  0.9757,   1.1757] 
	x271: [ -0.7480,  -0.5480] 
	x272: [ -2.5298,  -2.3298] 
	x273: [ -1.2057,  -1.0057] 
	x274: [ -2.0947,  -1.8947] 
	x275: [  3.8919,   4.0919] 
	x276: [ -2.2906,  -2.0906] 
	x277: [  0.7035,   0.9035] 
	x278: [  3.9034,   4.1034] 
	x279: [  4.1323,   4.3323] 
	x280: [ -0.5905,  -0.3905] 
	x281: [  1.5941,   1.7941] 
	x282: [ -1.0502,  -0.8502] 
	x283: [ -1.8006,  -1.6006] 
	x284: [ -1.1994,  -0.9994] 
	x285: [  2.3647,   2.5647] 
	x286: [  1.8805,   2.0805] 
	x287: [ -1.3191,  -1.1191] 
	x288: [ -0.3568,  -0.1568] 
	x289: [ -1.2032,  -1.0032] 
	x290: [  1.6515,   1.8515] 
	x291: [  0.9239,   1.1239] 
	x292: [  1.3594,   1.5594] 
	x293: [ -0.0857,   0.1143] 
	x294: [ -0.7986,  -0.5986] 
	x295: [ -0.4043,  -0.2043] 
	x296: [ -0.8475,  -0.6475] 
	x297: [  2.3095,   2.5095] 
	x298: [ -3.2529,  -3.0529] 
	x299: [  0.5194,   0.7194] 
	x300: [  4.0168,   4.2168] 
	x301: [  1.3027,   1.5027] 
	x302: [  1.6847,   1.8847] 
	x303: [ -0.2463,  -0.0463] 
	x304: [ -1.5511,  -1.3511] 
	x305: [  0.7789,   0.9789] 
	x306: [ -0.9467,  -0.7467] 
	x307: [ -4.2924,  -4.0924] 
	x308: [  0.7757,   0.9757] 
	x309: [  0.3957,   0.5957] 
	x310: [ -0.7858,  -0.5858] 
	x311: [  2.0932,   2.2932] 
	x312: [  1.5355,   1.7355] 
	x313: [  0.8454,   1.0454] 
	x314: [ -0.8474,  -0.6474] 
	x315: [ -0.9963,  -0.7963] 
	x316: [ -0.8081,  -0.6081] 
	x317: [ -1.4552,  -1.2552] 
	x318: [ -2.4080,  -2.2080] 
	x319: [ -3.5391,  -3.3391] 
	x320: [ -1.0640,  -0.8640] 
	x321: [ -1.3568,  -1.1568] 
	x322: [  0.1107,   0.3107] 
	x323: [  1.1289,   1.3289] 
	x324: [ -0.7009,  -0.5009] 
	x325: [  0.2779,   0.4779] 
	x326: [  0.5395,   0.7395] 
	x327: [ -1.6374,  -1.4374] 
	x328: [  1.1943,   1.3943] 
	x329: [ -2.0930,  -1.8930] 
	x330: [  0.7679,   0.9679] 
	x331: [ -0.9859,  -0.7859] 
	x332: [ -0.5877,  -0.3877] 
	x333: [  1.2999,   1.4999] 
	x334: [  2.8908,   3.0908] 
	x335: [ -1.2023,  -1.0023] 
	x336: [ -2.2836,  -2.0836] 
	x337: [ -1.5195,  -1.3195] 
	x338: [ -0.2908,  -0.0908] 
	x339: [  0.8482,   1.0482] 
	x340: [ -0.3989,  -0.1989] 
	x341: [ -0.1393,   0.0607] 
	x342: [ -1.1563,  -0.9563] 
	x343: [  1.3561,   1.5561] 
	x344: [ -0.2359,  -0.0359] 
	x345: [  0.9983,   1.1983] 
	x346: [ -2.0030,  -1.8030] 
	x347: [ -0.6024,  -0.4024] 
	x348: [ -0.2468,  -0.0468] 
	x349: [  3.2485,   3.4485] 
	x350: [ -0.4107,  -0.2107] 
	x351: [  1.6004,   1.8004] 
	x352: [  0.9799,   1.1799] 
	x353: [  1.3053,   1.5053] 
	x354: [ -1.1324,  -0.9324] 
	x355: [  2.7725,   2.9725] 
	x356: [  0.0002,   0.2002] 
	x357: [  0.1978,   0.3978] 
	x358: [  1.5697,   1.7697] 
	x359: [  2.0942,   2.2942] 
	x360: [ -2.4677,  -2.2677] 
	x361: [ -1.4361,  -1.2361] 
	x362: [ -1.4666,  -1.2666] 
	x363: [  0.0354,   0.2354] 
	x364: [ -1.0416,  -0.8416] 
	x365: [  1.3517,   1.5517] 
	x366: [  1.1564,   1.3564] 
	x367: [ -1.2174,  -1.0174] 
	x368: [ -1.6445,  -1.4445] 
	x369: [ -3.0834,  -2.8834] 
	x370: [ -1.0612,  -0.8612] 
	x371: [  0.5561,   0.7561] 
	x372: [  3.4979,   3.6979] 
	x373: [ -0.8772,  -0.6772] 
	x374: [  1.1907,   1.3907] 
	x375: [ -4.3386,  -4.1386] 
	x376: [ -2.7052,  -2.5052] 
	x377: [ -2.2785,  -2.0785] 
	x378: [ -1.0629,  -0.8629] 
	x379: [ -0.6454,  -0.4454] 
	x380: [  1.9995,   2.1995] 
	x381: [ -2.5172,  -2.3172] 
	x382: [ -1.3593,  -1.1593] 
	x383: [ -0.0092,   0.1908] 
	x384: [  1.5596,   1.7596] 
	x385: [ -0.6617,  -0.4617] 
	x386: [ -1.8099,  -1.6099] 
	x387: [ -0.6182,  -0.4182] 
	x388: [  0.9462,   1.1462] 
	x389: [  0.7738,   0.9738] 
	x390: [ -2.2208,  -2.0208] 
	x391: [ -3.4439,  -3.2439] 
	x392: [ -0.5883,  -0.3883] 
	x393: [ -1.7621,  -1.5621] 
	x394: [ -1.5714,  -1.3714] 
	x395: [  0.9058,   1.1058] 
	x396: [ -1.7364,  -1.5364] 
	x397: [  0.4917,   0.6917] 
	x398: [ -1.0527,  -0.8527] 
	x399: [  0.5929,   0.7929] 
	x400: [  2.9825,   3.1825] 
	x401: [  0.0058,   0.2058] 
	x402: [  0.5387,   0.7387] 
	x403: [ -0.4361,  -0.2361] 
	x404: [ -0.4618,  -0.2618] 
	x405: [ -1.9538,  -1.7538] 
	x406: [ -4.4593,  -4.2593] 
	x407: [ -3.2106,  -3.0106] 
	x408: [ -1.1364,  -0.9364] 
	x409: [ -0.6287,  -0.4287] 
	x410: [  2.0553,   2.2553] 
	x411: [  0.7801,   0.9801] 
	x412: [ -0.2671,  -0.0671] 
	x413: [ -2.0049,  -1.8049] 
	x414: [ -1.2321,  -1.0321] 
	x415: [ -2.4664,  -2.2664] 
	x416: [  1.0263,   1.2263] 
	x417: [ -1.0596,  -0.8596] 
	x418: [ -1.8883,  -1.6883] 
	x419: [ -1.0443,  -0.8443] 
	x420: [  2.1009,   2.3009] 
	x421: [ -1.6865,  -1.4865] 
	x422: [ -3.3959,  -3.1959] 
	x423: [  0.7343,   0.9343] 
	x424: [  0.2151,   0.4151] 
	x425: [ -0.3181,  -0.1181] 
	x426: [ -3.9016,  -3.7016] 
	x427: [  1.9929,   2.1929] 
	x428: [ -1.9059,  -1.7059] 
	x429: [  2.9368,   3.1368] 
	x430: [  0.3071,   0.5071] 
	x431: [ -2.6825,  -2.4825] 
	x432: [ -2.0379,  -1.8379] 
	x433: [ -1.0841,  -0.8841] 
	x434: [ -4.0200,  -3.8200] 
	x435: [  1.2767,   1.4767] 
	x436: [ -0.9519,  -0.7519] 
	x437: [  4.1457,   4.3457] 
	x438: [ -3.0198,  -2.8198] 
	x439: [ -0.2125,  -0.0125] 
	x440: [  3.1112,   3.3112] 
	x441: [ -0.3980,  -0.1980] 
	x442: [ -3.2430,  -3.0430] 
	x443: [ -1.9759,  -1.7759] 
	x444: [ -0.9955,  -0.7955] 
	x445: [ -2.4422,  -2.2422] 
	x446: [  0.4918,   0.6918] 
	x447: [ -1.2979,  -1.0979] 
	x448: [ -1.2988,  -1.0988] 
	x449: [  2.5386,   2.7386] 
	x450: [  3.1311,   3.3311] 
	x451: [  0.5306,   0.7306] 
	x452: [  1.3394,   1.5394] 
	x453: [ -1.6631,  -1.4631] 
	x454: [ -0.8082,  -0.6082] 
	x455: [ -0.9882,  -0.7882] 
	x456: [  0.8271,   1.0271] 
	x457: [ -0.4727,  -0.2727] 
	x458: [ -2.7451,  -2.5451] 
	x459: [ -1.0853,  -0.8853] 
	x460: [ -0.2686,  -0.0686] 
	x461: [ -0.6003,  -0.4003] 
	x462: [ -1.0608,  -0.8608] 
	x463: [ -3.1451,  -2.9451] 
	x464: [ -0.1136,   0.0864] 
	x465: [  1.8227,   2.0227] 
	x466: [ -2.8659,  -2.6659] 
	x467: [  1.6657,   1.8657] 
	x468: [  1.2584,   1.4584] 
	x469: [ -3.5557,  -3.3557] 
	x470: [ -0.3812,  -0.1812] 
	x471: [  1.1314,   1.3314] 
	x472: [ -2.2644,  -2.0644] 
	x473: [ -1.9038,  -1.7038] 
	x474: [ -2.0066,  -1.8066] 
	x475: [ -1.6155,  -1.4155] 
	x476: [ -0.3820,  -0.1820] 
	x477: [  1.2693,   1.4693] 
	x478: [  0.3774,   0.5774] 
	x479: [ -0.6698,  -0.4698] 
	x480: [  3.5321,   3.7321] 
	x481: [  0.8703,   1.0703] 
	x482: [ -0.3610,  -0.1610] 
	x483: [ -1.1283,  -0.9283] 
	x484: [  2.9873,   3.1873] 
	x485: [  0.0954,   0.2954] 
	x486: [  3.3916,   3.5916] 
	x487: [  0.4428,   0.6428] 
	x488: [  0.6611,   0.8611] 
	x489: [  1.3385,   1.5385] 
	x490: [ -1.6763,  -1.4763] 
	x491: [ -0.6950,  -0.4950] 
	x492: [  0.1167,   0.3167] 
	x493: [ -1.8039,  -1.6039] 
	x494: [ -1.4846,  -1.2846] 
	x495: [ -2.9795,  -2.7795] 
	x496: [  0.3180,   0.5180] 
	x497: [  1.6186,   1.8186] 
	x498: [  0.8331,   1.0331] 
	x499: [ -1.7671,  -1.5671] 
	x500: [ -0.2978,  -0.0978] 
	x501: [  0.7683,   0.9683] 
	x502: [ -1.0512,  -0.8512] 
	x503: [  1.8191,   2.0191] 
	x504: [  1.9821,   2.1821] 
	x505: [ -0.0655,   0.1345] 
	x506: [  1.0802,   1.2802] 
	x507: [ -0.5040,  -0.3040] 
	x508: [ -0.0790,   0.1210] 
	x509: [ -2.4353,  -2.2353] 
	x510: [  1.4810,   1.6810] 
	x511: [  0.2007,   0.4007] 

Branching heuristics set to PseudoImpact

Engine::solve: Initial statistics

02:31:42 Statistics update:
	--- Time Statistics ---
	Total time elapsed: 1310 milli (00:00:01)
		Main loop: 0 milli (00:00:00)
		Preprocessing time: 739 milli (00:00:00)
		Unknown: 571 milli (00:00:00)
	Breakdown for main loop:
		[0.00%] Simplex steps: 0 milli
		[0.00%] Explicit-basis bound tightening: 0 milli
		[0.00%] Constraint-matrix bound tightening: 0 milli
		[0.00%] Degradation checking: 0 milli
		[0.00%] Precision restoration: 0 milli
		[0.00%] Statistics handling: 0 milli
		[0.00%] Constraint-fixing steps: 0 milli
		[0.00%] Valid case splits: 0 milli. Average per split: 0.00 milli
		[0.00%] Applying stored bound-tightening: 0 milli
		[0.00%] SMT core: 0 milli
		[0.00%] Symbolic Bound Tightening: 47 milli
		[0.00%] SoI-based local search: 0 milli
		[0.00%] SoI-based local search: 0 milli
		[0.00%] Unaccounted for: 0 milli
	--- Preprocessor Statistics ---
	Number of preprocessor bound-tightening loop iterations: 3
	Number of eliminated variables: 85
	Number of constraints removed due to variable elimination: 85
	Number of equations removed due to variable elimination: 0
	--- Engine Statistics ---
	Number of main loop iterations: 1
		0 iterations were simplex steps. Total time: 0 milli. Average: 0.00 milli.
		0 iterations were constraint-fixing steps. Total time: 0 milli. Average: 0.00 milli
	Number of active piecewise-linear constraints: 171 / 171
		Constraints disabled by valid splits: 0. By SMT-originated splits: 0
	Last reported degradation: 0.0000000000. Max degradation so far: 0.0000000000. Restorations so far: 0
	Number of simplex pivots we attempted to skip because of instability: 0.
	Unstable pivots performed anyway: 0
	--- Tableau Statistics ---
	Total number of pivots performed: 0
		Real pivots: 0. Degenerate: 0 (0.00%)
		Degenerate pivots by request (e.g., to fix a PL constraint): 0 (0.00%)
		Average time per pivot: 0.00 milli
	Total number of fake pivots performed: 0
	Total number of rows added: 0. Number of merged columns: 0
	Current tableau dimensions: M = 766, N = 2215
	--- SMT Core Statistics ---
	Total depth is 0. Total visited states: 1. Number of splits: 0. Number of pops: 0
	Max stack depth: 0
	--- Bound Tightening Statistics ---
	Number of tightened bounds: 0.
		Number of rows examined by row tightener: 0. Consequent tightenings: 0
		Number of explicit basis matrices examined by row tightener: 0. Consequent tightenings: 0
		Number of bound tightening rounds on the entire constraint matrix: 0. Consequent tightenings: 0
		Number of bound notifications sent to PL constraints: 1026. Tightenings proposed: 0
	--- Basis Factorization statistics ---
	Number of basis refactorizations: 2
	--- Projected Steepest Edge Statistics ---
	Number of iterations: 0.
	Number of resets to reference space: 1. Avg. iterations per reset: 0
	--- SBT ---
	Number of tightened bounds: 385
	--- SoI-based local search ---
	Number of proposed phase pattern update: 0. Number of accepted update: 0 [0.00%]
	Total time (% of local search time) updating SoI phase pattern : 0 milli [0.00%]
	Total time obtaining current assignment: 0 milli [0.00%]
	Total time getting SoI phase pattern : 0 milli [0.00%]
	--- Context dependent statistics ---
	Number of pushes / pops: 0 / 0
		[0.00%] Pre-Push hook: 0 milli
		[0.00%] Push : 0 milli
		[0.00%] Post-Pop hook: 0 milli
		[0.00%] Pop : 0 milli
		[0.00%] Total context-switching time: 0 milli
	--- Proof Certificate ---
	Number of certified leaves: 0
	Number of leaves to delegate: 0

---

Engine::solve: sat assignment found

02:32:04 Statistics update:
	--- Time Statistics ---
	Total time elapsed: 22465 milli (00:00:22)
		Main loop: 21154 milli (00:00:21)
		Preprocessing time: 739 milli (00:00:00)
		Unknown: 571 milli (00:00:00)
	Breakdown for main loop:
		[37.92%] Simplex steps: 8021 milli
		[61.51%] Explicit-basis bound tightening: 13012 milli
		[0.00%] Constraint-matrix bound tightening: 0 milli
		[0.15%] Degradation checking: 31 milli
		[0.00%] Precision restoration: 0 milli
		[0.07%] Statistics handling: 13 milli
		[0.00%] Constraint-fixing steps: 0 milli
		[0.00%] Valid case splits: 0 milli. Average per split: 0.00 milli
		[0.00%] Applying stored bound-tightening: 0 milli
		[0.00%] SMT core: 0 milli
		[0.41%] Symbolic Bound Tightening: 86 milli
		[10.38%] SoI-based local search: 2194 milli
		[0.00%] SoI-based local search: 0 milli
		[87202019934967.19%] Unaccounted for: 0 milli
	--- Preprocessor Statistics ---
	Number of preprocessor bound-tightening loop iterations: 3
	Number of eliminated variables: 85
	Number of constraints removed due to variable elimination: 85
	Number of equations removed due to variable elimination: 0
	--- Engine Statistics ---
	Number of main loop iterations: 586
		584 iterations were simplex steps. Total time: 8021 milli. Average: 13.73 milli.
		0 iterations were constraint-fixing steps. Total time: 0 milli. Average: 0.00 milli
	Number of active piecewise-linear constraints: 171 / 171
		Constraints disabled by valid splits: 0. By SMT-originated splits: 0
	Last reported degradation: 0.0000001948. Max degradation so far: 0.0000000000. Restorations so far: 0
	Number of simplex pivots we attempted to skip because of instability: 0.
	Unstable pivots performed anyway: 0
	--- Tableau Statistics ---
	Total number of pivots performed: 574
		Real pivots: 573. Degenerate: 1 (0.17%)
		Degenerate pivots by request (e.g., to fix a PL constraint): 0 (0.00%)
		Average time per pivot: 1.27 milli
	Total number of fake pivots performed: 8
	Total number of rows added: 0. Number of merged columns: 0
	Current tableau dimensions: M = 766, N = 2215
	--- SMT Core Statistics ---
	Total depth is 0. Total visited states: 1. Number of splits: 0. Number of pops: 0
	Max stack depth: 0
	--- Bound Tightening Statistics ---
	Number of tightened bounds: 0.
		Number of rows examined by row tightener: 574. Consequent tightenings: 0
		Number of explicit basis matrices examined by row tightener: 5. Consequent tightenings: 293
		Number of bound tightening rounds on the entire constraint matrix: 0. Consequent tightenings: 0
		Number of bound notifications sent to PL constraints: 2052. Tightenings proposed: 0
	--- Basis Factorization statistics ---
	Number of basis refactorizations: 7
	--- Projected Steepest Edge Statistics ---
	Number of iterations: 582.
	Number of resets to reference space: 1. Avg. iterations per reset: 582
	--- SBT ---
	Number of tightened bounds: 385
	--- SoI-based local search ---
	Number of proposed phase pattern update: 0. Number of accepted update: 1 [0.00%]
	Total time (% of local search time) updating SoI phase pattern : 1400 milli [0.06%]
	Total time obtaining current assignment: 512 milli [0.02%]
	Total time getting SoI phase pattern : 171 milli [0.00%]
	--- Context dependent statistics ---
	Number of pushes / pops: 0 / 0
		[0.00%] Pre-Push hook: 0 milli
		[0.00%] Push : 0 milli
		[0.00%] Post-Pop hook: 0 milli
		[0.00%] Pop : 0 milli
		[0.00%] Total context-switching time: 0 milli
	--- Proof Certificate ---
	Number of certified leaves: 0
	Number of leaves to delegate: 0
sat
Input assignment:
	x0 = -0.757026
	x1 = 0.432435
	x2 = -0.054774
	x3 = 0.958388
	x4 = 1.817201
	x5 = 2.554006
	x6 = 0.404921
	x7 = -2.233733
	x8 = -2.706352
	x9 = -2.049852
	x10 = 0.124765
	x11 = 0.590408
	x12 = 0.920146
	x13 = 0.003154
	x14 = -0.502337
	x15 = 1.136809
	x16 = 0.697827
	x17 = -0.233501
	x18 = -0.149990
	x19 = -0.134619
	x20 = 0.352095
	x21 = -3.032611
	x22 = 1.221452
	x23 = -0.995730
	x24 = -0.214865
	x25 = 0.150263
	x26 = 0.931891
	x27 = 2.076004
	x28 = 1.589084
	x29 = 0.271840
	x30 = -2.717527
	x31 = 2.034123
	x32 = -0.949960
	x33 = -0.554304
	x34 = -0.677041
	x35 = -1.254745
	x36 = 0.788007
	x37 = 0.029264
	x38 = 0.962795
	x39 = -3.001752
	x40 = 2.026000
	x41 = 0.777695
	x42 = -1.399656
	x43 = -1.230485
	x44 = -0.456869
	x45 = 2.028531
	x46 = -0.949586
	x47 = -0.245695
	x48 = 1.386628
	x49 = 0.407556
	x50 = 0.787700
	x51 = 0.740676
	x52 = -0.089050
	x53 = 1.492311
	x54 = -3.642422
	x55 = 0.844465
	x56 = -0.193189
	x57 = -4.405345
	x58 = 1.579637
	x59 = 2.876573
	x60 = 1.737695
	x61 = -1.541036
	x62 = 1.603402
	x63 = -0.246758
	x64 = 0.416525
	x65 = 0.464818
	x66 = 0.484874
	x67 = -1.909103
	x68 = 3.951547
	x69 = 3.451643
	x70 = 1.122856
	x71 = 0.560865
	x72 = 0.871589
	x73 = 0.283346
	x74 = -1.328508
	x75 = 1.270315
	x76 = -2.686363
	x77 = 1.786819
	x78 = -2.588144
	x79 = 0.537497
	x80 = 1.601283
	x81 = 0.401027
	x82 = -0.515935
	x83 = -1.633175
	x84 = -1.193752
	x85 = 2.185225
	x86 = 1.006382
	x87 = -0.100258
	x88 = -0.749445
	x89 = 1.651045
	x90 = -1.715779
	x91 = -1.875272
	x92 = -1.410615
	x93 = -3.013879
	x94 = 1.384202
	x95 = -4.205462
	x96 = 0.666227
	x97 = -2.421432
	x98 = 0.868421
	x99 = -1.043928
	x100 = -2.338119
	x101 = 1.115589
	x102 = 0.326295
	x103 = -1.674090
	x104 = -0.325908
	x105 = 1.366257
	x106 = 1.219141
	x107 = -1.543609
	x108 = 0.557457
	x109 = 1.656296
	x110 = 0.279079
	x111 = -1.362253
	x112 = -3.198000
	x113 = 1.048842
	x114 = 1.564942
	x115 = 1.219567
	x116 = 0.292631
	x117 = 1.544875
	x118 = -1.417294
	x119 = -2.552394
	x120 = -1.291609
	x121 = -0.774212
	x122 = 1.249008
	x123 = -2.359395
	x124 = -3.242660
	x125 = 1.825474
	x126 = -1.408948
	x127 = 1.626838
	x128 = 1.567789
	x129 = 0.646580
	x130 = 1.833763
	x131 = -0.243239
	x132 = 2.065305
	x133 = 0.046866
	x134 = 0.177242
	x135 = 2.398490
	x136 = -1.749157
	x137 = -2.204806
	x138 = 3.086943
	x139 = 2.035255
	x140 = 6.225100
	x141 = -0.404864
	x142 = 2.055678
	x143 = 2.099760
	x144 = 0.745725
	x145 = 0.371122
	x146 = 0.502248
	x147 = 1.602063
	x148 = 2.994866
	x149 = -0.451870
	x150 = 0.921903
	x151 = 0.831295
	x152 = -1.186976
	x153 = 0.447017
	x154 = 1.464734
	x155 = -1.597689
	x156 = 0.313651
	x157 = -0.201197
	x158 = 0.231418
	x159 = -2.184085
	x160 = 1.774895
	x161 = 0.238948
	x162 = -2.340529
	x163 = -1.164444
	x164 = -4.377950
	x165 = -1.456121
	x166 = -0.157494
	x167 = 1.919032
	x168 = -3.154166
	x169 = 0.580698
	x170 = -0.648450
	x171 = 3.834110
	x172 = -2.948821
	x173 = -1.514714
	x174 = -0.902892
	x175 = -0.350910
	x176 = 0.200486
	x177 = 2.428365
	x178 = 1.845725
	x179 = -2.580935
	x180 = 4.902403
	x181 = -0.025295
	x182 = -1.120263
	x183 = -0.277022
	x184 = 1.953190
	x185 = -0.680178
	x186 = 0.171650
	x187 = -0.072928
	x188 = -0.680670
	x189 = -2.657289
	x190 = -1.216848
	x191 = -2.964758
	x192 = 0.333073
	x193 = 0.016500
	x194 = -2.514045
	x195 = 1.242217
	x196 = 0.156381
	x197 = 3.477935
	x198 = -2.317067
	x199 = -0.908467
	x200 = -1.105517
	x201 = 1.355713
	x202 = -0.656925
	x203 = -0.537600
	x204 = 0.468663
	x205 = 2.227579
	x206 = 0.401477
	x207 = -0.083286
	x208 = -0.930822
	x209 = 0.318567
	x210 = 0.609723
	x211 = -0.534070
	x212 = -4.144535
	x213 = -4.009939
	x214 = 0.214313
	x215 = 2.033883
	x216 = -1.254173
	x217 = 1.837600
	x218 = 0.034271
	x219 = -0.811675
	x220 = -1.589440
	x221 = 3.399900
	x222 = -0.459465
	x223 = -2.113945
	x224 = -3.709726
	x225 = 0.792950
	x226 = 2.085832
	x227 = 0.922827
	x228 = 1.896647
	x229 = 0.184708
	x230 = 1.232064
	x231 = 1.964283
	x232 = 1.387930
	x233 = -2.617582
	x234 = 3.012074
	x235 = -0.186043
	x236 = 1.560118
	x237 = 1.279755
	x238 = 3.614814
	x239 = 3.824953
	x240 = 0.608306
	x241 = 1.813548
	x242 = 1.531067
	x243 = 2.462326
	x244 = 1.155806
	x245 = 0.637674
	x246 = 2.286266
	x247 = 0.083714
	x248 = -1.664199
	x249 = -0.322921
	x250 = -1.490945
	x251 = 1.092354
	x252 = -0.324296
	x253 = -0.154631
	x254 = 1.034390
	x255 = 0.321182
	x256 = 0.423448
	x257 = -0.566781
	x258 = -2.641730
	x259 = -0.016562
	x260 = 2.555361
	x261 = -0.243760
	x262 = 2.028478
	x263 = 2.919563
	x264 = -1.406995
	x265 = -0.868497
	x266 = 1.452637
	x267 = 1.545490
	x268 = 0.142188
	x269 = 0.561345
	x270 = 0.975734
	x271 = -0.748002
	x272 = -2.329764
	x273 = -1.163204
	x274 = -1.894678
	x275 = 3.891885
	x276 = -2.290551
	x277 = 0.776671
	x278 = 4.103416
	x279 = 4.132295
	x280 = -0.590468
	x281 = 1.794111
	x282 = -0.850176
	x283 = -1.600645
	x284 = -0.999415
	x285 = 2.364693
	x286 = 2.080496
	x287 = -1.319102
	x288 = -0.356755
	x289 = -1.003209
	x290 = 1.851540
	x291 = 1.123906
	x292 = 1.559377
	x293 = 0.114275
	x294 = -0.798551
	x295 = -0.404265
	x296 = -0.647495
	x297 = 2.509498
	x298 = -3.252915
	x299 = 0.719444
	x300 = 4.016779
	x301 = 1.302712
	x302 = 1.884707
	x303 = -0.046312
	x304 = -1.351110
	x305 = 0.978890
	x306 = -0.946730
	x307 = -4.292447
	x308 = 0.975665
	x309 = 0.595686
	x310 = -0.785780
	x311 = 2.293193
	x312 = 1.735503
	x313 = 0.845371
	x314 = -0.647424
	x315 = -0.996320
	x316 = -0.808140
	x317 = -1.255192
	x318 = -2.207953
	x319 = -3.539095
	x320 = -0.864014
	x321 = -1.356817
	x322 = 0.310659
	x323 = 1.128943
	x324 = -0.700862
	x325 = 0.277909
	x326 = 0.539512
	x327 = -1.437371
	x328 = 1.394348
	x329 = -2.093010
	x330 = 0.767913
	x331 = -0.985948
	x332 = -0.587713
	x333 = 1.499915
	x334 = 2.890765
	x335 = -1.202282
	x336 = -2.083645
	x337 = -1.519467
	x338 = -0.290783
	x339 = 0.947589
	x340 = -0.382796
	x341 = 0.060656
	x342 = -0.956298
	x343 = 1.556135
	x344 = -0.035881
	x345 = 1.198308
	x346 = -1.802958
	x347 = -0.602380
	x348 = -0.246804
	x349 = 3.248456
	x350 = -0.410672
	x351 = 1.600381
	x352 = 0.979920
	x353 = 1.305321
	x354 = -1.132405
	x355 = 2.772479
	x356 = 0.200242
	x357 = 0.397765
	x358 = 1.569666
	x359 = 2.094184
	x360 = -2.467696
	x361 = -1.236134
	x362 = -1.466630
	x363 = 0.235428
	x364 = -1.041607
	x365 = 1.351659
	x366 = 1.156448
	x367 = -1.217402
	x368 = -1.644454
	x369 = -2.883431
	x370 = -0.861193
	x371 = 0.756082
	x372 = 3.697902
	x373 = -0.877155
	x374 = 1.390733
	x375 = -4.338642
	x376 = -2.505210
	x377 = -2.278509
	x378 = -1.062946
	x379 = -0.445392
	x380 = 2.199465
	x381 = -2.517201
	x382 = -1.159330
	x383 = -0.009211
	x384 = 1.559624
	x385 = -0.661670
	x386 = -1.809913
	x387 = -0.618161
	x388 = 1.146155
	x389 = 0.773812
	x390 = -2.020785
	x391 = -3.243885
	x392 = -0.588321
	x393 = -1.762136
	x394 = -1.571407
	x395 = 0.905752
	x396 = -1.736353
	x397 = 0.691670
	x398 = -1.052694
	x399 = 0.792900
	x400 = 3.182528
	x401 = 0.005768
	x402 = 0.738736
	x403 = -0.236094
	x404 = -0.461756
	x405 = -1.753813
	x406 = -4.459339
	x407 = -3.010555
	x408 = -1.136430
	x409 = -0.428704
	x410 = 2.055284
	x411 = 0.780089
	x412 = -0.267118
	x413 = -2.004909
	x414 = -1.032052
	x415 = -2.266413
	x416 = 1.026274
	x417 = -1.059619
	x418 = -1.888315
	x419 = -0.844270
	x420 = 2.100911
	x421 = -1.686534
	x422 = -3.195875
	x423 = 0.934254
	x424 = 0.415099
	x425 = -0.118060
	x426 = -3.701620
	x427 = 2.192936
	x428 = -1.905863
	x429 = 3.136759
	x430 = 0.507108
	x431 = -2.482508
	x432 = -2.037880
	x433 = -1.084082
	x434 = -4.019982
	x435 = 1.276694
	x436 = -0.951862
	x437 = 4.345664
	x438 = -3.019780
	x439 = -0.055082
	x440 = 3.311238
	x441 = -0.198040
	x442 = -3.243034
	x443 = -1.975881
	x444 = -0.995495
	x445 = -2.442242
	x446 = 0.691804
	x447 = -1.097946
	x448 = -1.098771
	x449 = 2.538561
	x450 = 3.244385
	x451 = 0.730571
	x452 = 1.339437
	x453 = -1.463115
	x454 = -0.808239
	x455 = -0.988198
	x456 = 1.027063
	x457 = -0.472680
	x458 = -2.545060
	x459 = -0.885343
	x460 = -0.068622
	x461 = -0.400318
	x462 = -1.060790
	x463 = -3.145133
	x464 = 0.086365
	x465 = 2.022732
	x466 = -2.865865
	x467 = 1.665747
	x468 = 1.258400
	x469 = -3.355708
	x470 = -0.381227
	x471 = 1.331430
	x472 = -2.064386
	x473 = -1.703834
	x474 = -1.806644
	x475 = -1.615488
	x476 = -0.382042
	x477 = 1.269349
	x478 = 0.377415
	x479 = -0.469799
	x480 = 3.732076
	x481 = 1.070272
	x482 = -0.160957
	x483 = -0.928259
	x484 = 2.987329
	x485 = 0.295431
	x486 = 3.391595
	x487 = 0.442753
	x488 = 0.661114
	x489 = 1.338501
	x490 = -1.476287
	x491 = -0.694989
	x492 = 0.316736
	x493 = -1.803876
	x494 = -1.484640
	x495 = -2.979545
	x496 = 0.318034
	x497 = 1.618552
	x498 = 0.833123
	x499 = -1.767134
	x500 = -0.137391
	x501 = 0.768265
	x502 = -1.051243
	x503 = 1.819087
	x504 = 2.182109
	x505 = -0.065516
	x506 = 1.080236
	x507 = -0.450565
	x508 = 0.121014
	x509 = -2.235268
	x510 = 1.480961
	x511 = 0.200731

Output:
	y0 = -7.249822
	y1 = 4.867038
	y2 = -7.443542
	y3 = -4.757277
	y4 = 6.810426
	y5 = -7.823136
	y6 = -6.241308
	y7 = 16.617070
	y8 = -6.372420
	y9 = -8.866709
	y10 = 20.410327
	y11 = -8.353919
	y12 = -7.468677
	y13 = 18.707309
	y14 = -7.305266
	y15 = -1.730382
	y16 = 7.580934
	y17 = -5.432937
	y18 = -5.434180
	y19 = 3.826639
	y20 = -9.905135
	y21 = -5.016149
	y22 = 8.025192
	y23 = -9.787245
	y24 = -7.928524
	y25 = 5.017452
	y26 = -6.636970
	y27 = -7.865381
	y28 = 5.163454
	y29 = -10.590217
	y30 = 1.605769
	y31 = -13.751754
	y32 = -2.019473
	y33 = -1.654757
	y34 = -10.609594
	y35 = 0.979691
	y36 = -3.322799
	y37 = 12.650279
	y38 = -2.422960
	y39 = -4.937778
	y40 = 8.016005
	y41 = -5.939850
	y42 = -6.025616
	y43 = 10.512113
	y44 = -7.959082
	y45 = -9.457702
	y46 = 7.485244
	y47 = -9.120479
	y48 = -5.816467
	y49 = 8.243079
	y50 = -5.486308
	y51 = 1.172675
	y52 = -10.461352
	y53 = -1.305826
	y54 = 5.411367
	y55 = -20.382187
	y56 = 3.050878
	y57 = 6.264892
	y58 = -11.538758
	y59 = 2.773160
	y60 = 5.171584
	y61 = -5.397677
	y62 = 2.413239
	y63 = 4.720951
	y64 = -4.778128
	y65 = 0.395954
	y66 = -5.747258
	y67 = 11.496038
	y68 = -2.910264
	y69 = -5.835236
	y70 = 11.461470
	y71 = -5.697373
	y72 = -2.717762
	y73 = -8.100078
	y74 = -0.565141
	y75 = -0.376570
	y76 = -10.624948
	y77 = 0.472283
	y78 = 2.074877
	y79 = -14.108985
	y80 = 4.440741
	y81 = 6.611934
	y82 = -21.925272
	y83 = 8.196032
	y84 = 10.374354
	y85 = -17.100601
	y86 = 7.894281
	y87 = -1.553466
	y88 = 10.526734
	y89 = -1.226716
	y90 = -2.052899
	y91 = 7.422300
	y92 = -3.184858
	y93 = -4.933894
	y94 = 9.192715
	y95 = -7.180790
	y96 = -7.352589
	y97 = 19.893530
	y98 = -4.403811
	y99 = 1.981134
	y100 = -21.879962
	y101 = 2.345863
	y102 = 4.662840
	y103 = -13.433924
	y104 = 4.662830
	y105 = 7.729729
	y106 = -19.269231
	y107 = 9.071892
	y108 = 8.158969
	y109 = -19.089883
	y110 = 10.941668
	y111 = 3.482847
	y112 = -5.096726
	y113 = 1.584803
	y114 = -5.298773
	y115 = 7.709620
	y116 = -6.135410
	y117 = -5.579002
	y118 = 11.589232
	y119 = -7.911198
	y120 = -7.248051
	y121 = 19.395879
	y122 = -9.015608
	y123 = -3.119961
	y124 = 11.749106
	y125 = -4.271191
	y126 = -0.634684
	y127 = 19.205513
	y128 = -1.540997
	y129 = -0.011086
	y130 = 30.318438
	y131 = -0.177692
	y132 = 1.143400
	y133 = -14.086826
	y134 = 6.541121
	y135 = 0.856696
	y136 = -12.340142
	y137 = 6.226202
	y138 = -5.568198
	y139 = 13.901616
	y140 = -4.643433
	y141 = -7.025949
	y142 = 10.840897
	y143 = -8.226433
	y144 = -6.362988
	y145 = 5.714236
	y146 = -7.252438
	y147 = -5.235130
	y148 = 8.726853
	y149 = -8.149286
	y150 = -5.459642
	y151 = 10.162784
	y152 = -6.434990
	y153 = -5.541029
	y154 = 25.262614
	y155 = -3.579837
	y156 = -6.192773
	y157 = 26.277341
	y158 = -6.834179
	y159 = -4.104926
	y160 = 15.646456
	y161 = -1.965610
	y162 = -11.420394
	y163 = 26.688578
	y164 = -11.548863
	y165 = -8.261627
	y166 = 11.779314
	y167 = -11.667805
	y168 = -9.249063
	y169 = 10.536084
	y170 = -6.927548
	y171 = -10.982770
	y172 = 11.581309
	y173 = -9.131368
	y174 = -10.317593
	y175 = 12.774673
	y176 = -6.453986
	y177 = -9.603485
	y178 = 9.637631
	y179 = -6.501043
	y180 = -7.692018
	y181 = 9.742763
	y182 = -4.256105
	y183 = -9.819428
	y184 = 13.208487
	y185 = -5.579821
	y186 = -11.726388
	y187 = 10.469149
	y188 = -7.501544
	y189 = -11.532303
	y190 = 12.333413
	y191 = -10.607155

