InputQuery: /home/levn/Workspace/othello_world/queries/head_prove_probe_robust/game_30_target_45_eps_0.1.txt
Engine::processInputQuery: Input query (before preprocessing): 510 equations, 1277 variables
Engine::processInputQuery: Input query (after preprocessing): 766 equations, 1458 variables

Input bounds:
	x0: [ -2.4221,  -2.2221] 
	x1: [ -1.2139,  -1.0139] 
	x2: [  0.3941,   0.5941] 
	x3: [ -2.4202,  -2.2202] 
	x4: [ -3.6490,  -3.4490] 
	x5: [  0.4348,   0.6348] 
	x6: [  0.5506,   0.7506] 
	x7: [  1.5357,   1.7357] 
	x8: [ -0.0310,   0.1690] 
	x9: [  0.3227,   0.5227] 
	x10: [ -0.5409,  -0.3409] 
	x11: [ -3.4906,  -3.2906] 
	x12: [ -0.4398,  -0.2398] 
	x13: [ -0.0344,   0.1656] 
	x14: [  2.2647,   2.4647] 
	x15: [ -1.1982,  -0.9982] 
	x16: [  2.3559,   2.5559] 
	x17: [ -0.8520,  -0.6520] 
	x18: [ -0.3961,  -0.1961] 
	x19: [ -1.1789,  -0.9789] 
	x20: [ -1.8508,  -1.6508] 
	x21: [ -0.0876,   0.1124] 
	x22: [  1.6163,   1.8163] 
	x23: [  1.1144,   1.3144] 
	x24: [  0.3807,   0.5807] 
	x25: [ -0.7866,  -0.5866] 
	x26: [  1.2031,   1.4031] 
	x27: [ -0.5059,  -0.3059] 
	x28: [  0.0250,   0.2250] 
	x29: [ -0.8744,  -0.6744] 
	x30: [ -0.6190,  -0.4190] 
	x31: [ -4.2852,  -4.0852] 
	x32: [  0.3744,   0.5744] 
	x33: [ -0.2262,  -0.0262] 
	x34: [  2.1840,   2.3840] 
	x35: [ -1.4130,  -1.2130] 
	x36: [ -0.0430,   0.1570] 
	x37: [  0.6340,   0.8340] 
	x38: [  1.1452,   1.3452] 
	x39: [ -0.3996,  -0.1996] 
	x40: [  0.3066,   0.5066] 
	x41: [  1.2592,   1.4592] 
	x42: [  2.3403,   2.5403] 
	x43: [  0.7085,   0.9085] 
	x44: [  1.7419,   1.9419] 
	x45: [ -1.7723,  -1.5723] 
	x46: [ -1.0682,  -0.8682] 
	x47: [ -0.4140,  -0.2140] 
	x48: [ -1.5674,  -1.3674] 
	x49: [ -0.3612,  -0.1612] 
	x50: [  0.2542,   0.4542] 
	x51: [ -1.4569,  -1.2569] 
	x52: [  0.0181,   0.2181] 
	x53: [ -0.3228,  -0.1228] 
	x54: [  2.4720,   2.6720] 
	x55: [  2.9115,   3.1115] 
	x56: [  1.4883,   1.6883] 
	x57: [  0.7697,   0.9697] 
	x58: [  0.8510,   1.0510] 
	x59: [  2.0436,   2.2436] 
	x60: [ -0.3183,  -0.1183] 
	x61: [  2.4037,   2.6037] 
	x62: [ -0.2356,  -0.0356] 
	x63: [ -2.9005,  -2.7005] 
	x64: [  0.3597,   0.5597] 
	x65: [  3.0426,   3.2426] 
	x66: [ -1.8413,  -1.6413] 
	x67: [  1.6970,   1.8970] 
	x68: [  1.2368,   1.4368] 
	x69: [ -0.1427,   0.0573] 
	x70: [ -3.7567,  -3.5567] 
	x71: [ -2.8645,  -2.6645] 
	x72: [ -0.3568,  -0.1568] 
	x73: [ -1.0414,  -0.8414] 
	x74: [ -0.8733,  -0.6733] 
	x75: [  2.0212,   2.2212] 
	x76: [ -2.2451,  -2.0451] 
	x77: [  3.1731,   3.3731] 
	x78: [ -0.1904,   0.0096] 
	x79: [  0.2840,   0.4840] 
	x80: [ -1.1611,  -0.9611] 
	x81: [ -0.9867,  -0.7867] 
	x82: [  0.0179,   0.2179] 
	x83: [ -1.7166,  -1.5166] 
	x84: [ -0.8180,  -0.6180] 
	x85: [ -0.1508,   0.0492] 
	x86: [  0.3969,   0.5969] 
	x87: [ -0.2632,  -0.0632] 
	x88: [ -2.8422,  -2.6422] 
	x89: [  2.4904,   2.6904] 
	x90: [  0.5121,   0.7121] 
	x91: [ -1.6489,  -1.4489] 
	x92: [ -1.3663,  -1.1663] 
	x93: [ -0.2511,  -0.0511] 
	x94: [ -2.9741,  -2.7741] 
	x95: [ -1.6233,  -1.4233] 
	x96: [  0.6156,   0.8156] 
	x97: [  0.0434,   0.2434] 
	x98: [ -1.2540,  -1.0540] 
	x99: [ -1.5414,  -1.3414] 
	x100: [ -3.0077,  -2.8077] 
	x101: [ -1.8653,  -1.6653] 
	x102: [  0.7322,   0.9322] 
	x103: [ -1.3426,  -1.1426] 
	x104: [ -0.5059,  -0.3059] 
	x105: [  2.2118,   2.4118] 
	x106: [ -0.5562,  -0.3562] 
	x107: [  1.8358,   2.0358] 
	x108: [  1.4195,   1.6195] 
	x109: [  1.1500,   1.3500] 
	x110: [  0.0351,   0.2351] 
	x111: [  0.2103,   0.4103] 
	x112: [ -0.5478,  -0.3478] 
	x113: [ -1.9429,  -1.7429] 
	x114: [ -2.6463,  -2.4463] 
	x115: [ -1.2825,  -1.0825] 
	x116: [  2.0376,   2.2376] 
	x117: [  0.2605,   0.4605] 
	x118: [ -1.2699,  -1.0699] 
	x119: [ -1.1183,  -0.9183] 
	x120: [  2.3357,   2.5357] 
	x121: [  4.4167,   4.6167] 
	x122: [ -0.6660,  -0.4660] 
	x123: [ -1.0654,  -0.8654] 
	x124: [  1.2563,   1.4563] 
	x125: [ -0.3260,  -0.1260] 
	x126: [ -0.5444,  -0.3444] 
	x127: [ -2.0347,  -1.8347] 
	x128: [ -0.5160,  -0.3160] 
	x129: [  1.4620,   1.6620] 
	x130: [ -2.1584,  -1.9584] 
	x131: [  1.6089,   1.8089] 
	x132: [  0.8027,   1.0027] 
	x133: [  2.0552,   2.2552] 
	x134: [  3.3180,   3.5180] 
	x135: [  1.5820,   1.7820] 
	x136: [ -0.1039,   0.0961] 
	x137: [  0.5964,   0.7964] 
	x138: [  0.2125,   0.4125] 
	x139: [  0.4071,   0.6071] 
	x140: [  3.0153,   3.2153] 
	x141: [ -0.2344,  -0.0344] 
	x142: [  1.2583,   1.4583] 
	x143: [  1.3071,   1.5071] 
	x144: [ -1.0837,  -0.8837] 
	x145: [ -0.1335,   0.0665] 
	x146: [ -1.1921,  -0.9921] 
	x147: [ -0.5783,  -0.3783] 
	x148: [  0.3467,   0.5467] 
	x149: [  2.1283,   2.3283] 
	x150: [ -1.7888,  -1.5888] 
	x151: [  2.0077,   2.2077] 
	x152: [ -0.6620,  -0.4620] 
	x153: [ -2.3107,  -2.1107] 
	x154: [  0.1345,   0.3345] 
	x155: [  2.1122,   2.3122] 
	x156: [  0.8207,   1.0207] 
	x157: [  2.6005,   2.8005] 
	x158: [ -0.1383,   0.0617] 
	x159: [  0.0627,   0.2627] 
	x160: [  2.5064,   2.7064] 
	x161: [ -0.8183,  -0.6183] 
	x162: [  0.2959,   0.4959] 
	x163: [ -1.0581,  -0.8581] 
	x164: [ -0.2332,  -0.0332] 
	x165: [  1.3229,   1.5229] 
	x166: [ -1.1457,  -0.9457] 
	x167: [  2.4987,   2.6987] 
	x168: [ -1.4646,  -1.2646] 
	x169: [ -2.6421,  -2.4421] 
	x170: [ -3.7785,  -3.5785] 
	x171: [ -0.8455,  -0.6455] 
	x172: [  0.8109,   1.0109] 
	x173: [  1.4546,   1.6546] 
	x174: [  0.6465,   0.8465] 
	x175: [  1.2699,   1.4699] 
	x176: [  1.6086,   1.8086] 
	x177: [ -0.9257,  -0.7257] 
	x178: [ -4.3096,  -4.1096] 
	x179: [ -2.1423,  -1.9423] 
	x180: [ -2.1172,  -1.9172] 
	x181: [ -0.8394,  -0.6394] 
	x182: [  0.7088,   0.9088] 
	x183: [  0.5762,   0.7762] 
	x184: [ -1.3888,  -1.1888] 
	x185: [ -3.3842,  -3.1842] 
	x186: [ -0.2795,  -0.0795] 
	x187: [ -0.3765,  -0.1765] 
	x188: [ -0.7299,  -0.5299] 
	x189: [  0.5945,   0.7945] 
	x190: [  0.6115,   0.8115] 
	x191: [  4.0336,   4.2336] 
	x192: [  0.8617,   1.0617] 
	x193: [  0.9677,   1.1677] 
	x194: [  1.8515,   2.0515] 
	x195: [ -1.4151,  -1.2151] 
	x196: [ -1.8505,  -1.6505] 
	x197: [ -1.7719,  -1.5719] 
	x198: [ -0.5558,  -0.3558] 
	x199: [ -0.7258,  -0.5258] 
	x200: [ -1.4400,  -1.2400] 
	x201: [  1.4652,   1.6652] 
	x202: [ -3.1148,  -2.9148] 
	x203: [  0.9938,   1.1938] 
	x204: [  3.7099,   3.9099] 
	x205: [ -2.0412,  -1.8412] 
	x206: [  0.1212,   0.3212] 
	x207: [ -0.0915,   0.1085] 
	x208: [  2.3424,   2.5424] 
	x209: [  2.0865,   2.2865] 
	x210: [ -2.0005,  -1.8005] 
	x211: [ -0.8206,  -0.6206] 
	x212: [  2.2645,   2.4645] 
	x213: [  0.3823,   0.5823] 
	x214: [  0.2758,   0.4758] 
	x215: [  0.1843,   0.3843] 
	x216: [ -0.7845,  -0.5845] 
	x217: [ -0.2320,  -0.0320] 
	x218: [ -1.6097,  -1.4097] 
	x219: [ -0.1868,   0.0132] 
	x220: [ -0.9939,  -0.7939] 
	x221: [ -1.1989,  -0.9989] 
	x222: [ -2.1020,  -1.9020] 
	x223: [  1.9694,   2.1694] 
	x224: [  2.5744,   2.7744] 
	x225: [ -0.9564,  -0.7564] 
	x226: [  0.7622,   0.9622] 
	x227: [  1.1104,   1.3104] 
	x228: [  1.7365,   1.9365] 
	x229: [  1.6946,   1.8946] 
	x230: [  1.7516,   1.9516] 
	x231: [  3.8805,   4.0805] 
	x232: [  0.0686,   0.2686] 
	x233: [ -1.5121,  -1.3121] 
	x234: [ -3.3739,  -3.1739] 
	x235: [  0.7552,   0.9552] 
	x236: [ -1.0814,  -0.8814] 
	x237: [  1.9160,   2.1160] 
	x238: [  0.5567,   0.7567] 
	x239: [  6.4271,   6.6271] 
	x240: [  2.2831,   2.4831] 
	x241: [  0.1031,   0.3031] 
	x242: [  0.5850,   0.7850] 
	x243: [ -0.1082,   0.0918] 
	x244: [ -1.9823,  -1.7823] 
	x245: [ -0.3452,  -0.1452] 
	x246: [  0.3976,   0.5976] 
	x247: [ -1.4342,  -1.2342] 
	x248: [ -2.4820,  -2.2820] 
	x249: [ -1.8393,  -1.6393] 
	x250: [ -0.7289,  -0.5289] 
	x251: [ -0.4578,  -0.2578] 
	x252: [ -0.0977,   0.1023] 
	x253: [ -1.7283,  -1.5283] 
	x254: [ -0.9732,  -0.7732] 
	x255: [ -0.2547,  -0.0547] 
	x256: [ -0.8999,  -0.6999] 
	x257: [  0.7778,   0.9778] 
	x258: [ -1.3935,  -1.1935] 
	x259: [  0.4390,   0.6390] 
	x260: [ -1.2755,  -1.0755] 
	x261: [  0.6711,   0.8711] 
	x262: [ -0.2696,  -0.0696] 
	x263: [ -0.0305,   0.1695] 
	x264: [ -0.5918,  -0.3918] 
	x265: [ -1.3615,  -1.1615] 
	x266: [ -0.6214,  -0.4214] 
	x267: [  2.1002,   2.3002] 
	x268: [  0.5396,   0.7396] 
	x269: [  0.6737,   0.8737] 
	x270: [ -0.6447,  -0.4447] 
	x271: [ -2.0509,  -1.8509] 
	x272: [  1.5263,   1.7263] 
	x273: [  0.8185,   1.0185] 
	x274: [  0.3448,   0.5448] 
	x275: [  0.6633,   0.8633] 
	x276: [  1.7159,   1.9159] 
	x277: [ -1.8789,  -1.6789] 
	x278: [  0.1023,   0.3023] 
	x279: [  3.0794,   3.2794] 
	x280: [  1.8732,   2.0732] 
	x281: [  1.2068,   1.4068] 
	x282: [  1.2842,   1.4842] 
	x283: [ -2.5572,  -2.3572] 
	x284: [ -0.9718,  -0.7718] 
	x285: [ -1.8695,  -1.6695] 
	x286: [  0.2524,   0.4524] 
	x287: [  0.2557,   0.4557] 
	x288: [ -0.6572,  -0.4572] 
	x289: [  1.4029,   1.6029] 
	x290: [ -0.5674,  -0.3674] 
	x291: [ -0.7395,  -0.5395] 
	x292: [  1.3087,   1.5087] 
	x293: [  0.6165,   0.8165] 
	x294: [  2.4884,   2.6884] 
	x295: [ -0.0700,   0.1300] 
	x296: [ -1.5982,  -1.3982] 
	x297: [ -0.5373,  -0.3373] 
	x298: [ -7.5501,  -7.3501] 
	x299: [  3.2841,   3.4841] 
	x300: [  0.6116,   0.8116] 
	x301: [ -1.4828,  -1.2828] 
	x302: [  1.3106,   1.5106] 
	x303: [ -3.2151,  -3.0151] 
	x304: [  1.3971,   1.5971] 
	x305: [ -1.1347,  -0.9347] 
	x306: [ -1.3220,  -1.1220] 
	x307: [  2.3534,   2.5534] 
	x308: [  0.5103,   0.7103] 
	x309: [ -1.5612,  -1.3612] 
	x310: [  1.0573,   1.2573] 
	x311: [  2.1733,   2.3733] 
	x312: [ -0.7007,  -0.5007] 
	x313: [ -2.8214,  -2.6214] 
	x314: [ -2.0186,  -1.8186] 
	x315: [ -1.1587,  -0.9587] 
	x316: [  0.1928,   0.3928] 
	x317: [ -1.5699,  -1.3699] 
	x318: [  2.5337,   2.7337] 
	x319: [ -0.3295,  -0.1295] 
	x320: [  0.6367,   0.8367] 
	x321: [  1.9486,   2.1486] 
	x322: [ -4.8767,  -4.6767] 
	x323: [  0.5580,   0.7580] 
	x324: [  0.4053,   0.6053] 
	x325: [  2.0256,   2.2256] 
	x326: [ -1.7205,  -1.5205] 
	x327: [  0.8654,   1.0654] 
	x328: [ -0.0225,   0.1775] 
	x329: [ -0.7538,  -0.5538] 
	x330: [ -0.3870,  -0.1870] 
	x331: [  0.7022,   0.9022] 
	x332: [  0.5494,   0.7494] 
	x333: [ -1.8178,  -1.6178] 
	x334: [  0.3709,   0.5709] 
	x335: [  1.2433,   1.4433] 
	x336: [  2.3462,   2.5462] 
	x337: [  3.4228,   3.6228] 
	x338: [ -2.2335,  -2.0335] 
	x339: [ -0.9080,  -0.7080] 
	x340: [  0.6301,   0.8301] 
	x341: [ -2.5805,  -2.3805] 
	x342: [ -2.0391,  -1.8391] 
	x343: [  0.8017,   1.0017] 
	x344: [ -1.5064,  -1.3064] 
	x345: [ -1.4721,  -1.2721] 
	x346: [  1.4051,   1.6051] 
	x347: [ -0.9033,  -0.7033] 
	x348: [ -1.0378,  -0.8378] 
	x349: [  0.2629,   0.4629] 
	x350: [ -2.0498,  -1.8498] 
	x351: [ -2.7449,  -2.5449] 
	x352: [ -3.3031,  -3.1031] 
	x353: [  1.6173,   1.8173] 
	x354: [  1.1666,   1.3666] 
	x355: [ -1.4092,  -1.2092] 
	x356: [  2.3443,   2.5443] 
	x357: [ -1.4710,  -1.2710] 
	x358: [  1.0730,   1.2730] 
	x359: [ -2.5167,  -2.3167] 
	x360: [  0.1169,   0.3169] 
	x361: [ -1.5767,  -1.3767] 
	x362: [ -3.7484,  -3.5484] 
	x363: [ -0.8123,  -0.6123] 
	x364: [ -1.6167,  -1.4167] 
	x365: [  0.6865,   0.8865] 
	x366: [  2.4762,   2.6762] 
	x367: [  0.1191,   0.3191] 
	x368: [  3.3634,   3.5634] 
	x369: [ -1.2373,  -1.0373] 
	x370: [  1.0313,   1.2313] 
	x371: [  2.9502,   3.1502] 
	x372: [ -1.0978,  -0.8978] 
	x373: [  1.2388,   1.4388] 
	x374: [  1.1453,   1.3453] 
	x375: [  0.9563,   1.1563] 
	x376: [ -1.8269,  -1.6269] 
	x377: [ -1.8412,  -1.6412] 
	x378: [  0.4758,   0.6758] 
	x379: [  0.3710,   0.5710] 
	x380: [ -2.1226,  -1.9226] 
	x381: [  0.7316,   0.9316] 
	x382: [  2.4482,   2.6482] 
	x383: [  0.8806,   1.0806] 
	x384: [  2.9922,   3.1922] 
	x385: [  0.3653,   0.5653] 
	x386: [ -4.1805,  -3.9805] 
	x387: [ -0.3135,  -0.1135] 
	x388: [ -0.5199,  -0.3199] 
	x389: [ -4.4178,  -4.2178] 
	x390: [ -0.2715,  -0.0715] 
	x391: [ -1.6817,  -1.4817] 
	x392: [ -1.5377,  -1.3377] 
	x393: [ -1.8575,  -1.6575] 
	x394: [ -1.8304,  -1.6304] 
	x395: [  0.9893,   1.1893] 
	x396: [ -0.5756,  -0.3756] 
	x397: [  1.6901,   1.8901] 
	x398: [ -2.4375,  -2.2375] 
	x399: [  0.0638,   0.2638] 
	x400: [ -1.3642,  -1.1642] 
	x401: [ -1.1621,  -0.9621] 
	x402: [  1.6946,   1.8946] 
	x403: [ -1.2661,  -1.0661] 
	x404: [ -3.2066,  -3.0066] 
	x405: [  2.2158,   2.4158] 
	x406: [ -2.5508,  -2.3508] 
	x407: [  3.2005,   3.4005] 
	x408: [  3.3179,   3.5179] 
	x409: [  1.6522,   1.8522] 
	x410: [  0.4448,   0.6448] 
	x411: [  1.6912,   1.8912] 
	x412: [  0.9088,   1.1088] 
	x413: [  0.3050,   0.5050] 
	x414: [  0.5175,   0.7175] 
	x415: [ -0.3912,  -0.1912] 
	x416: [ -2.8911,  -2.6911] 
	x417: [  0.9452,   1.1452] 
	x418: [ -0.6839,  -0.4839] 
	x419: [  1.0996,   1.2996] 
	x420: [ -1.7112,  -1.5112] 
	x421: [  0.9181,   1.1181] 
	x422: [  0.8848,   1.0848] 
	x423: [ -0.2818,  -0.0818] 
	x424: [ -0.5710,  -0.3710] 
	x425: [  3.7506,   3.9506] 
	x426: [ -0.9837,  -0.7837] 
	x427: [ -1.1390,  -0.9390] 
	x428: [ -1.0943,  -0.8943] 
	x429: [  1.7065,   1.9065] 
	x430: [ -0.8862,  -0.6862] 
	x431: [ -1.3641,  -1.1641] 
	x432: [ -0.7039,  -0.5039] 
	x433: [ -2.6050,  -2.4050] 
	x434: [  0.4620,   0.6620] 
	x435: [ -0.0764,   0.1236] 
	x436: [  1.1362,   1.3362] 
	x437: [ -0.4996,  -0.2996] 
	x438: [ -2.7811,  -2.5811] 
	x439: [ -1.7357,  -1.5357] 
	x440: [  0.9342,   1.1342] 
	x441: [  0.5067,   0.7067] 
	x442: [ -1.1755,  -0.9755] 
	x443: [  1.5044,   1.7044] 
	x444: [  2.0143,   2.2143] 
	x445: [  2.4863,   2.6863] 
	x446: [ -4.3031,  -4.1031] 
	x447: [ -1.1656,  -0.9656] 
	x448: [  0.4088,   0.6088] 
	x449: [  1.1057,   1.3057] 
	x450: [  0.1361,   0.3361] 
	x451: [ -0.4856,  -0.2856] 
	x452: [ -0.6499,  -0.4499] 
	x453: [ -2.6381,  -2.4381] 
	x454: [  2.7467,   2.9467] 
	x455: [ -1.7498,  -1.5498] 
	x456: [  0.9190,   1.1190] 
	x457: [  1.2473,   1.4473] 
	x458: [ -0.6319,  -0.4319] 
	x459: [  1.8704,   2.0704] 
	x460: [ -0.1972,   0.0028] 
	x461: [ -0.6400,  -0.4400] 
	x462: [ -5.1601,  -4.9601] 
	x463: [ -1.2969,  -1.0969] 
	x464: [ -1.6175,  -1.4175] 
	x465: [ -1.3488,  -1.1488] 
	x466: [ -1.4634,  -1.2634] 
	x467: [ -1.5764,  -1.3764] 
	x468: [  2.2654,   2.4654] 
	x469: [  0.9293,   1.1293] 
	x470: [ -0.0321,   0.1679] 
	x471: [  1.7612,   1.9612] 
	x472: [  1.1638,   1.3638] 
	x473: [ -0.7965,  -0.5965] 
	x474: [  1.3686,   1.5686] 
	x475: [ -0.6230,  -0.4230] 
	x476: [  0.4242,   0.6242] 
	x477: [  0.0938,   0.2938] 
	x478: [ -0.7731,  -0.5731] 
	x479: [ -0.2868,  -0.0868] 
	x480: [ -0.2129,  -0.0129] 
	x481: [ -1.7265,  -1.5265] 
	x482: [ -1.4087,  -1.2087] 
	x483: [ -0.5979,  -0.3979] 
	x484: [  2.6017,   2.8017] 
	x485: [  1.8756,   2.0756] 
	x486: [  1.6312,   1.8312] 
	x487: [ -4.0304,  -3.8304] 
	x488: [ -0.0871,   0.1129] 
	x489: [  2.3530,   2.5530] 
	x490: [  0.3311,   0.5311] 
	x491: [ -2.2232,  -2.0232] 
	x492: [  0.1570,   0.3570] 
	x493: [ -0.5213,  -0.3213] 
	x494: [  0.2013,   0.4013] 
	x495: [ -0.6374,  -0.4374] 
	x496: [ -1.0933,  -0.8933] 
	x497: [ -1.0829,  -0.8829] 
	x498: [ -1.4170,  -1.2170] 
	x499: [  0.1999,   0.3999] 
	x500: [ -0.5795,  -0.3795] 
	x501: [ -0.4762,  -0.2762] 
	x502: [ -3.7051,  -3.5051] 
	x503: [ -2.2873,  -2.0873] 
	x504: [ -0.8468,  -0.6468] 
	x505: [  4.2614,   4.4614] 
	x506: [ -1.0638,  -0.8638] 
	x507: [ -0.4960,  -0.2960] 
	x508: [  0.4733,   0.6733] 
	x509: [ -0.3897,  -0.1897] 
	x510: [  0.4215,   0.6215] 
	x511: [  0.2180,   0.4180] 

Branching heuristics set to PseudoImpact

Engine::solve: Initial statistics

02:26:54 Statistics update:
	--- Time Statistics ---
	Total time elapsed: 1434 milli (00:00:01)
		Main loop: 0 milli (00:00:00)
		Preprocessing time: 712 milli (00:00:00)
		Unknown: 721 milli (00:00:00)
	Breakdown for main loop:
		[0.00%] Simplex steps: 0 milli
		[0.00%] Explicit-basis bound tightening: 0 milli
		[0.00%] Constraint-matrix bound tightening: 0 milli
		[0.00%] Degradation checking: 0 milli
		[0.00%] Precision restoration: 0 milli
		[0.00%] Statistics handling: 0 milli
		[0.00%] Constraint-fixing steps: 0 milli
		[0.00%] Valid case splits: 0 milli. Average per split: 0.00 milli
		[0.00%] Applying stored bound-tightening: 0 milli
		[0.00%] SMT core: 0 milli
		[0.00%] Symbolic Bound Tightening: 46 milli
		[0.00%] SoI-based local search: 0 milli
		[0.00%] SoI-based local search: 0 milli
		[0.00%] Unaccounted for: 0 milli
	--- Preprocessor Statistics ---
	Number of preprocessor bound-tightening loop iterations: 3
	Number of eliminated variables: 76
	Number of constraints removed due to variable elimination: 76
	Number of equations removed due to variable elimination: 0
	--- Engine Statistics ---
	Number of main loop iterations: 1
		0 iterations were simplex steps. Total time: 0 milli. Average: 0.00 milli.
		0 iterations were constraint-fixing steps. Total time: 0 milli. Average: 0.00 milli
	Number of active piecewise-linear constraints: 180 / 180
		Constraints disabled by valid splits: 0. By SMT-originated splits: 0
	Last reported degradation: 0.0000000000. Max degradation so far: 0.0000000000. Restorations so far: 0
	Number of simplex pivots we attempted to skip because of instability: 0.
	Unstable pivots performed anyway: 0
	--- Tableau Statistics ---
	Total number of pivots performed: 0
		Real pivots: 0. Degenerate: 0 (0.00%)
		Degenerate pivots by request (e.g., to fix a PL constraint): 0 (0.00%)
		Average time per pivot: 0.00 milli
	Total number of fake pivots performed: 0
	Total number of rows added: 0. Number of merged columns: 0
	Current tableau dimensions: M = 766, N = 2224
	--- SMT Core Statistics ---
	Total depth is 0. Total visited states: 1. Number of splits: 0. Number of pops: 0
	Max stack depth: 0
	--- Bound Tightening Statistics ---
	Number of tightened bounds: 0.
		Number of rows examined by row tightener: 0. Consequent tightenings: 0
		Number of explicit basis matrices examined by row tightener: 0. Consequent tightenings: 0
		Number of bound tightening rounds on the entire constraint matrix: 0. Consequent tightenings: 0
		Number of bound notifications sent to PL constraints: 1080. Tightenings proposed: 0
	--- Basis Factorization statistics ---
	Number of basis refactorizations: 2
	--- Projected Steepest Edge Statistics ---
	Number of iterations: 0.
	Number of resets to reference space: 1. Avg. iterations per reset: 0
	--- SBT ---
	Number of tightened bounds: 387
	--- SoI-based local search ---
	Number of proposed phase pattern update: 0. Number of accepted update: 0 [0.00%]
	Total time (% of local search time) updating SoI phase pattern : 0 milli [0.00%]
	Total time obtaining current assignment: 0 milli [0.00%]
	Total time getting SoI phase pattern : 0 milli [0.00%]
	--- Context dependent statistics ---
	Number of pushes / pops: 0 / 0
		[0.00%] Pre-Push hook: 0 milli
		[0.00%] Push : 0 milli
		[0.00%] Post-Pop hook: 0 milli
		[0.00%] Pop : 0 milli
		[0.00%] Total context-switching time: 0 milli
	--- Proof Certificate ---
	Number of certified leaves: 0
	Number of leaves to delegate: 0

---

Engine::solve: sat assignment found

02:27:10 Statistics update:
	--- Time Statistics ---
	Total time elapsed: 17176 milli (00:00:17)
		Main loop: 15742 milli (00:00:15)
		Preprocessing time: 712 milli (00:00:00)
		Unknown: 721 milli (00:00:00)
	Breakdown for main loop:
		[35.79%] Simplex steps: 5633 milli
		[63.40%] Explicit-basis bound tightening: 9980 milli
		[0.00%] Constraint-matrix bound tightening: 0 milli
		[0.16%] Degradation checking: 25 milli
		[0.00%] Precision restoration: 0 milli
		[0.28%] Statistics handling: 43 milli
		[0.00%] Constraint-fixing steps: 0 milli
		[0.00%] Valid case splits: 0 milli. Average per split: 0.00 milli
		[0.00%] Applying stored bound-tightening: 0 milli
		[0.00%] SMT core: 0 milli
		[0.47%] Symbolic Bound Tightening: 73 milli
		[5.92%] SoI-based local search: 931 milli
		[0.00%] SoI-based local search: 0 milli
		[117181162059847.75%] Unaccounted for: 0 milli
	--- Preprocessor Statistics ---
	Number of preprocessor bound-tightening loop iterations: 3
	Number of eliminated variables: 76
	Number of constraints removed due to variable elimination: 76
	Number of equations removed due to variable elimination: 0
	--- Engine Statistics ---
	Number of main loop iterations: 454
		452 iterations were simplex steps. Total time: 5633 milli. Average: 12.46 milli.
		0 iterations were constraint-fixing steps. Total time: 0 milli. Average: 0.00 milli
	Number of active piecewise-linear constraints: 180 / 180
		Constraints disabled by valid splits: 0. By SMT-originated splits: 0
	Last reported degradation: 0.0000011850. Max degradation so far: 0.0000011084. Restorations so far: 0
	Number of simplex pivots we attempted to skip because of instability: 0.
	Unstable pivots performed anyway: 0
	--- Tableau Statistics ---
	Total number of pivots performed: 443
		Real pivots: 443. Degenerate: 0 (0.00%)
		Degenerate pivots by request (e.g., to fix a PL constraint): 0 (0.00%)
		Average time per pivot: 1.15 milli
	Total number of fake pivots performed: 7
	Total number of rows added: 0. Number of merged columns: 0
	Current tableau dimensions: M = 766, N = 2224
	--- SMT Core Statistics ---
	Total depth is 0. Total visited states: 1. Number of splits: 0. Number of pops: 0
	Max stack depth: 0
	--- Bound Tightening Statistics ---
	Number of tightened bounds: 0.
		Number of rows examined by row tightener: 443. Consequent tightenings: 0
		Number of explicit basis matrices examined by row tightener: 4. Consequent tightenings: 277
		Number of bound tightening rounds on the entire constraint matrix: 0. Consequent tightenings: 0
		Number of bound notifications sent to PL constraints: 2160. Tightenings proposed: 0
	--- Basis Factorization statistics ---
	Number of basis refactorizations: 6
	--- Projected Steepest Edge Statistics ---
	Number of iterations: 450.
	Number of resets to reference space: 1. Avg. iterations per reset: 450
	--- SBT ---
	Number of tightened bounds: 387
	--- SoI-based local search ---
	Number of proposed phase pattern update: 0. Number of accepted update: 1 [0.00%]
	Total time (% of local search time) updating SoI phase pattern : 1656 milli [0.18%]
	Total time obtaining current assignment: 610 milli [0.07%]
	Total time getting SoI phase pattern : 274 milli [0.00%]
	--- Context dependent statistics ---
	Number of pushes / pops: 0 / 0
		[0.00%] Pre-Push hook: 0 milli
		[0.00%] Push : 0 milli
		[0.00%] Post-Pop hook: 0 milli
		[0.00%] Pop : 0 milli
		[0.00%] Total context-switching time: 0 milli
	--- Proof Certificate ---
	Number of certified leaves: 0
	Number of leaves to delegate: 0
sat
Input assignment:
	x0 = -2.222103
	x1 = -1.013907
	x2 = 0.594081
	x3 = -2.220218
	x4 = -3.648959
	x5 = 0.634828
	x6 = 0.750629
	x7 = 1.735708
	x8 = -0.031012
	x9 = 0.522671
	x10 = -0.540871
	x11 = -3.490586
	x12 = -0.239824
	x13 = -0.034430
	x14 = 2.264741
	x15 = -1.198223
	x16 = 2.355933
	x17 = -0.851997
	x18 = -0.196146
	x19 = -1.178926
	x20 = -1.850788
	x21 = -0.087609
	x22 = 1.616339
	x23 = 1.114433
	x24 = 0.580734
	x25 = -0.586592
	x26 = 1.203092
	x27 = -0.505942
	x28 = 0.225021
	x29 = -0.674386
	x30 = -0.419000
	x31 = -4.285226
	x32 = 0.574378
	x33 = -0.226237
	x34 = 2.183969
	x35 = -1.212984
	x36 = -0.042965
	x37 = 0.633969
	x38 = 1.145218
	x39 = -0.199642
	x40 = 0.306634
	x41 = 1.459218
	x42 = 2.340304
	x43 = 0.708520
	x44 = 1.941880
	x45 = -1.572325
	x46 = -0.868228
	x47 = -0.214044
	x48 = -1.367375
	x49 = -0.161208
	x50 = 0.254248
	x51 = -1.256853
	x52 = 0.018111
	x53 = -0.122840
	x54 = 2.472038
	x55 = 2.911475
	x56 = 1.688318
	x57 = 0.769736
	x58 = 1.050999
	x59 = 2.243601
	x60 = -0.318254
	x61 = 2.603657
	x62 = -0.235647
	x63 = -2.900539
	x64 = 0.359719
	x65 = 3.042607
	x66 = -1.841284
	x67 = 1.696966
	x68 = 1.236826
	x69 = -0.142692
	x70 = -3.756671
	x71 = -2.664506
	x72 = -0.356780
	x73 = -0.841446
	x74 = -0.673299
	x75 = 2.021221
	x76 = -2.245063
	x77 = 3.173095
	x78 = 0.009613
	x79 = 0.283974
	x80 = -1.161138
	x81 = -0.986655
	x82 = 0.217876
	x83 = -1.716585
	x84 = -0.618029
	x85 = -0.150806
	x86 = 0.396921
	x87 = -0.063191
	x88 = -2.642163
	x89 = 2.490384
	x90 = 0.512082
	x91 = -1.448944
	x92 = -1.366349
	x93 = -0.251072
	x94 = -2.974102
	x95 = -1.423335
	x96 = 0.615613
	x97 = 0.043413
	x98 = -1.254029
	x99 = -1.341433
	x100 = -2.807662
	x101 = -1.665291
	x102 = 0.932204
	x103 = -1.142617
	x104 = -0.505885
	x105 = 2.211808
	x106 = -0.556163
	x107 = 2.035836
	x108 = 1.619510
	x109 = 1.149982
	x110 = 0.235148
	x111 = 0.410320
	x112 = -0.547750
	x113 = -1.742921
	x114 = -2.446271
	x115 = -1.282517
	x116 = 2.037604
	x117 = 0.460514
	x118 = -1.069948
	x119 = -1.118316
	x120 = 2.535690
	x121 = 4.552055
	x122 = -0.665969
	x123 = -1.065354
	x124 = 1.256294
	x125 = -0.325958
	x126 = -0.544410
	x127 = -2.034699
	x128 = -0.316049
	x129 = 1.662035
	x130 = -2.158410
	x131 = 1.608929
	x132 = 1.002728
	x133 = 2.055218
	x134 = 3.317977
	x135 = 1.781956
	x136 = -0.103869
	x137 = 0.596395
	x138 = 0.212451
	x139 = 0.607139
	x140 = 3.215345
	x141 = -0.234417
	x142 = 1.258261
	x143 = 1.307103
	x144 = -0.883689
	x145 = 0.066513
	x146 = -1.192135
	x147 = -0.578312
	x148 = 0.346732
	x149 = 2.328321
	x150 = -1.588827
	x151 = 2.207656
	x152 = -0.462011
	x153 = -2.310729
	x154 = 0.334521
	x155 = 2.312199
	x156 = 1.020655
	x157 = 2.600508
	x158 = 0.061712
	x159 = 0.262669
	x160 = 2.506409
	x161 = -0.618287
	x162 = 0.295942
	x163 = -0.858131
	x164 = -0.033193
	x165 = 1.322854
	x166 = -1.145718
	x167 = 2.498710
	x168 = -1.264607
	x169 = -2.442100
	x170 = -3.578494
	x171 = -0.845455
	x172 = 0.810871
	x173 = 1.454640
	x174 = 0.646495
	x175 = 1.269896
	x176 = 1.608593
	x177 = -0.725745
	x178 = -4.309636
	x179 = -2.142264
	x180 = -2.117228
	x181 = -0.639439
	x182 = 0.908786
	x183 = 0.776171
	x184 = -1.188753
	x185 = -3.184197
	x186 = -0.279509
	x187 = -0.376487
	x188 = -0.529926
	x189 = 0.594502
	x190 = 0.611544
	x191 = 4.033571
	x192 = 0.861747
	x193 = 1.167673
	x194 = 1.851535
	x195 = -1.215143
	x196 = -1.850464
	x197 = -1.571922
	x198 = -0.355767
	x199 = -0.725827
	x200 = -1.440029
	x201 = 1.465171
	x202 = -2.914762
	x203 = 1.193841
	x204 = 3.909860
	x205 = -2.041172
	x206 = 0.121214
	x207 = -0.091461
	x208 = 2.542397
	x209 = 2.286544
	x210 = -2.000518
	x211 = -0.820588
	x212 = 2.264526
	x213 = 0.582329
	x214 = 0.275761
	x215 = 0.384314
	x216 = -0.584456
	x217 = -0.031956
	x218 = -1.609681
	x219 = -0.186807
	x220 = -0.793877
	x221 = -1.198944
	x222 = -1.902040
	x223 = 1.969397
	x224 = 2.574359
	x225 = -0.756369
	x226 = 0.962214
	x227 = 1.110368
	x228 = 1.936530
	x229 = 1.894593
	x230 = 1.951640
	x231 = 4.080466
	x232 = 0.068627
	x233 = -1.312135
	x234 = -3.373927
	x235 = 0.755187
	x236 = -1.081375
	x237 = 2.115985
	x238 = 0.585087
	x239 = 6.627135
	x240 = 2.283091
	x241 = 0.303145
	x242 = 0.585010
	x243 = -0.108159
	x244 = -1.782341
	x245 = -0.145235
	x246 = 0.597611
	x247 = -1.234185
	x248 = -2.482035
	x249 = -1.839327
	x250 = -0.528887
	x251 = -0.257771
	x252 = -0.097729
	x253 = -1.528348
	x254 = -0.773243
	x255 = -0.054682
	x256 = -0.899889
	x257 = 0.777829
	x258 = -1.193534
	x259 = 0.438977
	x260 = -1.275535
	x261 = 0.871137
	x262 = -0.269632
	x263 = 0.169482
	x264 = -0.591825
	x265 = -1.161525
	x266 = -0.421373
	x267 = 2.100212
	x268 = 0.739629
	x269 = 0.873706
	x270 = -0.644690
	x271 = -1.850855
	x272 = 1.726275
	x273 = 0.818465
	x274 = 0.344777
	x275 = 0.863271
	x276 = 1.715864
	x277 = -1.878900
	x278 = 0.302268
	x279 = 3.079393
	x280 = 1.873195
	x281 = 1.206802
	x282 = 1.484244
	x283 = -2.357215
	x284 = -0.771842
	x285 = -1.669501
	x286 = 0.452361
	x287 = 0.255741
	x288 = -0.657242
	x289 = 1.602921
	x290 = -0.367423
	x291 = -0.739537
	x292 = 1.308653
	x293 = 0.816541
	x294 = 2.488383
	x295 = -0.070049
	x296 = -1.398178
	x297 = -0.337290
	x298 = -7.550096
	x299 = 3.484087
	x300 = 0.611620
	x301 = -1.482786
	x302 = 1.310607
	x303 = -3.215103
	x304 = 1.597061
	x305 = -1.134682
	x306 = -1.122009
	x307 = 2.353431
	x308 = 0.710326
	x309 = -1.361234
	x310 = 1.057275
	x311 = 2.373324
	x312 = -0.500696
	x313 = -2.821374
	x314 = -1.818574
	x315 = -1.158658
	x316 = 0.192754
	x317 = -1.569915
	x318 = 2.533744
	x319 = -0.129472
	x320 = 0.836696
	x321 = 1.948593
	x322 = -4.676721
	x323 = 0.557969
	x324 = 0.405283
	x325 = 2.025605
	x326 = -1.520505
	x327 = 0.865388
	x328 = 0.177492
	x329 = -0.753768
	x330 = -0.387010
	x331 = 0.702246
	x332 = 0.549449
	x333 = -1.617756
	x334 = 0.370927
	x335 = 1.443272
	x336 = 2.346230
	x337 = 3.422824
	x338 = -2.233535
	x339 = -0.908021
	x340 = 0.830143
	x341 = -2.580520
	x342 = -2.039084
	x343 = 0.869284
	x344 = -1.506385
	x345 = -1.272068
	x346 = 1.605053
	x347 = -0.703321
	x348 = -1.037802
	x349 = 0.262884
	x350 = -2.049771
	x351 = -2.744915
	x352 = -3.103061
	x353 = 1.617300
	x354 = 1.366569
	x355 = -1.209192
	x356 = 2.544258
	x357 = -1.271021
	x358 = 1.072956
	x359 = -2.516743
	x360 = 0.116906
	x361 = -1.376746
	x362 = -3.548427
	x363 = -0.612295
	x364 = -1.616663
	x365 = 0.886469
	x366 = 2.676161
	x367 = 0.119129
	x368 = 3.363371
	x369 = -1.037324
	x370 = 1.031339
	x371 = 3.150193
	x372 = -1.097804
	x373 = 1.238780
	x374 = 1.345273
	x375 = 1.156279
	x376 = -1.826901
	x377 = -1.841168
	x378 = 0.475777
	x379 = 0.570976
	x380 = -1.922588
	x381 = 0.931558
	x382 = 2.648247
	x383 = 0.880616
	x384 = 2.992181
	x385 = 0.365298
	x386 = -4.180482
	x387 = -0.313530
	x388 = -0.519909
	x389 = -4.417832
	x390 = -0.271523
	x391 = -1.681732
	x392 = -1.537736
	x393 = -1.857532
	x394 = -1.830429
	x395 = 1.189259
	x396 = -0.575612
	x397 = 1.890137
	x398 = -2.437544
	x399 = 0.263811
	x400 = -1.164157
	x401 = -0.962106
	x402 = 1.694592
	x403 = -1.266059
	x404 = -3.206628
	x405 = 2.215801
	x406 = -2.550783
	x407 = 3.400531
	x408 = 3.517892
	x409 = 1.852185
	x410 = 0.444779
	x411 = 1.691231
	x412 = 0.908758
	x413 = 0.504966
	x414 = 0.717456
	x415 = -0.191241
	x416 = -2.891134
	x417 = 0.945246
	x418 = -0.683945
	x419 = 1.264013
	x420 = -1.711204
	x421 = 0.918095
	x422 = 0.884753
	x423 = -0.081816
	x424 = -0.570963
	x425 = 3.750647
	x426 = -0.983731
	x427 = -0.939047
	x428 = -1.094299
	x429 = 1.906525
	x430 = -0.686235
	x431 = -1.164110
	x432 = -0.503861
	x433 = -2.604957
	x434 = 0.461963
	x435 = -0.076397
	x436 = 1.136176
	x437 = -0.499555
	x438 = -2.781072
	x439 = -1.735713
	x440 = 0.934160
	x441 = 0.566268
	x442 = -1.175480
	x443 = 1.704442
	x444 = 2.214252
	x445 = 2.486286
	x446 = -4.303053
	x447 = -1.105960
	x448 = 0.608797
	x449 = 1.105702
	x450 = 0.336111
	x451 = -0.285614
	x452 = -0.649895
	x453 = -2.438066
	x454 = 2.946666
	x455 = -1.749832
	x456 = 0.919045
	x457 = 1.255833
	x458 = -0.431859
	x459 = 2.070386
	x460 = 0.002774
	x461 = -0.439966
	x462 = -5.160120
	x463 = -1.296855
	x464 = -1.417543
	x465 = -1.348836
	x466 = -1.263441
	x467 = -1.576366
	x468 = 2.465421
	x469 = 1.129272
	x470 = -0.032148
	x471 = 1.961151
	x472 = 1.363833
	x473 = -0.596530
	x474 = 1.568643
	x475 = -0.623042
	x476 = 0.424165
	x477 = 0.093809
	x478 = -0.773107
	x479 = -0.086814
	x480 = -0.012877
	x481 = -1.726493
	x482 = -1.208721
	x483 = -0.541238
	x484 = 2.720804
	x485 = 1.875575
	x486 = 1.831178
	x487 = -4.030382
	x488 = -0.087147
	x489 = 2.553023
	x490 = 0.531130
	x491 = -2.223230
	x492 = 0.356972
	x493 = -0.521293
	x494 = 0.201286
	x495 = -0.637397
	x496 = -1.093306
	x497 = -0.882878
	x498 = -1.416951
	x499 = 0.199865
	x500 = -0.379482
	x501 = -0.276218
	x502 = -3.505149
	x503 = -2.087326
	x504 = -0.846767
	x505 = 4.461450
	x506 = -0.863791
	x507 = -0.295981
	x508 = 0.473303
	x509 = -0.263070
	x510 = 0.421517
	x511 = 0.418019

Output:
	y0 = -5.648906
	y1 = 6.879266
	y2 = -7.705366
	y3 = -4.522089
	y4 = 4.727513
	y5 = -7.682543
	y6 = -4.611658
	y7 = 5.815975
	y8 = -6.321540
	y9 = -6.685956
	y10 = 5.971321
	y11 = -8.901662
	y12 = -6.816826
	y13 = 6.294908
	y14 = -4.759002
	y15 = -5.075724
	y16 = 8.105802
	y17 = -4.530575
	y18 = -8.233008
	y19 = 8.078925
	y20 = -9.459726
	y21 = -10.469058
	y22 = 14.286127
	y23 = -12.180805
	y24 = -9.416027
	y25 = 7.787817
	y26 = -8.610321
	y27 = -8.879720
	y28 = 6.966657
	y29 = -10.032814
	y30 = -4.738486
	y31 = 6.355620
	y32 = -4.363660
	y33 = 1.162299
	y34 = -16.459582
	y35 = -3.810683
	y36 = -2.096161
	y37 = -5.649369
	y38 = 1.996753
	y39 = -6.981451
	y40 = 19.784306
	y41 = -8.023399
	y42 = -12.480091
	y43 = 25.948358
	y44 = -12.968525
	y45 = -5.825524
	y46 = 5.441135
	y47 = -9.367955
	y48 = -3.977841
	y49 = 5.171458
	y50 = -4.634316
	y51 = -6.907210
	y52 = 20.905584
	y53 = -6.424863
	y54 = 0.173982
	y55 = 16.449756
	y56 = -2.725515
	y57 = 0.808275
	y58 = -0.724064
	y59 = 3.393995
	y60 = -1.860240
	y61 = 23.767647
	y62 = 0.012665
	y63 = 0.364421
	y64 = -11.888815
	y65 = 4.564283
	y66 = -2.230793
	y67 = 8.424869
	y68 = -3.768864
	y69 = -3.702100
	y70 = 7.952643
	y71 = -7.248932
	y72 = -4.854503
	y73 = 8.943596
	y74 = -4.158398
	y75 = -7.782047
	y76 = 25.901172
	y77 = -6.154198
	y78 = -2.231731
	y79 = -0.929226
	y80 = 4.815424
	y81 = 7.131580
	y82 = -17.226257
	y83 = 5.971777
	y84 = 3.236911
	y85 = -14.966071
	y86 = 11.402937
	y87 = -1.802611
	y88 = 25.915676
	y89 = -3.869548
	y90 = -2.362755
	y91 = -3.333687
	y92 = -1.381391
	y93 = -3.830213
	y94 = 7.807901
	y95 = -6.140781
	y96 = -5.351195
	y97 = 15.925464
	y98 = -4.537743
	y99 = -3.895697
	y100 = 8.561404
	y101 = -4.212752
	y102 = 3.392854
	y103 = -7.509043
	y104 = 0.382975
	y105 = 8.923179
	y106 = -16.824006
	y107 = 4.990205
	y108 = 8.435488
	y109 = -15.794434
	y110 = 6.135280
	y111 = -0.865601
	y112 = -4.523437
	y113 = 4.046875
	y114 = -5.936590
	y115 = 21.556366
	y116 = -6.203609
	y117 = -6.148515
	y118 = 13.126240
	y119 = -6.632800
	y120 = -6.438000
	y121 = 8.880093
	y122 = -5.880909
	y123 = -4.562275
	y124 = 10.164181
	y125 = -5.507892
	y126 = -1.089475
	y127 = 11.657851
	y128 = -1.049124
	y129 = 1.543344
	y130 = 9.021032
	y131 = -0.566439
	y132 = 1.411443
	y133 = -5.909401
	y134 = 3.522465
	y135 = 1.035306
	y136 = 1.753988
	y137 = 1.753998
	y138 = -6.267734
	y139 = 6.194994
	y140 = -3.207839
	y141 = -5.592364
	y142 = 10.458476
	y143 = -7.552139
	y144 = -6.634704
	y145 = 9.110700
	y146 = -8.567337
	y147 = -7.117783
	y148 = 7.175440
	y149 = -7.047596
	y150 = -5.987008
	y151 = 3.240285
	y152 = -2.569817
	y153 = -3.976157
	y154 = 10.237382
	y155 = -2.533320
	y156 = -6.318578
	y157 = 28.403646
	y158 = -5.179027
	y159 = -6.929381
	y160 = 22.636258
	y161 = -3.226595
	y162 = -5.747830
	y163 = 6.962426
	y164 = -7.145225
	y165 = -7.406772
	y166 = 8.690530
	y167 = -9.654752
	y168 = -7.576446
	y169 = 5.358505
	y170 = -7.472033
	y171 = -9.623576
	y172 = 5.978012
	y173 = -8.502403
	y174 = -8.137615
	y175 = 9.845347
	y176 = -5.044397
	y177 = -9.013958
	y178 = 11.209822
	y179 = -8.229204
	y180 = -7.989352
	y181 = 14.262473
	y182 = -6.552278
	y183 = -8.853546
	y184 = 12.364186
	y185 = -4.126666
	y186 = -9.734925
	y187 = 8.169831
	y188 = -7.395124
	y189 = -7.136877
	y190 = 9.525432
	y191 = -11.114883

