InputQuery: /home/levn/Workspace/othello_world/queries/head_prove_probe_robust/game_15_target_27_eps_0.1.txt
Engine::processInputQuery: Input query (before preprocessing): 510 equations, 1277 variables
Engine::processInputQuery: Input query (after preprocessing): 766 equations, 1451 variables

Input bounds:
	x0: [ -2.0075,  -1.8075] 
	x1: [  2.5189,   2.7189] 
	x2: [ -0.1685,   0.0315] 
	x3: [  2.2351,   2.4351] 
	x4: [  1.7351,   1.9351] 
	x5: [ -2.5615,  -2.3615] 
	x6: [  0.8103,   1.0103] 
	x7: [ -1.2870,  -1.0870] 
	x8: [  0.1876,   0.3876] 
	x9: [ -0.0055,   0.1945] 
	x10: [  1.0080,   1.2080] 
	x11: [ -0.0186,   0.1814] 
	x12: [ -3.6759,  -3.4759] 
	x13: [  0.8769,   1.0769] 
	x14: [ -0.3438,  -0.1438] 
	x15: [ -0.7698,  -0.5698] 
	x16: [ -1.3654,  -1.1654] 
	x17: [ -0.1827,   0.0173] 
	x18: [ -2.6706,  -2.4706] 
	x19: [  3.3523,   3.5523] 
	x20: [ -1.9971,  -1.7971] 
	x21: [  0.3460,   0.5460] 
	x22: [ -3.0207,  -2.8207] 
	x23: [  0.5953,   0.7953] 
	x24: [  0.6551,   0.8551] 
	x25: [  0.5582,   0.7582] 
	x26: [ -0.4394,  -0.2394] 
	x27: [ -3.6039,  -3.4039] 
	x28: [ -1.3744,  -1.1744] 
	x29: [ -1.3616,  -1.1616] 
	x30: [ -1.9883,  -1.7883] 
	x31: [  2.4948,   2.6948] 
	x32: [ -0.2761,  -0.0761] 
	x33: [  1.4077,   1.6077] 
	x34: [  3.3036,   3.5036] 
	x35: [ -2.9088,  -2.7088] 
	x36: [ -0.4974,  -0.2974] 
	x37: [ -0.0463,   0.1537] 
	x38: [ -1.7709,  -1.5709] 
	x39: [ -1.6881,  -1.4881] 
	x40: [  1.0092,   1.2092] 
	x41: [  0.2869,   0.4869] 
	x42: [  0.3237,   0.5237] 
	x43: [  0.0367,   0.2367] 
	x44: [ -1.7814,  -1.5814] 
	x45: [  0.5761,   0.7761] 
	x46: [  0.7006,   0.9006] 
	x47: [  1.2556,   1.4556] 
	x48: [  0.0187,   0.2187] 
	x49: [  2.8493,   3.0493] 
	x50: [ -1.2301,  -1.0301] 
	x51: [ -0.4233,  -0.2233] 
	x52: [  0.1568,   0.3568] 
	x53: [  0.6121,   0.8121] 
	x54: [  0.5539,   0.7539] 
	x55: [  0.7885,   0.9885] 
	x56: [ -1.2797,  -1.0797] 
	x57: [  4.4548,   4.6548] 
	x58: [  0.8786,   1.0786] 
	x59: [ -0.3316,  -0.1316] 
	x60: [  2.3489,   2.5489] 
	x61: [  1.8823,   2.0823] 
	x62: [ -2.7898,  -2.5898] 
	x63: [  2.3137,   2.5137] 
	x64: [ -0.4715,  -0.2715] 
	x65: [ -0.4224,  -0.2224] 
	x66: [ -0.6146,  -0.4146] 
	x67: [  4.3061,   4.5061] 
	x68: [ -0.2261,  -0.0261] 
	x69: [ -1.0657,  -0.8657] 
	x70: [ -0.3272,  -0.1272] 
	x71: [  0.3777,   0.5777] 
	x72: [ -0.3444,  -0.1444] 
	x73: [  3.0485,   3.2485] 
	x74: [  3.6388,   3.8388] 
	x75: [  0.5237,   0.7237] 
	x76: [ -0.6044,  -0.4044] 
	x77: [ -3.4601,  -3.2601] 
	x78: [  0.1119,   0.3119] 
	x79: [ -0.2571,  -0.0571] 
	x80: [  0.8327,   1.0327] 
	x81: [ -1.0703,  -0.8703] 
	x82: [  1.8079,   2.0079] 
	x83: [  2.4581,   2.6581] 
	x84: [  1.1439,   1.3439] 
	x85: [ -0.7938,  -0.5938] 
	x86: [ -0.2661,  -0.0661] 
	x87: [ -1.9648,  -1.7648] 
	x88: [ -1.3176,  -1.1176] 
	x89: [ -2.6996,  -2.4996] 
	x90: [  1.3514,   1.5514] 
	x91: [ -3.4651,  -3.2651] 
	x92: [ -1.7986,  -1.5986] 
	x93: [ -1.1022,  -0.9022] 
	x94: [  1.1516,   1.3516] 
	x95: [ -1.2879,  -1.0879] 
	x96: [  0.3677,   0.5677] 
	x97: [  1.1624,   1.3624] 
	x98: [  3.0881,   3.2881] 
	x99: [ -1.1327,  -0.9327] 
	x100: [  0.1817,   0.3817] 
	x101: [ -0.6391,  -0.4391] 
	x102: [ -0.3879,  -0.1879] 
	x103: [ -0.1657,   0.0343] 
	x104: [  0.0568,   0.2568] 
	x105: [  1.8207,   2.0207] 
	x106: [  1.4682,   1.6682] 
	x107: [  0.1988,   0.3988] 
	x108: [ -0.4649,  -0.2649] 
	x109: [ -3.0873,  -2.8873] 
	x110: [  2.7109,   2.9109] 
	x111: [  0.3046,   0.5046] 
	x112: [ -1.6970,  -1.4970] 
	x113: [  2.2973,   2.4973] 
	x114: [  0.8728,   1.0728] 
	x115: [ -1.5990,  -1.3990] 
	x116: [  2.0285,   2.2285] 
	x117: [  1.0519,   1.2519] 
	x118: [ -2.3753,  -2.1753] 
	x119: [  1.4502,   1.6502] 
	x120: [ -1.4602,  -1.2602] 
	x121: [  4.6179,   4.8179] 
	x122: [ -0.5320,  -0.3320] 
	x123: [  0.7890,   0.9890] 
	x124: [ -0.6822,  -0.4822] 
	x125: [ -3.3162,  -3.1162] 
	x126: [ -1.5590,  -1.3590] 
	x127: [ -0.6367,  -0.4367] 
	x128: [ -0.6180,  -0.4180] 
	x129: [  2.1995,   2.3995] 
	x130: [  0.9955,   1.1955] 
	x131: [  2.3354,   2.5354] 
	x132: [ -0.9745,  -0.7745] 
	x133: [ -1.5339,  -1.3339] 
	x134: [ -1.2399,  -1.0399] 
	x135: [ -0.5506,  -0.3506] 
	x136: [ -0.0878,   0.1122] 
	x137: [ -1.2759,  -1.0759] 
	x138: [  2.4348,   2.6348] 
	x139: [  0.3071,   0.5071] 
	x140: [  3.1219,   3.3219] 
	x141: [ -0.6801,  -0.4801] 
	x142: [  1.2804,   1.4804] 
	x143: [ -0.3960,  -0.1960] 
	x144: [ -2.6408,  -2.4408] 
	x145: [  1.6785,   1.8785] 
	x146: [  0.5128,   0.7128] 
	x147: [  0.6795,   0.8795] 
	x148: [ -1.0305,  -0.8305] 
	x149: [ -0.9615,  -0.7615] 
	x150: [  1.6758,   1.8758] 
	x151: [  2.3277,   2.5277] 
	x152: [  0.9231,   1.1231] 
	x153: [ -1.4386,  -1.2386] 
	x154: [ -0.0161,   0.1839] 
	x155: [  1.6712,   1.8712] 
	x156: [  1.2571,   1.4571] 
	x157: [  0.1528,   0.3528] 
	x158: [ -2.9391,  -2.7391] 
	x159: [ -0.5274,  -0.3274] 
	x160: [  2.0425,   2.2425] 
	x161: [ -0.1696,   0.0304] 
	x162: [ -0.6348,  -0.4348] 
	x163: [ -2.0439,  -1.8439] 
	x164: [ -2.1967,  -1.9967] 
	x165: [ -1.3425,  -1.1425] 
	x166: [ -0.2509,  -0.0509] 
	x167: [  2.1697,   2.3697] 
	x168: [  1.1893,   1.3893] 
	x169: [ -0.9246,  -0.7246] 
	x170: [  0.3776,   0.5776] 
	x171: [ -6.5983,  -6.3983] 
	x172: [  0.7912,   0.9912] 
	x173: [  0.5923,   0.7923] 
	x174: [ -1.6389,  -1.4389] 
	x175: [  1.0547,   1.2547] 
	x176: [ -1.7790,  -1.5790] 
	x177: [ -0.3385,  -0.1385] 
	x178: [  0.2212,   0.4212] 
	x179: [ -0.3646,  -0.1646] 
	x180: [ -4.0544,  -3.8544] 
	x181: [  0.7157,   0.9157] 
	x182: [  1.4913,   1.6913] 
	x183: [  1.0899,   1.2899] 
	x184: [ -0.3980,  -0.1980] 
	x185: [ -0.6455,  -0.4455] 
	x186: [  2.7064,   2.9064] 
	x187: [  0.3433,   0.5433] 
	x188: [ -0.1659,   0.0341] 
	x189: [  0.4953,   0.6953] 
	x190: [ -0.4084,  -0.2084] 
	x191: [  1.1372,   1.3372] 
	x192: [ -2.3921,  -2.1921] 
	x193: [  0.0448,   0.2448] 
	x194: [  0.9320,   1.1320] 
	x195: [ -0.8049,  -0.6049] 
	x196: [  0.8915,   1.0915] 
	x197: [ -1.5368,  -1.3368] 
	x198: [ -0.1834,   0.0166] 
	x199: [ -2.0836,  -1.8836] 
	x200: [ -0.5272,  -0.3272] 
	x201: [  1.7026,   1.9026] 
	x202: [ -1.9477,  -1.7477] 
	x203: [ -0.4535,  -0.2535] 
	x204: [ -4.4422,  -4.2422] 
	x205: [  2.3197,   2.5197] 
	x206: [ -0.1851,   0.0149] 
	x207: [ -0.0901,   0.1099] 
	x208: [  2.4748,   2.6748] 
	x209: [  4.2923,   4.4923] 
	x210: [ -0.9442,  -0.7442] 
	x211: [ -0.0838,   0.1162] 
	x212: [ -2.3842,  -2.1842] 
	x213: [  0.6439,   0.8439] 
	x214: [  0.6971,   0.8971] 
	x215: [ -0.6633,  -0.4633] 
	x216: [ -1.1827,  -0.9827] 
	x217: [  2.1977,   2.3977] 
	x218: [  0.0289,   0.2289] 
	x219: [ -1.4026,  -1.2026] 
	x220: [ -0.9061,  -0.7061] 
	x221: [ -0.4805,  -0.2805] 
	x222: [ -2.1766,  -1.9766] 
	x223: [  1.7269,   1.9269] 
	x224: [  1.3077,   1.5077] 
	x225: [ -0.9764,  -0.7764] 
	x226: [  1.4890,   1.6890] 
	x227: [ -0.1914,   0.0086] 
	x228: [  0.8941,   1.0941] 
	x229: [  0.5687,   0.7687] 
	x230: [  1.2088,   1.4088] 
	x231: [  1.8182,   2.0182] 
	x232: [  1.2821,   1.4821] 
	x233: [  0.9720,   1.1720] 
	x234: [ -1.2724,  -1.0724] 
	x235: [ -1.3403,  -1.1403] 
	x236: [  0.7816,   0.9816] 
	x237: [ -0.9519,  -0.7519] 
	x238: [  0.2069,   0.4069] 
	x239: [  5.4199,   5.6199] 
	x240: [  2.5421,   2.7421] 
	x241: [ -3.6925,  -3.4925] 
	x242: [ -2.3278,  -2.1278] 
	x243: [  2.2635,   2.4635] 
	x244: [ -1.5941,  -1.3941] 
	x245: [ -1.2246,  -1.0246] 
	x246: [ -2.2953,  -2.0953] 
	x247: [ -0.9816,  -0.7816] 
	x248: [ -2.0463,  -1.8463] 
	x249: [  0.3496,   0.5496] 
	x250: [ -0.3371,  -0.1371] 
	x251: [ -1.8353,  -1.6353] 
	x252: [ -1.8374,  -1.6374] 
	x253: [ -4.4233,  -4.2233] 
	x254: [ -3.1720,  -2.9720] 
	x255: [ -1.4543,  -1.2543] 
	x256: [  2.2360,   2.4360] 
	x257: [ -2.0363,  -1.8363] 
	x258: [ -0.8994,  -0.6994] 
	x259: [ -2.1956,  -1.9956] 
	x260: [ -1.4307,  -1.2307] 
	x261: [  0.8205,   1.0205] 
	x262: [ -0.9595,  -0.7595] 
	x263: [ -1.1119,  -0.9119] 
	x264: [ -1.2135,  -1.0135] 
	x265: [ -0.8242,  -0.6242] 
	x266: [  0.4627,   0.6627] 
	x267: [ -0.8473,  -0.6473] 
	x268: [  0.5935,   0.7935] 
	x269: [  1.7320,   1.9320] 
	x270: [  4.3927,   4.5927] 
	x271: [ -0.2454,  -0.0454] 
	x272: [ -2.5742,  -2.3742] 
	x273: [ -2.6623,  -2.4623] 
	x274: [  2.1445,   2.3445] 
	x275: [  1.1863,   1.3863] 
	x276: [ -1.9373,  -1.7373] 
	x277: [  0.0836,   0.2836] 
	x278: [ -0.9182,  -0.7182] 
	x279: [ -2.7873,  -2.5873] 
	x280: [ -1.0369,  -0.8369] 
	x281: [ -0.7235,  -0.5235] 
	x282: [ -0.3747,  -0.1747] 
	x283: [  2.0311,   2.2311] 
	x284: [ -0.8307,  -0.6307] 
	x285: [ -2.8328,  -2.6328] 
	x286: [  0.2861,   0.4861] 
	x287: [  1.1361,   1.3361] 
	x288: [  0.6963,   0.8963] 
	x289: [ -1.2103,  -1.0103] 
	x290: [ -0.4661,  -0.2661] 
	x291: [  1.9330,   2.1330] 
	x292: [  0.1174,   0.3174] 
	x293: [  1.8642,   2.0642] 
	x294: [ -2.6814,  -2.4814] 
	x295: [  0.9487,   1.1487] 
	x296: [ -1.5360,  -1.3360] 
	x297: [  0.6265,   0.8265] 
	x298: [ -4.1903,  -3.9903] 
	x299: [ -1.6880,  -1.4880] 
	x300: [ -0.1049,   0.0951] 
	x301: [  1.6461,   1.8461] 
	x302: [  0.9407,   1.1407] 
	x303: [  1.9720,   2.1720] 
	x304: [ -0.4493,  -0.2493] 
	x305: [  0.1402,   0.3402] 
	x306: [  0.7266,   0.9266] 
	x307: [  1.1036,   1.3036] 
	x308: [  1.6960,   1.8960] 
	x309: [ -1.8475,  -1.6475] 
	x310: [ -0.9542,  -0.7542] 
	x311: [ -0.9849,  -0.7849] 
	x312: [ -3.8910,  -3.6910] 
	x313: [  1.1004,   1.3004] 
	x314: [  1.1348,   1.3348] 
	x315: [  0.5015,   0.7015] 
	x316: [  1.2193,   1.4193] 
	x317: [ -2.3105,  -2.1105] 
	x318: [  1.8409,   2.0409] 
	x319: [ -1.3306,  -1.1306] 
	x320: [  0.9473,   1.1473] 
	x321: [ -2.8186,  -2.6186] 
	x322: [ -2.0763,  -1.8763] 
	x323: [ -0.3040,  -0.1040] 
	x324: [ -2.0793,  -1.8793] 
	x325: [ -1.9219,  -1.7219] 
	x326: [ -1.6736,  -1.4736] 
	x327: [ -0.0993,   0.1007] 
	x328: [  0.3066,   0.5066] 
	x329: [  1.3326,   1.5326] 
	x330: [ -1.1664,  -0.9664] 
	x331: [  0.2722,   0.4722] 
	x332: [  0.5684,   0.7684] 
	x333: [ -0.7240,  -0.5240] 
	x334: [ -1.5262,  -1.3262] 
	x335: [ -0.6129,  -0.4129] 
	x336: [  0.2874,   0.4874] 
	x337: [ -0.7805,  -0.5805] 
	x338: [  1.4438,   1.6438] 
	x339: [  1.4642,   1.6642] 
	x340: [  1.1618,   1.3618] 
	x341: [  1.3083,   1.5083] 
	x342: [ -1.9363,  -1.7363] 
	x343: [ -0.6307,  -0.4307] 
	x344: [ -0.9490,  -0.7490] 
	x345: [ -1.2598,  -1.0598] 
	x346: [ -1.4692,  -1.2692] 
	x347: [ -0.1338,   0.0662] 
	x348: [ -1.4660,  -1.2660] 
	x349: [  2.3170,   2.5170] 
	x350: [ -0.2885,  -0.0885] 
	x351: [  1.1342,   1.3342] 
	x352: [  0.9120,   1.1120] 
	x353: [  0.1565,   0.3565] 
	x354: [ -1.0195,  -0.8195] 
	x355: [  0.0076,   0.2076] 
	x356: [ -1.5012,  -1.3012] 
	x357: [ -1.3081,  -1.1081] 
	x358: [ -1.1648,  -0.9648] 
	x359: [ -2.5157,  -2.3157] 
	x360: [  0.6208,   0.8208] 
	x361: [  0.1967,   0.3967] 
	x362: [  1.1745,   1.3745] 
	x363: [ -1.7435,  -1.5435] 
	x364: [ -2.0676,  -1.8676] 
	x365: [ -1.8309,  -1.6309] 
	x366: [ -0.1618,   0.0382] 
	x367: [ -1.0843,  -0.8843] 
	x368: [  0.0815,   0.2815] 
	x369: [  3.9683,   4.1683] 
	x370: [ -1.1908,  -0.9908] 
	x371: [ -0.7686,  -0.5686] 
	x372: [ -0.0886,   0.1114] 
	x373: [  2.4503,   2.6503] 
	x374: [ -2.0361,  -1.8361] 
	x375: [  0.2355,   0.4355] 
	x376: [ -0.2388,  -0.0388] 
	x377: [ -1.3546,  -1.1546] 
	x378: [  1.1023,   1.3023] 
	x379: [ -2.3210,  -2.1210] 
	x380: [  3.1354,   3.3354] 
	x381: [ -0.5069,  -0.3069] 
	x382: [  1.4831,   1.6831] 
	x383: [ -0.1283,   0.0717] 
	x384: [  0.7203,   0.9203] 
	x385: [  1.9993,   2.1993] 
	x386: [ -0.0935,   0.1065] 
	x387: [  0.1790,   0.3790] 
	x388: [ -0.7599,  -0.5599] 
	x389: [ -2.9084,  -2.7084] 
	x390: [ -0.0058,   0.1942] 
	x391: [ -1.4123,  -1.2123] 
	x392: [  2.0681,   2.2681] 
	x393: [ -1.4534,  -1.2534] 
	x394: [ -0.7337,  -0.5337] 
	x395: [  1.3730,   1.5730] 
	x396: [  1.7175,   1.9175] 
	x397: [ -0.7634,  -0.5634] 
	x398: [  3.1154,   3.3154] 
	x399: [ -0.7548,  -0.5548] 
	x400: [ -1.0294,  -0.8294] 
	x401: [  1.1714,   1.3714] 
	x402: [ -0.9743,  -0.7743] 
	x403: [ -0.4832,  -0.2832] 
	x404: [  0.9962,   1.1962] 
	x405: [ -2.3052,  -2.1052] 
	x406: [  0.9245,   1.1245] 
	x407: [  3.7651,   3.9651] 
	x408: [ -2.6817,  -2.4817] 
	x409: [  0.8559,   1.0559] 
	x410: [ -2.1990,  -1.9990] 
	x411: [ -2.2576,  -2.0576] 
	x412: [  1.9309,   2.1309] 
	x413: [  0.7840,   0.9840] 
	x414: [  2.5678,   2.7678] 
	x415: [  0.9309,   1.1309] 
	x416: [ -0.6411,  -0.4411] 
	x417: [ -1.1081,  -0.9081] 
	x418: [ -1.7237,  -1.5237] 
	x419: [  0.6636,   0.8636] 
	x420: [  1.5740,   1.7740] 
	x421: [ -0.5179,  -0.3179] 
	x422: [  0.0793,   0.2793] 
	x423: [  0.9390,   1.1390] 
	x424: [ -0.7252,  -0.5252] 
	x425: [  2.2710,   2.4710] 
	x426: [  1.3443,   1.5443] 
	x427: [  0.6142,   0.8142] 
	x428: [ -0.5408,  -0.3408] 
	x429: [ -1.1276,  -0.9276] 
	x430: [ -1.6258,  -1.4258] 
	x431: [  3.0759,   3.2759] 
	x432: [ -3.7961,  -3.5961] 
	x433: [ -2.9147,  -2.7147] 
	x434: [  3.3824,   3.5824] 
	x435: [  3.0927,   3.2927] 
	x436: [ -2.7923,  -2.5923] 
	x437: [ -2.0648,  -1.8648] 
	x438: [  4.7513,   4.9513] 
	x439: [  1.1961,   1.3961] 
	x440: [ -0.1419,   0.0581] 
	x441: [ -2.1069,  -1.9069] 
	x442: [ -2.6216,  -2.4216] 
	x443: [  0.1490,   0.3490] 
	x444: [  0.6850,   0.8850] 
	x445: [  1.0837,   1.2837] 
	x446: [ -2.5829,  -2.3829] 
	x447: [ -0.2110,  -0.0110] 
	x448: [ -3.8408,  -3.6408] 
	x449: [  0.7403,   0.9403] 
	x450: [ -1.9164,  -1.7164] 
	x451: [ -0.8373,  -0.6373] 
	x452: [ -1.5677,  -1.3677] 
	x453: [  2.2734,   2.4734] 
	x454: [  0.1816,   0.3816] 
	x455: [  1.4380,   1.6380] 
	x456: [ -0.6364,  -0.4364] 
	x457: [ -0.1671,   0.0329] 
	x458: [  0.1446,   0.3446] 
	x459: [  0.8601,   1.0601] 
	x460: [ -0.1686,   0.0314] 
	x461: [  2.4956,   2.6956] 
	x462: [ -0.0966,   0.1034] 
	x463: [  0.2429,   0.4429] 
	x464: [ -0.1508,   0.0492] 
	x465: [ -0.9230,  -0.7230] 
	x466: [ -1.2629,  -1.0629] 
	x467: [ -0.5060,  -0.3060] 
	x468: [ -1.1149,  -0.9149] 
	x469: [ -1.7723,  -1.5723] 
	x470: [ -0.5738,  -0.3738] 
	x471: [ -2.1668,  -1.9668] 
	x472: [ -1.7036,  -1.5036] 
	x473: [  3.7478,   3.9478] 
	x474: [  0.0382,   0.2382] 
	x475: [  0.8878,   1.0878] 
	x476: [ -0.8097,  -0.6097] 
	x477: [  2.2431,   2.4431] 
	x478: [ -0.8930,  -0.6930] 
	x479: [ -0.2457,  -0.0457] 
	x480: [  0.0543,   0.2543] 
	x481: [  0.0920,   0.2920] 
	x482: [  0.3760,   0.5760] 
	x483: [  1.8070,   2.0070] 
	x484: [  3.4938,   3.6938] 
	x485: [ -2.0104,  -1.8104] 
	x486: [  3.0250,   3.2250] 
	x487: [ -0.9755,  -0.7755] 
	x488: [ -0.0039,   0.1961] 
	x489: [ -0.3718,  -0.1718] 
	x490: [  2.6239,   2.8239] 
	x491: [  0.9956,   1.1956] 
	x492: [  0.1747,   0.3747] 
	x493: [ -2.6643,  -2.4643] 
	x494: [ -1.1869,  -0.9869] 
	x495: [ -0.7286,  -0.5286] 
	x496: [  1.2137,   1.4137] 
	x497: [ -1.3357,  -1.1357] 
	x498: [ -0.9662,  -0.7662] 
	x499: [  1.9797,   2.1797] 
	x500: [ -0.5488,  -0.3488] 
	x501: [ -2.9290,  -2.7290] 
	x502: [ -0.8501,  -0.6501] 
	x503: [  2.0085,   2.2085] 
	x504: [ -1.6496,  -1.4496] 
	x505: [ -1.9734,  -1.7734] 
	x506: [  2.4025,   2.6025] 
	x507: [  0.9945,   1.1945] 
	x508: [ -1.4039,  -1.2039] 
	x509: [ -3.4996,  -3.2996] 
	x510: [ -0.1896,   0.0104] 
	x511: [ -1.1784,  -0.9784] 

Branching heuristics set to PseudoImpact

Engine::solve: Initial statistics

02:25:58 Statistics update:
	--- Time Statistics ---
	Total time elapsed: 1188 milli (00:00:01)
		Main loop: 0 milli (00:00:00)
		Preprocessing time: 466 milli (00:00:00)
		Unknown: 722 milli (00:00:00)
	Breakdown for main loop:
		[0.00%] Simplex steps: 0 milli
		[0.00%] Explicit-basis bound tightening: 0 milli
		[0.00%] Constraint-matrix bound tightening: 0 milli
		[0.00%] Degradation checking: 0 milli
		[0.00%] Precision restoration: 0 milli
		[0.00%] Statistics handling: 0 milli
		[0.00%] Constraint-fixing steps: 0 milli
		[0.00%] Valid case splits: 0 milli. Average per split: 0.00 milli
		[0.00%] Applying stored bound-tightening: 0 milli
		[0.00%] SMT core: 0 milli
		[0.00%] Symbolic Bound Tightening: 24 milli
		[0.00%] SoI-based local search: 0 milli
		[0.00%] SoI-based local search: 0 milli
		[0.00%] Unaccounted for: 0 milli
	--- Preprocessor Statistics ---
	Number of preprocessor bound-tightening loop iterations: 3
	Number of eliminated variables: 83
	Number of constraints removed due to variable elimination: 83
	Number of equations removed due to variable elimination: 0
	--- Engine Statistics ---
	Number of main loop iterations: 1
		0 iterations were simplex steps. Total time: 0 milli. Average: 0.00 milli.
		0 iterations were constraint-fixing steps. Total time: 0 milli. Average: 0.00 milli
	Number of active piecewise-linear constraints: 173 / 173
		Constraints disabled by valid splits: 0. By SMT-originated splits: 0
	Last reported degradation: 0.0000000000. Max degradation so far: 0.0000000000. Restorations so far: 0
	Number of simplex pivots we attempted to skip because of instability: 0.
	Unstable pivots performed anyway: 0
	--- Tableau Statistics ---
	Total number of pivots performed: 0
		Real pivots: 0. Degenerate: 0 (0.00%)
		Degenerate pivots by request (e.g., to fix a PL constraint): 0 (0.00%)
		Average time per pivot: 0.00 milli
	Total number of fake pivots performed: 0
	Total number of rows added: 0. Number of merged columns: 0
	Current tableau dimensions: M = 766, N = 2217
	--- SMT Core Statistics ---
	Total depth is 0. Total visited states: 1. Number of splits: 0. Number of pops: 0
	Max stack depth: 0
	--- Bound Tightening Statistics ---
	Number of tightened bounds: 0.
		Number of rows examined by row tightener: 0. Consequent tightenings: 0
		Number of explicit basis matrices examined by row tightener: 0. Consequent tightenings: 0
		Number of bound tightening rounds on the entire constraint matrix: 0. Consequent tightenings: 0
		Number of bound notifications sent to PL constraints: 1038. Tightenings proposed: 0
	--- Basis Factorization statistics ---
	Number of basis refactorizations: 2
	--- Projected Steepest Edge Statistics ---
	Number of iterations: 0.
	Number of resets to reference space: 1. Avg. iterations per reset: 0
	--- SBT ---
	Number of tightened bounds: 385
	--- SoI-based local search ---
	Number of proposed phase pattern update: 0. Number of accepted update: 0 [0.00%]
	Total time (% of local search time) updating SoI phase pattern : 0 milli [0.00%]
	Total time obtaining current assignment: 0 milli [0.00%]
	Total time getting SoI phase pattern : 0 milli [0.00%]
	--- Context dependent statistics ---
	Number of pushes / pops: 0 / 0
		[0.00%] Pre-Push hook: 0 milli
		[0.00%] Push : 0 milli
		[0.00%] Post-Pop hook: 0 milli
		[0.00%] Pop : 0 milli
		[0.00%] Total context-switching time: 0 milli
	--- Proof Certificate ---
	Number of certified leaves: 0
	Number of leaves to delegate: 0

---

Engine::solve: sat assignment found

02:26:19 Statistics update:
	--- Time Statistics ---
	Total time elapsed: 22405 milli (00:00:22)
		Main loop: 21215 milli (00:00:21)
		Preprocessing time: 466 milli (00:00:00)
		Unknown: 722 milli (00:00:00)
	Breakdown for main loop:
		[38.48%] Simplex steps: 8163 milli
		[60.91%] Explicit-basis bound tightening: 12923 milli
		[0.00%] Constraint-matrix bound tightening: 0 milli
		[0.17%] Degradation checking: 36 milli
		[0.00%] Precision restoration: 0 milli
		[0.09%] Statistics handling: 18 milli
		[0.00%] Constraint-fixing steps: 0 milli
		[0.00%] Valid case splits: 0 milli. Average per split: 0.00 milli
		[0.00%] Applying stored bound-tightening: 0 milli
		[0.00%] SMT core: 0 milli
		[0.27%] Symbolic Bound Tightening: 58 milli
		[10.29%] SoI-based local search: 2183 milli
		[0.00%] SoI-based local search: 0 milli
		[0.07%] Unaccounted for: 15 milli
	--- Preprocessor Statistics ---
	Number of preprocessor bound-tightening loop iterations: 3
	Number of eliminated variables: 83
	Number of constraints removed due to variable elimination: 83
	Number of equations removed due to variable elimination: 0
	--- Engine Statistics ---
	Number of main loop iterations: 531
		529 iterations were simplex steps. Total time: 8163 milli. Average: 15.43 milli.
		0 iterations were constraint-fixing steps. Total time: 0 milli. Average: 0.00 milli
	Number of active piecewise-linear constraints: 173 / 173
		Constraints disabled by valid splits: 0. By SMT-originated splits: 0
	Last reported degradation: 0.0000004235. Max degradation so far: 0.0000000000. Restorations so far: 0
	Number of simplex pivots we attempted to skip because of instability: 0.
	Unstable pivots performed anyway: 0
	--- Tableau Statistics ---
	Total number of pivots performed: 515
		Real pivots: 515. Degenerate: 0 (0.00%)
		Degenerate pivots by request (e.g., to fix a PL constraint): 0 (0.00%)
		Average time per pivot: 1.16 milli
	Total number of fake pivots performed: 12
	Total number of rows added: 0. Number of merged columns: 0
	Current tableau dimensions: M = 766, N = 2217
	--- SMT Core Statistics ---
	Total depth is 0. Total visited states: 1. Number of splits: 0. Number of pops: 0
	Max stack depth: 0
	--- Bound Tightening Statistics ---
	Number of tightened bounds: 0.
		Number of rows examined by row tightener: 515. Consequent tightenings: 0
		Number of explicit basis matrices examined by row tightener: 4. Consequent tightenings: 269
		Number of bound tightening rounds on the entire constraint matrix: 0. Consequent tightenings: 0
		Number of bound notifications sent to PL constraints: 2076. Tightenings proposed: 0
	--- Basis Factorization statistics ---
	Number of basis refactorizations: 6
	--- Projected Steepest Edge Statistics ---
	Number of iterations: 527.
	Number of resets to reference space: 1. Avg. iterations per reset: 527
	--- SBT ---
	Number of tightened bounds: 385
	--- SoI-based local search ---
	Number of proposed phase pattern update: 0. Number of accepted update: 1 [0.00%]
	Total time (% of local search time) updating SoI phase pattern : 758 milli [0.03%]
	Total time obtaining current assignment: 471 milli [0.02%]
	Total time getting SoI phase pattern : 119 milli [0.00%]
	--- Context dependent statistics ---
	Number of pushes / pops: 0 / 0
		[0.00%] Pre-Push hook: 0 milli
		[0.00%] Push : 0 milli
		[0.00%] Post-Pop hook: 0 milli
		[0.00%] Pop : 0 milli
		[0.00%] Total context-switching time: 0 milli
	--- Proof Certificate ---
	Number of certified leaves: 0
	Number of leaves to delegate: 0
sat
Input assignment:
	x0 = -1.807534
	x1 = 2.718903
	x2 = -0.168497
	x3 = 2.435072
	x4 = 1.735058
	x5 = -2.561454
	x6 = 1.010309
	x7 = -1.185293
	x8 = 0.387591
	x9 = -0.005519
	x10 = 1.007954
	x11 = -0.018585
	x12 = -3.475900
	x13 = 0.876920
	x14 = -0.143804
	x15 = -0.769769
	x16 = -1.165420
	x17 = 0.017325
	x18 = -2.470607
	x19 = 3.352298
	x20 = -1.797150
	x21 = 0.346017
	x22 = -2.820661
	x23 = 0.595306
	x24 = 0.655077
	x25 = 0.758239
	x26 = -0.439374
	x27 = -3.403862
	x28 = -1.174413
	x29 = -1.161599
	x30 = -1.788299
	x31 = 2.694835
	x32 = -0.276066
	x33 = 1.607675
	x34 = 3.503554
	x35 = -2.708750
	x36 = -0.497418
	x37 = -0.046330
	x38 = -1.570866
	x39 = -1.488131
	x40 = 1.209217
	x41 = 0.486942
	x42 = 0.323674
	x43 = 0.036653
	x44 = -1.781357
	x45 = 0.776145
	x46 = 0.900640
	x47 = 1.255608
	x48 = 0.218719
	x49 = 2.961880
	x50 = -1.230065
	x51 = -0.223293
	x52 = 0.156825
	x53 = 0.812088
	x54 = 0.553883
	x55 = 0.788467
	x56 = -1.079672
	x57 = 4.654762
	x58 = 1.078553
	x59 = -0.131578
	x60 = 2.548945
	x61 = 2.082270
	x62 = -2.789756
	x63 = 2.513735
	x64 = -0.471549
	x65 = -0.422354
	x66 = -0.614584
	x67 = 4.506092
	x68 = -0.226066
	x69 = -1.065697
	x70 = -0.127224
	x71 = 0.577731
	x72 = -0.344447
	x73 = 3.048539
	x74 = 3.638782
	x75 = 0.523660
	x76 = -0.604368
	x77 = -3.460118
	x78 = 0.111887
	x79 = -0.257073
	x80 = 0.832667
	x81 = -1.070330
	x82 = 2.007927
	x83 = 2.458149
	x84 = 1.343946
	x85 = -0.793763
	x86 = -0.266079
	x87 = -1.964768
	x88 = -1.317565
	x89 = -2.499634
	x90 = 1.551357
	x91 = -3.465072
	x92 = -1.798608
	x93 = -0.902176
	x94 = 1.151598
	x95 = -1.087900
	x96 = 0.367676
	x97 = 1.162393
	x98 = 3.288057
	x99 = -0.932670
	x100 = 0.381663
	x101 = -0.439071
	x102 = -0.387938
	x103 = -0.165679
	x104 = 0.256832
	x105 = 2.020747
	x106 = 1.668194
	x107 = 0.198769
	x108 = -0.464862
	x109 = -3.087267
	x110 = 2.910927
	x111 = 0.504634
	x112 = -1.696987
	x113 = 2.497349
	x114 = 0.872757
	x115 = -1.398973
	x116 = 2.028464
	x117 = 1.251934
	x118 = -2.175343
	x119 = 1.650217
	x120 = -1.260180
	x121 = 4.617851
	x122 = -0.531990
	x123 = 0.989024
	x124 = -0.482232
	x125 = -3.316244
	x126 = -1.559035
	x127 = -0.636728
	x128 = -0.417966
	x129 = 2.399457
	x130 = 0.995495
	x131 = 2.535440
	x132 = -0.974474
	x133 = -1.333859
	x134 = -1.239900
	x135 = -0.350617
	x136 = 0.112224
	x137 = -1.275933
	x138 = 2.634764
	x139 = 0.507138
	x140 = 3.321921
	x141 = -0.680147
	x142 = 1.280367
	x143 = -0.395950
	x144 = -2.440816
	x145 = 1.878506
	x146 = 0.512820
	x147 = 0.679469
	x148 = -1.030463
	x149 = -0.761517
	x150 = 1.675826
	x151 = 2.527659
	x152 = 0.986333
	x153 = -1.238552
	x154 = 0.183919
	x155 = 1.871236
	x156 = 1.457115
	x157 = 0.152842
	x158 = -2.739079
	x159 = -0.327376
	x160 = 2.042498
	x161 = 0.030440
	x162 = -0.634830
	x163 = -2.043950
	x164 = -1.996693
	x165 = -1.142546
	x166 = -0.250896
	x167 = 2.169703
	x168 = 1.189316
	x169 = -0.724633
	x170 = 0.577567
	x171 = -6.598297
	x172 = 0.791168
	x173 = 0.592261
	x174 = -1.638883
	x175 = 1.054662
	x176 = -1.579022
	x177 = -0.338499
	x178 = 0.221190
	x179 = -0.364560
	x180 = -4.054399
	x181 = 0.715745
	x182 = 1.491273
	x183 = 1.089946
	x184 = -0.198013
	x185 = -0.445512
	x186 = 2.706441
	x187 = 0.543327
	x188 = -0.165948
	x189 = 0.695257
	x190 = -0.408447
	x191 = 1.137244
	x192 = -2.192075
	x193 = 0.244822
	x194 = 0.932013
	x195 = -0.604851
	x196 = 1.091538
	x197 = -1.336775
	x198 = 0.016565
	x199 = -2.083636
	x200 = -0.527223
	x201 = 1.902627
	x202 = -1.747715
	x203 = -0.453492
	x204 = -4.442201
	x205 = 2.319728
	x206 = -0.185087
	x207 = -0.090127
	x208 = 2.674774
	x209 = 4.492285
	x210 = -0.744183
	x211 = -0.083818
	x212 = -2.184222
	x213 = 0.643920
	x214 = 0.697106
	x215 = -0.463324
	x216 = -0.982687
	x217 = 2.397696
	x218 = 0.028911
	x219 = -1.402638
	x220 = -0.906088
	x221 = -0.480501
	x222 = -1.976616
	x223 = 1.726947
	x224 = 1.307654
	x225 = -0.776369
	x226 = 1.689049
	x227 = -0.191441
	x228 = 1.094074
	x229 = 0.768677
	x230 = 1.408838
	x231 = 1.845434
	x232 = 1.282085
	x233 = 1.172038
	x234 = -1.272443
	x235 = -1.340279
	x236 = 0.981631
	x237 = -0.751936
	x238 = 0.406903
	x239 = 5.619884
	x240 = 2.542136
	x241 = -3.492532
	x242 = -2.327785
	x243 = 2.263491
	x244 = -1.594146
	x245 = -1.024571
	x246 = -2.295290
	x247 = -0.781647
	x248 = -1.846260
	x249 = 0.349556
	x250 = -0.337082
	x251 = -1.635336
	x252 = -1.837379
	x253 = -4.223333
	x254 = -2.971986
	x255 = -1.254323
	x256 = 2.235993
	x257 = -1.836346
	x258 = -0.899428
	x259 = -2.195567
	x260 = -1.430746
	x261 = 1.020514
	x262 = -0.959523
	x263 = -0.911890
	x264 = -1.213481
	x265 = -0.824224
	x266 = 0.662681
	x267 = -0.847298
	x268 = 0.793536
	x269 = 1.932013
	x270 = 4.392743
	x271 = -0.245443
	x272 = -2.374212
	x273 = -2.462251
	x274 = 2.344468
	x275 = 1.186321
	x276 = -1.937296
	x277 = 0.083605
	x278 = -0.918223
	x279 = -2.787287
	x280 = -1.036942
	x281 = -0.523481
	x282 = -0.174730
	x283 = 2.231091
	x284 = -0.630673
	x285 = -2.832756
	x286 = 0.486065
	x287 = 1.336056
	x288 = 0.696266
	x289 = -1.010348
	x290 = -0.266110
	x291 = 2.132979
	x292 = 0.117449
	x293 = 2.064246
	x294 = -2.481419
	x295 = 1.148744
	x296 = -1.336031
	x297 = 0.626548
	x298 = -4.190331
	x299 = -1.488027
	x300 = -0.104914
	x301 = 1.646071
	x302 = 0.940725
	x303 = 2.172022
	x304 = -0.249329
	x305 = 0.140157
	x306 = 0.726556
	x307 = 1.103566
	x308 = 1.896008
	x309 = -1.647509
	x310 = -0.754199
	x311 = -0.784950
	x312 = -3.690986
	x313 = 1.100440
	x314 = 1.334791
	x315 = 0.501512
	x316 = 1.219324
	x317 = -2.310495
	x318 = 2.040918
	x319 = -1.136308
	x320 = 1.147287
	x321 = -2.758023
	x322 = -1.876271
	x323 = -0.103964
	x324 = -2.079264
	x325 = -1.921901
	x326 = -1.673592
	x327 = -0.099316
	x328 = 0.506576
	x329 = 1.532584
	x330 = -0.966402
	x331 = 0.472180
	x332 = 0.768439
	x333 = -0.723953
	x334 = -1.526199
	x335 = -0.412877
	x336 = 0.487375
	x337 = -0.580493
	x338 = 1.443847
	x339 = 1.464151
	x340 = 1.161816
	x341 = 1.508299
	x342 = -1.936345
	x343 = -0.630733
	x344 = -0.949026
	x345 = -1.059837
	x346 = -1.269187
	x347 = 0.066231
	x348 = -1.466037
	x349 = 2.317039
	x350 = -0.088470
	x351 = 1.134226
	x352 = 1.111975
	x353 = 0.156527
	x354 = -0.819539
	x355 = 0.207630
	x356 = -1.301185
	x357 = -1.108108
	x358 = -0.964753
	x359 = -2.315667
	x360 = 0.620841
	x361 = 0.396667
	x362 = 1.374536
	x363 = -1.543464
	x364 = -2.067633
	x365 = -1.830908
	x366 = -0.161798
	x367 = -1.084346
	x368 = 0.081546
	x369 = 4.168307
	x370 = -0.990770
	x371 = -0.568603
	x372 = -0.088604
	x373 = 2.450274
	x374 = -1.836115
	x375 = 0.435540
	x376 = -0.038763
	x377 = -1.154579
	x378 = 1.102282
	x379 = -2.121041
	x380 = 3.135431
	x381 = -0.306908
	x382 = 1.683099
	x383 = 0.071701
	x384 = 0.920299
	x385 = 1.999345
	x386 = -0.093512
	x387 = 0.179032
	x388 = -0.759927
	x389 = -2.908374
	x390 = -0.005814
	x391 = -1.212289
	x392 = 2.068104
	x393 = -1.453367
	x394 = -0.733746
	x395 = 1.573021
	x396 = 1.717492
	x397 = -0.563404
	x398 = 3.115356
	x399 = -0.554833
	x400 = -1.029379
	x401 = 1.171386
	x402 = -0.774344
	x403 = -0.283213
	x404 = 0.996186
	x405 = -2.305239
	x406 = 0.924457
	x407 = 3.965079
	x408 = -2.681698
	x409 = 1.055882
	x410 = -2.198994
	x411 = -2.257623
	x412 = 2.130852
	x413 = 0.784027
	x414 = 2.567807
	x415 = 1.130910
	x416 = -0.441143
	x417 = -1.108079
	x418 = -1.523716
	x419 = 0.863647
	x420 = 1.574025
	x421 = -0.517855
	x422 = 0.279342
	x423 = 1.139022
	x424 = -0.525158
	x425 = 2.271015
	x426 = 1.544254
	x427 = 0.814187
	x428 = -0.540820
	x429 = -0.927627
	x430 = -1.425794
	x431 = 3.275862
	x432 = -3.596115
	x433 = -2.714672
	x434 = 3.382356
	x435 = 3.292653
	x436 = -2.592345
	x437 = -1.864811
	x438 = 4.751267
	x439 = 1.196135
	x440 = -0.141922
	x441 = -2.106944
	x442 = -2.621624
	x443 = 0.349024
	x444 = 0.884963
	x445 = 1.083711
	x446 = -2.582909
	x447 = -0.011018
	x448 = -3.640772
	x449 = 0.740255
	x450 = -1.916356
	x451 = -0.637326
	x452 = -1.567665
	x453 = 2.273414
	x454 = 0.381600
	x455 = 1.438005
	x456 = -0.636449
	x457 = -0.167109
	x458 = 0.144613
	x459 = 1.060114
	x460 = 0.031398
	x461 = 2.495560
	x462 = 0.103367
	x463 = 0.242915
	x464 = 0.049217
	x465 = -0.723012
	x466 = -1.062897
	x467 = -0.505957
	x468 = -0.914948
	x469 = -1.572317
	x470 = -0.573793
	x471 = -1.966825
	x472 = -1.503596
	x473 = 3.947805
	x474 = 0.238220
	x475 = 0.887795
	x476 = -0.809675
	x477 = 2.243146
	x478 = -0.893048
	x479 = -0.045702
	x480 = 0.054301
	x481 = 0.091952
	x482 = 0.576030
	x483 = 2.006977
	x484 = 3.493758
	x485 = -2.010378
	x486 = 3.225044
	x487 = -0.975480
	x488 = -0.003857
	x489 = -0.171813
	x490 = 2.823902
	x491 = 1.195571
	x492 = 0.374679
	x493 = -2.664294
	x494 = -1.186855
	x495 = -0.728572
	x496 = 1.413675
	x497 = -1.335650
	x498 = -0.966234
	x499 = 2.179728
	x500 = -0.548799
	x501 = -2.928955
	x502 = -0.650063
	x503 = 2.008543
	x504 = -1.649644
	x505 = -1.973375
	x506 = 2.602486
	x507 = 1.194492
	x508 = -1.403869
	x509 = -3.299571
	x510 = -0.189638
	x511 = -0.978403

Output:
	y0 = -6.473509
	y1 = 4.673747
	y2 = -5.766514
	y3 = -6.709432
	y4 = 7.537410
	y5 = -8.988016
	y6 = -6.904977
	y7 = 11.337412
	y8 = -7.370722
	y9 = -7.050964
	y10 = 8.246647
	y11 = -8.386187
	y12 = -6.216731
	y13 = 10.162321
	y14 = -7.357233
	y15 = -5.119837
	y16 = 10.061675
	y17 = -5.629995
	y18 = -7.714059
	y19 = 6.886291
	y20 = -9.285004
	y21 = -5.172432
	y22 = 6.593953
	y23 = -8.999468
	y24 = -7.571178
	y25 = 11.135835
	y26 = -8.995044
	y27 = -9.128162
	y28 = 6.735002
	y29 = -11.401945
	y30 = -4.193381
	y31 = 8.834160
	y32 = -3.914266
	y33 = -6.527807
	y34 = 23.352197
	y35 = -6.193572
	y36 = -4.649889
	y37 = 25.204702
	y38 = -4.178684
	y39 = -4.279525
	y40 = 7.268962
	y41 = -5.465384
	y42 = -6.349644
	y43 = 8.158505
	y44 = -10.109274
	y45 = -4.573941
	y46 = 1.502989
	y47 = -7.432900
	y48 = -7.258948
	y49 = 12.146678
	y50 = -7.168126
	y51 = -4.775588
	y52 = 13.427427
	y53 = -5.733320
	y54 = -1.826395
	y55 = 22.314121
	y56 = -2.509124
	y57 = 0.195822
	y58 = -15.874113
	y59 = 3.043978
	y60 = 1.160204
	y61 = -10.686578
	y62 = 5.042701
	y63 = 4.546904
	y64 = -12.688837
	y65 = 1.587916
	y66 = 2.760685
	y67 = -13.169058
	y68 = 1.005068
	y69 = -6.876757
	y70 = 23.463482
	y71 = -9.560014
	y72 = -5.121810
	y73 = 9.932008
	y74 = -5.638237
	y75 = -6.264319
	y76 = 21.720930
	y77 = -6.725188
	y78 = -2.486134
	y79 = 21.286180
	y80 = 0.605036
	y81 = 7.635967
	y82 = -19.772373
	y83 = 7.635957
	y84 = 7.409272
	y85 = -16.692576
	y86 = 10.293406
	y87 = 2.562847
	y88 = -6.247511
	y89 = 3.159338
	y90 = 1.527212
	y91 = -18.140803
	y92 = 3.465877
	y93 = 1.508133
	y94 = -12.534038
	y95 = -0.161987
	y96 = -4.293001
	y97 = 14.604038
	y98 = -5.812306
	y99 = -6.571319
	y100 = 25.848741
	y101 = -6.689802
	y102 = -0.368698
	y103 = -7.058108
	y104 = 4.237330
	y105 = 12.498068
	y106 = -14.951081
	y107 = 8.890688
	y108 = 7.955868
	y109 = -17.105976
	y110 = 9.690980
	y111 = 4.592588
	y112 = -19.582871
	y113 = 6.888740
	y114 = -3.086961
	y115 = -11.860181
	y116 = 0.163203
	y117 = -5.881631
	y118 = 18.008720
	y119 = -4.639917
	y120 = -5.602553
	y121 = 11.146302
	y122 = -7.325876
	y123 = -5.468487
	y124 = 8.096181
	y125 = -3.932575
	y126 = 1.870301
	y127 = -5.042848
	y128 = 1.781956
	y129 = 4.644383
	y130 = -2.999767
	y131 = 4.125411
	y132 = 5.271399
	y133 = -6.523829
	y134 = 2.582832
	y135 = 6.811177
	y136 = -17.434361
	y137 = 0.099314
	y138 = -5.698725
	y139 = 25.295978
	y140 = -4.656179
	y141 = -2.203250
	y142 = -12.440557
	y143 = 0.307736
	y144 = -7.765477
	y145 = 5.166928
	y146 = -7.245138
	y147 = -6.007326
	y148 = 3.486632
	y149 = -3.556975
	y150 = -4.890887
	y151 = 10.381718
	y152 = -2.904466
	y153 = -1.947024
	y154 = 9.987264
	y155 = -0.209169
	y156 = -1.269135
	y157 = 8.464744
	y158 = -1.708751
	y159 = -1.245398
	y160 = 9.264025
	y161 = -2.868303
	y162 = -6.049536
	y163 = 9.214869
	y164 = -4.695103
	y165 = -7.546579
	y166 = 7.884190
	y167 = -4.942200
	y168 = -5.749225
	y169 = 4.104196
	y170 = -6.867480
	y171 = -4.792209
	y172 = 3.277000
	y173 = -6.623297
	y174 = -3.348000
	y175 = 7.189357
	y176 = -6.591191
	y177 = -3.079084
	y178 = 7.105141
	y179 = -8.186933
	y180 = -2.390173
	y181 = 5.087002
	y182 = -7.560655
	y183 = -3.861145
	y184 = 6.708934
	y185 = -6.471499
	y186 = -5.354292
	y187 = 7.178148
	y188 = -6.853643
	y189 = -8.065939
	y190 = 7.147336
	y191 = -10.391543

