InputQuery: /home/levn/Workspace/othello_world/queries/head_prove_probe_robust/game_41_target_34_eps_0.1.txt
Engine::processInputQuery: Input query (before preprocessing): 510 equations, 1277 variables
Engine::processInputQuery: Input query (after preprocessing): 766 equations, 1452 variables

Input bounds:
	x0: [  0.5303,   0.7303] 
	x1: [ -0.5505,  -0.3505] 
	x2: [  0.1223,   0.3223] 
	x3: [  3.3332,   3.5332] 
	x4: [  0.7483,   0.9483] 
	x5: [ -1.9631,  -1.7631] 
	x6: [  2.1980,   2.3980] 
	x7: [  0.7279,   0.9279] 
	x8: [ -1.9972,  -1.7972] 
	x9: [ -0.6205,  -0.4205] 
	x10: [  1.4830,   1.6830] 
	x11: [  4.1025,   4.3025] 
	x12: [ -2.5109,  -2.3109] 
	x13: [  0.0546,   0.2546] 
	x14: [  0.9078,   1.1078] 
	x15: [  0.2208,   0.4208] 
	x16: [  1.5620,   1.7620] 
	x17: [  0.8051,   1.0051] 
	x18: [ -1.4126,  -1.2126] 
	x19: [  1.7880,   1.9880] 
	x20: [  0.9982,   1.1982] 
	x21: [  2.8323,   3.0323] 
	x22: [ -2.1526,  -1.9526] 
	x23: [  2.6032,   2.8032] 
	x24: [  2.0536,   2.2536] 
	x25: [  1.6107,   1.8107] 
	x26: [  1.7071,   1.9071] 
	x27: [ -2.0212,  -1.8212] 
	x28: [  0.6980,   0.8980] 
	x29: [ -1.0117,  -0.8117] 
	x30: [ -3.6373,  -3.4373] 
	x31: [ -2.5508,  -2.3508] 
	x32: [ -2.6143,  -2.4143] 
	x33: [ -1.2162,  -1.0162] 
	x34: [  1.3589,   1.5589] 
	x35: [  1.3366,   1.5366] 
	x36: [  2.6292,   2.8292] 
	x37: [ -5.0174,  -4.8174] 
	x38: [ -0.7328,  -0.5328] 
	x39: [ -2.1640,  -1.9640] 
	x40: [  0.0169,   0.2169] 
	x41: [  0.5048,   0.7048] 
	x42: [  1.9890,   2.1890] 
	x43: [ -0.0645,   0.1355] 
	x44: [ -1.7491,  -1.5491] 
	x45: [ -1.4801,  -1.2801] 
	x46: [ -0.4046,  -0.2046] 
	x47: [ -1.2785,  -1.0785] 
	x48: [  2.4422,   2.6422] 
	x49: [  0.4674,   0.6674] 
	x50: [  0.6930,   0.8930] 
	x51: [  1.4383,   1.6383] 
	x52: [  1.0044,   1.2044] 
	x53: [ -0.8351,  -0.6351] 
	x54: [  2.0215,   2.2215] 
	x55: [  1.8587,   2.0587] 
	x56: [  0.4819,   0.6819] 
	x57: [  0.3518,   0.5518] 
	x58: [  0.1902,   0.3902] 
	x59: [  2.0695,   2.2695] 
	x60: [ -1.0791,  -0.8791] 
	x61: [ -1.2367,  -1.0367] 
	x62: [ -0.5476,  -0.3476] 
	x63: [ -0.0747,   0.1253] 
	x64: [ -0.5214,  -0.3214] 
	x65: [ -0.3033,  -0.1033] 
	x66: [ -1.0864,  -0.8864] 
	x67: [ -0.3103,  -0.1103] 
	x68: [  0.9802,   1.1802] 
	x69: [  0.6999,   0.8999] 
	x70: [  0.0455,   0.2455] 
	x71: [ -1.7154,  -1.5154] 
	x72: [ -0.7751,  -0.5751] 
	x73: [  0.5206,   0.7206] 
	x74: [  2.4626,   2.6626] 
	x75: [ -3.2764,  -3.0764] 
	x76: [  0.1455,   0.3455] 
	x77: [  0.8996,   1.0996] 
	x78: [  1.4984,   1.6984] 
	x79: [  0.5984,   0.7984] 
	x80: [ -0.2779,  -0.0779] 
	x81: [ -0.5860,  -0.3860] 
	x82: [ -2.4247,  -2.2247] 
	x83: [  1.4345,   1.6345] 
	x84: [  1.7367,   1.9367] 
	x85: [ -1.2054,  -1.0054] 
	x86: [  1.7222,   1.9222] 
	x87: [ -0.0560,   0.1440] 
	x88: [ -1.0437,  -0.8437] 
	x89: [  1.1614,   1.3614] 
	x90: [ -0.3506,  -0.1506] 
	x91: [  1.3827,   1.5827] 
	x92: [ -0.3792,  -0.1792] 
	x93: [ -0.8327,  -0.6327] 
	x94: [ -1.1367,  -0.9367] 
	x95: [  5.3489,   5.5489] 
	x96: [ -0.1589,   0.0411] 
	x97: [  1.5205,   1.7205] 
	x98: [ -0.3958,  -0.1958] 
	x99: [ -2.7208,  -2.5208] 
	x100: [  0.9789,   1.1789] 
	x101: [ -2.9458,  -2.7458] 
	x102: [  1.5213,   1.7213] 
	x103: [ -1.6564,  -1.4564] 
	x104: [ -2.6096,  -2.4096] 
	x105: [ -3.1941,  -2.9941] 
	x106: [ -2.5453,  -2.3453] 
	x107: [ -1.4007,  -1.2007] 
	x108: [  0.4785,   0.6785] 
	x109: [  2.6281,   2.8281] 
	x110: [ -2.2056,  -2.0056] 
	x111: [ -3.8677,  -3.6677] 
	x112: [ -4.0624,  -3.8624] 
	x113: [  2.0097,   2.2097] 
	x114: [ -0.6489,  -0.4489] 
	x115: [ -1.1160,  -0.9160] 
	x116: [ -0.0474,   0.1526] 
	x117: [ -2.1347,  -1.9347] 
	x118: [  2.1403,   2.3403] 
	x119: [  0.5206,   0.7206] 
	x120: [  5.0082,   5.2082] 
	x121: [  3.5960,   3.7960] 
	x122: [ -3.7737,  -3.5737] 
	x123: [  2.6836,   2.8836] 
	x124: [  0.1793,   0.3793] 
	x125: [ -3.5817,  -3.3817] 
	x126: [ -0.2806,  -0.0806] 
	x127: [ -0.3314,  -0.1314] 
	x128: [  0.0876,   0.2876] 
	x129: [  0.0526,   0.2526] 
	x130: [ -1.5844,  -1.3844] 
	x131: [ -0.1912,   0.0088] 
	x132: [ -0.3345,  -0.1345] 
	x133: [  1.3172,   1.5172] 
	x134: [ -0.4017,  -0.2017] 
	x135: [  0.1671,   0.3671] 
	x136: [  0.5954,   0.7954] 
	x137: [  1.9285,   2.1285] 
	x138: [ -0.1159,   0.0841] 
	x139: [  1.6083,   1.8083] 
	x140: [  1.4177,   1.6177] 
	x141: [ -0.3708,  -0.1708] 
	x142: [  0.1411,   0.3411] 
	x143: [  3.8021,   4.0021] 
	x144: [ -1.7739,  -1.5739] 
	x145: [ -1.4460,  -1.2460] 
	x146: [  0.1797,   0.3797] 
	x147: [ -2.0086,  -1.8086] 
	x148: [  1.1286,   1.3286] 
	x149: [  2.7403,   2.9403] 
	x150: [ -3.8751,  -3.6751] 
	x151: [  1.6364,   1.8364] 
	x152: [ -0.0120,   0.1880] 
	x153: [ -1.6269,  -1.4269] 
	x154: [ -2.9501,  -2.7501] 
	x155: [  4.8723,   5.0723] 
	x156: [ -0.5351,  -0.3351] 
	x157: [ -0.2922,  -0.0922] 
	x158: [ -3.5337,  -3.3337] 
	x159: [  0.0977,   0.2977] 
	x160: [ -0.7288,  -0.5288] 
	x161: [ -0.5459,  -0.3459] 
	x162: [  3.0499,   3.2499] 
	x163: [  0.0790,   0.2790] 
	x164: [ -1.2458,  -1.0458] 
	x165: [ -0.9757,  -0.7757] 
	x166: [ -0.6166,  -0.4166] 
	x167: [  0.7583,   0.9583] 
	x168: [  1.6712,   1.8712] 
	x169: [ -0.4192,  -0.2192] 
	x170: [ -1.6879,  -1.4879] 
	x171: [  1.0912,   1.2912] 
	x172: [  0.9413,   1.1413] 
	x173: [  1.1220,   1.3220] 
	x174: [  1.5866,   1.7866] 
	x175: [ -0.8554,  -0.6554] 
	x176: [ -4.1126,  -3.9126] 
	x177: [ -1.3914,  -1.1914] 
	x178: [ -0.9114,  -0.7114] 
	x179: [ -1.9872,  -1.7872] 
	x180: [ -0.4247,  -0.2247] 
	x181: [  1.0996,   1.2996] 
	x182: [ -1.5458,  -1.3458] 
	x183: [ -1.6910,  -1.4910] 
	x184: [ -1.0142,  -0.8142] 
	x185: [ -0.8194,  -0.6194] 
	x186: [  2.8103,   3.0103] 
	x187: [  2.4926,   2.6926] 
	x188: [  0.8115,   1.0115] 
	x189: [ -0.0158,   0.1842] 
	x190: [ -0.5054,  -0.3054] 
	x191: [ -0.0245,   0.1755] 
	x192: [  0.3646,   0.5646] 
	x193: [  1.4136,   1.6136] 
	x194: [  1.1973,   1.3973] 
	x195: [ -1.5456,  -1.3456] 
	x196: [  0.0439,   0.2439] 
	x197: [ -2.0932,  -1.8932] 
	x198: [ -1.1277,  -0.9277] 
	x199: [  1.0904,   1.2904] 
	x200: [  1.0130,   1.2130] 
	x201: [  2.9725,   3.1725] 
	x202: [ -0.2595,  -0.0595] 
	x203: [ -1.5869,  -1.3869] 
	x204: [ -2.6408,  -2.4408] 
	x205: [  0.6237,   0.8237] 
	x206: [ -0.4338,  -0.2338] 
	x207: [ -0.0917,   0.1083] 
	x208: [  0.0225,   0.2225] 
	x209: [  0.1511,   0.3511] 
	x210: [ -2.4268,  -2.2268] 
	x211: [ -1.9661,  -1.7661] 
	x212: [  1.6601,   1.8601] 
	x213: [ -1.4501,  -1.2501] 
	x214: [  1.1737,   1.3737] 
	x215: [  0.5360,   0.7360] 
	x216: [ -0.6063,  -0.4063] 
	x217: [ -0.6148,  -0.4148] 
	x218: [ -1.4020,  -1.2020] 
	x219: [ -1.7615,  -1.5615] 
	x220: [ -1.8440,  -1.6440] 
	x221: [ -3.3437,  -3.1437] 
	x222: [  0.7641,   0.9641] 
	x223: [ -1.7430,  -1.5430] 
	x224: [ -1.1564,  -0.9564] 
	x225: [  0.7644,   0.9644] 
	x226: [ -3.1499,  -2.9499] 
	x227: [ -2.1559,  -1.9559] 
	x228: [ -0.8452,  -0.6452] 
	x229: [ -0.5685,  -0.3685] 
	x230: [  3.2314,   3.4314] 
	x231: [ -2.7343,  -2.5343] 
	x232: [  2.4179,   2.6179] 
	x233: [ -0.5178,  -0.3178] 
	x234: [  1.0049,   1.2049] 
	x235: [ -0.4797,  -0.2797] 
	x236: [  2.4461,   2.6461] 
	x237: [  0.4779,   0.6779] 
	x238: [  0.1717,   0.3717] 
	x239: [  3.3390,   3.5390] 
	x240: [  1.8842,   2.0842] 
	x241: [ -2.4590,  -2.2590] 
	x242: [ -2.5246,  -2.3246] 
	x243: [  0.8903,   1.0903] 
	x244: [  1.4413,   1.6413] 
	x245: [  1.4538,   1.6538] 
	x246: [  0.6514,   0.8514] 
	x247: [ -4.6276,  -4.4276] 
	x248: [ -1.6427,  -1.4427] 
	x249: [  3.6735,   3.8735] 
	x250: [  0.8228,   1.0228] 
	x251: [ -1.3114,  -1.1114] 
	x252: [  0.0488,   0.2488] 
	x253: [ -2.4777,  -2.2777] 
	x254: [ -1.9739,  -1.7739] 
	x255: [  1.7733,   1.9733] 
	x256: [  0.4515,   0.6515] 
	x257: [ -1.2528,  -1.0528] 
	x258: [  0.5503,   0.7503] 
	x259: [ -0.6265,  -0.4265] 
	x260: [ -2.4484,  -2.2484] 
	x261: [ -0.2151,  -0.0151] 
	x262: [  2.5601,   2.7601] 
	x263: [  1.7111,   1.9111] 
	x264: [  0.4985,   0.6985] 
	x265: [ -0.5392,  -0.3392] 
	x266: [ -2.7155,  -2.5155] 
	x267: [  2.0941,   2.2941] 
	x268: [ -4.4458,  -4.2458] 
	x269: [  1.7744,   1.9744] 
	x270: [  3.3023,   3.5023] 
	x271: [  0.3469,   0.5469] 
	x272: [ -1.8222,  -1.6222] 
	x273: [ -0.0398,   0.1602] 
	x274: [ -2.2366,  -2.0366] 
	x275: [  4.2578,   4.4578] 
	x276: [  0.6195,   0.8195] 
	x277: [ -1.9887,  -1.7887] 
	x278: [ -0.6860,  -0.4860] 
	x279: [  1.9179,   2.1179] 
	x280: [  0.0179,   0.2179] 
	x281: [ -0.1224,   0.0776] 
	x282: [ -0.8427,  -0.6427] 
	x283: [  0.9752,   1.1752] 
	x284: [ -2.9454,  -2.7454] 
	x285: [ -0.9492,  -0.7492] 
	x286: [ -1.6146,  -1.4146] 
	x287: [  0.2115,   0.4115] 
	x288: [ -2.9140,  -2.7140] 
	x289: [  3.1174,   3.3174] 
	x290: [ -1.3780,  -1.1780] 
	x291: [  2.2107,   2.4107] 
	x292: [ -0.2556,  -0.0556] 
	x293: [ -0.8927,  -0.6927] 
	x294: [  0.5374,   0.7374] 
	x295: [ -1.5332,  -1.3332] 
	x296: [ -1.1020,  -0.9020] 
	x297: [ -0.1421,   0.0579] 
	x298: [ -3.8328,  -3.6328] 
	x299: [ -2.1878,  -1.9878] 
	x300: [ -0.2974,  -0.0974] 
	x301: [  0.9281,   1.1281] 
	x302: [  1.9770,   2.1770] 
	x303: [ -0.6096,  -0.4096] 
	x304: [ -2.7472,  -2.5472] 
	x305: [  0.3242,   0.5242] 
	x306: [ -1.4863,  -1.2863] 
	x307: [ -1.5774,  -1.3774] 
	x308: [ -1.3875,  -1.1875] 
	x309: [ -0.7714,  -0.5714] 
	x310: [  0.7783,   0.9783] 
	x311: [ -0.1921,   0.0079] 
	x312: [  1.0641,   1.2641] 
	x313: [ -2.7370,  -2.5370] 
	x314: [ -3.4470,  -3.2470] 
	x315: [  0.7541,   0.9541] 
	x316: [ -0.5242,  -0.3242] 
	x317: [ -1.5454,  -1.3454] 
	x318: [  1.6435,   1.8435] 
	x319: [  0.9806,   1.1806] 
	x320: [ -1.6340,  -1.4340] 
	x321: [  3.6311,   3.8311] 
	x322: [ -1.4857,  -1.2857] 
	x323: [  0.9272,   1.1272] 
	x324: [ -1.2774,  -1.0774] 
	x325: [ -1.1181,  -0.9181] 
	x326: [  1.0692,   1.2692] 
	x327: [  0.5867,   0.7867] 
	x328: [ -1.5701,  -1.3701] 
	x329: [  0.4001,   0.6001] 
	x330: [  1.0112,   1.2112] 
	x331: [  1.8195,   2.0195] 
	x332: [  0.0044,   0.2044] 
	x333: [ -0.5153,  -0.3153] 
	x334: [ -1.0111,  -0.8111] 
	x335: [ -2.5433,  -2.3433] 
	x336: [ -0.6837,  -0.4837] 
	x337: [  0.0894,   0.2894] 
	x338: [ -0.3074,  -0.1074] 
	x339: [  0.2641,   0.4641] 
	x340: [ -1.0957,  -0.8957] 
	x341: [  0.0867,   0.2867] 
	x342: [  0.7323,   0.9323] 
	x343: [  1.3225,   1.5225] 
	x344: [  2.2126,   2.4126] 
	x345: [ -1.1679,  -0.9679] 
	x346: [  1.9301,   2.1301] 
	x347: [ -0.8235,  -0.6235] 
	x348: [ -1.6308,  -1.4308] 
	x349: [  0.6521,   0.8521] 
	x350: [ -0.9622,  -0.7622] 
	x351: [  1.6305,   1.8305] 
	x352: [ -0.4543,  -0.2543] 
	x353: [  0.6980,   0.8981] 
	x354: [  1.9527,   2.1527] 
	x355: [  0.6253,   0.8253] 
	x356: [  0.8326,   1.0326] 
	x357: [ -1.9608,  -1.7608] 
	x358: [ -0.6520,  -0.4520] 
	x359: [ -0.0182,   0.1818] 
	x360: [ -2.4538,  -2.2538] 
	x361: [  0.4933,   0.6933] 
	x362: [  1.2013,   1.4013] 
	x363: [  1.0965,   1.2965] 
	x364: [ -1.3964,  -1.1964] 
	x365: [  0.4753,   0.6753] 
	x366: [ -1.1269,  -0.9269] 
	x367: [  0.7393,   0.9393] 
	x368: [  1.8780,   2.0780] 
	x369: [ -1.2011,  -1.0011] 
	x370: [  0.1187,   0.3187] 
	x371: [ -1.7398,  -1.5398] 
	x372: [ -0.7289,  -0.5289] 
	x373: [  1.2122,   1.4122] 
	x374: [ -0.9058,  -0.7058] 
	x375: [ -1.2040,  -1.0040] 
	x376: [  1.5151,   1.7151] 
	x377: [ -0.2327,  -0.0327] 
	x378: [  1.3937,   1.5937] 
	x379: [ -2.0674,  -1.8674] 
	x380: [ -1.1291,  -0.9291] 
	x381: [ -0.7850,  -0.5850] 
	x382: [ -1.0834,  -0.8834] 
	x383: [  0.2821,   0.4821] 
	x384: [  0.6740,   0.8740] 
	x385: [  0.2202,   0.4202] 
	x386: [  0.3589,   0.5589] 
	x387: [ -1.0570,  -0.8570] 
	x388: [ -1.9570,  -1.7570] 
	x389: [ -1.7075,  -1.5075] 
	x390: [ -2.0631,  -1.8631] 
	x391: [ -0.8067,  -0.6067] 
	x392: [ -0.9358,  -0.7358] 
	x393: [  1.4677,   1.6677] 
	x394: [ -0.8643,  -0.6643] 
	x395: [  4.2792,   4.4792] 
	x396: [ -2.6277,  -2.4277] 
	x397: [ -2.8366,  -2.6366] 
	x398: [ -5.6341,  -5.4341] 
	x399: [  0.2371,   0.4371] 
	x400: [ -1.4505,  -1.2505] 
	x401: [ -4.1786,  -3.9786] 
	x402: [ -0.7847,  -0.5847] 
	x403: [  0.6940,   0.8940] 
	x404: [  0.9031,   1.1031] 
	x405: [  4.9152,   5.1152] 
	x406: [ -1.6172,  -1.4172] 
	x407: [ -0.2175,  -0.0175] 
	x408: [  1.3559,   1.5559] 
	x409: [  0.9298,   1.1298] 
	x410: [ -0.5424,  -0.3424] 
	x411: [ -1.3391,  -1.1391] 
	x412: [  0.0144,   0.2144] 
	x413: [  2.4467,   2.6467] 
	x414: [  0.8594,   1.0594] 
	x415: [  0.8521,   1.0521] 
	x416: [ -3.9770,  -3.7770] 
	x417: [ -2.1311,  -1.9311] 
	x418: [ -0.7207,  -0.5207] 
	x419: [ -1.9491,  -1.7491] 
	x420: [ -1.2799,  -1.0799] 
	x421: [  1.2649,   1.4649] 
	x422: [ -1.8648,  -1.6648] 
	x423: [  2.1125,   2.3125] 
	x424: [ -2.4612,  -2.2612] 
	x425: [  0.6440,   0.8440] 
	x426: [  3.3577,   3.5577] 
	x427: [  0.7738,   0.9738] 
	x428: [  1.2565,   1.4565] 
	x429: [  2.1457,   2.3457] 
	x430: [ -0.5913,  -0.3913] 
	x431: [ -0.2853,  -0.0853] 
	x432: [  0.4830,   0.6830] 
	x433: [ -2.5560,  -2.3560] 
	x434: [ -1.7575,  -1.5575] 
	x435: [ -0.0439,   0.1561] 
	x436: [ -0.8842,  -0.6842] 
	x437: [  3.4427,   3.6427] 
	x438: [  2.2469,   2.4469] 
	x439: [  0.7619,   0.9619] 
	x440: [ -0.4236,  -0.2236] 
	x441: [ -0.7231,  -0.5231] 
	x442: [ -1.5379,  -1.3379] 
	x443: [ -3.0187,  -2.8187] 
	x444: [  1.3854,   1.5854] 
	x445: [  0.5939,   0.7939] 
	x446: [ -0.2604,  -0.0604] 
	x447: [  1.0653,   1.2653] 
	x448: [ -2.2469,  -2.0469] 
	x449: [  1.0730,   1.2730] 
	x450: [  0.7252,   0.9252] 
	x451: [ -1.4766,  -1.2766] 
	x452: [ -2.3292,  -2.1292] 
	x453: [  1.8443,   2.0443] 
	x454: [  2.4723,   2.6723] 
	x455: [  1.9303,   2.1303] 
	x456: [ -1.2940,  -1.0940] 
	x457: [ -1.6265,  -1.4265] 
	x458: [ -2.1549,  -1.9549] 
	x459: [  0.2003,   0.4003] 
	x460: [ -0.1832,   0.0168] 
	x461: [  1.0113,   1.2113] 
	x462: [  0.3360,   0.5360] 
	x463: [  3.4231,   3.6231] 
	x464: [ -0.2775,  -0.0775] 
	x465: [ -0.7560,  -0.5560] 
	x466: [ -0.7018,  -0.5018] 
	x467: [  0.4828,   0.6828] 
	x468: [ -0.7029,  -0.5029] 
	x469: [  0.7837,   0.9837] 
	x470: [ -1.0362,  -0.8362] 
	x471: [ -0.9131,  -0.7131] 
	x472: [ -0.7945,  -0.5945] 
	x473: [  1.5583,   1.7583] 
	x474: [  1.8200,   2.0200] 
	x475: [  2.1413,   2.3413] 
	x476: [ -1.7176,  -1.5176] 
	x477: [  1.5068,   1.7068] 
	x478: [  1.0642,   1.2642] 
	x479: [ -0.6909,  -0.4909] 
	x480: [ -1.6953,  -1.4953] 
	x481: [  1.7830,   1.9830] 
	x482: [  1.5040,   1.7040] 
	x483: [ -1.3528,  -1.1528] 
	x484: [  2.3643,   2.5643] 
	x485: [ -1.2530,  -1.0530] 
	x486: [  0.1375,   0.3375] 
	x487: [  0.5650,   0.7650] 
	x488: [ -0.9421,  -0.7421] 
	x489: [ -1.8369,  -1.6369] 
	x490: [ -1.4606,  -1.2606] 
	x491: [  2.5842,   2.7842] 
	x492: [  0.1335,   0.3335] 
	x493: [  0.7537,   0.9537] 
	x494: [  0.3272,   0.5272] 
	x495: [  0.0419,   0.2419] 
	x496: [  2.2495,   2.4495] 
	x497: [  0.0331,   0.2331] 
	x498: [  4.2730,   4.4730] 
	x499: [  0.2290,   0.4290] 
	x500: [  0.2955,   0.4955] 
	x501: [ -2.3885,  -2.1885] 
	x502: [  0.3938,   0.5938] 
	x503: [ -3.4038,  -3.2038] 
	x504: [ -1.9488,  -1.7488] 
	x505: [  0.8721,   1.0721] 
	x506: [  1.7211,   1.9211] 
	x507: [  0.8562,   1.0562] 
	x508: [  1.6972,   1.8972] 
	x509: [  0.4177,   0.6177] 
	x510: [ -3.8943,  -3.6943] 
	x511: [ -0.0867,   0.1133] 

Branching heuristics set to PseudoImpact

Engine::solve: Initial statistics

02:31:56 Statistics update:
	--- Time Statistics ---
	Total time elapsed: 1516 milli (00:00:01)
		Main loop: 0 milli (00:00:00)
		Preprocessing time: 743 milli (00:00:00)
		Unknown: 773 milli (00:00:00)
	Breakdown for main loop:
		[0.00%] Simplex steps: 0 milli
		[0.00%] Explicit-basis bound tightening: 0 milli
		[0.00%] Constraint-matrix bound tightening: 0 milli
		[0.00%] Degradation checking: 0 milli
		[0.00%] Precision restoration: 0 milli
		[0.00%] Statistics handling: 0 milli
		[0.00%] Constraint-fixing steps: 0 milli
		[0.00%] Valid case splits: 0 milli. Average per split: 0.00 milli
		[0.00%] Applying stored bound-tightening: 0 milli
		[0.00%] SMT core: 0 milli
		[0.00%] Symbolic Bound Tightening: 44 milli
		[0.00%] SoI-based local search: 0 milli
		[0.00%] SoI-based local search: 0 milli
		[0.00%] Unaccounted for: 0 milli
	--- Preprocessor Statistics ---
	Number of preprocessor bound-tightening loop iterations: 3
	Number of eliminated variables: 82
	Number of constraints removed due to variable elimination: 82
	Number of equations removed due to variable elimination: 0
	--- Engine Statistics ---
	Number of main loop iterations: 1
		0 iterations were simplex steps. Total time: 0 milli. Average: 0.00 milli.
		0 iterations were constraint-fixing steps. Total time: 0 milli. Average: 0.00 milli
	Number of active piecewise-linear constraints: 174 / 174
		Constraints disabled by valid splits: 0. By SMT-originated splits: 0
	Last reported degradation: 0.0000000000. Max degradation so far: 0.0000000000. Restorations so far: 0
	Number of simplex pivots we attempted to skip because of instability: 0.
	Unstable pivots performed anyway: 0
	--- Tableau Statistics ---
	Total number of pivots performed: 0
		Real pivots: 0. Degenerate: 0 (0.00%)
		Degenerate pivots by request (e.g., to fix a PL constraint): 0 (0.00%)
		Average time per pivot: 0.00 milli
	Total number of fake pivots performed: 0
	Total number of rows added: 0. Number of merged columns: 0
	Current tableau dimensions: M = 766, N = 2218
	--- SMT Core Statistics ---
	Total depth is 0. Total visited states: 1. Number of splits: 0. Number of pops: 0
	Max stack depth: 0
	--- Bound Tightening Statistics ---
	Number of tightened bounds: 0.
		Number of rows examined by row tightener: 0. Consequent tightenings: 0
		Number of explicit basis matrices examined by row tightener: 0. Consequent tightenings: 0
		Number of bound tightening rounds on the entire constraint matrix: 0. Consequent tightenings: 0
		Number of bound notifications sent to PL constraints: 1044. Tightenings proposed: 0
	--- Basis Factorization statistics ---
	Number of basis refactorizations: 2
	--- Projected Steepest Edge Statistics ---
	Number of iterations: 0.
	Number of resets to reference space: 1. Avg. iterations per reset: 0
	--- SBT ---
	Number of tightened bounds: 385
	--- SoI-based local search ---
	Number of proposed phase pattern update: 0. Number of accepted update: 0 [0.00%]
	Total time (% of local search time) updating SoI phase pattern : 0 milli [0.00%]
	Total time obtaining current assignment: 0 milli [0.00%]
	Total time getting SoI phase pattern : 0 milli [0.00%]
	--- Context dependent statistics ---
	Number of pushes / pops: 0 / 0
		[0.00%] Pre-Push hook: 0 milli
		[0.00%] Push : 0 milli
		[0.00%] Post-Pop hook: 0 milli
		[0.00%] Pop : 0 milli
		[0.00%] Total context-switching time: 0 milli
	--- Proof Certificate ---
	Number of certified leaves: 0
	Number of leaves to delegate: 0

---

02:34:57 Statistics update:
	--- Time Statistics ---
	Total time elapsed: 182813 milli (00:03:02)
		Main loop: 181296 milli (00:03:01)
		Preprocessing time: 743 milli (00:00:00)
		Unknown: 773 milli (00:00:00)
	Breakdown for main loop:
		[83.33%] Simplex steps: 151079 milli
		[13.52%] Explicit-basis bound tightening: 24505 milli
		[0.00%] Constraint-matrix bound tightening: 0 milli
		[0.50%] Degradation checking: 912 milli
		[0.00%] Precision restoration: 0 milli
		[0.39%] Statistics handling: 712 milli
		[0.00%] Constraint-fixing steps: 0 milli
		[0.01%] Valid case splits: 25 milli. Average per split: 0.00 milli
		[0.01%] Applying stored bound-tightening: 12 milli
		[0.12%] SMT core: 211 milli
		[1.44%] Symbolic Bound Tightening: 2602 milli
		[58.74%] SoI-based local search: 106492 milli
		[0.00%] SoI-based local search: 0 milli
		[0.68%] Unaccounted for: 1233 milli
	--- Preprocessor Statistics ---
	Number of preprocessor bound-tightening loop iterations: 3
	Number of eliminated variables: 82
	Number of constraints removed due to variable elimination: 82
	Number of equations removed due to variable elimination: 0
	--- Engine Statistics ---
	Number of main loop iterations: 10000
		9838 iterations were simplex steps. Total time: 151079 milli. Average: 15.36 milli.
		0 iterations were constraint-fixing steps. Total time: 0 milli. Average: 0.00 milli
	Number of active piecewise-linear constraints: 101 / 174
		Constraints disabled by valid splits: 0. By SMT-originated splits: 73
	Last reported degradation: 0.0000003718. Max degradation so far: 0.0000000000. Restorations so far: 0
	Number of simplex pivots we attempted to skip because of instability: 0.
	Unstable pivots performed anyway: 0
	--- Tableau Statistics ---
	Total number of pivots performed: 8493
		Real pivots: 8490. Degenerate: 3 (0.04%)
		Degenerate pivots by request (e.g., to fix a PL constraint): 0 (0.00%)
		Average time per pivot: 1.94 milli
	Total number of fake pivots performed: 671
	Total number of rows added: 0. Number of merged columns: 0
	Current tableau dimensions: M = 766, N = 2218
	--- SMT Core Statistics ---
	Total depth is 73. Total visited states: 84. Number of splits: 77. Number of pops: 6
	Max stack depth: 75
	--- Bound Tightening Statistics ---
	Number of tightened bounds: 16569.
		Number of rows examined by row tightener: 8493. Consequent tightenings: 5
		Number of explicit basis matrices examined by row tightener: 10. Consequent tightenings: 309
		Number of bound tightening rounds on the entire constraint matrix: 0. Consequent tightenings: 0
		Number of bound notifications sent to PL constraints: 2265. Tightenings proposed: 0
	--- Basis Factorization statistics ---
	Number of basis refactorizations: 69
	--- Projected Steepest Edge Statistics ---
	Number of iterations: 9164.
	Number of resets to reference space: 16. Avg. iterations per reset: 572
	--- SBT ---
	Number of tightened bounds: 16954
	--- SoI-based local search ---
	Number of proposed phase pattern update: 261. Number of accepted update: 184 [70.50%]
	Total time (% of local search time) updating SoI phase pattern : 136445 milli [0.13%]
	Total time obtaining current assignment: 647243 milli [0.61%]
	Total time getting SoI phase pattern : 74105 milli [0.04%]
	--- Context dependent statistics ---
	Number of pushes / pops: 83 / 10
		[0.06%] Pre-Push hook: 112 milli
		[0.00%] Push : 0 milli
		[0.00%] Post-Pop hook: 5 milli
		[0.00%] Pop : 3 milli
		[0.07%] Total context-switching time: 121 milli
	--- Proof Certificate ---
	Number of certified leaves: 0
	Number of leaves to delegate: 0


Engine: quitting due to timeout...

Final statistics:

02:36:55 Statistics update:
	--- Time Statistics ---
	Total time elapsed: 301115 milli (00:05:01)
		Main loop: 299597 milli (00:04:59)
		Preprocessing time: 743 milli (00:00:00)
		Unknown: 774 milli (00:00:00)
	Breakdown for main loop:
		[79.09%] Simplex steps: 236939 milli
		[17.77%] Explicit-basis bound tightening: 53234 milli
		[0.00%] Constraint-matrix bound tightening: 0 milli
		[0.42%] Degradation checking: 1267 milli
		[0.00%] Precision restoration: 0 milli
		[0.36%] Statistics handling: 1083 milli
		[0.00%] Constraint-fixing steps: 0 milli
		[0.01%] Valid case splits: 33 milli. Average per split: 0.00 milli
		[0.01%] Applying stored bound-tightening: 17 milli
		[0.20%] SMT core: 584 milli
		[1.44%] Symbolic Bound Tightening: 4316 milli
		[55.06%] SoI-based local search: 164951 milli
		[0.00%] SoI-based local search: 0 milli
		[0.71%] Unaccounted for: 2120 milli
	--- Preprocessor Statistics ---
	Number of preprocessor bound-tightening loop iterations: 3
	Number of eliminated variables: 82
	Number of constraints removed due to variable elimination: 82
	Number of equations removed due to variable elimination: 0
	--- Engine Statistics ---
	Number of main loop iterations: 15062
		14811 iterations were simplex steps. Total time: 236939 milli. Average: 16.00 milli.
		0 iterations were constraint-fixing steps. Total time: 0 milli. Average: 0.00 milli
	Number of active piecewise-linear constraints: 109 / 174
		Constraints disabled by valid splits: 0. By SMT-originated splits: 65
	Last reported degradation: 0.0000003889. Max degradation so far: 0.0000884285. Restorations so far: 0
	Number of simplex pivots we attempted to skip because of instability: 0.
	Unstable pivots performed anyway: 0
	--- Tableau Statistics ---
	Total number of pivots performed: 12983
		Real pivots: 12972. Degenerate: 11 (0.08%)
		Degenerate pivots by request (e.g., to fix a PL constraint): 0 (0.00%)
		Average time per pivot: 2.09 milli
	Total number of fake pivots performed: 771
	Total number of rows added: 0. Number of merged columns: 0
	Current tableau dimensions: M = 766, N = 2218
	--- SMT Core Statistics ---
	Total depth is 65. Total visited states: 147. Number of splits: 105. Number of pops: 41
	Max stack depth: 78
	--- Bound Tightening Statistics ---
	Number of tightened bounds: 28913.
		Number of rows examined by row tightener: 12983. Consequent tightenings: 152
		Number of explicit basis matrices examined by row tightener: 22. Consequent tightenings: 396
		Number of bound tightening rounds on the entire constraint matrix: 0. Consequent tightenings: 0
		Number of bound notifications sent to PL constraints: 2653. Tightenings proposed: 0
	--- Basis Factorization statistics ---
	Number of basis refactorizations: 109
	--- Projected Steepest Edge Statistics ---
	Number of iterations: 13754.
	Number of resets to reference space: 54. Avg. iterations per reset: 254
	--- SBT ---
	Number of tightened bounds: 29298
	--- SoI-based local search ---
	Number of proposed phase pattern update: 424. Number of accepted update: 319 [75.24%]
	Total time (% of local search time) updating SoI phase pattern : 202348 milli [0.12%]
	Total time obtaining current assignment: 1100521 milli [0.67%]
	Total time getting SoI phase pattern : 115400 milli [0.04%]
	--- Context dependent statistics ---
	Number of pushes / pops: 146 / 81
		[0.04%] Pre-Push hook: 128 milli
		[0.00%] Push : 0 milli
		[0.01%] Post-Pop hook: 28 milli
		[0.01%] Pop : 37 milli
		[0.06%] Total context-switching time: 194 milli
	--- Proof Certificate ---
	Number of certified leaves: 0
	Number of leaves to delegate: 0
Timeout
