InputQuery: /home/levn/Workspace/othello_world/queries/head_prove_probe_robust/game_90_target_27_eps_0.1.txt
Engine::processInputQuery: Input query (before preprocessing): 510 equations, 1277 variables
Engine::processInputQuery: Input query (after preprocessing): 766 equations, 1419 variables

Input bounds:
	x0: [ -0.4166,  -0.2166] 
	x1: [ -2.1620,  -1.9620] 
	x2: [ -0.9934,  -0.7934] 
	x3: [  3.1027,   3.3027] 
	x4: [  1.8273,   2.0273] 
	x5: [ -3.0417,  -2.8417] 
	x6: [  1.9838,   2.1838] 
	x7: [  3.3039,   3.5039] 
	x8: [ -2.6593,  -2.4593] 
	x9: [  1.1068,   1.3068] 
	x10: [  2.1289,   2.3289] 
	x11: [ -1.0733,  -0.8733] 
	x12: [  0.4414,   0.6414] 
	x13: [ -0.1844,   0.0156] 
	x14: [ -0.2537,  -0.0537] 
	x15: [ -1.4682,  -1.2682] 
	x16: [ -1.0134,  -0.8134] 
	x17: [  0.2217,   0.4217] 
	x18: [  0.2546,   0.4546] 
	x19: [  2.7522,   2.9522] 
	x20: [  1.3302,   1.5302] 
	x21: [  0.5276,   0.7276] 
	x22: [  1.2339,   1.4339] 
	x23: [  1.5256,   1.7256] 
	x24: [  0.4380,   0.6380] 
	x25: [ -1.5935,  -1.3935] 
	x26: [  3.2822,   3.4822] 
	x27: [ -2.3933,  -2.1933] 
	x28: [  2.5114,   2.7114] 
	x29: [ -1.0432,  -0.8432] 
	x30: [  0.2175,   0.4175] 
	x31: [ -3.3913,  -3.1913] 
	x32: [ -2.5994,  -2.3994] 
	x33: [ -1.4846,  -1.2846] 
	x34: [ -0.1456,   0.0544] 
	x35: [ -1.4355,  -1.2355] 
	x36: [ -2.3852,  -2.1852] 
	x37: [ -0.0897,   0.1103] 
	x38: [ -1.3110,  -1.1110] 
	x39: [ -4.5325,  -4.3325] 
	x40: [  0.6792,   0.8792] 
	x41: [  1.0821,   1.2821] 
	x42: [  1.3347,   1.5347] 
	x43: [ -0.4155,  -0.2155] 
	x44: [  2.3792,   2.5792] 
	x45: [ -0.7392,  -0.5392] 
	x46: [ -1.4063,  -1.2063] 
	x47: [  1.5883,   1.7883] 
	x48: [  3.3735,   3.5735] 
	x49: [  1.1442,   1.3442] 
	x50: [ -2.3561,  -2.1561] 
	x51: [ -1.1379,  -0.9379] 
	x52: [  0.3565,   0.5565] 
	x53: [ -1.5754,  -1.3754] 
	x54: [  0.4069,   0.6069] 
	x55: [  3.8784,   4.0784] 
	x56: [ -2.7553,  -2.5553] 
	x57: [ -2.2940,  -2.0940] 
	x58: [ -1.8754,  -1.6754] 
	x59: [  0.2172,   0.4172] 
	x60: [ -0.0113,   0.1887] 
	x61: [ -0.5592,  -0.3592] 
	x62: [ -1.0534,  -0.8534] 
	x63: [ -3.6525,  -3.4525] 
	x64: [  0.4568,   0.6568] 
	x65: [ -2.4478,  -2.2479] 
	x66: [ -1.5186,  -1.3186] 
	x67: [ -1.2197,  -1.0197] 
	x68: [  2.7185,   2.9185] 
	x69: [  1.6250,   1.8250] 
	x70: [ -0.2214,  -0.0214] 
	x71: [  2.2356,   2.4356] 
	x72: [ -1.6900,  -1.4900] 
	x73: [ -1.2501,  -1.0501] 
	x74: [  1.2326,   1.4326] 
	x75: [ -0.7688,  -0.5688] 
	x76: [  0.5072,   0.7072] 
	x77: [  0.0079,   0.2079] 
	x78: [ -1.3359,  -1.1359] 
	x79: [ -0.4568,  -0.2568] 
	x80: [ -0.1326,   0.0674] 
	x81: [ -1.2331,  -1.0331] 
	x82: [  0.2104,   0.4104] 
	x83: [ -1.6989,  -1.4989] 
	x84: [ -0.8615,  -0.6615] 
	x85: [  0.7445,   0.9445] 
	x86: [ -1.4716,  -1.2716] 
	x87: [ -2.8739,  -2.6739] 
	x88: [ -1.9205,  -1.7205] 
	x89: [  1.4873,   1.6873] 
	x90: [  0.9094,   1.1094] 
	x91: [  1.9575,   2.1575] 
	x92: [ -3.6383,  -3.4383] 
	x93: [ -3.4311,  -3.2311] 
	x94: [ -2.4720,  -2.2720] 
	x95: [  1.4072,   1.6072] 
	x96: [  0.7882,   0.9882] 
	x97: [ -2.2402,  -2.0402] 
	x98: [ -3.3696,  -3.1696] 
	x99: [  1.4646,   1.6646] 
	x100: [  1.8917,   2.0917] 
	x101: [  0.7141,   0.9141] 
	x102: [  2.2977,   2.4977] 
	x103: [ -0.1103,   0.0897] 
	x104: [  1.0400,   1.2400] 
	x105: [ -2.3632,  -2.1632] 
	x106: [ -2.4227,  -2.2227] 
	x107: [  0.6532,   0.8532] 
	x108: [ -0.0644,   0.1356] 
	x109: [  0.2087,   0.4087] 
	x110: [  0.3336,   0.5336] 
	x111: [ -0.9642,  -0.7642] 
	x112: [  1.7838,   1.9838] 
	x113: [  0.9837,   1.1837] 
	x114: [  0.7985,   0.9985] 
	x115: [ -4.7437,  -4.5437] 
	x116: [ -0.0512,   0.1488] 
	x117: [ -2.5551,  -2.3551] 
	x118: [ -1.1932,  -0.9932] 
	x119: [ -0.5188,  -0.3188] 
	x120: [  2.2673,   2.4673] 
	x121: [  0.6992,   0.8992] 
	x122: [  2.7291,   2.9291] 
	x123: [  0.3180,   0.5180] 
	x124: [  1.8173,   2.0173] 
	x125: [  0.3901,   0.5901] 
	x126: [ -0.3651,  -0.1651] 
	x127: [ -2.5928,  -2.3928] 
	x128: [  0.9596,   1.1596] 
	x129: [ -0.2529,  -0.0529] 
	x130: [ -1.7593,  -1.5593] 
	x131: [  1.4275,   1.6275] 
	x132: [  1.8845,   2.0845] 
	x133: [  1.3416,   1.5416] 
	x134: [  2.5843,   2.7843] 
	x135: [  0.4468,   0.6468] 
	x136: [ -0.6342,  -0.4342] 
	x137: [  0.5239,   0.7239] 
	x138: [ -2.8514,  -2.6514] 
	x139: [ -0.5153,  -0.3153] 
	x140: [  0.7154,   0.9154] 
	x141: [  1.7406,   1.9406] 
	x142: [  0.2561,   0.4561] 
	x143: [  3.4152,   3.6152] 
	x144: [  0.5309,   0.7309] 
	x145: [  2.4228,   2.6228] 
	x146: [ -0.9979,  -0.7979] 
	x147: [ -0.7641,  -0.5641] 
	x148: [ -1.1446,  -0.9446] 
	x149: [  0.5043,   0.7043] 
	x150: [ -0.3080,  -0.1080] 
	x151: [  3.0592,   3.2592] 
	x152: [ -0.5474,  -0.3474] 
	x153: [ -0.7947,  -0.5947] 
	x154: [  1.6529,   1.8529] 
	x155: [  1.9685,   2.1685] 
	x156: [ -1.0382,  -0.8382] 
	x157: [  1.4802,   1.6802] 
	x158: [ -5.8608,  -5.6608] 
	x159: [  0.3558,   0.5558] 
	x160: [  0.3838,   0.5838] 
	x161: [  0.3193,   0.5193] 
	x162: [  0.1610,   0.3610] 
	x163: [ -1.0322,  -0.8322] 
	x164: [ -2.6599,  -2.4599] 
	x165: [  0.6240,   0.8240] 
	x166: [  0.9134,   1.1134] 
	x167: [  1.8761,   2.0761] 
	x168: [ -0.4674,  -0.2674] 
	x169: [ -0.0636,   0.1364] 
	x170: [ -3.0086,  -2.8086] 
	x171: [  3.6346,   3.8346] 
	x172: [  0.9340,   1.1340] 
	x173: [  0.2917,   0.4917] 
	x174: [ -0.1133,   0.0867] 
	x175: [  0.7803,   0.9803] 
	x176: [ -0.5813,  -0.3813] 
	x177: [  1.4448,   1.6448] 
	x178: [ -1.0684,  -0.8684] 
	x179: [ -1.9661,  -1.7661] 
	x180: [  1.1662,   1.3662] 
	x181: [ -0.9451,  -0.7451] 
	x182: [  0.9064,   1.1064] 
	x183: [ -1.5412,  -1.3412] 
	x184: [ -2.1940,  -1.9940] 
	x185: [ -0.6403,  -0.4403] 
	x186: [  2.0939,   2.2939] 
	x187: [  1.0555,   1.2555] 
	x188: [  3.6058,   3.8058] 
	x189: [ -0.6068,  -0.4068] 
	x190: [ -0.5221,  -0.3221] 
	x191: [  1.4973,   1.6973] 
	x192: [ -1.8231,  -1.6231] 
	x193: [  0.0653,   0.2653] 
	x194: [  0.3379,   0.5379] 
	x195: [ -1.4468,  -1.2468] 
	x196: [ -1.8614,  -1.6614] 
	x197: [  1.9147,   2.1147] 
	x198: [ -1.2999,  -1.0999] 
	x199: [  1.6683,   1.8683] 
	x200: [ -1.5922,  -1.3922] 
	x201: [  1.8491,   2.0491] 
	x202: [  1.5013,   1.7013] 
	x203: [ -2.7351,  -2.5351] 
	x204: [ -4.0905,  -3.8905] 
	x205: [ -1.5241,  -1.3241] 
	x206: [ -0.6143,  -0.4143] 
	x207: [ -0.0802,   0.1198] 
	x208: [ -2.2057,  -2.0057] 
	x209: [  1.9346,   2.1346] 
	x210: [  0.4758,   0.6758] 
	x211: [ -0.3420,  -0.1420] 
	x212: [  1.3975,   1.5975] 
	x213: [  1.2558,   1.4558] 
	x214: [  0.0359,   0.2359] 
	x215: [ -0.8892,  -0.6892] 
	x216: [ -0.9468,  -0.7468] 
	x217: [  1.7058,   1.9058] 
	x218: [ -1.9605,  -1.7605] 
	x219: [ -1.1303,  -0.9303] 
	x220: [  0.4639,   0.6639] 
	x221: [ -2.5350,  -2.3350] 
	x222: [ -0.4568,  -0.2568] 
	x223: [  3.1523,   3.3523] 
	x224: [ -1.1208,  -0.9208] 
	x225: [ -1.1834,  -0.9834] 
	x226: [  2.3071,   2.5071] 
	x227: [ -0.0983,   0.1017] 
	x228: [  0.8908,   1.0908] 
	x229: [  2.9118,   3.1118] 
	x230: [  4.2995,   4.4995] 
	x231: [  2.6439,   2.8439] 
	x232: [  0.1341,   0.3341] 
	x233: [ -0.2081,  -0.0081] 
	x234: [ -0.7005,  -0.5005] 
	x235: [  0.2257,   0.4257] 
	x236: [  2.9404,   3.1404] 
	x237: [  2.8905,   3.0905] 
	x238: [ -0.8939,  -0.6939] 
	x239: [  2.9478,   3.1478] 
	x240: [  1.6846,   1.8846] 
	x241: [  1.5865,   1.7865] 
	x242: [ -0.2703,  -0.0703] 
	x243: [  2.1292,   2.3292] 
	x244: [ -0.2493,  -0.0493] 
	x245: [  0.4114,   0.6114] 
	x246: [ -1.2269,  -1.0269] 
	x247: [ -2.0613,  -1.8613] 
	x248: [ -0.8686,  -0.6686] 
	x249: [  1.1728,   1.3728] 
	x250: [  1.4599,   1.6599] 
	x251: [  0.8647,   1.0647] 
	x252: [ -0.8435,  -0.6435] 
	x253: [ -2.1963,  -1.9963] 
	x254: [ -0.8476,  -0.6476] 
	x255: [ -1.2257,  -1.0257] 
	x256: [ -1.8840,  -1.6840] 
	x257: [  0.6503,   0.8503] 
	x258: [ -1.5561,  -1.3561] 
	x259: [  1.5999,   1.7999] 
	x260: [  1.5022,   1.7022] 
	x261: [  2.0309,   2.2309] 
	x262: [ -0.9407,  -0.7407] 
	x263: [ -1.1498,  -0.9498] 
	x264: [  0.3028,   0.5028] 
	x265: [ -2.3201,  -2.1201] 
	x266: [  0.8998,   1.0998] 
	x267: [ -0.2251,  -0.0251] 
	x268: [ -4.8097,  -4.6097] 
	x269: [  4.6993,   4.8993] 
	x270: [  1.3650,   1.5650] 
	x271: [ -4.5474,  -4.3474] 
	x272: [ -0.2770,  -0.0770] 
	x273: [  0.7901,   0.9901] 
	x274: [  1.0596,   1.2596] 
	x275: [ -1.1959,  -0.9959] 
	x276: [  1.6471,   1.8471] 
	x277: [ -1.7112,  -1.5112] 
	x278: [ -0.9671,  -0.7671] 
	x279: [  4.3085,   4.5085] 
	x280: [  3.0350,   3.2350] 
	x281: [ -1.1532,  -0.9532] 
	x282: [ -1.9437,  -1.7437] 
	x283: [ -1.6206,  -1.4206] 
	x284: [ -4.8917,  -4.6917] 
	x285: [ -2.5358,  -2.3358] 
	x286: [  2.3893,   2.5893] 
	x287: [  0.0380,   0.2380] 
	x288: [ -1.9102,  -1.7102] 
	x289: [  1.0420,   1.2420] 
	x290: [  1.9311,   2.1311] 
	x291: [  0.8429,   1.0429] 
	x292: [  1.7004,   1.9004] 
	x293: [ -0.7806,  -0.5806] 
	x294: [  1.3301,   1.5301] 
	x295: [ -0.1816,   0.0184] 
	x296: [  2.0119,   2.2119] 
	x297: [  2.3202,   2.5202] 
	x298: [ -5.5533,  -5.3533] 
	x299: [  2.6220,   2.8220] 
	x300: [  4.1587,   4.3587] 
	x301: [ -0.7769,  -0.5769] 
	x302: [  0.1475,   0.3475] 
	x303: [  4.6864,   4.8864] 
	x304: [ -0.9328,  -0.7328] 
	x305: [  3.7228,   3.9228] 
	x306: [ -1.8049,  -1.6049] 
	x307: [ -0.3316,  -0.1316] 
	x308: [ -0.8220,  -0.6220] 
	x309: [  1.9078,   2.1078] 
	x310: [  0.1781,   0.3781] 
	x311: [ -1.4670,  -1.2670] 
	x312: [  0.3321,   0.5321] 
	x313: [  0.4428,   0.6428] 
	x314: [ -1.8361,  -1.6361] 
	x315: [  0.2910,   0.4910] 
	x316: [  1.3005,   1.5005] 
	x317: [ -1.9108,  -1.7108] 
	x318: [  0.5956,   0.7956] 
	x319: [  0.8998,   1.0998] 
	x320: [ -3.5204,  -3.3204] 
	x321: [  1.1085,   1.3085] 
	x322: [ -2.9889,  -2.7889] 
	x323: [ -0.6803,  -0.4803] 
	x324: [ -0.5629,  -0.3629] 
	x325: [ -2.4870,  -2.2870] 
	x326: [ -0.1548,   0.0452] 
	x327: [ -2.9918,  -2.7918] 
	x328: [ -2.3993,  -2.1993] 
	x329: [  0.3788,   0.5788] 
	x330: [  1.2434,   1.4434] 
	x331: [  0.7372,   0.9372] 
	x332: [  0.8056,   1.0056] 
	x333: [  0.4509,   0.6509] 
	x334: [  2.3549,   2.5549] 
	x335: [ -2.2718,  -2.0718] 
	x336: [  0.9794,   1.1794] 
	x337: [  2.2335,   2.4335] 
	x338: [ -0.8691,  -0.6691] 
	x339: [ -0.0688,   0.1312] 
	x340: [ -0.9159,  -0.7159] 
	x341: [ -1.5920,  -1.3920] 
	x342: [ -2.6768,  -2.4768] 
	x343: [ -0.5665,  -0.3665] 
	x344: [ -0.3778,  -0.1778] 
	x345: [ -0.2524,  -0.0524] 
	x346: [  1.3496,   1.5496] 
	x347: [  0.4604,   0.6604] 
	x348: [ -1.2832,  -1.0832] 
	x349: [ -2.2795,  -2.0795] 
	x350: [ -2.1900,  -1.9900] 
	x351: [ -1.0634,  -0.8634] 
	x352: [ -2.4979,  -2.2979] 
	x353: [ -0.7123,  -0.5123] 
	x354: [ -0.1343,   0.0657] 
	x355: [  1.1129,   1.3129] 
	x356: [  2.1057,   2.3057] 
	x357: [  0.4941,   0.6941] 
	x358: [ -0.1044,   0.0956] 
	x359: [ -1.4359,  -1.2359] 
	x360: [ -2.2049,  -2.0049] 
	x361: [ -1.5786,  -1.3786] 
	x362: [ -0.5966,  -0.3966] 
	x363: [ -1.9076,  -1.7076] 
	x364: [ -1.7225,  -1.5225] 
	x365: [  0.5974,   0.7974] 
	x366: [ -0.6379,  -0.4379] 
	x367: [  0.7785,   0.9785] 
	x368: [ -0.0035,   0.1965] 
	x369: [  0.4301,   0.6301] 
	x370: [ -0.9127,  -0.7127] 
	x371: [ -1.6140,  -1.4140] 
	x372: [ -0.3441,  -0.1441] 
	x373: [  1.2970,   1.4970] 
	x374: [ -1.3736,  -1.1736] 
	x375: [  0.9835,   1.1835] 
	x376: [ -3.3959,  -3.1959] 
	x377: [ -0.9062,  -0.7062] 
	x378: [ -1.0626,  -0.8626] 
	x379: [ -1.3670,  -1.1670] 
	x380: [ -2.5633,  -2.3633] 
	x381: [ -0.8703,  -0.6703] 
	x382: [ -1.2604,  -1.0604] 
	x383: [  1.0540,   1.2540] 
	x384: [ -1.0191,  -0.8191] 
	x385: [  0.9866,   1.1866] 
	x386: [  3.1869,   3.3869] 
	x387: [ -1.0600,  -0.8600] 
	x388: [ -0.5711,  -0.3711] 
	x389: [ -3.1756,  -2.9756] 
	x390: [ -1.3986,  -1.1986] 
	x391: [ -0.8329,  -0.6329] 
	x392: [ -0.1380,   0.0620] 
	x393: [ -0.6438,  -0.4438] 
	x394: [  1.7956,   1.9956] 
	x395: [ -0.9623,  -0.7623] 
	x396: [ -2.3933,  -2.1933] 
	x397: [ -2.4321,  -2.2321] 
	x398: [ -1.0264,  -0.8264] 
	x399: [  0.0952,   0.2952] 
	x400: [ -1.5135,  -1.3135] 
	x401: [  2.4948,   2.6948] 
	x402: [ -0.2096,  -0.0096] 
	x403: [ -3.8096,  -3.6096] 
	x404: [  0.9555,   1.1555] 
	x405: [  2.7374,   2.9374] 
	x406: [ -2.0237,  -1.8237] 
	x407: [  0.2958,   0.4958] 
	x408: [  0.2850,   0.4850] 
	x409: [  2.0599,   2.2599] 
	x410: [ -4.0709,  -3.8709] 
	x411: [ -1.3825,  -1.1825] 
	x412: [ -1.6575,  -1.4575] 
	x413: [ -2.2466,  -2.0466] 
	x414: [ -1.8445,  -1.6445] 
	x415: [  1.8538,   2.0538] 
	x416: [ -0.5652,  -0.3652] 
	x417: [  1.4839,   1.6839] 
	x418: [  0.9040,   1.1040] 
	x419: [  3.7327,   3.9327] 
	x420: [ -0.2883,  -0.0883] 
	x421: [  1.9502,   2.1502] 
	x422: [ -1.4098,  -1.2098] 
	x423: [  0.9999,   1.1999] 
	x424: [ -0.4149,  -0.2149] 
	x425: [  2.9239,   3.1239] 
	x426: [ -3.5357,  -3.3357] 
	x427: [  1.5412,   1.7412] 
	x428: [  3.2282,   3.4282] 
	x429: [  1.9167,   2.1167] 
	x430: [ -2.4155,  -2.2155] 
	x431: [ -3.7186,  -3.5186] 
	x432: [  1.0487,   1.2487] 
	x433: [ -1.3183,  -1.1183] 
	x434: [  0.2689,   0.4689] 
	x435: [  1.6261,   1.8261] 
	x436: [  0.9268,   1.1268] 
	x437: [  1.0850,   1.2850] 
	x438: [ -1.2724,  -1.0724] 
	x439: [  2.1053,   2.3053] 
	x440: [ -1.1231,  -0.9231] 
	x441: [ -0.3403,  -0.1403] 
	x442: [  0.4618,   0.6618] 
	x443: [  0.2774,   0.4774] 
	x444: [ -0.2709,  -0.0709] 
	x445: [ -0.9902,  -0.7902] 
	x446: [ -1.6773,  -1.4773] 
	x447: [  1.7873,   1.9873] 
	x448: [ -1.0375,  -0.8375] 
	x449: [  0.6317,   0.8317] 
	x450: [  0.8168,   1.0168] 
	x451: [  0.5797,   0.7797] 
	x452: [ -1.4792,  -1.2792] 
	x453: [ -2.2835,  -2.0835] 
	x454: [  0.0963,   0.2963] 
	x455: [  0.6951,   0.8951] 
	x456: [ -0.5345,  -0.3345] 
	x457: [ -0.7148,  -0.5148] 
	x458: [ -1.8339,  -1.6339] 
	x459: [  0.1326,   0.3326] 
	x460: [ -0.2468,  -0.0468] 
	x461: [ -0.6134,  -0.4134] 
	x462: [ -1.1738,  -0.9738] 
	x463: [ -3.1880,  -2.9880] 
	x464: [ -0.6645,  -0.4645] 
	x465: [  1.2122,   1.4122] 
	x466: [  0.1678,   0.3678] 
	x467: [  1.7952,   1.9952] 
	x468: [  0.8414,   1.0414] 
	x469: [ -0.6147,  -0.4147] 
	x470: [  2.2732,   2.4732] 
	x471: [  2.1255,   2.3255] 
	x472: [ -1.8298,  -1.6298] 
	x473: [  0.3746,   0.5746] 
	x474: [  1.1819,   1.3819] 
	x475: [ -0.8171,  -0.6171] 
	x476: [ -0.1190,   0.0810] 
	x477: [  2.7556,   2.9556] 
	x478: [ -1.6490,  -1.4490] 
	x479: [ -0.8466,  -0.6466] 
	x480: [  0.8971,   1.0971] 
	x481: [  0.0346,   0.2346] 
	x482: [  0.7160,   0.9160] 
	x483: [ -0.6903,  -0.4903] 
	x484: [ -1.1841,  -0.9841] 
	x485: [ -0.3602,  -0.1602] 
	x486: [ -2.7563,  -2.5563] 
	x487: [  0.0725,   0.2725] 
	x488: [ -0.4964,  -0.2964] 
	x489: [ -0.7826,  -0.5826] 
	x490: [  0.7816,   0.9816] 
	x491: [ -0.1740,   0.0260] 
	x492: [  0.0250,   0.2250] 
	x493: [ -0.3380,  -0.1380] 
	x494: [  2.5094,   2.7094] 
	x495: [  1.0611,   1.2611] 
	x496: [  1.6631,   1.8631] 
	x497: [  1.1713,   1.3713] 
	x498: [  1.0213,   1.2213] 
	x499: [ -0.7477,  -0.5477] 
	x500: [  0.0574,   0.2574] 
	x501: [ -0.2491,  -0.0491] 
	x502: [ -1.6785,  -1.4785] 
	x503: [ -0.0349,   0.1651] 
	x504: [ -2.3746,  -2.1746] 
	x505: [ -0.8290,  -0.6290] 
	x506: [  1.4621,   1.6621] 
	x507: [ -2.0251,  -1.8251] 
	x508: [  3.1900,   3.3900] 
	x509: [ -0.3522,  -0.1522] 
	x510: [ -2.0879,  -1.8879] 
	x511: [  0.4703,   0.6703] 

Branching heuristics set to PseudoImpact
unsat
