InputQuery: /home/levn/Workspace/othello_world/queries/head_prove_probe_robust/game_72_target_34_eps_0.05.txt
Engine::processInputQuery: Input query (before preprocessing): 510 equations, 1277 variables
Engine::processInputQuery: Input query (after preprocessing): 766 equations, 1359 variables

Input bounds:
	x0: [  0.1158,   0.2158] 
	x1: [ -2.4428,  -2.3428] 
	x2: [ -2.7527,  -2.6527] 
	x3: [  0.5601,   0.6601] 
	x4: [  1.9082,   2.0082] 
	x5: [ -1.6077,  -1.5077] 
	x6: [ -1.3161,  -1.2161] 
	x7: [  3.6001,   3.7001] 
	x8: [ -2.1336,  -2.0336] 
	x9: [  0.3381,   0.4381] 
	x10: [  1.1357,   1.2357] 
	x11: [ -0.2239,  -0.1239] 
	x12: [ -0.7482,  -0.6482] 
	x13: [  1.3008,   1.4008] 
	x14: [ -0.1716,  -0.0716] 
	x15: [  0.2729,   0.3729] 
	x16: [  1.1677,   1.2677] 
	x17: [  2.2516,   2.3516] 
	x18: [  0.1204,   0.2204] 
	x19: [  2.0605,   2.1605] 
	x20: [ -0.4237,  -0.3237] 
	x21: [  2.9181,   3.0181] 
	x22: [  1.8104,   1.9104] 
	x23: [  0.5573,   0.6573] 
	x24: [ -2.2171,  -2.1171] 
	x25: [ -1.0717,  -0.9717] 
	x26: [ -0.7364,  -0.6364] 
	x27: [  1.2233,   1.3233] 
	x28: [ -1.3495,  -1.2495] 
	x29: [  0.6357,   0.7357] 
	x30: [ -0.6465,  -0.5465] 
	x31: [ -1.9918,  -1.8918] 
	x32: [ -2.2153,  -2.1153] 
	x33: [  1.1672,   1.2672] 
	x34: [ -1.1419,  -1.0419] 
	x35: [ -0.0632,   0.0368] 
	x36: [  0.2326,   0.3326] 
	x37: [ -0.7078,  -0.6078] 
	x38: [  1.9534,   2.0534] 
	x39: [ -1.7339,  -1.6339] 
	x40: [ -1.7917,  -1.6917] 
	x41: [  0.0407,   0.1407] 
	x42: [ -0.0458,   0.0542] 
	x43: [  0.2970,   0.3970] 
	x44: [ -2.7800,  -2.6800] 
	x45: [  0.4155,   0.5155] 
	x46: [ -1.8479,  -1.7479] 
	x47: [ -0.0850,   0.0150] 
	x48: [  0.8180,   0.9180] 
	x49: [  1.7215,   1.8215] 
	x50: [ -0.2840,  -0.1840] 
	x51: [  1.6189,   1.7189] 
	x52: [  2.1231,   2.2231] 
	x53: [  1.0948,   1.1948] 
	x54: [ -3.9663,  -3.8663] 
	x55: [ -0.4365,  -0.3365] 
	x56: [  1.0098,   1.1098] 
	x57: [  0.1794,   0.2794] 
	x58: [ -3.7540,  -3.6540] 
	x59: [  0.4042,   0.5042] 
	x60: [  0.9510,   1.0510] 
	x61: [ -2.1573,  -2.0573] 
	x62: [  0.1535,   0.2535] 
	x63: [ -1.7117,  -1.6117] 
	x64: [ -3.1893,  -3.0893] 
	x65: [  1.9266,   2.0266] 
	x66: [  1.8728,   1.9728] 
	x67: [ -0.2876,  -0.1876] 
	x68: [ -0.9988,  -0.8988] 
	x69: [ -0.0285,   0.0715] 
	x70: [  0.0212,   0.1212] 
	x71: [  0.9967,   1.0967] 
	x72: [  1.6145,   1.7145] 
	x73: [  2.9896,   3.0896] 
	x74: [  0.5126,   0.6126] 
	x75: [  0.8740,   0.9740] 
	x76: [  2.8920,   2.9920] 
	x77: [  2.7962,   2.8962] 
	x78: [  1.5319,   1.6319] 
	x79: [ -0.8207,  -0.7207] 
	x80: [  0.4924,   0.5924] 
	x81: [  3.2419,   3.3419] 
	x82: [  1.4829,   1.5829] 
	x83: [ -3.1852,  -3.0852] 
	x84: [  1.0089,   1.1089] 
	x85: [  0.4579,   0.5579] 
	x86: [ -1.6479,  -1.5479] 
	x87: [  2.5360,   2.6360] 
	x88: [ -0.2630,  -0.1630] 
	x89: [  0.1089,   0.2089] 
	x90: [ -1.7912,  -1.6912] 
	x91: [ -1.2918,  -1.1918] 
	x92: [ -0.9941,  -0.8941] 
	x93: [  1.2072,   1.3072] 
	x94: [ -0.3907,  -0.2907] 
	x95: [  0.1458,   0.2458] 
	x96: [  0.2431,   0.3431] 
	x97: [ -1.1874,  -1.0874] 
	x98: [  3.3706,   3.4706] 
	x99: [  2.8955,   2.9955] 
	x100: [ -0.9613,  -0.8613] 
	x101: [ -1.9851,  -1.8851] 
	x102: [ -0.1294,  -0.0294] 
	x103: [  3.3623,   3.4623] 
	x104: [  0.5421,   0.6421] 
	x105: [  0.0836,   0.1836] 
	x106: [ -1.0894,  -0.9894] 
	x107: [ -1.3390,  -1.2390] 
	x108: [  0.2653,   0.3653] 
	x109: [  0.2252,   0.3252] 
	x110: [ -2.0029,  -1.9029] 
	x111: [ -1.9390,  -1.8390] 
	x112: [ -1.0515,  -0.9515] 
	x113: [ -1.5769,  -1.4769] 
	x114: [  0.6668,   0.7668] 
	x115: [  3.0082,   3.1082] 
	x116: [  0.5768,   0.6768] 
	x117: [  0.4615,   0.5615] 
	x118: [  0.0083,   0.1083] 
	x119: [ -1.8315,  -1.7315] 
	x120: [ -0.4858,  -0.3858] 
	x121: [  4.2551,   4.3551] 
	x122: [  1.9106,   2.0106] 
	x123: [ -3.4870,  -3.3870] 
	x124: [ -0.7817,  -0.6817] 
	x125: [  0.8306,   0.9306] 
	x126: [ -2.1549,  -2.0549] 
	x127: [  0.7611,   0.8611] 
	x128: [  2.1839,   2.2839] 
	x129: [ -4.8269,  -4.7269] 
	x130: [  1.1810,   1.2810] 
	x131: [  2.7635,   2.8635] 
	x132: [  0.0767,   0.1767] 
	x133: [ -1.9156,  -1.8156] 
	x134: [ -2.3159,  -2.2159] 
	x135: [  0.7085,   0.8085] 
	x136: [ -1.5087,  -1.4087] 
	x137: [ -1.1095,  -1.0095] 
	x138: [ -1.3508,  -1.2508] 
	x139: [ -1.8727,  -1.7727] 
	x140: [  1.5879,   1.6879] 
	x141: [  1.6182,   1.7182] 
	x142: [  1.7171,   1.8171] 
	x143: [ -0.8703,  -0.7703] 
	x144: [  3.4999,   3.5999] 
	x145: [ -0.5800,  -0.4800] 
	x146: [ -3.8328,  -3.7328] 
	x147: [  0.5888,   0.6888] 
	x148: [  2.6765,   2.7765] 
	x149: [ -1.1980,  -1.0980] 
	x150: [ -1.1142,  -1.0142] 
	x151: [  0.0023,   0.1023] 
	x152: [  1.7961,   1.8961] 
	x153: [ -3.0623,  -2.9623] 
	x154: [  2.4379,   2.5379] 
	x155: [  2.1784,   2.2784] 
	x156: [  2.0320,   2.1320] 
	x157: [  0.6853,   0.7853] 
	x158: [ -0.0152,   0.0848] 
	x159: [ -0.7312,  -0.6312] 
	x160: [ -0.8632,  -0.7632] 
	x161: [  0.1486,   0.2486] 
	x162: [  0.0911,   0.1911] 
	x163: [  0.0131,   0.1131] 
	x164: [ -0.8208,  -0.7208] 
	x165: [  0.8279,   0.9279] 
	x166: [  1.0988,   1.1988] 
	x167: [  1.1512,   1.2512] 
	x168: [ -1.2936,  -1.1936] 
	x169: [ -0.0781,   0.0219] 
	x170: [  0.2983,   0.3983] 
	x171: [  0.3361,   0.4361] 
	x172: [  2.3133,   2.4133] 
	x173: [  0.4246,   0.5246] 
	x174: [ -0.4157,  -0.3157] 
	x175: [  1.8836,   1.9836] 
	x176: [ -0.5363,  -0.4363] 
	x177: [  0.8617,   0.9617] 
	x178: [  1.2648,   1.3648] 
	x179: [  0.7644,   0.8644] 
	x180: [  0.1616,   0.2616] 
	x181: [  0.1765,   0.2765] 
	x182: [  2.4461,   2.5461] 
	x183: [  1.2556,   1.3556] 
	x184: [ -0.7521,  -0.6521] 
	x185: [ -1.1244,  -1.0244] 
	x186: [ -0.6855,  -0.5855] 
	x187: [ -1.0392,  -0.9392] 
	x188: [  1.6443,   1.7443] 
	x189: [  1.3943,   1.4943] 
	x190: [ -0.4048,  -0.3048] 
	x191: [  0.4634,   0.5634] 
	x192: [ -0.0329,   0.0671] 
	x193: [ -1.3183,  -1.2183] 
	x194: [  0.8785,   0.9785] 
	x195: [ -0.1759,  -0.0759] 
	x196: [ -0.4634,  -0.3634] 
	x197: [  2.0037,   2.1037] 
	x198: [  1.0716,   1.1716] 
	x199: [  0.2188,   0.3188] 
	x200: [  1.6337,   1.7337] 
	x201: [  1.3643,   1.4643] 
	x202: [  0.0549,   0.1549] 
	x203: [ -0.9570,  -0.8570] 
	x204: [ -3.7410,  -3.6410] 
	x205: [ -1.6204,  -1.5204] 
	x206: [ -2.5184,  -2.4184] 
	x207: [ -0.0452,   0.0548] 
	x208: [ -0.3971,  -0.2971] 
	x209: [ -3.3497,  -3.2497] 
	x210: [ -1.0659,  -0.9659] 
	x211: [ -2.8659,  -2.7659] 
	x212: [  1.7995,   1.8995] 
	x213: [  2.1900,   2.2900] 
	x214: [ -1.3369,  -1.2369] 
	x215: [ -0.3759,  -0.2759] 
	x216: [ -0.2140,  -0.1140] 
	x217: [  1.3320,   1.4320] 
	x218: [ -0.0585,   0.0415] 
	x219: [ -0.5821,  -0.4821] 
	x220: [ -1.6441,  -1.5441] 
	x221: [  2.1311,   2.2311] 
	x222: [ -3.3835,  -3.2835] 
	x223: [  0.8550,   0.9550] 
	x224: [ -3.4287,  -3.3287] 
	x225: [  0.6314,   0.7314] 
	x226: [ -2.0768,  -1.9768] 
	x227: [ -1.6043,  -1.5043] 
	x228: [  0.0449,   0.1449] 
	x229: [  0.1989,   0.2989] 
	x230: [  2.0257,   2.1257] 
	x231: [  3.6021,   3.7021] 
	x232: [  0.2465,   0.3465] 
	x233: [ -0.4400,  -0.3400] 
	x234: [  1.9505,   2.0505] 
	x235: [  2.0087,   2.1087] 
	x236: [ -1.2216,  -1.1216] 
	x237: [ -0.4058,  -0.3058] 
	x238: [  0.8398,   0.9398] 
	x239: [  4.3564,   4.4564] 
	x240: [  0.5214,   0.6214] 
	x241: [ -1.8540,  -1.7540] 
	x242: [ -2.5515,  -2.4515] 
	x243: [ -0.7060,  -0.6060] 
	x244: [ -1.0175,  -0.9175] 
	x245: [ -2.7668,  -2.6668] 
	x246: [ -0.2059,  -0.1059] 
	x247: [ -2.9086,  -2.8086] 
	x248: [  1.1733,   1.2733] 
	x249: [  0.2625,   0.3625] 
	x250: [ -0.4443,  -0.3443] 
	x251: [ -5.5913,  -5.4913] 
	x252: [  0.7586,   0.8586] 
	x253: [  1.3262,   1.4262] 
	x254: [  3.3261,   3.4261] 
	x255: [ -3.0996,  -2.9996] 
	x256: [  2.4933,   2.5933] 
	x257: [ -1.0609,  -0.9609] 
	x258: [ -1.5523,  -1.4523] 
	x259: [  2.3141,   2.4141] 
	x260: [ -0.4701,  -0.3701] 
	x261: [  0.9099,   1.0099] 
	x262: [ -0.5109,  -0.4109] 
	x263: [  1.3732,   1.4732] 
	x264: [ -1.9405,  -1.8405] 
	x265: [ -2.2988,  -2.1988] 
	x266: [  2.2539,   2.3539] 
	x267: [  2.8493,   2.9493] 
	x268: [ -3.7779,  -3.6779] 
	x269: [ -0.3659,  -0.2659] 
	x270: [ -0.1977,  -0.0977] 
	x271: [  0.9496,   1.0496] 
	x272: [ -0.4275,  -0.3275] 
	x273: [  0.6064,   0.7064] 
	x274: [  2.1617,   2.2617] 
	x275: [  0.0230,   0.1230] 
	x276: [ -2.1090,  -2.0090] 
	x277: [  0.8535,   0.9535] 
	x278: [ -2.6962,  -2.5962] 
	x279: [  2.2795,   2.3795] 
	x280: [ -4.2921,  -4.1921] 
	x281: [ -2.0425,  -1.9425] 
	x282: [  0.4819,   0.5819] 
	x283: [ -1.8618,  -1.7618] 
	x284: [  0.1800,   0.2800] 
	x285: [  1.1614,   1.2614] 
	x286: [ -0.2528,  -0.1528] 
	x287: [  0.7310,   0.8310] 
	x288: [ -2.0557,  -1.9557] 
	x289: [  0.7463,   0.8463] 
	x290: [  2.9768,   3.0768] 
	x291: [ -0.5909,  -0.4909] 
	x292: [  0.5245,   0.6245] 
	x293: [ -0.3361,  -0.2361] 
	x294: [ -3.3222,  -3.2222] 
	x295: [  1.7769,   1.8769] 
	x296: [ -0.4843,  -0.3843] 
	x297: [  1.8828,   1.9828] 
	x298: [ -6.1477,  -6.0477] 
	x299: [  1.3434,   1.4434] 
	x300: [  3.5547,   3.6547] 
	x301: [ -0.3102,  -0.2102] 
	x302: [  0.4264,   0.5264] 
	x303: [ -1.4447,  -1.3447] 
	x304: [  0.4808,   0.5808] 
	x305: [ -1.6088,  -1.5088] 
	x306: [ -0.0186,   0.0814] 
	x307: [ -0.6335,  -0.5335] 
	x308: [  1.7911,   1.8911] 
	x309: [ -0.5363,  -0.4363] 
	x310: [  1.7859,   1.8859] 
	x311: [  1.1354,   1.2354] 
	x312: [  1.6655,   1.7655] 
	x313: [  0.7420,   0.8420] 
	x314: [ -0.3071,  -0.2071] 
	x315: [  0.2600,   0.3600] 
	x316: [  2.7761,   2.8761] 
	x317: [ -0.9906,  -0.8906] 
	x318: [ -1.5823,  -1.4823] 
	x319: [ -2.6444,  -2.5444] 
	x320: [  0.5104,   0.6104] 
	x321: [  0.4262,   0.5262] 
	x322: [ -0.3759,  -0.2759] 
	x323: [ -0.1257,  -0.0257] 
	x324: [  1.0953,   1.1953] 
	x325: [ -3.8531,  -3.7531] 
	x326: [  0.3874,   0.4874] 
	x327: [  2.5184,   2.6184] 
	x328: [  3.9592,   4.0592] 
	x329: [ -3.5972,  -3.4972] 
	x330: [ -0.7750,  -0.6750] 
	x331: [ -1.9019,  -1.8019] 
	x332: [ -1.3267,  -1.2267] 
	x333: [  0.0533,   0.1533] 
	x334: [  0.8596,   0.9596] 
	x335: [  0.5709,   0.6709] 
	x336: [ -0.1731,  -0.0731] 
	x337: [ -1.9634,  -1.8634] 
	x338: [ -2.8659,  -2.7659] 
	x339: [  0.1115,   0.2115] 
	x340: [ -2.0033,  -1.9033] 
	x341: [ -0.0438,   0.0562] 
	x342: [ -0.3721,  -0.2721] 
	x343: [  2.5673,   2.6673] 
	x344: [ -1.0885,  -0.9885] 
	x345: [  0.6815,   0.7815] 
	x346: [ -1.5660,  -1.4660] 
	x347: [ -2.6448,  -2.5448] 
	x348: [ -0.2214,  -0.1214] 
	x349: [  1.6737,   1.7737] 
	x350: [ -1.8890,  -1.7890] 
	x351: [ -0.8693,  -0.7693] 
	x352: [ -0.9882,  -0.8882] 
	x353: [  0.2907,   0.3907] 
	x354: [ -0.9446,  -0.8446] 
	x355: [  0.2658,   0.3658] 
	x356: [ -0.2606,  -0.1606] 
	x357: [  0.0105,   0.1105] 
	x358: [  1.8147,   1.9147] 
	x359: [ -1.0233,  -0.9233] 
	x360: [  0.4512,   0.5512] 
	x361: [  0.3786,   0.4786] 
	x362: [ -2.7011,  -2.6011] 
	x363: [  1.6994,   1.7994] 
	x364: [  0.1493,   0.2493] 
	x365: [ -1.8506,  -1.7506] 
	x366: [  0.1358,   0.2358] 
	x367: [  3.5353,   3.6353] 
	x368: [  0.6318,   0.7318] 
	x369: [ -0.5107,  -0.4107] 
	x370: [  0.1564,   0.2564] 
	x371: [  2.1742,   2.2742] 
	x372: [  1.4256,   1.5256] 
	x373: [  0.8189,   0.9189] 
	x374: [ -1.1312,  -1.0312] 
	x375: [  0.1948,   0.2948] 
	x376: [  0.7532,   0.8532] 
	x377: [  0.0394,   0.1394] 
	x378: [  1.4866,   1.5866] 
	x379: [  1.4939,   1.5939] 
	x380: [ -0.4292,  -0.3292] 
	x381: [ -1.0050,  -0.9050] 
	x382: [  1.2633,   1.3633] 
	x383: [  1.4338,   1.5338] 
	x384: [ -0.0941,   0.0059] 
	x385: [  1.1457,   1.2457] 
	x386: [ -3.1407,  -3.0407] 
	x387: [  1.2403,   1.3403] 
	x388: [  0.1823,   0.2823] 
	x389: [  0.2482,   0.3482] 
	x390: [ -0.0850,   0.0150] 
	x391: [  1.7256,   1.8256] 
	x392: [ -2.2077,  -2.1077] 
	x393: [  0.1400,   0.2400] 
	x394: [ -1.6841,  -1.5841] 
	x395: [ -1.2531,  -1.1531] 
	x396: [ -0.5674,  -0.4674] 
	x397: [ -0.1858,  -0.0858] 
	x398: [  1.2350,   1.3350] 
	x399: [ -0.3172,  -0.2172] 
	x400: [ -0.5972,  -0.4972] 
	x401: [  0.8662,   0.9662] 
	x402: [ -0.3148,  -0.2148] 
	x403: [ -1.5096,  -1.4096] 
	x404: [  2.3062,   2.4062] 
	x405: [ -0.2544,  -0.1544] 
	x406: [  0.8594,   0.9594] 
	x407: [ -1.9928,  -1.8928] 
	x408: [  0.6988,   0.7988] 
	x409: [  0.6182,   0.7182] 
	x410: [  0.2874,   0.3874] 
	x411: [ -0.8173,  -0.7173] 
	x412: [ -2.7571,  -2.6571] 
	x413: [ -1.2981,  -1.1981] 
	x414: [ -0.1867,  -0.0867] 
	x415: [ -1.2428,  -1.1428] 
	x416: [ -1.5231,  -1.4231] 
	x417: [ -1.1982,  -1.0982] 
	x418: [ -1.2210,  -1.1210] 
	x419: [  3.8792,   3.9792] 
	x420: [ -2.5081,  -2.4081] 
	x421: [ -1.6618,  -1.5618] 
	x422: [ -2.7164,  -2.6164] 
	x423: [  0.9523,   1.0523] 
	x424: [  0.8639,   0.9639] 
	x425: [ -1.9852,  -1.8852] 
	x426: [ -3.0898,  -2.9898] 
	x427: [ -2.4131,  -2.3131] 
	x428: [  2.7889,   2.8889] 
	x429: [  0.5671,   0.6671] 
	x430: [ -3.3691,  -3.2691] 
	x431: [ -0.9242,  -0.8242] 
	x432: [ -3.9507,  -3.8507] 
	x433: [  0.4235,   0.5235] 
	x434: [  2.1915,   2.2915] 
	x435: [  2.5581,   2.6581] 
	x436: [ -1.8973,  -1.7973] 
	x437: [  0.9331,   1.0331] 
	x438: [ -3.2193,  -3.1193] 
	x439: [ -0.9568,  -0.8568] 
	x440: [  0.5827,   0.6827] 
	x441: [ -0.3728,  -0.2728] 
	x442: [  3.0159,   3.1159] 
	x443: [ -0.8735,  -0.7735] 
	x444: [  0.8962,   0.9962] 
	x445: [  1.9593,   2.0593] 
	x446: [  2.3164,   2.4164] 
	x447: [  2.3318,   2.4318] 
	x448: [ -0.9853,  -0.8853] 
	x449: [ -1.4309,  -1.3310] 
	x450: [  0.1024,   0.2024] 
	x451: [ -3.5115,  -3.4115] 
	x452: [ -0.8516,  -0.7516] 
	x453: [ -0.7255,  -0.6255] 
	x454: [  0.0899,   0.1899] 
	x455: [ -0.4666,  -0.3666] 
	x456: [  2.1328,   2.2328] 
	x457: [  0.8523,   0.9523] 
	x458: [  3.2965,   3.3965] 
	x459: [ -2.0217,  -1.9217] 
	x460: [ -0.1228,  -0.0228] 
	x461: [  3.2629,   3.3629] 
	x462: [ -0.9142,  -0.8142] 
	x463: [ -1.2277,  -1.1277] 
	x464: [  1.4372,   1.5372] 
	x465: [  1.4129,   1.5129] 
	x466: [ -0.2066,  -0.1066] 
	x467: [ -4.9229,  -4.8229] 
	x468: [ -0.7114,  -0.6114] 
	x469: [ -0.8504,  -0.7504] 
	x470: [  2.1138,   2.2138] 
	x471: [  0.8715,   0.9715] 
	x472: [  1.9422,   2.0422] 
	x473: [  1.2284,   1.3284] 
	x474: [  0.7715,   0.8715] 
	x475: [ -0.2476,  -0.1476] 
	x476: [  0.8337,   0.9337] 
	x477: [ -0.4408,  -0.3408] 
	x478: [  0.1547,   0.2547] 
	x479: [ -0.2070,  -0.1070] 
	x480: [ -2.4142,  -2.3142] 
	x481: [  0.6187,   0.7187] 
	x482: [ -1.2414,  -1.1414] 
	x483: [ -1.3600,  -1.2600] 
	x484: [ -0.3706,  -0.2706] 
	x485: [ -1.0488,  -0.9488] 
	x486: [  0.2407,   0.3407] 
	x487: [  2.4741,   2.5741] 
	x488: [  0.5047,   0.6047] 
	x489: [ -1.1909,  -1.0909] 
	x490: [ -2.2777,  -2.1777] 
	x491: [  1.4908,   1.5908] 
	x492: [  0.3571,   0.4571] 
	x493: [  0.0884,   0.1884] 
	x494: [ -0.1529,  -0.0529] 
	x495: [ -1.9079,  -1.8079] 
	x496: [ -0.7659,  -0.6659] 
	x497: [  0.2088,   0.3088] 
	x498: [  1.5241,   1.6241] 
	x499: [ -2.2822,  -2.1822] 
	x500: [ -1.5240,  -1.4240] 
	x501: [ -0.3179,  -0.2179] 
	x502: [ -5.4184,  -5.3184] 
	x503: [ -0.5420,  -0.4420] 
	x504: [ -0.7484,  -0.6484] 
	x505: [  2.4210,   2.5210] 
	x506: [ -2.8309,  -2.7309] 
	x507: [ -0.6569,  -0.5569] 
	x508: [  1.7290,   1.8290] 
	x509: [  0.5225,   0.6225] 
	x510: [  0.2527,   0.3527] 
	x511: [  1.1970,   1.2970] 

Branching heuristics set to PseudoImpact

Engine::solve: Initial statistics

19:56:07 Statistics update:
	--- Time Statistics ---
	Total time elapsed: 1523 milli (00:00:01)
		Main loop: 0 milli (00:00:00)
		Preprocessing time: 811 milli (00:00:00)
		Unknown: 712 milli (00:00:00)
	Breakdown for main loop:
		[0.00%] Simplex steps: 0 milli
		[0.00%] Explicit-basis bound tightening: 0 milli
		[0.00%] Constraint-matrix bound tightening: 0 milli
		[0.00%] Degradation checking: 0 milli
		[0.00%] Precision restoration: 0 milli
		[0.00%] Statistics handling: 0 milli
		[0.00%] Constraint-fixing steps: 0 milli
		[0.00%] Valid case splits: 0 milli. Average per split: 0.00 milli
		[0.00%] Applying stored bound-tightening: 0 milli
		[0.00%] SMT core: 0 milli
		[0.00%] Symbolic Bound Tightening: 45 milli
		[0.00%] SoI-based local search: 0 milli
		[0.00%] SoI-based local search: 0 milli
		[0.00%] Unaccounted for: 0 milli
	--- Preprocessor Statistics ---
	Number of preprocessor bound-tightening loop iterations: 3
	Number of eliminated variables: 175
	Number of constraints removed due to variable elimination: 175
	Number of equations removed due to variable elimination: 0
	--- Engine Statistics ---
	Number of main loop iterations: 1
		0 iterations were simplex steps. Total time: 0 milli. Average: 0.00 milli.
		0 iterations were constraint-fixing steps. Total time: 0 milli. Average: 0.00 milli
	Number of active piecewise-linear constraints: 81 / 81
		Constraints disabled by valid splits: 0. By SMT-originated splits: 0
	Last reported degradation: 0.0000000000. Max degradation so far: 0.0000000000. Restorations so far: 0
	Number of simplex pivots we attempted to skip because of instability: 0.
	Unstable pivots performed anyway: 0
	--- Tableau Statistics ---
	Total number of pivots performed: 0
		Real pivots: 0. Degenerate: 0 (0.00%)
		Degenerate pivots by request (e.g., to fix a PL constraint): 0 (0.00%)
		Average time per pivot: 0.00 milli
	Total number of fake pivots performed: 0
	Total number of rows added: 0. Number of merged columns: 0
	Current tableau dimensions: M = 766, N = 2125
	--- SMT Core Statistics ---
	Total depth is 0. Total visited states: 1. Number of splits: 0. Number of pops: 0
	Max stack depth: 0
	--- Bound Tightening Statistics ---
	Number of tightened bounds: 0.
		Number of rows examined by row tightener: 0. Consequent tightenings: 0
		Number of explicit basis matrices examined by row tightener: 0. Consequent tightenings: 0
		Number of bound tightening rounds on the entire constraint matrix: 0. Consequent tightenings: 0
		Number of bound notifications sent to PL constraints: 486. Tightenings proposed: 0
	--- Basis Factorization statistics ---
	Number of basis refactorizations: 2
	--- Projected Steepest Edge Statistics ---
	Number of iterations: 0.
	Number of resets to reference space: 1. Avg. iterations per reset: 0
	--- SBT ---
	Number of tightened bounds: 385
	--- SoI-based local search ---
	Number of proposed phase pattern update: 0. Number of accepted update: 0 [0.00%]
	Total time (% of local search time) updating SoI phase pattern : 0 milli [0.00%]
	Total time obtaining current assignment: 0 milli [0.00%]
	Total time getting SoI phase pattern : 0 milli [0.00%]
	--- Context dependent statistics ---
	Number of pushes / pops: 0 / 0
		[0.00%] Pre-Push hook: 0 milli
		[0.00%] Push : 0 milli
		[0.00%] Post-Pop hook: 0 milli
		[0.00%] Pop : 0 milli
		[0.00%] Total context-switching time: 0 milli
	--- Proof Certificate ---
	Number of certified leaves: 0
	Number of leaves to delegate: 0

---

19:58:46 Statistics update:
	--- Time Statistics ---
	Total time elapsed: 160087 milli (00:02:40)
		Main loop: 157871 milli (00:02:37)
		Preprocessing time: 811 milli (00:00:00)
		Unknown: 1404 milli (00:00:01)
	Breakdown for main loop:
		[97.51%] Simplex steps: 153935 milli
		[1.31%] Explicit-basis bound tightening: 2063 milli
		[0.00%] Constraint-matrix bound tightening: 0 milli
		[0.56%] Degradation checking: 891 milli
		[0.00%] Precision restoration: 0 milli
		[0.26%] Statistics handling: 413 milli
		[0.00%] Constraint-fixing steps: 0 milli
		[0.00%] Valid case splits: 1 milli. Average per split: 0.00 milli
		[0.00%] Applying stored bound-tightening: 3 milli
		[0.01%] SMT core: 19 milli
		[0.44%] Symbolic Bound Tightening: 688 milli
		[68.67%] SoI-based local search: 108412 milli
		[0.00%] SoI-based local search: 0 milli
		[11684621016793.91%] Unaccounted for: 0 milli
	--- Preprocessor Statistics ---
	Number of preprocessor bound-tightening loop iterations: 3
	Number of eliminated variables: 175
	Number of constraints removed due to variable elimination: 175
	Number of equations removed due to variable elimination: 0
	--- Engine Statistics ---
	Number of main loop iterations: 10000
		9951 iterations were simplex steps. Total time: 153935 milli. Average: 15.47 milli.
		0 iterations were constraint-fixing steps. Total time: 0 milli. Average: 0.00 milli
	Number of active piecewise-linear constraints: 58 / 81
		Constraints disabled by valid splits: 0. By SMT-originated splits: 23
	Last reported degradation: 0.0000001955. Max degradation so far: 0.0001281223. Restorations so far: 0
	Number of simplex pivots we attempted to skip because of instability: 0.
	Unstable pivots performed anyway: 0
	--- Tableau Statistics ---
	Total number of pivots performed: 9291
		Real pivots: 9288. Degenerate: 3 (0.03%)
		Degenerate pivots by request (e.g., to fix a PL constraint): 0 (0.00%)
		Average time per pivot: 2.09 milli
	Total number of fake pivots performed: 458
	Total number of rows added: 0. Number of merged columns: 0
	Current tableau dimensions: M = 766, N = 2125
	--- SMT Core Statistics ---
	Total depth is 23. Total visited states: 24. Number of splits: 23. Number of pops: 0
	Max stack depth: 23
	--- Bound Tightening Statistics ---
	Number of tightened bounds: 4430.
		Number of rows examined by row tightener: 9291. Consequent tightenings: 0
		Number of explicit basis matrices examined by row tightener: 1. Consequent tightenings: 398
		Number of bound tightening rounds on the entire constraint matrix: 0. Consequent tightenings: 0
		Number of bound notifications sent to PL constraints: 1018. Tightenings proposed: 0
	--- Basis Factorization statistics ---
	Number of basis refactorizations: 81
	--- Projected Steepest Edge Statistics ---
	Number of iterations: 9749.
	Number of resets to reference space: 10. Avg. iterations per reset: 974
	--- SBT ---
	Number of tightened bounds: 4815
	--- SoI-based local search ---
	Number of proposed phase pattern update: 80. Number of accepted update: 56 [70.00%]
	Total time (% of local search time) updating SoI phase pattern : 40986 milli [0.04%]
	Total time obtaining current assignment: 107408 milli [0.10%]
	Total time getting SoI phase pattern : 18220 milli [0.01%]
	--- Context dependent statistics ---
	Number of pushes / pops: 23 / 0
		[0.01%] Pre-Push hook: 11 milli
		[0.00%] Push : 0 milli
		[0.00%] Post-Pop hook: 0 milli
		[0.00%] Pop : 0 milli
		[0.01%] Total context-switching time: 11 milli
	--- Proof Certificate ---
	Number of certified leaves: 0
	Number of leaves to delegate: 0

20:01:06 Statistics update:
	--- Time Statistics ---
	Total time elapsed: 300248 milli (00:05:00)
		Main loop: 298497 milli (00:04:58)
		Preprocessing time: 811 milli (00:00:00)
		Unknown: 939 milli (00:00:00)
	Breakdown for main loop:
		[97.45%] Simplex steps: 290893 milli
		[0.69%] Explicit-basis bound tightening: 2063 milli
		[0.00%] Constraint-matrix bound tightening: 0 milli
		[0.60%] Degradation checking: 1795 milli
		[0.00%] Precision restoration: 0 milli
		[0.27%] Statistics handling: 797 milli
		[0.00%] Constraint-fixing steps: 0 milli
		[0.00%] Valid case splits: 4 milli. Average per split: 0.00 milli
		[0.00%] Applying stored bound-tightening: 9 milli
		[0.02%] SMT core: 56 milli
		[0.62%] Symbolic Bound Tightening: 1843 milli
		[71.84%] SoI-based local search: 214437 milli
		[0.00%] SoI-based local search: 0 milli
		[0.35%] Unaccounted for: 1034 milli
	--- Preprocessor Statistics ---
	Number of preprocessor bound-tightening loop iterations: 3
	Number of eliminated variables: 175
	Number of constraints removed due to variable elimination: 175
	Number of equations removed due to variable elimination: 0
	--- Engine Statistics ---
	Number of main loop iterations: 20000
		19877 iterations were simplex steps. Total time: 290893 milli. Average: 14.63 milli.
		0 iterations were constraint-fixing steps. Total time: 0 milli. Average: 0.00 milli
	Number of active piecewise-linear constraints: 21 / 81
		Constraints disabled by valid splits: 0. By SMT-originated splits: 60
	Last reported degradation: 0.0000001955. Max degradation so far: 0.0001281223. Restorations so far: 0
	Number of simplex pivots we attempted to skip because of instability: 0.
	Unstable pivots performed anyway: 0
	--- Tableau Statistics ---
	Total number of pivots performed: 18295
		Real pivots: 18290. Degenerate: 5 (0.03%)
		Degenerate pivots by request (e.g., to fix a PL constraint): 0 (0.00%)
		Average time per pivot: 2.08 milli
	Total number of fake pivots performed: 1027
	Total number of rows added: 0. Number of merged columns: 0
	Current tableau dimensions: M = 766, N = 2125
	--- SMT Core Statistics ---
	Total depth is 60. Total visited states: 61. Number of splits: 60. Number of pops: 0
	Max stack depth: 60
	--- Bound Tightening Statistics ---
	Number of tightened bounds: 11558.
		Number of rows examined by row tightener: 18295. Consequent tightenings: 1
		Number of explicit basis matrices examined by row tightener: 1. Consequent tightenings: 398
		Number of bound tightening rounds on the entire constraint matrix: 0. Consequent tightenings: 0
		Number of bound notifications sent to PL constraints: 1093. Tightenings proposed: 0
	--- Basis Factorization statistics ---
	Number of basis refactorizations: 156
	--- Projected Steepest Edge Statistics ---
	Number of iterations: 19322.
	Number of resets to reference space: 20. Avg. iterations per reset: 966
	--- SBT ---
	Number of tightened bounds: 11943
	--- SoI-based local search ---
	Number of proposed phase pattern update: 224. Number of accepted update: 164 [73.21%]
	Total time (% of local search time) updating SoI phase pattern : 92535 milli [0.04%]
	Total time obtaining current assignment: 426060 milli [0.20%]
	Total time getting SoI phase pattern : 26382 milli [0.01%]
	--- Context dependent statistics ---
	Number of pushes / pops: 60 / 0
		[0.01%] Pre-Push hook: 38 milli
		[0.00%] Push : 0 milli
		[0.00%] Post-Pop hook: 0 milli
		[0.00%] Pop : 0 milli
		[0.01%] Total context-switching time: 38 milli
	--- Proof Certificate ---
	Number of certified leaves: 0
	Number of leaves to delegate: 0


Engine: quitting due to timeout...

Final statistics:

20:01:07 Statistics update:
	--- Time Statistics ---
	Total time elapsed: 301648 milli (00:05:01)
		Main loop: 300124 milli (00:05:00)
		Preprocessing time: 811 milli (00:00:00)
		Unknown: 713 milli (00:00:00)
	Breakdown for main loop:
		[97.38%] Simplex steps: 292264 milli
		[0.69%] Explicit-basis bound tightening: 2063 milli
		[0.00%] Constraint-matrix bound tightening: 0 milli
		[0.60%] Degradation checking: 1810 milli
		[0.00%] Precision restoration: 0 milli
		[0.27%] Statistics handling: 801 milli
		[0.00%] Constraint-fixing steps: 0 milli
		[0.00%] Valid case splits: 4 milli. Average per split: 0.00 milli
		[0.00%] Applying stored bound-tightening: 9 milli
		[0.02%] SMT core: 56 milli
		[0.61%] Symbolic Bound Tightening: 1843 milli
		[71.81%] SoI-based local search: 215519 milli
		[0.00%] SoI-based local search: 0 milli
		[0.42%] Unaccounted for: 1270 milli
	--- Preprocessor Statistics ---
	Number of preprocessor bound-tightening loop iterations: 3
	Number of eliminated variables: 175
	Number of constraints removed due to variable elimination: 175
	Number of equations removed due to variable elimination: 0
	--- Engine Statistics ---
	Number of main loop iterations: 20103
		19981 iterations were simplex steps. Total time: 292264 milli. Average: 14.63 milli.
		0 iterations were constraint-fixing steps. Total time: 0 milli. Average: 0.00 milli
	Number of active piecewise-linear constraints: 21 / 81
		Constraints disabled by valid splits: 0. By SMT-originated splits: 60
	Last reported degradation: 0.0000001955. Max degradation so far: 0.0001281223. Restorations so far: 0
	Number of simplex pivots we attempted to skip because of instability: 0.
	Unstable pivots performed anyway: 0
	--- Tableau Statistics ---
	Total number of pivots performed: 18379
		Real pivots: 18374. Degenerate: 5 (0.03%)
		Degenerate pivots by request (e.g., to fix a PL constraint): 0 (0.00%)
		Average time per pivot: 2.07 milli
	Total number of fake pivots performed: 1041
	Total number of rows added: 0. Number of merged columns: 0
	Current tableau dimensions: M = 766, N = 2125
	--- SMT Core Statistics ---
	Total depth is 60. Total visited states: 61. Number of splits: 60. Number of pops: 0
	Max stack depth: 60
	--- Bound Tightening Statistics ---
	Number of tightened bounds: 11558.
		Number of rows examined by row tightener: 18379. Consequent tightenings: 1
		Number of explicit basis matrices examined by row tightener: 1. Consequent tightenings: 398
		Number of bound tightening rounds on the entire constraint matrix: 0. Consequent tightenings: 0
		Number of bound notifications sent to PL constraints: 1093. Tightenings proposed: 0
	--- Basis Factorization statistics ---
	Number of basis refactorizations: 156
	--- Projected Steepest Edge Statistics ---
	Number of iterations: 19420.
	Number of resets to reference space: 20. Avg. iterations per reset: 971
	--- SBT ---
	Number of tightened bounds: 11943
	--- SoI-based local search ---
	Number of proposed phase pattern update: 226. Number of accepted update: 165 [73.01%]
	Total time (% of local search time) updating SoI phase pattern : 92566 milli [0.04%]
	Total time obtaining current assignment: 432080 milli [0.20%]
	Total time getting SoI phase pattern : 26474 milli [0.01%]
	--- Context dependent statistics ---
	Number of pushes / pops: 60 / 0
		[0.01%] Pre-Push hook: 38 milli
		[0.00%] Push : 0 milli
		[0.00%] Post-Pop hook: 0 milli
		[0.00%] Pop : 0 milli
		[0.01%] Total context-switching time: 38 milli
	--- Proof Certificate ---
	Number of certified leaves: 0
	Number of leaves to delegate: 0
Timeout
