InputQuery: /home/levn/Workspace/othello_world/queries/head_prove_probe_robust/game_71_target_27_eps_0.1.txt
Engine::processInputQuery: Input query (before preprocessing): 510 equations, 1277 variables
Engine::processInputQuery: Input query (after preprocessing): 766 equations, 1461 variables

Input bounds:
	x0: [ -0.9546,  -0.7546] 
	x1: [ -1.9383,  -1.7383] 
	x2: [  0.6397,   0.8397] 
	x3: [  0.8838,   1.0838] 
	x4: [ -0.5376,  -0.3376] 
	x5: [  1.0542,   1.2542] 
	x6: [  0.0245,   0.2245] 
	x7: [  1.4177,   1.6177] 
	x8: [ -0.5030,  -0.3030] 
	x9: [  1.5509,   1.7509] 
	x10: [  2.7539,   2.9539] 
	x11: [ -0.5270,  -0.3270] 
	x12: [ -3.8028,  -3.6028] 
	x13: [ -2.9815,  -2.7815] 
	x14: [  2.5149,   2.7149] 
	x15: [ -1.1302,  -0.9302] 
	x16: [  0.0167,   0.2167] 
	x17: [ -0.4350,  -0.2350] 
	x18: [  1.3485,   1.5485] 
	x19: [  2.6928,   2.8928] 
	x20: [  1.9662,   2.1662] 
	x21: [ -0.4237,  -0.2237] 
	x22: [ -2.9821,  -2.7821] 
	x23: [ -0.7983,  -0.5983] 
	x24: [  1.5312,   1.7312] 
	x25: [ -1.1786,  -0.9786] 
	x26: [  1.3491,   1.5491] 
	x27: [  0.7560,   0.9560] 
	x28: [ -0.6198,  -0.4198] 
	x29: [  0.7371,   0.9371] 
	x30: [  2.0331,   2.2331] 
	x31: [ -0.4808,  -0.2808] 
	x32: [ -4.7647,  -4.5647] 
	x33: [ -0.8178,  -0.6178] 
	x34: [ -2.0892,  -1.8892] 
	x35: [  0.5007,   0.7007] 
	x36: [  2.2949,   2.4949] 
	x37: [ -3.9695,  -3.7695] 
	x38: [ -3.0475,  -2.8475] 
	x39: [ -2.2437,  -2.0437] 
	x40: [  2.2286,   2.4286] 
	x41: [ -0.1060,   0.0940] 
	x42: [  1.2898,   1.4898] 
	x43: [  0.4120,   0.6120] 
	x44: [  0.6584,   0.8584] 
	x45: [ -1.9012,  -1.7012] 
	x46: [ -0.6952,  -0.4952] 
	x47: [  0.0253,   0.2253] 
	x48: [  1.3172,   1.5172] 
	x49: [ -1.6354,  -1.4354] 
	x50: [  0.0325,   0.2325] 
	x51: [ -0.7918,  -0.5918] 
	x52: [ -0.5904,  -0.3904] 
	x53: [ -0.5507,  -0.3507] 
	x54: [  4.1880,   4.3880] 
	x55: [  1.6398,   1.8398] 
	x56: [ -2.9749,  -2.7749] 
	x57: [ -0.3950,  -0.1950] 
	x58: [  1.0331,   1.2331] 
	x59: [ -0.1516,   0.0484] 
	x60: [  1.0485,   1.2485] 
	x61: [  3.2387,   3.4387] 
	x62: [ -0.0753,   0.1247] 
	x63: [ -0.9701,  -0.7701] 
	x64: [  0.6241,   0.8241] 
	x65: [ -1.6526,  -1.4526] 
	x66: [ -2.3456,  -2.1456] 
	x67: [ -2.7524,  -2.5524] 
	x68: [  2.5089,   2.7089] 
	x69: [  1.2134,   1.4134] 
	x70: [  1.6071,   1.8071] 
	x71: [ -0.3317,  -0.1317] 
	x72: [ -3.8060,  -3.6060] 
	x73: [ -1.6358,  -1.4358] 
	x74: [  0.7588,   0.9588] 
	x75: [ -1.7186,  -1.5186] 
	x76: [ -4.7506,  -4.5506] 
	x77: [ -0.6395,  -0.4395] 
	x78: [ -0.8697,  -0.6697] 
	x79: [ -0.7872,  -0.5872] 
	x80: [ -0.8838,  -0.6838] 
	x81: [ -1.1863,  -0.9863] 
	x82: [ -1.3611,  -1.1611] 
	x83: [ -1.0959,  -0.8959] 
	x84: [ -0.3679,  -0.1679] 
	x85: [ -1.1688,  -0.9688] 
	x86: [  1.1267,   1.3267] 
	x87: [  0.4796,   0.6796] 
	x88: [ -1.2924,  -1.0924] 
	x89: [  1.0194,   1.2194] 
	x90: [  0.7350,   0.9350] 
	x91: [ -0.4344,  -0.2344] 
	x92: [ -3.5647,  -3.3647] 
	x93: [  0.0772,   0.2772] 
	x94: [  0.7211,   0.9211] 
	x95: [  1.7097,   1.9097] 
	x96: [  0.2371,   0.4371] 
	x97: [  0.8921,   1.0921] 
	x98: [ -2.8669,  -2.6669] 
	x99: [ -1.0547,  -0.8547] 
	x100: [  0.3687,   0.5687] 
	x101: [  1.6246,   1.8246] 
	x102: [  0.4178,   0.6178] 
	x103: [  0.4468,   0.6468] 
	x104: [ -0.0653,   0.1347] 
	x105: [  1.0651,   1.2651] 
	x106: [ -0.6291,  -0.4291] 
	x107: [  0.2234,   0.4234] 
	x108: [ -0.0292,   0.1708] 
	x109: [ -0.5041,  -0.3041] 
	x110: [ -1.8205,  -1.6205] 
	x111: [ -1.4793,  -1.2793] 
	x112: [ -1.0752,  -0.8752] 
	x113: [  0.5197,   0.7197] 
	x114: [ -1.1930,  -0.9930] 
	x115: [ -1.6953,  -1.4953] 
	x116: [  0.5583,   0.7583] 
	x117: [ -0.3501,  -0.1501] 
	x118: [ -1.2712,  -1.0712] 
	x119: [  1.1396,   1.3396] 
	x120: [  0.2467,   0.4467] 
	x121: [ -0.0076,   0.1924] 
	x122: [  1.3258,   1.5258] 
	x123: [  0.9939,   1.1939] 
	x124: [  0.5291,   0.7291] 
	x125: [  0.0396,   0.2396] 
	x126: [  1.5877,   1.7877] 
	x127: [  1.1861,   1.3861] 
	x128: [ -1.3348,  -1.1348] 
	x129: [  1.3415,   1.5415] 
	x130: [  2.8837,   3.0837] 
	x131: [  1.3124,   1.5124] 
	x132: [ -2.1866,  -1.9866] 
	x133: [  3.4572,   3.6572] 
	x134: [  5.1761,   5.3761] 
	x135: [ -0.2111,  -0.0111] 
	x136: [ -1.5071,  -1.3071] 
	x137: [  1.3594,   1.5594] 
	x138: [ -1.8417,  -1.6417] 
	x139: [ -0.3052,  -0.1052] 
	x140: [  2.0519,   2.2519] 
	x141: [  0.7640,   0.9640] 
	x142: [ -1.1431,  -0.9431] 
	x143: [  2.1030,   2.3030] 
	x144: [  1.4774,   1.6774] 
	x145: [  1.2728,   1.4728] 
	x146: [ -4.2409,  -4.0409] 
	x147: [ -0.7527,  -0.5527] 
	x148: [ -0.5727,  -0.3727] 
	x149: [  1.1200,   1.3200] 
	x150: [  1.8115,   2.0115] 
	x151: [  0.2085,   0.4085] 
	x152: [ -0.8695,  -0.6695] 
	x153: [  0.9562,   1.1562] 
	x154: [ -1.1440,  -0.9440] 
	x155: [ -1.0842,  -0.8842] 
	x156: [  0.3663,   0.5663] 
	x157: [ -2.2247,  -2.0247] 
	x158: [  2.4921,   2.6921] 
	x159: [ -1.8963,  -1.6963] 
	x160: [ -2.8905,  -2.6905] 
	x161: [ -1.3138,  -1.1138] 
	x162: [ -2.5160,  -2.3160] 
	x163: [ -0.4760,  -0.2760] 
	x164: [ -1.2902,  -1.0902] 
	x165: [ -0.1800,   0.0200] 
	x166: [ -0.0553,   0.1447] 
	x167: [  1.7890,   1.9890] 
	x168: [  1.3946,   1.5946] 
	x169: [  1.0946,   1.2946] 
	x170: [ -2.6716,  -2.4716] 
	x171: [  0.8072,   1.0072] 
	x172: [  1.9893,   2.1893] 
	x173: [ -0.0230,   0.1770] 
	x174: [ -1.3811,  -1.1811] 
	x175: [  0.3748,   0.5748] 
	x176: [ -1.3744,  -1.1744] 
	x177: [  1.3855,   1.5855] 
	x178: [ -1.5098,  -1.3098] 
	x179: [ -2.0678,  -1.8678] 
	x180: [ -0.2351,  -0.0351] 
	x181: [ -2.3326,  -2.1326] 
	x182: [  1.1893,   1.3893] 
	x183: [  2.3344,   2.5344] 
	x184: [ -1.4220,  -1.2220] 
	x185: [ -1.8893,  -1.6893] 
	x186: [  1.8270,   2.0270] 
	x187: [  2.8656,   3.0656] 
	x188: [  2.6899,   2.8899] 
	x189: [ -0.7069,  -0.5069] 
	x190: [  3.5202,   3.7202] 
	x191: [ -1.0656,  -0.8656] 
	x192: [  1.1658,   1.3658] 
	x193: [ -0.2962,  -0.0962] 
	x194: [ -1.7775,  -1.5775] 
	x195: [ -2.3438,  -2.1438] 
	x196: [  1.1285,   1.3285] 
	x197: [ -0.2183,  -0.0183] 
	x198: [ -0.1457,   0.0543] 
	x199: [  0.7953,   0.9953] 
	x200: [ -1.4311,  -1.2311] 
	x201: [ -0.4387,  -0.2387] 
	x202: [ -0.2743,  -0.0743] 
	x203: [ -3.0357,  -2.8357] 
	x204: [ -0.1220,   0.0780] 
	x205: [  0.1659,   0.3659] 
	x206: [ -1.2650,  -1.0650] 
	x207: [ -0.0963,   0.1037] 
	x208: [ -0.1864,   0.0136] 
	x209: [ -2.0825,  -1.8825] 
	x210: [  0.6119,   0.8119] 
	x211: [ -0.0744,   0.1256] 
	x212: [ -0.3740,  -0.1740] 
	x213: [ -3.8011,  -3.6011] 
	x214: [ -1.4549,  -1.2549] 
	x215: [  0.7752,   0.9752] 
	x216: [  0.1229,   0.3229] 
	x217: [  1.0513,   1.2513] 
	x218: [ -1.4231,  -1.2231] 
	x219: [ -0.2545,  -0.0545] 
	x220: [  1.5915,   1.7915] 
	x221: [ -0.4605,  -0.2605] 
	x222: [  0.6844,   0.8844] 
	x223: [  0.7855,   0.9855] 
	x224: [ -0.8491,  -0.6491] 
	x225: [  5.3176,   5.5176] 
	x226: [ -0.1596,   0.0404] 
	x227: [ -0.3041,  -0.1041] 
	x228: [ -2.7357,  -2.5357] 
	x229: [  2.3720,   2.5720] 
	x230: [  0.1084,   0.3084] 
	x231: [ -1.6312,  -1.4312] 
	x232: [  2.3669,   2.5669] 
	x233: [  1.4996,   1.6996] 
	x234: [ -1.2176,  -1.0176] 
	x235: [ -0.3343,  -0.1343] 
	x236: [  1.7735,   1.9735] 
	x237: [  0.1333,   0.3333] 
	x238: [  0.4067,   0.6067] 
	x239: [  2.2197,   2.4197] 
	x240: [  1.1250,   1.3250] 
	x241: [ -2.4433,  -2.2433] 
	x242: [  0.9754,   1.1754] 
	x243: [  3.0043,   3.2043] 
	x244: [ -0.0802,   0.1198] 
	x245: [  0.9543,   1.1543] 
	x246: [  0.4257,   0.6257] 
	x247: [ -3.1501,  -2.9501] 
	x248: [ -0.2360,  -0.0360] 
	x249: [  0.4946,   0.6946] 
	x250: [  2.0852,   2.2852] 
	x251: [  1.5131,   1.7131] 
	x252: [ -1.8615,  -1.6615] 
	x253: [  0.9333,   1.1333] 
	x254: [ -2.8315,  -2.6315] 
	x255: [ -0.9559,  -0.7559] 
	x256: [  0.0566,   0.2566] 
	x257: [  1.6198,   1.8198] 
	x258: [ -2.9378,  -2.7378] 
	x259: [ -0.7501,  -0.5501] 
	x260: [  2.5754,   2.7754] 
	x261: [ -1.0526,  -0.8526] 
	x262: [  1.0967,   1.2967] 
	x263: [  0.2542,   0.4542] 
	x264: [  3.8821,   4.0821] 
	x265: [  2.9195,   3.1195] 
	x266: [  1.2476,   1.4476] 
	x267: [ -0.5193,  -0.3193] 
	x268: [ -3.1468,  -2.9468] 
	x269: [ -0.1470,   0.0530] 
	x270: [  0.5221,   0.7221] 
	x271: [ -0.9693,  -0.7693] 
	x272: [ -1.0453,  -0.8453] 
	x273: [ -0.7653,  -0.5653] 
	x274: [  2.2019,   2.4019] 
	x275: [  0.6097,   0.8097] 
	x276: [ -0.9445,  -0.7445] 
	x277: [  0.6958,   0.8958] 
	x278: [  0.3927,   0.5927] 
	x279: [  0.7482,   0.9482] 
	x280: [  0.7143,   0.9143] 
	x281: [  1.6501,   1.8501] 
	x282: [ -0.3979,  -0.1979] 
	x283: [  0.0105,   0.2105] 
	x284: [ -4.2897,  -4.0897] 
	x285: [ -1.0624,  -0.8624] 
	x286: [  2.3567,   2.5567] 
	x287: [ -1.7538,  -1.5538] 
	x288: [ -2.6949,  -2.4949] 
	x289: [  1.9230,   2.1230] 
	x290: [ -0.2138,  -0.0138] 
	x291: [ -0.5854,  -0.3854] 
	x292: [ -0.6097,  -0.4097] 
	x293: [ -0.2447,  -0.0447] 
	x294: [  3.0037,   3.2037] 
	x295: [  0.3958,   0.5958] 
	x296: [  0.0895,   0.2895] 
	x297: [ -0.5901,  -0.3901] 
	x298: [ -4.4701,  -4.2701] 
	x299: [  1.0234,   1.2234] 
	x300: [  0.7338,   0.9338] 
	x301: [  3.6052,   3.8052] 
	x302: [ -1.2700,  -1.0700] 
	x303: [  1.9022,   2.1022] 
	x304: [  0.4984,   0.6984] 
	x305: [ -0.7287,  -0.5287] 
	x306: [  1.5512,   1.7512] 
	x307: [ -0.4756,  -0.2756] 
	x308: [ -1.6576,  -1.4576] 
	x309: [  0.1536,   0.3536] 
	x310: [ -0.9567,  -0.7567] 
	x311: [ -3.2173,  -3.0173] 
	x312: [  1.6160,   1.8160] 
	x313: [ -3.3186,  -3.1186] 
	x314: [ -1.8488,  -1.6488] 
	x315: [  0.2675,   0.4675] 
	x316: [ -2.4825,  -2.2825] 
	x317: [  1.3131,   1.5131] 
	x318: [ -1.3915,  -1.1915] 
	x319: [  2.2242,   2.4242] 
	x320: [  0.4836,   0.6836] 
	x321: [ -0.4978,  -0.2978] 
	x322: [  0.6330,   0.8330] 
	x323: [  4.1158,   4.3158] 
	x324: [ -1.2924,  -1.0924] 
	x325: [ -0.8759,  -0.6759] 
	x326: [  0.9020,   1.1020] 
	x327: [  0.7224,   0.9224] 
	x328: [ -0.8297,  -0.6297] 
	x329: [  1.4113,   1.6113] 
	x330: [  0.9450,   1.1450] 
	x331: [ -1.2857,  -1.0857] 
	x332: [  1.9995,   2.1995] 
	x333: [ -0.9165,  -0.7165] 
	x334: [  0.1051,   0.3051] 
	x335: [ -1.9304,  -1.7304] 
	x336: [ -1.4147,  -1.2147] 
	x337: [  1.7322,   1.9322] 
	x338: [ -1.2277,  -1.0277] 
	x339: [ -0.1186,   0.0814] 
	x340: [ -0.3127,  -0.1127] 
	x341: [  2.7682,   2.9682] 
	x342: [ -2.9860,  -2.7860] 
	x343: [  1.2544,   1.4544] 
	x344: [  2.0582,   2.2582] 
	x345: [ -3.1009,  -2.9009] 
	x346: [  2.0216,   2.2216] 
	x347: [  1.5388,   1.7388] 
	x348: [ -3.2110,  -3.0110] 
	x349: [  1.3474,   1.5474] 
	x350: [  0.2700,   0.4700] 
	x351: [ -0.9014,  -0.7014] 
	x352: [ -1.5342,  -1.3342] 
	x353: [ -0.1488,   0.0512] 
	x354: [  1.0394,   1.2394] 
	x355: [  0.7300,   0.9300] 
	x356: [  1.8975,   2.0975] 
	x357: [ -2.6280,  -2.4280] 
	x358: [ -0.4855,  -0.2855] 
	x359: [ -2.2489,  -2.0489] 
	x360: [ -1.4584,  -1.2584] 
	x361: [  0.3533,   0.5533] 
	x362: [  0.4247,   0.6247] 
	x363: [  0.1423,   0.3423] 
	x364: [  1.0392,   1.2392] 
	x365: [  0.0974,   0.2974] 
	x366: [  0.9278,   1.1278] 
	x367: [  0.4004,   0.6004] 
	x368: [  1.0227,   1.2227] 
	x369: [  0.7144,   0.9144] 
	x370: [ -2.2616,  -2.0616] 
	x371: [ -2.9859,  -2.7859] 
	x372: [ -0.4669,  -0.2669] 
	x373: [  0.9112,   1.1112] 
	x374: [  0.4430,   0.6430] 
	x375: [  0.0387,   0.2387] 
	x376: [ -2.1905,  -1.9905] 
	x377: [  1.0462,   1.2462] 
	x378: [  1.1880,   1.3880] 
	x379: [  2.5208,   2.7208] 
	x380: [  2.8775,   3.0775] 
	x381: [ -1.3991,  -1.1991] 
	x382: [ -0.5680,  -0.3680] 
	x383: [  0.0434,   0.2434] 
	x384: [  4.1136,   4.3136] 
	x385: [ -0.7467,  -0.5467] 
	x386: [  2.0165,   2.2165] 
	x387: [ -3.1900,  -2.9900] 
	x388: [ -3.5490,  -3.3490] 
	x389: [ -3.0244,  -2.8244] 
	x390: [  0.7492,   0.9492] 
	x391: [  2.2714,   2.4714] 
	x392: [ -1.3943,  -1.1943] 
	x393: [  1.6379,   1.8379] 
	x394: [  2.3802,   2.5802] 
	x395: [  0.5227,   0.7227] 
	x396: [ -1.7210,  -1.5210] 
	x397: [  0.3259,   0.5259] 
	x398: [  0.1075,   0.3075] 
	x399: [ -0.5866,  -0.3866] 
	x400: [  0.5049,   0.7049] 
	x401: [ -2.6663,  -2.4663] 
	x402: [ -0.3869,  -0.1869] 
	x403: [  1.7359,   1.9359] 
	x404: [  2.3412,   2.5412] 
	x405: [  3.8836,   4.0836] 
	x406: [  0.3213,   0.5213] 
	x407: [  2.0952,   2.2952] 
	x408: [  1.8607,   2.0607] 
	x409: [ -3.0872,  -2.8872] 
	x410: [ -2.9216,  -2.7216] 
	x411: [ -3.9678,  -3.7678] 
	x412: [  0.2458,   0.4458] 
	x413: [  0.4802,   0.6802] 
	x414: [ -0.7264,  -0.5264] 
	x415: [  0.8584,   1.0584] 
	x416: [  1.5669,   1.7669] 
	x417: [ -1.0081,  -0.8081] 
	x418: [ -0.8243,  -0.6243] 
	x419: [  1.5904,   1.7904] 
	x420: [ -2.2990,  -2.0990] 
	x421: [  1.5703,   1.7703] 
	x422: [ -1.7435,  -1.5435] 
	x423: [  2.7325,   2.9325] 
	x424: [ -0.8465,  -0.6465] 
	x425: [ -1.3770,  -1.1770] 
	x426: [  4.3872,   4.5872] 
	x427: [  3.0275,   3.2275] 
	x428: [ -2.0407,  -1.8407] 
	x429: [  0.4763,   0.6763] 
	x430: [ -2.5384,  -2.3384] 
	x431: [  1.2257,   1.4257] 
	x432: [ -3.9729,  -3.7729] 
	x433: [ -3.2019,  -3.0019] 
	x434: [ -2.4309,  -2.2309] 
	x435: [ -1.1262,  -0.9262] 
	x436: [  0.7048,   0.9048] 
	x437: [  1.2653,   1.4653] 
	x438: [  2.5968,   2.7968] 
	x439: [ -0.8662,  -0.6662] 
	x440: [ -2.1386,  -1.9386] 
	x441: [  0.5249,   0.7249] 
	x442: [ -0.6388,  -0.4388] 
	x443: [ -2.1590,  -1.9590] 
	x444: [ -4.1526,  -3.9526] 
	x445: [ -1.3701,  -1.1701] 
	x446: [ -1.5955,  -1.3955] 
	x447: [ -0.4775,  -0.2775] 
	x448: [ -2.3994,  -2.1994] 
	x449: [  0.2480,   0.4480] 
	x450: [  0.2123,   0.4123] 
	x451: [  2.2088,   2.4088] 
	x452: [ -0.7142,  -0.5142] 
	x453: [ -0.6758,  -0.4758] 
	x454: [  1.5903,   1.7903] 
	x455: [ -1.1362,  -0.9362] 
	x456: [ -2.6108,  -2.4108] 
	x457: [  0.4338,   0.6338] 
	x458: [ -2.4857,  -2.2857] 
	x459: [ -1.7324,  -1.5324] 
	x460: [ -0.1783,   0.0217] 
	x461: [  1.5106,   1.7106] 
	x462: [  0.3532,   0.5532] 
	x463: [ -0.3406,  -0.1406] 
	x464: [  0.3867,   0.5867] 
	x465: [  1.1438,   1.3438] 
	x466: [  1.3883,   1.5883] 
	x467: [  0.4955,   0.6955] 
	x468: [  0.5945,   0.7945] 
	x469: [ -0.7635,  -0.5635] 
	x470: [  2.1107,   2.3107] 
	x471: [ -0.9950,  -0.7950] 
	x472: [ -2.8488,  -2.6488] 
	x473: [  0.6015,   0.8015] 
	x474: [  1.8870,   2.0870] 
	x475: [  0.3243,   0.5243] 
	x476: [ -1.7760,  -1.5760] 
	x477: [  0.0185,   0.2185] 
	x478: [ -2.1544,  -1.9544] 
	x479: [ -0.3517,  -0.1517] 
	x480: [  0.9439,   1.1439] 
	x481: [ -0.6384,  -0.4384] 
	x482: [ -0.9827,  -0.7827] 
	x483: [ -2.5344,  -2.3344] 
	x484: [ -0.4312,  -0.2312] 
	x485: [  1.7607,   1.9607] 
	x486: [ -1.7728,  -1.5728] 
	x487: [  0.9079,   1.1079] 
	x488: [ -2.5005,  -2.3005] 
	x489: [  0.3432,   0.5432] 
	x490: [ -0.2208,  -0.0208] 
	x491: [  1.5015,   1.7015] 
	x492: [ -0.1358,   0.0642] 
	x493: [  0.4770,   0.6770] 
	x494: [  0.8905,   1.0905] 
	x495: [  0.3450,   0.5450] 
	x496: [  2.5147,   2.7147] 
	x497: [ -0.2607,  -0.0607] 
	x498: [ -0.1596,   0.0404] 
	x499: [ -0.1164,   0.0836] 
	x500: [ -1.8699,  -1.6699] 
	x501: [  1.0776,   1.2776] 
	x502: [  0.6146,   0.8146] 
	x503: [ -4.1107,  -3.9107] 
	x504: [  0.0610,   0.2610] 
	x505: [ -1.5502,  -1.3502] 
	x506: [  1.5688,   1.7688] 
	x507: [ -2.1493,  -1.9493] 
	x508: [ -1.5547,  -1.3547] 
	x509: [ -0.9697,  -0.7697] 
	x510: [ -3.3396,  -3.1396] 
	x511: [ -0.2119,  -0.0119] 

Branching heuristics set to PseudoImpact
unsat
