InputQuery: /home/levn/Workspace/othello_world/queries/head_prove_probe_robust/game_59_target_45_eps_0.05.txt
Engine::processInputQuery: Input query (before preprocessing): 510 equations, 1277 variables
Engine::processInputQuery: Input query (after preprocessing): 766 equations, 1366 variables

Input bounds:
	x0: [ -0.1947,  -0.0947] 
	x1: [ -0.2646,  -0.1646] 
	x2: [  1.6616,   1.7616] 
	x3: [ -0.3174,  -0.2174] 
	x4: [  1.2963,   1.3963] 
	x5: [ -2.1766,  -2.0766] 
	x6: [  1.0791,   1.1791] 
	x7: [  2.1862,   2.2862] 
	x8: [ -0.6745,  -0.5745] 
	x9: [  1.1297,   1.2297] 
	x10: [  1.8685,   1.9685] 
	x11: [ -0.3536,  -0.2536] 
	x12: [ -4.9149,  -4.8149] 
	x13: [ -0.1617,  -0.0617] 
	x14: [ -0.7280,  -0.6280] 
	x15: [ -1.2493,  -1.1493] 
	x16: [ -0.1359,  -0.0359] 
	x17: [  2.9955,   3.0955] 
	x18: [  0.3912,   0.4912] 
	x19: [  0.3635,   0.4635] 
	x20: [ -0.6602,  -0.5602] 
	x21: [  1.0808,   1.1808] 
	x22: [ -2.9157,  -2.8157] 
	x23: [  1.0120,   1.1120] 
	x24: [ -0.5313,  -0.4313] 
	x25: [  1.1458,   1.2458] 
	x26: [  0.7942,   0.8942] 
	x27: [ -2.6250,  -2.5250] 
	x28: [ -1.4510,  -1.3510] 
	x29: [ -0.5469,  -0.4469] 
	x30: [ -3.3352,  -3.2352] 
	x31: [ -2.2662,  -2.1662] 
	x32: [  0.1031,   0.2031] 
	x33: [ -1.0707,  -0.9707] 
	x34: [  3.7582,   3.8582] 
	x35: [  0.0030,   0.1030] 
	x36: [ -0.5697,  -0.4697] 
	x37: [ -0.3435,  -0.2435] 
	x38: [  1.9232,   2.0232] 
	x39: [ -4.2990,  -4.1990] 
	x40: [  1.4737,   1.5737] 
	x41: [  0.4610,   0.5610] 
	x42: [  1.2716,   1.3716] 
	x43: [ -1.1430,  -1.0430] 
	x44: [ -1.3561,  -1.2561] 
	x45: [ -1.6900,  -1.5900] 
	x46: [  0.4256,   0.5256] 
	x47: [ -1.6764,  -1.5764] 
	x48: [  0.3537,   0.4537] 
	x49: [ -0.1849,  -0.0849] 
	x50: [ -0.9031,  -0.8031] 
	x51: [  0.5454,   0.6454] 
	x52: [  1.5818,   1.6818] 
	x53: [ -0.5475,  -0.4475] 
	x54: [ -0.3421,  -0.2421] 
	x55: [  1.0593,   1.1593] 
	x56: [ -0.0823,   0.0177] 
	x57: [ -0.7237,  -0.6237] 
	x58: [ -4.3943,  -4.2943] 
	x59: [ -1.1823,  -1.0823] 
	x60: [  0.5200,   0.6200] 
	x61: [ -0.2531,  -0.1531] 
	x62: [ -0.4512,  -0.3512] 
	x63: [ -1.9389,  -1.8389] 
	x64: [  0.4068,   0.5068] 
	x65: [ -0.8106,  -0.7106] 
	x66: [ -3.6585,  -3.5585] 
	x67: [ -4.1759,  -4.0759] 
	x68: [ -0.2375,  -0.1375] 
	x69: [ -0.6913,  -0.5913] 
	x70: [ -4.8212,  -4.7212] 
	x71: [ -1.1663,  -1.0663] 
	x72: [  1.4240,   1.5240] 
	x73: [  1.6907,   1.7907] 
	x74: [ -1.1726,  -1.0726] 
	x75: [ -3.9594,  -3.8594] 
	x76: [ -2.6326,  -2.5326] 
	x77: [  1.4502,   1.5502] 
	x78: [ -0.7202,  -0.6202] 
	x79: [  1.1388,   1.2388] 
	x80: [ -0.5703,  -0.4703] 
	x81: [ -0.1773,  -0.0773] 
	x82: [  1.5297,   1.6297] 
	x83: [ -1.3636,  -1.2636] 
	x84: [ -0.6212,  -0.5212] 
	x85: [ -0.8339,  -0.7339] 
	x86: [  1.9405,   2.0405] 
	x87: [ -0.3147,  -0.2147] 
	x88: [  0.2143,   0.3143] 
	x89: [  0.8304,   0.9304] 
	x90: [  2.1898,   2.2898] 
	x91: [  0.8027,   0.9027] 
	x92: [ -3.2194,  -3.1194] 
	x93: [  0.0133,   0.1133] 
	x94: [ -0.5712,  -0.4712] 
	x95: [  3.6250,   3.7250] 
	x96: [ -0.0072,   0.0928] 
	x97: [  1.3976,   1.4976] 
	x98: [ -0.5890,  -0.4890] 
	x99: [  3.0579,   3.1579] 
	x100: [  0.4722,   0.5722] 
	x101: [ -0.3527,  -0.2527] 
	x102: [  2.4234,   2.5234] 
	x103: [ -2.6248,  -2.5248] 
	x104: [ -0.0410,   0.0590] 
	x105: [ -1.8306,  -1.7306] 
	x106: [  0.9526,   1.0526] 
	x107: [  0.5768,   0.6768] 
	x108: [  0.9332,   1.0332] 
	x109: [ -2.3834,  -2.2834] 
	x110: [ -2.2653,  -2.1653] 
	x111: [ -1.1165,  -1.0165] 
	x112: [  0.4352,   0.5352] 
	x113: [  0.1987,   0.2987] 
	x114: [ -3.6482,  -3.5482] 
	x115: [ -3.1999,  -3.0999] 
	x116: [ -0.4504,  -0.3504] 
	x117: [ -1.0967,  -0.9967] 
	x118: [ -0.0623,   0.0377] 
	x119: [  2.1217,   2.2217] 
	x120: [  4.1013,   4.2013] 
	x121: [  1.8564,   1.9564] 
	x122: [ -1.3188,  -1.2188] 
	x123: [  2.0516,   2.1516] 
	x124: [  1.9484,   2.0484] 
	x125: [ -0.1560,  -0.0560] 
	x126: [  1.2192,   1.3192] 
	x127: [  0.9134,   1.0134] 
	x128: [ -0.7468,  -0.6468] 
	x129: [ -0.7173,  -0.6173] 
	x130: [  0.3244,   0.4244] 
	x131: [  0.9814,   1.0814] 
	x132: [  0.4169,   0.5169] 
	x133: [  0.6039,   0.7039] 
	x134: [ -0.8439,  -0.7439] 
	x135: [ -4.1430,  -4.0430] 
	x136: [  2.9287,   3.0287] 
	x137: [ -1.5546,  -1.4546] 
	x138: [  0.2530,   0.3530] 
	x139: [ -1.9997,  -1.8997] 
	x140: [ -0.0418,   0.0582] 
	x141: [  1.6765,   1.7765] 
	x142: [  1.7516,   1.8516] 
	x143: [  4.8716,   4.9716] 
	x144: [ -0.7597,  -0.6597] 
	x145: [  2.1278,   2.2278] 
	x146: [ -4.1354,  -4.0354] 
	x147: [ -1.2868,  -1.1868] 
	x148: [  2.0006,   2.1006] 
	x149: [ -0.2135,  -0.1135] 
	x150: [ -1.9518,  -1.8518] 
	x151: [  0.6082,   0.7082] 
	x152: [  0.4131,   0.5131] 
	x153: [ -0.3670,  -0.2670] 
	x154: [ -1.2658,  -1.1658] 
	x155: [  2.3277,   2.4277] 
	x156: [  0.9750,   1.0750] 
	x157: [  2.9377,   3.0377] 
	x158: [ -0.5306,  -0.4306] 
	x159: [ -1.1164,  -1.0164] 
	x160: [ -1.5171,  -1.4171] 
	x161: [  0.8285,   0.9285] 
	x162: [  0.5391,   0.6391] 
	x163: [ -1.4150,  -1.3150] 
	x164: [ -2.6863,  -2.5863] 
	x165: [ -1.2218,  -1.1218] 
	x166: [  1.5362,   1.6362] 
	x167: [  0.9698,   1.0698] 
	x168: [ -1.4530,  -1.3530] 
	x169: [ -0.1285,  -0.0285] 
	x170: [ -1.3395,  -1.2395] 
	x171: [  0.5636,   0.6636] 
	x172: [  1.1351,   1.2351] 
	x173: [ -0.2401,  -0.1401] 
	x174: [ -1.7035,  -1.6035] 
	x175: [  4.4251,   4.5251] 
	x176: [ -0.1861,  -0.0861] 
	x177: [  2.0630,   2.1630] 
	x178: [ -2.0391,  -1.9391] 
	x179: [ -2.0274,  -1.9274] 
	x180: [ -0.4215,  -0.3215] 
	x181: [  0.4519,   0.5519] 
	x182: [  1.1938,   1.2938] 
	x183: [  0.6710,   0.7710] 
	x184: [ -0.6533,  -0.5533] 
	x185: [  1.1035,   1.2035] 
	x186: [ -1.7485,  -1.6485] 
	x187: [  0.2850,   0.3850] 
	x188: [  2.8600,   2.9600] 
	x189: [ -1.2404,  -1.1404] 
	x190: [ -1.5066,  -1.4066] 
	x191: [ -1.5902,  -1.4902] 
	x192: [  2.7294,   2.8294] 
	x193: [ -0.4510,  -0.3510] 
	x194: [ -0.8321,  -0.7321] 
	x195: [  1.3435,   1.4435] 
	x196: [  0.0629,   0.1629] 
	x197: [ -0.8305,  -0.7305] 
	x198: [  0.6562,   0.7562] 
	x199: [  1.0841,   1.1841] 
	x200: [  1.7659,   1.8659] 
	x201: [  3.2521,   3.3521] 
	x202: [  0.7459,   0.8459] 
	x203: [  1.0584,   1.1584] 
	x204: [  0.2274,   0.3274] 
	x205: [ -0.8154,  -0.7154] 
	x206: [ -0.0952,   0.0048] 
	x207: [ -0.0567,   0.0433] 
	x208: [ -0.1201,  -0.0201] 
	x209: [ -2.1401,  -2.0401] 
	x210: [  1.2814,   1.3814] 
	x211: [ -1.6001,  -1.5001] 
	x212: [  0.8091,   0.9091] 
	x213: [  0.4875,   0.5875] 
	x214: [ -2.1086,  -2.0086] 
	x215: [ -0.5875,  -0.4875] 
	x216: [ -1.4630,  -1.3630] 
	x217: [  0.9810,   1.0810] 
	x218: [  0.3362,   0.4362] 
	x219: [ -0.9736,  -0.8736] 
	x220: [ -2.9023,  -2.8024] 
	x221: [ -3.5472,  -3.4472] 
	x222: [ -2.4583,  -2.3583] 
	x223: [ -1.8095,  -1.7095] 
	x224: [ -0.5912,  -0.4912] 
	x225: [ -1.4321,  -1.3321] 
	x226: [ -2.3308,  -2.2308] 
	x227: [ -0.5217,  -0.4217] 
	x228: [ -1.1232,  -1.0232] 
	x229: [  0.9518,   1.0518] 
	x230: [  2.3820,   2.4820] 
	x231: [  1.3946,   1.4946] 
	x232: [ -1.0748,  -0.9748] 
	x233: [  0.4758,   0.5758] 
	x234: [  0.9092,   1.0092] 
	x235: [  3.2243,   3.3243] 
	x236: [  3.0572,   3.1572] 
	x237: [ -0.2252,  -0.1252] 
	x238: [ -2.0143,  -1.9143] 
	x239: [  2.2497,   2.3497] 
	x240: [  0.6109,   0.7109] 
	x241: [ -0.8535,  -0.7535] 
	x242: [  0.7579,   0.8579] 
	x243: [  1.2250,   1.3250] 
	x244: [  1.5575,   1.6575] 
	x245: [  0.0673,   0.1673] 
	x246: [ -2.1003,  -2.0003] 
	x247: [ -3.5699,  -3.4699] 
	x248: [  3.7539,   3.8539] 
	x249: [  1.7134,   1.8134] 
	x250: [ -1.0069,  -0.9069] 
	x251: [ -1.0473,  -0.9473] 
	x252: [  1.5674,   1.6674] 
	x253: [ -0.2563,  -0.1563] 
	x254: [ -3.3022,  -3.2022] 
	x255: [  1.0264,   1.1264] 
	x256: [  0.7748,   0.8748] 
	x257: [  2.4021,   2.5021] 
	x258: [ -2.0708,  -1.9708] 
	x259: [ -0.0695,   0.0305] 
	x260: [  0.2595,   0.3595] 
	x261: [  1.6301,   1.7301] 
	x262: [ -1.3880,  -1.2880] 
	x263: [  0.9809,   1.0809] 
	x264: [ -0.7731,  -0.6731] 
	x265: [ -0.8162,  -0.7162] 
	x266: [ -2.3370,  -2.2370] 
	x267: [  0.1980,   0.2980] 
	x268: [ -0.4425,  -0.3425] 
	x269: [  1.3008,   1.4008] 
	x270: [  0.0799,   0.1799] 
	x271: [  4.1167,   4.2167] 
	x272: [ -1.7765,  -1.6765] 
	x273: [ -0.4148,  -0.3148] 
	x274: [  2.0278,   2.1278] 
	x275: [  1.2121,   1.3121] 
	x276: [ -3.2337,  -3.1337] 
	x277: [ -0.3385,  -0.2385] 
	x278: [ -3.4264,  -3.3264] 
	x279: [  1.0379,   1.1379] 
	x280: [  1.8114,   1.9114] 
	x281: [ -2.4467,  -2.3467] 
	x282: [ -0.0996,   0.0004] 
	x283: [ -1.3463,  -1.2463] 
	x284: [ -0.7751,  -0.6751] 
	x285: [  0.2757,   0.3757] 
	x286: [  0.3906,   0.4906] 
	x287: [ -0.1933,  -0.0933] 
	x288: [ -1.0737,  -0.9737] 
	x289: [  5.1950,   5.2950] 
	x290: [ -0.8869,  -0.7869] 
	x291: [  1.0180,   1.1180] 
	x292: [ -1.4448,  -1.3448] 
	x293: [ -0.3595,  -0.2595] 
	x294: [ -0.0398,   0.0602] 
	x295: [ -0.0354,   0.0646] 
	x296: [ -0.1217,  -0.0217] 
	x297: [  0.2945,   0.3945] 
	x298: [ -2.4526,  -2.3526] 
	x299: [ -0.1162,  -0.0162] 
	x300: [  0.7250,   0.8250] 
	x301: [  0.3040,   0.4040] 
	x302: [  1.6985,   1.7985] 
	x303: [  2.9915,   3.0915] 
	x304: [  0.4404,   0.5404] 
	x305: [ -1.5309,  -1.4309] 
	x306: [ -0.0719,   0.0281] 
	x307: [  1.8260,   1.9260] 
	x308: [ -0.2322,  -0.1322] 
	x309: [  0.3976,   0.4976] 
	x310: [ -0.1787,  -0.0787] 
	x311: [  0.7597,   0.8597] 
	x312: [  3.0675,   3.1675] 
	x313: [ -0.3416,  -0.2416] 
	x314: [ -0.2489,  -0.1489] 
	x315: [  0.2443,   0.3443] 
	x316: [  1.3476,   1.4476] 
	x317: [ -0.7414,  -0.6414] 
	x318: [  2.0235,   2.1235] 
	x319: [  0.2511,   0.3511] 
	x320: [  0.0114,   0.1114] 
	x321: [  2.6964,   2.7964] 
	x322: [ -0.8304,  -0.7304] 
	x323: [  1.2529,   1.3529] 
	x324: [  0.7011,   0.8011] 
	x325: [ -3.2904,  -3.1904] 
	x326: [ -0.2893,  -0.1893] 
	x327: [  1.7404,   1.8404] 
	x328: [ -2.0852,  -1.9852] 
	x329: [  0.6650,   0.7650] 
	x330: [  0.5089,   0.6089] 
	x331: [ -0.2361,  -0.1361] 
	x332: [  2.7896,   2.8896] 
	x333: [ -2.8952,  -2.7952] 
	x334: [ -0.6067,  -0.5067] 
	x335: [ -1.3027,  -1.2027] 
	x336: [  1.0727,   1.1727] 
	x337: [  1.7253,   1.8253] 
	x338: [  0.7760,   0.8760] 
	x339: [  0.5954,   0.6954] 
	x340: [  1.0250,   1.1250] 
	x341: [  0.3640,   0.4640] 
	x342: [  1.7470,   1.8470] 
	x343: [  1.0032,   1.1032] 
	x344: [  2.0672,   2.1672] 
	x345: [ -1.9292,  -1.8292] 
	x346: [  0.6072,   0.7072] 
	x347: [ -0.8033,  -0.7033] 
	x348: [ -2.6769,  -2.5769] 
	x349: [  3.0748,   3.1748] 
	x350: [  0.0570,   0.1570] 
	x351: [ -0.6330,  -0.5330] 
	x352: [ -2.3416,  -2.2416] 
	x353: [ -0.3621,  -0.2621] 
	x354: [  1.2878,   1.3878] 
	x355: [ -0.4736,  -0.3736] 
	x356: [  1.3691,   1.4691] 
	x357: [  0.6603,   0.7603] 
	x358: [ -0.8287,  -0.7287] 
	x359: [ -1.6200,  -1.5200] 
	x360: [ -3.2794,  -3.1794] 
	x361: [  2.1425,   2.2425] 
	x362: [  0.7522,   0.8522] 
	x363: [ -1.0986,  -0.9986] 
	x364: [ -0.7131,  -0.6131] 
	x365: [  2.2023,   2.3023] 
	x366: [ -0.9748,  -0.8748] 
	x367: [  2.7711,   2.8711] 
	x368: [  1.9669,   2.0669] 
	x369: [  1.5348,   1.6348] 
	x370: [ -1.9944,  -1.8944] 
	x371: [ -3.2980,  -3.1980] 
	x372: [ -1.6149,  -1.5149] 
	x373: [  0.4329,   0.5329] 
	x374: [ -3.0708,  -2.9708] 
	x375: [ -2.1061,  -2.0061] 
	x376: [  1.6801,   1.7801] 
	x377: [  1.8295,   1.9295] 
	x378: [ -0.2687,  -0.1687] 
	x379: [  1.3631,   1.4631] 
	x380: [ -0.6073,  -0.5073] 
	x381: [ -1.0209,  -0.9209] 
	x382: [ -2.3916,  -2.2916] 
	x383: [  2.5376,   2.6376] 
	x384: [ -0.7150,  -0.6150] 
	x385: [  3.6148,   3.7148] 
	x386: [  1.4625,   1.5625] 
	x387: [  0.4560,   0.5560] 
	x388: [ -1.0609,  -0.9609] 
	x389: [ -4.5210,  -4.4210] 
	x390: [ -0.5452,  -0.4452] 
	x391: [ -1.3231,  -1.2231] 
	x392: [ -1.0319,  -0.9319] 
	x393: [  1.0049,   1.1049] 
	x394: [  1.6389,   1.7389] 
	x395: [  3.2341,   3.3341] 
	x396: [ -0.9457,  -0.8457] 
	x397: [ -0.7468,  -0.6468] 
	x398: [  0.2993,   0.3993] 
	x399: [ -1.2515,  -1.1515] 
	x400: [ -1.2938,  -1.1938] 
	x401: [ -2.9393,  -2.8393] 
	x402: [ -2.5722,  -2.4722] 
	x403: [ -1.1026,  -1.0026] 
	x404: [ -1.5723,  -1.4723] 
	x405: [ -1.7825,  -1.6825] 
	x406: [  2.0993,   2.1993] 
	x407: [ -0.1194,  -0.0194] 
	x408: [  0.1417,   0.2417] 
	x409: [ -4.0936,  -3.9936] 
	x410: [ -0.4469,  -0.3469] 
	x411: [ -0.0944,   0.0056] 
	x412: [ -0.5462,  -0.4462] 
	x413: [ -1.7279,  -1.6279] 
	x414: [ -0.7774,  -0.6774] 
	x415: [  0.8956,   0.9956] 
	x416: [ -0.4210,  -0.3210] 
	x417: [ -0.2878,  -0.1878] 
	x418: [ -0.0363,   0.0637] 
	x419: [ -0.0587,   0.0413] 
	x420: [  3.0831,   3.1831] 
	x421: [  1.4300,   1.5300] 
	x422: [  0.3540,   0.4540] 
	x423: [  0.6230,   0.7230] 
	x424: [ -3.1659,  -3.0659] 
	x425: [  0.8730,   0.9730] 
	x426: [  2.1933,   2.2933] 
	x427: [  1.6681,   1.7681] 
	x428: [  2.0963,   2.1963] 
	x429: [  1.7960,   1.8960] 
	x430: [ -0.9300,  -0.8300] 
	x431: [  1.3760,   1.4760] 
	x432: [  2.7259,   2.8259] 
	x433: [  0.5986,   0.6986] 
	x434: [ -1.3107,  -1.2107] 
	x435: [  0.5084,   0.6084] 
	x436: [ -1.9052,  -1.8052] 
	x437: [  1.6418,   1.7418] 
	x438: [  2.7533,   2.8533] 
	x439: [ -1.0052,  -0.9052] 
	x440: [  1.8548,   1.9548] 
	x441: [ -0.5594,  -0.4594] 
	x442: [  0.0264,   0.1264] 
	x443: [ -1.3362,  -1.2362] 
	x444: [ -1.8961,  -1.7961] 
	x445: [ -0.6958,  -0.5958] 
	x446: [ -0.2447,  -0.1447] 
	x447: [  0.7833,   0.8833] 
	x448: [ -0.8598,  -0.7598] 
	x449: [  1.8675,   1.9675] 
	x450: [ -1.9740,  -1.8740] 
	x451: [ -0.5900,  -0.4900] 
	x452: [ -2.1800,  -2.0800] 
	x453: [  0.9893,   1.0893] 
	x454: [  1.7436,   1.8436] 
	x455: [  0.3541,   0.4541] 
	x456: [ -2.8946,  -2.7946] 
	x457: [ -0.3083,  -0.2083] 
	x458: [ -1.8052,  -1.7052] 
	x459: [  2.7780,   2.8780] 
	x460: [ -0.0686,   0.0314] 
	x461: [  1.0458,   1.1458] 
	x462: [  1.5514,   1.6514] 
	x463: [ -1.9158,  -1.8158] 
	x464: [  1.5410,   1.6410] 
	x465: [  0.5060,   0.6060] 
	x466: [  1.0988,   1.1988] 
	x467: [ -0.9108,  -0.8108] 
	x468: [ -1.5762,  -1.4762] 
	x469: [  2.8978,   2.9978] 
	x470: [ -3.5124,  -3.4124] 
	x471: [ -1.9980,  -1.8980] 
	x472: [  1.9417,   2.0417] 
	x473: [  1.6688,   1.7688] 
	x474: [ -1.6555,  -1.5555] 
	x475: [  1.6475,   1.7475] 
	x476: [  0.8844,   0.9844] 
	x477: [  1.7025,   1.8025] 
	x478: [ -0.0577,   0.0423] 
	x479: [ -0.4776,  -0.3776] 
	x480: [ -3.8903,  -3.7903] 
	x481: [  0.3158,   0.4158] 
	x482: [ -2.1775,  -2.0775] 
	x483: [  0.7360,   0.8360] 
	x484: [  0.8718,   0.9718] 
	x485: [  0.7200,   0.8200] 
	x486: [ -2.1861,  -2.0861] 
	x487: [  1.8947,   1.9947] 
	x488: [ -1.9895,  -1.8895] 
	x489: [  1.9869,   2.0869] 
	x490: [  1.2607,   1.3607] 
	x491: [  1.1597,   1.2597] 
	x492: [ -0.4042,  -0.3042] 
	x493: [  1.5054,   1.6054] 
	x494: [ -0.8915,  -0.7915] 
	x495: [ -0.9556,  -0.8556] 
	x496: [ -1.7967,  -1.6967] 
	x497: [ -1.8643,  -1.7643] 
	x498: [  1.4004,   1.5004] 
	x499: [ -1.9860,  -1.8860] 
	x500: [ -0.8204,  -0.7204] 
	x501: [ -1.0417,  -0.9417] 
	x502: [  0.8489,   0.9489] 
	x503: [ -1.6519,  -1.5519] 
	x504: [ -1.8348,  -1.7348] 
	x505: [  0.1805,   0.2805] 
	x506: [  3.7961,   3.8961] 
	x507: [ -0.3001,  -0.2001] 
	x508: [  4.5363,   4.6363] 
	x509: [ -1.0858,  -0.9858] 
	x510: [ -2.0606,  -1.9606] 
	x511: [ -0.2165,  -0.1165] 

Branching heuristics set to PseudoImpact

Engine::solve: Initial statistics

19:58:34 Statistics update:
	--- Time Statistics ---
	Total time elapsed: 1622 milli (00:00:01)
		Main loop: 0 milli (00:00:00)
		Preprocessing time: 697 milli (00:00:00)
		Unknown: 925 milli (00:00:00)
	Breakdown for main loop:
		[0.00%] Simplex steps: 0 milli
		[0.00%] Explicit-basis bound tightening: 0 milli
		[0.00%] Constraint-matrix bound tightening: 0 milli
		[0.00%] Degradation checking: 0 milli
		[0.00%] Precision restoration: 0 milli
		[0.00%] Statistics handling: 0 milli
		[0.00%] Constraint-fixing steps: 0 milli
		[0.00%] Valid case splits: 0 milli. Average per split: 0.00 milli
		[0.00%] Applying stored bound-tightening: 0 milli
		[0.00%] SMT core: 0 milli
		[0.00%] Symbolic Bound Tightening: 26 milli
		[0.00%] SoI-based local search: 0 milli
		[0.00%] SoI-based local search: 0 milli
		[0.00%] Unaccounted for: 0 milli
	--- Preprocessor Statistics ---
	Number of preprocessor bound-tightening loop iterations: 3
	Number of eliminated variables: 168
	Number of constraints removed due to variable elimination: 168
	Number of equations removed due to variable elimination: 0
	--- Engine Statistics ---
	Number of main loop iterations: 1
		0 iterations were simplex steps. Total time: 0 milli. Average: 0.00 milli.
		0 iterations were constraint-fixing steps. Total time: 0 milli. Average: 0.00 milli
	Number of active piecewise-linear constraints: 88 / 88
		Constraints disabled by valid splits: 0. By SMT-originated splits: 0
	Last reported degradation: 0.0000000000. Max degradation so far: 0.0000000000. Restorations so far: 0
	Number of simplex pivots we attempted to skip because of instability: 0.
	Unstable pivots performed anyway: 0
	--- Tableau Statistics ---
	Total number of pivots performed: 0
		Real pivots: 0. Degenerate: 0 (0.00%)
		Degenerate pivots by request (e.g., to fix a PL constraint): 0 (0.00%)
		Average time per pivot: 0.00 milli
	Total number of fake pivots performed: 0
	Total number of rows added: 0. Number of merged columns: 0
	Current tableau dimensions: M = 766, N = 2132
	--- SMT Core Statistics ---
	Total depth is 0. Total visited states: 1. Number of splits: 0. Number of pops: 0
	Max stack depth: 0
	--- Bound Tightening Statistics ---
	Number of tightened bounds: 0.
		Number of rows examined by row tightener: 0. Consequent tightenings: 0
		Number of explicit basis matrices examined by row tightener: 0. Consequent tightenings: 0
		Number of bound tightening rounds on the entire constraint matrix: 0. Consequent tightenings: 0
		Number of bound notifications sent to PL constraints: 528. Tightenings proposed: 0
	--- Basis Factorization statistics ---
	Number of basis refactorizations: 2
	--- Projected Steepest Edge Statistics ---
	Number of iterations: 0.
	Number of resets to reference space: 1. Avg. iterations per reset: 0
	--- SBT ---
	Number of tightened bounds: 385
	--- SoI-based local search ---
	Number of proposed phase pattern update: 0. Number of accepted update: 0 [0.00%]
	Total time (% of local search time) updating SoI phase pattern : 0 milli [0.00%]
	Total time obtaining current assignment: 0 milli [0.00%]
	Total time getting SoI phase pattern : 0 milli [0.00%]
	--- Context dependent statistics ---
	Number of pushes / pops: 0 / 0
		[0.00%] Pre-Push hook: 0 milli
		[0.00%] Push : 0 milli
		[0.00%] Post-Pop hook: 0 milli
		[0.00%] Pop : 0 milli
		[0.00%] Total context-switching time: 0 milli
	--- Proof Certificate ---
	Number of certified leaves: 0
	Number of leaves to delegate: 0

---

Engine::solve: sat assignment found

19:58:40 Statistics update:
	--- Time Statistics ---
	Total time elapsed: 8139 milli (00:00:08)
		Main loop: 6516 milli (00:00:06)
		Preprocessing time: 697 milli (00:00:00)
		Unknown: 925 milli (00:00:00)
	Breakdown for main loop:
		[54.86%] Simplex steps: 3575 milli
		[43.57%] Explicit-basis bound tightening: 2839 milli
		[0.00%] Constraint-matrix bound tightening: 0 milli
		[0.32%] Degradation checking: 20 milli
		[0.00%] Precision restoration: 0 milli
		[0.33%] Statistics handling: 21 milli
		[0.00%] Constraint-fixing steps: 0 milli
		[0.00%] Valid case splits: 0 milli. Average per split: 0.00 milli
		[0.00%] Applying stored bound-tightening: 0 milli
		[0.00%] SMT core: 0 milli
		[1.09%] Symbolic Bound Tightening: 71 milli
		[21.11%] SoI-based local search: 1375 milli
		[0.00%] SoI-based local search: 0 milli
		[283064580248694.88%] Unaccounted for: 0 milli
	--- Preprocessor Statistics ---
	Number of preprocessor bound-tightening loop iterations: 3
	Number of eliminated variables: 168
	Number of constraints removed due to variable elimination: 168
	Number of equations removed due to variable elimination: 0
	--- Engine Statistics ---
	Number of main loop iterations: 349
		347 iterations were simplex steps. Total time: 3575 milli. Average: 10.30 milli.
		0 iterations were constraint-fixing steps. Total time: 0 milli. Average: 0.00 milli
	Number of active piecewise-linear constraints: 88 / 88
		Constraints disabled by valid splits: 0. By SMT-originated splits: 0
	Last reported degradation: 0.0000006728. Max degradation so far: 0.0000000000. Restorations so far: 0
	Number of simplex pivots we attempted to skip because of instability: 0.
	Unstable pivots performed anyway: 0
	--- Tableau Statistics ---
	Total number of pivots performed: 337
		Real pivots: 337. Degenerate: 0 (0.00%)
		Degenerate pivots by request (e.g., to fix a PL constraint): 0 (0.00%)
		Average time per pivot: 1.02 milli
	Total number of fake pivots performed: 8
	Total number of rows added: 0. Number of merged columns: 0
	Current tableau dimensions: M = 766, N = 2132
	--- SMT Core Statistics ---
	Total depth is 0. Total visited states: 1. Number of splits: 0. Number of pops: 0
	Max stack depth: 0
	--- Bound Tightening Statistics ---
	Number of tightened bounds: 0.
		Number of rows examined by row tightener: 337. Consequent tightenings: 0
		Number of explicit basis matrices examined by row tightener: 2. Consequent tightenings: 353
		Number of bound tightening rounds on the entire constraint matrix: 0. Consequent tightenings: 0
		Number of bound notifications sent to PL constraints: 1056. Tightenings proposed: 0
	--- Basis Factorization statistics ---
	Number of basis refactorizations: 4
	--- Projected Steepest Edge Statistics ---
	Number of iterations: 345.
	Number of resets to reference space: 1. Avg. iterations per reset: 345
	--- SBT ---
	Number of tightened bounds: 385
	--- SoI-based local search ---
	Number of proposed phase pattern update: 0. Number of accepted update: 1 [0.00%]
	Total time (% of local search time) updating SoI phase pattern : 1038 milli [0.08%]
	Total time obtaining current assignment: 313 milli [0.02%]
	Total time getting SoI phase pattern : 69 milli [0.00%]
	--- Context dependent statistics ---
	Number of pushes / pops: 0 / 0
		[0.00%] Pre-Push hook: 0 milli
		[0.00%] Push : 0 milli
		[0.00%] Post-Pop hook: 0 milli
		[0.00%] Pop : 0 milli
		[0.00%] Total context-switching time: 0 milli
	--- Proof Certificate ---
	Number of certified leaves: 0
	Number of leaves to delegate: 0
sat
Input assignment:
	x0 = -0.094695
	x1 = -0.164609
	x2 = 1.661633
	x3 = -0.317382
	x4 = 1.396287
	x5 = -2.076578
	x6 = 1.079128
	x7 = 2.286235
	x8 = -0.674541
	x9 = 1.229712
	x10 = 1.868524
	x11 = -0.253617
	x12 = -4.814898
	x13 = -0.161657
	x14 = -0.628020
	x15 = -1.249269
	x16 = -0.035894
	x17 = 2.995479
	x18 = 0.491159
	x19 = 0.463493
	x20 = -0.660230
	x21 = 1.080821
	x22 = -2.815701
	x23 = 1.112001
	x24 = -0.431276
	x25 = 1.145769
	x26 = 0.794229
	x27 = -2.525017
	x28 = -1.351042
	x29 = -0.546905
	x30 = -3.335193
	x31 = -2.266217
	x32 = 0.103136
	x33 = -1.070673
	x34 = 3.858190
	x35 = 0.103009
	x36 = -0.469722
	x37 = -0.343457
	x38 = 1.923247
	x39 = -4.198958
	x40 = 1.473730
	x41 = 0.561042
	x42 = 1.371585
	x43 = -1.043007
	x44 = -1.256079
	x45 = -1.589951
	x46 = 0.525602
	x47 = -1.576432
	x48 = 0.353700
	x49 = -0.084873
	x50 = -0.903062
	x51 = 0.645362
	x52 = 1.681769
	x53 = -0.447468
	x54 = -0.342102
	x55 = 1.159297
	x56 = 0.017694
	x57 = -0.643118
	x58 = -4.394271
	x59 = -1.082332
	x60 = 0.519969
	x61 = -0.253138
	x62 = -0.351202
	x63 = -1.838936
	x64 = 0.406753
	x65 = -0.810644
	x66 = -3.658464
	x67 = -4.175870
	x68 = -0.237466
	x69 = -0.691279
	x70 = -4.821195
	x71 = -1.166255
	x72 = 1.523993
	x73 = 1.690735
	x74 = -1.072634
	x75 = -3.959425
	x76 = -2.532633
	x77 = 1.450158
	x78 = -0.720162
	x79 = 1.138808
	x80 = -0.570339
	x81 = -0.177345
	x82 = 1.629704
	x83 = -1.263588
	x84 = -0.521238
	x85 = -0.833899
	x86 = 2.040540
	x87 = -0.214725
	x88 = 0.314282
	x89 = 0.930417
	x90 = 2.289786
	x91 = 0.802670
	x92 = -3.219443
	x93 = 0.013341
	x94 = -0.571189
	x95 = 3.725010
	x96 = 0.092825
	x97 = 1.397619
	x98 = -0.588956
	x99 = 3.157941
	x100 = 0.572189
	x101 = -0.252695
	x102 = 2.523355
	x103 = -2.524759
	x104 = -0.040972
	x105 = -1.730590
	x106 = 1.052586
	x107 = 0.576807
	x108 = 0.933246
	x109 = -2.383387
	x110 = -2.165301
	x111 = -1.116488
	x112 = 0.535230
	x113 = 0.198656
	x114 = -3.648177
	x115 = -3.199946
	x116 = -0.450352
	x117 = -1.096703
	x118 = 0.037711
	x119 = 2.121705
	x120 = 4.201302
	x121 = 1.956392
	x122 = -1.318845
	x123 = 2.051637
	x124 = 2.048396
	x125 = -0.056013
	x126 = 1.319186
	x127 = 0.913366
	x128 = -0.646799
	x129 = -0.617282
	x130 = 0.424403
	x131 = 1.081354
	x132 = 0.416945
	x133 = 0.703880
	x134 = -0.743928
	x135 = -4.142999
	x136 = 3.028696
	x137 = -1.454560
	x138 = 0.352981
	x139 = -1.899683
	x140 = 0.058247
	x141 = 1.676511
	x142 = 1.751603
	x143 = 4.871647
	x144 = -0.659739
	x145 = 2.227794
	x146 = -4.135418
	x147 = -1.286785
	x148 = 2.100640
	x149 = -0.213460
	x150 = -1.951772
	x151 = 0.708185
	x152 = 0.513146
	x153 = -0.367043
	x154 = -1.265812
	x155 = 2.327728
	x156 = 1.074962
	x157 = 2.937696
	x158 = -0.430633
	x159 = -1.016426
	x160 = -1.517066
	x161 = 0.828480
	x162 = 0.539071
	x163 = -1.415013
	x164 = -2.686335
	x165 = -1.221835
	x166 = 1.536205
	x167 = 0.969771
	x168 = -1.452987
	x169 = -0.028460
	x170 = -1.339453
	x171 = 0.563632
	x172 = 1.135080
	x173 = -0.240064
	x174 = -1.703530
	x175 = 4.425071
	x176 = -0.086063
	x177 = 2.062987
	x178 = -2.039113
	x179 = -2.027359
	x180 = -0.421505
	x181 = 0.551947
	x182 = 1.193823
	x183 = 0.771022
	x184 = -0.553254
	x185 = 1.103526
	x186 = -1.748491
	x187 = 0.384997
	x188 = 2.960045
	x189 = -1.140430
	x190 = -1.506613
	x191 = -1.590159
	x192 = 2.829428
	x193 = -0.350987
	x194 = -0.832055
	x195 = 1.443542
	x196 = 0.162873
	x197 = -0.730496
	x198 = 0.656244
	x199 = 1.084059
	x200 = 1.765932
	x201 = 3.352124
	x202 = 0.745948
	x203 = 1.158439
	x204 = 0.327411
	x205 = -0.815438
	x206 = 0.004759
	x207 = -0.056668
	x208 = -0.120061
	x209 = -2.140143
	x210 = 1.381446
	x211 = -1.500079
	x212 = 0.809134
	x213 = 0.487481
	x214 = -2.008595
	x215 = -0.487488
	x216 = -1.362989
	x217 = 1.080999
	x218 = 0.436160
	x219 = -0.973581
	x220 = -2.902350
	x221 = -3.547188
	x222 = -2.458328
	x223 = -1.809531
	x224 = -0.591242
	x225 = -1.332087
	x226 = -2.330832
	x227 = -0.521749
	x228 = -1.023199
	x229 = 1.051785
	x230 = 2.481954
	x231 = 1.394628
	x232 = -0.974814
	x233 = 0.575808
	x234 = 1.009231
	x235 = 3.324337
	x236 = 3.057229
	x237 = -0.125221
	x238 = -2.014274
	x239 = 2.349661
	x240 = 0.610935
	x241 = -0.853484
	x242 = 0.757920
	x243 = 1.225049
	x244 = 1.657472
	x245 = 0.067344
	x246 = -2.000284
	x247 = -3.569889
	x248 = 3.853866
	x249 = 1.713403
	x250 = -0.906866
	x251 = -1.047293
	x252 = 1.567438
	x253 = -0.156287
	x254 = -3.202191
	x255 = 1.126418
	x256 = 0.774789
	x257 = 2.402140
	x258 = -2.070790
	x259 = 0.030548
	x260 = 0.259477
	x261 = 1.630080
	x262 = -1.388049
	x263 = 1.080897
	x264 = -0.773060
	x265 = -0.816205
	x266 = -2.236979
	x267 = 0.297956
	x268 = -0.342535
	x269 = 1.400778
	x270 = 0.079943
	x271 = 4.116685
	x272 = -1.676469
	x273 = -0.414835
	x274 = 2.027835
	x275 = 1.212090
	x276 = -3.233711
	x277 = -0.338483
	x278 = -3.326416
	x279 = 1.037864
	x280 = 1.911382
	x281 = -2.446723
	x282 = 0.000357
	x283 = -1.246330
	x284 = -0.700738
	x285 = 0.375696
	x286 = 0.490592
	x287 = -0.193259
	x288 = -1.073671
	x289 = 5.295019
	x290 = -0.786869
	x291 = 1.118013
	x292 = -1.344794
	x293 = -0.359518
	x294 = -0.039825
	x295 = -0.035410
	x296 = -0.121730
	x297 = 0.294472
	x298 = -2.452599
	x299 = -0.116187
	x300 = 0.724981
	x301 = 0.303963
	x302 = 1.698496
	x303 = 3.091507
	x304 = 0.440423
	x305 = -1.430886
	x306 = 0.028077
	x307 = 1.825973
	x308 = -0.232234
	x309 = 0.497610
	x310 = -0.178657
	x311 = 0.759693
	x312 = 3.167465
	x313 = -0.241587
	x314 = -0.148872
	x315 = 0.344307
	x316 = 1.347597
	x317 = -0.741373
	x318 = 2.023470
	x319 = 0.351052
	x320 = 0.079976
	x321 = 2.796366
	x322 = -0.730359
	x323 = 1.298873
	x324 = 0.801097
	x325 = -3.290351
	x326 = -0.289254
	x327 = 1.740428
	x328 = -1.985163
	x329 = 0.764975
	x330 = 0.508929
	x331 = -0.136067
	x332 = 2.789610
	x333 = -2.895211
	x334 = -0.602888
	x335 = -1.302676
	x336 = 1.172652
	x337 = 1.725264
	x338 = 0.775954
	x339 = 0.595401
	x340 = 1.024958
	x341 = 0.464009
	x342 = 1.847033
	x343 = 1.103200
	x344 = 2.167181
	x345 = -1.829174
	x346 = 0.707195
	x347 = -0.703350
	x348 = -2.576852
	x349 = 3.174784
	x350 = 0.056962
	x351 = -0.533042
	x352 = -2.341610
	x353 = -0.262115
	x354 = 1.287818
	x355 = -0.473625
	x356 = 1.469124
	x357 = 0.660275
	x358 = -0.728688
	x359 = -1.619982
	x360 = -3.179420
	x361 = 2.142470
	x362 = 0.852169
	x363 = -0.998616
	x364 = -0.713104
	x365 = 2.302253
	x366 = -0.974831
	x367 = 2.871135
	x368 = 2.066910
	x369 = 1.534758
	x370 = -1.894385
	x371 = -3.297961
	x372 = -1.514878
	x373 = 0.532884
	x374 = -2.970820
	x375 = -2.106084
	x376 = 1.680078
	x377 = 1.929459
	x378 = -0.268666
	x379 = 1.363147
	x380 = -0.607307
	x381 = -1.020949
	x382 = -2.291639
	x383 = 2.637589
	x384 = -0.715047
	x385 = 3.614787
	x386 = 1.462489
	x387 = 0.456037
	x388 = -1.060910
	x389 = -4.521004
	x390 = -0.445167
	x391 = -1.323067
	x392 = -1.031890
	x393 = 1.104861
	x394 = 1.638862
	x395 = 3.234138
	x396 = -0.945707
	x397 = -0.746818
	x398 = 0.399324
	x399 = -1.151459
	x400 = -1.293848
	x401 = -2.939307
	x402 = -2.572245
	x403 = -1.002602
	x404 = -1.472279
	x405 = -1.782541
	x406 = 2.099291
	x407 = -0.119352
	x408 = 0.141723
	x409 = -4.093585
	x410 = -0.446940
	x411 = -0.094396
	x412 = -0.546207
	x413 = -1.727877
	x414 = -0.677401
	x415 = 0.895641
	x416 = -0.420979
	x417 = -0.287829
	x418 = -0.036284
	x419 = 0.041324
	x420 = 3.083052
	x421 = 1.429992
	x422 = 0.454013
	x423 = 0.722956
	x424 = -3.100842
	x425 = 0.872983
	x426 = 2.193325
	x427 = 1.668125
	x428 = 2.096261
	x429 = 1.895969
	x430 = -0.830012
	x431 = 1.376025
	x432 = 2.810736
	x433 = 0.598628
	x434 = -1.210706
	x435 = 0.508403
	x436 = -1.805158
	x437 = 1.641809
	x438 = 2.753303
	x439 = -1.005179
	x440 = 1.954805
	x441 = -0.559372
	x442 = 0.026429
	x443 = -1.336194
	x444 = -1.796067
	x445 = -0.595801
	x446 = -0.244650
	x447 = 0.783321
	x448 = -0.759751
	x449 = 1.887167
	x450 = -1.974033
	x451 = -0.490046
	x452 = -2.179966
	x453 = 1.089273
	x454 = 1.743624
	x455 = 0.354108
	x456 = -2.894555
	x457 = -0.208337
	x458 = -1.705225
	x459 = 2.878008
	x460 = 0.031362
	x461 = 1.045760
	x462 = 1.551394
	x463 = -1.915835
	x464 = 1.540981
	x465 = 0.606022
	x466 = 1.098833
	x467 = -0.810787
	x468 = -1.476231
	x469 = 2.997764
	x470 = -3.512448
	x471 = -1.998027
	x472 = 1.941670
	x473 = 1.768780
	x474 = -1.555513
	x475 = 1.647494
	x476 = 0.884422
	x477 = 1.702477
	x478 = 0.042318
	x479 = -0.377582
	x480 = -3.890321
	x481 = 0.415839
	x482 = -2.077478
	x483 = 0.835989
	x484 = 0.971771
	x485 = 0.819987
	x486 = -2.186072
	x487 = 1.894725
	x488 = -1.889465
	x489 = 2.086934
	x490 = 1.360705
	x491 = 1.159655
	x492 = -0.304216
	x493 = 1.505420
	x494 = -0.891475
	x495 = -0.955637
	x496 = -1.696660
	x497 = -1.764325
	x498 = 1.400373
	x499 = -1.985970
	x500 = -0.820442
	x501 = -0.941729
	x502 = 0.948901
	x503 = -1.651948
	x504 = -1.834777
	x505 = 0.180515
	x506 = 3.796110
	x507 = -0.200050
	x508 = 4.536307
	x509 = -0.985793
	x510 = -2.060591
	x511 = -0.216461

Output:
	y0 = -5.740050
	y1 = 4.722313
	y2 = -5.070555
	y3 = -9.490744
	y4 = 13.063201
	y5 = -5.431207
	y6 = -2.248698
	y7 = -12.332066
	y8 = 3.903900
	y9 = -5.623480
	y10 = -12.496144
	y11 = 0.012207
	y12 = -3.480628
	y13 = -7.249828
	y14 = 1.551618
	y15 = -0.060503
	y16 = -15.342909
	y17 = 4.960445
	y18 = -11.214160
	y19 = 13.208573
	y20 = -8.241573
	y21 = -5.767122
	y22 = 3.767830
	y23 = -6.221679
	y24 = -10.666067
	y25 = 15.718273
	y26 = -10.613609
	y27 = -8.366934
	y28 = 10.281910
	y29 = -8.895863
	y30 = -0.912979
	y31 = -18.295009
	y32 = 4.130993
	y33 = 1.179941
	y34 = -18.676696
	y35 = -0.482598
	y36 = 5.344152
	y37 = -18.151816
	y38 = 0.181570
	y39 = -0.871188
	y40 = -17.637607
	y41 = 3.441313
	y42 = -6.946442
	y43 = 11.611518
	y44 = -6.959363
	y45 = -0.109382
	y46 = -11.034502
	y47 = -1.442623
	y48 = -5.368695
	y49 = 6.394547
	y50 = -4.331826
	y51 = 1.831605
	y52 = -19.118775
	y53 = 4.943935
	y54 = 0.765354
	y55 = -15.299987
	y56 = 6.049492
	y57 = 3.864110
	y58 = -7.664394
	y59 = 6.149239
	y60 = 2.955160
	y61 = -15.275361
	y62 = 6.370592
	y63 = 2.043698
	y64 = -9.472810
	y65 = 6.235747
	y66 = -0.328874
	y67 = -7.487539
	y68 = 3.042903
	y69 = -0.948704
	y70 = -8.118529
	y71 = -0.416503
	y72 = -2.405542
	y73 = 1.555852
	y74 = -4.020222
	y75 = -4.152541
	y76 = 4.664843
	y77 = -3.463085
	y78 = 2.320547
	y79 = -14.429295
	y80 = 6.167423
	y81 = 11.784630
	y82 = -25.217805
	y83 = 6.655345
	y84 = 11.921400
	y85 = -23.274906
	y86 = 8.721356
	y87 = 3.788857
	y88 = -12.871440
	y89 = 2.596948
	y90 = 0.311268
	y91 = -9.118270
	y92 = -0.852707
	y93 = -4.808451
	y94 = 13.818727
	y95 = -3.947561
	y96 = -1.660801
	y97 = 8.682179
	y98 = -5.369505
	y99 = -2.907494
	y100 = 11.244987
	y101 = -5.578620
	y102 = 2.675190
	y103 = -16.207655
	y104 = 6.848509
	y105 = 13.553332
	y106 = -22.177340
	y107 = 10.453601
	y108 = 12.352429
	y109 = -22.292063
	y110 = 9.629889
	y111 = 3.399015
	y112 = -8.856502
	y113 = 1.678519
	y114 = -2.444033
	y115 = -6.845499
	y116 = -4.630403
	y117 = -4.486506
	y118 = 7.107124
	y119 = -4.114718
	y120 = -2.487030
	y121 = 4.120330
	y122 = -4.610387
	y123 = -5.302379
	y124 = 14.382745
	y125 = -6.919982
	y126 = 0.430406
	y127 = -12.062439
	y128 = 2.841449
	y129 = 5.312819
	y130 = -4.887420
	y131 = 1.506583
	y132 = 4.367139
	y133 = 2.481529
	y134 = 1.346287
	y135 = 3.066001
	y136 = 3.066011
	y137 = 1.188600
	y138 = -0.549522
	y139 = -3.820982
	y140 = -4.961415
	y141 = -5.800807
	y142 = 6.192552
	y143 = -6.303506
	y144 = -4.384825
	y145 = 2.731342
	y146 = -5.331331
	y147 = -9.081826
	y148 = 20.825109
	y149 = -9.551255
	y150 = -3.842697
	y151 = 3.790507
	y152 = -3.144014
	y153 = -1.999414
	y154 = 4.955228
	y155 = -3.347821
	y156 = -0.874892
	y157 = 8.158861
	y158 = -1.441406
	y159 = -2.926541
	y160 = 7.859760
	y161 = -1.046701
	y162 = -7.053917
	y163 = 7.198412
	y164 = -7.174675
	y165 = -7.583685
	y166 = 10.441638
	y167 = -8.535075
	y168 = -6.329450
	y169 = 8.927450
	y170 = -6.475026
	y171 = -5.117807
	y172 = 0.513730
	y173 = -6.099873
	y174 = -5.250188
	y175 = 5.677467
	y176 = -5.553777
	y177 = -4.398977
	y178 = 4.011758
	y179 = -7.408205
	y180 = -4.626164
	y181 = 3.719511
	y182 = -5.877214
	y183 = -4.440841
	y184 = 3.689066
	y185 = -4.073406
	y186 = -6.054321
	y187 = 5.100505
	y188 = -5.415051
	y189 = -6.261610
	y190 = 6.316824
	y191 = -6.352567

