InputQuery: /home/levn/Workspace/othello_world/queries/probe_robust/group_0/game_8_target_44_eps_0.1.txt
Engine::processInputQuery: Input query (before preprocessing): 449 equations, 1216 variables
Engine::processInputQuery: Input query (after preprocessing): 705 equations, 1355 variables

Input bounds:
	x0: [ -1.4911,  -1.2911] 
	x1: [ -1.1593,  -0.9593] 
	x2: [  1.6877,   1.8877] 
	x3: [ -2.0447,  -1.8447] 
	x4: [ -3.1224,  -2.9224] 
	x5: [ -1.7390,  -1.5390] 
	x6: [ -1.5311,  -1.3311] 
	x7: [  1.6098,   1.8098] 
	x8: [ -2.1421,  -1.9421] 
	x9: [  0.5326,   0.7326] 
	x10: [ -2.6582,  -2.4582] 
	x11: [ -0.5187,  -0.3187] 
	x12: [ -1.8431,  -1.6431] 
	x13: [  0.5269,   0.7269] 
	x14: [  1.9020,   2.1020] 
	x15: [  0.6419,   0.8419] 
	x16: [ -1.7839,  -1.5839] 
	x17: [ -1.5552,  -1.3552] 
	x18: [ -0.8794,  -0.6794] 
	x19: [ -1.1603,  -0.9603] 
	x20: [ -1.8038,  -1.6038] 
	x21: [  2.0276,   2.2276] 
	x22: [  0.3230,   0.5230] 
	x23: [  0.7832,   0.9832] 
	x24: [  0.6721,   0.8721] 
	x25: [  0.8928,   1.0928] 
	x26: [  3.4950,   3.6950] 
	x27: [ -1.9659,  -1.7659] 
	x28: [ -0.0972,   0.1028] 
	x29: [  2.1019,   2.3019] 
	x30: [ -0.1756,   0.0244] 
	x31: [ -2.6686,  -2.4686] 
	x32: [  0.1528,   0.3528] 
	x33: [ -0.8092,  -0.6092] 
	x34: [  0.0205,   0.2205] 
	x35: [ -1.0966,  -0.8966] 
	x36: [ -2.7734,  -2.5734] 
	x37: [  1.4922,   1.6922] 
	x38: [  1.9883,   2.1883] 
	x39: [  0.2842,   0.4842] 
	x40: [  1.6475,   1.8475] 
	x41: [ -0.5631,  -0.3631] 
	x42: [ -0.7412,  -0.5412] 
	x43: [  1.2014,   1.4014] 
	x44: [ -0.7232,  -0.5232] 
	x45: [ -2.4892,  -2.2892] 
	x46: [  1.0906,   1.2906] 
	x47: [ -2.1411,  -1.9411] 
	x48: [ -1.3438,  -1.1438] 
	x49: [  2.3351,   2.5351] 
	x50: [  0.6387,   0.8387] 
	x51: [  2.5288,   2.7288] 
	x52: [  1.7695,   1.9695] 
	x53: [ -1.6704,  -1.4704] 
	x54: [  1.6268,   1.8268] 
	x55: [ -1.0760,  -0.8760] 
	x56: [  1.1352,   1.3352] 
	x57: [  1.4655,   1.6655] 
	x58: [  2.8596,   3.0596] 
	x59: [  1.8939,   2.0939] 
	x60: [  1.6966,   1.8966] 
	x61: [ -0.5844,  -0.3844] 
	x62: [  0.2632,   0.4632] 
	x63: [ -2.3772,  -2.1772] 
	x64: [ -0.4987,  -0.2987] 
	x65: [  0.1362,   0.3362] 
	x66: [ -4.2416,  -4.0416] 
	x67: [  0.2303,   0.4303] 
	x68: [  0.9315,   1.1315] 
	x69: [ -1.2220,  -1.0220] 
	x70: [  0.3867,   0.5867] 
	x71: [  0.5106,   0.7106] 
	x72: [  2.1262,   2.3262] 
	x73: [ -0.3899,  -0.1899] 
	x74: [ -2.0726,  -1.8726] 
	x75: [ -0.9687,  -0.7687] 
	x76: [ -2.9986,  -2.7986] 
	x77: [  2.4469,   2.6469] 
	x78: [ -2.3046,  -2.1046] 
	x79: [  1.1126,   1.3126] 
	x80: [  0.2222,   0.4222] 
	x81: [ -0.9103,  -0.7103] 
	x82: [  0.6191,   0.8191] 
	x83: [  0.5221,   0.7221] 
	x84: [ -0.6738,  -0.4738] 
	x85: [  0.4746,   0.6746] 
	x86: [  1.8770,   2.0770] 
	x87: [  0.8595,   1.0595] 
	x88: [ -1.3989,  -1.1989] 
	x89: [  1.3520,   1.5520] 
	x90: [ -1.8947,  -1.6947] 
	x91: [ -2.5670,  -2.3670] 
	x92: [  0.0237,   0.2237] 
	x93: [  1.6332,   1.8332] 
	x94: [ -1.0081,  -0.8081] 
	x95: [ -1.0755,  -0.8755] 
	x96: [  1.8370,   2.0370] 
	x97: [ -0.7337,  -0.5337] 
	x98: [ -0.4949,  -0.2949] 
	x99: [  1.8780,   2.0780] 
	x100: [ -3.0660,  -2.8660] 
	x101: [ -3.6086,  -3.4086] 
	x102: [ -4.0159,  -3.8159] 
	x103: [ -2.8004,  -2.6004] 
	x104: [ -0.2346,  -0.0346] 
	x105: [ -0.2881,  -0.0881] 
	x106: [ -0.9100,  -0.7100] 
	x107: [ -1.4762,  -1.2762] 
	x108: [  1.2251,   1.4251] 
	x109: [ -2.9482,  -2.7482] 
	x110: [  0.6506,   0.8506] 
	x111: [  1.5194,   1.7194] 
	x112: [  1.0322,   1.2322] 
	x113: [ -0.8027,  -0.6027] 
	x114: [ -0.6345,  -0.4345] 
	x115: [ -2.0596,  -1.8596] 
	x116: [  1.2207,   1.4207] 
	x117: [  2.7444,   2.9444] 
	x118: [ -1.1581,  -0.9581] 
	x119: [ -0.9613,  -0.7613] 
	x120: [  0.6017,   0.8017] 
	x121: [  1.5053,   1.7053] 
	x122: [ -1.4194,  -1.2194] 
	x123: [  0.3102,   0.5102] 
	x124: [ -0.8332,  -0.6332] 
	x125: [ -0.5934,  -0.3934] 
	x126: [  0.8300,   1.0300] 
	x127: [ -0.5207,  -0.3207] 
	x128: [ -0.6190,  -0.4190] 
	x129: [ -1.4477,  -1.2477] 
	x130: [ -2.7703,  -2.5703] 
	x131: [ -0.0334,   0.1666] 
	x132: [  0.7351,   0.9351] 
	x133: [  1.8721,   2.0721] 
	x134: [  2.0731,   2.2731] 
	x135: [  4.7125,   4.9125] 
	x136: [ -1.6755,  -1.4755] 
	x137: [  0.9700,   1.1700] 
	x138: [  0.2095,   0.4095] 
	x139: [ -0.5208,  -0.3208] 
	x140: [  2.5250,   2.7250] 
	x141: [ -0.0616,   0.1384] 
	x142: [  2.3669,   2.5669] 
	x143: [ -2.6643,  -2.4643] 
	x144: [  1.1218,   1.3218] 
	x145: [ -0.1686,   0.0314] 
	x146: [  1.1997,   1.3997] 
	x147: [  0.4268,   0.6268] 
	x148: [ -2.4271,  -2.2271] 
	x149: [  1.5802,   1.7802] 
	x150: [  0.4719,   0.6719] 
	x151: [  1.4514,   1.6514] 
	x152: [ -1.9734,  -1.7734] 
	x153: [  0.6323,   0.8323] 
	x154: [ -0.6555,  -0.4555] 
	x155: [  0.0868,   0.2868] 
	x156: [ -1.7348,  -1.5348] 
	x157: [  1.5785,   1.7785] 
	x158: [ -0.3095,  -0.1095] 
	x159: [  1.2047,   1.4047] 
	x160: [ -0.6152,  -0.4152] 
	x161: [ -1.3636,  -1.1636] 
	x162: [  0.2801,   0.4801] 
	x163: [ -1.8408,  -1.6408] 
	x164: [  0.6545,   0.8545] 
	x165: [  0.5564,   0.7564] 
	x166: [ -0.2168,  -0.0168] 
	x167: [  2.6860,   2.8860] 
	x168: [ -1.8318,  -1.6318] 
	x169: [ -3.4982,  -3.2982] 
	x170: [  0.2212,   0.4212] 
	x171: [ -2.4116,  -2.2116] 
	x172: [ -0.2534,  -0.0534] 
	x173: [  1.0801,   1.2801] 
	x174: [  0.8920,   1.0920] 
	x175: [ -1.7149,  -1.5149] 
	x176: [ -1.7551,  -1.5551] 
	x177: [  0.8966,   1.0966] 
	x178: [ -1.7052,  -1.5052] 
	x179: [  0.4535,   0.6535] 
	x180: [ -1.2072,  -1.0072] 
	x181: [  0.1394,   0.3394] 
	x182: [  2.1592,   2.3592] 
	x183: [  0.4771,   0.6771] 
	x184: [ -0.6439,  -0.4439] 
	x185: [ -2.7519,  -2.5519] 
	x186: [ -0.4463,  -0.2463] 
	x187: [ -2.9234,  -2.7234] 
	x188: [ -0.9696,  -0.7696] 
	x189: [ -0.7416,  -0.5416] 
	x190: [ -1.3240,  -1.1240] 
	x191: [  0.3041,   0.5041] 
	x192: [  0.9570,   1.1570] 
	x193: [  0.2301,   0.4301] 
	x194: [ -1.7459,  -1.5459] 
	x195: [  1.8219,   2.0219] 
	x196: [  0.1362,   0.3362] 
	x197: [ -0.5510,  -0.3510] 
	x198: [ -0.2742,  -0.0742] 
	x199: [ -0.4002,  -0.2002] 
	x200: [  0.1873,   0.3873] 
	x201: [  0.1108,   0.3108] 
	x202: [ -1.0831,  -0.8831] 
	x203: [ -1.3290,  -1.1290] 
	x204: [  1.0182,   1.2182] 
	x205: [ -1.8434,  -1.6434] 
	x206: [ -0.3724,  -0.1724] 
	x207: [ -0.5503,  -0.3503] 
	x208: [  1.4703,   1.6703] 
	x209: [  0.7499,   0.9499] 
	x210: [  0.3694,   0.5694] 
	x211: [ -2.1535,  -1.9535] 
	x212: [ -0.3830,  -0.1830] 
	x213: [  0.4327,   0.6327] 
	x214: [  0.4036,   0.6036] 
	x215: [  0.3184,   0.5184] 
	x216: [  0.9611,   1.1611] 
	x217: [ -0.6768,  -0.4768] 
	x218: [  0.8108,   1.0108] 
	x219: [ -0.5583,  -0.3583] 
	x220: [ -1.8878,  -1.6878] 
	x221: [ -0.7438,  -0.5438] 
	x222: [ -1.3273,  -1.1273] 
	x223: [  1.6379,   1.8379] 
	x224: [  0.3695,   0.5695] 
	x225: [  0.7317,   0.9317] 
	x226: [  1.7752,   1.9752] 
	x227: [ -1.6376,  -1.4376] 
	x228: [ -1.2177,  -1.0177] 
	x229: [ -2.6171,  -2.4171] 
	x230: [  1.8731,   2.0731] 
	x231: [ -0.2326,  -0.0326] 
	x232: [ -0.6606,  -0.4606] 
	x233: [ -1.6401,  -1.4401] 
	x234: [ -0.6329,  -0.4329] 
	x235: [ -0.2023,  -0.0023] 
	x236: [ -1.6246,  -1.4246] 
	x237: [ -1.1928,  -0.9928] 
	x238: [  0.7655,   0.9655] 
	x239: [  4.9452,   5.1452] 
	x240: [  1.1050,   1.3050] 
	x241: [  0.1596,   0.3596] 
	x242: [ -2.5655,  -2.3655] 
	x243: [ -0.6461,  -0.4461] 
	x244: [ -3.6218,  -3.4218] 
	x245: [  0.9327,   1.1327] 
	x246: [ -1.4231,  -1.2231] 
	x247: [ -0.4228,  -0.2228] 
	x248: [ -0.1244,   0.0756] 
	x249: [ -2.4531,  -2.2531] 
	x250: [  0.6900,   0.8900] 
	x251: [ -1.3034,  -1.1034] 
	x252: [ -1.5558,  -1.3558] 
	x253: [ -1.9168,  -1.7168] 
	x254: [ -0.1257,   0.0743] 
	x255: [  0.3249,   0.5249] 
	x256: [  0.0345,   0.2345] 
	x257: [ -2.9569,  -2.7569] 
	x258: [ -0.1969,   0.0031] 
	x259: [ -3.7097,  -3.5097] 
	x260: [ -1.5192,  -1.3192] 
	x261: [ -0.6263,  -0.4263] 
	x262: [  2.2975,   2.4975] 
	x263: [  0.2073,   0.4073] 
	x264: [ -0.8791,  -0.6791] 
	x265: [  0.6843,   0.8843] 
	x266: [ -2.8487,  -2.6487] 
	x267: [  1.6884,   1.8884] 
	x268: [ -0.3922,  -0.1922] 
	x269: [  0.6823,   0.8823] 
	x270: [ -1.6571,  -1.4571] 
	x271: [ -2.8898,  -2.6898] 
	x272: [ -0.2468,  -0.0468] 
	x273: [  0.1904,   0.3904] 
	x274: [ -2.0852,  -1.8852] 
	x275: [ -0.7464,  -0.5464] 
	x276: [  0.2805,   0.4805] 
	x277: [  1.5960,   1.7960] 
	x278: [ -5.0652,  -4.8652] 
	x279: [  2.1383,   2.3383] 
	x280: [  1.2132,   1.4132] 
	x281: [  2.2061,   2.4061] 
	x282: [  2.0784,   2.2784] 
	x283: [ -1.3896,  -1.1896] 
	x284: [  0.4652,   0.6652] 
	x285: [ -0.1212,   0.0788] 
	x286: [ -1.1501,  -0.9501] 
	x287: [  1.8806,   2.0806] 
	x288: [ -0.5553,  -0.3553] 
	x289: [ -1.2496,  -1.0496] 
	x290: [ -2.7018,  -2.5018] 
	x291: [ -1.0471,  -0.8471] 
	x292: [  0.8448,   1.0448] 
	x293: [  0.7688,   0.9688] 
	x294: [  1.4167,   1.6167] 
	x295: [ -2.1863,  -1.9863] 
	x296: [ -1.5701,  -1.3701] 
	x297: [ -1.6648,  -1.4648] 
	x298: [ -4.6210,  -4.4210] 
	x299: [ -1.2647,  -1.0647] 
	x300: [ -0.8364,  -0.6364] 
	x301: [  1.0874,   1.2874] 
	x302: [  0.0599,   0.2599] 
	x303: [ -2.5517,  -2.3517] 
	x304: [  0.7045,   0.9045] 
	x305: [ -0.7979,  -0.5979] 
	x306: [ -1.0288,  -0.8288] 
	x307: [ -0.9140,  -0.7140] 
	x308: [  0.2808,   0.4808] 
	x309: [  0.5487,   0.7487] 
	x310: [  1.2959,   1.4959] 
	x311: [  0.7127,   0.9127] 
	x312: [ -4.0318,  -3.8318] 
	x313: [ -0.0334,   0.1666] 
	x314: [ -0.8651,  -0.6651] 
	x315: [ -3.6099,  -3.4099] 
	x316: [  0.1689,   0.3689] 
	x317: [  1.9263,   2.1263] 
	x318: [ -0.4712,  -0.2712] 
	x319: [  0.3518,   0.5518] 
	x320: [  0.8820,   1.0820] 
	x321: [  2.1801,   2.3801] 
	x322: [ -5.0187,  -4.8187] 
	x323: [  0.9212,   1.1212] 
	x324: [  0.0253,   0.2253] 
	x325: [  1.8681,   2.0681] 
	x326: [  1.8453,   2.0453] 
	x327: [ -2.0168,  -1.8168] 
	x328: [ -0.7149,  -0.5149] 
	x329: [  0.2321,   0.4321] 
	x330: [ -1.2815,  -1.0815] 
	x331: [ -1.9461,  -1.7461] 
	x332: [  1.8102,   2.0102] 
	x333: [  1.1919,   1.3919] 
	x334: [ -1.1957,  -0.9957] 
	x335: [ -0.3182,  -0.1182] 
	x336: [ -2.0009,  -1.8009] 
	x337: [  1.0827,   1.2827] 
	x338: [ -0.8798,  -0.6798] 
	x339: [ -1.6100,  -1.4100] 
	x340: [ -0.4167,  -0.2167] 
	x341: [ -0.1331,   0.0669] 
	x342: [  0.4746,   0.6746] 
	x343: [  0.2344,   0.4344] 
	x344: [  0.0800,   0.2800] 
	x345: [ -0.9474,  -0.7474] 
	x346: [  1.6172,   1.8172] 
	x347: [  0.8821,   1.0821] 
	x348: [  4.8897,   5.0897] 
	x349: [  1.1533,   1.3533] 
	x350: [ -1.5866,  -1.3866] 
	x351: [ -0.9587,  -0.7587] 
	x352: [ -0.3921,  -0.1921] 
	x353: [ -0.8893,  -0.6893] 
	x354: [ -0.5558,  -0.3558] 
	x355: [  0.5696,   0.7696] 
	x356: [ -0.3662,  -0.1662] 
	x357: [  1.7923,   1.9923] 
	x358: [  0.2529,   0.4529] 
	x359: [ -1.4522,  -1.2522] 
	x360: [ -0.2161,  -0.0161] 
	x361: [ -0.2726,  -0.0726] 
	x362: [ -2.2218,  -2.0218] 
	x363: [ -0.4130,  -0.2130] 
	x364: [  0.4224,   0.6224] 
	x365: [  0.7824,   0.9824] 
	x366: [ -0.1621,   0.0379] 
	x367: [  0.8259,   1.0259] 
	x368: [ -0.4639,  -0.2639] 
	x369: [  0.9647,   1.1647] 
	x370: [  2.3848,   2.5848] 
	x371: [  0.6806,   0.8806] 
	x372: [ -1.5831,  -1.3831] 
	x373: [ -0.1638,   0.0362] 
	x374: [  2.3496,   2.5496] 
	x375: [  0.9810,   1.1810] 
	x376: [  1.9093,   2.1093] 
	x377: [  2.3134,   2.5134] 
	x378: [ -2.0774,  -1.8774] 
	x379: [ -1.5627,  -1.3627] 
	x380: [ -0.3237,  -0.1237] 
	x381: [ -0.4366,  -0.2366] 
	x382: [  0.9161,   1.1161] 
	x383: [ -1.0137,  -0.8137] 
	x384: [  0.6332,   0.8332] 
	x385: [ -0.2621,  -0.0621] 
	x386: [  1.1784,   1.3784] 
	x387: [  2.6617,   2.8617] 
	x388: [ -0.1834,   0.0166] 
	x389: [ -2.0901,  -1.8901] 
	x390: [ -0.2302,  -0.0302] 
	x391: [ -1.5318,  -1.3318] 
	x392: [  0.0892,   0.2892] 
	x393: [ -0.8035,  -0.6035] 
	x394: [  0.5151,   0.7151] 
	x395: [ -0.8617,  -0.6617] 
	x396: [ -0.2557,  -0.0557] 
	x397: [ -0.2411,  -0.0411] 
	x398: [ -2.1149,  -1.9149] 
	x399: [ -0.0094,   0.1906] 
	x400: [ -0.5165,  -0.3165] 
	x401: [  0.7254,   0.9254] 
	x402: [  1.0956,   1.2956] 
	x403: [ -2.0124,  -1.8124] 
	x404: [ -0.9521,  -0.7521] 
	x405: [ -1.2084,  -1.0084] 
	x406: [  2.6239,   2.8239] 
	x407: [  1.3769,   1.5769] 
	x408: [  0.3792,   0.5792] 
	x409: [  0.4607,   0.6607] 
	x410: [  2.0732,   2.2732] 
	x411: [  0.9021,   1.1021] 
	x412: [ -1.6042,  -1.4042] 
	x413: [ -0.5636,  -0.3636] 
	x414: [ -1.3448,  -1.1448] 
	x415: [ -1.8078,  -1.6078] 
	x416: [  1.7636,   1.9636] 
	x417: [ -0.7767,  -0.5767] 
	x418: [  1.1937,   1.3937] 
	x419: [  1.1050,   1.3050] 
	x420: [ -2.2960,  -2.0960] 
	x421: [  0.0226,   0.2226] 
	x422: [ -1.0917,  -0.8917] 
	x423: [ -1.5293,  -1.3293] 
	x424: [  1.4071,   1.6071] 
	x425: [ -0.6174,  -0.4174] 
	x426: [ -0.9252,  -0.7252] 
	x427: [ -2.3123,  -2.1123] 
	x428: [ -4.2128,  -4.0128] 
	x429: [  1.4120,   1.6120] 
	x430: [ -0.3085,  -0.1085] 
	x431: [  0.5803,   0.7803] 
	x432: [  1.5629,   1.7629] 
	x433: [  0.8995,   1.0995] 
	x434: [  3.8119,   4.0119] 
	x435: [ -1.9150,  -1.7150] 
	x436: [ -1.2292,  -1.0292] 
	x437: [ -1.1141,  -0.9141] 
	x438: [ -0.9338,  -0.7338] 
	x439: [  0.0102,   0.2102] 
	x440: [ -1.3771,  -1.1771] 
	x441: [  0.3311,   0.5311] 
	x442: [ -0.0940,   0.1060] 
	x443: [  1.2627,   1.4627] 
	x444: [  3.3138,   3.5138] 
	x445: [  0.5916,   0.7916] 
	x446: [ -3.1908,  -2.9908] 
	x447: [ -1.5462,  -1.3462] 
	x448: [ -1.1180,  -0.9180] 
	x449: [ -1.4409,  -1.2409] 
	x450: [ -1.6994,  -1.4994] 
	x451: [  1.3501,   1.5501] 
	x452: [ -0.6934,  -0.4934] 
	x453: [ -2.1052,  -1.9052] 
	x454: [ -1.9648,  -1.7648] 
	x455: [  0.4574,   0.6574] 
	x456: [  1.4654,   1.6654] 
	x457: [ -1.3577,  -1.1577] 
	x458: [  0.0645,   0.2645] 
	x459: [ -2.8478,  -2.6478] 
	x460: [  1.7176,   1.9176] 
	x461: [ -0.0470,   0.1530] 
	x462: [ -3.9013,  -3.7013] 
	x463: [ -2.3557,  -2.1557] 
	x464: [ -2.1656,  -1.9656] 
	x465: [  0.0373,   0.2373] 
	x466: [  1.5132,   1.7132] 
	x467: [ -4.0905,  -3.8905] 
	x468: [  1.1220,   1.3220] 
	x469: [  1.7039,   1.9039] 
	x470: [ -0.2180,  -0.0180] 
	x471: [  1.7560,   1.9560] 
	x472: [  2.5856,   2.7856] 
	x473: [ -2.4926,  -2.2926] 
	x474: [  0.9680,   1.1680] 
	x475: [ -0.0756,   0.1244] 
	x476: [  1.8933,   2.0933] 
	x477: [  0.2346,   0.4346] 
	x478: [  3.5252,   3.7252] 
	x479: [  2.8007,   3.0007] 
	x480: [  1.2071,   1.4071] 
	x481: [ -1.4852,  -1.2852] 
	x482: [ -0.6307,  -0.4307] 
	x483: [  0.1262,   0.3262] 
	x484: [  1.4573,   1.6573] 
	x485: [  1.1442,   1.3442] 
	x486: [ -0.8278,  -0.6278] 
	x487: [  0.5455,   0.7455] 
	x488: [  0.1005,   0.3005] 
	x489: [  1.8856,   2.0856] 
	x490: [ -0.7215,  -0.5215] 
	x491: [  1.3684,   1.5684] 
	x492: [  1.1783,   1.3783] 
	x493: [ -1.4354,  -1.2354] 
	x494: [  0.7916,   0.9916] 
	x495: [ -0.9576,  -0.7576] 
	x496: [  0.3493,   0.5493] 
	x497: [  0.5789,   0.7789] 
	x498: [ -1.0677,  -0.8677] 
	x499: [ -2.2830,  -2.0830] 
	x500: [  2.2176,   2.4176] 
	x501: [  1.2574,   1.4574] 
	x502: [  1.0856,   1.2856] 
	x503: [ -2.1797,  -1.9797] 
	x504: [ -2.6426,  -2.4426] 
	x505: [  2.7271,   2.9271] 
	x506: [ -0.8244,  -0.6244] 
	x507: [  0.2861,   0.4861] 
	x508: [ -1.2773,  -1.0773] 
	x509: [  0.0483,   0.2483] 
	x510: [  0.2581,   0.4581] 
	x511: [ -1.1099,  -0.9099] 

Branching heuristics set to PseudoImpact

Engine::solve: Initial statistics

00:06:16 Statistics update:
	--- Time Statistics ---
	Total time elapsed: 488 milli (00:00:00)
		Main loop: 0 milli (00:00:00)
		Preprocessing time: 194 milli (00:00:00)
		Unknown: 294 milli (00:00:00)
	Breakdown for main loop:
		[0.00%] Simplex steps: 0 milli
		[0.00%] Explicit-basis bound tightening: 0 milli
		[0.00%] Constraint-matrix bound tightening: 0 milli
		[0.00%] Degradation checking: 0 milli
		[0.00%] Precision restoration: 0 milli
		[0.00%] Statistics handling: 0 milli
		[0.00%] Constraint-fixing steps: 0 milli
		[0.00%] Valid case splits: 0 milli. Average per split: 0.00 milli
		[0.00%] Applying stored bound-tightening: 0 milli
		[0.00%] SMT core: 0 milli
		[0.00%] Symbolic Bound Tightening: 12 milli
		[0.00%] SoI-based local search: 0 milli
		[0.00%] SoI-based local search: 0 milli
		[0.00%] Unaccounted for: 0 milli
	--- Preprocessor Statistics ---
	Number of preprocessor bound-tightening loop iterations: 3
	Number of eliminated variables: 118
	Number of constraints removed due to variable elimination: 118
	Number of equations removed due to variable elimination: 0
	--- Engine Statistics ---
	Number of main loop iterations: 1
		0 iterations were simplex steps. Total time: 0 milli. Average: 0.00 milli.
		0 iterations were constraint-fixing steps. Total time: 0 milli. Average: 0.00 milli
	Number of active piecewise-linear constraints: 138 / 138
		Constraints disabled by valid splits: 0. By SMT-originated splits: 0
	Last reported degradation: 0.0000000000. Max degradation so far: 0.0000000000. Restorations so far: 0
	Number of simplex pivots we attempted to skip because of instability: 0.
	Unstable pivots performed anyway: 0
	--- Tableau Statistics ---
	Total number of pivots performed: 0
		Real pivots: 0. Degenerate: 0 (0.00%)
		Degenerate pivots by request (e.g., to fix a PL constraint): 0 (0.00%)
		Average time per pivot: 0.00 milli
	Total number of fake pivots performed: 0
	Total number of rows added: 0. Number of merged columns: 0
	Current tableau dimensions: M = 705, N = 2060
	--- SMT Core Statistics ---
	Total depth is 0. Total visited states: 1. Number of splits: 0. Number of pops: 0
	Max stack depth: 0
	--- Bound Tightening Statistics ---
	Number of tightened bounds: 0.
		Number of rows examined by row tightener: 0. Consequent tightenings: 0
		Number of explicit basis matrices examined by row tightener: 0. Consequent tightenings: 0
		Number of bound tightening rounds on the entire constraint matrix: 0. Consequent tightenings: 0
		Number of bound notifications sent to PL constraints: 828. Tightenings proposed: 0
	--- Basis Factorization statistics ---
	Number of basis refactorizations: 2
	--- Projected Steepest Edge Statistics ---
	Number of iterations: 0.
	Number of resets to reference space: 1. Avg. iterations per reset: 0
	--- SBT ---
	Number of tightened bounds: 385
	--- SoI-based local search ---
	Number of proposed phase pattern update: 0. Number of accepted update: 0 [0.00%]
	Total time (% of local search time) updating SoI phase pattern : 0 milli [0.00%]
	Total time obtaining current assignment: 0 milli [0.00%]
	Total time getting SoI phase pattern : 0 milli [0.00%]
	--- Context dependent statistics ---
	Number of pushes / pops: 0 / 0
		[0.00%] Pre-Push hook: 0 milli
		[0.00%] Push : 0 milli
		[0.00%] Post-Pop hook: 0 milli
		[0.00%] Pop : 0 milli
		[0.00%] Total context-switching time: 0 milli
	--- Proof Certificate ---
	Number of certified leaves: 0
	Number of leaves to delegate: 0

---

Engine::solve: sat assignment found

00:06:24 Statistics update:
	--- Time Statistics ---
	Total time elapsed: 8680 milli (00:00:08)
		Main loop: 8191 milli (00:00:08)
		Preprocessing time: 194 milli (00:00:00)
		Unknown: 294 milli (00:00:00)
	Breakdown for main loop:
		[7.34%] Simplex steps: 601 milli
		[92.34%] Explicit-basis bound tightening: 7564 milli
		[0.00%] Constraint-matrix bound tightening: 0 milli
		[0.14%] Degradation checking: 11 milli
		[0.00%] Precision restoration: 0 milli
		[0.02%] Statistics handling: 1 milli
		[0.00%] Constraint-fixing steps: 0 milli
		[0.01%] Valid case splits: 0 milli. Average per split: 0.00 milli
		[0.00%] Applying stored bound-tightening: 0 milli
		[0.00%] SMT core: 0 milli
		[0.26%] Symbolic Bound Tightening: 20 milli
		[1.20%] SoI-based local search: 98 milli
		[0.00%] SoI-based local search: 0 milli
		[225190674626877.97%] Unaccounted for: 0 milli
	--- Preprocessor Statistics ---
	Number of preprocessor bound-tightening loop iterations: 3
	Number of eliminated variables: 118
	Number of constraints removed due to variable elimination: 118
	Number of equations removed due to variable elimination: 0
	--- Engine Statistics ---
	Number of main loop iterations: 553
		551 iterations were simplex steps. Total time: 601 milli. Average: 1.09 milli.
		0 iterations were constraint-fixing steps. Total time: 0 milli. Average: 0.00 milli
	Number of active piecewise-linear constraints: 138 / 138
		Constraints disabled by valid splits: 0. By SMT-originated splits: 0
	Last reported degradation: 0.0000000754. Max degradation so far: 0.0000000000. Restorations so far: 0
	Number of simplex pivots we attempted to skip because of instability: 0.
	Unstable pivots performed anyway: 0
	--- Tableau Statistics ---
	Total number of pivots performed: 513
		Real pivots: 513. Degenerate: 0 (0.00%)
		Degenerate pivots by request (e.g., to fix a PL constraint): 0 (0.00%)
		Average time per pivot: 0.17 milli
	Total number of fake pivots performed: 36
	Total number of rows added: 0. Number of merged columns: 0
	Current tableau dimensions: M = 705, N = 2060
	--- SMT Core Statistics ---
	Total depth is 0. Total visited states: 1. Number of splits: 0. Number of pops: 0
	Max stack depth: 0
	--- Bound Tightening Statistics ---
	Number of tightened bounds: 0.
		Number of rows examined by row tightener: 513. Consequent tightenings: 0
		Number of explicit basis matrices examined by row tightener: 34. Consequent tightenings: 285
		Number of bound tightening rounds on the entire constraint matrix: 0. Consequent tightenings: 0
		Number of bound notifications sent to PL constraints: 1656. Tightenings proposed: 0
	--- Basis Factorization statistics ---
	Number of basis refactorizations: 6
	--- Projected Steepest Edge Statistics ---
	Number of iterations: 549.
	Number of resets to reference space: 1. Avg. iterations per reset: 549
	--- SBT ---
	Number of tightened bounds: 385
	--- SoI-based local search ---
	Number of proposed phase pattern update: 0. Number of accepted update: 1 [0.00%]
	Total time (% of local search time) updating SoI phase pattern : 392 milli [0.40%]
	Total time obtaining current assignment: 160 milli [0.16%]
	Total time getting SoI phase pattern : 53 milli [0.00%]
	--- Context dependent statistics ---
	Number of pushes / pops: 0 / 0
		[0.00%] Pre-Push hook: 0 milli
		[0.00%] Push : 0 milli
		[0.00%] Post-Pop hook: 0 milli
		[0.00%] Pop : 0 milli
		[0.00%] Total context-switching time: 0 milli
	--- Proof Certificate ---
	Number of certified leaves: 0
	Number of leaves to delegate: 0
sat
Input assignment:
	x0 = -1.291124
	x1 = -0.959342
	x2 = 1.687666
	x3 = -1.844661
	x4 = -3.122366
	x5 = -1.739036
	x6 = -1.331149
	x7 = 1.609765
	x8 = -2.142058
	x9 = 0.732574
	x10 = -2.658245
	x11 = -0.518688
	x12 = -1.643126
	x13 = 0.526915
	x14 = 1.902045
	x15 = 0.641921
	x16 = -1.583940
	x17 = -1.555245
	x18 = -0.879364
	x19 = -0.960316
	x20 = -1.803834
	x21 = 2.027552
	x22 = 0.323041
	x23 = 0.783222
	x24 = 0.872072
	x25 = 1.092784
	x26 = 3.494980
	x27 = -1.765945
	x28 = 0.102824
	x29 = 2.101873
	x30 = -0.175580
	x31 = -2.468631
	x32 = 0.352809
	x33 = -0.809168
	x34 = 0.220507
	x35 = -0.896581
	x36 = -2.573392
	x37 = 1.492174
	x38 = 1.988315
	x39 = 0.484229
	x40 = 1.847520
	x41 = -0.363127
	x42 = -0.541237
	x43 = 1.401385
	x44 = -0.523209
	x45 = -2.289219
	x46 = 1.290581
	x47 = -2.141088
	x48 = -1.143825
	x49 = 2.485715
	x50 = 0.838677
	x51 = 2.728821
	x52 = 1.769462
	x53 = -1.470449
	x54 = 1.626751
	x55 = -0.876050
	x56 = 1.135242
	x57 = 1.465481
	x58 = 3.059592
	x59 = 1.893942
	x60 = 1.696588
	x61 = -0.384433
	x62 = 0.463243
	x63 = -2.377188
	x64 = -0.498717
	x65 = 0.136152
	x66 = -4.041573
	x67 = 0.430308
	x68 = 0.931460
	x69 = -1.222034
	x70 = 0.586747
	x71 = 0.710646
	x72 = 2.326191
	x73 = -0.389899
	x74 = -1.872566
	x75 = -0.768746
	x76 = -2.798572
	x77 = 2.446864
	x78 = -2.304550
	x79 = 1.112605
	x80 = 0.222225
	x81 = -0.710306
	x82 = 0.631396
	x83 = 0.522135
	x84 = -0.473813
	x85 = 0.474605
	x86 = 2.076975
	x87 = 1.059537
	x88 = -1.198927
	x89 = 1.351977
	x90 = -1.694651
	x91 = -2.367050
	x92 = 0.223675
	x93 = 1.833225
	x94 = -0.808069
	x95 = -1.075455
	x96 = 1.836988
	x97 = -0.733736
	x98 = -0.494861
	x99 = 2.077954
	x100 = -2.865954
	x101 = -3.408569
	x102 = -3.815864
	x103 = -2.600354
	x104 = -0.234594
	x105 = -0.288098
	x106 = -0.709957
	x107 = -1.476198
	x108 = 1.425059
	x109 = -2.748232
	x110 = 0.850586
	x111 = 1.719433
	x112 = 1.232240
	x113 = -0.802738
	x114 = -0.434487
	x115 = -1.859622
	x116 = 1.220706
	x117 = 2.744415
	x118 = -0.958099
	x119 = -0.961346
	x120 = 0.801663
	x121 = 1.505319
	x122 = -1.419429
	x123 = 0.510226
	x124 = -0.833173
	x125 = -0.593390
	x126 = 1.029965
	x127 = -0.520733
	x128 = -0.619034
	x129 = -1.247734
	x130 = -2.770262
	x131 = -0.033427
	x132 = 0.935066
	x133 = 2.072118
	x134 = 2.273090
	x135 = 4.912451
	x136 = -1.475463
	x137 = 0.970019
	x138 = 0.409461
	x139 = -0.320820
	x140 = 2.524993
	x141 = -0.061640
	x142 = 2.566945
	x143 = -2.464327
	x144 = 1.121828
	x145 = -0.168640
	x146 = 1.399714
	x147 = 0.626780
	x148 = -2.427131
	x149 = 1.780211
	x150 = 0.471916
	x151 = 1.651444
	x152 = -1.773382
	x153 = 0.632273
	x154 = -0.455485
	x155 = 0.086805
	x156 = -1.534797
	x157 = 1.778497
	x158 = -0.309468
	x159 = 1.404660
	x160 = -0.516902
	x161 = -1.163588
	x162 = 0.480087
	x163 = -1.840758
	x164 = 0.854477
	x165 = 0.756422
	x166 = -0.216754
	x167 = 2.886030
	x168 = -1.631772
	x169 = -3.298237
	x170 = 0.421246
	x171 = -2.211599
	x172 = -0.253350
	x173 = 1.080146
	x174 = 1.091972
	x175 = -1.714937
	x176 = -1.755132
	x177 = 1.096598
	x178 = -1.705184
	x179 = 0.453476
	x180 = -1.007167
	x181 = 0.339382
	x182 = 2.159238
	x183 = 0.677052
	x184 = -0.443881
	x185 = -2.551892
	x186 = -0.446313
	x187 = -2.923370
	x188 = -0.969611
	x189 = -0.541640
	x190 = -1.124015
	x191 = 0.304085
	x192 = 1.157022
	x193 = 0.430108
	x194 = -1.745898
	x195 = 2.021901
	x196 = 0.136193
	x197 = -0.350993
	x198 = -0.074197
	x199 = -0.200241
	x200 = 0.187333
	x201 = 0.110793
	x202 = -1.083078
	x203 = -1.328978
	x204 = 1.218229
	x205 = -1.643445
	x206 = -0.172361
	x207 = -0.350271
	x208 = 1.670343
	x209 = 0.949920
	x210 = 0.569361
	x211 = -1.953486
	x212 = -0.183007
	x213 = 0.432727
	x214 = 0.603566
	x215 = 0.518434
	x216 = 1.161138
	x217 = -0.476773
	x218 = 0.810765
	x219 = -0.558311
	x220 = -1.687827
	x221 = -0.743765
	x222 = -1.127329
	x223 = 1.637920
	x224 = 0.569487
	x225 = 0.931658
	x226 = 1.975206
	x227 = -1.437635
	x228 = -1.017653
	x229 = -2.417115
	x230 = 2.073054
	x231 = -0.032591
	x232 = -0.660584
	x233 = -1.440138
	x234 = -0.632857
	x235 = -0.202297
	x236 = -1.624600
	x237 = -0.992819
	x238 = 0.765487
	x239 = 4.945236
	x240 = 1.105021
	x241 = 0.359590
	x242 = -2.565534
	x243 = -0.646116
	x244 = -3.621790
	x245 = 1.132680
	x246 = -1.223110
	x247 = -0.222846
	x248 = -0.003908
	x249 = -2.453084
	x250 = 0.689955
	x251 = -1.103395
	x252 = -1.555799
	x253 = -1.716750
	x254 = 0.074321
	x255 = 0.524950
	x256 = 0.034454
	x257 = -2.756913
	x258 = 0.003074
	x259 = -3.509673
	x260 = -1.519197
	x261 = -0.426283
	x262 = 2.297538
	x263 = 0.407342
	x264 = -0.879129
	x265 = 0.684289
	x266 = -2.848684
	x267 = 1.888363
	x268 = -0.192196
	x269 = 0.882321
	x270 = -1.657098
	x271 = -2.689823
	x272 = -0.046787
	x273 = 0.390354
	x274 = -2.085242
	x275 = -0.546407
	x276 = 0.480522
	x277 = 1.796013
	x278 = -4.865176
	x279 = 2.138308
	x280 = 1.413227
	x281 = 2.406109
	x282 = 2.078361
	x283 = -1.189640
	x284 = 0.665200
	x285 = -0.121209
	x286 = -1.150141
	x287 = 1.880558
	x288 = -0.555333
	x289 = -1.249567
	x290 = -2.701800
	x291 = -1.028664
	x292 = 0.844797
	x293 = 0.968753
	x294 = 1.616683
	x295 = -2.186312
	x296 = -1.370060
	x297 = -1.664772
	x298 = -4.420959
	x299 = -1.064723
	x300 = -0.836370
	x301 = 1.087351
	x302 = 0.059928
	x303 = -2.551713
	x304 = 0.904465
	x305 = -0.797942
	x306 = -0.828797
	x307 = -0.913988
	x308 = 0.480842
	x309 = 0.548743
	x310 = 1.495851
	x311 = 0.712686
	x312 = -3.831817
	x313 = -0.033444
	x314 = -0.665102
	x315 = -3.409865
	x316 = 0.168933
	x317 = 1.926308
	x318 = -0.471159
	x319 = 0.351771
	x320 = 1.082026
	x321 = 2.180130
	x322 = -4.818674
	x323 = 0.921229
	x324 = 0.025342
	x325 = 2.068067
	x326 = 2.045307
	x327 = -1.816835
	x328 = -0.514879
	x329 = 0.232150
	x330 = -1.081472
	x331 = -1.746070
	x332 = 1.810225
	x333 = 1.191901
	x334 = -1.195708
	x335 = -0.118241
	x336 = -1.800888
	x337 = 1.282666
	x338 = -0.879802
	x339 = -1.609976
	x340 = -0.216696
	x341 = -0.133080
	x342 = 0.474566
	x343 = 0.234437
	x344 = 0.279977
	x345 = -0.747365
	x346 = 1.617214
	x347 = 0.882057
	x348 = 4.889727
	x349 = 1.153260
	x350 = -1.386633
	x351 = -0.958686
	x352 = -0.192083
	x353 = -0.689329
	x354 = -0.355764
	x355 = 0.569581
	x356 = -0.166153
	x357 = 1.792309
	x358 = 0.452931
	x359 = -1.252245
	x360 = -0.016148
	x361 = -0.072634
	x362 = -2.021820
	x363 = -0.213041
	x364 = 0.422424
	x365 = 0.782427
	x366 = 0.037903
	x367 = 1.025896
	x368 = -0.463891
	x369 = 0.964682
	x370 = 2.584821
	x371 = 0.880596
	x372 = -1.583073
	x373 = 0.036156
	x374 = 2.549636
	x375 = 1.181020
	x376 = 2.109310
	x377 = 2.313435
	x378 = -2.077442
	x379 = -1.362686
	x380 = -0.323749
	x381 = -0.236645
	x382 = 1.116066
	x383 = -0.813741
	x384 = 0.833183
	x385 = -0.062085
	x386 = 1.378350
	x387 = 2.661675
	x388 = -0.183353
	x389 = -2.090101
	x390 = -0.030184
	x391 = -1.331840
	x392 = 0.089233
	x393 = -0.661484
	x394 = 0.715090
	x395 = -0.861745
	x396 = -0.255658
	x397 = -0.041080
	x398 = -2.114892
	x399 = -0.009419
	x400 = -0.316540
	x401 = 0.925383
	x402 = 1.095577
	x403 = -1.941775
	x404 = -0.952140
	x405 = -1.008381
	x406 = 2.623932
	x407 = 1.376859
	x408 = 0.579240
	x409 = 0.460695
	x410 = 2.273163
	x411 = 1.102078
	x412 = -1.404174
	x413 = -0.363600
	x414 = -1.144770
	x415 = -1.607821
	x416 = 1.963562
	x417 = -0.776718
	x418 = 1.193741
	x419 = 1.305032
	x420 = -2.295984
	x421 = 0.222565
	x422 = -1.091651
	x423 = -1.329322
	x424 = 1.407079
	x425 = -0.417432
	x426 = -0.725246
	x427 = -2.112306
	x428 = -4.012767
	x429 = 1.411998
	x430 = -0.108498
	x431 = 0.580269
	x432 = 1.762914
	x433 = 0.899516
	x434 = 3.811921
	x435 = -1.715045
	x436 = -1.029173
	x437 = -1.114110
	x438 = -0.933817
	x439 = 0.010161
	x440 = -1.377081
	x441 = 0.331101
	x442 = -0.094033
	x443 = 1.462708
	x444 = 3.313826
	x445 = 0.591613
	x446 = -3.190754
	x447 = -1.346163
	x448 = -0.918012
	x449 = -1.440931
	x450 = -1.499447
	x451 = 1.550126
	x452 = -0.693354
	x453 = -2.089405
	x454 = -1.764824
	x455 = 0.657390
	x456 = 1.465385
	x457 = -1.357725
	x458 = 0.264484
	x459 = -2.647753
	x460 = 1.717601
	x461 = -0.046966
	x462 = -3.701284
	x463 = -2.155739
	x464 = -1.965625
	x465 = 0.237347
	x466 = 1.713241
	x467 = -3.890493
	x468 = 1.121973
	x469 = 1.903914
	x470 = -0.217951
	x471 = 1.755983
	x472 = 2.585557
	x473 = -2.492632
	x474 = 1.167990
	x475 = -0.075627
	x476 = 2.093253
	x477 = 0.434550
	x478 = 3.525229
	x479 = 2.800676
	x480 = 1.407104
	x481 = -1.485195
	x482 = -0.430731
	x483 = 0.326240
	x484 = 1.657335
	x485 = 1.144219
	x486 = -0.827765
	x487 = 0.545462
	x488 = 0.300488
	x489 = 2.085633
	x490 = -0.521502
	x491 = 1.568432
	x492 = 1.178296
	x493 = -1.235371
	x494 = 0.991648
	x495 = -0.757550
	x496 = 0.349348
	x497 = 0.778867
	x498 = -1.067733
	x499 = -2.282983
	x500 = 2.417616
	x501 = 1.457356
	x502 = 1.285598
	x503 = -1.979723
	x504 = -2.642575
	x505 = 2.927068
	x506 = -0.624374
	x507 = 0.486077
	x508 = -1.077267
	x509 = 0.248316
	x510 = 0.258124
	x511 = -1.109888

Output:
	y0 = -8.140344
	y1 = 6.710429
	y2 = -7.643131
	y3 = -8.191849
	y4 = 6.631977
	y5 = -10.322952
	y6 = -6.379610
	y7 = 7.217086
	y8 = -6.744017
	y9 = -9.215530
	y10 = 6.397785
	y11 = -7.213577
	y12 = -9.081387
	y13 = 8.002129
	y14 = -5.585256
	y15 = -6.796557
	y16 = 7.282343
	y17 = -6.556516
	y18 = -7.417858
	y19 = 7.691576
	y20 = -6.008504
	y21 = -8.519215
	y22 = 6.353085
	y23 = -10.180679
	y24 = -7.536967
	y25 = 1.485577
	y26 = -5.879544
	y27 = -8.497730
	y28 = 4.446246
	y29 = -7.978680
	y30 = -3.382016
	y31 = 5.718877
	y32 = -4.345451
	y33 = -5.161114
	y34 = 16.067784
	y35 = -2.431069
	y36 = -4.811300
	y37 = 20.839234
	y38 = -4.698332
	y39 = -4.488954
	y40 = 18.466630
	y41 = -3.414097
	y42 = -10.888702
	y43 = 17.615857
	y44 = -11.318869
	y45 = -8.476350
	y46 = 8.533402
	y47 = -7.843440
	y48 = -4.833290
	y49 = 3.529498
	y50 = -4.793727
	y51 = -5.172666
	y52 = 6.548933
	y53 = -3.652627
	y54 = -1.351000
	y55 = -8.806691
	y56 = 4.346595
	y57 = 2.078963
	y58 = -9.262790
	y59 = -2.049059
	y60 = 0.680884
	y61 = 14.764756
	y62 = -1.760846
	y63 = 7.001968
	y64 = -16.805821
	y65 = 1.762807
	y66 = -6.998314
	y67 = 16.354112
	y68 = -6.677591
	y69 = -8.016344
	y70 = 6.989158
	y71 = -7.127111
	y72 = -6.266091
	y73 = 7.804722
	y74 = -5.581155
	y75 = -4.129405
	y76 = 11.906032
	y77 = -1.809386
	y78 = -1.483925
	y79 = -6.714722
	y80 = 5.005944
	y81 = 5.398831
	y82 = -15.644007
	y83 = 11.910547
	y84 = 10.531311
	y85 = -13.655594
	y86 = 3.353973
	y87 = 6.119316
	y88 = -14.645459
	y89 = 0.625755
	y90 = -5.148961
	y91 = 14.746166
	y92 = -6.133507
	y93 = -6.218892
	y94 = 3.726479
	y95 = -4.652704
	y96 = -6.422467
	y97 = 3.894497
	y98 = -6.380853
	y99 = -4.593384
	y100 = 4.811896
	y101 = -2.658669
	y102 = -1.420317
	y103 = 7.931687
	y104 = -0.522198
	y105 = 6.800631
	y106 = -13.474114
	y107 = 11.450460
	y108 = 10.266222
	y109 = -14.708659
	y110 = 5.624656
	y111 = 7.334580
	y112 = -17.417081
	y113 = 0.182855
	y114 = -3.126054
	y115 = 17.614707
	y116 = -5.482977
	y117 = -5.153273
	y118 = 8.125545
	y119 = -6.311737
	y120 = -4.825311
	y121 = 8.570429
	y122 = -4.697580
	y123 = -5.483645
	y124 = 4.670291
	y125 = -3.290994
	y126 = -4.381443
	y127 = 7.058551
	y128 = -1.653440
	y129 = -1.110434
	y130 = -5.050681
	y131 = 2.951562
	y132 = 2.840899
	y133 = -10.192436
	y134 = 2.840889
	y135 = 0.964367
	y136 = -14.948073
	y137 = 3.904394
	y138 = 2.351340
	y139 = -9.565765
	y140 = -3.559449
	y141 = -5.650402
	y142 = 19.116267
	y143 = -7.064326
	y144 = -6.208510
	y145 = 0.806965
	y146 = -6.593798
	y147 = -8.000740
	y148 = 7.102119
	y149 = -9.747670
	y150 = -6.009711
	y151 = 7.628119
	y152 = -4.145770
	y153 = -0.200964
	y154 = -6.618887
	y155 = 4.053168
	y156 = 4.299797
	y157 = -13.832085
	y158 = -0.595999
	y159 = -6.443942
	y160 = 12.072272
	y161 = -6.447255
	y162 = -8.094096
	y163 = 5.259250
	y164 = -6.936398
	y165 = -6.603548
	y166 = 10.930127
	y167 = -9.860909
	y168 = -6.171672
	y169 = 5.782000
	y170 = -8.301636
	y171 = -4.987986
	y172 = 3.239888
	y173 = -7.307830
	y174 = -3.243079
	y175 = 5.673365
	y176 = -4.936754
	y177 = -7.470270
	y178 = 15.047932
	y179 = -7.752622
	y180 = -8.123786
	y181 = 12.322035
	y182 = -11.654495
	y183 = -9.972610
	y184 = 14.318201
	y185 = -9.286531
	y186 = -8.891438
	y187 = 4.880842
	y188 = -7.834441
	y189 = -9.198158
	y190 = 5.723627
	y191 = -8.439988

