InputQuery: /home/levn/Workspace/othello_world/queries/probe_robust/group_0/game_80_target_5_eps_0.1.txt
Engine::processInputQuery: Input query (before preprocessing): 449 equations, 1216 variables
Engine::processInputQuery: Input query (after preprocessing): 705 equations, 1368 variables

Input bounds:
	x0: [  1.2025,   1.4025] 
	x1: [  0.4044,   0.6044] 
	x2: [ -0.5739,  -0.3739] 
	x3: [  2.8209,   3.0209] 
	x4: [  3.9840,   4.1840] 
	x5: [  0.3802,   0.5802] 
	x6: [ -0.8395,  -0.6395] 
	x7: [  1.4940,   1.6940] 
	x8: [ -0.5944,  -0.3944] 
	x9: [ -1.6657,  -1.4657] 
	x10: [  3.4696,   3.6696] 
	x11: [ -1.3994,  -1.1994] 
	x12: [ -2.5687,  -2.3687] 
	x13: [  0.8888,   1.0888] 
	x14: [  1.2158,   1.4158] 
	x15: [ -1.0805,  -0.8805] 
	x16: [  0.7768,   0.9768] 
	x17: [  3.6780,   3.8780] 
	x18: [ -0.8355,  -0.6355] 
	x19: [  0.2916,   0.4916] 
	x20: [  0.2354,   0.4354] 
	x21: [  0.9251,   1.1251] 
	x22: [ -1.7120,  -1.5120] 
	x23: [  0.9900,   1.1900] 
	x24: [ -0.9870,  -0.7870] 
	x25: [ -2.1212,  -1.9212] 
	x26: [ -0.5302,  -0.3302] 
	x27: [  0.5574,   0.7574] 
	x28: [ -2.0341,  -1.8341] 
	x29: [ -1.3093,  -1.1093] 
	x30: [  0.1472,   0.3472] 
	x31: [  0.4259,   0.6259] 
	x32: [  1.5071,   1.7071] 
	x33: [  1.9720,   2.1720] 
	x34: [  0.9532,   1.1532] 
	x35: [ -3.3320,  -3.1320] 
	x36: [  0.5525,   0.7525] 
	x37: [  0.5507,   0.7507] 
	x38: [ -0.7568,  -0.5568] 
	x39: [ -3.6681,  -3.4681] 
	x40: [  2.0679,   2.2679] 
	x41: [ -1.1609,  -0.9609] 
	x42: [ -0.5619,  -0.3619] 
	x43: [ -0.8512,  -0.6512] 
	x44: [ -1.7561,  -1.5561] 
	x45: [ -1.4745,  -1.2745] 
	x46: [ -0.0514,   0.1486] 
	x47: [  2.7234,   2.9234] 
	x48: [  2.1647,   2.3647] 
	x49: [ -1.6250,  -1.4250] 
	x50: [ -0.8496,  -0.6496] 
	x51: [ -0.3977,  -0.1977] 
	x52: [  1.8343,   2.0343] 
	x53: [ -0.0789,   0.1211] 
	x54: [  2.4656,   2.6656] 
	x55: [  0.5879,   0.7879] 
	x56: [ -1.3130,  -1.1130] 
	x57: [ -1.0619,  -0.8619] 
	x58: [ -1.6586,  -1.4586] 
	x59: [ -1.8556,  -1.6556] 
	x60: [  1.1942,   1.3942] 
	x61: [ -0.9334,  -0.7334] 
	x62: [  0.7927,   0.9927] 
	x63: [ -1.8215,  -1.6215] 
	x64: [ -0.6041,  -0.4041] 
	x65: [  0.7286,   0.9286] 
	x66: [ -0.7527,  -0.5527] 
	x67: [ -1.4292,  -1.2292] 
	x68: [ -1.0592,  -0.8592] 
	x69: [  0.0135,   0.2135] 
	x70: [ -0.8909,  -0.6909] 
	x71: [  0.6120,   0.8120] 
	x72: [ -0.4998,  -0.2998] 
	x73: [ -1.2406,  -1.0406] 
	x74: [  1.2289,   1.4289] 
	x75: [ -2.9283,  -2.7283] 
	x76: [  0.5136,   0.7136] 
	x77: [ -0.0738,   0.1262] 
	x78: [ -3.0737,  -2.8737] 
	x79: [  1.2984,   1.4984] 
	x80: [ -4.3197,  -4.1197] 
	x81: [ -1.4552,  -1.2552] 
	x82: [  0.4720,   0.6720] 
	x83: [  0.8833,   1.0833] 
	x84: [ -0.2244,  -0.0244] 
	x85: [ -0.6905,  -0.4905] 
	x86: [  0.3440,   0.5440] 
	x87: [ -1.8250,  -1.6250] 
	x88: [ -0.4961,  -0.2961] 
	x89: [ -0.4194,  -0.2194] 
	x90: [ -0.8812,  -0.6812] 
	x91: [ -0.7477,  -0.5477] 
	x92: [ -1.4471,  -1.2471] 
	x93: [ -0.9763,  -0.7763] 
	x94: [ -1.7622,  -1.5622] 
	x95: [  3.0478,   3.2478] 
	x96: [ -0.5088,  -0.3088] 
	x97: [  1.0757,   1.2757] 
	x98: [  0.8342,   1.0342] 
	x99: [ -1.0652,  -0.8652] 
	x100: [ -2.2950,  -2.0950] 
	x101: [ -0.3866,  -0.1866] 
	x102: [  3.2417,   3.4417] 
	x103: [  0.2102,   0.4102] 
	x104: [  1.3475,   1.5475] 
	x105: [  1.2869,   1.4869] 
	x106: [ -0.9085,  -0.7085] 
	x107: [  1.7348,   1.9348] 
	x108: [  1.4174,   1.6174] 
	x109: [ -0.5968,  -0.3968] 
	x110: [  0.6135,   0.8135] 
	x111: [ -1.7430,  -1.5430] 
	x112: [ -2.8179,  -2.6179] 
	x113: [  0.6957,   0.8957] 
	x114: [ -0.9473,  -0.7473] 
	x115: [  0.1929,   0.3929] 
	x116: [ -0.0527,   0.1473] 
	x117: [ -1.3836,  -1.1836] 
	x118: [ -0.2755,  -0.0755] 
	x119: [  1.9685,   2.1685] 
	x120: [  0.4706,   0.6706] 
	x121: [  0.0219,   0.2219] 
	x122: [  1.1250,   1.3250] 
	x123: [ -1.4460,  -1.2460] 
	x124: [ -0.9264,  -0.7264] 
	x125: [  0.9931,   1.1931] 
	x126: [  0.3564,   0.5564] 
	x127: [  1.5234,   1.7234] 
	x128: [  0.1903,   0.3903] 
	x129: [ -2.0083,  -1.8083] 
	x130: [  1.3692,   1.5692] 
	x131: [ -0.0455,   0.1545] 
	x132: [  3.4088,   3.6088] 
	x133: [ -0.0517,   0.1483] 
	x134: [  1.1388,   1.3388] 
	x135: [ -2.7255,  -2.5255] 
	x136: [  0.0108,   0.2108] 
	x137: [ -0.9607,  -0.7607] 
	x138: [ -0.5297,  -0.3297] 
	x139: [ -2.3920,  -2.1920] 
	x140: [ -0.0687,   0.1313] 
	x141: [  2.2253,   2.4253] 
	x142: [ -0.6187,  -0.4187] 
	x143: [  0.8906,   1.0906] 
	x144: [ -0.4610,  -0.2610] 
	x145: [  2.9112,   3.1112] 
	x146: [  0.0329,   0.2329] 
	x147: [  0.4185,   0.6185] 
	x148: [  0.9053,   1.1053] 
	x149: [  0.0223,   0.2223] 
	x150: [ -2.3315,  -2.1315] 
	x151: [  2.3371,   2.5371] 
	x152: [  1.4380,   1.6380] 
	x153: [ -0.6594,  -0.4594] 
	x154: [  0.7891,   0.9891] 
	x155: [ -0.9143,  -0.7143] 
	x156: [ -0.0867,   0.1133] 
	x157: [  3.3825,   3.5825] 
	x158: [ -1.3084,  -1.1084] 
	x159: [ -1.0964,  -0.8964] 
	x160: [ -2.4247,  -2.2247] 
	x161: [  0.3161,   0.5161] 
	x162: [  0.2800,   0.4800] 
	x163: [ -0.6061,  -0.4061] 
	x164: [ -4.3206,  -4.1206] 
	x165: [  0.1710,   0.3710] 
	x166: [  0.4562,   0.6562] 
	x167: [  0.9576,   1.1576] 
	x168: [ -0.4338,  -0.2338] 
	x169: [  2.8781,   3.0781] 
	x170: [  1.5972,   1.7972] 
	x171: [  1.8226,   2.0226] 
	x172: [  1.4509,   1.6509] 
	x173: [  1.9452,   2.1452] 
	x174: [ -1.4379,  -1.2379] 
	x175: [ -0.6035,  -0.4035] 
	x176: [  0.8231,   1.0231] 
	x177: [  0.6083,   0.8083] 
	x178: [ -1.1969,  -0.9969] 
	x179: [  1.7644,   1.9644] 
	x180: [ -2.7406,  -2.5406] 
	x181: [  1.1120,   1.3120] 
	x182: [  0.4441,   0.6441] 
	x183: [ -0.3238,  -0.1238] 
	x184: [ -0.5969,  -0.3969] 
	x185: [ -0.6343,  -0.4343] 
	x186: [ -1.1568,  -0.9568] 
	x187: [  0.4520,   0.6520] 
	x188: [  2.3339,   2.5339] 
	x189: [ -0.9241,  -0.7241] 
	x190: [ -0.1077,   0.0923] 
	x191: [  1.1663,   1.3663] 
	x192: [ -0.6579,  -0.4579] 
	x193: [ -0.6062,  -0.4062] 
	x194: [ -0.2628,  -0.0628] 
	x195: [ -0.9665,  -0.7665] 
	x196: [ -2.0640,  -1.8640] 
	x197: [ -0.5259,  -0.3259] 
	x198: [  1.0792,   1.2792] 
	x199: [  2.0591,   2.2591] 
	x200: [  3.2343,   3.4343] 
	x201: [  1.5726,   1.7726] 
	x202: [ -0.8654,  -0.6654] 
	x203: [  2.1908,   2.3908] 
	x204: [ -1.7245,  -1.5245] 
	x205: [ -0.7830,  -0.5830] 
	x206: [ -1.2629,  -1.0629] 
	x207: [ -1.4381,  -1.2381] 
	x208: [ -0.3519,  -0.1519] 
	x209: [  1.5101,   1.7101] 
	x210: [  0.2739,   0.4739] 
	x211: [ -2.2757,  -2.0757] 
	x212: [ -1.0214,  -0.8214] 
	x213: [  1.2553,   1.4553] 
	x214: [ -1.0755,  -0.8755] 
	x215: [  1.2154,   1.4154] 
	x216: [ -0.2840,  -0.0840] 
	x217: [ -0.0326,   0.1674] 
	x218: [  0.0157,   0.2157] 
	x219: [  0.8014,   1.0014] 
	x220: [ -1.5882,  -1.3882] 
	x221: [ -0.9104,  -0.7104] 
	x222: [ -0.6972,  -0.4972] 
	x223: [  0.0673,   0.2673] 
	x224: [  0.4381,   0.6381] 
	x225: [ -2.2574,  -2.0574] 
	x226: [ -1.1130,  -0.9130] 
	x227: [ -1.4906,  -1.2906] 
	x228: [  1.0319,   1.2319] 
	x229: [  0.6184,   0.8184] 
	x230: [  3.3500,   3.5500] 
	x231: [ -2.9794,  -2.7794] 
	x232: [  0.5175,   0.7175] 
	x233: [  0.9577,   1.1577] 
	x234: [ -0.9319,  -0.7319] 
	x235: [  1.1827,   1.3827] 
	x236: [  0.0215,   0.2215] 
	x237: [  2.6491,   2.8491] 
	x238: [ -1.1399,  -0.9399] 
	x239: [  2.8231,   3.0231] 
	x240: [  1.3196,   1.5196] 
	x241: [ -2.0083,  -1.8083] 
	x242: [ -0.1518,   0.0482] 
	x243: [  3.0027,   3.2027] 
	x244: [  0.7932,   0.9932] 
	x245: [  0.5051,   0.7051] 
	x246: [  0.3009,   0.5009] 
	x247: [ -0.2257,  -0.0257] 
	x248: [ -2.0705,  -1.8705] 
	x249: [  1.4436,   1.6436] 
	x250: [ -3.6731,  -3.4731] 
	x251: [ -3.4612,  -3.2612] 
	x252: [ -1.8649,  -1.6649] 
	x253: [ -5.1443,  -4.9443] 
	x254: [ -1.3818,  -1.1818] 
	x255: [ -3.2615,  -3.0615] 
	x256: [ -0.4111,  -0.2111] 
	x257: [ -0.1167,   0.0833] 
	x258: [ -1.8486,  -1.6486] 
	x259: [ -0.2166,  -0.0166] 
	x260: [ -0.5793,  -0.3793] 
	x261: [  1.7632,   1.9632] 
	x262: [ -3.0880,  -2.8880] 
	x263: [  0.0397,   0.2397] 
	x264: [ -0.5351,  -0.3351] 
	x265: [ -2.8848,  -2.6848] 
	x266: [ -2.9791,  -2.7791] 
	x267: [  0.9905,   1.1905] 
	x268: [ -0.9963,  -0.7963] 
	x269: [ -0.5841,  -0.3841] 
	x270: [ -0.7110,  -0.5110] 
	x271: [  0.7603,   0.9603] 
	x272: [ -0.3623,  -0.1623] 
	x273: [ -0.2742,  -0.0742] 
	x274: [  3.6837,   3.8837] 
	x275: [  0.7842,   0.9842] 
	x276: [ -2.3911,  -2.1911] 
	x277: [  1.9068,   2.1068] 
	x278: [ -1.1174,  -0.9174] 
	x279: [  1.9560,   2.1560] 
	x280: [  1.0851,   1.2851] 
	x281: [ -3.1448,  -2.9448] 
	x282: [ -0.7787,  -0.5787] 
	x283: [ -0.5321,  -0.3321] 
	x284: [ -0.1545,   0.0455] 
	x285: [ -0.6774,  -0.4774] 
	x286: [ -2.1482,  -1.9482] 
	x287: [ -0.3156,  -0.1156] 
	x288: [ -1.4632,  -1.2632] 
	x289: [  2.0830,   2.2830] 
	x290: [ -0.5975,  -0.3975] 
	x291: [ -1.1349,  -0.9349] 
	x292: [ -0.8818,  -0.6818] 
	x293: [  0.5302,   0.7302] 
	x294: [  0.9922,   1.1922] 
	x295: [ -0.6021,  -0.4021] 
	x296: [  0.4228,   0.6228] 
	x297: [  3.4307,   3.6307] 
	x298: [ -2.2309,  -2.0309] 
	x299: [  0.2315,   0.4315] 
	x300: [  1.7883,   1.9883] 
	x301: [  0.1809,   0.3809] 
	x302: [  0.9627,   1.1627] 
	x303: [  0.7702,   0.9702] 
	x304: [ -3.3600,  -3.1600] 
	x305: [  1.9073,   2.1073] 
	x306: [ -0.5682,  -0.3682] 
	x307: [  0.7585,   0.9585] 
	x308: [ -1.3448,  -1.1448] 
	x309: [  0.1895,   0.3895] 
	x310: [  0.2507,   0.4507] 
	x311: [ -2.3224,  -2.1224] 
	x312: [  0.9081,   1.1081] 
	x313: [ -1.0665,  -0.8665] 
	x314: [ -2.4727,  -2.2727] 
	x315: [  0.9503,   1.1503] 
	x316: [ -0.7934,  -0.5934] 
	x317: [ -2.9872,  -2.7872] 
	x318: [  1.4240,   1.6240] 
	x319: [ -0.7665,  -0.5665] 
	x320: [  0.9686,   1.1686] 
	x321: [  1.2304,   1.4304] 
	x322: [ -0.8137,  -0.6137] 
	x323: [  1.8412,   2.0412] 
	x324: [  0.0755,   0.2755] 
	x325: [ -3.8303,  -3.6303] 
	x326: [ -0.0993,   0.1007] 
	x327: [  2.9938,   3.1938] 
	x328: [ -0.2369,  -0.0369] 
	x329: [  0.7557,   0.9557] 
	x330: [  1.5929,   1.7929] 
	x331: [ -0.0951,   0.1049] 
	x332: [  0.8557,   1.0557] 
	x333: [ -1.0577,  -0.8577] 
	x334: [  0.6167,   0.8167] 
	x335: [ -1.3119,  -1.1119] 
	x336: [  2.0350,   2.2350] 
	x337: [ -0.1127,   0.0873] 
	x338: [  0.0635,   0.2635] 
	x339: [  1.2160,   1.4160] 
	x340: [  0.9318,   1.1318] 
	x341: [ -1.8727,  -1.6727] 
	x342: [ -1.2057,  -1.0057] 
	x343: [ -1.1966,  -0.9966] 
	x344: [  1.1491,   1.3491] 
	x345: [ -1.7362,  -1.5362] 
	x346: [  0.9391,   1.1391] 
	x347: [  0.4605,   0.6605] 
	x348: [ -1.6734,  -1.4734] 
	x349: [  0.2979,   0.4979] 
	x350: [ -0.7077,  -0.5077] 
	x351: [ -1.6165,  -1.4165] 
	x352: [ -2.6835,  -2.4835] 
	x353: [  2.2406,   2.4406] 
	x354: [  0.1312,   0.3312] 
	x355: [ -0.5004,  -0.3004] 
	x356: [ -1.6463,  -1.4463] 
	x357: [ -0.9073,  -0.7073] 
	x358: [  0.5946,   0.7946] 
	x359: [  0.0338,   0.2338] 
	x360: [ -2.2678,  -2.0678] 
	x361: [  1.8117,   2.0117] 
	x362: [ -1.4326,  -1.2326] 
	x363: [ -0.2133,  -0.0133] 
	x364: [  0.7039,   0.9039] 
	x365: [  1.4872,   1.6872] 
	x366: [  0.7442,   0.9442] 
	x367: [  0.1558,   0.3558] 
	x368: [  0.2952,   0.4952] 
	x369: [  1.0912,   1.2912] 
	x370: [ -2.5992,  -2.3992] 
	x371: [ -2.1969,  -1.9969] 
	x372: [  0.5450,   0.7450] 
	x373: [ -0.8983,  -0.6983] 
	x374: [  0.3603,   0.5603] 
	x375: [  0.8314,   1.0314] 
	x376: [ -2.8579,  -2.6579] 
	x377: [ -0.8544,  -0.6544] 
	x378: [  0.5981,   0.7981] 
	x379: [ -0.1518,   0.0482] 
	x380: [  1.4818,   1.6818] 
	x381: [  1.4769,   1.6769] 
	x382: [ -3.7673,  -3.5673] 
	x383: [  1.8260,   2.0260] 
	x384: [ -0.5952,  -0.3952] 
	x385: [  1.0951,   1.2951] 
	x386: [  0.7698,   0.9698] 
	x387: [ -0.0506,   0.1494] 
	x388: [ -1.3539,  -1.1539] 
	x389: [ -1.9066,  -1.7066] 
	x390: [ -1.8881,  -1.6881] 
	x391: [ -1.5505,  -1.3505] 
	x392: [ -1.6954,  -1.4954] 
	x393: [ -1.1145,  -0.9145] 
	x394: [ -0.2119,  -0.0119] 
	x395: [  1.2343,   1.4343] 
	x396: [ -0.2724,  -0.0724] 
	x397: [  0.2691,   0.4691] 
	x398: [ -1.1221,  -0.9221] 
	x399: [ -1.4016,  -1.2016] 
	x400: [  1.3846,   1.5846] 
	x401: [  0.7551,   0.9551] 
	x402: [ -0.9114,  -0.7114] 
	x403: [ -2.1274,  -1.9274] 
	x404: [ -1.7650,  -1.5650] 
	x405: [  0.9585,   1.1585] 
	x406: [ -0.9504,  -0.7504] 
	x407: [  0.2357,   0.4357] 
	x408: [ -0.8247,  -0.6247] 
	x409: [  0.2042,   0.4042] 
	x410: [ -0.2140,  -0.0140] 
	x411: [ -0.3304,  -0.1304] 
	x412: [ -0.1830,   0.0170] 
	x413: [ -1.2224,  -1.0224] 
	x414: [ -0.6697,  -0.4697] 
	x415: [  0.4802,   0.6802] 
	x416: [ -3.1445,  -2.9445] 
	x417: [  0.2746,   0.4746] 
	x418: [ -1.1066,  -0.9066] 
	x419: [  1.3857,   1.5857] 
	x420: [ -2.2583,  -2.0583] 
	x421: [  1.0773,   1.2773] 
	x422: [ -1.4147,  -1.2147] 
	x423: [  0.0337,   0.2337] 
	x424: [ -1.8563,  -1.6563] 
	x425: [  1.1763,   1.3763] 
	x426: [  2.3015,   2.5015] 
	x427: [  0.2160,   0.4160] 
	x428: [  0.5425,   0.7425] 
	x429: [  3.7556,   3.9556] 
	x430: [ -0.1557,   0.0443] 
	x431: [  0.3283,   0.5283] 
	x432: [  0.1529,   0.3529] 
	x433: [  1.4141,   1.6141] 
	x434: [  0.0469,   0.2469] 
	x435: [  0.7892,   0.9892] 
	x436: [ -0.0219,   0.1781] 
	x437: [  2.5410,   2.7410] 
	x438: [  2.7615,   2.9615] 
	x439: [  1.0499,   1.2499] 
	x440: [ -0.5100,  -0.3100] 
	x441: [ -2.9977,  -2.7977] 
	x442: [ -0.5220,  -0.3220] 
	x443: [ -1.4220,  -1.2220] 
	x444: [ -0.3570,  -0.1570] 
	x445: [  0.1062,   0.3062] 
	x446: [ -0.9209,  -0.7209] 
	x447: [  0.9081,   1.1081] 
	x448: [ -1.1845,  -0.9845] 
	x449: [  0.7516,   0.9516] 
	x450: [ -2.2861,  -2.0861] 
	x451: [ -2.2839,  -2.0839] 
	x452: [ -2.2845,  -2.0845] 
	x453: [ -0.5630,  -0.3630] 
	x454: [  2.3177,   2.5177] 
	x455: [ -1.6350,  -1.4350] 
	x456: [ -1.3565,  -1.1565] 
	x457: [  1.2768,   1.4768] 
	x458: [ -2.7687,  -2.5687] 
	x459: [  1.9456,   2.1456] 
	x460: [  1.0011,   1.2011] 
	x461: [  1.5434,   1.7434] 
	x462: [  1.6470,   1.8470] 
	x463: [ -2.2210,  -2.0210] 
	x464: [ -1.8815,  -1.6815] 
	x465: [  0.3245,   0.5245] 
	x466: [ -2.9428,  -2.7428] 
	x467: [ -0.6018,  -0.4018] 
	x468: [  1.0571,   1.2571] 
	x469: [  1.4743,   1.6743] 
	x470: [ -2.7696,  -2.5696] 
	x471: [ -0.8383,  -0.6383] 
	x472: [  0.3098,   0.5098] 
	x473: [  1.4416,   1.6416] 
	x474: [ -0.3327,  -0.1327] 
	x475: [  0.7897,   0.9897] 
	x476: [ -1.3621,  -1.1621] 
	x477: [  1.1409,   1.3409] 
	x478: [ -2.4991,  -2.2991] 
	x479: [ -0.1935,   0.0065] 
	x480: [ -0.3115,  -0.1115] 
	x481: [  1.2322,   1.4322] 
	x482: [  0.2421,   0.4421] 
	x483: [ -2.4457,  -2.2457] 
	x484: [  0.8975,   1.0975] 
	x485: [ -0.9187,  -0.7187] 
	x486: [  0.3256,   0.5256] 
	x487: [  0.6546,   0.8546] 
	x488: [ -1.5906,  -1.3906] 
	x489: [  0.3313,   0.5313] 
	x490: [  0.4786,   0.6786] 
	x491: [  0.3267,   0.5267] 
	x492: [  0.3279,   0.5279] 
	x493: [  2.3973,   2.5973] 
	x494: [  0.2158,   0.4158] 
	x495: [  0.3160,   0.5160] 
	x496: [ -2.7736,  -2.5736] 
	x497: [ -0.8663,  -0.6663] 
	x498: [  1.1253,   1.3253] 
	x499: [ -0.8405,  -0.6405] 
	x500: [ -2.0791,  -1.8791] 
	x501: [ -0.4429,  -0.2429] 
	x502: [ -0.2871,  -0.0871] 
	x503: [ -0.7355,  -0.5355] 
	x504: [ -0.9130,  -0.7130] 
	x505: [ -0.0988,   0.1012] 
	x506: [  3.8761,   4.0761] 
	x507: [ -1.6425,  -1.4425] 
	x508: [  3.5431,   3.7431] 
	x509: [ -1.8388,  -1.6388] 
	x510: [ -2.4614,  -2.2614] 
	x511: [  0.2436,   0.4436] 

Branching heuristics set to PseudoImpact

Engine::solve: Initial statistics

23:46:06 Statistics update:
	--- Time Statistics ---
	Total time elapsed: 468 milli (00:00:00)
		Main loop: 0 milli (00:00:00)
		Preprocessing time: 193 milli (00:00:00)
		Unknown: 275 milli (00:00:00)
	Breakdown for main loop:
		[0.00%] Simplex steps: 0 milli
		[0.00%] Explicit-basis bound tightening: 0 milli
		[0.00%] Constraint-matrix bound tightening: 0 milli
		[0.00%] Degradation checking: 0 milli
		[0.00%] Precision restoration: 0 milli
		[0.00%] Statistics handling: 0 milli
		[0.00%] Constraint-fixing steps: 0 milli
		[0.00%] Valid case splits: 0 milli. Average per split: 0.00 milli
		[0.00%] Applying stored bound-tightening: 0 milli
		[0.00%] SMT core: 0 milli
		[0.00%] Symbolic Bound Tightening: 12 milli
		[0.00%] SoI-based local search: 0 milli
		[0.00%] SoI-based local search: 0 milli
		[0.00%] Unaccounted for: 0 milli
	--- Preprocessor Statistics ---
	Number of preprocessor bound-tightening loop iterations: 3
	Number of eliminated variables: 105
	Number of constraints removed due to variable elimination: 105
	Number of equations removed due to variable elimination: 0
	--- Engine Statistics ---
	Number of main loop iterations: 1
		0 iterations were simplex steps. Total time: 0 milli. Average: 0.00 milli.
		0 iterations were constraint-fixing steps. Total time: 0 milli. Average: 0.00 milli
	Number of active piecewise-linear constraints: 151 / 151
		Constraints disabled by valid splits: 0. By SMT-originated splits: 0
	Last reported degradation: 0.0000000000. Max degradation so far: 0.0000000000. Restorations so far: 0
	Number of simplex pivots we attempted to skip because of instability: 0.
	Unstable pivots performed anyway: 0
	--- Tableau Statistics ---
	Total number of pivots performed: 0
		Real pivots: 0. Degenerate: 0 (0.00%)
		Degenerate pivots by request (e.g., to fix a PL constraint): 0 (0.00%)
		Average time per pivot: 0.00 milli
	Total number of fake pivots performed: 0
	Total number of rows added: 0. Number of merged columns: 0
	Current tableau dimensions: M = 705, N = 2073
	--- SMT Core Statistics ---
	Total depth is 0. Total visited states: 1. Number of splits: 0. Number of pops: 0
	Max stack depth: 0
	--- Bound Tightening Statistics ---
	Number of tightened bounds: 0.
		Number of rows examined by row tightener: 0. Consequent tightenings: 0
		Number of explicit basis matrices examined by row tightener: 0. Consequent tightenings: 0
		Number of bound tightening rounds on the entire constraint matrix: 0. Consequent tightenings: 0
		Number of bound notifications sent to PL constraints: 906. Tightenings proposed: 0
	--- Basis Factorization statistics ---
	Number of basis refactorizations: 2
	--- Projected Steepest Edge Statistics ---
	Number of iterations: 0.
	Number of resets to reference space: 1. Avg. iterations per reset: 0
	--- SBT ---
	Number of tightened bounds: 385
	--- SoI-based local search ---
	Number of proposed phase pattern update: 0. Number of accepted update: 0 [0.00%]
	Total time (% of local search time) updating SoI phase pattern : 0 milli [0.00%]
	Total time obtaining current assignment: 0 milli [0.00%]
	Total time getting SoI phase pattern : 0 milli [0.00%]
	--- Context dependent statistics ---
	Number of pushes / pops: 0 / 0
		[0.00%] Pre-Push hook: 0 milli
		[0.00%] Push : 0 milli
		[0.00%] Post-Pop hook: 0 milli
		[0.00%] Pop : 0 milli
		[0.00%] Total context-switching time: 0 milli
	--- Proof Certificate ---
	Number of certified leaves: 0
	Number of leaves to delegate: 0

---

23:46:24 Statistics update:
	--- Time Statistics ---
	Total time elapsed: 18766 milli (00:00:18)
		Main loop: 17595 milli (00:00:17)
		Preprocessing time: 193 milli (00:00:00)
		Unknown: 977 milli (00:00:00)
	Breakdown for main loop:
		[75.04%] Simplex steps: 13204 milli
		[23.41%] Explicit-basis bound tightening: 4118 milli
		[0.00%] Constraint-matrix bound tightening: 0 milli
		[1.18%] Degradation checking: 207 milli
		[0.00%] Precision restoration: 0 milli
		[0.05%] Statistics handling: 9 milli
		[0.00%] Constraint-fixing steps: 0 milli
		[0.00%] Valid case splits: 0 milli. Average per split: 0.00 milli
		[0.00%] Applying stored bound-tightening: 0 milli
		[0.12%] SMT core: 20 milli
		[3.25%] Symbolic Bound Tightening: 572 milli
		[54.99%] SoI-based local search: 9676 milli
		[0.00%] SoI-based local search: 0 milli
		[104835926536138.80%] Unaccounted for: 0 milli
	--- Preprocessor Statistics ---
	Number of preprocessor bound-tightening loop iterations: 3
	Number of eliminated variables: 105
	Number of constraints removed due to variable elimination: 105
	Number of equations removed due to variable elimination: 0
	--- Engine Statistics ---
	Number of main loop iterations: 10000
		9873 iterations were simplex steps. Total time: 13204 milli. Average: 1.34 milli.
		0 iterations were constraint-fixing steps. Total time: 0 milli. Average: 0.00 milli
	Number of active piecewise-linear constraints: 102 / 151
		Constraints disabled by valid splits: 0. By SMT-originated splits: 49
	Last reported degradation: 0.0000000000. Max degradation so far: 0.0002259675. Restorations so far: 0
	Number of simplex pivots we attempted to skip because of instability: 5.
	Unstable pivots performed anyway: 0
	--- Tableau Statistics ---
	Total number of pivots performed: 8709
		Real pivots: 8701. Degenerate: 8 (0.09%)
		Degenerate pivots by request (e.g., to fix a PL constraint): 0 (0.00%)
		Average time per pivot: 0.26 milli
	Total number of fake pivots performed: 512
	Total number of rows added: 0. Number of merged columns: 0
	Current tableau dimensions: M = 705, N = 2073
	--- SMT Core Statistics ---
	Total depth is 49. Total visited states: 69. Number of splits: 58. Number of pops: 10
	Max stack depth: 54
	--- Bound Tightening Statistics ---
	Number of tightened bounds: 13142.
		Number of rows examined by row tightener: 8709. Consequent tightenings: 29
		Number of explicit basis matrices examined by row tightener: 17. Consequent tightenings: 338
		Number of bound tightening rounds on the entire constraint matrix: 0. Consequent tightenings: 0
		Number of bound notifications sent to PL constraints: 2003. Tightenings proposed: 0
	--- Basis Factorization statistics ---
	Number of basis refactorizations: 74
	--- Projected Steepest Edge Statistics ---
	Number of iterations: 9226.
	Number of resets to reference space: 19. Avg. iterations per reset: 485
	--- SBT ---
	Number of tightened bounds: 13527
	--- SoI-based local search ---
	Number of proposed phase pattern update: 266. Number of accepted update: 208 [78.20%]
	Total time (% of local search time) updating SoI phase pattern : 20816 milli [0.22%]
	Total time obtaining current assignment: 66494 milli [0.69%]
	Total time getting SoI phase pattern : 12570 milli [0.07%]
	--- Context dependent statistics ---
	Number of pushes / pops: 68 / 19
		[0.03%] Pre-Push hook: 5 milli
		[0.00%] Push : 0 milli
		[0.00%] Post-Pop hook: 0 milli
		[0.00%] Pop : 0 milli
		[0.04%] Total context-switching time: 6 milli
	--- Proof Certificate ---
	Number of certified leaves: 0
	Number of leaves to delegate: 0

23:46:49 Statistics update:
	--- Time Statistics ---
	Total time elapsed: 43551 milli (00:00:43)
		Main loop: 42988 milli (00:00:42)
		Preprocessing time: 193 milli (00:00:00)
		Unknown: 369 milli (00:00:00)
	Breakdown for main loop:
		[62.26%] Simplex steps: 26762 milli
		[31.00%] Explicit-basis bound tightening: 13324 milli
		[0.00%] Constraint-matrix bound tightening: 0 milli
		[0.95%] Degradation checking: 408 milli
		[0.00%] Precision restoration: 0 milli
		[0.05%] Statistics handling: 19 milli
		[0.00%] Constraint-fixing steps: 0 milli
		[0.00%] Valid case splits: 1 milli. Average per split: 0.00 milli
		[0.00%] Applying stored bound-tightening: 1 milli
		[0.18%] SMT core: 77 milli
		[2.89%] Symbolic Bound Tightening: 1242 milli
		[40.36%] SoI-based local search: 17351 milli
		[0.00%] SoI-based local search: 0 milli
		[2.68%] Unaccounted for: 1150 milli
	--- Preprocessor Statistics ---
	Number of preprocessor bound-tightening loop iterations: 3
	Number of eliminated variables: 105
	Number of constraints removed due to variable elimination: 105
	Number of equations removed due to variable elimination: 0
	--- Engine Statistics ---
	Number of main loop iterations: 20000
		19754 iterations were simplex steps. Total time: 26762 milli. Average: 1.35 milli.
		0 iterations were constraint-fixing steps. Total time: 0 milli. Average: 0.00 milli
	Number of active piecewise-linear constraints: 103 / 151
		Constraints disabled by valid splits: 0. By SMT-originated splits: 48
	Last reported degradation: 0.0000000000. Max degradation so far: 0.0002259675. Restorations so far: 0
	Number of simplex pivots we attempted to skip because of instability: 5.
	Unstable pivots performed anyway: 0
	--- Tableau Statistics ---
	Total number of pivots performed: 17563
		Real pivots: 17551. Degenerate: 12 (0.07%)
		Degenerate pivots by request (e.g., to fix a PL constraint): 0 (0.00%)
		Average time per pivot: 0.28 milli
	Total number of fake pivots performed: 901
	Total number of rows added: 0. Number of merged columns: 0
	Current tableau dimensions: M = 705, N = 2073
	--- SMT Core Statistics ---
	Total depth is 48. Total visited states: 152. Number of splits: 99. Number of pops: 52
	Max stack depth: 57
	--- Bound Tightening Statistics ---
	Number of tightened bounds: 28810.
		Number of rows examined by row tightener: 17563. Consequent tightenings: 186
		Number of explicit basis matrices examined by row tightener: 58. Consequent tightenings: 829
		Number of bound tightening rounds on the entire constraint matrix: 0. Consequent tightenings: 0
		Number of bound notifications sent to PL constraints: 2748. Tightenings proposed: 0
	--- Basis Factorization statistics ---
	Number of basis refactorizations: 152
	--- Projected Steepest Edge Statistics ---
	Number of iterations: 18469.
	Number of resets to reference space: 65. Avg. iterations per reset: 284
	--- SBT ---
	Number of tightened bounds: 29195
	--- SoI-based local search ---
	Number of proposed phase pattern update: 536. Number of accepted update: 436 [81.34%]
	Total time (% of local search time) updating SoI phase pattern : 36482 milli [0.21%]
	Total time obtaining current assignment: 133410 milli [0.77%]
	Total time getting SoI phase pattern : 22288 milli [0.05%]
	--- Context dependent statistics ---
	Number of pushes / pops: 151 / 103
		[0.02%] Pre-Push hook: 8 milli
		[0.00%] Push : 0 milli
		[0.01%] Post-Pop hook: 4 milli
		[0.01%] Pop : 2 milli
		[0.04%] Total context-switching time: 15 milli
	--- Proof Certificate ---
	Number of certified leaves: 0
	Number of leaves to delegate: 0

23:47:22 Statistics update:
	--- Time Statistics ---
	Total time elapsed: 76428 milli (00:01:16)
		Main loop: 75953 milli (00:01:15)
		Preprocessing time: 193 milli (00:00:00)
		Unknown: 281 milli (00:00:00)
	Breakdown for main loop:
		[52.33%] Simplex steps: 39749 milli
		[39.63%] Explicit-basis bound tightening: 30096 milli
		[0.00%] Constraint-matrix bound tightening: 0 milli
		[0.80%] Degradation checking: 608 milli
		[0.00%] Precision restoration: 0 milli
		[0.04%] Statistics handling: 29 milli
		[0.00%] Constraint-fixing steps: 0 milli
		[0.00%] Valid case splits: 2 milli. Average per split: 0.00 milli
		[0.00%] Applying stored bound-tightening: 1 milli
		[0.17%] SMT core: 128 milli
		[2.36%] Symbolic Bound Tightening: 1792 milli
		[28.09%] SoI-based local search: 21336 milli
		[0.00%] SoI-based local search: 0 milli
		[4.67%] Unaccounted for: 3545 milli
	--- Preprocessor Statistics ---
	Number of preprocessor bound-tightening loop iterations: 3
	Number of eliminated variables: 105
	Number of constraints removed due to variable elimination: 105
	Number of equations removed due to variable elimination: 0
	--- Engine Statistics ---
	Number of main loop iterations: 30000
		29679 iterations were simplex steps. Total time: 39749 milli. Average: 1.34 milli.
		0 iterations were constraint-fixing steps. Total time: 0 milli. Average: 0.00 milli
	Number of active piecewise-linear constraints: 104 / 151
		Constraints disabled by valid splits: 3. By SMT-originated splits: 44
	Last reported degradation: 0.0000000000. Max degradation so far: 0.0002259675. Restorations so far: 0
	Number of simplex pivots we attempted to skip because of instability: 6.
	Unstable pivots performed anyway: 0
	--- Tableau Statistics ---
	Total number of pivots performed: 26384
		Real pivots: 26363. Degenerate: 21 (0.08%)
		Degenerate pivots by request (e.g., to fix a PL constraint): 0 (0.00%)
		Average time per pivot: 0.29 milli
	Total number of fake pivots performed: 1345
	Total number of rows added: 0. Number of merged columns: 0
	Current tableau dimensions: M = 705, N = 2073
	--- SMT Core Statistics ---
	Total depth is 44. Total visited states: 219. Number of splits: 130. Number of pops: 88
	Max stack depth: 57
	--- Bound Tightening Statistics ---
	Number of tightened bounds: 40622.
		Number of rows examined by row tightener: 26384. Consequent tightenings: 790
		Number of explicit basis matrices examined by row tightener: 134. Consequent tightenings: 3261
		Number of bound tightening rounds on the entire constraint matrix: 0. Consequent tightenings: 0
		Number of bound notifications sent to PL constraints: 5186. Tightenings proposed: 0
	--- Basis Factorization statistics ---
	Number of basis refactorizations: 229
	--- Projected Steepest Edge Statistics ---
	Number of iterations: 27735.
	Number of resets to reference space: 102. Avg. iterations per reset: 271
	--- SBT ---
	Number of tightened bounds: 41007
	--- SoI-based local search ---
	Number of proposed phase pattern update: 812. Number of accepted update: 682 [83.99%]
	Total time (% of local search time) updating SoI phase pattern : 48515 milli [0.23%]
	Total time obtaining current assignment: 199466 milli [0.93%]
	Total time getting SoI phase pattern : 32217 milli [0.04%]
	--- Context dependent statistics ---
	Number of pushes / pops: 218 / 174
		[0.01%] Pre-Push hook: 10 milli
		[0.00%] Push : 0 milli
		[0.01%] Post-Pop hook: 6 milli
		[0.01%] Pop : 5 milli
		[0.03%] Total context-switching time: 23 milli
	--- Proof Certificate ---
	Number of certified leaves: 0
	Number of leaves to delegate: 0

23:47:50 Statistics update:
	--- Time Statistics ---
	Total time elapsed: 105150 milli (00:01:45)
		Main loop: 104607 milli (00:01:44)
		Preprocessing time: 193 milli (00:00:00)
		Unknown: 350 milli (00:00:00)
	Breakdown for main loop:
		[50.72%] Simplex steps: 53052 milli
		[40.27%] Explicit-basis bound tightening: 42121 milli
		[0.00%] Constraint-matrix bound tightening: 0 milli
		[0.77%] Degradation checking: 805 milli
		[0.00%] Precision restoration: 0 milli
		[0.04%] Statistics handling: 39 milli
		[0.00%] Constraint-fixing steps: 0 milli
		[0.00%] Valid case splits: 3 milli. Average per split: 0.00 milli
		[0.00%] Applying stored bound-tightening: 2 milli
		[0.17%] SMT core: 180 milli
		[2.29%] Symbolic Bound Tightening: 2394 milli
		[26.40%] SoI-based local search: 27615 milli
		[0.00%] SoI-based local search: 0 milli
		[5.74%] Unaccounted for: 6008 milli
	--- Preprocessor Statistics ---
	Number of preprocessor bound-tightening loop iterations: 3
	Number of eliminated variables: 105
	Number of constraints removed due to variable elimination: 105
	Number of equations removed due to variable elimination: 0
	--- Engine Statistics ---
	Number of main loop iterations: 40000
		39580 iterations were simplex steps. Total time: 53052 milli. Average: 1.34 milli.
		0 iterations were constraint-fixing steps. Total time: 0 milli. Average: 0.00 milli
	Number of active piecewise-linear constraints: 104 / 151
		Constraints disabled by valid splits: 0. By SMT-originated splits: 47
	Last reported degradation: 0.0000000000. Max degradation so far: 0.0002259675. Restorations so far: 0
	Number of simplex pivots we attempted to skip because of instability: 8.
	Unstable pivots performed anyway: 0
	--- Tableau Statistics ---
	Total number of pivots performed: 35138
		Real pivots: 35108. Degenerate: 30 (0.09%)
		Degenerate pivots by request (e.g., to fix a PL constraint): 0 (0.00%)
		Average time per pivot: 0.30 milli
	Total number of fake pivots performed: 1852
	Total number of rows added: 0. Number of merged columns: 0
	Current tableau dimensions: M = 705, N = 2073
	--- SMT Core Statistics ---
	Total depth is 47. Total visited states: 294. Number of splits: 169. Number of pops: 124
	Max stack depth: 57
	--- Bound Tightening Statistics ---
	Number of tightened bounds: 54894.
		Number of rows examined by row tightener: 35138. Consequent tightenings: 1143
		Number of explicit basis matrices examined by row tightener: 192. Consequent tightenings: 4839
		Number of bound tightening rounds on the entire constraint matrix: 0. Consequent tightenings: 0
		Number of bound notifications sent to PL constraints: 7074. Tightenings proposed: 0
	--- Basis Factorization statistics ---
	Number of basis refactorizations: 305
	--- Projected Steepest Edge Statistics ---
	Number of iterations: 36998.
	Number of resets to reference space: 141. Avg. iterations per reset: 262
	--- SBT ---
	Number of tightened bounds: 55279
	--- SoI-based local search ---
	Number of proposed phase pattern update: 1073. Number of accepted update: 903 [84.16%]
	Total time (% of local search time) updating SoI phase pattern : 63923 milli [0.23%]
	Total time obtaining current assignment: 264203 milli [0.96%]
	Total time getting SoI phase pattern : 42333 milli [0.04%]
	--- Context dependent statistics ---
	Number of pushes / pops: 293 / 246
		[0.01%] Pre-Push hook: 13 milli
		[0.00%] Push : 0 milli
		[0.01%] Post-Pop hook: 8 milli
		[0.01%] Pop : 8 milli
		[0.03%] Total context-switching time: 31 milli
	--- Proof Certificate ---
	Number of certified leaves: 0
	Number of leaves to delegate: 0

23:48:19 Statistics update:
	--- Time Statistics ---
	Total time elapsed: 133307 milli (00:02:13)
		Main loop: 132805 milli (00:02:12)
		Preprocessing time: 193 milli (00:00:00)
		Unknown: 308 milli (00:00:00)
	Breakdown for main loop:
		[49.92%] Simplex steps: 66297 milli
		[41.12%] Explicit-basis bound tightening: 54606 milli
		[0.00%] Constraint-matrix bound tightening: 0 milli
		[0.76%] Degradation checking: 1003 milli
		[0.00%] Precision restoration: 0 milli
		[0.04%] Statistics handling: 48 milli
		[0.00%] Constraint-fixing steps: 0 milli
		[0.00%] Valid case splits: 4 milli. Average per split: 0.00 milli
		[0.00%] Applying stored bound-tightening: 2 milli
		[0.17%] SMT core: 230 milli
		[2.24%] Symbolic Bound Tightening: 2973 milli
		[25.23%] SoI-based local search: 33504 milli
		[0.00%] SoI-based local search: 0 milli
		[5.75%] Unaccounted for: 7639 milli
	--- Preprocessor Statistics ---
	Number of preprocessor bound-tightening loop iterations: 3
	Number of eliminated variables: 105
	Number of constraints removed due to variable elimination: 105
	Number of equations removed due to variable elimination: 0
	--- Engine Statistics ---
	Number of main loop iterations: 50000
		49489 iterations were simplex steps. Total time: 66297 milli. Average: 1.34 milli.
		0 iterations were constraint-fixing steps. Total time: 0 milli. Average: 0.00 milli
	Number of active piecewise-linear constraints: 102 / 151
		Constraints disabled by valid splits: 0. By SMT-originated splits: 49
	Last reported degradation: 0.0000000000. Max degradation so far: 0.0004737840. Restorations so far: 0
	Number of simplex pivots we attempted to skip because of instability: 8.
	Unstable pivots performed anyway: 0
	--- Tableau Statistics ---
	Total number of pivots performed: 43977
		Real pivots: 43940. Degenerate: 37 (0.08%)
		Degenerate pivots by request (e.g., to fix a PL constraint): 0 (0.00%)
		Average time per pivot: 0.30 milli
	Total number of fake pivots performed: 2293
	Total number of rows added: 0. Number of merged columns: 0
	Current tableau dimensions: M = 705, N = 2073
	--- SMT Core Statistics ---
	Total depth is 49. Total visited states: 365. Number of splits: 205. Number of pops: 159
	Max stack depth: 57
	--- Bound Tightening Statistics ---
	Number of tightened bounds: 68032.
		Number of rows examined by row tightener: 43977. Consequent tightenings: 1422
		Number of explicit basis matrices examined by row tightener: 248. Consequent tightenings: 7551
		Number of bound tightening rounds on the entire constraint matrix: 0. Consequent tightenings: 0
		Number of bound notifications sent to PL constraints: 9141. Tightenings proposed: 0
	--- Basis Factorization statistics ---
	Number of basis refactorizations: 382
	--- Projected Steepest Edge Statistics ---
	Number of iterations: 46278.
	Number of resets to reference space: 181. Avg. iterations per reset: 255
	--- SBT ---
	Number of tightened bounds: 68417
	--- SoI-based local search ---
	Number of proposed phase pattern update: 1333. Number of accepted update: 1127 [84.55%]
	Total time (% of local search time) updating SoI phase pattern : 78174 milli [0.23%]
	Total time obtaining current assignment: 328672 milli [0.98%]
	Total time getting SoI phase pattern : 52353 milli [0.04%]
	--- Context dependent statistics ---
	Number of pushes / pops: 364 / 315
		[0.01%] Pre-Push hook: 16 milli
		[0.00%] Push : 0 milli
		[0.01%] Post-Pop hook: 11 milli
		[0.01%] Pop : 11 milli
		[0.03%] Total context-switching time: 39 milli
	--- Proof Certificate ---
	Number of certified leaves: 0
	Number of leaves to delegate: 0

23:48:45 Statistics update:
	--- Time Statistics ---
	Total time elapsed: 159694 milli (00:02:39)
		Main loop: 159052 milli (00:02:39)
		Preprocessing time: 193 milli (00:00:00)
		Unknown: 449 milli (00:00:00)
	Breakdown for main loop:
		[50.32%] Simplex steps: 80040 milli
		[41.38%] Explicit-basis bound tightening: 65816 milli
		[0.00%] Constraint-matrix bound tightening: 0 milli
		[0.76%] Degradation checking: 1202 milli
		[0.00%] Precision restoration: 0 milli
		[0.04%] Statistics handling: 58 milli
		[0.00%] Constraint-fixing steps: 0 milli
		[0.00%] Valid case splits: 4 milli. Average per split: 0.00 milli
		[0.00%] Applying stored bound-tightening: 3 milli
		[0.18%] SMT core: 280 milli
		[2.22%] Symbolic Bound Tightening: 3534 milli
		[25.34%] SoI-based local search: 40308 milli
		[0.00%] SoI-based local search: 0 milli
		[5.10%] Unaccounted for: 8110 milli
	--- Preprocessor Statistics ---
	Number of preprocessor bound-tightening loop iterations: 3
	Number of eliminated variables: 105
	Number of constraints removed due to variable elimination: 105
	Number of equations removed due to variable elimination: 0
	--- Engine Statistics ---
	Number of main loop iterations: 60000
		59394 iterations were simplex steps. Total time: 80040 milli. Average: 1.35 milli.
		0 iterations were constraint-fixing steps. Total time: 0 milli. Average: 0.00 milli
	Number of active piecewise-linear constraints: 106 / 151
		Constraints disabled by valid splits: 0. By SMT-originated splits: 45
	Last reported degradation: 0.0000000000. Max degradation so far: 0.0005221375. Restorations so far: 0
	Number of simplex pivots we attempted to skip because of instability: 8.
	Unstable pivots performed anyway: 0
	--- Tableau Statistics ---
	Total number of pivots performed: 53074
		Real pivots: 53032. Degenerate: 42 (0.08%)
		Degenerate pivots by request (e.g., to fix a PL constraint): 0 (0.00%)
		Average time per pivot: 0.30 milli
	Total number of fake pivots performed: 2592
	Total number of rows added: 0. Number of merged columns: 0
	Current tableau dimensions: M = 705, N = 2073
	--- SMT Core Statistics ---
	Total depth is 45. Total visited states: 434. Number of splits: 238. Number of pops: 195
	Max stack depth: 57
	--- Bound Tightening Statistics ---
	Number of tightened bounds: 81626.
		Number of rows examined by row tightener: 53074. Consequent tightenings: 1778
		Number of explicit basis matrices examined by row tightener: 295. Consequent tightenings: 8142
		Number of bound tightening rounds on the entire constraint matrix: 0. Consequent tightenings: 0
		Number of bound notifications sent to PL constraints: 10257. Tightenings proposed: 0
	--- Basis Factorization statistics ---
	Number of basis refactorizations: 464
	--- Projected Steepest Edge Statistics ---
	Number of iterations: 55674.
	Number of resets to reference space: 222. Avg. iterations per reset: 250
	--- SBT ---
	Number of tightened bounds: 82011
	--- SoI-based local search ---
	Number of proposed phase pattern update: 1539. Number of accepted update: 1300 [84.47%]
	Total time (% of local search time) updating SoI phase pattern : 92545 milli [0.23%]
	Total time obtaining current assignment: 382079 milli [0.95%]
	Total time getting SoI phase pattern : 60573 milli [0.04%]
	--- Context dependent statistics ---
	Number of pushes / pops: 433 / 388
		[0.01%] Pre-Push hook: 19 milli
		[0.00%] Push : 0 milli
		[0.01%] Post-Pop hook: 13 milli
		[0.01%] Pop : 13 milli
		[0.03%] Total context-switching time: 46 milli
	--- Proof Certificate ---
	Number of certified leaves: 0
	Number of leaves to delegate: 0

23:49:15 Statistics update:
	--- Time Statistics ---
	Total time elapsed: 189680 milli (00:03:09)
		Main loop: 188813 milli (00:03:08)
		Preprocessing time: 193 milli (00:00:00)
		Unknown: 673 milli (00:00:00)
	Breakdown for main loop:
		[49.49%] Simplex steps: 93441 milli
		[42.79%] Explicit-basis bound tightening: 80798 milli
		[0.00%] Constraint-matrix bound tightening: 0 milli
		[0.74%] Degradation checking: 1403 milli
		[0.00%] Precision restoration: 0 milli
		[0.04%] Statistics handling: 68 milli
		[0.00%] Constraint-fixing steps: 0 milli
		[0.00%] Valid case splits: 6 milli. Average per split: 0.00 milli
		[0.00%] Applying stored bound-tightening: 3 milli
		[0.17%] SMT core: 327 milli
		[2.13%] Symbolic Bound Tightening: 4018 milli
		[23.63%] SoI-based local search: 44608 milli
		[0.00%] SoI-based local search: 0 milli
		[4.63%] Unaccounted for: 8745 milli
	--- Preprocessor Statistics ---
	Number of preprocessor bound-tightening loop iterations: 3
	Number of eliminated variables: 105
	Number of constraints removed due to variable elimination: 105
	Number of equations removed due to variable elimination: 0
	--- Engine Statistics ---
	Number of main loop iterations: 70000
		69315 iterations were simplex steps. Total time: 93441 milli. Average: 1.35 milli.
		0 iterations were constraint-fixing steps. Total time: 0 milli. Average: 0.00 milli
	Number of active piecewise-linear constraints: 113 / 151
		Constraints disabled by valid splits: 0. By SMT-originated splits: 38
	Last reported degradation: 0.0000000000. Max degradation so far: 0.0005221375. Restorations so far: 0
	Number of simplex pivots we attempted to skip because of instability: 8.
	Unstable pivots performed anyway: 0
	--- Tableau Statistics ---
	Total number of pivots performed: 62097
		Real pivots: 62046. Degenerate: 51 (0.08%)
		Degenerate pivots by request (e.g., to fix a PL constraint): 0 (0.00%)
		Average time per pivot: 0.31 milli
	Total number of fake pivots performed: 2996
	Total number of rows added: 0. Number of merged columns: 0
	Current tableau dimensions: M = 705, N = 2073
	--- SMT Core Statistics ---
	Total depth is 38. Total visited states: 493. Number of splits: 264. Number of pops: 228
	Max stack depth: 57
	--- Bound Tightening Statistics ---
	Number of tightened bounds: 93244.
		Number of rows examined by row tightener: 62097. Consequent tightenings: 2104
		Number of explicit basis matrices examined by row tightener: 358. Consequent tightenings: 11551
		Number of bound tightening rounds on the entire constraint matrix: 0. Consequent tightenings: 0
		Number of bound notifications sent to PL constraints: 12782. Tightenings proposed: 0
	--- Basis Factorization statistics ---
	Number of basis refactorizations: 544
	--- Projected Steepest Edge Statistics ---
	Number of iterations: 65101.
	Number of resets to reference space: 257. Avg. iterations per reset: 253
	--- SBT ---
	Number of tightened bounds: 93629
	--- SoI-based local search ---
	Number of proposed phase pattern update: 1744. Number of accepted update: 1479 [84.81%]
	Total time (% of local search time) updating SoI phase pattern : 104796 milli [0.23%]
	Total time obtaining current assignment: 432404 milli [0.97%]
	Total time getting SoI phase pattern : 68367 milli [0.04%]
	--- Context dependent statistics ---
	Number of pushes / pops: 492 / 454
		[0.01%] Pre-Push hook: 21 milli
		[0.00%] Push : 0 milli
		[0.01%] Post-Pop hook: 16 milli
		[0.01%] Pop : 16 milli
		[0.03%] Total context-switching time: 53 milli
	--- Proof Certificate ---
	Number of certified leaves: 0
	Number of leaves to delegate: 0
High degradation found!
Performing precision restoration. Degradation before: 0.140978809338637. After: 0.000000000006307

23:49:42 Statistics update:
	--- Time Statistics ---
	Total time elapsed: 216736 milli (00:03:36)
		Main loop: 216164 milli (00:03:36)
		Preprocessing time: 193 milli (00:00:00)
		Unknown: 378 milli (00:00:00)
	Breakdown for main loop:
		[50.22%] Simplex steps: 108560 milli
		[42.32%] Explicit-basis bound tightening: 91491 milli
		[0.00%] Constraint-matrix bound tightening: 0 milli
		[0.74%] Degradation checking: 1603 milli
		[0.17%] Precision restoration: 362 milli
		[0.04%] Statistics handling: 78 milli
		[0.00%] Constraint-fixing steps: 0 milli
		[0.00%] Valid case splits: 6 milli. Average per split: 0.00 milli
		[0.00%] Applying stored bound-tightening: 3 milli
		[0.17%] SMT core: 371 milli
		[2.08%] Symbolic Bound Tightening: 4505 milli
		[24.21%] SoI-based local search: 52338 milli
		[0.00%] SoI-based local search: 0 milli
		[4.25%] Unaccounted for: 9179 milli
	--- Preprocessor Statistics ---
	Number of preprocessor bound-tightening loop iterations: 3
	Number of eliminated variables: 105
	Number of constraints removed due to variable elimination: 105
	Number of equations removed due to variable elimination: 0
	--- Engine Statistics ---
	Number of main loop iterations: 80000
		79226 iterations were simplex steps. Total time: 108560 milli. Average: 1.37 milli.
		0 iterations were constraint-fixing steps. Total time: 0 milli. Average: 0.00 milli
	Number of active piecewise-linear constraints: 104 / 151
		Constraints disabled by valid splits: 0. By SMT-originated splits: 47
	Last reported degradation: 0.0000000000. Max degradation so far: 0.1409788093. Restorations so far: 1
	Number of simplex pivots we attempted to skip because of instability: 8.
	Unstable pivots performed anyway: 0
	--- Tableau Statistics ---
	Total number of pivots performed: 71160
		Real pivots: 71099. Degenerate: 61 (0.09%)
		Degenerate pivots by request (e.g., to fix a PL constraint): 0 (0.00%)
		Average time per pivot: 0.31 milli
	Total number of fake pivots performed: 3348
	Total number of rows added: 0. Number of merged columns: 0
	Current tableau dimensions: M = 705, N = 2073
	--- SMT Core Statistics ---
	Total depth is 47. Total visited states: 553. Number of splits: 298. Number of pops: 254
	Max stack depth: 57
	--- Bound Tightening Statistics ---
	Number of tightened bounds: 104385.
		Number of rows examined by row tightener: 71160. Consequent tightenings: 2327
		Number of explicit basis matrices examined by row tightener: 398. Consequent tightenings: 11833
		Number of bound tightening rounds on the entire constraint matrix: 0. Consequent tightenings: 0
		Number of bound notifications sent to PL constraints: 13418. Tightenings proposed: 0
	--- Basis Factorization statistics ---
	Number of basis refactorizations: 626
	--- Projected Steepest Edge Statistics ---
	Number of iterations: 74516.
	Number of resets to reference space: 294. Avg. iterations per reset: 253
	--- SBT ---
	Number of tightened bounds: 104770
	--- SoI-based local search ---
	Number of proposed phase pattern update: 1945. Number of accepted update: 1646 [84.63%]
	Total time (% of local search time) updating SoI phase pattern : 119036 milli [0.23%]
	Total time obtaining current assignment: 484806 milli [0.93%]
	Total time getting SoI phase pattern : 76563 milli [0.04%]
	--- Context dependent statistics ---
	Number of pushes / pops: 552 / 505
		[0.01%] Pre-Push hook: 23 milli
		[0.00%] Push : 0 milli
		[0.01%] Post-Pop hook: 17 milli
		[0.01%] Pop : 17 milli
		[0.03%] Total context-switching time: 58 milli
	--- Proof Certificate ---
	Number of certified leaves: 0
	Number of leaves to delegate: 0
High degradation found!
Performing precision restoration. Degradation before: 0.127761542949598. After: 0.000000000004487

23:50:15 Statistics update:
	--- Time Statistics ---
	Total time elapsed: 250185 milli (00:04:10)
		Main loop: 249340 milli (00:04:09)
		Preprocessing time: 193 milli (00:00:00)
		Unknown: 651 milli (00:00:00)
	Breakdown for main loop:
		[49.88%] Simplex steps: 124383 milli
		[43.17%] Explicit-basis bound tightening: 107652 milli
		[0.00%] Constraint-matrix bound tightening: 0 milli
		[0.72%] Degradation checking: 1804 milli
		[0.26%] Precision restoration: 656 milli
		[0.04%] Statistics handling: 88 milli
		[0.00%] Constraint-fixing steps: 0 milli
		[0.00%] Valid case splits: 7 milli. Average per split: 0.00 milli
		[0.00%] Applying stored bound-tightening: 4 milli
		[0.17%] SMT core: 420 milli
		[2.00%] Symbolic Bound Tightening: 4978 milli
		[23.33%] SoI-based local search: 58183 milli
		[0.00%] SoI-based local search: 0 milli
		[3.75%] Unaccounted for: 9344 milli
	--- Preprocessor Statistics ---
	Number of preprocessor bound-tightening loop iterations: 3
	Number of eliminated variables: 105
	Number of constraints removed due to variable elimination: 105
	Number of equations removed due to variable elimination: 0
	--- Engine Statistics ---
	Number of main loop iterations: 90000
		89146 iterations were simplex steps. Total time: 124383 milli. Average: 1.40 milli.
		0 iterations were constraint-fixing steps. Total time: 0 milli. Average: 0.00 milli
	Number of active piecewise-linear constraints: 101 / 151
		Constraints disabled by valid splits: 0. By SMT-originated splits: 50
	Last reported degradation: 0.0000000000. Max degradation so far: 0.1409788093. Restorations so far: 2
	Number of simplex pivots we attempted to skip because of instability: 8.
	Unstable pivots performed anyway: 0
	--- Tableau Statistics ---
	Total number of pivots performed: 80079
		Real pivots: 80009. Degenerate: 70 (0.09%)
		Degenerate pivots by request (e.g., to fix a PL constraint): 0 (0.00%)
		Average time per pivot: 0.31 milli
	Total number of fake pivots performed: 3704
	Total number of rows added: 0. Number of merged columns: 0
	Current tableau dimensions: M = 705, N = 2073
	--- SMT Core Statistics ---
	Total depth is 50. Total visited states: 611. Number of splits: 328. Number of pops: 282
	Max stack depth: 57
	--- Bound Tightening Statistics ---
	Number of tightened bounds: 114938.
		Number of rows examined by row tightener: 80079. Consequent tightenings: 3486
		Number of explicit basis matrices examined by row tightener: 454. Consequent tightenings: 12784
		Number of bound tightening rounds on the entire constraint matrix: 0. Consequent tightenings: 0
		Number of bound notifications sent to PL constraints: 14788. Tightenings proposed: 0
	--- Basis Factorization statistics ---
	Number of basis refactorizations: 706
	--- Projected Steepest Edge Statistics ---
	Number of iterations: 83791.
	Number of resets to reference space: 327. Avg. iterations per reset: 256
	--- SBT ---
	Number of tightened bounds: 115323
	--- SoI-based local search ---
	Number of proposed phase pattern update: 2224. Number of accepted update: 1894 [85.16%]
	Total time (% of local search time) updating SoI phase pattern : 132301 milli [0.23%]
	Total time obtaining current assignment: 555118 milli [0.95%]
	Total time getting SoI phase pattern : 86815 milli [0.03%]
	--- Context dependent statistics ---
	Number of pushes / pops: 610 / 560
		[0.01%] Pre-Push hook: 26 milli
		[0.00%] Push : 0 milli
		[0.01%] Post-Pop hook: 19 milli
		[0.01%] Pop : 18 milli
		[0.03%] Total context-switching time: 64 milli
	--- Proof Certificate ---
	Number of certified leaves: 0
	Number of leaves to delegate: 0

23:51:01 Statistics update:
	--- Time Statistics ---
	Total time elapsed: 295698 milli (00:04:55)
		Main loop: 295204 milli (00:04:55)
		Preprocessing time: 193 milli (00:00:00)
		Unknown: 300 milli (00:00:00)
	Breakdown for main loop:
		[48.68%] Simplex steps: 143696 milli
		[44.07%] Explicit-basis bound tightening: 130098 milli
		[0.00%] Constraint-matrix bound tightening: 0 milli
		[0.68%] Degradation checking: 2008 milli
		[0.22%] Precision restoration: 656 milli
		[0.03%] Statistics handling: 98 milli
		[0.00%] Constraint-fixing steps: 0 milli
		[0.00%] Valid case splits: 8 milli. Average per split: 0.00 milli
		[0.00%] Applying stored bound-tightening: 4 milli
		[0.17%] SMT core: 509 milli
		[1.92%] Symbolic Bound Tightening: 5657 milli
		[22.50%] SoI-based local search: 66428 milli
		[0.00%] SoI-based local search: 0 milli
		[4.22%] Unaccounted for: 12464 milli
	--- Preprocessor Statistics ---
	Number of preprocessor bound-tightening loop iterations: 3
	Number of eliminated variables: 105
	Number of constraints removed due to variable elimination: 105
	Number of equations removed due to variable elimination: 0
	--- Engine Statistics ---
	Number of main loop iterations: 100000
		99044 iterations were simplex steps. Total time: 143696 milli. Average: 1.45 milli.
		0 iterations were constraint-fixing steps. Total time: 0 milli. Average: 0.00 milli
	Number of active piecewise-linear constraints: 109 / 151
		Constraints disabled by valid splits: 0. By SMT-originated splits: 42
	Last reported degradation: 0.0000000000. Max degradation so far: 0.1409788093. Restorations so far: 2
	Number of simplex pivots we attempted to skip because of instability: 13.
	Unstable pivots performed anyway: 0
	--- Tableau Statistics ---
	Total number of pivots performed: 88954
		Real pivots: 88877. Degenerate: 77 (0.09%)
		Degenerate pivots by request (e.g., to fix a PL constraint): 0 (0.00%)
		Average time per pivot: 0.31 milli
	Total number of fake pivots performed: 4136
	Total number of rows added: 0. Number of merged columns: 0
	Current tableau dimensions: M = 705, N = 2073
	--- SMT Core Statistics ---
	Total depth is 42. Total visited states: 695. Number of splits: 367. Number of pops: 327
	Max stack depth: 57
	--- Bound Tightening Statistics ---
	Number of tightened bounds: 130547.
		Number of rows examined by row tightener: 88954. Consequent tightenings: 3751
		Number of explicit basis matrices examined by row tightener: 520. Consequent tightenings: 15361
		Number of bound tightening rounds on the entire constraint matrix: 0. Consequent tightenings: 0
		Number of bound notifications sent to PL constraints: 16867. Tightenings proposed: 0
	--- Basis Factorization statistics ---
	Number of basis refactorizations: 785
	--- Projected Steepest Edge Statistics ---
	Number of iterations: 93103.
	Number of resets to reference space: 374. Avg. iterations per reset: 248
	--- SBT ---
	Number of tightened bounds: 130932
	--- SoI-based local search ---
	Number of proposed phase pattern update: 2460. Number of accepted update: 2092 [85.04%]
	Total time (% of local search time) updating SoI phase pattern : 147057 milli [0.22%]
	Total time obtaining current assignment: 621349 milli [0.94%]
	Total time getting SoI phase pattern : 96509 milli [0.03%]
	--- Context dependent statistics ---
	Number of pushes / pops: 694 / 652
		[0.01%] Pre-Push hook: 29 milli
		[0.00%] Push : 0 milli
		[0.01%] Post-Pop hook: 23 milli
		[0.01%] Pop : 26 milli
		[0.03%] Total context-switching time: 79 milli
	--- Proof Certificate ---
	Number of certified leaves: 0
	Number of leaves to delegate: 0


Engine: quitting due to timeout...

Final statistics:

23:51:06 Statistics update:
	--- Time Statistics ---
	Total time elapsed: 301166 milli (00:05:01)
		Main loop: 300671 milli (00:05:00)
		Preprocessing time: 193 milli (00:00:00)
		Unknown: 300 milli (00:00:00)
	Breakdown for main loop:
		[48.44%] Simplex steps: 145636 milli
		[44.42%] Explicit-basis bound tightening: 133555 milli
		[0.00%] Constraint-matrix bound tightening: 0 milli
		[0.68%] Degradation checking: 2030 milli
		[0.22%] Precision restoration: 656 milli
		[0.03%] Statistics handling: 100 milli
		[0.00%] Constraint-fixing steps: 0 milli
		[0.00%] Valid case splits: 9 milli. Average per split: 0.00 milli
		[0.00%] Applying stored bound-tightening: 4 milli
		[0.17%] SMT core: 515 milli
		[1.89%] Symbolic Bound Tightening: 5689 milli
		[22.09%] SoI-based local search: 66428 milli
		[0.00%] SoI-based local search: 0 milli
		[4.15%] Unaccounted for: 12473 milli
	--- Preprocessor Statistics ---
	Number of preprocessor bound-tightening loop iterations: 3
	Number of eliminated variables: 105
	Number of constraints removed due to variable elimination: 105
	Number of equations removed due to variable elimination: 0
	--- Engine Statistics ---
	Number of main loop iterations: 101043
		100084 iterations were simplex steps. Total time: 145636 milli. Average: 1.46 milli.
		0 iterations were constraint-fixing steps. Total time: 0 milli. Average: 0.00 milli
	Number of active piecewise-linear constraints: 113 / 151
		Constraints disabled by valid splits: 0. By SMT-originated splits: 38
	Last reported degradation: 0.0000000000. Max degradation so far: 0.1409788093. Restorations so far: 2
	Number of simplex pivots we attempted to skip because of instability: 13.
	Unstable pivots performed anyway: 0
	--- Tableau Statistics ---
	Total number of pivots performed: 89932
		Real pivots: 89855. Degenerate: 77 (0.09%)
		Degenerate pivots by request (e.g., to fix a PL constraint): 0 (0.00%)
		Average time per pivot: 0.31 milli
	Total number of fake pivots performed: 4190
	Total number of rows added: 0. Number of merged columns: 0
	Current tableau dimensions: M = 705, N = 2073
	--- SMT Core Statistics ---
	Total depth is 38. Total visited states: 699. Number of splits: 367. Number of pops: 331
	Max stack depth: 57
	--- Bound Tightening Statistics ---
	Number of tightened bounds: 131228.
		Number of rows examined by row tightener: 89932. Consequent tightenings: 3799
		Number of explicit basis matrices examined by row tightener: 529. Consequent tightenings: 15675
		Number of bound tightening rounds on the entire constraint matrix: 0. Consequent tightenings: 0
		Number of bound notifications sent to PL constraints: 17190. Tightenings proposed: 0
	--- Basis Factorization statistics ---
	Number of basis refactorizations: 794
	--- Projected Steepest Edge Statistics ---
	Number of iterations: 94135.
	Number of resets to reference space: 378. Avg. iterations per reset: 249
	--- SBT ---
	Number of tightened bounds: 131613
	--- SoI-based local search ---
	Number of proposed phase pattern update: 2460. Number of accepted update: 2092 [85.04%]
	Total time (% of local search time) updating SoI phase pattern : 147835 milli [0.22%]
	Total time obtaining current assignment: 621349 milli [0.94%]
	Total time getting SoI phase pattern : 96545 milli [0.03%]
	--- Context dependent statistics ---
	Number of pushes / pops: 698 / 660
		[0.01%] Pre-Push hook: 29 milli
		[0.00%] Push : 0 milli
		[0.01%] Post-Pop hook: 23 milli
		[0.01%] Pop : 26 milli
		[0.03%] Total context-switching time: 79 milli
	--- Proof Certificate ---
	Number of certified leaves: 0
	Number of leaves to delegate: 0
Timeout
