InputQuery: /home/levn/Workspace/othello_world/queries/probe_robust/group_0/game_96_target_36_eps_0.1.txt
Engine::processInputQuery: Input query (before preprocessing): 449 equations, 1216 variables
Engine::processInputQuery: Input query (after preprocessing): 705 equations, 1330 variables

Input bounds:
	x0: [ -0.0663,   0.1337] 
	x1: [ -1.3475,  -1.1475] 
	x2: [ -1.5440,  -1.3440] 
	x3: [  2.3846,   2.5846] 
	x4: [  2.0776,   2.2776] 
	x5: [  1.3564,   1.5564] 
	x6: [  1.4743,   1.6743] 
	x7: [ -0.7498,  -0.5498] 
	x8: [ -1.7010,  -1.5010] 
	x9: [ -0.8993,  -0.6993] 
	x10: [  3.0767,   3.2767] 
	x11: [ -0.3330,  -0.1330] 
	x12: [ -0.3568,  -0.1568] 
	x13: [ -1.8280,  -1.6280] 
	x14: [  0.5360,   0.7360] 
	x15: [ -0.6418,  -0.4418] 
	x16: [  0.2274,   0.4274] 
	x17: [  2.4459,   2.6459] 
	x18: [ -0.3262,  -0.1262] 
	x19: [  2.5189,   2.7189] 
	x20: [  1.4037,   1.6037] 
	x21: [ -1.0125,  -0.8125] 
	x22: [ -1.4274,  -1.2274] 
	x23: [  2.4462,   2.6462] 
	x24: [ -0.4762,  -0.2762] 
	x25: [  0.2846,   0.4846] 
	x26: [  2.3922,   2.5922] 
	x27: [ -0.3194,  -0.1194] 
	x28: [ -1.1224,  -0.9224] 
	x29: [ -0.2100,  -0.0100] 
	x30: [  2.4440,   2.6440] 
	x31: [  1.7831,   1.9831] 
	x32: [  1.0757,   1.2757] 
	x33: [  1.5758,   1.7758] 
	x34: [ -2.0299,  -1.8299] 
	x35: [ -2.0213,  -1.8213] 
	x36: [  0.5846,   0.7846] 
	x37: [ -3.1485,  -2.9485] 
	x38: [ -1.8883,  -1.6883] 
	x39: [ -4.1661,  -3.9661] 
	x40: [  1.6489,   1.8489] 
	x41: [  1.7420,   1.9420] 
	x42: [ -2.6372,  -2.4372] 
	x43: [  1.3805,   1.5805] 
	x44: [ -0.5164,  -0.3164] 
	x45: [ -0.6109,  -0.4109] 
	x46: [  0.2448,   0.4448] 
	x47: [  2.4006,   2.6006] 
	x48: [  1.2436,   1.4436] 
	x49: [ -0.7324,  -0.5324] 
	x50: [  2.9475,   3.1475] 
	x51: [ -2.9074,  -2.7074] 
	x52: [  0.2421,   0.4421] 
	x53: [ -0.6278,  -0.4278] 
	x54: [  2.2310,   2.4310] 
	x55: [  1.2809,   1.4809] 
	x56: [ -2.5010,  -2.3010] 
	x57: [ -1.5113,  -1.3113] 
	x58: [ -1.0021,  -0.8021] 
	x59: [ -1.4709,  -1.2709] 
	x60: [  0.8135,   1.0135] 
	x61: [  0.2740,   0.4740] 
	x62: [ -1.6673,  -1.4673] 
	x63: [ -0.5982,  -0.3982] 
	x64: [ -1.9319,  -1.7319] 
	x65: [ -0.8288,  -0.6288] 
	x66: [ -1.7666,  -1.5666] 
	x67: [ -1.2161,  -1.0161] 
	x68: [ -0.4300,  -0.2300] 
	x69: [  0.4491,   0.6491] 
	x70: [ -1.4825,  -1.2825] 
	x71: [ -0.1991,   0.0009] 
	x72: [ -2.3743,  -2.1743] 
	x73: [ -0.9478,  -0.7478] 
	x74: [ -1.7274,  -1.5274] 
	x75: [ -2.3620,  -2.1620] 
	x76: [  0.3041,   0.5041] 
	x77: [ -0.2961,  -0.0961] 
	x78: [ -0.1070,   0.0930] 
	x79: [  1.5174,   1.7174] 
	x80: [ -3.5595,  -3.3595] 
	x81: [  1.7182,   1.9182] 
	x82: [ -0.5449,  -0.3449] 
	x83: [ -2.1289,  -1.9289] 
	x84: [  1.3949,   1.5949] 
	x85: [  0.3489,   0.5489] 
	x86: [  0.3795,   0.5795] 
	x87: [ -1.5663,  -1.3663] 
	x88: [  0.0067,   0.2067] 
	x89: [  1.8010,   2.0010] 
	x90: [  0.1172,   0.3172] 
	x91: [  0.0612,   0.2612] 
	x92: [ -1.3085,  -1.1085] 
	x93: [ -3.0043,  -2.8043] 
	x94: [ -2.1974,  -1.9974] 
	x95: [  1.1939,   1.3939] 
	x96: [  0.7028,   0.9028] 
	x97: [ -0.1865,   0.0135] 
	x98: [  0.3559,   0.5559] 
	x99: [ -1.5796,  -1.3796] 
	x100: [  0.0032,   0.2032] 
	x101: [ -0.9670,  -0.7670] 
	x102: [  1.0358,   1.2358] 
	x103: [ -0.5559,  -0.3559] 
	x104: [  1.4754,   1.6754] 
	x105: [ -1.0645,  -0.8645] 
	x106: [ -0.2770,  -0.0770] 
	x107: [  4.1042,   4.3042] 
	x108: [  0.9280,   1.1280] 
	x109: [  2.4856,   2.6856] 
	x110: [  0.0906,   0.2906] 
	x111: [ -0.0273,   0.1727] 
	x112: [ -0.9086,  -0.7086] 
	x113: [  1.1334,   1.3334] 
	x114: [ -0.9755,  -0.7755] 
	x115: [ -3.1737,  -2.9737] 
	x116: [ -1.5844,  -1.3844] 
	x117: [ -1.8838,  -1.6838] 
	x118: [  1.7717,   1.9717] 
	x119: [  0.5338,   0.7338] 
	x120: [ -0.2091,  -0.0091] 
	x121: [ -3.0698,  -2.8698] 
	x122: [  3.3233,   3.5233] 
	x123: [ -0.6289,  -0.4289] 
	x124: [  0.9551,   1.1551] 
	x125: [  0.0812,   0.2812] 
	x126: [  0.6719,   0.8719] 
	x127: [  0.4525,   0.6525] 
	x128: [  1.5141,   1.7141] 
	x129: [  2.1996,   2.3996] 
	x130: [  2.0430,   2.2430] 
	x131: [ -3.8789,  -3.6789] 
	x132: [ -0.0362,   0.1638] 
	x133: [ -0.5336,  -0.3336] 
	x134: [ -0.2347,  -0.0347] 
	x135: [ -2.3763,  -2.1763] 
	x136: [  0.8329,   1.0329] 
	x137: [  0.3838,   0.5838] 
	x138: [  1.9434,   2.1434] 
	x139: [ -0.8706,  -0.6706] 
	x140: [  0.5535,   0.7535] 
	x141: [  2.8668,   3.0668] 
	x142: [ -0.7215,  -0.5215] 
	x143: [  2.5921,   2.7921] 
	x144: [ -1.7297,  -1.5297] 
	x145: [  0.7420,   0.9420] 
	x146: [  0.8438,   1.0438] 
	x147: [ -1.4091,  -1.2091] 
	x148: [ -0.5107,  -0.3107] 
	x149: [ -0.5393,  -0.3393] 
	x150: [ -0.6316,  -0.4316] 
	x151: [  1.7964,   1.9964] 
	x152: [ -0.0100,   0.1900] 
	x153: [  0.5702,   0.7702] 
	x154: [  0.0547,   0.2547] 
	x155: [  0.6172,   0.8172] 
	x156: [  0.0300,   0.2300] 
	x157: [  2.9815,   3.1815] 
	x158: [ -2.8038,  -2.6038] 
	x159: [  1.1441,   1.3441] 
	x160: [ -1.8884,  -1.6884] 
	x161: [  1.2118,   1.4118] 
	x162: [ -0.1675,   0.0325] 
	x163: [  0.7918,   0.9918] 
	x164: [ -4.1812,  -3.9812] 
	x165: [ -0.3749,  -0.1749] 
	x166: [ -1.2840,  -1.0840] 
	x167: [  2.7822,   2.9822] 
	x168: [ -0.6229,  -0.4229] 
	x169: [  1.8783,   2.0783] 
	x170: [  0.4762,   0.6762] 
	x171: [  2.6740,   2.8740] 
	x172: [  0.0335,   0.2335] 
	x173: [ -0.7792,  -0.5792] 
	x174: [ -1.4545,  -1.2545] 
	x175: [ -2.9164,  -2.7164] 
	x176: [  0.1940,   0.3940] 
	x177: [  0.7394,   0.9394] 
	x178: [ -1.1482,  -0.9482] 
	x179: [  0.9214,   1.1214] 
	x180: [ -0.2845,  -0.0845] 
	x181: [ -0.2626,  -0.0626] 
	x182: [ -1.9745,  -1.7745] 
	x183: [ -0.0942,   0.1058] 
	x184: [ -1.7213,  -1.5213] 
	x185: [ -0.8804,  -0.6804] 
	x186: [  1.7833,   1.9833] 
	x187: [  1.1335,   1.3335] 
	x188: [  2.2113,   2.4113] 
	x189: [ -1.2655,  -1.0655] 
	x190: [  0.7985,   0.9985] 
	x191: [  2.6417,   2.8417] 
	x192: [ -1.5097,  -1.3097] 
	x193: [  0.0217,   0.2217] 
	x194: [  1.4723,   1.6723] 
	x195: [ -1.0039,  -0.8039] 
	x196: [ -0.3273,  -0.1273] 
	x197: [ -0.5566,  -0.3566] 
	x198: [ -1.4788,  -1.2788] 
	x199: [  1.5226,   1.7226] 
	x200: [ -0.5473,  -0.3473] 
	x201: [ -0.5722,  -0.3722] 
	x202: [  0.4091,   0.6091] 
	x203: [ -0.8648,  -0.6648] 
	x204: [ -0.9779,  -0.7779] 
	x205: [  1.6195,   1.8195] 
	x206: [  0.1264,   0.3264] 
	x207: [ -0.9946,  -0.7946] 
	x208: [ -2.9691,  -2.7691] 
	x209: [ -0.0057,   0.1943] 
	x210: [ -1.4719,  -1.2719] 
	x211: [ -2.0482,  -1.8482] 
	x212: [  1.3762,   1.5762] 
	x213: [  1.8988,   2.0988] 
	x214: [  2.0344,   2.2344] 
	x215: [ -1.4661,  -1.2661] 
	x216: [ -0.5475,  -0.3475] 
	x217: [ -1.4537,  -1.2537] 
	x218: [ -0.7217,  -0.5217] 
	x219: [ -1.5923,  -1.3923] 
	x220: [  0.0260,   0.2260] 
	x221: [ -2.2893,  -2.0893] 
	x222: [  1.0174,   1.2174] 
	x223: [  0.6854,   0.8854] 
	x224: [ -0.8197,  -0.6197] 
	x225: [ -0.9173,  -0.7173] 
	x226: [  2.0628,   2.2628] 
	x227: [ -0.0816,   0.1184] 
	x228: [  1.9053,   2.1053] 
	x229: [  0.7161,   0.9161] 
	x230: [  4.3408,   4.5408] 
	x231: [ -0.8995,  -0.6995] 
	x232: [  1.3411,   1.5411] 
	x233: [  0.5394,   0.7394] 
	x234: [ -0.1355,   0.0645] 
	x235: [  0.2944,   0.4944] 
	x236: [  0.6153,   0.8153] 
	x237: [  1.5114,   1.7114] 
	x238: [  0.3281,   0.5281] 
	x239: [  1.0055,   1.2055] 
	x240: [ -0.1242,   0.0758] 
	x241: [  1.3967,   1.5967] 
	x242: [ -0.3622,  -0.1622] 
	x243: [  1.7454,   1.9454] 
	x244: [  0.8126,   1.0126] 
	x245: [  1.0301,   1.2301] 
	x246: [  1.3759,   1.5759] 
	x247: [ -0.7267,  -0.5267] 
	x248: [ -1.6198,  -1.4198] 
	x249: [ -0.5191,  -0.3191] 
	x250: [ -1.4035,  -1.2035] 
	x251: [  0.0082,   0.2082] 
	x252: [ -3.1179,  -2.9179] 
	x253: [ -0.4552,  -0.2552] 
	x254: [ -1.2070,  -1.0070] 
	x255: [ -2.4412,  -2.2412] 
	x256: [ -1.1518,  -0.9518] 
	x257: [  0.4680,   0.6680] 
	x258: [ -1.9194,  -1.7194] 
	x259: [ -0.0206,   0.1794] 
	x260: [  2.9147,   3.1147] 
	x261: [ -0.7734,  -0.5734] 
	x262: [ -2.1251,  -1.9251] 
	x263: [  0.5617,   0.7617] 
	x264: [ -0.4012,  -0.2012] 
	x265: [ -0.9764,  -0.7764] 
	x266: [ -1.1879,  -0.9879] 
	x267: [ -0.2146,  -0.0146] 
	x268: [ -1.7620,  -1.5620] 
	x269: [ -0.2236,  -0.0236] 
	x270: [  2.5257,   2.7257] 
	x271: [ -1.6382,  -1.4382] 
	x272: [  0.5842,   0.7842] 
	x273: [ -0.7851,  -0.5851] 
	x274: [  1.3760,   1.5760] 
	x275: [ -1.0746,  -0.8746] 
	x276: [ -1.3497,  -1.1497] 
	x277: [  0.7172,   0.9172] 
	x278: [  2.0167,   2.2167] 
	x279: [  2.4389,   2.6389] 
	x280: [  1.5170,   1.7170] 
	x281: [ -2.7700,  -2.5700] 
	x282: [ -3.7538,  -3.5538] 
	x283: [ -1.5722,  -1.3722] 
	x284: [ -3.0834,  -2.8834] 
	x285: [ -0.7442,  -0.5442] 
	x286: [ -0.3981,  -0.1981] 
	x287: [ -1.1574,  -0.9574] 
	x288: [ -1.3407,  -1.1407] 
	x289: [  1.0557,   1.2557] 
	x290: [ -1.8667,  -1.6667] 
	x291: [  1.0677,   1.2677] 
	x292: [ -0.7172,  -0.5172] 
	x293: [ -0.7175,  -0.5175] 
	x294: [ -0.0908,   0.1092] 
	x295: [ -2.3634,  -2.1634] 
	x296: [ -1.8597,  -1.6597] 
	x297: [  3.7665,   3.9665] 
	x298: [  0.0067,   0.2067] 
	x299: [ -0.0290,   0.1710] 
	x300: [  0.9440,   1.1440] 
	x301: [ -0.7022,  -0.5022] 
	x302: [  1.2482,   1.4482] 
	x303: [  2.0344,   2.2344] 
	x304: [ -0.8871,  -0.6871] 
	x305: [  0.1282,   0.3282] 
	x306: [  1.2530,   1.4530] 
	x307: [ -1.9436,  -1.7436] 
	x308: [ -2.1918,  -1.9918] 
	x309: [  1.1768,   1.3768] 
	x310: [ -0.5020,  -0.3020] 
	x311: [  0.5743,   0.7743] 
	x312: [ -0.3162,  -0.1162] 
	x313: [  1.7857,   1.9857] 
	x314: [ -3.3874,  -3.1874] 
	x315: [ -0.9179,  -0.7179] 
	x316: [ -0.5935,  -0.3935] 
	x317: [ -1.1949,  -0.9949] 
	x318: [  0.1585,   0.3585] 
	x319: [  0.2408,   0.4408] 
	x320: [ -1.8709,  -1.6709] 
	x321: [  0.7596,   0.9596] 
	x322: [ -1.1240,  -0.9240] 
	x323: [  1.9853,   2.1853] 
	x324: [ -0.3073,  -0.1073] 
	x325: [ -0.8457,  -0.6457] 
	x326: [  0.0589,   0.2589] 
	x327: [  1.5360,   1.7360] 
	x328: [  2.8421,   3.0421] 
	x329: [  0.5006,   0.7006] 
	x330: [  0.9463,   1.1463] 
	x331: [  0.7724,   0.9724] 
	x332: [ -0.9547,  -0.7547] 
	x333: [  0.3319,   0.5319] 
	x334: [ -0.8183,  -0.6183] 
	x335: [ -1.0700,  -0.8700] 
	x336: [  1.4364,   1.6364] 
	x337: [  0.1993,   0.3993] 
	x338: [  0.0457,   0.2457] 
	x339: [  2.5902,   2.7902] 
	x340: [  0.8791,   1.0791] 
	x341: [ -1.7674,  -1.5674] 
	x342: [ -1.2205,  -1.0205] 
	x343: [  1.9712,   2.1712] 
	x344: [  0.9938,   1.1938] 
	x345: [ -1.8283,  -1.6283] 
	x346: [  1.2259,   1.4259] 
	x347: [ -0.2115,  -0.0115] 
	x348: [  0.7051,   0.9051] 
	x349: [  0.5796,   0.7796] 
	x350: [ -0.1924,   0.0076] 
	x351: [  0.7730,   0.9730] 
	x352: [ -1.9335,  -1.7335] 
	x353: [ -0.1900,   0.0100] 
	x354: [  0.8811,   1.0811] 
	x355: [  1.2013,   1.4013] 
	x356: [ -0.9675,  -0.7675] 
	x357: [ -0.8820,  -0.6820] 
	x358: [  1.1017,   1.3017] 
	x359: [  0.1440,   0.3440] 
	x360: [ -2.6504,  -2.4504] 
	x361: [  0.1757,   0.3757] 
	x362: [ -0.5679,  -0.3679] 
	x363: [ -2.0341,  -1.8341] 
	x364: [ -1.2796,  -1.0796] 
	x365: [  0.3725,   0.5725] 
	x366: [  0.0020,   0.2020] 
	x367: [  1.2070,   1.4070] 
	x368: [ -1.3214,  -1.1214] 
	x369: [  1.2958,   1.4958] 
	x370: [ -3.5408,  -3.3408] 
	x371: [ -0.9341,  -0.7341] 
	x372: [  1.9743,   2.1743] 
	x373: [ -0.8996,  -0.6996] 
	x374: [  0.1683,   0.3683] 
	x375: [ -1.4038,  -1.2038] 
	x376: [ -3.1537,  -2.9537] 
	x377: [ -1.6329,  -1.4329] 
	x378: [  0.4252,   0.6252] 
	x379: [ -1.7560,  -1.5560] 
	x380: [ -0.1655,   0.0345] 
	x381: [  0.8371,   1.0371] 
	x382: [ -2.3658,  -2.1658] 
	x383: [  0.7119,   0.9119] 
	x384: [ -0.1277,   0.0723] 
	x385: [ -0.5606,  -0.3606] 
	x386: [ -0.9570,  -0.7570] 
	x387: [  0.3999,   0.5999] 
	x388: [ -1.3757,  -1.1757] 
	x389: [  0.6006,   0.8006] 
	x390: [ -0.5505,  -0.3505] 
	x391: [  1.2555,   1.4555] 
	x392: [  2.8811,   3.0811] 
	x393: [ -0.7150,  -0.5150] 
	x394: [ -0.3403,  -0.1403] 
	x395: [  0.2680,   0.4680] 
	x396: [ -0.6225,  -0.4225] 
	x397: [ -1.0538,  -0.8538] 
	x398: [ -1.1180,  -0.9180] 
	x399: [ -1.1027,  -0.9027] 
	x400: [  1.6635,   1.8635] 
	x401: [ -0.3095,  -0.1095] 
	x402: [ -0.4346,  -0.2346] 
	x403: [ -3.9130,  -3.7130] 
	x404: [ -1.3223,  -1.1223] 
	x405: [  0.0615,   0.2615] 
	x406: [ -1.2021,  -1.0021] 
	x407: [  0.7013,   0.9013] 
	x408: [ -1.3054,  -1.1054] 
	x409: [  0.4589,   0.6589] 
	x410: [ -1.6843,  -1.4843] 
	x411: [ -1.5413,  -1.3413] 
	x412: [ -0.0527,   0.1473] 
	x413: [ -2.0077,  -1.8077] 
	x414: [ -0.0105,   0.1895] 
	x415: [  0.7928,   0.9928] 
	x416: [ -3.2308,  -3.0308] 
	x417: [ -0.6652,  -0.4652] 
	x418: [  1.1520,   1.3520] 
	x419: [  1.1825,   1.3825] 
	x420: [ -1.4952,  -1.2952] 
	x421: [  2.2616,   2.4616] 
	x422: [ -1.3815,  -1.1815] 
	x423: [  1.8502,   2.0502] 
	x424: [ -2.3291,  -2.1291] 
	x425: [  1.9130,   2.1130] 
	x426: [ -3.1167,  -2.9167] 
	x427: [  2.4437,   2.6437] 
	x428: [  4.5409,   4.7409] 
	x429: [  2.3959,   2.5959] 
	x430: [ -0.2830,  -0.0830] 
	x431: [ -2.0805,  -1.8805] 
	x432: [ -1.2332,  -1.0332] 
	x433: [  0.9725,   1.1725] 
	x434: [  0.9167,   1.1167] 
	x435: [  0.2935,   0.4935] 
	x436: [  0.7076,   0.9076] 
	x437: [  1.9331,   2.1331] 
	x438: [  0.2955,   0.4955] 
	x439: [  1.0503,   1.2503] 
	x440: [ -2.2443,  -2.0443] 
	x441: [  0.9616,   1.1616] 
	x442: [  2.8548,   3.0548] 
	x443: [ -0.4021,  -0.2021] 
	x444: [ -0.9646,  -0.7646] 
	x445: [ -1.1527,  -0.9527] 
	x446: [  0.2390,   0.4390] 
	x447: [  0.4775,   0.6775] 
	x448: [ -0.7430,  -0.5430] 
	x449: [ -0.1666,   0.0334] 
	x450: [ -1.4702,  -1.2702] 
	x451: [  1.1789,   1.3789] 
	x452: [  0.4773,   0.6773] 
	x453: [  1.5991,   1.7991] 
	x454: [  0.1488,   0.3488] 
	x455: [ -3.5839,  -3.3839] 
	x456: [  0.0039,   0.2039] 
	x457: [ -0.8087,  -0.6087] 
	x458: [ -2.5940,  -2.3940] 
	x459: [  1.4632,   1.6632] 
	x460: [  1.3597,   1.5597] 
	x461: [ -0.5148,  -0.3148] 
	x462: [ -0.6910,  -0.4910] 
	x463: [ -0.7388,  -0.5388] 
	x464: [ -1.8487,  -1.6487] 
	x465: [  0.3119,   0.5119] 
	x466: [ -1.0284,  -0.8284] 
	x467: [ -1.3607,  -1.1607] 
	x468: [ -0.9865,  -0.7865] 
	x469: [  0.9082,   1.1082] 
	x470: [ -1.5514,  -1.3514] 
	x471: [ -0.4817,  -0.2817] 
	x472: [  0.4804,   0.6804] 
	x473: [ -1.1841,  -0.9841] 
	x474: [ -0.9888,  -0.7888] 
	x475: [ -1.1622,  -0.9622] 
	x476: [ -0.9087,  -0.7087] 
	x477: [  0.4851,   0.6851] 
	x478: [ -1.0834,  -0.8834] 
	x479: [  2.4837,   2.6837] 
	x480: [  1.2606,   1.4606] 
	x481: [ -1.3163,  -1.1163] 
	x482: [  0.0664,   0.2664] 
	x483: [  0.2258,   0.4258] 
	x484: [ -0.2676,  -0.0676] 
	x485: [ -0.3091,  -0.1091] 
	x486: [ -0.2909,  -0.0909] 
	x487: [  2.2496,   2.4496] 
	x488: [ -1.2798,  -1.0798] 
	x489: [ -0.9424,  -0.7424] 
	x490: [ -2.2469,  -2.0469] 
	x491: [ -3.1401,  -2.9401] 
	x492: [ -0.4101,  -0.2101] 
	x493: [  0.1012,   0.3012] 
	x494: [  0.9346,   1.1346] 
	x495: [  1.6247,   1.8247] 
	x496: [  0.4516,   0.6516] 
	x497: [ -0.6782,  -0.4782] 
	x498: [  2.7685,   2.9685] 
	x499: [  1.0019,   1.2019] 
	x500: [ -1.2030,  -1.0030] 
	x501: [  1.0816,   1.2816] 
	x502: [ -2.5947,  -2.3947] 
	x503: [ -0.6208,  -0.4208] 
	x504: [ -2.1509,  -1.9509] 
	x505: [ -3.0871,  -2.8871] 
	x506: [  4.4491,   4.6491] 
	x507: [ -3.4869,  -3.2869] 
	x508: [ -1.3481,  -1.1481] 
	x509: [ -0.4110,  -0.2110] 
	x510: [ -0.7028,  -0.5028] 
	x511: [ -1.3232,  -1.1232] 

Branching heuristics set to PseudoImpact
unsat
