InputQuery: /home/levn/Workspace/othello_world/queries/probe_robust/group_0/game_24_target_22_eps_0.1.txt
Engine::processInputQuery: Input query (before preprocessing): 449 equations, 1216 variables
Engine::processInputQuery: Input query (after preprocessing): 705 equations, 1366 variables

Input bounds:
	x0: [ -1.0185,  -0.8185] 
	x1: [  0.2991,   0.4991] 
	x2: [ -0.2726,  -0.0726] 
	x3: [  0.6594,   0.8594] 
	x4: [  1.4686,   1.6686] 
	x5: [  1.8686,   2.0686] 
	x6: [  0.1788,   0.3788] 
	x7: [ -1.7249,  -1.5249] 
	x8: [ -2.5807,  -2.3807] 
	x9: [ -1.9391,  -1.7391] 
	x10: [ -0.0263,   0.1737] 
	x11: [  0.2833,   0.4833] 
	x12: [  0.5476,   0.7476] 
	x13: [ -0.1339,   0.0661] 
	x14: [ -0.5811,  -0.3811] 
	x15: [  0.9376,   1.1376] 
	x16: [  0.5284,   0.7284] 
	x17: [ -0.1360,   0.0640] 
	x18: [ -0.4872,  -0.2872] 
	x19: [ -0.0411,   0.1589] 
	x20: [ -0.0158,   0.1842] 
	x21: [ -2.6405,  -2.4405] 
	x22: [  0.6885,   0.8885] 
	x23: [ -0.8614,  -0.6614] 
	x24: [ -0.4107,  -0.2107] 
	x25: [ -0.0963,   0.1037] 
	x26: [  0.5582,   0.7582] 
	x27: [  1.4697,   1.6697] 
	x28: [  0.9212,   1.1212] 
	x29: [  0.0009,   0.2009] 
	x30: [ -2.2375,  -2.0375] 
	x31: [  1.5710,   1.7710] 
	x32: [ -1.1837,  -0.9837] 
	x33: [ -0.4283,  -0.2283] 
	x34: [ -0.8012,  -0.6012] 
	x35: [ -1.3634,  -1.1634] 
	x36: [  0.3508,   0.5508] 
	x37: [ -0.1514,   0.0486] 
	x38: [  0.8261,   1.0261] 
	x39: [ -2.6753,  -2.4753] 
	x40: [  1.5952,   1.7952] 
	x41: [  0.6152,   0.8152] 
	x42: [ -1.0848,  -0.8848] 
	x43: [ -1.4638,  -1.2638] 
	x44: [ -0.7432,  -0.5432] 
	x45: [  1.5848,   1.7848] 
	x46: [ -0.9460,  -0.7460] 
	x47: [ -0.5416,  -0.3416] 
	x48: [  0.9785,   1.1785] 
	x49: [  0.1685,   0.3685] 
	x50: [  0.5086,   0.7086] 
	x51: [  0.1869,   0.3869] 
	x52: [ -0.1271,   0.0729] 
	x53: [  1.1344,   1.3344] 
	x54: [ -3.1687,  -2.9687] 
	x55: [  0.5162,   0.7162] 
	x56: [ -0.3960,  -0.1960] 
	x57: [ -3.7337,  -3.5337] 
	x58: [  1.4992,   1.6992] 
	x59: [  2.3695,   2.5695] 
	x60: [  1.4335,   1.6335] 
	x61: [ -1.6206,  -1.4206] 
	x62: [  1.2399,   1.4399] 
	x63: [ -0.2407,  -0.0407] 
	x64: [  0.1465,   0.3465] 
	x65: [  0.1882,   0.3882] 
	x66: [  0.2158,   0.4158] 
	x67: [ -1.9841,  -1.7841] 
	x68: [  3.1942,   3.3942] 
	x69: [  3.0788,   3.2788] 
	x70: [  0.7732,   0.9732] 
	x71: [  0.4200,   0.6200] 
	x72: [  0.5824,   0.7824] 
	x73: [  0.2670,   0.4670] 
	x74: [ -1.4353,  -1.2353] 
	x75: [  0.9697,   1.1697] 
	x76: [ -2.6064,  -2.4064] 
	x77: [  1.3206,   1.5206] 
	x78: [ -2.1605,  -1.9605] 
	x79: [  0.4314,   0.6314] 
	x80: [  1.1750,   1.3750] 
	x81: [  0.3451,   0.5451] 
	x82: [ -0.5203,  -0.3203] 
	x83: [ -1.5458,  -1.3458] 
	x84: [ -1.4712,  -1.2712] 
	x85: [  2.0293,   2.2293] 
	x86: [  0.8006,   1.0006] 
	x87: [ -0.4534,  -0.2534] 
	x88: [ -0.7417,  -0.5417] 
	x89: [  1.3044,   1.5044] 
	x90: [ -1.7763,  -1.5763] 
	x91: [ -1.9667,  -1.7667] 
	x92: [ -1.1249,  -0.9249] 
	x93: [ -2.4903,  -2.2903] 
	x94: [  1.1338,   1.3338] 
	x95: [ -3.4934,  -3.2934] 
	x96: [  1.5166,   1.7166] 
	x97: [ -1.9188,  -1.7188] 
	x98: [  0.8243,   1.0243] 
	x99: [ -1.3189,  -1.1189] 
	x100: [ -2.3498,  -2.1498] 
	x101: [  0.6019,   0.8019] 
	x102: [  0.1501,   0.3501] 
	x103: [ -1.9169,  -1.7169] 
	x104: [ -0.7175,  -0.5175] 
	x105: [  0.8547,   1.0547] 
	x106: [  0.6377,   0.8377] 
	x107: [ -1.3829,  -1.1829] 
	x108: [  0.4879,   0.6879] 
	x109: [  1.1254,   1.3254] 
	x110: [  0.0779,   0.2779] 
	x111: [ -1.4634,  -1.2634] 
	x112: [ -3.0322,  -2.8322] 
	x113: [  0.7861,   0.9861] 
	x114: [  1.1510,   1.3510] 
	x115: [  0.7127,   0.9127] 
	x116: [  0.3658,   0.5658] 
	x117: [  1.1946,   1.3946] 
	x118: [ -1.4551,  -1.2551] 
	x119: [ -2.3803,  -2.1803] 
	x120: [ -1.2824,  -1.0824] 
	x121: [ -0.7204,  -0.5204] 
	x122: [  1.0236,   1.2236] 
	x123: [ -2.2547,  -2.0547] 
	x124: [ -3.0743,  -2.8743] 
	x125: [  1.3738,   1.5738] 
	x126: [ -1.6145,  -1.4145] 
	x127: [  1.4032,   1.6032] 
	x128: [  1.3924,   1.5924] 
	x129: [  0.3571,   0.5571] 
	x130: [  1.3851,   1.5851] 
	x131: [ -0.1313,   0.0687] 
	x132: [  1.7983,   1.9983] 
	x133: [ -0.1370,   0.0630] 
	x134: [  0.1748,   0.3748] 
	x135: [  1.6718,   1.8718] 
	x136: [ -1.6599,  -1.4599] 
	x137: [ -1.8289,  -1.6289] 
	x138: [  2.4457,   2.6457] 
	x139: [  1.5248,   1.7248] 
	x140: [  5.0436,   5.2436] 
	x141: [ -0.4631,  -0.2631] 
	x142: [  1.3912,   1.5912] 
	x143: [  1.4814,   1.6814] 
	x144: [  0.2296,   0.4296] 
	x145: [  0.1145,   0.3145] 
	x146: [ -0.0558,   0.1442] 
	x147: [  0.9951,   1.1951] 
	x148: [  2.4942,   2.6942] 
	x149: [ -0.6273,  -0.4273] 
	x150: [  0.6666,   0.8666] 
	x151: [  0.5035,   0.7035] 
	x152: [ -1.3396,  -1.1396] 
	x153: [  0.3521,   0.5521] 
	x154: [  1.2464,   1.4464] 
	x155: [ -1.6210,  -1.4210] 
	x156: [  0.1312,   0.3312] 
	x157: [ -0.1863,   0.0137] 
	x158: [  0.0719,   0.2719] 
	x159: [ -2.1263,  -1.9263] 
	x160: [  1.5482,   1.7482] 
	x161: [ -0.1918,   0.0082] 
	x162: [ -2.2918,  -2.0918] 
	x163: [ -1.3412,  -1.1412] 
	x164: [ -3.9217,  -3.7217] 
	x165: [ -1.5699,  -1.3699] 
	x166: [ -0.3196,  -0.1196] 
	x167: [  4.3523,   4.5523] 
	x168: [ -2.8081,  -2.6081] 
	x169: [  0.1457,   0.3457] 
	x170: [ -0.6701,  -0.4701] 
	x171: [  3.1844,   3.3844] 
	x172: [ -2.5081,  -2.3081] 
	x173: [ -1.4825,  -1.2825] 
	x174: [ -0.9953,  -0.7953] 
	x175: [ -0.6429,  -0.4429] 
	x176: [  0.2273,   0.4273] 
	x177: [  1.8177,   2.0177] 
	x178: [  1.2397,   1.4397] 
	x179: [ -2.3538,  -2.1538] 
	x180: [  3.7496,   3.9496] 
	x181: [ -0.0060,   0.1940] 
	x182: [ -0.9412,  -0.7412] 
	x183: [ -0.5234,  -0.3234] 
	x184: [  1.5712,   1.7712] 
	x185: [ -0.9923,  -0.7923] 
	x186: [  0.1306,   0.3306] 
	x187: [ -0.2094,  -0.0094] 
	x188: [ -0.6971,  -0.4971] 
	x189: [ -2.6340,  -2.4340] 
	x190: [ -1.3255,  -1.1255] 
	x191: [ -2.4342,  -2.2342] 
	x192: [  0.0007,   0.2007] 
	x193: [ -0.1166,   0.0834] 
	x194: [ -2.4174,  -2.2174] 
	x195: [  0.9040,   1.1040] 
	x196: [  0.1209,   0.3209] 
	x197: [  2.8258,   3.0258] 
	x198: [ -2.1760,  -1.9760] 
	x199: [ -0.9426,  -0.7426] 
	x200: [ -1.1080,  -0.9080] 
	x201: [  1.1968,   1.3968] 
	x202: [ -1.0298,  -0.8298] 
	x203: [ -0.6176,  -0.4176] 
	x204: [  0.2960,   0.4960] 
	x205: [  1.8832,   2.0832] 
	x206: [  0.2062,   0.4062] 
	x207: [  0.5863,   0.7863] 
	x208: [ -0.9580,  -0.7580] 
	x209: [  0.1139,   0.3139] 
	x210: [  0.5806,   0.7806] 
	x211: [ -0.4972,  -0.2972] 
	x212: [ -3.6163,  -3.4163] 
	x213: [ -3.3521,  -3.1521] 
	x214: [ -0.1242,   0.0758] 
	x215: [  1.3656,   1.5656] 
	x216: [ -1.2972,  -1.0972] 
	x217: [  1.5185,   1.7185] 
	x218: [ -0.2476,  -0.0476] 
	x219: [ -0.8574,  -0.6574] 
	x220: [ -1.6580,  -1.4580] 
	x221: [  2.9849,   3.1849] 
	x222: [ -0.6509,  -0.4509] 
	x223: [ -1.9163,  -1.7163] 
	x224: [ -3.0651,  -2.8651] 
	x225: [  0.3550,   0.5550] 
	x226: [  1.6385,   1.8385] 
	x227: [  0.6406,   0.8406] 
	x228: [  1.6786,   1.8786] 
	x229: [ -0.2167,  -0.0167] 
	x230: [  0.8619,   1.0619] 
	x231: [  1.3916,   1.5916] 
	x232: [  1.2660,   1.4660] 
	x233: [ -2.5002,  -2.3002] 
	x234: [  2.3332,   2.5332] 
	x235: [ -0.3429,  -0.1429] 
	x236: [  1.3858,   1.5858] 
	x237: [  0.9332,   1.1332] 
	x238: [  2.8642,   3.0642] 
	x239: [  3.6365,   3.8365] 
	x240: [  0.4907,   0.6907] 
	x241: [  1.0520,   1.2520] 
	x242: [  1.2799,   1.4799] 
	x243: [  2.1382,   2.3382] 
	x244: [  0.8530,   1.0530] 
	x245: [  0.5242,   0.7242] 
	x246: [  1.6940,   1.8940] 
	x247: [ -0.3431,  -0.1431] 
	x248: [ -1.7052,  -1.5052] 
	x249: [ -0.2510,  -0.0510] 
	x250: [ -1.2271,  -1.0271] 
	x251: [  0.9294,   1.1294] 
	x252: [ -0.4370,  -0.2370] 
	x253: [ -0.2521,  -0.0521] 
	x254: [  0.5290,   0.7290] 
	x255: [  0.1056,   0.3056] 
	x256: [  0.3411,   0.5411] 
	x257: [ -0.8757,  -0.6757] 
	x258: [ -2.8101,  -2.6101] 
	x259: [  0.0006,   0.2006] 
	x260: [  1.6830,   1.8830] 
	x261: [ -0.5914,  -0.3914] 
	x262: [  1.6207,   1.8207] 
	x263: [  2.5348,   2.7348] 
	x264: [ -1.3649,  -1.1649] 
	x265: [ -0.9457,  -0.7457] 
	x266: [  1.1080,   1.3080] 
	x267: [  1.2877,   1.4877] 
	x268: [ -0.2962,  -0.0962] 
	x269: [  0.1650,   0.3650] 
	x270: [  0.8145,   1.0145] 
	x271: [ -0.7766,  -0.5766] 
	x272: [ -2.1849,  -1.9849] 
	x273: [ -1.1142,  -0.9142] 
	x274: [ -1.8106,  -1.6106] 
	x275: [  3.2420,   3.4420] 
	x276: [ -2.1426,  -1.9426] 
	x277: [  0.5612,   0.7612] 
	x278: [  3.1383,   3.3383] 
	x279: [  3.2719,   3.4719] 
	x280: [ -0.5627,  -0.3627] 
	x281: [  1.5091,   1.7091] 
	x282: [ -0.8962,  -0.6962] 
	x283: [ -1.7534,  -1.5534] 
	x284: [ -1.2325,  -1.0325] 
	x285: [  1.9359,   2.1359] 
	x286: [  1.7904,   1.9904] 
	x287: [ -1.2740,  -1.0740] 
	x288: [ -0.4180,  -0.2180] 
	x289: [ -1.2697,  -1.0697] 
	x290: [  1.1806,   1.3806] 
	x291: [  0.6514,   0.8514] 
	x292: [  1.0852,   1.2852] 
	x293: [ -0.2291,  -0.0291] 
	x294: [ -0.6024,  -0.4024] 
	x295: [ -0.4116,  -0.2116] 
	x296: [ -0.9117,  -0.7117] 
	x297: [  1.9334,   2.1334] 
	x298: [ -3.1780,  -2.9780] 
	x299: [  0.5049,   0.7049] 
	x300: [  3.3772,   3.5772] 
	x301: [  1.0674,   1.2674] 
	x302: [  1.4558,   1.6558] 
	x303: [ -0.4078,  -0.2078] 
	x304: [ -1.5164,  -1.3164] 
	x305: [  0.3780,   0.5780] 
	x306: [ -0.7005,  -0.5005] 
	x307: [ -3.7864,  -3.5864] 
	x308: [  0.4413,   0.6413] 
	x309: [  0.1352,   0.3352] 
	x310: [ -0.7262,  -0.5262] 
	x311: [  1.7459,   1.9459] 
	x312: [  1.1407,   1.3407] 
	x313: [  0.8018,   1.0018] 
	x314: [ -0.8353,  -0.6353] 
	x315: [ -0.8877,  -0.6877] 
	x316: [ -0.5786,  -0.3786] 
	x317: [ -1.2084,  -1.0084] 
	x318: [ -2.0425,  -1.8425] 
	x319: [ -2.9415,  -2.7415] 
	x320: [ -0.7945,  -0.5945] 
	x321: [ -1.3427,  -1.1427] 
	x322: [ -0.0443,   0.1557] 
	x323: [  0.9527,   1.1527] 
	x324: [ -0.5912,  -0.3912] 
	x325: [ -0.0743,   0.1257] 
	x326: [  0.3514,   0.5514] 
	x327: [ -1.5138,  -1.3138] 
	x328: [  1.3569,   1.5569] 
	x329: [ -2.0071,  -1.8071] 
	x330: [  0.4497,   0.6497] 
	x331: [ -0.8389,  -0.6389] 
	x332: [ -0.5008,  -0.3008] 
	x333: [  1.1444,   1.3444] 
	x334: [  2.4333,   2.6333] 
	x335: [ -1.1869,  -0.9869] 
	x336: [ -2.2422,  -2.0422] 
	x337: [ -1.1653,  -0.9653] 
	x338: [ -0.3822,  -0.1822] 
	x339: [  0.7259,   0.9259] 
	x340: [ -0.4634,  -0.2634] 
	x341: [ -0.1075,   0.0925] 
	x342: [ -1.0531,  -0.8531] 
	x343: [  1.0463,   1.2463] 
	x344: [ -0.0683,   0.1317] 
	x345: [  0.6721,   0.8721] 
	x346: [ -2.0205,  -1.8205] 
	x347: [ -0.6194,  -0.4194] 
	x348: [ -0.2383,  -0.0383] 
	x349: [  2.7173,   2.9173] 
	x350: [ -0.3472,  -0.1472] 
	x351: [  1.3086,   1.5086] 
	x352: [  0.6706,   0.8706] 
	x353: [  1.1009,   1.3009] 
	x354: [ -1.1678,  -0.9678] 
	x355: [  2.4785,   2.6785] 
	x356: [  0.1413,   0.3413] 
	x357: [  0.1213,   0.3213] 
	x358: [  1.3720,   1.5720] 
	x359: [  1.4995,   1.6995] 
	x360: [ -2.5418,  -2.3418] 
	x361: [ -1.4963,  -1.2963] 
	x362: [ -1.3936,  -1.1936] 
	x363: [ -0.1969,   0.0031] 
	x364: [ -1.1065,  -0.9065] 
	x365: [  1.2190,   1.4190] 
	x366: [  0.8055,   1.0055] 
	x367: [ -0.9874,  -0.7874] 
	x368: [ -1.3543,  -1.1543] 
	x369: [ -2.7627,  -2.5627] 
	x370: [ -1.1885,  -0.9885] 
	x371: [  0.3147,   0.5147] 
	x372: [  2.7936,   2.9936] 
	x373: [ -0.9252,  -0.7252] 
	x374: [  1.0181,   1.2181] 
	x375: [ -3.7159,  -3.5159] 
	x376: [ -2.5855,  -2.3855] 
	x377: [ -2.0049,  -1.8049] 
	x378: [ -0.8152,  -0.6152] 
	x379: [ -0.4898,  -0.2898] 
	x380: [  1.7464,   1.9464] 
	x381: [ -2.3329,  -2.1329] 
	x382: [ -1.3646,  -1.1646] 
	x383: [ -0.2186,  -0.0186] 
	x384: [  1.3042,   1.5042] 
	x385: [ -0.5806,  -0.3806] 
	x386: [ -1.7409,  -1.5409] 
	x387: [ -0.5863,  -0.3863] 
	x388: [  0.9743,   1.1743] 
	x389: [  0.3089,   0.5089] 
	x390: [ -1.9737,  -1.7737] 
	x391: [ -2.9400,  -2.7400] 
	x392: [ -0.4763,  -0.2763] 
	x393: [ -1.5882,  -1.3882] 
	x394: [ -1.4266,  -1.2266] 
	x395: [  0.7735,   0.9735] 
	x396: [ -1.5624,  -1.3624] 
	x397: [  0.3187,   0.5187] 
	x398: [ -0.8311,  -0.6311] 
	x399: [  0.7324,   0.9324] 
	x400: [  2.3969,   2.5969] 
	x401: [ -0.2160,  -0.0160] 
	x402: [  0.3019,   0.5019] 
	x403: [ -0.5395,  -0.3395] 
	x404: [ -0.4020,  -0.2020] 
	x405: [ -1.8174,  -1.6174] 
	x406: [ -3.8603,  -3.6603] 
	x407: [ -2.4920,  -2.2920] 
	x408: [ -1.2197,  -1.0197] 
	x409: [ -0.5721,  -0.3721] 
	x410: [  1.5692,   1.7692] 
	x411: [  0.3787,   0.5787] 
	x412: [ -0.1091,   0.0909] 
	x413: [ -1.6634,  -1.4634] 
	x414: [ -1.2932,  -1.0932] 
	x415: [ -2.0360,  -1.8360] 
	x416: [  0.6126,   0.8126] 
	x417: [ -1.1462,  -0.9462] 
	x418: [ -1.8917,  -1.6917] 
	x419: [ -0.8579,  -0.6579] 
	x420: [  1.5323,   1.7323] 
	x421: [ -1.7659,  -1.5659] 
	x422: [ -2.9288,  -2.7288] 
	x423: [  0.7394,   0.9394] 
	x424: [  0.0631,   0.2631] 
	x425: [ -0.4813,  -0.2813] 
	x426: [ -3.2391,  -3.0391] 
	x427: [  1.4029,   1.6029] 
	x428: [ -1.8490,  -1.6490] 
	x429: [  2.3421,   2.5421] 
	x430: [  0.1332,   0.3332] 
	x431: [ -2.1752,  -1.9752] 
	x432: [ -1.9286,  -1.7286] 
	x433: [ -0.8576,  -0.6576] 
	x434: [ -3.2813,  -3.0813] 
	x435: [  1.1593,   1.3593] 
	x436: [ -0.9428,  -0.7428] 
	x437: [  3.3396,   3.5396] 
	x438: [ -2.4633,  -2.2633] 
	x439: [ -0.4044,  -0.2044] 
	x440: [  2.4222,   2.6222] 
	x441: [ -0.5087,  -0.3087] 
	x442: [ -2.8470,  -2.6470] 
	x443: [ -1.9196,  -1.7196] 
	x444: [ -0.8127,  -0.6127] 
	x445: [ -2.0836,  -1.8836] 
	x446: [  0.2435,   0.4435] 
	x447: [ -1.1778,  -0.9778] 
	x448: [ -1.2615,  -1.0615] 
	x449: [  2.2228,   2.4228] 
	x450: [  2.5377,   2.7377] 
	x451: [  0.3876,   0.5876] 
	x452: [  1.1822,   1.3822] 
	x453: [ -1.4460,  -1.2460] 
	x454: [ -0.6436,  -0.4436] 
	x455: [ -1.0207,  -0.8207] 
	x456: [  0.5745,   0.7745] 
	x457: [ -0.5321,  -0.3321] 
	x458: [ -2.6252,  -2.4252] 
	x459: [ -1.0935,  -0.8935] 
	x460: [ -0.9796,  -0.7796] 
	x461: [ -0.3531,  -0.1531] 
	x462: [ -1.0392,  -0.8392] 
	x463: [ -2.8089,  -2.6089] 
	x464: [ -0.0909,   0.1091] 
	x465: [  1.4746,   1.6746] 
	x466: [ -2.4697,  -2.2697] 
	x467: [  1.1096,   1.3096] 
	x468: [  1.0589,   1.2589] 
	x469: [ -3.0188,  -2.8188] 
	x470: [ -0.5035,  -0.3035] 
	x471: [  1.0285,   1.2285] 
	x472: [ -1.8251,  -1.6251] 
	x473: [ -1.8531,  -1.6531] 
	x474: [ -1.9155,  -1.7155] 
	x475: [ -1.3930,  -1.1930] 
	x476: [ -0.5232,  -0.3232] 
	x477: [  0.8802,   1.0802] 
	x478: [  0.3464,   0.5464] 
	x479: [  1.3116,   1.5116] 
	x480: [  2.8118,   3.0118] 
	x481: [  0.6191,   0.8191] 
	x482: [ -0.5501,  -0.3501] 
	x483: [ -1.0604,  -0.8604] 
	x484: [  2.3938,   2.5938] 
	x485: [  0.0609,   0.2609] 
	x486: [  2.8409,   3.0409] 
	x487: [  0.4136,   0.6136] 
	x488: [  0.4509,   0.6509] 
	x489: [  1.1525,   1.3525] 
	x490: [ -1.6483,  -1.4483] 
	x491: [ -0.5879,  -0.3879] 
	x492: [  0.3373,   0.5373] 
	x493: [ -1.4605,  -1.2605] 
	x494: [ -1.3759,  -1.1759] 
	x495: [ -2.5313,  -2.3313] 
	x496: [  0.2649,   0.4649] 
	x497: [  1.3852,   1.5852] 
	x498: [  0.7669,   0.9669] 
	x499: [ -1.4471,  -1.2471] 
	x500: [ -0.2714,  -0.0714] 
	x501: [  0.4805,   0.6805] 
	x502: [ -1.0880,  -0.8880] 
	x503: [  1.2902,   1.4902] 
	x504: [  1.6496,   1.8496] 
	x505: [ -0.0210,   0.1790] 
	x506: [  0.9313,   1.1313] 
	x507: [ -0.5960,  -0.3960] 
	x508: [ -0.2999,  -0.0999] 
	x509: [ -2.3228,  -2.1228] 
	x510: [  1.3173,   1.5173] 
	x511: [  0.1237,   0.3237] 

Branching heuristics set to PseudoImpact

Engine::solve: Initial statistics

23:28:34 Statistics update:
	--- Time Statistics ---
	Total time elapsed: 490 milli (00:00:00)
		Main loop: 0 milli (00:00:00)
		Preprocessing time: 189 milli (00:00:00)
		Unknown: 300 milli (00:00:00)
	Breakdown for main loop:
		[0.00%] Simplex steps: 0 milli
		[0.00%] Explicit-basis bound tightening: 0 milli
		[0.00%] Constraint-matrix bound tightening: 0 milli
		[0.00%] Degradation checking: 0 milli
		[0.00%] Precision restoration: 0 milli
		[0.00%] Statistics handling: 0 milli
		[0.00%] Constraint-fixing steps: 0 milli
		[0.00%] Valid case splits: 0 milli. Average per split: 0.00 milli
		[0.00%] Applying stored bound-tightening: 0 milli
		[0.00%] SMT core: 0 milli
		[0.00%] Symbolic Bound Tightening: 12 milli
		[0.00%] SoI-based local search: 0 milli
		[0.00%] SoI-based local search: 0 milli
		[0.00%] Unaccounted for: 0 milli
	--- Preprocessor Statistics ---
	Number of preprocessor bound-tightening loop iterations: 3
	Number of eliminated variables: 107
	Number of constraints removed due to variable elimination: 107
	Number of equations removed due to variable elimination: 0
	--- Engine Statistics ---
	Number of main loop iterations: 1
		0 iterations were simplex steps. Total time: 0 milli. Average: 0.00 milli.
		0 iterations were constraint-fixing steps. Total time: 0 milli. Average: 0.00 milli
	Number of active piecewise-linear constraints: 149 / 149
		Constraints disabled by valid splits: 0. By SMT-originated splits: 0
	Last reported degradation: 0.0000000000. Max degradation so far: 0.0000000000. Restorations so far: 0
	Number of simplex pivots we attempted to skip because of instability: 0.
	Unstable pivots performed anyway: 0
	--- Tableau Statistics ---
	Total number of pivots performed: 0
		Real pivots: 0. Degenerate: 0 (0.00%)
		Degenerate pivots by request (e.g., to fix a PL constraint): 0 (0.00%)
		Average time per pivot: 0.00 milli
	Total number of fake pivots performed: 0
	Total number of rows added: 0. Number of merged columns: 0
	Current tableau dimensions: M = 705, N = 2071
	--- SMT Core Statistics ---
	Total depth is 0. Total visited states: 1. Number of splits: 0. Number of pops: 0
	Max stack depth: 0
	--- Bound Tightening Statistics ---
	Number of tightened bounds: 0.
		Number of rows examined by row tightener: 0. Consequent tightenings: 0
		Number of explicit basis matrices examined by row tightener: 0. Consequent tightenings: 0
		Number of bound tightening rounds on the entire constraint matrix: 0. Consequent tightenings: 0
		Number of bound notifications sent to PL constraints: 894. Tightenings proposed: 0
	--- Basis Factorization statistics ---
	Number of basis refactorizations: 2
	--- Projected Steepest Edge Statistics ---
	Number of iterations: 0.
	Number of resets to reference space: 1. Avg. iterations per reset: 0
	--- SBT ---
	Number of tightened bounds: 385
	--- SoI-based local search ---
	Number of proposed phase pattern update: 0. Number of accepted update: 0 [0.00%]
	Total time (% of local search time) updating SoI phase pattern : 0 milli [0.00%]
	Total time obtaining current assignment: 0 milli [0.00%]
	Total time getting SoI phase pattern : 0 milli [0.00%]
	--- Context dependent statistics ---
	Number of pushes / pops: 0 / 0
		[0.00%] Pre-Push hook: 0 milli
		[0.00%] Push : 0 milli
		[0.00%] Post-Pop hook: 0 milli
		[0.00%] Pop : 0 milli
		[0.00%] Total context-switching time: 0 milli
	--- Proof Certificate ---
	Number of certified leaves: 0
	Number of leaves to delegate: 0

---

Engine::solve: sat assignment found

23:28:36 Statistics update:
	--- Time Statistics ---
	Total time elapsed: 2244 milli (00:00:02)
		Main loop: 1753 milli (00:00:01)
		Preprocessing time: 189 milli (00:00:00)
		Unknown: 300 milli (00:00:00)
	Breakdown for main loop:
		[31.51%] Simplex steps: 552 milli
		[67.15%] Explicit-basis bound tightening: 1177 milli
		[0.00%] Constraint-matrix bound tightening: 0 milli
		[0.66%] Degradation checking: 11 milli
		[0.00%] Precision restoration: 0 milli
		[0.03%] Statistics handling: 0 milli
		[0.00%] Constraint-fixing steps: 0 milli
		[0.00%] Valid case splits: 0 milli. Average per split: 0.00 milli
		[0.00%] Applying stored bound-tightening: 0 milli
		[0.00%] SMT core: 0 milli
		[1.17%] Symbolic Bound Tightening: 20 milli
		[2.13%] SoI-based local search: 37 milli
		[0.00%] SoI-based local search: 0 milli
		[1051947676964241.38%] Unaccounted for: 0 milli
	--- Preprocessor Statistics ---
	Number of preprocessor bound-tightening loop iterations: 3
	Number of eliminated variables: 107
	Number of constraints removed due to variable elimination: 107
	Number of equations removed due to variable elimination: 0
	--- Engine Statistics ---
	Number of main loop iterations: 519
		517 iterations were simplex steps. Total time: 552 milli. Average: 1.07 milli.
		0 iterations were constraint-fixing steps. Total time: 0 milli. Average: 0.00 milli
	Number of active piecewise-linear constraints: 149 / 149
		Constraints disabled by valid splits: 0. By SMT-originated splits: 0
	Last reported degradation: 0.0000003344. Max degradation so far: 0.0000000000. Restorations so far: 0
	Number of simplex pivots we attempted to skip because of instability: 0.
	Unstable pivots performed anyway: 0
	--- Tableau Statistics ---
	Total number of pivots performed: 506
		Real pivots: 506. Degenerate: 0 (0.00%)
		Degenerate pivots by request (e.g., to fix a PL constraint): 0 (0.00%)
		Average time per pivot: 0.16 milli
	Total number of fake pivots performed: 9
	Total number of rows added: 0. Number of merged columns: 0
	Current tableau dimensions: M = 705, N = 2071
	--- SMT Core Statistics ---
	Total depth is 0. Total visited states: 1. Number of splits: 0. Number of pops: 0
	Max stack depth: 0
	--- Bound Tightening Statistics ---
	Number of tightened bounds: 0.
		Number of rows examined by row tightener: 506. Consequent tightenings: 0
		Number of explicit basis matrices examined by row tightener: 5. Consequent tightenings: 286
		Number of bound tightening rounds on the entire constraint matrix: 0. Consequent tightenings: 0
		Number of bound notifications sent to PL constraints: 1788. Tightenings proposed: 0
	--- Basis Factorization statistics ---
	Number of basis refactorizations: 6
	--- Projected Steepest Edge Statistics ---
	Number of iterations: 515.
	Number of resets to reference space: 2. Avg. iterations per reset: 257
	--- SBT ---
	Number of tightened bounds: 385
	--- SoI-based local search ---
	Number of proposed phase pattern update: 0. Number of accepted update: 1 [0.00%]
	Total time (% of local search time) updating SoI phase pattern : 374 milli [1.00%]
	Total time obtaining current assignment: 155 milli [0.41%]
	Total time getting SoI phase pattern : 61 milli [0.00%]
	--- Context dependent statistics ---
	Number of pushes / pops: 0 / 0
		[0.00%] Pre-Push hook: 0 milli
		[0.00%] Push : 0 milli
		[0.00%] Post-Pop hook: 0 milli
		[0.00%] Pop : 0 milli
		[0.00%] Total context-switching time: 0 milli
	--- Proof Certificate ---
	Number of certified leaves: 0
	Number of leaves to delegate: 0
sat
Input assignment:
	x0 = -0.818518
	x1 = 0.499063
	x2 = -0.272559
	x3 = 0.859390
	x4 = 1.468636
	x5 = 1.868603
	x6 = 0.178803
	x7 = -1.524947
	x8 = -2.580703
	x9 = -1.939124
	x10 = -0.026291
	x11 = 0.283265
	x12 = 0.747646
	x13 = 0.066086
	x14 = -0.381066
	x15 = 0.937588
	x16 = 0.528421
	x17 = -0.135952
	x18 = -0.287194
	x19 = -0.041110
	x20 = 0.184212
	x21 = -2.640537
	x22 = 0.688536
	x23 = -0.861419
	x24 = -0.410695
	x25 = 0.103733
	x26 = 0.558248
	x27 = 1.669667
	x28 = 0.921216
	x29 = 0.200896
	x30 = -2.237470
	x31 = 1.771033
	x32 = -1.183671
	x33 = -0.428302
	x34 = -0.801166
	x35 = -1.163396
	x36 = 0.550838
	x37 = -0.151389
	x38 = 1.026068
	x39 = -2.475342
	x40 = 1.795220
	x41 = 0.815222
	x42 = -1.084838
	x43 = -1.263824
	x44 = -0.543167
	x45 = 1.784802
	x46 = -0.746003
	x47 = -0.341552
	x48 = 1.178502
	x49 = 0.168532
	x50 = 0.508590
	x51 = 0.186859
	x52 = -0.127114
	x53 = 1.334447
	x54 = -3.168739
	x55 = 0.716220
	x56 = -0.195981
	x57 = -3.733672
	x58 = 1.699245
	x59 = 2.369524
	x60 = 1.633465
	x61 = -1.420599
	x62 = 1.251131
	x63 = -0.240708
	x64 = 0.146549
	x65 = 0.388193
	x66 = 0.415840
	x67 = -1.984120
	x68 = 3.194220
	x69 = 3.078842
	x70 = 0.973182
	x71 = 0.619971
	x72 = 0.782426
	x73 = 0.267012
	x74 = -1.235270
	x75 = 0.969703
	x76 = -2.606406
	x77 = 1.320642
	x78 = -2.160483
	x79 = 0.431402
	x80 = 1.174957
	x81 = 0.345106
	x82 = -0.320337
	x83 = -1.345752
	x84 = -1.271216
	x85 = 2.029341
	x86 = 0.800615
	x87 = -0.253420
	x88 = -0.741723
	x89 = 1.504360
	x90 = -1.776347
	x91 = -1.966681
	x92 = -1.124945
	x93 = -2.490338
	x94 = 1.133803
	x95 = -3.493386
	x96 = 1.516590
	x97 = -1.918830
	x98 = 0.824251
	x99 = -1.318858
	x100 = -2.149776
	x101 = 0.801851
	x102 = 0.150132
	x103 = -1.916870
	x104 = -0.717481
	x105 = 1.054687
	x106 = 0.837685
	x107 = -1.382908
	x108 = 0.687864
	x109 = 1.125397
	x110 = 0.077889
	x111 = -1.263361
	x112 = -2.832172
	x113 = 0.786086
	x114 = 1.350994
	x115 = 0.712704
	x116 = 0.365792
	x117 = 1.394576
	x118 = -1.255058
	x119 = -2.180292
	x120 = -1.082364
	x121 = -0.720377
	x122 = 1.223600
	x123 = -2.254729
	x124 = -2.874275
	x125 = 1.373780
	x126 = -1.414494
	x127 = 1.403240
	x128 = 1.592416
	x129 = 0.557075
	x130 = 1.385103
	x131 = -0.131328
	x132 = 1.998331
	x133 = 0.062955
	x134 = 0.174811
	x135 = 1.871818
	x136 = -1.459945
	x137 = -1.828915
	x138 = 2.445708
	x139 = 1.724844
	x140 = 5.243565
	x141 = -0.263120
	x142 = 1.591234
	x143 = 1.681374
	x144 = 0.429553
	x145 = 0.314466
	x146 = 0.144158
	x147 = 0.995150
	x148 = 2.494183
	x149 = -0.627349
	x150 = 0.666647
	x151 = 0.703475
	x152 = -1.139631
	x153 = 0.352069
	x154 = 1.246396
	x155 = -1.421004
	x156 = 0.331205
	x157 = -0.186330
	x158 = 0.271943
	x159 = -1.926327
	x160 = 1.548168
	x161 = -0.191758
	x162 = -2.091787
	x163 = -1.341228
	x164 = -3.721736
	x165 = -1.569864
	x166 = -0.119608
	x167 = 4.352276
	x168 = -2.608076
	x169 = 0.345680
	x170 = -0.470116
	x171 = 3.184402
	x172 = -2.493622
	x173 = -1.482499
	x174 = -0.995309
	x175 = -0.442949
	x176 = 0.227335
	x177 = 1.817733
	x178 = 1.439728
	x179 = -2.153849
	x180 = 3.749624
	x181 = 0.194045
	x182 = -0.941155
	x183 = -0.323417
	x184 = 1.771238
	x185 = -0.792303
	x186 = 0.330592
	x187 = -0.209414
	x188 = -0.697135
	x189 = -2.634037
	x190 = -1.325499
	x191 = -2.434193
	x192 = 0.200706
	x193 = 0.083355
	x194 = -2.217391
	x195 = 1.103996
	x196 = 0.120943
	x197 = 2.825750
	x198 = -1.975976
	x199 = -0.942599
	x200 = -1.108019
	x201 = 1.196758
	x202 = -0.829784
	x203 = -0.417607
	x204 = 0.365412
	x205 = 1.883198
	x206 = 0.406246
	x207 = 0.586302
	x208 = -0.758033
	x209 = 0.313851
	x210 = 0.780631
	x211 = -0.297241
	x212 = -3.616323
	x213 = -3.152130
	x214 = 0.075793
	x215 = 1.565568
	x216 = -1.097242
	x217 = 1.718472
	x218 = -0.047587
	x219 = -0.857437
	x220 = -1.657999
	x221 = 2.984885
	x222 = -0.450858
	x223 = -1.916271
	x224 = -3.065060
	x225 = 0.354963
	x226 = 1.838536
	x227 = 0.640569
	x228 = 1.878639
	x229 = -0.016700
	x230 = 1.061915
	x231 = 1.452083
	x232 = 1.266016
	x233 = -2.500157
	x234 = 2.333210
	x235 = -0.342924
	x236 = 1.385790
	x237 = 0.933231
	x238 = 3.064189
	x239 = 3.836509
	x240 = 0.490745
	x241 = 1.252021
	x242 = 1.279879
	x243 = 2.167996
	x244 = 0.853014
	x245 = 0.524231
	x246 = 1.694026
	x247 = -0.143103
	x248 = -1.705239
	x249 = -0.251001
	x250 = -1.227146
	x251 = 0.929400
	x252 = -0.437014
	x253 = -0.052121
	x254 = 0.729015
	x255 = 0.305649
	x256 = 0.341124
	x257 = -0.782366
	x258 = -2.810105
	x259 = 0.200624
	x260 = 1.683001
	x261 = -0.591430
	x262 = 1.820659
	x263 = 2.734755
	x264 = -1.364869
	x265 = -0.945705
	x266 = 1.307956
	x267 = 1.287708
	x268 = -0.296174
	x269 = 0.365004
	x270 = 0.814519
	x271 = -0.576610
	x272 = -1.984919
	x273 = -1.114209
	x274 = -1.810572
	x275 = 3.241986
	x276 = -1.942557
	x277 = 0.561167
	x278 = 3.338299
	x279 = 3.271937
	x280 = -0.362696
	x281 = 1.509057
	x282 = -0.896235
	x283 = -1.553366
	x284 = -1.032472
	x285 = 1.935882
	x286 = 1.990421
	x287 = -1.274046
	x288 = -0.217956
	x289 = -1.069659
	x290 = 1.380622
	x291 = 0.851422
	x292 = 1.085212
	x293 = -0.029107
	x294 = -0.602356
	x295 = -0.411564
	x296 = -0.711665
	x297 = 1.933434
	x298 = -2.977996
	x299 = 0.504917
	x300 = 3.377210
	x301 = 1.067433
	x302 = 1.655764
	x303 = -0.207808
	x304 = -1.316425
	x305 = 0.578045
	x306 = -0.700495
	x307 = -3.786438
	x308 = 0.441256
	x309 = 0.335240
	x310 = -0.726200
	x311 = 1.745907
	x312 = 1.340708
	x313 = 0.801850
	x314 = -0.635309
	x315 = -0.887692
	x316 = -0.578591
	x317 = -1.008444
	x318 = -1.842502
	x319 = -2.741529
	x320 = -0.594496
	x321 = -1.342679
	x322 = 0.155735
	x323 = 0.952689
	x324 = -0.591245
	x325 = -0.074329
	x326 = 0.351436
	x327 = -1.313820
	x328 = 1.356944
	x329 = -2.007098
	x330 = 0.449732
	x331 = -0.638917
	x332 = -0.500790
	x333 = 1.144383
	x334 = 2.433257
	x335 = -0.986899
	x336 = -2.242233
	x337 = -1.079287
	x338 = -0.382204
	x339 = 0.725944
	x340 = -0.463427
	x341 = 0.092523
	x342 = -1.053147
	x343 = 1.046295
	x344 = -0.068342
	x345 = 0.872079
	x346 = -1.820549
	x347 = -0.419383
	x348 = -0.238269
	x349 = 2.717279
	x350 = -0.347228
	x351 = 1.308605
	x352 = 0.870629
	x353 = 1.100899
	x354 = -1.167769
	x355 = 2.478471
	x356 = 0.141330
	x357 = 0.121290
	x358 = 1.372009
	x359 = 1.699521
	x360 = -2.541846
	x361 = -1.296304
	x362 = -1.193562
	x363 = 0.003114
	x364 = -1.106495
	x365 = 1.419016
	x366 = 1.005528
	x367 = -0.987363
	x368 = -1.354260
	x369 = -2.562664
	x370 = -1.188536
	x371 = 0.514740
	x372 = 2.793613
	x373 = -0.925176
	x374 = 1.218055
	x375 = -3.515924
	x376 = -2.385523
	x377 = -1.804905
	x378 = -0.615204
	x379 = -0.289809
	x380 = 1.746423
	x381 = -2.332892
	x382 = -1.164604
	x383 = -0.018610
	x384 = 1.445127
	x385 = -0.580561
	x386 = -1.740875
	x387 = -0.586322
	x388 = 0.974344
	x389 = 0.308886
	x390 = -1.773661
	x391 = -2.739973
	x392 = -0.476323
	x393 = -1.588216
	x394 = -1.226591
	x395 = 0.973515
	x396 = -1.362431
	x397 = 0.518663
	x398 = -0.631150
	x399 = 0.932442
	x400 = 2.596871
	x401 = -0.016006
	x402 = 0.301893
	x403 = -0.339490
	x404 = -0.401965
	x405 = -1.817433
	x406 = -3.860268
	x407 = -2.291957
	x408 = -1.019672
	x409 = -0.572088
	x410 = 1.769201
	x411 = 0.378681
	x412 = -0.109142
	x413 = -1.663367
	x414 = -1.093235
	x415 = -1.835961
	x416 = 0.812639
	x417 = -1.146243
	x418 = -1.891719
	x419 = -0.657862
	x420 = 1.732327
	x421 = -1.765944
	x422 = -2.728786
	x423 = 0.939387
	x424 = 0.263114
	x425 = -0.481344
	x426 = -3.039116
	x427 = 1.602924
	x428 = -1.849003
	x429 = 2.542101
	x430 = 0.333164
	x431 = -1.975239
	x432 = -1.928578
	x433 = -0.857626
	x434 = -3.081259
	x435 = 1.159274
	x436 = -0.742753
	x437 = 3.539571
	x438 = -2.263317
	x439 = -0.404431
	x440 = 2.622197
	x441 = -0.308683
	x442 = -2.646964
	x443 = -1.919605
	x444 = -0.812679
	x445 = -2.083639
	x446 = 0.443468
	x447 = -1.177784
	x448 = -1.261463
	x449 = 2.222835
	x450 = 2.537694
	x451 = 0.587637
	x452 = 1.182172
	x453 = -1.446025
	x454 = -0.443569
	x455 = -1.020730
	x456 = 0.574500
	x457 = -0.332101
	x458 = -2.425240
	x459 = -0.893488
	x460 = -0.779596
	x461 = -0.353104
	x462 = -1.039224
	x463 = -2.808876
	x464 = 0.109134
	x465 = 1.674570
	x466 = -2.269680
	x467 = 1.309621
	x468 = 1.258924
	x469 = -2.818773
	x470 = -0.503524
	x471 = 1.228521
	x472 = -1.825122
	x473 = -1.653108
	x474 = -1.715538
	x475 = -1.392956
	x476 = -0.523213
	x477 = 0.880170
	x478 = 0.346375
	x479 = 1.311590
	x480 = 2.811806
	x481 = 0.619132
	x482 = -0.350136
	x483 = -0.860430
	x484 = 2.393770
	x485 = 0.260899
	x486 = 3.040878
	x487 = 0.413617
	x488 = 0.650931
	x489 = 1.352515
	x490 = -1.448337
	x491 = -0.587885
	x492 = 0.537342
	x493 = -1.460519
	x494 = -1.375855
	x495 = -2.531304
	x496 = 0.264890
	x497 = 1.385164
	x498 = 0.766940
	x499 = -1.247125
	x500 = -0.271367
	x501 = 0.480523
	x502 = -0.888024
	x503 = 1.290171
	x504 = 1.849640
	x505 = 0.178996
	x506 = 1.131278
	x507 = -0.396040
	x508 = -0.099922
	x509 = -2.122785
	x510 = 1.317284
	x511 = 0.123675

Output:
	y0 = -4.401034
	y1 = 4.089229
	y2 = -4.448299
	y3 = -7.076307
	y4 = 2.340944
	y5 = -8.126324
	y6 = -7.116983
	y7 = 12.262854
	y8 = -7.313924
	y9 = -11.125658
	y10 = 18.361793
	y11 = -8.130482
	y12 = -6.870617
	y13 = 16.598354
	y14 = -5.856698
	y15 = -3.552046
	y16 = 3.782344
	y17 = -4.586320
	y18 = -3.948277
	y19 = 5.151139
	y20 = -4.547609
	y21 = -7.885306
	y22 = 7.571032
	y23 = -8.805876
	y24 = -8.083636
	y25 = 3.805747
	y26 = -7.697147
	y27 = -2.581540
	y28 = 1.687547
	y29 = -5.430491
	y30 = 1.507866
	y31 = -14.988382
	y32 = -2.174520
	y33 = -0.876941
	y34 = -7.347796
	y35 = 3.698544
	y36 = -2.886066
	y37 = 14.294011
	y38 = -3.186955
	y39 = -2.098294
	y40 = 8.300707
	y41 = -2.820872
	y42 = -7.168518
	y43 = 8.512230
	y44 = -7.752972
	y45 = -7.266475
	y46 = 5.685102
	y47 = -4.844390
	y48 = -5.460227
	y49 = 8.048501
	y50 = -3.902576
	y51 = 1.376330
	y52 = -15.271591
	y53 = -2.122672
	y54 = 3.843514
	y55 = -15.267849
	y56 = 1.137744
	y57 = 2.727436
	y58 = -12.396842
	y59 = -0.591737
	y60 = 4.079785
	y61 = -8.811862
	y62 = -1.601437
	y63 = 4.860981
	y64 = -8.494087
	y65 = 0.602242
	y66 = -3.498615
	y67 = -2.664098
	y68 = -2.664088
	y69 = -8.483739
	y70 = 6.979623
	y71 = -6.128288
	y72 = -2.625758
	y73 = -12.740412
	y74 = 0.663483
	y75 = -0.230354
	y76 = -6.622513
	y77 = 2.157801
	y78 = 2.125835
	y79 = -13.500658
	y80 = 5.320534
	y81 = 6.942547
	y82 = -13.748748
	y83 = 11.928011
	y84 = 10.892364
	y85 = -14.301366
	y86 = 6.682407
	y87 = -1.798791
	y88 = 7.255682
	y89 = -1.556099
	y90 = -1.682336
	y91 = 6.768589
	y92 = -4.484320
	y93 = -5.965550
	y94 = 5.600810
	y95 = -3.971126
	y96 = -9.717334
	y97 = 12.323455
	y98 = -5.364130
	y99 = -0.297794
	y100 = -19.324416
	y101 = 3.859517
	y102 = -0.647535
	y103 = -14.050379
	y104 = 4.337874
	y105 = 6.448028
	y106 = -14.160735
	y107 = 10.505204
	y108 = 6.376437
	y109 = -15.009495
	y110 = 10.199641
	y111 = 4.437596
	y112 = -8.682632
	y113 = 0.766233
	y114 = -2.153336
	y115 = 6.788690
	y116 = -4.913450
	y117 = -5.811706
	y118 = 8.795025
	y119 = -5.867441
	y120 = -7.218772
	y121 = 17.341814
	y122 = -5.852319
	y123 = -5.829419
	y124 = 10.960351
	y125 = -2.303500
	y126 = -5.277201
	y127 = 12.940905
	y128 = -4.842330
	y129 = -3.072644
	y130 = 22.367735
	y131 = 0.966446
	y132 = 0.750134
	y133 = -12.421989
	y134 = 5.932222
	y135 = -1.558152
	y136 = -9.942835
	y137 = 3.292524
	y138 = -4.565332
	y139 = 8.246800
	y140 = -7.725956
	y141 = -6.385209
	y142 = 10.184759
	y143 = -6.235460
	y144 = -7.577142
	y145 = 2.801721
	y146 = -5.072949
	y147 = -7.494526
	y148 = 4.404851
	y149 = -8.107643
	y150 = -4.610304
	y151 = 5.482298
	y152 = -4.727192
	y153 = -5.361952
	y154 = 18.213280
	y155 = -5.526154
	y156 = -5.748984
	y157 = 16.953292
	y158 = -6.699388
	y159 = -7.426674
	y160 = 5.530795
	y161 = -5.564053
	y162 = -10.783941
	y163 = 17.666602
	y164 = -9.820381
	y165 = -5.699157
	y166 = 9.443387
	y167 = -7.836704
	y168 = -7.718347
	y169 = 6.191933
	y170 = -7.491072
	y171 = -7.434506
	y172 = 7.330282
	y173 = -7.080427
	y174 = -4.867239
	y175 = 8.622830
	y176 = -5.026009
	y177 = -5.499096
	y178 = 7.466325
	y179 = -5.351092
	y180 = -8.393996
	y181 = 4.462493
	y182 = -8.960486
	y183 = -8.894956
	y184 = 6.796650
	y185 = -7.633210
	y186 = -9.917540
	y187 = 6.998232
	y188 = -7.588731
	y189 = -9.501651
	y190 = 8.914076
	y191 = -8.138918

