InputQuery: /home/levn/Workspace/othello_world/queries/probe_robust/group_0/game_72_target_6_eps_0.1.txt
Engine::processInputQuery: Input query (before preprocessing): 449 equations, 1216 variables
Engine::processInputQuery: Input query (after preprocessing): 705 equations, 1348 variables

Input bounds:
	x0: [ -0.1290,   0.0710] 
	x1: [ -2.3929,  -2.1929] 
	x2: [ -2.7076,  -2.5076] 
	x3: [  0.4235,   0.6235] 
	x4: [  1.4903,   1.6903] 
	x5: [ -1.6219,  -1.4219] 
	x6: [ -1.2149,  -1.0149] 
	x7: [  2.9825,   3.1825] 
	x8: [ -2.1745,  -1.9745] 
	x9: [  0.2316,   0.4316] 
	x10: [  0.8138,   1.0138] 
	x11: [ -0.4893,  -0.2893] 
	x12: [ -0.8997,  -0.6997] 
	x13: [  0.9435,   1.1435] 
	x14: [ -0.1915,   0.0085] 
	x15: [  0.0912,   0.2912] 
	x16: [  1.0545,   1.2545] 
	x17: [  2.0112,   2.2112] 
	x18: [ -0.1700,   0.0300] 
	x19: [  1.6217,   1.8217] 
	x20: [ -0.6030,  -0.4030] 
	x21: [  2.5248,   2.7248] 
	x22: [  1.3044,   1.5044] 
	x23: [  0.4727,   0.6727] 
	x24: [ -2.2624,  -2.0624] 
	x25: [ -1.1921,  -0.9921] 
	x26: [ -0.7744,  -0.5744] 
	x27: [  0.7340,   0.9340] 
	x28: [ -1.5087,  -1.3087] 
	x29: [  0.4288,   0.6288] 
	x30: [ -0.5296,  -0.3296] 
	x31: [ -2.0311,  -1.8311] 
	x32: [ -2.1487,  -1.9487] 
	x33: [  0.9151,   1.1151] 
	x34: [ -1.2940,  -1.0940] 
	x35: [ -0.2508,  -0.0508] 
	x36: [ -0.0336,   0.1664] 
	x37: [ -0.8564,  -0.6564] 
	x38: [  1.5904,   1.7904] 
	x39: [ -1.6967,  -1.4967] 
	x40: [ -1.6413,  -1.4413] 
	x41: [ -0.0837,   0.1163] 
	x42: [ -0.0406,   0.1594] 
	x43: [  0.0882,   0.2882] 
	x44: [ -2.5517,  -2.3517] 
	x45: [  0.2119,   0.4119] 
	x46: [ -1.6286,  -1.4286] 
	x47: [ -0.3155,  -0.1155] 
	x48: [  0.4249,   0.6249] 
	x49: [  1.4469,   1.6469] 
	x50: [ -0.3485,  -0.1485] 
	x51: [  1.0915,   1.2915] 
	x52: [  1.7688,   1.9688] 
	x53: [  0.9037,   1.1037] 
	x54: [ -3.3741,  -3.1741] 
	x55: [ -0.6355,  -0.4355] 
	x56: [  0.8343,   1.0343] 
	x57: [  0.1799,   0.3799] 
	x58: [ -3.1525,  -2.9525] 
	x59: [  0.4057,   0.6057] 
	x60: [  0.7330,   0.9330] 
	x61: [ -2.0475,  -1.8475] 
	x62: [ -0.1006,   0.0994] 
	x63: [ -1.6705,  -1.4705] 
	x64: [ -3.1404,  -2.9404] 
	x65: [  1.3299,   1.5299] 
	x66: [  1.2819,   1.4819] 
	x67: [ -0.5747,  -0.3747] 
	x68: [ -1.1753,  -0.9753] 
	x69: [ -0.1606,   0.0394] 
	x70: [ -0.2262,  -0.0262] 
	x71: [  0.7464,   0.9464] 
	x72: [  1.3087,   1.5087] 
	x73: [  2.4803,   2.6803] 
	x74: [  0.1892,   0.3892] 
	x75: [  0.5542,   0.7542] 
	x76: [  2.1583,   2.3583] 
	x77: [  2.2787,   2.4787] 
	x78: [  1.3327,   1.5327] 
	x79: [ -0.7770,  -0.5770] 
	x80: [  0.2753,   0.4753] 
	x81: [  2.8912,   3.0912] 
	x82: [  1.3416,   1.5416] 
	x83: [ -2.9941,  -2.7941] 
	x84: [  0.7014,   0.9014] 
	x85: [  0.2972,   0.4972] 
	x86: [ -1.6600,  -1.4600] 
	x87: [  1.7923,   1.9923] 
	x88: [ -0.3975,  -0.1975] 
	x89: [ -0.0152,   0.1848] 
	x90: [ -1.7552,  -1.5552] 
	x91: [ -1.5448,  -1.3448] 
	x92: [ -0.8369,  -0.6369] 
	x93: [  1.0153,   1.2153] 
	x94: [ -0.5381,  -0.3381] 
	x95: [  0.0680,   0.2680] 
	x96: [  0.4987,   0.6987] 
	x97: [ -0.9807,  -0.7807] 
	x98: [  2.8689,   3.0689] 
	x99: [  2.3400,   2.5400] 
	x100: [ -1.0369,  -0.8369] 
	x101: [ -2.0289,  -1.8289] 
	x102: [ -0.1541,   0.0459] 
	x103: [  2.6260,   2.8260] 
	x104: [  0.1970,   0.3970] 
	x105: [ -0.2080,  -0.0080] 
	x106: [ -1.3493,  -1.1493] 
	x107: [ -1.2873,  -1.0873] 
	x108: [  0.1732,   0.3732] 
	x109: [ -0.0925,   0.1075] 
	x110: [ -1.9003,  -1.7003] 
	x111: [ -1.8835,  -1.6835] 
	x112: [ -1.2371,  -1.0371] 
	x113: [ -1.4832,  -1.2832] 
	x114: [  0.5007,   0.7007] 
	x115: [  2.0667,   2.2667] 
	x116: [  0.5595,   0.7595] 
	x117: [  0.3215,   0.5215] 
	x118: [ -0.0356,   0.1644] 
	x119: [ -1.8542,  -1.6542] 
	x120: [ -0.6863,  -0.4863] 
	x121: [  3.4418,   3.6418] 
	x122: [  1.5145,   1.7145] 
	x123: [ -3.3462,  -3.1462] 
	x124: [ -1.0335,  -0.8335] 
	x125: [  0.4475,   0.6475] 
	x126: [ -2.2118,  -2.0118] 
	x127: [  0.5408,   0.7408] 
	x128: [  1.9231,   2.1231] 
	x129: [ -3.7805,  -3.5805] 
	x130: [  0.9120,   1.1120] 
	x131: [  2.3443,   2.5443] 
	x132: [  0.0012,   0.2012] 
	x133: [ -1.7859,  -1.5859] 
	x134: [ -1.9389,  -1.7389] 
	x135: [  0.3123,   0.5123] 
	x136: [ -1.5446,  -1.3446] 
	x137: [ -0.9949,  -0.7949] 
	x138: [ -1.4041,  -1.2041] 
	x139: [ -1.9468,  -1.7468] 
	x140: [  1.3960,   1.5960] 
	x141: [  1.2929,   1.4929] 
	x142: [  1.2100,   1.4100] 
	x143: [ -1.0150,  -0.8150] 
	x144: [  2.6933,   2.8933] 
	x145: [ -0.6021,  -0.4021] 
	x146: [ -3.5785,  -3.3785] 
	x147: [  0.2040,   0.4040] 
	x148: [  2.3418,   2.5418] 
	x149: [ -1.3312,  -1.1312] 
	x150: [ -1.2260,  -1.0260] 
	x151: [ -0.0857,   0.1143] 
	x152: [  1.4024,   1.6024] 
	x153: [ -3.0560,  -2.8560] 
	x154: [  2.0247,   2.2247] 
	x155: [  1.5342,   1.7342] 
	x156: [  1.7138,   1.9138] 
	x157: [  0.5372,   0.7372] 
	x158: [ -0.0326,   0.1674] 
	x159: [ -0.8436,  -0.6436] 
	x160: [ -0.8652,  -0.6652] 
	x161: [ -0.1686,   0.0314] 
	x162: [ -0.0174,   0.1826] 
	x163: [ -0.3302,  -0.1302] 
	x164: [ -0.9437,  -0.7437] 
	x165: [  0.5672,   0.7672] 
	x166: [  0.6677,   0.8677] 
	x167: [  2.8686,   3.0686] 
	x168: [ -1.2855,  -1.0855] 
	x169: [ -0.3272,  -0.1272] 
	x170: [  0.2456,   0.4456] 
	x171: [  0.2207,   0.4207] 
	x172: [  1.9888,   2.1888] 
	x173: [  0.2576,   0.4576] 
	x174: [ -0.6702,  -0.4702] 
	x175: [  1.5516,   1.7516] 
	x176: [ -0.4724,  -0.2724] 
	x177: [  0.4009,   0.6009] 
	x178: [  0.8560,   1.0560] 
	x179: [  0.2964,   0.4964] 
	x180: [ -0.1557,   0.0443] 
	x181: [  0.0987,   0.2987] 
	x182: [  1.9013,   2.1013] 
	x183: [  0.8323,   1.0323] 
	x184: [ -0.7016,  -0.5016] 
	x185: [ -1.2943,  -1.0943] 
	x186: [ -0.6571,  -0.4571] 
	x187: [ -0.9280,  -0.7280] 
	x188: [  1.3565,   1.5565] 
	x189: [  1.0408,   1.2408] 
	x190: [ -0.6034,  -0.4034] 
	x191: [  0.2870,   0.4870] 
	x192: [ -0.2209,  -0.0209] 
	x193: [ -1.2336,  -1.0336] 
	x194: [  0.5440,   0.7440] 
	x195: [ -0.4046,  -0.2046] 
	x196: [ -0.5137,  -0.3137] 
	x197: [  1.6576,   1.8576] 
	x198: [  0.6145,   0.8145] 
	x199: [  0.0012,   0.2012] 
	x200: [  1.0564,   1.2564] 
	x201: [  1.1433,   1.3433] 
	x202: [ -0.3055,  -0.1055] 
	x203: [ -1.0286,  -0.8286] 
	x204: [ -3.1875,  -2.9875] 
	x205: [ -1.4941,  -1.2941] 
	x206: [ -2.5501,  -2.3501] 
	x207: [ -1.5530,  -1.3530] 
	x208: [ -0.3912,  -0.1912] 
	x209: [ -2.8801,  -2.6801] 
	x210: [ -0.9124,  -0.7124] 
	x211: [ -2.7747,  -2.5747] 
	x212: [  1.1657,   1.3657] 
	x213: [  1.7654,   1.9654] 
	x214: [ -1.5375,  -1.3375] 
	x215: [ -0.6129,  -0.4129] 
	x216: [ -0.2813,  -0.0813] 
	x217: [  1.1706,   1.3706] 
	x218: [ -0.2278,  -0.0278] 
	x219: [ -0.7384,  -0.5384] 
	x220: [ -1.6173,  -1.4173] 
	x221: [  1.8381,   2.0381] 
	x222: [ -3.2903,  -3.0903] 
	x223: [  0.7071,   0.9071] 
	x224: [ -2.9402,  -2.7402] 
	x225: [  0.3206,   0.5206] 
	x226: [ -1.7361,  -1.5361] 
	x227: [ -1.7428,  -1.5428] 
	x228: [  0.0724,   0.2724] 
	x229: [ -0.1061,   0.0939] 
	x230: [  1.6403,   1.8403] 
	x231: [  2.8223,   3.0223] 
	x232: [  0.2024,   0.4024] 
	x233: [ -0.4458,  -0.2458] 
	x234: [  1.3673,   1.5673] 
	x235: [  1.4495,   1.6495] 
	x236: [ -1.1433,  -0.9433] 
	x237: [ -0.4400,  -0.2400] 
	x238: [  0.5413,   0.7413] 
	x239: [  4.2841,   4.4841] 
	x240: [  0.3555,   0.5555] 
	x241: [ -1.9668,  -1.7668] 
	x242: [ -2.2476,  -2.0476] 
	x243: [ -0.7203,  -0.5203] 
	x244: [ -1.1109,  -0.9109] 
	x245: [ -2.8388,  -2.6388] 
	x246: [ -0.4680,  -0.2680] 
	x247: [ -2.8692,  -2.6692] 
	x248: [  0.7414,   0.9414] 
	x249: [  0.1729,   0.3729] 
	x250: [ -0.4183,  -0.2183] 
	x251: [ -4.7949,  -4.5949] 
	x252: [  0.4423,   0.6423] 
	x253: [  1.2234,   1.4234] 
	x254: [  2.6566,   2.8566] 
	x255: [ -2.8247,  -2.6247] 
	x256: [  2.0529,   2.2529] 
	x257: [ -1.2236,  -1.0236] 
	x258: [ -1.7944,  -1.5944] 
	x259: [  2.1585,   2.3585] 
	x260: [ -0.6912,  -0.4912] 
	x261: [  0.5195,   0.7195] 
	x262: [ -0.5184,  -0.3184] 
	x263: [  1.0450,   1.2450] 
	x264: [ -1.9404,  -1.7404] 
	x265: [ -2.1871,  -1.9871] 
	x266: [  1.8821,   2.0821] 
	x267: [  2.3192,   2.5192] 
	x268: [ -3.4160,  -3.2160] 
	x269: [ -0.5229,  -0.3229] 
	x270: [ -0.2222,  -0.0222] 
	x271: [  0.5564,   0.7564] 
	x272: [ -0.5256,  -0.3256] 
	x273: [  0.4349,   0.6349] 
	x274: [  1.8540,   2.0540] 
	x275: [ -0.0168,   0.1832] 
	x276: [ -2.0784,  -1.8784] 
	x277: [  0.6291,   0.8291] 
	x278: [ -2.5203,  -2.3203] 
	x279: [  1.7271,   1.9271] 
	x280: [ -3.9034,  -3.7034] 
	x281: [ -1.7876,  -1.5876] 
	x282: [  0.4279,   0.6279] 
	x283: [ -1.9008,  -1.7008] 
	x284: [ -0.0815,   0.1185] 
	x285: [  0.8871,   1.0871] 
	x286: [ -0.1694,   0.0306] 
	x287: [  0.5790,   0.7790] 
	x288: [ -1.9880,  -1.7880] 
	x289: [  0.3454,   0.5454] 
	x290: [  2.2254,   2.4254] 
	x291: [ -0.7529,  -0.5529] 
	x292: [  0.3533,   0.5533] 
	x293: [ -0.5297,  -0.3297] 
	x294: [ -2.7777,  -2.5777] 
	x295: [  1.4620,   1.6620] 
	x296: [ -0.6770,  -0.4770] 
	x297: [  1.5296,   1.7296] 
	x298: [ -5.8233,  -5.6233] 
	x299: [  1.1613,   1.3613] 
	x300: [  2.9522,   3.1522] 
	x301: [ -0.4088,  -0.2088] 
	x302: [  0.2971,   0.4971] 
	x303: [ -1.4840,  -1.2840] 
	x304: [  0.1677,   0.3677] 
	x305: [ -1.7153,  -1.5153] 
	x306: [ -0.0440,   0.1560] 
	x307: [ -0.8057,  -0.6057] 
	x308: [  1.2801,   1.4801] 
	x309: [ -0.7597,  -0.5597] 
	x310: [  1.4300,   1.6300] 
	x311: [  0.8912,   1.0912] 
	x312: [  1.1935,   1.3935] 
	x313: [  0.6346,   0.8346] 
	x314: [ -0.4642,  -0.2642] 
	x315: [  0.1742,   0.3742] 
	x316: [  2.4771,   2.6771] 
	x317: [ -0.8880,  -0.6880] 
	x318: [ -1.3780,  -1.1780] 
	x319: [ -2.2715,  -2.0715] 
	x320: [  0.4765,   0.6765] 
	x321: [  0.1031,   0.3031] 
	x322: [ -0.5436,  -0.3436] 
	x323: [ -0.2011,  -0.0011] 
	x324: [  1.0975,   1.2975] 
	x325: [ -3.4836,  -3.2836] 
	x326: [  0.1449,   0.3449] 
	x327: [  1.7574,   1.9574] 
	x328: [  3.8546,   4.0546] 
	x329: [ -3.4883,  -3.2883] 
	x330: [ -0.9888,  -0.7888] 
	x331: [ -1.7053,  -1.5053] 
	x332: [ -1.2187,  -1.0187] 
	x333: [ -0.0383,   0.1617] 
	x334: [  0.6672,   0.8672] 
	x335: [  0.3861,   0.5861] 
	x336: [ -0.4433,  -0.2433] 
	x337: [ -1.5950,  -1.3950] 
	x338: [ -2.8486,  -2.6486] 
	x339: [  0.0210,   0.2210] 
	x340: [ -2.0074,  -1.8074] 
	x341: [ -0.0935,   0.1065] 
	x342: [ -0.4331,  -0.2331] 
	x343: [  2.0813,   2.2813] 
	x344: [ -0.8953,  -0.6953] 
	x345: [  0.3217,   0.5217] 
	x346: [ -1.7075,  -1.5075] 
	x347: [ -2.5922,  -2.3922] 
	x348: [ -0.2905,  -0.0905] 
	x349: [  1.3270,   1.5270] 
	x350: [ -1.7729,  -1.5729] 
	x351: [ -1.0126,  -0.8126] 
	x352: [ -1.1380,  -0.9380] 
	x353: [  0.1346,   0.3346] 
	x354: [ -1.0853,  -0.8853] 
	x355: [  0.0668,   0.2668] 
	x356: [ -0.1539,   0.0461] 
	x357: [ -0.1005,   0.0995] 
	x358: [  1.5448,   1.7448] 
	x359: [ -1.2670,  -1.0670] 
	x360: [  0.1451,   0.3451] 
	x361: [  0.3351,   0.5351] 
	x362: [ -2.4830,  -2.2830] 
	x363: [  1.2828,   1.4828] 
	x364: [ -0.0911,   0.1089] 
	x365: [ -1.9738,  -1.7738] 
	x366: [ -0.1717,   0.0283] 
	x367: [  2.9670,   3.1670] 
	x368: [  0.5148,   0.7148] 
	x369: [ -0.7011,  -0.5011] 
	x370: [ -0.1683,   0.0317] 
	x371: [  1.6228,   1.8228] 
	x372: [  1.0631,   1.2631] 
	x373: [  0.4143,   0.6143] 
	x374: [ -0.9136,  -0.7136] 
	x375: [ -0.1412,   0.0588] 
	x376: [  0.3445,   0.5445] 
	x377: [ -0.0205,   0.1795] 
	x378: [  1.2889,   1.4889] 
	x379: [  1.3366,   1.5366] 
	x380: [ -0.3005,  -0.1005] 
	x381: [ -1.1091,  -0.9091] 
	x382: [  0.8326,   1.0326] 
	x383: [  1.0834,   1.2834] 
	x384: [ -0.1589,   0.0411] 
	x385: [  0.9886,   1.1886] 
	x386: [ -2.9118,  -2.7118] 
	x387: [  1.0372,   1.2372] 
	x388: [  0.2108,   0.4108] 
	x389: [ -0.2000,   0.0000] 
	x390: [ -0.2014,  -0.0014] 
	x391: [  1.1993,   1.3993] 
	x392: [ -1.9391,  -1.7391] 
	x393: [  0.0417,   0.2417] 
	x394: [ -1.6158,  -1.4158] 
	x395: [ -1.1146,  -0.9146] 
	x396: [ -0.6254,  -0.4254] 
	x397: [ -0.3760,  -0.1760] 
	x398: [  0.9576,   1.1576] 
	x399: [ -0.9318,  -0.7318] 
	x400: [ -0.6106,  -0.4106] 
	x401: [  0.4705,   0.6705] 
	x402: [ -0.5226,  -0.3226] 
	x403: [ -1.5117,  -1.3117] 
	x404: [  1.8314,   2.0314] 
	x405: [ -0.4523,  -0.2523] 
	x406: [  0.7257,   0.9257] 
	x407: [ -1.6001,  -1.4001] 
	x408: [  0.3150,   0.5150] 
	x409: [  0.4054,   0.6054] 
	x410: [  0.0134,   0.2134] 
	x411: [ -1.0007,  -0.8007] 
	x412: [ -2.3382,  -2.1382] 
	x413: [ -1.1488,  -0.9488] 
	x414: [ -0.4261,  -0.2261] 
	x415: [ -1.0868,  -0.8868] 
	x416: [ -1.5659,  -1.3659] 
	x417: [ -1.3437,  -1.1437] 
	x418: [ -1.3922,  -1.1922] 
	x419: [  3.0882,   3.2882] 
	x420: [ -2.3087,  -2.1087] 
	x421: [ -1.8353,  -1.6353] 
	x422: [ -2.4715,  -2.2715] 
	x423: [  0.8690,   1.0690] 
	x424: [  0.5779,   0.7779] 
	x425: [ -1.9840,  -1.7840] 
	x426: [ -2.7120,  -2.5120] 
	x427: [ -2.2597,  -2.0597] 
	x428: [  2.0166,   2.2166] 
	x429: [  0.3648,   0.5648] 
	x430: [ -3.2786,  -3.0786] 
	x431: [ -0.7727,  -0.5727] 
	x432: [ -3.6099,  -3.4099] 
	x433: [  0.3035,   0.5035] 
	x434: [  1.7453,   1.9453] 
	x435: [  2.2447,   2.4447] 
	x436: [ -1.7945,  -1.5945] 
	x437: [  0.6756,   0.8756] 
	x438: [ -2.7213,  -2.5213] 
	x439: [ -1.1607,  -0.9607] 
	x440: [  0.1524,   0.3524] 
	x441: [ -0.5646,  -0.3646] 
	x442: [  2.1406,   2.3406] 
	x443: [ -1.0710,  -0.8710] 
	x444: [  0.6963,   0.8963] 
	x445: [  1.5790,   1.7790] 
	x446: [  1.8351,   2.0351] 
	x447: [  1.8476,   2.0476] 
	x448: [ -1.0863,  -0.8863] 
	x449: [ -1.3450,  -1.1450] 
	x450: [ -0.1669,   0.0331] 
	x451: [ -3.3359,  -3.1359] 
	x452: [ -0.7873,  -0.5873] 
	x453: [ -0.6842,  -0.4842] 
	x454: [  0.0218,   0.2218] 
	x455: [ -0.6707,  -0.4707] 
	x456: [  1.7154,   1.9154] 
	x457: [  0.5585,   0.7585] 
	x458: [  2.5094,   2.7094] 
	x459: [ -1.9542,  -1.7542] 
	x460: [  1.7180,   1.9180] 
	x461: [  2.7417,   2.9417] 
	x462: [ -0.9994,  -0.7994] 
	x463: [ -1.3332,  -1.1332] 
	x464: [  1.3352,   1.5352] 
	x465: [  1.0445,   1.2445] 
	x466: [ -0.1894,   0.0106] 
	x467: [ -4.6269,  -4.4269] 
	x468: [ -0.8513,  -0.6513] 
	x469: [ -0.7731,  -0.5731] 
	x470: [  1.4859,   1.6859] 
	x471: [  0.7350,   0.9350] 
	x472: [  1.6347,   1.8347] 
	x473: [  0.7104,   0.9104] 
	x474: [  0.4024,   0.6024] 
	x475: [ -0.2397,  -0.0397] 
	x476: [  0.4583,   0.6583] 
	x477: [ -0.6424,  -0.4424] 
	x478: [  0.0863,   0.2863] 
	x479: [  4.7693,   4.9693] 
	x480: [ -2.4616,  -2.2616] 
	x481: [  0.3122,   0.5122] 
	x482: [ -1.4422,  -1.2422] 
	x483: [ -1.3398,  -1.1398] 
	x484: [ -0.4449,  -0.2449] 
	x485: [ -0.9491,  -0.7491] 
	x486: [  0.1806,   0.3806] 
	x487: [  2.0916,   2.2916] 
	x488: [  0.2371,   0.4371] 
	x489: [ -1.1751,  -0.9751] 
	x490: [ -2.2705,  -2.0705] 
	x491: [  1.1609,   1.3609] 
	x492: [  0.9707,   1.1707] 
	x493: [  0.0066,   0.2066] 
	x494: [ -0.3267,  -0.1267] 
	x495: [ -1.6821,  -1.4821] 
	x496: [ -0.7363,  -0.5363] 
	x497: [  0.0128,   0.2128] 
	x498: [  1.3254,   1.5254] 
	x499: [ -1.9679,  -1.7679] 
	x500: [ -1.4887,  -1.2887] 
	x501: [ -0.5242,  -0.3242] 
	x502: [ -4.7513,  -4.5513] 
	x503: [ -0.7200,  -0.5200] 
	x504: [ -0.7191,  -0.5191] 
	x505: [  1.9387,   2.1387] 
	x506: [ -2.5307,  -2.3307] 
	x507: [ -0.8058,  -0.6058] 
	x508: [  1.1894,   1.3894] 
	x509: [  0.4533,   0.6533] 
	x510: [  0.2176,   0.4176] 
	x511: [  1.0178,   1.2178] 

Branching heuristics set to PseudoImpact

Engine::solve: Initial statistics

23:39:45 Statistics update:
	--- Time Statistics ---
	Total time elapsed: 509 milli (00:00:00)
		Main loop: 0 milli (00:00:00)
		Preprocessing time: 200 milli (00:00:00)
		Unknown: 308 milli (00:00:00)
	Breakdown for main loop:
		[0.00%] Simplex steps: 0 milli
		[0.00%] Explicit-basis bound tightening: 0 milli
		[0.00%] Constraint-matrix bound tightening: 0 milli
		[0.00%] Degradation checking: 0 milli
		[0.00%] Precision restoration: 0 milli
		[0.00%] Statistics handling: 0 milli
		[0.00%] Constraint-fixing steps: 0 milli
		[0.00%] Valid case splits: 0 milli. Average per split: 0.00 milli
		[0.00%] Applying stored bound-tightening: 0 milli
		[0.00%] SMT core: 0 milli
		[0.00%] Symbolic Bound Tightening: 12 milli
		[0.00%] SoI-based local search: 0 milli
		[0.00%] SoI-based local search: 0 milli
		[0.00%] Unaccounted for: 0 milli
	--- Preprocessor Statistics ---
	Number of preprocessor bound-tightening loop iterations: 3
	Number of eliminated variables: 125
	Number of constraints removed due to variable elimination: 125
	Number of equations removed due to variable elimination: 0
	--- Engine Statistics ---
	Number of main loop iterations: 1
		0 iterations were simplex steps. Total time: 0 milli. Average: 0.00 milli.
		0 iterations were constraint-fixing steps. Total time: 0 milli. Average: 0.00 milli
	Number of active piecewise-linear constraints: 131 / 131
		Constraints disabled by valid splits: 0. By SMT-originated splits: 0
	Last reported degradation: 0.0000000000. Max degradation so far: 0.0000000000. Restorations so far: 0
	Number of simplex pivots we attempted to skip because of instability: 0.
	Unstable pivots performed anyway: 0
	--- Tableau Statistics ---
	Total number of pivots performed: 0
		Real pivots: 0. Degenerate: 0 (0.00%)
		Degenerate pivots by request (e.g., to fix a PL constraint): 0 (0.00%)
		Average time per pivot: 0.00 milli
	Total number of fake pivots performed: 0
	Total number of rows added: 0. Number of merged columns: 0
	Current tableau dimensions: M = 705, N = 2053
	--- SMT Core Statistics ---
	Total depth is 0. Total visited states: 1. Number of splits: 0. Number of pops: 0
	Max stack depth: 0
	--- Bound Tightening Statistics ---
	Number of tightened bounds: 0.
		Number of rows examined by row tightener: 0. Consequent tightenings: 0
		Number of explicit basis matrices examined by row tightener: 0. Consequent tightenings: 0
		Number of bound tightening rounds on the entire constraint matrix: 0. Consequent tightenings: 0
		Number of bound notifications sent to PL constraints: 786. Tightenings proposed: 0
	--- Basis Factorization statistics ---
	Number of basis refactorizations: 2
	--- Projected Steepest Edge Statistics ---
	Number of iterations: 0.
	Number of resets to reference space: 1. Avg. iterations per reset: 0
	--- SBT ---
	Number of tightened bounds: 385
	--- SoI-based local search ---
	Number of proposed phase pattern update: 0. Number of accepted update: 0 [0.00%]
	Total time (% of local search time) updating SoI phase pattern : 0 milli [0.00%]
	Total time obtaining current assignment: 0 milli [0.00%]
	Total time getting SoI phase pattern : 0 milli [0.00%]
	--- Context dependent statistics ---
	Number of pushes / pops: 0 / 0
		[0.00%] Pre-Push hook: 0 milli
		[0.00%] Push : 0 milli
		[0.00%] Post-Pop hook: 0 milli
		[0.00%] Pop : 0 milli
		[0.00%] Total context-switching time: 0 milli
	--- Proof Certificate ---
	Number of certified leaves: 0
	Number of leaves to delegate: 0

---

Engine::solve: unsat query

23:39:48 Statistics update:
	--- Time Statistics ---
	Total time elapsed: 3523 milli (00:00:03)
		Main loop: 3013 milli (00:00:03)
		Preprocessing time: 200 milli (00:00:00)
		Unknown: 308 milli (00:00:00)
	Breakdown for main loop:
		[53.73%] Simplex steps: 1619 milli
		[38.97%] Explicit-basis bound tightening: 1174 milli
		[0.00%] Constraint-matrix bound tightening: 0 milli
		[1.16%] Degradation checking: 34 milli
		[0.00%] Precision restoration: 0 milli
		[0.06%] Statistics handling: 1 milli
		[0.00%] Constraint-fixing steps: 0 milli
		[0.00%] Valid case splits: 0 milli. Average per split: 0.00 milli
		[0.00%] Applying stored bound-tightening: 0 milli
		[0.35%] SMT core: 10 milli
		[5.47%] Symbolic Bound Tightening: 164 milli
		[26.65%] SoI-based local search: 803 milli
		[0.00%] SoI-based local search: 0 milli
		[0.26%] Unaccounted for: 7 milli
	--- Preprocessor Statistics ---
	Number of preprocessor bound-tightening loop iterations: 3
	Number of eliminated variables: 125
	Number of constraints removed due to variable elimination: 125
	Number of equations removed due to variable elimination: 0
	--- Engine Statistics ---
	Number of main loop iterations: 1745
		1716 iterations were simplex steps. Total time: 1619 milli. Average: 0.94 milli.
		0 iterations were constraint-fixing steps. Total time: 0 milli. Average: 0.00 milli
	Number of active piecewise-linear constraints: 129 / 131
		Constraints disabled by valid splits: 0. By SMT-originated splits: 2
	Last reported degradation: 0.0000000451. Max degradation so far: 0.0000011448. Restorations so far: 0
	Number of simplex pivots we attempted to skip because of instability: 0.
	Unstable pivots performed anyway: 0
	--- Tableau Statistics ---
	Total number of pivots performed: 934
		Real pivots: 932. Degenerate: 2 (0.21%)
		Degenerate pivots by request (e.g., to fix a PL constraint): 0 (0.00%)
		Average time per pivot: 0.21 milli
	Total number of fake pivots performed: 700
	Total number of rows added: 0. Number of merged columns: 0
	Current tableau dimensions: M = 705, N = 2053
	--- SMT Core Statistics ---
	Total depth is 2. Total visited states: 20. Number of splits: 9. Number of pops: 10
	Max stack depth: 5
	--- Bound Tightening Statistics ---
	Number of tightened bounds: 3123.
		Number of rows examined by row tightener: 934. Consequent tightenings: 7
		Number of explicit basis matrices examined by row tightener: 5. Consequent tightenings: 280
		Number of bound tightening rounds on the entire constraint matrix: 0. Consequent tightenings: 0
		Number of bound notifications sent to PL constraints: 1595. Tightenings proposed: 0
	--- Basis Factorization statistics ---
	Number of basis refactorizations: 7
	--- Projected Steepest Edge Statistics ---
	Number of iterations: 1634.
	Number of resets to reference space: 10. Avg. iterations per reset: 163
	--- SBT ---
	Number of tightened bounds: 3508
	--- SoI-based local search ---
	Number of proposed phase pattern update: 32. Number of accepted update: 23 [71.88%]
	Total time (% of local search time) updating SoI phase pattern : 2983 milli [0.37%]
	Total time obtaining current assignment: 7114 milli [0.89%]
	Total time getting SoI phase pattern : 1743 milli [0.06%]
	--- Context dependent statistics ---
	Number of pushes / pops: 18 / 18
		[0.02%] Pre-Push hook: 0 milli
		[0.00%] Push : 0 milli
		[0.02%] Post-Pop hook: 0 milli
		[0.01%] Pop : 0 milli
		[0.05%] Total context-switching time: 1 milli
	--- Proof Certificate ---
	Number of certified leaves: 0
	Number of leaves to delegate: 0
unsat
