InputQuery: /home/levn/Workspace/othello_world/queries/probe_prove_head_robust/game_2_target_27_eps_0.05.txt
Engine::processInputQuery: Input query (before preprocessing): 637 equations, 1277 variables
Engine::processInputQuery: Input query (after preprocessing): 893 equations, 1487 variables

Input bounds:
	x0: [  0.8785,   0.9785] 
	x1: [ -1.1524,  -1.0524] 
	x2: [ -1.3827,  -1.2827] 
	x3: [ -2.5963,  -2.4963] 
	x4: [ -0.9172,  -0.8172] 
	x5: [ -1.9480,  -1.8480] 
	x6: [ -0.7125,  -0.6125] 
	x7: [  2.0603,   2.1603] 
	x8: [ -0.6450,  -0.5450] 
	x9: [ -1.4058,  -1.3058] 
	x10: [ -0.1284,  -0.0284] 
	x11: [ -1.9472,  -1.8472] 
	x12: [ -0.3523,  -0.2523] 
	x13: [  0.9007,   1.0007] 
	x14: [ -2.6928,  -2.5928] 
	x15: [  0.2607,   0.3607] 
	x16: [  3.3236,   3.4236] 
	x17: [ -3.1235,  -3.0235] 
	x18: [ -0.1657,  -0.0657] 
	x19: [  2.1367,   2.2367] 
	x20: [ -0.4988,  -0.3988] 
	x21: [  0.5946,   0.6946] 
	x22: [  1.2947,   1.3947] 
	x23: [ -1.6665,  -1.5665] 
	x24: [  1.6774,   1.7774] 
	x25: [  0.8040,   0.9040] 
	x26: [ -0.1571,  -0.0571] 
	x27: [ -1.3841,  -1.2841] 
	x28: [  0.5446,   0.6446] 
	x29: [  0.4539,   0.5539] 
	x30: [ -0.8753,  -0.7753] 
	x31: [  1.0882,   1.1882] 
	x32: [ -1.6609,  -1.5609] 
	x33: [  0.6282,   0.7282] 
	x34: [  0.1236,   0.2236] 
	x35: [ -1.1129,  -1.0129] 
	x36: [  1.3698,   1.4698] 
	x37: [  2.0275,   2.1275] 
	x38: [  3.3741,   3.4741] 
	x39: [ -1.9245,  -1.8245] 
	x40: [  0.0584,   0.1584] 
	x41: [ -1.1172,  -1.0172] 
	x42: [ -2.1137,  -2.0137] 
	x43: [ -0.0591,   0.0409] 
	x44: [  1.0486,   1.1486] 
	x45: [ -1.0506,  -0.9506] 
	x46: [  1.6793,   1.7793] 
	x47: [ -0.8254,  -0.7254] 
	x48: [ -0.1434,  -0.0434] 
	x49: [ -1.2521,  -1.1521] 
	x50: [  1.4258,   1.5258] 
	x51: [ -0.3395,  -0.2395] 
	x52: [  0.4651,   0.5651] 
	x53: [ -3.5983,  -3.4983] 
	x54: [  1.7012,   1.8012] 
	x55: [ -3.5109,  -3.4109] 
	x56: [  2.2351,   2.3351] 
	x57: [ -0.3269,  -0.2269] 
	x58: [  0.6951,   0.7951] 
	x59: [  3.7664,   3.8664] 
	x60: [  1.7373,   1.8373] 
	x61: [  1.1883,   1.2883] 
	x62: [  0.4895,   0.5895] 
	x63: [ -0.2311,  -0.1311] 
	x64: [  0.7502,   0.8502] 
	x65: [ -1.9354,  -1.8354] 
	x66: [ -0.9085,  -0.8085] 
	x67: [  2.7175,   2.8175] 
	x68: [ -0.0564,   0.0436] 
	x69: [  0.4585,   0.5585] 
	x70: [ -0.3333,  -0.2333] 
	x71: [ -0.5859,  -0.4859] 
	x72: [  0.5121,   0.6121] 
	x73: [ -1.3919,  -1.2919] 
	x74: [ -2.7156,  -2.6156] 
	x75: [  2.3028,   2.4028] 
	x76: [  0.6771,   0.7771] 
	x77: [  0.3579,   0.4579] 
	x78: [ -0.4440,  -0.3440] 
	x79: [  0.1384,   0.2384] 
	x80: [ -0.4344,  -0.3344] 
	x81: [  0.3829,   0.4829] 
	x82: [  1.1636,   1.2636] 
	x83: [ -0.9109,  -0.8109] 
	x84: [ -1.1216,  -1.0216] 
	x85: [  0.3702,   0.4702] 
	x86: [  1.1494,   1.2494] 
	x87: [  3.9492,   4.0492] 
	x88: [  0.7997,   0.8997] 
	x89: [  0.9645,   1.0645] 
	x90: [ -1.6215,  -1.5215] 
	x91: [ -1.5817,  -1.4817] 
	x92: [  0.4275,   0.5275] 
	x93: [ -0.7230,  -0.6230] 
	x94: [ -0.8487,  -0.7487] 
	x95: [ -1.8840,  -1.7840] 
	x96: [ -0.1341,  -0.0341] 
	x97: [ -1.1128,  -1.0128] 
	x98: [  3.7587,   3.8587] 
	x99: [ -0.1202,  -0.0202] 
	x100: [ -0.4575,  -0.3575] 
	x101: [ -1.7971,  -1.6971] 
	x102: [  1.6169,   1.7169] 
	x103: [ -2.9878,  -2.8878] 
	x104: [ -0.8559,  -0.7559] 
	x105: [ -1.4979,  -1.3979] 
	x106: [ -2.4844,  -2.3844] 
	x107: [  1.5690,   1.6690] 
	x108: [ -0.6595,  -0.5595] 
	x109: [ -4.0658,  -3.9658] 
	x110: [  0.9446,   1.0446] 
	x111: [ -0.3620,  -0.2620] 
	x112: [ -0.6455,  -0.5455] 
	x113: [  0.2161,   0.3161] 
	x114: [ -0.9723,  -0.8723] 
	x115: [ -1.7599,  -1.6599] 
	x116: [ -1.0383,  -0.9383] 
	x117: [  1.2170,   1.3170] 
	x118: [  0.7515,   0.8515] 
	x119: [  0.3721,   0.4721] 
	x120: [ -0.3311,  -0.2311] 
	x121: [  2.6141,   2.7141] 
	x122: [  2.6659,   2.7659] 
	x123: [ -0.1816,  -0.0816] 
	x124: [ -0.1797,  -0.0797] 
	x125: [ -4.0220,  -3.9220] 
	x126: [  0.5037,   0.6037] 
	x127: [  2.3399,   2.4399] 
	x128: [  0.2405,   0.3405] 
	x129: [  1.4687,   1.5687] 
	x130: [ -0.1848,  -0.0848] 
	x131: [  0.5242,   0.6242] 
	x132: [  2.3226,   2.4226] 
	x133: [  0.8546,   0.9546] 
	x134: [  1.7306,   1.8306] 
	x135: [ -0.7172,  -0.6172] 
	x136: [ -1.4082,  -1.3082] 
	x137: [  0.4935,   0.5935] 
	x138: [ -0.6039,  -0.5039] 
	x139: [  0.9192,   1.0192] 
	x140: [  3.0646,   3.1646] 
	x141: [ -0.2441,  -0.1441] 
	x142: [  1.6676,   1.7676] 
	x143: [ -1.6861,  -1.5861] 
	x144: [  0.9625,   1.0625] 
	x145: [ -0.7822,  -0.6822] 
	x146: [ -0.4856,  -0.3856] 
	x147: [  0.1465,   0.2465] 
	x148: [ -0.5391,  -0.4391] 
	x149: [  1.0468,   1.1468] 
	x150: [ -2.7175,  -2.6175] 
	x151: [  0.7718,   0.8718] 
	x152: [  0.2264,   0.3264] 
	x153: [  0.5852,   0.6852] 
	x154: [  0.1263,   0.2263] 
	x155: [ -2.4611,  -2.3611] 
	x156: [ -1.6164,  -1.5164] 
	x157: [ -0.6927,  -0.5927] 
	x158: [ -0.2926,  -0.1926] 
	x159: [ -2.0279,  -1.9279] 
	x160: [  1.5912,   1.6912] 
	x161: [ -0.5066,  -0.4066] 
	x162: [  2.8214,   2.9214] 
	x163: [  0.4675,   0.5675] 
	x164: [ -0.1701,  -0.0701] 
	x165: [ -0.2977,  -0.1977] 
	x166: [  2.3813,   2.4813] 
	x167: [  3.0038,   3.1038] 
	x168: [ -4.6832,  -4.5832] 
	x169: [ -0.2131,  -0.1131] 
	x170: [ -0.8678,  -0.7678] 
	x171: [  0.7927,   0.8927] 
	x172: [  1.0381,   1.1381] 
	x173: [  2.0544,   2.1544] 
	x174: [ -0.9253,  -0.8253] 
	x175: [  0.1522,   0.2522] 
	x176: [  2.4679,   2.5679] 
	x177: [  1.7885,   1.8885] 
	x178: [  0.2052,   0.3052] 
	x179: [  1.6748,   1.7748] 
	x180: [ -2.7908,  -2.6908] 
	x181: [  0.3253,   0.4253] 
	x182: [ -0.1076,  -0.0076] 
	x183: [ -2.4854,  -2.3854] 
	x184: [  0.8185,   0.9185] 
	x185: [ -2.7841,  -2.6841] 
	x186: [ -0.3659,  -0.2659] 
	x187: [  0.2403,   0.3403] 
	x188: [ -1.2433,  -1.1433] 
	x189: [  0.0425,   0.1425] 
	x190: [ -0.3346,  -0.2346] 
	x191: [  1.7998,   1.8998] 
	x192: [ -0.3206,  -0.2206] 
	x193: [  1.9998,   2.0998] 
	x194: [  2.4994,   2.5994] 
	x195: [  0.1650,   0.2650] 
	x196: [ -1.6730,  -1.5730] 
	x197: [  1.4234,   1.5234] 
	x198: [  0.8485,   0.9485] 
	x199: [  0.0875,   0.1875] 
	x200: [ -2.9592,  -2.8592] 
	x201: [  0.6328,   0.7328] 
	x202: [ -1.4385,  -1.3385] 
	x203: [ -0.7277,  -0.6277] 
	x204: [  0.5061,   0.6061] 
	x205: [ -2.6775,  -2.5775] 
	x206: [  0.2180,   0.3180] 
	x207: [ -0.0467,   0.0533] 
	x208: [  2.2145,   2.3145] 
	x209: [  2.2127,   2.3127] 
	x210: [  0.5865,   0.6865] 
	x211: [  1.3015,   1.4015] 
	x212: [ -1.6728,  -1.5728] 
	x213: [ -0.3940,  -0.2940] 
	x214: [  0.4760,   0.5760] 
	x215: [ -0.0054,   0.0946] 
	x216: [  1.3312,   1.4312] 
	x217: [  0.4445,   0.5445] 
	x218: [  0.9765,   1.0765] 
	x219: [ -0.7703,  -0.6703] 
	x220: [  1.5674,   1.6674] 
	x221: [  0.0215,   0.1215] 
	x222: [ -0.6953,  -0.5953] 
	x223: [ -0.4847,  -0.3847] 
	x224: [  2.4279,   2.5279] 
	x225: [ -0.1419,  -0.0419] 
	x226: [  3.7950,   3.8950] 
	x227: [ -0.7707,  -0.6707] 
	x228: [  2.4758,   2.5758] 
	x229: [  1.5377,   1.6377] 
	x230: [  0.2023,   0.3023] 
	x231: [ -0.3341,  -0.2341] 
	x232: [ -1.1007,  -1.0007] 
	x233: [ -1.3751,  -1.2751] 
	x234: [  0.6457,   0.7457] 
	x235: [ -2.5684,  -2.4684] 
	x236: [ -2.0572,  -1.9572] 
	x237: [ -0.1557,  -0.0557] 
	x238: [  0.7629,   0.8629] 
	x239: [  9.8186,   9.9186] 
	x240: [ -1.8107,  -1.7107] 
	x241: [ -0.2905,  -0.1905] 
	x242: [  0.5369,   0.6369] 
	x243: [ -1.9199,  -1.8199] 
	x244: [ -0.8770,  -0.7770] 
	x245: [  0.6434,   0.7434] 
	x246: [ -3.0820,  -2.9820] 
	x247: [  1.2589,   1.3589] 
	x248: [ -0.8603,  -0.7603] 
	x249: [ -1.7255,  -1.6255] 
	x250: [ -0.3730,  -0.2730] 
	x251: [  0.2753,   0.3753] 
	x252: [ -0.7840,  -0.6840] 
	x253: [  0.6121,   0.7121] 
	x254: [ -1.7386,  -1.6386] 
	x255: [ -1.4105,  -1.3105] 
	x256: [ -1.6391,  -1.5391] 
	x257: [  1.9262,   2.0262] 
	x258: [ -2.8603,  -2.7603] 
	x259: [  0.9742,   1.0742] 
	x260: [ -2.0333,  -1.9333] 
	x261: [ -2.6785,  -2.5785] 
	x262: [  0.4142,   0.5142] 
	x263: [  1.3364,   1.4364] 
	x264: [ -1.6377,  -1.5377] 
	x265: [ -1.0744,  -0.9744] 
	x266: [ -1.2268,  -1.1268] 
	x267: [  0.8732,   0.9732] 
	x268: [  2.6239,   2.7239] 
	x269: [ -0.2856,  -0.1856] 
	x270: [ -1.0608,  -0.9608] 
	x271: [  0.6622,   0.7622] 
	x272: [  1.2043,   1.3043] 
	x273: [  0.9982,   1.0982] 
	x274: [  2.4909,   2.5909] 
	x275: [  2.5368,   2.6368] 
	x276: [ -0.3247,  -0.2247] 
	x277: [  1.8047,   1.9047] 
	x278: [ -3.0614,  -2.9614] 
	x279: [  1.5297,   1.6297] 
	x280: [  2.5435,   2.6435] 
	x281: [  0.7388,   0.8388] 
	x282: [  1.1071,   1.2071] 
	x283: [ -0.5305,  -0.4305] 
	x284: [ -0.5653,  -0.4653] 
	x285: [ -0.4936,  -0.3936] 
	x286: [ -2.0998,  -1.9998] 
	x287: [  0.5017,   0.6017] 
	x288: [  1.0393,   1.1393] 
	x289: [  0.9257,   1.0257] 
	x290: [ -0.4397,  -0.3397] 
	x291: [  1.1123,   1.2123] 
	x292: [  1.3338,   1.4338] 
	x293: [  0.3534,   0.4534] 
	x294: [  0.9800,   1.0800] 
	x295: [  0.3662,   0.4662] 
	x296: [ -0.3906,  -0.2906] 
	x297: [ -0.3938,  -0.2938] 
	x298: [-11.1513, -11.0513] 
	x299: [  3.1441,   3.2441] 
	x300: [  1.6036,   1.7036] 
	x301: [ -1.3836,  -1.2836] 
	x302: [ -1.7342,  -1.6342] 
	x303: [ -0.2525,  -0.1525] 
	x304: [ -1.0320,  -0.9320] 
	x305: [ -1.3228,  -1.2228] 
	x306: [  4.0531,   4.1531] 
	x307: [ -2.7827,  -2.6827] 
	x308: [  0.9011,   1.0011] 
	x309: [  0.4072,   0.5072] 
	x310: [  0.8826,   0.9826] 
	x311: [  3.1697,   3.2697] 
	x312: [ -2.7287,  -2.6287] 
	x313: [ -0.9111,  -0.8111] 
	x314: [ -0.4044,  -0.3044] 
	x315: [ -0.1054,  -0.0054] 
	x316: [  1.9059,   2.0059] 
	x317: [  0.0754,   0.1754] 
	x318: [  1.4218,   1.5218] 
	x319: [ -2.8045,  -2.7045] 
	x320: [  1.1115,   1.2115] 
	x321: [ -1.8387,  -1.7387] 
	x322: [  0.2291,   0.3291] 
	x323: [  1.0567,   1.1567] 
	x324: [ -0.0683,   0.0317] 
	x325: [  0.0750,   0.1750] 
	x326: [  0.6217,   0.7217] 
	x327: [ -0.6802,  -0.5802] 
	x328: [  2.1793,   2.2793] 
	x329: [  0.0944,   0.1944] 
	x330: [ -0.8216,  -0.7216] 
	x331: [  0.8280,   0.9280] 
	x332: [ -1.2581,  -1.1581] 
	x333: [  2.7385,   2.8385] 
	x334: [  0.2156,   0.3156] 
	x335: [  0.5851,   0.6851] 
	x336: [ -1.0272,  -0.9272] 
	x337: [ -1.7717,  -1.6717] 
	x338: [ -0.7936,  -0.6936] 
	x339: [ -0.3281,  -0.2281] 
	x340: [  1.0278,   1.1278] 
	x341: [  0.3046,   0.4046] 
	x342: [  1.4379,   1.5379] 
	x343: [  0.0634,   0.1634] 
	x344: [  3.0173,   3.1173] 
	x345: [ -1.9505,  -1.8505] 
	x346: [  0.5117,   0.6117] 
	x347: [ -0.8014,  -0.7014] 
	x348: [  1.1311,   1.2311] 
	x349: [  1.9654,   2.0654] 
	x350: [  1.9713,   2.0713] 
	x351: [ -0.6771,  -0.5771] 
	x352: [  1.5553,   1.6553] 
	x353: [ -2.3711,  -2.2711] 
	x354: [  1.6001,   1.7001] 
	x355: [ -0.8308,  -0.7308] 
	x356: [ -1.0466,  -0.9466] 
	x357: [  2.5808,   2.6808] 
	x358: [ -0.1759,  -0.0759] 
	x359: [  1.8000,   1.9000] 
	x360: [  0.8162,   0.9162] 
	x361: [  0.4729,   0.5729] 
	x362: [ -3.2384,  -3.1384] 
	x363: [  0.0911,   0.1911] 
	x364: [ -2.1990,  -2.0990] 
	x365: [ -0.6973,  -0.5973] 
	x366: [ -1.1290,  -1.0290] 
	x367: [  1.6645,   1.7645] 
	x368: [ -3.9277,  -3.8277] 
	x369: [ -0.0921,   0.0079] 
	x370: [ -0.8593,  -0.7593] 
	x371: [  0.5155,   0.6155] 
	x372: [  0.1652,   0.2652] 
	x373: [ -0.8554,  -0.7554] 
	x374: [ -0.3391,  -0.2391] 
	x375: [ -1.4600,  -1.3600] 
	x376: [ -1.1779,  -1.0779] 
	x377: [ -1.1755,  -1.0755] 
	x378: [  3.2493,   3.3493] 
	x379: [ -2.0906,  -1.9906] 
	x380: [  3.2099,   3.3099] 
	x381: [ -0.0802,   0.0198] 
	x382: [ -1.2010,  -1.1010] 
	x383: [  0.4589,   0.5589] 
	x384: [ -0.1907,  -0.0907] 
	x385: [ -0.4862,  -0.3862] 
	x386: [ -3.5549,  -3.4549] 
	x387: [  0.5173,   0.6173] 
	x388: [  1.4057,   1.5057] 
	x389: [ -0.0355,   0.0645] 
	x390: [ -0.3396,  -0.2396] 
	x391: [ -0.9735,  -0.8735] 
	x392: [  1.8041,   1.9041] 
	x393: [ -1.0691,  -0.9691] 
	x394: [ -0.4990,  -0.3990] 
	x395: [ -2.9661,  -2.8661] 
	x396: [  1.2893,   1.3893] 
	x397: [  0.0466,   0.1466] 
	x398: [  0.7983,   0.8983] 
	x399: [  0.8159,   0.9159] 
	x400: [  1.1678,   1.2678] 
	x401: [  1.6399,   1.7399] 
	x402: [  1.4300,   1.5300] 
	x403: [ -1.7170,  -1.6170] 
	x404: [ -0.0882,   0.0118] 
	x405: [  0.1928,   0.2928] 
	x406: [  1.0892,   1.1892] 
	x407: [  1.1982,   1.2982] 
	x408: [ -1.2234,  -1.1234] 
	x409: [  0.3466,   0.4466] 
	x410: [  1.1621,   1.2621] 
	x411: [  0.8724,   0.9724] 
	x412: [  2.6688,   2.7688] 
	x413: [  2.0979,   2.1979] 
	x414: [ -1.9121,  -1.8121] 
	x415: [ -0.0585,   0.0415] 
	x416: [  1.2525,   1.3525] 
	x417: [ -1.0893,  -0.9893] 
	x418: [ -1.0926,  -0.9926] 
	x419: [ -2.0429,  -1.9429] 
	x420: [ -0.3165,  -0.2165] 
	x421: [ -2.0715,  -1.9715] 
	x422: [ -0.3958,  -0.2958] 
	x423: [ -0.1498,  -0.0498] 
	x424: [  2.3620,   2.4620] 
	x425: [ -2.1588,  -2.0588] 
	x426: [ -6.4282,  -6.3282] 
	x427: [ -2.5920,  -2.4920] 
	x428: [ -0.6859,  -0.5859] 
	x429: [  0.0305,   0.1305] 
	x430: [ -0.5090,  -0.4090] 
	x431: [ -1.3744,  -1.2744] 
	x432: [  0.1497,   0.2497] 
	x433: [  0.9871,   1.0871] 
	x434: [  1.9224,   2.0224] 
	x435: [ -0.1108,  -0.0108] 
	x436: [  0.0311,   0.1311] 
	x437: [ -0.8610,  -0.7610] 
	x438: [ -1.1783,  -1.0783] 
	x439: [ -1.2813,  -1.1813] 
	x440: [ -3.2989,  -3.1989] 
	x441: [ -1.6484,  -1.5484] 
	x442: [ -2.0547,  -1.9547] 
	x443: [ -0.3665,  -0.2665] 
	x444: [  0.7598,   0.8598] 
	x445: [  3.3407,   3.4407] 
	x446: [ -1.9867,  -1.8867] 
	x447: [ -1.0348,  -0.9348] 
	x448: [ -2.6331,  -2.5331] 
	x449: [ -0.4958,  -0.3958] 
	x450: [ -1.4028,  -1.3028] 
	x451: [ -0.5856,  -0.4856] 
	x452: [ -0.5512,  -0.4512] 
	x453: [ -0.1903,  -0.0903] 
	x454: [ -1.0863,  -0.9863] 
	x455: [ -1.7579,  -1.6579] 
	x456: [ -0.2895,  -0.1895] 
	x457: [ -0.3096,  -0.2096] 
	x458: [ -0.0183,   0.0817] 
	x459: [  0.2704,   0.3704] 
	x460: [ -0.1291,  -0.0291] 
	x461: [  0.2469,   0.3469] 
	x462: [ -0.8632,  -0.7632] 
	x463: [ -1.7629,  -1.6629] 
	x464: [ -1.3233,  -1.2233] 
	x465: [ -1.1328,  -1.0328] 
	x466: [  0.6108,   0.7108] 
	x467: [ -1.6353,  -1.5353] 
	x468: [  0.9391,   1.0391] 
	x469: [  0.2994,   0.3994] 
	x470: [ -0.6179,  -0.5179] 
	x471: [ -1.8767,  -1.7767] 
	x472: [  0.3652,   0.4652] 
	x473: [ -1.0038,  -0.9038] 
	x474: [ -2.1359,  -2.0359] 
	x475: [ -1.8552,  -1.7552] 
	x476: [  0.4258,   0.5258] 
	x477: [ -0.4573,  -0.3573] 
	x478: [  1.1462,   1.2462] 
	x479: [ -0.0131,   0.0869] 
	x480: [  1.4059,   1.5059] 
	x481: [ -0.8539,  -0.7539] 
	x482: [ -0.8911,  -0.7911] 
	x483: [ -1.5864,  -1.4864] 
	x484: [ -0.5397,  -0.4397] 
	x485: [  1.4666,   1.5666] 
	x486: [  3.5729,   3.6729] 
	x487: [  0.5744,   0.6744] 
	x488: [ -0.5952,  -0.4952] 
	x489: [ -0.0560,   0.0440] 
	x490: [ -0.3746,  -0.2746] 
	x491: [ -0.6713,  -0.5713] 
	x492: [ -0.1788,  -0.0788] 
	x493: [ -1.2306,  -1.1306] 
	x494: [ -1.4576,  -1.3576] 
	x495: [  1.1950,   1.2950] 
	x496: [ -0.4928,  -0.3928] 
	x497: [ -0.1084,  -0.0084] 
	x498: [ -0.7760,  -0.6760] 
	x499: [ -0.3417,  -0.2417] 
	x500: [  0.5040,   0.6040] 
	x501: [  0.5273,   0.6273] 
	x502: [ -2.4688,  -2.3688] 
	x503: [ -0.0701,   0.0299] 
	x504: [  1.6776,   1.7776] 
	x505: [  1.4143,   1.5143] 
	x506: [ -2.0722,  -1.9722] 
	x507: [  2.1167,   2.2167] 
	x508: [ -1.9304,  -1.8304] 
	x509: [ -0.3703,  -0.2703] 
	x510: [ -0.3303,  -0.2303] 
	x511: [ -0.3893,  -0.2893] 

Branching heuristics set to PseudoImpact

Engine::solve: Initial statistics

19:58:44 Statistics update:
	--- Time Statistics ---
	Total time elapsed: 1778 milli (00:00:01)
		Main loop: 0 milli (00:00:00)
		Preprocessing time: 889 milli (00:00:00)
		Unknown: 889 milli (00:00:00)
	Breakdown for main loop:
		[0.00%] Simplex steps: 0 milli
		[0.00%] Explicit-basis bound tightening: 0 milli
		[0.00%] Constraint-matrix bound tightening: 0 milli
		[0.00%] Degradation checking: 0 milli
		[0.00%] Precision restoration: 0 milli
		[0.00%] Statistics handling: 0 milli
		[0.00%] Constraint-fixing steps: 0 milli
		[0.00%] Valid case splits: 0 milli. Average per split: 0.00 milli
		[0.00%] Applying stored bound-tightening: 0 milli
		[0.00%] SMT core: 0 milli
		[0.00%] Symbolic Bound Tightening: 43 milli
		[0.00%] SoI-based local search: 0 milli
		[0.00%] SoI-based local search: 0 milli
		[0.00%] Unaccounted for: 0 milli
	--- Preprocessor Statistics ---
	Number of preprocessor bound-tightening loop iterations: 3
	Number of eliminated variables: 174
	Number of constraints removed due to variable elimination: 174
	Number of equations removed due to variable elimination: 0
	--- Engine Statistics ---
	Number of main loop iterations: 1
		0 iterations were simplex steps. Total time: 0 milli. Average: 0.00 milli.
		0 iterations were constraint-fixing steps. Total time: 0 milli. Average: 0.00 milli
	Number of active piecewise-linear constraints: 82 / 82
		Constraints disabled by valid splits: 0. By SMT-originated splits: 0
	Last reported degradation: 0.0000000000. Max degradation so far: 0.0000000000. Restorations so far: 0
	Number of simplex pivots we attempted to skip because of instability: 0.
	Unstable pivots performed anyway: 0
	--- Tableau Statistics ---
	Total number of pivots performed: 0
		Real pivots: 0. Degenerate: 0 (0.00%)
		Degenerate pivots by request (e.g., to fix a PL constraint): 0 (0.00%)
		Average time per pivot: 0.00 milli
	Total number of fake pivots performed: 0
	Total number of rows added: 0. Number of merged columns: 0
	Current tableau dimensions: M = 893, N = 2380
	--- SMT Core Statistics ---
	Total depth is 0. Total visited states: 1. Number of splits: 0. Number of pops: 0
	Max stack depth: 0
	--- Bound Tightening Statistics ---
	Number of tightened bounds: 0.
		Number of rows examined by row tightener: 0. Consequent tightenings: 0
		Number of explicit basis matrices examined by row tightener: 0. Consequent tightenings: 0
		Number of bound tightening rounds on the entire constraint matrix: 0. Consequent tightenings: 0
		Number of bound notifications sent to PL constraints: 492. Tightenings proposed: 0
	--- Basis Factorization statistics ---
	Number of basis refactorizations: 2
	--- Projected Steepest Edge Statistics ---
	Number of iterations: 0.
	Number of resets to reference space: 1. Avg. iterations per reset: 0
	--- SBT ---
	Number of tightened bounds: 630
	--- SoI-based local search ---
	Number of proposed phase pattern update: 0. Number of accepted update: 0 [0.00%]
	Total time (% of local search time) updating SoI phase pattern : 0 milli [0.00%]
	Total time obtaining current assignment: 0 milli [0.00%]
	Total time getting SoI phase pattern : 0 milli [0.00%]
	--- Context dependent statistics ---
	Number of pushes / pops: 0 / 0
		[0.00%] Pre-Push hook: 0 milli
		[0.00%] Push : 0 milli
		[0.00%] Post-Pop hook: 0 milli
		[0.00%] Pop : 0 milli
		[0.00%] Total context-switching time: 0 milli
	--- Proof Certificate ---
	Number of certified leaves: 0
	Number of leaves to delegate: 0

---
Before declaring sat, recomputing...

Engine::solve: sat assignment found

19:58:49 Statistics update:
	--- Time Statistics ---
	Total time elapsed: 6985 milli (00:00:06)
		Main loop: 5207 milli (00:00:05)
		Preprocessing time: 889 milli (00:00:00)
		Unknown: 889 milli (00:00:00)
	Breakdown for main loop:
		[47.09%] Simplex steps: 2452 milli
		[51.36%] Explicit-basis bound tightening: 2674 milli
		[0.00%] Constraint-matrix bound tightening: 0 milli
		[0.29%] Degradation checking: 14 milli
		[0.00%] Precision restoration: 0 milli
		[0.11%] Statistics handling: 5 milli
		[0.00%] Constraint-fixing steps: 0 milli
		[0.00%] Valid case splits: 0 milli. Average per split: 0.00 milli
		[0.00%] Applying stored bound-tightening: 0 milli
		[0.00%] SMT core: 0 milli
		[1.29%] Symbolic Bound Tightening: 67 milli
		[0.00%] SoI-based local search: 0 milli
		[0.00%] SoI-based local search: 0 milli
		[354258381825229.81%] Unaccounted for: 0 milli
	--- Preprocessor Statistics ---
	Number of preprocessor bound-tightening loop iterations: 3
	Number of eliminated variables: 174
	Number of constraints removed due to variable elimination: 174
	Number of equations removed due to variable elimination: 0
	--- Engine Statistics ---
	Number of main loop iterations: 287
		284 iterations were simplex steps. Total time: 2452 milli. Average: 8.63 milli.
		0 iterations were constraint-fixing steps. Total time: 0 milli. Average: 0.00 milli
	Number of active piecewise-linear constraints: 82 / 82
		Constraints disabled by valid splits: 0. By SMT-originated splits: 0
	Last reported degradation: 0.0000010058. Max degradation so far: 0.0000010058. Restorations so far: 0
	Number of simplex pivots we attempted to skip because of instability: 0.
	Unstable pivots performed anyway: 0
	--- Tableau Statistics ---
	Total number of pivots performed: 263
		Real pivots: 263. Degenerate: 0 (0.00%)
		Degenerate pivots by request (e.g., to fix a PL constraint): 0 (0.00%)
		Average time per pivot: 0.89 milli
	Total number of fake pivots performed: 21
	Total number of rows added: 0. Number of merged columns: 0
	Current tableau dimensions: M = 893, N = 2380
	--- SMT Core Statistics ---
	Total depth is 0. Total visited states: 1. Number of splits: 0. Number of pops: 0
	Max stack depth: 0
	--- Bound Tightening Statistics ---
	Number of tightened bounds: 0.
		Number of rows examined by row tightener: 263. Consequent tightenings: 0
		Number of explicit basis matrices examined by row tightener: 2. Consequent tightenings: 387
		Number of bound tightening rounds on the entire constraint matrix: 0. Consequent tightenings: 0
		Number of bound notifications sent to PL constraints: 984. Tightenings proposed: 0
	--- Basis Factorization statistics ---
	Number of basis refactorizations: 3
	--- Projected Steepest Edge Statistics ---
	Number of iterations: 284.
	Number of resets to reference space: 1. Avg. iterations per reset: 284
	--- SBT ---
	Number of tightened bounds: 630
	--- SoI-based local search ---
	Number of proposed phase pattern update: 0. Number of accepted update: 0 [0.00%]
	Total time (% of local search time) updating SoI phase pattern : 0 milli [0.00%]
	Total time obtaining current assignment: 0 milli [0.00%]
	Total time getting SoI phase pattern : 0 milli [0.00%]
	--- Context dependent statistics ---
	Number of pushes / pops: 0 / 0
		[0.00%] Pre-Push hook: 0 milli
		[0.00%] Push : 0 milli
		[0.00%] Post-Pop hook: 0 milli
		[0.00%] Pop : 0 milli
		[0.00%] Total context-switching time: 0 milli
	--- Proof Certificate ---
	Number of certified leaves: 0
	Number of leaves to delegate: 0
sat
Input assignment:
	x0 = 0.978516
	x1 = -1.052444
	x2 = -1.382730
	x3 = -2.596348
	x4 = -0.817208
	x5 = -1.848000
	x6 = -0.612490
	x7 = 2.160273
	x8 = -0.644951
	x9 = -1.405823
	x10 = -0.128394
	x11 = -1.947183
	x12 = -0.352342
	x13 = 0.900694
	x14 = -2.692781
	x15 = 0.260696
	x16 = 3.323582
	x17 = -3.123548
	x18 = -0.065688
	x19 = 2.136711
	x20 = -0.398815
	x21 = 0.694608
	x22 = 1.294698
	x23 = -1.566476
	x24 = 1.677395
	x25 = 0.803980
	x26 = -0.157146
	x27 = -1.384085
	x28 = 0.544628
	x29 = 0.453949
	x30 = -0.875330
	x31 = 1.188159
	x32 = -1.660875
	x33 = 0.628231
	x34 = 0.123597
	x35 = -1.012861
	x36 = 1.469752
	x37 = 2.127458
	x38 = 3.374125
	x39 = -1.824550
	x40 = 0.058406
	x41 = -1.017224
	x42 = -2.113719
	x43 = -0.059126
	x44 = 1.048587
	x45 = -0.950570
	x46 = 1.779258
	x47 = -0.725400
	x48 = -0.043380
	x49 = -1.252090
	x50 = 1.425839
	x51 = -0.239496
	x52 = 0.465063
	x53 = -3.498319
	x54 = 1.701241
	x55 = -3.410867
	x56 = 2.335112
	x57 = -0.226941
	x58 = 0.695099
	x59 = 3.866383
	x60 = 1.737333
	x61 = 1.288260
	x62 = 0.489523
	x63 = -0.231092
	x64 = 0.750214
	x65 = -1.935395
	x66 = -0.908482
	x67 = 2.817452
	x68 = -0.025828
	x69 = 0.458547
	x70 = -0.233262
	x71 = -0.485935
	x72 = 0.512077
	x73 = -1.391933
	x74 = -2.615649
	x75 = 2.402776
	x76 = 0.677082
	x77 = 0.457948
	x78 = -0.344048
	x79 = 0.138358
	x80 = -0.334374
	x81 = 0.382855
	x82 = 1.263554
	x83 = -0.810889
	x84 = -1.021620
	x85 = 0.370190
	x86 = 1.149400
	x87 = 4.049237
	x88 = 0.799744
	x89 = 0.964457
	x90 = -1.621537
	x91 = -1.581747
	x92 = 0.427464
	x93 = -0.722987
	x94 = -0.848747
	x95 = -1.884036
	x96 = -0.134149
	x97 = -1.112768
	x98 = 3.758688
	x99 = -0.120169
	x100 = -0.357466
	x101 = -1.697120
	x102 = 1.616944
	x103 = -2.987834
	x104 = -0.855948
	x105 = -1.397882
	x106 = -2.484448
	x107 = 1.569008
	x108 = -0.659500
	x109 = -4.065778
	x110 = 1.044632
	x111 = -0.262041
	x112 = -0.645527
	x113 = 0.216108
	x114 = -0.872260
	x115 = -1.759865
	x116 = -1.038322
	x117 = 1.317013
	x118 = 0.751476
	x119 = 0.372141
	x120 = -0.331137
	x121 = 2.614090
	x122 = 2.665948
	x123 = -0.181601
	x124 = -0.179653
	x125 = -4.022013
	x126 = 0.503704
	x127 = 2.339933
	x128 = 0.240548
	x129 = 1.568653
	x130 = -0.184790
	x131 = 0.524233
	x132 = 2.340561
	x133 = 0.854587
	x134 = 1.730644
	x135 = -0.666648
	x136 = -1.408163
	x137 = 0.493511
	x138 = -0.603895
	x139 = 1.019173
	x140 = 3.164641
	x141 = -0.187502
	x142 = 1.767588
	x143 = -1.586121
	x144 = 1.062531
	x145 = -0.682222
	x146 = -0.485579
	x147 = 0.146488
	x148 = -0.539069
	x149 = 1.046777
	x150 = -2.617456
	x151 = 0.871755
	x152 = 0.326440
	x153 = 0.585230
	x154 = 0.126298
	x155 = -2.461109
	x156 = -1.516363
	x157 = -0.692741
	x158 = -0.292578
	x159 = -1.927893
	x160 = 1.591250
	x161 = -0.406556
	x162 = 2.921370
	x163 = 0.467541
	x164 = -0.170062
	x165 = -0.297662
	x166 = 2.481268
	x167 = 3.003813
	x168 = -4.683218
	x169 = -0.113086
	x170 = -0.767768
	x171 = 0.792749
	x172 = 1.038086
	x173 = 2.054420
	x174 = -0.925317
	x175 = 0.152158
	x176 = 2.467933
	x177 = 1.788458
	x178 = 0.205210
	x179 = 1.674777
	x180 = -2.790840
	x181 = 0.425320
	x182 = -0.107622
	x183 = -2.485358
	x184 = 0.918456
	x185 = -2.684100
	x186 = -0.265902
	x187 = 0.340301
	x188 = -1.143326
	x189 = 0.142472
	x190 = -0.334586
	x191 = 1.799839
	x192 = -0.220560
	x193 = 1.999814
	x194 = 2.499377
	x195 = 0.265034
	x196 = -1.573021
	x197 = 1.423406
	x198 = 0.848494
	x199 = 0.087545
	x200 = -2.959233
	x201 = 0.732781
	x202 = -1.338476
	x203 = -0.627718
	x204 = 0.606094
	x205 = -2.677478
	x206 = 0.218004
	x207 = -0.046717
	x208 = 2.214543
	x209 = 2.312719
	x210 = 0.686546
	x211 = 1.301525
	x212 = -1.672820
	x213 = -0.394004
	x214 = 0.476015
	x215 = 0.094591
	x216 = 1.331161
	x217 = 0.544529
	x218 = 0.976464
	x219 = -0.670295
	x220 = 1.667379
	x221 = 0.021466
	x222 = -0.695283
	x223 = -0.484729
	x224 = 2.427878
	x225 = -0.141886
	x226 = 3.894958
	x227 = -0.770713
	x228 = 2.575824
	x229 = 1.537658
	x230 = 0.202251
	x231 = -0.334085
	x232 = -1.100681
	x233 = -1.275112
	x234 = 0.745724
	x235 = -2.568439
	x236 = -1.957195
	x237 = -0.055736
	x238 = 0.762928
	x239 = 9.918637
	x240 = -1.810710
	x241 = -0.290479
	x242 = 0.536891
	x243 = -1.919861
	x244 = -0.876971
	x245 = 0.643353
	x246 = -3.081958
	x247 = 1.358869
	x248 = -0.860307
	x249 = -1.725523
	x250 = -0.373008
	x251 = 0.275272
	x252 = -0.783986
	x253 = 0.712132
	x254 = -1.738604
	x255 = -1.310498
	x256 = -1.639088
	x257 = 1.926162
	x258 = -2.860250
	x259 = 0.974171
	x260 = -1.933311
	x261 = -2.578496
	x262 = 0.414217
	x263 = 1.436434
	x264 = -1.637658
	x265 = -0.974400
	x266 = -1.126843
	x267 = 0.873157
	x268 = 2.623866
	x269 = -0.185602
	x270 = -0.988553
	x271 = 0.762157
	x272 = 1.304320
	x273 = 0.998191
	x274 = 2.490887
	x275 = 2.536819
	x276 = -0.324722
	x277 = 1.804680
	x278 = -2.961421
	x279 = 1.529660
	x280 = 2.543473
	x281 = 0.738824
	x282 = 1.207085
	x283 = -0.430451
	x284 = -0.465304
	x285 = -0.493581
	x286 = -1.999807
	x287 = 0.601748
	x288 = 1.039320
	x289 = 1.025674
	x290 = -0.339682
	x291 = 1.112323
	x292 = 1.333793
	x293 = 0.353423
	x294 = 0.979972
	x295 = 0.366248
	x296 = -0.290628
	x297 = -0.393831
	x298 = -11.151252
	x299 = 3.144124
	x300 = 1.603605
	x301 = -1.383637
	x302 = -1.734194
	x303 = -0.152550
	x304 = -0.931951
	x305 = -1.322790
	x306 = 4.053147
	x307 = -2.782654
	x308 = 0.901148
	x309 = 0.507236
	x310 = 0.882629
	x311 = 3.169737
	x312 = -2.628727
	x313 = -0.911053
	x314 = -0.304391
	x315 = -0.005442
	x316 = 1.905888
	x317 = 0.175377
	x318 = 1.421839
	x319 = -2.804505
	x320 = 1.211515
	x321 = -1.838735
	x322 = 0.329088
	x323 = 1.056711
	x324 = 0.031666
	x325 = 0.075050
	x326 = 0.621698
	x327 = -0.680168
	x328 = 2.279289
	x329 = 0.094397
	x330 = -0.821562
	x331 = 0.928032
	x332 = -1.258065
	x333 = 2.838450
	x334 = 0.215650
	x335 = 0.685057
	x336 = -1.027213
	x337 = -1.771664
	x338 = -0.793619
	x339 = -0.228102
	x340 = 1.127797
	x341 = 0.304646
	x342 = 1.437887
	x343 = 0.063425
	x344 = 3.017260
	x345 = -1.850477
	x346 = 0.611697
	x347 = -0.801418
	x348 = 1.131102
	x349 = 1.965370
	x350 = 2.071332
	x351 = -0.577060
	x352 = 1.655333
	x353 = -2.371065
	x354 = 1.600062
	x355 = -0.830770
	x356 = -1.046569
	x357 = 2.680825
	x358 = -0.175854
	x359 = 1.799998
	x360 = 0.916150
	x361 = 0.572904
	x362 = -3.138358
	x363 = 0.191074
	x364 = -2.099035
	x365 = -0.697251
	x366 = -1.128981
	x367 = 1.664535
	x368 = -3.927698
	x369 = 0.007910
	x370 = -0.859264
	x371 = 0.615495
	x372 = 0.165173
	x373 = -0.855442
	x374 = -0.339100
	x375 = -1.360046
	x376 = -1.177884
	x377 = -1.075474
	x378 = 3.249259
	x379 = -1.990590
	x380 = 3.209853
	x381 = -0.080162
	x382 = -1.200952
	x383 = 0.458948
	x384 = -0.090707
	x385 = -0.486249
	x386 = -3.554885
	x387 = 0.517323
	x388 = 1.405691
	x389 = -0.035501
	x390 = -0.239624
	x391 = -0.873487
	x392 = 1.804126
	x393 = -1.069109
	x394 = -0.498987
	x395 = -2.866149
	x396 = 1.289283
	x397 = 0.146608
	x398 = 0.798323
	x399 = 0.915935
	x400 = 1.167832
	x401 = 1.739933
	x402 = 1.430028
	x403 = -1.616994
	x404 = -0.088216
	x405 = 0.192756
	x406 = 1.189238
	x407 = 1.298197
	x408 = -1.223387
	x409 = 0.446633
	x410 = 1.162089
	x411 = 0.872430
	x412 = 2.668842
	x413 = 2.097904
	x414 = -1.812070
	x415 = -0.058482
	x416 = 1.252498
	x417 = -0.989291
	x418 = -1.092599
	x419 = -1.942898
	x420 = -0.216509
	x421 = -2.071483
	x422 = -0.395770
	x423 = -0.049792
	x424 = 2.362005
	x425 = -2.058825
	x426 = -6.428211
	x427 = -2.491985
	x428 = -0.685882
	x429 = 0.030487
	x430 = -0.408983
	x431 = -1.374356
	x432 = 0.149744
	x433 = 0.987064
	x434 = 2.022409
	x435 = -0.110821
	x436 = 0.131103
	x437 = -0.860960
	x438 = -1.178265
	x439 = -1.181311
	x440 = -3.298874
	x441 = -1.648379
	x442 = -2.054682
	x443 = -0.266453
	x444 = 0.759849
	x445 = 3.440696
	x446 = -1.986718
	x447 = -1.034828
	x448 = -2.533141
	x449 = -0.495787
	x450 = -1.302778
	x451 = -0.485620
	x452 = -0.551206
	x453 = -0.090342
	x454 = -0.986306
	x455 = -1.757931
	x456 = -0.289549
	x457 = -0.309563
	x458 = -0.018318
	x459 = 0.370388
	x460 = -0.029051
	x461 = 0.246859
	x462 = -0.863156
	x463 = -1.762892
	x464 = -1.223298
	x465 = -1.132771
	x466 = 0.710830
	x467 = -1.635342
	x468 = 1.039136
	x469 = 0.399403
	x470 = -0.517910
	x471 = -1.776679
	x472 = 0.365248
	x473 = -0.903756
	x474 = -2.035925
	x475 = -1.855208
	x476 = 0.525827
	x477 = -0.457325
	x478 = 1.146216
	x479 = 0.086908
	x480 = 1.405924
	x481 = -0.853948
	x482 = -0.891122
	x483 = -1.586405
	x484 = -0.539721
	x485 = 1.466573
	x486 = 3.672937
	x487 = 0.574448
	x488 = -0.495207
	x489 = 0.044038
	x490 = -0.274579
	x491 = -0.571276
	x492 = -0.078829
	x493 = -1.230580
	x494 = -1.457605
	x495 = 1.194962
	x496 = -0.492845
	x497 = -0.108371
	x498 = -0.776031
	x499 = -0.241676
	x500 = 0.545755
	x501 = 0.527318
	x502 = -2.468766
	x503 = -0.070130
	x504 = 1.777615
	x505 = 1.514267
	x506 = -1.972200
	x507 = 2.116724
	x508 = -1.930428
	x509 = -0.270315
	x510 = -0.330295
	x511 = -0.389313

Output:
	y0 = -9.247912
	y1 = 7.570422
	y2 = -9.638518
	y3 = -7.029650
	y4 = 10.864244
	y5 = -14.099477
	y6 = -6.590378
	y7 = 12.596166
	y8 = -11.058884
	y9 = -9.359296
	y10 = 12.641728
	y11 = -12.629388
	y12 = -7.355394
	y13 = 11.343932
	y14 = -8.297368
	y15 = -7.222849
	y16 = 13.826685
	y17 = -7.630693
	y18 = -10.877321
	y19 = 11.248334
	y20 = -13.799334
	y21 = -10.099679
	y22 = 14.630800
	y23 = -13.853511
	y24 = -11.645625
	y25 = 11.960291
	y26 = -11.268798
	y27 = -10.752607
	y28 = 5.254363
	y29 = -11.651499
	y30 = -8.978857
	y31 = 25.863313
	y32 = -9.178059
	y33 = -7.964655
	y34 = 18.820875
	y35 = -6.952204
	y36 = -6.315669
	y37 = 16.359678
	y38 = -1.415467
	y39 = -6.881654
	y40 = 14.735489
	y41 = -8.723066
	y42 = -11.525370
	y43 = 16.850148
	y44 = -14.143037
	y45 = -9.305674
	y46 = 9.941096
	y47 = -11.369157
	y48 = -6.953927
	y49 = 12.011692
	y50 = -9.082998
	y51 = -6.486647
	y52 = 12.886352
	y53 = -6.620697
	y54 = -1.745662
	y55 = 13.595089
	y56 = -0.468373
	y57 = 0.767253
	y58 = -15.577296
	y59 = 4.874410
	y60 = -1.027304
	y61 = 27.630364
	y62 = -1.865233
	y63 = -2.787872
	y64 = 34.523056
	y65 = -1.801071
	y66 = -5.980413
	y67 = 17.882891
	y68 = -6.076013
	y69 = -6.995315
	y70 = 14.660964
	y71 = -9.116493
	y72 = -7.405582
	y73 = 9.718112
	y74 = -5.963178
	y75 = -3.770756
	y76 = 9.780612
	y77 = -4.172972
	y78 = -0.475665
	y79 = 15.383590
	y80 = 0.510097
	y81 = 6.972884
	y82 = -22.272559
	y83 = 11.244788
	y84 = 6.945937
	y85 = -18.052179
	y86 = 12.695648
	y87 = -2.120619
	y88 = 15.763027
	y89 = -2.747621
	y90 = -3.366193
	y91 = 14.093413
	y92 = -4.286626
	y93 = -8.463843
	y94 = 14.497854
	y95 = -7.307409
	y96 = -8.229446
	y97 = 17.649481
	y98 = -4.963912
	y99 = -3.869441
	y100 = 11.579650
	y101 = -4.038405
	y102 = 4.812082
	y103 = -7.790973
	y104 = 1.502435
	y105 = 12.723290
	y106 = -19.853549
	y107 = 7.199313
	y108 = 7.458842
	y109 = -20.129341
	y110 = 10.880480
	y111 = 5.930535
	y112 = -13.212719
	y113 = 0.823423
	y114 = -4.602034
	y115 = 9.261360
	y116 = -5.962129
	y117 = -7.133821
	y118 = 13.857586
	y119 = -7.495551
	y120 = -7.327997
	y121 = 13.903768
	y122 = -9.561235
	y123 = -6.548132
	y124 = 8.339136
	y125 = -4.932433
	y126 = -1.231452
	y127 = 13.570624
	y128 = -1.910038
	y129 = 3.478392
	y130 = 15.580309
	y131 = -0.048722
	y132 = 0.984658
	y133 = -4.866171
	y134 = 4.508482
	y135 = 1.459027
	y136 = -3.073968
	y137 = 4.527611
	y138 = -5.295772
	y139 = 17.048288
	y140 = -7.237056
	y141 = -8.100535
	y142 = 11.696299
	y143 = -8.881309
	y144 = -8.431451
	y145 = 12.587334
	y146 = -12.206179
	y147 = -8.845791
	y148 = 11.595343
	y149 = -9.979476
	y150 = -7.141891
	y151 = 8.831688
	y152 = -5.719007
	y153 = -5.638682
	y154 = 30.804757
	y155 = -6.796036
	y156 = -5.398759
	y157 = 18.530240
	y158 = -3.842437
	y159 = -4.878931
	y160 = 21.145364
	y161 = -3.094505
	y162 = -8.036199
	y163 = 12.574432
	y164 = -9.582768
	y165 = -8.349811
	y166 = 12.732301
	y167 = -13.411020
	y168 = -9.254522
	y169 = 11.338672
	y170 = -11.567388
	y171 = -13.235799
	y172 = 13.175274
	y173 = -12.061371
	y174 = -10.301222
	y175 = 15.169073
	y176 = -8.239021
	y177 = -10.705475
	y178 = 10.282487
	y179 = -8.676773
	y180 = -11.131628
	y181 = 13.824225
	y182 = -5.498707
	y183 = -12.357157
	y184 = 15.309629
	y185 = -4.677413
	y186 = -13.477807
	y187 = 9.879364
	y188 = -7.576725
	y189 = -14.490827
	y190 = 13.217937
	y191 = -12.316745

