InputQuery: /home/levn/Workspace/othello_world/queries/probe_prove_head_robust/game_40_target_34_eps_0.1.txt
Engine::processInputQuery: Input query (before preprocessing): 637 equations, 1277 variables
Engine::processInputQuery: Input query (after preprocessing): 893 equations, 1506 variables

Input bounds:
	x0: [ -0.0765,   0.1235] 
	x1: [ -1.3399,  -1.1399] 
	x2: [ -1.5247,  -1.3247] 
	x3: [  0.2324,   0.4324] 
	x4: [ -0.8013,  -0.6013] 
	x5: [  0.2178,   0.4178] 
	x6: [  1.1007,   1.3007] 
	x7: [ -0.1635,   0.0365] 
	x8: [ -2.3938,  -2.1938] 
	x9: [  0.5433,   0.7433] 
	x10: [  0.3540,   0.5540] 
	x11: [ -3.2455,  -3.0455] 
	x12: [ -0.0787,   0.1213] 
	x13: [ -0.2435,  -0.0435] 
	x14: [ -1.1114,  -0.9114] 
	x15: [  0.3009,   0.5009] 
	x16: [  2.7204,   2.9204] 
	x17: [ -2.8223,  -2.6223] 
	x18: [ -2.3419,  -2.1419] 
	x19: [  3.1512,   3.3512] 
	x20: [  0.4645,   0.6645] 
	x21: [ -1.0026,  -0.8026] 
	x22: [ -0.4611,  -0.2611] 
	x23: [  0.7662,   0.9662] 
	x24: [  2.3333,   2.5333] 
	x25: [ -0.6841,  -0.4841] 
	x26: [ -0.0862,   0.1138] 
	x27: [ -1.3079,  -1.1079] 
	x28: [ -0.1203,   0.0797] 
	x29: [ -0.0398,   0.1602] 
	x30: [ -0.6973,  -0.4973] 
	x31: [ -1.2300,  -1.0300] 
	x32: [ -0.6161,  -0.4161] 
	x33: [  1.6716,   1.8716] 
	x34: [ -1.8787,  -1.6787] 
	x35: [ -0.4455,  -0.2455] 
	x36: [ -0.0194,   0.1806] 
	x37: [ -0.1874,   0.0126] 
	x38: [  0.7021,   0.9021] 
	x39: [ -1.1998,  -0.9998] 
	x40: [  1.0252,   1.2252] 
	x41: [ -0.7795,  -0.5795] 
	x42: [  0.2575,   0.4575] 
	x43: [ -0.1286,   0.0714] 
	x44: [  1.6881,   1.8881] 
	x45: [ -0.4049,  -0.2049] 
	x46: [  1.5895,   1.7895] 
	x47: [ -1.1011,  -0.9011] 
	x48: [  0.2989,   0.4989] 
	x49: [  0.1414,   0.3414] 
	x50: [  1.1099,   1.3099] 
	x51: [ -2.2290,  -2.0290] 
	x52: [  0.1801,   0.3801] 
	x53: [ -3.3397,  -3.1397] 
	x54: [  0.7154,   0.9154] 
	x55: [ -0.2133,  -0.0133] 
	x56: [  0.9999,   1.1999] 
	x57: [ -0.3967,  -0.1967] 
	x58: [ -0.4507,  -0.2507] 
	x59: [  3.8659,   4.0659] 
	x60: [ -1.6297,  -1.4297] 
	x61: [  0.4780,   0.6780] 
	x62: [  3.1102,   3.3102] 
	x63: [  0.3793,   0.5793] 
	x64: [  3.4933,   3.6933] 
	x65: [  1.7610,   1.9610] 
	x66: [ -1.0444,  -0.8444] 
	x67: [  1.1031,   1.3031] 
	x68: [  2.0067,   2.2067] 
	x69: [  1.2685,   1.4685] 
	x70: [ -0.8386,  -0.6386] 
	x71: [ -0.7288,  -0.5288] 
	x72: [  1.8716,   2.0716] 
	x73: [ -3.1383,  -2.9383] 
	x74: [ -1.0699,  -0.8699] 
	x75: [  0.7720,   0.9720] 
	x76: [ -0.2567,  -0.0567] 
	x77: [ -0.0858,   0.1142] 
	x78: [  0.5642,   0.7642] 
	x79: [  0.6203,   0.8203] 
	x80: [  0.9132,   1.1132] 
	x81: [ -1.9001,  -1.7001] 
	x82: [  0.8863,   1.0863] 
	x83: [ -1.6188,  -1.4188] 
	x84: [  0.0474,   0.2474] 
	x85: [  0.0769,   0.2769] 
	x86: [  1.8369,   2.0369] 
	x87: [ -0.9385,  -0.7385] 
	x88: [ -1.5400,  -1.3400] 
	x89: [ -2.0590,  -1.8590] 
	x90: [ -0.7585,  -0.5585] 
	x91: [ -1.7603,  -1.5603] 
	x92: [  0.7890,   0.9890] 
	x93: [ -0.1671,   0.0329] 
	x94: [  1.6407,   1.8407] 
	x95: [ -1.3504,  -1.1504] 
	x96: [ -0.3929,  -0.1929] 
	x97: [ -2.1060,  -1.9060] 
	x98: [  1.1509,   1.3509] 
	x99: [ -1.7204,  -1.5204] 
	x100: [ -0.4417,  -0.2417] 
	x101: [ -2.4495,  -2.2495] 
	x102: [  0.7932,   0.9932] 
	x103: [ -1.0200,  -0.8200] 
	x104: [ -0.9422,  -0.7422] 
	x105: [ -1.4098,  -1.2098] 
	x106: [ -0.6604,  -0.4604] 
	x107: [  1.0653,   1.2653] 
	x108: [ -2.6129,  -2.4129] 
	x109: [ -2.7563,  -2.5563] 
	x110: [  0.8107,   1.0107] 
	x111: [ -0.1013,   0.0987] 
	x112: [ -1.2419,  -1.0419] 
	x113: [ -1.1294,  -0.9294] 
	x114: [  1.1637,   1.3637] 
	x115: [ -0.3049,  -0.1049] 
	x116: [ -0.9476,  -0.7476] 
	x117: [  2.9093,   3.1093] 
	x118: [  0.3143,   0.5143] 
	x119: [ -0.9134,  -0.7134] 
	x120: [  0.1165,   0.3165] 
	x121: [  1.8618,   2.0618] 
	x122: [  1.5644,   1.7644] 
	x123: [ -0.9437,  -0.7437] 
	x124: [  2.3500,   2.5500] 
	x125: [ -1.5697,  -1.3697] 
	x126: [  0.2599,   0.4599] 
	x127: [  1.3091,   1.5091] 
	x128: [  1.9387,   2.1387] 
	x129: [  1.6950,   1.8950] 
	x130: [  0.0852,   0.2852] 
	x131: [  1.1750,   1.3750] 
	x132: [  0.1289,   0.3289] 
	x133: [  1.3048,   1.5048] 
	x134: [  2.5631,   2.7631] 
	x135: [ -0.3288,  -0.1288] 
	x136: [ -1.8488,  -1.6488] 
	x137: [  0.4720,   0.6720] 
	x138: [  0.9555,   1.1555] 
	x139: [ -1.3451,  -1.1451] 
	x140: [  3.1341,   3.3341] 
	x141: [ -0.1420,   0.0580] 
	x142: [  0.6255,   0.8255] 
	x143: [ -0.2088,  -0.0088] 
	x144: [ -0.3637,  -0.1637] 
	x145: [ -1.5455,  -1.3455] 
	x146: [ -1.2985,  -1.0985] 
	x147: [ -0.6516,  -0.4516] 
	x148: [ -0.0641,   0.1359] 
	x149: [  0.5836,   0.7836] 
	x150: [ -2.7642,  -2.5642] 
	x151: [ -0.6215,  -0.4215] 
	x152: [ -0.2912,  -0.0912] 
	x153: [ -0.2776,  -0.0776] 
	x154: [  0.9616,   1.1616] 
	x155: [ -1.6271,  -1.4271] 
	x156: [ -2.1278,  -1.9278] 
	x157: [  2.0171,   2.2171] 
	x158: [  3.0446,   3.2446] 
	x159: [ -2.3257,  -2.1257] 
	x160: [  2.7188,   2.9188] 
	x161: [  0.0768,   0.2768] 
	x162: [ -0.3027,  -0.1027] 
	x163: [ -1.2120,  -1.0120] 
	x164: [ -3.3084,  -3.1084] 
	x165: [ -1.2147,  -1.0147] 
	x166: [ -0.2812,  -0.0812] 
	x167: [  3.2506,   3.4506] 
	x168: [ -1.6105,  -1.4105] 
	x169: [ -1.6880,  -1.4880] 
	x170: [ -1.9404,  -1.7404] 
	x171: [  0.5844,   0.7844] 
	x172: [  0.6894,   0.8894] 
	x173: [  1.0272,   1.2272] 
	x174: [  0.6063,   0.8063] 
	x175: [  1.4926,   1.6926] 
	x176: [  2.1347,   2.3347] 
	x177: [  0.0689,   0.2689] 
	x178: [ -1.9503,  -1.7503] 
	x179: [ -0.3782,  -0.1782] 
	x180: [ -0.5846,  -0.3846] 
	x181: [ -2.5242,  -2.3242] 
	x182: [  1.1865,   1.3865] 
	x183: [ -1.0471,  -0.8471] 
	x184: [  1.7713,   1.9713] 
	x185: [ -1.0578,  -0.8578] 
	x186: [  1.8465,   2.0465] 
	x187: [  0.1258,   0.3258] 
	x188: [  0.5612,   0.7612] 
	x189: [ -0.4010,  -0.2010] 
	x190: [ -1.0693,  -0.8693] 
	x191: [  1.8894,   2.0894] 
	x192: [  1.4334,   1.6334] 
	x193: [  1.9963,   2.1963] 
	x194: [ -0.5665,  -0.3665] 
	x195: [ -0.5917,  -0.3917] 
	x196: [ -0.9176,  -0.7176] 
	x197: [  1.1602,   1.3602] 
	x198: [ -2.4129,  -2.2129] 
	x199: [ -0.1093,   0.0907] 
	x200: [ -3.0778,  -2.8778] 
	x201: [  1.0649,   1.2649] 
	x202: [ -2.5155,  -2.3155] 
	x203: [ -1.0246,  -0.8246] 
	x204: [  0.6363,   0.8363] 
	x205: [ -0.6461,  -0.4461] 
	x206: [ -1.8362,  -1.6362] 
	x207: [ -0.1061,   0.0939] 
	x208: [  1.3711,   1.5711] 
	x209: [  1.5560,   1.7560] 
	x210: [  0.0405,   0.2405] 
	x211: [  1.2183,   1.4183] 
	x212: [ -3.0606,  -2.8606] 
	x213: [ -1.1168,  -0.9168] 
	x214: [ -1.1357,  -0.9357] 
	x215: [ -0.8871,  -0.6871] 
	x216: [ -0.3755,  -0.1755] 
	x217: [  0.4180,   0.6180] 
	x218: [  0.8052,   1.0052] 
	x219: [ -0.1700,   0.0300] 
	x220: [  1.9515,   2.1515] 
	x221: [ -0.9100,  -0.7100] 
	x222: [  1.0533,   1.2533] 
	x223: [  0.7220,   0.9220] 
	x224: [  3.8475,   4.0475] 
	x225: [ -2.4732,  -2.2732] 
	x226: [  4.0800,   4.2800] 
	x227: [  1.0417,   1.2417] 
	x228: [  2.3831,   2.5831] 
	x229: [  0.4612,   0.6612] 
	x230: [  0.3302,   0.5302] 
	x231: [  1.1498,   1.3498] 
	x232: [ -0.0001,   0.1999] 
	x233: [  0.1837,   0.3837] 
	x234: [ -1.0004,  -0.8004] 
	x235: [ -3.8374,  -3.6374] 
	x236: [  0.3651,   0.5651] 
	x237: [  1.5777,   1.7777] 
	x238: [  0.0456,   0.2456] 
	x239: [  8.1878,   8.3878] 
	x240: [  0.9209,   1.1209] 
	x241: [ -2.1534,  -1.9534] 
	x242: [  2.3721,   2.5721] 
	x243: [ -0.6304,  -0.4304] 
	x244: [ -0.1771,   0.0229] 
	x245: [  0.7808,   0.9808] 
	x246: [ -2.8650,  -2.6650] 
	x247: [ -1.3482,  -1.1482] 
	x248: [ -0.8455,  -0.6455] 
	x249: [  0.0022,   0.2022] 
	x250: [  1.0734,   1.2734] 
	x251: [  0.5358,   0.7358] 
	x252: [  0.4293,   0.6293] 
	x253: [ -1.3274,  -1.1274] 
	x254: [ -3.0950,  -2.8950] 
	x255: [ -0.8228,  -0.6228] 
	x256: [ -0.7901,  -0.5901] 
	x257: [  0.8237,   1.0237] 
	x258: [ -3.6376,  -3.4376] 
	x259: [  2.3086,   2.5086] 
	x260: [ -3.1148,  -2.9148] 
	x261: [ -1.0616,  -0.8616] 
	x262: [ -0.4344,  -0.2344] 
	x263: [ -0.0512,   0.1488] 
	x264: [  0.0494,   0.2494] 
	x265: [  1.2411,   1.4411] 
	x266: [ -1.1506,  -0.9506] 
	x267: [ -0.2971,  -0.0971] 
	x268: [  2.1997,   2.3997] 
	x269: [ -0.4675,  -0.2675] 
	x270: [  2.6486,   2.8486] 
	x271: [ -0.7054,  -0.5054] 
	x272: [  0.9079,   1.1079] 
	x273: [  0.4453,   0.6453] 
	x274: [  0.8283,   1.0283] 
	x275: [  2.7141,   2.9141] 
	x276: [  0.0671,   0.2671] 
	x277: [  0.9404,   1.1404] 
	x278: [  0.6706,   0.8706] 
	x279: [  2.2766,   2.4766] 
	x280: [  1.5316,   1.7316] 
	x281: [  2.3326,   2.5326] 
	x282: [  0.3972,   0.5972] 
	x283: [ -0.2382,  -0.0382] 
	x284: [ -0.2072,  -0.0072] 
	x285: [ -0.1362,   0.0638] 
	x286: [ -0.2793,  -0.0793] 
	x287: [  0.5087,   0.7087] 
	x288: [ -0.2075,  -0.0075] 
	x289: [ -0.9519,  -0.7519] 
	x290: [  1.8579,   2.0579] 
	x291: [ -0.3907,  -0.1907] 
	x292: [  0.0956,   0.2956] 
	x293: [  0.6692,   0.8692] 
	x294: [  0.0708,   0.2708] 
	x295: [  1.5154,   1.7154] 
	x296: [ -1.1918,  -0.9918] 
	x297: [  1.8918,   2.0918] 
	x298: [-10.3798, -10.1798] 
	x299: [  3.3121,   3.5121] 
	x300: [  2.9254,   3.1254] 
	x301: [ -1.0442,  -0.8442] 
	x302: [ -0.8709,  -0.6709] 
	x303: [ -3.7447,  -3.5447] 
	x304: [ -2.8147,  -2.6147] 
	x305: [ -0.5714,  -0.3714] 
	x306: [  0.2183,   0.4183] 
	x307: [ -2.4250,  -2.2250] 
	x308: [ -0.0640,   0.1360] 
	x309: [  0.8840,   1.0840] 
	x310: [ -0.1516,   0.0484] 
	x311: [  2.8442,   3.0442] 
	x312: [ -1.6986,  -1.4986] 
	x313: [ -2.5071,  -2.3071] 
	x314: [ -2.2609,  -2.0609] 
	x315: [ -0.5457,  -0.3457] 
	x316: [  1.4038,   1.6038] 
	x317: [ -0.3158,  -0.1158] 
	x318: [  1.4018,   1.6018] 
	x319: [ -2.9767,  -2.7767] 
	x320: [ -0.4383,  -0.2383] 
	x321: [  0.1871,   0.3871] 
	x322: [ -1.7622,  -1.5622] 
	x323: [ -0.2925,  -0.0925] 
	x324: [  1.1654,   1.3654] 
	x325: [ -2.5675,  -2.3675] 
	x326: [ -0.9849,  -0.7849] 
	x327: [  0.5928,   0.7928] 
	x328: [  2.4252,   2.6252] 
	x329: [  0.2287,   0.4287] 
	x330: [ -0.4042,  -0.2042] 
	x331: [  1.9378,   2.1378] 
	x332: [ -3.1341,  -2.9341] 
	x333: [  0.2497,   0.4497] 
	x334: [  1.9735,   2.1735] 
	x335: [ -0.7595,  -0.5595] 
	x336: [  1.7546,   1.9546] 
	x337: [  0.1711,   0.3711] 
	x338: [ -1.0641,  -0.8641] 
	x339: [  0.0070,   0.2070] 
	x340: [  0.4225,   0.6225] 
	x341: [  0.7932,   0.9932] 
	x342: [ -2.0139,  -1.8139] 
	x343: [ -0.0474,   0.1526] 
	x344: [ -0.1945,   0.0055] 
	x345: [  0.5053,   0.7053] 
	x346: [  0.5589,   0.7589] 
	x347: [  0.2027,   0.4027] 
	x348: [ -1.3842,  -1.1842] 
	x349: [  1.4015,   1.6015] 
	x350: [ -0.9894,  -0.7894] 
	x351: [ -0.7718,  -0.5718] 
	x352: [  1.2255,   1.4255] 
	x353: [ -3.4818,  -3.2818] 
	x354: [  1.0233,   1.2233] 
	x355: [ -0.0430,   0.1570] 
	x356: [  1.5803,   1.7803] 
	x357: [  1.1657,   1.3657] 
	x358: [ -0.3426,  -0.1426] 
	x359: [  4.1289,   4.3289] 
	x360: [ -0.2162,  -0.0162] 
	x361: [ -0.9077,  -0.7077] 
	x362: [ -1.8940,  -1.6940] 
	x363: [ -2.4071,  -2.2071] 
	x364: [ -0.5010,  -0.3010] 
	x365: [  0.8909,   1.0909] 
	x366: [ -0.7438,  -0.5438] 
	x367: [  2.0051,   2.2051] 
	x368: [ -1.1571,  -0.9571] 
	x369: [ -1.8456,  -1.6456] 
	x370: [ -0.4013,  -0.2013] 
	x371: [  1.8025,   2.0025] 
	x372: [  2.2444,   2.4444] 
	x373: [ -1.3147,  -1.1147] 
	x374: [  2.0609,   2.2609] 
	x375: [ -0.7242,  -0.5242] 
	x376: [ -0.9399,  -0.7399] 
	x377: [ -0.1767,   0.0233] 
	x378: [  2.5792,   2.7792] 
	x379: [  0.0823,   0.2823] 
	x380: [  1.6731,   1.8731] 
	x381: [  0.2374,   0.4374] 
	x382: [ -3.5601,  -3.3601] 
	x383: [  0.6009,   0.8009] 
	x384: [  0.5047,   0.7047] 
	x385: [ -0.0659,   0.1341] 
	x386: [ -1.9062,  -1.7062] 
	x387: [ -0.9432,  -0.7432] 
	x388: [ -0.7670,  -0.5670] 
	x389: [ -0.2884,  -0.0884] 
	x390: [ -0.2108,  -0.0108] 
	x391: [ -1.5558,  -1.3558] 
	x392: [  1.5597,   1.7597] 
	x393: [ -0.7269,  -0.5269] 
	x394: [ -0.9873,  -0.7873] 
	x395: [ -1.0456,  -0.8456] 
	x396: [  0.1974,   0.3974] 
	x397: [  1.4018,   1.6018] 
	x398: [  0.8959,   1.0959] 
	x399: [  0.4849,   0.6849] 
	x400: [ -0.3667,  -0.1667] 
	x401: [ -1.5295,  -1.3295] 
	x402: [  1.0927,   1.2928] 
	x403: [ -2.0608,  -1.8608] 
	x404: [ -0.1720,   0.0280] 
	x405: [  0.2589,   0.4589] 
	x406: [ -1.2984,  -1.0984] 
	x407: [  2.5610,   2.7610] 
	x408: [  0.2634,   0.4634] 
	x409: [  0.6174,   0.8174] 
	x410: [ -0.6909,  -0.4909] 
	x411: [  0.2118,   0.4118] 
	x412: [  1.6063,   1.8063] 
	x413: [  2.1072,   2.3072] 
	x414: [ -2.1110,  -1.9110] 
	x415: [  1.5766,   1.7766] 
	x416: [ -1.0991,  -0.8991] 
	x417: [ -0.1547,   0.0453] 
	x418: [ -1.7988,  -1.5988] 
	x419: [ -1.7281,  -1.5281] 
	x420: [ -0.6844,  -0.4844] 
	x421: [ -2.8486,  -2.6486] 
	x422: [  0.7491,   0.9491] 
	x423: [ -0.5346,  -0.3346] 
	x424: [  0.8370,   1.0370] 
	x425: [  1.5422,   1.7422] 
	x426: [ -5.5743,  -5.3743] 
	x427: [ -0.5874,  -0.3874] 
	x428: [ -2.2830,  -2.0830] 
	x429: [  1.7092,   1.9092] 
	x430: [ -0.2521,  -0.0521] 
	x431: [ -2.4710,  -2.2710] 
	x432: [ -2.1398,  -1.9398] 
	x433: [ -0.5036,  -0.3036] 
	x434: [  0.2094,   0.4094] 
	x435: [  0.0010,   0.2010] 
	x436: [  0.4033,   0.6033] 
	x437: [  0.0580,   0.2580] 
	x438: [  0.1799,   0.3799] 
	x439: [ -0.4113,  -0.2113] 
	x440: [ -3.0022,  -2.8022] 
	x441: [ -1.6809,  -1.4809] 
	x442: [ -3.0806,  -2.8806] 
	x443: [ -1.7167,  -1.5167] 
	x444: [ -1.2214,  -1.0214] 
	x445: [  2.7112,   2.9112] 
	x446: [ -2.4128,  -2.2128] 
	x447: [ -0.4547,  -0.2547] 
	x448: [ -2.0323,  -1.8323] 
	x449: [  1.8781,   2.0781] 
	x450: [  0.7734,   0.9734] 
	x451: [ -2.8065,  -2.6065] 
	x452: [  1.0947,   1.2947] 
	x453: [ -0.6372,  -0.4372] 
	x454: [ -0.5054,  -0.3054] 
	x455: [ -2.1526,  -1.9526] 
	x456: [  0.5880,   0.7880] 
	x457: [  1.8804,   2.0804] 
	x458: [  0.8683,   1.0683] 
	x459: [  0.8167,   1.0167] 
	x460: [ -0.1113,   0.0887] 
	x461: [  0.3201,   0.5201] 
	x462: [ -1.4654,  -1.2654] 
	x463: [ -0.7592,  -0.5592] 
	x464: [ -1.1464,  -0.9464] 
	x465: [ -1.7988,  -1.5988] 
	x466: [ -1.1692,  -0.9692] 
	x467: [  1.9092,   2.1092] 
	x468: [  0.9127,   1.1127] 
	x469: [ -1.1717,  -0.9717] 
	x470: [ -0.4184,  -0.2184] 
	x471: [ -0.9956,  -0.7956] 
	x472: [ -2.8300,  -2.6300] 
	x473: [ -2.5206,  -2.3206] 
	x474: [ -2.2162,  -2.0162] 
	x475: [ -1.3478,  -1.1478] 
	x476: [ -0.8139,  -0.6139] 
	x477: [ -0.6395,  -0.4395] 
	x478: [  0.5310,   0.7310] 
	x479: [  0.0280,   0.2280] 
	x480: [  1.7261,   1.9261] 
	x481: [ -1.1402,  -0.9402] 
	x482: [  0.0247,   0.2247] 
	x483: [  0.2760,   0.4760] 
	x484: [  0.1253,   0.3253] 
	x485: [  2.1931,   2.3931] 
	x486: [  3.7919,   3.9919] 
	x487: [ -1.4912,  -1.2912] 
	x488: [ -0.1498,   0.0502] 
	x489: [  1.2123,   1.4123] 
	x490: [  0.1101,   0.3101] 
	x491: [ -2.8260,  -2.6260] 
	x492: [ -0.2194,  -0.0194] 
	x493: [ -1.5339,  -1.3339] 
	x494: [ -0.9508,  -0.7508] 
	x495: [ -0.3756,  -0.1756] 
	x496: [ -0.5169,  -0.3169] 
	x497: [  1.1735,   1.3735] 
	x498: [ -0.6541,  -0.4541] 
	x499: [ -0.9112,  -0.7112] 
	x500: [  1.4478,   1.6478] 
	x501: [ -0.5639,  -0.3639] 
	x502: [ -3.0934,  -2.8934] 
	x503: [  0.2605,   0.4605] 
	x504: [ -0.0019,   0.1981] 
	x505: [  2.3660,   2.5660] 
	x506: [ -0.6541,  -0.4541] 
	x507: [  3.1339,   3.3339] 
	x508: [ -1.6272,  -1.4272] 
	x509: [ -2.3256,  -2.1256] 
	x510: [ -2.2524,  -2.0524] 
	x511: [  0.4448,   0.6448] 

Branching heuristics set to PseudoImpact

Engine::solve: Initial statistics

02:32:50 Statistics update:
	--- Time Statistics ---
	Total time elapsed: 1667 milli (00:00:01)
		Main loop: 0 milli (00:00:00)
		Preprocessing time: 825 milli (00:00:00)
		Unknown: 842 milli (00:00:00)
	Breakdown for main loop:
		[0.00%] Simplex steps: 0 milli
		[0.00%] Explicit-basis bound tightening: 0 milli
		[0.00%] Constraint-matrix bound tightening: 0 milli
		[0.00%] Degradation checking: 0 milli
		[0.00%] Precision restoration: 0 milli
		[0.00%] Statistics handling: 0 milli
		[0.00%] Constraint-fixing steps: 0 milli
		[0.00%] Valid case splits: 0 milli. Average per split: 0.00 milli
		[0.00%] Applying stored bound-tightening: 0 milli
		[0.00%] SMT core: 0 milli
		[0.00%] Symbolic Bound Tightening: 75 milli
		[0.00%] SoI-based local search: 0 milli
		[0.00%] SoI-based local search: 0 milli
		[0.00%] Unaccounted for: 0 milli
	--- Preprocessor Statistics ---
	Number of preprocessor bound-tightening loop iterations: 3
	Number of eliminated variables: 155
	Number of constraints removed due to variable elimination: 155
	Number of equations removed due to variable elimination: 0
	--- Engine Statistics ---
	Number of main loop iterations: 1
		0 iterations were simplex steps. Total time: 0 milli. Average: 0.00 milli.
		0 iterations were constraint-fixing steps. Total time: 0 milli. Average: 0.00 milli
	Number of active piecewise-linear constraints: 101 / 101
		Constraints disabled by valid splits: 0. By SMT-originated splits: 0
	Last reported degradation: 0.0000000000. Max degradation so far: 0.0000000000. Restorations so far: 0
	Number of simplex pivots we attempted to skip because of instability: 0.
	Unstable pivots performed anyway: 0
	--- Tableau Statistics ---
	Total number of pivots performed: 0
		Real pivots: 0. Degenerate: 0 (0.00%)
		Degenerate pivots by request (e.g., to fix a PL constraint): 0 (0.00%)
		Average time per pivot: 0.00 milli
	Total number of fake pivots performed: 0
	Total number of rows added: 0. Number of merged columns: 0
	Current tableau dimensions: M = 893, N = 2399
	--- SMT Core Statistics ---
	Total depth is 0. Total visited states: 1. Number of splits: 0. Number of pops: 0
	Max stack depth: 0
	--- Bound Tightening Statistics ---
	Number of tightened bounds: 0.
		Number of rows examined by row tightener: 0. Consequent tightenings: 0
		Number of explicit basis matrices examined by row tightener: 0. Consequent tightenings: 0
		Number of bound tightening rounds on the entire constraint matrix: 0. Consequent tightenings: 0
		Number of bound notifications sent to PL constraints: 606. Tightenings proposed: 0
	--- Basis Factorization statistics ---
	Number of basis refactorizations: 2
	--- Projected Steepest Edge Statistics ---
	Number of iterations: 0.
	Number of resets to reference space: 1. Avg. iterations per reset: 0
	--- SBT ---
	Number of tightened bounds: 562
	--- SoI-based local search ---
	Number of proposed phase pattern update: 0. Number of accepted update: 0 [0.00%]
	Total time (% of local search time) updating SoI phase pattern : 0 milli [0.00%]
	Total time obtaining current assignment: 0 milli [0.00%]
	Total time getting SoI phase pattern : 0 milli [0.00%]
	--- Context dependent statistics ---
	Number of pushes / pops: 0 / 0
		[0.00%] Pre-Push hook: 0 milli
		[0.00%] Push : 0 milli
		[0.00%] Post-Pop hook: 0 milli
		[0.00%] Pop : 0 milli
		[0.00%] Total context-switching time: 0 milli
	--- Proof Certificate ---
	Number of certified leaves: 0
	Number of leaves to delegate: 0

---

Engine::solve: sat assignment found

02:33:06 Statistics update:
	--- Time Statistics ---
	Total time elapsed: 17348 milli (00:00:17)
		Main loop: 15681 milli (00:00:15)
		Preprocessing time: 825 milli (00:00:00)
		Unknown: 842 milli (00:00:00)
	Breakdown for main loop:
		[32.88%] Simplex steps: 5156 milli
		[66.32%] Explicit-basis bound tightening: 10399 milli
		[0.00%] Constraint-matrix bound tightening: 0 milli
		[0.20%] Degradation checking: 32 milli
		[0.00%] Precision restoration: 0 milli
		[0.09%] Statistics handling: 13 milli
		[0.00%] Constraint-fixing steps: 0 milli
		[0.00%] Valid case splits: 0 milli. Average per split: 0.00 milli
		[0.00%] Applying stored bound-tightening: 0 milli
		[0.00%] SMT core: 0 milli
		[0.71%] Symbolic Bound Tightening: 111 milli
		[0.02%] SoI-based local search: 3 milli
		[0.00%] SoI-based local search: 0 milli
		[117636873927192.05%] Unaccounted for: 0 milli
	--- Preprocessor Statistics ---
	Number of preprocessor bound-tightening loop iterations: 3
	Number of eliminated variables: 155
	Number of constraints removed due to variable elimination: 155
	Number of equations removed due to variable elimination: 0
	--- Engine Statistics ---
	Number of main loop iterations: 473
		471 iterations were simplex steps. Total time: 5156 milli. Average: 10.95 milli.
		0 iterations were constraint-fixing steps. Total time: 0 milli. Average: 0.00 milli
	Number of active piecewise-linear constraints: 101 / 101
		Constraints disabled by valid splits: 0. By SMT-originated splits: 0
	Last reported degradation: 0.0000004913. Max degradation so far: 0.0000000000. Restorations so far: 0
	Number of simplex pivots we attempted to skip because of instability: 0.
	Unstable pivots performed anyway: 0
	--- Tableau Statistics ---
	Total number of pivots performed: 436
		Real pivots: 436. Degenerate: 0 (0.00%)
		Degenerate pivots by request (e.g., to fix a PL constraint): 0 (0.00%)
		Average time per pivot: 1.56 milli
	Total number of fake pivots performed: 33
	Total number of rows added: 0. Number of merged columns: 0
	Current tableau dimensions: M = 893, N = 2399
	--- SMT Core Statistics ---
	Total depth is 0. Total visited states: 1. Number of splits: 0. Number of pops: 0
	Max stack depth: 0
	--- Bound Tightening Statistics ---
	Number of tightened bounds: 0.
		Number of rows examined by row tightener: 436. Consequent tightenings: 0
		Number of explicit basis matrices examined by row tightener: 5. Consequent tightenings: 338
		Number of bound tightening rounds on the entire constraint matrix: 0. Consequent tightenings: 0
		Number of bound notifications sent to PL constraints: 1212. Tightenings proposed: 0
	--- Basis Factorization statistics ---
	Number of basis refactorizations: 5
	--- Projected Steepest Edge Statistics ---
	Number of iterations: 469.
	Number of resets to reference space: 1. Avg. iterations per reset: 469
	--- SBT ---
	Number of tightened bounds: 562
	--- SoI-based local search ---
	Number of proposed phase pattern update: 0. Number of accepted update: 1 [0.00%]
	Total time (% of local search time) updating SoI phase pattern : 619 milli [16.02%]
	Total time obtaining current assignment: 310 milli [8.02%]
	Total time getting SoI phase pattern : 53 milli [0.00%]
	--- Context dependent statistics ---
	Number of pushes / pops: 0 / 0
		[0.00%] Pre-Push hook: 0 milli
		[0.00%] Push : 0 milli
		[0.00%] Post-Pop hook: 0 milli
		[0.00%] Pop : 0 milli
		[0.00%] Total context-switching time: 0 milli
	--- Proof Certificate ---
	Number of certified leaves: 0
	Number of leaves to delegate: 0
sat
Input assignment:
	x0 = -0.076486
	x1 = -1.139943
	x2 = -1.324675
	x3 = 0.432396
	x4 = -0.801278
	x5 = 0.217789
	x6 = 1.100696
	x7 = -0.163504
	x8 = -2.393834
	x9 = 0.743287
	x10 = 0.554007
	x11 = -3.045487
	x12 = -0.078689
	x13 = -0.243468
	x14 = -0.911447
	x15 = 0.500894
	x16 = 2.720415
	x17 = -2.622271
	x18 = -2.141908
	x19 = 3.151175
	x20 = 0.664483
	x21 = -1.002567
	x22 = -0.461073
	x23 = 0.766188
	x24 = 2.333301
	x25 = -0.484102
	x26 = 0.113825
	x27 = -1.307859
	x28 = 0.079673
	x29 = -0.039849
	x30 = -0.497253
	x31 = -1.230033
	x32 = -0.616125
	x33 = 1.871577
	x34 = -1.878728
	x35 = -0.445536
	x36 = 0.180631
	x37 = -0.187423
	x38 = 0.702138
	x39 = -0.999779
	x40 = 1.025241
	x41 = -0.779495
	x42 = 0.457488
	x43 = 0.071448
	x44 = 1.688087
	x45 = -0.204905
	x46 = 1.789470
	x47 = -0.901141
	x48 = 0.298914
	x49 = 0.341374
	x50 = 1.309893
	x51 = -2.229039
	x52 = 0.180070
	x53 = -3.339702
	x54 = 0.915425
	x55 = -0.213296
	x56 = 1.199898
	x57 = -0.196663
	x58 = -0.250745
	x59 = 4.065869
	x60 = -1.429701
	x61 = 0.677971
	x62 = 3.110151
	x63 = 0.379313
	x64 = 3.693252
	x65 = 1.760960
	x66 = -1.044429
	x67 = 1.103146
	x68 = 2.006719
	x69 = 1.268451
	x70 = -0.638618
	x71 = -0.728778
	x72 = 1.871572
	x73 = -3.138310
	x74 = -1.069948
	x75 = 0.972026
	x76 = -0.256716
	x77 = -0.085822
	x78 = 0.564207
	x79 = 0.620293
	x80 = 0.913243
	x81 = -1.900118
	x82 = 0.886322
	x83 = -1.618829
	x84 = 0.047359
	x85 = 0.076888
	x86 = 1.836931
	x87 = -0.738509
	x88 = -1.340006
	x89 = -2.058989
	x90 = -0.758541
	x91 = -1.760319
	x92 = 0.789017
	x93 = 0.032866
	x94 = 1.840688
	x95 = -1.350397
	x96 = -0.392946
	x97 = -1.906035
	x98 = 1.350888
	x99 = -1.720437
	x100 = -0.441732
	x101 = -2.249464
	x102 = 0.793193
	x103 = -1.019972
	x104 = -0.942163
	x105 = -1.209775
	x106 = -0.660404
	x107 = 1.265252
	x108 = -2.412916
	x109 = -2.756280
	x110 = 1.010718
	x111 = 0.098682
	x112 = -1.241935
	x113 = -1.129355
	x114 = 1.163665
	x115 = -0.104909
	x116 = -0.747593
	x117 = 3.109260
	x118 = 0.514310
	x119 = -0.713448
	x120 = 0.116505
	x121 = 2.061769
	x122 = 1.764399
	x123 = -0.943736
	x124 = 2.350011
	x125 = -1.569746
	x126 = 0.459942
	x127 = 1.309104
	x128 = 2.138676
	x129 = 1.895047
	x130 = 0.285232
	x131 = 1.174986
	x132 = 0.128865
	x133 = 1.304834
	x134 = 2.563071
	x135 = -0.328841
	x136 = -1.848761
	x137 = 0.671979
	x138 = 0.955504
	x139 = -1.145133
	x140 = 3.334074
	x141 = -0.142003
	x142 = 0.625525
	x143 = -0.208828
	x144 = -0.163716
	x145 = -1.545519
	x146 = -1.298470
	x147 = -0.651557
	x148 = -0.064062
	x149 = 0.583632
	x150 = -2.564216
	x151 = -0.621501
	x152 = -0.291183
	x153 = -0.277565
	x154 = 0.961639
	x155 = -1.627104
	x156 = -2.127819
	x157 = 2.017057
	x158 = 3.244574
	x159 = -2.325706
	x160 = 2.918814
	x161 = 0.076754
	x162 = -0.302653
	x163 = -1.212019
	x164 = -3.108386
	x165 = -1.014692
	x166 = -0.081197
	x167 = 3.250574
	x168 = -1.410451
	x169 = -1.487958
	x170 = -1.940376
	x171 = 0.784385
	x172 = 0.889356
	x173 = 1.027229
	x174 = 0.606332
	x175 = 1.492552
	x176 = 2.134664
	x177 = 0.068852
	x178 = -1.750287
	x179 = -0.378228
	x180 = -0.584630
	x181 = -2.524155
	x182 = 1.386537
	x183 = -0.847103
	x184 = 1.771314
	x185 = -0.857797
	x186 = 1.846474
	x187 = 0.125780
	x188 = 0.761178
	x189 = -0.200991
	x190 = -0.869328
	x191 = 1.889428
	x192 = 1.433426
	x193 = 2.196272
	x194 = -0.566469
	x195 = -0.591675
	x196 = -0.717581
	x197 = 1.160181
	x198 = -2.212877
	x199 = 0.090682
	x200 = -3.077798
	x201 = 1.064940
	x202 = -2.515499
	x203 = -0.824648
	x204 = 0.836331
	x205 = -0.446135
	x206 = -1.836171
	x207 = -0.106092
	x208 = 1.571065
	x209 = 1.556039
	x210 = 0.040548
	x211 = 1.418336
	x212 = -3.060564
	x213 = -1.116800
	x214 = -0.951023
	x215 = -0.887125
	x216 = -0.175495
	x217 = 0.617963
	x218 = 0.805231
	x219 = -0.170033
	x220 = 2.151509
	x221 = -0.710030
	x222 = 1.053315
	x223 = 0.721966
	x224 = 3.847512
	x225 = -2.273215
	x226 = 4.280046
	x227 = 1.241696
	x228 = 2.583072
	x229 = 0.661249
	x230 = 0.330190
	x231 = 1.149790
	x232 = -0.000107
	x233 = 0.383740
	x234 = -1.000440
	x235 = -3.837381
	x236 = 0.365144
	x237 = 1.577699
	x238 = 0.245605
	x239 = 8.387821
	x240 = 0.920861
	x241 = -2.153448
	x242 = 2.572129
	x243 = -0.430378
	x244 = 0.022927
	x245 = 0.780750
	x246 = -2.864988
	x247 = -1.348211
	x248 = -0.845542
	x249 = 0.002201
	x250 = 1.273407
	x251 = 0.735829
	x252 = 0.629271
	x253 = -1.127432
	x254 = -2.895031
	x255 = -0.822800
	x256 = -0.790066
	x257 = 1.023738
	x258 = -3.637632
	x259 = 2.508614
	x260 = -3.114829
	x261 = -1.061566
	x262 = -0.234367
	x263 = 0.148751
	x264 = 0.049382
	x265 = 1.441134
	x266 = -0.950599
	x267 = -0.297136
	x268 = 2.199660
	x269 = -0.267520
	x270 = 2.648615
	x271 = -0.705404
	x272 = 0.907898
	x273 = 0.445277
	x274 = 1.028345
	x275 = 2.914109
	x276 = 0.267134
	x277 = 0.940432
	x278 = 0.670559
	x279 = 2.276593
	x280 = 1.531554
	x281 = 2.532603
	x282 = 0.597224
	x283 = -0.038239
	x284 = -0.007176
	x285 = 0.063757
	x286 = -0.079325
	x287 = 0.508706
	x288 = -0.007534
	x289 = -0.951881
	x290 = 2.057936
	x291 = -0.390669
	x292 = 0.095617
	x293 = 0.869249
	x294 = 0.070846
	x295 = 1.515412
	x296 = -0.991822
	x297 = 2.091754
	x298 = -10.379762
	x299 = 3.512100
	x300 = 3.125352
	x301 = -1.044168
	x302 = -0.670949
	x303 = -3.595394
	x304 = -2.614701
	x305 = -0.571436
	x306 = 0.218338
	x307 = -2.224984
	x308 = -0.063996
	x309 = 0.883973
	x310 = -0.151579
	x311 = 2.844197
	x312 = -1.498564
	x313 = -2.507058
	x314 = -2.060895
	x315 = -0.545696
	x316 = 1.403821
	x317 = -0.315824
	x318 = 1.401792
	x319 = -2.976667
	x320 = -0.238282
	x321 = 0.387090
	x322 = -1.562196
	x323 = -0.292472
	x324 = 1.165416
	x325 = -2.567527
	x326 = -0.784945
	x327 = 0.792753
	x328 = 2.625170
	x329 = 0.228685
	x330 = -0.204226
	x331 = 1.937811
	x332 = -3.134125
	x333 = 0.249742
	x334 = 1.973505
	x335 = -0.759540
	x336 = 1.754573
	x337 = 0.371052
	x338 = -1.064117
	x339 = 0.206954
	x340 = 0.622478
	x341 = 0.993189
	x342 = -2.013885
	x343 = -0.047428
	x344 = 0.005461
	x345 = 0.505314
	x346 = 0.758857
	x347 = 0.402673
	x348 = -1.384174
	x349 = 1.601462
	x350 = -0.789398
	x351 = -0.571774
	x352 = 1.425474
	x353 = -3.281821
	x354 = 1.223293
	x355 = -0.043036
	x356 = 1.780275
	x357 = 1.365694
	x358 = -0.342555
	x359 = 4.128950
	x360 = -0.016249
	x361 = -0.707668
	x362 = -1.694038
	x363 = -2.407112
	x364 = -0.301036
	x365 = 1.090850
	x366 = -0.743844
	x367 = 2.005122
	x368 = -1.157100
	x369 = -1.845592
	x370 = -0.401317
	x371 = 2.002510
	x372 = 2.244423
	x373 = -1.314686
	x374 = 2.260920
	x375 = -0.524186
	x376 = -0.939857
	x377 = -0.176708
	x378 = 2.779174
	x379 = 0.282278
	x380 = 1.873133
	x381 = 0.437440
	x382 = -3.360108
	x383 = 0.600854
	x384 = 0.704682
	x385 = 0.134125
	x386 = -1.706173
	x387 = -0.943160
	x388 = -0.766950
	x389 = -0.288400
	x390 = -0.210799
	x391 = -1.355848
	x392 = 1.559669
	x393 = -0.726895
	x394 = -0.987255
	x395 = -0.845551
	x396 = 0.197432
	x397 = 1.601790
	x398 = 0.895874
	x399 = 0.684874
	x400 = -0.166679
	x401 = -1.329512
	x402 = 1.292750
	x403 = -1.860821
	x404 = 0.027971
	x405 = 0.458883
	x406 = -1.298364
	x407 = 2.560991
	x408 = 0.463407
	x409 = 0.817427
	x410 = -0.490938
	x411 = 0.211760
	x412 = 1.806340
	x413 = 2.107167
	x414 = -1.910999
	x415 = 1.776629
	x416 = -0.899058
	x417 = -0.154714
	x418 = -1.798819
	x419 = -1.528148
	x420 = -0.684448
	x421 = -2.848641
	x422 = 0.749063
	x423 = -0.334635
	x424 = 1.036951
	x425 = 1.542233
	x426 = -5.374254
	x427 = -0.387353
	x428 = -2.282956
	x429 = 1.709213
	x430 = -0.052109
	x431 = -2.471010
	x432 = -2.139794
	x433 = -0.503643
	x434 = 0.209396
	x435 = 0.001015
	x436 = 0.603316
	x437 = 0.258000
	x438 = 0.179864
	x439 = -0.411326
	x440 = -3.002163
	x441 = -1.680911
	x442 = -2.880578
	x443 = -1.716748
	x444 = -1.221426
	x445 = 2.711246
	x446 = -2.412846
	x447 = -0.254707
	x448 = -1.832259
	x449 = 1.878104
	x450 = 0.773388
	x451 = -2.606500
	x452 = 1.294661
	x453 = -0.437191
	x454 = -0.305361
	x455 = -2.152624
	x456 = 0.588016
	x457 = 2.080378
	x458 = 0.868272
	x459 = 0.816729
	x460 = 0.088651
	x461 = 0.520117
	x462 = -1.465379
	x463 = -0.759226
	x464 = -1.146422
	x465 = -1.798824
	x466 = -1.169242
	x467 = 1.909177
	x468 = 0.912683
	x469 = -1.171705
	x470 = -0.418398
	x471 = -0.995639
	x472 = -2.629996
	x473 = -2.520628
	x474 = -2.016186
	x475 = -1.147773
	x476 = -0.613852
	x477 = -0.439540
	x478 = 0.730971
	x479 = 0.227972
	x480 = 1.726093
	x481 = -1.140207
	x482 = 0.024662
	x483 = 0.476044
	x484 = 0.125259
	x485 = 2.393131
	x486 = 3.791883
	x487 = -1.491204
	x488 = -0.149842
	x489 = 1.412336
	x490 = 0.310129
	x491 = -2.825952
	x492 = -0.019360
	x493 = -1.333857
	x494 = -0.950753
	x495 = -0.375576
	x496 = -0.316934
	x497 = 1.173510
	x498 = -0.454147
	x499 = -0.711203
	x500 = 1.447827
	x501 = -0.363860
	x502 = -2.893402
	x503 = 0.260458
	x504 = -0.001888
	x505 = 2.366002
	x506 = -0.454079
	x507 = 3.133858
	x508 = -1.627167
	x509 = -2.125572
	x510 = -2.252448
	x511 = 0.644792

Output:
	y0 = -10.632202
	y1 = 8.175400
	y2 = -9.731770
	y3 = -10.359067
	y4 = 10.517054
	y5 = -12.639442
	y6 = -7.916702
	y7 = 10.001784
	y8 = -9.842026
	y9 = -12.079239
	y10 = 13.354234
	y11 = -11.022665
	y12 = -9.199816
	y13 = 13.566040
	y14 = -8.883850
	y15 = -7.625729
	y16 = 11.572452
	y17 = -6.513034
	y18 = -12.107268
	y19 = 7.795373
	y20 = -14.152287
	y21 = -8.781646
	y22 = 8.485554
	y23 = -12.763125
	y24 = -12.643070
	y25 = 10.661203
	y26 = -13.425467
	y27 = -12.169291
	y28 = 7.192032
	y29 = -13.061109
	y30 = -9.364151
	y31 = 29.907812
	y32 = -10.798448
	y33 = -6.529974
	y34 = 11.413877
	y35 = -9.096605
	y36 = -4.472940
	y37 = 11.509727
	y38 = -3.799741
	y39 = -5.672871
	y40 = 12.607036
	y41 = -9.408438
	y42 = -11.972856
	y43 = 17.089093
	y44 = -14.321020
	y45 = -10.085756
	y46 = 6.536767
	y47 = -12.161051
	y48 = -6.647691
	y49 = 5.408863
	y50 = -7.485323
	y51 = -5.756064
	y52 = 10.163659
	y53 = -7.307754
	y54 = -2.285520
	y55 = 29.944458
	y56 = -2.589655
	y57 = -1.384004
	y58 = -12.086356
	y59 = 6.828057
	y60 = 7.011130
	y61 = -9.884380
	y62 = -1.127789
	y63 = -0.637837
	y64 = 15.451601
	y65 = -1.798238
	y66 = -6.129163
	y67 = 13.741930
	y68 = -5.580229
	y69 = -8.094991
	y70 = 12.907737
	y71 = -10.008690
	y72 = -7.733878
	y73 = 6.500156
	y74 = -6.135084
	y75 = -6.920940
	y76 = 11.692580
	y77 = -6.849531
	y78 = 0.511698
	y79 = 14.237503
	y80 = 1.898638
	y81 = 9.162278
	y82 = -28.115395
	y83 = 13.900092
	y84 = 9.584020
	y85 = -24.053120
	y86 = 16.017234
	y87 = 0.452855
	y88 = 12.830190
	y89 = -2.316819
	y90 = -3.016856
	y91 = 9.651278
	y92 = -4.147828
	y93 = -8.540986
	y94 = 11.096461
	y95 = -8.587064
	y96 = -9.114794
	y97 = 16.649466
	y98 = -6.398897
	y99 = -3.331798
	y100 = 10.236269
	y101 = -6.059715
	y102 = 7.849555
	y103 = -13.377170
	y104 = -1.631725
	y105 = 11.375886
	y106 = -25.389077
	y107 = 15.073053
	y108 = 10.402957
	y109 = -25.184422
	y110 = 14.141711
	y111 = 6.279688
	y112 = -11.054256
	y113 = -0.731201
	y114 = -4.491116
	y115 = 8.816142
	y116 = -9.996661
	y117 = -6.740722
	y118 = 11.305693
	y119 = -8.923582
	y120 = -9.802655
	y121 = 13.968005
	y122 = -10.071169
	y123 = -4.783416
	y124 = 9.610765
	y125 = -6.899064
	y126 = -1.615936
	y127 = 12.438133
	y128 = -2.493038
	y129 = 2.098928
	y130 = -2.548640
	y131 = 6.157479
	y132 = 1.000634
	y133 = -9.230287
	y134 = 8.276852
	y135 = 1.734518
	y136 = -6.610020
	y137 = 6.008952
	y138 = -5.663732
	y139 = 10.771083
	y140 = -7.134274
	y141 = -8.399029
	y142 = 5.643535
	y143 = -9.458283
	y144 = -10.575765
	y145 = 13.122029
	y146 = -13.502265
	y147 = -12.085473
	y148 = 15.067379
	y149 = -12.406946
	y150 = -8.596343
	y151 = 15.775246
	y152 = -6.510986
	y153 = -7.025559
	y154 = 28.237626
	y155 = -6.878074
	y156 = -7.561111
	y157 = 26.187517
	y158 = -6.667867
	y159 = -6.049057
	y160 = 26.564511
	y161 = -5.746888
	y162 = -10.826411
	y163 = 13.460258
	y164 = -11.161430
	y165 = -9.004586
	y166 = 9.536239
	y167 = -13.164285
	y168 = -11.717366
	y169 = 11.309507
	y170 = -12.458770
	y171 = -14.373047
	y172 = 11.973043
	y173 = -13.520849
	y174 = -11.281115
	y175 = 17.020786
	y176 = -11.062977
	y177 = -14.124797
	y178 = 15.080797
	y179 = -12.633970
	y180 = -11.322700
	y181 = 11.668931
	y182 = -8.203893
	y183 = -12.315907
	y184 = 11.107807
	y185 = -7.717472
	y186 = -14.867402
	y187 = 10.554441
	y188 = -9.890429
	y189 = -14.716081
	y190 = 10.956314
	y191 = -11.472148

