InputQuery: /home/levn/Workspace/othello_world/queries/head_robust/group_7/game_87_adv_labels_11_eps_0.1.txt
Engine::processInputQuery: Input query (before preprocessing): 62 equations, 573 variables
Engine::processInputQuery: Input query (after preprocessing): 62 equations, 574 variables

Input bounds:
	x0: [  0.9831,   1.1831] 
	x1: [ -1.5413,  -1.3413] 
	x2: [ -1.2258,  -1.0258] 
	x3: [  0.3579,   0.5579] 
	x4: [  1.6955,   1.8955] 
	x5: [ -0.4611,  -0.2611] 
	x6: [  1.9671,   2.1671] 
	x7: [ -0.9021,  -0.7021] 
	x8: [ -1.2771,  -1.0771] 
	x9: [  2.1780,   2.3780] 
	x10: [  2.8719,   3.0719] 
	x11: [ -0.1521,   0.0479] 
	x12: [ -3.8382,  -3.6382] 
	x13: [ -0.7502,  -0.5502] 
	x14: [ -0.4245,  -0.2245] 
	x15: [ -1.2706,  -1.0706] 
	x16: [ -0.2841,  -0.0841] 
	x17: [  1.5044,   1.7044] 
	x18: [ -0.8778,  -0.6778] 
	x19: [ -0.4014,  -0.2014] 
	x20: [ -0.4425,  -0.2425] 
	x21: [ -0.1439,   0.0561] 
	x22: [ -2.6554,  -2.4554] 
	x23: [  0.8383,   1.0383] 
	x24: [ -0.6940,  -0.4940] 
	x25: [  1.0257,   1.2257] 
	x26: [  1.4382,   1.6382] 
	x27: [ -0.6164,  -0.4164] 
	x28: [  0.9464,   1.1464] 
	x29: [ -0.3728,  -0.1728] 
	x30: [ -2.3392,  -2.1392] 
	x31: [ -0.0077,   0.1923] 
	x32: [  0.8537,   1.0537] 
	x33: [  0.8963,   1.0963] 
	x34: [  0.2202,   0.4202] 
	x35: [ -2.1318,  -1.9318] 
	x36: [  2.2759,   2.4759] 
	x37: [  0.0400,   0.2400] 
	x38: [  0.1274,   0.3274] 
	x39: [ -2.9697,  -2.7697] 
	x40: [  2.7541,   2.9541] 
	x41: [  1.7064,   1.9064] 
	x42: [ -0.2293,  -0.0293] 
	x43: [  0.4746,   0.6746] 
	x44: [ -1.9771,  -1.7771] 
	x45: [ -1.7528,  -1.5528] 
	x46: [  0.5259,   0.7259] 
	x47: [ -0.4666,  -0.2666] 
	x48: [  1.3739,   1.5739] 
	x49: [ -0.7879,  -0.5879] 
	x50: [  1.0648,   1.2648] 
	x51: [  0.9063,   1.1063] 
	x52: [  0.9450,   1.1450] 
	x53: [ -0.0820,   0.1180] 
	x54: [  2.3239,   2.5239] 
	x55: [ -1.1255,  -0.9255] 
	x56: [ -0.1705,   0.0295] 
	x57: [  1.4501,   1.6501] 
	x58: [ -0.8888,  -0.6888] 
	x59: [ -1.4455,  -1.2455] 
	x60: [  1.3254,   1.5254] 
	x61: [  2.0456,   2.2456] 
	x62: [  0.0046,   0.2046] 
	x63: [ -0.2896,  -0.0896] 
	x64: [  1.6415,   1.8415] 
	x65: [ -0.8714,  -0.6714] 
	x66: [ -3.0481,  -2.8481] 
	x67: [  0.4101,   0.6101] 
	x68: [ -1.1005,  -0.9005] 
	x69: [  1.7757,   1.9757] 
	x70: [ -3.6687,  -3.4687] 
	x71: [ -0.6197,  -0.4197] 
	x72: [ -0.3203,  -0.1203] 
	x73: [ -1.0713,  -0.8713] 
	x74: [ -0.1264,   0.0736] 
	x75: [ -1.9866,  -1.7866] 
	x76: [  0.1527,   0.3527] 
	x77: [  0.2040,   0.4040] 
	x78: [  0.0613,   0.2613] 
	x79: [ -0.6251,  -0.4251] 
	x80: [ -0.5149,  -0.3149] 
	x81: [ -0.7041,  -0.5041] 
	x82: [  1.2525,   1.4525] 
	x83: [ -1.3758,  -1.1758] 
	x84: [ -2.1651,  -1.9651] 
	x85: [ -0.2080,  -0.0080] 
	x86: [ -0.5129,  -0.3129] 
	x87: [ -0.7135,  -0.5135] 
	x88: [ -0.4611,  -0.2611] 
	x89: [ -0.0252,   0.1748] 
	x90: [  2.1889,   2.3889] 
	x91: [  1.2039,   1.4039] 
	x92: [ -4.2120,  -4.0120] 
	x93: [ -2.8231,  -2.6231] 
	x94: [  2.7268,   2.9268] 
	x95: [  2.9945,   3.1945] 
	x96: [  0.5541,   0.7541] 
	x97: [  0.1625,   0.3625] 
	x98: [  2.8620,   3.0620] 
	x99: [ -0.0419,   0.1581] 
	x100: [ -0.7867,  -0.5867] 
	x101: [ -2.3080,  -2.1080] 
	x102: [  2.3744,   2.5744] 
	x103: [ -0.8771,  -0.6771] 
	x104: [  2.4679,   2.6679] 
	x105: [ -1.9609,  -1.7609] 
	x106: [  0.5194,   0.7194] 
	x107: [  0.0811,   0.2811] 
	x108: [ -0.1826,   0.0174] 
	x109: [ -0.0796,   0.1204] 
	x110: [ -1.2485,  -1.0485] 
	x111: [ -1.7447,  -1.5447] 
	x112: [ -0.5556,  -0.3556] 
	x113: [ -0.5416,  -0.3416] 
	x114: [ -2.5505,  -2.3505] 
	x115: [ -3.1662,  -2.9662] 
	x116: [  1.7606,   1.9606] 
	x117: [ -2.4757,  -2.2757] 
	x118: [ -0.9248,  -0.7248] 
	x119: [  1.1460,   1.3460] 
	x120: [  1.9483,   2.1483] 
	x121: [  2.1139,   2.3139] 
	x122: [  3.4217,   3.6217] 
	x123: [  0.2655,   0.4655] 
	x124: [ -0.2107,  -0.0107] 
	x125: [  0.6147,   0.8147] 
	x126: [  2.6165,   2.8165] 
	x127: [  1.3911,   1.5911] 
	x128: [  0.2171,   0.4171] 
	x129: [ -2.2108,  -2.0108] 
	x130: [  1.0485,   1.2485] 
	x131: [ -0.3236,  -0.1236] 
	x132: [  0.7172,   0.9172] 
	x133: [  1.4919,   1.6919] 
	x134: [ -1.1380,  -0.9380] 
	x135: [ -2.8524,  -2.6524] 
	x136: [  2.0961,   2.2961] 
	x137: [  0.3461,   0.5461] 
	x138: [  1.1619,   1.3619] 
	x139: [ -1.0011,  -0.8011] 
	x140: [  0.4281,   0.6281] 
	x141: [ -0.1033,   0.0967] 
	x142: [  2.5110,   2.7110] 
	x143: [  2.0875,   2.2875] 
	x144: [ -0.4183,  -0.2183] 
	x145: [  2.0678,   2.2678] 
	x146: [  1.0705,   1.2705] 
	x147: [ -1.2992,  -1.0992] 
	x148: [  0.4744,   0.6744] 
	x149: [ -0.7271,  -0.5271] 
	x150: [ -1.7201,  -1.5201] 
	x151: [  3.4198,   3.6198] 
	x152: [  0.7930,   0.9930] 
	x153: [ -1.3888,  -1.1888] 
	x154: [  0.3657,   0.5657] 
	x155: [  1.1168,   1.3168] 
	x156: [ -0.7176,  -0.5176] 
	x157: [  1.1831,   1.3831] 
	x158: [ -1.6115,  -1.4115] 
	x159: [ -0.6541,  -0.4541] 
	x160: [ -1.6022,  -1.4022] 
	x161: [  2.5772,   2.7772] 
	x162: [  2.7996,   2.9996] 
	x163: [ -1.2746,  -1.0746] 
	x164: [ -2.7528,  -2.5528] 
	x165: [ -0.0723,   0.1277] 
	x166: [ -0.9967,  -0.7967] 
	x167: [  1.7813,   1.9813] 
	x168: [  0.4250,   0.6250] 
	x169: [ -0.5462,  -0.3462] 
	x170: [ -0.3078,  -0.1078] 
	x171: [ -1.3073,  -1.1073] 
	x172: [  1.5049,   1.7049] 
	x173: [  0.6378,   0.8378] 
	x174: [ -1.0059,  -0.8059] 
	x175: [  1.9373,   2.1373] 
	x176: [ -1.5481,  -1.3481] 
	x177: [  3.2661,   3.4661] 
	x178: [ -2.4098,  -2.2098] 
	x179: [ -2.3862,  -2.1862] 
	x180: [ -2.2099,  -2.0099] 
	x181: [  1.0908,   1.2908] 
	x182: [  0.8674,   1.0674] 
	x183: [ -4.4587,  -4.2587] 
	x184: [ -1.4680,  -1.2680] 
	x185: [  0.8362,   1.0362] 
	x186: [ -1.6755,  -1.4755] 
	x187: [  0.9439,   1.1439] 
	x188: [  2.6267,   2.8267] 
	x189: [  1.1541,   1.3541] 
	x190: [  1.6947,   1.8947] 
	x191: [ -0.5111,  -0.3111] 
	x192: [ -0.6923,  -0.4923] 
	x193: [  0.2377,   0.4377] 
	x194: [  0.7938,   0.9938] 
	x195: [  1.7054,   1.9054] 
	x196: [ -1.7294,  -1.5294] 
	x197: [ -1.3490,  -1.1490] 
	x198: [ -0.8292,  -0.6292] 
	x199: [  0.9178,   1.1178] 
	x200: [  3.7208,   3.9208] 
	x201: [  2.1127,   2.3127] 
	x202: [ -1.8076,  -1.6076] 
	x203: [ -0.8677,  -0.6677] 
	x204: [  0.1497,   0.3497] 
	x205: [ -0.3169,  -0.1169] 
	x206: [ -2.5813,  -2.3813] 
	x207: [ -0.0897,   0.1103] 
	x208: [  1.0676,   1.2676] 
	x209: [ -0.9856,  -0.7856] 
	x210: [ -3.7299,  -3.5299] 
	x211: [ -1.1552,  -0.9552] 
	x212: [ -1.0351,  -0.8351] 
	x213: [  0.1700,   0.3700] 
	x214: [ -0.3326,  -0.1326] 
	x215: [  3.5418,   3.7418] 
	x216: [ -0.6167,  -0.4167] 
	x217: [ -1.0941,  -0.8941] 
	x218: [  1.3547,   1.5547] 
	x219: [  0.0621,   0.2621] 
	x220: [ -1.8509,  -1.6509] 
	x221: [ -4.8685,  -4.6685] 
	x222: [ -1.6867,  -1.4867] 
	x223: [ -1.7338,  -1.5338] 
	x224: [ -1.2511,  -1.0511] 
	x225: [ -0.5534,  -0.3534] 
	x226: [ -0.3799,  -0.1799] 
	x227: [ -2.2111,  -2.0111] 
	x228: [  2.0489,   2.2489] 
	x229: [  3.0196,   3.2196] 
	x230: [  2.1021,   2.3021] 
	x231: [  1.0366,   1.2366] 
	x232: [  2.8173,   3.0173] 
	x233: [  0.7284,   0.9284] 
	x234: [ -0.8342,  -0.6342] 
	x235: [  1.8982,   2.0982] 
	x236: [ -0.0259,   0.1741] 
	x237: [ -0.8643,  -0.6643] 
	x238: [ -2.4674,  -2.2674] 
	x239: [  4.0895,   4.2895] 
	x240: [ -0.5867,  -0.3867] 
	x241: [ -3.7814,  -3.5814] 
	x242: [ -2.6228,  -2.4228] 
	x243: [  1.6066,   1.8066] 
	x244: [  0.6325,   0.8325] 
	x245: [ -0.2440,  -0.0440] 
	x246: [ -1.4943,  -1.2943] 
	x247: [ -0.6653,  -0.4653] 
	x248: [ -0.4579,  -0.2579] 
	x249: [  0.4156,   0.6156] 
	x250: [ -2.9522,  -2.7522] 
	x251: [ -3.1873,  -2.9873] 
	x252: [ -3.2601,  -3.0601] 
	x253: [ -3.6316,  -3.4316] 
	x254: [ -2.6864,  -2.4864] 
	x255: [ -4.0890,  -3.8890] 
	x256: [  1.2465,   1.4465] 
	x257: [  1.3064,   1.5064] 
	x258: [ -0.5182,  -0.3182] 
	x259: [ -1.5598,  -1.3598] 
	x260: [  0.5570,   0.7570] 
	x261: [ -0.0150,   0.1850] 
	x262: [ -2.6576,  -2.4576] 
	x263: [  0.1279,   0.3279] 
	x264: [ -0.4486,  -0.2486] 
	x265: [ -0.1572,   0.0428] 
	x266: [ -3.3693,  -3.1693] 
	x267: [  0.3110,   0.5110] 
	x268: [ -1.3329,  -1.1329] 
	x269: [ -1.3464,  -1.1464] 
	x270: [  3.6826,   3.8826] 
	x271: [  2.4067,   2.6067] 
	x272: [ -0.6096,  -0.4096] 
	x273: [  0.1519,   0.3519] 
	x274: [  3.3947,   3.5947] 
	x275: [  0.3301,   0.5301] 
	x276: [ -3.7871,  -3.5871] 
	x277: [ -0.8020,  -0.6020] 
	x278: [ -4.0774,  -3.8774] 
	x279: [  6.0590,   6.2590] 
	x280: [  0.1004,   0.3004] 
	x281: [ -1.4970,  -1.2970] 
	x282: [ -0.1042,   0.0958] 
	x283: [  1.2327,   1.4327] 
	x284: [ -3.1213,  -2.9213] 
	x285: [ -0.4987,  -0.2987] 
	x286: [ -0.7679,  -0.5679] 
	x287: [  1.9244,   2.1244] 
	x288: [ -1.9987,  -1.7987] 
	x289: [  4.2576,   4.4576] 
	x290: [  0.7436,   0.9436] 
	x291: [  0.3577,   0.5577] 
	x292: [ -2.3416,  -2.1416] 
	x293: [  1.4795,   1.6795] 
	x294: [  0.4439,   0.6439] 
	x295: [ -0.8900,  -0.6900] 
	x296: [ -1.5825,  -1.3825] 
	x297: [  0.6760,   0.8760] 
	x298: [ -3.8625,  -3.6625] 
	x299: [  0.9343,   1.1343] 
	x300: [  1.1316,   1.3316] 
	x301: [  0.5223,   0.7223] 
	x302: [  0.7470,   0.9470] 
	x303: [  0.2353,   0.4353] 
	x304: [ -0.5368,  -0.3368] 
	x305: [ -2.5861,  -2.3861] 
	x306: [  0.3104,   0.5104] 
	x307: [  1.2656,   1.4656] 
	x308: [ -0.1989,   0.0011] 
	x309: [  0.0670,   0.2670] 
	x310: [ -0.0030,   0.1970] 
	x311: [ -1.2084,  -1.0084] 
	x312: [  1.2642,   1.4642] 
	x313: [ -0.1268,   0.0732] 
	x314: [ -2.7617,  -2.5617] 
	x315: [ -1.6327,  -1.4327] 
	x316: [  1.0274,   1.2274] 
	x317: [ -0.7148,  -0.5148] 
	x318: [  1.6758,   1.8758] 
	x319: [ -0.8402,  -0.6402] 
	x320: [  0.8975,   1.0975] 
	x321: [  0.7821,   0.9821] 
	x322: [ -1.9570,  -1.7570] 
	x323: [  0.4763,   0.6763] 
	x324: [ -1.7603,  -1.5603] 
	x325: [ -2.7620,  -2.5620] 
	x326: [ -1.0377,  -0.8377] 
	x327: [  3.5812,   3.7812] 
	x328: [  1.6988,   1.8988] 
	x329: [  2.2702,   2.4702] 
	x330: [  2.3638,   2.5638] 
	x331: [ -1.1459,  -0.9459] 
	x332: [  0.2331,   0.4331] 
	x333: [  0.4304,   0.6304] 
	x334: [ -0.9115,  -0.7115] 
	x335: [ -0.7208,  -0.5208] 
	x336: [  0.2039,   0.4039] 
	x337: [ -1.6121,  -1.4121] 
	x338: [  0.2311,   0.4311] 
	x339: [  1.0558,   1.2558] 
	x340: [  0.9635,   1.1635] 
	x341: [  0.4015,   0.6015] 
	x342: [  1.8609,   2.0609] 
	x343: [  1.0446,   1.2446] 
	x344: [  1.5952,   1.7952] 
	x345: [ -3.3273,  -3.1273] 
	x346: [  1.2459,   1.4459] 
	x347: [  1.9614,   2.1614] 
	x348: [ -2.4168,  -2.2168] 
	x349: [  3.9915,   4.1915] 
	x350: [ -0.6056,  -0.4056] 
	x351: [ -0.3678,  -0.1678] 
	x352: [ -0.5295,  -0.3295] 
	x353: [ -0.1485,   0.0515] 
	x354: [  2.0312,   2.2312] 
	x355: [ -0.7080,  -0.5080] 
	x356: [  0.0018,   0.2018] 
	x357: [  1.2582,   1.4582] 
	x358: [  0.3189,   0.5189] 
	x359: [ -1.3599,  -1.1599] 
	x360: [ -1.1422,  -0.9422] 
	x361: [  1.4092,   1.6092] 
	x362: [  1.0134,   1.2134] 
	x363: [ -1.2567,  -1.0567] 
	x364: [ -2.4883,  -2.2883] 
	x365: [ -1.0079,  -0.8079] 
	x366: [  0.3069,   0.5069] 
	x367: [  2.8770,   3.0770] 
	x368: [  0.9663,   1.1663] 
	x369: [  3.4367,   3.6367] 
	x370: [ -1.0181,  -0.8181] 
	x371: [ -1.9314,  -1.7314] 
	x372: [ -0.2092,  -0.0092] 
	x373: [ -1.8247,  -1.6247] 
	x374: [ -4.3691,  -4.1691] 
	x375: [ -2.7821,  -2.5821] 
	x376: [ -1.2915,  -1.0915] 
	x377: [ -1.0050,  -0.8050] 
	x378: [  1.4394,   1.6394] 
	x379: [ -2.1829,  -1.9829] 
	x380: [ -0.2991,  -0.0991] 
	x381: [ -0.3065,  -0.1065] 
	x382: [ -3.4277,  -3.2277] 
	x383: [  3.0938,   3.2938] 
	x384: [ -1.3869,  -1.1869] 
	x385: [  2.2004,   2.4004] 
	x386: [ -2.7183,  -2.5183] 
	x387: [  3.5915,   3.7915] 
	x388: [ -2.7474,  -2.5474] 
	x389: [ -5.2716,  -5.0716] 
	x390: [ -2.4430,  -2.2430] 
	x391: [ -2.1297,  -1.9297] 
	x392: [ -0.2735,  -0.0735] 
	x393: [ -0.1377,   0.0623] 
	x394: [  0.0132,   0.2132] 
	x395: [ -0.6263,  -0.4263] 
	x396: [  1.2402,   1.4402] 
	x397: [  0.3761,   0.5761] 
	x398: [  0.5659,   0.7659] 
	x399: [ -0.6705,  -0.4705] 
	x400: [  0.2747,   0.4747] 
	x401: [  0.6474,   0.8474] 
	x402: [ -1.2171,  -1.0171] 
	x403: [ -0.7617,  -0.5617] 
	x404: [ -0.7966,  -0.5966] 
	x405: [ -1.1452,  -0.9452] 
	x406: [  1.6716,   1.8716] 
	x407: [  0.9958,   1.1958] 
	x408: [  1.3703,   1.5703] 
	x409: [ -3.2174,  -3.0174] 
	x410: [ -2.4064,  -2.2064] 
	x411: [ -0.8293,  -0.6293] 
	x412: [  0.7653,   0.9653] 
	x413: [ -1.5613,  -1.3613] 
	x414: [  0.1780,   0.3780] 
	x415: [  1.0108,   1.2108] 
	x416: [ -0.1066,   0.0934] 
	x417: [  0.0342,   0.2342] 
	x418: [  0.3262,   0.5262] 
	x419: [  1.1681,   1.3681] 
	x420: [ -0.0121,   0.1879] 
	x421: [  0.2034,   0.4034] 
	x422: [  0.7009,   0.9009] 
	x423: [ -0.8110,  -0.6110] 
	x424: [ -3.0183,  -2.8183] 
	x425: [  1.1687,   1.3687] 
	x426: [  2.5369,   2.7369] 
	x427: [  0.9589,   1.1589] 
	x428: [  1.4316,   1.6316] 
	x429: [  2.6044,   2.8044] 
	x430: [  0.6810,   0.8810] 
	x431: [  1.7264,   1.9264] 
	x432: [  2.5749,   2.7749] 
	x433: [ -0.7560,  -0.5560] 
	x434: [  0.7811,   0.9811] 
	x435: [ -0.6979,  -0.4979] 
	x436: [ -0.9391,  -0.7391] 
	x437: [  0.2621,   0.4621] 
	x438: [  2.2650,   2.4650] 
	x439: [  0.9241,   1.1241] 
	x440: [ -2.4792,  -2.2792] 
	x441: [  0.0710,   0.2710] 
	x442: [ -0.1086,   0.0914] 
	x443: [ -2.3918,  -2.1918] 
	x444: [ -2.1942,  -1.9942] 
	x445: [  0.2403,   0.4403] 
	x446: [ -1.0474,  -0.8474] 
	x447: [  2.0563,   2.2563] 
	x448: [ -0.8013,  -0.6013] 
	x449: [  2.4965,   2.6965] 
	x450: [ -5.1260,  -4.9260] 
	x451: [ -0.4577,  -0.2577] 
	x452: [ -1.5891,  -1.3891] 
	x453: [  0.4610,   0.6610] 
	x454: [  0.5549,   0.7549] 
	x455: [ -1.4479,  -1.2479] 
	x456: [ -1.5124,  -1.3124] 
	x457: [  0.7067,   0.9067] 
	x458: [ -0.0922,   0.1078] 
	x459: [  0.6014,   0.8014] 
	x460: [ -0.1914,   0.0086] 
	x461: [  0.9912,   1.1912] 
	x462: [  1.8708,   2.0708] 
	x463: [ -1.0675,  -0.8675] 
	x464: [ -1.6722,  -1.4722] 
	x465: [ -1.2714,  -1.0714] 
	x466: [  0.3637,   0.5637] 
	x467: [ -1.9479,  -1.7479] 
	x468: [ -0.4831,  -0.2831] 
	x469: [  1.4627,   1.6627] 
	x470: [ -0.3804,  -0.1804] 
	x471: [ -1.4636,  -1.2636] 
	x472: [  1.0079,   1.2079] 
	x473: [  1.8351,   2.0351] 
	x474: [  0.2758,   0.4758] 
	x475: [  0.8643,   1.0643] 
	x476: [ -1.8299,  -1.6299] 
	x477: [  2.2979,   2.4979] 
	x478: [ -1.1919,  -0.9919] 
	x479: [ -0.4488,  -0.2488] 
	x480: [ -0.9654,  -0.7654] 
	x481: [  0.3394,   0.5394] 
	x482: [ -0.3279,  -0.1279] 
	x483: [ -0.7573,  -0.5573] 
	x484: [  0.8712,   1.0712] 
	x485: [  0.7448,   0.9448] 
	x486: [  2.5968,   2.7968] 
	x487: [  3.1253,   3.3253] 
	x488: [ -0.5589,  -0.3589] 
	x489: [  1.6157,   1.8157] 
	x490: [ -1.4494,  -1.2494] 
	x491: [  1.3340,   1.5340] 
	x492: [ -0.0180,   0.1820] 
	x493: [  1.7973,   1.9973] 
	x494: [ -0.9984,  -0.7984] 
	x495: [ -0.7343,  -0.5343] 
	x496: [ -1.5153,  -1.3153] 
	x497: [ -2.1925,  -1.9925] 
	x498: [ -0.9672,  -0.7672] 
	x499: [  0.3316,   0.5316] 
	x500: [ -2.6567,  -2.4567] 
	x501: [ -1.1050,  -0.9050] 
	x502: [  0.1359,   0.3359] 
	x503: [ -0.2973,  -0.0973] 
	x504: [ -3.4099,  -3.2099] 
	x505: [ -0.9697,  -0.7697] 
	x506: [  3.7258,   3.9258] 
	x507: [  2.1512,   2.3512] 
	x508: [  4.5268,   4.7268] 
	x509: [ -2.1482,  -1.9482] 
	x510: [ -0.8187,  -0.6187] 
	x511: [ -1.5010,  -1.3010] 

Branching heuristics set to PseudoImpact

Engine::solve: Initial statistics

03:02:25 Statistics update:
	--- Time Statistics ---
	Total time elapsed: 82 milli (00:00:00)
		Main loop: 0 milli (00:00:00)
		Preprocessing time: 36 milli (00:00:00)
		Unknown: 45 milli (00:00:00)
	Breakdown for main loop:
		[0.00%] Simplex steps: 0 milli
		[0.00%] Explicit-basis bound tightening: 0 milli
		[0.00%] Constraint-matrix bound tightening: 0 milli
		[0.00%] Degradation checking: 0 milli
		[0.00%] Precision restoration: 0 milli
		[0.00%] Statistics handling: 0 milli
		[0.00%] Constraint-fixing steps: 0 milli
		[0.00%] Valid case splits: 0 milli. Average per split: 0.00 milli
		[0.00%] Applying stored bound-tightening: 0 milli
		[0.00%] SMT core: 0 milli
		[0.00%] Symbolic Bound Tightening: 6 milli
		[0.00%] SoI-based local search: 0 milli
		[0.00%] SoI-based local search: 0 milli
		[0.00%] Unaccounted for: 0 milli
	--- Preprocessor Statistics ---
	Number of preprocessor bound-tightening loop iterations: 2
	Number of eliminated variables: 0
	Number of constraints removed due to variable elimination: 0
	Number of equations removed due to variable elimination: 0
	--- Engine Statistics ---
	Number of main loop iterations: 1
		0 iterations were simplex steps. Total time: 0 milli. Average: 0.00 milli.
		0 iterations were constraint-fixing steps. Total time: 0 milli. Average: 0.00 milli
	Number of active piecewise-linear constraints: 0 / 0
		Constraints disabled by valid splits: 0. By SMT-originated splits: 0
	Last reported degradation: 0.0000000000. Max degradation so far: 0.0000000000. Restorations so far: 0
	Number of simplex pivots we attempted to skip because of instability: 0.
	Unstable pivots performed anyway: 0
	--- Tableau Statistics ---
	Total number of pivots performed: 0
		Real pivots: 0. Degenerate: 0 (0.00%)
		Degenerate pivots by request (e.g., to fix a PL constraint): 0 (0.00%)
		Average time per pivot: 0.00 milli
	Total number of fake pivots performed: 0
	Total number of rows added: 0. Number of merged columns: 0
	Current tableau dimensions: M = 62, N = 636
	--- SMT Core Statistics ---
	Total depth is 0. Total visited states: 1. Number of splits: 0. Number of pops: 0
	Max stack depth: 0
	--- Bound Tightening Statistics ---
	Number of tightened bounds: 0.
		Number of rows examined by row tightener: 0. Consequent tightenings: 0
		Number of explicit basis matrices examined by row tightener: 0. Consequent tightenings: 0
		Number of bound tightening rounds on the entire constraint matrix: 0. Consequent tightenings: 0
		Number of bound notifications sent to PL constraints: 0. Tightenings proposed: 0
	--- Basis Factorization statistics ---
	Number of basis refactorizations: 2
	--- Projected Steepest Edge Statistics ---
	Number of iterations: 0.
	Number of resets to reference space: 1. Avg. iterations per reset: 0
	--- SBT ---
	Number of tightened bounds: 1
	--- SoI-based local search ---
	Number of proposed phase pattern update: 0. Number of accepted update: 0 [0.00%]
	Total time (% of local search time) updating SoI phase pattern : 0 milli [0.00%]
	Total time obtaining current assignment: 0 milli [0.00%]
	Total time getting SoI phase pattern : 0 milli [0.00%]
	--- Context dependent statistics ---
	Number of pushes / pops: 0 / 0
		[0.00%] Pre-Push hook: 0 milli
		[0.00%] Push : 0 milli
		[0.00%] Post-Pop hook: 0 milli
		[0.00%] Pop : 0 milli
		[0.00%] Total context-switching time: 0 milli
	--- Proof Certificate ---
	Number of certified leaves: 0
	Number of leaves to delegate: 0

---
Before declaring sat, recomputing...

Engine::solve: sat assignment found

03:02:25 Statistics update:
	--- Time Statistics ---
	Total time elapsed: 121 milli (00:00:00)
		Main loop: 39 milli (00:00:00)
		Preprocessing time: 36 milli (00:00:00)
		Unknown: 45 milli (00:00:00)
	Breakdown for main loop:
		[1.96%] Simplex steps: 0 milli
		[94.15%] Explicit-basis bound tightening: 36 milli
		[0.00%] Constraint-matrix bound tightening: 0 milli
		[0.00%] Degradation checking: 0 milli
		[0.00%] Precision restoration: 0 milli
		[0.00%] Statistics handling: 0 milli
		[0.00%] Constraint-fixing steps: 0 milli
		[0.00%] Valid case splits: 0 milli. Average per split: 0.00 milli
		[0.00%] Applying stored bound-tightening: 0 milli
		[0.00%] SMT core: 0 milli
		[20.19%] Symbolic Bound Tightening: 7 milli
		[0.00%] SoI-based local search: 0 milli
		[0.00%] SoI-based local search: 0 milli
		[47007655251285728.00%] Unaccounted for: 0 milli
	--- Preprocessor Statistics ---
	Number of preprocessor bound-tightening loop iterations: 2
	Number of eliminated variables: 0
	Number of constraints removed due to variable elimination: 0
	Number of equations removed due to variable elimination: 0
	--- Engine Statistics ---
	Number of main loop iterations: 11
		8 iterations were simplex steps. Total time: 0 milli. Average: 0.00 milli.
		0 iterations were constraint-fixing steps. Total time: 0 milli. Average: 0.00 milli
	Number of active piecewise-linear constraints: 0 / 0
		Constraints disabled by valid splits: 0. By SMT-originated splits: 0
	Last reported degradation: 0.0000000000. Max degradation so far: 0.0000000000. Restorations so far: 0
	Number of simplex pivots we attempted to skip because of instability: 0.
	Unstable pivots performed anyway: 0
	--- Tableau Statistics ---
	Total number of pivots performed: 1
		Real pivots: 1. Degenerate: 0 (0.00%)
		Degenerate pivots by request (e.g., to fix a PL constraint): 0 (0.00%)
		Average time per pivot: 0.00 milli
	Total number of fake pivots performed: 7
	Total number of rows added: 0. Number of merged columns: 0
	Current tableau dimensions: M = 62, N = 636
	--- SMT Core Statistics ---
	Total depth is 0. Total visited states: 1. Number of splits: 0. Number of pops: 0
	Max stack depth: 0
	--- Bound Tightening Statistics ---
	Number of tightened bounds: 0.
		Number of rows examined by row tightener: 1. Consequent tightenings: 0
		Number of explicit basis matrices examined by row tightener: 8. Consequent tightenings: 0
		Number of bound tightening rounds on the entire constraint matrix: 0. Consequent tightenings: 0
		Number of bound notifications sent to PL constraints: 0. Tightenings proposed: 0
	--- Basis Factorization statistics ---
	Number of basis refactorizations: 2
	--- Projected Steepest Edge Statistics ---
	Number of iterations: 8.
	Number of resets to reference space: 1. Avg. iterations per reset: 8
	--- SBT ---
	Number of tightened bounds: 1
	--- SoI-based local search ---
	Number of proposed phase pattern update: 0. Number of accepted update: 0 [0.00%]
	Total time (% of local search time) updating SoI phase pattern : 0 milli [0.00%]
	Total time obtaining current assignment: 0 milli [0.00%]
	Total time getting SoI phase pattern : 0 milli [0.00%]
	--- Context dependent statistics ---
	Number of pushes / pops: 0 / 0
		[0.00%] Pre-Push hook: 0 milli
		[0.00%] Push : 0 milli
		[0.00%] Post-Pop hook: 0 milli
		[0.00%] Pop : 0 milli
		[0.00%] Total context-switching time: 0 milli
	--- Proof Certificate ---
	Number of certified leaves: 0
	Number of leaves to delegate: 0
sat
Input assignment:
	x0 = 1.183119
	x1 = -1.541275
	x2 = -1.225807
	x3 = 0.357936
	x4 = 1.695458
	x5 = -0.461137
	x6 = 1.967133
	x7 = -0.902094
	x8 = -1.277102
	x9 = 2.177991
	x10 = 2.871938
	x11 = -0.152130
	x12 = -3.838153
	x13 = -0.750181
	x14 = -0.424457
	x15 = -1.270625
	x16 = -0.284095
	x17 = 1.504438
	x18 = -0.877835
	x19 = -0.401409
	x20 = -0.442528
	x21 = -0.143870
	x22 = -2.655412
	x23 = 0.838282
	x24 = -0.694045
	x25 = 1.025656
	x26 = 1.438154
	x27 = -0.616418
	x28 = 0.946382
	x29 = -0.372814
	x30 = -2.339181
	x31 = -0.007684
	x32 = 0.853723
	x33 = 0.896343
	x34 = 0.220190
	x35 = -2.131755
	x36 = 2.275935
	x37 = 0.039993
	x38 = 0.127431
	x39 = -2.969728
	x40 = 2.754141
	x41 = 1.706445
	x42 = -0.229256
	x43 = 0.474636
	x44 = -1.977130
	x45 = -1.752797
	x46 = 0.525918
	x47 = -0.466607
	x48 = 1.373855
	x49 = -0.787877
	x50 = 1.064784
	x51 = 0.906287
	x52 = 0.944974
	x53 = -0.082033
	x54 = 2.323902
	x55 = -1.125500
	x56 = -0.170501
	x57 = 1.450134
	x58 = -0.888804
	x59 = -1.245547
	x60 = 1.325419
	x61 = 2.045579
	x62 = 0.004604
	x63 = -0.289613
	x64 = 1.641511
	x65 = -0.871401
	x66 = -3.048080
	x67 = 0.410126
	x68 = -1.100548
	x69 = 1.775712
	x70 = -3.668714
	x71 = -0.619734
	x72 = -0.320286
	x73 = -1.071339
	x74 = -0.126380
	x75 = -1.986642
	x76 = 0.152679
	x77 = 0.203970
	x78 = 0.061264
	x79 = -0.625076
	x80 = -0.514923
	x81 = -0.704054
	x82 = 1.252475
	x83 = -1.375805
	x84 = -2.165055
	x85 = -0.208002
	x86 = -0.512869
	x87 = -0.713458
	x88 = -0.461069
	x89 = -0.025223
	x90 = 2.188923
	x91 = 1.203871
	x92 = -4.012039
	x93 = -2.823137
	x94 = 2.726843
	x95 = 2.994524
	x96 = 0.554120
	x97 = 0.162460
	x98 = 2.861996
	x99 = -0.041903
	x100 = -0.786711
	x101 = -2.307977
	x102 = 2.374447
	x103 = -0.877052
	x104 = 2.467881
	x105 = -1.960892
	x106 = 0.519405
	x107 = 0.081142
	x108 = -0.182620
	x109 = -0.079560
	x110 = -1.248471
	x111 = -1.744659
	x112 = -0.555588
	x113 = -0.541559
	x114 = -2.550471
	x115 = -3.166166
	x116 = 1.760554
	x117 = -2.475731
	x118 = -0.924828
	x119 = 1.179154
	x120 = 1.948314
	x121 = 2.113940
	x122 = 3.421682
	x123 = 0.265458
	x124 = -0.210713
	x125 = 0.614750
	x126 = 2.616535
	x127 = 1.391126
	x128 = 0.217088
	x129 = -2.210803
	x130 = 1.048460
	x131 = -0.323633
	x132 = 0.717207
	x133 = 1.491879
	x134 = -1.137972
	x135 = -2.852410
	x136 = 2.096075
	x137 = 0.346061
	x138 = 1.161909
	x139 = -1.001094
	x140 = 0.428090
	x141 = -0.103320
	x142 = 2.511048
	x143 = 2.087465
	x144 = -0.418261
	x145 = 2.067773
	x146 = 1.070456
	x147 = -1.299187
	x148 = 0.474432
	x149 = -0.727095
	x150 = -1.720149
	x151 = 3.419836
	x152 = 0.793047
	x153 = -1.388806
	x154 = 0.365680
	x155 = 1.116823
	x156 = -0.717615
	x157 = 1.183133
	x158 = -1.611531
	x159 = -0.654118
	x160 = -1.602226
	x161 = 2.577247
	x162 = 2.799620
	x163 = -1.274601
	x164 = -2.752829
	x165 = -0.072287
	x166 = -0.996655
	x167 = 1.781283
	x168 = 0.425007
	x169 = -0.546224
	x170 = -0.307815
	x171 = -1.307272
	x172 = 1.504895
	x173 = 0.637773
	x174 = -1.005919
	x175 = 1.937331
	x176 = -1.548072
	x177 = 3.266127
	x178 = -2.409831
	x179 = -2.386248
	x180 = -2.209923
	x181 = 1.090777
	x182 = 0.867401
	x183 = -4.458706
	x184 = -1.467986
	x185 = 0.836246
	x186 = -1.675487
	x187 = 0.943850
	x188 = 2.626711
	x189 = 1.154108
	x190 = 1.694665
	x191 = -0.511090
	x192 = -0.692334
	x193 = 0.237712
	x194 = 0.793797
	x195 = 1.705396
	x196 = -1.729369
	x197 = -1.348997
	x198 = -0.829193
	x199 = 0.917760
	x200 = 3.720796
	x201 = 2.112674
	x202 = -1.807594
	x203 = -0.867722
	x204 = 0.149661
	x205 = -0.316852
	x206 = -2.581260
	x207 = -0.089677
	x208 = 1.067558
	x209 = -0.985611
	x210 = -3.729921
	x211 = -1.155154
	x212 = -1.035108
	x213 = 0.170007
	x214 = -0.332598
	x215 = 3.541821
	x216 = -0.616710
	x217 = -1.094079
	x218 = 1.354700
	x219 = 0.062111
	x220 = -1.850931
	x221 = -4.868516
	x222 = -1.686712
	x223 = -1.733792
	x224 = -1.051093
	x225 = -0.553386
	x226 = -0.379930
	x227 = -2.211062
	x228 = 2.048855
	x229 = 3.019564
	x230 = 2.102060
	x231 = 1.036622
	x232 = 2.817259
	x233 = 0.728446
	x234 = -0.834194
	x235 = 1.898201
	x236 = -0.025882
	x237 = -0.864260
	x238 = -2.467352
	x239 = 4.089470
	x240 = -0.586718
	x241 = -3.781402
	x242 = -2.622838
	x243 = 1.606593
	x244 = 0.632487
	x245 = -0.244026
	x246 = -1.494273
	x247 = -0.665344
	x248 = -0.457923
	x249 = 0.415627
	x250 = -2.952244
	x251 = -3.187266
	x252 = -3.260107
	x253 = -3.631597
	x254 = -2.686442
	x255 = -4.089011
	x256 = 1.246454
	x257 = 1.306394
	x258 = -0.518153
	x259 = -1.559756
	x260 = 0.557005
	x261 = -0.014981
	x262 = -2.657573
	x263 = 0.127889
	x264 = -0.448644
	x265 = -0.157241
	x266 = -3.369269
	x267 = 0.310997
	x268 = -1.332918
	x269 = -1.346407
	x270 = 3.682577
	x271 = 2.406706
	x272 = -0.609601
	x273 = 0.151902
	x274 = 3.394709
	x275 = 0.330131
	x276 = -3.787100
	x277 = -0.802003
	x278 = -4.077403
	x279 = 6.059026
	x280 = 0.100370
	x281 = -1.497047
	x282 = -0.104229
	x283 = 1.232727
	x284 = -3.121319
	x285 = -0.498719
	x286 = -0.767894
	x287 = 1.924361
	x288 = -1.998695
	x289 = 4.257612
	x290 = 0.743645
	x291 = 0.357744
	x292 = -2.341610
	x293 = 1.479502
	x294 = 0.443855
	x295 = -0.890045
	x296 = -1.582452
	x297 = 0.675995
	x298 = -3.862479
	x299 = 0.934319
	x300 = 1.131603
	x301 = 0.522325
	x302 = 0.746966
	x303 = 0.235309
	x304 = -0.536781
	x305 = -2.586062
	x306 = 0.310369
	x307 = 1.265632
	x308 = -0.198886
	x309 = 0.066994
	x310 = -0.003028
	x311 = -1.208351
	x312 = 1.264217
	x313 = -0.126819
	x314 = -2.761696
	x315 = -1.632711
	x316 = 1.027444
	x317 = -0.714791
	x318 = 1.675850
	x319 = -0.840233
	x320 = 0.897527
	x321 = 0.782096
	x322 = -1.957040
	x323 = 0.476305
	x324 = -1.760280
	x325 = -2.761967
	x326 = -1.037689
	x327 = 3.581242
	x328 = 1.698790
	x329 = 2.270217
	x330 = 2.363828
	x331 = -1.145949
	x332 = 0.233095
	x333 = 0.430429
	x334 = -0.911480
	x335 = -0.720811
	x336 = 0.203863
	x337 = -1.612075
	x338 = 0.231115
	x339 = 1.055780
	x340 = 0.963454
	x341 = 0.401542
	x342 = 1.860858
	x343 = 1.044614
	x344 = 1.595241
	x345 = -3.327260
	x346 = 1.245858
	x347 = 1.961386
	x348 = -2.416801
	x349 = 3.991545
	x350 = -0.605597
	x351 = -0.367817
	x352 = -0.529548
	x353 = -0.148519
	x354 = 2.031161
	x355 = -0.707979
	x356 = 0.001765
	x357 = 1.258200
	x358 = 0.318937
	x359 = -1.359903
	x360 = -1.142206
	x361 = 1.409214
	x362 = 1.013398
	x363 = -1.256703
	x364 = -2.488266
	x365 = -1.007922
	x366 = 0.306896
	x367 = 2.877020
	x368 = 0.966256
	x369 = 3.436674
	x370 = -1.018061
	x371 = -1.931371
	x372 = -0.209223
	x373 = -1.824674
	x374 = -4.369143
	x375 = -2.782113
	x376 = -1.291504
	x377 = -1.005035
	x378 = 1.439395
	x379 = -2.182892
	x380 = -0.299119
	x381 = -0.306463
	x382 = -3.427718
	x383 = 3.093849
	x384 = -1.386881
	x385 = 2.200354
	x386 = -2.718328
	x387 = 3.591529
	x388 = -2.747380
	x389 = -5.271621
	x390 = -2.442963
	x391 = -2.129747
	x392 = -0.273454
	x393 = -0.137672
	x394 = 0.013245
	x395 = -0.626260
	x396 = 1.240225
	x397 = 0.376059
	x398 = 0.565851
	x399 = -0.670535
	x400 = 0.274743
	x401 = 0.647430
	x402 = -1.217088
	x403 = -0.761716
	x404 = -0.796556
	x405 = -1.145206
	x406 = 1.671591
	x407 = 1.195827
	x408 = 1.370280
	x409 = -3.217373
	x410 = -2.406416
	x411 = -0.829275
	x412 = 0.765296
	x413 = -1.561305
	x414 = 0.177951
	x415 = 1.010793
	x416 = -0.106622
	x417 = 0.034236
	x418 = 0.326212
	x419 = 1.168083
	x420 = -0.012094
	x421 = 0.203378
	x422 = 0.700896
	x423 = -0.810961
	x424 = -3.018339
	x425 = 1.168674
	x426 = 2.536860
	x427 = 0.958891
	x428 = 1.431648
	x429 = 2.604361
	x430 = 0.680965
	x431 = 1.726369
	x432 = 2.574904
	x433 = -0.755993
	x434 = 0.781062
	x435 = -0.697864
	x436 = -0.939095
	x437 = 0.262093
	x438 = 2.264961
	x439 = 0.924104
	x440 = -2.479239
	x441 = 0.070965
	x442 = -0.108551
	x443 = -2.391845
	x444 = -2.194230
	x445 = 0.240278
	x446 = -1.047406
	x447 = 2.056309
	x448 = -0.801253
	x449 = 2.496453
	x450 = -5.126018
	x451 = -0.457675
	x452 = -1.589085
	x453 = 0.461035
	x454 = 0.554906
	x455 = -1.447890
	x456 = -1.512409
	x457 = 0.706712
	x458 = -0.092199
	x459 = 0.601356
	x460 = -0.191376
	x461 = 0.991203
	x462 = 1.870752
	x463 = -1.067520
	x464 = -1.672163
	x465 = -1.271393
	x466 = 0.363749
	x467 = -1.947898
	x468 = -0.483085
	x469 = 1.462730
	x470 = -0.380384
	x471 = -1.463622
	x472 = 1.007878
	x473 = 1.835053
	x474 = 0.275806
	x475 = 0.864324
	x476 = -1.829852
	x477 = 2.297882
	x478 = -1.191932
	x479 = -0.448820
	x480 = -0.765409
	x481 = 0.339363
	x482 = -0.327940
	x483 = -0.757302
	x484 = 0.871198
	x485 = 0.744810
	x486 = 2.596778
	x487 = 3.125268
	x488 = -0.558854
	x489 = 1.615718
	x490 = -1.449382
	x491 = 1.334038
	x492 = -0.017965
	x493 = 1.797328
	x494 = -0.998354
	x495 = -0.734329
	x496 = -1.515279
	x497 = -2.192492
	x498 = -0.967171
	x499 = 0.331640
	x500 = -2.656729
	x501 = -1.105005
	x502 = 0.135919
	x503 = -0.297318
	x504 = -3.409926
	x505 = -0.769722
	x506 = 3.725782
	x507 = 2.151193
	x508 = 4.526755
	x509 = -2.148198
	x510 = -0.818725
	x511 = -1.501021

Output:
	y0 = -5.822827
	y1 = -2.056745
	y2 = -2.140063
	y3 = -2.064212
	y4 = -2.330069
	y5 = -2.991915
	y6 = -2.068476
	y7 = -2.326893
	y8 = -3.351473
	y9 = -1.620908
	y10 = 7.792079
	y11 = 7.892120
	y12 = 7.868967
	y13 = -1.459083
	y14 = -2.753932
	y15 = 7.800946
	y16 = -3.805967
	y17 = -2.334858
	y18 = 7.784235
	y19 = -2.146908
	y20 = -3.036967
	y21 = -3.194707
	y22 = -2.387750
	y23 = -2.156212
	y24 = 7.735890
	y25 = -2.077694
	y26 = 7.839822
	y27 = -1.688936
	y28 = -3.530540
	y29 = -1.926070
	y30 = 7.886245
	y31 = -1.792799
	y32 = 7.856272
	y33 = -2.016370
	y34 = -2.583249
	y35 = -2.571905
	y36 = -0.934561
	y37 = -2.399958
	y38 = 7.910844
	y39 = -1.648128
	y40 = -2.840101
	y41 = -2.688665
	y42 = -2.362122
	y43 = -2.331032
	y44 = -2.415743
	y45 = -3.013456
	y46 = 7.892110
	y47 = -2.656150
	y48 = -1.185302
	y49 = -2.492515
	y50 = -2.178046
	y51 = -2.202592
	y52 = -2.733315
	y53 = -3.228733
	y54 = -3.344871
	y55 = -2.935796
	y56 = -2.408494
	y57 = -1.910593
	y58 = -2.055981
	y59 = -2.645618
	y60 = -2.607166

