InputQuery: /home/levn/Workspace/othello_world/queries/head_robust/group_7/game_7_adv_labels_51_eps_0.05.txt
Engine::processInputQuery: Input query (before preprocessing): 62 equations, 573 variables
Engine::processInputQuery: Input query (after preprocessing): 62 equations, 574 variables

Input bounds:
	x0: [  1.3358,   1.4358] 
	x1: [  0.1058,   0.2058] 
	x2: [ -1.8090,  -1.7090] 
	x3: [  2.5587,   2.6587] 
	x4: [  0.6945,   0.7945] 
	x5: [  0.5584,   0.6584] 
	x6: [  0.1525,   0.2525] 
	x7: [ -2.2733,  -2.1733] 
	x8: [  1.5158,   1.6158] 
	x9: [ -0.5707,  -0.4707] 
	x10: [  0.5335,   0.6335] 
	x11: [  0.8989,   0.9989] 
	x12: [ -5.1563,  -5.0563] 
	x13: [  1.2467,   1.3467] 
	x14: [  2.1300,   2.2300] 
	x15: [ -0.0488,   0.0512] 
	x16: [ -1.6462,  -1.5462] 
	x17: [  2.0440,   2.1440] 
	x18: [ -0.7047,  -0.6047] 
	x19: [  0.9335,   1.0335] 
	x20: [ -1.4141,  -1.3141] 
	x21: [  0.0903,   0.1903] 
	x22: [ -2.3175,  -2.2175] 
	x23: [ -1.4629,  -1.3629] 
	x24: [ -1.7745,  -1.6745] 
	x25: [ -0.7621,  -0.6621] 
	x26: [ -0.8290,  -0.7290] 
	x27: [ -0.1851,  -0.0851] 
	x28: [  1.0516,   1.1516] 
	x29: [ -0.0942,   0.0058] 
	x30: [  2.0941,   2.1941] 
	x31: [  2.7903,   2.8903] 
	x32: [  1.7080,   1.8080] 
	x33: [ -1.2179,  -1.1179] 
	x34: [  3.0210,   3.1210] 
	x35: [ -0.3403,  -0.2403] 
	x36: [ -1.1012,  -1.0012] 
	x37: [  0.9395,   1.0395] 
	x38: [  0.9912,   1.0912] 
	x39: [ -3.4416,  -3.3416] 
	x40: [  0.9583,   1.0583] 
	x41: [ -1.8912,  -1.7912] 
	x42: [  3.2166,   3.3166] 
	x43: [  2.3914,   2.4914] 
	x44: [ -0.1796,  -0.0796] 
	x45: [  1.5279,   1.6279] 
	x46: [ -0.9630,  -0.8630] 
	x47: [  3.4111,   3.5111] 
	x48: [ -0.9308,  -0.8308] 
	x49: [  0.3708,   0.4708] 
	x50: [  2.0288,   2.1288] 
	x51: [  1.8218,   1.9218] 
	x52: [  1.7773,   1.8773] 
	x53: [ -1.2156,  -1.1156] 
	x54: [ -0.7586,  -0.6586] 
	x55: [  1.3679,   1.4679] 
	x56: [  1.6286,   1.7286] 
	x57: [ -0.0241,   0.0759] 
	x58: [ -0.8930,  -0.7930] 
	x59: [  1.8270,   1.9270] 
	x60: [  2.0679,   2.1679] 
	x61: [ -4.1128,  -4.0128] 
	x62: [  0.1309,   0.2309] 
	x63: [ -3.0741,  -2.9741] 
	x64: [ -0.5604,  -0.4604] 
	x65: [  0.0952,   0.1952] 
	x66: [  0.5694,   0.6694] 
	x67: [ -0.8491,  -0.7491] 
	x68: [  0.4119,   0.5119] 
	x69: [ -2.8841,  -2.7841] 
	x70: [  1.6959,   1.7959] 
	x71: [  2.5688,   2.6688] 
	x72: [  1.1678,   1.2678] 
	x73: [  1.8726,   1.9726] 
	x74: [ -1.6894,  -1.5894] 
	x75: [ -3.2434,  -3.1434] 
	x76: [ -2.4026,  -2.3026] 
	x77: [  1.6367,   1.7367] 
	x78: [ -2.1238,  -2.0238] 
	x79: [  2.2688,   2.3688] 
	x80: [ -1.7844,  -1.6844] 
	x81: [ -2.7148,  -2.6148] 
	x82: [  0.9414,   1.0414] 
	x83: [ -1.6260,  -1.5260] 
	x84: [ -0.5000,  -0.4000] 
	x85: [ -1.4717,  -1.3717] 
	x86: [  1.0707,   1.1707] 
	x87: [ -3.7471,  -3.6471] 
	x88: [  0.0544,   0.1544] 
	x89: [  3.5818,   3.6818] 
	x90: [ -0.2501,  -0.1501] 
	x91: [  1.7392,   1.8392] 
	x92: [ -1.0986,  -0.9986] 
	x93: [  4.0327,   4.1327] 
	x94: [ -1.9027,  -1.8027] 
	x95: [  5.1987,   5.2987] 
	x96: [  0.9144,   1.0144] 
	x97: [  1.1536,   1.2536] 
	x98: [ -0.5851,  -0.4851] 
	x99: [ -0.8118,  -0.7118] 
	x100: [ -1.1519,  -1.0519] 
	x101: [  0.9189,   1.0189] 
	x102: [  1.2202,   1.3202] 
	x103: [  0.9257,   1.0257] 
	x104: [  1.4103,   1.5103] 
	x105: [  2.6971,   2.7971] 
	x106: [  2.2746,   2.3746] 
	x107: [  1.8134,   1.9134] 
	x108: [  0.9174,   1.0174] 
	x109: [ -1.0425,  -0.9425] 
	x110: [  0.0355,   0.1355] 
	x111: [ -1.2981,  -1.1981] 
	x112: [ -1.3007,  -1.2007] 
	x113: [  0.9844,   1.0844] 
	x114: [ -0.9277,  -0.8277] 
	x115: [  1.3834,   1.4834] 
	x116: [ -1.6237,  -1.5237] 
	x117: [  0.8499,   0.9499] 
	x118: [ -1.4935,  -1.3935] 
	x119: [  2.9739,   3.0739] 
	x120: [ -0.7702,  -0.6702] 
	x121: [ -1.4397,  -1.3397] 
	x122: [ -0.8795,  -0.7795] 
	x123: [ -2.7573,  -2.6573] 
	x124: [ -2.3736,  -2.2736] 
	x125: [  2.3978,   2.4978] 
	x126: [  0.4655,   0.5655] 
	x127: [  1.3441,   1.4441] 
	x128: [ -1.9301,  -1.8301] 
	x129: [  0.2549,   0.3549] 
	x130: [ -4.2331,  -4.1331] 
	x131: [ -0.4696,  -0.3696] 
	x132: [  2.2761,   2.3761] 
	x133: [ -0.5310,  -0.4310] 
	x134: [  3.2399,   3.3399] 
	x135: [ -2.5788,  -2.4788] 
	x136: [  1.0569,   1.1569] 
	x137: [  3.1923,   3.2923] 
	x138: [  0.5878,   0.6878] 
	x139: [ -0.3841,  -0.2841] 
	x140: [  0.6653,   0.7653] 
	x141: [  1.6958,   1.7958] 
	x142: [ -0.8006,  -0.7006] 
	x143: [ -1.4763,  -1.3763] 
	x144: [ -1.8982,  -1.7982] 
	x145: [  1.0487,   1.1487] 
	x146: [  0.5164,   0.6164] 
	x147: [  0.8375,   0.9375] 
	x148: [  2.2183,   2.3183] 
	x149: [  0.2094,   0.3094] 
	x150: [  3.4277,   3.5277] 
	x151: [  2.0940,   2.1940] 
	x152: [  2.2973,   2.3973] 
	x153: [ -1.4163,  -1.3163] 
	x154: [ -3.2645,  -3.1645] 
	x155: [ -1.2971,  -1.1971] 
	x156: [  0.3023,   0.4023] 
	x157: [  1.9421,   2.0421] 
	x158: [  1.8941,   1.9941] 
	x159: [ -0.1673,  -0.0673] 
	x160: [ -1.0304,  -0.9304] 
	x161: [ -1.2417,  -1.1417] 
	x162: [ -0.4900,  -0.3900] 
	x163: [ -0.1562,  -0.0562] 
	x164: [ -3.3200,  -3.2200] 
	x165: [ -0.8987,  -0.7987] 
	x166: [  3.0686,   3.1686] 
	x167: [  0.2958,   0.3958] 
	x168: [ -0.4683,  -0.3683] 
	x169: [  0.4751,   0.5751] 
	x170: [  0.6476,   0.7476] 
	x171: [ -0.4957,  -0.3957] 
	x172: [  0.5521,   0.6521] 
	x173: [  0.0575,   0.1575] 
	x174: [ -2.2548,  -2.1548] 
	x175: [  0.0666,   0.1666] 
	x176: [ -1.1633,  -1.0633] 
	x177: [  0.9581,   1.0581] 
	x178: [ -0.5206,  -0.4206] 
	x179: [ -2.8314,  -2.7314] 
	x180: [ -1.6941,  -1.5941] 
	x181: [  1.4826,   1.5826] 
	x182: [ -1.4830,  -1.3830] 
	x183: [ -1.8228,  -1.7228] 
	x184: [  3.3705,   3.4705] 
	x185: [ -3.3977,  -3.2977] 
	x186: [  1.2403,   1.3403] 
	x187: [ -0.0081,   0.0919] 
	x188: [  0.3047,   0.4047] 
	x189: [ -0.0760,   0.0240] 
	x190: [  0.3940,   0.4940] 
	x191: [ -0.5783,  -0.4783] 
	x192: [  1.0317,   1.1317] 
	x193: [  0.4617,   0.5617] 
	x194: [  1.6232,   1.7232] 
	x195: [ -0.2573,  -0.1573] 
	x196: [  0.6879,   0.7879] 
	x197: [ -1.4758,  -1.3758] 
	x198: [ -0.9221,  -0.8221] 
	x199: [  0.9136,   1.0136] 
	x200: [ -4.0043,  -3.9043] 
	x201: [  2.3870,   2.4870] 
	x202: [ -0.0950,   0.0050] 
	x203: [  1.8118,   1.9118] 
	x204: [  0.7229,   0.8229] 
	x205: [  0.3185,   0.4185] 
	x206: [  0.9859,   1.0859] 
	x207: [ -0.0445,   0.0555] 
	x208: [ -1.0619,  -0.9619] 
	x209: [ -0.4686,  -0.3686] 
	x210: [ -0.4568,  -0.3568] 
	x211: [ -0.7121,  -0.6121] 
	x212: [  3.0689,   3.1689] 
	x213: [ -1.4814,  -1.3814] 
	x214: [ -2.2049,  -2.1049] 
	x215: [ -1.0616,  -0.9616] 
	x216: [ -1.1514,  -1.0514] 
	x217: [  0.5493,   0.6493] 
	x218: [ -1.5527,  -1.4527] 
	x219: [  0.3550,   0.4550] 
	x220: [ -0.9432,  -0.8432] 
	x221: [  2.1882,   2.2882] 
	x222: [  0.8934,   0.9934] 
	x223: [ -1.1774,  -1.0774] 
	x224: [ -5.4359,  -5.3359] 
	x225: [  1.3883,   1.4883] 
	x226: [ -1.7582,  -1.6582] 
	x227: [  0.0985,   0.1985] 
	x228: [ -4.7875,  -4.6875] 
	x229: [  0.4205,   0.5205] 
	x230: [  4.1283,   4.2283] 
	x231: [ -0.2250,  -0.1250] 
	x232: [  0.7261,   0.8261] 
	x233: [ -0.7865,  -0.6865] 
	x234: [ -0.6540,  -0.5540] 
	x235: [  0.7955,   0.8955] 
	x236: [  0.2823,   0.3823] 
	x237: [ -1.0379,  -0.9379] 
	x238: [  0.3490,   0.4490] 
	x239: [  1.2570,   1.3570] 
	x240: [  1.8906,   1.9906] 
	x241: [  0.2819,   0.3819] 
	x242: [ -2.3851,  -2.2851] 
	x243: [  0.8099,   0.9099] 
	x244: [  0.8163,   0.9163] 
	x245: [  1.1111,   1.2111] 
	x246: [  0.7463,   0.8463] 
	x247: [  0.2139,   0.3139] 
	x248: [  2.3135,   2.4135] 
	x249: [ -0.9794,  -0.8794] 
	x250: [ -1.3652,  -1.2652] 
	x251: [  0.3678,   0.4678] 
	x252: [  0.6052,   0.7052] 
	x253: [ -0.6253,  -0.5253] 
	x254: [ -1.8830,  -1.7830] 
	x255: [ -2.2693,  -2.1693] 
	x256: [  0.2781,   0.3781] 
	x257: [  0.6930,   0.7930] 
	x258: [ -0.1819,  -0.0819] 
	x259: [ -2.5023,  -2.4023] 
	x260: [  0.1444,   0.2444] 
	x261: [  2.1361,   2.2361] 
	x262: [  0.1525,   0.2525] 
	x263: [ -0.6424,  -0.5424] 
	x264: [  0.7385,   0.8385] 
	x265: [ -1.7752,  -1.6752] 
	x266: [ -5.7755,  -5.6755] 
	x267: [ -0.4994,  -0.3994] 
	x268: [ -4.0997,  -3.9997] 
	x269: [ -1.5676,  -1.4676] 
	x270: [  2.3368,   2.4368] 
	x271: [ -0.9487,  -0.8487] 
	x272: [ -0.6649,  -0.5649] 
	x273: [ -0.2651,  -0.1651] 
	x274: [ -2.7379,  -2.6379] 
	x275: [  0.5576,   0.6576] 
	x276: [ -2.2106,  -2.1106] 
	x277: [  0.6934,   0.7934] 
	x278: [ -0.2810,  -0.1810] 
	x279: [  1.7843,   1.8843] 
	x280: [  0.4579,   0.5579] 
	x281: [ -0.6952,  -0.5952] 
	x282: [ -0.8187,  -0.7187] 
	x283: [  1.7821,   1.8821] 
	x284: [ -0.2122,  -0.1122] 
	x285: [  0.1108,   0.2108] 
	x286: [ -1.8222,  -1.7222] 
	x287: [ -3.6924,  -3.5924] 
	x288: [ -0.4073,  -0.3073] 
	x289: [  1.3677,   1.4677] 
	x290: [ -1.3223,  -1.2223] 
	x291: [  1.0523,   1.1523] 
	x292: [  1.3697,   1.4697] 
	x293: [ -1.7605,  -1.6605] 
	x294: [  2.4964,   2.5964] 
	x295: [  0.1123,   0.2123] 
	x296: [ -0.7816,  -0.6816] 
	x297: [  2.8217,   2.9217] 
	x298: [ -2.9536,  -2.8536] 
	x299: [ -2.0468,  -1.9468] 
	x300: [ -4.4753,  -4.3753] 
	x301: [  2.0482,   2.1482] 
	x302: [  1.0222,   1.1222] 
	x303: [  2.1429,   2.2429] 
	x304: [  0.7281,   0.8281] 
	x305: [  1.8019,   1.9019] 
	x306: [ -3.6569,  -3.5569] 
	x307: [ -1.7382,  -1.6382] 
	x308: [ -0.9146,  -0.8146] 
	x309: [ -1.2307,  -1.1307] 
	x310: [  1.6893,   1.7893] 
	x311: [  0.5516,   0.6516] 
	x312: [  1.7201,   1.8201] 
	x313: [  0.0137,   0.1137] 
	x314: [ -0.7941,  -0.6941] 
	x315: [ -2.3765,  -2.2765] 
	x316: [ -1.3334,  -1.2334] 
	x317: [ -1.8779,  -1.7779] 
	x318: [ -1.1252,  -1.0252] 
	x319: [  3.6246,   3.7246] 
	x320: [ -0.9231,  -0.8231] 
	x321: [  0.3058,   0.4058] 
	x322: [ -0.4891,  -0.3891] 
	x323: [  2.3269,   2.4269] 
	x324: [  2.2886,   2.3886] 
	x325: [  0.7606,   0.8606] 
	x326: [  0.1882,   0.2882] 
	x327: [ -3.1596,  -3.0596] 
	x328: [ -4.1345,  -4.0345] 
	x329: [  0.8809,   0.9809] 
	x330: [  0.7375,   0.8375] 
	x331: [ -0.8041,  -0.7041] 
	x332: [  3.6801,   3.7801] 
	x333: [  0.3394,   0.4394] 
	x334: [ -0.8605,  -0.7605] 
	x335: [ -2.3969,  -2.2969] 
	x336: [ -2.6508,  -2.5508] 
	x337: [  3.6097,   3.7097] 
	x338: [  0.3847,   0.4847] 
	x339: [ -0.5614,  -0.4614] 
	x340: [ -0.0442,   0.0558] 
	x341: [  0.7236,   0.8236] 
	x342: [  0.6762,   0.7762] 
	x343: [ -0.8648,  -0.7648] 
	x344: [ -0.1124,  -0.0124] 
	x345: [  2.0034,   2.1034] 
	x346: [ -0.1616,  -0.0616] 
	x347: [  0.8427,   0.9427] 
	x348: [  2.6750,   2.7750] 
	x349: [  1.2881,   1.3881] 
	x350: [ -1.0488,  -0.9488] 
	x351: [  1.1504,   1.2504] 
	x352: [ -2.4383,  -2.3383] 
	x353: [  1.7185,   1.8185] 
	x354: [  0.9588,   1.0588] 
	x355: [  0.2539,   0.3539] 
	x356: [ -0.8531,  -0.7531] 
	x357: [  1.6608,   1.7608] 
	x358: [  1.5298,   1.6298] 
	x359: [  0.1757,   0.2757] 
	x360: [ -4.0363,  -3.9363] 
	x361: [  0.3460,   0.4460] 
	x362: [  0.4348,   0.5348] 
	x363: [  2.4789,   2.5789] 
	x364: [ -0.0656,   0.0344] 
	x365: [  2.4542,   2.5542] 
	x366: [  2.0701,   2.1701] 
	x367: [  0.1723,   0.2723] 
	x368: [ -1.4283,  -1.3283] 
	x369: [ -2.0204,  -1.9204] 
	x370: [ -0.2594,  -0.1594] 
	x371: [ -3.4191,  -3.3191] 
	x372: [ -1.6534,  -1.5534] 
	x373: [  0.1612,   0.2612] 
	x374: [  0.4971,   0.5971] 
	x375: [ -1.7712,  -1.6712] 
	x376: [  0.9229,   1.0229] 
	x377: [  1.5223,   1.6223] 
	x378: [ -1.5667,  -1.4667] 
	x379: [  0.4946,   0.5946] 
	x380: [  2.2821,   2.3821] 
	x381: [  1.2280,   1.3280] 
	x382: [ -1.0442,  -0.9442] 
	x383: [ -1.9688,  -1.8688] 
	x384: [ -0.3990,  -0.2990] 
	x385: [  0.2870,   0.3870] 
	x386: [  2.7477,   2.8477] 
	x387: [ -0.7972,  -0.6972] 
	x388: [  1.3088,   1.4088] 
	x389: [ -2.9925,  -2.8925] 
	x390: [ -3.4260,  -3.3260] 
	x391: [ -4.3636,  -4.2636] 
	x392: [ -1.1038,  -1.0038] 
	x393: [ -3.3661,  -3.2661] 
	x394: [ -1.5339,  -1.4339] 
	x395: [  0.7655,   0.8655] 
	x396: [ -2.9677,  -2.8677] 
	x397: [  1.4976,   1.5976] 
	x398: [ -1.2919,  -1.1919] 
	x399: [  0.1645,   0.2645] 
	x400: [ -1.4197,  -1.3197] 
	x401: [ -0.8184,  -0.7184] 
	x402: [ -0.7942,  -0.6942] 
	x403: [  1.1481,   1.2481] 
	x404: [  0.2595,   0.3595] 
	x405: [ -0.7019,  -0.6019] 
	x406: [ -0.2128,  -0.1128] 
	x407: [  2.7511,   2.8511] 
	x408: [ -0.7869,  -0.6869] 
	x409: [  0.3573,   0.4573] 
	x410: [ -0.0129,   0.0871] 
	x411: [ -0.7231,  -0.6231] 
	x412: [ -0.6448,  -0.5448] 
	x413: [ -1.0303,  -0.9303] 
	x414: [ -3.3292,  -3.2292] 
	x415: [  4.0720,   4.1720] 
	x416: [  1.8382,   1.9382] 
	x417: [  2.1273,   2.2273] 
	x418: [  1.5465,   1.6465] 
	x419: [ -0.3365,  -0.2365] 
	x420: [  1.1932,   1.2932] 
	x421: [  2.9979,   3.0979] 
	x422: [  1.0231,   1.1231] 
	x423: [ -2.3136,  -2.2136] 
	x424: [ -0.2839,  -0.1839] 
	x425: [  1.0106,   1.1106] 
	x426: [  1.4168,   1.5168] 
	x427: [  0.8091,   0.9091] 
	x428: [ -0.1310,  -0.0310] 
	x429: [  2.1128,   2.2128] 
	x430: [ -0.2626,  -0.1626] 
	x431: [  0.6709,   0.7709] 
	x432: [  1.7526,   1.8526] 
	x433: [ -1.6043,  -1.5043] 
	x434: [  0.0319,   0.1319] 
	x435: [  0.8509,   0.9509] 
	x436: [ -5.1097,  -5.0097] 
	x437: [  0.2450,   0.3450] 
	x438: [  2.5904,   2.6904] 
	x439: [  1.8013,   1.9013] 
	x440: [  0.4890,   0.5890] 
	x441: [  0.3148,   0.4148] 
	x442: [  1.1077,   1.2077] 
	x443: [ -2.7637,  -2.6637] 
	x444: [  0.5147,   0.6147] 
	x445: [ -1.4523,  -1.3523] 
	x446: [ -0.9335,  -0.8335] 
	x447: [ -0.3864,  -0.2864] 
	x448: [ -1.8710,  -1.7710] 
	x449: [  0.4972,   0.5972] 
	x450: [  0.9747,   1.0747] 
	x451: [ -0.2029,  -0.1029] 
	x452: [  1.8194,   1.9194] 
	x453: [ -2.3044,  -2.2044] 
	x454: [ -0.0650,   0.0350] 
	x455: [  1.9501,   2.0501] 
	x456: [ -0.2910,  -0.1910] 
	x457: [  1.4118,   1.5118] 
	x458: [ -3.8332,  -3.7332] 
	x459: [  0.8736,   0.9736] 
	x460: [ -0.1123,  -0.0123] 
	x461: [ -2.4151,  -2.3151] 
	x462: [  1.2295,   1.3295] 
	x463: [ -4.0372,  -3.9372] 
	x464: [ -0.8921,  -0.7921] 
	x465: [ -0.0747,   0.0253] 
	x466: [ -2.2198,  -2.1198] 
	x467: [ -1.0904,  -0.9904] 
	x468: [ -1.3398,  -1.2398] 
	x469: [  0.6085,   0.7085] 
	x470: [ -2.4535,  -2.3535] 
	x471: [ -1.3262,  -1.2262] 
	x472: [ -1.9994,  -1.8994] 
	x473: [ -1.0808,  -0.9808] 
	x474: [ -2.2467,  -2.1467] 
	x475: [ -0.6025,  -0.5025] 
	x476: [ -0.8048,  -0.7048] 
	x477: [ -0.5780,  -0.4780] 
	x478: [  1.5175,   1.6175] 
	x479: [ -0.6380,  -0.5380] 
	x480: [ -0.9997,  -0.8997] 
	x481: [ -0.2673,  -0.1673] 
	x482: [ -0.2624,  -0.1624] 
	x483: [ -3.2061,  -3.1061] 
	x484: [  1.3589,   1.4589] 
	x485: [ -0.0398,   0.0602] 
	x486: [ -1.4106,  -1.3106] 
	x487: [ -0.3545,  -0.2545] 
	x488: [  0.5795,   0.6795] 
	x489: [  1.4205,   1.5205] 
	x490: [  2.6580,   2.7580] 
	x491: [ -0.7996,  -0.6996] 
	x492: [  0.1523,   0.2523] 
	x493: [  3.1283,   3.2283] 
	x494: [  3.1549,   3.2549] 
	x495: [  1.4746,   1.5746] 
	x496: [ -1.7384,  -1.6384] 
	x497: [ -0.2252,  -0.1252] 
	x498: [ -0.3145,  -0.2145] 
	x499: [  0.5066,   0.6066] 
	x500: [  0.1996,   0.2996] 
	x501: [  1.1784,   1.2784] 
	x502: [  0.3099,   0.4099] 
	x503: [ -0.8000,  -0.7000] 
	x504: [  1.9464,   2.0464] 
	x505: [  0.2372,   0.3372] 
	x506: [  0.4597,   0.5597] 
	x507: [ -1.2550,  -1.1550] 
	x508: [ -0.4667,  -0.3667] 
	x509: [ -1.9211,  -1.8211] 
	x510: [  2.9241,   3.0241] 
	x511: [ -0.0676,   0.0324] 

Branching heuristics set to PseudoImpact

Engine::solve: Initial statistics

03:02:25 Statistics update:
	--- Time Statistics ---
	Total time elapsed: 80 milli (00:00:00)
		Main loop: 0 milli (00:00:00)
		Preprocessing time: 35 milli (00:00:00)
		Unknown: 45 milli (00:00:00)
	Breakdown for main loop:
		[0.00%] Simplex steps: 0 milli
		[0.00%] Explicit-basis bound tightening: 0 milli
		[0.00%] Constraint-matrix bound tightening: 0 milli
		[0.00%] Degradation checking: 0 milli
		[0.00%] Precision restoration: 0 milli
		[0.00%] Statistics handling: 0 milli
		[0.00%] Constraint-fixing steps: 0 milli
		[0.00%] Valid case splits: 0 milli. Average per split: 0.00 milli
		[0.00%] Applying stored bound-tightening: 0 milli
		[0.00%] SMT core: 0 milli
		[0.00%] Symbolic Bound Tightening: 6 milli
		[0.00%] SoI-based local search: 0 milli
		[0.00%] SoI-based local search: 0 milli
		[0.00%] Unaccounted for: 0 milli
	--- Preprocessor Statistics ---
	Number of preprocessor bound-tightening loop iterations: 2
	Number of eliminated variables: 0
	Number of constraints removed due to variable elimination: 0
	Number of equations removed due to variable elimination: 0
	--- Engine Statistics ---
	Number of main loop iterations: 1
		0 iterations were simplex steps. Total time: 0 milli. Average: 0.00 milli.
		0 iterations were constraint-fixing steps. Total time: 0 milli. Average: 0.00 milli
	Number of active piecewise-linear constraints: 0 / 0
		Constraints disabled by valid splits: 0. By SMT-originated splits: 0
	Last reported degradation: 0.0000000000. Max degradation so far: 0.0000000000. Restorations so far: 0
	Number of simplex pivots we attempted to skip because of instability: 0.
	Unstable pivots performed anyway: 0
	--- Tableau Statistics ---
	Total number of pivots performed: 0
		Real pivots: 0. Degenerate: 0 (0.00%)
		Degenerate pivots by request (e.g., to fix a PL constraint): 0 (0.00%)
		Average time per pivot: 0.00 milli
	Total number of fake pivots performed: 0
	Total number of rows added: 0. Number of merged columns: 0
	Current tableau dimensions: M = 62, N = 636
	--- SMT Core Statistics ---
	Total depth is 0. Total visited states: 1. Number of splits: 0. Number of pops: 0
	Max stack depth: 0
	--- Bound Tightening Statistics ---
	Number of tightened bounds: 0.
		Number of rows examined by row tightener: 0. Consequent tightenings: 0
		Number of explicit basis matrices examined by row tightener: 0. Consequent tightenings: 0
		Number of bound tightening rounds on the entire constraint matrix: 0. Consequent tightenings: 0
		Number of bound notifications sent to PL constraints: 0. Tightenings proposed: 0
	--- Basis Factorization statistics ---
	Number of basis refactorizations: 2
	--- Projected Steepest Edge Statistics ---
	Number of iterations: 0.
	Number of resets to reference space: 1. Avg. iterations per reset: 0
	--- SBT ---
	Number of tightened bounds: 1
	--- SoI-based local search ---
	Number of proposed phase pattern update: 0. Number of accepted update: 0 [0.00%]
	Total time (% of local search time) updating SoI phase pattern : 0 milli [0.00%]
	Total time obtaining current assignment: 0 milli [0.00%]
	Total time getting SoI phase pattern : 0 milli [0.00%]
	--- Context dependent statistics ---
	Number of pushes / pops: 0 / 0
		[0.00%] Pre-Push hook: 0 milli
		[0.00%] Push : 0 milli
		[0.00%] Post-Pop hook: 0 milli
		[0.00%] Pop : 0 milli
		[0.00%] Total context-switching time: 0 milli
	--- Proof Certificate ---
	Number of certified leaves: 0
	Number of leaves to delegate: 0

---
Before declaring sat, recomputing...

Engine::solve: sat assignment found

03:02:25 Statistics update:
	--- Time Statistics ---
	Total time elapsed: 124 milli (00:00:00)
		Main loop: 43 milli (00:00:00)
		Preprocessing time: 35 milli (00:00:00)
		Unknown: 45 milli (00:00:00)
	Breakdown for main loop:
		[1.99%] Simplex steps: 0 milli
		[94.52%] Explicit-basis bound tightening: 41 milli
		[0.00%] Constraint-matrix bound tightening: 0 milli
		[0.00%] Degradation checking: 0 milli
		[0.00%] Precision restoration: 0 milli
		[0.00%] Statistics handling: 0 milli
		[0.00%] Constraint-fixing steps: 0 milli
		[0.00%] Valid case splits: 0 milli. Average per split: 0.00 milli
		[0.00%] Applying stored bound-tightening: 0 milli
		[0.00%] SMT core: 0 milli
		[17.38%] Symbolic Bound Tightening: 7 milli
		[0.00%] SoI-based local search: 0 milli
		[0.00%] SoI-based local search: 0 milli
		[42236391697102568.00%] Unaccounted for: 0 milli
	--- Preprocessor Statistics ---
	Number of preprocessor bound-tightening loop iterations: 2
	Number of eliminated variables: 0
	Number of constraints removed due to variable elimination: 0
	Number of equations removed due to variable elimination: 0
	--- Engine Statistics ---
	Number of main loop iterations: 12
		9 iterations were simplex steps. Total time: 0 milli. Average: 0.00 milli.
		0 iterations were constraint-fixing steps. Total time: 0 milli. Average: 0.00 milli
	Number of active piecewise-linear constraints: 0 / 0
		Constraints disabled by valid splits: 0. By SMT-originated splits: 0
	Last reported degradation: 0.0000000000. Max degradation so far: 0.0000000000. Restorations so far: 0
	Number of simplex pivots we attempted to skip because of instability: 0.
	Unstable pivots performed anyway: 0
	--- Tableau Statistics ---
	Total number of pivots performed: 1
		Real pivots: 1. Degenerate: 0 (0.00%)
		Degenerate pivots by request (e.g., to fix a PL constraint): 0 (0.00%)
		Average time per pivot: 0.00 milli
	Total number of fake pivots performed: 8
	Total number of rows added: 0. Number of merged columns: 0
	Current tableau dimensions: M = 62, N = 636
	--- SMT Core Statistics ---
	Total depth is 0. Total visited states: 1. Number of splits: 0. Number of pops: 0
	Max stack depth: 0
	--- Bound Tightening Statistics ---
	Number of tightened bounds: 0.
		Number of rows examined by row tightener: 1. Consequent tightenings: 0
		Number of explicit basis matrices examined by row tightener: 9. Consequent tightenings: 0
		Number of bound tightening rounds on the entire constraint matrix: 0. Consequent tightenings: 0
		Number of bound notifications sent to PL constraints: 0. Tightenings proposed: 0
	--- Basis Factorization statistics ---
	Number of basis refactorizations: 2
	--- Projected Steepest Edge Statistics ---
	Number of iterations: 9.
	Number of resets to reference space: 1. Avg. iterations per reset: 9
	--- SBT ---
	Number of tightened bounds: 1
	--- SoI-based local search ---
	Number of proposed phase pattern update: 0. Number of accepted update: 0 [0.00%]
	Total time (% of local search time) updating SoI phase pattern : 0 milli [0.00%]
	Total time obtaining current assignment: 0 milli [0.00%]
	Total time getting SoI phase pattern : 0 milli [0.00%]
	--- Context dependent statistics ---
	Number of pushes / pops: 0 / 0
		[0.00%] Pre-Push hook: 0 milli
		[0.00%] Push : 0 milli
		[0.00%] Post-Pop hook: 0 milli
		[0.00%] Pop : 0 milli
		[0.00%] Total context-switching time: 0 milli
	--- Proof Certificate ---
	Number of certified leaves: 0
	Number of leaves to delegate: 0
sat
Input assignment:
	x0 = 1.335759
	x1 = 0.105840
	x2 = -1.809046
	x3 = 2.558683
	x4 = 0.694549
	x5 = 0.558371
	x6 = 0.152486
	x7 = -2.273307
	x8 = 1.515816
	x9 = -0.570706
	x10 = 0.533502
	x11 = 0.898913
	x12 = -5.156340
	x13 = 1.246721
	x14 = 2.129991
	x15 = -0.048758
	x16 = -1.646160
	x17 = 2.043957
	x18 = -0.704720
	x19 = 0.933494
	x20 = -1.414114
	x21 = 0.090295
	x22 = -2.317499
	x23 = -1.462858
	x24 = -1.774468
	x25 = -0.762119
	x26 = -0.828966
	x27 = -0.185130
	x28 = 1.051597
	x29 = -0.094184
	x30 = 2.094110
	x31 = 2.890295
	x32 = 1.707971
	x33 = -1.217886
	x34 = 3.021001
	x35 = -0.340326
	x36 = -1.101167
	x37 = 0.939484
	x38 = 0.991237
	x39 = -3.441561
	x40 = 0.958268
	x41 = -1.891207
	x42 = 3.216622
	x43 = 2.391385
	x44 = -0.179633
	x45 = 1.527947
	x46 = -0.963008
	x47 = 3.411097
	x48 = -0.930800
	x49 = 0.370819
	x50 = 2.028772
	x51 = 1.821776
	x52 = 1.777327
	x53 = -1.215630
	x54 = -0.758556
	x55 = 1.367891
	x56 = 1.628646
	x57 = -0.024079
	x58 = -0.892964
	x59 = 1.827049
	x60 = 2.067896
	x61 = -4.112848
	x62 = 0.130944
	x63 = -3.074150
	x64 = -0.560429
	x65 = 0.095171
	x66 = 0.569411
	x67 = -0.849124
	x68 = 0.411894
	x69 = -2.884079
	x70 = 1.695903
	x71 = 2.568765
	x72 = 1.167778
	x73 = 1.872644
	x74 = -1.689375
	x75 = -3.243368
	x76 = -2.402636
	x77 = 1.636689
	x78 = -2.123775
	x79 = 2.268764
	x80 = -1.784376
	x81 = -2.714821
	x82 = 0.941389
	x83 = -1.626024
	x84 = -0.499968
	x85 = -1.471660
	x86 = 1.070738
	x87 = -3.747097
	x88 = 0.054447
	x89 = 3.581781
	x90 = -0.250100
	x91 = 1.739226
	x92 = -1.098564
	x93 = 4.032682
	x94 = -1.902655
	x95 = 5.198739
	x96 = 0.914381
	x97 = 1.153589
	x98 = -0.585087
	x99 = -0.811822
	x100 = -1.151925
	x101 = 0.918901
	x102 = 1.220242
	x103 = 0.925675
	x104 = 1.410256
	x105 = 2.697142
	x106 = 2.274585
	x107 = 1.813412
	x108 = 0.917414
	x109 = -1.042520
	x110 = 0.035501
	x111 = -1.298124
	x112 = -1.300734
	x113 = 0.984415
	x114 = -0.927656
	x115 = 1.383374
	x116 = -1.623736
	x117 = 0.849912
	x118 = -1.493519
	x119 = 2.973905
	x120 = -0.770215
	x121 = -1.439689
	x122 = -0.879523
	x123 = -2.757302
	x124 = -2.373575
	x125 = 2.397799
	x126 = 0.465491
	x127 = 1.344082
	x128 = -1.930148
	x129 = 0.254888
	x130 = -4.233093
	x131 = -0.469621
	x132 = 2.276053
	x133 = -0.531018
	x134 = 3.239859
	x135 = -2.578818
	x136 = 1.056930
	x137 = 3.192304
	x138 = 0.587832
	x139 = -0.384063
	x140 = 0.665280
	x141 = 1.695826
	x142 = -0.800632
	x143 = -1.476316
	x144 = -1.898152
	x145 = 1.048671
	x146 = 0.516435
	x147 = 0.837508
	x148 = 2.218274
	x149 = 0.209411
	x150 = 3.427688
	x151 = 2.093987
	x152 = 2.297287
	x153 = -1.416303
	x154 = -3.264494
	x155 = -1.297071
	x156 = 0.302260
	x157 = 1.942092
	x158 = 1.894131
	x159 = -0.167312
	x160 = -1.030443
	x161 = -1.241667
	x162 = -0.489960
	x163 = -0.156180
	x164 = -3.320045
	x165 = -0.898739
	x166 = 3.068559
	x167 = 0.295784
	x168 = -0.468260
	x169 = 0.475100
	x170 = 0.647636
	x171 = -0.495716
	x172 = 0.552068
	x173 = 0.057461
	x174 = -2.254798
	x175 = 0.066602
	x176 = -1.163345
	x177 = 0.958132
	x178 = -0.420564
	x179 = -2.831375
	x180 = -1.694066
	x181 = 1.482593
	x182 = -1.483004
	x183 = -1.822842
	x184 = 3.370519
	x185 = -3.397683
	x186 = 1.240315
	x187 = -0.008059
	x188 = 0.304749
	x189 = -0.076045
	x190 = 0.394000
	x191 = -0.578335
	x192 = 1.031686
	x193 = 0.461678
	x194 = 1.623236
	x195 = -0.257349
	x196 = 0.687942
	x197 = -1.475782
	x198 = -0.922105
	x199 = 0.913604
	x200 = -4.004282
	x201 = 2.386972
	x202 = -0.094971
	x203 = 1.811828
	x204 = 0.722858
	x205 = 0.318451
	x206 = 0.985940
	x207 = -0.044538
	x208 = -1.061868
	x209 = -0.468626
	x210 = -0.456845
	x211 = -0.712090
	x212 = 3.068905
	x213 = -1.481376
	x214 = -2.204889
	x215 = -1.061634
	x216 = -1.151354
	x217 = 0.549264
	x218 = -1.552734
	x219 = 0.354991
	x220 = -0.943206
	x221 = 2.188206
	x222 = 0.893371
	x223 = -1.177403
	x224 = -5.435884
	x225 = 1.388286
	x226 = -1.758187
	x227 = 0.098471
	x228 = -4.787452
	x229 = 0.420474
	x230 = 4.128276
	x231 = -0.225033
	x232 = 0.726142
	x233 = -0.786458
	x234 = -0.653996
	x235 = 0.795516
	x236 = 0.282304
	x237 = -1.037886
	x238 = 0.349010
	x239 = 1.257019
	x240 = 1.890588
	x241 = 0.381921
	x242 = -2.385086
	x243 = 0.809868
	x244 = 0.816292
	x245 = 1.111105
	x246 = 0.746283
	x247 = 0.213925
	x248 = 2.313463
	x249 = -0.979361
	x250 = -1.365182
	x251 = 0.367766
	x252 = 0.605168
	x253 = -0.625275
	x254 = -1.882955
	x255 = -2.269293
	x256 = 0.278087
	x257 = 0.693002
	x258 = -0.181851
	x259 = -2.502312
	x260 = 0.144352
	x261 = 2.136082
	x262 = 0.152534
	x263 = -0.642396
	x264 = 0.738503
	x265 = -1.775163
	x266 = -5.775455
	x267 = -0.499428
	x268 = -4.099713
	x269 = -1.567579
	x270 = 2.336765
	x271 = -0.948681
	x272 = -0.664862
	x273 = -0.265081
	x274 = -2.737923
	x275 = 0.557590
	x276 = -2.210610
	x277 = 0.693444
	x278 = -0.281026
	x279 = 1.784258
	x280 = 0.457918
	x281 = -0.695179
	x282 = -0.818715
	x283 = 1.782120
	x284 = -0.212196
	x285 = 0.110752
	x286 = -1.822237
	x287 = -3.692368
	x288 = -0.407346
	x289 = 1.367732
	x290 = -1.322290
	x291 = 1.052251
	x292 = 1.369654
	x293 = -1.760500
	x294 = 2.496411
	x295 = 0.112314
	x296 = -0.681640
	x297 = 2.821709
	x298 = -2.953613
	x299 = -2.046764
	x300 = -4.375322
	x301 = 2.048161
	x302 = 1.022163
	x303 = 2.142938
	x304 = 0.728070
	x305 = 1.807953
	x306 = -3.656947
	x307 = -1.738183
	x308 = -0.914643
	x309 = -1.230734
	x310 = 1.689283
	x311 = 0.551604
	x312 = 1.720130
	x313 = 0.013697
	x314 = -0.794051
	x315 = -2.376464
	x316 = -1.333379
	x317 = -1.877888
	x318 = -1.125211
	x319 = 3.624587
	x320 = -0.923104
	x321 = 0.305750
	x322 = -0.489137
	x323 = 2.326876
	x324 = 2.288597
	x325 = 0.760565
	x326 = 0.188212
	x327 = -3.159599
	x328 = -4.134461
	x329 = 0.880903
	x330 = 0.737513
	x331 = -0.804121
	x332 = 3.680083
	x333 = 0.339376
	x334 = -0.860543
	x335 = -2.396896
	x336 = -2.650841
	x337 = 3.609673
	x338 = 0.384700
	x339 = -0.561377
	x340 = -0.044218
	x341 = 0.723586
	x342 = 0.676200
	x343 = -0.864840
	x344 = -0.112359
	x345 = 2.003422
	x346 = -0.161643
	x347 = 0.842669
	x348 = 2.675034
	x349 = 1.288109
	x350 = -1.048819
	x351 = 1.150444
	x352 = -2.438325
	x353 = 1.718469
	x354 = 0.958784
	x355 = 0.253860
	x356 = -0.853128
	x357 = 1.660813
	x358 = 1.529831
	x359 = 0.175679
	x360 = -4.036290
	x361 = 0.346032
	x362 = 0.434799
	x363 = 2.478943
	x364 = -0.065618
	x365 = 2.454175
	x366 = 2.070137
	x367 = 0.172268
	x368 = -1.428251
	x369 = -2.020370
	x370 = -0.259390
	x371 = -3.419070
	x372 = -1.653364
	x373 = 0.161174
	x374 = 0.497092
	x375 = -1.771194
	x376 = 0.922908
	x377 = 1.522336
	x378 = -1.566667
	x379 = 0.494553
	x380 = 2.282110
	x381 = 1.228041
	x382 = -1.044207
	x383 = -1.968780
	x384 = -0.398954
	x385 = 0.287045
	x386 = 2.747732
	x387 = -0.797153
	x388 = 1.308751
	x389 = -2.992507
	x390 = -3.425982
	x391 = -4.363600
	x392 = -1.103820
	x393 = -3.366117
	x394 = -1.533918
	x395 = 0.765462
	x396 = -2.967707
	x397 = 1.497601
	x398 = -1.291912
	x399 = 0.164475
	x400 = -1.419679
	x401 = -0.818359
	x402 = -0.794223
	x403 = 1.148144
	x404 = 0.259519
	x405 = -0.701932
	x406 = -0.212769
	x407 = 2.751129
	x408 = -0.786942
	x409 = 0.357320
	x410 = -0.012924
	x411 = -0.723148
	x412 = -0.644816
	x413 = -1.030301
	x414 = -3.329200
	x415 = 4.071980
	x416 = 1.838191
	x417 = 2.127290
	x418 = 1.546506
	x419 = -0.336458
	x420 = 1.193189
	x421 = 2.997904
	x422 = 1.023078
	x423 = -2.313601
	x424 = -0.283898
	x425 = 1.010643
	x426 = 1.416801
	x427 = 0.809104
	x428 = -0.130967
	x429 = 2.112828
	x430 = -0.262577
	x431 = 0.670877
	x432 = 1.752571
	x433 = -1.604267
	x434 = 0.031867
	x435 = 0.850922
	x436 = -5.009689
	x437 = 0.244951
	x438 = 2.590393
	x439 = 1.801328
	x440 = 0.489009
	x441 = 0.314822
	x442 = 1.107726
	x443 = -2.763689
	x444 = 0.614691
	x445 = -1.452323
	x446 = -0.933484
	x447 = -0.386390
	x448 = -1.870999
	x449 = 0.497193
	x450 = 1.074674
	x451 = -0.202944
	x452 = 1.819437
	x453 = -2.304418
	x454 = -0.065004
	x455 = 1.950072
	x456 = -0.291032
	x457 = 1.411837
	x458 = -3.833229
	x459 = 0.873570
	x460 = -0.112290
	x461 = -2.415053
	x462 = 1.229528
	x463 = -4.037244
	x464 = -0.892115
	x465 = -0.074699
	x466 = -2.219832
	x467 = -1.090350
	x468 = -1.339825
	x469 = 0.608529
	x470 = -2.453496
	x471 = -1.326186
	x472 = -1.999434
	x473 = -1.080810
	x474 = -2.246724
	x475 = -0.602520
	x476 = -0.804776
	x477 = -0.577992
	x478 = 1.517499
	x479 = -0.638007
	x480 = -0.999686
	x481 = -0.267313
	x482 = -0.262403
	x483 = -3.206088
	x484 = 1.358853
	x485 = -0.039824
	x486 = -1.410622
	x487 = -0.354489
	x488 = 0.579517
	x489 = 1.420472
	x490 = 2.657976
	x491 = -0.799609
	x492 = 0.152283
	x493 = 3.128342
	x494 = 3.154851
	x495 = 1.474637
	x496 = -1.738423
	x497 = -0.225225
	x498 = -0.314495
	x499 = 0.506615
	x500 = 0.199557
	x501 = 1.178385
	x502 = 0.309889
	x503 = -0.799973
	x504 = 1.946449
	x505 = 0.237236
	x506 = 0.459687
	x507 = -1.254953
	x508 = -0.466682
	x509 = -1.921095
	x510 = 2.924106
	x511 = -0.067642

Output:
	y0 = -7.272184
	y1 = -2.470285
	y2 = 0.130495
	y3 = 7.095216
	y4 = 7.100768
	y5 = 7.062733
	y6 = 7.060748
	y7 = -1.831863
	y8 = -3.724146
	y9 = 7.011210
	y10 = 7.031948
	y11 = -2.831627
	y12 = -1.937990
	y13 = -2.040497
	y14 = 7.033503
	y15 = 6.938436
	y16 = -3.505492
	y17 = -2.524325
	y18 = -2.450371
	y19 = -3.441033
	y20 = -3.086683
	y21 = -2.928401
	y22 = -3.018662
	y23 = 7.045335
	y24 = -2.639906
	y25 = -3.144102
	y26 = -2.027951
	y27 = -2.803108
	y28 = -2.910941
	y29 = -2.347405
	y30 = 7.104387
	y31 = -3.047522
	y32 = -2.774969
	y33 = -2.199515
	y34 = -2.703399
	y35 = -2.354894
	y36 = 7.095814
	y37 = -3.152007
	y38 = -2.096586
	y39 = -2.690637
	y40 = -2.583035
	y41 = -1.646435
	y42 = -2.526280
	y43 = 7.095852
	y44 = 7.014226
	y45 = -2.497450
	y46 = -2.835890
	y47 = -3.119532
	y48 = -3.122245
	y49 = -3.198291
	y50 = -2.172968
	y51 = 7.104397
	y52 = -3.180701
	y53 = -2.823864
	y54 = -2.171121
	y55 = -3.053679
	y56 = -3.624447
	y57 = -2.890123
	y58 = -2.095067
	y59 = -2.092633
	y60 = -2.395360

