InputQuery: /home/levn/Workspace/othello_world/queries/probe_robust/group_1/game_33_target_46_eps_0.1.txt
Engine::processInputQuery: Input query (before preprocessing): 449 equations, 1216 variables
Engine::processInputQuery: Input query (after preprocessing): 705 equations, 1384 variables

Input bounds:
	x0: [ -2.0538,  -1.8538] 
	x1: [ -1.4434,  -1.2434] 
	x2: [ -0.5172,  -0.3172] 
	x3: [  1.8806,   2.0806] 
	x4: [ -1.4693,  -1.2693] 
	x5: [ -0.3835,  -0.1835] 
	x6: [  0.4015,   0.6015] 
	x7: [  0.0779,   0.2779] 
	x8: [ -2.2277,  -2.0277] 
	x9: [  0.1292,   0.3292] 
	x10: [  0.7450,   0.9450] 
	x11: [ -1.6009,  -1.4009] 
	x12: [ -1.1965,  -0.9965] 
	x13: [ -2.8721,  -2.6721] 
	x14: [  1.1146,   1.3146] 
	x15: [ -0.7175,  -0.5175] 
	x16: [  0.7933,   0.9933] 
	x17: [ -1.4923,  -1.2923] 
	x18: [ -0.6082,  -0.4082] 
	x19: [  3.6532,   3.8532] 
	x20: [ -0.7463,  -0.5463] 
	x21: [ -1.4961,  -1.2961] 
	x22: [  0.6127,   0.8127] 
	x23: [ -0.5219,  -0.3219] 
	x24: [  2.6484,   2.8484] 
	x25: [ -2.3356,  -2.1356] 
	x26: [ -0.3488,  -0.1488] 
	x27: [ -2.1408,  -1.9408] 
	x28: [  0.1884,   0.3884] 
	x29: [ -1.6366,  -1.4366] 
	x30: [  0.6504,   0.8504] 
	x31: [ -2.3924,  -2.1924] 
	x32: [ -2.5006,  -2.3006] 
	x33: [ -1.0316,  -0.8316] 
	x34: [ -2.3511,  -2.1511] 
	x35: [  0.1594,   0.3594] 
	x36: [  0.0198,   0.2198] 
	x37: [ -1.1533,  -0.9533] 
	x38: [ -2.6220,  -2.4220] 
	x39: [  0.3313,   0.5313] 
	x40: [  2.2826,   2.4826] 
	x41: [ -1.8407,  -1.6407] 
	x42: [  2.9299,   3.1299] 
	x43: [ -0.4679,  -0.2679] 
	x44: [  0.2834,   0.4834] 
	x45: [ -1.7866,  -1.5866] 
	x46: [  0.0431,   0.2431] 
	x47: [ -0.3654,  -0.1654] 
	x48: [  1.3041,   1.5041] 
	x49: [ -1.1423,  -0.9423] 
	x50: [ -1.3886,  -1.1886] 
	x51: [ -1.0300,  -0.8300] 
	x52: [ -0.8744,  -0.6744] 
	x53: [ -0.1304,   0.0696] 
	x54: [ -0.2766,  -0.0766] 
	x55: [  0.8248,   1.0248] 
	x56: [  0.4926,   0.6926] 
	x57: [ -0.2396,  -0.0396] 
	x58: [  0.6395,   0.8395] 
	x59: [  0.5317,   0.7317] 
	x60: [ -2.1398,  -1.9398] 
	x61: [  0.6583,   0.8583] 
	x62: [  0.7885,   0.9885] 
	x63: [ -0.4485,  -0.2485] 
	x64: [ -0.1217,   0.0783] 
	x65: [  0.5612,   0.7612] 
	x66: [  0.8746,   1.0746] 
	x67: [  0.0164,   0.2164] 
	x68: [  1.2967,   1.4967] 
	x69: [ -0.0228,   0.1772] 
	x70: [ -0.6185,  -0.4185] 
	x71: [ -0.9756,  -0.7756] 
	x72: [ -4.4470,  -4.2470] 
	x73: [ -2.1827,  -1.9827] 
	x74: [  0.1791,   0.3791] 
	x75: [  1.9620,   2.1620] 
	x76: [ -0.2753,  -0.0753] 
	x77: [ -0.6776,  -0.4776] 
	x78: [  0.1993,   0.3993] 
	x79: [ -0.9235,  -0.7235] 
	x80: [  0.0750,   0.2750] 
	x81: [  0.0105,   0.2105] 
	x82: [  1.0878,   1.2878] 
	x83: [ -0.6876,  -0.4876] 
	x84: [  0.4158,   0.6158] 
	x85: [ -1.5472,  -1.3472] 
	x86: [  1.0018,   1.2018] 
	x87: [ -1.0029,  -0.8029] 
	x88: [ -1.3860,  -1.1860] 
	x89: [ -1.1187,  -0.9187] 
	x90: [ -0.5229,  -0.3229] 
	x91: [ -2.1891,  -1.9891] 
	x92: [ -1.8564,  -1.6564] 
	x93: [  1.4521,   1.6521] 
	x94: [  1.8236,   2.0236] 
	x95: [  0.9341,   1.1341] 
	x96: [  0.4037,   0.6037] 
	x97: [ -0.7045,  -0.5045] 
	x98: [ -1.8091,  -1.6091] 
	x99: [ -0.3667,  -0.1667] 
	x100: [  1.2591,   1.4591] 
	x101: [ -1.8609,  -1.6609] 
	x102: [ -0.4593,  -0.2593] 
	x103: [ -2.7603,  -2.5603] 
	x104: [ -1.6295,  -1.4295] 
	x105: [ -1.2281,  -1.0281] 
	x106: [ -1.3851,  -1.1851] 
	x107: [  1.2216,   1.4216] 
	x108: [  0.1159,   0.3159] 
	x109: [ -0.3891,  -0.1891] 
	x110: [ -1.8048,  -1.6048] 
	x111: [  1.3883,   1.5883] 
	x112: [ -0.0285,   0.1715] 
	x113: [  0.1679,   0.3679] 
	x114: [ -1.4279,  -1.2279] 
	x115: [  0.8880,   1.0880] 
	x116: [  2.0448,   2.2448] 
	x117: [  2.7819,   2.9819] 
	x118: [  0.5093,   0.7093] 
	x119: [ -2.3354,  -2.1354] 
	x120: [  0.4183,   0.6183] 
	x121: [  3.1464,   3.3464] 
	x122: [  1.5563,   1.7563] 
	x123: [  1.0188,   1.2188] 
	x124: [  0.6579,   0.8579] 
	x125: [ -0.3500,  -0.1500] 
	x126: [  0.5156,   0.7156] 
	x127: [ -0.9875,  -0.7875] 
	x128: [ -0.7065,  -0.5065] 
	x129: [  1.4848,   1.6848] 
	x130: [  2.4563,   2.6563] 
	x131: [  2.9588,   3.1588] 
	x132: [ -2.4716,  -2.2716] 
	x133: [ -0.5498,  -0.3498] 
	x134: [  1.1191,   1.3191] 
	x135: [  0.5358,   0.7358] 
	x136: [ -1.8839,  -1.6839] 
	x137: [  0.2513,   0.4513] 
	x138: [ -2.6801,  -2.4801] 
	x139: [  0.5150,   0.7150] 
	x140: [  4.5216,   4.7216] 
	x141: [ -0.1231,   0.0769] 
	x142: [ -0.1297,   0.0703] 
	x143: [ -1.1817,  -0.9817] 
	x144: [  2.4758,   2.6758] 
	x145: [ -0.9992,  -0.7992] 
	x146: [ -0.9967,  -0.7967] 
	x147: [ -1.9381,  -1.7381] 
	x148: [  0.4561,   0.6561] 
	x149: [  0.0027,   0.2027] 
	x150: [  0.4675,   0.6675] 
	x151: [ -0.0157,   0.1843] 
	x152: [ -2.3996,  -2.1996] 
	x153: [ -0.4552,  -0.2552] 
	x154: [  1.4529,   1.6529] 
	x155: [ -2.0671,  -1.8671] 
	x156: [ -0.8018,  -0.6018] 
	x157: [ -1.1463,  -0.9463] 
	x158: [ -1.1612,  -0.9612] 
	x159: [  0.3806,   0.5806] 
	x160: [  0.9344,   1.1344] 
	x161: [ -1.1486,  -0.9486] 
	x162: [  0.6609,   0.8609] 
	x163: [ -2.2149,  -2.0149] 
	x164: [ -1.5681,  -1.3681] 
	x165: [  0.0371,   0.2371] 
	x166: [ -2.5044,  -2.3044] 
	x167: [  5.5645,   5.7645] 
	x168: [  0.9532,   1.1532] 
	x169: [ -0.0123,   0.1877] 
	x170: [ -3.1506,  -2.9506] 
	x171: [ -0.8288,  -0.6288] 
	x172: [  0.9701,   1.1701] 
	x173: [ -0.5570,  -0.3570] 
	x174: [ -0.4080,  -0.2080] 
	x175: [  0.8059,   1.0059] 
	x176: [ -0.4587,  -0.2587] 
	x177: [ -0.2147,  -0.0147] 
	x178: [ -0.1530,   0.0470] 
	x179: [ -1.0318,  -0.8318] 
	x180: [ -1.6161,  -1.4161] 
	x181: [ -2.0576,  -1.8576] 
	x182: [  0.1405,   0.3405] 
	x183: [ -0.0997,   0.1003] 
	x184: [ -1.4382,  -1.2382] 
	x185: [ -1.7063,  -1.5063] 
	x186: [ -2.6475,  -2.4475] 
	x187: [  1.8210,   2.0210] 
	x188: [  1.3009,   1.5009] 
	x189: [  0.0933,   0.2933] 
	x190: [  1.3527,   1.5527] 
	x191: [  2.2564,   2.4564] 
	x192: [  0.3800,   0.5800] 
	x193: [ -0.5267,  -0.3267] 
	x194: [ -1.1964,  -0.9964] 
	x195: [ -1.3210,  -1.1210] 
	x196: [ -0.9475,  -0.7475] 
	x197: [ -0.9259,  -0.7259] 
	x198: [ -0.5981,  -0.3981] 
	x199: [ -0.1869,   0.0131] 
	x200: [ -2.1109,  -1.9109] 
	x201: [  0.7289,   0.9289] 
	x202: [  0.1205,   0.3205] 
	x203: [ -0.3061,  -0.1061] 
	x204: [  1.0630,   1.2630] 
	x205: [ -0.4612,  -0.2612] 
	x206: [ -1.6116,  -1.4116] 
	x207: [  1.2152,   1.4152] 
	x208: [  0.0312,   0.2312] 
	x209: [ -1.5724,  -1.3724] 
	x210: [ -0.1585,   0.0415] 
	x211: [ -2.4325,  -2.2325] 
	x212: [  2.0424,   2.2424] 
	x213: [ -1.2313,  -1.0313] 
	x214: [ -2.5053,  -2.3053] 
	x215: [ -2.7349,  -2.5349] 
	x216: [ -1.6143,  -1.4143] 
	x217: [  2.1007,   2.3007] 
	x218: [ -1.3772,  -1.1772] 
	x219: [ -2.1193,  -1.9193] 
	x220: [ -0.1216,   0.0784] 
	x221: [  0.7335,   0.9335] 
	x222: [  0.1029,   0.3029] 
	x223: [  0.1729,   0.3729] 
	x224: [ -0.6955,  -0.4955] 
	x225: [  0.5207,   0.7207] 
	x226: [  1.7384,   1.9384] 
	x227: [ -0.0925,   0.1075] 
	x228: [  2.4761,   2.6761] 
	x229: [  2.9568,   3.1568] 
	x230: [ -1.9684,  -1.7684] 
	x231: [ -0.8784,  -0.6784] 
	x232: [  0.1251,   0.3251] 
	x233: [  2.1267,   2.3267] 
	x234: [ -3.1268,  -2.9268] 
	x235: [ -1.2507,  -1.0507] 
	x236: [  1.1254,   1.3254] 
	x237: [ -0.3023,  -0.1023] 
	x238: [ -1.3306,  -1.1306] 
	x239: [  8.7900,   8.9900] 
	x240: [  0.1356,   0.3356] 
	x241: [ -2.2860,  -2.0860] 
	x242: [  2.1554,   2.3554] 
	x243: [ -1.2860,  -1.0860] 
	x244: [ -0.9411,  -0.7411] 
	x245: [ -0.7130,  -0.5130] 
	x246: [ -1.2647,  -1.0647] 
	x247: [ -3.1348,  -2.9348] 
	x248: [ -1.2743,  -1.0743] 
	x249: [  2.6571,   2.8571] 
	x250: [  0.2976,   0.4976] 
	x251: [  0.4154,   0.6154] 
	x252: [ -1.0316,  -0.8316] 
	x253: [ -2.2597,  -2.0597] 
	x254: [ -1.4606,  -1.2606] 
	x255: [  0.2609,   0.4609] 
	x256: [ -0.6422,  -0.4422] 
	x257: [ -0.2168,  -0.0168] 
	x258: [ -1.9574,  -1.7574] 
	x259: [  2.1663,   2.3663] 
	x260: [ -2.0275,  -1.8275] 
	x261: [  0.3174,   0.5174] 
	x262: [ -2.4109,  -2.2109] 
	x263: [  1.3752,   1.5752] 
	x264: [  1.1196,   1.3196] 
	x265: [ -0.5791,  -0.3791] 
	x266: [  3.7205,   3.9205] 
	x267: [ -0.0102,   0.1898] 
	x268: [ -1.1662,  -0.9662] 
	x269: [ -1.3658,  -1.1658] 
	x270: [ -1.8150,  -1.6150] 
	x271: [ -2.8683,  -2.6683] 
	x272: [  0.6185,   0.8185] 
	x273: [  2.2825,   2.4825] 
	x274: [ -0.1607,   0.0393] 
	x275: [ -3.2209,  -3.0209] 
	x276: [  1.2813,   1.4813] 
	x277: [ -0.1070,   0.0930] 
	x278: [  1.1765,   1.3765] 
	x279: [  0.0670,   0.2670] 
	x280: [  1.1068,   1.3068] 
	x281: [  0.4154,   0.6154] 
	x282: [  1.1002,   1.3002] 
	x283: [ -0.0340,   0.1660] 
	x284: [ -1.2044,  -1.0044] 
	x285: [ -3.6741,  -3.4741] 
	x286: [  1.6494,   1.8494] 
	x287: [ -0.5028,  -0.3028] 
	x288: [ -0.4676,  -0.2676] 
	x289: [  1.3280,   1.5280] 
	x290: [ -0.6937,  -0.4937] 
	x291: [ -1.1857,  -0.9857] 
	x292: [  1.5691,   1.7691] 
	x293: [  0.9953,   1.1953] 
	x294: [  2.8401,   3.0401] 
	x295: [ -0.2273,  -0.0273] 
	x296: [  0.0100,   0.2100] 
	x297: [ -0.5166,  -0.3166] 
	x298: [ -9.7537,  -9.5537] 
	x299: [  3.8030,   4.0030] 
	x300: [  2.8958,   3.0958] 
	x301: [  2.8408,   3.0408] 
	x302: [ -0.0905,   0.1095] 
	x303: [ -0.7041,  -0.5041] 
	x304: [ -1.1001,  -0.9001] 
	x305: [ -0.9074,  -0.7074] 
	x306: [  0.5736,   0.7736] 
	x307: [  2.0806,   2.2806] 
	x308: [  0.0799,   0.2799] 
	x309: [ -1.0077,  -0.8077] 
	x310: [ -1.9495,  -1.7495] 
	x311: [ -0.3094,  -0.1094] 
	x312: [ -3.0847,  -2.8847] 
	x313: [ -1.6922,  -1.4922] 
	x314: [ -1.0691,  -0.8691] 
	x315: [ -1.6265,  -1.4265] 
	x316: [ -0.6575,  -0.4575] 
	x317: [ -0.0923,   0.1077] 
	x318: [  2.0721,   2.2721] 
	x319: [  0.5719,   0.7719] 
	x320: [ -0.6071,  -0.4071] 
	x321: [  1.8157,   2.0157] 
	x322: [  0.0371,   0.2371] 
	x323: [  0.5762,   0.7762] 
	x324: [  1.0278,   1.2278] 
	x325: [ -1.7173,  -1.5173] 
	x326: [  2.1493,   2.3493] 
	x327: [  0.8379,   1.0379] 
	x328: [  0.4961,   0.6961] 
	x329: [ -0.3861,  -0.1861] 
	x330: [  2.1764,   2.3764] 
	x331: [  2.0402,   2.2402] 
	x332: [ -0.6545,  -0.4545] 
	x333: [  0.0776,   0.2776] 
	x334: [  1.7114,   1.9114] 
	x335: [ -0.6944,  -0.4944] 
	x336: [ -0.8292,  -0.6292] 
	x337: [  1.6033,   1.8033] 
	x338: [ -1.0030,  -0.8030] 
	x339: [  1.2710,   1.4710] 
	x340: [ -0.2084,  -0.0084] 
	x341: [  0.4982,   0.6982] 
	x342: [ -0.4959,  -0.2959] 
	x343: [  0.3499,   0.5499] 
	x344: [ -0.3987,  -0.1987] 
	x345: [ -1.7385,  -1.5385] 
	x346: [  2.9187,   3.1187] 
	x347: [ -1.1309,  -0.9309] 
	x348: [ -1.1124,  -0.9124] 
	x349: [ -0.5082,  -0.3082] 
	x350: [ -1.1637,  -0.9637] 
	x351: [ -0.1061,   0.0939] 
	x352: [ -0.9481,  -0.7481] 
	x353: [ -1.8634,  -1.6634] 
	x354: [  1.3075,   1.5075] 
	x355: [ -1.0385,  -0.8385] 
	x356: [  0.7225,   0.9225] 
	x357: [  0.1591,   0.3591] 
	x358: [ -1.2375,  -1.0375] 
	x359: [ -1.8021,  -1.6021] 
	x360: [  2.0881,   2.2881] 
	x361: [ -1.7990,  -1.5990] 
	x362: [ -2.1514,  -1.9514] 
	x363: [  0.4926,   0.6926] 
	x364: [ -0.9164,  -0.7164] 
	x365: [ -0.8620,  -0.6620] 
	x366: [  0.7258,   0.9258] 
	x367: [  0.1415,   0.3415] 
	x368: [ -1.2196,  -1.0196] 
	x369: [ -0.5121,  -0.3121] 
	x370: [ -1.8056,  -1.6056] 
	x371: [  0.9364,   1.1364] 
	x372: [  0.5527,   0.7527] 
	x373: [  0.1673,   0.3673] 
	x374: [  0.0661,   0.2661] 
	x375: [ -0.7118,  -0.5118] 
	x376: [ -0.8292,  -0.6292] 
	x377: [ -1.0102,  -0.8102] 
	x378: [  1.4839,   1.6839] 
	x379: [  0.2737,   0.4737] 
	x380: [ -1.2134,  -1.0134] 
	x381: [  2.2257,   2.4257] 
	x382: [ -1.1189,  -0.9189] 
	x383: [  1.6531,   1.8531] 
	x384: [ -1.1648,  -0.9648] 
	x385: [  0.5243,   0.7243] 
	x386: [ -2.4540,  -2.2540] 
	x387: [ -1.6167,  -1.4167] 
	x388: [ -1.0067,  -0.8067] 
	x389: [ -3.3737,  -3.1737] 
	x390: [ -0.8219,  -0.6219] 
	x391: [  1.9395,   2.1395] 
	x392: [  1.3073,   1.5073] 
	x393: [  2.0724,   2.2724] 
	x394: [  0.9601,   1.1601] 
	x395: [ -1.4886,  -1.2886] 
	x396: [ -0.8758,  -0.6758] 
	x397: [ -0.5882,  -0.3882] 
	x398: [  0.8514,   1.0514] 
	x399: [  1.1811,   1.3811] 
	x400: [  0.8870,   1.0870] 
	x401: [ -2.7672,  -2.5672] 
	x402: [ -0.1985,   0.0015] 
	x403: [  0.5128,   0.7128] 
	x404: [  3.1221,   3.3221] 
	x405: [  1.7458,   1.9458] 
	x406: [ -1.2026,  -1.0026] 
	x407: [ -0.4730,  -0.2730] 
	x408: [  2.9231,   3.1231] 
	x409: [  1.3337,   1.5337] 
	x410: [ -1.1892,  -0.9892] 
	x411: [  0.1310,   0.3310] 
	x412: [ -0.0877,   0.1123] 
	x413: [ -0.3521,  -0.1521] 
	x414: [ -1.1104,  -0.9104] 
	x415: [  1.8786,   2.0786] 
	x416: [ -1.8466,  -1.6466] 
	x417: [ -2.0674,  -1.8674] 
	x418: [ -0.4784,  -0.2784] 
	x419: [ -1.2532,  -1.0532] 
	x420: [ -0.7225,  -0.5225] 
	x421: [ -1.5099,  -1.3099] 
	x422: [ -3.5096,  -3.3096] 
	x423: [  1.2831,   1.4831] 
	x424: [ -0.1684,   0.0316] 
	x425: [ -1.3626,  -1.1626] 
	x426: [ -0.5217,  -0.3217] 
	x427: [ -0.5800,  -0.3800] 
	x428: [ -1.3616,  -1.1616] 
	x429: [ -0.0056,   0.1944] 
	x430: [ -1.5216,  -1.3216] 
	x431: [ -1.8573,  -1.6573] 
	x432: [ -2.9158,  -2.7158] 
	x433: [ -2.5866,  -2.3866] 
	x434: [ -0.9904,  -0.7904] 
	x435: [ -1.3284,  -1.1284] 
	x436: [  2.4898,   2.6898] 
	x437: [  0.5083,   0.7083] 
	x438: [ -1.4100,  -1.2100] 
	x439: [ -0.5004,  -0.3004] 
	x440: [ -2.6872,  -2.4872] 
	x441: [ -1.1697,  -0.9697] 
	x442: [ -0.3227,  -0.1227] 
	x443: [ -0.4778,  -0.2778] 
	x444: [ -0.7907,  -0.5907] 
	x445: [  0.2192,   0.4192] 
	x446: [ -3.5130,  -3.3130] 
	x447: [  1.3577,   1.5577] 
	x448: [  0.7041,   0.9041] 
	x449: [ -0.8027,  -0.6027] 
	x450: [  0.8823,   1.0823] 
	x451: [  0.5772,   0.7772] 
	x452: [  0.1834,   0.3834] 
	x453: [  0.6756,   0.8756] 
	x454: [ -0.3046,  -0.1046] 
	x455: [ -1.9578,  -1.7578] 
	x456: [ -0.5666,  -0.3666] 
	x457: [ -0.5798,  -0.3798] 
	x458: [  0.1328,   0.3328] 
	x459: [  1.4243,   1.6243] 
	x460: [ -1.8461,  -1.6461] 
	x461: [  1.1446,   1.3446] 
	x462: [ -1.9076,  -1.7076] 
	x463: [  2.5869,   2.7869] 
	x464: [ -0.5305,  -0.3305] 
	x465: [ -1.3674,  -1.1674] 
	x466: [ -0.8221,  -0.6221] 
	x467: [  0.0884,   0.2884] 
	x468: [  0.2262,   0.4262] 
	x469: [ -1.3889,  -1.1889] 
	x470: [  2.4135,   2.6135] 
	x471: [ -0.0964,   0.1036] 
	x472: [  0.8796,   1.0796] 
	x473: [ -3.3649,  -3.1649] 
	x474: [  1.4429,   1.6429] 
	x475: [  0.8188,   1.0188] 
	x476: [ -0.7561,  -0.5561] 
	x477: [ -0.7771,  -0.5771] 
	x478: [ -0.4720,  -0.2720] 
	x479: [  1.9501,   2.1501] 
	x480: [ -0.4807,  -0.2807] 
	x481: [  0.6070,   0.8070] 
	x482: [ -0.7202,  -0.5202] 
	x483: [  2.3514,   2.5514] 
	x484: [  0.6535,   0.8535] 
	x485: [ -0.2015,  -0.0015] 
	x486: [  1.3948,   1.5948] 
	x487: [ -1.6659,  -1.4659] 
	x488: [ -0.0332,   0.1668] 
	x489: [  0.5872,   0.7872] 
	x490: [ -1.5552,  -1.3552] 
	x491: [ -0.1937,   0.0063] 
	x492: [  0.4900,   0.6900] 
	x493: [  1.5279,   1.7279] 
	x494: [  0.3328,   0.5328] 
	x495: [  0.6739,   0.8739] 
	x496: [  1.5032,   1.7032] 
	x497: [ -1.7793,  -1.5793] 
	x498: [ -0.5104,  -0.3104] 
	x499: [ -0.0777,   0.1223] 
	x500: [ -0.0695,   0.1305] 
	x501: [ -3.0054,  -2.8054] 
	x502: [ -1.2989,  -1.0989] 
	x503: [ -2.4117,  -2.2117] 
	x504: [ -0.5085,  -0.3085] 
	x505: [  0.4547,   0.6547] 
	x506: [ -1.0899,  -0.8899] 
	x507: [  1.3597,   1.5597] 
	x508: [ -1.8371,  -1.6371] 
	x509: [ -0.5296,  -0.3296] 
	x510: [ -1.1511,  -0.9511] 
	x511: [  1.2526,   1.4526] 

Branching heuristics set to PseudoImpact

Engine::solve: Initial statistics

00:15:52 Statistics update:
	--- Time Statistics ---
	Total time elapsed: 476 milli (00:00:00)
		Main loop: 0 milli (00:00:00)
		Preprocessing time: 185 milli (00:00:00)
		Unknown: 291 milli (00:00:00)
	Breakdown for main loop:
		[0.00%] Simplex steps: 0 milli
		[0.00%] Explicit-basis bound tightening: 0 milli
		[0.00%] Constraint-matrix bound tightening: 0 milli
		[0.00%] Degradation checking: 0 milli
		[0.00%] Precision restoration: 0 milli
		[0.00%] Statistics handling: 0 milli
		[0.00%] Constraint-fixing steps: 0 milli
		[0.00%] Valid case splits: 0 milli. Average per split: 0.00 milli
		[0.00%] Applying stored bound-tightening: 0 milli
		[0.00%] SMT core: 0 milli
		[0.00%] Symbolic Bound Tightening: 13 milli
		[0.00%] SoI-based local search: 0 milli
		[0.00%] SoI-based local search: 0 milli
		[0.00%] Unaccounted for: 0 milli
	--- Preprocessor Statistics ---
	Number of preprocessor bound-tightening loop iterations: 3
	Number of eliminated variables: 89
	Number of constraints removed due to variable elimination: 89
	Number of equations removed due to variable elimination: 0
	--- Engine Statistics ---
	Number of main loop iterations: 1
		0 iterations were simplex steps. Total time: 0 milli. Average: 0.00 milli.
		0 iterations were constraint-fixing steps. Total time: 0 milli. Average: 0.00 milli
	Number of active piecewise-linear constraints: 167 / 167
		Constraints disabled by valid splits: 0. By SMT-originated splits: 0
	Last reported degradation: 0.0000000000. Max degradation so far: 0.0000000000. Restorations so far: 0
	Number of simplex pivots we attempted to skip because of instability: 0.
	Unstable pivots performed anyway: 0
	--- Tableau Statistics ---
	Total number of pivots performed: 0
		Real pivots: 0. Degenerate: 0 (0.00%)
		Degenerate pivots by request (e.g., to fix a PL constraint): 0 (0.00%)
		Average time per pivot: 0.00 milli
	Total number of fake pivots performed: 0
	Total number of rows added: 0. Number of merged columns: 0
	Current tableau dimensions: M = 705, N = 2089
	--- SMT Core Statistics ---
	Total depth is 0. Total visited states: 1. Number of splits: 0. Number of pops: 0
	Max stack depth: 0
	--- Bound Tightening Statistics ---
	Number of tightened bounds: 0.
		Number of rows examined by row tightener: 0. Consequent tightenings: 0
		Number of explicit basis matrices examined by row tightener: 0. Consequent tightenings: 0
		Number of bound tightening rounds on the entire constraint matrix: 0. Consequent tightenings: 0
		Number of bound notifications sent to PL constraints: 1002. Tightenings proposed: 0
	--- Basis Factorization statistics ---
	Number of basis refactorizations: 2
	--- Projected Steepest Edge Statistics ---
	Number of iterations: 0.
	Number of resets to reference space: 1. Avg. iterations per reset: 0
	--- SBT ---
	Number of tightened bounds: 385
	--- SoI-based local search ---
	Number of proposed phase pattern update: 0. Number of accepted update: 0 [0.00%]
	Total time (% of local search time) updating SoI phase pattern : 0 milli [0.00%]
	Total time obtaining current assignment: 0 milli [0.00%]
	Total time getting SoI phase pattern : 0 milli [0.00%]
	--- Context dependent statistics ---
	Number of pushes / pops: 0 / 0
		[0.00%] Pre-Push hook: 0 milli
		[0.00%] Push : 0 milli
		[0.00%] Post-Pop hook: 0 milli
		[0.00%] Pop : 0 milli
		[0.00%] Total context-switching time: 0 milli
	--- Proof Certificate ---
	Number of certified leaves: 0
	Number of leaves to delegate: 0

---

Engine::solve: sat assignment found

00:15:54 Statistics update:
	--- Time Statistics ---
	Total time elapsed: 2763 milli (00:00:02)
		Main loop: 2285 milli (00:00:02)
		Preprocessing time: 185 milli (00:00:00)
		Unknown: 291 milli (00:00:00)
	Breakdown for main loop:
		[34.14%] Simplex steps: 780 milli
		[64.53%] Explicit-basis bound tightening: 1475 milli
		[0.00%] Constraint-matrix bound tightening: 0 milli
		[0.65%] Degradation checking: 14 milli
		[0.00%] Precision restoration: 0 milli
		[0.11%] Statistics handling: 2 milli
		[0.00%] Constraint-fixing steps: 0 milli
		[0.01%] Valid case splits: 0 milli. Average per split: 0.00 milli
		[0.00%] Applying stored bound-tightening: 0 milli
		[0.00%] SMT core: 0 milli
		[0.94%] Symbolic Bound Tightening: 21 milli
		[6.84%] SoI-based local search: 156 milli
		[0.00%] SoI-based local search: 0 milli
		[806982310350162.88%] Unaccounted for: 0 milli
	--- Preprocessor Statistics ---
	Number of preprocessor bound-tightening loop iterations: 3
	Number of eliminated variables: 89
	Number of constraints removed due to variable elimination: 89
	Number of equations removed due to variable elimination: 0
	--- Engine Statistics ---
	Number of main loop iterations: 690
		688 iterations were simplex steps. Total time: 780 milli. Average: 1.13 milli.
		0 iterations were constraint-fixing steps. Total time: 0 milli. Average: 0.00 milli
	Number of active piecewise-linear constraints: 167 / 167
		Constraints disabled by valid splits: 0. By SMT-originated splits: 0
	Last reported degradation: 0.0000000419. Max degradation so far: 0.0000000000. Restorations so far: 0
	Number of simplex pivots we attempted to skip because of instability: 0.
	Unstable pivots performed anyway: 0
	--- Tableau Statistics ---
	Total number of pivots performed: 679
		Real pivots: 679. Degenerate: 0 (0.00%)
		Degenerate pivots by request (e.g., to fix a PL constraint): 0 (0.00%)
		Average time per pivot: 0.13 milli
	Total number of fake pivots performed: 7
	Total number of rows added: 0. Number of merged columns: 0
	Current tableau dimensions: M = 705, N = 2089
	--- SMT Core Statistics ---
	Total depth is 0. Total visited states: 1. Number of splits: 0. Number of pops: 0
	Max stack depth: 0
	--- Bound Tightening Statistics ---
	Number of tightened bounds: 0.
		Number of rows examined by row tightener: 679. Consequent tightenings: 0
		Number of explicit basis matrices examined by row tightener: 6. Consequent tightenings: 279
		Number of bound tightening rounds on the entire constraint matrix: 0. Consequent tightenings: 0
		Number of bound notifications sent to PL constraints: 2004. Tightenings proposed: 0
	--- Basis Factorization statistics ---
	Number of basis refactorizations: 8
	--- Projected Steepest Edge Statistics ---
	Number of iterations: 686.
	Number of resets to reference space: 1. Avg. iterations per reset: 686
	--- SBT ---
	Number of tightened bounds: 385
	--- SoI-based local search ---
	Number of proposed phase pattern update: 0. Number of accepted update: 1 [0.00%]
	Total time (% of local search time) updating SoI phase pattern : 384 milli [0.25%]
	Total time obtaining current assignment: 160 milli [0.10%]
	Total time getting SoI phase pattern : 62 milli [0.00%]
	--- Context dependent statistics ---
	Number of pushes / pops: 0 / 0
		[0.00%] Pre-Push hook: 0 milli
		[0.00%] Push : 0 milli
		[0.00%] Post-Pop hook: 0 milli
		[0.00%] Pop : 0 milli
		[0.00%] Total context-switching time: 0 milli
	--- Proof Certificate ---
	Number of certified leaves: 0
	Number of leaves to delegate: 0
sat
Input assignment:
	x0 = -1.853778
	x1 = -1.243398
	x2 = -0.517212
	x3 = 2.080602
	x4 = -1.469303
	x5 = -0.183513
	x6 = 0.401537
	x7 = 0.277935
	x8 = -2.027680
	x9 = 0.278660
	x10 = 0.944951
	x11 = -1.400921
	x12 = -1.196489
	x13 = -2.872137
	x14 = 1.314597
	x15 = -0.717499
	x16 = 0.793272
	x17 = -1.492290
	x18 = -0.408195
	x19 = 3.653210
	x20 = -0.746279
	x21 = -1.296072
	x22 = 0.812701
	x23 = -0.521899
	x24 = 2.848429
	x25 = -2.135553
	x26 = -0.148774
	x27 = -2.140809
	x28 = 0.188428
	x29 = -1.436642
	x30 = 0.650381
	x31 = -2.192364
	x32 = -2.500572
	x33 = -1.031606
	x34 = -2.151137
	x35 = 0.159444
	x36 = 0.219817
	x37 = -0.953278
	x38 = -2.421958
	x39 = 0.531278
	x40 = 2.282581
	x41 = -1.640730
	x42 = 2.929947
	x43 = -0.467944
	x44 = 0.483351
	x45 = -1.786641
	x46 = 0.243057
	x47 = -0.165382
	x48 = 1.504072
	x49 = -0.942295
	x50 = -1.388561
	x51 = -0.921156
	x52 = -0.874365
	x53 = 0.069567
	x54 = -0.076614
	x55 = 1.024770
	x56 = 0.692600
	x57 = -0.039575
	x58 = 0.839541
	x59 = 0.531718
	x60 = -2.139836
	x61 = 0.858326
	x62 = 0.988532
	x63 = -0.448531
	x64 = 0.078275
	x65 = 0.761228
	x66 = 0.874594
	x67 = 0.216436
	x68 = 1.296686
	x69 = 0.177203
	x70 = -0.618510
	x71 = -0.775557
	x72 = -4.246989
	x73 = -2.182701
	x74 = 0.179142
	x75 = 1.961958
	x76 = -0.075308
	x77 = -0.677558
	x78 = 0.399315
	x79 = -0.923537
	x80 = 0.274977
	x81 = 0.010476
	x82 = 1.087843
	x83 = -0.487643
	x84 = 0.615783
	x85 = -1.547186
	x86 = 1.201792
	x87 = -0.802930
	x88 = -1.386002
	x89 = -1.118692
	x90 = -0.322929
	x91 = -2.189107
	x92 = -1.856431
	x93 = 1.452139
	x94 = 2.023566
	x95 = 0.934114
	x96 = 0.403733
	x97 = -0.504513
	x98 = -1.809097
	x99 = -0.166693
	x100 = 1.459096
	x101 = -1.860945
	x102 = -0.259264
	x103 = -2.560297
	x104 = -1.629487
	x105 = -1.142483
	x106 = -1.385096
	x107 = 1.421634
	x108 = 0.315883
	x109 = -0.189062
	x110 = -1.804782
	x111 = 1.388284
	x112 = -0.028453
	x113 = 0.167895
	x114 = -1.227878
	x115 = 1.087963
	x116 = 2.044845
	x117 = 2.981877
	x118 = 0.709327
	x119 = -2.335390
	x120 = 0.618255
	x121 = 3.146376
	x122 = 1.556334
	x123 = 1.218763
	x124 = 0.657927
	x125 = -0.150030
	x126 = 0.715592
	x127 = -0.987532
	x128 = -0.706516
	x129 = 1.684776
	x130 = 2.456335
	x131 = 2.958794
	x132 = -2.471581
	x133 = -0.349761
	x134 = 1.119091
	x135 = 0.735810
	x136 = -1.683854
	x137 = 0.251292
	x138 = -2.480088
	x139 = 0.714968
	x140 = 4.521636
	x141 = -0.123104
	x142 = 0.070261
	x143 = -0.981661
	x144 = 2.675755
	x145 = -0.999249
	x146 = -0.796697
	x147 = -1.938087
	x148 = 0.456126
	x149 = 0.002724
	x150 = 0.667454
	x151 = 0.133208
	x152 = -2.199564
	x153 = -0.455168
	x154 = 1.452920
	x155 = -1.867089
	x156 = -0.601769
	x157 = -1.146307
	x158 = -0.961166
	x159 = 0.580584
	x160 = 0.934441
	x161 = -0.948637
	x162 = 0.860860
	x163 = -2.014898
	x164 = -1.368057
	x165 = 0.237078
	x166 = -2.504371
	x167 = 5.564480
	x168 = 1.153250
	x169 = 0.187733
	x170 = -2.950627
	x171 = -0.628811
	x172 = 1.170086
	x173 = -0.557030
	x174 = -0.407983
	x175 = 0.805933
	x176 = -0.458741
	x177 = -0.014716
	x178 = -0.153048
	x179 = -1.031824
	x180 = -1.616054
	x181 = -1.857636
	x182 = 0.140513
	x183 = 0.100335
	x184 = -1.238192
	x185 = -1.506289
	x186 = -2.647501
	x187 = 1.820961
	x188 = 1.500910
	x189 = 0.293267
	x190 = 1.352697
	x191 = 2.456417
	x192 = 0.579994
	x193 = -0.526688
	x194 = -1.196409
	x195 = -1.120971
	x196 = -0.947517
	x197 = -0.925941
	x198 = -0.598079
	x199 = 0.013062
	x200 = -1.910918
	x201 = 0.728922
	x202 = 0.120473
	x203 = -0.306092
	x204 = 1.063043
	x205 = -0.461218
	x206 = -1.611630
	x207 = 1.215206
	x208 = 0.231236
	x209 = -1.572403
	x210 = 0.041509
	x211 = -2.232498
	x212 = 2.042425
	x213 = -1.031302
	x214 = -2.305338
	x215 = -2.534889
	x216 = -1.414305
	x217 = 2.300660
	x218 = -1.177246
	x219 = -2.119347
	x220 = 0.078441
	x221 = 0.733533
	x222 = 0.302896
	x223 = 0.172936
	x224 = -0.495547
	x225 = 0.720717
	x226 = 1.938432
	x227 = 0.107544
	x228 = 2.676128
	x229 = 3.156812
	x230 = -1.768364
	x231 = -0.878400
	x232 = 0.125128
	x233 = 2.126658
	x234 = -3.126845
	x235 = -1.250671
	x236 = 1.125358
	x237 = -0.302305
	x238 = -1.330573
	x239 = 8.990026
	x240 = 0.135601
	x241 = -2.086000
	x242 = 2.155419
	x243 = -1.285997
	x244 = -0.941093
	x245 = -0.513046
	x246 = -1.064741
	x247 = -2.934807
	x248 = -1.074332
	x249 = 2.657100
	x250 = 0.297638
	x251 = 0.615434
	x252 = -0.831595
	x253 = -2.059698
	x254 = -1.260649
	x255 = 0.460930
	x256 = -0.442219
	x257 = -0.016822
	x258 = -1.757383
	x259 = 2.366304
	x260 = -1.827489
	x261 = 0.517411
	x262 = -2.410858
	x263 = 1.575224
	x264 = 1.119610
	x265 = -0.379050
	x266 = 3.920504
	x267 = -0.010222
	x268 = -0.966203
	x269 = -1.365836
	x270 = -1.615045
	x271 = -2.668285
	x272 = 0.818508
	x273 = 2.482495
	x274 = -0.160681
	x275 = -3.220869
	x276 = 1.481322
	x277 = -0.107032
	x278 = 1.376514
	x279 = 0.067027
	x280 = 1.306779
	x281 = 0.615376
	x282 = 1.100225
	x283 = 0.166016
	x284 = -1.004419
	x285 = -3.674095
	x286 = 1.849432
	x287 = -0.502769
	x288 = -0.267634
	x289 = 1.328042
	x290 = -0.693716
	x291 = -0.985711
	x292 = 1.569070
	x293 = 0.995269
	x294 = 3.040068
	x295 = -0.027313
	x296 = 0.210021
	x297 = -0.516601
	x298 = -9.553664
	x299 = 4.003035
	x300 = 2.895835
	x301 = 2.840779
	x302 = -0.090457
	x303 = -0.504067
	x304 = -0.900085
	x305 = -0.907372
	x306 = 0.573577
	x307 = 2.080598
	x308 = 0.079941
	x309 = -1.007701
	x310 = -1.949520
	x311 = -0.109441
	x312 = -2.884686
	x313 = -1.492232
	x314 = -0.894609
	x315 = -1.626545
	x316 = -0.657544
	x317 = -0.092282
	x318 = 2.072147
	x319 = 0.571854
	x320 = -0.407102
	x321 = 2.015687
	x322 = 0.237056
	x323 = 0.576195
	x324 = 1.027833
	x325 = -1.717332
	x326 = 2.149335
	x327 = 1.037882
	x328 = 0.696082
	x329 = -0.386075
	x330 = 2.376401
	x331 = 2.240212
	x332 = -0.454542
	x333 = 0.277590
	x334 = 1.711352
	x335 = -0.694443
	x336 = -0.829220
	x337 = 1.603266
	x338 = -1.003034
	x339 = 1.470995
	x340 = -0.008375
	x341 = 0.498180
	x342 = -0.295876
	x343 = 0.549918
	x344 = -0.398695
	x345 = -1.538463
	x346 = 3.118721
	x347 = -0.930885
	x348 = -1.112394
	x349 = -0.508189
	x350 = -0.963746
	x351 = 0.093875
	x352 = -0.948087
	x353 = -1.863389
	x354 = 1.507533
	x355 = -1.038471
	x356 = 0.922478
	x357 = 0.359080
	x358 = -1.037458
	x359 = -1.802150
	x360 = 2.088143
	x361 = -1.798952
	x362 = -1.951416
	x363 = 0.492586
	x364 = -0.916416
	x365 = -0.661995
	x366 = 0.825228
	x367 = 0.341495
	x368 = -1.219635
	x369 = -0.312117
	x370 = -1.605562
	x371 = 1.136388
	x372 = 0.552723
	x373 = 0.367276
	x374 = 0.266103
	x375 = -0.619192
	x376 = -0.629153
	x377 = -0.810219
	x378 = 1.683918
	x379 = 0.273663
	x380 = -1.013437
	x381 = 2.425702
	x382 = -0.918862
	x383 = 1.653102
	x384 = -1.164752
	x385 = 0.524335
	x386 = -2.253966
	x387 = -1.616692
	x388 = -1.006708
	x389 = -3.373650
	x390 = -0.621867
	x391 = 2.139518
	x392 = 1.307292
	x393 = 2.072434
	x394 = 0.960091
	x395 = -1.288568
	x396 = -0.675811
	x397 = -0.388176
	x398 = 0.851450
	x399 = 1.381112
	x400 = 0.886984
	x401 = -2.567242
	x402 = 0.001480
	x403 = 0.712798
	x404 = 3.322065
	x405 = 1.745762
	x406 = -1.202636
	x407 = -0.273013
	x408 = 2.923110
	x409 = 1.333701
	x410 = -0.989207
	x411 = 0.330971
	x412 = -0.087695
	x413 = -0.152092
	x414 = -0.910421
	x415 = 2.078641
	x416 = -1.646609
	x417 = -2.067376
	x418 = -0.278355
	x419 = -1.053223
	x420 = -0.522468
	x421 = -1.509867
	x422 = -3.509635
	x423 = 1.483147
	x424 = 0.031647
	x425 = -1.362555
	x426 = -0.321712
	x427 = -0.379984
	x428 = -1.361591
	x429 = -0.005638
	x430 = -1.321564
	x431 = -1.657262
	x432 = -2.715839
	x433 = -2.586566
	x434 = -0.990445
	x435 = -1.328407
	x436 = 2.689772
	x437 = 0.508345
	x438 = -1.409996
	x439 = -0.500404
	x440 = -2.487177
	x441 = -0.969701
	x442 = -0.278144
	x443 = -0.277808
	x444 = -0.590731
	x445 = 0.219158
	x446 = -3.313000
	x447 = 1.512960
	x448 = 0.904144
	x449 = -0.802687
	x450 = 1.082310
	x451 = 0.577156
	x452 = 0.183379
	x453 = 0.675644
	x454 = -0.104613
	x455 = -1.757759
	x456 = -0.566577
	x457 = -0.579836
	x458 = 0.332782
	x459 = 1.624344
	x460 = -1.646143
	x461 = 1.344640
	x462 = -1.707571
	x463 = 2.786911
	x464 = -0.330474
	x465 = -1.279477
	x466 = -0.822056
	x467 = 0.288391
	x468 = 0.426162
	x469 = -1.188920
	x470 = 2.413545
	x471 = 0.103581
	x472 = 0.879646
	x473 = -3.164876
	x474 = 1.642882
	x475 = 0.818758
	x476 = -0.556112
	x477 = -0.577065
	x478 = -0.471990
	x479 = 1.950113
	x480 = -0.397342
	x481 = 0.807039
	x482 = -0.520192
	x483 = 2.351362
	x484 = 0.653519
	x485 = -0.201463
	x486 = 1.407728
	x487 = -1.665885
	x488 = -0.033159
	x489 = 0.787202
	x490 = -1.355249
	x491 = -0.193723
	x492 = 0.689988
	x493 = 1.727903
	x494 = 0.332752
	x495 = 0.673904
	x496 = 1.703162
	x497 = -1.654911
	x498 = -0.510415
	x499 = -0.077653
	x500 = -0.069516
	x501 = -2.805440
	x502 = -1.298883
	x503 = -2.211682
	x504 = -0.508515
	x505 = 0.454700
	x506 = -0.889897
	x507 = 1.559745
	x508 = -1.637080
	x509 = -0.329574
	x510 = -0.951054
	x511 = 1.452620

Output:
	y0 = -5.409145
	y1 = 5.091333
	y2 = -5.970429
	y3 = -6.548304
	y4 = 4.900270
	y5 = -6.931966
	y6 = -5.169649
	y7 = 9.565245
	y8 = -5.898219
	y9 = -5.929448
	y10 = 7.534457
	y11 = -6.789767
	y12 = -6.295132
	y13 = 8.229607
	y14 = -5.972755
	y15 = -4.534702
	y16 = 3.835239
	y17 = -4.294547
	y18 = -5.152118
	y19 = 4.593746
	y20 = -7.310973
	y21 = -8.671089
	y22 = 6.816232
	y23 = -8.301390
	y24 = -7.476178
	y25 = 7.244016
	y26 = -7.752674
	y27 = -7.726828
	y28 = 7.322171
	y29 = -8.023364
	y30 = -5.417912
	y31 = 7.262840
	y32 = -4.254281
	y33 = -1.983069
	y34 = 6.884437
	y35 = -2.639345
	y36 = -3.780313
	y37 = 10.895014
	y38 = -2.522775
	y39 = -3.751939
	y40 = 10.884138
	y41 = -5.363687
	y42 = -8.084593
	y43 = 8.197464
	y44 = -9.230304
	y45 = -8.691763
	y46 = 8.690859
	y47 = -7.586354
	y48 = -6.201492
	y49 = 6.391290
	y50 = -8.097221
	y51 = -6.608565
	y52 = 17.988786
	y53 = -7.577386
	y54 = -2.798934
	y55 = 13.590990
	y56 = -2.183604
	y57 = -2.943780
	y58 = 6.895280
	y59 = -2.500645
	y60 = 4.950701
	y61 = -7.752365
	y62 = -2.813244
	y63 = -1.894152
	y64 = 23.626974
	y65 = -3.076148
	y66 = -5.327262
	y67 = 9.407928
	y68 = -5.508224
	y69 = -7.809632
	y70 = 11.115755
	y71 = -8.689352
	y72 = -6.004537
	y73 = 8.784202
	y74 = -4.958173
	y75 = -5.438869
	y76 = 23.555953
	y77 = -7.036246
	y78 = -2.575156
	y79 = -4.785190
	y80 = 4.869198
	y81 = 10.553885
	y82 = -11.657193
	y83 = 6.107015
	y84 = 3.867283
	y85 = -12.559272
	y86 = 7.850782
	y87 = -1.874008
	y88 = -6.580582
	y89 = 4.556082
	y90 = -6.272668
	y91 = 20.194584
	y92 = -6.942300
	y93 = -6.502462
	y94 = 9.540995
	y95 = -7.828322
	y96 = -7.946927
	y97 = 7.842271
	y98 = -6.357037
	y99 = -4.306973
	y100 = 8.891871
	y101 = -3.411258
	y102 = 4.962865
	y103 = -7.238267
	y104 = -2.736606
	y105 = 10.101725
	y106 = -11.187562
	y107 = 6.582372
	y108 = 4.415336
	y109 = -12.824448
	y110 = 7.836260
	y111 = -3.348347
	y112 = 11.590993
	y113 = -0.276381
	y114 = -6.701078
	y115 = 17.281076
	y116 = -6.516156
	y117 = -6.379028
	y118 = 10.863398
	y119 = -7.470177
	y120 = -6.431901
	y121 = 9.510153
	y122 = -5.270863
	y123 = -3.595527
	y124 = 10.003381
	y125 = -6.741987
	y126 = -3.201144
	y127 = 6.937821
	y128 = -4.779995
	y129 = -0.959007
	y130 = -5.256833
	y131 = 4.883533
	y132 = -1.854424
	y133 = 21.235377
	y134 = -0.224206
	y135 = -4.003030
	y136 = 18.556063
	y137 = -1.090522
	y138 = -5.213667
	y139 = -3.321300
	y140 = -3.321290
	y141 = -6.445654
	y142 = 9.653428
	y143 = -5.221383
	y144 = -6.089909
	y145 = 7.493181
	y146 = -7.653080
	y147 = -6.857106
	y148 = 5.793285
	y149 = -9.587944
	y150 = -5.489218
	y151 = 9.110721
	y152 = -3.827412
	y153 = -4.383430
	y154 = 23.001997
	y155 = -5.781260
	y156 = -6.212235
	y157 = 20.540618
	y158 = -8.862202
	y159 = -4.382604
	y160 = 4.829477
	y161 = -6.184535
	y162 = -7.808585
	y163 = 7.550764
	y164 = -8.048648
	y165 = -7.674507
	y166 = 13.335844
	y167 = -10.198506
	y168 = -5.135864
	y169 = 8.044148
	y170 = -8.525880
	y171 = -7.236388
	y172 = 8.439586
	y173 = -9.188050
	y174 = -4.000447
	y175 = 9.019071
	y176 = -7.358020
	y177 = -5.289092
	y178 = 10.087937
	y179 = -7.749980
	y180 = -5.856723
	y181 = 7.342680
	y182 = -8.125070
	y183 = -7.510869
	y184 = 7.196659
	y185 = -9.586258
	y186 = -6.352857
	y187 = 4.194617
	y188 = -7.789212
	y189 = -8.884518
	y190 = 9.089030
	y191 = -11.635794

