InputQuery: /home/levn/Workspace/othello_world/queries/probe_robust/group_1/game_105_target_38_eps_0.1.txt
Engine::processInputQuery: Input query (before preprocessing): 449 equations, 1216 variables
Engine::processInputQuery: Input query (after preprocessing): 705 equations, 1359 variables

Input bounds:
	x0: [ -0.8476,  -0.6476] 
	x1: [ -2.0554,  -1.8554] 
	x2: [ -0.2191,  -0.0191] 
	x3: [ -0.7545,  -0.5545] 
	x4: [  1.1453,   1.3453] 
	x5: [ -2.2106,  -2.0106] 
	x6: [ -1.1075,  -0.9075] 
	x7: [  1.0081,   1.2081] 
	x8: [ -2.5528,  -2.3528] 
	x9: [  0.6633,   0.8633] 
	x10: [ -0.3393,  -0.1393] 
	x11: [  1.3875,   1.5875] 
	x12: [ -1.0161,  -0.8161] 
	x13: [  0.1422,   0.3422] 
	x14: [ -0.1198,   0.0802] 
	x15: [  1.2741,   1.4741] 
	x16: [  0.9432,   1.1432] 
	x17: [ -1.5948,  -1.3948] 
	x18: [  0.8327,   1.0327] 
	x19: [  1.0886,   1.2886] 
	x20: [  1.4258,   1.6258] 
	x21: [ -0.9569,  -0.7569] 
	x22: [  1.0328,   1.2328] 
	x23: [  0.0205,   0.2205] 
	x24: [  2.8126,   3.0126] 
	x25: [ -0.4635,  -0.2635] 
	x26: [ -0.5001,  -0.3001] 
	x27: [  0.8553,   1.0553] 
	x28: [  0.9932,   1.1932] 
	x29: [  0.9284,   1.1284] 
	x30: [ -2.4658,  -2.2658] 
	x31: [ -0.8801,  -0.6801] 
	x32: [ -1.7677,  -1.5677] 
	x33: [ -1.3054,  -1.1054] 
	x34: [ -1.7233,  -1.5233] 
	x35: [ -1.9506,  -1.7506] 
	x36: [ -1.1591,  -0.9591] 
	x37: [ -1.9953,  -1.7953] 
	x38: [ -0.5076,  -0.3076] 
	x39: [ -1.4886,  -1.2886] 
	x40: [  0.4439,   0.6439] 
	x41: [ -0.4147,  -0.2147] 
	x42: [  1.2395,   1.4395] 
	x43: [ -2.7207,  -2.5207] 
	x44: [ -1.9251,  -1.7251] 
	x45: [  0.6128,   0.8128] 
	x46: [ -0.9328,  -0.7328] 
	x47: [ -4.8105,  -4.6105] 
	x48: [  3.2064,   3.4064] 
	x49: [ -1.1461,  -0.9461] 
	x50: [ -3.6318,  -3.4318] 
	x51: [  1.9026,   2.1026] 
	x52: [  1.8400,   2.0400] 
	x53: [ -0.5081,  -0.3081] 
	x54: [ -2.4656,  -2.2656] 
	x55: [  0.3907,   0.5907] 
	x56: [  0.2288,   0.4288] 
	x57: [ -0.8858,  -0.6858] 
	x58: [ -2.2339,  -2.0339] 
	x59: [  2.2168,   2.4168] 
	x60: [ -1.8306,  -1.6306] 
	x61: [ -1.2711,  -1.0711] 
	x62: [ -0.5819,  -0.3819] 
	x63: [  0.4889,   0.6889] 
	x64: [  0.0633,   0.2633] 
	x65: [ -3.3279,  -3.1279] 
	x66: [  0.8941,   1.0941] 
	x67: [  0.0225,   0.2225] 
	x68: [  0.1353,   0.3353] 
	x69: [ -0.4771,  -0.2771] 
	x70: [ -0.5362,  -0.3362] 
	x71: [ -0.2045,  -0.0045] 
	x72: [  0.0376,   0.2376] 
	x73: [ -1.6154,  -1.4154] 
	x74: [  0.5421,   0.7421] 
	x75: [ -0.1665,   0.0335] 
	x76: [  0.9892,   1.1892] 
	x77: [  0.6526,   0.8526] 
	x78: [ -0.9900,  -0.7900] 
	x79: [ -1.4590,  -1.2590] 
	x80: [  1.4743,   1.6743] 
	x81: [ -0.3231,  -0.1231] 
	x82: [  1.1110,   1.3110] 
	x83: [ -0.2172,  -0.0172] 
	x84: [ -0.0569,   0.1431] 
	x85: [ -0.4643,  -0.2643] 
	x86: [  1.3952,   1.5952] 
	x87: [  0.5305,   0.7305] 
	x88: [ -1.5656,  -1.3656] 
	x89: [  0.1736,   0.3736] 
	x90: [ -0.3310,  -0.1310] 
	x91: [ -0.5176,  -0.3176] 
	x92: [  1.5529,   1.7529] 
	x93: [  0.4081,   0.6081] 
	x94: [ -0.1056,   0.0944] 
	x95: [ -0.4116,  -0.2116] 
	x96: [  0.7304,   0.9304] 
	x97: [ -2.1304,  -1.9304] 
	x98: [ -0.2090,  -0.0090] 
	x99: [  0.7623,   0.9623] 
	x100: [  2.6968,   2.8968] 
	x101: [ -0.5095,  -0.3095] 
	x102: [ -0.3024,  -0.1024] 
	x103: [ -1.2506,  -1.0506] 
	x104: [ -1.1260,  -0.9260] 
	x105: [ -3.5910,  -3.3910] 
	x106: [ -0.5716,  -0.3716] 
	x107: [ -0.5250,  -0.3250] 
	x108: [ -0.2299,  -0.0299] 
	x109: [ -0.2061,  -0.0061] 
	x110: [ -1.9059,  -1.7059] 
	x111: [ -2.8316,  -2.6316] 
	x112: [  0.7849,   0.9849] 
	x113: [  0.3057,   0.5057] 
	x114: [ -0.8493,  -0.6493] 
	x115: [  2.0111,   2.2111] 
	x116: [  1.7776,   1.9776] 
	x117: [ -1.0954,  -0.8954] 
	x118: [  2.0676,   2.2676] 
	x119: [  0.0642,   0.2642] 
	x120: [ -0.6576,  -0.4576] 
	x121: [  3.4677,   3.6677] 
	x122: [ -1.3587,  -1.1587] 
	x123: [  1.3107,   1.5107] 
	x124: [ -1.9467,  -1.7467] 
	x125: [ -0.5119,  -0.3119] 
	x126: [ -0.5019,  -0.3019] 
	x127: [  1.4128,   1.6128] 
	x128: [ -0.3918,  -0.1918] 
	x129: [ -1.5457,  -1.3457] 
	x130: [  0.4708,   0.6708] 
	x131: [  0.7457,   0.9457] 
	x132: [ -0.3454,  -0.1454] 
	x133: [ -0.7933,  -0.5933] 
	x134: [ -0.2048,  -0.0048] 
	x135: [  0.7098,   0.9098] 
	x136: [  0.2514,   0.4514] 
	x137: [  0.0257,   0.2257] 
	x138: [ -0.4032,  -0.2032] 
	x139: [  1.6726,   1.8726] 
	x140: [  2.1537,   2.3537] 
	x141: [ -0.6656,  -0.4656] 
	x142: [  1.2848,   1.4848] 
	x143: [  0.2948,   0.4948] 
	x144: [  1.2922,   1.4922] 
	x145: [ -2.1134,  -1.9134] 
	x146: [ -3.6508,  -3.4508] 
	x147: [ -0.7436,  -0.5436] 
	x148: [ -0.5609,  -0.3609] 
	x149: [ -2.3004,  -2.1004] 
	x150: [ -1.4548,  -1.2548] 
	x151: [ -0.9971,  -0.7971] 
	x152: [ -0.5033,  -0.3033] 
	x153: [ -0.4597,  -0.2597] 
	x154: [ -0.9446,  -0.7446] 
	x155: [ -0.0290,   0.1710] 
	x156: [ -1.9667,  -1.7667] 
	x157: [ -0.7429,  -0.5429] 
	x158: [ -1.0748,  -0.8748] 
	x159: [ -1.7184,  -1.5184] 
	x160: [  0.4520,   0.6520] 
	x161: [ -0.4854,  -0.2854] 
	x162: [ -1.0834,  -0.8834] 
	x163: [  0.1631,   0.3631] 
	x164: [  0.7719,   0.9719] 
	x165: [ -2.6530,  -2.4530] 
	x166: [  1.4150,   1.6150] 
	x167: [  2.5185,   2.7185] 
	x168: [ -0.9920,  -0.7920] 
	x169: [ -0.4746,  -0.2746] 
	x170: [ -2.2446,  -2.0446] 
	x171: [  1.7913,   1.9913] 
	x172: [ -1.0873,  -0.8873] 
	x173: [ -0.7579,  -0.5579] 
	x174: [ -0.2734,  -0.0734] 
	x175: [  0.8120,   1.0120] 
	x176: [ -2.3497,  -2.1497] 
	x177: [  0.7660,   0.9660] 
	x178: [  1.8484,   2.0484] 
	x179: [  0.4392,   0.6392] 
	x180: [  0.2353,   0.4353] 
	x181: [ -2.7302,  -2.5302] 
	x182: [  0.8871,   1.0871] 
	x183: [ -2.0436,  -1.8436] 
	x184: [  0.2694,   0.4694] 
	x185: [ -3.2022,  -3.0022] 
	x186: [  2.0172,   2.2172] 
	x187: [  2.1725,   2.3725] 
	x188: [ -0.3907,  -0.1907] 
	x189: [  0.6368,   0.8368] 
	x190: [ -1.9254,  -1.7254] 
	x191: [ -2.0657,  -1.8657] 
	x192: [  2.5243,   2.7243] 
	x193: [  0.2919,   0.4919] 
	x194: [ -3.3908,  -3.1908] 
	x195: [  0.4968,   0.6968] 
	x196: [ -0.4134,  -0.2134] 
	x197: [  0.9951,   1.1951] 
	x198: [ -1.4833,  -1.2833] 
	x199: [  1.9982,   2.1982] 
	x200: [ -0.7042,  -0.5042] 
	x201: [  2.0589,   2.2589] 
	x202: [ -1.0540,  -0.8540] 
	x203: [ -1.5808,  -1.3808] 
	x204: [ -1.7802,  -1.5802] 
	x205: [  0.1281,   0.3281] 
	x206: [  0.0407,   0.2407] 
	x207: [  0.2975,   0.4975] 
	x208: [  0.1230,   0.3230] 
	x209: [ -4.0680,  -3.8680] 
	x210: [  0.5409,   0.7409] 
	x211: [  0.0539,   0.2539] 
	x212: [ -0.8369,  -0.6369] 
	x213: [ -0.7622,  -0.5622] 
	x214: [ -1.4931,  -1.2931] 
	x215: [ -1.8585,  -1.6585] 
	x216: [  1.6830,   1.8830] 
	x217: [  1.9302,   2.1302] 
	x218: [ -2.0349,  -1.8349] 
	x219: [ -1.4532,  -1.2532] 
	x220: [  0.3206,   0.5206] 
	x221: [  0.5590,   0.7590] 
	x222: [  0.4896,   0.6896] 
	x223: [ -0.6423,  -0.4423] 
	x224: [ -1.0042,  -0.8042] 
	x225: [  1.0672,   1.2672] 
	x226: [ -1.0248,  -0.8248] 
	x227: [  1.3653,   1.5653] 
	x228: [ -1.1562,  -0.9562] 
	x229: [ -0.8124,  -0.6124] 
	x230: [  2.2094,   2.4094] 
	x231: [  0.3186,   0.5186] 
	x232: [  0.5601,   0.7601] 
	x233: [ -0.1382,   0.0618] 
	x234: [ -1.1583,  -0.9583] 
	x235: [ -2.0631,  -1.8631] 
	x236: [  3.1020,   3.3020] 
	x237: [  1.3779,   1.5779] 
	x238: [ -0.2996,  -0.0996] 
	x239: [  3.6027,   3.8027] 
	x240: [ -0.6648,  -0.4648] 
	x241: [ -0.5278,  -0.3278] 
	x242: [ -1.6425,  -1.4425] 
	x243: [ -1.4003,  -1.2003] 
	x244: [  2.1593,   2.3593] 
	x245: [  1.1783,   1.3783] 
	x246: [ -2.1897,  -1.9897] 
	x247: [ -3.6029,  -3.4029] 
	x248: [  0.4794,   0.6794] 
	x249: [  4.5053,   4.7053] 
	x250: [  2.5745,   2.7745] 
	x251: [ -0.2284,  -0.0284] 
	x252: [  1.4295,   1.6295] 
	x253: [ -0.3515,  -0.1515] 
	x254: [ -2.3413,  -2.1413] 
	x255: [  1.0670,   1.2670] 
	x256: [ -0.2729,  -0.0729] 
	x257: [  0.3399,   0.5399] 
	x258: [ -1.3021,  -1.1021] 
	x259: [  2.5380,   2.7380] 
	x260: [ -0.8754,  -0.6754] 
	x261: [ -1.0688,  -0.8688] 
	x262: [  1.6916,   1.8916] 
	x263: [  2.3854,   2.5854] 
	x264: [ -0.9371,  -0.7371] 
	x265: [ -0.8984,  -0.6984] 
	x266: [  0.7809,   0.9809] 
	x267: [  0.7062,   0.9062] 
	x268: [ -0.8276,  -0.6276] 
	x269: [ -0.3523,  -0.1523] 
	x270: [  1.2968,   1.4968] 
	x271: [  0.7916,   0.9916] 
	x272: [ -0.6904,  -0.4904] 
	x273: [  1.2591,   1.4591] 
	x274: [  1.5771,   1.7771] 
	x275: [  1.4000,   1.6000] 
	x276: [  0.1606,   0.3606] 
	x277: [ -1.7813,  -1.5813] 
	x278: [ -2.8295,  -2.6295] 
	x279: [  0.2689,   0.4689] 
	x280: [  1.7725,   1.9725] 
	x281: [  0.3795,   0.5795] 
	x282: [  0.8260,   1.0260] 
	x283: [ -3.9537,  -3.7537] 
	x284: [ -0.7902,  -0.5902] 
	x285: [  1.6180,   1.8180] 
	x286: [ -1.4444,  -1.2444] 
	x287: [ -0.0092,   0.1908] 
	x288: [ -1.5735,  -1.3735] 
	x289: [  0.2487,   0.4487] 
	x290: [  2.6338,   2.8338] 
	x291: [  1.0290,   1.2290] 
	x292: [  2.3997,   2.5997] 
	x293: [ -0.1733,   0.0267] 
	x294: [  0.4037,   0.6037] 
	x295: [  4.3991,   4.5991] 
	x296: [  1.3909,   1.5909] 
	x297: [  0.0015,   0.2015] 
	x298: [ -5.1824,  -4.9824] 
	x299: [ -0.8802,  -0.6802] 
	x300: [  2.8729,   3.0729] 
	x301: [ -0.4805,  -0.2805] 
	x302: [ -2.4684,  -2.2684] 
	x303: [ -2.8278,  -2.6278] 
	x304: [ -2.4649,  -2.2649] 
	x305: [ -0.8283,  -0.6283] 
	x306: [  0.4819,   0.6819] 
	x307: [ -1.2439,  -1.0439] 
	x308: [  1.1259,   1.3259] 
	x309: [  2.0015,   2.2015] 
	x310: [ -1.0241,  -0.8241] 
	x311: [ -0.9038,  -0.7038] 
	x312: [  0.2272,   0.4272] 
	x313: [ -0.6014,  -0.4014] 
	x314: [  0.5589,   0.7589] 
	x315: [  1.8971,   2.0971] 
	x316: [ -1.9740,  -1.7740] 
	x317: [  1.9180,   2.1180] 
	x318: [  1.0544,   1.2544] 
	x319: [ -0.5611,  -0.3611] 
	x320: [ -0.0355,   0.1645] 
	x321: [  0.1417,   0.3417] 
	x322: [  1.8195,   2.0195] 
	x323: [  1.7727,   1.9727] 
	x324: [  1.3241,   1.5241] 
	x325: [ -0.4629,  -0.2629] 
	x326: [  1.5285,   1.7285] 
	x327: [  0.2506,   0.4506] 
	x328: [  1.7845,   1.9845] 
	x329: [ -1.3797,  -1.1797] 
	x330: [  0.7308,   0.9308] 
	x331: [ -1.4703,  -1.2703] 
	x332: [ -0.6787,  -0.4787] 
	x333: [ -0.8352,  -0.6352] 
	x334: [  0.6121,   0.8121] 
	x335: [ -0.8848,  -0.6848] 
	x336: [  1.0294,   1.2294] 
	x337: [  1.3159,   1.5159] 
	x338: [ -0.3712,  -0.1712] 
	x339: [ -3.7779,  -3.5779] 
	x340: [  0.2839,   0.4839] 
	x341: [  0.5068,   0.7068] 
	x342: [ -0.8233,  -0.6233] 
	x343: [  0.4184,   0.6184] 
	x344: [  0.0946,   0.2946] 
	x345: [  0.6006,   0.8006] 
	x346: [  0.2032,   0.4032] 
	x347: [ -1.9314,  -1.7314] 
	x348: [ -1.3175,  -1.1175] 
	x349: [  0.5367,   0.7367] 
	x350: [ -0.8689,  -0.6689] 
	x351: [ -1.2582,  -1.0582] 
	x352: [  1.5919,   1.7919] 
	x353: [ -0.1086,   0.0914] 
	x354: [ -0.4018,  -0.2018] 
	x355: [  1.0235,   1.2235] 
	x356: [ -0.3982,  -0.1982] 
	x357: [  2.0775,   2.2775] 
	x358: [ -1.4424,  -1.2424] 
	x359: [  2.7404,   2.9404] 
	x360: [ -0.5034,  -0.3034] 
	x361: [  0.5873,   0.7873] 
	x362: [ -2.9673,  -2.7673] 
	x363: [  1.2031,   1.4031] 
	x364: [ -0.4312,  -0.2312] 
	x365: [ -0.4030,  -0.2030] 
	x366: [  0.8335,   1.0335] 
	x367: [  3.4474,   3.6474] 
	x368: [ -2.0810,  -1.8810] 
	x369: [ -2.0114,  -1.8114] 
	x370: [ -0.4130,  -0.2130] 
	x371: [ -2.5538,  -2.3538] 
	x372: [  2.5080,   2.7080] 
	x373: [ -2.3221,  -2.1221] 
	x374: [ -1.2976,  -1.0976] 
	x375: [ -0.5559,  -0.3559] 
	x376: [  1.9908,   2.1908] 
	x377: [  1.0243,   1.2243] 
	x378: [  1.9814,   2.1814] 
	x379: [ -0.2244,  -0.0244] 
	x380: [  0.1103,   0.3103] 
	x381: [ -1.1687,  -0.9687] 
	x382: [ -2.0515,  -1.8515] 
	x383: [  0.5498,   0.7498] 
	x384: [  0.2646,   0.4646] 
	x385: [ -0.4781,  -0.2781] 
	x386: [ -1.7818,  -1.5818] 
	x387: [ -2.8490,  -2.6490] 
	x388: [ -2.3981,  -2.1981] 
	x389: [ -0.6572,  -0.4572] 
	x390: [ -0.6453,  -0.4453] 
	x391: [ -0.1654,   0.0346] 
	x392: [  1.8002,   2.0002] 
	x393: [  1.4739,   1.6739] 
	x394: [ -1.8280,  -1.6280] 
	x395: [  1.0985,   1.2985] 
	x396: [  0.3960,   0.5960] 
	x397: [ -1.3058,  -1.1058] 
	x398: [ -1.1135,  -0.9135] 
	x399: [  1.0256,   1.2256] 
	x400: [  0.2340,   0.4340] 
	x401: [ -1.4967,  -1.2967] 
	x402: [ -0.1188,   0.0812] 
	x403: [ -1.7685,  -1.5685] 
	x404: [  1.7400,   1.9400] 
	x405: [  0.3470,   0.5470] 
	x406: [ -0.4033,  -0.2033] 
	x407: [ -2.3716,  -2.1716] 
	x408: [  2.4487,   2.6487] 
	x409: [ -1.9803,  -1.7803] 
	x410: [  1.3741,   1.5741] 
	x411: [ -0.1446,   0.0554] 
	x412: [ -2.1542,  -1.9542] 
	x413: [  0.3907,   0.5907] 
	x414: [ -1.7560,  -1.5560] 
	x415: [  0.8229,   1.0229] 
	x416: [ -1.9986,  -1.7986] 
	x417: [  0.8045,   1.0045] 
	x418: [ -0.7369,  -0.5369] 
	x419: [ -0.0719,   0.1281] 
	x420: [  0.8519,   1.0519] 
	x421: [ -2.3094,  -2.1094] 
	x422: [ -3.6070,  -3.4070] 
	x423: [  1.7225,   1.9225] 
	x424: [ -0.2618,  -0.0618] 
	x425: [ -1.3866,  -1.1866] 
	x426: [ -0.3912,  -0.1912] 
	x427: [ -2.0349,  -1.8349] 
	x428: [  0.5068,   0.7068] 
	x429: [ -2.4155,  -2.2155] 
	x430: [ -2.8882,  -2.6882] 
	x431: [ -2.6031,  -2.4031] 
	x432: [  0.9499,   1.1499] 
	x433: [ -0.0944,   0.1056] 
	x434: [ -0.3684,  -0.1684] 
	x435: [  0.4529,   0.6529] 
	x436: [ -1.7179,  -1.5179] 
	x437: [  0.8096,   1.0096] 
	x438: [ -1.8086,  -1.6086] 
	x439: [ -2.2464,  -2.0464] 
	x440: [ -0.5701,  -0.3701] 
	x441: [ -1.2914,  -1.0914] 
	x442: [ -0.4199,  -0.2199] 
	x443: [ -3.8304,  -3.6304] 
	x444: [  0.7958,   0.9958] 
	x445: [  0.1952,   0.3952] 
	x446: [ -0.8050,  -0.6050] 
	x447: [  0.1455,   0.3455] 
	x448: [ -2.9948,  -2.7948] 
	x449: [ -0.0645,   0.1355] 
	x450: [  2.0681,   2.2681] 
	x451: [  1.4522,   1.6522] 
	x452: [ -2.5500,  -2.3500] 
	x453: [  0.7801,   0.9801] 
	x454: [ -2.0432,  -1.8432] 
	x455: [  0.2827,   0.4827] 
	x456: [ -0.7005,  -0.5005] 
	x457: [  0.0047,   0.2047] 
	x458: [  0.6548,   0.8548] 
	x459: [  1.3692,   1.5692] 
	x460: [  0.8540,   1.0540] 
	x461: [  1.9859,   2.1859] 
	x462: [ -0.9332,  -0.7332] 
	x463: [ -1.5828,  -1.3828] 
	x464: [  0.3474,   0.5474] 
	x465: [  0.7993,   0.9993] 
	x466: [ -0.2434,  -0.0434] 
	x467: [ -0.9164,  -0.7164] 
	x468: [  1.3275,   1.5275] 
	x469: [ -1.9456,  -1.7456] 
	x470: [  2.2817,   2.4817] 
	x471: [ -0.8785,  -0.6785] 
	x472: [  1.7635,   1.9635] 
	x473: [  0.3886,   0.5886] 
	x474: [ -1.8722,  -1.6722] 
	x475: [  0.7882,   0.9882] 
	x476: [  1.1503,   1.3503] 
	x477: [ -0.1054,   0.0946] 
	x478: [  1.0116,   1.2116] 
	x479: [  1.3212,   1.5212] 
	x480: [ -1.5862,  -1.3862] 
	x481: [  0.3097,   0.5097] 
	x482: [ -1.2572,  -1.0572] 
	x483: [  1.1487,   1.3487] 
	x484: [  0.0080,   0.2080] 
	x485: [  1.1283,   1.3283] 
	x486: [  2.6893,   2.8893] 
	x487: [ -0.6978,  -0.4978] 
	x488: [ -0.4615,  -0.2615] 
	x489: [ -0.8180,  -0.6180] 
	x490: [ -0.2038,  -0.0038] 
	x491: [  2.1004,   2.3004] 
	x492: [  1.5115,   1.7115] 
	x493: [ -0.9455,  -0.7455] 
	x494: [ -0.6210,  -0.4210] 
	x495: [ -0.8308,  -0.6308] 
	x496: [  1.8512,   2.0512] 
	x497: [  1.8221,   2.0221] 
	x498: [  1.1906,   1.3906] 
	x499: [ -3.3381,  -3.1381] 
	x500: [  0.3913,   0.5913] 
	x501: [  0.4786,   0.6786] 
	x502: [ -3.8273,  -3.6273] 
	x503: [ -1.1438,  -0.9438] 
	x504: [  1.3720,   1.5720] 
	x505: [ -0.2533,  -0.0533] 
	x506: [ -2.7398,  -2.5398] 
	x507: [  1.6817,   1.8817] 
	x508: [ -1.2835,  -1.0835] 
	x509: [ -2.6984,  -2.4984] 
	x510: [ -0.5920,  -0.3920] 
	x511: [  0.2077,   0.4077] 

Branching heuristics set to PseudoImpact

Engine::solve: Initial statistics

23:14:11 Statistics update:
	--- Time Statistics ---
	Total time elapsed: 496 milli (00:00:00)
		Main loop: 0 milli (00:00:00)
		Preprocessing time: 195 milli (00:00:00)
		Unknown: 301 milli (00:00:00)
	Breakdown for main loop:
		[0.00%] Simplex steps: 0 milli
		[0.00%] Explicit-basis bound tightening: 0 milli
		[0.00%] Constraint-matrix bound tightening: 0 milli
		[0.00%] Degradation checking: 0 milli
		[0.00%] Precision restoration: 0 milli
		[0.00%] Statistics handling: 0 milli
		[0.00%] Constraint-fixing steps: 0 milli
		[0.00%] Valid case splits: 0 milli. Average per split: 0.00 milli
		[0.00%] Applying stored bound-tightening: 0 milli
		[0.00%] SMT core: 0 milli
		[0.00%] Symbolic Bound Tightening: 12 milli
		[0.00%] SoI-based local search: 0 milli
		[0.00%] SoI-based local search: 0 milli
		[0.00%] Unaccounted for: 0 milli
	--- Preprocessor Statistics ---
	Number of preprocessor bound-tightening loop iterations: 3
	Number of eliminated variables: 114
	Number of constraints removed due to variable elimination: 114
	Number of equations removed due to variable elimination: 0
	--- Engine Statistics ---
	Number of main loop iterations: 1
		0 iterations were simplex steps. Total time: 0 milli. Average: 0.00 milli.
		0 iterations were constraint-fixing steps. Total time: 0 milli. Average: 0.00 milli
	Number of active piecewise-linear constraints: 142 / 142
		Constraints disabled by valid splits: 0. By SMT-originated splits: 0
	Last reported degradation: 0.0000000000. Max degradation so far: 0.0000000000. Restorations so far: 0
	Number of simplex pivots we attempted to skip because of instability: 0.
	Unstable pivots performed anyway: 0
	--- Tableau Statistics ---
	Total number of pivots performed: 0
		Real pivots: 0. Degenerate: 0 (0.00%)
		Degenerate pivots by request (e.g., to fix a PL constraint): 0 (0.00%)
		Average time per pivot: 0.00 milli
	Total number of fake pivots performed: 0
	Total number of rows added: 0. Number of merged columns: 0
	Current tableau dimensions: M = 705, N = 2064
	--- SMT Core Statistics ---
	Total depth is 0. Total visited states: 1. Number of splits: 0. Number of pops: 0
	Max stack depth: 0
	--- Bound Tightening Statistics ---
	Number of tightened bounds: 0.
		Number of rows examined by row tightener: 0. Consequent tightenings: 0
		Number of explicit basis matrices examined by row tightener: 0. Consequent tightenings: 0
		Number of bound tightening rounds on the entire constraint matrix: 0. Consequent tightenings: 0
		Number of bound notifications sent to PL constraints: 852. Tightenings proposed: 0
	--- Basis Factorization statistics ---
	Number of basis refactorizations: 2
	--- Projected Steepest Edge Statistics ---
	Number of iterations: 0.
	Number of resets to reference space: 1. Avg. iterations per reset: 0
	--- SBT ---
	Number of tightened bounds: 385
	--- SoI-based local search ---
	Number of proposed phase pattern update: 0. Number of accepted update: 0 [0.00%]
	Total time (% of local search time) updating SoI phase pattern : 0 milli [0.00%]
	Total time obtaining current assignment: 0 milli [0.00%]
	Total time getting SoI phase pattern : 0 milli [0.00%]
	--- Context dependent statistics ---
	Number of pushes / pops: 0 / 0
		[0.00%] Pre-Push hook: 0 milli
		[0.00%] Push : 0 milli
		[0.00%] Post-Pop hook: 0 milli
		[0.00%] Pop : 0 milli
		[0.00%] Total context-switching time: 0 milli
	--- Proof Certificate ---
	Number of certified leaves: 0
	Number of leaves to delegate: 0

---

Engine::solve: sat assignment found

23:14:14 Statistics update:
	--- Time Statistics ---
	Total time elapsed: 3572 milli (00:00:03)
		Main loop: 3075 milli (00:00:03)
		Preprocessing time: 195 milli (00:00:00)
		Unknown: 301 milli (00:00:00)
	Breakdown for main loop:
		[17.92%] Simplex steps: 551 milli
		[81.32%] Explicit-basis bound tightening: 2500 milli
		[0.00%] Constraint-matrix bound tightening: 0 milli
		[0.36%] Degradation checking: 10 milli
		[0.00%] Precision restoration: 0 milli
		[0.02%] Statistics handling: 0 milli
		[0.00%] Constraint-fixing steps: 0 milli
		[0.00%] Valid case splits: 0 milli. Average per split: 0.00 milli
		[0.00%] Applying stored bound-tightening: 0 milli
		[0.00%] SMT core: 0 milli
		[0.67%] Symbolic Bound Tightening: 20 milli
		[0.52%] SoI-based local search: 16 milli
		[0.00%] SoI-based local search: 0 milli
		[599837351122529.38%] Unaccounted for: 0 milli
	--- Preprocessor Statistics ---
	Number of preprocessor bound-tightening loop iterations: 3
	Number of eliminated variables: 114
	Number of constraints removed due to variable elimination: 114
	Number of equations removed due to variable elimination: 0
	--- Engine Statistics ---
	Number of main loop iterations: 509
		507 iterations were simplex steps. Total time: 551 milli. Average: 1.09 milli.
		0 iterations were constraint-fixing steps. Total time: 0 milli. Average: 0.00 milli
	Number of active piecewise-linear constraints: 142 / 142
		Constraints disabled by valid splits: 0. By SMT-originated splits: 0
	Last reported degradation: 0.0000000000. Max degradation so far: 0.0000000000. Restorations so far: 0
	Number of simplex pivots we attempted to skip because of instability: 0.
	Unstable pivots performed anyway: 0
	--- Tableau Statistics ---
	Total number of pivots performed: 488
		Real pivots: 488. Degenerate: 0 (0.00%)
		Degenerate pivots by request (e.g., to fix a PL constraint): 0 (0.00%)
		Average time per pivot: 0.17 milli
	Total number of fake pivots performed: 17
	Total number of rows added: 0. Number of merged columns: 0
	Current tableau dimensions: M = 705, N = 2064
	--- SMT Core Statistics ---
	Total depth is 0. Total visited states: 1. Number of splits: 0. Number of pops: 0
	Max stack depth: 0
	--- Bound Tightening Statistics ---
	Number of tightened bounds: 0.
		Number of rows examined by row tightener: 488. Consequent tightenings: 0
		Number of explicit basis matrices examined by row tightener: 11. Consequent tightenings: 289
		Number of bound tightening rounds on the entire constraint matrix: 0. Consequent tightenings: 0
		Number of bound notifications sent to PL constraints: 1704. Tightenings proposed: 0
	--- Basis Factorization statistics ---
	Number of basis refactorizations: 6
	--- Projected Steepest Edge Statistics ---
	Number of iterations: 505.
	Number of resets to reference space: 1. Avg. iterations per reset: 505
	--- SBT ---
	Number of tightened bounds: 385
	--- SoI-based local search ---
	Number of proposed phase pattern update: 0. Number of accepted update: 1 [0.00%]
	Total time (% of local search time) updating SoI phase pattern : 379 milli [2.35%]
	Total time obtaining current assignment: 156 milli [0.97%]
	Total time getting SoI phase pattern : 51 milli [0.00%]
	--- Context dependent statistics ---
	Number of pushes / pops: 0 / 0
		[0.00%] Pre-Push hook: 0 milli
		[0.00%] Push : 0 milli
		[0.00%] Post-Pop hook: 0 milli
		[0.00%] Pop : 0 milli
		[0.00%] Total context-switching time: 0 milli
	--- Proof Certificate ---
	Number of certified leaves: 0
	Number of leaves to delegate: 0
sat
Input assignment:
	x0 = -0.647632
	x1 = -1.855379
	x2 = -0.219104
	x3 = -0.554526
	x4 = 1.145332
	x5 = -2.010565
	x6 = -1.107478
	x7 = 1.008057
	x8 = -2.352839
	x9 = 0.863260
	x10 = -0.139285
	x11 = 1.387453
	x12 = -1.016149
	x13 = 0.342206
	x14 = -0.119841
	x15 = 1.274067
	x16 = 1.143210
	x17 = -1.394812
	x18 = 0.932530
	x19 = 1.088636
	x20 = 1.425850
	x21 = -0.956925
	x22 = 1.032766
	x23 = 0.020525
	x24 = 2.812554
	x25 = -0.263510
	x26 = -0.500123
	x27 = 0.855310
	x28 = 1.193168
	x29 = 1.128395
	x30 = -2.465772
	x31 = -0.680133
	x32 = -1.567743
	x33 = -1.305437
	x34 = -1.523349
	x35 = -1.750551
	x36 = -0.959129
	x37 = -1.795278
	x38 = -0.307563
	x39 = -1.288606
	x40 = 0.443850
	x41 = -0.214746
	x42 = 1.439482
	x43 = -2.520705
	x44 = -1.725057
	x45 = 0.812798
	x46 = -0.732842
	x47 = -4.610524
	x48 = 3.406410
	x49 = -0.946109
	x50 = -3.431763
	x51 = 1.902639
	x52 = 1.840022
	x53 = -0.508132
	x54 = -2.465582
	x55 = 0.390737
	x56 = 0.428759
	x57 = -0.685781
	x58 = -2.033888
	x59 = 2.216760
	x60 = -1.830559
	x61 = -1.071096
	x62 = -0.581927
	x63 = 0.488899
	x64 = 0.263300
	x65 = -3.127894
	x66 = 1.094073
	x67 = 0.222456
	x68 = 0.135302
	x69 = -0.277147
	x70 = -0.536194
	x71 = -0.004524
	x72 = 0.237584
	x73 = -1.415391
	x74 = 0.742097
	x75 = 0.033537
	x76 = 0.989197
	x77 = 0.852630
	x78 = -0.989981
	x79 = -1.458997
	x80 = 1.674284
	x81 = -0.323141
	x82 = 1.110988
	x83 = -0.217191
	x84 = 0.143123
	x85 = -0.464251
	x86 = 1.595239
	x87 = 0.730474
	x88 = -1.365587
	x89 = 0.173650
	x90 = -0.130962
	x91 = -0.317576
	x92 = 1.752860
	x93 = 0.608133
	x94 = 0.094385
	x95 = -0.411620
	x96 = 0.730373
	x97 = -2.130381
	x98 = -0.209012
	x99 = 0.762315
	x100 = 2.896806
	x101 = -0.309481
	x102 = -0.302370
	x103 = -1.050648
	x104 = -1.125999
	x105 = -3.590997
	x106 = -0.371607
	x107 = -0.525005
	x108 = -0.029908
	x109 = -0.006150
	x110 = -1.905906
	x111 = -2.831617
	x112 = 0.984898
	x113 = 0.305667
	x114 = -0.649334
	x115 = 2.211078
	x116 = 1.777571
	x117 = -0.895374
	x118 = 2.267637
	x119 = 0.264152
	x120 = -0.457626
	x121 = 3.467665
	x122 = -1.261205
	x123 = 1.510723
	x124 = -1.946715
	x125 = -0.511941
	x126 = -0.301931
	x127 = 1.412792
	x128 = -0.248058
	x129 = -1.345715
	x130 = 0.470828
	x131 = 0.745684
	x132 = -0.345376
	x133 = -0.593326
	x134 = -0.004791
	x135 = 0.909799
	x136 = 0.451432
	x137 = 0.025705
	x138 = -0.203227
	x139 = 1.872562
	x140 = 2.153715
	x141 = -0.665577
	x142 = 1.484762
	x143 = 0.494838
	x144 = 1.492183
	x145 = -2.113439
	x146 = -3.450791
	x147 = -0.743597
	x148 = -0.560878
	x149 = -2.300407
	x150 = -1.254753
	x151 = -0.997144
	x152 = -0.303332
	x153 = -0.459686
	x154 = -0.944588
	x155 = -0.028973
	x156 = -1.766695
	x157 = -0.542855
	x158 = -1.074820
	x159 = -1.518383
	x160 = 0.451976
	x161 = -0.485450
	x162 = -0.883436
	x163 = 0.163110
	x164 = 0.971858
	x165 = -2.453044
	x166 = 1.615023
	x167 = 2.718451
	x168 = -0.792022
	x169 = -0.274642
	x170 = -2.044557
	x171 = 1.991291
	x172 = -1.087279
	x173 = -0.757947
	x174 = -0.073370
	x175 = 0.811970
	x176 = -2.349683
	x177 = 0.966022
	x178 = 1.848447
	x179 = 0.439203
	x180 = 0.435328
	x181 = -2.530166
	x182 = 0.887136
	x183 = -1.843570
	x184 = 0.469350
	x185 = -3.002234
	x186 = 2.017204
	x187 = 2.372498
	x188 = -0.390748
	x189 = 0.836752
	x190 = -1.925409
	x191 = -1.865721
	x192 = 2.724314
	x193 = 0.291913
	x194 = -3.190844
	x195 = 0.696806
	x196 = -0.413383
	x197 = 1.195081
	x198 = -1.283287
	x199 = 2.198170
	x200 = -0.704190
	x201 = 2.058947
	x202 = -1.053956
	x203 = -1.580827
	x204 = -1.780207
	x205 = 0.328057
	x206 = 0.240699
	x207 = 0.497468
	x208 = 0.323018
	x209 = -3.867984
	x210 = 0.740931
	x211 = 0.253912
	x212 = -0.836936
	x213 = -0.762155
	x214 = -1.293128
	x215 = -1.658520
	x216 = 1.883024
	x217 = 1.974358
	x218 = -1.834874
	x219 = -1.453179
	x220 = 0.520611
	x221 = 0.758967
	x222 = 0.689601
	x223 = -0.642252
	x224 = -0.804192
	x225 = 1.067230
	x226 = -0.824817
	x227 = 1.365289
	x228 = -1.156210
	x229 = -0.612369
	x230 = 2.209441
	x231 = 0.318611
	x232 = 0.560119
	x233 = 0.061827
	x234 = -0.958266
	x235 = -1.863138
	x236 = 3.102048
	x237 = 1.577870
	x238 = -0.299559
	x239 = 3.602690
	x240 = -0.664796
	x241 = -0.327845
	x242 = -1.642477
	x243 = -1.400289
	x244 = 2.359300
	x245 = 1.378290
	x246 = -1.989719
	x247 = -3.402884
	x248 = 0.679381
	x249 = 4.505276
	x250 = 2.774456
	x251 = -0.028387
	x252 = 1.629459
	x253 = -0.151511
	x254 = -2.141267
	x255 = 1.267042
	x256 = -0.072938
	x257 = 0.539860
	x258 = -1.116652
	x259 = 2.738013
	x260 = -0.675416
	x261 = -0.868798
	x262 = 1.691598
	x263 = 2.585351
	x264 = -0.937104
	x265 = -0.698414
	x266 = 0.780882
	x267 = 0.706210
	x268 = -0.627614
	x269 = -0.352295
	x270 = 1.496804
	x271 = 0.791557
	x272 = -0.490431
	x273 = 1.459146
	x274 = 1.577107
	x275 = 1.600007
	x276 = 0.360616
	x277 = -1.781299
	x278 = -2.629464
	x279 = 0.268865
	x280 = 1.972470
	x281 = 0.379479
	x282 = 0.826015
	x283 = -3.753725
	x284 = -0.590165
	x285 = 1.617963
	x286 = -1.444441
	x287 = -0.009243
	x288 = -1.373535
	x289 = 0.248688
	x290 = 2.633826
	x291 = 1.228964
	x292 = 2.399696
	x293 = 0.026687
	x294 = 0.403656
	x295 = 4.599111
	x296 = 1.590871
	x297 = 0.201539
	x298 = -4.982411
	x299 = -0.680207
	x300 = 2.872941
	x301 = -0.480463
	x302 = -2.468442
	x303 = -2.627779
	x304 = -2.264883
	x305 = -0.828261
	x306 = 0.681876
	x307 = -1.243913
	x308 = 1.325874
	x309 = 2.001523
	x310 = -0.824094
	x311 = -0.903806
	x312 = 0.427231
	x313 = -0.401441
	x314 = 0.758880
	x315 = 2.097107
	x316 = -1.974035
	x317 = 1.917982
	x318 = 1.054361
	x319 = -0.561111
	x320 = 0.164483
	x321 = 0.141734
	x322 = 2.019452
	x323 = 1.772692
	x324 = 1.524110
	x325 = -0.462932
	x326 = 1.728539
	x327 = 0.450590
	x328 = 1.984488
	x329 = -1.379686
	x330 = 0.930786
	x331 = -1.470288
	x332 = -0.478717
	x333 = -0.835188
	x334 = 0.612064
	x335 = -0.684831
	x336 = 1.229404
	x337 = 1.315866
	x338 = -0.171224
	x339 = -3.777941
	x340 = 0.483866
	x341 = 0.506802
	x342 = -0.623323
	x343 = 0.618381
	x344 = 0.094633
	x345 = 0.800633
	x346 = 0.203176
	x347 = -1.931410
	x348 = -1.317530
	x349 = 0.736705
	x350 = -0.668938
	x351 = -1.258161
	x352 = 1.791869
	x353 = -0.108600
	x354 = -0.401758
	x355 = 1.023457
	x356 = -0.198245
	x357 = 2.077487
	x358 = -1.242374
	x359 = 2.940402
	x360 = -0.303399
	x361 = 0.587289
	x362 = -2.767309
	x363 = 1.403135
	x364 = -0.231152
	x365 = -0.202983
	x366 = 0.833537
	x367 = 3.647367
	x368 = -2.081003
	x369 = -2.011417
	x370 = -0.213027
	x371 = -2.553823
	x372 = 2.507963
	x373 = -2.322130
	x374 = -1.297560
	x375 = -0.355922
	x376 = 2.190810
	x377 = 1.224308
	x378 = 2.181384
	x379 = -0.224390
	x380 = 0.110342
	x381 = -0.968692
	x382 = -1.851504
	x383 = 0.549842
	x384 = 0.464640
	x385 = -0.478099
	x386 = -1.581779
	x387 = -2.848982
	x388 = -2.398101
	x389 = -0.657242
	x390 = -0.445280
	x391 = 0.034648
	x392 = 1.800235
	x393 = 1.473945
	x394 = -1.627975
	x395 = 1.298481
	x396 = 0.396026
	x397 = -1.105776
	x398 = -1.113479
	x399 = 1.025560
	x400 = 0.234049
	x401 = -1.296743
	x402 = -0.118780
	x403 = -1.568503
	x404 = 1.740049
	x405 = 0.547031
	x406 = -0.403269
	x407 = -2.371556
	x408 = 2.448688
	x409 = -1.980269
	x410 = 1.574120
	x411 = 0.055368
	x412 = -1.954150
	x413 = 0.590682
	x414 = -1.556049
	x415 = 0.822908
	x416 = -1.798634
	x417 = 1.004476
	x418 = -0.736857
	x419 = 0.128088
	x420 = 1.051873
	x421 = -2.309374
	x422 = -3.607014
	x423 = 1.922549
	x424 = -0.061836
	x425 = -1.186619
	x426 = -0.191162
	x427 = -1.834928
	x428 = 0.706834
	x429 = -2.415527
	x430 = -2.888191
	x431 = -2.603123
	x432 = 0.949891
	x433 = 0.105587
	x434 = -0.168397
	x435 = 0.652866
	x436 = -1.517903
	x437 = 1.009602
	x438 = -1.673585
	x439 = -2.046413
	x440 = -0.570127
	x441 = -1.091443
	x442 = -0.219878
	x443 = -3.830381
	x444 = 0.995794
	x445 = 0.195166
	x446 = -0.604977
	x447 = 0.345531
	x448 = -2.794821
	x449 = -0.064462
	x450 = 2.068092
	x451 = 1.652191
	x452 = -2.549983
	x453 = 0.980075
	x454 = -1.843240
	x455 = 0.482736
	x456 = -0.700539
	x457 = 0.004708
	x458 = 0.854798
	x459 = 1.569158
	x460 = 0.854023
	x461 = 2.185919
	x462 = -0.733244
	x463 = -1.382844
	x464 = 0.547370
	x465 = 0.799282
	x466 = -0.043390
	x467 = -0.716385
	x468 = 1.327505
	x469 = -1.745569
	x470 = 2.281692
	x471 = -0.878454
	x472 = 1.763527
	x473 = 0.588600
	x474 = -1.872169
	x475 = 0.788189
	x476 = 1.350253
	x477 = 0.094598
	x478 = 1.011559
	x479 = 1.321196
	x480 = -1.386230
	x481 = 0.509726
	x482 = -1.057152
	x483 = 1.348692
	x484 = 0.007956
	x485 = 1.328296
	x486 = 2.889299
	x487 = -0.697847
	x488 = -0.261515
	x489 = -0.617954
	x490 = -0.003801
	x491 = 2.300446
	x492 = 1.511511
	x493 = -0.945549
	x494 = -0.621032
	x495 = -0.630782
	x496 = 2.051163
	x497 = 2.022144
	x498 = 1.190624
	x499 = -3.338079
	x500 = 0.591324
	x501 = 0.678633
	x502 = -3.827263
	x503 = -0.943756
	x504 = 1.571976
	x505 = -0.253309
	x506 = -2.739845
	x507 = 1.881730
	x508 = -1.083488
	x509 = -2.498402
	x510 = -0.591994
	x511 = 0.207728

Output:
	y0 = -5.644733
	y1 = 5.724447
	y2 = -4.033217
	y3 = -7.883012
	y4 = 3.174875
	y5 = -6.281111
	y6 = -4.374999
	y7 = 4.260934
	y8 = -4.929527
	y9 = -6.306709
	y10 = 3.503094
	y11 = -4.932814
	y12 = -4.500291
	y13 = 1.176408
	y14 = -2.873489
	y15 = -4.576245
	y16 = 2.870795
	y17 = -3.936536
	y18 = -4.869517
	y19 = 5.667603
	y20 = -4.951656
	y21 = -6.148778
	y22 = 5.522533
	y23 = -7.891992
	y24 = -8.244721
	y25 = 13.973622
	y26 = -11.406348
	y27 = -7.034322
	y28 = 2.461343
	y29 = -5.497245
	y30 = -2.168237
	y31 = -7.713094
	y32 = -1.324460
	y33 = -3.596065
	y34 = 8.876138
	y35 = -2.689218
	y36 = -2.548090
	y37 = 9.185780
	y38 = -0.774021
	y39 = -2.653331
	y40 = 6.397167
	y41 = -1.162553
	y42 = -6.811742
	y43 = 5.087952
	y44 = -6.797986
	y45 = -7.778342
	y46 = 8.124884
	y47 = -7.994534
	y48 = -5.159283
	y49 = 8.547288
	y50 = -7.112597
	y51 = 1.775187
	y52 = -19.178131
	y53 = -0.778025
	y54 = -0.673991
	y55 = -7.043134
	y56 = 3.547265
	y57 = -2.557394
	y58 = -3.897609
	y59 = 2.140924
	y60 = -0.270133
	y61 = 8.300991
	y62 = -0.248805
	y63 = -0.867533
	y64 = 21.381767
	y65 = -0.023812
	y66 = -7.322932
	y67 = 17.561410
	y68 = -6.613565
	y69 = -6.933588
	y70 = 6.283356
	y71 = -6.408662
	y72 = -4.839582
	y73 = 12.362294
	y74 = -8.402737
	y75 = 3.215765
	y76 = -10.734176
	y77 = -0.170838
	y78 = 6.791759
	y79 = -12.414963
	y80 = 2.162812
	y81 = 8.648205
	y82 = -15.145103
	y83 = 12.208126
	y84 = 7.534804
	y85 = -15.636979
	y86 = 8.882630
	y87 = 2.907020
	y88 = -7.596638
	y89 = -0.302407
	y90 = -5.182878
	y91 = 17.990079
	y92 = -4.992827
	y93 = -5.557112
	y94 = 7.016188
	y95 = -6.003821
	y96 = -7.783353
	y97 = 18.639683
	y98 = -9.912186
	y99 = -4.284833
	y100 = 17.235827
	y101 = -6.123914
	y102 = 2.984899
	y103 = -9.758797
	y104 = 1.175951
	y105 = 8.963278
	y106 = -15.255507
	y107 = 12.547671
	y108 = 6.611306
	y109 = -16.046921
	y110 = 10.735108
	y111 = -2.181776
	y112 = -5.261921
	y113 = 3.595246
	y114 = -1.044383
	y115 = -1.121181
	y116 = -1.121171
	y117 = -4.837429
	y118 = 8.137739
	y119 = -3.826277
	y120 = -4.818592
	y121 = 8.015001
	y122 = -6.074321
	y123 = -6.375557
	y124 = 17.501352
	y125 = -5.491136
	y126 = -2.412606
	y127 = -9.925666
	y128 = -0.844699
	y129 = 5.028789
	y130 = -10.866328
	y131 = 1.217180
	y132 = 4.640297
	y133 = -10.010928
	y134 = -0.295881
	y135 = -3.679387
	y136 = 17.242953
	y137 = -2.910696
	y138 = -4.121696
	y139 = 6.272996
	y140 = -4.714913
	y141 = -4.045133
	y142 = 6.327249
	y143 = -4.943257
	y144 = -7.823337
	y145 = 5.766906
	y146 = -7.971318
	y147 = -10.477764
	y148 = 4.017061
	y149 = -7.805534
	y150 = -8.636520
	y151 = 17.909298
	y152 = -6.500962
	y153 = -4.799193
	y154 = 9.377965
	y155 = -3.850977
	y156 = -6.247017
	y157 = 17.811395
	y158 = -8.130191
	y159 = -8.017588
	y160 = 18.081709
	y161 = -9.244715
	y162 = -8.164944
	y163 = 4.466023
	y164 = -6.927577
	y165 = -6.688651
	y166 = 7.197053
	y167 = -6.911485
	y168 = -6.796072
	y169 = 4.787607
	y170 = -6.594675
	y171 = -7.109483
	y172 = 6.093280
	y173 = -8.097002
	y174 = -3.556666
	y175 = 6.891720
	y176 = -3.646722
	y177 = -5.625357
	y178 = 8.111047
	y179 = -5.836589
	y180 = -6.643754
	y181 = 4.476397
	y182 = -7.974810
	y183 = -6.722499
	y184 = 7.451438
	y185 = -6.773932
	y186 = -6.995592
	y187 = 4.913155
	y188 = -7.606427
	y189 = -8.915826
	y190 = 3.705831
	y191 = -8.445488

