InputQuery: /home/levn/Workspace/othello_world/queries/probe_robust/group_1/game_49_target_24_eps_0.1.txt
Engine::processInputQuery: Input query (before preprocessing): 449 equations, 1216 variables
Engine::processInputQuery: Input query (after preprocessing): 705 equations, 1383 variables

Input bounds:
	x0: [  1.3421,   1.5421] 
	x1: [ -0.7003,  -0.5003] 
	x2: [ -1.2148,  -1.0148] 
	x3: [ -0.1441,   0.0559] 
	x4: [  0.3610,   0.5610] 
	x5: [ -2.8953,  -2.6953] 
	x6: [  1.0354,   1.2354] 
	x7: [  0.6859,   0.8859] 
	x8: [  1.0777,   1.2777] 
	x9: [  1.8737,   2.0737] 
	x10: [  1.0277,   1.2277] 
	x11: [ -2.3322,  -2.1322] 
	x12: [ -2.7029,  -2.5029] 
	x13: [ -1.2050,  -1.0050] 
	x14: [  0.7024,   0.9024] 
	x15: [ -1.2130,  -1.0130] 
	x16: [  1.6874,   1.8874] 
	x17: [ -1.3850,  -1.1850] 
	x18: [ -0.2728,  -0.0728] 
	x19: [  0.4617,   0.6617] 
	x20: [ -1.9941,  -1.7941] 
	x21: [  1.2796,   1.4796] 
	x22: [ -2.2167,  -2.0167] 
	x23: [ -1.6124,  -1.4124] 
	x24: [ -2.5137,  -2.3137] 
	x25: [  2.3072,   2.5072] 
	x26: [ -1.8828,  -1.6828] 
	x27: [  0.1995,   0.3995] 
	x28: [  0.5295,   0.7295] 
	x29: [  0.3462,   0.5462] 
	x30: [  0.5090,   0.7090] 
	x31: [  1.1423,   1.3423] 
	x32: [ -0.6176,  -0.4176] 
	x33: [ -1.2267,  -1.0267] 
	x34: [  0.2269,   0.4269] 
	x35: [  1.3628,   1.5628] 
	x36: [ -0.1561,   0.0439] 
	x37: [ -0.7228,  -0.5228] 
	x38: [  0.2510,   0.4510] 
	x39: [ -2.8859,  -2.6859] 
	x40: [  0.8366,   1.0366] 
	x41: [  0.8346,   1.0346] 
	x42: [  1.2856,   1.4856] 
	x43: [ -0.1444,   0.0556] 
	x44: [ -2.0098,  -1.8098] 
	x45: [  0.3528,   0.5528] 
	x46: [  0.2853,   0.4853] 
	x47: [ -1.0857,  -0.8857] 
	x48: [ -0.9091,  -0.7091] 
	x49: [  0.3165,   0.5165] 
	x50: [  0.7812,   0.9812] 
	x51: [  0.6607,   0.8607] 
	x52: [  2.6946,   2.8946] 
	x53: [ -0.2730,  -0.0730] 
	x54: [  0.0959,   0.2959] 
	x55: [  0.3115,   0.5115] 
	x56: [ -0.2558,  -0.0558] 
	x57: [ -2.8960,  -2.6960] 
	x58: [  0.6774,   0.8774] 
	x59: [ -0.9671,  -0.7671] 
	x60: [ -0.8363,  -0.6363] 
	x61: [ -0.1649,   0.0351] 
	x62: [ -1.3212,  -1.1212] 
	x63: [  0.4914,   0.6914] 
	x64: [ -0.1843,   0.0157] 
	x65: [ -1.9508,  -1.7508] 
	x66: [ -1.0434,  -0.8434] 
	x67: [ -2.3610,  -2.1610] 
	x68: [ -0.9563,  -0.7563] 
	x69: [ -0.2683,  -0.0683] 
	x70: [ -1.3075,  -1.1075] 
	x71: [ -0.9830,  -0.7830] 
	x72: [  1.9115,   2.1115] 
	x73: [  2.1228,   2.3228] 
	x74: [ -3.1993,  -2.9993] 
	x75: [ -3.5880,  -3.3880] 
	x76: [ -3.4346,  -3.2346] 
	x77: [  0.9007,   1.1007] 
	x78: [ -0.4059,  -0.2059] 
	x79: [ -0.3957,  -0.1957] 
	x80: [ -0.2029,  -0.0029] 
	x81: [  0.8139,   1.0139] 
	x82: [  0.9440,   1.1440] 
	x83: [  0.2574,   0.4574] 
	x84: [  0.2873,   0.4873] 
	x85: [ -2.1473,  -1.9473] 
	x86: [ -1.9736,  -1.7736] 
	x87: [ -0.8193,  -0.6193] 
	x88: [ -1.7229,  -1.5229] 
	x89: [  1.7346,   1.9346] 
	x90: [  0.0982,   0.2982] 
	x91: [  0.4062,   0.6062] 
	x92: [ -2.1601,  -1.9601] 
	x93: [  0.5225,   0.7225] 
	x94: [ -0.8914,  -0.6914] 
	x95: [  0.2270,   0.4270] 
	x96: [ -0.1154,   0.0846] 
	x97: [  0.9498,   1.1498] 
	x98: [  0.7104,   0.9104] 
	x99: [ -0.0815,   0.1185] 
	x100: [  0.4618,   0.6618] 
	x101: [  1.7922,   1.9922] 
	x102: [  0.5650,   0.7650] 
	x103: [  1.9316,   2.1316] 
	x104: [ -1.3702,  -1.1702] 
	x105: [ -1.4593,  -1.2593] 
	x106: [  0.0159,   0.2159] 
	x107: [ -0.1610,   0.0390] 
	x108: [ -0.2848,  -0.0848] 
	x109: [ -1.2319,  -1.0319] 
	x110: [ -1.2049,  -1.0049] 
	x111: [ -1.4508,  -1.2508] 
	x112: [  1.2805,   1.4805] 
	x113: [  0.5281,   0.7281] 
	x114: [ -0.1119,   0.0881] 
	x115: [ -0.4403,  -0.2403] 
	x116: [ -3.0664,  -2.8664] 
	x117: [ -1.6405,  -1.4405] 
	x118: [  1.5957,   1.7957] 
	x119: [ -0.2465,  -0.0465] 
	x120: [ -1.1348,  -0.9348] 
	x121: [ -1.1859,  -0.9859] 
	x122: [ -0.1581,   0.0419] 
	x123: [  0.8783,   1.0783] 
	x124: [  0.9400,   1.1400] 
	x125: [ -2.0701,  -1.8701] 
	x126: [  0.8010,   1.0010] 
	x127: [ -0.5715,  -0.3715] 
	x128: [  0.0115,   0.2115] 
	x129: [  0.6825,   0.8825] 
	x130: [ -0.7792,  -0.5792] 
	x131: [  0.0357,   0.2357] 
	x132: [  1.1805,   1.3805] 
	x133: [  0.7370,   0.9370] 
	x134: [  0.4952,   0.6952] 
	x135: [ -2.3307,  -2.1307] 
	x136: [ -0.0360,   0.1640] 
	x137: [  2.1466,   2.3466] 
	x138: [  0.5049,   0.7049] 
	x139: [ -1.5538,  -1.3538] 
	x140: [ -2.2412,  -2.0412] 
	x141: [  0.3291,   0.5291] 
	x142: [  0.0551,   0.2551] 
	x143: [ -0.9235,  -0.7235] 
	x144: [ -0.9394,  -0.7394] 
	x145: [  1.5903,   1.7903] 
	x146: [ -5.3071,  -5.1071] 
	x147: [ -1.6892,  -1.4892] 
	x148: [  2.1158,   2.3158] 
	x149: [ -1.6984,  -1.4984] 
	x150: [ -2.9937,  -2.7937] 
	x151: [ -0.4060,  -0.2060] 
	x152: [  1.0317,   1.2317] 
	x153: [ -1.0595,  -0.8595] 
	x154: [ -1.7004,  -1.5004] 
	x155: [  0.2633,   0.4633] 
	x156: [  1.3350,   1.5350] 
	x157: [ -1.8938,  -1.6938] 
	x158: [  1.6865,   1.8865] 
	x159: [ -1.3697,  -1.1697] 
	x160: [ -1.4702,  -1.2702] 
	x161: [ -0.9921,  -0.7921] 
	x162: [ -0.5561,  -0.3561] 
	x163: [  0.0855,   0.2855] 
	x164: [ -0.4420,  -0.2420] 
	x165: [ -2.3404,  -2.1404] 
	x166: [  2.5791,   2.7791] 
	x167: [  1.7590,   1.9590] 
	x168: [ -1.7009,  -1.5009] 
	x169: [ -1.6748,  -1.4748] 
	x170: [ -2.0507,  -1.8507] 
	x171: [  0.8555,   1.0555] 
	x172: [ -0.1619,   0.0381] 
	x173: [  2.0863,   2.2863] 
	x174: [ -2.5643,  -2.3643] 
	x175: [  2.4765,   2.6765] 
	x176: [  1.5885,   1.7885] 
	x177: [ -0.0465,   0.1535] 
	x178: [  1.5165,   1.7165] 
	x179: [ -1.4341,  -1.2341] 
	x180: [ -1.3788,  -1.1788] 
	x181: [  0.3004,   0.5004] 
	x182: [  1.6732,   1.8732] 
	x183: [  0.1056,   0.3056] 
	x184: [  1.3927,   1.5927] 
	x185: [ -2.2113,  -2.0113] 
	x186: [  2.3470,   2.5470] 
	x187: [  2.6060,   2.8060] 
	x188: [  2.0560,   2.2560] 
	x189: [ -0.6329,  -0.4329] 
	x190: [  1.1153,   1.3153] 
	x191: [ -1.3392,  -1.1392] 
	x192: [ -0.0623,   0.1377] 
	x193: [  0.1353,   0.3353] 
	x194: [ -1.6475,  -1.4475] 
	x195: [ -2.8318,  -2.6318] 
	x196: [  2.0764,   2.2764] 
	x197: [  0.3324,   0.5324] 
	x198: [ -0.8101,  -0.6101] 
	x199: [ -1.3076,  -1.1076] 
	x200: [ -0.1781,   0.0219] 
	x201: [  2.6145,   2.8145] 
	x202: [  1.4318,   1.6318] 
	x203: [ -0.6942,  -0.4942] 
	x204: [ -1.2230,  -1.0230] 
	x205: [ -0.4252,  -0.2252] 
	x206: [  0.2163,   0.4163] 
	x207: [ -2.8844,  -2.6844] 
	x208: [  0.2158,   0.4158] 
	x209: [ -0.4313,  -0.2313] 
	x210: [  1.0689,   1.2689] 
	x211: [  0.3283,   0.5283] 
	x212: [  1.9319,   2.1319] 
	x213: [  0.2200,   0.4200] 
	x214: [ -1.7667,  -1.5667] 
	x215: [ -0.6875,  -0.4875] 
	x216: [ -1.7784,  -1.5784] 
	x217: [  0.8097,   1.0097] 
	x218: [  1.1262,   1.3262] 
	x219: [ -1.4738,  -1.2738] 
	x220: [ -1.7330,  -1.5330] 
	x221: [ -1.1599,  -0.9599] 
	x222: [ -1.2865,  -1.0865] 
	x223: [  1.0839,   1.2839] 
	x224: [  0.1215,   0.3215] 
	x225: [  1.9048,   2.1048] 
	x226: [ -1.1782,  -0.9782] 
	x227: [ -0.0526,   0.1474] 
	x228: [ -3.2015,  -3.0015] 
	x229: [  0.3231,   0.5231] 
	x230: [ -0.0882,   0.1118] 
	x231: [ -0.9629,  -0.7629] 
	x232: [  2.0344,   2.2344] 
	x233: [  0.7187,   0.9187] 
	x234: [  1.6680,   1.8680] 
	x235: [ -0.0544,   0.1456] 
	x236: [  0.6248,   0.8248] 
	x237: [ -0.5019,  -0.3019] 
	x238: [  0.1881,   0.3881] 
	x239: [ -0.5454,  -0.3454] 
	x240: [  0.7569,   0.9569] 
	x241: [ -3.3535,  -3.1535] 
	x242: [  0.2862,   0.4862] 
	x243: [ -0.6146,  -0.4146] 
	x244: [  1.2557,   1.4557] 
	x245: [ -0.4516,  -0.2516] 
	x246: [ -1.8069,  -1.6069] 
	x247: [  0.6626,   0.8626] 
	x248: [  0.9275,   1.1275] 
	x249: [ -0.2964,  -0.0964] 
	x250: [ -0.2246,  -0.0246] 
	x251: [  1.8550,   2.0550] 
	x252: [  1.3438,   1.5438] 
	x253: [  1.2899,   1.4899] 
	x254: [ -0.1958,   0.0042] 
	x255: [ -1.7937,  -1.5937] 
	x256: [  1.8973,   2.0973] 
	x257: [  0.2782,   0.4782] 
	x258: [  0.3800,   0.5800] 
	x259: [ -2.2660,  -2.0660] 
	x260: [  2.2904,   2.4904] 
	x261: [  0.2335,   0.4335] 
	x262: [  0.9408,   1.1408] 
	x263: [  0.9606,   1.1606] 
	x264: [  1.2182,   1.4182] 
	x265: [ -0.3966,  -0.1966] 
	x266: [  0.1189,   0.3189] 
	x267: [ -2.8674,  -2.6674] 
	x268: [ -1.8173,  -1.6173] 
	x269: [  0.0721,   0.2721] 
	x270: [  2.1053,   2.3053] 
	x271: [ -0.6285,  -0.4285] 
	x272: [ -0.8568,  -0.6568] 
	x273: [ -2.3079,  -2.1079] 
	x274: [  1.6794,   1.8794] 
	x275: [  1.5108,   1.7108] 
	x276: [ -1.1880,  -0.9880] 
	x277: [ -0.6800,  -0.4800] 
	x278: [ -1.8260,  -1.6260] 
	x279: [ -0.3780,  -0.1780] 
	x280: [  0.9632,   1.1632] 
	x281: [ -0.0569,   0.1431] 
	x282: [  0.6820,   0.8820] 
	x283: [  1.4024,   1.6024] 
	x284: [ -2.0785,  -1.8785] 
	x285: [ -0.3261,  -0.1261] 
	x286: [  1.0634,   1.2634] 
	x287: [ -2.0817,  -1.8817] 
	x288: [ -2.8987,  -2.6987] 
	x289: [  1.0224,   1.2224] 
	x290: [ -0.7580,  -0.5580] 
	x291: [  1.0873,   1.2873] 
	x292: [ -2.2244,  -2.0244] 
	x293: [ -1.4046,  -1.2046] 
	x294: [ -0.0554,   0.1446] 
	x295: [  0.0809,   0.2809] 
	x296: [ -3.4406,  -3.2406] 
	x297: [ -0.1862,   0.0138] 
	x298: [ -0.9399,  -0.7399] 
	x299: [  0.9264,   1.1264] 
	x300: [ -0.7280,  -0.5280] 
	x301: [  0.0356,   0.2356] 
	x302: [  0.4728,   0.6728] 
	x303: [  2.2769,   2.4769] 
	x304: [ -1.1321,  -0.9321] 
	x305: [  0.2323,   0.4323] 
	x306: [  1.5215,   1.7215] 
	x307: [  0.7530,   0.9530] 
	x308: [  0.2984,   0.4984] 
	x309: [ -1.8858,  -1.6858] 
	x310: [  1.3305,   1.5305] 
	x311: [  0.2854,   0.4854] 
	x312: [  1.0666,   1.2666] 
	x313: [ -0.1595,   0.0405] 
	x314: [  0.6570,   0.8570] 
	x315: [  0.4258,   0.6258] 
	x316: [ -0.1650,   0.0350] 
	x317: [  0.8193,   1.0193] 
	x318: [  0.0878,   0.2878] 
	x319: [  1.6569,   1.8569] 
	x320: [  0.8715,   1.0715] 
	x321: [ -0.8878,  -0.6878] 
	x322: [  1.0478,   1.2478] 
	x323: [  1.3260,   1.5260] 
	x324: [  0.4956,   0.6956] 
	x325: [ -3.1255,  -2.9255] 
	x326: [ -1.6014,  -1.4014] 
	x327: [ -0.8687,  -0.6687] 
	x328: [ -0.8731,  -0.6731] 
	x329: [ -1.1192,  -0.9192] 
	x330: [ -4.2050,  -4.0050] 
	x331: [ -2.4369,  -2.2369] 
	x332: [  2.5259,   2.7259] 
	x333: [ -0.0803,   0.1197] 
	x334: [  0.9182,   1.1182] 
	x335: [ -0.5411,  -0.3411] 
	x336: [ -1.3831,  -1.1831] 
	x337: [  0.6245,   0.8245] 
	x338: [ -0.6145,  -0.4145] 
	x339: [  0.1249,   0.3249] 
	x340: [  0.8417,   1.0417] 
	x341: [  0.7214,   0.9214] 
	x342: [  0.6505,   0.8505] 
	x343: [ -0.5561,  -0.3561] 
	x344: [ -0.3890,  -0.1890] 
	x345: [ -1.8009,  -1.6009] 
	x346: [  0.0662,   0.2662] 
	x347: [ -0.5596,  -0.3596] 
	x348: [ -0.6613,  -0.4613] 
	x349: [  0.8555,   1.0555] 
	x350: [ -0.3467,  -0.1467] 
	x351: [ -0.6996,  -0.4996] 
	x352: [ -1.4830,  -1.2830] 
	x353: [ -0.5766,  -0.3766] 
	x354: [ -2.3591,  -2.1591] 
	x355: [  0.0664,   0.2664] 
	x356: [  2.1122,   2.3122] 
	x357: [  2.0003,   2.2003] 
	x358: [ -1.2075,  -1.0075] 
	x359: [ -2.2799,  -2.0799] 
	x360: [ -5.2911,  -5.0911] 
	x361: [  1.6368,   1.8368] 
	x362: [  1.8133,   2.0133] 
	x363: [  0.0879,   0.2879] 
	x364: [ -0.4087,  -0.2087] 
	x365: [ -0.3862,  -0.1862] 
	x366: [ -0.5881,  -0.3881] 
	x367: [  0.1428,   0.3428] 
	x368: [  2.9524,   3.1524] 
	x369: [ -1.8236,  -1.6236] 
	x370: [ -0.4558,  -0.2558] 
	x371: [ -1.0518,  -0.8518] 
	x372: [ -0.2359,  -0.0359] 
	x373: [ -0.0760,   0.1240] 
	x374: [ -2.5639,  -2.3639] 
	x375: [ -3.2787,  -3.0787] 
	x376: [ -0.3587,  -0.1587] 
	x377: [  0.4926,   0.6926] 
	x378: [  1.6173,   1.8173] 
	x379: [  1.8946,   2.0946] 
	x380: [ -1.6242,  -1.4242] 
	x381: [ -1.5005,  -1.3005] 
	x382: [ -0.7442,  -0.5442] 
	x383: [  0.8297,   1.0297] 
	x384: [  0.6452,   0.8452] 
	x385: [  0.6081,   0.8081] 
	x386: [  2.7976,   2.9976] 
	x387: [  0.1666,   0.3666] 
	x388: [  0.1612,   0.3612] 
	x389: [ -2.1432,  -1.9432] 
	x390: [  0.6584,   0.8584] 
	x391: [ -0.7495,  -0.5495] 
	x392: [  1.3964,   1.5964] 
	x393: [  0.3544,   0.5544] 
	x394: [  1.6987,   1.8987] 
	x395: [  1.1894,   1.3894] 
	x396: [ -0.2564,  -0.0564] 
	x397: [  0.1742,   0.3742] 
	x398: [  1.2865,   1.4865] 
	x399: [ -1.5742,  -1.3742] 
	x400: [  0.9338,   1.1338] 
	x401: [  0.5484,   0.7484] 
	x402: [ -2.2192,  -2.0192] 
	x403: [  1.6407,   1.8407] 
	x404: [  1.6470,   1.8470] 
	x405: [ -0.4007,  -0.2007] 
	x406: [  0.9092,   1.1092] 
	x407: [  2.7059,   2.9059] 
	x408: [ -0.0513,   0.1487] 
	x409: [ -1.6899,  -1.4899] 
	x410: [  0.3444,   0.5444] 
	x411: [ -1.6213,  -1.4213] 
	x412: [ -0.0807,   0.1193] 
	x413: [  0.9250,   1.1250] 
	x414: [ -1.1948,  -0.9948] 
	x415: [ -1.0659,  -0.8659] 
	x416: [  2.5354,   2.7354] 
	x417: [ -1.0196,  -0.8196] 
	x418: [  1.1642,   1.3642] 
	x419: [  0.6478,   0.8478] 
	x420: [  1.5620,   1.7620] 
	x421: [  0.1740,   0.3740] 
	x422: [  0.3851,   0.5851] 
	x423: [  1.3582,   1.5582] 
	x424: [ -1.8671,  -1.6671] 
	x425: [ -0.1956,   0.0044] 
	x426: [ -2.1412,  -1.9412] 
	x427: [  2.5818,   2.7818] 
	x428: [  2.1139,   2.3139] 
	x429: [  1.5917,   1.7917] 
	x430: [ -1.4371,  -1.2371] 
	x431: [  0.3408,   0.5408] 
	x432: [  0.8573,   1.0573] 
	x433: [ -1.6631,  -1.4631] 
	x434: [ -0.6485,  -0.4485] 
	x435: [  0.4403,   0.6403] 
	x436: [ -0.2657,  -0.0657] 
	x437: [ -0.3208,  -0.1208] 
	x438: [  5.4362,   5.6362] 
	x439: [ -0.2463,  -0.0463] 
	x440: [  0.2715,   0.4715] 
	x441: [  0.7000,   0.9000] 
	x442: [ -2.0737,  -1.8737] 
	x443: [ -3.2296,  -3.0296] 
	x444: [ -2.6929,  -2.4929] 
	x445: [ -0.6217,  -0.4217] 
	x446: [  0.5879,   0.7879] 
	x447: [  1.1898,   1.3898] 
	x448: [ -3.0100,  -2.8100] 
	x449: [  1.2406,   1.4406] 
	x450: [ -1.1417,  -0.9417] 
	x451: [  1.8927,   2.0927] 
	x452: [ -0.6716,  -0.4716] 
	x453: [  0.0102,   0.2102] 
	x454: [  1.2019,   1.4019] 
	x455: [ -2.8360,  -2.6360] 
	x456: [ -2.6827,  -2.4827] 
	x457: [  0.3289,   0.5289] 
	x458: [ -0.0344,   0.1656] 
	x459: [  0.1358,   0.3358] 
	x460: [  2.9944,   3.1944] 
	x461: [  1.3618,   1.5618] 
	x462: [  0.5415,   0.7415] 
	x463: [  0.9732,   1.1732] 
	x464: [  0.3045,   0.5045] 
	x465: [  0.3328,   0.5328] 
	x466: [ -0.0226,   0.1774] 
	x467: [ -2.0072,  -1.8072] 
	x468: [ -0.2245,  -0.0245] 
	x469: [  0.0897,   0.2897] 
	x470: [  0.6875,   0.8875] 
	x471: [ -1.2515,  -1.0515] 
	x472: [ -2.8312,  -2.6312] 
	x473: [  2.1775,   2.3775] 
	x474: [  1.6164,   1.8164] 
	x475: [ -0.4193,  -0.2193] 
	x476: [ -1.8641,  -1.6641] 
	x477: [ -0.8576,  -0.6576] 
	x478: [ -1.5124,  -1.3124] 
	x479: [  3.9844,   4.1844] 
	x480: [ -0.9986,  -0.7986] 
	x481: [ -0.3965,  -0.1965] 
	x482: [ -1.0055,  -0.8055] 
	x483: [  0.4242,   0.6242] 
	x484: [ -1.8345,  -1.6345] 
	x485: [  2.1266,   2.3266] 
	x486: [  0.0506,   0.2506] 
	x487: [  1.5228,   1.7228] 
	x488: [ -1.4453,  -1.2453] 
	x489: [  0.9440,   1.1440] 
	x490: [  1.3810,   1.5810] 
	x491: [  0.8551,   1.0551] 
	x492: [ -0.5798,  -0.3798] 
	x493: [  0.0402,   0.2402] 
	x494: [  2.5481,   2.7481] 
	x495: [  0.0863,   0.2863] 
	x496: [  1.1352,   1.3352] 
	x497: [  0.5820,   0.7820] 
	x498: [ -0.4864,  -0.2864] 
	x499: [ -0.3150,  -0.1150] 
	x500: [  0.2954,   0.4954] 
	x501: [ -0.2377,  -0.0377] 
	x502: [  0.1961,   0.3961] 
	x503: [ -0.8574,  -0.6574] 
	x504: [  2.8276,   3.0276] 
	x505: [  0.5324,   0.7324] 
	x506: [  0.5967,   0.7967] 
	x507: [ -1.9909,  -1.7909] 
	x508: [ -2.2303,  -2.0303] 
	x509: [ -1.5393,  -1.3393] 
	x510: [ -0.6200,  -0.4200] 
	x511: [ -1.4493,  -1.2493] 

Branching heuristics set to PseudoImpact

Engine::solve: Initial statistics

00:16:09 Statistics update:
	--- Time Statistics ---
	Total time elapsed: 481 milli (00:00:00)
		Main loop: 0 milli (00:00:00)
		Preprocessing time: 190 milli (00:00:00)
		Unknown: 290 milli (00:00:00)
	Breakdown for main loop:
		[0.00%] Simplex steps: 0 milli
		[0.00%] Explicit-basis bound tightening: 0 milli
		[0.00%] Constraint-matrix bound tightening: 0 milli
		[0.00%] Degradation checking: 0 milli
		[0.00%] Precision restoration: 0 milli
		[0.00%] Statistics handling: 0 milli
		[0.00%] Constraint-fixing steps: 0 milli
		[0.00%] Valid case splits: 0 milli. Average per split: 0.00 milli
		[0.00%] Applying stored bound-tightening: 0 milli
		[0.00%] SMT core: 0 milli
		[0.00%] Symbolic Bound Tightening: 12 milli
		[0.00%] SoI-based local search: 0 milli
		[0.00%] SoI-based local search: 0 milli
		[0.00%] Unaccounted for: 0 milli
	--- Preprocessor Statistics ---
	Number of preprocessor bound-tightening loop iterations: 3
	Number of eliminated variables: 90
	Number of constraints removed due to variable elimination: 90
	Number of equations removed due to variable elimination: 0
	--- Engine Statistics ---
	Number of main loop iterations: 1
		0 iterations were simplex steps. Total time: 0 milli. Average: 0.00 milli.
		0 iterations were constraint-fixing steps. Total time: 0 milli. Average: 0.00 milli
	Number of active piecewise-linear constraints: 166 / 166
		Constraints disabled by valid splits: 0. By SMT-originated splits: 0
	Last reported degradation: 0.0000000000. Max degradation so far: 0.0000000000. Restorations so far: 0
	Number of simplex pivots we attempted to skip because of instability: 0.
	Unstable pivots performed anyway: 0
	--- Tableau Statistics ---
	Total number of pivots performed: 0
		Real pivots: 0. Degenerate: 0 (0.00%)
		Degenerate pivots by request (e.g., to fix a PL constraint): 0 (0.00%)
		Average time per pivot: 0.00 milli
	Total number of fake pivots performed: 0
	Total number of rows added: 0. Number of merged columns: 0
	Current tableau dimensions: M = 705, N = 2088
	--- SMT Core Statistics ---
	Total depth is 0. Total visited states: 1. Number of splits: 0. Number of pops: 0
	Max stack depth: 0
	--- Bound Tightening Statistics ---
	Number of tightened bounds: 0.
		Number of rows examined by row tightener: 0. Consequent tightenings: 0
		Number of explicit basis matrices examined by row tightener: 0. Consequent tightenings: 0
		Number of bound tightening rounds on the entire constraint matrix: 0. Consequent tightenings: 0
		Number of bound notifications sent to PL constraints: 996. Tightenings proposed: 0
	--- Basis Factorization statistics ---
	Number of basis refactorizations: 2
	--- Projected Steepest Edge Statistics ---
	Number of iterations: 0.
	Number of resets to reference space: 1. Avg. iterations per reset: 0
	--- SBT ---
	Number of tightened bounds: 385
	--- SoI-based local search ---
	Number of proposed phase pattern update: 0. Number of accepted update: 0 [0.00%]
	Total time (% of local search time) updating SoI phase pattern : 0 milli [0.00%]
	Total time obtaining current assignment: 0 milli [0.00%]
	Total time getting SoI phase pattern : 0 milli [0.00%]
	--- Context dependent statistics ---
	Number of pushes / pops: 0 / 0
		[0.00%] Pre-Push hook: 0 milli
		[0.00%] Push : 0 milli
		[0.00%] Post-Pop hook: 0 milli
		[0.00%] Pop : 0 milli
		[0.00%] Total context-switching time: 0 milli
	--- Proof Certificate ---
	Number of certified leaves: 0
	Number of leaves to delegate: 0

---

Engine::solve: sat assignment found

00:16:11 Statistics update:
	--- Time Statistics ---
	Total time elapsed: 2305 milli (00:00:02)
		Main loop: 1823 milli (00:00:01)
		Preprocessing time: 190 milli (00:00:00)
		Unknown: 290 milli (00:00:00)
	Breakdown for main loop:
		[33.06%] Simplex steps: 602 milli
		[65.64%] Explicit-basis bound tightening: 1197 milli
		[0.00%] Constraint-matrix bound tightening: 0 milli
		[0.60%] Degradation checking: 10 milli
		[0.00%] Precision restoration: 0 milli
		[0.03%] Statistics handling: 0 milli
		[0.00%] Constraint-fixing steps: 0 milli
		[0.00%] Valid case splits: 0 milli. Average per split: 0.00 milli
		[0.00%] Applying stored bound-tightening: 0 milli
		[0.00%] SMT core: 0 milli
		[1.17%] Symbolic Bound Tightening: 21 milli
		[5.99%] SoI-based local search: 109 milli
		[0.00%] SoI-based local search: 0 milli
		[1011369030839290.75%] Unaccounted for: 0 milli
	--- Preprocessor Statistics ---
	Number of preprocessor bound-tightening loop iterations: 3
	Number of eliminated variables: 90
	Number of constraints removed due to variable elimination: 90
	Number of equations removed due to variable elimination: 0
	--- Engine Statistics ---
	Number of main loop iterations: 564
		562 iterations were simplex steps. Total time: 602 milli. Average: 1.07 milli.
		0 iterations were constraint-fixing steps. Total time: 0 milli. Average: 0.00 milli
	Number of active piecewise-linear constraints: 166 / 166
		Constraints disabled by valid splits: 0. By SMT-originated splits: 0
	Last reported degradation: 0.0000000074. Max degradation so far: 0.0000000000. Restorations so far: 0
	Number of simplex pivots we attempted to skip because of instability: 0.
	Unstable pivots performed anyway: 0
	--- Tableau Statistics ---
	Total number of pivots performed: 546
		Real pivots: 546. Degenerate: 0 (0.00%)
		Degenerate pivots by request (e.g., to fix a PL constraint): 0 (0.00%)
		Average time per pivot: 0.12 milli
	Total number of fake pivots performed: 14
	Total number of rows added: 0. Number of merged columns: 0
	Current tableau dimensions: M = 705, N = 2088
	--- SMT Core Statistics ---
	Total depth is 0. Total visited states: 1. Number of splits: 0. Number of pops: 0
	Max stack depth: 0
	--- Bound Tightening Statistics ---
	Number of tightened bounds: 0.
		Number of rows examined by row tightener: 546. Consequent tightenings: 0
		Number of explicit basis matrices examined by row tightener: 5. Consequent tightenings: 253
		Number of bound tightening rounds on the entire constraint matrix: 0. Consequent tightenings: 0
		Number of bound notifications sent to PL constraints: 1992. Tightenings proposed: 0
	--- Basis Factorization statistics ---
	Number of basis refactorizations: 6
	--- Projected Steepest Edge Statistics ---
	Number of iterations: 560.
	Number of resets to reference space: 1. Avg. iterations per reset: 560
	--- SBT ---
	Number of tightened bounds: 385
	--- SoI-based local search ---
	Number of proposed phase pattern update: 0. Number of accepted update: 1 [0.00%]
	Total time (% of local search time) updating SoI phase pattern : 376 milli [0.34%]
	Total time obtaining current assignment: 159 milli [0.15%]
	Total time getting SoI phase pattern : 60 milli [0.00%]
	--- Context dependent statistics ---
	Number of pushes / pops: 0 / 0
		[0.00%] Pre-Push hook: 0 milli
		[0.00%] Push : 0 milli
		[0.00%] Post-Pop hook: 0 milli
		[0.00%] Pop : 0 milli
		[0.00%] Total context-switching time: 0 milli
	--- Proof Certificate ---
	Number of certified leaves: 0
	Number of leaves to delegate: 0
sat
Input assignment:
	x0 = 1.542075
	x1 = -0.500289
	x2 = -1.214780
	x3 = 0.055940
	x4 = 0.560987
	x5 = -2.695285
	x6 = 1.035419
	x7 = 0.685889
	x8 = 1.077703
	x9 = 2.073719
	x10 = 1.227669
	x11 = -2.332192
	x12 = -2.702936
	x13 = -1.005045
	x14 = 0.902441
	x15 = -1.038298
	x16 = 1.887432
	x17 = -1.184972
	x18 = -0.072765
	x19 = 0.461688
	x20 = -1.794109
	x21 = 1.279640
	x22 = -2.016720
	x23 = -1.612391
	x24 = -2.313662
	x25 = 2.307229
	x26 = -1.705518
	x27 = 0.399550
	x28 = 0.529538
	x29 = 0.546232
	x30 = 0.708965
	x31 = 1.142277
	x32 = -0.417574
	x33 = -1.026721
	x34 = 0.426876
	x35 = 1.562778
	x36 = 0.043907
	x37 = -0.722842
	x38 = 0.250971
	x39 = -2.885944
	x40 = 0.836557
	x41 = 1.034563
	x42 = 1.285574
	x43 = 0.055637
	x44 = -2.009751
	x45 = 0.552753
	x46 = 0.485349
	x47 = -0.885717
	x48 = -0.709101
	x49 = 0.447338
	x50 = 0.981227
	x51 = 0.860688
	x52 = 2.694605
	x53 = -0.272977
	x54 = 0.095908
	x55 = 0.511525
	x56 = -0.055777
	x57 = -2.696031
	x58 = 0.877428
	x59 = -0.967110
	x60 = -0.636314
	x61 = 0.035121
	x62 = -1.178929
	x63 = 0.491416
	x64 = 0.015746
	x65 = -1.750837
	x66 = -0.843364
	x67 = -2.161014
	x68 = -0.956282
	x69 = -0.068316
	x70 = -1.307503
	x71 = -0.782954
	x72 = 2.111498
	x73 = 2.322817
	x74 = -2.999271
	x75 = -3.387953
	x76 = -3.234588
	x77 = 1.100705
	x78 = -0.405881
	x79 = -0.395723
	x80 = -0.002914
	x81 = 0.813920
	x82 = 0.944036
	x83 = 0.257431
	x84 = 0.287341
	x85 = -1.947255
	x86 = -1.773610
	x87 = -0.819263
	x88 = -1.522913
	x89 = 1.734642
	x90 = 0.298245
	x91 = 0.606160
	x92 = -1.960107
	x93 = 0.522509
	x94 = -0.691449
	x95 = 0.226958
	x96 = -0.115437
	x97 = 0.949832
	x98 = 0.710421
	x99 = -0.081527
	x100 = 0.661773
	x101 = 1.792231
	x102 = 0.565038
	x103 = 2.131612
	x104 = -1.370192
	x105 = -1.259260
	x106 = 0.215911
	x107 = 0.039003
	x108 = -0.084839
	x109 = -1.031898
	x110 = -1.204911
	x111 = -1.450821
	x112 = 1.280485
	x113 = 0.528112
	x114 = -0.111893
	x115 = -0.240272
	x116 = -3.066408
	x117 = -1.640466
	x118 = 1.795653
	x119 = -0.246473
	x120 = -0.934775
	x121 = -1.185941
	x122 = -0.158146
	x123 = 1.078315
	x124 = 1.140034
	x125 = -2.070087
	x126 = 1.001049
	x127 = -0.571486
	x128 = 0.011475
	x129 = 0.682471
	x130 = -0.779238
	x131 = 0.035680
	x132 = 1.180517
	x133 = 0.936988
	x134 = 0.495241
	x135 = -2.330702
	x136 = 0.164034
	x137 = 2.146619
	x138 = 0.504948
	x139 = -1.553834
	x140 = -2.241158
	x141 = 0.329113
	x142 = 0.055056
	x143 = -0.723501
	x144 = -0.739387
	x145 = 1.590313
	x146 = -5.107128
	x147 = -1.489209
	x148 = 2.115785
	x149 = -1.498351
	x150 = -2.793699
	x151 = -0.405960
	x152 = 1.031680
	x153 = -0.859484
	x154 = -1.500443
	x155 = 0.263347
	x156 = 1.334952
	x157 = -1.893797
	x158 = 1.686504
	x159 = -1.169662
	x160 = -1.470219
	x161 = -0.792129
	x162 = -0.356061
	x163 = 0.285538
	x164 = -0.242027
	x165 = -2.140381
	x166 = 2.779094
	x167 = 1.959023
	x168 = -1.500881
	x169 = -1.474759
	x170 = -1.850690
	x171 = 1.055453
	x172 = -0.161931
	x173 = 2.286274
	x174 = -2.564324
	x175 = 2.676471
	x176 = 1.588516
	x177 = -0.046498
	x178 = 1.516524
	x179 = -1.434130
	x180 = -1.378786
	x181 = 0.500362
	x182 = 1.673240
	x183 = 0.305570
	x184 = 1.392685
	x185 = -2.011309
	x186 = 2.347038
	x187 = 2.606015
	x188 = 2.056021
	x189 = -0.432865
	x190 = 1.115324
	x191 = -1.139165
	x192 = -0.062267
	x193 = 0.135260
	x194 = -1.447528
	x195 = -2.631767
	x196 = 2.276404
	x197 = 0.332393
	x198 = -0.810129
	x199 = -1.307648
	x200 = -0.178135
	x201 = 2.614475
	x202 = 1.431816
	x203 = -0.694220
	x204 = -1.223047
	x205 = -0.225197
	x206 = 0.416319
	x207 = -2.884386
	x208 = 0.215814
	x209 = -0.231308
	x210 = 1.068942
	x211 = 0.528291
	x212 = 2.131946
	x213 = 0.282537
	x214 = -1.566664
	x215 = -0.687545
	x216 = -1.778418
	x217 = 0.809671
	x218 = 1.126236
	x219 = -1.273776
	x220 = -1.533016
	x221 = -1.159851
	x222 = -1.086485
	x223 = 1.283926
	x224 = 0.321460
	x225 = 2.104763
	x226 = -1.178227
	x227 = -0.052582
	x228 = -3.001537
	x229 = 0.523122
	x230 = -0.088186
	x231 = -0.762929
	x232 = 2.034352
	x233 = 0.918682
	x234 = 1.668012
	x235 = -0.054415
	x236 = 0.824849
	x237 = -0.301864
	x238 = 0.188095
	x239 = -0.425460
	x240 = 0.756864
	x241 = -3.153529
	x242 = 0.286224
	x243 = -0.614565
	x244 = 1.455656
	x245 = -0.251593
	x246 = -1.606946
	x247 = 0.862600
	x248 = 1.127465
	x249 = -0.296433
	x250 = -0.224626
	x251 = 2.055011
	x252 = 1.343814
	x253 = 1.489934
	x254 = 0.004164
	x255 = -1.593650
	x256 = 2.097281
	x257 = 0.478208
	x258 = 0.379966
	x259 = -2.065965
	x260 = 2.290401
	x261 = 0.433543
	x262 = 1.140803
	x263 = 1.160644
	x264 = 1.218244
	x265 = -0.396637
	x266 = 0.118870
	x267 = -2.867362
	x268 = -1.617346
	x269 = 0.072114
	x270 = 2.305289
	x271 = -0.628539
	x272 = -0.656800
	x273 = -2.307941
	x274 = 1.879387
	x275 = 1.710752
	x276 = -0.987967
	x277 = -0.480036
	x278 = -1.625970
	x279 = -0.177954
	x280 = 1.163241
	x281 = 0.143145
	x282 = 0.681982
	x283 = 1.602375
	x284 = -1.878461
	x285 = -0.326087
	x286 = 1.063359
	x287 = -2.081706
	x288 = -2.698679
	x289 = 1.222424
	x290 = -0.758028
	x291 = 1.287285
	x292 = -2.224405
	x293 = -1.204579
	x294 = 0.144571
	x295 = 0.080882
	x296 = -3.240622
	x297 = 0.013765
	x298 = -0.939893
	x299 = 0.926442
	x300 = -0.527998
	x301 = 0.035567
	x302 = 0.472820
	x303 = 2.276862
	x304 = -0.932073
	x305 = 0.232274
	x306 = 1.721490
	x307 = 0.752985
	x308 = 0.442125
	x309 = -1.685845
	x310 = 1.330517
	x311 = 0.285356
	x312 = 1.266643
	x313 = -0.159460
	x314 = 0.857048
	x315 = 0.425757
	x316 = -0.165034
	x317 = 0.819349
	x318 = 0.287791
	x319 = 1.856935
	x320 = 0.871545
	x321 = -0.687757
	x322 = 1.247777
	x323 = 1.325962
	x324 = 0.695619
	x325 = -3.125530
	x326 = -1.401390
	x327 = -0.668725
	x328 = -0.873059
	x329 = -1.119191
	x330 = -4.004965
	x331 = -2.236857
	x332 = 2.725934
	x333 = -0.080315
	x334 = 0.918156
	x335 = -0.541125
	x336 = -1.183087
	x337 = 0.624524
	x338 = -0.614485
	x339 = 0.124879
	x340 = 1.041662
	x341 = 0.721375
	x342 = 0.650494
	x343 = -0.356116
	x344 = -0.388966
	x345 = -1.600937
	x346 = 0.066166
	x347 = -0.559568
	x348 = -0.461290
	x349 = 0.855540
	x350 = -0.146735
	x351 = -0.699604
	x352 = -1.282958
	x353 = -0.576552
	x354 = -2.359088
	x355 = 0.066370
	x356 = 2.112209
	x357 = 2.000305
	x358 = -1.007451
	x359 = -2.079911
	x360 = -5.091141
	x361 = 1.836784
	x362 = 2.013323
	x363 = 0.287853
	x364 = -0.208712
	x365 = -0.386203
	x366 = -0.388057
	x367 = 0.342822
	x368 = 2.952447
	x369 = -1.823583
	x370 = -0.255754
	x371 = -1.051834
	x372 = -0.235946
	x373 = -0.075980
	x374 = -2.563925
	x375 = -3.078675
	x376 = -0.158716
	x377 = 0.492558
	x378 = 1.817285
	x379 = 1.894601
	x380 = -1.624227
	x381 = -1.300472
	x382 = -0.544151
	x383 = 1.029704
	x384 = 0.845184
	x385 = 0.808084
	x386 = 2.997570
	x387 = 0.366647
	x388 = 0.161172
	x389 = -1.943157
	x390 = 0.858417
	x391 = -0.749545
	x392 = 1.396386
	x393 = 0.354434
	x394 = 1.898652
	x395 = 1.189383
	x396 = -0.256431
	x397 = 0.374151
	x398 = 1.486451
	x399 = -1.574182
	x400 = 0.933841
	x401 = 0.548353
	x402 = -2.019216
	x403 = 1.640700
	x404 = 1.847037
	x405 = -0.200686
	x406 = 0.909205
	x407 = 2.705858
	x408 = -0.051345
	x409 = -1.689947
	x410 = 0.544358
	x411 = -1.621275
	x412 = 0.119265
	x413 = 1.124991
	x414 = -0.994830
	x415 = -0.865928
	x416 = 2.735409
	x417 = -1.019593
	x418 = 1.164159
	x419 = 0.847764
	x420 = 1.561965
	x421 = 0.373974
	x422 = 0.385091
	x423 = 1.358166
	x424 = -1.867103
	x425 = -0.195571
	x426 = -1.941195
	x427 = 2.781813
	x428 = 2.313933
	x429 = 1.591697
	x430 = -1.437074
	x431 = 0.340760
	x432 = 0.857288
	x433 = -1.463099
	x434 = -0.448499
	x435 = 0.640301
	x436 = -0.065672
	x437 = -0.320801
	x438 = 5.436211
	x439 = -0.246294
	x440 = 0.271511
	x441 = 0.700030
	x442 = -2.073719
	x443 = -3.229560
	x444 = -2.692908
	x445 = -0.621663
	x446 = 0.787913
	x447 = 1.189791
	x448 = -2.810040
	x449 = 1.240570
	x450 = -1.141744
	x451 = 2.092736
	x452 = -0.671622
	x453 = 0.210187
	x454 = 1.401940
	x455 = -2.636018
	x456 = -2.482744
	x457 = 0.328907
	x458 = 0.165563
	x459 = 0.335811
	x460 = 2.994373
	x461 = 1.506959
	x462 = 0.541502
	x463 = 1.173207
	x464 = 0.504498
	x465 = 0.332832
	x466 = 0.177402
	x467 = -2.007246
	x468 = -0.024465
	x469 = 0.089714
	x470 = 0.687458
	x471 = -1.251497
	x472 = -2.831152
	x473 = 2.377529
	x474 = 1.616354
	x475 = -0.419307
	x476 = -1.664094
	x477 = -0.857601
	x478 = -1.512392
	x479 = 3.984386
	x480 = -0.798615
	x481 = -0.396524
	x482 = -1.005544
	x483 = 0.624170
	x484 = -1.834505
	x485 = 2.326591
	x486 = 0.250561
	x487 = 1.522819
	x488 = -1.445284
	x489 = 1.144041
	x490 = 1.581037
	x491 = 1.055106
	x492 = -0.579844
	x493 = 0.040196
	x494 = 2.748091
	x495 = 0.286297
	x496 = 1.135235
	x497 = 0.782049
	x498 = -0.486392
	x499 = -0.315049
	x500 = 0.295409
	x501 = -0.037730
	x502 = 0.396096
	x503 = -0.857415
	x504 = 2.827607
	x505 = 0.732443
	x506 = 0.796672
	x507 = -1.790940
	x508 = -2.030265
	x509 = -1.339252
	x510 = -0.619961
	x511 = -1.449295

Output:
	y0 = -3.644381
	y1 = 6.179470
	y2 = -4.852992
	y3 = -7.690492
	y4 = 9.388823
	y5 = -8.228583
	y6 = -2.661240
	y7 = 9.575857
	y8 = -2.912605
	y9 = -1.089995
	y10 = -10.533656
	y11 = -1.117657
	y12 = -0.268528
	y13 = -7.755473
	y14 = -1.058358
	y15 = 1.483403
	y16 = -13.908559
	y17 = 2.000363
	y18 = -3.688167
	y19 = 2.967320
	y20 = -2.429125
	y21 = -4.667450
	y22 = 1.595589
	y23 = -3.229932
	y24 = -9.250685
	y25 = 14.387655
	y26 = -8.872396
	y27 = -6.964606
	y28 = 12.311597
	y29 = -7.740674
	y30 = 2.428409
	y31 = -19.276037
	y32 = 2.147948
	y33 = 2.194256
	y34 = -13.561430
	y35 = 3.551872
	y36 = 2.993545
	y37 = -14.088664
	y38 = 3.763774
	y39 = 1.711732
	y40 = -6.606348
	y41 = 2.779955
	y42 = -0.628035
	y43 = -14.158218
	y44 = 0.970399
	y45 = -8.371026
	y46 = 12.229119
	y47 = -8.882486
	y48 = -6.119472
	y49 = 12.076437
	y50 = -6.561283
	y51 = 0.342628
	y52 = -13.296551
	y53 = 0.283702
	y54 = 2.673165
	y55 = -10.227631
	y56 = -0.114483
	y57 = 3.089344
	y58 = -6.354990
	y59 = 2.886465
	y60 = 3.578635
	y61 = -14.461280
	y62 = 3.501077
	y63 = 2.098162
	y64 = -4.835929
	y65 = 3.263340
	y66 = 2.704327
	y67 = -17.252596
	y68 = -0.826367
	y69 = -8.212819
	y70 = 14.448822
	y71 = -9.123989
	y72 = -2.836369
	y73 = -2.836359
	y74 = -2.665233
	y75 = 2.505833
	y76 = -11.689300
	y77 = 1.392791
	y78 = 2.127660
	y79 = -6.729071
	y80 = 4.905383
	y81 = 8.904062
	y82 = -14.771714
	y83 = 11.038225
	y84 = 7.681932
	y85 = -15.107565
	y86 = 7.828726
	y87 = 3.151546
	y88 = -14.835649
	y89 = 1.148603
	y90 = 1.117193
	y91 = -15.997355
	y92 = 0.655443
	y93 = -6.847407
	y94 = 19.737695
	y95 = -7.124076
	y96 = -0.939645
	y97 = -7.661520
	y98 = -2.607734
	y99 = -0.032609
	y100 = -5.443855
	y101 = -1.948795
	y102 = 2.599009
	y103 = -6.472972
	y104 = -0.230894
	y105 = 9.385172
	y106 = -14.111051
	y107 = 9.495520
	y108 = 8.181180
	y109 = -15.485781
	y110 = 7.630427
	y111 = 2.678758
	y112 = -7.011728
	y113 = 2.400671
	y114 = 2.080491
	y115 = -10.300805
	y116 = 2.461478
	y117 = -3.415307
	y118 = 3.819508
	y119 = -3.164427
	y120 = 1.050786
	y121 = -11.189737
	y122 = -0.098407
	y123 = -0.674024
	y124 = -6.744980
	y125 = -0.079441
	y126 = -0.022984
	y127 = -9.518008
	y128 = -0.912969
	y129 = 3.863341
	y130 = -7.286403
	y131 = 2.315761
	y132 = 0.935929
	y133 = 10.962160
	y134 = 1.799107
	y135 = -1.605464
	y136 = 6.120485
	y137 = -0.279456
	y138 = -3.228657
	y139 = 9.912856
	y140 = -4.222505
	y141 = -2.572246
	y142 = 4.682091
	y143 = -2.978629
	y144 = -3.197145
	y145 = -0.337667
	y146 = -3.728567
	y147 = -6.042995
	y148 = 2.597540
	y149 = -5.725657
	y150 = -4.993845
	y151 = 5.490740
	y152 = -4.179426
	y153 = -2.561030
	y154 = 3.843283
	y155 = -2.633354
	y156 = -2.767520
	y157 = 5.638589
	y158 = -3.745393
	y159 = -5.401278
	y160 = 1.636780
	y161 = -3.024534
	y162 = -6.824439
	y163 = 2.972931
	y164 = -4.334026
	y165 = -5.279639
	y166 = 1.178871
	y167 = -5.037780
	y168 = -5.061934
	y169 = 4.185968
	y170 = -5.981009
	y171 = -4.399221
	y172 = 3.289203
	y173 = -5.236246
	y174 = -2.481721
	y175 = 4.863283
	y176 = -2.898405
	y177 = -3.594347
	y178 = 2.452201
	y179 = -3.852172
	y180 = -4.350818
	y181 = 0.588352
	y182 = -5.377054
	y183 = -5.594428
	y184 = 4.834412
	y185 = -5.317855
	y186 = -5.224641
	y187 = 3.694597
	y188 = -4.181797
	y189 = -4.489596
	y190 = -0.171613
	y191 = -4.176032

