InputQuery: /home/levn/Workspace/othello_world/queries/probe_robust/group_1/game_113_target_53_eps_0.1.txt
Engine::processInputQuery: Input query (before preprocessing): 449 equations, 1216 variables
Engine::processInputQuery: Input query (after preprocessing): 705 equations, 1337 variables

Input bounds:
	x0: [  0.2911,   0.4911] 
	x1: [  0.1388,   0.3388] 
	x2: [ -0.3480,  -0.1480] 
	x3: [ -1.8722,  -1.6722] 
	x4: [ -0.2502,  -0.0502] 
	x5: [ -0.0256,   0.1744] 
	x6: [  0.7223,   0.9223] 
	x7: [ -2.3626,  -2.1626] 
	x8: [ -0.7423,  -0.5423] 
	x9: [ -0.5060,  -0.3060] 
	x10: [  0.8665,   1.0665] 
	x11: [  0.2576,   0.4576] 
	x12: [ -0.8295,  -0.6295] 
	x13: [ -0.0264,   0.1736] 
	x14: [ -2.8581,  -2.6581] 
	x15: [ -0.8150,  -0.6150] 
	x16: [ -2.0956,  -1.8956] 
	x17: [  1.9271,   2.1271] 
	x18: [  0.1836,   0.3836] 
	x19: [ -0.5971,  -0.3971] 
	x20: [  0.0845,   0.2845] 
	x21: [  0.6609,   0.8609] 
	x22: [ -0.2311,  -0.0311] 
	x23: [  0.2889,   0.4889] 
	x24: [ -0.7563,  -0.5563] 
	x25: [  0.8295,   1.0295] 
	x26: [  0.8225,   1.0225] 
	x27: [  0.3548,   0.5548] 
	x28: [ -0.5300,  -0.3300] 
	x29: [  1.8236,   2.0236] 
	x30: [  1.5868,   1.7868] 
	x31: [ -1.0903,  -0.8903] 
	x32: [ -0.6526,  -0.4526] 
	x33: [  2.8860,   3.0860] 
	x34: [ -4.0457,  -3.8457] 
	x35: [ -1.6608,  -1.4608] 
	x36: [  0.4505,   0.6505] 
	x37: [ -2.3880,  -2.1880] 
	x38: [  1.0344,   1.2344] 
	x39: [ -2.1022,  -1.9022] 
	x40: [  0.2389,   0.4389] 
	x41: [  0.8357,   1.0357] 
	x42: [ -1.1644,  -0.9644] 
	x43: [  0.1661,   0.3661] 
	x44: [ -4.0496,  -3.8496] 
	x45: [  0.7165,   0.9165] 
	x46: [ -2.8381,  -2.6381] 
	x47: [ -1.9812,  -1.7812] 
	x48: [ -1.4719,  -1.2719] 
	x49: [  0.1514,   0.3514] 
	x50: [ -0.9212,  -0.7212] 
	x51: [  0.6058,   0.8058] 
	x52: [ -0.3639,  -0.1639] 
	x53: [  1.2746,   1.4746] 
	x54: [ -2.0904,  -1.8904] 
	x55: [  3.9105,   4.1105] 
	x56: [ -0.3247,  -0.1247] 
	x57: [  1.8174,   2.0174] 
	x58: [ -1.6056,  -1.4056] 
	x59: [ -1.3760,  -1.1760] 
	x60: [ -0.1710,   0.0290] 
	x61: [ -2.3986,  -2.1986] 
	x62: [  0.3398,   0.5398] 
	x63: [  1.5843,   1.7843] 
	x64: [ -3.7832,  -3.5832] 
	x65: [ -2.4760,  -2.2760] 
	x66: [ -1.4892,  -1.2892] 
	x67: [ -2.2721,  -2.0721] 
	x68: [ -2.2541,  -2.0541] 
	x69: [  1.1838,   1.3838] 
	x70: [ -2.7939,  -2.5939] 
	x71: [ -0.7587,  -0.5587] 
	x72: [ -0.0457,   0.1543] 
	x73: [ -0.1474,   0.0526] 
	x74: [ -1.7351,  -1.5351] 
	x75: [ -3.6143,  -3.4143] 
	x76: [  2.9873,   3.1873] 
	x77: [  0.6454,   0.8454] 
	x78: [  3.5567,   3.7567] 
	x79: [  1.4827,   1.6827] 
	x80: [ -1.3069,  -1.1069] 
	x81: [  1.9323,   2.1323] 
	x82: [ -1.8265,  -1.6265] 
	x83: [ -2.7974,  -2.5974] 
	x84: [ -0.5778,  -0.3778] 
	x85: [  0.0908,   0.2908] 
	x86: [ -2.0684,  -1.8684] 
	x87: [ -0.5031,  -0.3031] 
	x88: [  3.0442,   3.2442] 
	x89: [  0.3573,   0.5573] 
	x90: [  0.5146,   0.7146] 
	x91: [  0.0542,   0.2542] 
	x92: [  0.8462,   1.0462] 
	x93: [  1.2142,   1.4142] 
	x94: [  0.7706,   0.9706] 
	x95: [  0.0112,   0.2112] 
	x96: [ -0.9021,  -0.7021] 
	x97: [  0.7134,   0.9134] 
	x98: [  1.3371,   1.5371] 
	x99: [  2.8065,   3.0065] 
	x100: [ -0.2692,  -0.0692] 
	x101: [  0.6132,   0.8132] 
	x102: [  1.7908,   1.9908] 
	x103: [  0.6171,   0.8171] 
	x104: [ -0.3682,  -0.1682] 
	x105: [ -2.7762,  -2.5762] 
	x106: [ -0.1257,   0.0743] 
	x107: [ -0.0772,   0.1228] 
	x108: [ -0.5201,  -0.3201] 
	x109: [  4.0101,   4.2101] 
	x110: [ -1.3121,  -1.1121] 
	x111: [  0.1489,   0.3489] 
	x112: [  2.2563,   2.4563] 
	x113: [ -1.0501,  -0.8501] 
	x114: [  0.0084,   0.2084] 
	x115: [  3.4009,   3.6009] 
	x116: [  0.0191,   0.2191] 
	x117: [ -2.4883,  -2.2883] 
	x118: [  1.2150,   1.4150] 
	x119: [ -0.7520,  -0.5520] 
	x120: [ -1.6415,  -1.4415] 
	x121: [  1.2778,   1.4778] 
	x122: [  1.3641,   1.5641] 
	x123: [ -1.9751,  -1.7751] 
	x124: [  0.2038,   0.4038] 
	x125: [  0.9209,   1.1209] 
	x126: [  0.7042,   0.9042] 
	x127: [  1.4960,   1.6960] 
	x128: [  1.3631,   1.5631] 
	x129: [ -1.1758,  -0.9758] 
	x130: [  1.7591,   1.9591] 
	x131: [  0.7518,   0.9518] 
	x132: [ -2.9184,  -2.7184] 
	x133: [ -2.8738,  -2.6738] 
	x134: [ -2.4808,  -2.2808] 
	x135: [ -0.1721,   0.0279] 
	x136: [ -0.0422,   0.1578] 
	x137: [  0.1104,   0.3104] 
	x138: [  0.3211,   0.5211] 
	x139: [ -0.4076,  -0.2076] 
	x140: [ -0.2755,  -0.0755] 
	x141: [  1.2082,   1.4082] 
	x142: [  0.4853,   0.6853] 
	x143: [  1.3448,   1.5448] 
	x144: [ -0.2454,  -0.0454] 
	x145: [ -0.6442,  -0.4442] 
	x146: [ -1.1634,  -0.9634] 
	x147: [ -1.0118,  -0.8118] 
	x148: [  2.6234,   2.8234] 
	x149: [ -2.3414,  -2.1414] 
	x150: [ -0.9701,  -0.7701] 
	x151: [  1.9560,   2.1560] 
	x152: [ -0.1593,   0.0407] 
	x153: [ -0.0051,   0.1949] 
	x154: [  2.1840,   2.3840] 
	x155: [  1.0900,   1.2900] 
	x156: [  2.4646,   2.6646] 
	x157: [ -0.1629,   0.0371] 
	x158: [ -1.9442,  -1.7442] 
	x159: [ -1.6577,  -1.4577] 
	x160: [ -0.0136,   0.1864] 
	x161: [  3.4448,   3.6448] 
	x162: [ -1.0126,  -0.8126] 
	x163: [ -0.1041,   0.0959] 
	x164: [  1.3258,   1.5258] 
	x165: [ -0.5584,  -0.3584] 
	x166: [  0.7691,   0.9691] 
	x167: [  2.9375,   3.1375] 
	x168: [  1.7525,   1.9525] 
	x169: [ -0.8207,  -0.6207] 
	x170: [ -0.3653,  -0.1653] 
	x171: [  1.4227,   1.6227] 
	x172: [ -0.9459,  -0.7459] 
	x173: [ -1.3795,  -1.1795] 
	x174: [  0.4601,   0.6601] 
	x175: [  0.6771,   0.8771] 
	x176: [  1.6296,   1.8296] 
	x177: [ -1.0084,  -0.8084] 
	x178: [ -0.7256,  -0.5256] 
	x179: [ -3.4508,  -3.2508] 
	x180: [  0.4598,   0.6598] 
	x181: [ -2.5114,  -2.3114] 
	x182: [  1.4301,   1.6301] 
	x183: [ -0.5394,  -0.3394] 
	x184: [ -0.9451,  -0.7451] 
	x185: [ -0.4548,  -0.2548] 
	x186: [  1.5631,   1.7631] 
	x187: [  0.5054,   0.7054] 
	x188: [  2.3613,   2.5613] 
	x189: [ -1.3886,  -1.1886] 
	x190: [ -0.2819,  -0.0819] 
	x191: [  0.6169,   0.8169] 
	x192: [ -1.5411,  -1.3411] 
	x193: [ -0.5954,  -0.3954] 
	x194: [ -3.7505,  -3.5505] 
	x195: [  0.4601,   0.6601] 
	x196: [  1.2138,   1.4138] 
	x197: [  2.8167,   3.0167] 
	x198: [ -2.6254,  -2.4254] 
	x199: [  1.1966,   1.3966] 
	x200: [ -2.0874,  -1.8874] 
	x201: [ -1.0836,  -0.8836] 
	x202: [  0.8995,   1.0995] 
	x203: [ -1.6751,  -1.4751] 
	x204: [  0.1116,   0.3116] 
	x205: [ -0.8523,  -0.6523] 
	x206: [ -0.0933,   0.1067] 
	x207: [ -1.0222,  -0.8222] 
	x208: [ -2.5078,  -2.3078] 
	x209: [ -3.2692,  -3.0692] 
	x210: [  1.0984,   1.2984] 
	x211: [ -1.7388,  -1.5388] 
	x212: [ -1.4055,  -1.2055] 
	x213: [  1.0325,   1.2325] 
	x214: [  1.2311,   1.4311] 
	x215: [ -0.7121,  -0.5121] 
	x216: [ -0.5617,  -0.3617] 
	x217: [ -1.6937,  -1.4937] 
	x218: [ -1.1457,  -0.9457] 
	x219: [ -1.6701,  -1.4701] 
	x220: [  0.1613,   0.3613] 
	x221: [ -1.2609,  -1.0609] 
	x222: [ -0.7526,  -0.5526] 
	x223: [ -1.6583,  -1.4583] 
	x224: [ -3.1330,  -2.9330] 
	x225: [ -0.1470,   0.0530] 
	x226: [ -0.6228,  -0.4228] 
	x227: [ -0.0158,   0.1842] 
	x228: [  1.4560,   1.6560] 
	x229: [  1.4918,   1.6918] 
	x230: [  5.0070,   5.2070] 
	x231: [  2.3932,   2.5932] 
	x232: [ -1.0142,  -0.8142] 
	x233: [  0.1193,   0.3193] 
	x234: [  0.4139,   0.6139] 
	x235: [  0.2682,   0.4682] 
	x236: [  0.4531,   0.6531] 
	x237: [  1.1425,   1.3425] 
	x238: [  1.6180,   1.8180] 
	x239: [  0.3200,   0.5200] 
	x240: [ -0.7680,  -0.5680] 
	x241: [  1.5502,   1.7502] 
	x242: [  0.1917,   0.3917] 
	x243: [  1.1789,   1.3789] 
	x244: [ -0.1809,   0.0191] 
	x245: [  0.9881,   1.1881] 
	x246: [ -0.0944,   0.1056] 
	x247: [ -1.7206,  -1.5206] 
	x248: [ -0.3981,  -0.1981] 
	x249: [  3.0781,   3.2781] 
	x250: [ -0.0465,   0.1535] 
	x251: [ -0.6707,  -0.4707] 
	x252: [ -1.7137,  -1.5137] 
	x253: [  3.1531,   3.3531] 
	x254: [  1.6421,   1.8421] 
	x255: [ -1.0658,  -0.8658] 
	x256: [  1.2898,   1.4898] 
	x257: [  1.0970,   1.2970] 
	x258: [ -0.8921,  -0.6921] 
	x259: [  1.8542,   2.0542] 
	x260: [  3.3630,   3.5630] 
	x261: [ -1.5978,  -1.3978] 
	x262: [  0.7590,   0.9590] 
	x263: [  0.9892,   1.1892] 
	x264: [ -2.0333,  -1.8333] 
	x265: [  0.5513,   0.7513] 
	x266: [  2.5599,   2.7599] 
	x267: [  1.3180,   1.5180] 
	x268: [ -1.9612,  -1.7612] 
	x269: [ -0.4693,  -0.2693] 
	x270: [ -0.1468,   0.0532] 
	x271: [  2.1137,   2.3137] 
	x272: [  1.4435,   1.6435] 
	x273: [  0.8368,   1.0368] 
	x274: [  0.1115,   0.3115] 
	x275: [  2.2415,   2.4415] 
	x276: [ -2.5233,  -2.3233] 
	x277: [ -1.3403,  -1.1403] 
	x278: [ -0.2253,  -0.0253] 
	x279: [  2.9227,   3.1227] 
	x280: [ -0.9674,  -0.7674] 
	x281: [ -2.0338,  -1.8338] 
	x282: [ -2.1733,  -1.9733] 
	x283: [ -2.5803,  -2.3803] 
	x284: [ -0.4620,  -0.2620] 
	x285: [  1.7717,   1.9717] 
	x286: [  1.5546,   1.7546] 
	x287: [  0.3259,   0.5259] 
	x288: [ -2.1389,  -1.9389] 
	x289: [  0.3031,   0.5031] 
	x290: [  0.6500,   0.8500] 
	x291: [  0.5935,   0.7935] 
	x292: [  0.6570,   0.8570] 
	x293: [ -1.5380,  -1.3380] 
	x294: [  1.5405,   1.7405] 
	x295: [  1.4896,   1.6896] 
	x296: [  1.0701,   1.2701] 
	x297: [ -0.5350,  -0.3350] 
	x298: [ -0.2414,  -0.0414] 
	x299: [ -1.9059,  -1.7059] 
	x300: [  0.4679,   0.6679] 
	x301: [ -0.3156,  -0.1156] 
	x302: [ -1.2761,  -1.0761] 
	x303: [ -1.6569,  -1.4569] 
	x304: [  2.2691,   2.4691] 
	x305: [ -0.3301,  -0.1301] 
	x306: [  0.5873,   0.7873] 
	x307: [ -1.7101,  -1.5101] 
	x308: [ -1.3106,  -1.1106] 
	x309: [  0.2457,   0.4457] 
	x310: [ -1.4572,  -1.2572] 
	x311: [  2.4916,   2.6916] 
	x312: [  3.5284,   3.7284] 
	x313: [  1.1306,   1.3306] 
	x314: [ -2.0303,  -1.8303] 
	x315: [  0.3020,   0.5020] 
	x316: [  1.5698,   1.7698] 
	x317: [ -1.3234,  -1.1234] 
	x318: [  0.6744,   0.8744] 
	x319: [ -2.1518,  -1.9518] 
	x320: [  0.8313,   1.0313] 
	x321: [  0.1561,   0.3561] 
	x322: [  1.6722,   1.8722] 
	x323: [ -0.7979,  -0.5979] 
	x324: [ -0.0963,   0.1037] 
	x325: [  0.4541,   0.6541] 
	x326: [ -0.6644,  -0.4644] 
	x327: [ -0.3553,  -0.1553] 
	x328: [  3.4455,   3.6455] 
	x329: [ -2.7322,  -2.5322] 
	x330: [  0.9280,   1.1280] 
	x331: [ -1.4645,  -1.2645] 
	x332: [ -0.7330,  -0.5330] 
	x333: [ -1.5585,  -1.3585] 
	x334: [ -1.5179,  -1.3179] 
	x335: [  1.2916,   1.4916] 
	x336: [  1.3086,   1.5086] 
	x337: [  1.9364,   2.1364] 
	x338: [ -1.4539,  -1.2539] 
	x339: [  0.8453,   1.0453] 
	x340: [  0.1730,   0.3730] 
	x341: [  0.2850,   0.4850] 
	x342: [  0.3356,   0.5356] 
	x343: [  0.9214,   1.1214] 
	x344: [ -1.0615,  -0.8615] 
	x345: [  0.6150,   0.8150] 
	x346: [ -0.8244,  -0.6244] 
	x347: [ -2.3774,  -2.1774] 
	x348: [  0.3158,   0.5158] 
	x349: [  1.8576,   2.0576] 
	x350: [  0.7574,   0.9574] 
	x351: [  0.4990,   0.6990] 
	x352: [ -2.6305,  -2.4305] 
	x353: [  0.5662,   0.7662] 
	x354: [ -1.2449,  -1.0449] 
	x355: [  0.5838,   0.7838] 
	x356: [ -0.0632,   0.1368] 
	x357: [  0.3129,   0.5129] 
	x358: [ -1.5011,  -1.3011] 
	x359: [  1.5017,   1.7017] 
	x360: [ -2.6606,  -2.4606] 
	x361: [ -0.1794,   0.0206] 
	x362: [ -0.2873,  -0.0873] 
	x363: [  0.3015,   0.5015] 
	x364: [  0.7255,   0.9255] 
	x365: [ -1.3135,  -1.1135] 
	x366: [ -1.2984,  -1.0984] 
	x367: [  1.8706,   2.0706] 
	x368: [  0.8282,   1.0282] 
	x369: [ -0.9297,  -0.7297] 
	x370: [ -2.0756,  -1.8756] 
	x371: [ -2.2556,  -2.0556] 
	x372: [  2.0211,   2.2211] 
	x373: [  0.4112,   0.6112] 
	x374: [  0.8014,   1.0014] 
	x375: [ -1.9218,  -1.7218] 
	x376: [ -0.9241,  -0.7241] 
	x377: [  0.2627,   0.4627] 
	x378: [ -0.9758,  -0.7758] 
	x379: [  1.3750,   1.5750] 
	x380: [ -1.7452,  -1.5452] 
	x381: [ -1.4624,  -1.2624] 
	x382: [  0.1562,   0.3562] 
	x383: [ -0.6117,  -0.4117] 
	x384: [  2.4018,   2.6018] 
	x385: [  1.1482,   1.3482] 
	x386: [ -3.4334,  -3.2334] 
	x387: [ -0.4772,  -0.2772] 
	x388: [  0.5992,   0.7992] 
	x389: [  2.7793,   2.9793] 
	x390: [  2.9689,   3.1689] 
	x391: [ -0.0156,   0.1844] 
	x392: [ -0.0498,   0.1502] 
	x393: [ -0.9583,  -0.7583] 
	x394: [  0.3509,   0.5509] 
	x395: [  2.0295,   2.2295] 
	x396: [  0.2568,   0.4568] 
	x397: [ -1.5346,  -1.3346] 
	x398: [  1.4210,   1.6210] 
	x399: [ -2.4963,  -2.2963] 
	x400: [  0.4178,   0.6178] 
	x401: [  2.1743,   2.3743] 
	x402: [ -0.4801,  -0.2801] 
	x403: [ -2.0932,  -1.8932] 
	x404: [ -0.8651,  -0.6651] 
	x405: [ -0.4151,  -0.2151] 
	x406: [  1.6789,   1.8789] 
	x407: [ -0.4939,  -0.2939] 
	x408: [  0.3803,   0.5803] 
	x409: [ -3.6853,  -3.4853] 
	x410: [  0.3088,   0.5088] 
	x411: [ -2.2211,  -2.0211] 
	x412: [ -0.9557,  -0.7557] 
	x413: [ -1.3052,  -1.1052] 
	x414: [  0.1511,   0.3511] 
	x415: [ -2.0250,  -1.8250] 
	x416: [ -1.8657,  -1.6657] 
	x417: [  0.5235,   0.7235] 
	x418: [  0.6050,   0.8050] 
	x419: [ -1.5601,  -1.3601] 
	x420: [ -0.1921,   0.0079] 
	x421: [ -2.5315,  -2.3315] 
	x422: [  0.1113,   0.3113] 
	x423: [  0.4708,   0.6708] 
	x424: [ -1.1714,  -0.9714] 
	x425: [ -1.1932,  -0.9932] 
	x426: [ -1.4775,  -1.2775] 
	x427: [  0.2210,   0.4210] 
	x428: [  0.8129,   1.0129] 
	x429: [  0.3731,   0.5731] 
	x430: [ -1.3526,  -1.1526] 
	x431: [  0.1307,   0.3307] 
	x432: [ -1.3292,  -1.1292] 
	x433: [  2.1659,   2.3659] 
	x434: [  2.1561,   2.3561] 
	x435: [  1.7137,   1.9137] 
	x436: [ -2.5785,  -2.3785] 
	x437: [  0.0070,   0.2070] 
	x438: [ -0.9315,  -0.7315] 
	x439: [  0.7287,   0.9287] 
	x440: [  0.1488,   0.3488] 
	x441: [ -0.4475,  -0.2475] 
	x442: [  0.5039,   0.7039] 
	x443: [ -2.2053,  -2.0053] 
	x444: [  0.2690,   0.4690] 
	x445: [ -2.0593,  -1.8593] 
	x446: [  1.5946,   1.7946] 
	x447: [ -0.2811,  -0.0811] 
	x448: [ -0.6744,  -0.4744] 
	x449: [  0.4238,   0.6238] 
	x450: [ -2.9558,  -2.7558] 
	x451: [ -0.7085,  -0.5085] 
	x452: [  0.8350,   1.0350] 
	x453: [  1.0670,   1.2670] 
	x454: [ -3.9856,  -3.7856] 
	x455: [ -2.5006,  -2.3006] 
	x456: [ -0.9782,  -0.7782] 
	x457: [  1.2997,   1.4997] 
	x458: [  1.5003,   1.7003] 
	x459: [  1.2288,   1.4288] 
	x460: [  1.8426,   2.0426] 
	x461: [ -1.1813,  -0.9813] 
	x462: [ -1.9317,  -1.7317] 
	x463: [ -2.4772,  -2.2772] 
	x464: [  1.5069,   1.7069] 
	x465: [  0.0855,   0.2855] 
	x466: [ -0.6520,  -0.4520] 
	x467: [ -0.0424,   0.1576] 
	x468: [ -2.6479,  -2.4479] 
	x469: [  0.2666,   0.4666] 
	x470: [  0.7106,   0.9106] 
	x471: [  0.5142,   0.7142] 
	x472: [  1.6908,   1.8908] 
	x473: [  0.0789,   0.2789] 
	x474: [ -3.3566,  -3.1566] 
	x475: [  0.2085,   0.4085] 
	x476: [ -0.1185,   0.0815] 
	x477: [ -1.4015,  -1.2015] 
	x478: [ -0.4699,  -0.2699] 
	x479: [  1.4275,   1.6275] 
	x480: [ -2.4578,  -2.2578] 
	x481: [ -0.0066,   0.1934] 
	x482: [ -0.6957,  -0.4957] 
	x483: [ -0.5792,  -0.3792] 
	x484: [  2.2143,   2.4143] 
	x485: [  1.6446,   1.8446] 
	x486: [ -0.9757,  -0.7757] 
	x487: [  0.5090,   0.7090] 
	x488: [  0.8059,   1.0059] 
	x489: [  0.5764,   0.7764] 
	x490: [  0.2055,   0.4055] 
	x491: [ -0.6291,  -0.4291] 
	x492: [  0.2396,   0.4396] 
	x493: [ -0.4152,  -0.2152] 
	x494: [ -0.6963,  -0.4963] 
	x495: [ -1.4468,  -1.2468] 
	x496: [ -0.4976,  -0.2976] 
	x497: [  3.5686,   3.7686] 
	x498: [  0.6917,   0.8917] 
	x499: [ -1.2020,  -1.0020] 
	x500: [ -1.8778,  -1.6778] 
	x501: [  0.9659,   1.1659] 
	x502: [ -1.9543,  -1.7543] 
	x503: [  0.8583,   1.0583] 
	x504: [  0.2840,   0.4840] 
	x505: [ -1.2345,  -1.0345] 
	x506: [  1.5103,   1.7103] 
	x507: [ -0.6869,  -0.4869] 
	x508: [  0.5066,   0.7066] 
	x509: [  0.3791,   0.5791] 
	x510: [  1.7846,   1.9846] 
	x511: [ -2.2892,  -2.0892] 

Branching heuristics set to PseudoImpact

Engine::solve: Initial statistics

23:24:21 Statistics update:
	--- Time Statistics ---
	Total time elapsed: 507 milli (00:00:00)
		Main loop: 0 milli (00:00:00)
		Preprocessing time: 200 milli (00:00:00)
		Unknown: 306 milli (00:00:00)
	Breakdown for main loop:
		[0.00%] Simplex steps: 0 milli
		[0.00%] Explicit-basis bound tightening: 0 milli
		[0.00%] Constraint-matrix bound tightening: 0 milli
		[0.00%] Degradation checking: 0 milli
		[0.00%] Precision restoration: 0 milli
		[0.00%] Statistics handling: 0 milli
		[0.00%] Constraint-fixing steps: 0 milli
		[0.00%] Valid case splits: 0 milli. Average per split: 0.00 milli
		[0.00%] Applying stored bound-tightening: 0 milli
		[0.00%] SMT core: 0 milli
		[0.00%] Symbolic Bound Tightening: 12 milli
		[0.00%] SoI-based local search: 0 milli
		[0.00%] SoI-based local search: 0 milli
		[0.00%] Unaccounted for: 0 milli
	--- Preprocessor Statistics ---
	Number of preprocessor bound-tightening loop iterations: 3
	Number of eliminated variables: 136
	Number of constraints removed due to variable elimination: 136
	Number of equations removed due to variable elimination: 0
	--- Engine Statistics ---
	Number of main loop iterations: 1
		0 iterations were simplex steps. Total time: 0 milli. Average: 0.00 milli.
		0 iterations were constraint-fixing steps. Total time: 0 milli. Average: 0.00 milli
	Number of active piecewise-linear constraints: 120 / 120
		Constraints disabled by valid splits: 0. By SMT-originated splits: 0
	Last reported degradation: 0.0000000000. Max degradation so far: 0.0000000000. Restorations so far: 0
	Number of simplex pivots we attempted to skip because of instability: 0.
	Unstable pivots performed anyway: 0
	--- Tableau Statistics ---
	Total number of pivots performed: 0
		Real pivots: 0. Degenerate: 0 (0.00%)
		Degenerate pivots by request (e.g., to fix a PL constraint): 0 (0.00%)
		Average time per pivot: 0.00 milli
	Total number of fake pivots performed: 0
	Total number of rows added: 0. Number of merged columns: 0
	Current tableau dimensions: M = 705, N = 2042
	--- SMT Core Statistics ---
	Total depth is 0. Total visited states: 1. Number of splits: 0. Number of pops: 0
	Max stack depth: 0
	--- Bound Tightening Statistics ---
	Number of tightened bounds: 0.
		Number of rows examined by row tightener: 0. Consequent tightenings: 0
		Number of explicit basis matrices examined by row tightener: 0. Consequent tightenings: 0
		Number of bound tightening rounds on the entire constraint matrix: 0. Consequent tightenings: 0
		Number of bound notifications sent to PL constraints: 720. Tightenings proposed: 0
	--- Basis Factorization statistics ---
	Number of basis refactorizations: 2
	--- Projected Steepest Edge Statistics ---
	Number of iterations: 0.
	Number of resets to reference space: 1. Avg. iterations per reset: 0
	--- SBT ---
	Number of tightened bounds: 385
	--- SoI-based local search ---
	Number of proposed phase pattern update: 0. Number of accepted update: 0 [0.00%]
	Total time (% of local search time) updating SoI phase pattern : 0 milli [0.00%]
	Total time obtaining current assignment: 0 milli [0.00%]
	Total time getting SoI phase pattern : 0 milli [0.00%]
	--- Context dependent statistics ---
	Number of pushes / pops: 0 / 0
		[0.00%] Pre-Push hook: 0 milli
		[0.00%] Push : 0 milli
		[0.00%] Post-Pop hook: 0 milli
		[0.00%] Pop : 0 milli
		[0.00%] Total context-switching time: 0 milli
	--- Proof Certificate ---
	Number of certified leaves: 0
	Number of leaves to delegate: 0

---

Engine::solve: sat assignment found

23:24:22 Statistics update:
	--- Time Statistics ---
	Total time elapsed: 2022 milli (00:00:02)
		Main loop: 1514 milli (00:00:01)
		Preprocessing time: 200 milli (00:00:00)
		Unknown: 307 milli (00:00:00)
	Breakdown for main loop:
		[37.85%] Simplex steps: 573 milli
		[60.51%] Explicit-basis bound tightening: 916 milli
		[0.00%] Constraint-matrix bound tightening: 0 milli
		[0.77%] Degradation checking: 11 milli
		[0.00%] Precision restoration: 0 milli
		[0.11%] Statistics handling: 1 milli
		[0.00%] Constraint-fixing steps: 0 milli
		[0.01%] Valid case splits: 0 milli. Average per split: 0.00 milli
		[0.00%] Applying stored bound-tightening: 0 milli
		[0.00%] SMT core: 0 milli
		[1.38%] Symbolic Bound Tightening: 20 milli
		[8.23%] SoI-based local search: 124 milli
		[0.00%] SoI-based local search: 0 milli
		[1218097324580163.75%] Unaccounted for: 0 milli
	--- Preprocessor Statistics ---
	Number of preprocessor bound-tightening loop iterations: 3
	Number of eliminated variables: 136
	Number of constraints removed due to variable elimination: 136
	Number of equations removed due to variable elimination: 0
	--- Engine Statistics ---
	Number of main loop iterations: 520
		518 iterations were simplex steps. Total time: 573 milli. Average: 1.11 milli.
		0 iterations were constraint-fixing steps. Total time: 0 milli. Average: 0.00 milli
	Number of active piecewise-linear constraints: 120 / 120
		Constraints disabled by valid splits: 0. By SMT-originated splits: 0
	Last reported degradation: 0.0000000798. Max degradation so far: 0.0000000000. Restorations so far: 0
	Number of simplex pivots we attempted to skip because of instability: 0.
	Unstable pivots performed anyway: 0
	--- Tableau Statistics ---
	Total number of pivots performed: 492
		Real pivots: 492. Degenerate: 0 (0.00%)
		Degenerate pivots by request (e.g., to fix a PL constraint): 0 (0.00%)
		Average time per pivot: 0.19 milli
	Total number of fake pivots performed: 24
	Total number of rows added: 0. Number of merged columns: 0
	Current tableau dimensions: M = 705, N = 2042
	--- SMT Core Statistics ---
	Total depth is 0. Total visited states: 1. Number of splits: 0. Number of pops: 0
	Max stack depth: 0
	--- Bound Tightening Statistics ---
	Number of tightened bounds: 0.
		Number of rows examined by row tightener: 492. Consequent tightenings: 0
		Number of explicit basis matrices examined by row tightener: 4. Consequent tightenings: 311
		Number of bound tightening rounds on the entire constraint matrix: 0. Consequent tightenings: 0
		Number of bound notifications sent to PL constraints: 1440. Tightenings proposed: 0
	--- Basis Factorization statistics ---
	Number of basis refactorizations: 6
	--- Projected Steepest Edge Statistics ---
	Number of iterations: 516.
	Number of resets to reference space: 1. Avg. iterations per reset: 516
	--- SBT ---
	Number of tightened bounds: 385
	--- SoI-based local search ---
	Number of proposed phase pattern update: 0. Number of accepted update: 1 [0.00%]
	Total time (% of local search time) updating SoI phase pattern : 364 milli [0.29%]
	Total time obtaining current assignment: 156 milli [0.13%]
	Total time getting SoI phase pattern : 44 milli [0.00%]
	--- Context dependent statistics ---
	Number of pushes / pops: 0 / 0
		[0.00%] Pre-Push hook: 0 milli
		[0.00%] Push : 0 milli
		[0.00%] Post-Pop hook: 0 milli
		[0.00%] Pop : 0 milli
		[0.00%] Total context-switching time: 0 milli
	--- Proof Certificate ---
	Number of certified leaves: 0
	Number of leaves to delegate: 0
sat
Input assignment:
	x0 = 0.291113
	x1 = 0.338840
	x2 = -0.347993
	x3 = -1.872189
	x4 = -0.250204
	x5 = 0.174385
	x6 = 0.722265
	x7 = -2.162626
	x8 = -0.542279
	x9 = -0.506038
	x10 = 0.866541
	x11 = 0.257582
	x12 = -0.629479
	x13 = -0.026393
	x14 = -2.658114
	x15 = -0.814993
	x16 = -2.095637
	x17 = 2.127139
	x18 = 0.383609
	x19 = -0.397133
	x20 = 0.084461
	x21 = 0.660870
	x22 = -0.231142
	x23 = 0.488913
	x24 = -0.556303
	x25 = 1.029468
	x26 = 0.822500
	x27 = 0.354751
	x28 = -0.530024
	x29 = 2.023643
	x30 = 1.586828
	x31 = -1.090302
	x32 = -0.652564
	x33 = 2.886026
	x34 = -4.045708
	x35 = -1.460794
	x36 = 0.650527
	x37 = -2.387966
	x38 = 1.034426
	x39 = -2.102221
	x40 = 0.238895
	x41 = 0.835652
	x42 = -1.164397
	x43 = 0.366120
	x44 = -4.049618
	x45 = 0.916505
	x46 = -2.638136
	x47 = -1.781166
	x48 = -1.271875
	x49 = 0.151356
	x50 = -0.921153
	x51 = 0.805815
	x52 = -0.363860
	x53 = 1.474616
	x54 = -2.090406
	x55 = 3.910480
	x56 = -0.324747
	x57 = 2.017446
	x58 = -1.405560
	x59 = -1.175951
	x60 = -0.171009
	x61 = -2.198584
	x62 = 0.339772
	x63 = 1.584285
	x64 = -3.783217
	x65 = -2.475978
	x66 = -1.289208
	x67 = -2.272123
	x68 = -2.054139
	x69 = 1.383797
	x70 = -2.793867
	x71 = -0.558718
	x72 = -0.045733
	x73 = 0.052562
	x74 = -1.535071
	x75 = -3.614319
	x76 = 2.987288
	x77 = 0.645412
	x78 = 3.556651
	x79 = 1.482658
	x80 = -1.306910
	x81 = 2.132315
	x82 = -1.626506
	x83 = -2.597446
	x84 = -0.377783
	x85 = 0.090766
	x86 = -1.868370
	x87 = -0.503145
	x88 = 3.044203
	x89 = 0.357268
	x90 = 0.714593
	x91 = 0.054193
	x92 = 1.046230
	x93 = 1.214206
	x94 = 0.770612
	x95 = 0.211229
	x96 = -0.902146
	x97 = 0.913375
	x98 = 1.337104
	x99 = 3.006511
	x100 = -0.069173
	x101 = 0.813179
	x102 = 1.790795
	x103 = 0.817057
	x104 = -0.368194
	x105 = -2.576236
	x106 = 0.074317
	x107 = -0.077193
	x108 = -0.320107
	x109 = 4.210068
	x110 = -1.112072
	x111 = 0.148903
	x112 = 2.256335
	x113 = -1.050101
	x114 = 0.008438
	x115 = 3.600930
	x116 = 0.019082
	x117 = -2.488306
	x118 = 1.415027
	x119 = -0.751961
	x120 = -1.641545
	x121 = 1.477794
	x122 = 1.464902
	x123 = -1.975127
	x124 = 0.403766
	x125 = 1.120862
	x126 = 0.904222
	x127 = 1.496025
	x128 = 1.563109
	x129 = -0.975816
	x130 = 1.759071
	x131 = 0.951820
	x132 = -2.718353
	x133 = -2.873762
	x134 = -2.480822
	x135 = -0.172141
	x136 = 0.157796
	x137 = 0.110412
	x138 = 0.321145
	x139 = -0.207648
	x140 = -0.075486
	x141 = 1.208187
	x142 = 0.485293
	x143 = 1.344754
	x144 = -0.045429
	x145 = -0.644217
	x146 = -0.963370
	x147 = -1.011846
	x148 = 2.623366
	x149 = -2.141388
	x150 = -0.770079
	x151 = 1.956013
	x152 = 0.040704
	x153 = -0.005146
	x154 = 2.184040
	x155 = 1.290012
	x156 = 2.664646
	x157 = -0.162885
	x158 = -1.744237
	x159 = -1.457704
	x160 = -0.013628
	x161 = 3.644834
	x162 = -1.012646
	x163 = -0.104149
	x164 = 1.525792
	x165 = -0.358408
	x166 = 0.769148
	x167 = 2.937489
	x168 = 1.952472
	x169 = -0.820682
	x170 = -0.365315
	x171 = 1.422741
	x172 = -0.945935
	x173 = -1.379498
	x174 = 0.460088
	x175 = 0.677100
	x176 = 1.629604
	x177 = -1.008376
	x178 = -0.525634
	x179 = -3.250823
	x180 = 0.459802
	x181 = -2.311371
	x182 = 1.430079
	x183 = -0.339350
	x184 = -0.945118
	x185 = -0.454779
	x186 = 1.563111
	x187 = 0.705372
	x188 = 2.561255
	x189 = -1.388626
	x190 = -0.281946
	x191 = 0.616851
	x192 = -1.341086
	x193 = -0.595398
	x194 = -3.750542
	x195 = 0.660096
	x196 = 1.213840
	x197 = 2.816723
	x198 = -2.625392
	x199 = 1.196563
	x200 = -2.087382
	x201 = -0.883640
	x202 = 1.099469
	x203 = -1.675051
	x204 = 0.111555
	x205 = -0.852286
	x206 = 0.106745
	x207 = -1.022151
	x208 = -2.307761
	x209 = -3.069194
	x210 = 1.098399
	x211 = -1.538788
	x212 = -1.405530
	x213 = 1.232508
	x214 = 1.431110
	x215 = -0.512138
	x216 = -0.361676
	x217 = -1.493691
	x218 = -1.145736
	x219 = -1.670084
	x220 = 0.361323
	x221 = -1.260859
	x222 = -0.552630
	x223 = -1.658279
	x224 = -2.933049
	x225 = 0.053005
	x226 = -0.422828
	x227 = -0.015798
	x228 = 1.655971
	x229 = 1.491830
	x230 = 5.207031
	x231 = 2.393218
	x232 = -1.014197
	x233 = 0.119317
	x234 = 0.413851
	x235 = 0.268221
	x236 = 0.453097
	x237 = 1.142544
	x238 = 1.618010
	x239 = 0.519975
	x240 = -0.767985
	x241 = 1.550175
	x242 = 0.191678
	x243 = 1.178873
	x244 = -0.180850
	x245 = 1.188111
	x246 = 0.105561
	x247 = -1.520616
	x248 = -0.198086
	x249 = 3.078091
	x250 = -0.046535
	x251 = -0.670726
	x252 = -1.713658
	x253 = 3.353084
	x254 = 1.842134
	x255 = -1.065774
	x256 = 1.289816
	x257 = 1.097002
	x258 = -0.692052
	x259 = 2.054243
	x260 = 3.363041
	x261 = -1.397839
	x262 = 0.759005
	x263 = 1.189197
	x264 = -2.033260
	x265 = 0.551326
	x266 = 2.759858
	x267 = 1.318044
	x268 = -1.761220
	x269 = -0.269292
	x270 = -0.146838
	x271 = 2.313737
	x272 = 1.643535
	x273 = 0.836820
	x274 = 0.111496
	x275 = 2.441480
	x276 = -2.323344
	x277 = -1.340292
	x278 = -0.025270
	x279 = 2.922716
	x280 = -0.967404
	x281 = -2.033791
	x282 = -1.973261
	x283 = -2.380306
	x284 = -0.262003
	x285 = 1.771748
	x286 = 1.554558
	x287 = 0.325909
	x288 = -2.138882
	x289 = 0.503140
	x290 = 0.849969
	x291 = 0.793504
	x292 = 0.656955
	x293 = -1.337985
	x294 = 1.740510
	x295 = 1.489614
	x296 = 1.070130
	x297 = -0.534974
	x298 = -0.241438
	x299 = -1.705857
	x300 = 0.667930
	x301 = -0.315636
	x302 = -1.276098
	x303 = -1.456860
	x304 = 2.469050
	x305 = -0.130060
	x306 = 0.587293
	x307 = -1.710054
	x308 = -1.110585
	x309 = 0.445740
	x310 = -1.457185
	x311 = 2.691600
	x312 = 3.728368
	x313 = 1.130573
	x314 = -1.830252
	x315 = 0.501950
	x316 = 1.769761
	x317 = -1.123354
	x318 = 0.674421
	x319 = -2.151787
	x320 = 1.031303
	x321 = 0.356085
	x322 = 1.872170
	x323 = -0.597948
	x324 = -0.096280
	x325 = 0.454118
	x326 = -0.664433
	x327 = -0.155270
	x328 = 3.445522
	x329 = -2.732164
	x330 = 1.127963
	x331 = -1.264521
	x332 = -0.732987
	x333 = -1.358541
	x334 = -1.517872
	x335 = 1.491647
	x336 = 1.508561
	x337 = 2.136376
	x338 = -1.453918
	x339 = 0.845265
	x340 = 0.172991
	x341 = 0.484997
	x342 = 0.535637
	x343 = 1.121399
	x344 = -0.861452
	x345 = 0.815046
	x346 = -0.624372
	x347 = -2.177362
	x348 = 0.515828
	x349 = 1.857578
	x350 = 0.757427
	x351 = 0.699035
	x352 = -2.430464
	x353 = 0.766186
	x354 = -1.044937
	x355 = 0.583794
	x356 = 0.136785
	x357 = 0.312863
	x358 = -1.501141
	x359 = 1.501705
	x360 = -2.545553
	x361 = 0.020599
	x362 = -0.087259
	x363 = 0.501504
	x364 = 0.725534
	x365 = -1.113502
	x366 = -1.298445
	x367 = 2.070575
	x368 = 0.828216
	x369 = -0.729688
	x370 = -1.875600
	x371 = -2.055583
	x372 = 2.021096
	x373 = 0.611228
	x374 = 1.001391
	x375 = -1.721759
	x376 = -0.724057
	x377 = 0.262698
	x378 = -0.975819
	x379 = 1.374963
	x380 = -1.745163
	x381 = -1.462360
	x382 = 0.356209
	x383 = -0.411723
	x384 = 2.432146
	x385 = 1.148192
	x386 = -3.233429
	x387 = -0.477153
	x388 = 0.599222
	x389 = 2.779309
	x390 = 3.074920
	x391 = 0.184390
	x392 = -0.049786
	x393 = -0.958300
	x394 = 0.350862
	x395 = 2.229544
	x396 = 0.256750
	x397 = -1.334598
	x398 = 1.420996
	x399 = -2.296270
	x400 = 0.417795
	x401 = 2.374335
	x402 = -0.280103
	x403 = -1.893218
	x404 = -0.865066
	x405 = -0.415098
	x406 = 1.678869
	x407 = -0.493924
	x408 = 0.380291
	x409 = -3.685252
	x410 = 0.508790
	x411 = -2.021090
	x412 = -0.955696
	x413 = -1.105187
	x414 = 0.351056
	x415 = -1.824990
	x416 = -1.865659
	x417 = 0.523500
	x418 = 0.604984
	x419 = -1.560099
	x420 = 0.007861
	x421 = -2.331467
	x422 = 0.111281
	x423 = 0.670790
	x424 = -0.971382
	x425 = -0.993225
	x426 = -1.477489
	x427 = 0.420975
	x428 = 1.012907
	x429 = 0.373061
	x430 = -1.152555
	x431 = 0.130682
	x432 = -1.329184
	x433 = 2.365934
	x434 = 2.182948
	x435 = 1.713654
	x436 = -2.378481
	x437 = 0.206983
	x438 = -0.731450
	x439 = 0.728722
	x440 = 0.148833
	x441 = -0.447498
	x442 = 0.503902
	x443 = -2.005315
	x444 = 0.469029
	x445 = -2.059311
	x446 = 1.794629
	x447 = -0.281058
	x448 = -0.674421
	x449 = 0.623830
	x450 = -2.755790
	x451 = -0.508455
	x452 = 0.835002
	x453 = 1.266969
	x454 = -3.785630
	x455 = -2.300558
	x456 = -0.978173
	x457 = 1.299672
	x458 = 1.700331
	x459 = 1.428774
	x460 = 2.042583
	x461 = -0.981278
	x462 = -1.931668
	x463 = -2.477166
	x464 = 1.706859
	x465 = 0.085517
	x466 = -0.651981
	x467 = -0.042400
	x468 = -2.447896
	x469 = 0.466554
	x470 = 0.710638
	x471 = 0.514183
	x472 = 1.690750
	x473 = 0.278942
	x474 = -3.156605
	x475 = 0.208470
	x476 = -0.118542
	x477 = -1.401532
	x478 = -0.469940
	x479 = 1.427484
	x480 = -2.257815
	x481 = 0.193386
	x482 = -0.695734
	x483 = -0.379178
	x484 = 2.214293
	x485 = 1.644575
	x486 = -0.775661
	x487 = 0.508961
	x488 = 0.805888
	x489 = 0.776374
	x490 = 0.405472
	x491 = -0.629082
	x492 = 0.439595
	x493 = -0.415222
	x494 = -0.696284
	x495 = -1.446833
	x496 = -0.497599
	x497 = 3.568562
	x498 = 0.891697
	x499 = -1.202048
	x500 = -1.877831
	x501 = 0.965894
	x502 = -1.754297
	x503 = 1.058312
	x504 = 0.483961
	x505 = -1.034460
	x506 = 1.510273
	x507 = -0.486912
	x508 = 0.506558
	x509 = 0.579093
	x510 = 1.784637
	x511 = -2.089229

Output:
	y0 = -3.132949
	y1 = 2.440737
	y2 = -3.013018
	y3 = -8.153567
	y4 = 1.474708
	y5 = -5.889914
	y6 = -4.862166
	y7 = 3.905723
	y8 = -3.710103
	y9 = -6.122203
	y10 = 3.192530
	y11 = -6.092862
	y12 = -4.594280
	y13 = 5.181340
	y14 = -5.652238
	y15 = -4.723224
	y16 = 4.684942
	y17 = -5.813679
	y18 = -4.096352
	y19 = 4.202121
	y20 = -4.375852
	y21 = -5.809959
	y22 = 5.987386
	y23 = -7.998868
	y24 = -5.098913
	y25 = 1.375290
	y26 = -7.391649
	y27 = -3.984752
	y28 = 1.414333
	y29 = -6.111775
	y30 = -3.392341
	y31 = 7.059249
	y32 = -5.890792
	y33 = -1.775022
	y34 = 8.742391
	y35 = -5.218113
	y36 = 3.419161
	y37 = -3.664426
	y38 = -2.362457
	y39 = -1.683938
	y40 = 8.411068
	y41 = -3.141517
	y42 = -5.062537
	y43 = 4.880808
	y44 = -7.077463
	y45 = -4.638838
	y46 = 2.514388
	y47 = -5.083812
	y48 = -7.728743
	y49 = 14.218980
	y50 = -6.970103
	y51 = 0.046659
	y52 = -10.654166
	y53 = -3.645218
	y54 = 2.123520
	y55 = -8.291893
	y56 = -0.868384
	y57 = 4.171918
	y58 = -5.086815
	y59 = -1.360877
	y60 = 5.448872
	y61 = -9.644922
	y62 = -0.719522
	y63 = 4.094968
	y64 = -4.625876
	y65 = -2.560960
	y66 = -4.646453
	y67 = 2.433177
	y68 = -3.132077
	y69 = -2.392368
	y70 = -7.768738
	y71 = -1.224783
	y72 = -7.475489
	y73 = 8.351162
	y74 = -4.346224
	y75 = -0.526832
	y76 = -12.473913
	y77 = 2.700070
	y78 = 3.596704
	y79 = -9.442408
	y80 = 1.402001
	y81 = 13.425500
	y82 = -17.005356
	y83 = 11.761576
	y84 = 12.757719
	y85 = -17.750206
	y86 = 8.469209
	y87 = 4.169793
	y88 = -13.879176
	y89 = 0.271690
	y90 = -2.249936
	y91 = -7.222082
	y92 = 2.320466
	y93 = -6.738947
	y94 = 3.560011
	y95 = -3.649277
	y96 = -9.998535
	y97 = 10.994737
	y98 = -7.960989
	y99 = -0.834411
	y100 = -19.271214
	y101 = 3.581852
	y102 = -0.242256
	y103 = -8.882077
	y104 = 3.924871
	y105 = 12.619875
	y106 = -16.423233
	y107 = 8.141498
	y108 = 9.107265
	y109 = -19.251617
	y110 = 12.151485
	y111 = 0.363617
	y112 = -11.861356
	y113 = 4.972246
	y114 = 0.267103
	y115 = -11.826807
	y116 = 3.979197
	y117 = 0.282062
	y118 = -12.691322
	y119 = 2.888597
	y120 = -7.614543
	y121 = 16.134425
	y122 = -8.856934
	y123 = -4.366501
	y124 = 14.587279
	y125 = -3.695692
	y126 = -2.716526
	y127 = -19.676775
	y128 = 3.985721
	y129 = 7.192989
	y130 = -17.190088
	y131 = 2.181837
	y132 = 2.427307
	y133 = -11.123911
	y134 = 7.279959
	y135 = 0.628248
	y136 = -8.729792
	y137 = 4.167385
	y138 = -1.199189
	y139 = -18.405958
	y140 = 2.448409
	y141 = 2.733679
	y142 = -14.196834
	y143 = 1.237797
	y144 = -7.548220
	y145 = 4.334117
	y146 = -8.000713
	y147 = -10.629740
	y148 = 10.349139
	y149 = -9.526381
	y150 = -5.518556
	y151 = 8.462731
	y152 = -2.319791
	y153 = 0.387253
	y154 = -20.814492
	y155 = 4.355534
	y156 = 0.726848
	y157 = -11.083424
	y158 = -3.251413
	y159 = -0.068524
	y160 = -20.181913
	y161 = -0.068534
	y162 = -7.697661
	y163 = 6.195599
	y164 = -5.811297
	y165 = -7.266450
	y166 = 9.434895
	y167 = -7.136746
	y168 = -9.106685
	y169 = 8.911105
	y170 = -7.635621
	y171 = -8.001877
	y172 = 8.811435
	y173 = -7.327813
	y174 = -0.966767
	y175 = -8.467693
	y176 = 4.458284
	y177 = 1.043216
	y178 = -13.252513
	y179 = -1.943159
	y180 = -0.101043
	y181 = -16.521283
	y182 = -3.866954
	y183 = 0.567428
	y184 = -13.276436
	y185 = -2.214991
	y186 = -8.219287
	y187 = 11.047553
	y188 = -9.695582
	y189 = -5.415000
	y190 = 1.067454
	y191 = -5.043732

