InputQuery: /home/levn/Workspace/othello_world/queries/probe_robust/group_1/game_41_target_28_eps_0.1.txt
Engine::processInputQuery: Input query (before preprocessing): 449 equations, 1216 variables
Engine::processInputQuery: Input query (after preprocessing): 705 equations, 1367 variables

Input bounds:
	x0: [  0.3468,   0.5468] 
	x1: [ -0.5522,  -0.3522] 
	x2: [  0.1113,   0.3113] 
	x3: [  2.8728,   3.0728] 
	x4: [  0.5864,   0.7864] 
	x5: [ -1.7959,  -1.5959] 
	x6: [  1.9156,   2.1156] 
	x7: [  0.7121,   0.9121] 
	x8: [ -1.9178,  -1.7178] 
	x9: [ -0.4934,  -0.2934] 
	x10: [  1.2128,   1.4128] 
	x11: [  3.2998,   3.4998] 
	x12: [ -2.2216,  -2.0216] 
	x13: [ -0.0560,   0.1440] 
	x14: [  0.8490,   1.0490] 
	x15: [  0.1474,   0.3474] 
	x16: [  1.4835,   1.6835] 
	x17: [  0.8099,   1.0099] 
	x18: [ -1.3214,  -1.1214] 
	x19: [  1.4818,   1.6818] 
	x20: [  0.7597,   0.9597] 
	x21: [  2.5116,   2.7116] 
	x22: [ -1.9754,  -1.7754] 
	x23: [  2.4037,   2.6037] 
	x24: [  1.6023,   1.8023] 
	x25: [  1.1411,   1.3411] 
	x26: [  1.4139,   1.6139] 
	x27: [ -1.7311,  -1.5311] 
	x28: [  0.3592,   0.5592] 
	x29: [ -0.9122,  -0.7122] 
	x30: [ -2.7975,  -2.5975] 
	x31: [ -2.3786,  -2.1786] 
	x32: [ -2.3382,  -2.1382] 
	x33: [ -0.9288,  -0.7288] 
	x34: [  1.0141,   1.2141] 
	x35: [  1.0393,   1.2393] 
	x36: [  2.1624,   2.3624] 
	x37: [ -4.3782,  -4.1782] 
	x38: [ -0.5378,  -0.3378] 
	x39: [ -1.9259,  -1.7259] 
	x40: [  0.0522,   0.2522] 
	x41: [  0.4121,   0.6121] 
	x42: [  1.7221,   1.9221] 
	x43: [ -0.1448,   0.0552] 
	x44: [ -1.5823,  -1.3823] 
	x45: [ -1.4195,  -1.2195] 
	x46: [ -0.2753,  -0.0753] 
	x47: [ -1.1892,  -0.9892] 
	x48: [  1.9017,   2.1017] 
	x49: [  0.4271,   0.6271] 
	x50: [  0.6307,   0.8307] 
	x51: [  1.0167,   1.2167] 
	x52: [  0.8632,   1.0632] 
	x53: [ -0.6490,  -0.4490] 
	x54: [  1.7454,   1.9454] 
	x55: [  1.3905,   1.5905] 
	x56: [  0.4416,   0.6416] 
	x57: [  0.4202,   0.6202] 
	x58: [  0.3436,   0.5436] 
	x59: [  1.8813,   2.0813] 
	x60: [ -0.8171,  -0.6171] 
	x61: [ -1.1696,  -0.9696] 
	x62: [ -0.6049,  -0.4049] 
	x63: [ -0.0507,   0.1493] 
	x64: [ -0.6450,  -0.4450] 
	x65: [ -0.4059,  -0.2059] 
	x66: [ -1.0147,  -0.8147] 
	x67: [ -0.4835,  -0.2835] 
	x68: [  0.6487,   0.8487] 
	x69: [  0.6045,   0.8045] 
	x70: [ -0.1007,   0.0993] 
	x71: [ -1.5830,  -1.3830] 
	x72: [ -0.5823,  -0.3823] 
	x73: [  0.4938,   0.6938] 
	x74: [  1.8916,   2.0916] 
	x75: [ -2.9819,  -2.7819] 
	x76: [ -0.0483,   0.1517] 
	x77: [  0.7761,   0.9761] 
	x78: [  1.3842,   1.5842] 
	x79: [  0.5108,   0.7108] 
	x80: [ -0.3220,  -0.1220] 
	x81: [ -0.5193,  -0.3193] 
	x82: [ -1.9665,  -1.7665] 
	x83: [  1.1436,   1.3436] 
	x84: [  1.4694,   1.6694] 
	x85: [ -1.1871,  -0.9871] 
	x86: [  1.4623,   1.6623] 
	x87: [ -0.2218,  -0.0218] 
	x88: [ -0.9560,  -0.7560] 
	x89: [  0.9328,   1.1328] 
	x90: [ -0.3617,  -0.1617] 
	x91: [  0.8956,   1.0956] 
	x92: [ -0.1802,   0.0198] 
	x93: [ -0.6112,  -0.4112] 
	x94: [ -1.0903,  -0.8903] 
	x95: [  4.4780,   4.6780] 
	x96: [ -0.1852,   0.0148] 
	x97: [  1.3506,   1.5506] 
	x98: [ -0.1962,   0.0038] 
	x99: [ -2.5913,  -2.3913] 
	x100: [  0.7880,   0.9880] 
	x101: [ -2.7273,  -2.5273] 
	x102: [  1.4275,   1.6275] 
	x103: [ -1.6818,  -1.4818] 
	x104: [ -2.5914,  -2.3914] 
	x105: [ -2.6296,  -2.4296] 
	x106: [ -2.5260,  -2.3260] 
	x107: [ -1.2166,  -1.0166] 
	x108: [  0.4503,   0.6503] 
	x109: [  1.9244,   2.1244] 
	x110: [ -1.9466,  -1.7466] 
	x111: [ -3.4288,  -3.2288] 
	x112: [ -3.7298,  -3.5298] 
	x113: [  1.6067,   1.8067] 
	x114: [ -0.5021,  -0.3021] 
	x115: [ -1.0767,  -0.8767] 
	x116: [  0.0839,   0.2839] 
	x117: [ -1.9225,  -1.7225] 
	x118: [  2.0150,   2.2150] 
	x119: [  0.2685,   0.4685] 
	x120: [  3.9763,   4.1763] 
	x121: [  2.9588,   3.1588] 
	x122: [ -3.0609,  -2.8609] 
	x123: [  2.1794,   2.3794] 
	x124: [ -0.0914,   0.1086] 
	x125: [ -3.2434,  -3.0434] 
	x126: [ -0.3574,  -0.1574] 
	x127: [ -0.3583,  -0.1583] 
	x128: [  0.0131,   0.2131] 
	x129: [  0.0872,   0.2872] 
	x130: [ -1.2066,  -1.0066] 
	x131: [ -0.0550,   0.1450] 
	x132: [ -0.2505,  -0.0505] 
	x133: [  1.1880,   1.3880] 
	x134: [ -0.2617,  -0.0617] 
	x135: [ -0.0564,   0.1436] 
	x136: [  0.3140,   0.5140] 
	x137: [  1.6371,   1.8371] 
	x138: [ -0.2384,  -0.0384] 
	x139: [  1.3408,   1.5408] 
	x140: [  1.3358,   1.5358] 
	x141: [ -0.3974,  -0.1974] 
	x142: [ -0.0779,   0.1221] 
	x143: [  3.1500,   3.3500] 
	x144: [ -1.6953,  -1.4953] 
	x145: [ -1.2234,  -1.0234] 
	x146: [ -0.1240,   0.0760] 
	x147: [ -1.9826,  -1.7826] 
	x148: [  1.0613,   1.2613] 
	x149: [  2.0500,   2.2500] 
	x150: [ -3.5373,  -3.3373] 
	x151: [  1.3561,   1.5561] 
	x152: [ -0.0971,   0.1029] 
	x153: [ -1.5571,  -1.3571] 
	x154: [ -2.4647,  -2.2647] 
	x155: [  3.8847,   4.0847] 
	x156: [ -0.3872,  -0.1872] 
	x157: [ -0.2335,  -0.0335] 
	x158: [ -2.7021,  -2.5021] 
	x159: [  0.0503,   0.2503] 
	x160: [ -0.6293,  -0.4293] 
	x161: [ -0.6694,  -0.4694] 
	x162: [  2.7068,   2.9068] 
	x163: [ -0.1589,   0.0411] 
	x164: [ -1.1744,  -0.9744] 
	x165: [ -0.9274,  -0.7274] 
	x166: [ -0.6664,  -0.4664] 
	x167: [  2.2627,   2.4627] 
	x168: [  1.1221,   1.3221] 
	x169: [ -0.5132,  -0.3132] 
	x170: [ -1.3486,  -1.1486] 
	x171: [  0.9386,   1.1386] 
	x172: [  0.8806,   1.0806] 
	x173: [  1.0062,   1.2062] 
	x174: [  1.0749,   1.2749] 
	x175: [ -0.8862,  -0.6862] 
	x176: [ -3.3752,  -3.1752] 
	x177: [ -1.4311,  -1.2311] 
	x178: [ -0.8831,  -0.6831] 
	x179: [ -1.8266,  -1.6266] 
	x180: [ -0.5244,  -0.3244] 
	x181: [  0.9926,   1.1926] 
	x182: [ -1.2452,  -1.0452] 
	x183: [ -1.4730,  -1.2730] 
	x184: [ -0.8149,  -0.6149] 
	x185: [ -0.8995,  -0.6995] 
	x186: [  2.3384,   2.5384] 
	x187: [  2.1182,   2.3182] 
	x188: [  0.7439,   0.9439] 
	x189: [ -0.1038,   0.0962] 
	x190: [ -0.5744,  -0.3744] 
	x191: [ -0.0116,   0.1884] 
	x192: [  0.2369,   0.4369] 
	x193: [  1.3584,   1.5584] 
	x194: [  0.9214,   1.1214] 
	x195: [ -1.4781,  -1.2781] 
	x196: [  0.0517,   0.2517] 
	x197: [ -1.8195,  -1.6195] 
	x198: [ -1.1338,  -0.9338] 
	x199: [  0.8859,   1.0859] 
	x200: [  0.6386,   0.8386] 
	x201: [  2.6455,   2.8455] 
	x202: [ -0.4708,  -0.2708] 
	x203: [ -1.4101,  -1.2101] 
	x204: [ -2.1114,  -1.9114] 
	x205: [  0.5393,   0.7393] 
	x206: [ -0.5183,  -0.3183] 
	x207: [ -0.8520,  -0.6520] 
	x208: [  0.0830,   0.2830] 
	x209: [  0.1721,   0.3721] 
	x210: [ -1.9365,  -1.7365] 
	x211: [ -1.7888,  -1.5888] 
	x212: [  1.1335,   1.3335] 
	x213: [ -1.1769,  -0.9769] 
	x214: [  0.7242,   0.9242] 
	x215: [  0.2788,   0.4788] 
	x216: [ -0.5178,  -0.3178] 
	x217: [ -0.5454,  -0.3454] 
	x218: [ -1.2784,  -1.0784] 
	x219: [ -1.6274,  -1.4274] 
	x220: [ -1.6620,  -1.4620] 
	x221: [ -2.7764,  -2.5764] 
	x222: [  0.4397,   0.6397] 
	x223: [ -1.3901,  -1.1901] 
	x224: [ -1.0258,  -0.8258] 
	x225: [  0.5297,   0.7297] 
	x226: [ -2.4908,  -2.2908] 
	x227: [ -2.1062,  -1.9062] 
	x228: [ -0.5619,  -0.3619] 
	x229: [ -0.6492,  -0.4492] 
	x230: [  2.7168,   2.9168] 
	x231: [ -2.1619,  -1.9619] 
	x232: [  2.1801,   2.3801] 
	x233: [ -0.4036,  -0.2036] 
	x234: [  0.6429,   0.8429] 
	x235: [ -0.5540,  -0.3540] 
	x236: [  2.1818,   2.3818] 
	x237: [  0.4367,   0.6367] 
	x238: [  0.0541,   0.2541] 
	x239: [  3.3788,   3.5788] 
	x240: [  1.5462,   1.7462] 
	x241: [ -2.3401,  -2.1401] 
	x242: [ -2.0832,  -1.8832] 
	x243: [  0.7855,   0.9855] 
	x244: [  1.1246,   1.3246] 
	x245: [  1.3286,   1.5286] 
	x246: [  0.4185,   0.6185] 
	x247: [ -4.2026,  -4.0026] 
	x248: [ -1.6423,  -1.4423] 
	x249: [  3.1173,   3.3173] 
	x250: [  0.7511,   0.9511] 
	x251: [ -1.0479,  -0.8479] 
	x252: [ -0.0781,   0.1219] 
	x253: [ -2.1461,  -1.9461] 
	x254: [ -1.8747,  -1.6747] 
	x255: [  1.5791,   1.7791] 
	x256: [  0.3945,   0.5945] 
	x257: [ -1.2699,  -1.0699] 
	x258: [  0.1240,   0.3240] 
	x259: [ -0.3225,  -0.1225] 
	x260: [ -2.1782,  -1.9782] 
	x261: [ -0.3577,  -0.1577] 
	x262: [  2.2817,   2.4817] 
	x263: [  1.4423,   1.6423] 
	x264: [  0.3924,   0.5924] 
	x265: [ -0.6436,  -0.4436] 
	x266: [ -2.1135,  -1.9135] 
	x267: [  1.7612,   1.9612] 
	x268: [ -3.7975,  -3.5975] 
	x269: [  1.3787,   1.5787] 
	x270: [  2.7420,   2.9420] 
	x271: [  0.1553,   0.3553] 
	x272: [ -1.5582,  -1.3582] 
	x273: [ -0.0411,   0.1589] 
	x274: [ -1.8888,  -1.6888] 
	x275: [  3.5508,   3.7508] 
	x276: [  0.3631,   0.5631] 
	x277: [ -1.8040,  -1.6040] 
	x278: [ -0.6941,  -0.4941] 
	x279: [  1.5084,   1.7084] 
	x280: [  0.0007,   0.2007] 
	x281: [  0.0271,   0.2271] 
	x282: [ -0.6705,  -0.4705] 
	x283: [  0.8044,   1.0044] 
	x284: [ -2.7298,  -2.5298] 
	x285: [ -0.7490,  -0.5490] 
	x286: [ -1.2587,  -1.0587] 
	x287: [  0.1919,   0.3919] 
	x288: [ -2.5943,  -2.3943] 
	x289: [  2.4739,   2.6739] 
	x290: [ -1.2748,  -1.0748] 
	x291: [  1.7970,   1.9970] 
	x292: [ -0.1728,   0.0272] 
	x293: [ -0.9098,  -0.7098] 
	x294: [  0.5271,   0.7271] 
	x295: [ -1.3693,  -1.1693] 
	x296: [ -1.0901,  -0.8901] 
	x297: [ -0.0443,   0.1557] 
	x298: [ -3.6243,  -3.4243] 
	x299: [ -1.8037,  -1.6037] 
	x300: [ -0.1766,   0.0234] 
	x301: [  0.7689,   0.9689] 
	x302: [  1.7291,   1.9291] 
	x303: [ -0.6717,  -0.4717] 
	x304: [ -2.4985,  -2.2985] 
	x305: [  0.0279,   0.2279] 
	x306: [ -1.0812,  -0.8812] 
	x307: [ -1.4746,  -1.2746] 
	x308: [ -1.4303,  -1.2303] 
	x309: [ -0.8485,  -0.6485] 
	x310: [  0.6475,   0.8475] 
	x311: [ -0.1159,   0.0841] 
	x312: [  0.7612,   0.9612] 
	x313: [ -2.5503,  -2.3503] 
	x314: [ -2.9203,  -2.7203] 
	x315: [  0.7182,   0.9182] 
	x316: [ -0.2984,  -0.0984] 
	x317: [ -1.2449,  -1.0449] 
	x318: [  1.6629,   1.8629] 
	x319: [  0.9347,   1.1347] 
	x320: [ -1.2372,  -1.0372] 
	x321: [  2.9070,   3.1070] 
	x322: [ -1.3896,  -1.1896] 
	x323: [  0.8054,   1.0054] 
	x324: [ -1.1142,  -0.9142] 
	x325: [ -1.1517,  -0.9517] 
	x326: [  0.8502,   1.0502] 
	x327: [  0.2941,   0.4941] 
	x328: [ -1.1364,  -0.9364] 
	x329: [  0.3007,   0.5007] 
	x330: [  0.6911,   0.8911] 
	x331: [  1.5702,   1.7702] 
	x332: [  0.0404,   0.2404] 
	x333: [ -0.4367,  -0.2367] 
	x334: [ -0.7999,  -0.5999] 
	x335: [ -2.3805,  -2.1805] 
	x336: [ -0.7827,  -0.5827] 
	x337: [  0.1253,   0.3253] 
	x338: [ -0.3626,  -0.1626] 
	x339: [  0.2534,   0.4534] 
	x340: [ -1.0542,  -0.8542] 
	x341: [  0.1352,   0.3352] 
	x342: [  0.6515,   0.8515] 
	x343: [  1.0410,   1.2410] 
	x344: [  2.0938,   2.2938] 
	x345: [ -1.2112,  -1.0112] 
	x346: [  1.6316,   1.8316] 
	x347: [ -0.7844,  -0.5844] 
	x348: [ -1.4209,  -1.2209] 
	x349: [  0.5478,   0.7478] 
	x350: [ -0.8075,  -0.6075] 
	x351: [  1.3585,   1.5585] 
	x352: [ -0.5511,  -0.3511] 
	x353: [  0.5928,   0.7928] 
	x354: [  1.5535,   1.7535] 
	x355: [  0.5045,   0.7045] 
	x356: [  0.8800,   1.0800] 
	x357: [ -1.5922,  -1.3922] 
	x358: [ -0.7044,  -0.5044] 
	x359: [ -0.2845,  -0.0845] 
	x360: [ -2.4789,  -2.2789] 
	x361: [  0.5611,   0.7611] 
	x362: [  0.7887,   0.9887] 
	x363: [  0.8125,   1.0125] 
	x364: [ -1.3890,  -1.1890] 
	x365: [  0.4007,   0.6007] 
	x366: [ -1.1753,  -0.9753] 
	x367: [  0.6850,   0.8850] 
	x368: [  1.6595,   1.8595] 
	x369: [ -1.1583,  -0.9583] 
	x370: [ -0.0950,   0.1050] 
	x371: [ -1.5746,  -1.3746] 
	x372: [ -0.5819,  -0.3819] 
	x373: [  0.8314,   1.0314] 
	x374: [ -0.6203,  -0.4203] 
	x375: [ -1.1558,  -0.9558] 
	x376: [  1.0970,   1.2970] 
	x377: [ -0.1562,   0.0438] 
	x378: [  1.2910,   1.4910] 
	x379: [ -1.6986,  -1.4986] 
	x380: [ -0.7609,  -0.5609] 
	x381: [ -0.7997,  -0.5997] 
	x382: [ -1.0868,  -0.8868] 
	x383: [  0.0890,   0.2890] 
	x384: [  0.5870,   0.7870] 
	x385: [  0.2465,   0.4465] 
	x386: [  0.0427,   0.2427] 
	x387: [ -0.9456,  -0.7456] 
	x388: [ -1.6139,  -1.4139] 
	x389: [ -1.7126,  -1.5126] 
	x390: [ -1.7924,  -1.5924] 
	x391: [ -0.7617,  -0.5617] 
	x392: [ -0.7337,  -0.5337] 
	x393: [  1.3246,   1.5246] 
	x394: [ -0.7545,  -0.5545] 
	x395: [  3.6051,   3.8051] 
	x396: [ -2.2873,  -2.0873] 
	x397: [ -2.6651,  -2.4651] 
	x398: [ -4.4672,  -4.2672] 
	x399: [  0.1604,   0.3604] 
	x400: [ -1.1944,  -0.9944] 
	x401: [ -3.8206,  -3.6206] 
	x402: [ -0.8198,  -0.6198] 
	x403: [  0.4252,   0.6252] 
	x404: [  0.7515,   0.9515] 
	x405: [  4.0049,   4.2049] 
	x406: [ -1.3335,  -1.1335] 
	x407: [ -0.0627,   0.1373] 
	x408: [  0.9826,   1.1826] 
	x409: [  0.7585,   0.9585] 
	x410: [ -0.5781,  -0.3781] 
	x411: [ -1.3061,  -1.1061] 
	x412: [  0.1635,   0.3635] 
	x413: [  2.1044,   2.3044] 
	x414: [  0.6235,   0.8235] 
	x415: [  0.7826,   0.9826] 
	x416: [ -3.4415,  -3.2415] 
	x417: [ -1.9911,  -1.7911] 
	x418: [ -0.8309,  -0.6309] 
	x419: [ -1.5469,  -1.3469] 
	x420: [ -1.1780,  -0.9780] 
	x421: [  1.0573,   1.2573] 
	x422: [ -1.6472,  -1.4472] 
	x423: [  1.9786,   2.1786] 
	x424: [ -2.2881,  -2.0881] 
	x425: [  0.3640,   0.5640] 
	x426: [  2.3132,   2.5132] 
	x427: [  0.4436,   0.6436] 
	x428: [  0.8150,   1.0150] 
	x429: [  1.7236,   1.9236] 
	x430: [ -0.6383,  -0.4383] 
	x431: [ -0.1247,   0.0753] 
	x432: [  0.1816,   0.3816] 
	x433: [ -2.0087,  -1.8087] 
	x434: [ -1.3894,  -1.1894] 
	x435: [  0.0209,   0.2209] 
	x436: [ -0.8496,  -0.6496] 
	x437: [  2.7826,   2.9826] 
	x438: [  1.8639,   2.0639] 
	x439: [  0.5042,   0.7042] 
	x440: [ -0.6168,  -0.4168] 
	x441: [ -0.7699,  -0.5699] 
	x442: [ -1.4329,  -1.2329] 
	x443: [ -2.7463,  -2.5463] 
	x444: [  1.1891,   1.3891] 
	x445: [  0.5092,   0.7092] 
	x446: [ -0.4003,  -0.2003] 
	x447: [  0.8522,   1.0522] 
	x448: [ -1.9828,  -1.7828] 
	x449: [  0.9622,   1.1622] 
	x450: [  0.4760,   0.6760] 
	x451: [ -1.3675,  -1.1675] 
	x452: [ -1.9380,  -1.7380] 
	x453: [  1.7197,   1.9197] 
	x454: [  2.0540,   2.2540] 
	x455: [  1.3793,   1.5793] 
	x456: [ -1.3296,  -1.1296] 
	x457: [ -1.4963,  -1.2963] 
	x458: [ -2.0721,  -1.8721] 
	x459: [ -0.0001,   0.1999] 
	x460: [  1.4576,   1.6576] 
	x461: [  0.9808,   1.1808] 
	x462: [  0.1078,   0.3078] 
	x463: [  2.5385,   2.7385] 
	x464: [ -0.2144,  -0.0144] 
	x465: [ -0.8008,  -0.6008] 
	x466: [ -0.5180,  -0.3180] 
	x467: [  0.1317,   0.3317] 
	x468: [ -0.7237,  -0.5237] 
	x469: [  0.7357,   0.9357] 
	x470: [ -1.0007,  -0.8007] 
	x471: [ -0.7339,  -0.5339] 
	x472: [ -0.5611,  -0.3611] 
	x473: [  1.0743,   1.2743] 
	x474: [  1.3914,   1.5914] 
	x475: [  1.9981,   2.1981] 
	x476: [ -1.6305,  -1.4305] 
	x477: [  1.1054,   1.3054] 
	x478: [  0.9590,   1.1590] 
	x479: [  1.1602,   1.3602] 
	x480: [ -1.6962,  -1.4962] 
	x481: [  1.4953,   1.6953] 
	x482: [  1.1784,   1.3784] 
	x483: [ -1.2098,  -1.0098] 
	x484: [  1.8995,   2.0995] 
	x485: [ -0.9985,  -0.7985] 
	x486: [  0.1937,   0.3937] 
	x487: [  0.5460,   0.7460] 
	x488: [ -0.9735,  -0.7735] 
	x489: [ -1.6212,  -1.4212] 
	x490: [ -1.4164,  -1.2164] 
	x491: [  2.1394,   2.3394] 
	x492: [  0.4238,   0.6238] 
	x493: [  0.6423,   0.8423] 
	x494: [  0.1818,   0.3818] 
	x495: [  0.1412,   0.3412] 
	x496: [  1.9297,   2.1297] 
	x497: [ -0.0428,   0.1572] 
	x498: [  3.8485,   4.0485] 
	x499: [  0.2581,   0.4581] 
	x500: [  0.3052,   0.5052] 
	x501: [ -2.1723,  -1.9723] 
	x502: [  0.1178,   0.3178] 
	x503: [ -2.9359,  -2.7359] 
	x504: [ -1.6065,  -1.4065] 
	x505: [  0.7634,   0.9634] 
	x506: [  1.5046,   1.7046] 
	x507: [  0.6001,   0.8001] 
	x508: [  1.2447,   1.4447] 
	x509: [  0.4529,   0.6529] 
	x510: [ -3.1449,  -2.9449] 
	x511: [ -0.1202,   0.0798] 

Branching heuristics set to PseudoImpact
unsat
