InputQuery: /home/levn/Workspace/othello_world/queries/probe_robust/group_1/game_89_target_1_eps_0.1.txt
Engine::processInputQuery: Input query (before preprocessing): 449 equations, 1216 variables
Engine::processInputQuery: Input query (after preprocessing): 705 equations, 1329 variables

Input bounds:
	x0: [  1.7640,   1.9640] 
	x1: [ -1.6933,  -1.4933] 
	x2: [ -0.2903,  -0.0903] 
	x3: [  0.4500,   0.6500] 
	x4: [  1.3452,   1.5452] 
	x5: [  0.3085,   0.5085] 
	x6: [ -0.5464,  -0.3464] 
	x7: [ -1.3201,  -1.1201] 
	x8: [ -0.4281,  -0.2281] 
	x9: [  1.2155,   1.4155] 
	x10: [ -0.8226,  -0.6226] 
	x11: [ -0.1370,   0.0630] 
	x12: [ -2.5340,  -2.3340] 
	x13: [ -0.4208,  -0.2208] 
	x14: [  0.9672,   1.1672] 
	x15: [  0.1403,   0.3403] 
	x16: [  0.8440,   1.0440] 
	x17: [ -0.7535,  -0.5535] 
	x18: [ -2.2169,  -2.0169] 
	x19: [ -4.2428,  -4.0428] 
	x20: [ -1.4244,  -1.2244] 
	x21: [  0.6083,   0.8083] 
	x22: [ -0.0946,   0.1054] 
	x23: [  0.8024,   1.0024] 
	x24: [  0.0941,   0.2941] 
	x25: [  0.9805,   1.1805] 
	x26: [ -0.5264,  -0.3264] 
	x27: [ -3.5696,  -3.3696] 
	x28: [  0.2793,   0.4793] 
	x29: [  1.3130,   1.5130] 
	x30: [  0.2730,   0.4730] 
	x31: [  1.0749,   1.2749] 
	x32: [ -0.2679,  -0.0679] 
	x33: [  1.2604,   1.4604] 
	x34: [  1.5100,   1.7100] 
	x35: [  0.5513,   0.7513] 
	x36: [ -0.2819,  -0.0819] 
	x37: [  2.8228,   3.0228] 
	x38: [  2.1293,   2.3293] 
	x39: [  0.3171,   0.5171] 
	x40: [ -0.1425,   0.0575] 
	x41: [ -1.0460,  -0.8460] 
	x42: [  0.6567,   0.8567] 
	x43: [ -0.4882,  -0.2882] 
	x44: [ -2.0953,  -1.8953] 
	x45: [  1.0481,   1.2481] 
	x46: [  1.5340,   1.7340] 
	x47: [ -1.3855,  -1.1855] 
	x48: [ -0.2292,  -0.0292] 
	x49: [ -1.0434,  -0.8434] 
	x50: [ -0.2814,  -0.0814] 
	x51: [  0.6940,   0.8940] 
	x52: [  1.5346,   1.7346] 
	x53: [ -0.5353,  -0.3353] 
	x54: [  0.3153,   0.5153] 
	x55: [ -0.5702,  -0.3702] 
	x56: [ -0.5682,  -0.3682] 
	x57: [  1.5309,   1.7309] 
	x58: [ -2.0462,  -1.8462] 
	x59: [ -2.8022,  -2.6022] 
	x60: [  1.4641,   1.6641] 
	x61: [  0.7336,   0.9336] 
	x62: [  2.0878,   2.2878] 
	x63: [ -2.3012,  -2.1012] 
	x64: [  1.1820,   1.3820] 
	x65: [ -0.9684,  -0.7684] 
	x66: [ -1.1534,  -0.9534] 
	x67: [ -2.8234,  -2.6234] 
	x68: [ -1.3603,  -1.1603] 
	x69: [ -0.4076,  -0.2076] 
	x70: [  0.4700,   0.6700] 
	x71: [ -0.0617,   0.1383] 
	x72: [ -1.3026,  -1.1026] 
	x73: [  1.7456,   1.9456] 
	x74: [ -2.7200,  -2.5200] 
	x75: [ -3.1384,  -2.9384] 
	x76: [ -1.6167,  -1.4167] 
	x77: [ -0.8539,  -0.6539] 
	x78: [  1.5373,   1.7373] 
	x79: [ -1.5474,  -1.3474] 
	x80: [ -1.2935,  -1.0935] 
	x81: [ -0.8267,  -0.6267] 
	x82: [ -2.8359,  -2.6359] 
	x83: [  1.4851,   1.6851] 
	x84: [  0.6287,   0.8287] 
	x85: [ -1.2889,  -1.0889] 
	x86: [  0.0874,   0.2874] 
	x87: [ -1.9551,  -1.7551] 
	x88: [ -0.3271,  -0.1271] 
	x89: [  0.4049,   0.6049] 
	x90: [ -1.3040,  -1.1040] 
	x91: [ -0.7719,  -0.5719] 
	x92: [ -3.1830,  -2.9830] 
	x93: [  1.2913,   1.4913] 
	x94: [ -2.8216,  -2.6216] 
	x95: [  0.3171,   0.5171] 
	x96: [  0.5020,   0.7020] 
	x97: [  1.4863,   1.6863] 
	x98: [  0.2872,   0.4872] 
	x99: [  0.2567,   0.4567] 
	x100: [  0.4062,   0.6062] 
	x101: [  1.2725,   1.4725] 
	x102: [ -0.2009,  -0.0009] 
	x103: [  0.8107,   1.0107] 
	x104: [  0.1613,   0.3613] 
	x105: [ -1.1815,  -0.9815] 
	x106: [  1.7263,   1.9263] 
	x107: [  0.9566,   1.1566] 
	x108: [  1.8212,   2.0212] 
	x109: [ -0.2908,  -0.0908] 
	x110: [ -0.1880,   0.0120] 
	x111: [ -1.4769,  -1.2769] 
	x112: [  0.9466,   1.1466] 
	x113: [ -0.7493,  -0.5493] 
	x114: [  1.2165,   1.4165] 
	x115: [  0.7915,   0.9915] 
	x116: [  0.4232,   0.6232] 
	x117: [ -1.5395,  -1.3395] 
	x118: [ -0.1875,   0.0125] 
	x119: [ -1.8025,  -1.6025] 
	x120: [  0.8396,   1.0396] 
	x121: [ -2.8504,  -2.6504] 
	x122: [  1.9006,   2.1006] 
	x123: [ -1.6301,  -1.4301] 
	x124: [  1.2006,   1.4006] 
	x125: [ -2.5080,  -2.3080] 
	x126: [ -1.6959,  -1.4959] 
	x127: [  0.5324,   0.7324] 
	x128: [ -0.6777,  -0.4777] 
	x129: [ -0.1292,   0.0708] 
	x130: [  0.2013,   0.4013] 
	x131: [ -0.0628,   0.1372] 
	x132: [  1.5669,   1.7669] 
	x133: [  1.8426,   2.0426] 
	x134: [  1.3968,   1.5968] 
	x135: [ -1.4162,  -1.2162] 
	x136: [ -0.5961,  -0.3961] 
	x137: [  0.8160,   1.0160] 
	x138: [ -0.7191,  -0.5191] 
	x139: [ -0.8276,  -0.6276] 
	x140: [  1.2271,   1.4271] 
	x141: [ -3.8380,  -3.6380] 
	x142: [  0.5077,   0.7077] 
	x143: [ -1.0294,  -0.8294] 
	x144: [ -0.4288,  -0.2288] 
	x145: [  2.2740,   2.4740] 
	x146: [ -2.3597,  -2.1597] 
	x147: [ -0.2766,  -0.0766] 
	x148: [ -0.2579,  -0.0579] 
	x149: [ -1.1528,  -0.9528] 
	x150: [  0.4607,   0.6607] 
	x151: [  1.2553,   1.4553] 
	x152: [ -0.9093,  -0.7093] 
	x153: [ -2.5317,  -2.3317] 
	x154: [ -0.1951,   0.0049] 
	x155: [ -0.9950,  -0.7950] 
	x156: [  0.6561,   0.8561] 
	x157: [  2.8882,   3.0882] 
	x158: [  4.0934,   4.2934] 
	x159: [ -3.0198,  -2.8198] 
	x160: [  0.0496,   0.2496] 
	x161: [ -0.4610,  -0.2610] 
	x162: [ -1.6693,  -1.4693] 
	x163: [ -2.3495,  -2.1495] 
	x164: [ -2.0229,  -1.8229] 
	x165: [ -1.7421,  -1.5421] 
	x166: [ -0.6912,  -0.4912] 
	x167: [  2.9651,   3.1651] 
	x168: [ -4.1940,  -3.9940] 
	x169: [ -1.3784,  -1.1784] 
	x170: [ -0.5556,  -0.3556] 
	x171: [  0.4111,   0.6111] 
	x172: [ -0.9661,  -0.7661] 
	x173: [  2.0261,   2.2261] 
	x174: [ -3.3028,  -3.1028] 
	x175: [  1.7336,   1.9336] 
	x176: [  1.0261,   1.2261] 
	x177: [ -1.6888,  -1.4888] 
	x178: [  1.0137,   1.2137] 
	x179: [ -1.3559,  -1.1559] 
	x180: [ -1.7809,  -1.5809] 
	x181: [  0.3642,   0.5642] 
	x182: [  1.7839,   1.9839] 
	x183: [ -0.4151,  -0.2151] 
	x184: [ -0.1703,   0.0297] 
	x185: [ -4.3911,  -4.1911] 
	x186: [  0.4623,   0.6623] 
	x187: [ -2.0203,  -1.8203] 
	x188: [  1.9597,   2.1597] 
	x189: [ -1.8257,  -1.6257] 
	x190: [ -0.8102,  -0.6102] 
	x191: [ -1.6626,  -1.4626] 
	x192: [  1.0654,   1.2654] 
	x193: [ -0.3854,  -0.1854] 
	x194: [ -2.1642,  -1.9642] 
	x195: [ -1.7957,  -1.5957] 
	x196: [ -0.4923,  -0.2923] 
	x197: [ -1.3236,  -1.1236] 
	x198: [ -0.5407,  -0.3407] 
	x199: [  0.4200,   0.6200] 
	x200: [  3.1686,   3.3686] 
	x201: [  1.1902,   1.3902] 
	x202: [ -1.7129,  -1.5129] 
	x203: [ -0.3644,  -0.1644] 
	x204: [  1.3378,   1.5378] 
	x205: [ -0.7180,  -0.5180] 
	x206: [  0.5950,   0.7950] 
	x207: [ -1.1931,  -0.9931] 
	x208: [ -1.9438,  -1.7438] 
	x209: [  0.0408,   0.2408] 
	x210: [  1.6702,   1.8702] 
	x211: [  0.4523,   0.6523] 
	x212: [ -0.8906,  -0.6906] 
	x213: [ -0.3075,  -0.1075] 
	x214: [ -1.3833,  -1.1833] 
	x215: [  1.1250,   1.3250] 
	x216: [  0.2307,   0.4307] 
	x217: [ -0.3474,  -0.1474] 
	x218: [ -1.2411,  -1.0411] 
	x219: [  1.7521,   1.9521] 
	x220: [ -1.3741,  -1.1741] 
	x221: [  0.1401,   0.3401] 
	x222: [ -2.2860,  -2.0860] 
	x223: [ -1.5366,  -1.3366] 
	x224: [  0.4062,   0.6062] 
	x225: [  1.0191,   1.2191] 
	x226: [  2.6487,   2.8487] 
	x227: [  0.8640,   1.0640] 
	x228: [ -3.9217,  -3.7217] 
	x229: [  0.3417,   0.5417] 
	x230: [  0.3278,   0.5278] 
	x231: [  1.0180,   1.2180] 
	x232: [ -1.4106,  -1.2106] 
	x233: [ -2.6634,  -2.4634] 
	x234: [ -1.4054,  -1.2054] 
	x235: [ -0.2452,  -0.0452] 
	x236: [  0.3017,   0.5017] 
	x237: [ -2.1898,  -1.9898] 
	x238: [ -0.1234,   0.0766] 
	x239: [ -1.0345,  -0.8345] 
	x240: [  0.7715,   0.9715] 
	x241: [  3.7766,   3.9766] 
	x242: [  0.2114,   0.4114] 
	x243: [  2.1444,   2.3444] 
	x244: [ -1.3629,  -1.1629] 
	x245: [ -0.4217,  -0.2217] 
	x246: [ -2.0172,  -1.8172] 
	x247: [ -2.7300,  -2.5300] 
	x248: [  0.0301,   0.2301] 
	x249: [  0.9889,   1.1889] 
	x250: [  1.3932,   1.5932] 
	x251: [  2.4160,   2.6160] 
	x252: [ -0.8652,  -0.6652] 
	x253: [ -0.0775,   0.1225] 
	x254: [ -0.8269,  -0.6269] 
	x255: [ -1.3567,  -1.1567] 
	x256: [  0.1773,   0.3773] 
	x257: [  2.3504,   2.5504] 
	x258: [ -1.5002,  -1.3002] 
	x259: [  1.5038,   1.7038] 
	x260: [  3.2189,   3.4189] 
	x261: [  0.5648,   0.7648] 
	x262: [ -1.4765,  -1.2765] 
	x263: [  0.6276,   0.8276] 
	x264: [  0.5333,   0.7333] 
	x265: [  0.7806,   0.9806] 
	x266: [ -3.8872,  -3.6872] 
	x267: [  2.4005,   2.6005] 
	x268: [ -0.5978,  -0.3978] 
	x269: [ -2.8824,  -2.6824] 
	x270: [ -2.2060,  -2.0060] 
	x271: [ -1.3390,  -1.1390] 
	x272: [ -1.0583,  -0.8583] 
	x273: [  0.6767,   0.8767] 
	x274: [  1.2232,   1.4232] 
	x275: [  0.4425,   0.6425] 
	x276: [ -2.2688,  -2.0688] 
	x277: [ -2.1168,  -1.9168] 
	x278: [ -3.3066,  -3.1066] 
	x279: [  0.4684,   0.6684] 
	x280: [  2.6752,   2.8752] 
	x281: [ -1.9081,  -1.7081] 
	x282: [  1.1207,   1.3207] 
	x283: [  0.0458,   0.2458] 
	x284: [ -0.4203,  -0.2203] 
	x285: [  1.1119,   1.3119] 
	x286: [ -0.7980,  -0.5980] 
	x287: [ -0.7364,  -0.5364] 
	x288: [ -0.0923,   0.1077] 
	x289: [  0.6672,   0.8672] 
	x290: [ -0.8543,  -0.6543] 
	x291: [  1.3923,   1.5923] 
	x292: [ -0.0333,   0.1667] 
	x293: [ -1.5233,  -1.3233] 
	x294: [  1.1991,   1.3991] 
	x295: [  1.4884,   1.6884] 
	x296: [ -0.5371,  -0.3371] 
	x297: [  1.0703,   1.2703] 
	x298: [ -2.6315,  -2.4315] 
	x299: [  1.2398,   1.4398] 
	x300: [  1.2720,   1.4720] 
	x301: [ -2.3655,  -2.1655] 
	x302: [ -0.4963,  -0.2963] 
	x303: [ -0.6642,  -0.4642] 
	x304: [ -0.1525,   0.0475] 
	x305: [  1.3473,   1.5473] 
	x306: [ -1.9519,  -1.7519] 
	x307: [  0.4238,   0.6238] 
	x308: [ -2.3245,  -2.1245] 
	x309: [  0.0486,   0.2486] 
	x310: [ -0.6798,  -0.4798] 
	x311: [  2.8958,   3.0958] 
	x312: [  1.7947,   1.9947] 
	x313: [  0.2305,   0.4305] 
	x314: [  1.4881,   1.6881] 
	x315: [  0.9669,   1.1669] 
	x316: [ -1.4364,  -1.2364] 
	x317: [ -0.2664,  -0.0664] 
	x318: [  1.7013,   1.9013] 
	x319: [  2.4324,   2.6324] 
	x320: [  2.6382,   2.8382] 
	x321: [ -1.8536,  -1.6536] 
	x322: [ -3.4944,  -3.2944] 
	x323: [  2.0634,   2.2634] 
	x324: [  2.1632,   2.3632] 
	x325: [ -0.8802,  -0.6802] 
	x326: [ -0.4671,  -0.2671] 
	x327: [ -2.1388,  -1.9388] 
	x328: [ -1.4601,  -1.2601] 
	x329: [ -1.2788,  -1.0788] 
	x330: [ -3.8966,  -3.6966] 
	x331: [ -5.5257,  -5.3257] 
	x332: [  0.1245,   0.3245] 
	x333: [ -0.1633,   0.0367] 
	x334: [  0.5422,   0.7422] 
	x335: [ -0.1364,   0.0636] 
	x336: [  0.7706,   0.9706] 
	x337: [ -0.6564,  -0.4564] 
	x338: [  0.8003,   1.0003] 
	x339: [  0.5668,   0.7668] 
	x340: [  2.3978,   2.5978] 
	x341: [  1.3863,   1.5863] 
	x342: [  1.1222,   1.3222] 
	x343: [  1.3814,   1.5814] 
	x344: [  1.1388,   1.3388] 
	x345: [  1.2086,   1.4086] 
	x346: [ -1.0577,  -0.8577] 
	x347: [  0.4159,   0.6159] 
	x348: [ -0.4872,  -0.2872] 
	x349: [  1.2957,   1.4957] 
	x350: [ -0.6644,  -0.4644] 
	x351: [  0.2412,   0.4412] 
	x352: [ -0.5754,  -0.3754] 
	x353: [ -1.1952,  -0.9952] 
	x354: [  0.6564,   0.8564] 
	x355: [  1.4761,   1.6761] 
	x356: [ -1.2226,  -1.0226] 
	x357: [  1.4601,   1.6601] 
	x358: [  1.1798,   1.3798] 
	x359: [  0.0200,   0.2200] 
	x360: [ -4.1929,  -3.9929] 
	x361: [  0.7470,   0.9470] 
	x362: [ -1.9253,  -1.7253] 
	x363: [ -0.0415,   0.1585] 
	x364: [  1.5831,   1.7831] 
	x365: [  2.1060,   2.3060] 
	x366: [ -0.5737,  -0.3737] 
	x367: [  0.6178,   0.8178] 
	x368: [  0.6596,   0.8596] 
	x369: [ -2.5301,  -2.3301] 
	x370: [  0.8389,   1.0389] 
	x371: [ -1.5826,  -1.3826] 
	x372: [ -0.2543,  -0.0543] 
	x373: [ -0.5260,  -0.3260] 
	x374: [ -0.9206,  -0.7206] 
	x375: [ -1.3445,  -1.1445] 
	x376: [ -1.5331,  -1.3331] 
	x377: [  0.7835,   0.9835] 
	x378: [ -1.3837,  -1.1837] 
	x379: [  1.9185,   2.1185] 
	x380: [  1.4371,   1.6371] 
	x381: [  0.9045,   1.1045] 
	x382: [  1.1293,   1.3293] 
	x383: [  1.0419,   1.2419] 
	x384: [ -0.6610,  -0.4610] 
	x385: [  1.9409,   2.1409] 
	x386: [  3.1128,   3.3128] 
	x387: [ -1.4799,  -1.2799] 
	x388: [  1.8754,   2.0754] 
	x389: [ -0.3836,  -0.1836] 
	x390: [ -0.9141,  -0.7141] 
	x391: [ -2.9773,  -2.7773] 
	x392: [  2.3914,   2.5914] 
	x393: [ -1.8352,  -1.6352] 
	x394: [ -0.6371,  -0.4371] 
	x395: [ -0.5569,  -0.3569] 
	x396: [  2.8799,   3.0799] 
	x397: [  1.1461,   1.3461] 
	x398: [  0.0110,   0.2110] 
	x399: [ -0.9319,  -0.7319] 
	x400: [  2.4574,   2.6574] 
	x401: [ -1.2817,  -1.0817] 
	x402: [ -0.9866,  -0.7866] 
	x403: [  1.5200,   1.7200] 
	x404: [  0.4940,   0.6940] 
	x405: [ -0.6323,  -0.4323] 
	x406: [ -1.6206,  -1.4206] 
	x407: [  2.1645,   2.3645] 
	x408: [ -0.2708,  -0.0708] 
	x409: [ -2.1007,  -1.9007] 
	x410: [  0.5339,   0.7339] 
	x411: [  0.2367,   0.4367] 
	x412: [ -1.6910,  -1.4910] 
	x413: [  0.7254,   0.9254] 
	x414: [ -1.6371,  -1.4371] 
	x415: [  1.6532,   1.8532] 
	x416: [  0.9239,   1.1239] 
	x417: [  1.4561,   1.6561] 
	x418: [ -1.6617,  -1.4617] 
	x419: [ -0.2511,  -0.0511] 
	x420: [ -1.0395,  -0.8395] 
	x421: [ -0.4653,  -0.2653] 
	x422: [  1.9251,   2.1251] 
	x423: [  0.4832,   0.6832] 
	x424: [ -2.2870,  -2.0870] 
	x425: [  1.2952,   1.4952] 
	x426: [  0.1959,   0.3959] 
	x427: [ -1.4090,  -1.2090] 
	x428: [ -1.9699,  -1.7699] 
	x429: [ -0.4158,  -0.2158] 
	x430: [  0.8056,   1.0056] 
	x431: [  1.2189,   1.4189] 
	x432: [  2.5561,   2.7561] 
	x433: [  0.5532,   0.7532] 
	x434: [  1.1411,   1.3411] 
	x435: [  0.5351,   0.7351] 
	x436: [  0.0104,   0.2104] 
	x437: [ -0.4054,  -0.2054] 
	x438: [  0.5795,   0.7795] 
	x439: [  1.2382,   1.4382] 
	x440: [  2.4206,   2.6206] 
	x441: [ -0.6522,  -0.4522] 
	x442: [ -0.1879,   0.0121] 
	x443: [ -3.0029,  -2.8029] 
	x444: [  1.9326,   2.1326] 
	x445: [ -0.3843,  -0.1843] 
	x446: [ -1.6852,  -1.4852] 
	x447: [ -0.1705,   0.0295] 
	x448: [  0.4483,   0.6483] 
	x449: [  0.9180,   1.1180] 
	x450: [ -2.1957,  -1.9957] 
	x451: [ -0.5129,  -0.3129] 
	x452: [  1.3868,   1.5868] 
	x453: [ -2.7491,  -2.5491] 
	x454: [ -1.2149,  -1.0149] 
	x455: [ -0.3914,  -0.1914] 
	x456: [ -1.2612,  -1.0612] 
	x457: [  1.0818,   1.2818] 
	x458: [  0.0773,   0.2773] 
	x459: [  1.8461,   2.0461] 
	x460: [  1.5780,   1.7780] 
	x461: [ -0.8519,  -0.6519] 
	x462: [ -0.4914,  -0.2914] 
	x463: [ -2.5582,  -2.3582] 
	x464: [  0.5981,   0.7981] 
	x465: [  1.8977,   2.0977] 
	x466: [ -0.4484,  -0.2484] 
	x467: [  1.5978,   1.7978] 
	x468: [ -0.8496,  -0.6496] 
	x469: [  0.4065,   0.6065] 
	x470: [ -0.4091,  -0.2091] 
	x471: [  2.4827,   2.6827] 
	x472: [  0.4662,   0.6662] 
	x473: [  1.5278,   1.7278] 
	x474: [ -2.1585,  -1.9585] 
	x475: [  1.3842,   1.5842] 
	x476: [ -1.9666,  -1.7666] 
	x477: [  0.1336,   0.3336] 
	x478: [ -1.3255,  -1.1255] 
	x479: [  1.6830,   1.8830] 
	x480: [  0.3423,   0.5423] 
	x481: [ -2.7581,  -2.5581] 
	x482: [ -1.2773,  -1.0773] 
	x483: [ -1.6212,  -1.4212] 
	x484: [  2.5701,   2.7701] 
	x485: [  0.2024,   0.4024] 
	x486: [ -0.9761,  -0.7761] 
	x487: [  1.1153,   1.3153] 
	x488: [ -0.0889,   0.1111] 
	x489: [  1.7007,   1.9007] 
	x490: [ -0.4624,  -0.2624] 
	x491: [  1.0791,   1.2791] 
	x492: [ -1.0851,  -0.8851] 
	x493: [  0.9972,   1.1972] 
	x494: [  1.4727,   1.6727] 
	x495: [ -0.6607,  -0.4607] 
	x496: [ -1.5328,  -1.3328] 
	x497: [ -1.5107,  -1.3107] 
	x498: [  0.2416,   0.4416] 
	x499: [  1.6019,   1.8019] 
	x500: [  1.1947,   1.3947] 
	x501: [  0.7903,   0.9903] 
	x502: [  2.0512,   2.2512] 
	x503: [  1.2159,   1.4159] 
	x504: [  1.0171,   1.2171] 
	x505: [ -3.1862,  -2.9862] 
	x506: [ -1.3152,  -1.1152] 
	x507: [ -0.9227,  -0.7227] 
	x508: [  1.8512,   2.0512] 
	x509: [ -1.9946,  -1.7946] 
	x510: [ -1.3277,  -1.1277] 
	x511: [ -1.0025,  -0.8025] 

Branching heuristics set to PseudoImpact

Engine::solve: Initial statistics

00:43:55 Statistics update:
	--- Time Statistics ---
	Total time elapsed: 513 milli (00:00:00)
		Main loop: 0 milli (00:00:00)
		Preprocessing time: 202 milli (00:00:00)
		Unknown: 310 milli (00:00:00)
	Breakdown for main loop:
		[0.00%] Simplex steps: 0 milli
		[0.00%] Explicit-basis bound tightening: 0 milli
		[0.00%] Constraint-matrix bound tightening: 0 milli
		[0.00%] Degradation checking: 0 milli
		[0.00%] Precision restoration: 0 milli
		[0.00%] Statistics handling: 0 milli
		[0.00%] Constraint-fixing steps: 0 milli
		[0.00%] Valid case splits: 0 milli. Average per split: 0.00 milli
		[0.00%] Applying stored bound-tightening: 0 milli
		[0.00%] SMT core: 0 milli
		[0.00%] Symbolic Bound Tightening: 13 milli
		[0.00%] SoI-based local search: 0 milli
		[0.00%] SoI-based local search: 0 milli
		[0.00%] Unaccounted for: 0 milli
	--- Preprocessor Statistics ---
	Number of preprocessor bound-tightening loop iterations: 3
	Number of eliminated variables: 144
	Number of constraints removed due to variable elimination: 144
	Number of equations removed due to variable elimination: 0
	--- Engine Statistics ---
	Number of main loop iterations: 1
		0 iterations were simplex steps. Total time: 0 milli. Average: 0.00 milli.
		0 iterations were constraint-fixing steps. Total time: 0 milli. Average: 0.00 milli
	Number of active piecewise-linear constraints: 112 / 112
		Constraints disabled by valid splits: 0. By SMT-originated splits: 0
	Last reported degradation: 0.0000000000. Max degradation so far: 0.0000000000. Restorations so far: 0
	Number of simplex pivots we attempted to skip because of instability: 0.
	Unstable pivots performed anyway: 0
	--- Tableau Statistics ---
	Total number of pivots performed: 0
		Real pivots: 0. Degenerate: 0 (0.00%)
		Degenerate pivots by request (e.g., to fix a PL constraint): 0 (0.00%)
		Average time per pivot: 0.00 milli
	Total number of fake pivots performed: 0
	Total number of rows added: 0. Number of merged columns: 0
	Current tableau dimensions: M = 705, N = 2034
	--- SMT Core Statistics ---
	Total depth is 0. Total visited states: 1. Number of splits: 0. Number of pops: 0
	Max stack depth: 0
	--- Bound Tightening Statistics ---
	Number of tightened bounds: 0.
		Number of rows examined by row tightener: 0. Consequent tightenings: 0
		Number of explicit basis matrices examined by row tightener: 0. Consequent tightenings: 0
		Number of bound tightening rounds on the entire constraint matrix: 0. Consequent tightenings: 0
		Number of bound notifications sent to PL constraints: 672. Tightenings proposed: 0
	--- Basis Factorization statistics ---
	Number of basis refactorizations: 2
	--- Projected Steepest Edge Statistics ---
	Number of iterations: 0.
	Number of resets to reference space: 1. Avg. iterations per reset: 0
	--- SBT ---
	Number of tightened bounds: 385
	--- SoI-based local search ---
	Number of proposed phase pattern update: 0. Number of accepted update: 0 [0.00%]
	Total time (% of local search time) updating SoI phase pattern : 0 milli [0.00%]
	Total time obtaining current assignment: 0 milli [0.00%]
	Total time getting SoI phase pattern : 0 milli [0.00%]
	--- Context dependent statistics ---
	Number of pushes / pops: 0 / 0
		[0.00%] Pre-Push hook: 0 milli
		[0.00%] Push : 0 milli
		[0.00%] Post-Pop hook: 0 milli
		[0.00%] Pop : 0 milli
		[0.00%] Total context-switching time: 0 milli
	--- Proof Certificate ---
	Number of certified leaves: 0
	Number of leaves to delegate: 0

---

Engine::solve: sat assignment found

00:43:58 Statistics update:
	--- Time Statistics ---
	Total time elapsed: 3391 milli (00:00:03)
		Main loop: 2877 milli (00:00:02)
		Preprocessing time: 202 milli (00:00:00)
		Unknown: 311 milli (00:00:00)
	Breakdown for main loop:
		[22.42%] Simplex steps: 645 milli
		[76.73%] Explicit-basis bound tightening: 2208 milli
		[0.00%] Constraint-matrix bound tightening: 0 milli
		[0.41%] Degradation checking: 11 milli
		[0.00%] Precision restoration: 0 milli
		[0.04%] Statistics handling: 1 milli
		[0.00%] Constraint-fixing steps: 0 milli
		[0.00%] Valid case splits: 0 milli. Average per split: 0.00 milli
		[0.00%] Applying stored bound-tightening: 0 milli
		[0.00%] SMT core: 0 milli
		[0.73%] Symbolic Bound Tightening: 21 milli
		[1.36%] SoI-based local search: 39 milli
		[0.00%] SoI-based local search: 0 milli
		[641008506023573.88%] Unaccounted for: 0 milli
	--- Preprocessor Statistics ---
	Number of preprocessor bound-tightening loop iterations: 3
	Number of eliminated variables: 144
	Number of constraints removed due to variable elimination: 144
	Number of equations removed due to variable elimination: 0
	--- Engine Statistics ---
	Number of main loop iterations: 524
		522 iterations were simplex steps. Total time: 645 milli. Average: 1.24 milli.
		0 iterations were constraint-fixing steps. Total time: 0 milli. Average: 0.00 milli
	Number of active piecewise-linear constraints: 112 / 112
		Constraints disabled by valid splits: 0. By SMT-originated splits: 0
	Last reported degradation: 0.0000000197. Max degradation so far: 0.0000000000. Restorations so far: 0
	Number of simplex pivots we attempted to skip because of instability: 0.
	Unstable pivots performed anyway: 0
	--- Tableau Statistics ---
	Total number of pivots performed: 498
		Real pivots: 498. Degenerate: 0 (0.00%)
		Degenerate pivots by request (e.g., to fix a PL constraint): 0 (0.00%)
		Average time per pivot: 0.35 milli
	Total number of fake pivots performed: 22
	Total number of rows added: 0. Number of merged columns: 0
	Current tableau dimensions: M = 705, N = 2034
	--- SMT Core Statistics ---
	Total depth is 0. Total visited states: 1. Number of splits: 0. Number of pops: 0
	Max stack depth: 0
	--- Bound Tightening Statistics ---
	Number of tightened bounds: 0.
		Number of rows examined by row tightener: 498. Consequent tightenings: 0
		Number of explicit basis matrices examined by row tightener: 10. Consequent tightenings: 325
		Number of bound tightening rounds on the entire constraint matrix: 0. Consequent tightenings: 0
		Number of bound notifications sent to PL constraints: 1344. Tightenings proposed: 0
	--- Basis Factorization statistics ---
	Number of basis refactorizations: 6
	--- Projected Steepest Edge Statistics ---
	Number of iterations: 520.
	Number of resets to reference space: 1. Avg. iterations per reset: 520
	--- SBT ---
	Number of tightened bounds: 385
	--- SoI-based local search ---
	Number of proposed phase pattern update: 0. Number of accepted update: 1 [0.00%]
	Total time (% of local search time) updating SoI phase pattern : 353 milli [0.90%]
	Total time obtaining current assignment: 155 milli [0.40%]
	Total time getting SoI phase pattern : 39 milli [0.00%]
	--- Context dependent statistics ---
	Number of pushes / pops: 0 / 0
		[0.00%] Pre-Push hook: 0 milli
		[0.00%] Push : 0 milli
		[0.00%] Post-Pop hook: 0 milli
		[0.00%] Pop : 0 milli
		[0.00%] Total context-switching time: 0 milli
	--- Proof Certificate ---
	Number of certified leaves: 0
	Number of leaves to delegate: 0
sat
Input assignment:
	x0 = 1.964039
	x1 = -1.493267
	x2 = -0.290258
	x3 = 0.449975
	x4 = 1.345215
	x5 = 0.508548
	x6 = -0.546447
	x7 = -1.120140
	x8 = -0.428074
	x9 = 1.215521
	x10 = -0.822577
	x11 = 0.063027
	x12 = -2.534025
	x13 = -0.420754
	x14 = 1.167191
	x15 = 0.140254
	x16 = 1.044041
	x17 = -0.753455
	x18 = -2.016869
	x19 = -4.242815
	x20 = -1.224438
	x21 = 0.608266
	x22 = -0.094645
	x23 = 0.802431
	x24 = 0.294096
	x25 = 1.180515
	x26 = -0.526430
	x27 = -3.569626
	x28 = 0.279312
	x29 = 1.512995
	x30 = 0.273008
	x31 = 1.274886
	x32 = -0.267865
	x33 = 1.260355
	x34 = 1.509990
	x35 = 0.751259
	x36 = -0.081860
	x37 = 3.022810
	x38 = 2.129272
	x39 = 0.317093
	x40 = 0.057528
	x41 = -0.846050
	x42 = 0.856731
	x43 = -0.288245
	x44 = -2.095262
	x45 = 1.248112
	x46 = 1.734037
	x47 = -1.185491
	x48 = -0.029247
	x49 = -0.843423
	x50 = -0.281420
	x51 = 0.894004
	x52 = 1.644081
	x53 = -0.335291
	x54 = 0.315313
	x55 = -0.370158
	x56 = -0.568227
	x57 = 1.730906
	x58 = -1.846194
	x59 = -2.802245
	x60 = 1.464098
	x61 = 0.933638
	x62 = 2.287773
	x63 = -2.301224
	x64 = 1.381951
	x65 = -0.968414
	x66 = -0.953412
	x67 = -2.623435
	x68 = -1.160284
	x69 = -0.407618
	x70 = 0.670015
	x71 = 0.138269
	x72 = -1.102587
	x73 = 1.745626
	x74 = -2.519951
	x75 = -3.138431
	x76 = -1.416713
	x77 = -0.853944
	x78 = 1.537264
	x79 = -1.547357
	x80 = -1.293484
	x81 = -0.826668
	x82 = -2.635931
	x83 = 1.685053
	x84 = 0.828691
	x85 = -1.288870
	x86 = 0.287417
	x87 = -1.755072
	x88 = -0.327127
	x89 = 0.404945
	x90 = -1.303979
	x91 = -0.771945
	x92 = -3.183008
	x93 = 1.291325
	x94 = -2.621577
	x95 = 0.317114
	x96 = 0.501993
	x97 = 1.686255
	x98 = 0.287226
	x99 = 0.456741
	x100 = 0.606190
	x101 = 1.472461
	x102 = -0.200932
	x103 = 1.010703
	x104 = 0.161322
	x105 = -1.181500
	x106 = 1.926270
	x107 = 0.956598
	x108 = 1.821193
	x109 = -0.090832
	x110 = -0.187968
	x111 = -1.276920
	x112 = 0.946619
	x113 = -0.549270
	x114 = 1.416503
	x115 = 0.791518
	x116 = 0.423180
	x117 = -1.339517
	x118 = 0.012488
	x119 = -1.602481
	x120 = 1.039551
	x121 = -2.850351
	x122 = 1.900608
	x123 = -1.630120
	x124 = 1.400567
	x125 = -2.308016
	x126 = -1.495853
	x127 = 0.532416
	x128 = -0.477667
	x129 = 0.070765
	x130 = 0.201291
	x131 = -0.062804
	x132 = 1.766889
	x133 = 2.042582
	x134 = 1.396817
	x135 = -1.216218
	x136 = -0.396123
	x137 = 0.815954
	x138 = -0.519122
	x139 = -0.627576
	x140 = 1.427089
	x141 = -3.837970
	x142 = 0.707665
	x143 = -0.829376
	x144 = -0.228832
	x145 = 2.273988
	x146 = -2.159696
	x147 = -0.076604
	x148 = -0.257950
	x149 = -0.952849
	x150 = 0.660720
	x151 = 1.255314
	x152 = -0.709281
	x153 = -2.531678
	x154 = -0.195144
	x155 = -0.995046
	x156 = 0.856083
	x157 = 2.888184
	x158 = 4.293358
	x159 = -2.819823
	x160 = 0.049597
	x161 = -0.260989
	x162 = -1.669309
	x163 = -2.149475
	x164 = -1.822903
	x165 = -1.542130
	x166 = -0.691171
	x167 = 2.965084
	x168 = -3.994038
	x169 = -1.178401
	x170 = -0.355576
	x171 = 0.411101
	x172 = -0.766114
	x173 = 2.026068
	x174 = -3.102806
	x175 = 1.733588
	x176 = 1.026077
	x177 = -1.688833
	x178 = 1.013710
	x179 = -1.155886
	x180 = -1.780925
	x181 = 0.564172
	x182 = 1.783877
	x183 = -0.215142
	x184 = 0.029678
	x185 = -4.191146
	x186 = 0.462252
	x187 = -2.020282
	x188 = 1.959697
	x189 = -1.625716
	x190 = -0.810229
	x191 = -1.662618
	x192 = 1.265408
	x193 = -0.385368
	x194 = -1.964174
	x195 = -1.595717
	x196 = -0.492326
	x197 = -1.323568
	x198 = -0.540664
	x199 = 0.419957
	x200 = 3.168609
	x201 = 1.345586
	x202 = -1.712941
	x203 = -0.164420
	x204 = 1.337831
	x205 = -0.718002
	x206 = 0.794992
	x207 = -1.193061
	x208 = -1.743790
	x209 = 0.040835
	x210 = 1.670154
	x211 = 0.652319
	x212 = -0.890597
	x213 = -0.307479
	x214 = -1.183253
	x215 = 1.325034
	x216 = 0.430711
	x217 = -0.147400
	x218 = -1.241141
	x219 = 1.952126
	x220 = -1.174100
	x221 = 0.140124
	x222 = -2.085987
	x223 = -1.536608
	x224 = 0.606204
	x225 = 1.219052
	x226 = 2.848677
	x227 = 1.063978
	x228 = -3.743467
	x229 = 0.541730
	x230 = 0.327779
	x231 = 1.018021
	x232 = -1.410605
	x233 = -2.463364
	x234 = -1.205401
	x235 = -0.245200
	x236 = 0.301654
	x237 = -2.189752
	x238 = -0.123389
	x239 = -0.834482
	x240 = 0.771526
	x241 = 3.976600
	x242 = 0.211362
	x243 = 2.144411
	x244 = -1.162869
	x245 = -0.221677
	x246 = -2.017218
	x247 = -2.530014
	x248 = 0.230080
	x249 = 0.988919
	x250 = 1.393154
	x251 = 2.616049
	x252 = -0.665215
	x253 = 0.122542
	x254 = -0.626858
	x255 = -1.156705
	x256 = 0.177326
	x257 = 2.550423
	x258 = -1.500218
	x259 = 1.503776
	x260 = 3.218870
	x261 = 0.764790
	x262 = -1.476492
	x263 = 0.827629
	x264 = 0.533299
	x265 = 0.780569
	x266 = -3.687250
	x267 = 2.400532
	x268 = -0.397792
	x269 = -2.682365
	x270 = -2.206035
	x271 = -1.139046
	x272 = -0.858314
	x273 = 0.676687
	x274 = 1.223165
	x275 = 0.442458
	x276 = -2.068834
	x277 = -2.116850
	x278 = -3.106555
	x279 = 0.468384
	x280 = 2.675198
	x281 = -1.708089
	x282 = 1.320678
	x283 = 0.245817
	x284 = -0.220320
	x285 = 1.111937
	x286 = -0.598009
	x287 = -0.736415
	x288 = 0.107695
	x289 = 0.867181
	x290 = -0.654257
	x291 = 1.592329
	x292 = -0.033257
	x293 = -1.323275
	x294 = 1.399070
	x295 = 1.488377
	x296 = -0.337087
	x297 = 1.070341
	x298 = -2.431523
	x299 = 1.239840
	x300 = 1.271966
	x301 = -2.365488
	x302 = -0.496287
	x303 = -0.464153
	x304 = 0.047525
	x305 = 1.547296
	x306 = -1.751930
	x307 = 0.423814
	x308 = -2.124523
	x309 = 0.248593
	x310 = -0.479806
	x311 = 2.895833
	x312 = 1.994696
	x313 = 0.230522
	x314 = 1.688106
	x315 = 1.105320
	x316 = -1.436377
	x317 = -0.266354
	x318 = 1.901326
	x319 = 2.632400
	x320 = 2.638192
	x321 = -1.853594
	x322 = -3.294367
	x323 = 2.063406
	x324 = 2.163177
	x325 = -0.880165
	x326 = -0.467056
	x327 = -1.938770
	x328 = -1.260112
	x329 = -1.278753
	x330 = -3.696556
	x331 = -5.525706
	x332 = 0.324460
	x333 = -0.163323
	x334 = 0.542230
	x335 = 0.063607
	x336 = 0.970594
	x337 = -0.456439
	x338 = 0.800344
	x339 = 0.566798
	x340 = 2.597796
	x341 = 1.386347
	x342 = 1.122216
	x343 = 1.581350
	x344 = 1.338824
	x345 = 1.408620
	x346 = -0.857653
	x347 = 0.615914
	x348 = -0.487247
	x349 = 1.295694
	x350 = -0.464421
	x351 = 0.241229
	x352 = -0.375441
	x353 = -1.195236
	x354 = 0.856398
	x355 = 1.476080
	x356 = -1.022579
	x357 = 1.460090
	x358 = 1.379806
	x359 = 0.019978
	x360 = -4.192943
	x361 = 0.947032
	x362 = -1.725280
	x363 = 0.158455
	x364 = 1.783136
	x365 = 2.306042
	x366 = -0.373723
	x367 = 0.617802
	x368 = 0.659586
	x369 = -2.330115
	x370 = 1.038928
	x371 = -1.382554
	x372 = -0.254312
	x373 = -0.525977
	x374 = -0.720623
	x375 = -1.144541
	x376 = -1.533090
	x377 = 0.983456
	x378 = -1.383653
	x379 = 2.118474
	x380 = 1.437143
	x381 = 1.104453
	x382 = 1.329281
	x383 = 1.241856
	x384 = -0.660975
	x385 = 1.940941
	x386 = 3.112829
	x387 = -1.479852
	x388 = 1.875445
	x389 = -0.383622
	x390 = -0.714119
	x391 = -2.977327
	x392 = 2.391421
	x393 = -1.835244
	x394 = -0.637071
	x395 = -0.356887
	x396 = 2.879870
	x397 = 1.346074
	x398 = 0.010954
	x399 = -0.731875
	x400 = 2.457368
	x401 = -1.081698
	x402 = -0.786582
	x403 = 1.720021
	x404 = 0.494032
	x405 = -0.432337
	x406 = -1.620641
	x407 = 2.164504
	x408 = -0.270849
	x409 = -1.900738
	x410 = 0.630218
	x411 = 0.436735
	x412 = -1.490951
	x413 = 0.925395
	x414 = -1.437145
	x415 = 1.653192
	x416 = 0.923905
	x417 = 1.456113
	x418 = -1.661720
	x419 = -0.051121
	x420 = -0.839514
	x421 = -0.265293
	x422 = 1.925069
	x423 = 0.683160
	x424 = -2.087037
	x425 = 1.495183
	x426 = 0.395940
	x427 = -1.209018
	x428 = -1.769944
	x429 = -0.215831
	x430 = 1.005608
	x431 = 1.418901
	x432 = 2.556090
	x433 = 0.553185
	x434 = 1.141103
	x435 = 0.735130
	x436 = 0.210448
	x437 = -0.405385
	x438 = 0.579468
	x439 = 1.238221
	x440 = 2.420560
	x441 = -0.452186
	x442 = -0.187949
	x443 = -2.802880
	x444 = 1.932598
	x445 = -0.384344
	x446 = -1.485217
	x447 = 0.029483
	x448 = 0.648334
	x449 = 0.918030
	x450 = -1.995671
	x451 = -0.512948
	x452 = 1.386768
	x453 = -2.549064
	x454 = -1.014905
	x455 = -0.191402
	x456 = -1.261219
	x457 = 1.081812
	x458 = 0.277274
	x459 = 2.046106
	x460 = 1.778027
	x461 = -0.851897
	x462 = -0.491430
	x463 = -2.358178
	x464 = 0.798098
	x465 = 1.897746
	x466 = -0.248351
	x467 = 1.597770
	x468 = -0.649643
	x469 = 0.606515
	x470 = -0.409067
	x471 = 2.682736
	x472 = 0.466225
	x473 = 1.727807
	x474 = -1.958516
	x475 = 1.384213
	x476 = -1.766639
	x477 = 0.133573
	x478 = -1.325513
	x479 = 1.683037
	x480 = 0.542304
	x481 = -2.558057
	x482 = -1.277322
	x483 = -1.421191
	x484 = 2.570100
	x485 = 0.202430
	x486 = -0.776113
	x487 = 1.115254
	x488 = 0.111137
	x489 = 1.900659
	x490 = -0.262446
	x491 = 1.079144
	x492 = -1.085075
	x493 = 0.997182
	x494 = 1.472691
	x495 = -0.660719
	x496 = -1.532811
	x497 = -1.310690
	x498 = 0.241571
	x499 = 1.601936
	x500 = 1.394723
	x501 = 0.990253
	x502 = 2.251163
	x503 = 1.415943
	x504 = 1.217071
	x505 = -2.986157
	x506 = -1.115246
	x507 = -0.722703
	x508 = 2.051198
	x509 = -1.794614
	x510 = -1.327666
	x511 = -1.002534

Output:
	y0 = -4.866671
	y1 = 1.210510
	y2 = -2.785785
	y3 = -6.428568
	y4 = -4.585011
	y5 = -4.585001
	y6 = -5.596980
	y7 = 3.746559
	y8 = -4.453046
	y9 = -5.403360
	y10 = 2.457425
	y11 = -6.843800
	y12 = -4.820205
	y13 = 3.817513
	y14 = -4.142593
	y15 = -9.715561
	y16 = 15.368652
	y17 = -6.392350
	y18 = -9.522930
	y19 = 10.467708
	y20 = -4.754208
	y21 = -6.686854
	y22 = 2.651069
	y23 = -5.306985
	y24 = -8.070705
	y25 = 12.759899
	y26 = -10.261098
	y27 = -8.004165
	y28 = 11.659153
	y29 = -6.178611
	y30 = 1.207338
	y31 = -15.507428
	y32 = -0.833389
	y33 = 4.825166
	y34 = -13.083908
	y35 = -0.323157
	y36 = 5.433928
	y37 = -12.913814
	y38 = 0.669907
	y39 = 1.549023
	y40 = -13.406058
	y41 = 6.698548
	y42 = -10.118929
	y43 = 6.227658
	y44 = -6.015311
	y45 = -7.809439
	y46 = 10.884534
	y47 = -7.307771
	y48 = 2.979627
	y49 = -18.413079
	y50 = 0.987459
	y51 = -1.736481
	y52 = -20.247392
	y53 = 3.619008
	y54 = -1.463368
	y55 = -11.460840
	y56 = 6.248034
	y57 = -0.624451
	y58 = -13.099207
	y59 = 4.329179
	y60 = -0.282957
	y61 = -16.216445
	y62 = 5.756320
	y63 = 0.783150
	y64 = -13.459445
	y65 = 5.969546
	y66 = -2.568774
	y67 = -16.132890
	y68 = 2.849142
	y69 = -10.260959
	y70 = 11.042603
	y71 = -5.492458
	y72 = -1.304374
	y73 = -12.478555
	y74 = 0.558919
	y75 = -2.374690
	y76 = -9.910807
	y77 = 3.722405
	y78 = -0.359469
	y79 = -12.430329
	y80 = 6.072206
	y81 = 9.617632
	y82 = -16.763548
	y83 = 14.323345
	y84 = 6.014153
	y85 = -17.289858
	y86 = 11.183105
	y87 = 3.070161
	y88 = -11.370211
	y89 = -0.514778
	y90 = -2.987282
	y91 = -9.471522
	y92 = 2.854340
	y93 = -2.960900
	y94 = -14.526543
	y95 = 2.815036
	y96 = -5.691382
	y97 = 5.259225
	y98 = -6.695924
	y99 = -0.552741
	y100 = -12.736500
	y101 = -2.491912
	y102 = 5.141442
	y103 = -13.837097
	y104 = -1.124250
	y105 = 13.337349
	y106 = -16.994859
	y107 = 8.016176
	y108 = 10.782400
	y109 = -16.497896
	y110 = 8.445176
	y111 = -0.179839
	y112 = -9.832647
	y113 = 3.589067
	y114 = -2.810119
	y115 = -7.467805
	y116 = 2.538762
	y117 = -2.494677
	y118 = -13.374108
	y119 = 2.853590
	y120 = -3.634814
	y121 = 5.901978
	y122 = -5.135073
	y123 = -3.800682
	y124 = 5.810530
	y125 = -5.236585
	y126 = -2.424949
	y127 = 5.140916
	y128 = -5.441094
	y129 = 5.306403
	y130 = -3.244347
	y131 = -0.647875
	y132 = 4.706319
	y133 = -4.383161
	y134 = 3.283995
	y135 = -0.533236
	y136 = -9.941568
	y137 = 3.661595
	y138 = -1.705286
	y139 = -19.413386
	y140 = 3.340121
	y141 = -5.596376
	y142 = 6.130862
	y143 = -2.981659
	y144 = -6.170638
	y145 = 1.210423
	y146 = -7.896158
	y147 = -7.266900
	y148 = 1.261908
	y149 = -8.356708
	y150 = -4.435752
	y151 = 6.383426
	y152 = -5.766895
	y153 = -3.432275
	y154 = 4.621579
	y155 = -3.857784
	y156 = 0.026393
	y157 = -5.802700
	y158 = -4.574454
	y159 = -7.297921
	y160 = 17.776514
	y161 = -6.626086
	y162 = -10.809902
	y163 = 12.674336
	y164 = -6.837758
	y165 = -9.209452
	y166 = 12.841877
	y167 = -7.301968
	y168 = -4.517447
	y169 = 4.924129
	y170 = -6.014646
	y171 = -5.301212
	y172 = 2.507392
	y173 = -5.831562
	y174 = -3.750453
	y175 = 2.827305
	y176 = -2.116743
	y177 = -3.157345
	y178 = 5.201553
	y179 = -4.236671
	y180 = -6.340836
	y181 = 3.088309
	y182 = -9.042407
	y183 = -7.328849
	y184 = 5.001491
	y185 = -8.069461
	y186 = -7.933759
	y187 = 6.380982
	y188 = -8.377556
	y189 = -8.605534
	y190 = 5.478303
	y191 = -8.046629

