InputQuery: /home/levn/Workspace/othello_world/queries/probe_robust/group_1/game_81_target_50_eps_0.1.txt
Engine::processInputQuery: Input query (before preprocessing): 449 equations, 1216 variables
Engine::processInputQuery: Input query (after preprocessing): 705 equations, 1378 variables

Input bounds:
	x0: [ -0.1454,   0.0546] 
	x1: [ -1.7327,  -1.5327] 
	x2: [  0.1008,   0.3008] 
	x3: [  0.7606,   0.9606] 
	x4: [  0.3665,   0.5665] 
	x5: [ -0.5939,  -0.3939] 
	x6: [  2.6821,   2.8821] 
	x7: [  0.5357,   0.7357] 
	x8: [ -1.2487,  -1.0487] 
	x9: [  0.0241,   0.2241] 
	x10: [ -0.2238,  -0.0238] 
	x11: [  0.0353,   0.2353] 
	x12: [ -1.3454,  -1.1454] 
	x13: [  0.7231,   0.9231] 
	x14: [ -0.7169,  -0.5169] 
	x15: [  1.4183,   1.6183] 
	x16: [  1.0934,   1.2934] 
	x17: [ -2.3654,  -2.1654] 
	x18: [ -0.4150,  -0.2150] 
	x19: [  1.3402,   1.5402] 
	x20: [ -0.0148,   0.1852] 
	x21: [ -1.3421,  -1.1421] 
	x22: [  1.0995,   1.2995] 
	x23: [ -0.9155,  -0.7155] 
	x24: [  0.2672,   0.4672] 
	x25: [  1.3993,   1.5993] 
	x26: [ -0.5372,  -0.3372] 
	x27: [  0.0876,   0.2876] 
	x28: [  2.7732,   2.9732] 
	x29: [ -0.9566,  -0.7566] 
	x30: [ -2.1321,  -1.9321] 
	x31: [ -1.3132,  -1.1132] 
	x32: [ -0.9816,  -0.7816] 
	x33: [  1.2277,   1.4277] 
	x34: [ -0.5396,  -0.3396] 
	x35: [ -0.9458,  -0.7458] 
	x36: [ -1.3202,  -1.1202] 
	x37: [  1.3615,   1.5615] 
	x38: [ -0.9954,  -0.7954] 
	x39: [ -3.3350,  -3.1350] 
	x40: [ -0.4622,  -0.2622] 
	x41: [ -2.5626,  -2.3626] 
	x42: [  1.4029,   1.6029] 
	x43: [  0.6883,   0.8883] 
	x44: [  0.3541,   0.5541] 
	x45: [  1.1679,   1.3679] 
	x46: [ -0.1564,   0.0436] 
	x47: [ -0.4925,  -0.2925] 
	x48: [  1.2413,   1.4413] 
	x49: [  0.0881,   0.2881] 
	x50: [ -1.3835,  -1.1835] 
	x51: [ -1.1657,  -0.9657] 
	x52: [  0.4975,   0.6975] 
	x53: [  1.8536,   2.0536] 
	x54: [ -0.8691,  -0.6691] 
	x55: [  0.6019,   0.8019] 
	x56: [  0.6826,   0.8826] 
	x57: [  0.3989,   0.5989] 
	x58: [  0.3492,   0.5492] 
	x59: [  1.8590,   2.0590] 
	x60: [ -2.0226,  -1.8226] 
	x61: [ -2.9262,  -2.7262] 
	x62: [  1.1578,   1.3578] 
	x63: [  0.1624,   0.3624] 
	x64: [  0.0675,   0.2675] 
	x65: [ -0.3940,  -0.1940] 
	x66: [ -0.7573,  -0.5573] 
	x67: [  1.8725,   2.0725] 
	x68: [  1.5414,   1.7414] 
	x69: [  0.8846,   1.0846] 
	x70: [ -1.2340,  -1.0340] 
	x71: [ -0.0798,   0.1202] 
	x72: [ -0.4785,  -0.2785] 
	x73: [ -0.8164,  -0.6164] 
	x74: [  0.2581,   0.4581] 
	x75: [  0.3997,   0.5997] 
	x76: [  0.3866,   0.5866] 
	x77: [ -0.9152,  -0.7152] 
	x78: [ -1.7050,  -1.5050] 
	x79: [  1.5938,   1.7938] 
	x80: [  2.1833,   2.3833] 
	x81: [ -1.3496,  -1.1496] 
	x82: [ -0.7197,  -0.5197] 
	x83: [ -0.0725,   0.1275] 
	x84: [ -1.7267,  -1.5267] 
	x85: [ -0.1416,   0.0584] 
	x86: [  0.6672,   0.8672] 
	x87: [ -0.6709,  -0.4709] 
	x88: [  1.6195,   1.8195] 
	x89: [  0.2769,   0.4769] 
	x90: [ -0.4605,  -0.2605] 
	x91: [ -1.7385,  -1.5385] 
	x92: [  1.2311,   1.4311] 
	x93: [ -2.6332,  -2.4332] 
	x94: [  0.6614,   0.8614] 
	x95: [  0.2501,   0.4501] 
	x96: [ -0.0088,   0.1912] 
	x97: [ -1.1363,  -0.9363] 
	x98: [ -1.1290,  -0.9290] 
	x99: [ -2.6466,  -2.4466] 
	x100: [ -0.0429,   0.1571] 
	x101: [ -1.6264,  -1.4264] 
	x102: [  2.6246,   2.8246] 
	x103: [ -2.5522,  -2.3522] 
	x104: [ -0.4165,  -0.2165] 
	x105: [ -2.4132,  -2.2132] 
	x106: [ -2.9436,  -2.7436] 
	x107: [ -0.7092,  -0.5092] 
	x108: [ -2.1205,  -1.9205] 
	x109: [  2.1341,   2.3341] 
	x110: [  0.6510,   0.8510] 
	x111: [ -0.7993,  -0.5993] 
	x112: [ -1.4449,  -1.2449] 
	x113: [  2.0825,   2.2825] 
	x114: [  0.8382,   1.0382] 
	x115: [ -2.0718,  -1.8718] 
	x116: [  2.6257,   2.8257] 
	x117: [  0.6388,   0.8388] 
	x118: [ -0.1473,   0.0527] 
	x119: [ -1.6067,  -1.4067] 
	x120: [ -0.1834,   0.0166] 
	x121: [  2.6819,   2.8819] 
	x122: [ -1.7250,  -1.5250] 
	x123: [ -0.6686,  -0.4686] 
	x124: [ -1.9733,  -1.7733] 
	x125: [ -1.9008,  -1.7008] 
	x126: [ -2.3883,  -2.1883] 
	x127: [  0.2740,   0.4740] 
	x128: [  0.7699,   0.9699] 
	x129: [  0.7754,   0.9754] 
	x130: [ -0.1016,   0.0984] 
	x131: [  2.1309,   2.3309] 
	x132: [  0.2249,   0.4249] 
	x133: [ -1.1441,  -0.9441] 
	x134: [  0.0111,   0.2111] 
	x135: [ -0.7147,  -0.5147] 
	x136: [ -0.9546,  -0.7546] 
	x137: [ -0.2763,  -0.0763] 
	x138: [ -1.7635,  -1.5635] 
	x139: [ -0.1020,   0.0980] 
	x140: [  4.8672,   5.0672] 
	x141: [  1.5731,   1.7731] 
	x142: [  0.1077,   0.3077] 
	x143: [  1.5899,   1.7899] 
	x144: [  0.0393,   0.2393] 
	x145: [ -0.4508,  -0.2508] 
	x146: [  2.5490,   2.7490] 
	x147: [  1.0436,   1.2436] 
	x148: [  2.1648,   2.3648] 
	x149: [ -0.0737,   0.1263] 
	x150: [ -0.7958,  -0.5958] 
	x151: [  0.8737,   1.0737] 
	x152: [  0.1791,   0.3791] 
	x153: [ -0.6777,  -0.4777] 
	x154: [  0.7921,   0.9921] 
	x155: [  0.2546,   0.4546] 
	x156: [  0.9692,   1.1692] 
	x157: [ -0.4777,  -0.2777] 
	x158: [ -0.9670,  -0.7670] 
	x159: [ -1.5527,  -1.3527] 
	x160: [  1.6051,   1.8051] 
	x161: [ -2.2284,  -2.0284] 
	x162: [  1.2441,   1.4441] 
	x163: [ -2.9689,  -2.7689] 
	x164: [ -3.2129,  -3.0129] 
	x165: [  0.0609,   0.2609] 
	x166: [  0.6961,   0.8961] 
	x167: [  3.5092,   3.7092] 
	x168: [ -2.6221,  -2.4221] 
	x169: [ -0.0266,   0.1734] 
	x170: [ -0.6885,  -0.4885] 
	x171: [  0.1046,   0.3046] 
	x172: [ -1.4012,  -1.2012] 
	x173: [  0.5122,   0.7122] 
	x174: [ -0.1447,   0.0553] 
	x175: [  0.5122,   0.7122] 
	x176: [ -1.5713,  -1.3713] 
	x177: [ -0.1508,   0.0492] 
	x178: [ -0.3122,  -0.1122] 
	x179: [ -2.7122,  -2.5122] 
	x180: [ -0.6517,  -0.4517] 
	x181: [ -0.5239,  -0.3239] 
	x182: [ -0.2720,  -0.0720] 
	x183: [ -2.5679,  -2.3679] 
	x184: [  0.3788,   0.5788] 
	x185: [ -1.9316,  -1.7316] 
	x186: [  1.6039,   1.8039] 
	x187: [ -2.2607,  -2.0607] 
	x188: [  0.6151,   0.8151] 
	x189: [ -4.1729,  -3.9729] 
	x190: [ -2.2221,  -2.0221] 
	x191: [  0.4231,   0.6231] 
	x192: [  0.2739,   0.4739] 
	x193: [  1.4261,   1.6261] 
	x194: [  1.1626,   1.3626] 
	x195: [ -0.7219,  -0.5219] 
	x196: [ -0.3806,  -0.1806] 
	x197: [ -1.7350,  -1.5350] 
	x198: [ -3.9431,  -3.7431] 
	x199: [ -0.4326,  -0.2326] 
	x200: [ -0.1589,   0.0411] 
	x201: [  3.7816,   3.9816] 
	x202: [ -2.1918,  -1.9918] 
	x203: [ -1.7695,  -1.5695] 
	x204: [ -0.9031,  -0.7031] 
	x205: [  1.4032,   1.6032] 
	x206: [ -0.8859,  -0.6859] 
	x207: [ -2.6967,  -2.4967] 
	x208: [ -0.0404,   0.1596] 
	x209: [  1.0397,   1.2397] 
	x210: [ -2.1034,  -1.9034] 
	x211: [  1.2539,   1.4539] 
	x212: [ -1.5015,  -1.3015] 
	x213: [ -0.9709,  -0.7709] 
	x214: [ -1.4687,  -1.2687] 
	x215: [ -2.4901,  -2.2901] 
	x216: [ -2.3275,  -2.1275] 
	x217: [  0.5512,   0.7512] 
	x218: [ -1.8649,  -1.6649] 
	x219: [ -2.1831,  -1.9831] 
	x220: [ -0.9849,  -0.7849] 
	x221: [ -0.1743,   0.0257] 
	x222: [ -1.2502,  -1.0502] 
	x223: [ -0.2962,  -0.0962] 
	x224: [ -0.9092,  -0.7092] 
	x225: [ -1.5307,  -1.3307] 
	x226: [  0.9041,   1.1041] 
	x227: [  0.3106,   0.5106] 
	x228: [  2.4284,   2.6284] 
	x229: [  1.0136,   1.2136] 
	x230: [  1.5818,   1.7818] 
	x231: [  2.5790,   2.7790] 
	x232: [  0.4573,   0.6573] 
	x233: [  0.8183,   1.0183] 
	x234: [ -0.3593,  -0.1593] 
	x235: [ -2.1518,  -1.9518] 
	x236: [  3.0156,   3.2156] 
	x237: [  1.2688,   1.4688] 
	x238: [  0.5204,   0.7204] 
	x239: [  5.8770,   6.0770] 
	x240: [  1.6911,   1.8911] 
	x241: [ -0.4985,  -0.2985] 
	x242: [  0.9719,   1.1719] 
	x243: [  1.2030,   1.4030] 
	x244: [  1.2686,   1.4686] 
	x245: [  1.4882,   1.6882] 
	x246: [ -2.1905,  -1.9905] 
	x247: [ -2.1628,  -1.9628] 
	x248: [ -0.9117,  -0.7117] 
	x249: [  0.7542,   0.9542] 
	x250: [  0.6956,   0.8956] 
	x251: [  1.3503,   1.5503] 
	x252: [ -1.2588,  -1.0588] 
	x253: [ -0.5434,  -0.3434] 
	x254: [ -1.7433,  -1.5433] 
	x255: [  0.3037,   0.5037] 
	x256: [ -2.1106,  -1.9106] 
	x257: [ -0.6817,  -0.4817] 
	x258: [ -1.5192,  -1.3192] 
	x259: [  2.8804,   3.0804] 
	x260: [ -0.4831,  -0.2831] 
	x261: [ -0.4437,  -0.2437] 
	x262: [  0.8847,   1.0847] 
	x263: [ -1.7921,  -1.5921] 
	x264: [ -1.8749,  -1.6749] 
	x265: [ -0.6287,  -0.4287] 
	x266: [ -0.3702,  -0.1702] 
	x267: [  1.2698,   1.4698] 
	x268: [ -0.5845,  -0.3845] 
	x269: [  0.5246,   0.7246] 
	x270: [  0.1450,   0.3450] 
	x271: [  0.9286,   1.1286] 
	x272: [ -1.7003,  -1.5003] 
	x273: [  0.1697,   0.3697] 
	x274: [  0.4779,   0.6779] 
	x275: [  3.6612,   3.8612] 
	x276: [  1.3760,   1.5760] 
	x277: [ -1.7167,  -1.5167] 
	x278: [ -1.3685,  -1.1685] 
	x279: [  2.3617,   2.5617] 
	x280: [  1.1713,   1.3713] 
	x281: [  0.6898,   0.8898] 
	x282: [  0.1800,   0.3800] 
	x283: [ -3.2188,  -3.0188] 
	x284: [ -1.9205,  -1.7205] 
	x285: [  1.5799,   1.7799] 
	x286: [ -0.2784,  -0.0784] 
	x287: [ -0.8378,  -0.6378] 
	x288: [ -1.1747,  -0.9747] 
	x289: [ -0.5032,  -0.3032] 
	x290: [  3.2567,   3.4567] 
	x291: [ -0.1959,   0.0041] 
	x292: [  0.4675,   0.6675] 
	x293: [  0.3834,   0.5834] 
	x294: [  0.2979,   0.4979] 
	x295: [  3.7975,   3.9975] 
	x296: [ -1.0403,  -0.8403] 
	x297: [  2.0175,   2.2175] 
	x298: [ -8.2979,  -8.0979] 
	x299: [ -1.2293,  -1.0293] 
	x300: [  2.3746,   2.5746] 
	x301: [  1.0261,   1.2261] 
	x302: [ -1.0212,  -0.8212] 
	x303: [ -0.1710,   0.0290] 
	x304: [ -1.3255,  -1.1255] 
	x305: [  1.9157,   2.1157] 
	x306: [  0.5834,   0.7834] 
	x307: [ -1.1178,  -0.9178] 
	x308: [ -0.7091,  -0.5091] 
	x309: [ -2.6158,  -2.4158] 
	x310: [ -0.5068,  -0.3068] 
	x311: [  1.2231,   1.4231] 
	x312: [  1.1214,   1.3214] 
	x313: [ -1.2534,  -1.0534] 
	x314: [ -2.3026,  -2.1026] 
	x315: [ -0.5679,  -0.3679] 
	x316: [  0.2403,   0.4403] 
	x317: [ -3.7846,  -3.5846] 
	x318: [  2.9741,   3.1741] 
	x319: [  1.2864,   1.4864] 
	x320: [ -1.9987,  -1.7987] 
	x321: [ -0.4696,  -0.2696] 
	x322: [ -0.3329,  -0.1329] 
	x323: [  0.3351,   0.5351] 
	x324: [ -1.4508,  -1.2508] 
	x325: [ -3.1137,  -2.9137] 
	x326: [ -1.8008,  -1.6008] 
	x327: [ -2.6283,  -2.4283] 
	x328: [ -0.5658,  -0.3658] 
	x329: [  0.9965,   1.1965] 
	x330: [  1.5194,   1.7194] 
	x331: [ -0.2475,  -0.0475] 
	x332: [ -1.0876,  -0.8876] 
	x333: [  0.5772,   0.7772] 
	x334: [  0.8418,   1.0418] 
	x335: [ -0.2379,  -0.0379] 
	x336: [ -0.5405,  -0.3405] 
	x337: [  2.3443,   2.5443] 
	x338: [  0.1945,   0.3945] 
	x339: [ -0.5680,  -0.3680] 
	x340: [  0.5537,   0.7537] 
	x341: [  0.0990,   0.2990] 
	x342: [ -1.4218,  -1.2218] 
	x343: [  0.0175,   0.2175] 
	x344: [ -0.0428,   0.1572] 
	x345: [ -0.5834,  -0.3834] 
	x346: [ -0.7835,  -0.5835] 
	x347: [ -0.3241,  -0.1241] 
	x348: [  0.3212,   0.5212] 
	x349: [  0.0610,   0.2610] 
	x350: [  1.8597,   2.0597] 
	x351: [  0.1738,   0.3738] 
	x352: [ -0.7633,  -0.5633] 
	x353: [  0.4283,   0.6283] 
	x354: [ -0.8603,  -0.6603] 
	x355: [ -0.8197,  -0.6197] 
	x356: [  0.4682,   0.6682] 
	x357: [ -0.2782,  -0.0782] 
	x358: [ -0.1069,   0.0931] 
	x359: [  2.8061,   3.0061] 
	x360: [ -1.4208,  -1.2208] 
	x361: [ -1.8776,  -1.6776] 
	x362: [ -1.7335,  -1.5335] 
	x363: [ -1.3079,  -1.1079] 
	x364: [ -0.7603,  -0.5603] 
	x365: [  1.7185,   1.9185] 
	x366: [ -1.4509,  -1.2509] 
	x367: [  0.0152,   0.2152] 
	x368: [ -1.0408,  -0.8408] 
	x369: [  0.0726,   0.2726] 
	x370: [ -0.7140,  -0.5140] 
	x371: [ -0.8748,  -0.6748] 
	x372: [ -1.4381,  -1.2381] 
	x373: [ -0.4614,  -0.2614] 
	x374: [  1.1586,   1.3586] 
	x375: [ -0.3054,  -0.1054] 
	x376: [ -1.6081,  -1.4081] 
	x377: [ -0.2095,  -0.0095] 
	x378: [  0.7448,   0.9448] 
	x379: [ -1.7843,  -1.5843] 
	x380: [  0.1888,   0.3888] 
	x381: [  0.4951,   0.6951] 
	x382: [ -1.0485,  -0.8485] 
	x383: [ -0.4077,  -0.2077] 
	x384: [ -0.3440,  -0.1440] 
	x385: [  0.9589,   1.1589] 
	x386: [ -1.7442,  -1.5442] 
	x387: [ -1.4754,  -1.2754] 
	x388: [ -0.6184,  -0.4184] 
	x389: [ -0.1359,   0.0641] 
	x390: [ -0.2416,  -0.0416] 
	x391: [ -4.5117,  -4.3117] 
	x392: [ -0.4731,  -0.2731] 
	x393: [ -1.5495,  -1.3495] 
	x394: [ -0.5019,  -0.3019] 
	x395: [  1.0607,   1.2607] 
	x396: [ -0.8672,  -0.6672] 
	x397: [ -0.3793,  -0.1793] 
	x398: [  0.0539,   0.2539] 
	x399: [  0.7753,   0.9753] 
	x400: [ -0.2773,  -0.0773] 
	x401: [  0.0171,   0.2171] 
	x402: [ -0.3127,  -0.1127] 
	x403: [ -1.7143,  -1.5143] 
	x404: [ -1.8508,  -1.6508] 
	x405: [ -0.7533,  -0.5533] 
	x406: [ -1.7795,  -1.5795] 
	x407: [  1.1590,   1.3590] 
	x408: [  1.3571,   1.5571] 
	x409: [ -1.1614,  -0.9614] 
	x410: [ -2.2328,  -2.0328] 
	x411: [ -0.2430,  -0.0430] 
	x412: [  1.4655,   1.6655] 
	x413: [  0.0872,   0.2872] 
	x414: [ -2.0656,  -1.8656] 
	x415: [  1.5864,   1.7864] 
	x416: [ -0.1243,   0.0757] 
	x417: [  0.0710,   0.2710] 
	x418: [ -2.0792,  -1.8792] 
	x419: [ -0.8773,  -0.6773] 
	x420: [ -0.4566,  -0.2566] 
	x421: [  0.0442,   0.2442] 
	x422: [  1.0591,   1.2591] 
	x423: [  1.2235,   1.4235] 
	x424: [ -0.7153,  -0.5153] 
	x425: [  3.2311,   3.4311] 
	x426: [ -2.5465,  -2.3465] 
	x427: [ -0.9682,  -0.7682] 
	x428: [ -1.1796,  -0.9796] 
	x429: [  0.5738,   0.7738] 
	x430: [ -1.9751,  -1.7751] 
	x431: [ -1.3951,  -1.1951] 
	x432: [  0.4072,   0.6072] 
	x433: [ -0.7615,  -0.5615] 
	x434: [  1.2256,   1.4256] 
	x435: [  1.6268,   1.8268] 
	x436: [  0.2983,   0.4983] 
	x437: [ -0.0221,   0.1779] 
	x438: [ -1.6148,  -1.4148] 
	x439: [  0.7001,   0.9001] 
	x440: [  0.2974,   0.4974] 
	x441: [ -1.2213,  -1.0213] 
	x442: [ -2.5652,  -2.3652] 
	x443: [ -2.2527,  -2.0527] 
	x444: [ -0.4494,  -0.2494] 
	x445: [ -0.6287,  -0.4287] 
	x446: [ -1.4015,  -1.2015] 
	x447: [  0.1074,   0.3074] 
	x448: [ -1.7271,  -1.5271] 
	x449: [  0.6078,   0.8078] 
	x450: [ -0.5472,  -0.3472] 
	x451: [ -0.5410,  -0.3410] 
	x452: [ -0.8402,  -0.6402] 
	x453: [ -1.1636,  -0.9636] 
	x454: [ -0.6927,  -0.4927] 
	x455: [ -0.7509,  -0.5509] 
	x456: [  0.9147,   1.1147] 
	x457: [  0.3928,   0.5928] 
	x458: [ -2.5402,  -2.3402] 
	x459: [  1.0603,   1.2603] 
	x460: [  3.6958,   3.8958] 
	x461: [ -1.8464,  -1.6464] 
	x462: [ -0.4473,  -0.2473] 
	x463: [ -1.5192,  -1.3192] 
	x464: [ -0.3270,  -0.1270] 
	x465: [  0.0464,   0.2464] 
	x466: [ -0.5072,  -0.3072] 
	x467: [  1.9184,   2.1184] 
	x468: [  1.2723,   1.4723] 
	x469: [ -3.2197,  -3.0197] 
	x470: [ -1.6544,  -1.4544] 
	x471: [ -0.9371,  -0.7371] 
	x472: [ -0.8376,  -0.6376] 
	x473: [ -0.5566,  -0.3566] 
	x474: [ -0.3754,  -0.1754] 
	x475: [  0.3015,   0.5015] 
	x476: [  1.3204,   1.5204] 
	x477: [  1.7392,   1.9392] 
	x478: [  1.9826,   2.1826] 
	x479: [  6.3244,   6.5244] 
	x480: [  0.7712,   0.9712] 
	x481: [  0.1570,   0.3570] 
	x482: [  0.1443,   0.3443] 
	x483: [  0.5725,   0.7725] 
	x484: [  1.8069,   2.0069] 
	x485: [ -1.6586,  -1.4586] 
	x486: [  2.9887,   3.1887] 
	x487: [ -1.6979,  -1.4979] 
	x488: [ -1.4177,  -1.2177] 
	x489: [ -0.4653,  -0.2653] 
	x490: [  3.1896,   3.3896] 
	x491: [ -0.5056,  -0.3056] 
	x492: [  0.8108,   1.0108] 
	x493: [ -1.5007,  -1.3007] 
	x494: [ -1.5179,  -1.3179] 
	x495: [  0.3717,   0.5717] 
	x496: [  1.9302,   2.1302] 
	x497: [  1.3021,   1.5021] 
	x498: [  2.0877,   2.2877] 
	x499: [ -1.4557,  -1.2557] 
	x500: [ -0.4530,  -0.2530] 
	x501: [ -2.5155,  -2.3155] 
	x502: [ -0.4545,  -0.2545] 
	x503: [  0.7484,   0.9484] 
	x504: [ -0.2606,  -0.0606] 
	x505: [  0.6046,   0.8046] 
	x506: [  2.8853,   3.0853] 
	x507: [  1.3415,   1.5415] 
	x508: [ -0.5708,  -0.3708] 
	x509: [ -0.8684,  -0.6684] 
	x510: [  0.8449,   1.0449] 
	x511: [  0.0172,   0.2172] 

Branching heuristics set to PseudoImpact

Engine::solve: Initial statistics

00:43:53 Statistics update:
	--- Time Statistics ---
	Total time elapsed: 483 milli (00:00:00)
		Main loop: 0 milli (00:00:00)
		Preprocessing time: 190 milli (00:00:00)
		Unknown: 292 milli (00:00:00)
	Breakdown for main loop:
		[0.00%] Simplex steps: 0 milli
		[0.00%] Explicit-basis bound tightening: 0 milli
		[0.00%] Constraint-matrix bound tightening: 0 milli
		[0.00%] Degradation checking: 0 milli
		[0.00%] Precision restoration: 0 milli
		[0.00%] Statistics handling: 0 milli
		[0.00%] Constraint-fixing steps: 0 milli
		[0.00%] Valid case splits: 0 milli. Average per split: 0.00 milli
		[0.00%] Applying stored bound-tightening: 0 milli
		[0.00%] SMT core: 0 milli
		[0.00%] Symbolic Bound Tightening: 12 milli
		[0.00%] SoI-based local search: 0 milli
		[0.00%] SoI-based local search: 0 milli
		[0.00%] Unaccounted for: 0 milli
	--- Preprocessor Statistics ---
	Number of preprocessor bound-tightening loop iterations: 3
	Number of eliminated variables: 95
	Number of constraints removed due to variable elimination: 95
	Number of equations removed due to variable elimination: 0
	--- Engine Statistics ---
	Number of main loop iterations: 1
		0 iterations were simplex steps. Total time: 0 milli. Average: 0.00 milli.
		0 iterations were constraint-fixing steps. Total time: 0 milli. Average: 0.00 milli
	Number of active piecewise-linear constraints: 161 / 161
		Constraints disabled by valid splits: 0. By SMT-originated splits: 0
	Last reported degradation: 0.0000000000. Max degradation so far: 0.0000000000. Restorations so far: 0
	Number of simplex pivots we attempted to skip because of instability: 0.
	Unstable pivots performed anyway: 0
	--- Tableau Statistics ---
	Total number of pivots performed: 0
		Real pivots: 0. Degenerate: 0 (0.00%)
		Degenerate pivots by request (e.g., to fix a PL constraint): 0 (0.00%)
		Average time per pivot: 0.00 milli
	Total number of fake pivots performed: 0
	Total number of rows added: 0. Number of merged columns: 0
	Current tableau dimensions: M = 705, N = 2083
	--- SMT Core Statistics ---
	Total depth is 0. Total visited states: 1. Number of splits: 0. Number of pops: 0
	Max stack depth: 0
	--- Bound Tightening Statistics ---
	Number of tightened bounds: 0.
		Number of rows examined by row tightener: 0. Consequent tightenings: 0
		Number of explicit basis matrices examined by row tightener: 0. Consequent tightenings: 0
		Number of bound tightening rounds on the entire constraint matrix: 0. Consequent tightenings: 0
		Number of bound notifications sent to PL constraints: 966. Tightenings proposed: 0
	--- Basis Factorization statistics ---
	Number of basis refactorizations: 2
	--- Projected Steepest Edge Statistics ---
	Number of iterations: 0.
	Number of resets to reference space: 1. Avg. iterations per reset: 0
	--- SBT ---
	Number of tightened bounds: 385
	--- SoI-based local search ---
	Number of proposed phase pattern update: 0. Number of accepted update: 0 [0.00%]
	Total time (% of local search time) updating SoI phase pattern : 0 milli [0.00%]
	Total time obtaining current assignment: 0 milli [0.00%]
	Total time getting SoI phase pattern : 0 milli [0.00%]
	--- Context dependent statistics ---
	Number of pushes / pops: 0 / 0
		[0.00%] Pre-Push hook: 0 milli
		[0.00%] Push : 0 milli
		[0.00%] Post-Pop hook: 0 milli
		[0.00%] Pop : 0 milli
		[0.00%] Total context-switching time: 0 milli
	--- Proof Certificate ---
	Number of certified leaves: 0
	Number of leaves to delegate: 0

---

Engine::solve: sat assignment found

00:43:55 Statistics update:
	--- Time Statistics ---
	Total time elapsed: 2352 milli (00:00:02)
		Main loop: 1868 milli (00:00:01)
		Preprocessing time: 190 milli (00:00:00)
		Unknown: 292 milli (00:00:00)
	Breakdown for main loop:
		[34.27%] Simplex steps: 640 milli
		[64.50%] Explicit-basis bound tightening: 1205 milli
		[0.00%] Constraint-matrix bound tightening: 0 milli
		[0.56%] Degradation checking: 10 milli
		[0.00%] Precision restoration: 0 milli
		[0.03%] Statistics handling: 0 milli
		[0.00%] Constraint-fixing steps: 0 milli
		[0.00%] Valid case splits: 0 milli. Average per split: 0.00 milli
		[0.00%] Applying stored bound-tightening: 0 milli
		[0.00%] SMT core: 0 milli
		[1.13%] Symbolic Bound Tightening: 21 milli
		[5.15%] SoI-based local search: 96 milli
		[0.00%] SoI-based local search: 0 milli
		[987185941794959.00%] Unaccounted for: 0 milli
	--- Preprocessor Statistics ---
	Number of preprocessor bound-tightening loop iterations: 3
	Number of eliminated variables: 95
	Number of constraints removed due to variable elimination: 95
	Number of equations removed due to variable elimination: 0
	--- Engine Statistics ---
	Number of main loop iterations: 582
		580 iterations were simplex steps. Total time: 640 milli. Average: 1.10 milli.
		0 iterations were constraint-fixing steps. Total time: 0 milli. Average: 0.00 milli
	Number of active piecewise-linear constraints: 161 / 161
		Constraints disabled by valid splits: 0. By SMT-originated splits: 0
	Last reported degradation: 0.0000002215. Max degradation so far: 0.0000000000. Restorations so far: 0
	Number of simplex pivots we attempted to skip because of instability: 0.
	Unstable pivots performed anyway: 0
	--- Tableau Statistics ---
	Total number of pivots performed: 571
		Real pivots: 571. Degenerate: 0 (0.00%)
		Degenerate pivots by request (e.g., to fix a PL constraint): 0 (0.00%)
		Average time per pivot: 0.14 milli
	Total number of fake pivots performed: 7
	Total number of rows added: 0. Number of merged columns: 0
	Current tableau dimensions: M = 705, N = 2083
	--- SMT Core Statistics ---
	Total depth is 0. Total visited states: 1. Number of splits: 0. Number of pops: 0
	Max stack depth: 0
	--- Bound Tightening Statistics ---
	Number of tightened bounds: 0.
		Number of rows examined by row tightener: 571. Consequent tightenings: 0
		Number of explicit basis matrices examined by row tightener: 5. Consequent tightenings: 248
		Number of bound tightening rounds on the entire constraint matrix: 0. Consequent tightenings: 0
		Number of bound notifications sent to PL constraints: 1932. Tightenings proposed: 0
	--- Basis Factorization statistics ---
	Number of basis refactorizations: 7
	--- Projected Steepest Edge Statistics ---
	Number of iterations: 578.
	Number of resets to reference space: 1. Avg. iterations per reset: 578
	--- SBT ---
	Number of tightened bounds: 385
	--- SoI-based local search ---
	Number of proposed phase pattern update: 0. Number of accepted update: 1 [0.00%]
	Total time (% of local search time) updating SoI phase pattern : 358 milli [0.37%]
	Total time obtaining current assignment: 163 milli [0.17%]
	Total time getting SoI phase pattern : 61 milli [0.00%]
	--- Context dependent statistics ---
	Number of pushes / pops: 0 / 0
		[0.00%] Pre-Push hook: 0 milli
		[0.00%] Push : 0 milli
		[0.00%] Post-Pop hook: 0 milli
		[0.00%] Pop : 0 milli
		[0.00%] Total context-switching time: 0 milli
	--- Proof Certificate ---
	Number of certified leaves: 0
	Number of leaves to delegate: 0
sat
Input assignment:
	x0 = 0.054580
	x1 = -1.532684
	x2 = 0.100814
	x3 = 0.760631
	x4 = 0.366539
	x5 = -0.593892
	x6 = 2.882086
	x7 = 0.735653
	x8 = -1.048680
	x9 = 0.224139
	x10 = -0.023788
	x11 = 0.035256
	x12 = -1.345427
	x13 = 0.923143
	x14 = -0.716924
	x15 = 1.418272
	x16 = 1.293397
	x17 = -2.365430
	x18 = -0.215015
	x19 = 1.340207
	x20 = 0.185220
	x21 = -1.342133
	x22 = 1.299514
	x23 = -0.915458
	x24 = 0.267183
	x25 = 1.599314
	x26 = -0.337212
	x27 = 0.087629
	x28 = 2.773218
	x29 = -0.756632
	x30 = -1.932059
	x31 = -1.313209
	x32 = -0.781637
	x33 = 1.227683
	x34 = -0.339577
	x35 = -0.745755
	x36 = -1.120244
	x37 = 1.561548
	x38 = -0.995432
	x39 = -3.135025
	x40 = -0.462244
	x41 = -2.362583
	x42 = 1.602929
	x43 = 0.888317
	x44 = 0.554132
	x45 = 1.367867
	x46 = 0.043586
	x47 = -0.292471
	x48 = 1.241345
	x49 = 0.288124
	x50 = -1.183509
	x51 = -0.965712
	x52 = 0.497457
	x53 = 1.853603
	x54 = -0.669056
	x55 = 0.801872
	x56 = 0.882557
	x57 = 0.398946
	x58 = 0.549228
	x59 = 1.858986
	x60 = -2.022565
	x61 = -2.726216
	x62 = 1.357844
	x63 = 0.162416
	x64 = 0.267506
	x65 = -0.393998
	x66 = -0.557272
	x67 = 2.072461
	x68 = 1.741376
	x69 = 0.884611
	x70 = -1.033959
	x71 = 0.120189
	x72 = -0.278537
	x73 = -0.816380
	x74 = 0.458108
	x75 = 0.399683
	x76 = 0.586617
	x77 = -0.715232
	x78 = -1.705017
	x79 = 1.593801
	x80 = 2.183305
	x81 = -1.349581
	x82 = -0.519739
	x83 = 0.127469
	x84 = -1.526722
	x85 = -0.141640
	x86 = 0.867178
	x87 = -0.470941
	x88 = 1.819547
	x89 = 0.276933
	x90 = -0.260450
	x91 = -1.738527
	x92 = 1.231059
	x93 = -2.633184
	x94 = 0.861382
	x95 = 0.250117
	x96 = -0.008798
	x97 = -1.136262
	x98 = -1.128969
	x99 = -2.646636
	x100 = 0.157132
	x101 = -1.426443
	x102 = 2.758182
	x103 = -2.352196
	x104 = -0.216504
	x105 = -2.213216
	x106 = -2.943599
	x107 = -0.509173
	x108 = -2.120532
	x109 = 2.334113
	x110 = 0.650978
	x111 = -0.599289
	x112 = -1.444883
	x113 = 2.282545
	x114 = 0.838212
	x115 = -1.875326
	x116 = 2.625713
	x117 = 0.838756
	x118 = 0.052715
	x119 = -1.606697
	x120 = 0.016575
	x121 = 2.681919
	x122 = -1.724982
	x123 = -0.668622
	x124 = -1.773286
	x125 = -1.700837
	x126 = -2.188277
	x127 = 0.274047
	x128 = 0.969941
	x129 = 0.975393
	x130 = -0.101585
	x131 = 2.130922
	x132 = 0.224876
	x133 = -0.944084
	x134 = 0.211091
	x135 = -0.514677
	x136 = -0.754609
	x137 = -0.276313
	x138 = -1.763515
	x139 = 0.097961
	x140 = 4.867234
	x141 = 1.573092
	x142 = 0.107708
	x143 = 1.589923
	x144 = 0.039347
	x145 = -0.250799
	x146 = 2.748985
	x147 = 1.243642
	x148 = 2.164830
	x149 = 0.126260
	x150 = -0.795844
	x151 = 1.073664
	x152 = 0.379059
	x153 = -0.677750
	x154 = 0.992096
	x155 = 0.254560
	x156 = 1.169212
	x157 = -0.477719
	x158 = -0.966977
	x159 = -1.352660
	x160 = 1.605056
	x161 = -2.028392
	x162 = 1.444129
	x163 = -2.968920
	x164 = -3.012854
	x165 = 0.060918
	x166 = 0.696077
	x167 = 3.509183
	x168 = -2.422147
	x169 = 0.173430
	x170 = -0.488482
	x171 = 0.304562
	x172 = -1.401221
	x173 = 0.712151
	x174 = 0.055339
	x175 = 0.512250
	x176 = -1.571322
	x177 = -0.150803
	x178 = -0.312180
	x179 = -2.512189
	x180 = -0.651657
	x181 = -0.323886
	x182 = -0.271972
	x183 = -2.367858
	x184 = 0.578788
	x185 = -1.731599
	x186 = 1.803871
	x187 = -2.060686
	x188 = 0.615133
	x189 = -3.972930
	x190 = -2.222059
	x191 = 0.545402
	x192 = 0.473917
	x193 = 1.426121
	x194 = 1.362618
	x195 = -0.521894
	x196 = -0.380568
	x197 = -1.735012
	x198 = -3.743145
	x199 = -0.432647
	x200 = 0.041059
	x201 = 3.781626
	x202 = -1.991788
	x203 = -1.569474
	x204 = -0.903125
	x205 = 1.603226
	x206 = -0.685851
	x207 = -2.496711
	x208 = -0.040360
	x209 = 1.239671
	x210 = -1.903389
	x211 = 1.453935
	x212 = -1.501475
	x213 = -0.970921
	x214 = -1.268673
	x215 = -2.440292
	x216 = -2.127460
	x217 = 0.551220
	x218 = -1.664890
	x219 = -2.183061
	x220 = -0.784930
	x221 = 0.025704
	x222 = -1.050227
	x223 = -0.296209
	x224 = -0.709222
	x225 = -1.330696
	x226 = 1.104090
	x227 = 0.310595
	x228 = 2.628405
	x229 = 1.213613
	x230 = 1.581817
	x231 = 2.578983
	x232 = 0.457321
	x233 = 1.018293
	x234 = -0.359258
	x235 = -2.151766
	x236 = 3.015626
	x237 = 1.468785
	x238 = 0.544175
	x239 = 5.877049
	x240 = 1.691144
	x241 = -0.298524
	x242 = 1.171877
	x243 = 1.202981
	x244 = 1.268589
	x245 = 1.688157
	x246 = -1.990514
	x247 = -1.962782
	x248 = -0.911720
	x249 = 0.754229
	x250 = 0.895576
	x251 = 1.550254
	x252 = -1.258771
	x253 = -0.343443
	x254 = -1.543299
	x255 = 0.503651
	x256 = -2.110583
	x257 = -0.481735
	x258 = -1.319200
	x259 = 3.080403
	x260 = -0.483056
	x261 = -0.243670
	x262 = 0.884724
	x263 = -1.592094
	x264 = -1.874918
	x265 = -0.628739
	x266 = -0.170213
	x267 = 1.269825
	x268 = -0.384541
	x269 = 0.724616
	x270 = 0.344954
	x271 = 1.128594
	x272 = -1.500316
	x273 = 0.169691
	x274 = 0.477938
	x275 = 3.861240
	x276 = 1.576001
	x277 = -1.516706
	x278 = -1.168542
	x279 = 2.361671
	x280 = 1.371258
	x281 = 0.889784
	x282 = 0.179983
	x283 = -3.018839
	x284 = -1.720464
	x285 = 1.779920
	x286 = -0.278441
	x287 = -0.837786
	x288 = -0.974661
	x289 = -0.503199
	x290 = 3.456727
	x291 = 0.004062
	x292 = 0.467539
	x293 = 0.583370
	x294 = 0.497863
	x295 = 3.797508
	x296 = -0.840266
	x297 = 2.217513
	x298 = -8.097871
	x299 = -1.029348
	x300 = 2.374592
	x301 = 1.026119
	x302 = -0.821193
	x303 = 0.029023
	x304 = -1.125538
	x305 = 2.115707
	x306 = 0.783388
	x307 = -0.917783
	x308 = -0.509055
	x309 = -2.415847
	x310 = -0.506784
	x311 = 1.423102
	x312 = 1.321417
	x313 = -1.053380
	x314 = -2.302589
	x315 = -0.367919
	x316 = 0.240349
	x317 = -3.784574
	x318 = 2.974108
	x319 = 1.444221
	x320 = -1.798712
	x321 = -0.469628
	x322 = -0.132852
	x323 = 0.535057
	x324 = -1.450750
	x325 = -2.913731
	x326 = -1.600792
	x327 = -2.428295
	x328 = -0.365844
	x329 = 1.196469
	x330 = 1.719353
	x331 = -0.047511
	x332 = -0.887603
	x333 = 0.577204
	x334 = 0.841793
	x335 = -0.037933
	x336 = -0.340538
	x337 = 2.344345
	x338 = 0.194514
	x339 = -0.567988
	x340 = 0.593145
	x341 = 0.099020
	x342 = -1.421837
	x343 = 0.217503
	x344 = -0.042826
	x345 = -0.383378
	x346 = -0.583472
	x347 = -0.124102
	x348 = 0.521172
	x349 = 0.061001
	x350 = 2.059688
	x351 = 0.373801
	x352 = -0.563272
	x353 = 0.628277
	x354 = -0.660314
	x355 = -0.819688
	x356 = 0.468235
	x357 = -0.078163
	x358 = -0.106882
	x359 = 3.006056
	x360 = -1.262033
	x361 = -1.677622
	x362 = -1.533472
	x363 = -1.107899
	x364 = -0.560268
	x365 = 1.918468
	x366 = -1.250934
	x367 = 0.015246
	x368 = -1.040829
	x369 = 0.272576
	x370 = -0.514010
	x371 = -0.674758
	x372 = -1.438127
	x373 = -0.461372
	x374 = 1.358551
	x375 = -0.105437
	x376 = -1.408108
	x377 = -0.209496
	x378 = 0.913948
	x379 = -1.784340
	x380 = 0.388848
	x381 = 0.695087
	x382 = -0.848453
	x383 = -0.207736
	x384 = -0.343963
	x385 = 0.958938
	x386 = -1.744157
	x387 = -1.475362
	x388 = -0.418371
	x389 = -0.135891
	x390 = -0.041623
	x391 = -4.311668
	x392 = -0.473140
	x393 = -1.349490
	x394 = -0.301946
	x395 = 1.260726
	x396 = -0.867239
	x397 = -0.179344
	x398 = 0.253938
	x399 = 0.775314
	x400 = -0.277307
	x401 = 0.217111
	x402 = -0.312664
	x403 = -1.514326
	x404 = -1.850802
	x405 = -0.553349
	x406 = -1.779470
	x407 = 1.358980
	x408 = 1.357147
	x409 = -1.161426
	x410 = -2.032800
	x411 = -0.042974
	x412 = 1.634363
	x413 = 0.087185
	x414 = -1.865590
	x415 = 1.786432
	x416 = 0.075706
	x417 = 0.070960
	x418 = -2.079249
	x419 = -0.677307
	x420 = -0.456582
	x421 = 0.044163
	x422 = 1.059144
	x423 = 1.423507
	x424 = -0.715285
	x425 = 3.431076
	x426 = -2.346454
	x427 = -0.768221
	x428 = -0.979554
	x429 = 0.573840
	x430 = -1.775134
	x431 = -1.395054
	x432 = 0.607224
	x433 = -0.761483
	x434 = 1.225646
	x435 = 1.826843
	x436 = 0.498321
	x437 = -0.022074
	x438 = -1.614769
	x439 = 0.700070
	x440 = 0.297374
	x441 = -1.021289
	x442 = -2.365221
	x443 = -2.252657
	x444 = -0.249376
	x445 = -0.628727
	x446 = -1.201472
	x447 = 0.307381
	x448 = -1.527141
	x449 = 0.607759
	x450 = -0.347241
	x451 = -0.340985
	x452 = -0.840180
	x453 = -0.963643
	x454 = -0.492701
	x455 = -0.550902
	x456 = 0.914709
	x457 = 0.392793
	x458 = -2.340171
	x459 = 1.260256
	x460 = 3.695776
	x461 = -1.846352
	x462 = -0.247336
	x463 = -1.319213
	x464 = -0.127033
	x465 = 0.246359
	x466 = -0.307164
	x467 = 1.918389
	x468 = 1.472303
	x469 = -3.019693
	x470 = -1.654389
	x471 = -0.737061
	x472 = -0.837592
	x473 = -0.356627
	x474 = -0.175403
	x475 = 0.301453
	x476 = 1.520433
	x477 = 1.939231
	x478 = 1.982567
	x479 = 6.324431
	x480 = 0.971210
	x481 = 0.356962
	x482 = 0.144348
	x483 = 0.772531
	x484 = 1.806859
	x485 = -1.658603
	x486 = 2.988704
	x487 = -1.697912
	x488 = -1.417663
	x489 = -0.265333
	x490 = 3.389577
	x491 = -0.505556
	x492 = 0.810766
	x493 = -1.500721
	x494 = -1.517858
	x495 = 0.371704
	x496 = 1.930211
	x497 = 1.502059
	x498 = 2.087736
	x499 = -1.455707
	x500 = -0.252982
	x501 = -2.315519
	x502 = -0.454543
	x503 = 0.948444
	x504 = -0.260580
	x505 = 0.804602
	x506 = 3.085306
	x507 = 1.541466
	x508 = -0.370828
	x509 = -0.668382
	x510 = 0.844866
	x511 = 0.017195

Output:
	y0 = -4.691697
	y1 = 6.148726
	y2 = -5.500249
	y3 = -8.134212
	y4 = 5.806273
	y5 = -6.926270
	y6 = -5.781948
	y7 = 5.320559
	y8 = -4.335093
	y9 = -7.789062
	y10 = 6.470897
	y11 = -5.821451
	y12 = -5.380720
	y13 = 8.290714
	y14 = -5.024072
	y15 = -4.980578
	y16 = 2.461650
	y17 = -4.328073
	y18 = -4.162587
	y19 = 4.391291
	y20 = -3.947753
	y21 = -7.935056
	y22 = 3.527134
	y23 = -8.699496
	y24 = -8.127032
	y25 = 8.454219
	y26 = -9.683806
	y27 = -7.167985
	y28 = 5.161725
	y29 = -6.572656
	y30 = -5.176003
	y31 = 5.315026
	y32 = -3.874322
	y33 = -2.654502
	y34 = 9.340547
	y35 = -1.056414
	y36 = -1.714348
	y37 = 6.315611
	y38 = -0.837027
	y39 = -3.209812
	y40 = 6.416611
	y41 = -1.998652
	y42 = -6.799289
	y43 = 7.957813
	y44 = -6.147674
	y45 = -6.651492
	y46 = 7.458209
	y47 = -6.965958
	y48 = -5.585111
	y49 = 10.919595
	y50 = -7.643360
	y51 = -6.329738
	y52 = 11.315540
	y53 = -5.254630
	y54 = -1.412066
	y55 = 8.949157
	y56 = -1.724930
	y57 = -2.533275
	y58 = -3.992478
	y59 = 0.251176
	y60 = -0.433196
	y61 = -3.945645
	y62 = 2.573886
	y63 = 1.376576
	y64 = -2.593524
	y65 = 3.620534
	y66 = -4.476897
	y67 = 9.276472
	y68 = -4.835636
	y69 = -6.888825
	y70 = 8.436838
	y71 = -7.793533
	y72 = -5.706470
	y73 = 9.557497
	y74 = -6.454849
	y75 = 0.881037
	y76 = -5.352820
	y77 = -0.798316
	y78 = -0.197446
	y79 = 9.602201
	y80 = 0.259330
	y81 = 8.497618
	y82 = -14.069522
	y83 = 10.638322
	y84 = 5.879684
	y85 = -14.748804
	y86 = 8.388052
	y87 = -0.802607
	y88 = 7.593434
	y89 = -1.660595
	y90 = 0.750110
	y91 = -8.667137
	y92 = -1.782884
	y93 = -5.534682
	y94 = 13.675952
	y95 = -7.522878
	y96 = -6.751680
	y97 = 6.835326
	y98 = -7.368605
	y99 = -5.077930
	y100 = 23.539122
	y101 = -5.275328
	y102 = 2.261403
	y103 = -8.930112
	y104 = 0.313451
	y105 = 9.622631
	y106 = -14.586049
	y107 = 10.351797
	y108 = 10.039561
	y109 = -14.923388
	y110 = 6.422830
	y111 = 4.514976
	y112 = -12.588701
	y113 = 0.156101
	y114 = -5.450767
	y115 = 24.611734
	y116 = -6.513608
	y117 = -7.479038
	y118 = 22.111025
	y119 = -8.639275
	y120 = -4.548224
	y121 = 7.502303
	y122 = -5.369650
	y123 = -7.962807
	y124 = 24.037261
	y125 = -7.155819
	y126 = -4.464344
	y127 = 3.382237
	y128 = -2.231236
	y129 = 3.193686
	y130 = -5.700127
	y131 = -0.537101
	y132 = 4.020872
	y133 = -7.893817
	y134 = 1.851617
	y135 = 3.859754
	y136 = -11.372647
	y137 = 0.376883
	y138 = -7.247380
	y139 = 20.269062
	y140 = -8.636864
	y141 = -5.011871
	y142 = 8.005517
	y143 = -6.020953
	y144 = -7.576404
	y145 = 5.694272
	y146 = -7.881936
	y147 = -8.430728
	y148 = 6.062199
	y149 = -8.497487
	y150 = -3.193465
	y151 = -2.783972
	y152 = -2.783962
	y153 = -5.370782
	y154 = 23.024209
	y155 = -4.994312
	y156 = -5.197540
	y157 = 16.120570
	y158 = -7.147204
	y159 = -9.118900
	y160 = 16.509091
	y161 = -7.745410
	y162 = -10.925310
	y163 = 18.965951
	y164 = -11.657809
	y165 = -5.473191
	y166 = 11.192950
	y167 = -8.654881
	y168 = -6.360021
	y169 = 6.154829
	y170 = -7.029376
	y171 = -5.212417
	y172 = 5.185409
	y173 = -7.396027
	y174 = -3.891952
	y175 = 8.774218
	y176 = -5.602849
	y177 = -4.443094
	y178 = 4.798922
	y179 = -4.999597
	y180 = -7.586248
	y181 = 4.897068
	y182 = -7.611501
	y183 = -7.550062
	y184 = 8.858438
	y185 = -8.221459
	y186 = -9.054764
	y187 = 4.906915
	y188 = -7.840771
	y189 = -8.667407
	y190 = 8.018490
	y191 = -10.473018

