InputQuery: /home/levn/Workspace/othello_world/queries/probe_robust/group_1/game_129_target_61_eps_0.1.txt
Engine::processInputQuery: Input query (before preprocessing): 449 equations, 1216 variables
Engine::processInputQuery: Input query (after preprocessing): 705 equations, 1354 variables

Input bounds:
	x0: [ -0.3026,  -0.1026] 
	x1: [  1.0489,   1.2489] 
	x2: [ -2.1354,  -1.9354] 
	x3: [  2.0216,   2.2216] 
	x4: [  1.4239,   1.6239] 
	x5: [  0.8327,   1.0327] 
	x6: [  0.3128,   0.5128] 
	x7: [ -2.1148,  -1.9148] 
	x8: [ -0.5791,  -0.3791] 
	x9: [  0.6410,   0.8410] 
	x10: [ -1.0035,  -0.8035] 
	x11: [ -1.6146,  -1.4146] 
	x12: [  0.4873,   0.6873] 
	x13: [ -1.9196,  -1.7196] 
	x14: [  1.1511,   1.3511] 
	x15: [ -0.5154,  -0.3154] 
	x16: [ -0.2000,   0.0000] 
	x17: [  0.6509,   0.8509] 
	x18: [  0.2343,   0.4343] 
	x19: [  3.1083,   3.3083] 
	x20: [ -0.4784,  -0.2784] 
	x21: [  0.9273,   1.1273] 
	x22: [ -1.5530,  -1.3530] 
	x23: [  0.7149,   0.9149] 
	x24: [ -0.8250,  -0.6250] 
	x25: [ -1.4491,  -1.2491] 
	x26: [  0.6516,   0.8516] 
	x27: [ -0.7767,  -0.5767] 
	x28: [ -1.1303,  -0.9303] 
	x29: [  0.0677,   0.2677] 
	x30: [  2.2371,   2.4371] 
	x31: [  1.1044,   1.3044] 
	x32: [ -0.2036,  -0.0036] 
	x33: [ -0.4250,  -0.2250] 
	x34: [ -0.7609,  -0.5609] 
	x35: [ -1.8415,  -1.6415] 
	x36: [  0.5941,   0.7941] 
	x37: [ -2.2513,  -2.0513] 
	x38: [ -1.0615,  -0.8615] 
	x39: [ -3.2005,  -3.0005] 
	x40: [  2.7614,   2.9614] 
	x41: [  1.1571,   1.3571] 
	x42: [ -0.8496,  -0.6496] 
	x43: [ -0.0444,   0.1556] 
	x44: [  0.7088,   0.9088] 
	x45: [ -1.2031,  -1.0031] 
	x46: [ -1.3346,  -1.1346] 
	x47: [  0.1941,   0.3941] 
	x48: [  2.1409,   2.3409] 
	x49: [ -1.2371,  -1.0371] 
	x50: [  0.6920,   0.8920] 
	x51: [ -2.1579,  -1.9579] 
	x52: [ -1.8104,  -1.6104] 
	x53: [  1.5162,   1.7162] 
	x54: [  0.6620,   0.8620] 
	x55: [ -0.7427,  -0.5427] 
	x56: [  0.1380,   0.3380] 
	x57: [ -1.5261,  -1.3261] 
	x58: [  1.4089,   1.6089] 
	x59: [  1.3064,   1.5064] 
	x60: [  1.9941,   2.1941] 
	x61: [  1.0596,   1.2596] 
	x62: [ -0.5982,  -0.3982] 
	x63: [ -1.4179,  -1.2179] 
	x64: [  0.6336,   0.8336] 
	x65: [ -2.1435,  -1.9435] 
	x66: [  0.3425,   0.5425] 
	x67: [ -0.6322,  -0.4322] 
	x68: [  2.0995,   2.2995] 
	x69: [  1.0678,   1.2678] 
	x70: [  0.6016,   0.8016] 
	x71: [  0.2294,   0.4294] 
	x72: [  0.1555,   0.3555] 
	x73: [  2.3904,   2.5904] 
	x74: [ -0.7202,  -0.5202] 
	x75: [  0.3064,   0.5064] 
	x76: [ -0.2662,  -0.0662] 
	x77: [ -1.1054,  -0.9054] 
	x78: [ -1.9586,  -1.7586] 
	x79: [  1.6474,   1.8474] 
	x80: [ -1.9182,  -1.7182] 
	x81: [ -0.2288,  -0.0288] 
	x82: [  1.4414,   1.6414] 
	x83: [ -1.3118,  -1.1118] 
	x84: [ -1.5516,  -1.3516] 
	x85: [  0.7944,   0.9944] 
	x86: [  0.6457,   0.8457] 
	x87: [ -3.7614,  -3.5614] 
	x88: [ -0.3337,  -0.1337] 
	x89: [  0.2331,   0.4331] 
	x90: [  0.9631,   1.1631] 
	x91: [ -0.4472,  -0.2472] 
	x92: [ -0.0727,   0.1273] 
	x93: [ -3.9953,  -3.7953] 
	x94: [ -0.5957,  -0.3957] 
	x95: [  0.4314,   0.6314] 
	x96: [ -0.5920,  -0.3920] 
	x97: [ -1.1825,  -0.9825] 
	x98: [ -0.8598,  -0.6598] 
	x99: [  0.4868,   0.6868] 
	x100: [ -0.5698,  -0.3698] 
	x101: [  1.5239,   1.7239] 
	x102: [ -1.0815,  -0.8815] 
	x103: [  0.1078,   0.3078] 
	x104: [ -1.4393,  -1.2393] 
	x105: [  3.1246,   3.3246] 
	x106: [ -1.3594,  -1.1594] 
	x107: [  0.8141,   1.0141] 
	x108: [  1.6415,   1.8415] 
	x109: [ -2.0235,  -1.8235] 
	x110: [  1.2813,   1.4813] 
	x111: [ -0.9342,  -0.7342] 
	x112: [ -1.4506,  -1.2506] 
	x113: [  0.2541,   0.4541] 
	x114: [ -1.0796,  -0.8796] 
	x115: [ -1.4582,  -1.2582] 
	x116: [ -2.4707,  -2.2707] 
	x117: [ -0.9790,  -0.7790] 
	x118: [ -1.4580,  -1.2580] 
	x119: [  0.1576,   0.3576] 
	x120: [ -1.1367,  -0.9367] 
	x121: [ -0.7104,  -0.5104] 
	x122: [  0.7146,   0.9146] 
	x123: [ -1.5491,  -1.3491] 
	x124: [ -1.2198,  -1.0198] 
	x125: [  0.1716,   0.3716] 
	x126: [  1.8431,   2.0431] 
	x127: [ -0.5228,  -0.3228] 
	x128: [  0.1178,   0.3178] 
	x129: [ -0.4665,  -0.2665] 
	x130: [  1.1228,   1.3228] 
	x131: [ -1.0320,  -0.8320] 
	x132: [ -1.1229,  -0.9229] 
	x133: [  2.0847,   2.2847] 
	x134: [  1.7835,   1.9835] 
	x135: [ -1.6959,  -1.4959] 
	x136: [ -1.4867,  -1.2867] 
	x137: [  0.3507,   0.5507] 
	x138: [  0.8328,   1.0328] 
	x139: [ -0.1076,   0.0924] 
	x140: [  2.9502,   3.1502] 
	x141: [  0.4085,   0.6085] 
	x142: [ -1.3275,  -1.1275] 
	x143: [ -1.6074,  -1.4074] 
	x144: [ -2.4897,  -2.2897] 
	x145: [ -0.3430,  -0.1430] 
	x146: [ -1.2679,  -1.0679] 
	x147: [ -0.0233,   0.1767] 
	x148: [ -0.1076,   0.0924] 
	x149: [ -0.3817,  -0.1817] 
	x150: [ -2.0356,  -1.8356] 
	x151: [  0.5228,   0.7228] 
	x152: [ -1.8095,  -1.6095] 
	x153: [  0.5420,   0.7420] 
	x154: [  2.3635,   2.5635] 
	x155: [ -3.6570,  -3.4570] 
	x156: [  2.5781,   2.7781] 
	x157: [  0.9599,   1.1599] 
	x158: [  0.7586,   0.9586] 
	x159: [ -0.7174,  -0.5174] 
	x160: [ -0.6069,  -0.4069] 
	x161: [ -0.7037,  -0.5037] 
	x162: [ -0.1451,   0.0549] 
	x163: [  0.5449,   0.7449] 
	x164: [ -1.0291,  -0.8291] 
	x165: [  0.1781,   0.3781] 
	x166: [ -0.9491,  -0.7491] 
	x167: [  5.8736,   6.0736] 
	x168: [ -1.8362,  -1.6362] 
	x169: [  0.9715,   1.1715] 
	x170: [ -0.1362,   0.0638] 
	x171: [  1.3757,   1.5757] 
	x172: [  0.1590,   0.3590] 
	x173: [ -0.1073,   0.0927] 
	x174: [ -2.0849,  -1.8849] 
	x175: [  0.5398,   0.7398] 
	x176: [  1.6992,   1.8992] 
	x177: [  1.3148,   1.5148] 
	x178: [ -0.5276,  -0.3276] 
	x179: [ -1.2440,  -1.0440] 
	x180: [ -1.8229,  -1.6229] 
	x181: [  0.2296,   0.4296] 
	x182: [ -0.7124,  -0.5124] 
	x183: [ -0.3272,  -0.1272] 
	x184: [  2.3103,   2.5103] 
	x185: [  0.1583,   0.3583] 
	x186: [ -0.1042,   0.0958] 
	x187: [  1.6969,   1.8969] 
	x188: [ -0.1703,   0.0297] 
	x189: [ -0.6267,  -0.4267] 
	x190: [ -2.6478,  -2.4478] 
	x191: [ -0.3463,  -0.1463] 
	x192: [ -1.1423,  -0.9423] 
	x193: [  1.9965,   2.1965] 
	x194: [  1.1239,   1.3239] 
	x195: [  0.3390,   0.5390] 
	x196: [ -1.0380,  -0.8380] 
	x197: [  2.0800,   2.2800] 
	x198: [ -0.5223,  -0.3223] 
	x199: [  0.5342,   0.7342] 
	x200: [ -1.0550,  -0.8550] 
	x201: [ -0.3015,  -0.1015] 
	x202: [ -1.6940,  -1.4940] 
	x203: [ -0.6295,  -0.4295] 
	x204: [  1.9033,   2.1033] 
	x205: [ -0.9309,  -0.7309] 
	x206: [ -0.7784,  -0.5784] 
	x207: [ -2.2869,  -2.0869] 
	x208: [ -0.0380,   0.1620] 
	x209: [  0.4145,   0.6145] 
	x210: [  0.4707,   0.6707] 
	x211: [  0.4090,   0.6090] 
	x212: [ -0.2026,  -0.0026] 
	x213: [  1.0483,   1.2483] 
	x214: [  0.8834,   1.0834] 
	x215: [  1.2845,   1.4845] 
	x216: [  0.0470,   0.2470] 
	x217: [ -0.7945,  -0.5945] 
	x218: [  2.3102,   2.5102] 
	x219: [ -0.7592,  -0.5592] 
	x220: [ -0.5381,  -0.3381] 
	x221: [ -0.9716,  -0.7716] 
	x222: [  0.7416,   0.9416] 
	x223: [ -1.0475,  -0.8475] 
	x224: [ -0.4227,  -0.2227] 
	x225: [  0.8509,   1.0509] 
	x226: [  2.1158,   2.3158] 
	x227: [ -1.3610,  -1.1610] 
	x228: [  1.9752,   2.1752] 
	x229: [  0.5811,   0.7811] 
	x230: [ -1.6250,  -1.4250] 
	x231: [ -1.6972,  -1.4972] 
	x232: [  1.9616,   2.1616] 
	x233: [  0.2268,   0.4268] 
	x234: [  0.5726,   0.7726] 
	x235: [ -1.1207,  -0.9207] 
	x236: [ -0.5920,  -0.3920] 
	x237: [ -0.4690,  -0.2690] 
	x238: [ -0.7799,  -0.5799] 
	x239: [  7.8992,   8.0992] 
	x240: [  1.1277,   1.3277] 
	x241: [ -3.0349,  -2.8349] 
	x242: [  0.3274,   0.5274] 
	x243: [ -0.4508,  -0.2508] 
	x244: [  0.8616,   1.0616] 
	x245: [ -1.3220,  -1.1220] 
	x246: [  0.2592,   0.4592] 
	x247: [  0.9513,   1.1513] 
	x248: [ -3.0282,  -2.8282] 
	x249: [  0.2782,   0.4782] 
	x250: [ -0.4396,  -0.2396] 
	x251: [  1.5071,   1.7071] 
	x252: [ -0.2679,  -0.0679] 
	x253: [ -0.8084,  -0.6084] 
	x254: [  1.8862,   2.0862] 
	x255: [  0.6492,   0.8492] 
	x256: [  1.4020,   1.6020] 
	x257: [ -0.1284,   0.0716] 
	x258: [ -3.3273,  -3.1273] 
	x259: [ -2.1114,  -1.9114] 
	x260: [ -2.1585,  -1.9585] 
	x261: [  0.8379,   1.0379] 
	x262: [ -1.0289,  -0.8289] 
	x263: [  0.1512,   0.3512] 
	x264: [  0.7365,   0.9365] 
	x265: [ -1.4705,  -1.2705] 
	x266: [  0.5040,   0.7040] 
	x267: [ -0.5963,  -0.3963] 
	x268: [ -0.7233,  -0.5233] 
	x269: [ -0.6927,  -0.4927] 
	x270: [  3.0517,   3.2517] 
	x271: [ -0.5092,  -0.3092] 
	x272: [  1.0533,   1.2533] 
	x273: [ -0.3009,  -0.1009] 
	x274: [ -0.7805,  -0.5805] 
	x275: [  1.2943,   1.4943] 
	x276: [ -2.0194,  -1.8194] 
	x277: [  0.8480,   1.0480] 
	x278: [  0.9252,   1.1252] 
	x279: [  0.2847,   0.4847] 
	x280: [ -0.7406,  -0.5406] 
	x281: [  0.8019,   1.0019] 
	x282: [ -2.0916,  -1.8916] 
	x283: [ -1.2226,  -1.0226] 
	x284: [ -2.1710,  -1.9710] 
	x285: [  0.7702,   0.9702] 
	x286: [ -0.8421,  -0.6421] 
	x287: [ -0.6049,  -0.4049] 
	x288: [ -0.6885,  -0.4885] 
	x289: [ -2.1519,  -1.9519] 
	x290: [ -0.7687,  -0.5687] 
	x291: [  0.4798,   0.6798] 
	x292: [  0.0721,   0.2721] 
	x293: [  0.3036,   0.5036] 
	x294: [  0.1492,   0.3492] 
	x295: [ -1.3375,  -1.1375] 
	x296: [ -1.6632,  -1.4632] 
	x297: [ -0.6473,  -0.4473] 
	x298: [ -7.6447,  -7.4447] 
	x299: [  0.3988,   0.5988] 
	x300: [ -0.5842,  -0.3842] 
	x301: [  0.0730,   0.2730] 
	x302: [  1.2001,   1.4001] 
	x303: [ -1.4607,  -1.2607] 
	x304: [  0.0197,   0.2197] 
	x305: [  0.0113,   0.2113] 
	x306: [  0.4909,   0.6909] 
	x307: [ -1.2085,  -1.0085] 
	x308: [ -2.2558,  -2.0558] 
	x309: [  0.7286,   0.9286] 
	x310: [  0.9594,   1.1594] 
	x311: [ -0.2430,  -0.0430] 
	x312: [  0.1103,   0.3103] 
	x313: [ -1.6706,  -1.4706] 
	x314: [ -0.9161,  -0.7161] 
	x315: [ -0.7590,  -0.5590] 
	x316: [  1.2188,   1.4188] 
	x317: [ -1.1572,  -0.9572] 
	x318: [ -1.2379,  -1.0379] 
	x319: [ -3.1238,  -2.9238] 
	x320: [ -0.1053,   0.0947] 
	x321: [ -1.2761,  -1.0761] 
	x322: [  1.4349,   1.6349] 
	x323: [ -0.7075,  -0.5075] 
	x324: [ -0.0796,   0.1204] 
	x325: [ -2.3361,  -2.1361] 
	x326: [ -0.8879,  -0.6879] 
	x327: [  0.6376,   0.8376] 
	x328: [  1.6596,   1.8596] 
	x329: [  1.5595,   1.7595] 
	x330: [ -1.5190,  -1.3190] 
	x331: [  0.8306,   1.0306] 
	x332: [  0.4517,   0.6517] 
	x333: [  0.2285,   0.4285] 
	x334: [  0.3354,   0.5354] 
	x335: [ -2.1494,  -1.9494] 
	x336: [  0.1124,   0.3124] 
	x337: [ -0.5254,  -0.3254] 
	x338: [  1.8936,   2.0936] 
	x339: [  1.6465,   1.8465] 
	x340: [  1.6524,   1.8524] 
	x341: [ -0.6583,  -0.4583] 
	x342: [  1.1988,   1.3988] 
	x343: [  0.4637,   0.6637] 
	x344: [  1.9278,   2.1278] 
	x345: [ -1.6022,  -1.4022] 
	x346: [ -0.0400,   0.1600] 
	x347: [  1.8499,   2.0499] 
	x348: [  0.6822,   0.8822] 
	x349: [  0.2945,   0.4945] 
	x350: [ -2.5230,  -2.3230] 
	x351: [ -0.6505,  -0.4505] 
	x352: [ -0.4320,  -0.2320] 
	x353: [  0.6959,   0.8959] 
	x354: [  0.1433,   0.3433] 
	x355: [  1.6813,   1.8813] 
	x356: [ -0.3356,  -0.1356] 
	x357: [ -0.1578,   0.0422] 
	x358: [ -0.3462,  -0.1462] 
	x359: [ -2.0046,  -1.8046] 
	x360: [  0.4878,   0.6878] 
	x361: [ -1.4767,  -1.2767] 
	x362: [ -2.2435,  -2.0435] 
	x363: [ -1.0260,  -0.8260] 
	x364: [ -0.5304,  -0.3304] 
	x365: [ -0.4386,  -0.2386] 
	x366: [  0.9176,   1.1176] 
	x367: [ -1.2240,  -1.0240] 
	x368: [  2.3560,   2.5560] 
	x369: [  0.2906,   0.4906] 
	x370: [ -1.7877,  -1.5877] 
	x371: [  0.3634,   0.5634] 
	x372: [  2.7405,   2.9405] 
	x373: [ -2.4908,  -2.2908] 
	x374: [  0.7517,   0.9517] 
	x375: [ -2.4147,  -2.2147] 
	x376: [ -1.0153,  -0.8153] 
	x377: [ -0.4683,  -0.2683] 
	x378: [  0.1349,   0.3349] 
	x379: [  1.2368,   1.4368] 
	x380: [  3.9297,   4.1297] 
	x381: [  0.2355,   0.4355] 
	x382: [ -2.1712,  -1.9712] 
	x383: [  0.2366,   0.4366] 
	x384: [  0.1411,   0.3411] 
	x385: [ -1.9890,  -1.7890] 
	x386: [ -2.0570,  -1.8570] 
	x387: [ -1.1928,  -0.9928] 
	x388: [ -1.1950,  -0.9950] 
	x389: [ -3.8861,  -3.6861] 
	x390: [ -0.4066,  -0.2066] 
	x391: [ -0.8100,  -0.6100] 
	x392: [  0.8676,   1.0676] 
	x393: [ -0.5244,  -0.3244] 
	x394: [  0.6684,   0.8684] 
	x395: [ -1.4273,  -1.2273] 
	x396: [  0.7602,   0.9602] 
	x397: [ -0.1815,   0.0185] 
	x398: [  0.6883,   0.8883] 
	x399: [ -0.5419,  -0.3419] 
	x400: [  0.9742,   1.1742] 
	x401: [ -0.7156,  -0.5156] 
	x402: [ -0.4601,  -0.2601] 
	x403: [  0.1717,   0.3717] 
	x404: [ -0.5290,  -0.3290] 
	x405: [  0.2567,   0.4567] 
	x406: [  1.5841,   1.7841] 
	x407: [  1.3196,   1.5196] 
	x408: [ -2.9593,  -2.7593] 
	x409: [  0.5625,   0.7625] 
	x410: [ -2.4290,  -2.2290] 
	x411: [  0.7753,   0.9753] 
	x412: [  0.3937,   0.5937] 
	x413: [ -0.3914,  -0.1914] 
	x414: [ -1.0062,  -0.8062] 
	x415: [  0.7599,   0.9599] 
	x416: [ -1.6769,  -1.4769] 
	x417: [ -0.7539,  -0.5539] 
	x418: [ -1.3319,  -1.1319] 
	x419: [ -0.5122,  -0.3122] 
	x420: [ -1.1156,  -0.9156] 
	x421: [  0.3506,   0.5506] 
	x422: [ -1.7028,  -1.5028] 
	x423: [ -1.6905,  -1.4905] 
	x424: [ -3.1650,  -2.9650] 
	x425: [ -2.7205,  -2.5205] 
	x426: [ -1.7757,  -1.5757] 
	x427: [  2.0250,   2.2250] 
	x428: [ -0.2140,  -0.0140] 
	x429: [  1.1275,   1.3275] 
	x430: [  0.2275,   0.4275] 
	x431: [  0.7000,   0.9000] 
	x432: [ -2.0377,  -1.8377] 
	x433: [ -0.7958,  -0.5958] 
	x434: [ -2.4539,  -2.2539] 
	x435: [  0.8511,   1.0511] 
	x436: [  0.5251,   0.7251] 
	x437: [  1.1505,   1.3505] 
	x438: [ -0.3419,  -0.1419] 
	x439: [ -1.7946,  -1.5946] 
	x440: [ -0.6322,  -0.4322] 
	x441: [  0.8772,   1.0772] 
	x442: [ -1.9323,  -1.7323] 
	x443: [ -1.9142,  -1.7142] 
	x444: [ -2.7764,  -2.5764] 
	x445: [ -0.7903,  -0.5903] 
	x446: [  0.9166,   1.1166] 
	x447: [ -0.3286,  -0.1286] 
	x448: [ -1.7854,  -1.5854] 
	x449: [  1.9782,   2.1782] 
	x450: [ -0.4531,  -0.2531] 
	x451: [ -0.2233,  -0.0233] 
	x452: [  1.4450,   1.6450] 
	x453: [ -2.3506,  -2.1506] 
	x454: [ -0.4896,  -0.2896] 
	x455: [ -2.6205,  -2.4205] 
	x456: [ -1.0768,  -0.8768] 
	x457: [ -1.0750,  -0.8750] 
	x458: [ -3.1615,  -2.9615] 
	x459: [ -0.8551,  -0.6551] 
	x460: [  2.4659,   2.6659] 
	x461: [  3.6151,   3.8151] 
	x462: [ -1.4486,  -1.2486] 
	x463: [ -1.0356,  -0.8356] 
	x464: [ -0.5617,  -0.3617] 
	x465: [  0.5232,   0.7232] 
	x466: [ -0.1528,   0.0472] 
	x467: [ -1.7034,  -1.5034] 
	x468: [ -0.7467,  -0.5467] 
	x469: [  1.2534,   1.4534] 
	x470: [ -1.5930,  -1.3930] 
	x471: [  0.0934,   0.2934] 
	x472: [ -2.2000,  -2.0000] 
	x473: [ -0.7941,  -0.5941] 
	x474: [ -0.5238,  -0.3238] 
	x475: [ -0.5934,  -0.3934] 
	x476: [ -2.2837,  -2.0837] 
	x477: [ -1.5730,  -1.3730] 
	x478: [ -1.7045,  -1.5045] 
	x479: [  7.6212,   7.8212] 
	x480: [  1.2061,   1.4061] 
	x481: [  0.1022,   0.3022] 
	x482: [ -0.8334,  -0.6334] 
	x483: [ -1.5467,  -1.3467] 
	x484: [ -1.0351,  -0.8351] 
	x485: [  1.5528,   1.7528] 
	x486: [ -1.0360,  -0.8360] 
	x487: [  0.3340,   0.5340] 
	x488: [  0.4501,   0.6501] 
	x489: [ -1.5571,  -1.3571] 
	x490: [ -1.5086,  -1.3086] 
	x491: [  0.6306,   0.8306] 
	x492: [ -0.4034,  -0.2034] 
	x493: [  1.6927,   1.8927] 
	x494: [ -0.4263,  -0.2263] 
	x495: [  1.7689,   1.9689] 
	x496: [ -1.4416,  -1.2416] 
	x497: [ -0.3695,  -0.1695] 
	x498: [ -1.8304,  -1.6304] 
	x499: [  1.5229,   1.7229] 
	x500: [ -2.2378,  -2.0378] 
	x501: [ -0.6529,  -0.4529] 
	x502: [ -1.4251,  -1.2251] 
	x503: [ -0.3985,  -0.1985] 
	x504: [  0.1262,   0.3262] 
	x505: [  0.2863,   0.4863] 
	x506: [  0.9457,   1.1457] 
	x507: [ -3.0803,  -2.8803] 
	x508: [ -1.8852,  -1.6852] 
	x509: [ -1.0509,  -0.8509] 
	x510: [ -2.7629,  -2.5629] 
	x511: [  0.0411,   0.2411] 

Branching heuristics set to PseudoImpact

Engine::solve: Initial statistics

23:29:36 Statistics update:
	--- Time Statistics ---
	Total time elapsed: 481 milli (00:00:00)
		Main loop: 0 milli (00:00:00)
		Preprocessing time: 190 milli (00:00:00)
		Unknown: 290 milli (00:00:00)
	Breakdown for main loop:
		[0.00%] Simplex steps: 0 milli
		[0.00%] Explicit-basis bound tightening: 0 milli
		[0.00%] Constraint-matrix bound tightening: 0 milli
		[0.00%] Degradation checking: 0 milli
		[0.00%] Precision restoration: 0 milli
		[0.00%] Statistics handling: 0 milli
		[0.00%] Constraint-fixing steps: 0 milli
		[0.00%] Valid case splits: 0 milli. Average per split: 0.00 milli
		[0.00%] Applying stored bound-tightening: 0 milli
		[0.00%] SMT core: 0 milli
		[0.00%] Symbolic Bound Tightening: 13 milli
		[0.00%] SoI-based local search: 0 milli
		[0.00%] SoI-based local search: 0 milli
		[0.00%] Unaccounted for: 0 milli
	--- Preprocessor Statistics ---
	Number of preprocessor bound-tightening loop iterations: 3
	Number of eliminated variables: 119
	Number of constraints removed due to variable elimination: 119
	Number of equations removed due to variable elimination: 0
	--- Engine Statistics ---
	Number of main loop iterations: 1
		0 iterations were simplex steps. Total time: 0 milli. Average: 0.00 milli.
		0 iterations were constraint-fixing steps. Total time: 0 milli. Average: 0.00 milli
	Number of active piecewise-linear constraints: 137 / 137
		Constraints disabled by valid splits: 0. By SMT-originated splits: 0
	Last reported degradation: 0.0000000000. Max degradation so far: 0.0000000000. Restorations so far: 0
	Number of simplex pivots we attempted to skip because of instability: 0.
	Unstable pivots performed anyway: 0
	--- Tableau Statistics ---
	Total number of pivots performed: 0
		Real pivots: 0. Degenerate: 0 (0.00%)
		Degenerate pivots by request (e.g., to fix a PL constraint): 0 (0.00%)
		Average time per pivot: 0.00 milli
	Total number of fake pivots performed: 0
	Total number of rows added: 0. Number of merged columns: 0
	Current tableau dimensions: M = 705, N = 2059
	--- SMT Core Statistics ---
	Total depth is 0. Total visited states: 1. Number of splits: 0. Number of pops: 0
	Max stack depth: 0
	--- Bound Tightening Statistics ---
	Number of tightened bounds: 0.
		Number of rows examined by row tightener: 0. Consequent tightenings: 0
		Number of explicit basis matrices examined by row tightener: 0. Consequent tightenings: 0
		Number of bound tightening rounds on the entire constraint matrix: 0. Consequent tightenings: 0
		Number of bound notifications sent to PL constraints: 822. Tightenings proposed: 0
	--- Basis Factorization statistics ---
	Number of basis refactorizations: 2
	--- Projected Steepest Edge Statistics ---
	Number of iterations: 0.
	Number of resets to reference space: 1. Avg. iterations per reset: 0
	--- SBT ---
	Number of tightened bounds: 385
	--- SoI-based local search ---
	Number of proposed phase pattern update: 0. Number of accepted update: 0 [0.00%]
	Total time (% of local search time) updating SoI phase pattern : 0 milli [0.00%]
	Total time obtaining current assignment: 0 milli [0.00%]
	Total time getting SoI phase pattern : 0 milli [0.00%]
	--- Context dependent statistics ---
	Number of pushes / pops: 0 / 0
		[0.00%] Pre-Push hook: 0 milli
		[0.00%] Push : 0 milli
		[0.00%] Post-Pop hook: 0 milli
		[0.00%] Pop : 0 milli
		[0.00%] Total context-switching time: 0 milli
	--- Proof Certificate ---
	Number of certified leaves: 0
	Number of leaves to delegate: 0

---

Engine::solve: sat assignment found

23:29:38 Statistics update:
	--- Time Statistics ---
	Total time elapsed: 2517 milli (00:00:02)
		Main loop: 2035 milli (00:00:02)
		Preprocessing time: 190 milli (00:00:00)
		Unknown: 291 milli (00:00:00)
	Breakdown for main loop:
		[30.53%] Simplex steps: 621 milli
		[68.22%] Explicit-basis bound tightening: 1388 milli
		[0.00%] Constraint-matrix bound tightening: 0 milli
		[0.61%] Degradation checking: 12 milli
		[0.00%] Precision restoration: 0 milli
		[0.06%] Statistics handling: 1 milli
		[0.00%] Constraint-fixing steps: 0 milli
		[0.00%] Valid case splits: 0 milli. Average per split: 0.00 milli
		[0.00%] Applying stored bound-tightening: 0 milli
		[0.00%] SMT core: 0 milli
		[1.03%] Symbolic Bound Tightening: 20 milli
		[2.92%] SoI-based local search: 59 milli
		[0.00%] SoI-based local search: 0 milli
		[906413334229729.12%] Unaccounted for: 0 milli
	--- Preprocessor Statistics ---
	Number of preprocessor bound-tightening loop iterations: 3
	Number of eliminated variables: 119
	Number of constraints removed due to variable elimination: 119
	Number of equations removed due to variable elimination: 0
	--- Engine Statistics ---
	Number of main loop iterations: 532
		530 iterations were simplex steps. Total time: 621 milli. Average: 1.17 milli.
		0 iterations were constraint-fixing steps. Total time: 0 milli. Average: 0.00 milli
	Number of active piecewise-linear constraints: 137 / 137
		Constraints disabled by valid splits: 0. By SMT-originated splits: 0
	Last reported degradation: 0.0000000000. Max degradation so far: 0.0000000000. Restorations so far: 0
	Number of simplex pivots we attempted to skip because of instability: 0.
	Unstable pivots performed anyway: 0
	--- Tableau Statistics ---
	Total number of pivots performed: 519
		Real pivots: 519. Degenerate: 0 (0.00%)
		Degenerate pivots by request (e.g., to fix a PL constraint): 0 (0.00%)
		Average time per pivot: 0.24 milli
	Total number of fake pivots performed: 9
	Total number of rows added: 0. Number of merged columns: 0
	Current tableau dimensions: M = 705, N = 2059
	--- SMT Core Statistics ---
	Total depth is 0. Total visited states: 1. Number of splits: 0. Number of pops: 0
	Max stack depth: 0
	--- Bound Tightening Statistics ---
	Number of tightened bounds: 0.
		Number of rows examined by row tightener: 519. Consequent tightenings: 0
		Number of explicit basis matrices examined by row tightener: 6. Consequent tightenings: 289
		Number of bound tightening rounds on the entire constraint matrix: 0. Consequent tightenings: 0
		Number of bound notifications sent to PL constraints: 1644. Tightenings proposed: 0
	--- Basis Factorization statistics ---
	Number of basis refactorizations: 6
	--- Projected Steepest Edge Statistics ---
	Number of iterations: 528.
	Number of resets to reference space: 1. Avg. iterations per reset: 528
	--- SBT ---
	Number of tightened bounds: 385
	--- SoI-based local search ---
	Number of proposed phase pattern update: 0. Number of accepted update: 1 [0.00%]
	Total time (% of local search time) updating SoI phase pattern : 385 milli [0.65%]
	Total time obtaining current assignment: 155 milli [0.26%]
	Total time getting SoI phase pattern : 55 milli [0.00%]
	--- Context dependent statistics ---
	Number of pushes / pops: 0 / 0
		[0.00%] Pre-Push hook: 0 milli
		[0.00%] Push : 0 milli
		[0.00%] Post-Pop hook: 0 milli
		[0.00%] Pop : 0 milli
		[0.00%] Total context-switching time: 0 milli
	--- Proof Certificate ---
	Number of certified leaves: 0
	Number of leaves to delegate: 0
sat
Input assignment:
	x0 = -0.102581
	x1 = 1.048941
	x2 = -2.135390
	x3 = 2.021610
	x4 = 1.423855
	x5 = 0.832711
	x6 = 0.512824
	x7 = -2.114804
	x8 = -0.379148
	x9 = 0.740561
	x10 = -1.003511
	x11 = -1.614560
	x12 = 0.687299
	x13 = -1.719649
	x14 = 1.351126
	x15 = -0.515413
	x16 = -0.199971
	x17 = 0.650923
	x18 = 0.234337
	x19 = 3.308286
	x20 = -0.278434
	x21 = 0.927289
	x22 = -1.553003
	x23 = 0.808852
	x24 = -0.625010
	x25 = -1.249105
	x26 = 0.651632
	x27 = -0.776731
	x28 = -1.130281
	x29 = 0.267749
	x30 = 2.237090
	x31 = 1.104425
	x32 = -0.203614
	x33 = -0.425004
	x34 = -0.560912
	x35 = -1.641450
	x36 = 0.794144
	x37 = -2.251280
	x38 = -1.061461
	x39 = -3.000535
	x40 = 2.961431
	x41 = 1.357143
	x42 = -0.649633
	x43 = 0.155646
	x44 = 0.708776
	x45 = -1.003064
	x46 = -1.134639
	x47 = 0.394054
	x48 = 2.340946
	x49 = -1.237061
	x50 = 0.891985
	x51 = -1.957883
	x52 = -1.810371
	x53 = 1.716178
	x54 = 0.862010
	x55 = -0.742668
	x56 = 0.337960
	x57 = -1.526097
	x58 = 1.408856
	x59 = 1.506370
	x60 = 2.194117
	x61 = 1.259643
	x62 = -0.598174
	x63 = -1.417851
	x64 = 0.833557
	x65 = -1.943494
	x66 = 0.342459
	x67 = -0.432182
	x68 = 2.099497
	x69 = 1.267766
	x70 = 0.801572
	x71 = 0.429429
	x72 = 0.155532
	x73 = 2.590443
	x74 = -0.720193
	x75 = 0.306445
	x76 = -0.266176
	x77 = -1.105375
	x78 = -1.758614
	x79 = 1.647380
	x80 = -1.918155
	x81 = -0.228753
	x82 = 1.477561
	x83 = -1.111836
	x84 = -1.351586
	x85 = 0.994419
	x86 = 0.645671
	x87 = -3.561418
	x88 = -0.333735
	x89 = 0.433051
	x90 = 1.163125
	x91 = -0.447217
	x92 = 0.127302
	x93 = -3.995334
	x94 = -0.395651
	x95 = 0.431442
	x96 = -0.591960
	x97 = -0.982508
	x98 = -0.859785
	x99 = 0.686766
	x100 = -0.369831
	x101 = 1.723940
	x102 = -0.881502
	x103 = 0.307790
	x104 = -1.239340
	x105 = 3.124602
	x106 = -1.159398
	x107 = 0.814097
	x108 = 1.641478
	x109 = -2.023502
	x110 = 1.481293
	x111 = -0.734172
	x112 = -1.250611
	x113 = 0.454138
	x114 = -1.079611
	x115 = -1.458222
	x116 = -2.470746
	x117 = -0.979020
	x118 = -1.257974
	x119 = 0.157554
	x120 = -0.936740
	x121 = -0.710407
	x122 = 0.714556
	x123 = -1.349076
	x124 = -1.219809
	x125 = 0.371597
	x126 = 2.043069
	x127 = -0.322776
	x128 = 0.317759
	x129 = -0.266514
	x130 = 1.122784
	x131 = -1.031997
	x132 = -1.122880
	x133 = 2.284654
	x134 = 1.933005
	x135 = -1.695948
	x136 = -1.486730
	x137 = 0.350737
	x138 = 0.832750
	x139 = 0.092360
	x140 = 3.150211
	x141 = 0.608481
	x142 = -1.127476
	x143 = -1.607409
	x144 = -2.489660
	x145 = -0.143042
	x146 = -1.267858
	x147 = -0.023250
	x148 = -0.107592
	x149 = -0.381718
	x150 = -1.835555
	x151 = 0.722777
	x152 = -1.609495
	x153 = 0.741956
	x154 = 2.363522
	x155 = -3.457013
	x156 = 2.778063
	x157 = 0.959891
	x158 = 0.758605
	x159 = -0.517374
	x160 = -0.606873
	x161 = -0.503712
	x162 = -0.145131
	x163 = 0.544878
	x164 = -0.829062
	x165 = 0.178133
	x166 = -0.949060
	x167 = 5.873552
	x168 = -1.636176
	x169 = 1.171538
	x170 = 0.063760
	x171 = 1.375723
	x172 = 0.159021
	x173 = -0.107346
	x174 = -2.084886
	x175 = 0.539835
	x176 = 1.699170
	x177 = 1.314827
	x178 = -0.527591
	x179 = -1.043954
	x180 = -1.822879
	x181 = 0.429576
	x182 = -0.712433
	x183 = -0.327245
	x184 = 2.510295
	x185 = 0.358268
	x186 = -0.104202
	x187 = 1.696927
	x188 = 0.029698
	x189 = -0.626667
	x190 = -2.647768
	x191 = -0.146295
	x192 = -0.942315
	x193 = 2.196503
	x194 = 1.323920
	x195 = 0.538973
	x196 = -1.038017
	x197 = 2.080041
	x198 = -0.522330
	x199 = 0.534200
	x200 = -0.854997
	x201 = -0.301500
	x202 = -1.494016
	x203 = -0.429516
	x204 = 1.903292
	x205 = -0.730867
	x206 = -0.578433
	x207 = -2.286922
	x208 = 0.161971
	x209 = 0.614510
	x210 = 0.470700
	x211 = 0.409037
	x212 = -0.202582
	x213 = 1.248269
	x214 = 1.083399
	x215 = 1.484506
	x216 = 0.047048
	x217 = -0.594534
	x218 = 2.510179
	x219 = -0.559245
	x220 = -0.338130
	x221 = -0.971637
	x222 = 0.941587
	x223 = -0.847466
	x224 = -0.222670
	x225 = 1.050922
	x226 = 2.315836
	x227 = -1.361042
	x228 = 1.975154
	x229 = 0.781054
	x230 = -1.424956
	x231 = -1.697237
	x232 = 1.961568
	x233 = 0.426849
	x234 = 0.772561
	x235 = -0.920680
	x236 = -0.592031
	x237 = -0.268968
	x238 = -0.779870
	x239 = 7.951041
	x240 = 1.327685
	x241 = -2.834924
	x242 = 0.327356
	x243 = -0.250763
	x244 = 1.061635
	x245 = -1.122038
	x246 = 0.259183
	x247 = 1.151305
	x248 = -2.828244
	x249 = 0.278163
	x250 = -0.439613
	x251 = 1.707135
	x252 = -0.267927
	x253 = -0.608442
	x254 = 2.086199
	x255 = 0.849229
	x256 = 1.402014
	x257 = 0.071635
	x258 = -3.327291
	x259 = -2.111433
	x260 = -2.120235
	x261 = 1.037949
	x262 = -1.028850
	x263 = 0.351216
	x264 = 0.736485
	x265 = -1.470485
	x266 = 0.704029
	x267 = -0.596325
	x268 = -0.523273
	x269 = -0.692671
	x270 = 3.251689
	x271 = -0.509217
	x272 = 1.253320
	x273 = -0.300879
	x274 = -0.780503
	x275 = 1.294327
	x276 = -1.819434
	x277 = 1.048030
	x278 = 0.925223
	x279 = 0.284684
	x280 = -0.740576
	x281 = 0.801883
	x282 = -2.091629
	x283 = -1.022628
	x284 = -1.970956
	x285 = 0.770183
	x286 = -0.642058
	x287 = -0.604895
	x288 = -0.488495
	x289 = -1.951920
	x290 = -0.568697
	x291 = 0.679831
	x292 = 0.272138
	x293 = 0.503630
	x294 = 0.149226
	x295 = -1.337525
	x296 = -1.463231
	x297 = -0.447271
	x298 = -7.644719
	x299 = 0.598826
	x300 = -0.584224
	x301 = 0.072991
	x302 = 1.200076
	x303 = -1.460692
	x304 = 0.219721
	x305 = 0.211309
	x306 = 0.690872
	x307 = -1.008487
	x308 = -2.055812
	x309 = 0.928635
	x310 = 0.959440
	x311 = -0.042997
	x312 = 0.310297
	x313 = -1.670643
	x314 = -0.716119
	x315 = -0.758962
	x316 = 1.218834
	x317 = -1.157232
	x318 = -1.037861
	x319 = -3.123824
	x320 = 0.094674
	x321 = -1.276070
	x322 = 1.634916
	x323 = -0.707536
	x324 = -0.079584
	x325 = -2.336068
	x326 = -0.887934
	x327 = 0.837584
	x328 = 1.859581
	x329 = 1.559485
	x330 = -1.318960
	x331 = 0.830644
	x332 = 0.651709
	x333 = 0.228469
	x334 = 0.335433
	x335 = -1.949436
	x336 = 0.312423
	x337 = -0.325411
	x338 = 1.893575
	x339 = 1.646475
	x340 = 1.852387
	x341 = -0.658255
	x342 = 1.198774
	x343 = 0.663654
	x344 = 1.927754
	x345 = -1.402212
	x346 = 0.160013
	x347 = 2.049941
	x348 = 0.682225
	x349 = 0.294541
	x350 = -2.522961
	x351 = -0.650483
	x352 = -0.232025
	x353 = 0.795600
	x354 = 0.143322
	x355 = 1.681262
	x356 = -0.135579
	x357 = -0.157773
	x358 = -0.346230
	x359 = -2.004622
	x360 = 0.487818
	x361 = -1.276693
	x362 = -2.043533
	x363 = -1.025990
	x364 = -0.330368
	x365 = -0.238579
	x366 = 1.117586
	x367 = -1.224027
	x368 = 2.355961
	x369 = 0.490605
	x370 = -1.587690
	x371 = 0.563382
	x372 = 2.740533
	x373 = -2.290764
	x374 = 0.951736
	x375 = -2.214719
	x376 = -0.815284
	x377 = -0.468336
	x378 = 0.334906
	x379 = 1.436847
	x380 = 4.129719
	x381 = 0.435478
	x382 = -1.971230
	x383 = 0.436642
	x384 = 0.341082
	x385 = -1.989041
	x386 = -2.056961
	x387 = -1.192774
	x388 = -1.195044
	x389 = -3.686147
	x390 = -0.206650
	x391 = -0.610018
	x392 = 0.867556
	x393 = -0.524391
	x394 = 0.868437
	x395 = -1.227271
	x396 = 0.760207
	x397 = 0.018503
	x398 = 0.688290
	x399 = -0.341905
	x400 = 1.174160
	x401 = -0.515580
	x402 = -0.460068
	x403 = 0.371749
	x404 = -0.529000
	x405 = 0.256703
	x406 = 1.584065
	x407 = 1.519561
	x408 = -2.759274
	x409 = 0.762531
	x410 = -2.229034
	x411 = 0.975318
	x412 = 0.593705
	x413 = -0.191447
	x414 = -0.806197
	x415 = 0.759891
	x416 = -1.476891
	x417 = -0.753864
	x418 = -1.331918
	x419 = -0.512181
	x420 = -0.915572
	x421 = 0.550568
	x422 = -1.502838
	x423 = -1.490454
	x424 = -2.965021
	x425 = -2.520468
	x426 = -1.775684
	x427 = 2.225046
	x428 = -0.214034
	x429 = 1.327514
	x430 = 0.427472
	x431 = 0.899982
	x432 = -2.037750
	x433 = -0.795798
	x434 = -2.453867
	x435 = 0.851063
	x436 = 0.725066
	x437 = 1.350484
	x438 = -0.341880
	x439 = -1.794629
	x440 = -0.632226
	x441 = 1.077221
	x442 = -1.732344
	x443 = -1.714245
	x444 = -2.776389
	x445 = -0.790322
	x446 = 1.116557
	x447 = -0.128612
	x448 = -1.585426
	x449 = 2.178191
	x450 = -0.253147
	x451 = -0.023285
	x452 = 1.444990
	x453 = -2.150595
	x454 = -0.289592
	x455 = -2.420537
	x456 = -1.076763
	x457 = -0.874974
	x458 = -3.161491
	x459 = -0.655052
	x460 = 2.665949
	x461 = 3.815131
	x462 = -1.248638
	x463 = -1.035573
	x464 = -0.361651
	x465 = 0.723244
	x466 = 0.047233
	x467 = -1.703377
	x468 = -0.746732
	x469 = 1.253415
	x470 = -1.592960
	x471 = 0.293422
	x472 = -2.000012
	x473 = -0.794080
	x474 = -0.323802
	x475 = -0.593403
	x476 = -2.283708
	x477 = -1.572961
	x478 = -1.504536
	x479 = 7.621241
	x480 = 1.206123
	x481 = 0.302248
	x482 = -0.633411
	x483 = -1.346718
	x484 = -0.835120
	x485 = 1.752840
	x486 = -0.836048
	x487 = 0.334025
	x488 = 0.650111
	x489 = -1.557131
	x490 = -1.308629
	x491 = 0.630558
	x492 = -0.203374
	x493 = 1.692693
	x494 = -0.426269
	x495 = 1.768855
	x496 = -1.441597
	x497 = -0.169526
	x498 = -1.630354
	x499 = 1.722894
	x500 = -2.237753
	x501 = -0.652861
	x502 = -1.425097
	x503 = -0.398516
	x504 = 0.326238
	x505 = 0.486271
	x506 = 0.945669
	x507 = -2.880289
	x508 = -1.685155
	x509 = -1.050890
	x510 = -2.762884
	x511 = 0.041059

Output:
	y0 = -6.613131
	y1 = 9.704989
	y2 = -10.014007
	y3 = -8.287922
	y4 = 3.655876
	y5 = -7.769617
	y6 = -9.858530
	y7 = 19.955296
	y8 = -10.047867
	y9 = -10.505761
	y10 = 8.956387
	y11 = -7.190928
	y12 = -9.051265
	y13 = 20.876200
	y14 = -9.060740
	y15 = -6.647272
	y16 = 6.502061
	y17 = -5.808020
	y18 = -6.992983
	y19 = 7.895558
	y20 = -7.281625
	y21 = -9.569144
	y22 = 4.198805
	y23 = -9.098935
	y24 = -10.769436
	y25 = 8.640873
	y26 = -9.442675
	y27 = -8.647700
	y28 = 5.998636
	y29 = -10.995332
	y30 = -7.227282
	y31 = 22.720657
	y32 = -7.451598
	y33 = -1.361458
	y34 = -5.384208
	y35 = 3.456707
	y36 = -3.531551
	y37 = 8.222145
	y38 = -1.975155
	y39 = -3.124708
	y40 = 8.338295
	y41 = -6.291999
	y42 = -7.594505
	y43 = 4.437914
	y44 = -8.824622
	y45 = -7.592234
	y46 = 4.993962
	y47 = -7.033337
	y48 = -6.671401
	y49 = 7.298019
	y50 = -6.423101
	y51 = -7.431605
	y52 = 10.641327
	y53 = -6.326204
	y54 = 3.418547
	y55 = -11.751081
	y56 = -1.628785
	y57 = -2.381833
	y58 = -11.426349
	y59 = 2.402880
	y60 = 3.156721
	y61 = -10.312542
	y62 = -4.721488
	y63 = -0.046843
	y64 = 12.296374
	y65 = -2.150533
	y66 = -5.888696
	y67 = 6.537111
	y68 = -7.277792
	y69 = -9.310826
	y70 = 7.935092
	y71 = -7.743445
	y72 = -7.623289
	y73 = 8.780299
	y74 = -6.417362
	y75 = -5.919161
	y76 = 25.163730
	y77 = -7.149925
	y78 = -2.321158
	y79 = -9.946540
	y80 = 5.389508
	y81 = 6.572386
	y82 = -13.284335
	y83 = 11.853904
	y84 = 10.083398
	y85 = -13.033631
	y86 = 4.669740
	y87 = -0.819239
	y88 = 12.168606
	y89 = -4.044145
	y90 = -3.757998
	y91 = 8.361756
	y92 = -3.469112
	y93 = -7.655759
	y94 = 7.180172
	y95 = -6.608672
	y96 = -8.204824
	y97 = 8.029077
	y98 = -8.127035
	y99 = -5.576511
	y100 = 8.849700
	y101 = -3.379225
	y102 = -1.050742
	y103 = 10.019274
	y104 = -3.666047
	y105 = 5.808004
	y106 = -12.603090
	y107 = 11.796005
	y108 = 9.961728
	y109 = -15.020870
	y110 = 4.679345
	y111 = -0.496362
	y112 = 8.751329
	y113 = -1.471743
	y114 = -3.389497
	y115 = 5.468693
	y116 = -5.109437
	y117 = -7.922162
	y118 = 10.106071
	y119 = -8.003326
	y120 = -6.055214
	y121 = 9.239143
	y122 = -7.783389
	y123 = -4.952290
	y124 = 9.397995
	y125 = -6.375925
	y126 = -6.904829
	y127 = 24.012161
	y128 = -6.183835
	y129 = -1.249796
	y130 = 10.190782
	y131 = 0.574766
	y132 = -0.393883
	y133 = 10.860545
	y134 = 1.431722
	y135 = -2.635874
	y136 = 8.744183
	y137 = 0.529860
	y138 = -5.382695
	y139 = 5.328160
	y140 = -8.052070
	y141 = -5.300224
	y142 = 4.950109
	y143 = -4.612266
	y144 = -6.573275
	y145 = 5.717561
	y146 = -7.564068
	y147 = -9.139046
	y148 = 10.301828
	y149 = -10.239040
	y150 = -5.163051
	y151 = 7.688861
	y152 = -5.528146
	y153 = -3.165837
	y154 = 5.916901
	y155 = -2.474318
	y156 = -4.508080
	y157 = 5.226948
	y158 = -5.711563
	y159 = -7.946273
	y160 = 4.106556
	y161 = -4.881497
	y162 = -8.253757
	y163 = 6.262582
	y164 = -7.098563
	y165 = -6.474250
	y166 = 6.936973
	y167 = -8.552118
	y168 = -9.336592
	y169 = 9.654497
	y170 = -8.566756
	y171 = -8.638885
	y172 = 7.988101
	y173 = -8.522513
	y174 = -6.301268
	y175 = 9.318021
	y176 = -6.254519
	y177 = -7.648677
	y178 = 7.200104
	y179 = -6.338438
	y180 = -8.465762
	y181 = 6.393079
	y182 = -8.017076
	y183 = -8.099964
	y184 = -4.115910
	y185 = -4.115900
	y186 = -10.237872
	y187 = 4.568451
	y188 = -6.508061
	y189 = -8.208580
	y190 = 7.263066
	y191 = -8.764749

