InputQuery: /home/levn/Workspace/othello_world/queries/probe_robust/group_1/game_105_target_18_eps_0.1.txt
Engine::processInputQuery: Input query (before preprocessing): 449 equations, 1216 variables
Engine::processInputQuery: Input query (after preprocessing): 705 equations, 1359 variables

Input bounds:
	x0: [ -0.8476,  -0.6476] 
	x1: [ -2.0554,  -1.8554] 
	x2: [ -0.2191,  -0.0191] 
	x3: [ -0.7545,  -0.5545] 
	x4: [  1.1453,   1.3453] 
	x5: [ -2.2106,  -2.0106] 
	x6: [ -1.1075,  -0.9075] 
	x7: [  1.0081,   1.2081] 
	x8: [ -2.5528,  -2.3528] 
	x9: [  0.6633,   0.8633] 
	x10: [ -0.3393,  -0.1393] 
	x11: [  1.3875,   1.5875] 
	x12: [ -1.0161,  -0.8161] 
	x13: [  0.1422,   0.3422] 
	x14: [ -0.1198,   0.0802] 
	x15: [  1.2741,   1.4741] 
	x16: [  0.9432,   1.1432] 
	x17: [ -1.5948,  -1.3948] 
	x18: [  0.8327,   1.0327] 
	x19: [  1.0886,   1.2886] 
	x20: [  1.4258,   1.6258] 
	x21: [ -0.9569,  -0.7569] 
	x22: [  1.0328,   1.2328] 
	x23: [  0.0205,   0.2205] 
	x24: [  2.8126,   3.0126] 
	x25: [ -0.4635,  -0.2635] 
	x26: [ -0.5001,  -0.3001] 
	x27: [  0.8553,   1.0553] 
	x28: [  0.9932,   1.1932] 
	x29: [  0.9284,   1.1284] 
	x30: [ -2.4658,  -2.2658] 
	x31: [ -0.8801,  -0.6801] 
	x32: [ -1.7677,  -1.5677] 
	x33: [ -1.3054,  -1.1054] 
	x34: [ -1.7233,  -1.5233] 
	x35: [ -1.9506,  -1.7506] 
	x36: [ -1.1591,  -0.9591] 
	x37: [ -1.9953,  -1.7953] 
	x38: [ -0.5076,  -0.3076] 
	x39: [ -1.4886,  -1.2886] 
	x40: [  0.4439,   0.6439] 
	x41: [ -0.4147,  -0.2147] 
	x42: [  1.2395,   1.4395] 
	x43: [ -2.7207,  -2.5207] 
	x44: [ -1.9251,  -1.7251] 
	x45: [  0.6128,   0.8128] 
	x46: [ -0.9328,  -0.7328] 
	x47: [ -4.8105,  -4.6105] 
	x48: [  3.2064,   3.4064] 
	x49: [ -1.1461,  -0.9461] 
	x50: [ -3.6318,  -3.4318] 
	x51: [  1.9026,   2.1026] 
	x52: [  1.8400,   2.0400] 
	x53: [ -0.5081,  -0.3081] 
	x54: [ -2.4656,  -2.2656] 
	x55: [  0.3907,   0.5907] 
	x56: [  0.2288,   0.4288] 
	x57: [ -0.8858,  -0.6858] 
	x58: [ -2.2339,  -2.0339] 
	x59: [  2.2168,   2.4168] 
	x60: [ -1.8306,  -1.6306] 
	x61: [ -1.2711,  -1.0711] 
	x62: [ -0.5819,  -0.3819] 
	x63: [  0.4889,   0.6889] 
	x64: [  0.0633,   0.2633] 
	x65: [ -3.3279,  -3.1279] 
	x66: [  0.8941,   1.0941] 
	x67: [  0.0225,   0.2225] 
	x68: [  0.1353,   0.3353] 
	x69: [ -0.4771,  -0.2771] 
	x70: [ -0.5362,  -0.3362] 
	x71: [ -0.2045,  -0.0045] 
	x72: [  0.0376,   0.2376] 
	x73: [ -1.6154,  -1.4154] 
	x74: [  0.5421,   0.7421] 
	x75: [ -0.1665,   0.0335] 
	x76: [  0.9892,   1.1892] 
	x77: [  0.6526,   0.8526] 
	x78: [ -0.9900,  -0.7900] 
	x79: [ -1.4590,  -1.2590] 
	x80: [  1.4743,   1.6743] 
	x81: [ -0.3231,  -0.1231] 
	x82: [  1.1110,   1.3110] 
	x83: [ -0.2172,  -0.0172] 
	x84: [ -0.0569,   0.1431] 
	x85: [ -0.4643,  -0.2643] 
	x86: [  1.3952,   1.5952] 
	x87: [  0.5305,   0.7305] 
	x88: [ -1.5656,  -1.3656] 
	x89: [  0.1736,   0.3736] 
	x90: [ -0.3310,  -0.1310] 
	x91: [ -0.5176,  -0.3176] 
	x92: [  1.5529,   1.7529] 
	x93: [  0.4081,   0.6081] 
	x94: [ -0.1056,   0.0944] 
	x95: [ -0.4116,  -0.2116] 
	x96: [  0.7304,   0.9304] 
	x97: [ -2.1304,  -1.9304] 
	x98: [ -0.2090,  -0.0090] 
	x99: [  0.7623,   0.9623] 
	x100: [  2.6968,   2.8968] 
	x101: [ -0.5095,  -0.3095] 
	x102: [ -0.3024,  -0.1024] 
	x103: [ -1.2506,  -1.0506] 
	x104: [ -1.1260,  -0.9260] 
	x105: [ -3.5910,  -3.3910] 
	x106: [ -0.5716,  -0.3716] 
	x107: [ -0.5250,  -0.3250] 
	x108: [ -0.2299,  -0.0299] 
	x109: [ -0.2061,  -0.0061] 
	x110: [ -1.9059,  -1.7059] 
	x111: [ -2.8316,  -2.6316] 
	x112: [  0.7849,   0.9849] 
	x113: [  0.3057,   0.5057] 
	x114: [ -0.8493,  -0.6493] 
	x115: [  2.0111,   2.2111] 
	x116: [  1.7776,   1.9776] 
	x117: [ -1.0954,  -0.8954] 
	x118: [  2.0676,   2.2676] 
	x119: [  0.0642,   0.2642] 
	x120: [ -0.6576,  -0.4576] 
	x121: [  3.4677,   3.6677] 
	x122: [ -1.3587,  -1.1587] 
	x123: [  1.3107,   1.5107] 
	x124: [ -1.9467,  -1.7467] 
	x125: [ -0.5119,  -0.3119] 
	x126: [ -0.5019,  -0.3019] 
	x127: [  1.4128,   1.6128] 
	x128: [ -0.3918,  -0.1918] 
	x129: [ -1.5457,  -1.3457] 
	x130: [  0.4708,   0.6708] 
	x131: [  0.7457,   0.9457] 
	x132: [ -0.3454,  -0.1454] 
	x133: [ -0.7933,  -0.5933] 
	x134: [ -0.2048,  -0.0048] 
	x135: [  0.7098,   0.9098] 
	x136: [  0.2514,   0.4514] 
	x137: [  0.0257,   0.2257] 
	x138: [ -0.4032,  -0.2032] 
	x139: [  1.6726,   1.8726] 
	x140: [  2.1537,   2.3537] 
	x141: [ -0.6656,  -0.4656] 
	x142: [  1.2848,   1.4848] 
	x143: [  0.2948,   0.4948] 
	x144: [  1.2922,   1.4922] 
	x145: [ -2.1134,  -1.9134] 
	x146: [ -3.6508,  -3.4508] 
	x147: [ -0.7436,  -0.5436] 
	x148: [ -0.5609,  -0.3609] 
	x149: [ -2.3004,  -2.1004] 
	x150: [ -1.4548,  -1.2548] 
	x151: [ -0.9971,  -0.7971] 
	x152: [ -0.5033,  -0.3033] 
	x153: [ -0.4597,  -0.2597] 
	x154: [ -0.9446,  -0.7446] 
	x155: [ -0.0290,   0.1710] 
	x156: [ -1.9667,  -1.7667] 
	x157: [ -0.7429,  -0.5429] 
	x158: [ -1.0748,  -0.8748] 
	x159: [ -1.7184,  -1.5184] 
	x160: [  0.4520,   0.6520] 
	x161: [ -0.4854,  -0.2854] 
	x162: [ -1.0834,  -0.8834] 
	x163: [  0.1631,   0.3631] 
	x164: [  0.7719,   0.9719] 
	x165: [ -2.6530,  -2.4530] 
	x166: [  1.4150,   1.6150] 
	x167: [  2.5185,   2.7185] 
	x168: [ -0.9920,  -0.7920] 
	x169: [ -0.4746,  -0.2746] 
	x170: [ -2.2446,  -2.0446] 
	x171: [  1.7913,   1.9913] 
	x172: [ -1.0873,  -0.8873] 
	x173: [ -0.7579,  -0.5579] 
	x174: [ -0.2734,  -0.0734] 
	x175: [  0.8120,   1.0120] 
	x176: [ -2.3497,  -2.1497] 
	x177: [  0.7660,   0.9660] 
	x178: [  1.8484,   2.0484] 
	x179: [  0.4392,   0.6392] 
	x180: [  0.2353,   0.4353] 
	x181: [ -2.7302,  -2.5302] 
	x182: [  0.8871,   1.0871] 
	x183: [ -2.0436,  -1.8436] 
	x184: [  0.2694,   0.4694] 
	x185: [ -3.2022,  -3.0022] 
	x186: [  2.0172,   2.2172] 
	x187: [  2.1725,   2.3725] 
	x188: [ -0.3907,  -0.1907] 
	x189: [  0.6368,   0.8368] 
	x190: [ -1.9254,  -1.7254] 
	x191: [ -2.0657,  -1.8657] 
	x192: [  2.5243,   2.7243] 
	x193: [  0.2919,   0.4919] 
	x194: [ -3.3908,  -3.1908] 
	x195: [  0.4968,   0.6968] 
	x196: [ -0.4134,  -0.2134] 
	x197: [  0.9951,   1.1951] 
	x198: [ -1.4833,  -1.2833] 
	x199: [  1.9982,   2.1982] 
	x200: [ -0.7042,  -0.5042] 
	x201: [  2.0589,   2.2589] 
	x202: [ -1.0540,  -0.8540] 
	x203: [ -1.5808,  -1.3808] 
	x204: [ -1.7802,  -1.5802] 
	x205: [  0.1281,   0.3281] 
	x206: [  0.0407,   0.2407] 
	x207: [  0.2975,   0.4975] 
	x208: [  0.1230,   0.3230] 
	x209: [ -4.0680,  -3.8680] 
	x210: [  0.5409,   0.7409] 
	x211: [  0.0539,   0.2539] 
	x212: [ -0.8369,  -0.6369] 
	x213: [ -0.7622,  -0.5622] 
	x214: [ -1.4931,  -1.2931] 
	x215: [ -1.8585,  -1.6585] 
	x216: [  1.6830,   1.8830] 
	x217: [  1.9302,   2.1302] 
	x218: [ -2.0349,  -1.8349] 
	x219: [ -1.4532,  -1.2532] 
	x220: [  0.3206,   0.5206] 
	x221: [  0.5590,   0.7590] 
	x222: [  0.4896,   0.6896] 
	x223: [ -0.6423,  -0.4423] 
	x224: [ -1.0042,  -0.8042] 
	x225: [  1.0672,   1.2672] 
	x226: [ -1.0248,  -0.8248] 
	x227: [  1.3653,   1.5653] 
	x228: [ -1.1562,  -0.9562] 
	x229: [ -0.8124,  -0.6124] 
	x230: [  2.2094,   2.4094] 
	x231: [  0.3186,   0.5186] 
	x232: [  0.5601,   0.7601] 
	x233: [ -0.1382,   0.0618] 
	x234: [ -1.1583,  -0.9583] 
	x235: [ -2.0631,  -1.8631] 
	x236: [  3.1020,   3.3020] 
	x237: [  1.3779,   1.5779] 
	x238: [ -0.2996,  -0.0996] 
	x239: [  3.6027,   3.8027] 
	x240: [ -0.6648,  -0.4648] 
	x241: [ -0.5278,  -0.3278] 
	x242: [ -1.6425,  -1.4425] 
	x243: [ -1.4003,  -1.2003] 
	x244: [  2.1593,   2.3593] 
	x245: [  1.1783,   1.3783] 
	x246: [ -2.1897,  -1.9897] 
	x247: [ -3.6029,  -3.4029] 
	x248: [  0.4794,   0.6794] 
	x249: [  4.5053,   4.7053] 
	x250: [  2.5745,   2.7745] 
	x251: [ -0.2284,  -0.0284] 
	x252: [  1.4295,   1.6295] 
	x253: [ -0.3515,  -0.1515] 
	x254: [ -2.3413,  -2.1413] 
	x255: [  1.0670,   1.2670] 
	x256: [ -0.2729,  -0.0729] 
	x257: [  0.3399,   0.5399] 
	x258: [ -1.3021,  -1.1021] 
	x259: [  2.5380,   2.7380] 
	x260: [ -0.8754,  -0.6754] 
	x261: [ -1.0688,  -0.8688] 
	x262: [  1.6916,   1.8916] 
	x263: [  2.3854,   2.5854] 
	x264: [ -0.9371,  -0.7371] 
	x265: [ -0.8984,  -0.6984] 
	x266: [  0.7809,   0.9809] 
	x267: [  0.7062,   0.9062] 
	x268: [ -0.8276,  -0.6276] 
	x269: [ -0.3523,  -0.1523] 
	x270: [  1.2968,   1.4968] 
	x271: [  0.7916,   0.9916] 
	x272: [ -0.6904,  -0.4904] 
	x273: [  1.2591,   1.4591] 
	x274: [  1.5771,   1.7771] 
	x275: [  1.4000,   1.6000] 
	x276: [  0.1606,   0.3606] 
	x277: [ -1.7813,  -1.5813] 
	x278: [ -2.8295,  -2.6295] 
	x279: [  0.2689,   0.4689] 
	x280: [  1.7725,   1.9725] 
	x281: [  0.3795,   0.5795] 
	x282: [  0.8260,   1.0260] 
	x283: [ -3.9537,  -3.7537] 
	x284: [ -0.7902,  -0.5902] 
	x285: [  1.6180,   1.8180] 
	x286: [ -1.4444,  -1.2444] 
	x287: [ -0.0092,   0.1908] 
	x288: [ -1.5735,  -1.3735] 
	x289: [  0.2487,   0.4487] 
	x290: [  2.6338,   2.8338] 
	x291: [  1.0290,   1.2290] 
	x292: [  2.3997,   2.5997] 
	x293: [ -0.1733,   0.0267] 
	x294: [  0.4037,   0.6037] 
	x295: [  4.3991,   4.5991] 
	x296: [  1.3909,   1.5909] 
	x297: [  0.0015,   0.2015] 
	x298: [ -5.1824,  -4.9824] 
	x299: [ -0.8802,  -0.6802] 
	x300: [  2.8729,   3.0729] 
	x301: [ -0.4805,  -0.2805] 
	x302: [ -2.4684,  -2.2684] 
	x303: [ -2.8278,  -2.6278] 
	x304: [ -2.4649,  -2.2649] 
	x305: [ -0.8283,  -0.6283] 
	x306: [  0.4819,   0.6819] 
	x307: [ -1.2439,  -1.0439] 
	x308: [  1.1259,   1.3259] 
	x309: [  2.0015,   2.2015] 
	x310: [ -1.0241,  -0.8241] 
	x311: [ -0.9038,  -0.7038] 
	x312: [  0.2272,   0.4272] 
	x313: [ -0.6014,  -0.4014] 
	x314: [  0.5589,   0.7589] 
	x315: [  1.8971,   2.0971] 
	x316: [ -1.9740,  -1.7740] 
	x317: [  1.9180,   2.1180] 
	x318: [  1.0544,   1.2544] 
	x319: [ -0.5611,  -0.3611] 
	x320: [ -0.0355,   0.1645] 
	x321: [  0.1417,   0.3417] 
	x322: [  1.8195,   2.0195] 
	x323: [  1.7727,   1.9727] 
	x324: [  1.3241,   1.5241] 
	x325: [ -0.4629,  -0.2629] 
	x326: [  1.5285,   1.7285] 
	x327: [  0.2506,   0.4506] 
	x328: [  1.7845,   1.9845] 
	x329: [ -1.3797,  -1.1797] 
	x330: [  0.7308,   0.9308] 
	x331: [ -1.4703,  -1.2703] 
	x332: [ -0.6787,  -0.4787] 
	x333: [ -0.8352,  -0.6352] 
	x334: [  0.6121,   0.8121] 
	x335: [ -0.8848,  -0.6848] 
	x336: [  1.0294,   1.2294] 
	x337: [  1.3159,   1.5159] 
	x338: [ -0.3712,  -0.1712] 
	x339: [ -3.7779,  -3.5779] 
	x340: [  0.2839,   0.4839] 
	x341: [  0.5068,   0.7068] 
	x342: [ -0.8233,  -0.6233] 
	x343: [  0.4184,   0.6184] 
	x344: [  0.0946,   0.2946] 
	x345: [  0.6006,   0.8006] 
	x346: [  0.2032,   0.4032] 
	x347: [ -1.9314,  -1.7314] 
	x348: [ -1.3175,  -1.1175] 
	x349: [  0.5367,   0.7367] 
	x350: [ -0.8689,  -0.6689] 
	x351: [ -1.2582,  -1.0582] 
	x352: [  1.5919,   1.7919] 
	x353: [ -0.1086,   0.0914] 
	x354: [ -0.4018,  -0.2018] 
	x355: [  1.0235,   1.2235] 
	x356: [ -0.3982,  -0.1982] 
	x357: [  2.0775,   2.2775] 
	x358: [ -1.4424,  -1.2424] 
	x359: [  2.7404,   2.9404] 
	x360: [ -0.5034,  -0.3034] 
	x361: [  0.5873,   0.7873] 
	x362: [ -2.9673,  -2.7673] 
	x363: [  1.2031,   1.4031] 
	x364: [ -0.4312,  -0.2312] 
	x365: [ -0.4030,  -0.2030] 
	x366: [  0.8335,   1.0335] 
	x367: [  3.4474,   3.6474] 
	x368: [ -2.0810,  -1.8810] 
	x369: [ -2.0114,  -1.8114] 
	x370: [ -0.4130,  -0.2130] 
	x371: [ -2.5538,  -2.3538] 
	x372: [  2.5080,   2.7080] 
	x373: [ -2.3221,  -2.1221] 
	x374: [ -1.2976,  -1.0976] 
	x375: [ -0.5559,  -0.3559] 
	x376: [  1.9908,   2.1908] 
	x377: [  1.0243,   1.2243] 
	x378: [  1.9814,   2.1814] 
	x379: [ -0.2244,  -0.0244] 
	x380: [  0.1103,   0.3103] 
	x381: [ -1.1687,  -0.9687] 
	x382: [ -2.0515,  -1.8515] 
	x383: [  0.5498,   0.7498] 
	x384: [  0.2646,   0.4646] 
	x385: [ -0.4781,  -0.2781] 
	x386: [ -1.7818,  -1.5818] 
	x387: [ -2.8490,  -2.6490] 
	x388: [ -2.3981,  -2.1981] 
	x389: [ -0.6572,  -0.4572] 
	x390: [ -0.6453,  -0.4453] 
	x391: [ -0.1654,   0.0346] 
	x392: [  1.8002,   2.0002] 
	x393: [  1.4739,   1.6739] 
	x394: [ -1.8280,  -1.6280] 
	x395: [  1.0985,   1.2985] 
	x396: [  0.3960,   0.5960] 
	x397: [ -1.3058,  -1.1058] 
	x398: [ -1.1135,  -0.9135] 
	x399: [  1.0256,   1.2256] 
	x400: [  0.2340,   0.4340] 
	x401: [ -1.4967,  -1.2967] 
	x402: [ -0.1188,   0.0812] 
	x403: [ -1.7685,  -1.5685] 
	x404: [  1.7400,   1.9400] 
	x405: [  0.3470,   0.5470] 
	x406: [ -0.4033,  -0.2033] 
	x407: [ -2.3716,  -2.1716] 
	x408: [  2.4487,   2.6487] 
	x409: [ -1.9803,  -1.7803] 
	x410: [  1.3741,   1.5741] 
	x411: [ -0.1446,   0.0554] 
	x412: [ -2.1542,  -1.9542] 
	x413: [  0.3907,   0.5907] 
	x414: [ -1.7560,  -1.5560] 
	x415: [  0.8229,   1.0229] 
	x416: [ -1.9986,  -1.7986] 
	x417: [  0.8045,   1.0045] 
	x418: [ -0.7369,  -0.5369] 
	x419: [ -0.0719,   0.1281] 
	x420: [  0.8519,   1.0519] 
	x421: [ -2.3094,  -2.1094] 
	x422: [ -3.6070,  -3.4070] 
	x423: [  1.7225,   1.9225] 
	x424: [ -0.2618,  -0.0618] 
	x425: [ -1.3866,  -1.1866] 
	x426: [ -0.3912,  -0.1912] 
	x427: [ -2.0349,  -1.8349] 
	x428: [  0.5068,   0.7068] 
	x429: [ -2.4155,  -2.2155] 
	x430: [ -2.8882,  -2.6882] 
	x431: [ -2.6031,  -2.4031] 
	x432: [  0.9499,   1.1499] 
	x433: [ -0.0944,   0.1056] 
	x434: [ -0.3684,  -0.1684] 
	x435: [  0.4529,   0.6529] 
	x436: [ -1.7179,  -1.5179] 
	x437: [  0.8096,   1.0096] 
	x438: [ -1.8086,  -1.6086] 
	x439: [ -2.2464,  -2.0464] 
	x440: [ -0.5701,  -0.3701] 
	x441: [ -1.2914,  -1.0914] 
	x442: [ -0.4199,  -0.2199] 
	x443: [ -3.8304,  -3.6304] 
	x444: [  0.7958,   0.9958] 
	x445: [  0.1952,   0.3952] 
	x446: [ -0.8050,  -0.6050] 
	x447: [  0.1455,   0.3455] 
	x448: [ -2.9948,  -2.7948] 
	x449: [ -0.0645,   0.1355] 
	x450: [  2.0681,   2.2681] 
	x451: [  1.4522,   1.6522] 
	x452: [ -2.5500,  -2.3500] 
	x453: [  0.7801,   0.9801] 
	x454: [ -2.0432,  -1.8432] 
	x455: [  0.2827,   0.4827] 
	x456: [ -0.7005,  -0.5005] 
	x457: [  0.0047,   0.2047] 
	x458: [  0.6548,   0.8548] 
	x459: [  1.3692,   1.5692] 
	x460: [  0.8540,   1.0540] 
	x461: [  1.9859,   2.1859] 
	x462: [ -0.9332,  -0.7332] 
	x463: [ -1.5828,  -1.3828] 
	x464: [  0.3474,   0.5474] 
	x465: [  0.7993,   0.9993] 
	x466: [ -0.2434,  -0.0434] 
	x467: [ -0.9164,  -0.7164] 
	x468: [  1.3275,   1.5275] 
	x469: [ -1.9456,  -1.7456] 
	x470: [  2.2817,   2.4817] 
	x471: [ -0.8785,  -0.6785] 
	x472: [  1.7635,   1.9635] 
	x473: [  0.3886,   0.5886] 
	x474: [ -1.8722,  -1.6722] 
	x475: [  0.7882,   0.9882] 
	x476: [  1.1503,   1.3503] 
	x477: [ -0.1054,   0.0946] 
	x478: [  1.0116,   1.2116] 
	x479: [  1.3212,   1.5212] 
	x480: [ -1.5862,  -1.3862] 
	x481: [  0.3097,   0.5097] 
	x482: [ -1.2572,  -1.0572] 
	x483: [  1.1487,   1.3487] 
	x484: [  0.0080,   0.2080] 
	x485: [  1.1283,   1.3283] 
	x486: [  2.6893,   2.8893] 
	x487: [ -0.6978,  -0.4978] 
	x488: [ -0.4615,  -0.2615] 
	x489: [ -0.8180,  -0.6180] 
	x490: [ -0.2038,  -0.0038] 
	x491: [  2.1004,   2.3004] 
	x492: [  1.5115,   1.7115] 
	x493: [ -0.9455,  -0.7455] 
	x494: [ -0.6210,  -0.4210] 
	x495: [ -0.8308,  -0.6308] 
	x496: [  1.8512,   2.0512] 
	x497: [  1.8221,   2.0221] 
	x498: [  1.1906,   1.3906] 
	x499: [ -3.3381,  -3.1381] 
	x500: [  0.3913,   0.5913] 
	x501: [  0.4786,   0.6786] 
	x502: [ -3.8273,  -3.6273] 
	x503: [ -1.1438,  -0.9438] 
	x504: [  1.3720,   1.5720] 
	x505: [ -0.2533,  -0.0533] 
	x506: [ -2.7398,  -2.5398] 
	x507: [  1.6817,   1.8817] 
	x508: [ -1.2835,  -1.0835] 
	x509: [ -2.6984,  -2.4984] 
	x510: [ -0.5920,  -0.3920] 
	x511: [  0.2077,   0.4077] 

Branching heuristics set to PseudoImpact

Engine::solve: Initial statistics

23:09:10 Statistics update:
	--- Time Statistics ---
	Total time elapsed: 471 milli (00:00:00)
		Main loop: 0 milli (00:00:00)
		Preprocessing time: 193 milli (00:00:00)
		Unknown: 277 milli (00:00:00)
	Breakdown for main loop:
		[0.00%] Simplex steps: 0 milli
		[0.00%] Explicit-basis bound tightening: 0 milli
		[0.00%] Constraint-matrix bound tightening: 0 milli
		[0.00%] Degradation checking: 0 milli
		[0.00%] Precision restoration: 0 milli
		[0.00%] Statistics handling: 0 milli
		[0.00%] Constraint-fixing steps: 0 milli
		[0.00%] Valid case splits: 0 milli. Average per split: 0.00 milli
		[0.00%] Applying stored bound-tightening: 0 milli
		[0.00%] SMT core: 0 milli
		[0.00%] Symbolic Bound Tightening: 12 milli
		[0.00%] SoI-based local search: 0 milli
		[0.00%] SoI-based local search: 0 milli
		[0.00%] Unaccounted for: 0 milli
	--- Preprocessor Statistics ---
	Number of preprocessor bound-tightening loop iterations: 3
	Number of eliminated variables: 114
	Number of constraints removed due to variable elimination: 114
	Number of equations removed due to variable elimination: 0
	--- Engine Statistics ---
	Number of main loop iterations: 1
		0 iterations were simplex steps. Total time: 0 milli. Average: 0.00 milli.
		0 iterations were constraint-fixing steps. Total time: 0 milli. Average: 0.00 milli
	Number of active piecewise-linear constraints: 142 / 142
		Constraints disabled by valid splits: 0. By SMT-originated splits: 0
	Last reported degradation: 0.0000000000. Max degradation so far: 0.0000000000. Restorations so far: 0
	Number of simplex pivots we attempted to skip because of instability: 0.
	Unstable pivots performed anyway: 0
	--- Tableau Statistics ---
	Total number of pivots performed: 0
		Real pivots: 0. Degenerate: 0 (0.00%)
		Degenerate pivots by request (e.g., to fix a PL constraint): 0 (0.00%)
		Average time per pivot: 0.00 milli
	Total number of fake pivots performed: 0
	Total number of rows added: 0. Number of merged columns: 0
	Current tableau dimensions: M = 705, N = 2064
	--- SMT Core Statistics ---
	Total depth is 0. Total visited states: 1. Number of splits: 0. Number of pops: 0
	Max stack depth: 0
	--- Bound Tightening Statistics ---
	Number of tightened bounds: 0.
		Number of rows examined by row tightener: 0. Consequent tightenings: 0
		Number of explicit basis matrices examined by row tightener: 0. Consequent tightenings: 0
		Number of bound tightening rounds on the entire constraint matrix: 0. Consequent tightenings: 0
		Number of bound notifications sent to PL constraints: 852. Tightenings proposed: 0
	--- Basis Factorization statistics ---
	Number of basis refactorizations: 2
	--- Projected Steepest Edge Statistics ---
	Number of iterations: 0.
	Number of resets to reference space: 1. Avg. iterations per reset: 0
	--- SBT ---
	Number of tightened bounds: 385
	--- SoI-based local search ---
	Number of proposed phase pattern update: 0. Number of accepted update: 0 [0.00%]
	Total time (% of local search time) updating SoI phase pattern : 0 milli [0.00%]
	Total time obtaining current assignment: 0 milli [0.00%]
	Total time getting SoI phase pattern : 0 milli [0.00%]
	--- Context dependent statistics ---
	Number of pushes / pops: 0 / 0
		[0.00%] Pre-Push hook: 0 milli
		[0.00%] Push : 0 milli
		[0.00%] Post-Pop hook: 0 milli
		[0.00%] Pop : 0 milli
		[0.00%] Total context-switching time: 0 milli
	--- Proof Certificate ---
	Number of certified leaves: 0
	Number of leaves to delegate: 0

---

23:09:27 Statistics update:
	--- Time Statistics ---
	Total time elapsed: 17969 milli (00:00:17)
		Main loop: 17155 milli (00:00:17)
		Preprocessing time: 193 milli (00:00:00)
		Unknown: 619 milli (00:00:00)
	Breakdown for main loop:
		[83.01%] Simplex steps: 14240 milli
		[15.97%] Explicit-basis bound tightening: 2739 milli
		[0.00%] Constraint-matrix bound tightening: 0 milli
		[1.22%] Degradation checking: 209 milli
		[0.00%] Precision restoration: 0 milli
		[0.06%] Statistics handling: 9 milli
		[0.00%] Constraint-fixing steps: 0 milli
		[0.00%] Valid case splits: 0 milli. Average per split: 0.00 milli
		[0.00%] Applying stored bound-tightening: 0 milli
		[0.02%] SMT core: 3 milli
		[1.37%] Symbolic Bound Tightening: 235 milli
		[51.35%] SoI-based local search: 8809 milli
		[0.00%] SoI-based local search: 0 milli
		[107525922685470.61%] Unaccounted for: 0 milli
	--- Preprocessor Statistics ---
	Number of preprocessor bound-tightening loop iterations: 3
	Number of eliminated variables: 114
	Number of constraints removed due to variable elimination: 114
	Number of equations removed due to variable elimination: 0
	--- Engine Statistics ---
	Number of main loop iterations: 10000
		9943 iterations were simplex steps. Total time: 14240 milli. Average: 1.43 milli.
		0 iterations were constraint-fixing steps. Total time: 0 milli. Average: 0.00 milli
	Number of active piecewise-linear constraints: 115 / 142
		Constraints disabled by valid splits: 0. By SMT-originated splits: 27
	Last reported degradation: 0.0000000000. Max degradation so far: 0.0001225353. Restorations so far: 0
	Number of simplex pivots we attempted to skip because of instability: 0.
	Unstable pivots performed anyway: 0
	--- Tableau Statistics ---
	Total number of pivots performed: 9676
		Real pivots: 9673. Degenerate: 3 (0.03%)
		Degenerate pivots by request (e.g., to fix a PL constraint): 0 (0.00%)
		Average time per pivot: 0.28 milli
	Total number of fake pivots performed: 93
	Total number of rows added: 0. Number of merged columns: 0
	Current tableau dimensions: M = 705, N = 2064
	--- SMT Core Statistics ---
	Total depth is 27. Total visited states: 28. Number of splits: 27. Number of pops: 0
	Max stack depth: 27
	--- Bound Tightening Statistics ---
	Number of tightened bounds: 5197.
		Number of rows examined by row tightener: 9676. Consequent tightenings: 2
		Number of explicit basis matrices examined by row tightener: 12. Consequent tightenings: 290
		Number of bound tightening rounds on the entire constraint matrix: 0. Consequent tightenings: 0
		Number of bound notifications sent to PL constraints: 1762. Tightenings proposed: 0
	--- Basis Factorization statistics ---
	Number of basis refactorizations: 92
	--- Projected Steepest Edge Statistics ---
	Number of iterations: 9769.
	Number of resets to reference space: 11. Avg. iterations per reset: 888
	--- SBT ---
	Number of tightened bounds: 5582
	--- SoI-based local search ---
	Number of proposed phase pattern update: 62. Number of accepted update: 35 [56.45%]
	Total time (% of local search time) updating SoI phase pattern : 9245 milli [0.10%]
	Total time obtaining current assignment: 15770 milli [0.18%]
	Total time getting SoI phase pattern : 3766 milli [0.02%]
	--- Context dependent statistics ---
	Number of pushes / pops: 27 / 0
		[0.01%] Pre-Push hook: 2 milli
		[0.00%] Push : 0 milli
		[0.00%] Post-Pop hook: 0 milli
		[0.00%] Pop : 0 milli
		[0.01%] Total context-switching time: 2 milli
	--- Proof Certificate ---
	Number of certified leaves: 0
	Number of leaves to delegate: 0

23:09:43 Statistics update:
	--- Time Statistics ---
	Total time elapsed: 33802 milli (00:00:33)
		Main loop: 32986 milli (00:00:32)
		Preprocessing time: 193 milli (00:00:00)
		Unknown: 622 milli (00:00:00)
	Breakdown for main loop:
		[88.99%] Simplex steps: 29356 milli
		[9.03%] Explicit-basis bound tightening: 2979 milli
		[0.00%] Constraint-matrix bound tightening: 0 milli
		[1.29%] Degradation checking: 424 milli
		[0.00%] Precision restoration: 0 milli
		[0.06%] Statistics handling: 19 milli
		[0.00%] Constraint-fixing steps: 0 milli
		[0.00%] Valid case splits: 0 milli. Average per split: 0.00 milli
		[0.00%] Applying stored bound-tightening: 0 milli
		[0.02%] SMT core: 7 milli
		[1.25%] Symbolic Bound Tightening: 411 milli
		[59.10%] SoI-based local search: 19496 milli
		[0.00%] SoI-based local search: 0 milli
		[55921504949030.41%] Unaccounted for: 0 milli
	--- Preprocessor Statistics ---
	Number of preprocessor bound-tightening loop iterations: 3
	Number of eliminated variables: 114
	Number of constraints removed due to variable elimination: 114
	Number of equations removed due to variable elimination: 0
	--- Engine Statistics ---
	Number of main loop iterations: 20000
		19899 iterations were simplex steps. Total time: 29356 milli. Average: 1.48 milli.
		0 iterations were constraint-fixing steps. Total time: 0 milli. Average: 0.00 milli
	Number of active piecewise-linear constraints: 93 / 142
		Constraints disabled by valid splits: 0. By SMT-originated splits: 49
	Last reported degradation: 0.0000000000. Max degradation so far: 0.0022976132. Restorations so far: 0
	Number of simplex pivots we attempted to skip because of instability: 0.
	Unstable pivots performed anyway: 0
	--- Tableau Statistics ---
	Total number of pivots performed: 19420
		Real pivots: 19416. Degenerate: 4 (0.02%)
		Degenerate pivots by request (e.g., to fix a PL constraint): 0 (0.00%)
		Average time per pivot: 0.31 milli
	Total number of fake pivots performed: 123
	Total number of rows added: 0. Number of merged columns: 0
	Current tableau dimensions: M = 705, N = 2064
	--- SMT Core Statistics ---
	Total depth is 49. Total visited states: 50. Number of splits: 49. Number of pops: 0
	Max stack depth: 49
	--- Bound Tightening Statistics ---
	Number of tightened bounds: 9429.
		Number of rows examined by row tightener: 19420. Consequent tightenings: 2
		Number of explicit basis matrices examined by row tightener: 13. Consequent tightenings: 290
		Number of bound tightening rounds on the entire constraint matrix: 0. Consequent tightenings: 0
		Number of bound notifications sent to PL constraints: 1806. Tightenings proposed: 0
	--- Basis Factorization statistics ---
	Number of basis refactorizations: 185
	--- Projected Steepest Edge Statistics ---
	Number of iterations: 19543.
	Number of resets to reference space: 24. Avg. iterations per reset: 814
	--- SBT ---
	Number of tightened bounds: 9814
	--- SoI-based local search ---
	Number of proposed phase pattern update: 132. Number of accepted update: 82 [62.12%]
	Total time (% of local search time) updating SoI phase pattern : 16618 milli [0.09%]
	Total time obtaining current assignment: 33644 milli [0.17%]
	Total time getting SoI phase pattern : 6947 milli [0.02%]
	--- Context dependent statistics ---
	Number of pushes / pops: 49 / 0
		[0.02%] Pre-Push hook: 4 milli
		[0.00%] Push : 0 milli
		[0.00%] Post-Pop hook: 0 milli
		[0.00%] Pop : 0 milli
		[0.02%] Total context-switching time: 4 milli
	--- Proof Certificate ---
	Number of certified leaves: 0
	Number of leaves to delegate: 0

23:09:59 Statistics update:
	--- Time Statistics ---
	Total time elapsed: 49482 milli (00:00:49)
		Main loop: 48795 milli (00:00:48)
		Preprocessing time: 193 milli (00:00:00)
		Unknown: 493 milli (00:00:00)
	Breakdown for main loop:
		[91.21%] Simplex steps: 44508 milli
		[6.11%] Explicit-basis bound tightening: 2979 milli
		[0.00%] Constraint-matrix bound tightening: 0 milli
		[1.31%] Degradation checking: 637 milli
		[0.00%] Precision restoration: 0 milli
		[0.06%] Statistics handling: 29 milli
		[0.00%] Constraint-fixing steps: 0 milli
		[0.00%] Valid case splits: 0 milli. Average per split: 0.00 milli
		[0.00%] Applying stored bound-tightening: 1 milli
		[0.02%] SMT core: 11 milli
		[1.30%] Symbolic Bound Tightening: 635 milli
		[60.22%] SoI-based local search: 29382 milli
		[0.00%] SoI-based local search: 0 milli
		[37804206606246.20%] Unaccounted for: 0 milli
	--- Preprocessor Statistics ---
	Number of preprocessor bound-tightening loop iterations: 3
	Number of eliminated variables: 114
	Number of constraints removed due to variable elimination: 114
	Number of equations removed due to variable elimination: 0
	--- Engine Statistics ---
	Number of main loop iterations: 30000
		29843 iterations were simplex steps. Total time: 44508 milli. Average: 1.49 milli.
		0 iterations were constraint-fixing steps. Total time: 0 milli. Average: 0.00 milli
	Number of active piecewise-linear constraints: 65 / 142
		Constraints disabled by valid splits: 0. By SMT-originated splits: 77
	Last reported degradation: 0.0000000000. Max degradation so far: 0.0022976132. Restorations so far: 0
	Number of simplex pivots we attempted to skip because of instability: 0.
	Unstable pivots performed anyway: 0
	--- Tableau Statistics ---
	Total number of pivots performed: 29146
		Real pivots: 29142. Degenerate: 4 (0.01%)
		Degenerate pivots by request (e.g., to fix a PL constraint): 0 (0.00%)
		Average time per pivot: 0.32 milli
	Total number of fake pivots performed: 152
	Total number of rows added: 0. Number of merged columns: 0
	Current tableau dimensions: M = 705, N = 2064
	--- SMT Core Statistics ---
	Total depth is 77. Total visited states: 78. Number of splits: 77. Number of pops: 0
	Max stack depth: 77
	--- Bound Tightening Statistics ---
	Number of tightened bounds: 14820.
		Number of rows examined by row tightener: 29146. Consequent tightenings: 2
		Number of explicit basis matrices examined by row tightener: 13. Consequent tightenings: 290
		Number of bound tightening rounds on the entire constraint matrix: 0. Consequent tightenings: 0
		Number of bound notifications sent to PL constraints: 1862. Tightenings proposed: 0
	--- Basis Factorization statistics ---
	Number of basis refactorizations: 277
	--- Projected Steepest Edge Statistics ---
	Number of iterations: 29298.
	Number of resets to reference space: 37. Avg. iterations per reset: 791
	--- SBT ---
	Number of tightened bounds: 15205
	--- SoI-based local search ---
	Number of proposed phase pattern update: 199. Number of accepted update: 122 [61.31%]
	Total time (% of local search time) updating SoI phase pattern : 25531 milli [0.09%]
	Total time obtaining current assignment: 53873 milli [0.18%]
	Total time getting SoI phase pattern : 9479 milli [0.02%]
	--- Context dependent statistics ---
	Number of pushes / pops: 77 / 0
		[0.02%] Pre-Push hook: 8 milli
		[0.00%] Push : 0 milli
		[0.00%] Post-Pop hook: 0 milli
		[0.00%] Pop : 0 milli
		[0.02%] Total context-switching time: 8 milli
	--- Proof Certificate ---
	Number of certified leaves: 0
	Number of leaves to delegate: 0

23:10:14 Statistics update:
	--- Time Statistics ---
	Total time elapsed: 65244 milli (00:01:05)
		Main loop: 64271 milli (00:01:04)
		Preprocessing time: 193 milli (00:00:00)
		Unknown: 779 milli (00:00:00)
	Breakdown for main loop:
		[92.95%] Simplex steps: 59741 milli
		[4.64%] Explicit-basis bound tightening: 2979 milli
		[0.00%] Constraint-matrix bound tightening: 0 milli
		[1.33%] Degradation checking: 852 milli
		[0.00%] Precision restoration: 0 milli
		[0.06%] Statistics handling: 39 milli
		[0.00%] Constraint-fixing steps: 0 milli
		[0.00%] Valid case splits: 0 milli. Average per split: 0.00 milli
		[0.00%] Applying stored bound-tightening: 1 milli
		[0.02%] SMT core: 15 milli
		[1.28%] Symbolic Bound Tightening: 822 milli
		[64.20%] SoI-based local search: 41259 milli
		[0.00%] SoI-based local search: 0 milli
		[28701184494121.06%] Unaccounted for: 0 milli
	--- Preprocessor Statistics ---
	Number of preprocessor bound-tightening loop iterations: 3
	Number of eliminated variables: 114
	Number of constraints removed due to variable elimination: 114
	Number of equations removed due to variable elimination: 0
	--- Engine Statistics ---
	Number of main loop iterations: 40000
		39797 iterations were simplex steps. Total time: 59741 milli. Average: 1.50 milli.
		0 iterations were constraint-fixing steps. Total time: 0 milli. Average: 0.00 milli
	Number of active piecewise-linear constraints: 42 / 142
		Constraints disabled by valid splits: 0. By SMT-originated splits: 100
	Last reported degradation: 0.0000000000. Max degradation so far: 0.0022976132. Restorations so far: 0
	Number of simplex pivots we attempted to skip because of instability: 8.
	Unstable pivots performed anyway: 0
	--- Tableau Statistics ---
	Total number of pivots performed: 38832
		Real pivots: 38828. Degenerate: 4 (0.01%)
		Degenerate pivots by request (e.g., to fix a PL constraint): 0 (0.00%)
		Average time per pivot: 0.32 milli
	Total number of fake pivots performed: 177
	Total number of rows added: 0. Number of merged columns: 0
	Current tableau dimensions: M = 705, N = 2064
	--- SMT Core Statistics ---
	Total depth is 100. Total visited states: 101. Number of splits: 100. Number of pops: 0
	Max stack depth: 100
	--- Bound Tightening Statistics ---
	Number of tightened bounds: 19249.
		Number of rows examined by row tightener: 38832. Consequent tightenings: 2
		Number of explicit basis matrices examined by row tightener: 13. Consequent tightenings: 290
		Number of bound tightening rounds on the entire constraint matrix: 0. Consequent tightenings: 0
		Number of bound notifications sent to PL constraints: 1908. Tightenings proposed: 0
	--- Basis Factorization statistics ---
	Number of basis refactorizations: 369
	--- Projected Steepest Edge Statistics ---
	Number of iterations: 39017.
	Number of resets to reference space: 50. Avg. iterations per reset: 780
	--- SBT ---
	Number of tightened bounds: 19634
	--- SoI-based local search ---
	Number of proposed phase pattern update: 300. Number of accepted update: 199 [66.33%]
	Total time (% of local search time) updating SoI phase pattern : 32947 milli [0.08%]
	Total time obtaining current assignment: 80738 milli [0.20%]
	Total time getting SoI phase pattern : 11551 milli [0.02%]
	--- Context dependent statistics ---
	Number of pushes / pops: 100 / 0
		[0.02%] Pre-Push hook: 10 milli
		[0.00%] Push : 0 milli
		[0.00%] Post-Pop hook: 0 milli
		[0.00%] Pop : 0 milli
		[0.02%] Total context-switching time: 10 milli
	--- Proof Certificate ---
	Number of certified leaves: 0
	Number of leaves to delegate: 0

23:10:30 Statistics update:
	--- Time Statistics ---
	Total time elapsed: 81005 milli (00:01:21)
		Main loop: 80430 milli (00:01:20)
		Preprocessing time: 193 milli (00:00:00)
		Unknown: 380 milli (00:00:00)
	Breakdown for main loop:
		[93.23%] Simplex steps: 74983 milli
		[3.70%] Explicit-basis bound tightening: 2979 milli
		[0.00%] Constraint-matrix bound tightening: 0 milli
		[1.33%] Degradation checking: 1069 milli
		[0.00%] Precision restoration: 0 milli
		[0.06%] Statistics handling: 49 milli
		[0.00%] Constraint-fixing steps: 0 milli
		[0.00%] Valid case splits: 0 milli. Average per split: 0.00 milli
		[0.00%] Applying stored bound-tightening: 1 milli
		[0.03%] SMT core: 20 milli
		[1.26%] Symbolic Bound Tightening: 1012 milli
		[66.35%] SoI-based local search: 53362 milli
		[0.00%] SoI-based local search: 0 milli
		[0.39%] Unaccounted for: 313 milli
	--- Preprocessor Statistics ---
	Number of preprocessor bound-tightening loop iterations: 3
	Number of eliminated variables: 114
	Number of constraints removed due to variable elimination: 114
	Number of equations removed due to variable elimination: 0
	--- Engine Statistics ---
	Number of main loop iterations: 50000
		49747 iterations were simplex steps. Total time: 74983 milli. Average: 1.51 milli.
		0 iterations were constraint-fixing steps. Total time: 0 milli. Average: 0.00 milli
	Number of active piecewise-linear constraints: 18 / 142
		Constraints disabled by valid splits: 0. By SMT-originated splits: 124
	Last reported degradation: 0.0000000000. Max degradation so far: 0.0022976132. Restorations so far: 0
	Number of simplex pivots we attempted to skip because of instability: 8.
	Unstable pivots performed anyway: 0
	--- Tableau Statistics ---
	Total number of pivots performed: 48432
		Real pivots: 48427. Degenerate: 5 (0.01%)
		Degenerate pivots by request (e.g., to fix a PL constraint): 0 (0.00%)
		Average time per pivot: 0.32 milli
	Total number of fake pivots performed: 233
	Total number of rows added: 0. Number of merged columns: 0
	Current tableau dimensions: M = 705, N = 2064
	--- SMT Core Statistics ---
	Total depth is 124. Total visited states: 125. Number of splits: 124. Number of pops: 0
	Max stack depth: 124
	--- Bound Tightening Statistics ---
	Number of tightened bounds: 23870.
		Number of rows examined by row tightener: 48432. Consequent tightenings: 2
		Number of explicit basis matrices examined by row tightener: 13. Consequent tightenings: 290
		Number of bound tightening rounds on the entire constraint matrix: 0. Consequent tightenings: 0
		Number of bound notifications sent to PL constraints: 1956. Tightenings proposed: 0
	--- Basis Factorization statistics ---
	Number of basis refactorizations: 460
	--- Projected Steepest Edge Statistics ---
	Number of iterations: 48673.
	Number of resets to reference space: 63. Avg. iterations per reset: 772
	--- SBT ---
	Number of tightened bounds: 24255
	--- SoI-based local search ---
	Number of proposed phase pattern update: 429. Number of accepted update: 305 [71.10%]
	Total time (% of local search time) updating SoI phase pattern : 40795 milli [0.08%]
	Total time obtaining current assignment: 117470 milli [0.22%]
	Total time getting SoI phase pattern : 12864 milli [0.02%]
	--- Context dependent statistics ---
	Number of pushes / pops: 124 / 0
		[0.02%] Pre-Push hook: 14 milli
		[0.00%] Push : 0 milli
		[0.00%] Post-Pop hook: 0 milli
		[0.00%] Pop : 0 milli
		[0.02%] Total context-switching time: 14 milli
	--- Proof Certificate ---
	Number of certified leaves: 0
	Number of leaves to delegate: 0

23:10:46 Statistics update:
	--- Time Statistics ---
	Total time elapsed: 96692 milli (00:01:36)
		Main loop: 95495 milli (00:01:35)
		Preprocessing time: 193 milli (00:00:00)
		Unknown: 1003 milli (00:00:01)
	Breakdown for main loop:
		[94.37%] Simplex steps: 90119 milli
		[3.12%] Explicit-basis bound tightening: 2979 milli
		[0.00%] Constraint-matrix bound tightening: 0 milli
		[1.35%] Degradation checking: 1284 milli
		[0.00%] Precision restoration: 0 milli
		[0.06%] Statistics handling: 59 milli
		[0.00%] Constraint-fixing steps: 0 milli
		[0.00%] Valid case splits: 0 milli. Average per split: 0.00 milli
		[0.00%] Applying stored bound-tightening: 1 milli
		[0.04%] SMT core: 35 milli
		[1.27%] Symbolic Bound Tightening: 1211 milli
		[70.04%] SoI-based local search: 66881 milli
		[0.00%] SoI-based local search: 0 milli
		[19316867138404.66%] Unaccounted for: 0 milli
	--- Preprocessor Statistics ---
	Number of preprocessor bound-tightening loop iterations: 3
	Number of eliminated variables: 114
	Number of constraints removed due to variable elimination: 114
	Number of equations removed due to variable elimination: 0
	--- Engine Statistics ---
	Number of main loop iterations: 60000
		59707 iterations were simplex steps. Total time: 90119 milli. Average: 1.51 milli.
		0 iterations were constraint-fixing steps. Total time: 0 milli. Average: 0.00 milli
	Number of active piecewise-linear constraints: 12 / 142
		Constraints disabled by valid splits: 0. By SMT-originated splits: 130
	Last reported degradation: 0.0000000000. Max degradation so far: 0.0191970434. Restorations so far: 0
	Number of simplex pivots we attempted to skip because of instability: 9.
	Unstable pivots performed anyway: 0
	--- Tableau Statistics ---
	Total number of pivots performed: 57909
		Real pivots: 57897. Degenerate: 12 (0.02%)
		Degenerate pivots by request (e.g., to fix a PL constraint): 0 (0.00%)
		Average time per pivot: 0.32 milli
	Total number of fake pivots performed: 332
	Total number of rows added: 0. Number of merged columns: 0
	Current tableau dimensions: M = 705, N = 2064
	--- SMT Core Statistics ---
	Total depth is 130. Total visited states: 150. Number of splits: 139. Number of pops: 10
	Max stack depth: 130
	--- Bound Tightening Statistics ---
	Number of tightened bounds: 28362.
		Number of rows examined by row tightener: 57909. Consequent tightenings: 5
		Number of explicit basis matrices examined by row tightener: 13. Consequent tightenings: 290
		Number of bound tightening rounds on the entire constraint matrix: 0. Consequent tightenings: 0
		Number of bound notifications sent to PL constraints: 1990. Tightenings proposed: 0
	--- Basis Factorization statistics ---
	Number of basis refactorizations: 547
	--- Projected Steepest Edge Statistics ---
	Number of iterations: 58250.
	Number of resets to reference space: 85. Avg. iterations per reset: 685
	--- SBT ---
	Number of tightened bounds: 28747
	--- SoI-based local search ---
	Number of proposed phase pattern update: 612. Number of accepted update: 472 [77.12%]
	Total time (% of local search time) updating SoI phase pattern : 45777 milli [0.07%]
	Total time obtaining current assignment: 174060 milli [0.26%]
	Total time getting SoI phase pattern : 13547 milli [0.01%]
	--- Context dependent statistics ---
	Number of pushes / pops: 149 / 19
		[0.02%] Pre-Push hook: 15 milli
		[0.00%] Push : 0 milli
		[0.00%] Post-Pop hook: 0 milli
		[0.00%] Pop : 0 milli
		[0.02%] Total context-switching time: 16 milli
	--- Proof Certificate ---
	Number of certified leaves: 0
	Number of leaves to delegate: 0

23:11:04 Statistics update:
	--- Time Statistics ---
	Total time elapsed: 114542 milli (00:01:54)
		Main loop: 113898 milli (00:01:53)
		Preprocessing time: 193 milli (00:00:00)
		Unknown: 451 milli (00:00:00)
	Breakdown for main loop:
		[92.30%] Simplex steps: 105123 milli
		[4.12%] Explicit-basis bound tightening: 4693 milli
		[0.00%] Constraint-matrix bound tightening: 0 milli
		[1.31%] Degradation checking: 1495 milli
		[0.00%] Precision restoration: 0 milli
		[0.06%] Statistics handling: 69 milli
		[0.00%] Constraint-fixing steps: 0 milli
		[0.00%] Valid case splits: 0 milli. Average per split: 0.00 milli
		[0.00%] Applying stored bound-tightening: 2 milli
		[0.06%] SMT core: 66 milli
		[1.32%] Symbolic Bound Tightening: 1502 milli
		[69.78%] SoI-based local search: 79482 milli
		[0.00%] SoI-based local search: 0 milli
		[0.83%] Unaccounted for: 944 milli
	--- Preprocessor Statistics ---
	Number of preprocessor bound-tightening loop iterations: 3
	Number of eliminated variables: 114
	Number of constraints removed due to variable elimination: 114
	Number of equations removed due to variable elimination: 0
	--- Engine Statistics ---
	Number of main loop iterations: 70000
		69654 iterations were simplex steps. Total time: 105123 milli. Average: 1.51 milli.
		0 iterations were constraint-fixing steps. Total time: 0 milli. Average: 0.00 milli
	Number of active piecewise-linear constraints: 18 / 142
		Constraints disabled by valid splits: 0. By SMT-originated splits: 124
	Last reported degradation: 0.0000000000. Max degradation so far: 0.0191970434. Restorations so far: 0
	Number of simplex pivots we attempted to skip because of instability: 9.
	Unstable pivots performed anyway: 0
	--- Tableau Statistics ---
	Total number of pivots performed: 67343
		Real pivots: 67324. Degenerate: 19 (0.03%)
		Degenerate pivots by request (e.g., to fix a PL constraint): 0 (0.00%)
		Average time per pivot: 0.32 milli
	Total number of fake pivots performed: 441
	Total number of rows added: 0. Number of merged columns: 0
	Current tableau dimensions: M = 705, N = 2064
	--- SMT Core Statistics ---
	Total depth is 124. Total visited states: 188. Number of splits: 155. Number of pops: 32
	Max stack depth: 134
	--- Bound Tightening Statistics ---
	Number of tightened bounds: 34701.
		Number of rows examined by row tightener: 67343. Consequent tightenings: 31
		Number of explicit basis matrices examined by row tightener: 22. Consequent tightenings: 296
		Number of bound tightening rounds on the entire constraint matrix: 0. Consequent tightenings: 0
		Number of bound notifications sent to PL constraints: 2064. Tightenings proposed: 0
	--- Basis Factorization statistics ---
	Number of basis refactorizations: 634
	--- Projected Steepest Edge Statistics ---
	Number of iterations: 67793.
	Number of resets to reference space: 112. Avg. iterations per reset: 605
	--- SBT ---
	Number of tightened bounds: 35086
	--- SoI-based local search ---
	Number of proposed phase pattern update: 806. Number of accepted update: 650 [80.65%]
	Total time (% of local search time) updating SoI phase pattern : 51509 milli [0.06%]
	Total time obtaining current assignment: 233176 milli [0.29%]
	Total time getting SoI phase pattern : 14114 milli [0.01%]
	--- Context dependent statistics ---
	Number of pushes / pops: 187 / 63
		[0.02%] Pre-Push hook: 17 milli
		[0.00%] Push : 0 milli
		[0.00%] Post-Pop hook: 2 milli
		[0.00%] Pop : 1 milli
		[0.02%] Total context-switching time: 21 milli
	--- Proof Certificate ---
	Number of certified leaves: 0
	Number of leaves to delegate: 0

23:11:22 Statistics update:
	--- Time Statistics ---
	Total time elapsed: 132557 milli (00:02:12)
		Main loop: 131888 milli (00:02:11)
		Preprocessing time: 193 milli (00:00:00)
		Unknown: 474 milli (00:00:00)
	Breakdown for main loop:
		[91.19%] Simplex steps: 120272 milli
		[5.04%] Explicit-basis bound tightening: 6653 milli
		[0.00%] Constraint-matrix bound tightening: 0 milli
		[1.29%] Degradation checking: 1703 milli
		[0.00%] Precision restoration: 0 milli
		[0.06%] Statistics handling: 79 milli
		[0.00%] Constraint-fixing steps: 0 milli
		[0.00%] Valid case splits: 0 milli. Average per split: 0.00 milli
		[0.00%] Applying stored bound-tightening: 2 milli
		[0.07%] SMT core: 94 milli
		[1.37%] Symbolic Bound Tightening: 1811 milli
		[69.19%] SoI-based local search: 91254 milli
		[0.00%] SoI-based local search: 0 milli
		[0.96%] Unaccounted for: 1270 milli
	--- Preprocessor Statistics ---
	Number of preprocessor bound-tightening loop iterations: 3
	Number of eliminated variables: 114
	Number of constraints removed due to variable elimination: 114
	Number of equations removed due to variable elimination: 0
	--- Engine Statistics ---
	Number of main loop iterations: 80000
		79596 iterations were simplex steps. Total time: 120272 milli. Average: 1.51 milli.
		0 iterations were constraint-fixing steps. Total time: 0 milli. Average: 0.00 milli
	Number of active piecewise-linear constraints: 18 / 142
		Constraints disabled by valid splits: 0. By SMT-originated splits: 124
	Last reported degradation: 0.0000000000. Max degradation so far: 0.0191970434. Restorations so far: 0
	Number of simplex pivots we attempted to skip because of instability: 9.
	Unstable pivots performed anyway: 0
	--- Tableau Statistics ---
	Total number of pivots performed: 76888
		Real pivots: 76866. Degenerate: 22 (0.03%)
		Degenerate pivots by request (e.g., to fix a PL constraint): 0 (0.00%)
		Average time per pivot: 0.32 milli
	Total number of fake pivots performed: 549
	Total number of rows added: 0. Number of merged columns: 0
	Current tableau dimensions: M = 705, N = 2064
	--- SMT Core Statistics ---
	Total depth is 124. Total visited states: 227. Number of splits: 174. Number of pops: 52
	Max stack depth: 134
	--- Bound Tightening Statistics ---
	Number of tightened bounds: 41453.
		Number of rows examined by row tightener: 76888. Consequent tightenings: 43
		Number of explicit basis matrices examined by row tightener: 31. Consequent tightenings: 338
		Number of bound tightening rounds on the entire constraint matrix: 0. Consequent tightenings: 0
		Number of bound notifications sent to PL constraints: 2144. Tightenings proposed: 0
	--- Basis Factorization statistics ---
	Number of basis refactorizations: 723
	--- Projected Steepest Edge Statistics ---
	Number of iterations: 77446.
	Number of resets to reference space: 138. Avg. iterations per reset: 561
	--- SBT ---
	Number of tightened bounds: 41838
	--- SoI-based local search ---
	Number of proposed phase pattern update: 934. Number of accepted update: 760 [81.37%]
	Total time (% of local search time) updating SoI phase pattern : 58124 milli [0.06%]
	Total time obtaining current assignment: 277231 milli [0.30%]
	Total time getting SoI phase pattern : 14716 milli [0.01%]
	--- Context dependent statistics ---
	Number of pushes / pops: 226 / 102
		[0.01%] Pre-Push hook: 19 milli
		[0.00%] Push : 0 milli
		[0.00%] Post-Pop hook: 4 milli
		[0.00%] Pop : 2 milli
		[0.02%] Total context-switching time: 25 milli
	--- Proof Certificate ---
	Number of certified leaves: 0
	Number of leaves to delegate: 0

23:11:39 Statistics update:
	--- Time Statistics ---
	Total time elapsed: 149891 milli (00:02:29)
		Main loop: 148897 milli (00:02:28)
		Preprocessing time: 193 milli (00:00:00)
		Unknown: 800 milli (00:00:00)
	Breakdown for main loop:
		[90.92%] Simplex steps: 135374 milli
		[5.62%] Explicit-basis bound tightening: 8364 milli
		[0.00%] Constraint-matrix bound tightening: 0 milli
		[1.28%] Degradation checking: 1904 milli
		[0.00%] Precision restoration: 0 milli
		[0.06%] Statistics handling: 89 milli
		[0.00%] Constraint-fixing steps: 0 milli
		[0.00%] Valid case splits: 0 milli. Average per split: 0.00 milli
		[0.00%] Applying stored bound-tightening: 2 milli
		[0.07%] SMT core: 104 milli
		[1.34%] Symbolic Bound Tightening: 1994 milli
		[69.55%] SoI-based local search: 103562 milli
		[0.00%] SoI-based local search: 0 milli
		[0.71%] Unaccounted for: 1062 milli
	--- Preprocessor Statistics ---
	Number of preprocessor bound-tightening loop iterations: 3
	Number of eliminated variables: 114
	Number of constraints removed due to variable elimination: 114
	Number of equations removed due to variable elimination: 0
	--- Engine Statistics ---
	Number of main loop iterations: 90000
		89550 iterations were simplex steps. Total time: 135374 milli. Average: 1.51 milli.
		0 iterations were constraint-fixing steps. Total time: 0 milli. Average: 0.00 milli
	Number of active piecewise-linear constraints: 5 / 142
		Constraints disabled by valid splits: 0. By SMT-originated splits: 137
	Last reported degradation: 0.0000000000. Max degradation so far: 0.0191970434. Restorations so far: 0
	Number of simplex pivots we attempted to skip because of instability: 9.
	Unstable pivots performed anyway: 0
	--- Tableau Statistics ---
	Total number of pivots performed: 86367
		Real pivots: 86344. Degenerate: 23 (0.03%)
		Degenerate pivots by request (e.g., to fix a PL constraint): 0 (0.00%)
		Average time per pivot: 0.33 milli
	Total number of fake pivots performed: 644
	Total number of rows added: 0. Number of merged columns: 0
	Current tableau dimensions: M = 705, N = 2064
	--- SMT Core Statistics ---
	Total depth is 137. Total visited states: 250. Number of splits: 192. Number of pops: 57
	Max stack depth: 137
	--- Bound Tightening Statistics ---
	Number of tightened bounds: 45351.
		Number of rows examined by row tightener: 86367. Consequent tightenings: 67
		Number of explicit basis matrices examined by row tightener: 38. Consequent tightenings: 406
		Number of bound tightening rounds on the entire constraint matrix: 0. Consequent tightenings: 0
		Number of bound notifications sent to PL constraints: 2245. Tightenings proposed: 0
	--- Basis Factorization statistics ---
	Number of basis refactorizations: 811
	--- Projected Steepest Edge Statistics ---
	Number of iterations: 87020.
	Number of resets to reference space: 153. Avg. iterations per reset: 568
	--- SBT ---
	Number of tightened bounds: 45736
	--- SoI-based local search ---
	Number of proposed phase pattern update: 1117. Number of accepted update: 924 [82.72%]
	Total time (% of local search time) updating SoI phase pattern : 65275 milli [0.06%]
	Total time obtaining current assignment: 335112 milli [0.32%]
	Total time getting SoI phase pattern : 15352 milli [0.01%]
	--- Context dependent statistics ---
	Number of pushes / pops: 249 / 112
		[0.01%] Pre-Push hook: 20 milli
		[0.00%] Push : 0 milli
		[0.00%] Post-Pop hook: 4 milli
		[0.00%] Pop : 2 milli
		[0.02%] Total context-switching time: 27 milli
	--- Proof Certificate ---
	Number of certified leaves: 0
	Number of leaves to delegate: 0

23:11:54 Statistics update:
	--- Time Statistics ---
	Total time elapsed: 165238 milli (00:02:45)
		Main loop: 162993 milli (00:02:42)
		Preprocessing time: 193 milli (00:00:00)
		Unknown: 2051 milli (00:00:02)
	Breakdown for main loop:
		[92.21%] Simplex steps: 150296 milli
		[5.13%] Explicit-basis bound tightening: 8364 milli
		[0.00%] Constraint-matrix bound tightening: 0 milli
		[1.29%] Degradation checking: 2105 milli
		[0.00%] Precision restoration: 0 milli
		[0.06%] Statistics handling: 99 milli
		[0.00%] Constraint-fixing steps: 0 milli
		[0.00%] Valid case splits: 0 milli. Average per split: 0.00 milli
		[0.00%] Applying stored bound-tightening: 2 milli
		[0.07%] SMT core: 112 milli
		[1.27%] Symbolic Bound Tightening: 2073 milli
		[72.70%] SoI-based local search: 118491 milli
		[0.00%] SoI-based local search: 0 milli
		[11317495127991.86%] Unaccounted for: 0 milli
	--- Preprocessor Statistics ---
	Number of preprocessor bound-tightening loop iterations: 3
	Number of eliminated variables: 114
	Number of constraints removed due to variable elimination: 114
	Number of equations removed due to variable elimination: 0
	--- Engine Statistics ---
	Number of main loop iterations: 100000
		99536 iterations were simplex steps. Total time: 150296 milli. Average: 1.51 milli.
		0 iterations were constraint-fixing steps. Total time: 0 milli. Average: 0.00 milli
	Number of active piecewise-linear constraints: 6 / 142
		Constraints disabled by valid splits: 0. By SMT-originated splits: 136
	Last reported degradation: 0.0000000000. Max degradation so far: 0.0191970434. Restorations so far: 0
	Number of simplex pivots we attempted to skip because of instability: 9.
	Unstable pivots performed anyway: 0
	--- Tableau Statistics ---
	Total number of pivots performed: 95710
		Real pivots: 95685. Degenerate: 25 (0.03%)
		Degenerate pivots by request (e.g., to fix a PL constraint): 0 (0.00%)
		Average time per pivot: 0.32 milli
	Total number of fake pivots performed: 731
	Total number of rows added: 0. Number of merged columns: 0
	Current tableau dimensions: M = 705, N = 2064
	--- SMT Core Statistics ---
	Total depth is 136. Total visited states: 260. Number of splits: 196. Number of pops: 63
	Max stack depth: 139
	--- Bound Tightening Statistics ---
	Number of tightened bounds: 47044.
		Number of rows examined by row tightener: 95710. Consequent tightenings: 92
		Number of explicit basis matrices examined by row tightener: 38. Consequent tightenings: 406
		Number of bound tightening rounds on the entire constraint matrix: 0. Consequent tightenings: 0
		Number of bound notifications sent to PL constraints: 2286. Tightenings proposed: 0
	--- Basis Factorization statistics ---
	Number of basis refactorizations: 896
	--- Projected Steepest Edge Statistics ---
	Number of iterations: 96450.
	Number of resets to reference space: 168. Avg. iterations per reset: 574
	--- SBT ---
	Number of tightened bounds: 47429
	--- SoI-based local search ---
	Number of proposed phase pattern update: 1399. Number of accepted update: 1202 [85.92%]
	Total time (% of local search time) updating SoI phase pattern : 66523 milli [0.06%]
	Total time obtaining current assignment: 412604 milli [0.35%]
	Total time getting SoI phase pattern : 15426 milli [0.01%]
	--- Context dependent statistics ---
	Number of pushes / pops: 259 / 123
		[0.01%] Pre-Push hook: 20 milli
		[0.00%] Push : 0 milli
		[0.00%] Post-Pop hook: 5 milli
		[0.00%] Pop : 2 milli
		[0.02%] Total context-switching time: 28 milli
	--- Proof Certificate ---
	Number of certified leaves: 0
	Number of leaves to delegate: 0

23:12:12 Statistics update:
	--- Time Statistics ---
	Total time elapsed: 182666 milli (00:03:02)
		Main loop: 181160 milli (00:03:01)
		Preprocessing time: 193 milli (00:00:00)
		Unknown: 1312 milli (00:00:01)
	Breakdown for main loop:
		[91.24%] Simplex steps: 165291 milli
		[5.43%] Explicit-basis bound tightening: 9833 milli
		[0.00%] Constraint-matrix bound tightening: 0 milli
		[1.28%] Degradation checking: 2309 milli
		[0.00%] Precision restoration: 0 milli
		[0.06%] Statistics handling: 109 milli
		[0.00%] Constraint-fixing steps: 0 milli
		[0.00%] Valid case splits: 0 milli. Average per split: 0.00 milli
		[0.00%] Applying stored bound-tightening: 2 milli
		[0.07%] SMT core: 126 milli
		[1.23%] Symbolic Bound Tightening: 2223 milli
		[73.04%] SoI-based local search: 132312 milli
		[0.00%] SoI-based local search: 0 milli
		[0.70%] Unaccounted for: 1261 milli
	--- Preprocessor Statistics ---
	Number of preprocessor bound-tightening loop iterations: 3
	Number of eliminated variables: 114
	Number of constraints removed due to variable elimination: 114
	Number of equations removed due to variable elimination: 0
	--- Engine Statistics ---
	Number of main loop iterations: 110000
		109507 iterations were simplex steps. Total time: 165291 milli. Average: 1.51 milli.
		0 iterations were constraint-fixing steps. Total time: 0 milli. Average: 0.00 milli
	Number of active piecewise-linear constraints: 6 / 142
		Constraints disabled by valid splits: 0. By SMT-originated splits: 136
	Last reported degradation: 0.0000000000. Max degradation so far: 0.0191970434. Restorations so far: 0
	Number of simplex pivots we attempted to skip because of instability: 9.
	Unstable pivots performed anyway: 0
	--- Tableau Statistics ---
	Total number of pivots performed: 105105
		Real pivots: 105078. Degenerate: 27 (0.03%)
		Degenerate pivots by request (e.g., to fix a PL constraint): 0 (0.00%)
		Average time per pivot: 0.33 milli
	Total number of fake pivots performed: 829
	Total number of rows added: 0. Number of merged columns: 0
	Current tableau dimensions: M = 705, N = 2064
	--- SMT Core Statistics ---
	Total depth is 136. Total visited states: 279. Number of splits: 205. Number of pops: 73
	Max stack depth: 139
	--- Bound Tightening Statistics ---
	Number of tightened bounds: 50469.
		Number of rows examined by row tightener: 105105. Consequent tightenings: 164
		Number of explicit basis matrices examined by row tightener: 46. Consequent tightenings: 487
		Number of bound tightening rounds on the entire constraint matrix: 0. Consequent tightenings: 0
		Number of bound notifications sent to PL constraints: 2451. Tightenings proposed: 0
	--- Basis Factorization statistics ---
	Number of basis refactorizations: 983
	--- Projected Steepest Edge Statistics ---
	Number of iterations: 105943.
	Number of resets to reference space: 185. Avg. iterations per reset: 572
	--- SBT ---
	Number of tightened bounds: 50854
	--- SoI-based local search ---
	Number of proposed phase pattern update: 1647. Number of accepted update: 1441 [87.49%]
	Total time (% of local search time) updating SoI phase pattern : 69904 milli [0.05%]
	Total time obtaining current assignment: 483743 milli [0.37%]
	Total time getting SoI phase pattern : 15515 milli [0.01%]
	--- Context dependent statistics ---
	Number of pushes / pops: 278 / 142
		[0.01%] Pre-Push hook: 21 milli
		[0.00%] Push : 0 milli
		[0.00%] Post-Pop hook: 5 milli
		[0.00%] Pop : 3 milli
		[0.02%] Total context-switching time: 30 milli
	--- Proof Certificate ---
	Number of certified leaves: 0
	Number of leaves to delegate: 0

23:12:29 Statistics update:
	--- Time Statistics ---
	Total time elapsed: 200194 milli (00:03:20)
		Main loop: 199578 milli (00:03:19)
		Preprocessing time: 193 milli (00:00:00)
		Unknown: 422 milli (00:00:00)
	Breakdown for main loop:
		[90.36%] Simplex steps: 180345 milli
		[5.79%] Explicit-basis bound tightening: 11552 milli
		[0.00%] Constraint-matrix bound tightening: 0 milli
		[1.26%] Degradation checking: 2515 milli
		[0.00%] Precision restoration: 0 milli
		[0.06%] Statistics handling: 119 milli
		[0.00%] Constraint-fixing steps: 0 milli
		[0.00%] Valid case splits: 1 milli. Average per split: 0.00 milli
		[0.00%] Applying stored bound-tightening: 2 milli
		[0.07%] SMT core: 143 milli
		[1.20%] Symbolic Bound Tightening: 2390 milli
		[72.89%] SoI-based local search: 145472 milli
		[0.00%] SoI-based local search: 0 milli
		[1.26%] Unaccounted for: 2508 milli
	--- Preprocessor Statistics ---
	Number of preprocessor bound-tightening loop iterations: 3
	Number of eliminated variables: 114
	Number of constraints removed due to variable elimination: 114
	Number of equations removed due to variable elimination: 0
	--- Engine Statistics ---
	Number of main loop iterations: 120000
		119479 iterations were simplex steps. Total time: 180345 milli. Average: 1.51 milli.
		0 iterations were constraint-fixing steps. Total time: 0 milli. Average: 0.00 milli
	Number of active piecewise-linear constraints: 8 / 142
		Constraints disabled by valid splits: 0. By SMT-originated splits: 134
	Last reported degradation: 0.0000000000. Max degradation so far: 0.0191970434. Restorations so far: 0
	Number of simplex pivots we attempted to skip because of instability: 9.
	Unstable pivots performed anyway: 0
	--- Tableau Statistics ---
	Total number of pivots performed: 114525
		Real pivots: 114496. Degenerate: 29 (0.03%)
		Degenerate pivots by request (e.g., to fix a PL constraint): 0 (0.00%)
		Average time per pivot: 0.33 milli
	Total number of fake pivots performed: 885
	Total number of rows added: 0. Number of merged columns: 0
	Current tableau dimensions: M = 705, N = 2064
	--- SMT Core Statistics ---
	Total depth is 134. Total visited states: 300. Number of splits: 215. Number of pops: 84
	Max stack depth: 139
	--- Bound Tightening Statistics ---
	Number of tightened bounds: 54136.
		Number of rows examined by row tightener: 114525. Consequent tightenings: 200
		Number of explicit basis matrices examined by row tightener: 54. Consequent tightenings: 567
		Number of bound tightening rounds on the entire constraint matrix: 0. Consequent tightenings: 0
		Number of bound notifications sent to PL constraints: 2583. Tightenings proposed: 0
	--- Basis Factorization statistics ---
	Number of basis refactorizations: 1070
	--- Projected Steepest Edge Statistics ---
	Number of iterations: 115419.
	Number of resets to reference space: 203. Avg. iterations per reset: 568
	--- SBT ---
	Number of tightened bounds: 54521
	--- SoI-based local search ---
	Number of proposed phase pattern update: 1896. Number of accepted update: 1681 [88.66%]
	Total time (% of local search time) updating SoI phase pattern : 73317 milli [0.05%]
	Total time obtaining current assignment: 555903 milli [0.38%]
	Total time getting SoI phase pattern : 15634 milli [0.01%]
	--- Context dependent statistics ---
	Number of pushes / pops: 299 / 165
		[0.01%] Pre-Push hook: 22 milli
		[0.00%] Push : 0 milli
		[0.00%] Post-Pop hook: 6 milli
		[0.00%] Pop : 3 milli
		[0.02%] Total context-switching time: 32 milli
	--- Proof Certificate ---
	Number of certified leaves: 0
	Number of leaves to delegate: 0

23:12:46 Statistics update:
	--- Time Statistics ---
	Total time elapsed: 217184 milli (00:03:37)
		Main loop: 216342 milli (00:03:36)
		Preprocessing time: 193 milli (00:00:00)
		Unknown: 648 milli (00:00:00)
	Breakdown for main loop:
		[90.39%] Simplex steps: 195561 milli
		[5.79%] Explicit-basis bound tightening: 12530 milli
		[0.00%] Constraint-matrix bound tightening: 0 milli
		[1.26%] Degradation checking: 2720 milli
		[0.00%] Precision restoration: 0 milli
		[0.06%] Statistics handling: 129 milli
		[0.00%] Constraint-fixing steps: 0 milli
		[0.00%] Valid case splits: 1 milli. Average per split: 0.00 milli
		[0.00%] Applying stored bound-tightening: 3 milli
		[0.07%] SMT core: 162 milli
		[1.20%] Symbolic Bound Tightening: 2587 milli
		[73.69%] SoI-based local search: 159419 milli
		[0.00%] SoI-based local search: 0 milli
		[1.22%] Unaccounted for: 2646 milli
	--- Preprocessor Statistics ---
	Number of preprocessor bound-tightening loop iterations: 3
	Number of eliminated variables: 114
	Number of constraints removed due to variable elimination: 114
	Number of equations removed due to variable elimination: 0
	--- Engine Statistics ---
	Number of main loop iterations: 130000
		129443 iterations were simplex steps. Total time: 195561 milli. Average: 1.51 milli.
		0 iterations were constraint-fixing steps. Total time: 0 milli. Average: 0.00 milli
	Number of active piecewise-linear constraints: 8 / 142
		Constraints disabled by valid splits: 0. By SMT-originated splits: 134
	Last reported degradation: 0.0000000000. Max degradation so far: 0.0191970434. Restorations so far: 0
	Number of simplex pivots we attempted to skip because of instability: 9.
	Unstable pivots performed anyway: 0
	--- Tableau Statistics ---
	Total number of pivots performed: 123976
		Real pivots: 123945. Degenerate: 31 (0.03%)
		Degenerate pivots by request (e.g., to fix a PL constraint): 0 (0.00%)
		Average time per pivot: 0.33 milli
	Total number of fake pivots performed: 954
	Total number of rows added: 0. Number of merged columns: 0
	Current tableau dimensions: M = 705, N = 2064
	--- SMT Core Statistics ---
	Total depth is 134. Total visited states: 325. Number of splits: 227. Number of pops: 97
	Max stack depth: 139
	--- Bound Tightening Statistics ---
	Number of tightened bounds: 58443.
		Number of rows examined by row tightener: 123976. Consequent tightenings: 219
		Number of explicit basis matrices examined by row tightener: 59. Consequent tightenings: 595
		Number of bound tightening rounds on the entire constraint matrix: 0. Consequent tightenings: 0
		Number of bound notifications sent to PL constraints: 2674. Tightenings proposed: 0
	--- Basis Factorization statistics ---
	Number of basis refactorizations: 1158
	--- Projected Steepest Edge Statistics ---
	Number of iterations: 124939.
	Number of resets to reference space: 225. Avg. iterations per reset: 555
	--- SBT ---
	Number of tightened bounds: 58828
	--- SoI-based local search ---
	Number of proposed phase pattern update: 2122. Number of accepted update: 1894 [89.26%]
	Total time (% of local search time) updating SoI phase pattern : 77529 milli [0.05%]
	Total time obtaining current assignment: 624071 milli [0.39%]
	Total time getting SoI phase pattern : 15938 milli [0.01%]
	--- Context dependent statistics ---
	Number of pushes / pops: 324 / 190
		[0.01%] Pre-Push hook: 23 milli
		[0.00%] Push : 0 milli
		[0.00%] Post-Pop hook: 7 milli
		[0.00%] Pop : 4 milli
		[0.02%] Total context-switching time: 35 milli
	--- Proof Certificate ---
	Number of certified leaves: 0
	Number of leaves to delegate: 0

23:13:04 Statistics update:
	--- Time Statistics ---
	Total time elapsed: 234825 milli (00:03:54)
		Main loop: 233980 milli (00:03:53)
		Preprocessing time: 193 milli (00:00:00)
		Unknown: 650 milli (00:00:00)
	Breakdown for main loop:
		[90.15%] Simplex steps: 210923 milli
		[5.88%] Explicit-basis bound tightening: 13757 milli
		[0.00%] Constraint-matrix bound tightening: 0 milli
		[1.25%] Degradation checking: 2927 milli
		[0.00%] Precision restoration: 0 milli
		[0.06%] Statistics handling: 139 milli
		[0.00%] Constraint-fixing steps: 0 milli
		[0.00%] Valid case splits: 1 milli. Average per split: 0.00 milli
		[0.00%] Applying stored bound-tightening: 3 milli
		[0.08%] SMT core: 182 milli
		[1.20%] Symbolic Bound Tightening: 2801 milli
		[74.02%] SoI-based local search: 173203 milli
		[0.00%] SoI-based local search: 0 milli
		[1.39%] Unaccounted for: 3244 milli
	--- Preprocessor Statistics ---
	Number of preprocessor bound-tightening loop iterations: 3
	Number of eliminated variables: 114
	Number of constraints removed due to variable elimination: 114
	Number of equations removed due to variable elimination: 0
	--- Engine Statistics ---
	Number of main loop iterations: 140000
		139401 iterations were simplex steps. Total time: 210923 milli. Average: 1.51 milli.
		0 iterations were constraint-fixing steps. Total time: 0 milli. Average: 0.00 milli
	Number of active piecewise-linear constraints: 6 / 142
		Constraints disabled by valid splits: 0. By SMT-originated splits: 136
	Last reported degradation: 0.0000000000. Max degradation so far: 0.0191970434. Restorations so far: 0
	Number of simplex pivots we attempted to skip because of instability: 9.
	Unstable pivots performed anyway: 0
	--- Tableau Statistics ---
	Total number of pivots performed: 133459
		Real pivots: 133428. Degenerate: 31 (0.02%)
		Degenerate pivots by request (e.g., to fix a PL constraint): 0 (0.00%)
		Average time per pivot: 0.33 milli
	Total number of fake pivots performed: 987
	Total number of rows added: 0. Number of merged columns: 0
	Current tableau dimensions: M = 705, N = 2064
	--- SMT Core Statistics ---
	Total depth is 136. Total visited states: 352. Number of splits: 240. Number of pops: 111
	Max stack depth: 139
	--- Bound Tightening Statistics ---
	Number of tightened bounds: 62881.
		Number of rows examined by row tightener: 133459. Consequent tightenings: 239
		Number of explicit basis matrices examined by row tightener: 66. Consequent tightenings: 680
		Number of bound tightening rounds on the entire constraint matrix: 0. Consequent tightenings: 0
		Number of bound notifications sent to PL constraints: 2800. Tightenings proposed: 0
	--- Basis Factorization statistics ---
	Number of basis refactorizations: 1247
	--- Projected Steepest Edge Statistics ---
	Number of iterations: 134455.
	Number of resets to reference space: 244. Avg. iterations per reset: 551
	--- SBT ---
	Number of tightened bounds: 63266
	--- SoI-based local search ---
	Number of proposed phase pattern update: 2347. Number of accepted update: 2107 [89.77%]
	Total time (% of local search time) updating SoI phase pattern : 82156 milli [0.05%]
	Total time obtaining current assignment: 692426 milli [0.40%]
	Total time getting SoI phase pattern : 16226 milli [0.01%]
	--- Context dependent statistics ---
	Number of pushes / pops: 351 / 215
		[0.01%] Pre-Push hook: 24 milli
		[0.00%] Push : 0 milli
		[0.00%] Post-Pop hook: 8 milli
		[0.00%] Pop : 4 milli
		[0.02%] Total context-switching time: 37 milli
	--- Proof Certificate ---
	Number of certified leaves: 0
	Number of leaves to delegate: 0

23:13:23 Statistics update:
	--- Time Statistics ---
	Total time elapsed: 253447 milli (00:04:13)
		Main loop: 248691 milli (00:04:08)
		Preprocessing time: 193 milli (00:00:00)
		Unknown: 4562 milli (00:00:04)
	Breakdown for main loop:
		[90.98%] Simplex steps: 226265 milli
		[6.61%] Explicit-basis bound tightening: 16443 milli
		[0.00%] Constraint-matrix bound tightening: 0 milli
		[1.26%] Degradation checking: 3133 milli
		[0.00%] Precision restoration: 0 milli
		[0.06%] Statistics handling: 149 milli
		[0.00%] Constraint-fixing steps: 0 milli
		[0.00%] Valid case splits: 1 milli. Average per split: 0.00 milli
		[0.00%] Applying stored bound-tightening: 3 milli
		[0.08%] SMT core: 205 milli
		[1.22%] Symbolic Bound Tightening: 3040 milli
		[75.12%] SoI-based local search: 186814 milli
		[0.00%] SoI-based local search: 0 milli
		[7417528927481.05%] Unaccounted for: 0 milli
	--- Preprocessor Statistics ---
	Number of preprocessor bound-tightening loop iterations: 3
	Number of eliminated variables: 114
	Number of constraints removed due to variable elimination: 114
	Number of equations removed due to variable elimination: 0
	--- Engine Statistics ---
	Number of main loop iterations: 150000
		149356 iterations were simplex steps. Total time: 226265 milli. Average: 1.51 milli.
		0 iterations were constraint-fixing steps. Total time: 0 milli. Average: 0.00 milli
	Number of active piecewise-linear constraints: 10 / 142
		Constraints disabled by valid splits: 0. By SMT-originated splits: 132
	Last reported degradation: 0.0000000000. Max degradation so far: 0.0191970434. Restorations so far: 0
	Number of simplex pivots we attempted to skip because of instability: 9.
	Unstable pivots performed anyway: 0
	--- Tableau Statistics ---
	Total number of pivots performed: 142965
		Real pivots: 142930. Degenerate: 35 (0.02%)
		Degenerate pivots by request (e.g., to fix a PL constraint): 0 (0.00%)
		Average time per pivot: 0.33 milli
	Total number of fake pivots performed: 1050
	Total number of rows added: 0. Number of merged columns: 0
	Current tableau dimensions: M = 705, N = 2064
	--- SMT Core Statistics ---
	Total depth is 132. Total visited states: 382. Number of splits: 255. Number of pops: 126
	Max stack depth: 139
	--- Bound Tightening Statistics ---
	Number of tightened bounds: 68352.
		Number of rows examined by row tightener: 142965. Consequent tightenings: 251
		Number of explicit basis matrices examined by row tightener: 77. Consequent tightenings: 764
		Number of bound tightening rounds on the entire constraint matrix: 0. Consequent tightenings: 0
		Number of bound notifications sent to PL constraints: 2912. Tightenings proposed: 0
	--- Basis Factorization statistics ---
	Number of basis refactorizations: 1335
	--- Projected Steepest Edge Statistics ---
	Number of iterations: 144024.
	Number of resets to reference space: 267. Avg. iterations per reset: 539
	--- SBT ---
	Number of tightened bounds: 68737
	--- SoI-based local search ---
	Number of proposed phase pattern update: 2531. Number of accepted update: 2275 [89.89%]
	Total time (% of local search time) updating SoI phase pattern : 87541 milli [0.05%]
	Total time obtaining current assignment: 752293 milli [0.40%]
	Total time getting SoI phase pattern : 16725 milli [0.01%]
	--- Context dependent statistics ---
	Number of pushes / pops: 381 / 249
		[0.01%] Pre-Push hook: 25 milli
		[0.00%] Push : 0 milli
		[0.00%] Post-Pop hook: 10 milli
		[0.00%] Pop : 6 milli
		[0.02%] Total context-switching time: 41 milli
	--- Proof Certificate ---
	Number of certified leaves: 0
	Number of leaves to delegate: 0

23:13:39 Statistics update:
	--- Time Statistics ---
	Total time elapsed: 269731 milli (00:04:29)
		Main loop: 268307 milli (00:04:28)
		Preprocessing time: 193 milli (00:00:00)
		Unknown: 1231 milli (00:00:01)
	Breakdown for main loop:
		[90.00%] Simplex steps: 241469 milli
		[6.31%] Explicit-basis bound tightening: 16929 milli
		[0.00%] Constraint-matrix bound tightening: 0 milli
		[1.24%] Degradation checking: 3340 milli
		[0.00%] Precision restoration: 0 milli
		[0.06%] Statistics handling: 159 milli
		[0.00%] Constraint-fixing steps: 0 milli
		[0.00%] Valid case splits: 1 milli. Average per split: 0.00 milli
		[0.00%] Applying stored bound-tightening: 3 milli
		[0.09%] SMT core: 228 milli
		[1.22%] Symbolic Bound Tightening: 3276 milli
		[74.75%] SoI-based local search: 200547 milli
		[0.00%] SoI-based local search: 0 milli
		[1.08%] Unaccounted for: 2897 milli
	--- Preprocessor Statistics ---
	Number of preprocessor bound-tightening loop iterations: 3
	Number of eliminated variables: 114
	Number of constraints removed due to variable elimination: 114
	Number of equations removed due to variable elimination: 0
	--- Engine Statistics ---
	Number of main loop iterations: 160000
		159312 iterations were simplex steps. Total time: 241469 milli. Average: 1.52 milli.
		0 iterations were constraint-fixing steps. Total time: 0 milli. Average: 0.00 milli
	Number of active piecewise-linear constraints: 11 / 142
		Constraints disabled by valid splits: 0. By SMT-originated splits: 131
	Last reported degradation: 0.0000000000. Max degradation so far: 0.0191970434. Restorations so far: 0
	Number of simplex pivots we attempted to skip because of instability: 9.
	Unstable pivots performed anyway: 0
	--- Tableau Statistics ---
	Total number of pivots performed: 152428
		Real pivots: 152388. Degenerate: 40 (0.03%)
		Degenerate pivots by request (e.g., to fix a PL constraint): 0 (0.00%)
		Average time per pivot: 0.33 milli
	Total number of fake pivots performed: 1133
	Total number of rows added: 0. Number of merged columns: 0
	Current tableau dimensions: M = 705, N = 2064
	--- SMT Core Statistics ---
	Total depth is 131. Total visited states: 412. Number of splits: 269. Number of pops: 142
	Max stack depth: 139
	--- Bound Tightening Statistics ---
	Number of tightened bounds: 73706.
		Number of rows examined by row tightener: 152428. Consequent tightenings: 267
		Number of explicit basis matrices examined by row tightener: 79. Consequent tightenings: 775
		Number of bound tightening rounds on the entire constraint matrix: 0. Consequent tightenings: 0
		Number of bound notifications sent to PL constraints: 2977. Tightenings proposed: 0
	--- Basis Factorization statistics ---
	Number of basis refactorizations: 1423
	--- Projected Steepest Edge Statistics ---
	Number of iterations: 153570.
	Number of resets to reference space: 289. Avg. iterations per reset: 531
	--- SBT ---
	Number of tightened bounds: 74091
	--- SoI-based local search ---
	Number of proposed phase pattern update: 2728. Number of accepted update: 2458 [90.10%]
	Total time (% of local search time) updating SoI phase pattern : 92409 milli [0.05%]
	Total time obtaining current assignment: 814562 milli [0.41%]
	Total time getting SoI phase pattern : 17244 milli [0.01%]
	--- Context dependent statistics ---
	Number of pushes / pops: 411 / 280
		[0.01%] Pre-Push hook: 26 milli
		[0.00%] Push : 0 milli
		[0.00%] Post-Pop hook: 11 milli
		[0.00%] Pop : 6 milli
		[0.02%] Total context-switching time: 44 milli
	--- Proof Certificate ---
	Number of certified leaves: 0
	Number of leaves to delegate: 0

23:13:55 Statistics update:
	--- Time Statistics ---
	Total time elapsed: 286017 milli (00:04:46)
		Main loop: 284858 milli (00:04:44)
		Preprocessing time: 193 milli (00:00:00)
		Unknown: 965 milli (00:00:00)
	Breakdown for main loop:
		[90.14%] Simplex steps: 256778 milli
		[6.11%] Explicit-basis bound tightening: 17418 milli
		[0.00%] Constraint-matrix bound tightening: 0 milli
		[1.25%] Degradation checking: 3546 milli
		[0.00%] Precision restoration: 0 milli
		[0.06%] Statistics handling: 169 milli
		[0.00%] Constraint-fixing steps: 0 milli
		[0.00%] Valid case splits: 1 milli. Average per split: 0.00 milli
		[0.00%] Applying stored bound-tightening: 3 milli
		[0.08%] SMT core: 240 milli
		[1.20%] Symbolic Bound Tightening: 3418 milli
		[75.50%] SoI-based local search: 215075 milli
		[0.00%] SoI-based local search: 0 milli
		[1.15%] Unaccounted for: 3280 milli
	--- Preprocessor Statistics ---
	Number of preprocessor bound-tightening loop iterations: 3
	Number of eliminated variables: 114
	Number of constraints removed due to variable elimination: 114
	Number of equations removed due to variable elimination: 0
	--- Engine Statistics ---
	Number of main loop iterations: 170000
		169284 iterations were simplex steps. Total time: 256778 milli. Average: 1.52 milli.
		0 iterations were constraint-fixing steps. Total time: 0 milli. Average: 0.00 milli
	Number of active piecewise-linear constraints: 9 / 142
		Constraints disabled by valid splits: 0. By SMT-originated splits: 133
	Last reported degradation: 0.0000000000. Max degradation so far: 0.0191970434. Restorations so far: 0
	Number of simplex pivots we attempted to skip because of instability: 9.
	Unstable pivots performed anyway: 0
	--- Tableau Statistics ---
	Total number of pivots performed: 161925
		Real pivots: 161882. Degenerate: 43 (0.03%)
		Degenerate pivots by request (e.g., to fix a PL constraint): 0 (0.00%)
		Average time per pivot: 0.33 milli
	Total number of fake pivots performed: 1172
	Total number of rows added: 0. Number of merged columns: 0
	Current tableau dimensions: M = 705, N = 2064
	--- SMT Core Statistics ---
	Total depth is 133. Total visited states: 430. Number of splits: 279. Number of pops: 150
	Max stack depth: 139
	--- Bound Tightening Statistics ---
	Number of tightened bounds: 76499.
		Number of rows examined by row tightener: 161925. Consequent tightenings: 282
		Number of explicit basis matrices examined by row tightener: 81. Consequent tightenings: 777
		Number of bound tightening rounds on the entire constraint matrix: 0. Consequent tightenings: 0
		Number of bound notifications sent to PL constraints: 3017. Tightenings proposed: 0
	--- Basis Factorization statistics ---
	Number of basis refactorizations: 1512
	--- Projected Steepest Edge Statistics ---
	Number of iterations: 163106.
	Number of resets to reference space: 304. Avg. iterations per reset: 536
	--- SBT ---
	Number of tightened bounds: 76884
	--- SoI-based local search ---
	Number of proposed phase pattern update: 2948. Number of accepted update: 2669 [90.54%]
	Total time (% of local search time) updating SoI phase pattern : 95787 milli [0.04%]
	Total time obtaining current assignment: 881149 milli [0.41%]
	Total time getting SoI phase pattern : 17768 milli [0.01%]
	--- Context dependent statistics ---
	Number of pushes / pops: 429 / 296
		[0.01%] Pre-Push hook: 27 milli
		[0.00%] Push : 0 milli
		[0.00%] Post-Pop hook: 12 milli
		[0.00%] Pop : 7 milli
		[0.02%] Total context-switching time: 46 milli
	--- Proof Certificate ---
	Number of certified leaves: 0
	Number of leaves to delegate: 0

23:14:10 Statistics update:
	--- Time Statistics ---
	Total time elapsed: 300948 milli (00:05:00)
		Main loop: 298107 milli (00:04:58)
		Preprocessing time: 193 milli (00:00:00)
		Unknown: 2647 milli (00:00:02)
	Breakdown for main loop:
		[91.01%] Simplex steps: 271311 milli
		[5.84%] Explicit-basis bound tightening: 17418 milli
		[0.00%] Constraint-matrix bound tightening: 0 milli
		[1.26%] Degradation checking: 3750 milli
		[0.00%] Precision restoration: 0 milli
		[0.06%] Statistics handling: 177 milli
		[0.00%] Constraint-fixing steps: 0 milli
		[0.00%] Valid case splits: 1 milli. Average per split: 0.00 milli
		[0.00%] Applying stored bound-tightening: 3 milli
		[0.08%] SMT core: 243 milli
		[1.17%] Symbolic Bound Tightening: 3474 milli
		[77.03%] SoI-based local search: 229618 milli
		[0.00%] SoI-based local search: 0 milli
		[0.58%] Unaccounted for: 1726 milli
	--- Preprocessor Statistics ---
	Number of preprocessor bound-tightening loop iterations: 3
	Number of eliminated variables: 114
	Number of constraints removed due to variable elimination: 114
	Number of equations removed due to variable elimination: 0
	--- Engine Statistics ---
	Number of main loop iterations: 180000
		179272 iterations were simplex steps. Total time: 271311 milli. Average: 1.51 milli.
		0 iterations were constraint-fixing steps. Total time: 0 milli. Average: 0.00 milli
	Number of active piecewise-linear constraints: 5 / 142
		Constraints disabled by valid splits: 0. By SMT-originated splits: 137
	Last reported degradation: 0.0000000000. Max degradation so far: 0.0191970434. Restorations so far: 0
	Number of simplex pivots we attempted to skip because of instability: 9.
	Unstable pivots performed anyway: 0
	--- Tableau Statistics ---
	Total number of pivots performed: 171284
		Real pivots: 171240. Degenerate: 44 (0.03%)
		Degenerate pivots by request (e.g., to fix a PL constraint): 0 (0.00%)
		Average time per pivot: 0.33 milli
	Total number of fake pivots performed: 1210
	Total number of rows added: 0. Number of merged columns: 0
	Current tableau dimensions: M = 705, N = 2064
	--- SMT Core Statistics ---
	Total depth is 137. Total visited states: 437. Number of splits: 284. Number of pops: 152
	Max stack depth: 139
	--- Bound Tightening Statistics ---
	Number of tightened bounds: 77724.
		Number of rows examined by row tightener: 171284. Consequent tightenings: 290
		Number of explicit basis matrices examined by row tightener: 81. Consequent tightenings: 777
		Number of bound tightening rounds on the entire constraint matrix: 0. Consequent tightenings: 0
		Number of bound notifications sent to PL constraints: 3039. Tightenings proposed: 0
	--- Basis Factorization statistics ---
	Number of basis refactorizations: 1599
	--- Projected Steepest Edge Statistics ---
	Number of iterations: 172503.
	Number of resets to reference space: 316. Avg. iterations per reset: 545
	--- SBT ---
	Number of tightened bounds: 78109
	--- SoI-based local search ---
	Number of proposed phase pattern update: 3262. Number of accepted update: 2978 [91.29%]
	Total time (% of local search time) updating SoI phase pattern : 97383 milli [0.04%]
	Total time obtaining current assignment: 963482 milli [0.42%]
	Total time getting SoI phase pattern : 18007 milli [0.01%]
	--- Context dependent statistics ---
	Number of pushes / pops: 436 / 299
		[0.01%] Pre-Push hook: 27 milli
		[0.00%] Push : 0 milli
		[0.00%] Post-Pop hook: 12 milli
		[0.00%] Pop : 7 milli
		[0.02%] Total context-switching time: 46 milli
	--- Proof Certificate ---
	Number of certified leaves: 0
	Number of leaves to delegate: 0


Engine: quitting due to timeout...

Final statistics:

23:14:10 Statistics update:
	--- Time Statistics ---
	Total time elapsed: 301310 milli (00:05:01)
		Main loop: 300837 milli (00:05:00)
		Preprocessing time: 193 milli (00:00:00)
		Unknown: 280 milli (00:00:00)
	Breakdown for main loop:
		[90.30%] Simplex steps: 271662 milli
		[5.79%] Explicit-basis bound tightening: 17418 milli
		[0.00%] Constraint-matrix bound tightening: 0 milli
		[1.25%] Degradation checking: 3756 milli
		[0.00%] Precision restoration: 0 milli
		[0.06%] Statistics handling: 178 milli
		[0.00%] Constraint-fixing steps: 0 milli
		[0.00%] Valid case splits: 1 milli. Average per split: 0.00 milli
		[0.00%] Applying stored bound-tightening: 3 milli
		[0.08%] SMT core: 243 milli
		[1.15%] Symbolic Bound Tightening: 3474 milli
		[76.44%] SoI-based local search: 229961 milli
		[0.00%] SoI-based local search: 0 milli
		[1.36%] Unaccounted for: 4098 milli
	--- Preprocessor Statistics ---
	Number of preprocessor bound-tightening loop iterations: 3
	Number of eliminated variables: 114
	Number of constraints removed due to variable elimination: 114
	Number of equations removed due to variable elimination: 0
	--- Engine Statistics ---
	Number of main loop iterations: 180248
		179521 iterations were simplex steps. Total time: 271662 milli. Average: 1.51 milli.
		0 iterations were constraint-fixing steps. Total time: 0 milli. Average: 0.00 milli
	Number of active piecewise-linear constraints: 5 / 142
		Constraints disabled by valid splits: 0. By SMT-originated splits: 137
	Last reported degradation: 0.0000000000. Max degradation so far: 0.0191970434. Restorations so far: 0
	Number of simplex pivots we attempted to skip because of instability: 9.
	Unstable pivots performed anyway: 0
	--- Tableau Statistics ---
	Total number of pivots performed: 171510
		Real pivots: 171466. Degenerate: 44 (0.03%)
		Degenerate pivots by request (e.g., to fix a PL constraint): 0 (0.00%)
		Average time per pivot: 0.33 milli
	Total number of fake pivots performed: 1210
	Total number of rows added: 0. Number of merged columns: 0
	Current tableau dimensions: M = 705, N = 2064
	--- SMT Core Statistics ---
	Total depth is 137. Total visited states: 437. Number of splits: 284. Number of pops: 152
	Max stack depth: 139
	--- Bound Tightening Statistics ---
	Number of tightened bounds: 77724.
		Number of rows examined by row tightener: 171510. Consequent tightenings: 291
		Number of explicit basis matrices examined by row tightener: 81. Consequent tightenings: 777
		Number of bound tightening rounds on the entire constraint matrix: 0. Consequent tightenings: 0
		Number of bound notifications sent to PL constraints: 3041. Tightenings proposed: 0
	--- Basis Factorization statistics ---
	Number of basis refactorizations: 1601
	--- Projected Steepest Edge Statistics ---
	Number of iterations: 172729.
	Number of resets to reference space: 316. Avg. iterations per reset: 546
	--- SBT ---
	Number of tightened bounds: 78109
	--- SoI-based local search ---
	Number of proposed phase pattern update: 3274. Number of accepted update: 2989 [91.30%]
	Total time (% of local search time) updating SoI phase pattern : 97383 milli [0.04%]
	Total time obtaining current assignment: 966702 milli [0.42%]
	Total time getting SoI phase pattern : 18010 milli [0.01%]
	--- Context dependent statistics ---
	Number of pushes / pops: 436 / 299
		[0.01%] Pre-Push hook: 27 milli
		[0.00%] Push : 0 milli
		[0.00%] Post-Pop hook: 12 milli
		[0.00%] Pop : 7 milli
		[0.02%] Total context-switching time: 46 milli
	--- Proof Certificate ---
	Number of certified leaves: 0
	Number of leaves to delegate: 0
Timeout
