InputQuery: /home/levn/Workspace/othello_world/queries/probe_robust/group_1/game_65_target_4_eps_0.1.txt
Engine::processInputQuery: Input query (before preprocessing): 449 equations, 1216 variables
Engine::processInputQuery: Input query (after preprocessing): 705 equations, 1380 variables

Input bounds:
	x0: [ -1.3169,  -1.1169] 
	x1: [ -0.4285,  -0.2285] 
	x2: [  0.0673,   0.2673] 
	x3: [  0.5709,   0.7709] 
	x4: [ -0.3313,  -0.1313] 
	x5: [ -1.5580,  -1.3580] 
	x6: [  0.2994,   0.4994] 
	x7: [  1.5215,   1.7215] 
	x8: [ -2.0169,  -1.8169] 
	x9: [  0.6319,   0.8319] 
	x10: [ -0.5948,  -0.3948] 
	x11: [ -0.0176,   0.1824] 
	x12: [ -1.3225,  -1.1225] 
	x13: [  1.1617,   1.3617] 
	x14: [ -0.8700,  -0.6700] 
	x15: [  0.7779,   0.9779] 
	x16: [  3.3502,   3.5502] 
	x17: [ -0.7502,  -0.5502] 
	x18: [ -0.5794,  -0.3794] 
	x19: [  1.4157,   1.6157] 
	x20: [ -0.8262,  -0.6262] 
	x21: [  2.5999,   2.7999] 
	x22: [ -0.1010,   0.0990] 
	x23: [  2.4586,   2.6586] 
	x24: [  2.3107,   2.5107] 
	x25: [ -0.9843,  -0.7843] 
	x26: [  0.0413,   0.2413] 
	x27: [ -0.1729,   0.0271] 
	x28: [ -1.8126,  -1.6126] 
	x29: [ -0.6258,  -0.4258] 
	x30: [ -0.8134,  -0.6134] 
	x31: [ -0.6352,  -0.4352] 
	x32: [ -2.1343,  -1.9343] 
	x33: [ -0.9374,  -0.7374] 
	x34: [ -1.1845,  -0.9845] 
	x35: [ -1.7991,  -1.5991] 
	x36: [  1.5761,   1.7761] 
	x37: [ -0.0592,   0.1408] 
	x38: [ -1.4617,  -1.2617] 
	x39: [ -0.9432,  -0.7432] 
	x40: [ -0.1560,   0.0440] 
	x41: [  1.4290,   1.6290] 
	x42: [  2.6816,   2.8816] 
	x43: [ -1.5244,  -1.3244] 
	x44: [ -2.9169,  -2.7169] 
	x45: [ -1.8664,  -1.6664] 
	x46: [ -0.0226,   0.1774] 
	x47: [ -1.1414,  -0.9414] 
	x48: [  0.3155,   0.5155] 
	x49: [  0.9751,   1.1751] 
	x50: [ -1.9497,  -1.7497] 
	x51: [ -0.6724,  -0.4724] 
	x52: [  1.4770,   1.6770] 
	x53: [  0.1552,   0.3552] 
	x54: [  2.7165,   2.9165] 
	x55: [ -0.5797,  -0.3797] 
	x56: [ -1.8665,  -1.6665] 
	x57: [  2.7006,   2.9006] 
	x58: [ -1.2939,  -1.0939] 
	x59: [  2.2763,   2.4763] 
	x60: [ -0.7978,  -0.5978] 
	x61: [  0.2004,   0.4004] 
	x62: [  0.6276,   0.8276] 
	x63: [  0.3911,   0.5911] 
	x64: [ -1.7391,  -1.5391] 
	x65: [ -0.7341,  -0.5341] 
	x66: [ -1.1686,  -0.9686] 
	x67: [  2.5410,   2.7410] 
	x68: [  1.2587,   1.4587] 
	x69: [ -1.6703,  -1.4703] 
	x70: [  2.0194,   2.2194] 
	x71: [ -1.2341,  -1.0341] 
	x72: [ -1.2105,  -1.0105] 
	x73: [  0.5608,   0.7608] 
	x74: [  0.3335,   0.5335] 
	x75: [  1.0617,   1.2617] 
	x76: [  0.8876,   1.0876] 
	x77: [ -0.7724,  -0.5724] 
	x78: [ -0.8952,  -0.6952] 
	x79: [  0.2076,   0.4076] 
	x80: [  0.8407,   1.0407] 
	x81: [ -0.4588,  -0.2588] 
	x82: [  0.4685,   0.6685] 
	x83: [  0.5167,   0.7167] 
	x84: [ -1.3098,  -1.1098] 
	x85: [  0.1771,   0.3771] 
	x86: [  0.7309,   0.9309] 
	x87: [ -0.0830,   0.1170] 
	x88: [  0.3508,   0.5508] 
	x89: [  0.1324,   0.3324] 
	x90: [  0.6929,   0.8929] 
	x91: [ -3.0433,  -2.8433] 
	x92: [ -1.1568,  -0.9568] 
	x93: [ -1.1279,  -0.9279] 
	x94: [ -1.1072,  -0.9072] 
	x95: [  0.2328,   0.4328] 
	x96: [  0.9549,   1.1549] 
	x97: [ -0.6609,  -0.4609] 
	x98: [  0.2592,   0.4592] 
	x99: [  0.2304,   0.4304] 
	x100: [ -0.1318,   0.0682] 
	x101: [ -1.8435,  -1.6435] 
	x102: [  1.4841,   1.6841] 
	x103: [ -2.0715,  -1.8715] 
	x104: [ -1.5573,  -1.3573] 
	x105: [ -1.4660,  -1.2660] 
	x106: [ -1.8597,  -1.6597] 
	x107: [  0.0394,   0.2394] 
	x108: [  1.3227,   1.5227] 
	x109: [  0.1257,   0.3257] 
	x110: [  1.5108,   1.7108] 
	x111: [ -1.1980,  -0.9980] 
	x112: [  0.7781,   0.9781] 
	x113: [  1.6754,   1.8754] 
	x114: [ -1.2133,  -1.0133] 
	x115: [ -2.4548,  -2.2548] 
	x116: [ -0.6673,  -0.4673] 
	x117: [  0.5122,   0.7122] 
	x118: [ -1.9526,  -1.7526] 
	x119: [ -1.1467,  -0.9467] 
	x120: [ -0.4248,  -0.2248] 
	x121: [  2.4752,   2.6752] 
	x122: [  1.3769,   1.5769] 
	x123: [  0.0967,   0.2967] 
	x124: [ -1.6689,  -1.4689] 
	x125: [ -3.0633,  -2.8633] 
	x126: [ -1.4303,  -1.2303] 
	x127: [ -0.4785,  -0.2785] 
	x128: [ -0.8233,  -0.6233] 
	x129: [  1.2450,   1.4450] 
	x130: [ -0.3550,  -0.1550] 
	x131: [  0.0981,   0.2981] 
	x132: [  0.5246,   0.7246] 
	x133: [  1.6166,   1.8166] 
	x134: [  0.3689,   0.5689] 
	x135: [ -1.0559,  -0.8559] 
	x136: [  1.3533,   1.5533] 
	x137: [ -1.4289,  -1.2289] 
	x138: [  1.1254,   1.3254] 
	x139: [  1.6469,   1.8469] 
	x140: [  3.7493,   3.9493] 
	x141: [ -1.0194,  -0.8194] 
	x142: [  1.1467,   1.3467] 
	x143: [  2.2784,   2.4784] 
	x144: [  1.1865,   1.3865] 
	x145: [ -0.4316,  -0.2316] 
	x146: [ -0.3604,  -0.1604] 
	x147: [ -1.1981,  -0.9981] 
	x148: [ -0.9420,  -0.7420] 
	x149: [  0.5109,   0.7109] 
	x150: [ -0.2917,  -0.0917] 
	x151: [  1.0227,   1.2227] 
	x152: [ -0.9936,  -0.7936] 
	x153: [ -0.0217,   0.1783] 
	x154: [  1.1552,   1.3552] 
	x155: [ -1.7855,  -1.5855] 
	x156: [ -0.0580,   0.1420] 
	x157: [  0.2916,   0.4916] 
	x158: [ -2.4041,  -2.2041] 
	x159: [  0.2919,   0.4919] 
	x160: [ -0.4031,  -0.2031] 
	x161: [ -0.5371,  -0.3371] 
	x162: [  2.5963,   2.7963] 
	x163: [ -2.0201,  -1.8201] 
	x164: [ -1.7869,  -1.5869] 
	x165: [ -1.5774,  -1.3774] 
	x166: [  0.6885,   0.8885] 
	x167: [  5.9598,   6.1598] 
	x168: [ -4.1327,  -3.9327] 
	x169: [  2.6144,   2.8144] 
	x170: [ -0.9180,  -0.7180] 
	x171: [ -2.0596,  -1.8596] 
	x172: [ -1.0757,  -0.8757] 
	x173: [  1.9008,   2.1008] 
	x174: [ -1.0830,  -0.8830] 
	x175: [  1.2472,   1.4472] 
	x176: [ -2.7764,  -2.5764] 
	x177: [  1.2706,   1.4706] 
	x178: [ -0.1942,   0.0058] 
	x179: [ -0.8297,  -0.6297] 
	x180: [ -3.0426,  -2.8426] 
	x181: [  1.0983,   1.2983] 
	x182: [  0.2121,   0.4121] 
	x183: [ -2.7604,  -2.5604] 
	x184: [ -0.9080,  -0.7080] 
	x185: [ -1.3438,  -1.1438] 
	x186: [  0.3203,   0.5203] 
	x187: [ -0.9971,  -0.7971] 
	x188: [ -0.6452,  -0.4452] 
	x189: [ -2.2131,  -2.0131] 
	x190: [  0.3444,   0.5444] 
	x191: [  0.6145,   0.8145] 
	x192: [  0.0550,   0.2550] 
	x193: [  0.6639,   0.8639] 
	x194: [  1.0257,   1.2257] 
	x195: [ -1.3939,  -1.1939] 
	x196: [ -3.1497,  -2.9497] 
	x197: [ -2.4643,  -2.2643] 
	x198: [ -0.6732,  -0.4732] 
	x199: [ -1.2465,  -1.0465] 
	x200: [ -1.5275,  -1.3275] 
	x201: [  0.3022,   0.5022] 
	x202: [ -3.2214,  -3.0214] 
	x203: [ -2.9716,  -2.7716] 
	x204: [ -1.2832,  -1.0832] 
	x205: [ -2.8208,  -2.6208] 
	x206: [ -0.6985,  -0.4985] 
	x207: [ -0.5671,  -0.3671] 
	x208: [  0.6056,   0.8056] 
	x209: [  0.8213,   1.0213] 
	x210: [  1.2755,   1.4755] 
	x211: [  0.1988,   0.3988] 
	x212: [  0.6370,   0.8370] 
	x213: [ -0.8317,  -0.6317] 
	x214: [  0.0411,   0.2411] 
	x215: [ -1.0794,  -0.8794] 
	x216: [ -0.1632,   0.0368] 
	x217: [  1.0817,   1.2817] 
	x218: [ -0.2501,  -0.0501] 
	x219: [ -0.7339,  -0.5339] 
	x220: [  0.2388,   0.4388] 
	x221: [ -2.4268,  -2.2268] 
	x222: [ -2.9745,  -2.7745] 
	x223: [  0.4767,   0.6767] 
	x224: [  0.5273,   0.7273] 
	x225: [ -1.2227,  -1.0227] 
	x226: [  1.0936,   1.2936] 
	x227: [ -2.1856,  -1.9856] 
	x228: [  1.5164,   1.7164] 
	x229: [  0.8561,   1.0561] 
	x230: [ -0.2915,  -0.0915] 
	x231: [  0.4391,   0.6391] 
	x232: [  1.4852,   1.6852] 
	x233: [  1.6375,   1.8375] 
	x234: [  1.2136,   1.4136] 
	x235: [ -0.3664,  -0.1664] 
	x236: [  1.3253,   1.5253] 
	x237: [ -0.4390,  -0.2390] 
	x238: [ -1.0715,  -0.8715] 
	x239: [  7.5143,   7.7143] 
	x240: [  1.0791,   1.2791] 
	x241: [ -1.8540,  -1.6540] 
	x242: [  0.9118,   1.1118] 
	x243: [ -0.2278,  -0.0278] 
	x244: [ -1.4449,  -1.2449] 
	x245: [  1.1332,   1.3332] 
	x246: [ -1.3710,  -1.1710] 
	x247: [ -2.5676,  -2.3676] 
	x248: [  1.0617,   1.2617] 
	x249: [ -1.1785,  -0.9785] 
	x250: [  2.0715,   2.2715] 
	x251: [ -0.1165,   0.0835] 
	x252: [ -0.9055,  -0.7055] 
	x253: [ -0.0181,   0.1819] 
	x254: [ -1.6534,  -1.4534] 
	x255: [ -0.0183,   0.1817] 
	x256: [  0.2977,   0.4977] 
	x257: [ -1.1639,  -0.9639] 
	x258: [ -2.5103,  -2.3103] 
	x259: [  1.9618,   2.1618] 
	x260: [  0.7807,   0.9807] 
	x261: [  1.3722,   1.5722] 
	x262: [ -1.8549,  -1.6549] 
	x263: [ -0.4557,  -0.2557] 
	x264: [ -2.6534,  -2.4534] 
	x265: [ -0.6114,  -0.4114] 
	x266: [  0.6670,   0.8670] 
	x267: [  0.4812,   0.6812] 
	x268: [ -3.4311,  -3.2311] 
	x269: [  1.3101,   1.5101] 
	x270: [ -0.7423,  -0.5423] 
	x271: [  0.4652,   0.6652] 
	x272: [ -1.3895,  -1.1895] 
	x273: [  0.2640,   0.4640] 
	x274: [  2.2822,   2.4822] 
	x275: [  1.1982,   1.3982] 
	x276: [ -0.3429,  -0.1429] 
	x277: [ -1.2285,  -1.0285] 
	x278: [ -1.1190,  -0.9190] 
	x279: [ -2.0055,  -1.8055] 
	x280: [  0.5999,   0.7999] 
	x281: [ -1.4710,  -1.2710] 
	x282: [  0.5493,   0.7493] 
	x283: [  0.1873,   0.3873] 
	x284: [ -3.1220,  -2.9220] 
	x285: [ -2.2751,  -2.0751] 
	x286: [  0.3248,   0.5248] 
	x287: [  0.5292,   0.7292] 
	x288: [  0.8703,   1.0703] 
	x289: [  0.6298,   0.8298] 
	x290: [  1.3129,   1.5129] 
	x291: [  1.1662,   1.3662] 
	x292: [  0.3835,   0.5835] 
	x293: [ -1.8955,  -1.6955] 
	x294: [ -0.0946,   0.1054] 
	x295: [  0.2556,   0.4556] 
	x296: [ -1.6225,  -1.4225] 
	x297: [ -1.0807,  -0.8807] 
	x298: [ -8.8008,  -8.6008] 
	x299: [  0.8559,   1.0559] 
	x300: [  0.2841,   0.4841] 
	x301: [  0.6244,   0.8244] 
	x302: [ -1.8308,  -1.6308] 
	x303: [  0.0747,   0.2747] 
	x304: [ -0.7097,  -0.5097] 
	x305: [ -0.5853,  -0.3853] 
	x306: [  2.9538,   3.1538] 
	x307: [  2.2277,   2.4277] 
	x308: [  1.5652,   1.7652] 
	x309: [  1.2062,   1.4062] 
	x310: [ -0.2302,  -0.0302] 
	x311: [ -0.7362,  -0.5362] 
	x312: [ -1.9683,  -1.7683] 
	x313: [  0.1945,   0.3945] 
	x314: [ -0.3479,  -0.1479] 
	x315: [  2.3684,   2.5684] 
	x316: [ -0.7330,  -0.5330] 
	x317: [  2.0972,   2.2972] 
	x318: [  2.7822,   2.9822] 
	x319: [ -0.5185,  -0.3185] 
	x320: [  0.6129,   0.8129] 
	x321: [ -0.1544,   0.0456] 
	x322: [ -0.2430,  -0.0430] 
	x323: [  0.3864,   0.5864] 
	x324: [  0.4045,   0.6045] 
	x325: [ -2.2966,  -2.0966] 
	x326: [  0.1067,   0.3067] 
	x327: [ -0.0941,   0.1059] 
	x328: [  0.5170,   0.7170] 
	x329: [ -0.5722,  -0.3722] 
	x330: [  0.5335,   0.7335] 
	x331: [  1.3046,   1.5046] 
	x332: [  0.9025,   1.1025] 
	x333: [  2.0780,   2.2780] 
	x334: [ -1.1135,  -0.9135] 
	x335: [ -1.2857,  -1.0857] 
	x336: [  0.9529,   1.1529] 
	x337: [ -1.8136,  -1.6136] 
	x338: [ -0.5549,  -0.3549] 
	x339: [  0.2128,   0.4128] 
	x340: [ -0.1321,   0.0679] 
	x341: [  0.3811,   0.5811] 
	x342: [ -1.6270,  -1.4270] 
	x343: [  0.6349,   0.8349] 
	x344: [  2.3189,   2.5189] 
	x345: [ -2.6547,  -2.4547] 
	x346: [ -2.4465,  -2.2465] 
	x347: [ -1.3349,  -1.1349] 
	x348: [  0.6772,   0.8772] 
	x349: [ -2.8522,  -2.6522] 
	x350: [  1.4419,   1.6419] 
	x351: [ -0.2466,  -0.0466] 
	x352: [ -1.3647,  -1.1647] 
	x353: [ -1.4037,  -1.2037] 
	x354: [  0.6413,   0.8413] 
	x355: [ -0.5215,  -0.3215] 
	x356: [ -1.6365,  -1.4365] 
	x357: [ -0.1336,   0.0664] 
	x358: [ -1.6270,  -1.4270] 
	x359: [ -2.5483,  -2.3483] 
	x360: [  1.5600,   1.7600] 
	x361: [  0.6641,   0.8641] 
	x362: [ -1.6085,  -1.4085] 
	x363: [  0.6262,   0.8262] 
	x364: [ -0.8165,  -0.6165] 
	x365: [ -1.1512,  -0.9512] 
	x366: [ -2.3793,  -2.1793] 
	x367: [ -0.4711,  -0.2711] 
	x368: [ -0.9135,  -0.7135] 
	x369: [  1.2125,   1.4125] 
	x370: [ -0.6796,  -0.4796] 
	x371: [  0.9805,   1.1805] 
	x372: [ -0.0302,   0.1698] 
	x373: [ -0.0511,   0.1489] 
	x374: [ -1.7467,  -1.5467] 
	x375: [ -2.2085,  -2.0085] 
	x376: [ -2.8396,  -2.6396] 
	x377: [ -0.3055,  -0.1055] 
	x378: [  2.2410,   2.4410] 
	x379: [ -1.2460,  -1.0460] 
	x380: [  1.6492,   1.8492] 
	x381: [  0.0978,   0.2978] 
	x382: [  0.5019,   0.7019] 
	x383: [ -0.8590,  -0.6590] 
	x384: [  1.4004,   1.6004] 
	x385: [ -1.3295,  -1.1295] 
	x386: [ -1.5183,  -1.3183] 
	x387: [ -0.0184,   0.1816] 
	x388: [ -0.1690,   0.0310] 
	x389: [ -2.8163,  -2.6163] 
	x390: [  0.0960,   0.2960] 
	x391: [ -1.0615,  -0.8615] 
	x392: [  2.6259,   2.8259] 
	x393: [ -0.4178,  -0.2178] 
	x394: [  0.7888,   0.9888] 
	x395: [  0.8721,   1.0721] 
	x396: [  0.6254,   0.8254] 
	x397: [ -1.1559,  -0.9559] 
	x398: [ -0.9482,  -0.7482] 
	x399: [  0.7708,   0.9708] 
	x400: [  0.8178,   1.0178] 
	x401: [  2.1765,   2.3765] 
	x402: [  0.6177,   0.8177] 
	x403: [  0.6594,   0.8594] 
	x404: [  1.6780,   1.8780] 
	x405: [ -1.7550,  -1.5550] 
	x406: [  0.4468,   0.6468] 
	x407: [  1.2392,   1.4392] 
	x408: [ -0.6688,  -0.4688] 
	x409: [  0.7678,   0.9678] 
	x410: [ -0.7056,  -0.5056] 
	x411: [ -0.0652,   0.1348] 
	x412: [  0.5532,   0.7532] 
	x413: [ -0.8165,  -0.6165] 
	x414: [  1.3882,   1.5882] 
	x415: [  2.2947,   2.4947] 
	x416: [ -1.4385,  -1.2385] 
	x417: [  0.0739,   0.2739] 
	x418: [ -0.9962,  -0.7962] 
	x419: [ -1.0019,  -0.8019] 
	x420: [  0.9252,   1.1252] 
	x421: [ -0.6030,  -0.4030] 
	x422: [ -0.9367,  -0.7367] 
	x423: [  2.1318,   2.3318] 
	x424: [ -0.6598,  -0.4598] 
	x425: [ -0.1675,   0.0325] 
	x426: [ -1.9719,  -1.7719] 
	x427: [ -2.2899,  -2.0899] 
	x428: [  1.0235,   1.2235] 
	x429: [ -3.5163,  -3.3163] 
	x430: [ -2.3325,  -2.1325] 
	x431: [  0.7319,   0.9319] 
	x432: [ -1.8223,  -1.6223] 
	x433: [  0.0960,   0.2960] 
	x434: [  0.7470,   0.9470] 
	x435: [ -0.3627,  -0.1627] 
	x436: [  2.5299,   2.7299] 
	x437: [ -1.9385,  -1.7385] 
	x438: [ -2.0518,  -1.8518] 
	x439: [ -0.6513,  -0.4513] 
	x440: [ -1.7640,  -1.5640] 
	x441: [  0.5573,   0.7573] 
	x442: [  0.2478,   0.4478] 
	x443: [ -0.7521,  -0.5521] 
	x444: [ -0.4909,  -0.2909] 
	x445: [  0.5813,   0.7813] 
	x446: [ -2.3115,  -2.1115] 
	x447: [ -4.0862,  -3.8862] 
	x448: [ -2.0576,  -1.8576] 
	x449: [ -1.8504,  -1.6504] 
	x450: [ -1.3389,  -1.1389] 
	x451: [  1.6329,   1.8329] 
	x452: [ -1.3724,  -1.1724] 
	x453: [  1.2924,   1.4924] 
	x454: [ -0.5303,  -0.3303] 
	x455: [  2.9871,   3.1871] 
	x456: [ -0.1464,   0.0536] 
	x457: [ -3.9357,  -3.7357] 
	x458: [  0.6018,   0.8018] 
	x459: [ -1.3431,  -1.1431] 
	x460: [  1.3702,   1.5702] 
	x461: [  0.3393,   0.5393] 
	x462: [ -0.8459,  -0.6459] 
	x463: [ -2.0355,  -1.8355] 
	x464: [ -0.5239,  -0.3239] 
	x465: [  0.8826,   1.0826] 
	x466: [  0.7847,   0.9847] 
	x467: [ -2.8722,  -2.6722] 
	x468: [ -1.0281,  -0.8281] 
	x469: [  1.2012,   1.4012] 
	x470: [  0.1945,   0.3945] 
	x471: [ -0.4094,  -0.2094] 
	x472: [  2.9463,   3.1463] 
	x473: [  0.3339,   0.5339] 
	x474: [  0.2510,   0.4510] 
	x475: [  1.6289,   1.8289] 
	x476: [ -0.6571,  -0.4571] 
	x477: [ -0.7260,  -0.5260] 
	x478: [  0.8330,   1.0330] 
	x479: [  4.8632,   5.0632] 
	x480: [ -1.0791,  -0.8791] 
	x481: [ -0.9419,  -0.7419] 
	x482: [ -2.0618,  -1.8618] 
	x483: [ -0.7057,  -0.5057] 
	x484: [  0.1050,   0.3050] 
	x485: [ -1.9233,  -1.7233] 
	x486: [  1.2968,   1.4968] 
	x487: [ -0.5832,  -0.3832] 
	x488: [ -0.7808,  -0.5808] 
	x489: [ -2.8518,  -2.6518] 
	x490: [  0.9971,   1.1971] 
	x491: [  3.7770,   3.9770] 
	x492: [ -0.0806,   0.1194] 
	x493: [ -1.1252,  -0.9252] 
	x494: [ -1.4998,  -1.2998] 
	x495: [  0.3419,   0.5419] 
	x496: [  0.5667,   0.7667] 
	x497: [ -1.6011,  -1.4011] 
	x498: [  0.7079,   0.9079] 
	x499: [  1.2139,   1.4139] 
	x500: [  0.0672,   0.2672] 
	x501: [ -3.1340,  -2.9340] 
	x502: [ -1.1766,  -0.9766] 
	x503: [ -2.9092,  -2.7092] 
	x504: [  0.1460,   0.3460] 
	x505: [  0.1565,   0.3565] 
	x506: [ -0.5872,  -0.3872] 
	x507: [  1.2929,   1.4929] 
	x508: [ -1.3279,  -1.1279] 
	x509: [ -2.1246,  -1.9246] 
	x510: [  0.1450,   0.3450] 
	x511: [ -0.8038,  -0.6038] 

Branching heuristics set to PseudoImpact

Engine::solve: Initial statistics

00:33:43 Statistics update:
	--- Time Statistics ---
	Total time elapsed: 477 milli (00:00:00)
		Main loop: 0 milli (00:00:00)
		Preprocessing time: 185 milli (00:00:00)
		Unknown: 291 milli (00:00:00)
	Breakdown for main loop:
		[0.00%] Simplex steps: 0 milli
		[0.00%] Explicit-basis bound tightening: 0 milli
		[0.00%] Constraint-matrix bound tightening: 0 milli
		[0.00%] Degradation checking: 0 milli
		[0.00%] Precision restoration: 0 milli
		[0.00%] Statistics handling: 0 milli
		[0.00%] Constraint-fixing steps: 0 milli
		[0.00%] Valid case splits: 0 milli. Average per split: 0.00 milli
		[0.00%] Applying stored bound-tightening: 0 milli
		[0.00%] SMT core: 0 milli
		[0.00%] Symbolic Bound Tightening: 12 milli
		[0.00%] SoI-based local search: 0 milli
		[0.00%] SoI-based local search: 0 milli
		[0.00%] Unaccounted for: 0 milli
	--- Preprocessor Statistics ---
	Number of preprocessor bound-tightening loop iterations: 3
	Number of eliminated variables: 93
	Number of constraints removed due to variable elimination: 93
	Number of equations removed due to variable elimination: 0
	--- Engine Statistics ---
	Number of main loop iterations: 1
		0 iterations were simplex steps. Total time: 0 milli. Average: 0.00 milli.
		0 iterations were constraint-fixing steps. Total time: 0 milli. Average: 0.00 milli
	Number of active piecewise-linear constraints: 163 / 163
		Constraints disabled by valid splits: 0. By SMT-originated splits: 0
	Last reported degradation: 0.0000000000. Max degradation so far: 0.0000000000. Restorations so far: 0
	Number of simplex pivots we attempted to skip because of instability: 0.
	Unstable pivots performed anyway: 0
	--- Tableau Statistics ---
	Total number of pivots performed: 0
		Real pivots: 0. Degenerate: 0 (0.00%)
		Degenerate pivots by request (e.g., to fix a PL constraint): 0 (0.00%)
		Average time per pivot: 0.00 milli
	Total number of fake pivots performed: 0
	Total number of rows added: 0. Number of merged columns: 0
	Current tableau dimensions: M = 705, N = 2085
	--- SMT Core Statistics ---
	Total depth is 0. Total visited states: 1. Number of splits: 0. Number of pops: 0
	Max stack depth: 0
	--- Bound Tightening Statistics ---
	Number of tightened bounds: 0.
		Number of rows examined by row tightener: 0. Consequent tightenings: 0
		Number of explicit basis matrices examined by row tightener: 0. Consequent tightenings: 0
		Number of bound tightening rounds on the entire constraint matrix: 0. Consequent tightenings: 0
		Number of bound notifications sent to PL constraints: 978. Tightenings proposed: 0
	--- Basis Factorization statistics ---
	Number of basis refactorizations: 2
	--- Projected Steepest Edge Statistics ---
	Number of iterations: 0.
	Number of resets to reference space: 1. Avg. iterations per reset: 0
	--- SBT ---
	Number of tightened bounds: 385
	--- SoI-based local search ---
	Number of proposed phase pattern update: 0. Number of accepted update: 0 [0.00%]
	Total time (% of local search time) updating SoI phase pattern : 0 milli [0.00%]
	Total time obtaining current assignment: 0 milli [0.00%]
	Total time getting SoI phase pattern : 0 milli [0.00%]
	--- Context dependent statistics ---
	Number of pushes / pops: 0 / 0
		[0.00%] Pre-Push hook: 0 milli
		[0.00%] Push : 0 milli
		[0.00%] Post-Pop hook: 0 milli
		[0.00%] Pop : 0 milli
		[0.00%] Total context-switching time: 0 milli
	--- Proof Certificate ---
	Number of certified leaves: 0
	Number of leaves to delegate: 0

---

Engine::solve: sat assignment found

00:33:44 Statistics update:
	--- Time Statistics ---
	Total time elapsed: 1948 milli (00:00:01)
		Main loop: 1470 milli (00:00:01)
		Preprocessing time: 185 milli (00:00:00)
		Unknown: 292 milli (00:00:00)
	Breakdown for main loop:
		[34.89%] Simplex steps: 513 milli
		[63.62%] Explicit-basis bound tightening: 935 milli
		[0.00%] Constraint-matrix bound tightening: 0 milli
		[0.62%] Degradation checking: 9 milli
		[0.00%] Precision restoration: 0 milli
		[0.10%] Statistics handling: 1 milli
		[0.00%] Constraint-fixing steps: 0 milli
		[0.00%] Valid case splits: 0 milli. Average per split: 0.00 milli
		[0.00%] Applying stored bound-tightening: 0 milli
		[0.00%] SMT core: 0 milli
		[1.40%] Symbolic Bound Tightening: 20 milli
		[5.93%] SoI-based local search: 87 milli
		[0.00%] SoI-based local search: 0 milli
		[1254302887289972.00%] Unaccounted for: 0 milli
	--- Preprocessor Statistics ---
	Number of preprocessor bound-tightening loop iterations: 3
	Number of eliminated variables: 93
	Number of constraints removed due to variable elimination: 93
	Number of equations removed due to variable elimination: 0
	--- Engine Statistics ---
	Number of main loop iterations: 490
		488 iterations were simplex steps. Total time: 513 milli. Average: 1.05 milli.
		0 iterations were constraint-fixing steps. Total time: 0 milli. Average: 0.00 milli
	Number of active piecewise-linear constraints: 163 / 163
		Constraints disabled by valid splits: 0. By SMT-originated splits: 0
	Last reported degradation: 0.0000000000. Max degradation so far: 0.0000000000. Restorations so far: 0
	Number of simplex pivots we attempted to skip because of instability: 0.
	Unstable pivots performed anyway: 0
	--- Tableau Statistics ---
	Total number of pivots performed: 473
		Real pivots: 473. Degenerate: 0 (0.00%)
		Degenerate pivots by request (e.g., to fix a PL constraint): 0 (0.00%)
		Average time per pivot: 0.14 milli
	Total number of fake pivots performed: 13
	Total number of rows added: 0. Number of merged columns: 0
	Current tableau dimensions: M = 705, N = 2085
	--- SMT Core Statistics ---
	Total depth is 0. Total visited states: 1. Number of splits: 0. Number of pops: 0
	Max stack depth: 0
	--- Bound Tightening Statistics ---
	Number of tightened bounds: 0.
		Number of rows examined by row tightener: 473. Consequent tightenings: 0
		Number of explicit basis matrices examined by row tightener: 4. Consequent tightenings: 260
		Number of bound tightening rounds on the entire constraint matrix: 0. Consequent tightenings: 0
		Number of bound notifications sent to PL constraints: 1956. Tightenings proposed: 0
	--- Basis Factorization statistics ---
	Number of basis refactorizations: 6
	--- Projected Steepest Edge Statistics ---
	Number of iterations: 486.
	Number of resets to reference space: 1. Avg. iterations per reset: 486
	--- SBT ---
	Number of tightened bounds: 385
	--- SoI-based local search ---
	Number of proposed phase pattern update: 0. Number of accepted update: 1 [0.00%]
	Total time (% of local search time) updating SoI phase pattern : 383 milli [0.44%]
	Total time obtaining current assignment: 157 milli [0.18%]
	Total time getting SoI phase pattern : 65 milli [0.00%]
	--- Context dependent statistics ---
	Number of pushes / pops: 0 / 0
		[0.00%] Pre-Push hook: 0 milli
		[0.00%] Push : 0 milli
		[0.00%] Post-Pop hook: 0 milli
		[0.00%] Pop : 0 milli
		[0.00%] Total context-switching time: 0 milli
	--- Proof Certificate ---
	Number of certified leaves: 0
	Number of leaves to delegate: 0
sat
Input assignment:
	x0 = -1.116917
	x1 = -0.228491
	x2 = 0.267269
	x3 = 0.570927
	x4 = -0.131324
	x5 = -1.557958
	x6 = 0.299356
	x7 = 1.721489
	x8 = -1.816889
	x9 = 0.631936
	x10 = -0.594774
	x11 = -0.017558
	x12 = -1.122480
	x13 = 1.361709
	x14 = -0.669959
	x15 = 0.777892
	x16 = 3.550173
	x17 = -0.750224
	x18 = -0.379366
	x19 = 1.415660
	x20 = -0.626172
	x21 = 2.599931
	x22 = -0.100967
	x23 = 2.658586
	x24 = 2.510735
	x25 = -0.784321
	x26 = 0.041291
	x27 = 0.027069
	x28 = -1.812627
	x29 = -0.425829
	x30 = -0.813356
	x31 = -0.435161
	x32 = -2.134320
	x33 = -0.937370
	x34 = -1.184471
	x35 = -1.599142
	x36 = 1.776074
	x37 = -0.059231
	x38 = -1.261742
	x39 = -0.743163
	x40 = 0.044011
	x41 = 1.628999
	x42 = 2.681588
	x43 = -1.524392
	x44 = -2.716852
	x45 = -1.666361
	x46 = 0.177403
	x47 = -0.941432
	x48 = 0.515494
	x49 = 1.175068
	x50 = -1.949716
	x51 = -0.472407
	x52 = 1.476950
	x53 = 0.355210
	x54 = 2.716463
	x55 = -0.579693
	x56 = -1.666476
	x57 = 2.700579
	x58 = -1.093905
	x59 = 2.476298
	x60 = -0.797757
	x61 = 0.400374
	x62 = 0.627602
	x63 = 0.591132
	x64 = -1.739114
	x65 = -0.734059
	x66 = -1.168554
	x67 = 2.740990
	x68 = 1.258737
	x69 = -1.670271
	x70 = 2.219393
	x71 = -1.034129
	x72 = -1.210513
	x73 = 0.560839
	x74 = 0.533530
	x75 = 1.061713
	x76 = 1.087612
	x77 = -0.772424
	x78 = -0.895201
	x79 = 0.207586
	x80 = 1.040723
	x81 = -0.458795
	x82 = 0.468543
	x83 = 0.716712
	x84 = -1.109816
	x85 = 0.177096
	x86 = 0.730927
	x87 = 0.116954
	x88 = 0.350788
	x89 = 0.132409
	x90 = 0.892932
	x91 = -3.043263
	x92 = -1.156821
	x93 = -1.127914
	x94 = -0.907204
	x95 = 0.232837
	x96 = 0.954895
	x97 = -0.660900
	x98 = 0.459174
	x99 = 0.430357
	x100 = -0.131801
	x101 = -1.643521
	x102 = 1.484130
	x103 = -2.071462
	x104 = -1.557325
	x105 = -1.466024
	x106 = -1.659696
	x107 = 0.039434
	x108 = 1.322746
	x109 = 0.325668
	x110 = 1.710808
	x111 = -0.997976
	x112 = 0.778089
	x113 = 1.875432
	x114 = -1.213325
	x115 = -2.254808
	x116 = -0.667270
	x117 = 0.712187
	x118 = -1.752609
	x119 = -0.946724
	x120 = -0.224819
	x121 = 2.675211
	x122 = 1.376876
	x123 = 0.096745
	x124 = -1.468865
	x125 = -3.063335
	x126 = -1.230328
	x127 = -0.478480
	x128 = -0.623282
	x129 = 1.445012
	x130 = -0.355047
	x131 = 0.298115
	x132 = 0.724573
	x133 = 1.816634
	x134 = 0.368915
	x135 = -1.055937
	x136 = 1.553319
	x137 = -1.428887
	x138 = 1.125438
	x139 = 1.846871
	x140 = 3.949349
	x141 = -0.819392
	x142 = 1.346732
	x143 = 2.278353
	x144 = 1.386451
	x145 = -0.231618
	x146 = -0.360417
	x147 = -1.198067
	x148 = -0.941997
	x149 = 0.710921
	x150 = -0.291717
	x151 = 1.022657
	x152 = -0.793640
	x153 = 0.178287
	x154 = 1.155166
	x155 = -1.585484
	x156 = 0.142016
	x157 = 0.291601
	x158 = -2.404073
	x159 = 0.491882
	x160 = -0.403052
	x161 = -0.337082
	x162 = 2.596320
	x163 = -2.020110
	x164 = -1.586906
	x165 = -1.377415
	x166 = 0.688542
	x167 = 5.959783
	x168 = -3.932731
	x169 = 2.614359
	x170 = -0.718001
	x171 = -2.059635
	x172 = -0.875686
	x173 = 1.900812
	x174 = -0.883032
	x175 = 1.447168
	x176 = -2.576351
	x177 = 1.270597
	x178 = -0.194232
	x179 = -0.829662
	x180 = -2.842631
	x181 = 1.098341
	x182 = 0.412088
	x183 = -2.760413
	x184 = -0.707954
	x185 = -1.143826
	x186 = 0.320257
	x187 = -0.797056
	x188 = -0.645191
	x189 = -2.213056
	x190 = 0.344382
	x191 = 0.814535
	x192 = 0.254969
	x193 = 0.663867
	x194 = 1.225747
	x195 = -1.193900
	x196 = -3.149686
	x197 = -2.264336
	x198 = -0.473222
	x199 = -1.246486
	x200 = -1.527466
	x201 = 0.502191
	x202 = -3.221369
	x203 = -2.771620
	x204 = -1.083237
	x205 = -2.620840
	x206 = -0.498497
	x207 = -0.567124
	x208 = 0.805597
	x209 = 1.021269
	x210 = 1.275469
	x211 = 0.398768
	x212 = 0.836978
	x213 = -0.631698
	x214 = 0.241143
	x215 = -0.879402
	x216 = 0.036799
	x217 = 1.081733
	x218 = -0.050059
	x219 = -0.733871
	x220 = 0.438751
	x221 = -2.426767
	x222 = -2.774527
	x223 = 0.676664
	x224 = 0.727267
	x225 = -1.022712
	x226 = 1.293617
	x227 = -2.185567
	x228 = 1.516434
	x229 = 1.056090
	x230 = -0.291476
	x231 = 0.439129
	x232 = 1.685228
	x233 = 1.837458
	x234 = 1.213551
	x235 = -0.366432
	x236 = 1.525278
	x237 = -0.438966
	x238 = -1.071478
	x239 = 7.714285
	x240 = 1.079057
	x241 = -1.853991
	x242 = 0.911838
	x243 = -0.027794
	x244 = -1.244904
	x245 = 1.333238
	x246 = -1.370971
	x247 = -2.367612
	x248 = 1.261699
	x249 = -1.178462
	x250 = 2.271459
	x251 = -0.116545
	x252 = -0.705477
	x253 = 0.181866
	x254 = -1.453444
	x255 = 0.181707
	x256 = 0.297698
	x257 = -0.963895
	x258 = -2.510261
	x259 = 1.961814
	x260 = 0.780725
	x261 = 1.372208
	x262 = -1.854871
	x263 = -0.255677
	x264 = -2.653433
	x265 = -0.447298
	x266 = 0.866973
	x267 = 0.481160
	x268 = -3.431064
	x269 = 1.310130
	x270 = -0.542333
	x271 = 0.465157
	x272 = -1.189525
	x273 = 0.264011
	x274 = 2.482180
	x275 = 1.198230
	x276 = -0.342917
	x277 = -1.228503
	x278 = -0.918958
	x279 = -2.005462
	x280 = 0.599901
	x281 = -1.470993
	x282 = 0.749345
	x283 = 0.387300
	x284 = -2.922023
	x285 = -2.275087
	x286 = 0.524801
	x287 = 0.529204
	x288 = 1.070311
	x289 = 0.829768
	x290 = 1.312916
	x291 = 1.366235
	x292 = 0.383470
	x293 = -1.884418
	x294 = 0.105398
	x295 = 0.255604
	x296 = -1.622548
	x297 = -1.080670
	x298 = -8.800802
	x299 = 1.055869
	x300 = 0.484057
	x301 = 0.624363
	x302 = -1.830751
	x303 = 0.274718
	x304 = -0.509708
	x305 = -0.385314
	x306 = 3.153797
	x307 = 2.227741
	x308 = 1.765194
	x309 = 1.406217
	x310 = -0.230191
	x311 = -0.536240
	x312 = -1.968309
	x313 = 0.194525
	x314 = -0.147905
	x315 = 2.368384
	x316 = -0.733031
	x317 = 2.097230
	x318 = 2.782233
	x319 = -0.518459
	x320 = 0.612881
	x321 = 0.045569
	x322 = -0.043029
	x323 = 0.386385
	x324 = 0.604499
	x325 = -2.296637
	x326 = 0.106741
	x327 = 0.105916
	x328 = 0.716963
	x329 = -0.572178
	x330 = 0.733456
	x331 = 1.504569
	x332 = 1.102515
	x333 = 2.277967
	x334 = -0.913462
	x335 = -1.085663
	x336 = 1.152893
	x337 = -1.813616
	x338 = -0.354930
	x339 = 0.212846
	x340 = -0.132128
	x341 = 0.503601
	x342 = -1.426990
	x343 = 0.834861
	x344 = 2.318894
	x345 = -2.454693
	x346 = -2.246544
	x347 = -1.134939
	x348 = 0.677164
	x349 = -2.852207
	x350 = 1.441865
	x351 = -0.246591
	x352 = -1.364711
	x353 = -1.203672
	x354 = 0.641290
	x355 = -0.521495
	x356 = -1.636494
	x357 = 0.066432
	x358 = -1.626956
	x359 = -2.548309
	x360 = 1.560011
	x361 = 0.864149
	x362 = -1.408477
	x363 = 0.826188
	x364 = -0.816479
	x365 = -0.951230
	x366 = -2.379319
	x367 = -0.471079
	x368 = -0.913512
	x369 = 1.412534
	x370 = -0.679594
	x371 = 1.180518
	x372 = -0.030191
	x373 = -0.051093
	x374 = -1.746728
	x375 = -2.008503
	x376 = -2.639630
	x377 = -0.305493
	x378 = 2.241033
	x379 = -1.120151
	x380 = 1.649155
	x381 = 0.297752
	x382 = 0.701913
	x383 = -0.658978
	x384 = 1.600350
	x385 = -1.329490
	x386 = -1.518335
	x387 = 0.054251
	x388 = -0.169015
	x389 = -2.816343
	x390 = 0.295963
	x391 = -1.061471
	x392 = 2.625904
	x393 = -0.417820
	x394 = 0.988847
	x395 = 1.072055
	x396 = 0.625436
	x397 = -0.955877
	x398 = -0.948204
	x399 = 0.970789
	x400 = 1.017843
	x401 = 2.376523
	x402 = 0.817704
	x403 = 0.859445
	x404 = 1.678041
	x405 = -1.755026
	x406 = 0.446848
	x407 = 1.439201
	x408 = -0.468766
	x409 = 0.967764
	x410 = -0.505607
	x411 = -0.065201
	x412 = 0.753234
	x413 = -0.816504
	x414 = 1.588193
	x415 = 2.294675
	x416 = -1.438492
	x417 = 0.073895
	x418 = -0.796210
	x419 = -0.801880
	x420 = 0.925167
	x421 = -0.603022
	x422 = -0.936706
	x423 = 2.331834
	x424 = -0.659845
	x425 = -0.167460
	x426 = -1.771866
	x427 = -2.089858
	x428 = 1.023472
	x429 = -3.316275
	x430 = -2.132489
	x431 = 0.731944
	x432 = -1.622309
	x433 = 0.295982
	x434 = 0.746963
	x435 = -0.162675
	x436 = 2.729935
	x437 = -1.938503
	x438 = -2.051834
	x439 = -0.451329
	x440 = -1.763975
	x441 = 0.757340
	x442 = 0.247761
	x443 = -0.552054
	x444 = -0.290915
	x445 = 0.633155
	x446 = -2.111468
	x447 = -4.086166
	x448 = -1.857612
	x449 = -1.650433
	x450 = -1.338862
	x451 = 1.832864
	x452 = -1.372381
	x453 = 1.492438
	x454 = -0.330327
	x455 = 2.987147
	x456 = -0.146413
	x457 = -3.735660
	x458 = 0.801799
	x459 = -1.143095
	x460 = 1.570159
	x461 = 0.339269
	x462 = -0.845915
	x463 = -1.835457
	x464 = -0.523936
	x465 = 0.882592
	x466 = 0.984741
	x467 = -2.872246
	x468 = -0.828147
	x469 = 1.401154
	x470 = 0.194532
	x471 = -0.409411
	x472 = 2.946340
	x473 = 0.533931
	x474 = 0.450992
	x475 = 1.628913
	x476 = -0.657117
	x477 = -0.526011
	x478 = 0.833041
	x479 = 4.863157
	x480 = -1.079061
	x481 = -0.741921
	x482 = -1.861758
	x483 = -0.505731
	x484 = 0.137816
	x485 = -1.923320
	x486 = 1.496850
	x487 = -0.383231
	x488 = -0.780825
	x489 = -2.651820
	x490 = 0.997135
	x491 = 3.977044
	x492 = 0.119411
	x493 = -0.925165
	x494 = -1.499821
	x495 = 0.341894
	x496 = 0.766729
	x497 = -1.401146
	x498 = 0.907905
	x499 = 1.213898
	x500 = 0.267192
	x501 = -3.134043
	x502 = -0.976590
	x503 = -2.909250
	x504 = 0.145963
	x505 = 0.356472
	x506 = -0.387183
	x507 = 1.492881
	x508 = -1.127863
	x509 = -1.924636
	x510 = 0.344972
	x511 = -0.803842

Output:
	y0 = -7.467327
	y1 = 6.237407
	y2 = -6.326440
	y3 = -9.941486
	y4 = 6.079447
	y5 = -7.860372
	y6 = -6.533080
	y7 = 9.147331
	y8 = -4.528961
	y9 = -9.347931
	y10 = 8.337938
	y11 = -7.458374
	y12 = -4.771303
	y13 = -2.510768
	y14 = -2.510758
	y15 = -6.177014
	y16 = 8.741544
	y17 = -7.698204
	y18 = -6.735193
	y19 = 5.807267
	y20 = -4.814797
	y21 = -9.066090
	y22 = 6.293677
	y23 = -9.998121
	y24 = -8.380375
	y25 = 10.149582
	y26 = -9.121874
	y27 = -9.266641
	y28 = 5.627008
	y29 = -7.775293
	y30 = -6.509866
	y31 = 8.975500
	y32 = -4.878873
	y33 = -5.282865
	y34 = 22.795362
	y35 = -4.890687
	y36 = -1.733969
	y37 = 6.040768
	y38 = -1.278154
	y39 = -4.648326
	y40 = 8.646435
	y41 = -3.110852
	y42 = -7.738349
	y43 = 7.275275
	y44 = -8.266871
	y45 = -9.933331
	y46 = 9.050430
	y47 = -8.624497
	y48 = -7.326924
	y49 = 10.791602
	y50 = -7.541721
	y51 = -5.696258
	y52 = 5.611240
	y53 = -5.625747
	y54 = -3.651790
	y55 = 5.744242
	y56 = -1.503633
	y57 = -4.476050
	y58 = 19.795502
	y59 = -4.037449
	y60 = -2.076670
	y61 = -3.842787
	y62 = 5.154176
	y63 = 0.203111
	y64 = 28.089652
	y65 = -3.580270
	y66 = -3.942372
	y67 = 5.257448
	y68 = -4.310235
	y69 = -9.173296
	y70 = 6.959825
	y71 = -6.357554
	y72 = -6.884420
	y73 = 13.058907
	y74 = -6.982999
	y75 = -5.676299
	y76 = 22.200717
	y77 = -4.790995
	y78 = -3.513721
	y79 = 10.968158
	y80 = 0.124957
	y81 = 7.152366
	y82 = -13.768106
	y83 = 12.346919
	y84 = 4.515450
	y85 = -14.737633
	y86 = 8.772684
	y87 = 4.324316
	y88 = -6.593849
	y89 = -0.820569
	y90 = -5.142477
	y91 = 9.738061
	y92 = -5.804620
	y93 = -8.772205
	y94 = 10.947988
	y95 = -7.264391
	y96 = -7.313162
	y97 = 9.519504
	y98 = -7.796059
	y99 = -6.701833
	y100 = 26.518896
	y101 = -6.851998
	y102 = -1.539260
	y103 = -5.860905
	y104 = 4.315443
	y105 = 11.102723
	y106 = -13.542529
	y107 = 8.357574
	y108 = 5.682000
	y109 = -15.641343
	y110 = 9.725195
	y111 = -1.079425
	y112 = -9.855608
	y113 = 2.319518
	y114 = -8.161446
	y115 = 28.689304
	y116 = -9.665342
	y117 = -7.369607
	y118 = 13.850589
	y119 = -7.113808
	y120 = -5.787577
	y121 = 10.544832
	y122 = -8.415627
	y123 = -6.485558
	y124 = 10.287924
	y125 = -6.076232
	y126 = -0.064363
	y127 = -6.044970
	y128 = -4.113662
	y129 = 3.340016
	y130 = -6.329436
	y131 = -2.156243
	y132 = 0.363427
	y133 = 0.864382
	y134 = 5.183680
	y135 = -2.075652
	y136 = 13.086723
	y137 = -1.582409
	y138 = -6.359230
	y139 = 7.478450
	y140 = -6.013833
	y141 = -6.461875
	y142 = 11.436766
	y143 = -6.305143
	y144 = -7.138957
	y145 = 5.030159
	y146 = -7.440804
	y147 = -7.417701
	y148 = 6.862381
	y149 = -10.599357
	y150 = -5.329426
	y151 = 6.786197
	y152 = -5.819251
	y153 = -3.705135
	y154 = 10.912060
	y155 = -3.748792
	y156 = -4.261313
	y157 = 5.003918
	y158 = -5.286391
	y159 = -8.919614
	y160 = 21.015234
	y161 = -8.080098
	y162 = -9.095965
	y163 = 8.621774
	y164 = -8.468610
	y165 = -7.443270
	y166 = 10.849672
	y167 = -9.344916
	y168 = -7.804873
	y169 = 10.730169
	y170 = -11.887268
	y171 = -5.716716
	y172 = 8.145700
	y173 = -9.746335
	y174 = -5.149772
	y175 = 9.008983
	y176 = -5.686149
	y177 = -6.043491
	y178 = 8.922631
	y179 = -7.463157
	y180 = -8.917689
	y181 = 8.735292
	y182 = -8.206949
	y183 = -6.852397
	y184 = 4.089261
	y185 = -7.566117
	y186 = -10.538220
	y187 = 11.580733
	y188 = -10.001610
	y189 = -10.561621
	y190 = 9.855013
	y191 = -10.453781

