InputQuery: /home/levn/Workspace/othello_world/queries/probe_robust/group_1/game_49_target_2_eps_0.1.txt
Engine::processInputQuery: Input query (before preprocessing): 449 equations, 1216 variables
Engine::processInputQuery: Input query (after preprocessing): 705 equations, 1383 variables

Input bounds:
	x0: [  1.3421,   1.5421] 
	x1: [ -0.7003,  -0.5003] 
	x2: [ -1.2148,  -1.0148] 
	x3: [ -0.1441,   0.0559] 
	x4: [  0.3610,   0.5610] 
	x5: [ -2.8953,  -2.6953] 
	x6: [  1.0354,   1.2354] 
	x7: [  0.6859,   0.8859] 
	x8: [  1.0777,   1.2777] 
	x9: [  1.8737,   2.0737] 
	x10: [  1.0277,   1.2277] 
	x11: [ -2.3322,  -2.1322] 
	x12: [ -2.7029,  -2.5029] 
	x13: [ -1.2050,  -1.0050] 
	x14: [  0.7024,   0.9024] 
	x15: [ -1.2130,  -1.0130] 
	x16: [  1.6874,   1.8874] 
	x17: [ -1.3850,  -1.1850] 
	x18: [ -0.2728,  -0.0728] 
	x19: [  0.4617,   0.6617] 
	x20: [ -1.9941,  -1.7941] 
	x21: [  1.2796,   1.4796] 
	x22: [ -2.2167,  -2.0167] 
	x23: [ -1.6124,  -1.4124] 
	x24: [ -2.5137,  -2.3137] 
	x25: [  2.3072,   2.5072] 
	x26: [ -1.8828,  -1.6828] 
	x27: [  0.1995,   0.3995] 
	x28: [  0.5295,   0.7295] 
	x29: [  0.3462,   0.5462] 
	x30: [  0.5090,   0.7090] 
	x31: [  1.1423,   1.3423] 
	x32: [ -0.6176,  -0.4176] 
	x33: [ -1.2267,  -1.0267] 
	x34: [  0.2269,   0.4269] 
	x35: [  1.3628,   1.5628] 
	x36: [ -0.1561,   0.0439] 
	x37: [ -0.7228,  -0.5228] 
	x38: [  0.2510,   0.4510] 
	x39: [ -2.8859,  -2.6859] 
	x40: [  0.8366,   1.0366] 
	x41: [  0.8346,   1.0346] 
	x42: [  1.2856,   1.4856] 
	x43: [ -0.1444,   0.0556] 
	x44: [ -2.0098,  -1.8098] 
	x45: [  0.3528,   0.5528] 
	x46: [  0.2853,   0.4853] 
	x47: [ -1.0857,  -0.8857] 
	x48: [ -0.9091,  -0.7091] 
	x49: [  0.3165,   0.5165] 
	x50: [  0.7812,   0.9812] 
	x51: [  0.6607,   0.8607] 
	x52: [  2.6946,   2.8946] 
	x53: [ -0.2730,  -0.0730] 
	x54: [  0.0959,   0.2959] 
	x55: [  0.3115,   0.5115] 
	x56: [ -0.2558,  -0.0558] 
	x57: [ -2.8960,  -2.6960] 
	x58: [  0.6774,   0.8774] 
	x59: [ -0.9671,  -0.7671] 
	x60: [ -0.8363,  -0.6363] 
	x61: [ -0.1649,   0.0351] 
	x62: [ -1.3212,  -1.1212] 
	x63: [  0.4914,   0.6914] 
	x64: [ -0.1843,   0.0157] 
	x65: [ -1.9508,  -1.7508] 
	x66: [ -1.0434,  -0.8434] 
	x67: [ -2.3610,  -2.1610] 
	x68: [ -0.9563,  -0.7563] 
	x69: [ -0.2683,  -0.0683] 
	x70: [ -1.3075,  -1.1075] 
	x71: [ -0.9830,  -0.7830] 
	x72: [  1.9115,   2.1115] 
	x73: [  2.1228,   2.3228] 
	x74: [ -3.1993,  -2.9993] 
	x75: [ -3.5880,  -3.3880] 
	x76: [ -3.4346,  -3.2346] 
	x77: [  0.9007,   1.1007] 
	x78: [ -0.4059,  -0.2059] 
	x79: [ -0.3957,  -0.1957] 
	x80: [ -0.2029,  -0.0029] 
	x81: [  0.8139,   1.0139] 
	x82: [  0.9440,   1.1440] 
	x83: [  0.2574,   0.4574] 
	x84: [  0.2873,   0.4873] 
	x85: [ -2.1473,  -1.9473] 
	x86: [ -1.9736,  -1.7736] 
	x87: [ -0.8193,  -0.6193] 
	x88: [ -1.7229,  -1.5229] 
	x89: [  1.7346,   1.9346] 
	x90: [  0.0982,   0.2982] 
	x91: [  0.4062,   0.6062] 
	x92: [ -2.1601,  -1.9601] 
	x93: [  0.5225,   0.7225] 
	x94: [ -0.8914,  -0.6914] 
	x95: [  0.2270,   0.4270] 
	x96: [ -0.1154,   0.0846] 
	x97: [  0.9498,   1.1498] 
	x98: [  0.7104,   0.9104] 
	x99: [ -0.0815,   0.1185] 
	x100: [  0.4618,   0.6618] 
	x101: [  1.7922,   1.9922] 
	x102: [  0.5650,   0.7650] 
	x103: [  1.9316,   2.1316] 
	x104: [ -1.3702,  -1.1702] 
	x105: [ -1.4593,  -1.2593] 
	x106: [  0.0159,   0.2159] 
	x107: [ -0.1610,   0.0390] 
	x108: [ -0.2848,  -0.0848] 
	x109: [ -1.2319,  -1.0319] 
	x110: [ -1.2049,  -1.0049] 
	x111: [ -1.4508,  -1.2508] 
	x112: [  1.2805,   1.4805] 
	x113: [  0.5281,   0.7281] 
	x114: [ -0.1119,   0.0881] 
	x115: [ -0.4403,  -0.2403] 
	x116: [ -3.0664,  -2.8664] 
	x117: [ -1.6405,  -1.4405] 
	x118: [  1.5957,   1.7957] 
	x119: [ -0.2465,  -0.0465] 
	x120: [ -1.1348,  -0.9348] 
	x121: [ -1.1859,  -0.9859] 
	x122: [ -0.1581,   0.0419] 
	x123: [  0.8783,   1.0783] 
	x124: [  0.9400,   1.1400] 
	x125: [ -2.0701,  -1.8701] 
	x126: [  0.8010,   1.0010] 
	x127: [ -0.5715,  -0.3715] 
	x128: [  0.0115,   0.2115] 
	x129: [  0.6825,   0.8825] 
	x130: [ -0.7792,  -0.5792] 
	x131: [  0.0357,   0.2357] 
	x132: [  1.1805,   1.3805] 
	x133: [  0.7370,   0.9370] 
	x134: [  0.4952,   0.6952] 
	x135: [ -2.3307,  -2.1307] 
	x136: [ -0.0360,   0.1640] 
	x137: [  2.1466,   2.3466] 
	x138: [  0.5049,   0.7049] 
	x139: [ -1.5538,  -1.3538] 
	x140: [ -2.2412,  -2.0412] 
	x141: [  0.3291,   0.5291] 
	x142: [  0.0551,   0.2551] 
	x143: [ -0.9235,  -0.7235] 
	x144: [ -0.9394,  -0.7394] 
	x145: [  1.5903,   1.7903] 
	x146: [ -5.3071,  -5.1071] 
	x147: [ -1.6892,  -1.4892] 
	x148: [  2.1158,   2.3158] 
	x149: [ -1.6984,  -1.4984] 
	x150: [ -2.9937,  -2.7937] 
	x151: [ -0.4060,  -0.2060] 
	x152: [  1.0317,   1.2317] 
	x153: [ -1.0595,  -0.8595] 
	x154: [ -1.7004,  -1.5004] 
	x155: [  0.2633,   0.4633] 
	x156: [  1.3350,   1.5350] 
	x157: [ -1.8938,  -1.6938] 
	x158: [  1.6865,   1.8865] 
	x159: [ -1.3697,  -1.1697] 
	x160: [ -1.4702,  -1.2702] 
	x161: [ -0.9921,  -0.7921] 
	x162: [ -0.5561,  -0.3561] 
	x163: [  0.0855,   0.2855] 
	x164: [ -0.4420,  -0.2420] 
	x165: [ -2.3404,  -2.1404] 
	x166: [  2.5791,   2.7791] 
	x167: [  1.7590,   1.9590] 
	x168: [ -1.7009,  -1.5009] 
	x169: [ -1.6748,  -1.4748] 
	x170: [ -2.0507,  -1.8507] 
	x171: [  0.8555,   1.0555] 
	x172: [ -0.1619,   0.0381] 
	x173: [  2.0863,   2.2863] 
	x174: [ -2.5643,  -2.3643] 
	x175: [  2.4765,   2.6765] 
	x176: [  1.5885,   1.7885] 
	x177: [ -0.0465,   0.1535] 
	x178: [  1.5165,   1.7165] 
	x179: [ -1.4341,  -1.2341] 
	x180: [ -1.3788,  -1.1788] 
	x181: [  0.3004,   0.5004] 
	x182: [  1.6732,   1.8732] 
	x183: [  0.1056,   0.3056] 
	x184: [  1.3927,   1.5927] 
	x185: [ -2.2113,  -2.0113] 
	x186: [  2.3470,   2.5470] 
	x187: [  2.6060,   2.8060] 
	x188: [  2.0560,   2.2560] 
	x189: [ -0.6329,  -0.4329] 
	x190: [  1.1153,   1.3153] 
	x191: [ -1.3392,  -1.1392] 
	x192: [ -0.0623,   0.1377] 
	x193: [  0.1353,   0.3353] 
	x194: [ -1.6475,  -1.4475] 
	x195: [ -2.8318,  -2.6318] 
	x196: [  2.0764,   2.2764] 
	x197: [  0.3324,   0.5324] 
	x198: [ -0.8101,  -0.6101] 
	x199: [ -1.3076,  -1.1076] 
	x200: [ -0.1781,   0.0219] 
	x201: [  2.6145,   2.8145] 
	x202: [  1.4318,   1.6318] 
	x203: [ -0.6942,  -0.4942] 
	x204: [ -1.2230,  -1.0230] 
	x205: [ -0.4252,  -0.2252] 
	x206: [  0.2163,   0.4163] 
	x207: [ -2.8844,  -2.6844] 
	x208: [  0.2158,   0.4158] 
	x209: [ -0.4313,  -0.2313] 
	x210: [  1.0689,   1.2689] 
	x211: [  0.3283,   0.5283] 
	x212: [  1.9319,   2.1319] 
	x213: [  0.2200,   0.4200] 
	x214: [ -1.7667,  -1.5667] 
	x215: [ -0.6875,  -0.4875] 
	x216: [ -1.7784,  -1.5784] 
	x217: [  0.8097,   1.0097] 
	x218: [  1.1262,   1.3262] 
	x219: [ -1.4738,  -1.2738] 
	x220: [ -1.7330,  -1.5330] 
	x221: [ -1.1599,  -0.9599] 
	x222: [ -1.2865,  -1.0865] 
	x223: [  1.0839,   1.2839] 
	x224: [  0.1215,   0.3215] 
	x225: [  1.9048,   2.1048] 
	x226: [ -1.1782,  -0.9782] 
	x227: [ -0.0526,   0.1474] 
	x228: [ -3.2015,  -3.0015] 
	x229: [  0.3231,   0.5231] 
	x230: [ -0.0882,   0.1118] 
	x231: [ -0.9629,  -0.7629] 
	x232: [  2.0344,   2.2344] 
	x233: [  0.7187,   0.9187] 
	x234: [  1.6680,   1.8680] 
	x235: [ -0.0544,   0.1456] 
	x236: [  0.6248,   0.8248] 
	x237: [ -0.5019,  -0.3019] 
	x238: [  0.1881,   0.3881] 
	x239: [ -0.5454,  -0.3454] 
	x240: [  0.7569,   0.9569] 
	x241: [ -3.3535,  -3.1535] 
	x242: [  0.2862,   0.4862] 
	x243: [ -0.6146,  -0.4146] 
	x244: [  1.2557,   1.4557] 
	x245: [ -0.4516,  -0.2516] 
	x246: [ -1.8069,  -1.6069] 
	x247: [  0.6626,   0.8626] 
	x248: [  0.9275,   1.1275] 
	x249: [ -0.2964,  -0.0964] 
	x250: [ -0.2246,  -0.0246] 
	x251: [  1.8550,   2.0550] 
	x252: [  1.3438,   1.5438] 
	x253: [  1.2899,   1.4899] 
	x254: [ -0.1958,   0.0042] 
	x255: [ -1.7937,  -1.5937] 
	x256: [  1.8973,   2.0973] 
	x257: [  0.2782,   0.4782] 
	x258: [  0.3800,   0.5800] 
	x259: [ -2.2660,  -2.0660] 
	x260: [  2.2904,   2.4904] 
	x261: [  0.2335,   0.4335] 
	x262: [  0.9408,   1.1408] 
	x263: [  0.9606,   1.1606] 
	x264: [  1.2182,   1.4182] 
	x265: [ -0.3966,  -0.1966] 
	x266: [  0.1189,   0.3189] 
	x267: [ -2.8674,  -2.6674] 
	x268: [ -1.8173,  -1.6173] 
	x269: [  0.0721,   0.2721] 
	x270: [  2.1053,   2.3053] 
	x271: [ -0.6285,  -0.4285] 
	x272: [ -0.8568,  -0.6568] 
	x273: [ -2.3079,  -2.1079] 
	x274: [  1.6794,   1.8794] 
	x275: [  1.5108,   1.7108] 
	x276: [ -1.1880,  -0.9880] 
	x277: [ -0.6800,  -0.4800] 
	x278: [ -1.8260,  -1.6260] 
	x279: [ -0.3780,  -0.1780] 
	x280: [  0.9632,   1.1632] 
	x281: [ -0.0569,   0.1431] 
	x282: [  0.6820,   0.8820] 
	x283: [  1.4024,   1.6024] 
	x284: [ -2.0785,  -1.8785] 
	x285: [ -0.3261,  -0.1261] 
	x286: [  1.0634,   1.2634] 
	x287: [ -2.0817,  -1.8817] 
	x288: [ -2.8987,  -2.6987] 
	x289: [  1.0224,   1.2224] 
	x290: [ -0.7580,  -0.5580] 
	x291: [  1.0873,   1.2873] 
	x292: [ -2.2244,  -2.0244] 
	x293: [ -1.4046,  -1.2046] 
	x294: [ -0.0554,   0.1446] 
	x295: [  0.0809,   0.2809] 
	x296: [ -3.4406,  -3.2406] 
	x297: [ -0.1862,   0.0138] 
	x298: [ -0.9399,  -0.7399] 
	x299: [  0.9264,   1.1264] 
	x300: [ -0.7280,  -0.5280] 
	x301: [  0.0356,   0.2356] 
	x302: [  0.4728,   0.6728] 
	x303: [  2.2769,   2.4769] 
	x304: [ -1.1321,  -0.9321] 
	x305: [  0.2323,   0.4323] 
	x306: [  1.5215,   1.7215] 
	x307: [  0.7530,   0.9530] 
	x308: [  0.2984,   0.4984] 
	x309: [ -1.8858,  -1.6858] 
	x310: [  1.3305,   1.5305] 
	x311: [  0.2854,   0.4854] 
	x312: [  1.0666,   1.2666] 
	x313: [ -0.1595,   0.0405] 
	x314: [  0.6570,   0.8570] 
	x315: [  0.4258,   0.6258] 
	x316: [ -0.1650,   0.0350] 
	x317: [  0.8193,   1.0193] 
	x318: [  0.0878,   0.2878] 
	x319: [  1.6569,   1.8569] 
	x320: [  0.8715,   1.0715] 
	x321: [ -0.8878,  -0.6878] 
	x322: [  1.0478,   1.2478] 
	x323: [  1.3260,   1.5260] 
	x324: [  0.4956,   0.6956] 
	x325: [ -3.1255,  -2.9255] 
	x326: [ -1.6014,  -1.4014] 
	x327: [ -0.8687,  -0.6687] 
	x328: [ -0.8731,  -0.6731] 
	x329: [ -1.1192,  -0.9192] 
	x330: [ -4.2050,  -4.0050] 
	x331: [ -2.4369,  -2.2369] 
	x332: [  2.5259,   2.7259] 
	x333: [ -0.0803,   0.1197] 
	x334: [  0.9182,   1.1182] 
	x335: [ -0.5411,  -0.3411] 
	x336: [ -1.3831,  -1.1831] 
	x337: [  0.6245,   0.8245] 
	x338: [ -0.6145,  -0.4145] 
	x339: [  0.1249,   0.3249] 
	x340: [  0.8417,   1.0417] 
	x341: [  0.7214,   0.9214] 
	x342: [  0.6505,   0.8505] 
	x343: [ -0.5561,  -0.3561] 
	x344: [ -0.3890,  -0.1890] 
	x345: [ -1.8009,  -1.6009] 
	x346: [  0.0662,   0.2662] 
	x347: [ -0.5596,  -0.3596] 
	x348: [ -0.6613,  -0.4613] 
	x349: [  0.8555,   1.0555] 
	x350: [ -0.3467,  -0.1467] 
	x351: [ -0.6996,  -0.4996] 
	x352: [ -1.4830,  -1.2830] 
	x353: [ -0.5766,  -0.3766] 
	x354: [ -2.3591,  -2.1591] 
	x355: [  0.0664,   0.2664] 
	x356: [  2.1122,   2.3122] 
	x357: [  2.0003,   2.2003] 
	x358: [ -1.2075,  -1.0075] 
	x359: [ -2.2799,  -2.0799] 
	x360: [ -5.2911,  -5.0911] 
	x361: [  1.6368,   1.8368] 
	x362: [  1.8133,   2.0133] 
	x363: [  0.0879,   0.2879] 
	x364: [ -0.4087,  -0.2087] 
	x365: [ -0.3862,  -0.1862] 
	x366: [ -0.5881,  -0.3881] 
	x367: [  0.1428,   0.3428] 
	x368: [  2.9524,   3.1524] 
	x369: [ -1.8236,  -1.6236] 
	x370: [ -0.4558,  -0.2558] 
	x371: [ -1.0518,  -0.8518] 
	x372: [ -0.2359,  -0.0359] 
	x373: [ -0.0760,   0.1240] 
	x374: [ -2.5639,  -2.3639] 
	x375: [ -3.2787,  -3.0787] 
	x376: [ -0.3587,  -0.1587] 
	x377: [  0.4926,   0.6926] 
	x378: [  1.6173,   1.8173] 
	x379: [  1.8946,   2.0946] 
	x380: [ -1.6242,  -1.4242] 
	x381: [ -1.5005,  -1.3005] 
	x382: [ -0.7442,  -0.5442] 
	x383: [  0.8297,   1.0297] 
	x384: [  0.6452,   0.8452] 
	x385: [  0.6081,   0.8081] 
	x386: [  2.7976,   2.9976] 
	x387: [  0.1666,   0.3666] 
	x388: [  0.1612,   0.3612] 
	x389: [ -2.1432,  -1.9432] 
	x390: [  0.6584,   0.8584] 
	x391: [ -0.7495,  -0.5495] 
	x392: [  1.3964,   1.5964] 
	x393: [  0.3544,   0.5544] 
	x394: [  1.6987,   1.8987] 
	x395: [  1.1894,   1.3894] 
	x396: [ -0.2564,  -0.0564] 
	x397: [  0.1742,   0.3742] 
	x398: [  1.2865,   1.4865] 
	x399: [ -1.5742,  -1.3742] 
	x400: [  0.9338,   1.1338] 
	x401: [  0.5484,   0.7484] 
	x402: [ -2.2192,  -2.0192] 
	x403: [  1.6407,   1.8407] 
	x404: [  1.6470,   1.8470] 
	x405: [ -0.4007,  -0.2007] 
	x406: [  0.9092,   1.1092] 
	x407: [  2.7059,   2.9059] 
	x408: [ -0.0513,   0.1487] 
	x409: [ -1.6899,  -1.4899] 
	x410: [  0.3444,   0.5444] 
	x411: [ -1.6213,  -1.4213] 
	x412: [ -0.0807,   0.1193] 
	x413: [  0.9250,   1.1250] 
	x414: [ -1.1948,  -0.9948] 
	x415: [ -1.0659,  -0.8659] 
	x416: [  2.5354,   2.7354] 
	x417: [ -1.0196,  -0.8196] 
	x418: [  1.1642,   1.3642] 
	x419: [  0.6478,   0.8478] 
	x420: [  1.5620,   1.7620] 
	x421: [  0.1740,   0.3740] 
	x422: [  0.3851,   0.5851] 
	x423: [  1.3582,   1.5582] 
	x424: [ -1.8671,  -1.6671] 
	x425: [ -0.1956,   0.0044] 
	x426: [ -2.1412,  -1.9412] 
	x427: [  2.5818,   2.7818] 
	x428: [  2.1139,   2.3139] 
	x429: [  1.5917,   1.7917] 
	x430: [ -1.4371,  -1.2371] 
	x431: [  0.3408,   0.5408] 
	x432: [  0.8573,   1.0573] 
	x433: [ -1.6631,  -1.4631] 
	x434: [ -0.6485,  -0.4485] 
	x435: [  0.4403,   0.6403] 
	x436: [ -0.2657,  -0.0657] 
	x437: [ -0.3208,  -0.1208] 
	x438: [  5.4362,   5.6362] 
	x439: [ -0.2463,  -0.0463] 
	x440: [  0.2715,   0.4715] 
	x441: [  0.7000,   0.9000] 
	x442: [ -2.0737,  -1.8737] 
	x443: [ -3.2296,  -3.0296] 
	x444: [ -2.6929,  -2.4929] 
	x445: [ -0.6217,  -0.4217] 
	x446: [  0.5879,   0.7879] 
	x447: [  1.1898,   1.3898] 
	x448: [ -3.0100,  -2.8100] 
	x449: [  1.2406,   1.4406] 
	x450: [ -1.1417,  -0.9417] 
	x451: [  1.8927,   2.0927] 
	x452: [ -0.6716,  -0.4716] 
	x453: [  0.0102,   0.2102] 
	x454: [  1.2019,   1.4019] 
	x455: [ -2.8360,  -2.6360] 
	x456: [ -2.6827,  -2.4827] 
	x457: [  0.3289,   0.5289] 
	x458: [ -0.0344,   0.1656] 
	x459: [  0.1358,   0.3358] 
	x460: [  2.9944,   3.1944] 
	x461: [  1.3618,   1.5618] 
	x462: [  0.5415,   0.7415] 
	x463: [  0.9732,   1.1732] 
	x464: [  0.3045,   0.5045] 
	x465: [  0.3328,   0.5328] 
	x466: [ -0.0226,   0.1774] 
	x467: [ -2.0072,  -1.8072] 
	x468: [ -0.2245,  -0.0245] 
	x469: [  0.0897,   0.2897] 
	x470: [  0.6875,   0.8875] 
	x471: [ -1.2515,  -1.0515] 
	x472: [ -2.8312,  -2.6312] 
	x473: [  2.1775,   2.3775] 
	x474: [  1.6164,   1.8164] 
	x475: [ -0.4193,  -0.2193] 
	x476: [ -1.8641,  -1.6641] 
	x477: [ -0.8576,  -0.6576] 
	x478: [ -1.5124,  -1.3124] 
	x479: [  3.9844,   4.1844] 
	x480: [ -0.9986,  -0.7986] 
	x481: [ -0.3965,  -0.1965] 
	x482: [ -1.0055,  -0.8055] 
	x483: [  0.4242,   0.6242] 
	x484: [ -1.8345,  -1.6345] 
	x485: [  2.1266,   2.3266] 
	x486: [  0.0506,   0.2506] 
	x487: [  1.5228,   1.7228] 
	x488: [ -1.4453,  -1.2453] 
	x489: [  0.9440,   1.1440] 
	x490: [  1.3810,   1.5810] 
	x491: [  0.8551,   1.0551] 
	x492: [ -0.5798,  -0.3798] 
	x493: [  0.0402,   0.2402] 
	x494: [  2.5481,   2.7481] 
	x495: [  0.0863,   0.2863] 
	x496: [  1.1352,   1.3352] 
	x497: [  0.5820,   0.7820] 
	x498: [ -0.4864,  -0.2864] 
	x499: [ -0.3150,  -0.1150] 
	x500: [  0.2954,   0.4954] 
	x501: [ -0.2377,  -0.0377] 
	x502: [  0.1961,   0.3961] 
	x503: [ -0.8574,  -0.6574] 
	x504: [  2.8276,   3.0276] 
	x505: [  0.5324,   0.7324] 
	x506: [  0.5967,   0.7967] 
	x507: [ -1.9909,  -1.7909] 
	x508: [ -2.2303,  -2.0303] 
	x509: [ -1.5393,  -1.3393] 
	x510: [ -0.6200,  -0.4200] 
	x511: [ -1.4493,  -1.2493] 

Branching heuristics set to PseudoImpact

Engine::solve: Initial statistics

00:16:15 Statistics update:
	--- Time Statistics ---
	Total time elapsed: 481 milli (00:00:00)
		Main loop: 0 milli (00:00:00)
		Preprocessing time: 191 milli (00:00:00)
		Unknown: 290 milli (00:00:00)
	Breakdown for main loop:
		[0.00%] Simplex steps: 0 milli
		[0.00%] Explicit-basis bound tightening: 0 milli
		[0.00%] Constraint-matrix bound tightening: 0 milli
		[0.00%] Degradation checking: 0 milli
		[0.00%] Precision restoration: 0 milli
		[0.00%] Statistics handling: 0 milli
		[0.00%] Constraint-fixing steps: 0 milli
		[0.00%] Valid case splits: 0 milli. Average per split: 0.00 milli
		[0.00%] Applying stored bound-tightening: 0 milli
		[0.00%] SMT core: 0 milli
		[0.00%] Symbolic Bound Tightening: 13 milli
		[0.00%] SoI-based local search: 0 milli
		[0.00%] SoI-based local search: 0 milli
		[0.00%] Unaccounted for: 0 milli
	--- Preprocessor Statistics ---
	Number of preprocessor bound-tightening loop iterations: 3
	Number of eliminated variables: 90
	Number of constraints removed due to variable elimination: 90
	Number of equations removed due to variable elimination: 0
	--- Engine Statistics ---
	Number of main loop iterations: 1
		0 iterations were simplex steps. Total time: 0 milli. Average: 0.00 milli.
		0 iterations were constraint-fixing steps. Total time: 0 milli. Average: 0.00 milli
	Number of active piecewise-linear constraints: 166 / 166
		Constraints disabled by valid splits: 0. By SMT-originated splits: 0
	Last reported degradation: 0.0000000000. Max degradation so far: 0.0000000000. Restorations so far: 0
	Number of simplex pivots we attempted to skip because of instability: 0.
	Unstable pivots performed anyway: 0
	--- Tableau Statistics ---
	Total number of pivots performed: 0
		Real pivots: 0. Degenerate: 0 (0.00%)
		Degenerate pivots by request (e.g., to fix a PL constraint): 0 (0.00%)
		Average time per pivot: 0.00 milli
	Total number of fake pivots performed: 0
	Total number of rows added: 0. Number of merged columns: 0
	Current tableau dimensions: M = 705, N = 2088
	--- SMT Core Statistics ---
	Total depth is 0. Total visited states: 1. Number of splits: 0. Number of pops: 0
	Max stack depth: 0
	--- Bound Tightening Statistics ---
	Number of tightened bounds: 0.
		Number of rows examined by row tightener: 0. Consequent tightenings: 0
		Number of explicit basis matrices examined by row tightener: 0. Consequent tightenings: 0
		Number of bound tightening rounds on the entire constraint matrix: 0. Consequent tightenings: 0
		Number of bound notifications sent to PL constraints: 996. Tightenings proposed: 0
	--- Basis Factorization statistics ---
	Number of basis refactorizations: 2
	--- Projected Steepest Edge Statistics ---
	Number of iterations: 0.
	Number of resets to reference space: 1. Avg. iterations per reset: 0
	--- SBT ---
	Number of tightened bounds: 385
	--- SoI-based local search ---
	Number of proposed phase pattern update: 0. Number of accepted update: 0 [0.00%]
	Total time (% of local search time) updating SoI phase pattern : 0 milli [0.00%]
	Total time obtaining current assignment: 0 milli [0.00%]
	Total time getting SoI phase pattern : 0 milli [0.00%]
	--- Context dependent statistics ---
	Number of pushes / pops: 0 / 0
		[0.00%] Pre-Push hook: 0 milli
		[0.00%] Push : 0 milli
		[0.00%] Post-Pop hook: 0 milli
		[0.00%] Pop : 0 milli
		[0.00%] Total context-switching time: 0 milli
	--- Proof Certificate ---
	Number of certified leaves: 0
	Number of leaves to delegate: 0

---

00:16:32 Statistics update:
	--- Time Statistics ---
	Total time elapsed: 17679 milli (00:00:17)
		Main loop: 16711 milli (00:00:16)
		Preprocessing time: 191 milli (00:00:00)
		Unknown: 776 milli (00:00:00)
	Breakdown for main loop:
		[86.47%] Simplex steps: 14449 milli
		[11.68%] Explicit-basis bound tightening: 1951 milli
		[0.00%] Constraint-matrix bound tightening: 0 milli
		[1.27%] Degradation checking: 212 milli
		[0.00%] Precision restoration: 0 milli
		[0.06%] Statistics handling: 9 milli
		[0.00%] Constraint-fixing steps: 0 milli
		[0.00%] Valid case splits: 0 milli. Average per split: 0.00 milli
		[0.00%] Applying stored bound-tightening: 0 milli
		[0.05%] SMT core: 9 milli
		[2.69%] Symbolic Bound Tightening: 448 milli
		[63.77%] SoI-based local search: 10657 milli
		[0.00%] SoI-based local search: 0 milli
		[110384173451559.89%] Unaccounted for: 0 milli
	--- Preprocessor Statistics ---
	Number of preprocessor bound-tightening loop iterations: 3
	Number of eliminated variables: 90
	Number of constraints removed due to variable elimination: 90
	Number of equations removed due to variable elimination: 0
	--- Engine Statistics ---
	Number of main loop iterations: 10000
		9895 iterations were simplex steps. Total time: 14449 milli. Average: 1.46 milli.
		0 iterations were constraint-fixing steps. Total time: 0 milli. Average: 0.00 milli
	Number of active piecewise-linear constraints: 115 / 166
		Constraints disabled by valid splits: 0. By SMT-originated splits: 51
	Last reported degradation: 0.0000000000. Max degradation so far: 0.0000000000. Restorations so far: 0
	Number of simplex pivots we attempted to skip because of instability: 0.
	Unstable pivots performed anyway: 0
	--- Tableau Statistics ---
	Total number of pivots performed: 9320
		Real pivots: 9314. Degenerate: 6 (0.06%)
		Degenerate pivots by request (e.g., to fix a PL constraint): 0 (0.00%)
		Average time per pivot: 0.30 milli
	Total number of fake pivots performed: 77
	Total number of rows added: 0. Number of merged columns: 0
	Current tableau dimensions: M = 705, N = 2088
	--- SMT Core Statistics ---
	Total depth is 51. Total visited states: 52. Number of splits: 51. Number of pops: 0
	Max stack depth: 51
	--- Bound Tightening Statistics ---
	Number of tightened bounds: 9820.
		Number of rows examined by row tightener: 9320. Consequent tightenings: 1
		Number of explicit basis matrices examined by row tightener: 8. Consequent tightenings: 254
		Number of bound tightening rounds on the entire constraint matrix: 0. Consequent tightenings: 0
		Number of bound notifications sent to PL constraints: 2096. Tightenings proposed: 0
	--- Basis Factorization statistics ---
	Number of basis refactorizations: 88
	--- Projected Steepest Edge Statistics ---
	Number of iterations: 9397.
	Number of resets to reference space: 10. Avg. iterations per reset: 939
	--- SBT ---
	Number of tightened bounds: 10205
	--- SoI-based local search ---
	Number of proposed phase pattern update: 199. Number of accepted update: 148 [74.37%]
	Total time (% of local search time) updating SoI phase pattern : 18160 milli [0.17%]
	Total time obtaining current assignment: 53185 milli [0.50%]
	Total time getting SoI phase pattern : 11404 milli [0.07%]
	--- Context dependent statistics ---
	Number of pushes / pops: 51 / 0
		[0.03%] Pre-Push hook: 5 milli
		[0.00%] Push : 0 milli
		[0.00%] Post-Pop hook: 0 milli
		[0.00%] Pop : 0 milli
		[0.03%] Total context-switching time: 5 milli
	--- Proof Certificate ---
	Number of certified leaves: 0
	Number of leaves to delegate: 0

00:16:52 Statistics update:
	--- Time Statistics ---
	Total time elapsed: 37676 milli (00:00:37)
		Main loop: 37194 milli (00:00:37)
		Preprocessing time: 191 milli (00:00:00)
		Unknown: 291 milli (00:00:00)
	Breakdown for main loop:
		[76.84%] Simplex steps: 28581 milli
		[13.38%] Explicit-basis bound tightening: 4974 milli
		[0.00%] Constraint-matrix bound tightening: 0 milli
		[1.14%] Degradation checking: 424 milli
		[0.00%] Precision restoration: 0 milli
		[0.05%] Statistics handling: 19 milli
		[0.00%] Constraint-fixing steps: 0 milli
		[0.00%] Valid case splits: 0 milli. Average per split: 0.00 milli
		[0.00%] Applying stored bound-tightening: 1 milli
		[0.12%] SMT core: 45 milli
		[3.09%] Symbolic Bound Tightening: 1148 milli
		[58.44%] SoI-based local search: 21734 milli
		[0.00%] SoI-based local search: 0 milli
		[5.37%] Unaccounted for: 1997 milli
	--- Preprocessor Statistics ---
	Number of preprocessor bound-tightening loop iterations: 3
	Number of eliminated variables: 90
	Number of constraints removed due to variable elimination: 90
	Number of equations removed due to variable elimination: 0
	--- Engine Statistics ---
	Number of main loop iterations: 20000
		19749 iterations were simplex steps. Total time: 28581 milli. Average: 1.45 milli.
		0 iterations were constraint-fixing steps. Total time: 0 milli. Average: 0.00 milli
	Number of active piecewise-linear constraints: 61 / 166
		Constraints disabled by valid splits: 0. By SMT-originated splits: 105
	Last reported degradation: 0.0000000000. Max degradation so far: 0.0034977262. Restorations so far: 0
	Number of simplex pivots we attempted to skip because of instability: 0.
	Unstable pivots performed anyway: 0
	--- Tableau Statistics ---
	Total number of pivots performed: 17996
		Real pivots: 17982. Degenerate: 14 (0.08%)
		Degenerate pivots by request (e.g., to fix a PL constraint): 0 (0.00%)
		Average time per pivot: 0.30 milli
	Total number of fake pivots performed: 155
	Total number of rows added: 0. Number of merged columns: 0
	Current tableau dimensions: M = 705, N = 2088
	--- SMT Core Statistics ---
	Total depth is 105. Total visited states: 138. Number of splits: 119. Number of pops: 18
	Max stack depth: 111
	--- Bound Tightening Statistics ---
	Number of tightened bounds: 27719.
		Number of rows examined by row tightener: 17996. Consequent tightenings: 741
		Number of explicit basis matrices examined by row tightener: 27. Consequent tightenings: 818
		Number of bound tightening rounds on the entire constraint matrix: 0. Consequent tightenings: 0
		Number of bound notifications sent to PL constraints: 3326. Tightenings proposed: 0
	--- Basis Factorization statistics ---
	Number of basis refactorizations: 166
	--- Projected Steepest Edge Statistics ---
	Number of iterations: 18151.
	Number of resets to reference space: 38. Avg. iterations per reset: 477
	--- SBT ---
	Number of tightened bounds: 28104
	--- SoI-based local search ---
	Number of proposed phase pattern update: 677. Number of accepted update: 557 [82.27%]
	Total time (% of local search time) updating SoI phase pattern : 41884 milli [0.19%]
	Total time obtaining current assignment: 176025 milli [0.81%]
	Total time getting SoI phase pattern : 24700 milli [0.07%]
	--- Context dependent statistics ---
	Number of pushes / pops: 137 / 32
		[0.03%] Pre-Push hook: 12 milli
		[0.00%] Push : 0 milli
		[0.00%] Post-Pop hook: 1 milli
		[0.00%] Pop : 0 milli
		[0.04%] Total context-switching time: 15 milli
	--- Proof Certificate ---
	Number of certified leaves: 0
	Number of leaves to delegate: 0

00:17:19 Statistics update:
	--- Time Statistics ---
	Total time elapsed: 65173 milli (00:01:05)
		Main loop: 64688 milli (00:01:04)
		Preprocessing time: 191 milli (00:00:00)
		Unknown: 293 milli (00:00:00)
	Breakdown for main loop:
		[65.38%] Simplex steps: 42293 milli
		[26.09%] Explicit-basis bound tightening: 16876 milli
		[0.00%] Constraint-matrix bound tightening: 0 milli
		[0.98%] Degradation checking: 631 milli
		[0.00%] Precision restoration: 0 milli
		[0.05%] Statistics handling: 29 milli
		[0.00%] Constraint-fixing steps: 0 milli
		[0.00%] Valid case splits: 1 milli. Average per split: 0.00 milli
		[0.00%] Applying stored bound-tightening: 2 milli
		[0.17%] SMT core: 109 milli
		[2.88%] Symbolic Bound Tightening: 1862 milli
		[43.79%] SoI-based local search: 28326 milli
		[0.00%] SoI-based local search: 0 milli
		[4.45%] Unaccounted for: 2881 milli
	--- Preprocessor Statistics ---
	Number of preprocessor bound-tightening loop iterations: 3
	Number of eliminated variables: 90
	Number of constraints removed due to variable elimination: 90
	Number of equations removed due to variable elimination: 0
	--- Engine Statistics ---
	Number of main loop iterations: 30000
		29658 iterations were simplex steps. Total time: 42293 milli. Average: 1.43 milli.
		0 iterations were constraint-fixing steps. Total time: 0 milli. Average: 0.00 milli
	Number of active piecewise-linear constraints: 60 / 166
		Constraints disabled by valid splits: 1. By SMT-originated splits: 105
	Last reported degradation: 0.0000000000. Max degradation so far: 0.0034977262. Restorations so far: 0
	Number of simplex pivots we attempted to skip because of instability: 0.
	Unstable pivots performed anyway: 0
	--- Tableau Statistics ---
	Total number of pivots performed: 26831
		Real pivots: 26809. Degenerate: 22 (0.08%)
		Degenerate pivots by request (e.g., to fix a PL constraint): 0 (0.00%)
		Average time per pivot: 0.31 milli
	Total number of fake pivots performed: 271
	Total number of rows added: 0. Number of merged columns: 0
	Current tableau dimensions: M = 705, N = 2088
	--- SMT Core Statistics ---
	Total depth is 105. Total visited states: 224. Number of splits: 162. Number of pops: 61
	Max stack depth: 111
	--- Bound Tightening Statistics ---
	Number of tightened bounds: 47396.
		Number of rows examined by row tightener: 26831. Consequent tightenings: 5909
		Number of explicit basis matrices examined by row tightener: 77. Consequent tightenings: 2437
		Number of bound tightening rounds on the entire constraint matrix: 0. Consequent tightenings: 0
		Number of bound notifications sent to PL constraints: 7479. Tightenings proposed: 0
	--- Basis Factorization statistics ---
	Number of basis refactorizations: 247
	--- Projected Steepest Edge Statistics ---
	Number of iterations: 27102.
	Number of resets to reference space: 83. Avg. iterations per reset: 326
	--- SBT ---
	Number of tightened bounds: 47781
	--- SoI-based local search ---
	Number of proposed phase pattern update: 1080. Number of accepted update: 917 [84.91%]
	Total time (% of local search time) updating SoI phase pattern : 56653 milli [0.20%]
	Total time obtaining current assignment: 270695 milli [0.96%]
	Total time getting SoI phase pattern : 32904 milli [0.05%]
	--- Context dependent statistics ---
	Number of pushes / pops: 223 / 118
		[0.03%] Pre-Push hook: 16 milli
		[0.00%] Push : 0 milli
		[0.01%] Post-Pop hook: 3 milli
		[0.00%] Pop : 2 milli
		[0.04%] Total context-switching time: 22 milli
	--- Proof Certificate ---
	Number of certified leaves: 0
	Number of leaves to delegate: 0

00:17:46 Statistics update:
	--- Time Statistics ---
	Total time elapsed: 91744 milli (00:01:31)
		Main loop: 91256 milli (00:01:31)
		Preprocessing time: 191 milli (00:00:00)
		Unknown: 295 milli (00:00:00)
	Breakdown for main loop:
		[61.55%] Simplex steps: 56167 milli
		[29.62%] Explicit-basis bound tightening: 27030 milli
		[0.00%] Constraint-matrix bound tightening: 0 milli
		[0.92%] Degradation checking: 840 milli
		[0.00%] Precision restoration: 0 milli
		[0.04%] Statistics handling: 39 milli
		[0.00%] Constraint-fixing steps: 0 milli
		[0.00%] Valid case splits: 2 milli. Average per split: 0.00 milli
		[0.00%] Applying stored bound-tightening: 2 milli
		[0.19%] SMT core: 169 milli
		[2.75%] Symbolic Bound Tightening: 2506 milli
		[39.62%] SoI-based local search: 36153 milli
		[0.00%] SoI-based local search: 0 milli
		[4.93%] Unaccounted for: 4497 milli
	--- Preprocessor Statistics ---
	Number of preprocessor bound-tightening loop iterations: 3
	Number of eliminated variables: 90
	Number of constraints removed due to variable elimination: 90
	Number of equations removed due to variable elimination: 0
	--- Engine Statistics ---
	Number of main loop iterations: 40000
		39574 iterations were simplex steps. Total time: 56167 milli. Average: 1.42 milli.
		0 iterations were constraint-fixing steps. Total time: 0 milli. Average: 0.00 milli
	Number of active piecewise-linear constraints: 61 / 166
		Constraints disabled by valid splits: 1. By SMT-originated splits: 104
	Last reported degradation: 0.0000000000. Max degradation so far: 0.0034977262. Restorations so far: 0
	Number of simplex pivots we attempted to skip because of instability: 0.
	Unstable pivots performed anyway: 0
	--- Tableau Statistics ---
	Total number of pivots performed: 35642
		Real pivots: 35615. Degenerate: 27 (0.08%)
		Degenerate pivots by request (e.g., to fix a PL constraint): 0 (0.00%)
		Average time per pivot: 0.31 milli
	Total number of fake pivots performed: 392
	Total number of rows added: 0. Number of merged columns: 0
	Current tableau dimensions: M = 705, N = 2088
	--- SMT Core Statistics ---
	Total depth is 104. Total visited states: 300. Number of splits: 199. Number of pops: 100
	Max stack depth: 112
	--- Bound Tightening Statistics ---
	Number of tightened bounds: 64585.
		Number of rows examined by row tightener: 35642. Consequent tightenings: 7443
		Number of explicit basis matrices examined by row tightener: 123. Consequent tightenings: 3420
		Number of bound tightening rounds on the entire constraint matrix: 0. Consequent tightenings: 0
		Number of bound notifications sent to PL constraints: 10171. Tightenings proposed: 0
	--- Basis Factorization statistics ---
	Number of basis refactorizations: 326
	--- Projected Steepest Edge Statistics ---
	Number of iterations: 36034.
	Number of resets to reference space: 125. Avg. iterations per reset: 288
	--- SBT ---
	Number of tightened bounds: 64970
	--- SoI-based local search ---
	Number of proposed phase pattern update: 1510. Number of accepted update: 1310 [86.75%]
	Total time (% of local search time) updating SoI phase pattern : 70424 milli [0.19%]
	Total time obtaining current assignment: 372869 milli [1.03%]
	Total time getting SoI phase pattern : 41286 milli [0.05%]
	--- Context dependent statistics ---
	Number of pushes / pops: 299 / 195
		[0.02%] Pre-Push hook: 19 milli
		[0.00%] Push : 0 milli
		[0.01%] Post-Pop hook: 6 milli
		[0.01%] Pop : 4 milli
		[0.03%] Total context-switching time: 30 milli
	--- Proof Certificate ---
	Number of certified leaves: 0
	Number of leaves to delegate: 0

00:18:15 Statistics update:
	--- Time Statistics ---
	Total time elapsed: 120525 milli (00:02:00)
		Main loop: 119968 milli (00:01:59)
		Preprocessing time: 191 milli (00:00:00)
		Unknown: 366 milli (00:00:00)
	Breakdown for main loop:
		[58.28%] Simplex steps: 69918 milli
		[32.93%] Explicit-basis bound tightening: 39503 milli
		[0.00%] Constraint-matrix bound tightening: 0 milli
		[0.87%] Degradation checking: 1048 milli
		[0.00%] Precision restoration: 0 milli
		[0.04%] Statistics handling: 48 milli
		[0.00%] Constraint-fixing steps: 0 milli
		[0.00%] Valid case splits: 3 milli. Average per split: 0.00 milli
		[0.00%] Applying stored bound-tightening: 3 milli
		[0.20%] SMT core: 235 milli
		[2.65%] Symbolic Bound Tightening: 3176 milli
		[35.23%] SoI-based local search: 42264 milli
		[0.00%] SoI-based local search: 0 milli
		[5.03%] Unaccounted for: 6030 milli
	--- Preprocessor Statistics ---
	Number of preprocessor bound-tightening loop iterations: 3
	Number of eliminated variables: 90
	Number of constraints removed due to variable elimination: 90
	Number of equations removed due to variable elimination: 0
	--- Engine Statistics ---
	Number of main loop iterations: 50000
		49485 iterations were simplex steps. Total time: 69918 milli. Average: 1.41 milli.
		0 iterations were constraint-fixing steps. Total time: 0 milli. Average: 0.00 milli
	Number of active piecewise-linear constraints: 68 / 166
		Constraints disabled by valid splits: 0. By SMT-originated splits: 98
	Last reported degradation: 0.0000000000. Max degradation so far: 0.0034977262. Restorations so far: 0
	Number of simplex pivots we attempted to skip because of instability: 0.
	Unstable pivots performed anyway: 0
	--- Tableau Statistics ---
	Total number of pivots performed: 44590
		Real pivots: 44557. Degenerate: 33 (0.07%)
		Degenerate pivots by request (e.g., to fix a PL constraint): 0 (0.00%)
		Average time per pivot: 0.31 milli
	Total number of fake pivots performed: 534
	Total number of rows added: 0. Number of merged columns: 0
	Current tableau dimensions: M = 705, N = 2088
	--- SMT Core Statistics ---
	Total depth is 98. Total visited states: 380. Number of splits: 237. Number of pops: 142
	Max stack depth: 112
	--- Bound Tightening Statistics ---
	Number of tightened bounds: 80143.
		Number of rows examined by row tightener: 44590. Consequent tightenings: 9065
		Number of explicit basis matrices examined by row tightener: 178. Consequent tightenings: 4655
		Number of bound tightening rounds on the entire constraint matrix: 0. Consequent tightenings: 0
		Number of bound notifications sent to PL constraints: 12512. Tightenings proposed: 0
	--- Basis Factorization statistics ---
	Number of basis refactorizations: 408
	--- Projected Steepest Edge Statistics ---
	Number of iterations: 45124.
	Number of resets to reference space: 171. Avg. iterations per reset: 263
	--- SBT ---
	Number of tightened bounds: 80528
	--- SoI-based local search ---
	Number of proposed phase pattern update: 1855. Number of accepted update: 1617 [87.17%]
	Total time (% of local search time) updating SoI phase pattern : 85423 milli [0.20%]
	Total time obtaining current assignment: 456371 milli [1.08%]
	Total time getting SoI phase pattern : 48769 milli [0.04%]
	--- Context dependent statistics ---
	Number of pushes / pops: 379 / 281
		[0.02%] Pre-Push hook: 22 milli
		[0.00%] Push : 0 milli
		[0.01%] Post-Pop hook: 9 milli
		[0.01%] Pop : 7 milli
		[0.03%] Total context-switching time: 38 milli
	--- Proof Certificate ---
	Number of certified leaves: 0
	Number of leaves to delegate: 0

00:18:42 Statistics update:
	--- Time Statistics ---
	Total time elapsed: 147523 milli (00:02:27)
		Main loop: 147031 milli (00:02:27)
		Preprocessing time: 191 milli (00:00:00)
		Unknown: 301 milli (00:00:00)
	Breakdown for main loop:
		[57.14%] Simplex steps: 84010 milli
		[34.94%] Explicit-basis bound tightening: 51379 milli
		[0.00%] Constraint-matrix bound tightening: 0 milli
		[0.85%] Degradation checking: 1256 milli
		[0.00%] Precision restoration: 0 milli
		[0.04%] Statistics handling: 58 milli
		[0.00%] Constraint-fixing steps: 0 milli
		[0.00%] Valid case splits: 3 milli. Average per split: 0.00 milli
		[0.00%] Applying stored bound-tightening: 3 milli
		[0.20%] SMT core: 290 milli
		[2.57%] Symbolic Bound Tightening: 3777 milli
		[33.13%] SoI-based local search: 48712 milli
		[0.00%] SoI-based local search: 0 milli
		[4.25%] Unaccounted for: 6249 milli
	--- Preprocessor Statistics ---
	Number of preprocessor bound-tightening loop iterations: 3
	Number of eliminated variables: 90
	Number of constraints removed due to variable elimination: 90
	Number of equations removed due to variable elimination: 0
	--- Engine Statistics ---
	Number of main loop iterations: 60000
		59410 iterations were simplex steps. Total time: 84010 milli. Average: 1.41 milli.
		0 iterations were constraint-fixing steps. Total time: 0 milli. Average: 0.00 milli
	Number of active piecewise-linear constraints: 66 / 166
		Constraints disabled by valid splits: 0. By SMT-originated splits: 100
	Last reported degradation: 0.0000000000. Max degradation so far: 0.0093069779. Restorations so far: 0
	Number of simplex pivots we attempted to skip because of instability: 2.
	Unstable pivots performed anyway: 0
	--- Tableau Statistics ---
	Total number of pivots performed: 53633
		Real pivots: 53592. Degenerate: 41 (0.08%)
		Degenerate pivots by request (e.g., to fix a PL constraint): 0 (0.00%)
		Average time per pivot: 0.32 milli
	Total number of fake pivots performed: 645
	Total number of rows added: 0. Number of merged columns: 0
	Current tableau dimensions: M = 705, N = 2088
	--- SMT Core Statistics ---
	Total depth is 100. Total visited states: 452. Number of splits: 273. Number of pops: 178
	Max stack depth: 112
	--- Bound Tightening Statistics ---
	Number of tightened bounds: 96306.
		Number of rows examined by row tightener: 53633. Consequent tightenings: 10338
		Number of explicit basis matrices examined by row tightener: 225. Consequent tightenings: 5393
		Number of bound tightening rounds on the entire constraint matrix: 0. Consequent tightenings: 0
		Number of bound notifications sent to PL constraints: 14730. Tightenings proposed: 0
	--- Basis Factorization statistics ---
	Number of basis refactorizations: 491
	--- Projected Steepest Edge Statistics ---
	Number of iterations: 54280.
	Number of resets to reference space: 213. Avg. iterations per reset: 254
	--- SBT ---
	Number of tightened bounds: 96691
	--- SoI-based local search ---
	Number of proposed phase pattern update: 2173. Number of accepted update: 1899 [87.39%]
	Total time (% of local search time) updating SoI phase pattern : 98069 milli [0.20%]
	Total time obtaining current assignment: 533437 milli [1.10%]
	Total time getting SoI phase pattern : 55703 milli [0.04%]
	--- Context dependent statistics ---
	Number of pushes / pops: 451 / 351
		[0.02%] Pre-Push hook: 24 milli
		[0.00%] Push : 0 milli
		[0.01%] Post-Pop hook: 11 milli
		[0.01%] Pop : 8 milli
		[0.03%] Total context-switching time: 44 milli
	--- Proof Certificate ---
	Number of certified leaves: 0
	Number of leaves to delegate: 0

00:19:13 Statistics update:
	--- Time Statistics ---
	Total time elapsed: 178494 milli (00:02:58)
		Main loop: 177999 milli (00:02:57)
		Preprocessing time: 191 milli (00:00:00)
		Unknown: 303 milli (00:00:00)
	Breakdown for main loop:
		[55.08%] Simplex steps: 98043 milli
		[36.84%] Explicit-basis bound tightening: 65580 milli
		[0.00%] Constraint-matrix bound tightening: 0 milli
		[0.82%] Degradation checking: 1467 milli
		[0.00%] Precision restoration: 0 milli
		[0.04%] Statistics handling: 68 milli
		[0.00%] Constraint-fixing steps: 0 milli
		[0.00%] Valid case splits: 4 milli. Average per split: 0.00 milli
		[0.00%] Applying stored bound-tightening: 4 milli
		[0.20%] SMT core: 349 milli
		[2.46%] Symbolic Bound Tightening: 4384 milli
		[30.78%] SoI-based local search: 54790 milli
		[0.00%] SoI-based local search: 0 milli
		[4.55%] Unaccounted for: 8095 milli
	--- Preprocessor Statistics ---
	Number of preprocessor bound-tightening loop iterations: 3
	Number of eliminated variables: 90
	Number of constraints removed due to variable elimination: 90
	Number of equations removed due to variable elimination: 0
	--- Engine Statistics ---
	Number of main loop iterations: 70000
		69332 iterations were simplex steps. Total time: 98043 milli. Average: 1.41 milli.
		0 iterations were constraint-fixing steps. Total time: 0 milli. Average: 0.00 milli
	Number of active piecewise-linear constraints: 67 / 166
		Constraints disabled by valid splits: 3. By SMT-originated splits: 96
	Last reported degradation: 0.0000000000. Max degradation so far: 0.0093069779. Restorations so far: 0
	Number of simplex pivots we attempted to skip because of instability: 8.
	Unstable pivots performed anyway: 0
	--- Tableau Statistics ---
	Total number of pivots performed: 62695
		Real pivots: 62646. Degenerate: 49 (0.08%)
		Degenerate pivots by request (e.g., to fix a PL constraint): 0 (0.00%)
		Average time per pivot: 0.32 milli
	Total number of fake pivots performed: 745
	Total number of rows added: 0. Number of merged columns: 0
	Current tableau dimensions: M = 705, N = 2088
	--- SMT Core Statistics ---
	Total depth is 96. Total visited states: 523. Number of splits: 307. Number of pops: 215
	Max stack depth: 112
	--- Bound Tightening Statistics ---
	Number of tightened bounds: 111076.
		Number of rows examined by row tightener: 62695. Consequent tightenings: 10934
		Number of explicit basis matrices examined by row tightener: 288. Consequent tightenings: 7090
		Number of bound tightening rounds on the entire constraint matrix: 0. Consequent tightenings: 0
		Number of bound notifications sent to PL constraints: 16871. Tightenings proposed: 0
	--- Basis Factorization statistics ---
	Number of basis refactorizations: 575
	--- Projected Steepest Edge Statistics ---
	Number of iterations: 63448.
	Number of resets to reference space: 253. Avg. iterations per reset: 250
	--- SBT ---
	Number of tightened bounds: 111461
	--- SoI-based local search ---
	Number of proposed phase pattern update: 2492. Number of accepted update: 2184 [87.64%]
	Total time (% of local search time) updating SoI phase pattern : 110674 milli [0.20%]
	Total time obtaining current assignment: 611609 milli [1.12%]
	Total time getting SoI phase pattern : 62768 milli [0.04%]
	--- Context dependent statistics ---
	Number of pushes / pops: 522 / 426
		[0.02%] Pre-Push hook: 27 milli
		[0.00%] Push : 0 milli
		[0.01%] Post-Pop hook: 13 milli
		[0.01%] Pop : 10 milli
		[0.03%] Total context-switching time: 52 milli
	--- Proof Certificate ---
	Number of certified leaves: 0
	Number of leaves to delegate: 0

00:19:41 Statistics update:
	--- Time Statistics ---
	Total time elapsed: 207324 milli (00:03:27)
		Main loop: 206443 milli (00:03:26)
		Preprocessing time: 191 milli (00:00:00)
		Unknown: 690 milli (00:00:00)
	Breakdown for main loop:
		[54.37%] Simplex steps: 112253 milli
		[37.50%] Explicit-basis bound tightening: 77416 milli
		[0.00%] Constraint-matrix bound tightening: 0 milli
		[0.81%] Degradation checking: 1676 milli
		[0.00%] Precision restoration: 0 milli
		[0.04%] Statistics handling: 78 milli
		[0.00%] Constraint-fixing steps: 0 milli
		[0.00%] Valid case splits: 5 milli. Average per split: 0.00 milli
		[0.00%] Applying stored bound-tightening: 5 milli
		[0.20%] SMT core: 408 milli
		[2.43%] Symbolic Bound Tightening: 5025 milli
		[29.99%] SoI-based local search: 61908 milli
		[0.00%] SoI-based local search: 0 milli
		[4.64%] Unaccounted for: 9574 milli
	--- Preprocessor Statistics ---
	Number of preprocessor bound-tightening loop iterations: 3
	Number of eliminated variables: 90
	Number of constraints removed due to variable elimination: 90
	Number of equations removed due to variable elimination: 0
	--- Engine Statistics ---
	Number of main loop iterations: 80000
		79232 iterations were simplex steps. Total time: 112253 milli. Average: 1.42 milli.
		0 iterations were constraint-fixing steps. Total time: 0 milli. Average: 0.00 milli
	Number of active piecewise-linear constraints: 66 / 166
		Constraints disabled by valid splits: 0. By SMT-originated splits: 100
	Last reported degradation: 0.0000000000. Max degradation so far: 0.0093069779. Restorations so far: 0
	Number of simplex pivots we attempted to skip because of instability: 8.
	Unstable pivots performed anyway: 0
	--- Tableau Statistics ---
	Total number of pivots performed: 71535
		Real pivots: 71476. Degenerate: 59 (0.08%)
		Degenerate pivots by request (e.g., to fix a PL constraint): 0 (0.00%)
		Average time per pivot: 0.32 milli
	Total number of fake pivots performed: 858
	Total number of rows added: 0. Number of merged columns: 0
	Current tableau dimensions: M = 705, N = 2088
	--- SMT Core Statistics ---
	Total depth is 100. Total visited states: 599. Number of splits: 347. Number of pops: 251
	Max stack depth: 112
	--- Bound Tightening Statistics ---
	Number of tightened bounds: 127639.
		Number of rows examined by row tightener: 71535. Consequent tightenings: 12776
		Number of explicit basis matrices examined by row tightener: 342. Consequent tightenings: 8044
		Number of bound tightening rounds on the entire constraint matrix: 0. Consequent tightenings: 0
		Number of bound notifications sent to PL constraints: 19463. Tightenings proposed: 0
	--- Basis Factorization statistics ---
	Number of basis refactorizations: 656
	--- Projected Steepest Edge Statistics ---
	Number of iterations: 72401.
	Number of resets to reference space: 292. Avg. iterations per reset: 247
	--- SBT ---
	Number of tightened bounds: 128024
	--- SoI-based local search ---
	Number of proposed phase pattern update: 2904. Number of accepted update: 2556 [88.02%]
	Total time (% of local search time) updating SoI phase pattern : 127644 milli [0.21%]
	Total time obtaining current assignment: 714073 milli [1.15%]
	Total time getting SoI phase pattern : 71401 milli [0.03%]
	--- Context dependent statistics ---
	Number of pushes / pops: 598 / 498
		[0.01%] Pre-Push hook: 30 milli
		[0.00%] Push : 0 milli
		[0.01%] Post-Pop hook: 16 milli
		[0.01%] Pop : 13 milli
		[0.03%] Total context-switching time: 60 milli
	--- Proof Certificate ---
	Number of certified leaves: 0
	Number of leaves to delegate: 0

00:20:13 Statistics update:
	--- Time Statistics ---
	Total time elapsed: 238656 milli (00:03:58)
		Main loop: 237968 milli (00:03:57)
		Preprocessing time: 191 milli (00:00:00)
		Unknown: 497 milli (00:00:00)
	Breakdown for main loop:
		[53.17%] Simplex steps: 126534 milli
		[38.47%] Explicit-basis bound tightening: 91540 milli
		[0.00%] Constraint-matrix bound tightening: 0 milli
		[0.79%] Degradation checking: 1888 milli
		[0.00%] Precision restoration: 0 milli
		[0.04%] Statistics handling: 88 milli
		[0.00%] Constraint-fixing steps: 0 milli
		[0.00%] Valid case splits: 6 milli. Average per split: 0.00 milli
		[0.00%] Applying stored bound-tightening: 5 milli
		[0.20%] SMT core: 471 milli
		[2.34%] Symbolic Bound Tightening: 5571 milli
		[28.19%] SoI-based local search: 67073 milli
		[0.00%] SoI-based local search: 0 milli
		[4.98%] Unaccounted for: 11860 milli
	--- Preprocessor Statistics ---
	Number of preprocessor bound-tightening loop iterations: 3
	Number of eliminated variables: 90
	Number of constraints removed due to variable elimination: 90
	Number of equations removed due to variable elimination: 0
	--- Engine Statistics ---
	Number of main loop iterations: 90000
		89165 iterations were simplex steps. Total time: 126534 milli. Average: 1.42 milli.
		0 iterations were constraint-fixing steps. Total time: 0 milli. Average: 0.00 milli
	Number of active piecewise-linear constraints: 80 / 166
		Constraints disabled by valid splits: 0. By SMT-originated splits: 86
	Last reported degradation: 0.0000000000. Max degradation so far: 0.0093069779. Restorations so far: 0
	Number of simplex pivots we attempted to skip because of instability: 8.
	Unstable pivots performed anyway: 0
	--- Tableau Statistics ---
	Total number of pivots performed: 80694
		Real pivots: 80629. Degenerate: 65 (0.08%)
		Degenerate pivots by request (e.g., to fix a PL constraint): 0 (0.00%)
		Average time per pivot: 0.33 milli
	Total number of fake pivots performed: 996
	Total number of rows added: 0. Number of merged columns: 0
	Current tableau dimensions: M = 705, N = 2088
	--- SMT Core Statistics ---
	Total depth is 86. Total visited states: 664. Number of splits: 373. Number of pops: 290
	Max stack depth: 112
	--- Bound Tightening Statistics ---
	Number of tightened bounds: 141315.
		Number of rows examined by row tightener: 80694. Consequent tightenings: 17657
		Number of explicit basis matrices examined by row tightener: 406. Consequent tightenings: 9814
		Number of bound tightening rounds on the entire constraint matrix: 0. Consequent tightenings: 0
		Number of bound notifications sent to PL constraints: 23014. Tightenings proposed: 0
	--- Basis Factorization statistics ---
	Number of basis refactorizations: 741
	--- Projected Steepest Edge Statistics ---
	Number of iterations: 81698.
	Number of resets to reference space: 333. Avg. iterations per reset: 245
	--- SBT ---
	Number of tightened bounds: 141700
	--- SoI-based local search ---
	Number of proposed phase pattern update: 3171. Number of accepted update: 2797 [88.21%]
	Total time (% of local search time) updating SoI phase pattern : 138530 milli [0.21%]
	Total time obtaining current assignment: 780651 milli [1.16%]
	Total time getting SoI phase pattern : 77270 milli [0.03%]
	--- Context dependent statistics ---
	Number of pushes / pops: 663 / 577
		[0.01%] Pre-Push hook: 33 milli
		[0.00%] Push : 0 milli
		[0.01%] Post-Pop hook: 19 milli
		[0.01%] Pop : 15 milli
		[0.03%] Total context-switching time: 68 milli
	--- Proof Certificate ---
	Number of certified leaves: 0
	Number of leaves to delegate: 0

00:20:40 Statistics update:
	--- Time Statistics ---
	Total time elapsed: 265804 milli (00:04:25)
		Main loop: 265278 milli (00:04:25)
		Preprocessing time: 191 milli (00:00:00)
		Unknown: 335 milli (00:00:00)
	Breakdown for main loop:
		[53.06%] Simplex steps: 140766 milli
		[38.40%] Explicit-basis bound tightening: 101870 milli
		[0.00%] Constraint-matrix bound tightening: 0 milli
		[0.79%] Degradation checking: 2097 milli
		[0.00%] Precision restoration: 0 milli
		[0.04%] Statistics handling: 98 milli
		[0.00%] Constraint-fixing steps: 0 milli
		[0.00%] Valid case splits: 7 milli. Average per split: 0.00 milli
		[0.00%] Applying stored bound-tightening: 6 milli
		[0.20%] SMT core: 526 milli
		[2.35%] Symbolic Bound Tightening: 6220 milli
		[28.32%] SoI-based local search: 75136 milli
		[0.00%] SoI-based local search: 0 milli
		[5.16%] Unaccounted for: 13684 milli
	--- Preprocessor Statistics ---
	Number of preprocessor bound-tightening loop iterations: 3
	Number of eliminated variables: 90
	Number of constraints removed due to variable elimination: 90
	Number of equations removed due to variable elimination: 0
	--- Engine Statistics ---
	Number of main loop iterations: 100000
		99061 iterations were simplex steps. Total time: 140766 milli. Average: 1.42 milli.
		0 iterations were constraint-fixing steps. Total time: 0 milli. Average: 0.00 milli
	Number of active piecewise-linear constraints: 67 / 166
		Constraints disabled by valid splits: 0. By SMT-originated splits: 99
	Last reported degradation: 0.0000372943. Max degradation so far: 0.0093069779. Restorations so far: 0
	Number of simplex pivots we attempted to skip because of instability: 8.
	Unstable pivots performed anyway: 0
	--- Tableau Statistics ---
	Total number of pivots performed: 89512
		Real pivots: 89440. Degenerate: 72 (0.08%)
		Degenerate pivots by request (e.g., to fix a PL constraint): 0 (0.00%)
		Average time per pivot: 0.33 milli
	Total number of fake pivots performed: 1170
	Total number of rows added: 0. Number of merged columns: 0
	Current tableau dimensions: M = 705, N = 2088
	--- SMT Core Statistics ---
	Total depth is 99. Total visited states: 741. Number of splits: 417. Number of pops: 323
	Max stack depth: 112
	--- Bound Tightening Statistics ---
	Number of tightened bounds: 158142.
		Number of rows examined by row tightener: 89512. Consequent tightenings: 20052
		Number of explicit basis matrices examined by row tightener: 453. Consequent tightenings: 12091
		Number of bound tightening rounds on the entire constraint matrix: 0. Consequent tightenings: 0
		Number of bound notifications sent to PL constraints: 26843. Tightenings proposed: 0
	--- Basis Factorization statistics ---
	Number of basis refactorizations: 822
	--- Projected Steepest Edge Statistics ---
	Number of iterations: 90690.
	Number of resets to reference space: 369. Avg. iterations per reset: 245
	--- SBT ---
	Number of tightened bounds: 158527
	--- SoI-based local search ---
	Number of proposed phase pattern update: 3560. Number of accepted update: 3142 [88.26%]
	Total time (% of local search time) updating SoI phase pattern : 156144 milli [0.21%]
	Total time obtaining current assignment: 880297 milli [1.17%]
	Total time getting SoI phase pattern : 86094 milli [0.03%]
	--- Context dependent statistics ---
	Number of pushes / pops: 740 / 641
		[0.01%] Pre-Push hook: 36 milli
		[0.00%] Push : 0 milli
		[0.01%] Post-Pop hook: 21 milli
		[0.01%] Pop : 17 milli
		[0.03%] Total context-switching time: 75 milli
	--- Proof Certificate ---
	Number of certified leaves: 0
	Number of leaves to delegate: 0

00:21:07 Statistics update:
	--- Time Statistics ---
	Total time elapsed: 293253 milli (00:04:53)
		Main loop: 292618 milli (00:04:52)
		Preprocessing time: 191 milli (00:00:00)
		Unknown: 443 milli (00:00:00)
	Breakdown for main loop:
		[53.01%] Simplex steps: 155112 milli
		[38.53%] Explicit-basis bound tightening: 112736 milli
		[0.00%] Constraint-matrix bound tightening: 0 milli
		[0.79%] Degradation checking: 2308 milli
		[0.00%] Precision restoration: 0 milli
		[0.04%] Statistics handling: 108 milli
		[0.00%] Constraint-fixing steps: 0 milli
		[0.00%] Valid case splits: 8 milli. Average per split: 0.00 milli
		[0.00%] Applying stored bound-tightening: 6 milli
		[0.20%] SMT core: 582 milli
		[2.32%] Symbolic Bound Tightening: 6794 milli
		[28.14%] SoI-based local search: 82350 milli
		[0.00%] SoI-based local search: 0 milli
		[5.11%] Unaccounted for: 14961 milli
	--- Preprocessor Statistics ---
	Number of preprocessor bound-tightening loop iterations: 3
	Number of eliminated variables: 90
	Number of constraints removed due to variable elimination: 90
	Number of equations removed due to variable elimination: 0
	--- Engine Statistics ---
	Number of main loop iterations: 110000
		108983 iterations were simplex steps. Total time: 155112 milli. Average: 1.42 milli.
		0 iterations were constraint-fixing steps. Total time: 0 milli. Average: 0.00 milli
	Number of active piecewise-linear constraints: 67 / 166
		Constraints disabled by valid splits: 1. By SMT-originated splits: 98
	Last reported degradation: 0.0000000000. Max degradation so far: 0.0093069779. Restorations so far: 0
	Number of simplex pivots we attempted to skip because of instability: 8.
	Unstable pivots performed anyway: 0
	--- Tableau Statistics ---
	Total number of pivots performed: 98588
		Real pivots: 98512. Degenerate: 76 (0.08%)
		Degenerate pivots by request (e.g., to fix a PL constraint): 0 (0.00%)
		Average time per pivot: 0.33 milli
	Total number of fake pivots performed: 1298
	Total number of rows added: 0. Number of merged columns: 0
	Current tableau dimensions: M = 705, N = 2088
	--- SMT Core Statistics ---
	Total depth is 98. Total visited states: 809. Number of splits: 451. Number of pops: 357
	Max stack depth: 112
	--- Bound Tightening Statistics ---
	Number of tightened bounds: 173267.
		Number of rows examined by row tightener: 98588. Consequent tightenings: 21505
		Number of explicit basis matrices examined by row tightener: 501. Consequent tightenings: 13528
		Number of bound tightening rounds on the entire constraint matrix: 0. Consequent tightenings: 0
		Number of bound notifications sent to PL constraints: 29493. Tightenings proposed: 0
	--- Basis Factorization statistics ---
	Number of basis refactorizations: 906
	--- Projected Steepest Edge Statistics ---
	Number of iterations: 99894.
	Number of resets to reference space: 408. Avg. iterations per reset: 244
	--- SBT ---
	Number of tightened bounds: 173652
	--- SoI-based local search ---
	Number of proposed phase pattern update: 3861. Number of accepted update: 3408 [88.27%]
	Total time (% of local search time) updating SoI phase pattern : 169257 milli [0.21%]
	Total time obtaining current assignment: 961068 milli [1.17%]
	Total time getting SoI phase pattern : 93285 milli [0.03%]
	--- Context dependent statistics ---
	Number of pushes / pops: 808 / 710
		[0.01%] Pre-Push hook: 39 milli
		[0.00%] Push : 0 milli
		[0.01%] Post-Pop hook: 23 milli
		[0.01%] Pop : 19 milli
		[0.03%] Total context-switching time: 82 milli
	--- Proof Certificate ---
	Number of certified leaves: 0
	Number of leaves to delegate: 0


Engine: quitting due to timeout...

Final statistics:

00:21:15 Statistics update:
	--- Time Statistics ---
	Total time elapsed: 301000 milli (00:05:01)
		Main loop: 300494 milli (00:05:00)
		Preprocessing time: 191 milli (00:00:00)
		Unknown: 314 milli (00:00:00)
	Breakdown for main loop:
		[52.89%] Simplex steps: 158946 milli
		[38.53%] Explicit-basis bound tightening: 115783 milli
		[0.00%] Constraint-matrix bound tightening: 0 milli
		[0.79%] Degradation checking: 2368 milli
		[0.00%] Precision restoration: 0 milli
		[0.04%] Statistics handling: 111 milli
		[0.00%] Constraint-fixing steps: 0 milli
		[0.00%] Valid case splits: 8 milli. Average per split: 0.00 milli
		[0.00%] Applying stored bound-tightening: 6 milli
		[0.20%] SMT core: 606 milli
		[2.34%] Symbolic Bound Tightening: 7020 milli
		[27.99%] SoI-based local search: 84119 milli
		[0.00%] SoI-based local search: 0 milli
		[5.21%] Unaccounted for: 15643 milli
	--- Preprocessor Statistics ---
	Number of preprocessor bound-tightening loop iterations: 3
	Number of eliminated variables: 90
	Number of constraints removed due to variable elimination: 90
	Number of equations removed due to variable elimination: 0
	--- Engine Statistics ---
	Number of main loop iterations: 112822
		111775 iterations were simplex steps. Total time: 158946 milli. Average: 1.42 milli.
		0 iterations were constraint-fixing steps. Total time: 0 milli. Average: 0.00 milli
	Number of active piecewise-linear constraints: 66 / 166
		Constraints disabled by valid splits: 1. By SMT-originated splits: 99
	Last reported degradation: 0.0000000000. Max degradation so far: 0.0093069779. Restorations so far: 0
	Number of simplex pivots we attempted to skip because of instability: 8.
	Unstable pivots performed anyway: 0
	--- Tableau Statistics ---
	Total number of pivots performed: 101002
		Real pivots: 100926. Degenerate: 76 (0.08%)
		Degenerate pivots by request (e.g., to fix a PL constraint): 0 (0.00%)
		Average time per pivot: 0.33 milli
	Total number of fake pivots performed: 1362
	Total number of rows added: 0. Number of merged columns: 0
	Current tableau dimensions: M = 705, N = 2088
	--- SMT Core Statistics ---
	Total depth is 99. Total visited states: 838. Number of splits: 465. Number of pops: 372
	Max stack depth: 112
	--- Bound Tightening Statistics ---
	Number of tightened bounds: 179778.
		Number of rows examined by row tightener: 101002. Consequent tightenings: 22381
		Number of explicit basis matrices examined by row tightener: 515. Consequent tightenings: 13958
		Number of bound tightening rounds on the entire constraint matrix: 0. Consequent tightenings: 0
		Number of bound notifications sent to PL constraints: 30730. Tightenings proposed: 0
	--- Basis Factorization statistics ---
	Number of basis refactorizations: 927
	--- Projected Steepest Edge Statistics ---
	Number of iterations: 102372.
	Number of resets to reference space: 423. Avg. iterations per reset: 242
	--- SBT ---
	Number of tightened bounds: 180163
	--- SoI-based local search ---
	Number of proposed phase pattern update: 3994. Number of accepted update: 3528 [88.33%]
	Total time (% of local search time) updating SoI phase pattern : 174256 milli [0.21%]
	Total time obtaining current assignment: 994163 milli [1.18%]
	Total time getting SoI phase pattern : 96070 milli [0.03%]
	--- Context dependent statistics ---
	Number of pushes / pops: 837 / 738
		[0.01%] Pre-Push hook: 40 milli
		[0.00%] Push : 0 milli
		[0.01%] Post-Pop hook: 24 milli
		[0.01%] Pop : 20 milli
		[0.03%] Total context-switching time: 85 milli
	--- Proof Certificate ---
	Number of certified leaves: 0
	Number of leaves to delegate: 0
Timeout
