InputQuery: /home/levn/Workspace/othello_world/queries/probe_robust/group_1/game_25_target_7_eps_0.1.txt
Engine::processInputQuery: Input query (before preprocessing): 449 equations, 1216 variables
Engine::processInputQuery: Input query (after preprocessing): 705 equations, 1380 variables

Input bounds:
	x0: [ -0.6703,  -0.4703] 
	x1: [ -0.6410,  -0.4410] 
	x2: [  0.6758,   0.8758] 
	x3: [  0.5745,   0.7745] 
	x4: [ -0.8666,  -0.6666] 
	x5: [ -0.6505,  -0.4505] 
	x6: [  0.9936,   1.1936] 
	x7: [ -1.1878,  -0.9878] 
	x8: [ -2.5464,  -2.3464] 
	x9: [ -1.7696,  -1.5696] 
	x10: [  0.1649,   0.3649] 
	x11: [ -2.8007,  -2.6007] 
	x12: [ -0.4654,  -0.2654] 
	x13: [ -0.4428,  -0.2428] 
	x14: [ -1.9732,  -1.7732] 
	x15: [ -0.6375,  -0.4375] 
	x16: [  2.1778,   2.3778] 
	x17: [ -1.0658,  -0.8658] 
	x18: [ -1.9067,  -1.7067] 
	x19: [ -1.0741,  -0.8741] 
	x20: [  1.1104,   1.3104] 
	x21: [ -1.5661,  -1.3661] 
	x22: [  1.6798,   1.8798] 
	x23: [  0.6798,   0.8798] 
	x24: [  1.2006,   1.4006] 
	x25: [ -0.5974,  -0.3974] 
	x26: [ -2.1534,  -1.9534] 
	x27: [ -0.5088,  -0.3088] 
	x28: [ -0.9420,  -0.7420] 
	x29: [ -2.1137,  -1.9137] 
	x30: [ -2.5752,  -2.3752] 
	x31: [ -0.0313,   0.1687] 
	x32: [ -2.3471,  -2.1471] 
	x33: [ -1.1893,  -0.9893] 
	x34: [  1.8009,   2.0009] 
	x35: [ -0.4988,  -0.2988] 
	x36: [ -0.0866,   0.1134] 
	x37: [  0.3702,   0.5702] 
	x38: [  1.3430,   1.5430] 
	x39: [ -0.3244,  -0.1244] 
	x40: [ -0.1067,   0.0933] 
	x41: [  1.3207,   1.5207] 
	x42: [ -0.3628,  -0.1628] 
	x43: [ -2.5439,  -2.3439] 
	x44: [ -1.9286,  -1.7286] 
	x45: [ -0.7316,  -0.5316] 
	x46: [  2.1839,   2.3839] 
	x47: [ -2.5273,  -2.3273] 
	x48: [ -1.2210,  -1.0210] 
	x49: [  0.7322,   0.9322] 
	x50: [ -0.3485,  -0.1485] 
	x51: [ -3.4457,  -3.2457] 
	x52: [  2.1324,   2.3324] 
	x53: [  0.0758,   0.2758] 
	x54: [ -1.5002,  -1.3002] 
	x55: [ -0.8523,  -0.6523] 
	x56: [ -3.3186,  -3.1186] 
	x57: [ -1.8122,  -1.6122] 
	x58: [  0.1060,   0.3060] 
	x59: [  4.8176,   5.0176] 
	x60: [ -2.6630,  -2.4630] 
	x61: [  1.9629,   2.1629] 
	x62: [ -0.0950,   0.1050] 
	x63: [  0.9248,   1.1248] 
	x64: [  1.2089,   1.4089] 
	x65: [  1.4374,   1.6374] 
	x66: [ -2.3078,  -2.1078] 
	x67: [ -0.0953,   0.1047] 
	x68: [  1.4892,   1.6892] 
	x69: [ -0.6271,  -0.4271] 
	x70: [ -0.3641,  -0.1641] 
	x71: [  1.2364,   1.4364] 
	x72: [  0.6705,   0.8705] 
	x73: [ -0.9080,  -0.7080] 
	x74: [  0.3175,   0.5175] 
	x75: [  3.3902,   3.5902] 
	x76: [  0.5115,   0.7115] 
	x77: [  0.3836,   0.5836] 
	x78: [ -0.4996,  -0.2996] 
	x79: [ -3.0416,  -2.8416] 
	x80: [  1.8375,   2.0375] 
	x81: [  0.2174,   0.4174] 
	x82: [  1.5707,   1.7707] 
	x83: [ -0.0988,   0.1012] 
	x84: [ -1.4638,  -1.2638] 
	x85: [  0.4570,   0.6570] 
	x86: [  0.1823,   0.3823] 
	x87: [ -0.2173,  -0.0173] 
	x88: [ -0.1429,   0.0571] 
	x89: [ -0.0026,   0.1974] 
	x90: [  1.4842,   1.6842] 
	x91: [ -3.9071,  -3.7071] 
	x92: [ -1.5199,  -1.3199] 
	x93: [ -1.7435,  -1.5435] 
	x94: [ -0.8754,  -0.6754] 
	x95: [ -1.5925,  -1.3925] 
	x96: [  0.1179,   0.3179] 
	x97: [ -1.1713,  -0.9713] 
	x98: [  1.5515,   1.7515] 
	x99: [ -1.0581,  -0.8581] 
	x100: [ -1.0513,  -0.8513] 
	x101: [ -0.6690,  -0.4690] 
	x102: [ -0.4916,  -0.2916] 
	x103: [ -1.1438,  -0.9438] 
	x104: [ -1.0373,  -0.8373] 
	x105: [  0.1006,   0.3006] 
	x106: [  1.1125,   1.3125] 
	x107: [  2.7665,   2.9665] 
	x108: [ -0.2074,  -0.0074] 
	x109: [ -0.6113,  -0.4113] 
	x110: [  1.4958,   1.6958] 
	x111: [ -1.7210,  -1.5210] 
	x112: [ -1.7859,  -1.5859] 
	x113: [  0.2203,   0.4203] 
	x114: [ -0.4880,  -0.2880] 
	x115: [ -0.6350,  -0.4350] 
	x116: [  1.7846,   1.9846] 
	x117: [  2.4660,   2.6660] 
	x118: [ -0.4098,  -0.2098] 
	x119: [ -2.2877,  -2.0877] 
	x120: [ -0.5144,  -0.3144] 
	x121: [  1.3968,   1.5968] 
	x122: [  2.2275,   2.4275] 
	x123: [ -0.6635,  -0.4635] 
	x124: [ -0.6677,  -0.4677] 
	x125: [ -1.6425,  -1.4425] 
	x126: [ -1.8728,  -1.6728] 
	x127: [  1.5330,   1.7330] 
	x128: [  2.3214,   2.5214] 
	x129: [  0.8545,   1.0545] 
	x130: [ -0.5456,  -0.3456] 
	x131: [  2.1953,   2.3953] 
	x132: [  1.7813,   1.9813] 
	x133: [  1.4010,   1.6010] 
	x134: [  2.8648,   3.0648] 
	x135: [  1.9146,   2.1146] 
	x136: [  0.8353,   1.0353] 
	x137: [ -0.5678,  -0.3678] 
	x138: [  2.8168,   3.0168] 
	x139: [ -0.0216,   0.1784] 
	x140: [  4.4301,   4.6301] 
	x141: [ -0.4112,  -0.2112] 
	x142: [  0.6667,   0.8667] 
	x143: [  0.8542,   1.0542] 
	x144: [ -1.5137,  -1.3137] 
	x145: [ -2.8259,  -2.6259] 
	x146: [ -1.9705,  -1.7705] 
	x147: [ -0.7126,  -0.5126] 
	x148: [ -0.8930,  -0.6930] 
	x149: [ -1.8646,  -1.6646] 
	x150: [ -1.9449,  -1.7449] 
	x151: [ -2.9540,  -2.7540] 
	x152: [  1.2928,   1.4928] 
	x153: [ -0.2057,  -0.0057] 
	x154: [ -0.7576,  -0.5576] 
	x155: [ -0.1531,   0.0469] 
	x156: [ -1.3565,  -1.1565] 
	x157: [  0.9904,   1.1904] 
	x158: [  0.0156,   0.2156] 
	x159: [ -1.0470,  -0.8470] 
	x160: [  0.4026,   0.6026] 
	x161: [ -1.1766,  -0.9766] 
	x162: [ -2.1555,  -1.9555] 
	x163: [  1.4358,   1.6358] 
	x164: [ -2.2865,  -2.0865] 
	x165: [ -2.4819,  -2.2819] 
	x166: [ -0.3384,  -0.1384] 
	x167: [  3.4127,   3.6127] 
	x168: [ -1.5706,  -1.3706] 
	x169: [ -0.0064,   0.1936] 
	x170: [ -0.5146,  -0.3146] 
	x171: [  1.1086,   1.3086] 
	x172: [ -0.8108,  -0.6108] 
	x173: [ -0.7866,  -0.5866] 
	x174: [  0.7236,   0.9236] 
	x175: [  1.6091,   1.8091] 
	x176: [  0.1541,   0.3541] 
	x177: [  1.1374,   1.3374] 
	x178: [ -0.0628,   0.1372] 
	x179: [  2.0034,   2.2034] 
	x180: [ -1.8827,  -1.6827] 
	x181: [  0.7203,   0.9203] 
	x182: [ -0.6074,  -0.4074] 
	x183: [ -0.4681,  -0.2681] 
	x184: [  1.4162,   1.6162] 
	x185: [ -1.3885,  -1.1885] 
	x186: [ -0.9411,  -0.7411] 
	x187: [  0.6612,   0.8612] 
	x188: [ -0.7620,  -0.5620] 
	x189: [  0.2410,   0.4410] 
	x190: [ -2.0777,  -1.8777] 
	x191: [  0.2253,   0.4253] 
	x192: [  0.3510,   0.5510] 
	x193: [ -0.6725,  -0.4725] 
	x194: [ -1.2423,  -1.0423] 
	x195: [ -3.4677,  -3.2677] 
	x196: [ -1.6485,  -1.4485] 
	x197: [ -0.7570,  -0.5570] 
	x198: [ -1.2974,  -1.0974] 
	x199: [ -1.7232,  -1.5232] 
	x200: [ -0.0820,   0.1180] 
	x201: [  0.8749,   1.0749] 
	x202: [ -3.3116,  -3.1116] 
	x203: [ -0.1195,   0.0805] 
	x204: [ -1.9489,  -1.7489] 
	x205: [  1.0130,   1.2130] 
	x206: [ -1.3435,  -1.1435] 
	x207: [ -0.2536,  -0.0536] 
	x208: [  1.7764,   1.9764] 
	x209: [  2.1528,   2.3528] 
	x210: [ -1.1411,  -0.9411] 
	x211: [  0.2300,   0.4300] 
	x212: [ -2.5487,  -2.3487] 
	x213: [ -0.8167,  -0.6167] 
	x214: [ -1.7490,  -1.5490] 
	x215: [ -2.2365,  -2.0365] 
	x216: [ -1.6367,  -1.4367] 
	x217: [  1.6575,   1.8575] 
	x218: [  0.3657,   0.5657] 
	x219: [  0.1199,   0.3199] 
	x220: [ -1.8824,  -1.6824] 
	x221: [  0.4132,   0.6132] 
	x222: [ -1.8062,  -1.6062] 
	x223: [ -0.3914,  -0.1914] 
	x224: [  2.0713,   2.2713] 
	x225: [ -1.9427,  -1.7427] 
	x226: [  2.9196,   3.1196] 
	x227: [  0.3353,   0.5353] 
	x228: [  3.0183,   3.2183] 
	x229: [  0.2204,   0.4204] 
	x230: [ -1.7397,  -1.5397] 
	x231: [  1.8458,   2.0458] 
	x232: [  0.0165,   0.2165] 
	x233: [ -1.8700,  -1.6700] 
	x234: [ -0.1342,   0.0658] 
	x235: [ -2.2392,  -2.0392] 
	x236: [ -0.1836,   0.0164] 
	x237: [  0.2474,   0.4474] 
	x238: [  0.8094,   1.0094] 
	x239: [  8.9429,   9.1429] 
	x240: [  1.8744,   2.0744] 
	x241: [ -2.1077,  -1.9077] 
	x242: [  3.2850,   3.4850] 
	x243: [  1.1870,   1.3870] 
	x244: [ -0.1345,   0.0655] 
	x245: [  0.3098,   0.5098] 
	x246: [  0.2242,   0.4242] 
	x247: [ -1.5337,  -1.3337] 
	x248: [ -0.3836,  -0.1836] 
	x249: [  0.8210,   1.0210] 
	x250: [  1.1194,   1.3194] 
	x251: [ -0.3817,  -0.1817] 
	x252: [  2.8224,   3.0224] 
	x253: [  1.1794,   1.3794] 
	x254: [ -0.8382,  -0.6382] 
	x255: [ -0.4460,  -0.2460] 
	x256: [ -1.2403,  -1.0403] 
	x257: [ -0.9600,  -0.7600] 
	x258: [ -3.0194,  -2.8194] 
	x259: [  2.3901,   2.5901] 
	x260: [ -2.4807,  -2.2807] 
	x261: [ -1.7714,  -1.5714] 
	x262: [  1.0565,   1.2565] 
	x263: [ -0.8911,  -0.6911] 
	x264: [ -0.5971,  -0.3971] 
	x265: [ -0.7496,  -0.5496] 
	x266: [  1.6403,   1.8403] 
	x267: [ -0.9409,  -0.7409] 
	x268: [ -1.6272,  -1.4272] 
	x269: [  0.4272,   0.6272] 
	x270: [  2.2336,   2.4336] 
	x271: [ -0.0433,   0.1567] 
	x272: [  0.3648,   0.5648] 
	x273: [ -2.2690,  -2.0690] 
	x274: [ -0.7085,  -0.5085] 
	x275: [  1.9075,   2.1075] 
	x276: [ -0.4308,  -0.2308] 
	x277: [ -0.1000,   0.1000] 
	x278: [  0.4244,   0.6244] 
	x279: [ -2.6000,  -2.4000] 
	x280: [  0.7646,   0.9646] 
	x281: [  1.4027,   1.6027] 
	x282: [  1.1576,   1.3576] 
	x283: [ -1.5002,  -1.3002] 
	x284: [ -0.5019,  -0.3019] 
	x285: [  0.6130,   0.8130] 
	x286: [  0.9692,   1.1692] 
	x287: [ -0.8558,  -0.6558] 
	x288: [  0.0900,   0.2900] 
	x289: [ -0.2442,  -0.0442] 
	x290: [  1.0897,   1.2897] 
	x291: [ -0.1460,   0.0540] 
	x292: [ -0.7046,  -0.5046] 
	x293: [ -0.8690,  -0.6690] 
	x294: [ -1.3954,  -1.1954] 
	x295: [  0.6531,   0.8531] 
	x296: [ -2.0763,  -1.8763] 
	x297: [  1.5771,   1.7771] 
	x298: [ -7.9623,  -7.7623] 
	x299: [  0.2211,   0.4211] 
	x300: [  4.1887,   4.3887] 
	x301: [  1.2051,   1.4051] 
	x302: [ -1.3844,  -1.1844] 
	x303: [ -0.1064,   0.0936] 
	x304: [ -1.5967,  -1.3967] 
	x305: [ -1.9147,  -1.7147] 
	x306: [  0.4483,   0.6483] 
	x307: [ -1.6766,  -1.4766] 
	x308: [  4.5627,   4.7627] 
	x309: [  0.5506,   0.7506] 
	x310: [ -1.1390,  -0.9390] 
	x311: [  0.4347,   0.6347] 
	x312: [ -0.0261,   0.1739] 
	x313: [ -0.5414,  -0.3414] 
	x314: [  1.8966,   2.0966] 
	x315: [  0.5514,   0.7514] 
	x316: [  0.7341,   0.9341] 
	x317: [  2.2449,   2.4449] 
	x318: [  1.5762,   1.7762] 
	x319: [ -1.1618,  -0.9618] 
	x320: [ -0.8929,  -0.6929] 
	x321: [ -0.8227,  -0.6227] 
	x322: [  0.2216,   0.4216] 
	x323: [  1.2496,   1.4496] 
	x324: [  0.4806,   0.6806] 
	x325: [ -0.9545,  -0.7545] 
	x326: [ -0.5042,  -0.3042] 
	x327: [ -0.4837,  -0.2837] 
	x328: [  2.0665,   2.2665] 
	x329: [ -2.2637,  -2.0637] 
	x330: [ -0.4259,  -0.2259] 
	x331: [  0.5910,   0.7910] 
	x332: [ -0.9452,  -0.7452] 
	x333: [  0.2877,   0.4877] 
	x334: [ -0.6084,  -0.4084] 
	x335: [  0.8216,   1.0216] 
	x336: [  0.3737,   0.5737] 
	x337: [ -0.1020,   0.0980] 
	x338: [ -0.6640,  -0.4640] 
	x339: [ -1.4036,  -1.2036] 
	x340: [ -0.0184,   0.1816] 
	x341: [  1.2760,   1.4760] 
	x342: [ -1.1551,  -0.9551] 
	x343: [ -0.0806,   0.1194] 
	x344: [  0.9622,   1.1622] 
	x345: [  0.5958,   0.7958] 
	x346: [ -3.2971,  -3.0971] 
	x347: [ -0.6735,  -0.4735] 
	x348: [ -2.2633,  -2.0633] 
	x349: [  0.1245,   0.3245] 
	x350: [  0.6181,   0.8181] 
	x351: [ -0.7914,  -0.5914] 
	x352: [ -1.0441,  -0.8441] 
	x353: [ -1.9010,  -1.7010] 
	x354: [ -0.5824,  -0.3824] 
	x355: [ -0.3248,  -0.1248] 
	x356: [  2.7899,   2.9899] 
	x357: [ -1.8530,  -1.6530] 
	x358: [  1.7684,   1.9684] 
	x359: [ -0.0291,   0.1709] 
	x360: [  1.9584,   2.1584] 
	x361: [  0.1216,   0.3216] 
	x362: [ -3.2183,  -3.0183] 
	x363: [ -1.2381,  -1.0381] 
	x364: [ -0.5639,  -0.3639] 
	x365: [ -0.6151,  -0.4151] 
	x366: [ -0.3163,  -0.1163] 
	x367: [  0.1491,   0.3491] 
	x368: [ -2.2586,  -2.0586] 
	x369: [ -1.5206,  -1.3206] 
	x370: [ -0.2251,  -0.0251] 
	x371: [  2.3392,   2.5392] 
	x372: [  2.9032,   3.1032] 
	x373: [ -1.1789,  -0.9789] 
	x374: [  0.5600,   0.7600] 
	x375: [ -1.0477,  -0.8477] 
	x376: [ -2.0168,  -1.8168] 
	x377: [ -2.7793,  -2.5793] 
	x378: [  0.7534,   0.9534] 
	x379: [  0.5117,   0.7117] 
	x380: [  1.8277,   2.0277] 
	x381: [ -2.1434,  -1.9434] 
	x382: [ -0.1431,   0.0569] 
	x383: [  2.4167,   2.6167] 
	x384: [ -0.0734,   0.1266] 
	x385: [  0.8956,   1.0956] 
	x386: [ -1.5111,  -1.3111] 
	x387: [  1.5971,   1.7971] 
	x388: [  1.0545,   1.2545] 
	x389: [  0.6026,   0.8026] 
	x390: [  0.3003,   0.5003] 
	x391: [ -1.6657,  -1.4657] 
	x392: [  1.1720,   1.3720] 
	x393: [  0.8287,   1.0287] 
	x394: [ -0.9545,  -0.7545] 
	x395: [  0.4072,   0.6072] 
	x396: [ -2.4220,  -2.2220] 
	x397: [  1.6342,   1.8342] 
	x398: [ -1.6200,  -1.4200] 
	x399: [  2.4565,   2.6565] 
	x400: [ -0.7207,  -0.5207] 
	x401: [ -0.8678,  -0.6678] 
	x402: [ -1.4452,  -1.2452] 
	x403: [  0.2573,   0.4573] 
	x404: [  0.6234,   0.8234] 
	x405: [ -1.4413,  -1.2413] 
	x406: [ -2.5101,  -2.3101] 
	x407: [ -1.0485,  -0.8485] 
	x408: [  0.2655,   0.4655] 
	x409: [ -1.9026,  -1.7026] 
	x410: [  1.2566,   1.4566] 
	x411: [  0.2172,   0.4172] 
	x412: [  2.9158,   3.1158] 
	x413: [  0.3874,   0.5874] 
	x414: [  1.5774,   1.7774] 
	x415: [ -2.6667,  -2.4667] 
	x416: [  0.6924,   0.8924] 
	x417: [ -1.6897,  -1.4897] 
	x418: [ -1.8059,  -1.6059] 
	x419: [  0.4762,   0.6762] 
	x420: [  2.0426,   2.2426] 
	x421: [ -2.3650,  -2.1650] 
	x422: [ -0.2990,  -0.0990] 
	x423: [  0.5087,   0.7087] 
	x424: [  0.4652,   0.6652] 
	x425: [  0.7041,   0.9041] 
	x426: [ -3.9880,  -3.7880] 
	x427: [ -1.3762,  -1.1762] 
	x428: [ -0.1329,   0.0671] 
	x429: [  0.0892,   0.2892] 
	x430: [ -2.1878,  -1.9878] 
	x431: [ -0.0548,   0.1452] 
	x432: [ -3.6724,  -3.4724] 
	x433: [  0.1865,   0.3865] 
	x434: [ -1.6511,  -1.4511] 
	x435: [ -0.7792,  -0.5792] 
	x436: [ -2.3946,  -2.1946] 
	x437: [ -1.0227,  -0.8227] 
	x438: [ -2.5348,  -2.3348] 
	x439: [ -0.5719,  -0.3719] 
	x440: [  0.7372,   0.9372] 
	x441: [ -1.3598,  -1.1598] 
	x442: [ -2.3121,  -2.1121] 
	x443: [ -0.2569,  -0.0569] 
	x444: [  1.8247,   2.0247] 
	x445: [ -1.6657,  -1.4657] 
	x446: [ -0.7667,  -0.5667] 
	x447: [ -1.1819,  -0.9819] 
	x448: [ -1.9286,  -1.7286] 
	x449: [ -0.0301,   0.1699] 
	x450: [  1.5548,   1.7548] 
	x451: [ -1.2798,  -1.0798] 
	x452: [ -0.4633,  -0.2633] 
	x453: [  0.1055,   0.3055] 
	x454: [  2.2141,   2.4141] 
	x455: [ -0.8083,  -0.6083] 
	x456: [  0.0047,   0.2047] 
	x457: [  0.1666,   0.3666] 
	x458: [ -0.8681,  -0.6681] 
	x459: [ -0.9404,  -0.7404] 
	x460: [  0.4210,   0.6210] 
	x461: [  1.4957,   1.6957] 
	x462: [  1.1145,   1.3145] 
	x463: [ -0.2340,  -0.0340] 
	x464: [ -0.7816,  -0.5816] 
	x465: [  0.8603,   1.0603] 
	x466: [ -1.2164,  -1.0164] 
	x467: [ -1.3196,  -1.1196] 
	x468: [  0.4216,   0.6216] 
	x469: [ -0.8480,  -0.6480] 
	x470: [  0.6909,   0.8909] 
	x471: [  0.4072,   0.6072] 
	x472: [ -1.8077,  -1.6077] 
	x473: [ -2.4373,  -2.2373] 
	x474: [ -1.6163,  -1.4163] 
	x475: [ -0.7590,  -0.5590] 
	x476: [ -0.1527,   0.0473] 
	x477: [ -0.7286,  -0.5286] 
	x478: [  0.2782,   0.4782] 
	x479: [  3.2494,   3.4494] 
	x480: [  2.2615,   2.4615] 
	x481: [  0.7791,   0.9791] 
	x482: [ -0.9928,  -0.7928] 
	x483: [  0.8541,   1.0541] 
	x484: [ -2.2600,  -2.0600] 
	x485: [ -1.1291,  -0.9291] 
	x486: [  1.4897,   1.6897] 
	x487: [ -2.7918,  -2.5918] 
	x488: [ -0.0473,   0.1527] 
	x489: [ -0.4789,  -0.2789] 
	x490: [ -0.6254,  -0.4254] 
	x491: [ -0.7767,  -0.5767] 
	x492: [  0.9711,   1.1711] 
	x493: [ -3.0005,  -2.8005] 
	x494: [  0.6540,   0.8540] 
	x495: [  0.1620,   0.3620] 
	x496: [  1.0242,   1.2242] 
	x497: [  0.0516,   0.2516] 
	x498: [  0.6070,   0.8070] 
	x499: [ -0.5587,  -0.3587] 
	x500: [  1.0647,   1.2647] 
	x501: [ -2.5249,  -2.3249] 
	x502: [ -2.7572,  -2.5572] 
	x503: [  0.0715,   0.2715] 
	x504: [ -0.3616,  -0.1616] 
	x505: [  1.8643,   2.0643] 
	x506: [ -1.8171,  -1.6171] 
	x507: [  0.2154,   0.4154] 
	x508: [ -0.1159,   0.0841] 
	x509: [ -2.1125,  -1.9125] 
	x510: [ -1.9724,  -1.7724] 
	x511: [  1.3128,   1.5128] 

Branching heuristics set to PseudoImpact

Engine::solve: Initial statistics

00:00:48 Statistics update:
	--- Time Statistics ---
	Total time elapsed: 450 milli (00:00:00)
		Main loop: 0 milli (00:00:00)
		Preprocessing time: 178 milli (00:00:00)
		Unknown: 272 milli (00:00:00)
	Breakdown for main loop:
		[0.00%] Simplex steps: 0 milli
		[0.00%] Explicit-basis bound tightening: 0 milli
		[0.00%] Constraint-matrix bound tightening: 0 milli
		[0.00%] Degradation checking: 0 milli
		[0.00%] Precision restoration: 0 milli
		[0.00%] Statistics handling: 0 milli
		[0.00%] Constraint-fixing steps: 0 milli
		[0.00%] Valid case splits: 0 milli. Average per split: 0.00 milli
		[0.00%] Applying stored bound-tightening: 0 milli
		[0.00%] SMT core: 0 milli
		[0.00%] Symbolic Bound Tightening: 12 milli
		[0.00%] SoI-based local search: 0 milli
		[0.00%] SoI-based local search: 0 milli
		[0.00%] Unaccounted for: 0 milli
	--- Preprocessor Statistics ---
	Number of preprocessor bound-tightening loop iterations: 3
	Number of eliminated variables: 93
	Number of constraints removed due to variable elimination: 93
	Number of equations removed due to variable elimination: 0
	--- Engine Statistics ---
	Number of main loop iterations: 1
		0 iterations were simplex steps. Total time: 0 milli. Average: 0.00 milli.
		0 iterations were constraint-fixing steps. Total time: 0 milli. Average: 0.00 milli
	Number of active piecewise-linear constraints: 163 / 163
		Constraints disabled by valid splits: 0. By SMT-originated splits: 0
	Last reported degradation: 0.0000000000. Max degradation so far: 0.0000000000. Restorations so far: 0
	Number of simplex pivots we attempted to skip because of instability: 0.
	Unstable pivots performed anyway: 0
	--- Tableau Statistics ---
	Total number of pivots performed: 0
		Real pivots: 0. Degenerate: 0 (0.00%)
		Degenerate pivots by request (e.g., to fix a PL constraint): 0 (0.00%)
		Average time per pivot: 0.00 milli
	Total number of fake pivots performed: 0
	Total number of rows added: 0. Number of merged columns: 0
	Current tableau dimensions: M = 705, N = 2085
	--- SMT Core Statistics ---
	Total depth is 0. Total visited states: 1. Number of splits: 0. Number of pops: 0
	Max stack depth: 0
	--- Bound Tightening Statistics ---
	Number of tightened bounds: 0.
		Number of rows examined by row tightener: 0. Consequent tightenings: 0
		Number of explicit basis matrices examined by row tightener: 0. Consequent tightenings: 0
		Number of bound tightening rounds on the entire constraint matrix: 0. Consequent tightenings: 0
		Number of bound notifications sent to PL constraints: 978. Tightenings proposed: 0
	--- Basis Factorization statistics ---
	Number of basis refactorizations: 2
	--- Projected Steepest Edge Statistics ---
	Number of iterations: 0.
	Number of resets to reference space: 1. Avg. iterations per reset: 0
	--- SBT ---
	Number of tightened bounds: 385
	--- SoI-based local search ---
	Number of proposed phase pattern update: 0. Number of accepted update: 0 [0.00%]
	Total time (% of local search time) updating SoI phase pattern : 0 milli [0.00%]
	Total time obtaining current assignment: 0 milli [0.00%]
	Total time getting SoI phase pattern : 0 milli [0.00%]
	--- Context dependent statistics ---
	Number of pushes / pops: 0 / 0
		[0.00%] Pre-Push hook: 0 milli
		[0.00%] Push : 0 milli
		[0.00%] Post-Pop hook: 0 milli
		[0.00%] Pop : 0 milli
		[0.00%] Total context-switching time: 0 milli
	--- Proof Certificate ---
	Number of certified leaves: 0
	Number of leaves to delegate: 0

---

00:01:07 Statistics update:
	--- Time Statistics ---
	Total time elapsed: 19913 milli (00:00:19)
		Main loop: 19461 milli (00:00:19)
		Preprocessing time: 178 milli (00:00:00)
		Unknown: 273 milli (00:00:00)
	Breakdown for main loop:
		[68.25%] Simplex steps: 13283 milli
		[22.66%] Explicit-basis bound tightening: 4409 milli
		[0.00%] Constraint-matrix bound tightening: 0 milli
		[1.28%] Degradation checking: 249 milli
		[0.00%] Precision restoration: 0 milli
		[0.19%] Statistics handling: 37 milli
		[0.00%] Constraint-fixing steps: 0 milli
		[0.01%] Valid case splits: 1 milli. Average per split: 0.00 milli
		[0.00%] Applying stored bound-tightening: 0 milli
		[0.13%] SMT core: 25 milli
		[3.10%] Symbolic Bound Tightening: 603 milli
		[45.54%] SoI-based local search: 8862 milli
		[0.00%] SoI-based local search: 0 milli
		[4.38%] Unaccounted for: 851 milli
	--- Preprocessor Statistics ---
	Number of preprocessor bound-tightening loop iterations: 3
	Number of eliminated variables: 93
	Number of constraints removed due to variable elimination: 93
	Number of equations removed due to variable elimination: 0
	--- Engine Statistics ---
	Number of main loop iterations: 10000
		9871 iterations were simplex steps. Total time: 13283 milli. Average: 1.35 milli.
		0 iterations were constraint-fixing steps. Total time: 0 milli. Average: 0.00 milli
	Number of active piecewise-linear constraints: 111 / 163
		Constraints disabled by valid splits: 0. By SMT-originated splits: 52
	Last reported degradation: 0.0000000000. Max degradation so far: 0.0000286618. Restorations so far: 0
	Number of simplex pivots we attempted to skip because of instability: 0.
	Unstable pivots performed anyway: 0
	--- Tableau Statistics ---
	Total number of pivots performed: 9140
		Real pivots: 9136. Degenerate: 4 (0.04%)
		Degenerate pivots by request (e.g., to fix a PL constraint): 0 (0.00%)
		Average time per pivot: 0.22 milli
	Total number of fake pivots performed: 122
	Total number of rows added: 0. Number of merged columns: 0
	Current tableau dimensions: M = 705, N = 2085
	--- SMT Core Statistics ---
	Total depth is 52. Total visited states: 73. Number of splits: 61. Number of pops: 11
	Max stack depth: 60
	--- Bound Tightening Statistics ---
	Number of tightened bounds: 13242.
		Number of rows examined by row tightener: 9140. Consequent tightenings: 48
		Number of explicit basis matrices examined by row tightener: 21. Consequent tightenings: 538
		Number of bound tightening rounds on the entire constraint matrix: 0. Consequent tightenings: 0
		Number of bound notifications sent to PL constraints: 2284. Tightenings proposed: 0
	--- Basis Factorization statistics ---
	Number of basis refactorizations: 85
	--- Projected Steepest Edge Statistics ---
	Number of iterations: 9262.
	Number of resets to reference space: 19. Avg. iterations per reset: 487
	--- SBT ---
	Number of tightened bounds: 13627
	--- SoI-based local search ---
	Number of proposed phase pattern update: 239. Number of accepted update: 178 [74.48%]
	Total time (% of local search time) updating SoI phase pattern : 22402 milli [0.25%]
	Total time obtaining current assignment: 66320 milli [0.75%]
	Total time getting SoI phase pattern : 12848 milli [0.07%]
	--- Context dependent statistics ---
	Number of pushes / pops: 72 / 20
		[0.04%] Pre-Push hook: 7 milli
		[0.00%] Push : 0 milli
		[0.00%] Post-Pop hook: 0 milli
		[0.00%] Pop : 0 milli
		[0.05%] Total context-switching time: 9 milli
	--- Proof Certificate ---
	Number of certified leaves: 0
	Number of leaves to delegate: 0
MalformedBasisException caught!
Performing precision restoration. Degradation before: 0.004416608337546. After: 0.000000000000178

00:01:38 Statistics update:
	--- Time Statistics ---
	Total time elapsed: 51129 milli (00:00:51)
		Main loop: 50675 milli (00:00:50)
		Preprocessing time: 178 milli (00:00:00)
		Unknown: 276 milli (00:00:00)
	Breakdown for main loop:
		[53.02%] Simplex steps: 26869 milli
		[38.66%] Explicit-basis bound tightening: 19593 milli
		[0.00%] Constraint-matrix bound tightening: 0 milli
		[0.98%] Degradation checking: 495 milli
		[0.66%] Precision restoration: 335 milli
		[0.15%] Statistics handling: 76 milli
		[0.00%] Constraint-fixing steps: 0 milli
		[0.01%] Valid case splits: 3 milli. Average per split: 0.00 milli
		[0.00%] Applying stored bound-tightening: 1 milli
		[0.19%] SMT core: 96 milli
		[2.41%] Symbolic Bound Tightening: 1223 milli
		[28.07%] SoI-based local search: 14225 milli
		[0.00%] SoI-based local search: 0 milli
		[3.91%] Unaccounted for: 1980 milli
	--- Preprocessor Statistics ---
	Number of preprocessor bound-tightening loop iterations: 3
	Number of eliminated variables: 93
	Number of constraints removed due to variable elimination: 93
	Number of equations removed due to variable elimination: 0
	--- Engine Statistics ---
	Number of main loop iterations: 20000
		19772 iterations were simplex steps. Total time: 26869 milli. Average: 1.36 milli.
		0 iterations were constraint-fixing steps. Total time: 0 milli. Average: 0.00 milli
	Number of active piecewise-linear constraints: 123 / 163
		Constraints disabled by valid splits: 0. By SMT-originated splits: 40
	Last reported degradation: 0.0000000000. Max degradation so far: 0.0005946538. Restorations so far: 1
	Number of simplex pivots we attempted to skip because of instability: 0.
	Unstable pivots performed anyway: 0
	--- Tableau Statistics ---
	Total number of pivots performed: 18445
		Real pivots: 18428. Degenerate: 17 (0.09%)
		Degenerate pivots by request (e.g., to fix a PL constraint): 0 (0.00%)
		Average time per pivot: 0.23 milli
	Total number of fake pivots performed: 291
	Total number of rows added: 0. Number of merged columns: 0
	Current tableau dimensions: M = 705, N = 2085
	--- SMT Core Statistics ---
	Total depth is 40. Total visited states: 150. Number of splits: 94. Number of pops: 55
	Max stack depth: 60
	--- Bound Tightening Statistics ---
	Number of tightened bounds: 26626.
		Number of rows examined by row tightener: 18445. Consequent tightenings: 152
		Number of explicit basis matrices examined by row tightener: 83. Consequent tightenings: 1041
		Number of bound tightening rounds on the entire constraint matrix: 0. Consequent tightenings: 0
		Number of bound notifications sent to PL constraints: 2849. Tightenings proposed: 0
	--- Basis Factorization statistics ---
	Number of basis refactorizations: 171
	--- Projected Steepest Edge Statistics ---
	Number of iterations: 18736.
	Number of resets to reference space: 73. Avg. iterations per reset: 256
	--- SBT ---
	Number of tightened bounds: 27011
	--- SoI-based local search ---
	Number of proposed phase pattern update: 404. Number of accepted update: 310 [76.73%]
	Total time (% of local search time) updating SoI phase pattern : 35842 milli [0.25%]
	Total time obtaining current assignment: 111527 milli [0.78%]
	Total time getting SoI phase pattern : 20419 milli [0.04%]
	--- Context dependent statistics ---
	Number of pushes / pops: 149 / 109
		[0.02%] Pre-Push hook: 10 milli
		[0.00%] Push : 0 milli
		[0.01%] Post-Pop hook: 4 milli
		[0.01%] Pop : 5 milli
		[0.04%] Total context-switching time: 21 milli
	--- Proof Certificate ---
	Number of certified leaves: 0
	Number of leaves to delegate: 0

00:02:07 Statistics update:
	--- Time Statistics ---
	Total time elapsed: 79715 milli (00:01:19)
		Main loop: 79259 milli (00:01:19)
		Preprocessing time: 178 milli (00:00:00)
		Unknown: 278 milli (00:00:00)
	Breakdown for main loop:
		[51.59%] Simplex steps: 40893 milli
		[39.26%] Explicit-basis bound tightening: 31119 milli
		[0.00%] Constraint-matrix bound tightening: 0 milli
		[0.94%] Degradation checking: 741 milli
		[0.42%] Precision restoration: 335 milli
		[0.14%] Statistics handling: 114 milli
		[0.00%] Constraint-fixing steps: 0 milli
		[0.01%] Valid case splits: 4 milli. Average per split: 0.00 milli
		[0.00%] Applying stored bound-tightening: 1 milli
		[0.21%] SMT core: 167 milli
		[2.47%] Symbolic Bound Tightening: 1960 milli
		[27.56%] SoI-based local search: 21846 milli
		[0.00%] SoI-based local search: 0 milli
		[4.94%] Unaccounted for: 3918 milli
	--- Preprocessor Statistics ---
	Number of preprocessor bound-tightening loop iterations: 3
	Number of eliminated variables: 93
	Number of constraints removed due to variable elimination: 93
	Number of equations removed due to variable elimination: 0
	--- Engine Statistics ---
	Number of main loop iterations: 30000
		29648 iterations were simplex steps. Total time: 40893 milli. Average: 1.38 milli.
		0 iterations were constraint-fixing steps. Total time: 0 milli. Average: 0.00 milli
	Number of active piecewise-linear constraints: 126 / 163
		Constraints disabled by valid splits: 0. By SMT-originated splits: 37
	Last reported degradation: 0.0000000000. Max degradation so far: 0.0162699185. Restorations so far: 1
	Number of simplex pivots we attempted to skip because of instability: 0.
	Unstable pivots performed anyway: 0
	--- Tableau Statistics ---
	Total number of pivots performed: 27531
		Real pivots: 27504. Degenerate: 27 (0.10%)
		Degenerate pivots by request (e.g., to fix a PL constraint): 0 (0.00%)
		Average time per pivot: 0.24 milli
	Total number of fake pivots performed: 456
	Total number of rows added: 0. Number of merged columns: 0
	Current tableau dimensions: M = 705, N = 2085
	--- SMT Core Statistics ---
	Total depth is 37. Total visited states: 242. Number of splits: 138. Number of pops: 103
	Max stack depth: 60
	--- Bound Tightening Statistics ---
	Number of tightened bounds: 41207.
		Number of rows examined by row tightener: 27531. Consequent tightenings: 332
		Number of explicit basis matrices examined by row tightener: 133. Consequent tightenings: 1330
		Number of bound tightening rounds on the entire constraint matrix: 0. Consequent tightenings: 0
		Number of bound notifications sent to PL constraints: 3387. Tightenings proposed: 0
	--- Basis Factorization statistics ---
	Number of basis refactorizations: 255
	--- Projected Steepest Edge Statistics ---
	Number of iterations: 27987.
	Number of resets to reference space: 125. Avg. iterations per reset: 223
	--- SBT ---
	Number of tightened bounds: 41592
	--- SoI-based local search ---
	Number of proposed phase pattern update: 663. Number of accepted update: 525 [79.19%]
	Total time (% of local search time) updating SoI phase pattern : 52778 milli [0.24%]
	Total time obtaining current assignment: 179142 milli [0.82%]
	Total time getting SoI phase pattern : 32406 milli [0.04%]
	--- Context dependent statistics ---
	Number of pushes / pops: 241 / 204
		[0.02%] Pre-Push hook: 14 milli
		[0.00%] Push : 0 milli
		[0.01%] Post-Pop hook: 9 milli
		[0.01%] Pop : 8 milli
		[0.04%] Total context-switching time: 32 milli
	--- Proof Certificate ---
	Number of certified leaves: 0
	Number of leaves to delegate: 0

00:02:31 Statistics update:
	--- Time Statistics ---
	Total time elapsed: 103612 milli (00:01:43)
		Main loop: 102957 milli (00:01:42)
		Preprocessing time: 178 milli (00:00:00)
		Unknown: 476 milli (00:00:00)
	Breakdown for main loop:
		[53.82%] Simplex steps: 55416 milli
		[37.79%] Explicit-basis bound tightening: 38908 milli
		[0.00%] Constraint-matrix bound tightening: 0 milli
		[0.96%] Degradation checking: 988 milli
		[0.33%] Precision restoration: 335 milli
		[0.15%] Statistics handling: 151 milli
		[0.00%] Constraint-fixing steps: 0 milli
		[0.01%] Valid case splits: 6 milli. Average per split: 0.00 milli
		[0.00%] Applying stored bound-tightening: 2 milli
		[0.21%] SMT core: 215 milli
		[2.47%] Symbolic Bound Tightening: 2541 milli
		[30.32%] SoI-based local search: 31219 milli
		[0.00%] SoI-based local search: 0 milli
		[4.27%] Unaccounted for: 4392 milli
	--- Preprocessor Statistics ---
	Number of preprocessor bound-tightening loop iterations: 3
	Number of eliminated variables: 93
	Number of constraints removed due to variable elimination: 93
	Number of equations removed due to variable elimination: 0
	--- Engine Statistics ---
	Number of main loop iterations: 40000
		39538 iterations were simplex steps. Total time: 55416 milli. Average: 1.40 milli.
		0 iterations were constraint-fixing steps. Total time: 0 milli. Average: 0.00 milli
	Number of active piecewise-linear constraints: 118 / 163
		Constraints disabled by valid splits: 0. By SMT-originated splits: 45
	Last reported degradation: 0.0000000000. Max degradation so far: 0.0162699185. Restorations so far: 1
	Number of simplex pivots we attempted to skip because of instability: 0.
	Unstable pivots performed anyway: 0
	--- Tableau Statistics ---
	Total number of pivots performed: 36680
		Real pivots: 36649. Degenerate: 31 (0.08%)
		Degenerate pivots by request (e.g., to fix a PL constraint): 0 (0.00%)
		Average time per pivot: 0.24 milli
	Total number of fake pivots performed: 624
	Total number of rows added: 0. Number of merged columns: 0
	Current tableau dimensions: M = 705, N = 2085
	--- SMT Core Statistics ---
	Total depth is 45. Total visited states: 314. Number of splits: 178. Number of pops: 135
	Max stack depth: 60
	--- Bound Tightening Statistics ---
	Number of tightened bounds: 52834.
		Number of rows examined by row tightener: 36680. Consequent tightenings: 451
		Number of explicit basis matrices examined by row tightener: 164. Consequent tightenings: 1498
		Number of bound tightening rounds on the entire constraint matrix: 0. Consequent tightenings: 0
		Number of bound notifications sent to PL constraints: 3733. Tightenings proposed: 0
	--- Basis Factorization statistics ---
	Number of basis refactorizations: 340
	--- Projected Steepest Edge Statistics ---
	Number of iterations: 37304.
	Number of resets to reference space: 162. Avg. iterations per reset: 230
	--- SBT ---
	Number of tightened bounds: 53219
	--- SoI-based local search ---
	Number of proposed phase pattern update: 904. Number of accepted update: 725 [80.20%]
	Total time (% of local search time) updating SoI phase pattern : 69736 milli [0.22%]
	Total time obtaining current assignment: 244183 milli [0.78%]
	Total time getting SoI phase pattern : 43475 milli [0.04%]
	--- Context dependent statistics ---
	Number of pushes / pops: 313 / 268
		[0.02%] Pre-Push hook: 17 milli
		[0.00%] Push : 0 milli
		[0.01%] Post-Pop hook: 11 milli
		[0.01%] Pop : 10 milli
		[0.04%] Total context-switching time: 39 milli
	--- Proof Certificate ---
	Number of certified leaves: 0
	Number of leaves to delegate: 0

00:03:02 Statistics update:
	--- Time Statistics ---
	Total time elapsed: 134334 milli (00:02:14)
		Main loop: 133570 milli (00:02:13)
		Preprocessing time: 178 milli (00:00:00)
		Unknown: 586 milli (00:00:00)
	Breakdown for main loop:
		[51.97%] Simplex steps: 69416 milli
		[39.99%] Explicit-basis bound tightening: 53419 milli
		[0.00%] Constraint-matrix bound tightening: 0 milli
		[0.92%] Degradation checking: 1227 milli
		[0.25%] Precision restoration: 335 milli
		[0.14%] Statistics handling: 188 milli
		[0.00%] Constraint-fixing steps: 0 milli
		[0.01%] Valid case splits: 8 milli. Average per split: 0.00 milli
		[0.00%] Applying stored bound-tightening: 2 milli
		[0.20%] SMT core: 264 milli
		[2.26%] Symbolic Bound Tightening: 3024 milli
		[27.78%] SoI-based local search: 37103 milli
		[0.00%] SoI-based local search: 0 milli
		[4.26%] Unaccounted for: 5683 milli
	--- Preprocessor Statistics ---
	Number of preprocessor bound-tightening loop iterations: 3
	Number of eliminated variables: 93
	Number of constraints removed due to variable elimination: 93
	Number of equations removed due to variable elimination: 0
	--- Engine Statistics ---
	Number of main loop iterations: 50000
		49460 iterations were simplex steps. Total time: 69416 milli. Average: 1.40 milli.
		0 iterations were constraint-fixing steps. Total time: 0 milli. Average: 0.00 milli
	Number of active piecewise-linear constraints: 125 / 163
		Constraints disabled by valid splits: 0. By SMT-originated splits: 38
	Last reported degradation: 0.0000000000. Max degradation so far: 0.0162699185. Restorations so far: 1
	Number of simplex pivots we attempted to skip because of instability: 0.
	Unstable pivots performed anyway: 0
	--- Tableau Statistics ---
	Total number of pivots performed: 46066
		Real pivots: 46030. Degenerate: 36 (0.08%)
		Degenerate pivots by request (e.g., to fix a PL constraint): 0 (0.00%)
		Average time per pivot: 0.24 milli
	Total number of fake pivots performed: 762
	Total number of rows added: 0. Number of merged columns: 0
	Current tableau dimensions: M = 705, N = 2085
	--- SMT Core Statistics ---
	Total depth is 38. Total visited states: 374. Number of splits: 205. Number of pops: 168
	Max stack depth: 60
	--- Bound Tightening Statistics ---
	Number of tightened bounds: 62484.
		Number of rows examined by row tightener: 46066. Consequent tightenings: 707
		Number of explicit basis matrices examined by row tightener: 223. Consequent tightenings: 2333
		Number of bound tightening rounds on the entire constraint matrix: 0. Consequent tightenings: 0
		Number of bound notifications sent to PL constraints: 4548. Tightenings proposed: 0
	--- Basis Factorization statistics ---
	Number of basis refactorizations: 427
	--- Projected Steepest Edge Statistics ---
	Number of iterations: 46828.
	Number of resets to reference space: 198. Avg. iterations per reset: 236
	--- SBT ---
	Number of tightened bounds: 62869
	--- SoI-based local search ---
	Number of proposed phase pattern update: 1063. Number of accepted update: 858 [80.71%]
	Total time (% of local search time) updating SoI phase pattern : 81074 milli [0.22%]
	Total time obtaining current assignment: 285974 milli [0.77%]
	Total time getting SoI phase pattern : 50947 milli [0.04%]
	--- Context dependent statistics ---
	Number of pushes / pops: 373 / 335
		[0.01%] Pre-Push hook: 19 milli
		[0.00%] Push : 0 milli
		[0.01%] Post-Pop hook: 14 milli
		[0.01%] Pop : 12 milli
		[0.03%] Total context-switching time: 46 milli
	--- Proof Certificate ---
	Number of certified leaves: 0
	Number of leaves to delegate: 0

00:03:27 Statistics update:
	--- Time Statistics ---
	Total time elapsed: 159987 milli (00:02:39)
		Main loop: 159524 milli (00:02:39)
		Preprocessing time: 178 milli (00:00:00)
		Unknown: 284 milli (00:00:00)
	Breakdown for main loop:
		[52.53%] Simplex steps: 83805 milli
		[39.38%] Explicit-basis bound tightening: 62818 milli
		[0.00%] Constraint-matrix bound tightening: 0 milli
		[0.92%] Degradation checking: 1466 milli
		[0.21%] Precision restoration: 335 milli
		[0.14%] Statistics handling: 223 milli
		[0.00%] Constraint-fixing steps: 0 milli
		[0.01%] Valid case splits: 9 milli. Average per split: 0.00 milli
		[0.00%] Applying stored bound-tightening: 3 milli
		[0.20%] SMT core: 317 milli
		[2.28%] Symbolic Bound Tightening: 3635 milli
		[28.69%] SoI-based local search: 45766 milli
		[0.00%] SoI-based local search: 0 milli
		[4.33%] Unaccounted for: 6910 milli
	--- Preprocessor Statistics ---
	Number of preprocessor bound-tightening loop iterations: 3
	Number of eliminated variables: 93
	Number of constraints removed due to variable elimination: 93
	Number of equations removed due to variable elimination: 0
	--- Engine Statistics ---
	Number of main loop iterations: 60000
		59348 iterations were simplex steps. Total time: 83805 milli. Average: 1.41 milli.
		0 iterations were constraint-fixing steps. Total time: 0 milli. Average: 0.00 milli
	Number of active piecewise-linear constraints: 115 / 163
		Constraints disabled by valid splits: 0. By SMT-originated splits: 48
	Last reported degradation: 0.0000000000. Max degradation so far: 0.0162699185. Restorations so far: 1
	Number of simplex pivots we attempted to skip because of instability: 0.
	Unstable pivots performed anyway: 0
	--- Tableau Statistics ---
	Total number of pivots performed: 55239
		Real pivots: 55197. Degenerate: 42 (0.08%)
		Degenerate pivots by request (e.g., to fix a PL constraint): 0 (0.00%)
		Average time per pivot: 0.24 milli
	Total number of fake pivots performed: 915
	Total number of rows added: 0. Number of merged columns: 0
	Current tableau dimensions: M = 705, N = 2085
	--- SMT Core Statistics ---
	Total depth is 48. Total visited states: 450. Number of splits: 247. Number of pops: 202
	Max stack depth: 60
	--- Bound Tightening Statistics ---
	Number of tightened bounds: 75019.
		Number of rows examined by row tightener: 55239. Consequent tightenings: 856
		Number of explicit basis matrices examined by row tightener: 261. Consequent tightenings: 3244
		Number of bound tightening rounds on the entire constraint matrix: 0. Consequent tightenings: 0
		Number of bound notifications sent to PL constraints: 5269. Tightenings proposed: 0
	--- Basis Factorization statistics ---
	Number of basis refactorizations: 513
	--- Projected Steepest Edge Statistics ---
	Number of iterations: 56154.
	Number of resets to reference space: 236. Avg. iterations per reset: 237
	--- SBT ---
	Number of tightened bounds: 75404
	--- SoI-based local search ---
	Number of proposed phase pattern update: 1295. Number of accepted update: 1048 [80.93%]
	Total time (% of local search time) updating SoI phase pattern : 97802 milli [0.21%]
	Total time obtaining current assignment: 350022 milli [0.76%]
	Total time getting SoI phase pattern : 61871 milli [0.04%]
	--- Context dependent statistics ---
	Number of pushes / pops: 449 / 401
		[0.01%] Pre-Push hook: 22 milli
		[0.00%] Push : 0 milli
		[0.01%] Post-Pop hook: 17 milli
		[0.01%] Pop : 14 milli
		[0.03%] Total context-switching time: 54 milli
	--- Proof Certificate ---
	Number of certified leaves: 0
	Number of leaves to delegate: 0
High degradation found!
Performing precision restoration. Degradation before: 0.364782847690995. After: 0.000000000002732

00:04:06 Statistics update:
	--- Time Statistics ---
	Total time elapsed: 198370 milli (00:03:18)
		Main loop: 197897 milli (00:03:17)
		Preprocessing time: 178 milli (00:00:00)
		Unknown: 294 milli (00:00:00)
	Breakdown for main loop:
		[49.89%] Simplex steps: 98730 milli
		[42.11%] Explicit-basis bound tightening: 83333 milli
		[0.00%] Constraint-matrix bound tightening: 0 milli
		[0.86%] Degradation checking: 1703 milli
		[0.28%] Precision restoration: 555 milli
		[0.13%] Statistics handling: 260 milli
		[0.00%] Constraint-fixing steps: 0 milli
		[0.01%] Valid case splits: 12 milli. Average per split: 0.00 milli
		[0.00%] Applying stored bound-tightening: 3 milli
		[0.19%] SMT core: 377 milli
		[2.13%] Symbolic Bound Tightening: 4208 milli
		[25.20%] SoI-based local search: 49875 milli
		[0.00%] SoI-based local search: 0 milli
		[4.40%] Unaccounted for: 8713 milli
	--- Preprocessor Statistics ---
	Number of preprocessor bound-tightening loop iterations: 3
	Number of eliminated variables: 93
	Number of constraints removed due to variable elimination: 93
	Number of equations removed due to variable elimination: 0
	--- Engine Statistics ---
	Number of main loop iterations: 70000
		69260 iterations were simplex steps. Total time: 98730 milli. Average: 1.43 milli.
		0 iterations were constraint-fixing steps. Total time: 0 milli. Average: 0.00 milli
	Number of active piecewise-linear constraints: 122 / 163
		Constraints disabled by valid splits: 0. By SMT-originated splits: 41
	Last reported degradation: 0.0000000000. Max degradation so far: 0.3647828477. Restorations so far: 2
	Number of simplex pivots we attempted to skip because of instability: 0.
	Unstable pivots performed anyway: 0
	--- Tableau Statistics ---
	Total number of pivots performed: 64529
		Real pivots: 64478. Degenerate: 51 (0.08%)
		Degenerate pivots by request (e.g., to fix a PL constraint): 0 (0.00%)
		Average time per pivot: 0.25 milli
	Total number of fake pivots performed: 1105
	Total number of rows added: 0. Number of merged columns: 0
	Current tableau dimensions: M = 705, N = 2085
	--- SMT Core Statistics ---
	Total depth is 41. Total visited states: 519. Number of splits: 279. Number of pops: 239
	Max stack depth: 60
	--- Bound Tightening Statistics ---
	Number of tightened bounds: 86873.
		Number of rows examined by row tightener: 64529. Consequent tightenings: 1790
		Number of explicit basis matrices examined by row tightener: 337. Consequent tightenings: 4955
		Number of bound tightening rounds on the entire constraint matrix: 0. Consequent tightenings: 0
		Number of bound notifications sent to PL constraints: 7582. Tightenings proposed: 0
	--- Basis Factorization statistics ---
	Number of basis refactorizations: 599
	--- Projected Steepest Edge Statistics ---
	Number of iterations: 65634.
	Number of resets to reference space: 279. Avg. iterations per reset: 235
	--- SBT ---
	Number of tightened bounds: 87258
	--- SoI-based local search ---
	Number of proposed phase pattern update: 1463. Number of accepted update: 1184 [80.93%]
	Total time (% of local search time) updating SoI phase pattern : 110765 milli [0.22%]
	Total time obtaining current assignment: 394153 milli [0.79%]
	Total time getting SoI phase pattern : 70104 milli [0.04%]
	--- Context dependent statistics ---
	Number of pushes / pops: 518 / 477
		[0.01%] Pre-Push hook: 25 milli
		[0.00%] Push : 0 milli
		[0.01%] Post-Pop hook: 19 milli
		[0.01%] Pop : 19 milli
		[0.03%] Total context-switching time: 64 milli
	--- Proof Certificate ---
	Number of certified leaves: 0
	Number of leaves to delegate: 0

00:04:38 Statistics update:
	--- Time Statistics ---
	Total time elapsed: 231219 milli (00:03:51)
		Main loop: 230746 milli (00:03:50)
		Preprocessing time: 178 milli (00:00:00)
		Unknown: 294 milli (00:00:00)
	Breakdown for main loop:
		[49.46%] Simplex steps: 114120 milli
		[42.23%] Explicit-basis bound tightening: 97446 milli
		[0.00%] Constraint-matrix bound tightening: 0 milli
		[0.84%] Degradation checking: 1941 milli
		[0.24%] Precision restoration: 555 milli
		[0.13%] Statistics handling: 295 milli
		[0.00%] Constraint-fixing steps: 0 milli
		[0.01%] Valid case splits: 14 milli. Average per split: 0.00 milli
		[0.00%] Applying stored bound-tightening: 3 milli
		[0.19%] SMT core: 430 milli
		[2.05%] Symbolic Bound Tightening: 4735 milli
		[24.67%] SoI-based local search: 56929 milli
		[0.00%] SoI-based local search: 0 milli
		[4.86%] Unaccounted for: 11203 milli
	--- Preprocessor Statistics ---
	Number of preprocessor bound-tightening loop iterations: 3
	Number of eliminated variables: 93
	Number of constraints removed due to variable elimination: 93
	Number of equations removed due to variable elimination: 0
	--- Engine Statistics ---
	Number of main loop iterations: 80000
		79178 iterations were simplex steps. Total time: 114120 milli. Average: 1.44 milli.
		0 iterations were constraint-fixing steps. Total time: 0 milli. Average: 0.00 milli
	Number of active piecewise-linear constraints: 126 / 163
		Constraints disabled by valid splits: 0. By SMT-originated splits: 37
	Last reported degradation: 0.0000000000. Max degradation so far: 0.3647828477. Restorations so far: 2
	Number of simplex pivots we attempted to skip because of instability: 0.
	Unstable pivots performed anyway: 0
	--- Tableau Statistics ---
	Total number of pivots performed: 73732
		Real pivots: 73670. Degenerate: 62 (0.08%)
		Degenerate pivots by request (e.g., to fix a PL constraint): 0 (0.00%)
		Average time per pivot: 0.25 milli
	Total number of fake pivots performed: 1345
	Total number of rows added: 0. Number of merged columns: 0
	Current tableau dimensions: M = 705, N = 2085
	--- SMT Core Statistics ---
	Total depth is 37. Total visited states: 585. Number of splits: 310. Number of pops: 274
	Max stack depth: 60
	--- Bound Tightening Statistics ---
	Number of tightened bounds: 97797.
		Number of rows examined by row tightener: 73732. Consequent tightenings: 2094
		Number of explicit basis matrices examined by row tightener: 392. Consequent tightenings: 5951
		Number of bound tightening rounds on the entire constraint matrix: 0. Consequent tightenings: 0
		Number of bound notifications sent to PL constraints: 8760. Tightenings proposed: 0
	--- Basis Factorization statistics ---
	Number of basis refactorizations: 683
	--- Projected Steepest Edge Statistics ---
	Number of iterations: 75077.
	Number of resets to reference space: 318. Avg. iterations per reset: 236
	--- SBT ---
	Number of tightened bounds: 98182
	--- SoI-based local search ---
	Number of proposed phase pattern update: 1652. Number of accepted update: 1342 [81.23%]
	Total time (% of local search time) updating SoI phase pattern : 123556 milli [0.22%]
	Total time obtaining current assignment: 443898 milli [0.78%]
	Total time getting SoI phase pattern : 79296 milli [0.03%]
	--- Context dependent statistics ---
	Number of pushes / pops: 584 / 547
		[0.01%] Pre-Push hook: 28 milli
		[0.00%] Push : 0 milli
		[0.01%] Post-Pop hook: 22 milli
		[0.01%] Pop : 22 milli
		[0.03%] Total context-switching time: 73 milli
	--- Proof Certificate ---
	Number of certified leaves: 0
	Number of leaves to delegate: 0

00:05:06 Statistics update:
	--- Time Statistics ---
	Total time elapsed: 259086 milli (00:04:19)
		Main loop: 257872 milli (00:04:17)
		Preprocessing time: 178 milli (00:00:00)
		Unknown: 1035 milli (00:00:01)
	Breakdown for main loop:
		[50.30%] Simplex steps: 129714 milli
		[41.75%] Explicit-basis bound tightening: 107654 milli
		[0.00%] Constraint-matrix bound tightening: 0 milli
		[0.85%] Degradation checking: 2179 milli
		[0.22%] Precision restoration: 555 milli
		[0.13%] Statistics handling: 325 milli
		[0.00%] Constraint-fixing steps: 0 milli
		[0.01%] Valid case splits: 15 milli. Average per split: 0.00 milli
		[0.00%] Applying stored bound-tightening: 4 milli
		[0.19%] SMT core: 496 milli
		[2.11%] Symbolic Bound Tightening: 5431 milli
		[25.58%] SoI-based local search: 65954 milli
		[0.00%] SoI-based local search: 0 milli
		[4.46%] Unaccounted for: 11495 milli
	--- Preprocessor Statistics ---
	Number of preprocessor bound-tightening loop iterations: 3
	Number of eliminated variables: 93
	Number of constraints removed due to variable elimination: 93
	Number of equations removed due to variable elimination: 0
	--- Engine Statistics ---
	Number of main loop iterations: 90000
		89053 iterations were simplex steps. Total time: 129714 milli. Average: 1.46 milli.
		0 iterations were constraint-fixing steps. Total time: 0 milli. Average: 0.00 milli
	Number of active piecewise-linear constraints: 127 / 163
		Constraints disabled by valid splits: 0. By SMT-originated splits: 36
	Last reported degradation: 0.0000000249. Max degradation so far: 0.3647828477. Restorations so far: 2
	Number of simplex pivots we attempted to skip because of instability: 0.
	Unstable pivots performed anyway: 0
	--- Tableau Statistics ---
	Total number of pivots performed: 82826
		Real pivots: 82752. Degenerate: 74 (0.09%)
		Degenerate pivots by request (e.g., to fix a PL constraint): 0 (0.00%)
		Average time per pivot: 0.25 milli
	Total number of fake pivots performed: 1552
	Total number of rows added: 0. Number of merged columns: 0
	Current tableau dimensions: M = 705, N = 2085
	--- SMT Core Statistics ---
	Total depth is 36. Total visited states: 673. Number of splits: 353. Number of pops: 319
	Max stack depth: 60
	--- Bound Tightening Statistics ---
	Number of tightened bounds: 112276.
		Number of rows examined by row tightener: 82826. Consequent tightenings: 2193
		Number of explicit basis matrices examined by row tightener: 429. Consequent tightenings: 6174
		Number of bound tightening rounds on the entire constraint matrix: 0. Consequent tightenings: 0
		Number of bound notifications sent to PL constraints: 9180. Tightenings proposed: 0
	--- Basis Factorization statistics ---
	Number of basis refactorizations: 766
	--- Projected Steepest Edge Statistics ---
	Number of iterations: 84378.
	Number of resets to reference space: 372. Avg. iterations per reset: 226
	--- SBT ---
	Number of tightened bounds: 112661
	--- SoI-based local search ---
	Number of proposed phase pattern update: 1888. Number of accepted update: 1535 [81.30%]
	Total time (% of local search time) updating SoI phase pattern : 140442 milli [0.21%]
	Total time obtaining current assignment: 507543 milli [0.77%]
	Total time getting SoI phase pattern : 90417 milli [0.04%]
	--- Context dependent statistics ---
	Number of pushes / pops: 672 / 636
		[0.01%] Pre-Push hook: 31 milli
		[0.00%] Push : 0 milli
		[0.01%] Post-Pop hook: 26 milli
		[0.01%] Pop : 24 milli
		[0.03%] Total context-switching time: 82 milli
	--- Proof Certificate ---
	Number of certified leaves: 0
	Number of leaves to delegate: 0

00:05:36 Statistics update:
	--- Time Statistics ---
	Total time elapsed: 289155 milli (00:04:49)
		Main loop: 288682 milli (00:04:48)
		Preprocessing time: 178 milli (00:00:00)
		Unknown: 294 milli (00:00:00)
	Breakdown for main loop:
		[50.09%] Simplex steps: 144614 milli
		[41.85%] Explicit-basis bound tightening: 120817 milli
		[0.00%] Constraint-matrix bound tightening: 0 milli
		[0.84%] Degradation checking: 2414 milli
		[0.19%] Precision restoration: 555 milli
		[0.12%] Statistics handling: 347 milli
		[0.00%] Constraint-fixing steps: 0 milli
		[0.01%] Valid case splits: 17 milli. Average per split: 0.00 milli
		[0.00%] Applying stored bound-tightening: 5 milli
		[0.19%] SMT core: 546 milli
		[2.10%] Symbolic Bound Tightening: 6074 milli
		[25.48%] SoI-based local search: 73558 milli
		[0.00%] SoI-based local search: 0 milli
		[4.60%] Unaccounted for: 13289 milli
	--- Preprocessor Statistics ---
	Number of preprocessor bound-tightening loop iterations: 3
	Number of eliminated variables: 93
	Number of constraints removed due to variable elimination: 93
	Number of equations removed due to variable elimination: 0
	--- Engine Statistics ---
	Number of main loop iterations: 100000
		98941 iterations were simplex steps. Total time: 144614 milli. Average: 1.46 milli.
		0 iterations were constraint-fixing steps. Total time: 0 milli. Average: 0.00 milli
	Number of active piecewise-linear constraints: 99 / 163
		Constraints disabled by valid splits: 12. By SMT-originated splits: 52
	Last reported degradation: 0.0000000000. Max degradation so far: 0.3647828477. Restorations so far: 2
	Number of simplex pivots we attempted to skip because of instability: 0.
	Unstable pivots performed anyway: 0
	--- Tableau Statistics ---
	Total number of pivots performed: 91684
		Real pivots: 91605. Degenerate: 79 (0.09%)
		Degenerate pivots by request (e.g., to fix a PL constraint): 0 (0.00%)
		Average time per pivot: 0.24 milli
	Total number of fake pivots performed: 1832
	Total number of rows added: 0. Number of merged columns: 0
	Current tableau dimensions: M = 705, N = 2085
	--- SMT Core Statistics ---
	Total depth is 52. Total visited states: 753. Number of splits: 401. Number of pops: 351
	Max stack depth: 60
	--- Bound Tightening Statistics ---
	Number of tightened bounds: 125521.
		Number of rows examined by row tightener: 91684. Consequent tightenings: 2495
		Number of explicit basis matrices examined by row tightener: 476. Consequent tightenings: 7921
		Number of bound tightening rounds on the entire constraint matrix: 0. Consequent tightenings: 0
		Number of bound notifications sent to PL constraints: 10713. Tightenings proposed: 0
	--- Basis Factorization statistics ---
	Number of basis refactorizations: 846
	--- Projected Steepest Edge Statistics ---
	Number of iterations: 93516.
	Number of resets to reference space: 407. Avg. iterations per reset: 229
	--- SBT ---
	Number of tightened bounds: 125906
	--- SoI-based local search ---
	Number of proposed phase pattern update: 2198. Number of accepted update: 1797 [81.76%]
	Total time (% of local search time) updating SoI phase pattern : 158858 milli [0.22%]
	Total time obtaining current assignment: 587168 milli [0.80%]
	Total time getting SoI phase pattern : 104670 milli [0.04%]
	--- Context dependent statistics ---
	Number of pushes / pops: 752 / 700
		[0.01%] Pre-Push hook: 35 milli
		[0.00%] Push : 0 milli
		[0.01%] Post-Pop hook: 28 milli
		[0.01%] Pop : 26 milli
		[0.03%] Total context-switching time: 90 milli
	--- Proof Certificate ---
	Number of certified leaves: 0
	Number of leaves to delegate: 0


Engine: quitting due to timeout...

Final statistics:

00:05:48 Statistics update:
	--- Time Statistics ---
	Total time elapsed: 301177 milli (00:05:01)
		Main loop: 300703 milli (00:05:00)
		Preprocessing time: 178 milli (00:00:00)
		Unknown: 296 milli (00:00:00)
	Breakdown for main loop:
		[49.64%] Simplex steps: 149266 milli
		[42.32%] Explicit-basis bound tightening: 127255 milli
		[0.00%] Constraint-matrix bound tightening: 0 milli
		[0.83%] Degradation checking: 2494 milli
		[0.18%] Precision restoration: 555 milli
		[0.12%] Statistics handling: 355 milli
		[0.00%] Constraint-fixing steps: 0 milli
		[0.01%] Valid case splits: 18 milli. Average per split: 0.00 milli
		[0.00%] Applying stored bound-tightening: 5 milli
		[0.19%] SMT core: 569 milli
		[2.09%] Symbolic Bound Tightening: 6274 milli
		[24.98%] SoI-based local search: 75129 milli
		[0.00%] SoI-based local search: 0 milli
		[4.62%] Unaccounted for: 13906 milli
	--- Preprocessor Statistics ---
	Number of preprocessor bound-tightening loop iterations: 3
	Number of eliminated variables: 93
	Number of constraints removed due to variable elimination: 93
	Number of equations removed due to variable elimination: 0
	--- Engine Statistics ---
	Number of main loop iterations: 103306
		102219 iterations were simplex steps. Total time: 149266 milli. Average: 1.46 milli.
		0 iterations were constraint-fixing steps. Total time: 0 milli. Average: 0.00 milli
	Number of active piecewise-linear constraints: 114 / 163
		Constraints disabled by valid splits: 1. By SMT-originated splits: 48
	Last reported degradation: 0.0000000000. Max degradation so far: 0.3647828477. Restorations so far: 2
	Number of simplex pivots we attempted to skip because of instability: 0.
	Unstable pivots performed anyway: 0
	--- Tableau Statistics ---
	Total number of pivots performed: 94637
		Real pivots: 94555. Degenerate: 82 (0.09%)
		Degenerate pivots by request (e.g., to fix a PL constraint): 0 (0.00%)
		Average time per pivot: 0.24 milli
	Total number of fake pivots performed: 1957
	Total number of rows added: 0. Number of merged columns: 0
	Current tableau dimensions: M = 705, N = 2085
	--- SMT Core Statistics ---
	Total depth is 47. Total visited states: 779. Number of splits: 411. Number of pops: 367
	Max stack depth: 60
	--- Bound Tightening Statistics ---
	Number of tightened bounds: 129584.
		Number of rows examined by row tightener: 94637. Consequent tightenings: 3865
		Number of explicit basis matrices examined by row tightener: 500. Consequent tightenings: 8810
		Number of bound tightening rounds on the entire constraint matrix: 0. Consequent tightenings: 0
		Number of bound notifications sent to PL constraints: 12448. Tightenings proposed: 0
	--- Basis Factorization statistics ---
	Number of basis refactorizations: 873
	--- Projected Steepest Edge Statistics ---
	Number of iterations: 96594.
	Number of resets to reference space: 423. Avg. iterations per reset: 228
	--- SBT ---
	Number of tightened bounds: 129969
	--- SoI-based local search ---
	Number of proposed phase pattern update: 2276. Number of accepted update: 1865 [81.94%]
	Total time (% of local search time) updating SoI phase pattern : 163774 milli [0.22%]
	Total time obtaining current assignment: 605937 milli [0.81%]
	Total time getting SoI phase pattern : 108055 milli [0.04%]
	--- Context dependent statistics ---
	Number of pushes / pops: 778 / 731
		[0.01%] Pre-Push hook: 35 milli
		[0.00%] Push : 0 milli
		[0.01%] Post-Pop hook: 29 milli
		[0.01%] Pop : 27 milli
		[0.03%] Total context-switching time: 92 milli
	--- Proof Certificate ---
	Number of certified leaves: 0
	Number of leaves to delegate: 0
Timeout
