InputQuery: /home/levn/Workspace/othello_world/queries/probe_robust/group_1/game_33_target_31_eps_0.1.txt
Engine::processInputQuery: Input query (before preprocessing): 449 equations, 1216 variables
Engine::processInputQuery: Input query (after preprocessing): 705 equations, 1384 variables

Input bounds:
	x0: [ -2.0538,  -1.8538] 
	x1: [ -1.4434,  -1.2434] 
	x2: [ -0.5172,  -0.3172] 
	x3: [  1.8806,   2.0806] 
	x4: [ -1.4693,  -1.2693] 
	x5: [ -0.3835,  -0.1835] 
	x6: [  0.4015,   0.6015] 
	x7: [  0.0779,   0.2779] 
	x8: [ -2.2277,  -2.0277] 
	x9: [  0.1292,   0.3292] 
	x10: [  0.7450,   0.9450] 
	x11: [ -1.6009,  -1.4009] 
	x12: [ -1.1965,  -0.9965] 
	x13: [ -2.8721,  -2.6721] 
	x14: [  1.1146,   1.3146] 
	x15: [ -0.7175,  -0.5175] 
	x16: [  0.7933,   0.9933] 
	x17: [ -1.4923,  -1.2923] 
	x18: [ -0.6082,  -0.4082] 
	x19: [  3.6532,   3.8532] 
	x20: [ -0.7463,  -0.5463] 
	x21: [ -1.4961,  -1.2961] 
	x22: [  0.6127,   0.8127] 
	x23: [ -0.5219,  -0.3219] 
	x24: [  2.6484,   2.8484] 
	x25: [ -2.3356,  -2.1356] 
	x26: [ -0.3488,  -0.1488] 
	x27: [ -2.1408,  -1.9408] 
	x28: [  0.1884,   0.3884] 
	x29: [ -1.6366,  -1.4366] 
	x30: [  0.6504,   0.8504] 
	x31: [ -2.3924,  -2.1924] 
	x32: [ -2.5006,  -2.3006] 
	x33: [ -1.0316,  -0.8316] 
	x34: [ -2.3511,  -2.1511] 
	x35: [  0.1594,   0.3594] 
	x36: [  0.0198,   0.2198] 
	x37: [ -1.1533,  -0.9533] 
	x38: [ -2.6220,  -2.4220] 
	x39: [  0.3313,   0.5313] 
	x40: [  2.2826,   2.4826] 
	x41: [ -1.8407,  -1.6407] 
	x42: [  2.9299,   3.1299] 
	x43: [ -0.4679,  -0.2679] 
	x44: [  0.2834,   0.4834] 
	x45: [ -1.7866,  -1.5866] 
	x46: [  0.0431,   0.2431] 
	x47: [ -0.3654,  -0.1654] 
	x48: [  1.3041,   1.5041] 
	x49: [ -1.1423,  -0.9423] 
	x50: [ -1.3886,  -1.1886] 
	x51: [ -1.0300,  -0.8300] 
	x52: [ -0.8744,  -0.6744] 
	x53: [ -0.1304,   0.0696] 
	x54: [ -0.2766,  -0.0766] 
	x55: [  0.8248,   1.0248] 
	x56: [  0.4926,   0.6926] 
	x57: [ -0.2396,  -0.0396] 
	x58: [  0.6395,   0.8395] 
	x59: [  0.5317,   0.7317] 
	x60: [ -2.1398,  -1.9398] 
	x61: [  0.6583,   0.8583] 
	x62: [  0.7885,   0.9885] 
	x63: [ -0.4485,  -0.2485] 
	x64: [ -0.1217,   0.0783] 
	x65: [  0.5612,   0.7612] 
	x66: [  0.8746,   1.0746] 
	x67: [  0.0164,   0.2164] 
	x68: [  1.2967,   1.4967] 
	x69: [ -0.0228,   0.1772] 
	x70: [ -0.6185,  -0.4185] 
	x71: [ -0.9756,  -0.7756] 
	x72: [ -4.4470,  -4.2470] 
	x73: [ -2.1827,  -1.9827] 
	x74: [  0.1791,   0.3791] 
	x75: [  1.9620,   2.1620] 
	x76: [ -0.2753,  -0.0753] 
	x77: [ -0.6776,  -0.4776] 
	x78: [  0.1993,   0.3993] 
	x79: [ -0.9235,  -0.7235] 
	x80: [  0.0750,   0.2750] 
	x81: [  0.0105,   0.2105] 
	x82: [  1.0878,   1.2878] 
	x83: [ -0.6876,  -0.4876] 
	x84: [  0.4158,   0.6158] 
	x85: [ -1.5472,  -1.3472] 
	x86: [  1.0018,   1.2018] 
	x87: [ -1.0029,  -0.8029] 
	x88: [ -1.3860,  -1.1860] 
	x89: [ -1.1187,  -0.9187] 
	x90: [ -0.5229,  -0.3229] 
	x91: [ -2.1891,  -1.9891] 
	x92: [ -1.8564,  -1.6564] 
	x93: [  1.4521,   1.6521] 
	x94: [  1.8236,   2.0236] 
	x95: [  0.9341,   1.1341] 
	x96: [  0.4037,   0.6037] 
	x97: [ -0.7045,  -0.5045] 
	x98: [ -1.8091,  -1.6091] 
	x99: [ -0.3667,  -0.1667] 
	x100: [  1.2591,   1.4591] 
	x101: [ -1.8609,  -1.6609] 
	x102: [ -0.4593,  -0.2593] 
	x103: [ -2.7603,  -2.5603] 
	x104: [ -1.6295,  -1.4295] 
	x105: [ -1.2281,  -1.0281] 
	x106: [ -1.3851,  -1.1851] 
	x107: [  1.2216,   1.4216] 
	x108: [  0.1159,   0.3159] 
	x109: [ -0.3891,  -0.1891] 
	x110: [ -1.8048,  -1.6048] 
	x111: [  1.3883,   1.5883] 
	x112: [ -0.0285,   0.1715] 
	x113: [  0.1679,   0.3679] 
	x114: [ -1.4279,  -1.2279] 
	x115: [  0.8880,   1.0880] 
	x116: [  2.0448,   2.2448] 
	x117: [  2.7819,   2.9819] 
	x118: [  0.5093,   0.7093] 
	x119: [ -2.3354,  -2.1354] 
	x120: [  0.4183,   0.6183] 
	x121: [  3.1464,   3.3464] 
	x122: [  1.5563,   1.7563] 
	x123: [  1.0188,   1.2188] 
	x124: [  0.6579,   0.8579] 
	x125: [ -0.3500,  -0.1500] 
	x126: [  0.5156,   0.7156] 
	x127: [ -0.9875,  -0.7875] 
	x128: [ -0.7065,  -0.5065] 
	x129: [  1.4848,   1.6848] 
	x130: [  2.4563,   2.6563] 
	x131: [  2.9588,   3.1588] 
	x132: [ -2.4716,  -2.2716] 
	x133: [ -0.5498,  -0.3498] 
	x134: [  1.1191,   1.3191] 
	x135: [  0.5358,   0.7358] 
	x136: [ -1.8839,  -1.6839] 
	x137: [  0.2513,   0.4513] 
	x138: [ -2.6801,  -2.4801] 
	x139: [  0.5150,   0.7150] 
	x140: [  4.5216,   4.7216] 
	x141: [ -0.1231,   0.0769] 
	x142: [ -0.1297,   0.0703] 
	x143: [ -1.1817,  -0.9817] 
	x144: [  2.4758,   2.6758] 
	x145: [ -0.9992,  -0.7992] 
	x146: [ -0.9967,  -0.7967] 
	x147: [ -1.9381,  -1.7381] 
	x148: [  0.4561,   0.6561] 
	x149: [  0.0027,   0.2027] 
	x150: [  0.4675,   0.6675] 
	x151: [ -0.0157,   0.1843] 
	x152: [ -2.3996,  -2.1996] 
	x153: [ -0.4552,  -0.2552] 
	x154: [  1.4529,   1.6529] 
	x155: [ -2.0671,  -1.8671] 
	x156: [ -0.8018,  -0.6018] 
	x157: [ -1.1463,  -0.9463] 
	x158: [ -1.1612,  -0.9612] 
	x159: [  0.3806,   0.5806] 
	x160: [  0.9344,   1.1344] 
	x161: [ -1.1486,  -0.9486] 
	x162: [  0.6609,   0.8609] 
	x163: [ -2.2149,  -2.0149] 
	x164: [ -1.5681,  -1.3681] 
	x165: [  0.0371,   0.2371] 
	x166: [ -2.5044,  -2.3044] 
	x167: [  5.5645,   5.7645] 
	x168: [  0.9532,   1.1532] 
	x169: [ -0.0123,   0.1877] 
	x170: [ -3.1506,  -2.9506] 
	x171: [ -0.8288,  -0.6288] 
	x172: [  0.9701,   1.1701] 
	x173: [ -0.5570,  -0.3570] 
	x174: [ -0.4080,  -0.2080] 
	x175: [  0.8059,   1.0059] 
	x176: [ -0.4587,  -0.2587] 
	x177: [ -0.2147,  -0.0147] 
	x178: [ -0.1530,   0.0470] 
	x179: [ -1.0318,  -0.8318] 
	x180: [ -1.6161,  -1.4161] 
	x181: [ -2.0576,  -1.8576] 
	x182: [  0.1405,   0.3405] 
	x183: [ -0.0997,   0.1003] 
	x184: [ -1.4382,  -1.2382] 
	x185: [ -1.7063,  -1.5063] 
	x186: [ -2.6475,  -2.4475] 
	x187: [  1.8210,   2.0210] 
	x188: [  1.3009,   1.5009] 
	x189: [  0.0933,   0.2933] 
	x190: [  1.3527,   1.5527] 
	x191: [  2.2564,   2.4564] 
	x192: [  0.3800,   0.5800] 
	x193: [ -0.5267,  -0.3267] 
	x194: [ -1.1964,  -0.9964] 
	x195: [ -1.3210,  -1.1210] 
	x196: [ -0.9475,  -0.7475] 
	x197: [ -0.9259,  -0.7259] 
	x198: [ -0.5981,  -0.3981] 
	x199: [ -0.1869,   0.0131] 
	x200: [ -2.1109,  -1.9109] 
	x201: [  0.7289,   0.9289] 
	x202: [  0.1205,   0.3205] 
	x203: [ -0.3061,  -0.1061] 
	x204: [  1.0630,   1.2630] 
	x205: [ -0.4612,  -0.2612] 
	x206: [ -1.6116,  -1.4116] 
	x207: [  1.2152,   1.4152] 
	x208: [  0.0312,   0.2312] 
	x209: [ -1.5724,  -1.3724] 
	x210: [ -0.1585,   0.0415] 
	x211: [ -2.4325,  -2.2325] 
	x212: [  2.0424,   2.2424] 
	x213: [ -1.2313,  -1.0313] 
	x214: [ -2.5053,  -2.3053] 
	x215: [ -2.7349,  -2.5349] 
	x216: [ -1.6143,  -1.4143] 
	x217: [  2.1007,   2.3007] 
	x218: [ -1.3772,  -1.1772] 
	x219: [ -2.1193,  -1.9193] 
	x220: [ -0.1216,   0.0784] 
	x221: [  0.7335,   0.9335] 
	x222: [  0.1029,   0.3029] 
	x223: [  0.1729,   0.3729] 
	x224: [ -0.6955,  -0.4955] 
	x225: [  0.5207,   0.7207] 
	x226: [  1.7384,   1.9384] 
	x227: [ -0.0925,   0.1075] 
	x228: [  2.4761,   2.6761] 
	x229: [  2.9568,   3.1568] 
	x230: [ -1.9684,  -1.7684] 
	x231: [ -0.8784,  -0.6784] 
	x232: [  0.1251,   0.3251] 
	x233: [  2.1267,   2.3267] 
	x234: [ -3.1268,  -2.9268] 
	x235: [ -1.2507,  -1.0507] 
	x236: [  1.1254,   1.3254] 
	x237: [ -0.3023,  -0.1023] 
	x238: [ -1.3306,  -1.1306] 
	x239: [  8.7900,   8.9900] 
	x240: [  0.1356,   0.3356] 
	x241: [ -2.2860,  -2.0860] 
	x242: [  2.1554,   2.3554] 
	x243: [ -1.2860,  -1.0860] 
	x244: [ -0.9411,  -0.7411] 
	x245: [ -0.7130,  -0.5130] 
	x246: [ -1.2647,  -1.0647] 
	x247: [ -3.1348,  -2.9348] 
	x248: [ -1.2743,  -1.0743] 
	x249: [  2.6571,   2.8571] 
	x250: [  0.2976,   0.4976] 
	x251: [  0.4154,   0.6154] 
	x252: [ -1.0316,  -0.8316] 
	x253: [ -2.2597,  -2.0597] 
	x254: [ -1.4606,  -1.2606] 
	x255: [  0.2609,   0.4609] 
	x256: [ -0.6422,  -0.4422] 
	x257: [ -0.2168,  -0.0168] 
	x258: [ -1.9574,  -1.7574] 
	x259: [  2.1663,   2.3663] 
	x260: [ -2.0275,  -1.8275] 
	x261: [  0.3174,   0.5174] 
	x262: [ -2.4109,  -2.2109] 
	x263: [  1.3752,   1.5752] 
	x264: [  1.1196,   1.3196] 
	x265: [ -0.5791,  -0.3791] 
	x266: [  3.7205,   3.9205] 
	x267: [ -0.0102,   0.1898] 
	x268: [ -1.1662,  -0.9662] 
	x269: [ -1.3658,  -1.1658] 
	x270: [ -1.8150,  -1.6150] 
	x271: [ -2.8683,  -2.6683] 
	x272: [  0.6185,   0.8185] 
	x273: [  2.2825,   2.4825] 
	x274: [ -0.1607,   0.0393] 
	x275: [ -3.2209,  -3.0209] 
	x276: [  1.2813,   1.4813] 
	x277: [ -0.1070,   0.0930] 
	x278: [  1.1765,   1.3765] 
	x279: [  0.0670,   0.2670] 
	x280: [  1.1068,   1.3068] 
	x281: [  0.4154,   0.6154] 
	x282: [  1.1002,   1.3002] 
	x283: [ -0.0340,   0.1660] 
	x284: [ -1.2044,  -1.0044] 
	x285: [ -3.6741,  -3.4741] 
	x286: [  1.6494,   1.8494] 
	x287: [ -0.5028,  -0.3028] 
	x288: [ -0.4676,  -0.2676] 
	x289: [  1.3280,   1.5280] 
	x290: [ -0.6937,  -0.4937] 
	x291: [ -1.1857,  -0.9857] 
	x292: [  1.5691,   1.7691] 
	x293: [  0.9953,   1.1953] 
	x294: [  2.8401,   3.0401] 
	x295: [ -0.2273,  -0.0273] 
	x296: [  0.0100,   0.2100] 
	x297: [ -0.5166,  -0.3166] 
	x298: [ -9.7537,  -9.5537] 
	x299: [  3.8030,   4.0030] 
	x300: [  2.8958,   3.0958] 
	x301: [  2.8408,   3.0408] 
	x302: [ -0.0905,   0.1095] 
	x303: [ -0.7041,  -0.5041] 
	x304: [ -1.1001,  -0.9001] 
	x305: [ -0.9074,  -0.7074] 
	x306: [  0.5736,   0.7736] 
	x307: [  2.0806,   2.2806] 
	x308: [  0.0799,   0.2799] 
	x309: [ -1.0077,  -0.8077] 
	x310: [ -1.9495,  -1.7495] 
	x311: [ -0.3094,  -0.1094] 
	x312: [ -3.0847,  -2.8847] 
	x313: [ -1.6922,  -1.4922] 
	x314: [ -1.0691,  -0.8691] 
	x315: [ -1.6265,  -1.4265] 
	x316: [ -0.6575,  -0.4575] 
	x317: [ -0.0923,   0.1077] 
	x318: [  2.0721,   2.2721] 
	x319: [  0.5719,   0.7719] 
	x320: [ -0.6071,  -0.4071] 
	x321: [  1.8157,   2.0157] 
	x322: [  0.0371,   0.2371] 
	x323: [  0.5762,   0.7762] 
	x324: [  1.0278,   1.2278] 
	x325: [ -1.7173,  -1.5173] 
	x326: [  2.1493,   2.3493] 
	x327: [  0.8379,   1.0379] 
	x328: [  0.4961,   0.6961] 
	x329: [ -0.3861,  -0.1861] 
	x330: [  2.1764,   2.3764] 
	x331: [  2.0402,   2.2402] 
	x332: [ -0.6545,  -0.4545] 
	x333: [  0.0776,   0.2776] 
	x334: [  1.7114,   1.9114] 
	x335: [ -0.6944,  -0.4944] 
	x336: [ -0.8292,  -0.6292] 
	x337: [  1.6033,   1.8033] 
	x338: [ -1.0030,  -0.8030] 
	x339: [  1.2710,   1.4710] 
	x340: [ -0.2084,  -0.0084] 
	x341: [  0.4982,   0.6982] 
	x342: [ -0.4959,  -0.2959] 
	x343: [  0.3499,   0.5499] 
	x344: [ -0.3987,  -0.1987] 
	x345: [ -1.7385,  -1.5385] 
	x346: [  2.9187,   3.1187] 
	x347: [ -1.1309,  -0.9309] 
	x348: [ -1.1124,  -0.9124] 
	x349: [ -0.5082,  -0.3082] 
	x350: [ -1.1637,  -0.9637] 
	x351: [ -0.1061,   0.0939] 
	x352: [ -0.9481,  -0.7481] 
	x353: [ -1.8634,  -1.6634] 
	x354: [  1.3075,   1.5075] 
	x355: [ -1.0385,  -0.8385] 
	x356: [  0.7225,   0.9225] 
	x357: [  0.1591,   0.3591] 
	x358: [ -1.2375,  -1.0375] 
	x359: [ -1.8021,  -1.6021] 
	x360: [  2.0881,   2.2881] 
	x361: [ -1.7990,  -1.5990] 
	x362: [ -2.1514,  -1.9514] 
	x363: [  0.4926,   0.6926] 
	x364: [ -0.9164,  -0.7164] 
	x365: [ -0.8620,  -0.6620] 
	x366: [  0.7258,   0.9258] 
	x367: [  0.1415,   0.3415] 
	x368: [ -1.2196,  -1.0196] 
	x369: [ -0.5121,  -0.3121] 
	x370: [ -1.8056,  -1.6056] 
	x371: [  0.9364,   1.1364] 
	x372: [  0.5527,   0.7527] 
	x373: [  0.1673,   0.3673] 
	x374: [  0.0661,   0.2661] 
	x375: [ -0.7118,  -0.5118] 
	x376: [ -0.8292,  -0.6292] 
	x377: [ -1.0102,  -0.8102] 
	x378: [  1.4839,   1.6839] 
	x379: [  0.2737,   0.4737] 
	x380: [ -1.2134,  -1.0134] 
	x381: [  2.2257,   2.4257] 
	x382: [ -1.1189,  -0.9189] 
	x383: [  1.6531,   1.8531] 
	x384: [ -1.1648,  -0.9648] 
	x385: [  0.5243,   0.7243] 
	x386: [ -2.4540,  -2.2540] 
	x387: [ -1.6167,  -1.4167] 
	x388: [ -1.0067,  -0.8067] 
	x389: [ -3.3737,  -3.1737] 
	x390: [ -0.8219,  -0.6219] 
	x391: [  1.9395,   2.1395] 
	x392: [  1.3073,   1.5073] 
	x393: [  2.0724,   2.2724] 
	x394: [  0.9601,   1.1601] 
	x395: [ -1.4886,  -1.2886] 
	x396: [ -0.8758,  -0.6758] 
	x397: [ -0.5882,  -0.3882] 
	x398: [  0.8514,   1.0514] 
	x399: [  1.1811,   1.3811] 
	x400: [  0.8870,   1.0870] 
	x401: [ -2.7672,  -2.5672] 
	x402: [ -0.1985,   0.0015] 
	x403: [  0.5128,   0.7128] 
	x404: [  3.1221,   3.3221] 
	x405: [  1.7458,   1.9458] 
	x406: [ -1.2026,  -1.0026] 
	x407: [ -0.4730,  -0.2730] 
	x408: [  2.9231,   3.1231] 
	x409: [  1.3337,   1.5337] 
	x410: [ -1.1892,  -0.9892] 
	x411: [  0.1310,   0.3310] 
	x412: [ -0.0877,   0.1123] 
	x413: [ -0.3521,  -0.1521] 
	x414: [ -1.1104,  -0.9104] 
	x415: [  1.8786,   2.0786] 
	x416: [ -1.8466,  -1.6466] 
	x417: [ -2.0674,  -1.8674] 
	x418: [ -0.4784,  -0.2784] 
	x419: [ -1.2532,  -1.0532] 
	x420: [ -0.7225,  -0.5225] 
	x421: [ -1.5099,  -1.3099] 
	x422: [ -3.5096,  -3.3096] 
	x423: [  1.2831,   1.4831] 
	x424: [ -0.1684,   0.0316] 
	x425: [ -1.3626,  -1.1626] 
	x426: [ -0.5217,  -0.3217] 
	x427: [ -0.5800,  -0.3800] 
	x428: [ -1.3616,  -1.1616] 
	x429: [ -0.0056,   0.1944] 
	x430: [ -1.5216,  -1.3216] 
	x431: [ -1.8573,  -1.6573] 
	x432: [ -2.9158,  -2.7158] 
	x433: [ -2.5866,  -2.3866] 
	x434: [ -0.9904,  -0.7904] 
	x435: [ -1.3284,  -1.1284] 
	x436: [  2.4898,   2.6898] 
	x437: [  0.5083,   0.7083] 
	x438: [ -1.4100,  -1.2100] 
	x439: [ -0.5004,  -0.3004] 
	x440: [ -2.6872,  -2.4872] 
	x441: [ -1.1697,  -0.9697] 
	x442: [ -0.3227,  -0.1227] 
	x443: [ -0.4778,  -0.2778] 
	x444: [ -0.7907,  -0.5907] 
	x445: [  0.2192,   0.4192] 
	x446: [ -3.5130,  -3.3130] 
	x447: [  1.3577,   1.5577] 
	x448: [  0.7041,   0.9041] 
	x449: [ -0.8027,  -0.6027] 
	x450: [  0.8823,   1.0823] 
	x451: [  0.5772,   0.7772] 
	x452: [  0.1834,   0.3834] 
	x453: [  0.6756,   0.8756] 
	x454: [ -0.3046,  -0.1046] 
	x455: [ -1.9578,  -1.7578] 
	x456: [ -0.5666,  -0.3666] 
	x457: [ -0.5798,  -0.3798] 
	x458: [  0.1328,   0.3328] 
	x459: [  1.4243,   1.6243] 
	x460: [ -1.8461,  -1.6461] 
	x461: [  1.1446,   1.3446] 
	x462: [ -1.9076,  -1.7076] 
	x463: [  2.5869,   2.7869] 
	x464: [ -0.5305,  -0.3305] 
	x465: [ -1.3674,  -1.1674] 
	x466: [ -0.8221,  -0.6221] 
	x467: [  0.0884,   0.2884] 
	x468: [  0.2262,   0.4262] 
	x469: [ -1.3889,  -1.1889] 
	x470: [  2.4135,   2.6135] 
	x471: [ -0.0964,   0.1036] 
	x472: [  0.8796,   1.0796] 
	x473: [ -3.3649,  -3.1649] 
	x474: [  1.4429,   1.6429] 
	x475: [  0.8188,   1.0188] 
	x476: [ -0.7561,  -0.5561] 
	x477: [ -0.7771,  -0.5771] 
	x478: [ -0.4720,  -0.2720] 
	x479: [  1.9501,   2.1501] 
	x480: [ -0.4807,  -0.2807] 
	x481: [  0.6070,   0.8070] 
	x482: [ -0.7202,  -0.5202] 
	x483: [  2.3514,   2.5514] 
	x484: [  0.6535,   0.8535] 
	x485: [ -0.2015,  -0.0015] 
	x486: [  1.3948,   1.5948] 
	x487: [ -1.6659,  -1.4659] 
	x488: [ -0.0332,   0.1668] 
	x489: [  0.5872,   0.7872] 
	x490: [ -1.5552,  -1.3552] 
	x491: [ -0.1937,   0.0063] 
	x492: [  0.4900,   0.6900] 
	x493: [  1.5279,   1.7279] 
	x494: [  0.3328,   0.5328] 
	x495: [  0.6739,   0.8739] 
	x496: [  1.5032,   1.7032] 
	x497: [ -1.7793,  -1.5793] 
	x498: [ -0.5104,  -0.3104] 
	x499: [ -0.0777,   0.1223] 
	x500: [ -0.0695,   0.1305] 
	x501: [ -3.0054,  -2.8054] 
	x502: [ -1.2989,  -1.0989] 
	x503: [ -2.4117,  -2.2117] 
	x504: [ -0.5085,  -0.3085] 
	x505: [  0.4547,   0.6547] 
	x506: [ -1.0899,  -0.8899] 
	x507: [  1.3597,   1.5597] 
	x508: [ -1.8371,  -1.6371] 
	x509: [ -0.5296,  -0.3296] 
	x510: [ -1.1511,  -0.9511] 
	x511: [  1.2526,   1.4526] 

Branching heuristics set to PseudoImpact

Engine::solve: Initial statistics

00:10:50 Statistics update:
	--- Time Statistics ---
	Total time elapsed: 469 milli (00:00:00)
		Main loop: 0 milli (00:00:00)
		Preprocessing time: 187 milli (00:00:00)
		Unknown: 281 milli (00:00:00)
	Breakdown for main loop:
		[0.00%] Simplex steps: 0 milli
		[0.00%] Explicit-basis bound tightening: 0 milli
		[0.00%] Constraint-matrix bound tightening: 0 milli
		[0.00%] Degradation checking: 0 milli
		[0.00%] Precision restoration: 0 milli
		[0.00%] Statistics handling: 0 milli
		[0.00%] Constraint-fixing steps: 0 milli
		[0.00%] Valid case splits: 0 milli. Average per split: 0.00 milli
		[0.00%] Applying stored bound-tightening: 0 milli
		[0.00%] SMT core: 0 milli
		[0.00%] Symbolic Bound Tightening: 12 milli
		[0.00%] SoI-based local search: 0 milli
		[0.00%] SoI-based local search: 0 milli
		[0.00%] Unaccounted for: 0 milli
	--- Preprocessor Statistics ---
	Number of preprocessor bound-tightening loop iterations: 3
	Number of eliminated variables: 89
	Number of constraints removed due to variable elimination: 89
	Number of equations removed due to variable elimination: 0
	--- Engine Statistics ---
	Number of main loop iterations: 1
		0 iterations were simplex steps. Total time: 0 milli. Average: 0.00 milli.
		0 iterations were constraint-fixing steps. Total time: 0 milli. Average: 0.00 milli
	Number of active piecewise-linear constraints: 167 / 167
		Constraints disabled by valid splits: 0. By SMT-originated splits: 0
	Last reported degradation: 0.0000000000. Max degradation so far: 0.0000000000. Restorations so far: 0
	Number of simplex pivots we attempted to skip because of instability: 0.
	Unstable pivots performed anyway: 0
	--- Tableau Statistics ---
	Total number of pivots performed: 0
		Real pivots: 0. Degenerate: 0 (0.00%)
		Degenerate pivots by request (e.g., to fix a PL constraint): 0 (0.00%)
		Average time per pivot: 0.00 milli
	Total number of fake pivots performed: 0
	Total number of rows added: 0. Number of merged columns: 0
	Current tableau dimensions: M = 705, N = 2089
	--- SMT Core Statistics ---
	Total depth is 0. Total visited states: 1. Number of splits: 0. Number of pops: 0
	Max stack depth: 0
	--- Bound Tightening Statistics ---
	Number of tightened bounds: 0.
		Number of rows examined by row tightener: 0. Consequent tightenings: 0
		Number of explicit basis matrices examined by row tightener: 0. Consequent tightenings: 0
		Number of bound tightening rounds on the entire constraint matrix: 0. Consequent tightenings: 0
		Number of bound notifications sent to PL constraints: 1002. Tightenings proposed: 0
	--- Basis Factorization statistics ---
	Number of basis refactorizations: 2
	--- Projected Steepest Edge Statistics ---
	Number of iterations: 0.
	Number of resets to reference space: 1. Avg. iterations per reset: 0
	--- SBT ---
	Number of tightened bounds: 385
	--- SoI-based local search ---
	Number of proposed phase pattern update: 0. Number of accepted update: 0 [0.00%]
	Total time (% of local search time) updating SoI phase pattern : 0 milli [0.00%]
	Total time obtaining current assignment: 0 milli [0.00%]
	Total time getting SoI phase pattern : 0 milli [0.00%]
	--- Context dependent statistics ---
	Number of pushes / pops: 0 / 0
		[0.00%] Pre-Push hook: 0 milli
		[0.00%] Push : 0 milli
		[0.00%] Post-Pop hook: 0 milli
		[0.00%] Pop : 0 milli
		[0.00%] Total context-switching time: 0 milli
	--- Proof Certificate ---
	Number of certified leaves: 0
	Number of leaves to delegate: 0

---

00:11:09 Statistics update:
	--- Time Statistics ---
	Total time elapsed: 19190 milli (00:00:19)
		Main loop: 18720 milli (00:00:18)
		Preprocessing time: 187 milli (00:00:00)
		Unknown: 282 milli (00:00:00)
	Breakdown for main loop:
		[67.66%] Simplex steps: 12666 milli
		[23.78%] Explicit-basis bound tightening: 4451 milli
		[0.00%] Constraint-matrix bound tightening: 0 milli
		[1.12%] Degradation checking: 210 milli
		[0.00%] Precision restoration: 0 milli
		[0.18%] Statistics handling: 32 milli
		[0.00%] Constraint-fixing steps: 0 milli
		[0.01%] Valid case splits: 1 milli. Average per split: 0.00 milli
		[0.01%] Applying stored bound-tightening: 0 milli
		[0.24%] SMT core: 44 milli
		[4.71%] Symbolic Bound Tightening: 881 milli
		[50.27%] SoI-based local search: 9411 milli
		[0.00%] SoI-based local search: 0 milli
		[2.30%] Unaccounted for: 431 milli
	--- Preprocessor Statistics ---
	Number of preprocessor bound-tightening loop iterations: 3
	Number of eliminated variables: 89
	Number of constraints removed due to variable elimination: 89
	Number of equations removed due to variable elimination: 0
	--- Engine Statistics ---
	Number of main loop iterations: 10000
		9822 iterations were simplex steps. Total time: 12666 milli. Average: 1.29 milli.
		0 iterations were constraint-fixing steps. Total time: 0 milli. Average: 0.00 milli
	Number of active piecewise-linear constraints: 119 / 167
		Constraints disabled by valid splits: 0. By SMT-originated splits: 48
	Last reported degradation: 0.0000000000. Max degradation so far: 0.0007391322. Restorations so far: 0
	Number of simplex pivots we attempted to skip because of instability: 0.
	Unstable pivots performed anyway: 0
	--- Tableau Statistics ---
	Total number of pivots performed: 8265
		Real pivots: 8261. Degenerate: 4 (0.05%)
		Degenerate pivots by request (e.g., to fix a PL constraint): 0 (0.00%)
		Average time per pivot: 0.23 milli
	Total number of fake pivots performed: 610
	Total number of rows added: 0. Number of merged columns: 0
	Current tableau dimensions: M = 705, N = 2089
	--- SMT Core Statistics ---
	Total depth is 48. Total visited states: 104. Number of splits: 74. Number of pops: 29
	Max stack depth: 50
	--- Bound Tightening Statistics ---
	Number of tightened bounds: 20420.
		Number of rows examined by row tightener: 8265. Consequent tightenings: 101
		Number of explicit basis matrices examined by row tightener: 19. Consequent tightenings: 462
		Number of bound tightening rounds on the entire constraint matrix: 0. Consequent tightenings: 0
		Number of bound notifications sent to PL constraints: 2453. Tightenings proposed: 0
	--- Basis Factorization statistics ---
	Number of basis refactorizations: 69
	--- Projected Steepest Edge Statistics ---
	Number of iterations: 8875.
	Number of resets to reference space: 37. Avg. iterations per reset: 239
	--- SBT ---
	Number of tightened bounds: 20805
	--- SoI-based local search ---
	Number of proposed phase pattern update: 397. Number of accepted update: 323 [81.36%]
	Total time (% of local search time) updating SoI phase pattern : 26816 milli [0.28%]
	Total time obtaining current assignment: 97890 milli [1.04%]
	Total time getting SoI phase pattern : 19891 milli [0.11%]
	--- Context dependent statistics ---
	Number of pushes / pops: 103 / 55
		[0.03%] Pre-Push hook: 5 milli
		[0.00%] Push : 0 milli
		[0.01%] Post-Pop hook: 2 milli
		[0.01%] Pop : 1 milli
		[0.05%] Total context-switching time: 8 milli
	--- Proof Certificate ---
	Number of certified leaves: 0
	Number of leaves to delegate: 0

00:11:38 Statistics update:
	--- Time Statistics ---
	Total time elapsed: 47871 milli (00:00:47)
		Main loop: 47296 milli (00:00:47)
		Preprocessing time: 187 milli (00:00:00)
		Unknown: 387 milli (00:00:00)
	Breakdown for main loop:
		[54.00%] Simplex steps: 25540 milli
		[37.80%] Explicit-basis bound tightening: 17876 milli
		[0.00%] Constraint-matrix bound tightening: 0 milli
		[0.87%] Degradation checking: 410 milli
		[0.00%] Precision restoration: 0 milli
		[0.15%] Statistics handling: 70 milli
		[0.00%] Constraint-fixing steps: 0 milli
		[0.01%] Valid case splits: 3 milli. Average per split: 0.00 milli
		[0.00%] Applying stored bound-tightening: 1 milli
		[0.23%] SMT core: 110 milli
		[3.38%] Symbolic Bound Tightening: 1596 milli
		[31.43%] SoI-based local search: 14864 milli
		[0.00%] SoI-based local search: 0 milli
		[3.56%] Unaccounted for: 1685 milli
	--- Preprocessor Statistics ---
	Number of preprocessor bound-tightening loop iterations: 3
	Number of eliminated variables: 89
	Number of constraints removed due to variable elimination: 89
	Number of equations removed due to variable elimination: 0
	--- Engine Statistics ---
	Number of main loop iterations: 20000
		19717 iterations were simplex steps. Total time: 25540 milli. Average: 1.30 milli.
		0 iterations were constraint-fixing steps. Total time: 0 milli. Average: 0.00 milli
	Number of active piecewise-linear constraints: 132 / 167
		Constraints disabled by valid splits: 0. By SMT-originated splits: 35
	Last reported degradation: 0.0000000000. Max degradation so far: 0.0007391322. Restorations so far: 0
	Number of simplex pivots we attempted to skip because of instability: 0.
	Unstable pivots performed anyway: 0
	--- Tableau Statistics ---
	Total number of pivots performed: 17195
		Real pivots: 17174. Degenerate: 21 (0.12%)
		Degenerate pivots by request (e.g., to fix a PL constraint): 0 (0.00%)
		Average time per pivot: 0.25 milli
	Total number of fake pivots performed: 962
	Total number of rows added: 0. Number of merged columns: 0
	Current tableau dimensions: M = 705, N = 2089
	--- SMT Core Statistics ---
	Total depth is 35. Total visited states: 186. Number of splits: 109. Number of pops: 76
	Max stack depth: 50
	--- Bound Tightening Statistics ---
	Number of tightened bounds: 41601.
		Number of rows examined by row tightener: 17195. Consequent tightenings: 802
		Number of explicit basis matrices examined by row tightener: 77. Consequent tightenings: 2763
		Number of bound tightening rounds on the entire constraint matrix: 0. Consequent tightenings: 0
		Number of bound notifications sent to PL constraints: 7954. Tightenings proposed: 0
	--- Basis Factorization statistics ---
	Number of basis refactorizations: 148
	--- Projected Steepest Edge Statistics ---
	Number of iterations: 18157.
	Number of resets to reference space: 88. Avg. iterations per reset: 206
	--- SBT ---
	Number of tightened bounds: 41986
	--- SoI-based local search ---
	Number of proposed phase pattern update: 652. Number of accepted update: 542 [83.13%]
	Total time (% of local search time) updating SoI phase pattern : 42470 milli [0.29%]
	Total time obtaining current assignment: 159629 milli [1.07%]
	Total time getting SoI phase pattern : 31146 milli [0.07%]
	--- Context dependent statistics ---
	Number of pushes / pops: 185 / 150
		[0.02%] Pre-Push hook: 8 milli
		[0.00%] Push : 0 milli
		[0.01%] Post-Pop hook: 6 milli
		[0.01%] Pop : 3 milli
		[0.04%] Total context-switching time: 18 milli
	--- Proof Certificate ---
	Number of certified leaves: 0
	Number of leaves to delegate: 0

00:12:05 Statistics update:
	--- Time Statistics ---
	Total time elapsed: 75419 milli (00:01:15)
		Main loop: 74589 milli (00:01:14)
		Preprocessing time: 187 milli (00:00:00)
		Unknown: 642 milli (00:00:00)
	Breakdown for main loop:
		[51.30%] Simplex steps: 38267 milli
		[39.62%] Explicit-basis bound tightening: 29553 milli
		[0.00%] Constraint-matrix bound tightening: 0 milli
		[0.82%] Degradation checking: 610 milli
		[0.00%] Precision restoration: 0 milli
		[0.14%] Statistics handling: 107 milli
		[0.00%] Constraint-fixing steps: 0 milli
		[0.01%] Valid case splits: 5 milli. Average per split: 0.00 milli
		[0.00%] Applying stored bound-tightening: 2 milli
		[0.25%] SMT core: 186 milli
		[3.35%] Symbolic Bound Tightening: 2499 milli
		[27.99%] SoI-based local search: 20879 milli
		[0.00%] SoI-based local search: 0 milli
		[4.50%] Unaccounted for: 3355 milli
	--- Preprocessor Statistics ---
	Number of preprocessor bound-tightening loop iterations: 3
	Number of eliminated variables: 89
	Number of constraints removed due to variable elimination: 89
	Number of equations removed due to variable elimination: 0
	--- Engine Statistics ---
	Number of main loop iterations: 30000
		29558 iterations were simplex steps. Total time: 38267 milli. Average: 1.29 milli.
		0 iterations were constraint-fixing steps. Total time: 0 milli. Average: 0.00 milli
	Number of active piecewise-linear constraints: 125 / 167
		Constraints disabled by valid splits: 0. By SMT-originated splits: 42
	Last reported degradation: 0.0000142130. Max degradation so far: 0.0007391322. Restorations so far: 0
	Number of simplex pivots we attempted to skip because of instability: 0.
	Unstable pivots performed anyway: 0
	--- Tableau Statistics ---
	Total number of pivots performed: 25670
		Real pivots: 25638. Degenerate: 32 (0.12%)
		Degenerate pivots by request (e.g., to fix a PL constraint): 0 (0.00%)
		Average time per pivot: 0.25 milli
	Total number of fake pivots performed: 1397
	Total number of rows added: 0. Number of merged columns: 0
	Current tableau dimensions: M = 705, N = 2089
	--- SMT Core Statistics ---
	Total depth is 42. Total visited states: 294. Number of splits: 166. Number of pops: 127
	Max stack depth: 50
	--- Bound Tightening Statistics ---
	Number of tightened bounds: 64159.
		Number of rows examined by row tightener: 25670. Consequent tightenings: 2559
		Number of explicit basis matrices examined by row tightener: 130. Consequent tightenings: 8621
		Number of bound tightening rounds on the entire constraint matrix: 0. Consequent tightenings: 0
		Number of bound notifications sent to PL constraints: 13543. Tightenings proposed: 0
	--- Basis Factorization statistics ---
	Number of basis refactorizations: 220
	--- Projected Steepest Edge Statistics ---
	Number of iterations: 27067.
	Number of resets to reference space: 143. Avg. iterations per reset: 189
	--- SBT ---
	Number of tightened bounds: 64544
	--- SoI-based local search ---
	Number of proposed phase pattern update: 1054. Number of accepted update: 888 [84.25%]
	Total time (% of local search time) updating SoI phase pattern : 65986 milli [0.32%]
	Total time obtaining current assignment: 258409 milli [1.24%]
	Total time getting SoI phase pattern : 49665 milli [0.07%]
	--- Context dependent statistics ---
	Number of pushes / pops: 293 / 251
		[0.02%] Pre-Push hook: 12 milli
		[0.00%] Push : 0 milli
		[0.01%] Post-Pop hook: 10 milli
		[0.01%] Pop : 7 milli
		[0.04%] Total context-switching time: 30 milli
	--- Proof Certificate ---
	Number of certified leaves: 0
	Number of leaves to delegate: 0

00:12:34 Statistics update:
	--- Time Statistics ---
	Total time elapsed: 104404 milli (00:01:44)
		Main loop: 103926 milli (00:01:43)
		Preprocessing time: 187 milli (00:00:00)
		Unknown: 290 milli (00:00:00)
	Breakdown for main loop:
		[48.94%] Simplex steps: 50861 milli
		[42.55%] Explicit-basis bound tightening: 44215 milli
		[0.00%] Constraint-matrix bound tightening: 0 milli
		[0.78%] Degradation checking: 805 milli
		[0.00%] Precision restoration: 0 milli
		[0.14%] Statistics handling: 141 milli
		[0.00%] Constraint-fixing steps: 0 milli
		[0.01%] Valid case splits: 8 milli. Average per split: 0.00 milli
		[0.00%] Applying stored bound-tightening: 2 milli
		[0.22%] SMT core: 233 milli
		[2.96%] Symbolic Bound Tightening: 3075 milli
		[24.67%] SoI-based local search: 25634 milli
		[0.00%] SoI-based local search: 0 milli
		[4.41%] Unaccounted for: 4582 milli
	--- Preprocessor Statistics ---
	Number of preprocessor bound-tightening loop iterations: 3
	Number of eliminated variables: 89
	Number of constraints removed due to variable elimination: 89
	Number of equations removed due to variable elimination: 0
	--- Engine Statistics ---
	Number of main loop iterations: 40000
		39466 iterations were simplex steps. Total time: 50861 milli. Average: 1.29 milli.
		0 iterations were constraint-fixing steps. Total time: 0 milli. Average: 0.00 milli
	Number of active piecewise-linear constraints: 124 / 167
		Constraints disabled by valid splits: 0. By SMT-originated splits: 43
	Last reported degradation: 0.0000261948. Max degradation so far: 0.0007391322. Restorations so far: 0
	Number of simplex pivots we attempted to skip because of instability: 1.
	Unstable pivots performed anyway: 0
	--- Tableau Statistics ---
	Total number of pivots performed: 34373
		Real pivots: 34333. Degenerate: 40 (0.12%)
		Degenerate pivots by request (e.g., to fix a PL constraint): 0 (0.00%)
		Average time per pivot: 0.26 milli
	Total number of fake pivots performed: 1978
	Total number of rows added: 0. Number of merged columns: 0
	Current tableau dimensions: M = 705, N = 2089
	--- SMT Core Statistics ---
	Total depth is 43. Total visited states: 362. Number of splits: 200. Number of pops: 161
	Max stack depth: 50
	--- Bound Tightening Statistics ---
	Number of tightened bounds: 77992.
		Number of rows examined by row tightener: 34373. Consequent tightenings: 3149
		Number of explicit basis matrices examined by row tightener: 191. Consequent tightenings: 12007
		Number of bound tightening rounds on the entire constraint matrix: 0. Consequent tightenings: 0
		Number of bound notifications sent to PL constraints: 17565. Tightenings proposed: 0
	--- Basis Factorization statistics ---
	Number of basis refactorizations: 296
	--- Projected Steepest Edge Statistics ---
	Number of iterations: 36352.
	Number of resets to reference space: 180. Avg. iterations per reset: 201
	--- SBT ---
	Number of tightened bounds: 78377
	--- SoI-based local search ---
	Number of proposed phase pattern update: 1309. Number of accepted update: 1109 [84.72%]
	Total time (% of local search time) updating SoI phase pattern : 81269 milli [0.32%]
	Total time obtaining current assignment: 319001 milli [1.24%]
	Total time getting SoI phase pattern : 61103 milli [0.06%]
	--- Context dependent statistics ---
	Number of pushes / pops: 361 / 318
		[0.01%] Pre-Push hook: 14 milli
		[0.00%] Push : 0 milli
		[0.01%] Post-Pop hook: 13 milli
		[0.01%] Pop : 8 milli
		[0.04%] Total context-switching time: 37 milli
	--- Proof Certificate ---
	Number of certified leaves: 0
	Number of leaves to delegate: 0

00:12:58 Statistics update:
	--- Time Statistics ---
	Total time elapsed: 128712 milli (00:02:08)
		Main loop: 128231 milli (00:02:08)
		Preprocessing time: 187 milli (00:00:00)
		Unknown: 294 milli (00:00:00)
	Breakdown for main loop:
		[49.81%] Simplex steps: 63868 milli
		[42.03%] Explicit-basis bound tightening: 53897 milli
		[0.00%] Constraint-matrix bound tightening: 0 milli
		[0.78%] Degradation checking: 999 milli
		[0.00%] Precision restoration: 0 milli
		[0.14%] Statistics handling: 179 milli
		[0.00%] Constraint-fixing steps: 0 milli
		[0.01%] Valid case splits: 9 milli. Average per split: 0.00 milli
		[0.00%] Applying stored bound-tightening: 3 milli
		[0.23%] SMT core: 289 milli
		[2.93%] Symbolic Bound Tightening: 3752 milli
		[25.75%] SoI-based local search: 33024 milli
		[0.00%] SoI-based local search: 0 milli
		[4.08%] Unaccounted for: 5230 milli
	--- Preprocessor Statistics ---
	Number of preprocessor bound-tightening loop iterations: 3
	Number of eliminated variables: 89
	Number of constraints removed due to variable elimination: 89
	Number of equations removed due to variable elimination: 0
	--- Engine Statistics ---
	Number of main loop iterations: 50000
		49359 iterations were simplex steps. Total time: 63868 milli. Average: 1.29 milli.
		0 iterations were constraint-fixing steps. Total time: 0 milli. Average: 0.00 milli
	Number of active piecewise-linear constraints: 123 / 167
		Constraints disabled by valid splits: 0. By SMT-originated splits: 44
	Last reported degradation: 0.0000000000. Max degradation so far: 0.0007391322. Restorations so far: 0
	Number of simplex pivots we attempted to skip because of instability: 1.
	Unstable pivots performed anyway: 0
	--- Tableau Statistics ---
	Total number of pivots performed: 43087
		Real pivots: 43037. Degenerate: 50 (0.12%)
		Degenerate pivots by request (e.g., to fix a PL constraint): 0 (0.00%)
		Average time per pivot: 0.26 milli
	Total number of fake pivots performed: 2451
	Total number of rows added: 0. Number of merged columns: 0
	Current tableau dimensions: M = 705, N = 2089
	--- SMT Core Statistics ---
	Total depth is 44. Total visited states: 442. Number of splits: 241. Number of pops: 200
	Max stack depth: 51
	--- Bound Tightening Statistics ---
	Number of tightened bounds: 95204.
		Number of rows examined by row tightener: 43087. Consequent tightenings: 3420
		Number of explicit basis matrices examined by row tightener: 231. Consequent tightenings: 13301
		Number of bound tightening rounds on the entire constraint matrix: 0. Consequent tightenings: 0
		Number of bound notifications sent to PL constraints: 19105. Tightenings proposed: 0
	--- Basis Factorization statistics ---
	Number of basis refactorizations: 372
	--- Projected Steepest Edge Statistics ---
	Number of iterations: 45539.
	Number of resets to reference space: 225. Avg. iterations per reset: 202
	--- SBT ---
	Number of tightened bounds: 95589
	--- SoI-based local search ---
	Number of proposed phase pattern update: 1602. Number of accepted update: 1361 [84.96%]
	Total time (% of local search time) updating SoI phase pattern : 98840 milli [0.30%]
	Total time obtaining current assignment: 393648 milli [1.19%]
	Total time getting SoI phase pattern : 73901 milli [0.06%]
	--- Context dependent statistics ---
	Number of pushes / pops: 441 / 397
		[0.01%] Pre-Push hook: 18 milli
		[0.00%] Push : 0 milli
		[0.01%] Post-Pop hook: 16 milli
		[0.01%] Pop : 10 milli
		[0.03%] Total context-switching time: 44 milli
	--- Proof Certificate ---
	Number of certified leaves: 0
	Number of leaves to delegate: 0

00:13:22 Statistics update:
	--- Time Statistics ---
	Total time elapsed: 152186 milli (00:02:32)
		Main loop: 151704 milli (00:02:31)
		Preprocessing time: 187 milli (00:00:00)
		Unknown: 294 milli (00:00:00)
	Breakdown for main loop:
		[50.68%] Simplex steps: 76885 milli
		[41.40%] Explicit-basis bound tightening: 62809 milli
		[0.00%] Constraint-matrix bound tightening: 0 milli
		[0.78%] Degradation checking: 1186 milli
		[0.00%] Precision restoration: 0 milli
		[0.14%] Statistics handling: 217 milli
		[0.00%] Constraint-fixing steps: 0 milli
		[0.01%] Valid case splits: 11 milli. Average per split: 0.00 milli
		[0.00%] Applying stored bound-tightening: 3 milli
		[0.23%] SMT core: 343 milli
		[2.88%] Symbolic Bound Tightening: 4370 milli
		[26.19%] SoI-based local search: 39727 milli
		[0.00%] SoI-based local search: 0 milli
		[3.87%] Unaccounted for: 5876 milli
	--- Preprocessor Statistics ---
	Number of preprocessor bound-tightening loop iterations: 3
	Number of eliminated variables: 89
	Number of constraints removed due to variable elimination: 89
	Number of equations removed due to variable elimination: 0
	--- Engine Statistics ---
	Number of main loop iterations: 60000
		59252 iterations were simplex steps. Total time: 76885 milli. Average: 1.30 milli.
		0 iterations were constraint-fixing steps. Total time: 0 milli. Average: 0.00 milli
	Number of active piecewise-linear constraints: 119 / 167
		Constraints disabled by valid splits: 2. By SMT-originated splits: 46
	Last reported degradation: 0.0000000000. Max degradation so far: 0.0007391322. Restorations so far: 0
	Number of simplex pivots we attempted to skip because of instability: 6.
	Unstable pivots performed anyway: 0
	--- Tableau Statistics ---
	Total number of pivots performed: 51772
		Real pivots: 51718. Degenerate: 54 (0.10%)
		Degenerate pivots by request (e.g., to fix a PL constraint): 0 (0.00%)
		Average time per pivot: 0.26 milli
	Total number of fake pivots performed: 2969
	Total number of rows added: 0. Number of merged columns: 0
	Current tableau dimensions: M = 705, N = 2089
	--- SMT Core Statistics ---
	Total depth is 46. Total visited states: 515. Number of splits: 278. Number of pops: 236
	Max stack depth: 51
	--- Bound Tightening Statistics ---
	Number of tightened bounds: 110195.
		Number of rows examined by row tightener: 51772. Consequent tightenings: 3954
		Number of explicit basis matrices examined by row tightener: 268. Consequent tightenings: 14212
		Number of bound tightening rounds on the entire constraint matrix: 0. Consequent tightenings: 0
		Number of bound notifications sent to PL constraints: 20786. Tightenings proposed: 0
	--- Basis Factorization statistics ---
	Number of basis refactorizations: 448
	--- Projected Steepest Edge Statistics ---
	Number of iterations: 54747.
	Number of resets to reference space: 263. Avg. iterations per reset: 208
	--- SBT ---
	Number of tightened bounds: 110580
	--- SoI-based local search ---
	Number of proposed phase pattern update: 1889. Number of accepted update: 1611 [85.28%]
	Total time (% of local search time) updating SoI phase pattern : 117228 milli [0.30%]
	Total time obtaining current assignment: 464081 milli [1.17%]
	Total time getting SoI phase pattern : 86269 milli [0.06%]
	--- Context dependent statistics ---
	Number of pushes / pops: 514 / 468
		[0.01%] Pre-Push hook: 20 milli
		[0.00%] Push : 0 milli
		[0.01%] Post-Pop hook: 18 milli
		[0.01%] Pop : 12 milli
		[0.03%] Total context-switching time: 52 milli
	--- Proof Certificate ---
	Number of certified leaves: 0
	Number of leaves to delegate: 0
High degradation found!
Performing precision restoration. Degradation before: 0.576648748674531. After: 0.000000000002108

00:13:52 Statistics update:
	--- Time Statistics ---
	Total time elapsed: 182504 milli (00:03:02)
		Main loop: 182019 milli (00:03:02)
		Preprocessing time: 187 milli (00:00:00)
		Unknown: 297 milli (00:00:00)
	Breakdown for main loop:
		[49.90%] Simplex steps: 90825 milli
		[41.89%] Explicit-basis bound tightening: 76254 milli
		[0.00%] Constraint-matrix bound tightening: 0 milli
		[0.76%] Degradation checking: 1381 milli
		[0.20%] Precision restoration: 356 milli
		[0.14%] Statistics handling: 259 milli
		[0.00%] Constraint-fixing steps: 0 milli
		[0.01%] Valid case splits: 12 milli. Average per split: 0.00 milli
		[0.00%] Applying stored bound-tightening: 4 milli
		[0.22%] SMT core: 399 milli
		[2.70%] Symbolic Bound Tightening: 4920 milli
		[24.59%] SoI-based local search: 44757 milli
		[0.00%] SoI-based local search: 0 milli
		[4.18%] Unaccounted for: 7603 milli
	--- Preprocessor Statistics ---
	Number of preprocessor bound-tightening loop iterations: 3
	Number of eliminated variables: 89
	Number of constraints removed due to variable elimination: 89
	Number of equations removed due to variable elimination: 0
	--- Engine Statistics ---
	Number of main loop iterations: 70000
		69160 iterations were simplex steps. Total time: 90825 milli. Average: 1.31 milli.
		0 iterations were constraint-fixing steps. Total time: 0 milli. Average: 0.00 milli
	Number of active piecewise-linear constraints: 126 / 167
		Constraints disabled by valid splits: 0. By SMT-originated splits: 41
	Last reported degradation: 0.0000185810. Max degradation so far: 0.5766487487. Restorations so far: 1
	Number of simplex pivots we attempted to skip because of instability: 6.
	Unstable pivots performed anyway: 0
	--- Tableau Statistics ---
	Total number of pivots performed: 60605
		Real pivots: 60536. Degenerate: 69 (0.11%)
		Degenerate pivots by request (e.g., to fix a PL constraint): 0 (0.00%)
		Average time per pivot: 0.26 milli
	Total number of fake pivots performed: 3495
	Total number of rows added: 0. Number of merged columns: 0
	Current tableau dimensions: M = 705, N = 2089
	--- SMT Core Statistics ---
	Total depth is 41. Total visited states: 580. Number of splits: 308. Number of pops: 271
	Max stack depth: 51
	--- Bound Tightening Statistics ---
	Number of tightened bounds: 123034.
		Number of rows examined by row tightener: 60605. Consequent tightenings: 4591
		Number of explicit basis matrices examined by row tightener: 323. Consequent tightenings: 15084
		Number of bound tightening rounds on the entire constraint matrix: 0. Consequent tightenings: 0
		Number of bound notifications sent to PL constraints: 22588. Tightenings proposed: 0
	--- Basis Factorization statistics ---
	Number of basis refactorizations: 528
	--- Projected Steepest Edge Statistics ---
	Number of iterations: 64106.
	Number of resets to reference space: 314. Avg. iterations per reset: 204
	--- SBT ---
	Number of tightened bounds: 123419
	--- SoI-based local search ---
	Number of proposed phase pattern update: 2106. Number of accepted update: 1798 [85.38%]
	Total time (% of local search time) updating SoI phase pattern : 133607 milli [0.30%]
	Total time obtaining current assignment: 517387 milli [1.16%]
	Total time getting SoI phase pattern : 96144 milli [0.05%]
	--- Context dependent statistics ---
	Number of pushes / pops: 579 / 538
		[0.01%] Pre-Push hook: 23 milli
		[0.00%] Push : 0 milli
		[0.01%] Post-Pop hook: 21 milli
		[0.01%] Pop : 15 milli
		[0.03%] Total context-switching time: 60 milli
	--- Proof Certificate ---
	Number of certified leaves: 0
	Number of leaves to delegate: 0

00:14:21 Statistics update:
	--- Time Statistics ---
	Total time elapsed: 210850 milli (00:03:30)
		Main loop: 210303 milli (00:03:30)
		Preprocessing time: 187 milli (00:00:00)
		Unknown: 359 milli (00:00:00)
	Breakdown for main loop:
		[49.94%] Simplex steps: 105018 milli
		[41.64%] Explicit-basis bound tightening: 87562 milli
		[0.00%] Constraint-matrix bound tightening: 0 milli
		[0.75%] Degradation checking: 1577 milli
		[0.17%] Precision restoration: 356 milli
		[0.14%] Statistics handling: 301 milli
		[0.00%] Constraint-fixing steps: 0 milli
		[0.01%] Valid case splits: 14 milli. Average per split: 0.00 milli
		[0.00%] Applying stored bound-tightening: 4 milli
		[0.22%] SMT core: 457 milli
		[2.68%] Symbolic Bound Tightening: 5634 milli
		[24.78%] SoI-based local search: 52117 milli
		[0.00%] SoI-based local search: 0 milli
		[4.46%] Unaccounted for: 9375 milli
	--- Preprocessor Statistics ---
	Number of preprocessor bound-tightening loop iterations: 3
	Number of eliminated variables: 89
	Number of constraints removed due to variable elimination: 89
	Number of equations removed due to variable elimination: 0
	--- Engine Statistics ---
	Number of main loop iterations: 80000
		79039 iterations were simplex steps. Total time: 105018 milli. Average: 1.33 milli.
		0 iterations were constraint-fixing steps. Total time: 0 milli. Average: 0.00 milli
	Number of active piecewise-linear constraints: 119 / 167
		Constraints disabled by valid splits: 0. By SMT-originated splits: 48
	Last reported degradation: 0.0000000000. Max degradation so far: 0.5766487487. Restorations so far: 1
	Number of simplex pivots we attempted to skip because of instability: 6.
	Unstable pivots performed anyway: 0
	--- Tableau Statistics ---
	Total number of pivots performed: 69184
		Real pivots: 69099. Degenerate: 85 (0.12%)
		Degenerate pivots by request (e.g., to fix a PL constraint): 0 (0.00%)
		Average time per pivot: 0.26 milli
	Total number of fake pivots performed: 4090
	Total number of rows added: 0. Number of merged columns: 0
	Current tableau dimensions: M = 705, N = 2089
	--- SMT Core Statistics ---
	Total depth is 48. Total visited states: 664. Number of splits: 354. Number of pops: 309
	Max stack depth: 51
	--- Bound Tightening Statistics ---
	Number of tightened bounds: 141653.
		Number of rows examined by row tightener: 69184. Consequent tightenings: 5048
		Number of explicit basis matrices examined by row tightener: 369. Consequent tightenings: 16615
		Number of bound tightening rounds on the entire constraint matrix: 0. Consequent tightenings: 0
		Number of bound notifications sent to PL constraints: 24544. Tightenings proposed: 0
	--- Basis Factorization statistics ---
	Number of basis refactorizations: 601
	--- Projected Steepest Edge Statistics ---
	Number of iterations: 73280.
	Number of resets to reference space: 357. Avg. iterations per reset: 205
	--- SBT ---
	Number of tightened bounds: 142038
	--- SoI-based local search ---
	Number of proposed phase pattern update: 2404. Number of accepted update: 2050 [85.27%]
	Total time (% of local search time) updating SoI phase pattern : 152902 milli [0.29%]
	Total time obtaining current assignment: 594049 milli [1.14%]
	Total time getting SoI phase pattern : 109714 milli [0.05%]
	--- Context dependent statistics ---
	Number of pushes / pops: 663 / 615
		[0.01%] Pre-Push hook: 26 milli
		[0.00%] Push : 0 milli
		[0.01%] Post-Pop hook: 24 milli
		[0.01%] Pop : 18 milli
		[0.03%] Total context-switching time: 68 milli
	--- Proof Certificate ---
	Number of certified leaves: 0
	Number of leaves to delegate: 0

00:14:48 Statistics update:
	--- Time Statistics ---
	Total time elapsed: 237815 milli (00:03:57)
		Main loop: 237195 milli (00:03:57)
		Preprocessing time: 187 milli (00:00:00)
		Unknown: 432 milli (00:00:00)
	Breakdown for main loop:
		[50.51%] Simplex steps: 119817 milli
		[41.33%] Explicit-basis bound tightening: 98040 milli
		[0.00%] Constraint-matrix bound tightening: 0 milli
		[0.75%] Degradation checking: 1769 milli
		[0.15%] Precision restoration: 356 milli
		[0.15%] Statistics handling: 344 milli
		[0.00%] Constraint-fixing steps: 0 milli
		[0.01%] Valid case splits: 16 milli. Average per split: 0.00 milli
		[0.00%] Applying stored bound-tightening: 5 milli
		[0.22%] SMT core: 523 milli
		[2.66%] Symbolic Bound Tightening: 6304 milli
		[25.02%] SoI-based local search: 59334 milli
		[0.00%] SoI-based local search: 0 milli
		[4.22%] Unaccounted for: 10016 milli
	--- Preprocessor Statistics ---
	Number of preprocessor bound-tightening loop iterations: 3
	Number of eliminated variables: 89
	Number of constraints removed due to variable elimination: 89
	Number of equations removed due to variable elimination: 0
	--- Engine Statistics ---
	Number of main loop iterations: 90000
		88926 iterations were simplex steps. Total time: 119817 milli. Average: 1.35 milli.
		0 iterations were constraint-fixing steps. Total time: 0 milli. Average: 0.00 milli
	Number of active piecewise-linear constraints: 126 / 167
		Constraints disabled by valid splits: 0. By SMT-originated splits: 41
	Last reported degradation: 0.0000000000. Max degradation so far: 0.5766487487. Restorations so far: 1
	Number of simplex pivots we attempted to skip because of instability: 21.
	Unstable pivots performed anyway: 0
	--- Tableau Statistics ---
	Total number of pivots performed: 78013
		Real pivots: 77917. Degenerate: 96 (0.12%)
		Degenerate pivots by request (e.g., to fix a PL constraint): 0 (0.00%)
		Average time per pivot: 0.26 milli
	Total number of fake pivots performed: 4500
	Total number of rows added: 0. Number of merged columns: 0
	Current tableau dimensions: M = 705, N = 2089
	--- SMT Core Statistics ---
	Total depth is 41. Total visited states: 743. Number of splits: 390. Number of pops: 352
	Max stack depth: 54
	--- Bound Tightening Statistics ---
	Number of tightened bounds: 159790.
		Number of rows examined by row tightener: 78013. Consequent tightenings: 5395
		Number of explicit basis matrices examined by row tightener: 408. Consequent tightenings: 18241
		Number of bound tightening rounds on the entire constraint matrix: 0. Consequent tightenings: 0
		Number of bound notifications sent to PL constraints: 26217. Tightenings proposed: 0
	--- Basis Factorization statistics ---
	Number of basis refactorizations: 679
	--- Projected Steepest Edge Statistics ---
	Number of iterations: 82534.
	Number of resets to reference space: 406. Avg. iterations per reset: 203
	--- SBT ---
	Number of tightened bounds: 160175
	--- SoI-based local search ---
	Number of proposed phase pattern update: 2675. Number of accepted update: 2285 [85.42%]
	Total time (% of local search time) updating SoI phase pattern : 170523 milli [0.29%]
	Total time obtaining current assignment: 664548 milli [1.12%]
	Total time getting SoI phase pattern : 121392 milli [0.05%]
	--- Context dependent statistics ---
	Number of pushes / pops: 742 / 701
		[0.01%] Pre-Push hook: 29 milli
		[0.00%] Push : 0 milli
		[0.01%] Post-Pop hook: 27 milli
		[0.01%] Pop : 20 milli
		[0.03%] Total context-switching time: 76 milli
	--- Proof Certificate ---
	Number of certified leaves: 0
	Number of leaves to delegate: 0

00:15:17 Statistics update:
	--- Time Statistics ---
	Total time elapsed: 267688 milli (00:04:27)
		Main loop: 267111 milli (00:04:27)
		Preprocessing time: 187 milli (00:00:00)
		Unknown: 390 milli (00:00:00)
	Breakdown for main loop:
		[50.32%] Simplex steps: 134419 milli
		[41.24%] Explicit-basis bound tightening: 110160 milli
		[0.00%] Constraint-matrix bound tightening: 0 milli
		[0.74%] Degradation checking: 1969 milli
		[0.13%] Precision restoration: 356 milli
		[0.15%] Statistics handling: 387 milli
		[0.00%] Constraint-fixing steps: 0 milli
		[0.01%] Valid case splits: 18 milli. Average per split: 0.00 milli
		[0.00%] Applying stored bound-tightening: 5 milli
		[0.22%] SMT core: 588 milli
		[2.63%] Symbolic Bound Tightening: 7024 milli
		[25.24%] SoI-based local search: 67420 milli
		[0.00%] SoI-based local search: 0 milli
		[4.56%] Unaccounted for: 12180 milli
	--- Preprocessor Statistics ---
	Number of preprocessor bound-tightening loop iterations: 3
	Number of eliminated variables: 89
	Number of constraints removed due to variable elimination: 89
	Number of equations removed due to variable elimination: 0
	--- Engine Statistics ---
	Number of main loop iterations: 100000
		98800 iterations were simplex steps. Total time: 134419 milli. Average: 1.36 milli.
		0 iterations were constraint-fixing steps. Total time: 0 milli. Average: 0.00 milli
	Number of active piecewise-linear constraints: 120 / 167
		Constraints disabled by valid splits: 0. By SMT-originated splits: 47
	Last reported degradation: 0.0000000000. Max degradation so far: 0.5766487487. Restorations so far: 1
	Number of simplex pivots we attempted to skip because of instability: 21.
	Unstable pivots performed anyway: 0
	--- Tableau Statistics ---
	Total number of pivots performed: 86612
		Real pivots: 86509. Degenerate: 103 (0.12%)
		Degenerate pivots by request (e.g., to fix a PL constraint): 0 (0.00%)
		Average time per pivot: 0.26 milli
	Total number of fake pivots performed: 5004
	Total number of rows added: 0. Number of merged columns: 0
	Current tableau dimensions: M = 705, N = 2089
	--- SMT Core Statistics ---
	Total depth is 47. Total visited states: 828. Number of splits: 435. Number of pops: 392
	Max stack depth: 54
	--- Bound Tightening Statistics ---
	Number of tightened bounds: 177502.
		Number of rows examined by row tightener: 86612. Consequent tightenings: 7571
		Number of explicit basis matrices examined by row tightener: 458. Consequent tightenings: 19490
		Number of bound tightening rounds on the entire constraint matrix: 0. Consequent tightenings: 0
		Number of bound notifications sent to PL constraints: 28537. Tightenings proposed: 0
	--- Basis Factorization statistics ---
	Number of basis refactorizations: 754
	--- Projected Steepest Edge Statistics ---
	Number of iterations: 91637.
	Number of resets to reference space: 452. Avg. iterations per reset: 202
	--- SBT ---
	Number of tightened bounds: 177887
	--- SoI-based local search ---
	Number of proposed phase pattern update: 3003. Number of accepted update: 2567 [85.48%]
	Total time (% of local search time) updating SoI phase pattern : 190433 milli [0.28%]
	Total time obtaining current assignment: 749371 milli [1.11%]
	Total time getting SoI phase pattern : 135801 milli [0.05%]
	--- Context dependent statistics ---
	Number of pushes / pops: 827 / 780
		[0.01%] Pre-Push hook: 32 milli
		[0.00%] Push : 0 milli
		[0.01%] Post-Pop hook: 30 milli
		[0.01%] Pop : 22 milli
		[0.03%] Total context-switching time: 85 milli
	--- Proof Certificate ---
	Number of certified leaves: 0
	Number of leaves to delegate: 0

00:15:45 Statistics update:
	--- Time Statistics ---
	Total time elapsed: 295732 milli (00:04:55)
		Main loop: 295212 milli (00:04:55)
		Preprocessing time: 187 milli (00:00:00)
		Unknown: 332 milli (00:00:00)
	Breakdown for main loop:
		[50.51%] Simplex steps: 149114 milli
		[40.87%] Explicit-basis bound tightening: 120645 milli
		[0.00%] Constraint-matrix bound tightening: 0 milli
		[0.74%] Degradation checking: 2173 milli
		[0.12%] Precision restoration: 356 milli
		[0.15%] Statistics handling: 430 milli
		[0.00%] Constraint-fixing steps: 0 milli
		[0.01%] Valid case splits: 20 milli. Average per split: 0.00 milli
		[0.00%] Applying stored bound-tightening: 6 milli
		[0.22%] SMT core: 659 milli
		[2.62%] Symbolic Bound Tightening: 7741 milli
		[25.16%] SoI-based local search: 74280 milli
		[0.00%] SoI-based local search: 0 milli
		[4.76%] Unaccounted for: 14063 milli
	--- Preprocessor Statistics ---
	Number of preprocessor bound-tightening loop iterations: 3
	Number of eliminated variables: 89
	Number of constraints removed due to variable elimination: 89
	Number of equations removed due to variable elimination: 0
	--- Engine Statistics ---
	Number of main loop iterations: 110000
		108681 iterations were simplex steps. Total time: 149114 milli. Average: 1.37 milli.
		0 iterations were constraint-fixing steps. Total time: 0 milli. Average: 0.00 milli
	Number of active piecewise-linear constraints: 125 / 167
		Constraints disabled by valid splits: 0. By SMT-originated splits: 42
	Last reported degradation: 0.0000000000. Max degradation so far: 0.5766487487. Restorations so far: 1
	Number of simplex pivots we attempted to skip because of instability: 21.
	Unstable pivots performed anyway: 0
	--- Tableau Statistics ---
	Total number of pivots performed: 95463
		Real pivots: 95348. Degenerate: 115 (0.12%)
		Degenerate pivots by request (e.g., to fix a PL constraint): 0 (0.00%)
		Average time per pivot: 0.26 milli
	Total number of fake pivots performed: 5399
	Total number of rows added: 0. Number of merged columns: 0
	Current tableau dimensions: M = 705, N = 2089
	--- SMT Core Statistics ---
	Total depth is 42. Total visited states: 913. Number of splits: 475. Number of pops: 437
	Max stack depth: 54
	--- Bound Tightening Statistics ---
	Number of tightened bounds: 193886.
		Number of rows examined by row tightener: 95463. Consequent tightenings: 8454
		Number of explicit basis matrices examined by row tightener: 501. Consequent tightenings: 20093
		Number of bound tightening rounds on the entire constraint matrix: 0. Consequent tightenings: 0
		Number of bound notifications sent to PL constraints: 30064. Tightenings proposed: 0
	--- Basis Factorization statistics ---
	Number of basis refactorizations: 833
	--- Projected Steepest Edge Statistics ---
	Number of iterations: 100883.
	Number of resets to reference space: 500. Avg. iterations per reset: 201
	--- SBT ---
	Number of tightened bounds: 194271
	--- SoI-based local search ---
	Number of proposed phase pattern update: 3261. Number of accepted update: 2786 [85.43%]
	Total time (% of local search time) updating SoI phase pattern : 209357 milli [0.28%]
	Total time obtaining current assignment: 817898 milli [1.10%]
	Total time getting SoI phase pattern : 147308 milli [0.05%]
	--- Context dependent statistics ---
	Number of pushes / pops: 912 / 870
		[0.01%] Pre-Push hook: 35 milli
		[0.00%] Push : 0 milli
		[0.01%] Post-Pop hook: 34 milli
		[0.01%] Pop : 24 milli
		[0.03%] Total context-switching time: 94 milli
	--- Proof Certificate ---
	Number of certified leaves: 0
	Number of leaves to delegate: 0


Engine: quitting due to timeout...

Final statistics:

00:15:51 Statistics update:
	--- Time Statistics ---
	Total time elapsed: 301003 milli (00:05:01)
		Main loop: 300508 milli (00:05:00)
		Preprocessing time: 187 milli (00:00:00)
		Unknown: 306 milli (00:00:00)
	Breakdown for main loop:
		[50.30%] Simplex steps: 151158 milli
		[41.10%] Explicit-basis bound tightening: 123508 milli
		[0.00%] Constraint-matrix bound tightening: 0 milli
		[0.73%] Degradation checking: 2203 milli
		[0.12%] Precision restoration: 356 milli
		[0.15%] Statistics handling: 436 milli
		[0.00%] Constraint-fixing steps: 0 milli
		[0.01%] Valid case splits: 20 milli. Average per split: 0.00 milli
		[0.00%] Applying stored bound-tightening: 6 milli
		[0.22%] SMT core: 665 milli
		[2.59%] Symbolic Bound Tightening: 7775 milli
		[24.87%] SoI-based local search: 74734 milli
		[0.00%] SoI-based local search: 0 milli
		[4.78%] Unaccounted for: 14376 milli
	--- Preprocessor Statistics ---
	Number of preprocessor bound-tightening loop iterations: 3
	Number of eliminated variables: 89
	Number of constraints removed due to variable elimination: 89
	Number of equations removed due to variable elimination: 0
	--- Engine Statistics ---
	Number of main loop iterations: 111344
		110023 iterations were simplex steps. Total time: 151158 milli. Average: 1.37 milli.
		0 iterations were constraint-fixing steps. Total time: 0 milli. Average: 0.00 milli
	Number of active piecewise-linear constraints: 130 / 167
		Constraints disabled by valid splits: 0. By SMT-originated splits: 37
	Last reported degradation: 0.0000000000. Max degradation so far: 0.5766487487. Restorations so far: 1
	Number of simplex pivots we attempted to skip because of instability: 21.
	Unstable pivots performed anyway: 0
	--- Tableau Statistics ---
	Total number of pivots performed: 96731
		Real pivots: 96612. Degenerate: 119 (0.12%)
		Degenerate pivots by request (e.g., to fix a PL constraint): 0 (0.00%)
		Average time per pivot: 0.26 milli
	Total number of fake pivots performed: 5441
	Total number of rows added: 0. Number of merged columns: 0
	Current tableau dimensions: M = 705, N = 2089
	--- SMT Core Statistics ---
	Total depth is 37. Total visited states: 917. Number of splits: 475. Number of pops: 441
	Max stack depth: 54
	--- Bound Tightening Statistics ---
	Number of tightened bounds: 194598.
		Number of rows examined by row tightener: 96731. Consequent tightenings: 8519
		Number of explicit basis matrices examined by row tightener: 512. Consequent tightenings: 20320
		Number of bound tightening rounds on the entire constraint matrix: 0. Consequent tightenings: 0
		Number of bound notifications sent to PL constraints: 30240. Tightenings proposed: 0
	--- Basis Factorization statistics ---
	Number of basis refactorizations: 845
	--- Projected Steepest Edge Statistics ---
	Number of iterations: 102193.
	Number of resets to reference space: 504. Avg. iterations per reset: 202
	--- SBT ---
	Number of tightened bounds: 194983
	--- SoI-based local search ---
	Number of proposed phase pattern update: 3273. Number of accepted update: 2797 [85.46%]
	Total time (% of local search time) updating SoI phase pattern : 209850 milli [0.28%]
	Total time obtaining current assignment: 820740 milli [1.10%]
	Total time getting SoI phase pattern : 147872 milli [0.05%]
	--- Context dependent statistics ---
	Number of pushes / pops: 916 / 879
		[0.01%] Pre-Push hook: 36 milli
		[0.00%] Push : 0 milli
		[0.01%] Post-Pop hook: 34 milli
		[0.01%] Pop : 24 milli
		[0.03%] Total context-switching time: 95 milli
	--- Proof Certificate ---
	Number of certified leaves: 0
	Number of leaves to delegate: 0
Timeout
