InputQuery: /home/levn/Workspace/othello_world/queries/probe_robust/game_99_target_34_eps_0.1.txt
Engine::processInputQuery: Input query (before preprocessing): 449 equations, 1216 variables
Engine::processInputQuery: Input query (after preprocessing): 705 equations, 1353 variables

Input bounds:
	x0: [ -0.1567,   0.0433] 
	x1: [ -1.6342,  -1.4342] 
	x2: [ -0.5287,  -0.3287] 
	x3: [ -0.1452,   0.0548] 
	x4: [  0.3750,   0.5750] 
	x5: [  0.2235,   0.4235] 
	x6: [  1.0211,   1.2211] 
	x7: [ -3.7340,  -3.5340] 
	x8: [  0.6074,   0.8074] 
	x9: [  2.9339,   3.1339] 
	x10: [  0.6995,   0.8995] 
	x11: [ -0.0647,   0.1353] 
	x12: [ -2.0300,  -1.8300] 
	x13: [  2.3859,   2.5859] 
	x14: [ -2.2518,  -2.0518] 
	x15: [  1.7707,   1.9707] 
	x16: [ -2.1435,  -1.9435] 
	x17: [ -0.4059,  -0.2059] 
	x18: [ -4.1652,  -3.9652] 
	x19: [ -2.8440,  -2.6440] 
	x20: [  0.2546,   0.4546] 
	x21: [ -1.4063,  -1.2063] 
	x22: [  1.7763,   1.9763] 
	x23: [ -1.1849,  -0.9849] 
	x24: [  0.5788,   0.7788] 
	x25: [ -1.5261,  -1.3261] 
	x26: [  1.0714,   1.2714] 
	x27: [ -1.6089,  -1.4089] 
	x28: [  1.0684,   1.2684] 
	x29: [ -0.2833,  -0.0833] 
	x30: [  1.4035,   1.6035] 
	x31: [ -1.4535,  -1.2535] 
	x32: [ -1.1780,  -0.9780] 
	x33: [  0.7317,   0.9317] 
	x34: [ -2.4936,  -2.2936] 
	x35: [ -1.1474,  -0.9474] 
	x36: [ -2.3650,  -2.1650] 
	x37: [  0.2798,   0.4798] 
	x38: [  1.4900,   1.6900] 
	x39: [  0.6459,   0.8459] 
	x40: [ -0.2939,  -0.0939] 
	x41: [ -0.6181,  -0.4181] 
	x42: [ -0.1499,   0.0501] 
	x43: [ -0.2624,  -0.0624] 
	x44: [ -3.0891,  -2.8891] 
	x45: [  0.4879,   0.6879] 
	x46: [ -1.7390,  -1.5390] 
	x47: [ -2.0210,  -1.8210] 
	x48: [  0.3013,   0.5013] 
	x49: [ -0.2074,  -0.0074] 
	x50: [ -0.5247,  -0.3247] 
	x51: [  1.7538,   1.9538] 
	x52: [ -0.7902,  -0.5902] 
	x53: [  1.3391,   1.5391] 
	x54: [ -2.0764,  -1.8764] 
	x55: [  1.8037,   2.0037] 
	x56: [  0.5949,   0.7949] 
	x57: [ -0.3747,  -0.1747] 
	x58: [ -0.9709,  -0.7709] 
	x59: [  0.5307,   0.7307] 
	x60: [  0.1762,   0.3762] 
	x61: [ -1.8901,  -1.6901] 
	x62: [  0.7784,   0.9784] 
	x63: [  0.9075,   1.1075] 
	x64: [ -2.5653,  -2.3653] 
	x65: [ -1.7618,  -1.5618] 
	x66: [ -0.8756,  -0.6756] 
	x67: [ -1.7433,  -1.5433] 
	x68: [ -0.2752,  -0.0752] 
	x69: [  0.0187,   0.2187] 
	x70: [ -1.8305,  -1.6305] 
	x71: [ -2.0043,  -1.8043] 
	x72: [ -2.5631,  -2.3631] 
	x73: [ -1.2200,  -1.0200] 
	x74: [  1.0115,   1.2115] 
	x75: [ -2.0865,  -1.8865] 
	x76: [  4.0998,   4.2998] 
	x77: [ -0.5296,  -0.3296] 
	x78: [  1.2568,   1.4568] 
	x79: [ -1.0400,  -0.8400] 
	x80: [  1.6255,   1.8255] 
	x81: [  0.9765,   1.1765] 
	x82: [ -2.4843,  -2.2843] 
	x83: [  0.8899,   1.0899] 
	x84: [ -2.2229,  -2.0229] 
	x85: [ -0.7725,  -0.5725] 
	x86: [ -3.5638,  -3.3638] 
	x87: [  0.8045,   1.0045] 
	x88: [ -0.3942,  -0.1942] 
	x89: [  0.2612,   0.4612] 
	x90: [  2.1625,   2.3625] 
	x91: [  1.3742,   1.5742] 
	x92: [ -1.5410,  -1.3410] 
	x93: [  0.2911,   0.4911] 
	x94: [  3.1521,   3.3521] 
	x95: [ -4.5343,  -4.3343] 
	x96: [  0.0883,   0.2883] 
	x97: [  0.6520,   0.8520] 
	x98: [  2.0097,   2.2097] 
	x99: [ -0.9590,  -0.7590] 
	x100: [  0.7101,   0.9101] 
	x101: [ -1.2616,  -1.0616] 
	x102: [ -0.4134,  -0.2134] 
	x103: [  1.9345,   2.1345] 
	x104: [ -0.4579,  -0.2579] 
	x105: [ -4.5930,  -4.3930] 
	x106: [  0.2577,   0.4577] 
	x107: [ -0.8782,  -0.6782] 
	x108: [ -2.0337,  -1.8337] 
	x109: [  3.4056,   3.6056] 
	x110: [ -1.7459,  -1.5459] 
	x111: [ -1.7144,  -1.5144] 
	x112: [  2.1623,   2.3623] 
	x113: [  0.7779,   0.9779] 
	x114: [  1.1222,   1.3222] 
	x115: [  0.7825,   0.9825] 
	x116: [  1.5253,   1.7253] 
	x117: [ -1.7170,  -1.5170] 
	x118: [ -0.2721,  -0.0721] 
	x119: [ -1.5910,  -1.3910] 
	x120: [  1.7916,   1.9916] 
	x121: [  3.6310,   3.8310] 
	x122: [ -1.8503,  -1.6503] 
	x123: [ -0.5664,  -0.3664] 
	x124: [  1.3658,   1.5658] 
	x125: [  0.6416,   0.8416] 
	x126: [  0.4099,   0.6099] 
	x127: [  0.6840,   0.8840] 
	x128: [  1.4570,   1.6570] 
	x129: [ -4.3341,  -4.1341] 
	x130: [  0.2645,   0.4645] 
	x131: [  1.6934,   1.8934] 
	x132: [ -0.3159,  -0.1159] 
	x133: [ -2.1957,  -1.9957] 
	x134: [ -4.6909,  -4.4909] 
	x135: [  0.3014,   0.5014] 
	x136: [  0.0000,   0.2000] 
	x137: [ -1.1749,  -0.9749] 
	x138: [ -1.3874,  -1.1874] 
	x139: [  0.3789,   0.5789] 
	x140: [  0.7690,   0.9690] 
	x141: [  0.5024,   0.7024] 
	x142: [ -0.9315,  -0.7315] 
	x143: [  3.5664,   3.7664] 
	x144: [ -0.2329,  -0.0329] 
	x145: [  0.2372,   0.4372] 
	x146: [ -0.6752,  -0.4752] 
	x147: [  0.1129,   0.3129] 
	x148: [  2.2767,   2.4767] 
	x149: [ -1.2011,  -1.0011] 
	x150: [ -1.2057,  -1.0057] 
	x151: [  2.4939,   2.6939] 
	x152: [ -0.7607,  -0.5607] 
	x153: [ -1.2591,  -1.0591] 
	x154: [  2.6085,   2.8085] 
	x155: [  1.6915,   1.8915] 
	x156: [  0.7543,   0.9543] 
	x157: [ -4.2914,  -4.0914] 
	x158: [ -0.3779,  -0.1779] 
	x159: [ -1.3275,  -1.1275] 
	x160: [  0.8547,   1.0547] 
	x161: [  1.2829,   1.4829] 
	x162: [  0.5423,   0.7423] 
	x163: [ -1.5203,  -1.3203] 
	x164: [  1.3928,   1.5928] 
	x165: [ -2.6302,  -2.4302] 
	x166: [ -0.6871,  -0.4871] 
	x167: [ -0.0799,   0.1201] 
	x168: [ -1.0923,  -0.8923] 
	x169: [ -2.9772,  -2.7772] 
	x170: [ -1.3294,  -1.1294] 
	x171: [ -0.7166,  -0.5166] 
	x172: [ -1.9165,  -1.7165] 
	x173: [ -0.7522,  -0.5522] 
	x174: [  0.9360,   1.1360] 
	x175: [  0.6338,   0.8338] 
	x176: [ -0.3576,  -0.1576] 
	x177: [ -1.3305,  -1.1305] 
	x178: [  0.7839,   0.9839] 
	x179: [ -4.7120,  -4.5120] 
	x180: [  4.2010,   4.4010] 
	x181: [ -1.1447,  -0.9447] 
	x182: [  1.2466,   1.4466] 
	x183: [ -2.2820,  -2.0820] 
	x184: [  1.9152,   2.1152] 
	x185: [  0.1806,   0.3806] 
	x186: [  1.2527,   1.4527] 
	x187: [  0.8787,   1.0787] 
	x188: [  0.2033,   0.4033] 
	x189: [  0.3236,   0.5236] 
	x190: [  0.9231,   1.1231] 
	x191: [  0.0929,   0.2929] 
	x192: [  1.9460,   2.1460] 
	x193: [ -2.2010,  -2.0010] 
	x194: [ -1.2330,  -1.0330] 
	x195: [  2.2730,   2.4730] 
	x196: [ -1.2328,  -1.0328] 
	x197: [  1.8665,   2.0665] 
	x198: [ -3.4578,  -3.2578] 
	x199: [  0.8323,   1.0323] 
	x200: [  0.0038,   0.2038] 
	x201: [  2.6484,   2.8484] 
	x202: [  1.6783,   1.8783] 
	x203: [ -1.7657,  -1.5657] 
	x204: [ -0.6771,  -0.4771] 
	x205: [  1.6485,   1.8485] 
	x206: [  1.8722,   2.0722] 
	x207: [ -0.0924,   0.1076] 
	x208: [ -0.8840,  -0.6840] 
	x209: [ -2.6769,  -2.4769] 
	x210: [ -3.9280,  -3.7280] 
	x211: [  0.2704,   0.4704] 
	x212: [ -3.5136,  -3.3136] 
	x213: [ -5.1951,  -4.9951] 
	x214: [ -0.1290,   0.0710] 
	x215: [  1.3238,   1.5238] 
	x216: [ -1.9237,  -1.7237] 
	x217: [ -0.8848,  -0.6848] 
	x218: [  0.8491,   1.0491] 
	x219: [ -0.5995,  -0.3995] 
	x220: [ -0.3050,  -0.1050] 
	x221: [ -4.7707,  -4.5707] 
	x222: [  0.1933,   0.3933] 
	x223: [  0.6516,   0.8516] 
	x224: [ -2.6095,  -2.4095] 
	x225: [  1.2637,   1.4637] 
	x226: [ -3.5289,  -3.3289] 
	x227: [ -0.0682,   0.1318] 
	x228: [  1.7236,   1.9236] 
	x229: [  1.5057,   1.7057] 
	x230: [  3.2388,   3.4388] 
	x231: [  2.1141,   2.3141] 
	x232: [ -1.2645,  -1.0645] 
	x233: [  1.7482,   1.9482] 
	x234: [ -0.7702,  -0.5702] 
	x235: [  0.3426,   0.5426] 
	x236: [  2.6582,   2.8582] 
	x237: [  1.5464,   1.7464] 
	x238: [ -0.3704,  -0.1704] 
	x239: [  3.3032,   3.5032] 
	x240: [  0.3729,   0.5729] 
	x241: [  0.5740,   0.7740] 
	x242: [ -1.0169,  -0.8169] 
	x243: [  4.8406,   5.0406] 
	x244: [  0.0497,   0.2497] 
	x245: [  0.2664,   0.4664] 
	x246: [  0.3161,   0.5161] 
	x247: [ -3.5750,  -3.3750] 
	x248: [  0.7443,   0.9443] 
	x249: [  1.2661,   1.4661] 
	x250: [ -2.1589,  -1.9589] 
	x251: [ -0.1469,   0.0531] 
	x252: [  0.6639,   0.8639] 
	x253: [  1.9542,   2.1542] 
	x254: [  0.2533,   0.4533] 
	x255: [ -0.2801,  -0.0801] 
	x256: [  0.4225,   0.6225] 
	x257: [  0.3068,   0.5068] 
	x258: [  0.0616,   0.2616] 
	x259: [  0.3756,   0.5756] 
	x260: [  0.6095,   0.8095] 
	x261: [ -1.7236,  -1.5236] 
	x262: [ -0.6761,  -0.4761] 
	x263: [  0.1329,   0.3329] 
	x264: [ -0.4497,  -0.2497] 
	x265: [  2.2293,   2.4293] 
	x266: [ -2.4222,  -2.2222] 
	x267: [  2.7618,   2.9618] 
	x268: [ -2.5189,  -2.3189] 
	x269: [ -3.1563,  -2.9563] 
	x270: [ -1.1174,  -0.9174] 
	x271: [  2.6960,   2.8960] 
	x272: [ -1.0904,  -0.8904] 
	x273: [  2.3098,   2.5098] 
	x274: [ -2.3396,  -2.1396] 
	x275: [  1.9555,   2.1555] 
	x276: [  0.4543,   0.6543] 
	x277: [ -0.6455,  -0.4455] 
	x278: [ -0.6819,  -0.4819] 
	x279: [  4.6924,   4.8924] 
	x280: [ -0.6295,  -0.4295] 
	x281: [ -0.5453,  -0.3453] 
	x282: [ -1.5430,  -1.3430] 
	x283: [ -2.5029,  -2.3029] 
	x284: [ -2.8299,  -2.6299] 
	x285: [  4.5584,   4.7584] 
	x286: [  1.4904,   1.6904] 
	x287: [  2.2990,   2.4990] 
	x288: [ -0.7991,  -0.5991] 
	x289: [ -0.7527,  -0.5527] 
	x290: [  2.8578,   3.0578] 
	x291: [  2.1326,   2.3326] 
	x292: [  2.6275,   2.8275] 
	x293: [ -1.3838,  -1.1838] 
	x294: [  1.1619,   1.3619] 
	x295: [  1.7945,   1.9945] 
	x296: [  1.2509,   1.4509] 
	x297: [  0.7740,   0.9740] 
	x298: [ -1.4152,  -1.2152] 
	x299: [  2.0540,   2.2540] 
	x300: [  2.3514,   2.5514] 
	x301: [ -0.6671,  -0.4671] 
	x302: [  1.2532,   1.4532] 
	x303: [ -1.6465,  -1.4465] 
	x304: [  2.5071,   2.7071] 
	x305: [  2.8017,   3.0017] 
	x306: [ -1.2104,  -1.0104] 
	x307: [ -2.2574,  -2.0574] 
	x308: [  0.0908,   0.2908] 
	x309: [ -0.0822,   0.1178] 
	x310: [  0.8692,   1.0692] 
	x311: [  2.7948,   2.9948] 
	x312: [  1.4453,   1.6453] 
	x313: [ -0.2995,  -0.0995] 
	x314: [ -1.4018,  -1.2018] 
	x315: [ -1.9351,  -1.7351] 
	x316: [  1.8185,   2.0185] 
	x317: [ -1.0138,  -0.8138] 
	x318: [ -0.2930,  -0.0930] 
	x319: [  0.2118,   0.4118] 
	x320: [ -0.6168,  -0.4168] 
	x321: [ -0.1010,   0.0990] 
	x322: [ -0.6374,  -0.4374] 
	x323: [ -1.1286,  -0.9286] 
	x324: [ -0.9838,  -0.7838] 
	x325: [ -1.6282,  -1.4282] 
	x326: [ -1.6307,  -1.4307] 
	x327: [ -3.4354,  -3.2354] 
	x328: [  0.1043,   0.3043] 
	x329: [  1.5158,   1.7158] 
	x330: [ -2.1205,  -1.9205] 
	x331: [ -2.4411,  -2.2411] 
	x332: [ -3.3258,  -3.1258] 
	x333: [ -1.5187,  -1.3187] 
	x334: [  2.1864,   2.3864] 
	x335: [  0.2133,   0.4133] 
	x336: [ -0.4581,  -0.2581] 
	x337: [  0.4222,   0.6222] 
	x338: [ -1.8405,  -1.6405] 
	x339: [  3.5268,   3.7268] 
	x340: [  1.2987,   1.4987] 
	x341: [  0.8091,   1.0091] 
	x342: [ -0.8476,  -0.6476] 
	x343: [  2.5181,   2.7181] 
	x344: [ -1.5881,  -1.3881] 
	x345: [  0.5097,   0.7097] 
	x346: [ -2.0955,  -1.8955] 
	x347: [ -0.5417,  -0.3417] 
	x348: [  1.8068,   2.0068] 
	x349: [  0.6107,   0.8107] 
	x350: [ -2.1398,  -1.9398] 
	x351: [ -2.2908,  -2.0908] 
	x352: [  2.1007,   2.3007] 
	x353: [ -1.2943,  -1.0943] 
	x354: [  1.4744,   1.6744] 
	x355: [  2.0286,   2.2286] 
	x356: [ -0.0018,   0.1982] 
	x357: [  2.1058,   2.3058] 
	x358: [  1.9272,   2.1272] 
	x359: [  1.9942,   2.1942] 
	x360: [ -3.5648,  -3.3648] 
	x361: [ -1.5762,  -1.3762] 
	x362: [ -2.0991,  -1.8991] 
	x363: [ -1.5790,  -1.3790] 
	x364: [ -0.9141,  -0.7141] 
	x365: [  0.0993,   0.2993] 
	x366: [  0.8846,   1.0846] 
	x367: [  1.9390,   2.1390] 
	x368: [  0.3725,   0.5725] 
	x369: [ -2.3217,  -2.1217] 
	x370: [  0.0331,   0.2331] 
	x371: [ -2.5188,  -2.3188] 
	x372: [  3.6638,   3.8638] 
	x373: [ -2.4388,  -2.2388] 
	x374: [  1.6605,   1.8605] 
	x375: [ -5.5334,  -5.3334] 
	x376: [  0.9256,   1.1256] 
	x377: [ -0.1172,   0.0828] 
	x378: [  0.1477,   0.3477] 
	x379: [ -1.8010,  -1.6010] 
	x380: [ -0.9106,  -0.7106] 
	x381: [  0.1715,   0.3715] 
	x382: [  0.9616,   1.1616] 
	x383: [ -0.8768,  -0.6768] 
	x384: [  2.4523,   2.6523] 
	x385: [  2.5628,   2.7628] 
	x386: [ -3.7739,  -3.5739] 
	x387: [  0.7074,   0.9074] 
	x388: [  0.1997,   0.3997] 
	x389: [ -1.2825,  -1.0825] 
	x390: [  1.2054,   1.4054] 
	x391: [ -5.6091,  -5.4091] 
	x392: [ -1.1871,  -0.9871] 
	x393: [  0.3207,   0.5207] 
	x394: [ -0.9668,  -0.7668] 
	x395: [  3.1272,   3.3272] 
	x396: [  0.4325,   0.6325] 
	x397: [ -1.7205,  -1.5205] 
	x398: [ -0.5989,  -0.3989] 
	x399: [  0.3434,   0.5434] 
	x400: [  1.5020,   1.7020] 
	x401: [ -1.4212,  -1.2212] 
	x402: [  0.5186,   0.7186] 
	x403: [ -1.7400,  -1.5400] 
	x404: [ -2.8525,  -2.6525] 
	x405: [  0.3818,   0.5818] 
	x406: [  1.5803,   1.7803] 
	x407: [ -2.3393,  -2.1393] 
	x408: [ -2.9044,  -2.7044] 
	x409: [  1.1449,   1.3449] 
	x410: [  0.7889,   0.9889] 
	x411: [ -1.6144,  -1.4144] 
	x412: [ -0.5085,  -0.3085] 
	x413: [ -1.8087,  -1.6087] 
	x414: [ -0.5665,  -0.3665] 
	x415: [ -0.8794,  -0.6794] 
	x416: [  0.4181,   0.6181] 
	x417: [  0.3356,   0.5356] 
	x418: [  1.0658,   1.2658] 
	x419: [ -1.3860,  -1.1860] 
	x420: [  0.2408,   0.4408] 
	x421: [ -1.0089,  -0.8089] 
	x422: [ -0.4359,  -0.2359] 
	x423: [  0.9353,   1.1353] 
	x424: [ -0.0301,   0.1699] 
	x425: [  1.2129,   1.4129] 
	x426: [ -0.4585,  -0.2585] 
	x427: [  1.1427,   1.3427] 
	x428: [ -1.5072,  -1.3072] 
	x429: [  1.2569,   1.4569] 
	x430: [  2.1195,   2.3195] 
	x431: [ -3.9699,  -3.7699] 
	x432: [  0.5014,   0.7014] 
	x433: [ -2.6236,  -2.4236] 
	x434: [  2.7246,   2.9246] 
	x435: [  3.0024,   3.2024] 
	x436: [ -0.5917,  -0.3917] 
	x437: [  2.3612,   2.5612] 
	x438: [  0.0806,   0.2806] 
	x439: [  0.3753,   0.5753] 
	x440: [ -0.3224,  -0.1224] 
	x441: [ -0.1208,   0.0792] 
	x442: [  0.3070,   0.5070] 
	x443: [ -3.1881,  -2.9881] 
	x444: [  0.0313,   0.2313] 
	x445: [  0.6678,   0.8678] 
	x446: [  1.2018,   1.4018] 
	x447: [  1.1951,   1.3951] 
	x448: [ -1.2409,  -1.0409] 
	x449: [  2.6781,   2.8781] 
	x450: [  0.0222,   0.2222] 
	x451: [  0.5917,   0.7917] 
	x452: [ -0.9343,  -0.7343] 
	x453: [  0.1324,   0.3324] 
	x454: [ -0.8046,  -0.6046] 
	x455: [ -3.5381,  -3.3381] 
	x456: [  1.4202,   1.6202] 
	x457: [ -1.6345,  -1.4345] 
	x458: [  3.8547,   4.0547] 
	x459: [  1.2161,   1.4161] 
	x460: [ -0.1822,   0.0178] 
	x461: [ -0.5336,  -0.3336] 
	x462: [  0.4373,   0.6373] 
	x463: [ -1.9357,  -1.7357] 
	x464: [  0.7720,   0.9720] 
	x465: [ -1.1031,  -0.9031] 
	x466: [  0.6821,   0.8821] 
	x467: [  1.5641,   1.7641] 
	x468: [  1.2529,   1.4529] 
	x469: [ -4.4568,  -4.2568] 
	x470: [  1.9834,   2.1834] 
	x471: [  0.4244,   0.6244] 
	x472: [ -0.6048,  -0.4048] 
	x473: [ -0.0105,   0.1895] 
	x474: [ -0.5941,  -0.3941] 
	x475: [ -0.4618,  -0.2618] 
	x476: [ -0.4233,  -0.2233] 
	x477: [  1.2885,   1.4885] 
	x478: [ -2.0922,  -1.8922] 
	x479: [ -0.7391,  -0.5391] 
	x480: [ -0.6229,  -0.4229] 
	x481: [  0.8242,   1.0242] 
	x482: [  0.4769,   0.6769] 
	x483: [  0.9330,   1.1330] 
	x484: [  4.0108,   4.2108] 
	x485: [  1.2764,   1.4764] 
	x486: [ -0.5054,  -0.3054] 
	x487: [  0.0767,   0.2767] 
	x488: [  1.0203,   1.2203] 
	x489: [ -0.3452,  -0.1452] 
	x490: [  1.6492,   1.8492] 
	x491: [ -0.7729,  -0.5729] 
	x492: [  0.2704,   0.4704] 
	x493: [ -1.3891,  -1.1891] 
	x494: [ -0.2582,  -0.0582] 
	x495: [ -0.9096,  -0.7096] 
	x496: [  1.0316,   1.2316] 
	x497: [  2.3443,   2.5443] 
	x498: [  0.3467,   0.5467] 
	x499: [  0.3582,   0.5582] 
	x500: [ -1.4818,  -1.2818] 
	x501: [ -0.2846,  -0.0846] 
	x502: [ -3.5497,  -3.3497] 
	x503: [  2.4229,   2.6229] 
	x504: [ -2.5753,  -2.3753] 
	x505: [ -0.4940,  -0.2940] 
	x506: [  0.9992,   1.1992] 
	x507: [  2.6124,   2.8124] 
	x508: [  0.3702,   0.5702] 
	x509: [ -1.0548,  -0.8548] 
	x510: [  1.4128,   1.6128] 
	x511: [ -0.7457,  -0.5457] 

Branching heuristics set to PseudoImpact

Engine::solve: Initial statistics

02:39:45 Statistics update:
	--- Time Statistics ---
	Total time elapsed: 1287 milli (00:00:01)
		Main loop: 0 milli (00:00:00)
		Preprocessing time: 663 milli (00:00:00)
		Unknown: 623 milli (00:00:00)
	Breakdown for main loop:
		[0.00%] Simplex steps: 0 milli
		[0.00%] Explicit-basis bound tightening: 0 milli
		[0.00%] Constraint-matrix bound tightening: 0 milli
		[0.00%] Degradation checking: 0 milli
		[0.00%] Precision restoration: 0 milli
		[0.00%] Statistics handling: 0 milli
		[0.00%] Constraint-fixing steps: 0 milli
		[0.00%] Valid case splits: 0 milli. Average per split: 0.00 milli
		[0.00%] Applying stored bound-tightening: 0 milli
		[0.00%] SMT core: 0 milli
		[0.00%] Symbolic Bound Tightening: 41 milli
		[0.00%] SoI-based local search: 0 milli
		[0.00%] SoI-based local search: 0 milli
		[0.00%] Unaccounted for: 0 milli
	--- Preprocessor Statistics ---
	Number of preprocessor bound-tightening loop iterations: 3
	Number of eliminated variables: 120
	Number of constraints removed due to variable elimination: 120
	Number of equations removed due to variable elimination: 0
	--- Engine Statistics ---
	Number of main loop iterations: 1
		0 iterations were simplex steps. Total time: 0 milli. Average: 0.00 milli.
		0 iterations were constraint-fixing steps. Total time: 0 milli. Average: 0.00 milli
	Number of active piecewise-linear constraints: 136 / 136
		Constraints disabled by valid splits: 0. By SMT-originated splits: 0
	Last reported degradation: 0.0000000000. Max degradation so far: 0.0000000000. Restorations so far: 0
	Number of simplex pivots we attempted to skip because of instability: 0.
	Unstable pivots performed anyway: 0
	--- Tableau Statistics ---
	Total number of pivots performed: 0
		Real pivots: 0. Degenerate: 0 (0.00%)
		Degenerate pivots by request (e.g., to fix a PL constraint): 0 (0.00%)
		Average time per pivot: 0.00 milli
	Total number of fake pivots performed: 0
	Total number of rows added: 0. Number of merged columns: 0
	Current tableau dimensions: M = 705, N = 2058
	--- SMT Core Statistics ---
	Total depth is 0. Total visited states: 1. Number of splits: 0. Number of pops: 0
	Max stack depth: 0
	--- Bound Tightening Statistics ---
	Number of tightened bounds: 0.
		Number of rows examined by row tightener: 0. Consequent tightenings: 0
		Number of explicit basis matrices examined by row tightener: 0. Consequent tightenings: 0
		Number of bound tightening rounds on the entire constraint matrix: 0. Consequent tightenings: 0
		Number of bound notifications sent to PL constraints: 816. Tightenings proposed: 0
	--- Basis Factorization statistics ---
	Number of basis refactorizations: 2
	--- Projected Steepest Edge Statistics ---
	Number of iterations: 0.
	Number of resets to reference space: 1. Avg. iterations per reset: 0
	--- SBT ---
	Number of tightened bounds: 385
	--- SoI-based local search ---
	Number of proposed phase pattern update: 0. Number of accepted update: 0 [0.00%]
	Total time (% of local search time) updating SoI phase pattern : 0 milli [0.00%]
	Total time obtaining current assignment: 0 milli [0.00%]
	Total time getting SoI phase pattern : 0 milli [0.00%]
	--- Context dependent statistics ---
	Number of pushes / pops: 0 / 0
		[0.00%] Pre-Push hook: 0 milli
		[0.00%] Push : 0 milli
		[0.00%] Post-Pop hook: 0 milli
		[0.00%] Pop : 0 milli
		[0.00%] Total context-switching time: 0 milli
	--- Proof Certificate ---
	Number of certified leaves: 0
	Number of leaves to delegate: 0

---

02:42:02 Statistics update:
	--- Time Statistics ---
	Total time elapsed: 138068 milli (00:02:18)
		Main loop: 136401 milli (00:02:16)
		Preprocessing time: 663 milli (00:00:00)
		Unknown: 1003 milli (00:00:01)
	Breakdown for main loop:
		[68.68%] Simplex steps: 93685 milli
		[26.06%] Explicit-basis bound tightening: 35552 milli
		[0.00%] Constraint-matrix bound tightening: 0 milli
		[0.40%] Degradation checking: 550 milli
		[0.00%] Precision restoration: 0 milli
		[0.39%] Statistics handling: 528 milli
		[0.00%] Constraint-fixing steps: 0 milli
		[0.01%] Valid case splits: 11 milli. Average per split: 0.00 milli
		[0.01%] Applying stored bound-tightening: 7 milli
		[0.29%] SMT core: 395 milli
		[1.72%] Symbolic Bound Tightening: 2346 milli
		[41.70%] SoI-based local search: 56872 milli
		[0.00%] SoI-based local search: 0 milli
		[2.44%] Unaccounted for: 3324 milli
	--- Preprocessor Statistics ---
	Number of preprocessor bound-tightening loop iterations: 3
	Number of eliminated variables: 120
	Number of constraints removed due to variable elimination: 120
	Number of equations removed due to variable elimination: 0
	--- Engine Statistics ---
	Number of main loop iterations: 10000
		9835 iterations were simplex steps. Total time: 93685 milli. Average: 9.53 milli.
		0 iterations were constraint-fixing steps. Total time: 0 milli. Average: 0.00 milli
	Number of active piecewise-linear constraints: 130 / 136
		Constraints disabled by valid splits: 0. By SMT-originated splits: 6
	Last reported degradation: 0.0000009849. Max degradation so far: 0.0005087172. Restorations so far: 0
	Number of simplex pivots we attempted to skip because of instability: 0.
	Unstable pivots performed anyway: 0
	--- Tableau Statistics ---
	Total number of pivots performed: 7848
		Real pivots: 7835. Degenerate: 13 (0.17%)
		Degenerate pivots by request (e.g., to fix a PL constraint): 0 (0.00%)
		Average time per pivot: 1.32 milli
	Total number of fake pivots performed: 1320
	Total number of rows added: 0. Number of merged columns: 0
	Current tableau dimensions: M = 705, N = 2058
	--- SMT Core Statistics ---
	Total depth is 6. Total visited states: 111. Number of splits: 57. Number of pops: 53
	Max stack depth: 14
	--- Bound Tightening Statistics ---
	Number of tightened bounds: 21636.
		Number of rows examined by row tightener: 7848. Consequent tightenings: 129
		Number of explicit basis matrices examined by row tightener: 29. Consequent tightenings: 1112
		Number of bound tightening rounds on the entire constraint matrix: 0. Consequent tightenings: 0
		Number of bound notifications sent to PL constraints: 3190. Tightenings proposed: 0
	--- Basis Factorization statistics ---
	Number of basis refactorizations: 58
	--- Projected Steepest Edge Statistics ---
	Number of iterations: 9168.
	Number of resets to reference space: 57. Avg. iterations per reset: 160
	--- SBT ---
	Number of tightened bounds: 22021
	--- SoI-based local search ---
	Number of proposed phase pattern update: 271. Number of accepted update: 212 [78.23%]
	Total time (% of local search time) updating SoI phase pattern : 102949 milli [0.18%]
	Total time obtaining current assignment: 393987 milli [0.69%]
	Total time getting SoI phase pattern : 60248 milli [0.04%]
	--- Context dependent statistics ---
	Number of pushes / pops: 110 / 104
		[0.02%] Pre-Push hook: 25 milli
		[0.00%] Push : 0 milli
		[0.02%] Post-Pop hook: 28 milli
		[0.02%] Pop : 30 milli
		[0.06%] Total context-switching time: 85 milli
	--- Proof Certificate ---
	Number of certified leaves: 0
	Number of leaves to delegate: 0

Engine::solve: unsat query

02:42:45 Statistics update:
	--- Time Statistics ---
	Total time elapsed: 180984 milli (00:03:00)
		Main loop: 179693 milli (00:02:59)
		Preprocessing time: 663 milli (00:00:00)
		Unknown: 626 milli (00:00:00)
	Breakdown for main loop:
		[68.93%] Simplex steps: 123860 milli
		[25.48%] Explicit-basis bound tightening: 45790 milli
		[0.00%] Constraint-matrix bound tightening: 0 milli
		[0.41%] Degradation checking: 734 milli
		[0.00%] Precision restoration: 0 milli
		[0.39%] Statistics handling: 706 milli
		[0.00%] Constraint-fixing steps: 0 milli
		[0.01%] Valid case splits: 15 milli. Average per split: 0.00 milli
		[0.01%] Applying stored bound-tightening: 9 milli
		[0.29%] SMT core: 527 milli
		[1.76%] Symbolic Bound Tightening: 3159 milli
		[40.98%] SoI-based local search: 73640 milli
		[0.00%] SoI-based local search: 0 milli
		[2.72%] Unaccounted for: 4890 milli
	--- Preprocessor Statistics ---
	Number of preprocessor bound-tightening loop iterations: 3
	Number of eliminated variables: 120
	Number of constraints removed due to variable elimination: 120
	Number of equations removed due to variable elimination: 0
	--- Engine Statistics ---
	Number of main loop iterations: 16160
		15905 iterations were simplex steps. Total time: 123860 milli. Average: 7.79 milli.
		0 iterations were constraint-fixing steps. Total time: 0 milli. Average: 0.00 milli
	Number of active piecewise-linear constraints: 131 / 136
		Constraints disabled by valid splits: 0. By SMT-originated splits: 5
	Last reported degradation: 0.0000009849. Max degradation so far: 0.0005087172. Restorations so far: 0
	Number of simplex pivots we attempted to skip because of instability: 0.
	Unstable pivots performed anyway: 0
	--- Tableau Statistics ---
	Total number of pivots performed: 13111
		Real pivots: 13094. Degenerate: 17 (0.13%)
		Degenerate pivots by request (e.g., to fix a PL constraint): 0 (0.00%)
		Average time per pivot: 1.08 milli
	Total number of fake pivots performed: 1755
	Total number of rows added: 0. Number of merged columns: 0
	Current tableau dimensions: M = 705, N = 2058
	--- SMT Core Statistics ---
	Total depth is 5. Total visited states: 178. Number of splits: 88. Number of pops: 89
	Max stack depth: 14
	--- Bound Tightening Statistics ---
	Number of tightened bounds: 34643.
		Number of rows examined by row tightener: 13111. Consequent tightenings: 397
		Number of explicit basis matrices examined by row tightener: 58. Consequent tightenings: 3185
		Number of bound tightening rounds on the entire constraint matrix: 0. Consequent tightenings: 0
		Number of bound notifications sent to PL constraints: 5564. Tightenings proposed: 0
	--- Basis Factorization statistics ---
	Number of basis refactorizations: 102
	--- Projected Steepest Edge Statistics ---
	Number of iterations: 14866.
	Number of resets to reference space: 92. Avg. iterations per reset: 161
	--- SBT ---
	Number of tightened bounds: 35028
	--- SoI-based local search ---
	Number of proposed phase pattern update: 419. Number of accepted update: 330 [78.76%]
	Total time (% of local search time) updating SoI phase pattern : 130253 milli [0.18%]
	Total time obtaining current assignment: 524190 milli [0.71%]
	Total time getting SoI phase pattern : 74246 milli [0.04%]
	--- Context dependent statistics ---
	Number of pushes / pops: 176 / 176
		[0.02%] Pre-Push hook: 32 milli
		[0.00%] Push : 0 milli
		[0.02%] Post-Pop hook: 36 milli
		[0.02%] Pop : 40 milli
		[0.06%] Total context-switching time: 110 milli
	--- Proof Certificate ---
	Number of certified leaves: 0
	Number of leaves to delegate: 0
unsat
