InputQuery: /home/levn/Workspace/othello_world/queries/probe_robust/game_54_target_35_eps_0.1.txt
Engine::processInputQuery: Input query (before preprocessing): 449 equations, 1216 variables
Engine::processInputQuery: Input query (after preprocessing): 705 equations, 1389 variables

Input bounds:
	x0: [ -1.3167,  -1.1167] 
	x1: [ -1.0825,  -0.8825] 
	x2: [  0.7101,   0.9101] 
	x3: [  0.1307,   0.3307] 
	x4: [ -1.5886,  -1.3886] 
	x5: [ -0.3250,  -0.1250] 
	x6: [ -0.7392,  -0.5392] 
	x7: [  2.6556,   2.8556] 
	x8: [ -1.4970,  -1.2970] 
	x9: [  0.7619,   0.9619] 
	x10: [ -1.6964,  -1.4964] 
	x11: [  0.8322,   1.0322] 
	x12: [ -1.7996,  -1.5996] 
	x13: [  0.6542,   0.8542] 
	x14: [  1.0606,   1.2606] 
	x15: [ -1.2727,  -1.0727] 
	x16: [ -1.5512,  -1.3512] 
	x17: [ -2.0083,  -1.8083] 
	x18: [  1.0740,   1.2740] 
	x19: [  1.4780,   1.6780] 
	x20: [ -0.8798,  -0.6798] 
	x21: [  0.7808,   0.9808] 
	x22: [ -1.7831,  -1.5831] 
	x23: [  1.1838,   1.3838] 
	x24: [ -0.9098,  -0.7098] 
	x25: [  0.4365,   0.6365] 
	x26: [  2.1223,   2.3223] 
	x27: [ -0.9508,  -0.7508] 
	x28: [ -0.0152,   0.1848] 
	x29: [ -0.9305,  -0.7305] 
	x30: [ -1.4276,  -1.2276] 
	x31: [  0.7232,   0.9232] 
	x32: [  0.8392,   1.0392] 
	x33: [ -1.9898,  -1.7898] 
	x34: [ -0.7501,  -0.5501] 
	x35: [ -2.6315,  -2.4315] 
	x36: [ -1.3259,  -1.1259] 
	x37: [ -1.4607,  -1.2607] 
	x38: [  1.5931,   1.7931] 
	x39: [ -0.8189,  -0.6189] 
	x40: [  1.5869,   1.7869] 
	x41: [ -0.2461,  -0.0461] 
	x42: [  0.4094,   0.6094] 
	x43: [  2.1966,   2.3966] 
	x44: [ -0.9160,  -0.7160] 
	x45: [ -1.5974,  -1.3974] 
	x46: [  2.0149,   2.2149] 
	x47: [  0.0005,   0.2005] 
	x48: [ -2.2507,  -2.0507] 
	x49: [  1.0268,   1.2268] 
	x50: [ -0.1033,   0.0967] 
	x51: [  2.3604,   2.5604] 
	x52: [  0.4409,   0.6409] 
	x53: [ -0.4825,  -0.2825] 
	x54: [  1.7473,   1.9473] 
	x55: [  0.3560,   0.5560] 
	x56: [  0.7917,   0.9917] 
	x57: [ -0.0216,   0.1784] 
	x58: [  3.6185,   3.8185] 
	x59: [  2.2972,   2.4972] 
	x60: [ -0.4815,  -0.2815] 
	x61: [  1.0985,   1.2985] 
	x62: [  0.9231,   1.1231] 
	x63: [ -1.2281,  -1.0281] 
	x64: [ -1.1906,  -0.9906] 
	x65: [  3.1093,   3.3093] 
	x66: [ -3.3819,  -3.1819] 
	x67: [ -0.2179,  -0.0179] 
	x68: [  0.0259,   0.2259] 
	x69: [  0.9695,   1.1695] 
	x70: [ -0.4507,  -0.2507] 
	x71: [  0.5116,   0.7116] 
	x72: [  1.9063,   2.1063] 
	x73: [ -1.6455,  -1.4455] 
	x74: [  0.6596,   0.8596] 
	x75: [ -1.0524,  -0.8524] 
	x76: [  0.4181,   0.6181] 
	x77: [ -1.8828,  -1.6828] 
	x78: [  0.7150,   0.9150] 
	x79: [  3.3145,   3.5145] 
	x80: [  0.1153,   0.3153] 
	x81: [ -1.5858,  -1.3858] 
	x82: [  3.5754,   3.7754] 
	x83: [  0.2092,   0.4092] 
	x84: [ -0.3183,  -0.1183] 
	x85: [  2.2282,   2.4282] 
	x86: [  1.1601,   1.3601] 
	x87: [ -1.7860,  -1.5860] 
	x88: [ -0.1603,   0.0397] 
	x89: [ -1.0796,  -0.8796] 
	x90: [ -1.4612,  -1.2612] 
	x91: [ -0.1142,   0.0858] 
	x92: [  2.2823,   2.4823] 
	x93: [  3.3633,   3.5633] 
	x94: [  0.9497,   1.1497] 
	x95: [  1.9573,   2.1573] 
	x96: [  0.0990,   0.2990] 
	x97: [  0.0373,   0.2373] 
	x98: [ -1.5344,  -1.3344] 
	x99: [  3.7881,   3.9881] 
	x100: [ -2.6323,  -2.4323] 
	x101: [ -0.5965,  -0.3965] 
	x102: [ -1.3718,  -1.1718] 
	x103: [ -1.9163,  -1.7163] 
	x104: [  0.2935,   0.4935] 
	x105: [  1.5115,   1.7115] 
	x106: [  0.1645,   0.3645] 
	x107: [  0.0789,   0.2789] 
	x108: [ -0.7330,  -0.5330] 
	x109: [ -3.3647,  -3.1647] 
	x110: [  1.9053,   2.1053] 
	x111: [  2.0303,   2.2303] 
	x112: [  0.0502,   0.2502] 
	x113: [ -0.7981,  -0.5981] 
	x114: [  1.1497,   1.3497] 
	x115: [ -0.7865,  -0.5865] 
	x116: [  1.0202,   1.2202] 
	x117: [  2.1393,   2.3393] 
	x118: [ -1.5724,  -1.3724] 
	x119: [  1.1045,   1.3045] 
	x120: [ -1.7618,  -1.5618] 
	x121: [  1.1880,   1.3880] 
	x122: [  2.3888,   2.5888] 
	x123: [ -2.5924,  -2.3924] 
	x124: [  0.2130,   0.4130] 
	x125: [  1.6565,   1.8565] 
	x126: [  0.6041,   0.8041] 
	x127: [ -0.7804,  -0.5804] 
	x128: [ -1.1507,  -0.9507] 
	x129: [ -2.7787,  -2.5787] 
	x130: [  0.8036,   1.0036] 
	x131: [ -0.1920,   0.0080] 
	x132: [  1.0956,   1.2956] 
	x133: [  1.1699,   1.3699] 
	x134: [  3.7291,   3.9291] 
	x135: [ -0.2689,  -0.0689] 
	x136: [ -1.8478,  -1.6478] 
	x137: [  2.3618,   2.5618] 
	x138: [  0.9216,   1.1216] 
	x139: [ -2.8860,  -2.6860] 
	x140: [  1.3078,   1.5078] 
	x141: [  0.5406,   0.7406] 
	x142: [  0.0492,   0.2492] 
	x143: [ -2.1340,  -1.9340] 
	x144: [  1.3207,   1.5207] 
	x145: [  2.6517,   2.8517] 
	x146: [ -0.1141,   0.0859] 
	x147: [ -0.8301,  -0.6301] 
	x148: [ -1.5546,  -1.3546] 
	x149: [ -1.1082,  -0.9082] 
	x150: [ -1.0168,  -0.8168] 
	x151: [  3.4824,   3.6824] 
	x152: [  0.4585,   0.6585] 
	x153: [ -0.7520,  -0.5520] 
	x154: [ -0.2371,  -0.0371] 
	x155: [  0.2205,   0.4205] 
	x156: [ -0.5148,  -0.3148] 
	x157: [  0.7889,   0.9889] 
	x158: [  1.2156,   1.4156] 
	x159: [  0.8731,   1.0731] 
	x160: [ -0.1041,   0.0959] 
	x161: [ -1.0146,  -0.8146] 
	x162: [ -0.1249,   0.0751] 
	x163: [ -1.6920,  -1.4920] 
	x164: [  0.5835,   0.7835] 
	x165: [ -0.4862,  -0.2862] 
	x166: [ -3.4914,  -3.2914] 
	x167: [  1.3343,   1.5343] 
	x168: [ -2.2343,  -2.0343] 
	x169: [ -0.9644,  -0.7644] 
	x170: [  2.3627,   2.5627] 
	x171: [ -2.7260,  -2.5260] 
	x172: [ -0.5878,  -0.3878] 
	x173: [  0.3535,   0.5535] 
	x174: [  0.0297,   0.2297] 
	x175: [  1.1719,   1.3719] 
	x176: [ -0.6143,  -0.4143] 
	x177: [  1.1276,   1.3276] 
	x178: [ -3.2891,  -3.0891] 
	x179: [  0.4318,   0.6318] 
	x180: [ -2.4959,  -2.2959] 
	x181: [ -0.7747,  -0.5747] 
	x182: [  2.8635,   3.0635] 
	x183: [  0.3540,   0.5540] 
	x184: [ -0.4589,  -0.2589] 
	x185: [ -1.7974,  -1.5974] 
	x186: [  1.4355,   1.6355] 
	x187: [ -2.8131,  -2.6131] 
	x188: [  0.6053,   0.8053] 
	x189: [  2.6573,   2.8573] 
	x190: [  1.1085,   1.3085] 
	x191: [  0.9899,   1.1899] 
	x192: [  0.3896,   0.5896] 
	x193: [ -2.0274,  -1.8274] 
	x194: [  1.9994,   2.1994] 
	x195: [  4.1642,   4.3642] 
	x196: [ -1.7129,  -1.5129] 
	x197: [ -0.4068,  -0.2068] 
	x198: [  1.6301,   1.8301] 
	x199: [  0.3244,   0.5244] 
	x200: [ -0.7081,  -0.5081] 
	x201: [ -0.5844,  -0.3844] 
	x202: [ -0.0260,   0.1740] 
	x203: [ -0.7642,  -0.5642] 
	x204: [  1.1738,   1.3738] 
	x205: [ -2.1957,  -1.9957] 
	x206: [ -1.5487,  -1.3487] 
	x207: [ -0.1092,   0.0908] 
	x208: [ -0.4031,  -0.2031] 
	x209: [ -0.4530,  -0.2530] 
	x210: [ -0.1894,   0.0106] 
	x211: [ -2.2444,  -2.0444] 
	x212: [  0.8788,   1.0788] 
	x213: [  0.1614,   0.3614] 
	x214: [ -0.6777,  -0.4777] 
	x215: [  0.2657,   0.4657] 
	x216: [  0.4886,   0.6886] 
	x217: [  0.2667,   0.4667] 
	x218: [  3.2251,   3.4251] 
	x219: [ -0.4918,  -0.2918] 
	x220: [ -1.3315,  -1.1315] 
	x221: [  0.1367,   0.3367] 
	x222: [  0.6230,   0.8230] 
	x223: [  3.1284,   3.3284] 
	x224: [ -0.8151,  -0.6151] 
	x225: [  3.7912,   3.9912] 
	x226: [  1.7812,   1.9812] 
	x227: [ -0.3111,  -0.1111] 
	x228: [ -2.7843,  -2.5843] 
	x229: [ -0.7516,  -0.5516] 
	x230: [  1.5757,   1.7757] 
	x231: [  0.7501,   0.9501] 
	x232: [  1.7283,   1.9283] 
	x233: [  0.9222,   1.1222] 
	x234: [  1.0438,   1.2438] 
	x235: [ -0.7738,  -0.5738] 
	x236: [ -2.6305,  -2.4305] 
	x237: [ -1.4637,  -1.2637] 
	x238: [ -0.5744,  -0.3744] 
	x239: [  4.9794,   5.1794] 
	x240: [  0.3956,   0.5956] 
	x241: [ -0.7466,  -0.5466] 
	x242: [ -0.7012,  -0.5012] 
	x243: [ -0.7036,  -0.5036] 
	x244: [ -0.7078,  -0.5078] 
	x245: [  0.5490,   0.7490] 
	x246: [ -2.1670,  -1.9670] 
	x247: [ -2.0374,  -1.8374] 
	x248: [  1.1051,   1.3051] 
	x249: [ -4.5053,  -4.3053] 
	x250: [  2.4972,   2.6972] 
	x251: [ -1.5763,  -1.3763] 
	x252: [ -1.5804,  -1.3804] 
	x253: [ -0.9050,  -0.7050] 
	x254: [ -0.6069,  -0.4069] 
	x255: [ -0.1553,   0.0447] 
	x256: [  1.9910,   2.1910] 
	x257: [ -1.1422,  -0.9422] 
	x258: [ -3.8841,  -3.6841] 
	x259: [ -2.2042,  -2.0042] 
	x260: [  0.1017,   0.3017] 
	x261: [ -0.8419,  -0.6419] 
	x262: [ -0.5848,  -0.3848] 
	x263: [ -0.7366,  -0.5366] 
	x264: [ -0.4391,  -0.2391] 
	x265: [ -4.0421,  -3.8421] 
	x266: [ -2.7886,  -2.5886] 
	x267: [ -0.1116,   0.0884] 
	x268: [  0.9756,   1.1756] 
	x269: [  0.4234,   0.6234] 
	x270: [  0.5971,   0.7971] 
	x271: [ -3.4913,  -3.2913] 
	x272: [ -0.6014,  -0.4014] 
	x273: [  2.2562,   2.4562] 
	x274: [  1.4267,   1.6267] 
	x275: [ -0.7209,  -0.5209] 
	x276: [ -0.3157,  -0.1157] 
	x277: [ -0.0215,   0.1785] 
	x278: [ -4.1001,  -3.9001] 
	x279: [  3.8023,   4.0023] 
	x280: [  1.0917,   1.2917] 
	x281: [  1.5669,   1.7669] 
	x282: [  1.4591,   1.6591] 
	x283: [ -0.5051,  -0.3051] 
	x284: [  0.0472,   0.2472] 
	x285: [  0.3236,   0.5236] 
	x286: [ -1.4750,  -1.2750] 
	x287: [  1.7695,   1.9695] 
	x288: [ -2.3341,  -2.1341] 
	x289: [ -0.2721,  -0.0721] 
	x290: [ -2.6110,  -2.4110] 
	x291: [ -1.2939,  -1.0939] 
	x292: [  0.3672,   0.5672] 
	x293: [  2.2905,   2.4905] 
	x294: [ -0.1574,   0.0426] 
	x295: [  0.5350,   0.7350] 
	x296: [ -1.5275,  -1.3275] 
	x297: [ -1.7271,  -1.5271] 
	x298: [ -7.5299,  -7.3299] 
	x299: [  0.7916,   0.9916] 
	x300: [ -1.5613,  -1.3613] 
	x301: [  1.2291,   1.4291] 
	x302: [  2.5050,   2.7050] 
	x303: [ -1.2445,  -1.0445] 
	x304: [ -1.3100,  -1.1100] 
	x305: [ -1.0961,  -0.8961] 
	x306: [ -2.0624,  -1.8624] 
	x307: [  0.1819,   0.3819] 
	x308: [  0.1221,   0.3221] 
	x309: [  1.5337,   1.7337] 
	x310: [  0.6695,   0.8695] 
	x311: [ -0.3489,  -0.1489] 
	x312: [ -3.1061,  -2.9061] 
	x313: [ -2.4189,  -2.2189] 
	x314: [ -2.1410,  -1.9410] 
	x315: [ -2.1876,  -1.9876] 
	x316: [  1.1493,   1.3493] 
	x317: [  2.0432,   2.2432] 
	x318: [ -2.1418,  -1.9418] 
	x319: [ -0.5181,  -0.3181] 
	x320: [ -1.9320,  -1.7320] 
	x321: [  0.0171,   0.2171] 
	x322: [ -2.6760,  -2.4760] 
	x323: [ -0.2518,  -0.0518] 
	x324: [ -0.7058,  -0.5058] 
	x325: [ -0.9361,  -0.7361] 
	x326: [  1.2348,   1.4348] 
	x327: [ -0.1947,   0.0053] 
	x328: [ -0.3846,  -0.1846] 
	x329: [  0.0542,   0.2542] 
	x330: [  0.7163,   0.9163] 
	x331: [  0.3605,   0.5605] 
	x332: [  2.7735,   2.9735] 
	x333: [  2.1372,   2.3372] 
	x334: [ -1.2158,  -1.0158] 
	x335: [ -0.4179,  -0.2179] 
	x336: [  0.7593,   0.9593] 
	x337: [ -0.9568,  -0.7568] 
	x338: [  0.6498,   0.8498] 
	x339: [ -0.0916,   0.1084] 
	x340: [ -1.6569,  -1.4569] 
	x341: [ -0.4668,  -0.2668] 
	x342: [  0.6792,   0.8792] 
	x343: [ -1.3768,  -1.1768] 
	x344: [  1.7944,   1.9944] 
	x345: [ -1.1329,  -0.9329] 
	x346: [  0.0551,   0.2551] 
	x347: [  0.2497,   0.4497] 
	x348: [  3.6269,   3.8269] 
	x349: [  2.5065,   2.7065] 
	x350: [ -1.2065,  -1.0065] 
	x351: [ -0.7127,  -0.5127] 
	x352: [  0.8478,   1.0478] 
	x353: [ -0.0634,   0.1366] 
	x354: [  0.6075,   0.8075] 
	x355: [  0.4350,   0.6350] 
	x356: [ -2.5652,  -2.3652] 
	x357: [  3.1569,   3.3569] 
	x358: [  0.3682,   0.5682] 
	x359: [ -2.8408,  -2.6408] 
	x360: [ -1.8645,  -1.6645] 
	x361: [  1.2074,   1.4074] 
	x362: [ -1.0723,  -0.8723] 
	x363: [ -1.4594,  -1.2594] 
	x364: [ -0.8483,  -0.6483] 
	x365: [ -0.3801,  -0.1801] 
	x366: [  0.8437,   1.0437] 
	x367: [  1.1224,   1.3224] 
	x368: [ -2.4471,  -2.2471] 
	x369: [  2.6407,   2.8407] 
	x370: [  1.6441,   1.8441] 
	x371: [  1.2562,   1.4562] 
	x372: [ -0.4035,  -0.2035] 
	x373: [  0.9962,   1.1962] 
	x374: [  0.0267,   0.2267] 
	x375: [ -1.6861,  -1.4861] 
	x376: [  3.5897,   3.7897] 
	x377: [  1.5316,   1.7316] 
	x378: [  0.3073,   0.5073] 
	x379: [ -0.9070,  -0.7070] 
	x380: [  1.8311,   2.0311] 
	x381: [ -0.4624,  -0.2624] 
	x382: [ -0.5204,  -0.3204] 
	x383: [  1.3448,   1.5448] 
	x384: [  0.8350,   1.0350] 
	x385: [ -0.5395,  -0.3395] 
	x386: [ -2.6752,  -2.4752] 
	x387: [  0.4587,   0.6587] 
	x388: [ -2.1569,  -1.9569] 
	x389: [ -3.8699,  -3.6699] 
	x390: [  0.2308,   0.4308] 
	x391: [ -1.6659,  -1.4659] 
	x392: [  2.1413,   2.3413] 
	x393: [ -0.7040,  -0.5040] 
	x394: [ -1.4281,  -1.2281] 
	x395: [ -0.3555,  -0.1555] 
	x396: [ -0.5886,  -0.3886] 
	x397: [ -0.2547,  -0.0547] 
	x398: [  1.3161,   1.5161] 
	x399: [ -0.9362,  -0.7362] 
	x400: [ -0.1696,   0.0304] 
	x401: [  0.1778,   0.3778] 
	x402: [  0.6351,   0.8351] 
	x403: [ -3.2161,  -3.0161] 
	x404: [ -0.2838,  -0.0838] 
	x405: [ -1.1641,  -0.9641] 
	x406: [  3.0344,   3.2344] 
	x407: [  2.3559,   2.5559] 
	x408: [  1.3917,   1.5917] 
	x409: [ -1.6371,  -1.4371] 
	x410: [  0.7223,   0.9223] 
	x411: [  1.0234,   1.2234] 
	x412: [ -0.0979,   0.1021] 
	x413: [  0.1232,   0.3232] 
	x414: [ -0.3586,  -0.1586] 
	x415: [  1.4542,   1.6542] 
	x416: [  1.2568,   1.4568] 
	x417: [  0.8942,   1.0942] 
	x418: [  0.8857,   1.0857] 
	x419: [ -0.5748,  -0.3748] 
	x420: [ -2.8099,  -2.6099] 
	x421: [  0.3253,   0.5253] 
	x422: [ -3.4678,  -3.2678] 
	x423: [ -2.2476,  -2.0476] 
	x424: [  1.0528,   1.2528] 
	x425: [ -1.4744,  -1.2744] 
	x426: [ -1.6689,  -1.4689] 
	x427: [ -4.5758,  -4.3758] 
	x428: [ -2.7710,  -2.5710] 
	x429: [  2.1947,   2.3947] 
	x430: [  1.1054,   1.3054] 
	x431: [  3.1189,   3.3189] 
	x432: [ -1.7505,  -1.5505] 
	x433: [  0.8457,   1.0457] 
	x434: [  4.2930,   4.4930] 
	x435: [ -2.3768,  -2.1768] 
	x436: [  0.5667,   0.7667] 
	x437: [ -3.0604,  -2.8604] 
	x438: [ -0.9417,  -0.7417] 
	x439: [ -1.2576,  -1.0576] 
	x440: [  1.1426,   1.3426] 
	x441: [  1.2834,   1.4834] 
	x442: [ -1.9076,  -1.7076] 
	x443: [ -1.4193,  -1.2193] 
	x444: [ -0.4005,  -0.2005] 
	x445: [ -0.5089,  -0.3089] 
	x446: [ -3.8178,  -3.6178] 
	x447: [  0.9829,   1.1829] 
	x448: [ -1.7059,  -1.5059] 
	x449: [ -1.8618,  -1.6618] 
	x450: [ -1.1255,  -0.9255] 
	x451: [ -0.8145,  -0.6145] 
	x452: [ -0.9676,  -0.7676] 
	x453: [ -1.1623,  -0.9623] 
	x454: [ -3.2207,  -3.0207] 
	x455: [  1.5563,   1.7563] 
	x456: [  1.2393,   1.4393] 
	x457: [  0.0954,   0.2954] 
	x458: [ -0.9947,  -0.7947] 
	x459: [ -4.2744,  -4.0744] 
	x460: [ -0.0845,   0.1155] 
	x461: [  0.7858,   0.9858] 
	x462: [ -0.6586,  -0.4586] 
	x463: [ -3.2930,  -3.0930] 
	x464: [ -1.6672,  -1.4672] 
	x465: [ -0.1675,   0.0325] 
	x466: [  2.8330,   3.0330] 
	x467: [ -4.0540,  -3.8540] 
	x468: [  0.8554,   1.0554] 
	x469: [  1.1478,   1.3478] 
	x470: [ -1.9288,  -1.7288] 
	x471: [  0.6670,   0.8670] 
	x472: [ -0.5589,  -0.3589] 
	x473: [ -2.0964,  -1.8964] 
	x474: [ -3.3042,  -3.1042] 
	x475: [  0.5438,   0.7438] 
	x476: [  1.2905,   1.4905] 
	x477: [  1.3031,   1.5031] 
	x478: [  1.9173,   2.1173] 
	x479: [ -0.0357,   0.1643] 
	x480: [ -1.3996,  -1.1996] 
	x481: [ -0.2440,  -0.0440] 
	x482: [ -1.0420,  -0.8420] 
	x483: [  0.5547,   0.7547] 
	x484: [  1.7837,   1.9837] 
	x485: [  0.8725,   1.0725] 
	x486: [  1.2967,   1.4967] 
	x487: [  0.3667,   0.5667] 
	x488: [  2.3646,   2.5646] 
	x489: [  0.8332,   1.0332] 
	x490: [  0.2105,   0.4105] 
	x491: [  0.7289,   0.9289] 
	x492: [  0.2383,   0.4383] 
	x493: [  0.7376,   0.9376] 
	x494: [ -1.1312,  -0.9312] 
	x495: [ -0.3673,  -0.1673] 
	x496: [  1.2457,   1.4457] 
	x497: [ -1.6619,  -1.4619] 
	x498: [ -1.0311,  -0.8311] 
	x499: [ -2.7864,  -2.5864] 
	x500: [  1.3233,   1.5233] 
	x501: [  0.8710,   1.0710] 
	x502: [ -1.3068,  -1.1068] 
	x503: [ -2.9907,  -2.7907] 
	x504: [ -1.2077,  -1.0077] 
	x505: [  2.2284,   2.4284] 
	x506: [ -0.2104,  -0.0104] 
	x507: [ -0.4690,  -0.2690] 
	x508: [  0.1386,   0.3386] 
	x509: [  0.9210,   1.1210] 
	x510: [  0.1613,   0.3613] 
	x511: [ -0.5511,  -0.3511] 

Branching heuristics set to PseudoImpact

Engine::solve: Initial statistics

02:34:42 Statistics update:
	--- Time Statistics ---
	Total time elapsed: 1318 milli (00:00:01)
		Main loop: 0 milli (00:00:00)
		Preprocessing time: 637 milli (00:00:00)
		Unknown: 681 milli (00:00:00)
	Breakdown for main loop:
		[0.00%] Simplex steps: 0 milli
		[0.00%] Explicit-basis bound tightening: 0 milli
		[0.00%] Constraint-matrix bound tightening: 0 milli
		[0.00%] Degradation checking: 0 milli
		[0.00%] Precision restoration: 0 milli
		[0.00%] Statistics handling: 0 milli
		[0.00%] Constraint-fixing steps: 0 milli
		[0.00%] Valid case splits: 0 milli. Average per split: 0.00 milli
		[0.00%] Applying stored bound-tightening: 0 milli
		[0.00%] SMT core: 0 milli
		[0.00%] Symbolic Bound Tightening: 56 milli
		[0.00%] SoI-based local search: 0 milli
		[0.00%] SoI-based local search: 0 milli
		[0.00%] Unaccounted for: 0 milli
	--- Preprocessor Statistics ---
	Number of preprocessor bound-tightening loop iterations: 3
	Number of eliminated variables: 84
	Number of constraints removed due to variable elimination: 84
	Number of equations removed due to variable elimination: 0
	--- Engine Statistics ---
	Number of main loop iterations: 1
		0 iterations were simplex steps. Total time: 0 milli. Average: 0.00 milli.
		0 iterations were constraint-fixing steps. Total time: 0 milli. Average: 0.00 milli
	Number of active piecewise-linear constraints: 172 / 172
		Constraints disabled by valid splits: 0. By SMT-originated splits: 0
	Last reported degradation: 0.0000000000. Max degradation so far: 0.0000000000. Restorations so far: 0
	Number of simplex pivots we attempted to skip because of instability: 0.
	Unstable pivots performed anyway: 0
	--- Tableau Statistics ---
	Total number of pivots performed: 0
		Real pivots: 0. Degenerate: 0 (0.00%)
		Degenerate pivots by request (e.g., to fix a PL constraint): 0 (0.00%)
		Average time per pivot: 0.00 milli
	Total number of fake pivots performed: 0
	Total number of rows added: 0. Number of merged columns: 0
	Current tableau dimensions: M = 705, N = 2094
	--- SMT Core Statistics ---
	Total depth is 0. Total visited states: 1. Number of splits: 0. Number of pops: 0
	Max stack depth: 0
	--- Bound Tightening Statistics ---
	Number of tightened bounds: 0.
		Number of rows examined by row tightener: 0. Consequent tightenings: 0
		Number of explicit basis matrices examined by row tightener: 0. Consequent tightenings: 0
		Number of bound tightening rounds on the entire constraint matrix: 0. Consequent tightenings: 0
		Number of bound notifications sent to PL constraints: 1032. Tightenings proposed: 0
	--- Basis Factorization statistics ---
	Number of basis refactorizations: 2
	--- Projected Steepest Edge Statistics ---
	Number of iterations: 0.
	Number of resets to reference space: 1. Avg. iterations per reset: 0
	--- SBT ---
	Number of tightened bounds: 385
	--- SoI-based local search ---
	Number of proposed phase pattern update: 0. Number of accepted update: 0 [0.00%]
	Total time (% of local search time) updating SoI phase pattern : 0 milli [0.00%]
	Total time obtaining current assignment: 0 milli [0.00%]
	Total time getting SoI phase pattern : 0 milli [0.00%]
	--- Context dependent statistics ---
	Number of pushes / pops: 0 / 0
		[0.00%] Pre-Push hook: 0 milli
		[0.00%] Push : 0 milli
		[0.00%] Post-Pop hook: 0 milli
		[0.00%] Pop : 0 milli
		[0.00%] Total context-switching time: 0 milli
	--- Proof Certificate ---
	Number of certified leaves: 0
	Number of leaves to delegate: 0

---

Engine::solve: sat assignment found

02:34:54 Statistics update:
	--- Time Statistics ---
	Total time elapsed: 13950 milli (00:00:13)
		Main loop: 12630 milli (00:00:12)
		Preprocessing time: 637 milli (00:00:00)
		Unknown: 682 milli (00:00:00)
	Breakdown for main loop:
		[39.43%] Simplex steps: 4980 milli
		[59.83%] Explicit-basis bound tightening: 7556 milli
		[0.00%] Constraint-matrix bound tightening: 0 milli
		[0.23%] Degradation checking: 29 milli
		[0.00%] Precision restoration: 0 milli
		[0.09%] Statistics handling: 11 milli
		[0.00%] Constraint-fixing steps: 0 milli
		[0.00%] Valid case splits: 0 milli. Average per split: 0.00 milli
		[0.00%] Applying stored bound-tightening: 0 milli
		[0.00%] SMT core: 0 milli
		[0.63%] Symbolic Bound Tightening: 78 milli
		[5.04%] SoI-based local search: 636 milli
		[0.00%] SoI-based local search: 0 milli
		[146048482036741.72%] Unaccounted for: 0 milli
	--- Preprocessor Statistics ---
	Number of preprocessor bound-tightening loop iterations: 3
	Number of eliminated variables: 84
	Number of constraints removed due to variable elimination: 84
	Number of equations removed due to variable elimination: 0
	--- Engine Statistics ---
	Number of main loop iterations: 551
		549 iterations were simplex steps. Total time: 4980 milli. Average: 9.07 milli.
		0 iterations were constraint-fixing steps. Total time: 0 milli. Average: 0.00 milli
	Number of active piecewise-linear constraints: 172 / 172
		Constraints disabled by valid splits: 0. By SMT-originated splits: 0
	Last reported degradation: 0.0000003987. Max degradation so far: 0.0000000000. Restorations so far: 0
	Number of simplex pivots we attempted to skip because of instability: 0.
	Unstable pivots performed anyway: 0
	--- Tableau Statistics ---
	Total number of pivots performed: 525
		Real pivots: 525. Degenerate: 0 (0.00%)
		Degenerate pivots by request (e.g., to fix a PL constraint): 0 (0.00%)
		Average time per pivot: 0.90 milli
	Total number of fake pivots performed: 22
	Total number of rows added: 0. Number of merged columns: 0
	Current tableau dimensions: M = 705, N = 2094
	--- SMT Core Statistics ---
	Total depth is 0. Total visited states: 1. Number of splits: 0. Number of pops: 0
	Max stack depth: 0
	--- Bound Tightening Statistics ---
	Number of tightened bounds: 0.
		Number of rows examined by row tightener: 525. Consequent tightenings: 0
		Number of explicit basis matrices examined by row tightener: 5. Consequent tightenings: 299
		Number of bound tightening rounds on the entire constraint matrix: 0. Consequent tightenings: 0
		Number of bound notifications sent to PL constraints: 2064. Tightenings proposed: 0
	--- Basis Factorization statistics ---
	Number of basis refactorizations: 6
	--- Projected Steepest Edge Statistics ---
	Number of iterations: 547.
	Number of resets to reference space: 1. Avg. iterations per reset: 547
	--- SBT ---
	Number of tightened bounds: 385
	--- SoI-based local search ---
	Number of proposed phase pattern update: 0. Number of accepted update: 1 [0.00%]
	Total time (% of local search time) updating SoI phase pattern : 1582 milli [0.25%]
	Total time obtaining current assignment: 483 milli [0.08%]
	Total time getting SoI phase pattern : 257 milli [0.00%]
	--- Context dependent statistics ---
	Number of pushes / pops: 0 / 0
		[0.00%] Pre-Push hook: 0 milli
		[0.00%] Push : 0 milli
		[0.00%] Post-Pop hook: 0 milli
		[0.00%] Pop : 0 milli
		[0.00%] Total context-switching time: 0 milli
	--- Proof Certificate ---
	Number of certified leaves: 0
	Number of leaves to delegate: 0
sat
Input assignment:
	x0 = -1.116655
	x1 = -0.882525
	x2 = 0.910101
	x3 = 0.330717
	x4 = -1.388603
	x5 = -0.324980
	x6 = -0.539190
	x7 = 2.855608
	x8 = -1.496987
	x9 = 0.961873
	x10 = -1.696425
	x11 = 0.832174
	x12 = -1.599647
	x13 = 0.854217
	x14 = 1.060615
	x15 = -1.072747
	x16 = -1.351233
	x17 = -1.808299
	x18 = 1.273964
	x19 = 1.478013
	x20 = -0.879795
	x21 = 0.780808
	x22 = -1.583091
	x23 = 1.183764
	x24 = -0.909834
	x25 = 0.636463
	x26 = 2.322333
	x27 = -0.750755
	x28 = 0.184824
	x29 = -0.730539
	x30 = -1.427577
	x31 = 0.723218
	x32 = 0.839244
	x33 = -1.989830
	x34 = -0.550069
	x35 = -2.431505
	x36 = -1.125891
	x37 = -1.460653
	x38 = 1.593054
	x39 = -0.618874
	x40 = 1.586870
	x41 = -0.046093
	x42 = 0.409390
	x43 = 2.396608
	x44 = -0.716026
	x45 = -1.397370
	x46 = 2.014890
	x47 = 0.200472
	x48 = -2.050717
	x49 = 1.226824
	x50 = 0.096743
	x51 = 2.560450
	x52 = 0.440892
	x53 = -0.282488
	x54 = 1.747261
	x55 = 0.355959
	x56 = 0.991662
	x57 = 0.178429
	x58 = 3.618516
	x59 = 2.297241
	x60 = -0.481525
	x61 = 1.298518
	x62 = 0.923129
	x63 = -1.228130
	x64 = -1.190612
	x65 = 3.309337
	x66 = -3.181862
	x67 = -0.017876
	x68 = 0.225915
	x69 = 0.969461
	x70 = -0.250733
	x71 = 0.711569
	x72 = 1.906304
	x73 = -1.645456
	x74 = 0.859608
	x75 = -0.852381
	x76 = 0.418102
	x77 = -1.882812
	x78 = 0.714964
	x79 = 3.314524
	x80 = 0.115288
	x81 = -1.585802
	x82 = 3.775389
	x83 = 0.409162
	x84 = -0.118292
	x85 = 2.228164
	x86 = 1.360142
	x87 = -1.586029
	x88 = -0.160314
	x89 = -1.079579
	x90 = -1.261194
	x91 = -0.114208
	x92 = 2.282298
	x93 = 3.563256
	x94 = 0.949721
	x95 = 1.957307
	x96 = 0.098994
	x97 = 0.037261
	x98 = -1.534363
	x99 = 3.788102
	x100 = -2.432345
	x101 = -0.396452
	x102 = -1.171765
	x103 = -1.716321
	x104 = 0.493520
	x105 = 1.711519
	x106 = 0.364545
	x107 = 0.078912
	x108 = -0.533007
	x109 = -3.164692
	x110 = 1.905262
	x111 = 2.230306
	x112 = 0.050158
	x113 = -0.798133
	x114 = 1.349698
	x115 = -0.586510
	x116 = 1.020193
	x117 = 2.339333
	x118 = -1.372400
	x119 = 1.104462
	x120 = -1.561764
	x121 = 1.188008
	x122 = 2.388809
	x123 = -2.592357
	x124 = 0.412963
	x125 = 1.856461
	x126 = 0.804060
	x127 = -0.780418
	x128 = -1.150705
	x129 = -2.578691
	x130 = 1.003618
	x131 = -0.191965
	x132 = 1.295616
	x133 = 1.369892
	x134 = 3.729121
	x135 = -0.068923
	x136 = -1.647816
	x137 = 2.361831
	x138 = 0.921611
	x139 = -2.685985
	x140 = 1.307761
	x141 = 0.540620
	x142 = 0.049192
	x143 = -1.934002
	x144 = 1.520691
	x145 = 2.651737
	x146 = 0.085881
	x147 = -0.830145
	x148 = -1.554614
	x149 = -0.908168
	x150 = -0.816819
	x151 = 3.482429
	x152 = 0.658451
	x153 = -0.752022
	x154 = -0.237103
	x155 = 0.220485
	x156 = -0.314777
	x157 = 0.788890
	x158 = 1.415589
	x159 = 1.073081
	x160 = -0.104115
	x161 = -0.814601
	x162 = 0.075076
	x163 = -1.491955
	x164 = 0.627597
	x165 = -0.486156
	x166 = -3.291419
	x167 = 1.334289
	x168 = -2.034306
	x169 = -0.764410
	x170 = 2.562735
	x171 = -2.525982
	x172 = -0.587838
	x173 = 0.353548
	x174 = 0.229724
	x175 = 1.171908
	x176 = -0.614341
	x177 = 1.327641
	x178 = -3.289061
	x179 = 0.631785
	x180 = -2.495928
	x181 = -0.774744
	x182 = 2.863483
	x183 = 0.553976
	x184 = -0.258854
	x185 = -1.797352
	x186 = 1.435483
	x187 = -2.813128
	x188 = 0.805315
	x189 = 2.857284
	x190 = 1.108478
	x191 = 0.989875
	x192 = 0.589562
	x193 = -2.027446
	x194 = 2.199393
	x195 = 4.364228
	x196 = -1.712948
	x197 = -0.406770
	x198 = 1.830068
	x199 = 0.524414
	x200 = -0.708067
	x201 = -0.584449
	x202 = 0.174007
	x203 = -0.564172
	x204 = 1.373763
	x205 = -1.995729
	x206 = -1.348686
	x207 = 0.090815
	x208 = -0.203131
	x209 = -0.452964
	x210 = 0.010583
	x211 = -2.244422
	x212 = 0.878800
	x213 = 0.161415
	x214 = -0.477727
	x215 = 0.465678
	x216 = 0.688611
	x217 = 0.266732
	x218 = 3.225134
	x219 = -0.291830
	x220 = -1.131482
	x221 = 0.136673
	x222 = 0.822997
	x223 = 3.128420
	x224 = -0.615070
	x225 = 3.991242
	x226 = 1.981195
	x227 = -0.311080
	x228 = -2.584304
	x229 = -0.551627
	x230 = 1.575733
	x231 = 0.750131
	x232 = 1.728330
	x233 = 0.922159
	x234 = 1.043836
	x235 = -0.773775
	x236 = -2.630533
	x237 = -1.263670
	x238 = -0.574432
	x239 = 4.979402
	x240 = 0.395564
	x241 = -0.746646
	x242 = -0.701231
	x243 = -0.503587
	x244 = -0.707758
	x245 = 0.549012
	x246 = -1.967021
	x247 = -1.837393
	x248 = 1.305058
	x249 = -4.505282
	x250 = 2.697193
	x251 = -1.576326
	x252 = -1.580398
	x253 = -0.904991
	x254 = -0.406876
	x255 = 0.044689
	x256 = 1.990970
	x257 = -0.942185
	x258 = -3.684125
	x259 = -2.004158
	x260 = 0.301714
	x261 = -0.641947
	x262 = -0.384817
	x263 = -0.536584
	x264 = -0.239070
	x265 = -4.042127
	x266 = -2.788556
	x267 = -0.111600
	x268 = 1.175577
	x269 = 0.623402
	x270 = 0.597147
	x271 = -3.291277
	x272 = -0.401424
	x273 = 2.256168
	x274 = 1.426712
	x275 = -0.720873
	x276 = -0.115664
	x277 = -0.021467
	x278 = -3.900134
	x279 = 3.802292
	x280 = 1.291746
	x281 = 1.566923
	x282 = 1.659055
	x283 = -0.505129
	x284 = 0.047201
	x285 = 0.323559
	x286 = -1.475008
	x287 = 1.969491
	x288 = -2.134051
	x289 = -0.072083
	x290 = -2.610975
	x291 = -1.293919
	x292 = 0.367202
	x293 = 2.490453
	x294 = -0.157386
	x295 = 0.735009
	x296 = -1.327538
	x297 = -1.527059
	x298 = -7.329861
	x299 = 0.991558
	x300 = -1.561320
	x301 = 1.229067
	x302 = 2.505038
	x303 = -1.244457
	x304 = -1.109963
	x305 = -1.096144
	x306 = -2.062366
	x307 = 0.181883
	x308 = 0.322059
	x309 = 1.733745
	x310 = 0.669509
	x311 = -0.348863
	x312 = -3.106078
	x313 = -2.418924
	x314 = -1.941002
	x315 = -1.987579
	x316 = 1.149312
	x317 = 2.043158
	x318 = -2.141845
	x319 = -0.318076
	x320 = -1.731989
	x321 = 0.017127
	x322 = -2.475968
	x323 = -0.251830
	x324 = -0.705823
	x325 = -0.736059
	x326 = 1.434823
	x327 = 0.005339
	x328 = -0.184616
	x329 = 0.054238
	x330 = 0.916340
	x331 = 0.360488
	x332 = 2.773459
	x333 = 2.137162
	x334 = -1.215802
	x335 = -0.217884
	x336 = 0.759285
	x337 = -0.956817
	x338 = 0.849847
	x339 = -0.091575
	x340 = -1.456888
	x341 = -0.466803
	x342 = 0.679206
	x343 = -1.376817
	x344 = 1.794428
	x345 = -0.932921
	x346 = 0.055148
	x347 = 0.449686
	x348 = 3.826917
	x349 = 2.506458
	x350 = -1.206540
	x351 = -0.712689
	x352 = 1.047846
	x353 = -0.063419
	x354 = 0.607509
	x355 = 0.435005
	x356 = -2.365158
	x357 = 3.156890
	x358 = 0.568212
	x359 = -2.840756
	x360 = -1.664548
	x361 = 1.407439
	x362 = -1.072331
	x363 = -1.259353
	x364 = -0.848296
	x365 = -0.180079
	x366 = 1.043718
	x367 = 1.322395
	x368 = -2.447072
	x369 = 2.840654
	x370 = 1.644115
	x371 = 1.456196
	x372 = -0.403463
	x373 = 1.196244
	x374 = 0.226675
	x375 = -1.486077
	x376 = 3.589659
	x377 = 1.531579
	x378 = 0.507327
	x379 = -0.907010
	x380 = 1.831064
	x381 = -0.262443
	x382 = -0.320374
	x383 = 1.344794
	x384 = 1.030406
	x385 = -0.539512
	x386 = -2.475152
	x387 = 0.458733
	x388 = -2.156859
	x389 = -3.869879
	x390 = 0.230796
	x391 = -1.665926
	x392 = 2.141257
	x393 = -0.703960
	x394 = -1.228142
	x395 = -0.355540
	x396 = -0.388563
	x397 = -0.054706
	x398 = 1.316109
	x399 = -0.936241
	x400 = -0.169569
	x401 = 0.377826
	x402 = 0.635124
	x403 = -3.016078
	x404 = -0.283803
	x405 = -0.964131
	x406 = 3.034355
	x407 = 2.355882
	x408 = 1.391703
	x409 = -1.637090
	x410 = 0.922347
	x411 = 1.223434
	x412 = 0.102115
	x413 = 0.323192
	x414 = -0.158577
	x415 = 1.654181
	x416 = 1.456813
	x417 = 0.894229
	x418 = 0.885680
	x419 = -0.574790
	x420 = -2.609947
	x421 = 0.325252
	x422 = -3.267787
	x423 = -2.047590
	x424 = 1.052756
	x425 = -1.274382
	x426 = -1.668872
	x427 = -4.375782
	x428 = -2.571027
	x429 = 2.194686
	x430 = 1.305390
	x431 = 3.118886
	x432 = -1.550511
	x433 = 1.045704
	x434 = 4.292954
	x435 = -2.176758
	x436 = 0.766663
	x437 = -2.860360
	x438 = -0.941663
	x439 = -1.257629
	x440 = 1.142607
	x441 = 1.283408
	x442 = -1.907601
	x443 = -1.419281
	x444 = -0.200476
	x445 = -0.508901
	x446 = -3.617844
	x447 = 0.982860
	x448 = -1.705922
	x449 = -1.861794
	x450 = -1.125451
	x451 = -0.814488
	x452 = -0.967600
	x453 = -0.962260
	x454 = -3.020739
	x455 = 1.580720
	x456 = 1.439267
	x457 = 0.095377
	x458 = -0.794740
	x459 = -4.074442
	x460 = 0.040975
	x461 = 0.785791
	x462 = -0.458556
	x463 = -3.092991
	x464 = -1.467198
	x465 = -0.167483
	x466 = 3.032975
	x467 = -3.853956
	x468 = 0.855403
	x469 = 1.347837
	x470 = -1.928825
	x471 = 0.666959
	x472 = -0.558884
	x473 = -1.896438
	x474 = -3.104179
	x475 = 0.543770
	x476 = 1.490454
	x477 = 1.303078
	x478 = 1.917254
	x479 = 0.164297
	x480 = -1.199619
	x481 = -0.044033
	x482 = -0.841976
	x483 = 0.754667
	x484 = 1.783710
	x485 = 0.872462
	x486 = 1.296731
	x487 = 0.366743
	x488 = 2.364638
	x489 = 0.833216
	x490 = 0.210538
	x491 = 0.728878
	x492 = 0.238302
	x493 = 0.737560
	x494 = -1.131156
	x495 = -0.367253
	x496 = 1.245682
	x497 = -1.461931
	x498 = -1.031110
	x499 = -2.786447
	x500 = 1.523296
	x501 = 1.071042
	x502 = -1.106751
	x503 = -2.790737
	x504 = -1.007660
	x505 = 2.428350
	x506 = -0.210429
	x507 = -0.331909
	x508 = 0.338565
	x509 = 1.120975
	x510 = 0.161322
	x511 = -0.551093

Output:
	y0 = -6.499374
	y1 = 2.559484
	y2 = -5.978703
	y3 = -7.337364
	y4 = 7.228805
	y5 = -8.093216
	y6 = -4.799360
	y7 = 6.189175
	y8 = -5.340353
	y9 = -8.000535
	y10 = 8.287819
	y11 = -6.371795
	y12 = -5.208195
	y13 = 3.939333
	y14 = -3.773484
	y15 = -5.286438
	y16 = 10.736335
	y17 = -5.016743
	y18 = -9.587017
	y19 = 6.419361
	y20 = -9.721882
	y21 = -5.217349
	y22 = 3.573472
	y23 = -7.704514
	y24 = -6.606320
	y25 = 4.105269
	y26 = -8.009815
	y27 = -7.778915
	y28 = 2.192629
	y29 = -8.883751
	y30 = -3.462136
	y31 = 19.450190
	y32 = -5.223720
	y33 = -5.046481
	y34 = 13.269671
	y35 = -4.996919
	y36 = -2.226198
	y37 = 23.015912
	y38 = -4.825679
	y39 = -7.769318
	y40 = 21.363813
	y41 = -7.784617
	y42 = -10.355040
	y43 = 21.425517
	y44 = -13.399660
	y45 = -6.208919
	y46 = 5.365842
	y47 = -8.355563
	y48 = -3.427309
	y49 = 1.568544
	y50 = -3.282634
	y51 = -1.659156
	y52 = 13.671995
	y53 = -4.645020
	y54 = 3.759672
	y55 = -5.607466
	y56 = 1.532267
	y57 = 4.055550
	y58 = -8.862282
	y59 = 3.204481
	y60 = 4.838873
	y61 = -10.174952
	y62 = 5.164508
	y63 = 4.081421
	y64 = -10.049004
	y65 = 2.576721
	y66 = -3.904971
	y67 = 21.703013
	y68 = -3.834035
	y69 = -3.595669
	y70 = 7.915727
	y71 = -4.800042
	y72 = -4.172918
	y73 = 7.733087
	y74 = -4.473381
	y75 = -0.955947
	y76 = -9.438069
	y77 = -0.956376
	y78 = 4.688856
	y79 = -9.019420
	y80 = 4.023067
	y81 = 9.326498
	y82 = -22.856603
	y83 = 9.107453
	y84 = 9.992548
	y85 = -19.978652
	y86 = 10.076230
	y87 = 2.343271
	y88 = -17.859834
	y89 = 3.240000
	y90 = -4.213701
	y91 = 23.097555
	y92 = -5.094357
	y93 = -5.175057
	y94 = 6.699346
	y95 = -5.167895
	y96 = -3.213002
	y97 = 10.792764
	y98 = -3.475331
	y99 = -0.286895
	y100 = -7.426350
	y101 = -1.184699
	y102 = 4.409357
	y103 = -7.414203
	y104 = 3.821501
	y105 = 9.756302
	y106 = -20.584697
	y107 = 9.756292
	y108 = 10.891508
	y109 = -20.654256
	y110 = 9.336726
	y111 = 1.173944
	y112 = -7.798783
	y113 = 2.507259
	y114 = -8.038215
	y115 = 29.535486
	y116 = -7.442859
	y117 = -5.192816
	y118 = 8.587318
	y119 = -4.503255
	y120 = -4.935464
	y121 = 5.331216
	y122 = -5.338182
	y123 = -5.466677
	y124 = 9.717921
	y125 = -3.078862
	y126 = -0.969034
	y127 = 10.560389
	y128 = -1.690090
	y129 = 3.468415
	y130 = -6.137895
	y131 = 3.577576
	y132 = 1.683532
	y133 = 12.750213
	y134 = 1.978824
	y135 = 2.186478
	y136 = -4.998147
	y137 = 0.520654
	y138 = -3.110560
	y139 = 10.438841
	y140 = -4.423882
	y141 = -6.553339
	y142 = 8.728555
	y143 = -8.357332
	y144 = -5.985176
	y145 = 4.732388
	y146 = -6.554741
	y147 = -7.090951
	y148 = 8.513315
	y149 = -5.854081
	y150 = -3.822332
	y151 = 7.719817
	y152 = -1.919094
	y153 = -2.073463
	y154 = 9.868748
	y155 = -1.507460
	y156 = -2.257624
	y157 = 9.793723
	y158 = -3.810108
	y159 = -2.544926
	y160 = 11.378373
	y161 = -1.905523
	y162 = -4.182697
	y163 = 7.613447
	y164 = -6.334110
	y165 = -5.448533
	y166 = 6.576038
	y167 = -8.230159
	y168 = -6.470245
	y169 = 5.804466
	y170 = -6.203161
	y171 = -8.572562
	y172 = 3.628220
	y173 = -6.993218
	y174 = -6.726276
	y175 = 8.282634
	y176 = -6.505043
	y177 = -8.386296
	y178 = 5.137685
	y179 = -7.354278
	y180 = -6.793183
	y181 = 5.819967
	y182 = -3.424654
	y183 = -8.453239
	y184 = 7.355462
	y185 = -4.009395
	y186 = -8.977822
	y187 = 3.957833
	y188 = -6.041097
	y189 = -8.500782
	y190 = 6.234884
	y191 = -8.307535

