InputQuery: /home/levn/Workspace/othello_world/queries/probe_robust/game_31_target_45_eps_0.1.txt
Engine::processInputQuery: Input query (before preprocessing): 449 equations, 1216 variables
Engine::processInputQuery: Input query (after preprocessing): 705 equations, 1377 variables

Input bounds:
	x0: [  0.1779,   0.3779] 
	x1: [ -1.7781,  -1.5781] 
	x2: [  0.2126,   0.4126] 
	x3: [  1.6748,   1.8748] 
	x4: [  1.1387,   1.3387] 
	x5: [ -0.7539,  -0.5539] 
	x6: [ -0.2519,  -0.0519] 
	x7: [ -2.9708,  -2.7708] 
	x8: [ -1.5211,  -1.3211] 
	x9: [  1.7154,   1.9154] 
	x10: [  2.1195,   2.3195] 
	x11: [ -0.3721,  -0.1721] 
	x12: [ -4.4378,  -4.2378] 
	x13: [  0.6909,   0.8909] 
	x14: [ -1.5620,  -1.3620] 
	x15: [  0.7393,   0.9393] 
	x16: [  1.8866,   2.0866] 
	x17: [  2.4697,   2.6697] 
	x18: [ -0.8976,  -0.6976] 
	x19: [ -2.8252,  -2.6252] 
	x20: [  2.5250,   2.7250] 
	x21: [  0.1270,   0.3270] 
	x22: [ -3.1657,  -2.9657] 
	x23: [ -0.2602,  -0.0602] 
	x24: [ -1.2378,  -1.0378] 
	x25: [  1.7477,   1.9477] 
	x26: [ -0.7935,  -0.5935] 
	x27: [ -1.3965,  -1.1965] 
	x28: [ -0.7344,  -0.5344] 
	x29: [  0.0411,   0.2411] 
	x30: [ -2.1430,  -1.9430] 
	x31: [ -0.9460,  -0.7460] 
	x32: [  0.7143,   0.9143] 
	x33: [  0.3826,   0.5826] 
	x34: [  0.0803,   0.2803] 
	x35: [  1.2862,   1.4862] 
	x36: [ -0.4045,  -0.2045] 
	x37: [  0.9773,   1.1773] 
	x38: [  0.6068,   0.8068] 
	x39: [ -3.3826,  -3.1826] 
	x40: [  1.1306,   1.3306] 
	x41: [  0.7598,   0.9598] 
	x42: [  0.1450,   0.3450] 
	x43: [ -0.4668,  -0.2668] 
	x44: [ -0.7645,  -0.5645] 
	x45: [ -0.6669,  -0.4669] 
	x46: [ -0.0625,   0.1375] 
	x47: [ -2.2634,  -2.0634] 
	x48: [  1.0161,   1.2161] 
	x49: [ -2.6142,  -2.4142] 
	x50: [ -1.2002,  -1.0002] 
	x51: [  1.2248,   1.4248] 
	x52: [  2.3987,   2.5987] 
	x53: [ -1.3677,  -1.1677] 
	x54: [  0.8806,   1.0806] 
	x55: [  0.7452,   0.9452] 
	x56: [ -0.4451,  -0.2451] 
	x57: [  0.3795,   0.5795] 
	x58: [ -3.7144,  -3.5144] 
	x59: [ -3.4463,  -3.2463] 
	x60: [  1.4186,   1.6186] 
	x61: [ -2.0550,  -1.8550] 
	x62: [ -0.4773,  -0.2773] 
	x63: [ -2.4373,  -2.2373] 
	x64: [ -0.5609,  -0.3609] 
	x65: [ -2.0914,  -1.8914] 
	x66: [ -1.0306,  -0.8306] 
	x67: [ -1.5451,  -1.3451] 
	x68: [ -0.7187,  -0.5187] 
	x69: [  0.2171,   0.4171] 
	x70: [ -2.5489,  -2.3489] 
	x71: [  0.9826,   1.1826] 
	x72: [  1.3337,   1.5337] 
	x73: [  0.3584,   0.5584] 
	x74: [ -0.3427,  -0.1427] 
	x75: [ -3.9769,  -3.7769] 
	x76: [ -1.9228,  -1.7228] 
	x77: [  1.9352,   2.1352] 
	x78: [ -0.4705,  -0.2705] 
	x79: [  0.1355,   0.3355] 
	x80: [  0.1116,   0.3116] 
	x81: [ -1.6770,  -1.4770] 
	x82: [ -0.0339,   0.1661] 
	x83: [ -0.0489,   0.1511] 
	x84: [ -0.5326,  -0.3326] 
	x85: [  0.4367,   0.6367] 
	x86: [  0.9436,   1.1436] 
	x87: [  1.0668,   1.2668] 
	x88: [  0.9843,   1.1843] 
	x89: [  1.6953,   1.8953] 
	x90: [  0.2676,   0.4676] 
	x91: [  2.9976,   3.1976] 
	x92: [ -2.8600,  -2.6600] 
	x93: [ -0.9055,  -0.7055] 
	x94: [  0.0963,   0.2963] 
	x95: [  3.2063,   3.4063] 
	x96: [ -0.2598,  -0.0598] 
	x97: [  0.5798,   0.7798] 
	x98: [  2.2865,   2.4865] 
	x99: [ -0.0395,   0.1605] 
	x100: [  1.0546,   1.2546] 
	x101: [  2.0104,   2.2104] 
	x102: [  0.4168,   0.6168] 
	x103: [  0.7094,   0.9094] 
	x104: [  1.1931,   1.3931] 
	x105: [ -5.1677,  -4.9677] 
	x106: [ -0.2186,  -0.0186] 
	x107: [  1.5404,   1.7404] 
	x108: [  1.1771,   1.3771] 
	x109: [  3.9308,   4.1308] 
	x110: [ -1.8720,  -1.6720] 
	x111: [ -3.2214,  -3.0214] 
	x112: [  1.1038,   1.3038] 
	x113: [  0.4381,   0.6381] 
	x114: [ -0.6985,  -0.4985] 
	x115: [  1.9460,   2.1460] 
	x116: [  1.5305,   1.7305] 
	x117: [ -2.0273,  -1.8273] 
	x118: [  1.6531,   1.8531] 
	x119: [ -0.8350,  -0.6350] 
	x120: [ -0.3495,  -0.1495] 
	x121: [  1.1689,   1.3689] 
	x122: [  1.3686,   1.5686] 
	x123: [ -2.2212,  -2.0212] 
	x124: [ -0.0074,   0.1926] 
	x125: [  0.1282,   0.3282] 
	x126: [  0.2329,   0.4329] 
	x127: [  4.1478,   4.3478] 
	x128: [ -1.3578,  -1.1578] 
	x129: [ -2.9548,  -2.7548] 
	x130: [  2.4171,   2.6171] 
	x131: [ -0.1334,   0.0666] 
	x132: [  0.2242,   0.4242] 
	x133: [ -1.2759,  -1.0759] 
	x134: [  0.4671,   0.6671] 
	x135: [ -1.8146,  -1.6146] 
	x136: [ -0.6029,  -0.4029] 
	x137: [  1.0921,   1.2921] 
	x138: [  1.0834,   1.2834] 
	x139: [  0.1576,   0.3576] 
	x140: [  2.4761,   2.6761] 
	x141: [  0.5077,   0.7077] 
	x142: [  0.6353,   0.8353] 
	x143: [  0.9330,   1.1330] 
	x144: [ -0.8924,  -0.6924] 
	x145: [  0.9955,   1.1955] 
	x146: [ -3.3795,  -3.1795] 
	x147: [ -0.6412,  -0.4412] 
	x148: [  1.5384,   1.7384] 
	x149: [ -0.3697,  -0.1697] 
	x150: [ -1.5070,  -1.3070] 
	x151: [ -1.1199,  -0.9199] 
	x152: [  1.2023,   1.4023] 
	x153: [  0.4281,   0.6281] 
	x154: [ -2.5880,  -2.3880] 
	x155: [  2.3260,   2.5260] 
	x156: [ -1.3918,  -1.1918] 
	x157: [  0.8652,   1.0652] 
	x158: [  0.7216,   0.9216] 
	x159: [ -0.3118,  -0.1118] 
	x160: [ -3.3392,  -3.1392] 
	x161: [  2.8324,   3.0324] 
	x162: [ -2.4469,  -2.2469] 
	x163: [ -2.8293,  -2.6293] 
	x164: [ -0.2114,  -0.0114] 
	x165: [ -0.5848,  -0.3848] 
	x166: [  3.0474,   3.2474] 
	x167: [  0.2607,   0.4607] 
	x168: [  0.4214,   0.6214] 
	x169: [  0.2643,   0.4643] 
	x170: [ -2.4664,  -2.2664] 
	x171: [  0.6659,   0.8659] 
	x172: [ -0.5812,  -0.3812] 
	x173: [ -1.5069,  -1.3069] 
	x174: [ -1.5878,  -1.3878] 
	x175: [  2.8974,   3.0974] 
	x176: [  0.1994,   0.3994] 
	x177: [  2.9114,   3.1114] 
	x178: [ -1.6030,  -1.4030] 
	x179: [ -1.7505,  -1.5505] 
	x180: [ -2.4102,  -2.2102] 
	x181: [  1.3074,   1.5074] 
	x182: [  0.5171,   0.7171] 
	x183: [ -1.5266,  -1.3266] 
	x184: [ -2.7016,  -2.5016] 
	x185: [  0.4451,   0.6451] 
	x186: [ -0.2154,  -0.0154] 
	x187: [  0.9661,   1.1661] 
	x188: [  2.3636,   2.5636] 
	x189: [ -0.7894,  -0.5894] 
	x190: [ -2.3006,  -2.1006] 
	x191: [ -1.9323,  -1.7323] 
	x192: [  2.9210,   3.1210] 
	x193: [ -2.2453,  -2.0453] 
	x194: [ -1.9754,  -1.7754] 
	x195: [  1.4621,   1.6621] 
	x196: [  0.5324,   0.7324] 
	x197: [ -0.9836,  -0.7836] 
	x198: [ -2.1326,  -1.9326] 
	x199: [  0.2409,   0.4409] 
	x200: [  0.7038,   0.9038] 
	x201: [  5.4181,   5.6181] 
	x202: [ -0.2157,  -0.0157] 
	x203: [  1.0031,   1.2031] 
	x204: [ -0.0107,   0.1893] 
	x205: [  2.4695,   2.6695] 
	x206: [ -0.3287,  -0.1287] 
	x207: [ -0.0953,   0.1047] 
	x208: [  0.7552,   0.9552] 
	x209: [ -2.7423,  -2.5423] 
	x210: [  0.9428,   1.1428] 
	x211: [  0.2910,   0.4910] 
	x212: [ -2.9340,  -2.7340] 
	x213: [ -0.8770,  -0.6770] 
	x214: [ -3.6117,  -3.4117] 
	x215: [  3.8594,   4.0594] 
	x216: [  0.6632,   0.8632] 
	x217: [ -1.8790,  -1.6790] 
	x218: [ -3.5311,  -3.3311] 
	x219: [ -1.0483,  -0.8483] 
	x220: [ -1.8591,  -1.6591] 
	x221: [ -1.9646,  -1.7646] 
	x222: [ -0.8737,  -0.6737] 
	x223: [ -2.0064,  -1.8064] 
	x224: [  1.0898,   1.2898] 
	x225: [  0.3341,   0.5341] 
	x226: [ -1.4003,  -1.2003] 
	x227: [  0.3214,   0.5214] 
	x228: [ -4.0944,  -3.8944] 
	x229: [ -0.9703,  -0.7703] 
	x230: [  2.4923,   2.6923] 
	x231: [  2.3131,   2.5131] 
	x232: [  1.4697,   1.6697] 
	x233: [  0.2621,   0.4621] 
	x234: [ -0.3868,  -0.1868] 
	x235: [  1.8143,   2.0143] 
	x236: [  4.0864,   4.2864] 
	x237: [ -1.4736,  -1.2736] 
	x238: [ -1.6336,  -1.4336] 
	x239: [  1.1671,   1.3671] 
	x240: [  1.5563,   1.7563] 
	x241: [ -0.4305,  -0.2305] 
	x242: [ -2.1538,  -1.9538] 
	x243: [  0.0098,   0.2098] 
	x244: [  2.4700,   2.6700] 
	x245: [  0.6013,   0.8013] 
	x246: [ -1.3439,  -1.1439] 
	x247: [ -3.7502,  -3.5502] 
	x248: [  2.7952,   2.9952] 
	x249: [  3.1397,   3.3397] 
	x250: [  0.8114,   1.0114] 
	x251: [  0.4717,   0.6717] 
	x252: [ -1.5576,  -1.3576] 
	x253: [ -0.1458,   0.0542] 
	x254: [ -1.7750,  -1.5750] 
	x255: [ -1.9266,  -1.7266] 
	x256: [  1.5969,   1.7969] 
	x257: [  2.7042,   2.9042] 
	x258: [ -1.3326,  -1.1326] 
	x259: [  2.7776,   2.9776] 
	x260: [  2.6327,   2.8327] 
	x261: [  3.3762,   3.5762] 
	x262: [  1.9368,   2.1368] 
	x263: [  0.0195,   0.2195] 
	x264: [ -0.9288,  -0.7288] 
	x265: [  0.1777,   0.3777] 
	x266: [ -3.1428,  -2.9428] 
	x267: [ -0.8003,  -0.6003] 
	x268: [  0.7073,   0.9073] 
	x269: [ -3.6150,  -3.4150] 
	x270: [ -1.9658,  -1.7658] 
	x271: [  4.0297,   4.2297] 
	x272: [ -1.0277,  -0.8277] 
	x273: [ -1.4133,  -1.2133] 
	x274: [  0.7091,   0.9091] 
	x275: [  1.4718,   1.6718] 
	x276: [ -4.8060,  -4.6060] 
	x277: [ -0.8805,  -0.6805] 
	x278: [ -5.8682,  -5.6682] 
	x279: [  3.1853,   3.3853] 
	x280: [ -0.2365,  -0.0365] 
	x281: [ -2.4799,  -2.2799] 
	x282: [  0.9680,   1.1680] 
	x283: [ -0.4539,  -0.2539] 
	x284: [  0.0216,   0.2216] 
	x285: [  1.9839,   2.1839] 
	x286: [  0.3777,   0.5777] 
	x287: [  0.1376,   0.3376] 
	x288: [ -1.1563,  -0.9563] 
	x289: [  0.9810,   1.1810] 
	x290: [ -0.2642,  -0.0642] 
	x291: [ -0.7291,  -0.5291] 
	x292: [ -1.3413,  -1.1413] 
	x293: [ -0.9545,  -0.7545] 
	x294: [  2.1164,   2.3164] 
	x295: [  2.2330,   2.4330] 
	x296: [ -0.3396,  -0.1396] 
	x297: [ -1.1561,  -0.9561] 
	x298: [ -2.1128,  -1.9128] 
	x299: [  0.1556,   0.3556] 
	x300: [ -1.0282,  -0.8282] 
	x301: [ -0.1426,   0.0574] 
	x302: [  0.5256,   0.7256] 
	x303: [  0.6373,   0.8373] 
	x304: [  1.0786,   1.2786] 
	x305: [ -3.4959,  -3.2959] 
	x306: [  1.1508,   1.3508] 
	x307: [ -2.4435,  -2.2435] 
	x308: [ -2.1441,  -1.9441] 
	x309: [ -0.7418,  -0.5418] 
	x310: [ -1.2574,  -1.0574] 
	x311: [ -1.1016,  -0.9016] 
	x312: [  0.5035,   0.7035] 
	x313: [ -0.2347,  -0.0347] 
	x314: [ -1.5897,  -1.3897] 
	x315: [ -0.2827,  -0.0827] 
	x316: [  1.2708,   1.4708] 
	x317: [  2.4391,   2.6391] 
	x318: [ -0.2334,  -0.0334] 
	x319: [  2.4911,   2.6911] 
	x320: [ -0.2957,  -0.0957] 
	x321: [  1.3078,   1.5078] 
	x322: [ -0.5134,  -0.3134] 
	x323: [  0.6214,   0.8214] 
	x324: [ -0.2154,  -0.0154] 
	x325: [ -0.6793,  -0.4793] 
	x326: [ -2.6265,  -2.4265] 
	x327: [  0.9459,   1.1459] 
	x328: [  1.9990,   2.1990] 
	x329: [  1.1344,   1.3344] 
	x330: [ -0.0105,   0.1895] 
	x331: [ -2.6291,  -2.4291] 
	x332: [  0.3325,   0.5325] 
	x333: [ -2.2256,  -2.0256] 
	x334: [ -1.1127,  -0.9127] 
	x335: [  0.7034,   0.9034] 
	x336: [ -1.8497,  -1.6497] 
	x337: [  2.4418,   2.6418] 
	x338: [  0.9969,   1.1969] 
	x339: [ -1.4740,  -1.2740] 
	x340: [  3.0084,   3.2084] 
	x341: [  0.9133,   1.1133] 
	x342: [ -0.9848,  -0.7848] 
	x343: [  0.1411,   0.3411] 
	x344: [  0.0019,   0.2019] 
	x345: [  0.1881,   0.3881] 
	x346: [ -0.1804,   0.0196] 
	x347: [  0.3398,   0.5398] 
	x348: [ -1.9303,  -1.7303] 
	x349: [  1.8242,   2.0242] 
	x350: [  1.5376,   1.7376] 
	x351: [ -1.7943,  -1.5943] 
	x352: [ -0.4566,  -0.2566] 
	x353: [  0.2554,   0.4554] 
	x354: [  0.4465,   0.6465] 
	x355: [ -0.6330,  -0.4330] 
	x356: [ -0.1384,   0.0616] 
	x357: [  1.2518,   1.4518] 
	x358: [ -0.0115,   0.1885] 
	x359: [ -0.1620,   0.0380] 
	x360: [ -4.5564,  -4.3564] 
	x361: [  1.2792,   1.4792] 
	x362: [ -2.7798,  -2.5798] 
	x363: [  1.5260,   1.7260] 
	x364: [ -0.1575,   0.0425] 
	x365: [  2.2495,   2.4495] 
	x366: [  0.0130,   0.2130] 
	x367: [  4.8560,   5.0560] 
	x368: [  3.1487,   3.3487] 
	x369: [  0.0631,   0.2631] 
	x370: [ -1.2756,  -1.0756] 
	x371: [ -2.3965,  -2.1965] 
	x372: [ -0.1264,   0.0736] 
	x373: [  0.0097,   0.2097] 
	x374: [ -2.1433,  -1.9433] 
	x375: [ -2.1999,  -1.9999] 
	x376: [ -0.4802,  -0.2802] 
	x377: [  3.1333,   3.3333] 
	x378: [ -2.3992,  -2.1992] 
	x379: [  1.3772,   1.5772] 
	x380: [ -0.1472,   0.0528] 
	x381: [ -1.1340,  -0.9340] 
	x382: [ -0.6774,  -0.4774] 
	x383: [  0.0864,   0.2864] 
	x384: [  0.3233,   0.5233] 
	x385: [  1.8141,   2.0141] 
	x386: [  2.9732,   3.1732] 
	x387: [  0.1344,   0.3344] 
	x388: [ -1.9366,  -1.7366] 
	x389: [  1.4496,   1.6496] 
	x390: [ -0.4188,  -0.2188] 
	x391: [ -1.2056,  -1.0056] 
	x392: [  0.2258,   0.4258] 
	x393: [  1.2510,   1.4510] 
	x394: [ -0.2377,  -0.0377] 
	x395: [  3.3809,   3.5809] 
	x396: [  0.6428,   0.8428] 
	x397: [  1.8075,   2.0075] 
	x398: [ -1.1337,  -0.9337] 
	x399: [ -0.3617,  -0.1617] 
	x400: [  0.1029,   0.3029] 
	x401: [ -1.8950,  -1.6950] 
	x402: [ -3.4116,  -3.2116] 
	x403: [  0.8691,   1.0691] 
	x404: [ -0.8020,  -0.6020] 
	x405: [ -1.2785,  -1.0785] 
	x406: [  1.5124,   1.7124] 
	x407: [  2.1037,   2.3037] 
	x408: [  0.9386,   1.1386] 
	x409: [ -3.8942,  -3.6942] 
	x410: [ -0.1182,   0.0818] 
	x411: [ -0.4993,  -0.2993] 
	x412: [ -3.8845,  -3.6845] 
	x413: [ -1.9231,  -1.7231] 
	x414: [ -0.5072,  -0.3072] 
	x415: [ -2.0019,  -1.8019] 
	x416: [  1.4246,   1.6246] 
	x417: [  1.5644,   1.7644] 
	x418: [  3.4814,   3.6814] 
	x419: [  2.9719,   3.1719] 
	x420: [  1.1952,   1.3952] 
	x421: [  1.4676,   1.6676] 
	x422: [  2.3200,   2.5200] 
	x423: [ -1.8486,  -1.6486] 
	x424: [ -1.5763,  -1.3763] 
	x425: [  1.0475,   1.2475] 
	x426: [  2.8606,   3.0606] 
	x427: [ -0.7069,  -0.5069] 
	x428: [  0.2573,   0.4573] 
	x429: [  1.4383,   1.6383] 
	x430: [ -0.4709,  -0.2709] 
	x431: [  1.5193,   1.7193] 
	x432: [  2.3603,   2.5603] 
	x433: [ -0.6325,  -0.4325] 
	x434: [ -0.2976,  -0.0976] 
	x435: [ -1.6124,  -1.4124] 
	x436: [ -1.4333,  -1.2333] 
	x437: [ -0.6418,  -0.4418] 
	x438: [  1.8959,   2.0959] 
	x439: [ -1.1931,  -0.9931] 
	x440: [  0.3303,   0.5303] 
	x441: [ -1.9225,  -1.7225] 
	x442: [  1.9100,   2.1100] 
	x443: [ -3.1331,  -2.9331] 
	x444: [ -0.2373,  -0.0373] 
	x445: [ -1.4949,  -1.2949] 
	x446: [  0.9084,   1.1084] 
	x447: [  0.7850,   0.9850] 
	x448: [ -3.8366,  -3.6366] 
	x449: [  2.4317,   2.6317] 
	x450: [ -2.5287,  -2.3287] 
	x451: [ -0.6131,  -0.4131] 
	x452: [ -1.4390,  -1.2390] 
	x453: [ -2.3469,  -2.1469] 
	x454: [ -0.0876,   0.1124] 
	x455: [ -1.1294,  -0.9294] 
	x456: [ -3.3365,  -3.1365] 
	x457: [ -0.2432,  -0.0432] 
	x458: [  3.0690,   3.2690] 
	x459: [  1.5645,   1.7645] 
	x460: [ -0.1590,   0.0410] 
	x461: [  3.0947,   3.2947] 
	x462: [  0.5674,   0.7674] 
	x463: [ -3.4690,  -3.2690] 
	x464: [ -0.7832,  -0.5832] 
	x465: [  1.7393,   1.9393] 
	x466: [  1.0306,   1.2306] 
	x467: [ -3.1153,  -2.9153] 
	x468: [  0.7840,   0.9840] 
	x469: [ -1.3452,  -1.1452] 
	x470: [ -0.3844,  -0.1844] 
	x471: [  0.7600,   0.9600] 
	x472: [  0.6716,   0.8716] 
	x473: [  1.4473,   1.6473] 
	x474: [ -1.7333,  -1.5333] 
	x475: [  2.3512,   2.5512] 
	x476: [ -0.2164,  -0.0164] 
	x477: [ -1.4645,  -1.2645] 
	x478: [  0.7022,   0.9022] 
	x479: [ -0.6915,  -0.4915] 
	x480: [ -3.2294,  -3.0294] 
	x481: [ -0.7039,  -0.5039] 
	x482: [ -0.9622,  -0.7622] 
	x483: [ -1.0896,  -0.8896] 
	x484: [  0.2833,   0.4833] 
	x485: [  2.1225,   2.3225] 
	x486: [  0.1685,   0.3685] 
	x487: [  1.9764,   2.1764] 
	x488: [  1.0670,   1.2670] 
	x489: [  0.4473,   0.6473] 
	x490: [ -0.9522,  -0.7522] 
	x491: [  0.0277,   0.2277] 
	x492: [  0.0505,   0.2505] 
	x493: [ -0.5918,  -0.3918] 
	x494: [ -0.5542,  -0.3542] 
	x495: [  0.8733,   1.0733] 
	x496: [ -0.1109,   0.0891] 
	x497: [ -0.8510,  -0.6510] 
	x498: [ -0.1199,   0.0801] 
	x499: [ -2.2423,  -2.0423] 
	x500: [ -1.1668,  -0.9668] 
	x501: [ -0.3717,  -0.1717] 
	x502: [ -0.0135,   0.1865] 
	x503: [ -0.6793,  -0.4793] 
	x504: [  0.7652,   0.9652] 
	x505: [ -1.2698,  -1.0698] 
	x506: [  0.2435,   0.4435] 
	x507: [ -0.2845,  -0.0845] 
	x508: [  3.2343,   3.4343] 
	x509: [ -1.0604,  -0.8604] 
	x510: [ -0.1118,   0.0882] 
	x511: [ -1.6300,  -1.4300] 

Branching heuristics set to PseudoImpact

Engine::solve: Initial statistics

02:34:14 Statistics update:
	--- Time Statistics ---
	Total time elapsed: 1174 milli (00:00:01)
		Main loop: 0 milli (00:00:00)
		Preprocessing time: 589 milli (00:00:00)
		Unknown: 585 milli (00:00:00)
	Breakdown for main loop:
		[0.00%] Simplex steps: 0 milli
		[0.00%] Explicit-basis bound tightening: 0 milli
		[0.00%] Constraint-matrix bound tightening: 0 milli
		[0.00%] Degradation checking: 0 milli
		[0.00%] Precision restoration: 0 milli
		[0.00%] Statistics handling: 0 milli
		[0.00%] Constraint-fixing steps: 0 milli
		[0.00%] Valid case splits: 0 milli. Average per split: 0.00 milli
		[0.00%] Applying stored bound-tightening: 0 milli
		[0.00%] SMT core: 0 milli
		[0.00%] Symbolic Bound Tightening: 35 milli
		[0.00%] SoI-based local search: 0 milli
		[0.00%] SoI-based local search: 0 milli
		[0.00%] Unaccounted for: 0 milli
	--- Preprocessor Statistics ---
	Number of preprocessor bound-tightening loop iterations: 3
	Number of eliminated variables: 96
	Number of constraints removed due to variable elimination: 96
	Number of equations removed due to variable elimination: 0
	--- Engine Statistics ---
	Number of main loop iterations: 1
		0 iterations were simplex steps. Total time: 0 milli. Average: 0.00 milli.
		0 iterations were constraint-fixing steps. Total time: 0 milli. Average: 0.00 milli
	Number of active piecewise-linear constraints: 160 / 160
		Constraints disabled by valid splits: 0. By SMT-originated splits: 0
	Last reported degradation: 0.0000000000. Max degradation so far: 0.0000000000. Restorations so far: 0
	Number of simplex pivots we attempted to skip because of instability: 0.
	Unstable pivots performed anyway: 0
	--- Tableau Statistics ---
	Total number of pivots performed: 0
		Real pivots: 0. Degenerate: 0 (0.00%)
		Degenerate pivots by request (e.g., to fix a PL constraint): 0 (0.00%)
		Average time per pivot: 0.00 milli
	Total number of fake pivots performed: 0
	Total number of rows added: 0. Number of merged columns: 0
	Current tableau dimensions: M = 705, N = 2082
	--- SMT Core Statistics ---
	Total depth is 0. Total visited states: 1. Number of splits: 0. Number of pops: 0
	Max stack depth: 0
	--- Bound Tightening Statistics ---
	Number of tightened bounds: 0.
		Number of rows examined by row tightener: 0. Consequent tightenings: 0
		Number of explicit basis matrices examined by row tightener: 0. Consequent tightenings: 0
		Number of bound tightening rounds on the entire constraint matrix: 0. Consequent tightenings: 0
		Number of bound notifications sent to PL constraints: 960. Tightenings proposed: 0
	--- Basis Factorization statistics ---
	Number of basis refactorizations: 2
	--- Projected Steepest Edge Statistics ---
	Number of iterations: 0.
	Number of resets to reference space: 1. Avg. iterations per reset: 0
	--- SBT ---
	Number of tightened bounds: 385
	--- SoI-based local search ---
	Number of proposed phase pattern update: 0. Number of accepted update: 0 [0.00%]
	Total time (% of local search time) updating SoI phase pattern : 0 milli [0.00%]
	Total time obtaining current assignment: 0 milli [0.00%]
	Total time getting SoI phase pattern : 0 milli [0.00%]
	--- Context dependent statistics ---
	Number of pushes / pops: 0 / 0
		[0.00%] Pre-Push hook: 0 milli
		[0.00%] Push : 0 milli
		[0.00%] Post-Pop hook: 0 milli
		[0.00%] Pop : 0 milli
		[0.00%] Total context-switching time: 0 milli
	--- Proof Certificate ---
	Number of certified leaves: 0
	Number of leaves to delegate: 0

---

Engine::solve: sat assignment found

02:34:25 Statistics update:
	--- Time Statistics ---
	Total time elapsed: 12029 milli (00:00:12)
		Main loop: 10854 milli (00:00:10)
		Preprocessing time: 589 milli (00:00:00)
		Unknown: 585 milli (00:00:00)
	Breakdown for main loop:
		[42.87%] Simplex steps: 4653 milli
		[55.98%] Explicit-basis bound tightening: 6076 milli
		[0.00%] Constraint-matrix bound tightening: 0 milli
		[0.22%] Degradation checking: 23 milli
		[0.00%] Precision restoration: 0 milli
		[0.47%] Statistics handling: 51 milli
		[0.00%] Constraint-fixing steps: 0 milli
		[0.00%] Valid case splits: 0 milli. Average per split: 0.00 milli
		[0.00%] Applying stored bound-tightening: 0 milli
		[0.00%] SMT core: 0 milli
		[0.53%] Symbolic Bound Tightening: 57 milli
		[3.75%] SoI-based local search: 407 milli
		[0.00%] SoI-based local search: 0 milli
		[169951680738381.47%] Unaccounted for: 0 milli
	--- Preprocessor Statistics ---
	Number of preprocessor bound-tightening loop iterations: 3
	Number of eliminated variables: 96
	Number of constraints removed due to variable elimination: 96
	Number of equations removed due to variable elimination: 0
	--- Engine Statistics ---
	Number of main loop iterations: 479
		477 iterations were simplex steps. Total time: 4653 milli. Average: 9.75 milli.
		0 iterations were constraint-fixing steps. Total time: 0 milli. Average: 0.00 milli
	Number of active piecewise-linear constraints: 160 / 160
		Constraints disabled by valid splits: 0. By SMT-originated splits: 0
	Last reported degradation: 0.0000006879. Max degradation so far: 0.0000000000. Restorations so far: 0
	Number of simplex pivots we attempted to skip because of instability: 0.
	Unstable pivots performed anyway: 0
	--- Tableau Statistics ---
	Total number of pivots performed: 463
		Real pivots: 463. Degenerate: 0 (0.00%)
		Degenerate pivots by request (e.g., to fix a PL constraint): 0 (0.00%)
		Average time per pivot: 1.24 milli
	Total number of fake pivots performed: 12
	Total number of rows added: 0. Number of merged columns: 0
	Current tableau dimensions: M = 705, N = 2082
	--- SMT Core Statistics ---
	Total depth is 0. Total visited states: 1. Number of splits: 0. Number of pops: 0
	Max stack depth: 0
	--- Bound Tightening Statistics ---
	Number of tightened bounds: 0.
		Number of rows examined by row tightener: 463. Consequent tightenings: 0
		Number of explicit basis matrices examined by row tightener: 4. Consequent tightenings: 296
		Number of bound tightening rounds on the entire constraint matrix: 0. Consequent tightenings: 0
		Number of bound notifications sent to PL constraints: 1920. Tightenings proposed: 0
	--- Basis Factorization statistics ---
	Number of basis refactorizations: 6
	--- Projected Steepest Edge Statistics ---
	Number of iterations: 475.
	Number of resets to reference space: 1. Avg. iterations per reset: 475
	--- SBT ---
	Number of tightened bounds: 385
	--- SoI-based local search ---
	Number of proposed phase pattern update: 0. Number of accepted update: 1 [0.00%]
	Total time (% of local search time) updating SoI phase pattern : 1418 milli [0.35%]
	Total time obtaining current assignment: 319 milli [0.08%]
	Total time getting SoI phase pattern : 122 milli [0.00%]
	--- Context dependent statistics ---
	Number of pushes / pops: 0 / 0
		[0.00%] Pre-Push hook: 0 milli
		[0.00%] Push : 0 milli
		[0.00%] Post-Pop hook: 0 milli
		[0.00%] Pop : 0 milli
		[0.00%] Total context-switching time: 0 milli
	--- Proof Certificate ---
	Number of certified leaves: 0
	Number of leaves to delegate: 0
sat
Input assignment:
	x0 = 0.377900
	x1 = -1.578094
	x2 = 0.412555
	x3 = 1.874816
	x4 = 1.138661
	x5 = -0.753926
	x6 = -0.051856
	x7 = -2.770789
	x8 = -1.521115
	x9 = 1.915435
	x10 = 2.119490
	x11 = -0.372084
	x12 = -4.237826
	x13 = 0.890949
	x14 = -1.561980
	x15 = 0.739328
	x16 = 2.086630
	x17 = 2.669707
	x18 = -0.697597
	x19 = -2.825236
	x20 = 2.525043
	x21 = 0.127033
	x22 = -2.965660
	x23 = -0.260245
	x24 = -1.237818
	x25 = 1.947701
	x26 = -0.593484
	x27 = -1.396469
	x28 = -0.534388
	x29 = 0.241056
	x30 = -2.143032
	x31 = -0.946043
	x32 = 0.714313
	x33 = 0.382615
	x34 = 0.280275
	x35 = 1.486239
	x36 = -0.204544
	x37 = 1.177304
	x38 = 0.606828
	x39 = -3.182557
	x40 = 1.130629
	x41 = 0.959772
	x42 = 0.145032
	x43 = -0.266774
	x44 = -0.564511
	x45 = -0.466889
	x46 = 0.137467
	x47 = -2.063426
	x48 = 1.216112
	x49 = -2.414235
	x50 = -1.000235
	x51 = 1.424805
	x52 = 2.398689
	x53 = -1.167666
	x54 = 0.880592
	x55 = 0.745157
	x56 = -0.245053
	x57 = 0.579544
	x58 = -3.714398
	x59 = -3.446262
	x60 = 1.618586
	x61 = -1.854996
	x62 = -0.477343
	x63 = -2.437299
	x64 = -0.560885
	x65 = -1.891441
	x66 = -0.830569
	x67 = -1.345118
	x68 = -0.667953
	x69 = 0.417069
	x70 = -2.348911
	x71 = 1.182623
	x72 = 1.533698
	x73 = 0.358405
	x74 = -0.142691
	x75 = -3.776935
	x76 = -1.922834
	x77 = 2.135239
	x78 = -0.470501
	x79 = 0.135458
	x80 = 0.311583
	x81 = -1.677042
	x82 = -0.033897
	x83 = 0.151069
	x84 = -0.332576
	x85 = 0.436672
	x86 = 1.065795
	x87 = 1.266845
	x88 = 1.184266
	x89 = 1.695290
	x90 = 0.467605
	x91 = 3.197624
	x92 = -2.860031
	x93 = -0.705474
	x94 = 0.096266
	x95 = 3.206280
	x96 = -0.259827
	x97 = 0.579817
	x98 = 2.286504
	x99 = -0.039501
	x100 = 1.254580
	x101 = 2.210424
	x102 = 0.616802
	x103 = 0.909426
	x104 = 1.393085
	x105 = -4.967706
	x106 = -0.218588
	x107 = 1.540404
	x108 = 1.377140
	x109 = 4.130828
	x110 = -1.672045
	x111 = -3.221423
	x112 = 1.303842
	x113 = 0.438086
	x114 = -0.498509
	x115 = 2.145960
	x116 = 1.530471
	x117 = -1.827282
	x118 = 1.853144
	x119 = -0.634963
	x120 = -0.149499
	x121 = 1.168904
	x122 = 1.368622
	x123 = -2.221247
	x124 = -0.007357
	x125 = 0.328166
	x126 = 0.432852
	x127 = 4.147814
	x128 = -1.357849
	x129 = -2.754752
	x130 = 2.417062
	x131 = -0.133416
	x132 = 0.424227
	x133 = -1.075856
	x134 = 0.467146
	x135 = -1.614590
	x136 = -0.402934
	x137 = 1.092086
	x138 = 1.083360
	x139 = 0.357646
	x140 = 2.476085
	x141 = 0.507667
	x142 = 0.635320
	x143 = 0.932966
	x144 = -0.692391
	x145 = 0.995543
	x146 = -3.179547
	x147 = -0.441157
	x148 = 1.538427
	x149 = -0.169678
	x150 = -1.307021
	x151 = -1.119855
	x152 = 1.202308
	x153 = 0.428058
	x154 = -2.588026
	x155 = 2.325953
	x156 = -1.191818
	x157 = 1.065170
	x158 = 0.721550
	x159 = -0.111789
	x160 = -3.339155
	x161 = 3.032397
	x162 = -2.246901
	x163 = -2.629264
	x164 = -0.011421
	x165 = -0.384775
	x166 = 3.247354
	x167 = 0.353441
	x168 = 0.621448
	x169 = 0.464286
	x170 = -2.466354
	x171 = 0.865915
	x172 = -0.581193
	x173 = -1.506887
	x174 = -1.387827
	x175 = 2.897373
	x176 = 0.199350
	x177 = 3.111395
	x178 = -1.602977
	x179 = -1.750540
	x180 = -2.410210
	x181 = 1.307413
	x182 = 0.517111
	x183 = -1.326609
	x184 = -2.501593
	x185 = 0.645132
	x186 = -0.215358
	x187 = 0.966106
	x188 = 2.563644
	x189 = -0.589438
	x190 = -2.300589
	x191 = -1.932329
	x192 = 3.121010
	x193 = -2.245284
	x194 = -1.775402
	x195 = 1.662137
	x196 = 0.532437
	x197 = -0.983639
	x198 = -1.932631
	x199 = 0.440859
	x200 = 0.703815
	x201 = 5.418087
	x202 = -0.015702
	x203 = 1.003073
	x204 = -0.010694
	x205 = 2.469477
	x206 = -0.128694
	x207 = 0.069729
	x208 = 0.955164
	x209 = -2.542263
	x210 = 0.942830
	x211 = 0.490981
	x212 = -2.934024
	x213 = -0.877007
	x214 = -3.411719
	x215 = 4.059399
	x216 = 0.863171
	x217 = -1.679037
	x218 = -3.531072
	x219 = -0.848297
	x220 = -1.659090
	x221 = -1.964610
	x222 = -0.673659
	x223 = -1.806402
	x224 = 1.289797
	x225 = 0.534089
	x226 = -1.200262
	x227 = 0.521373
	x228 = -3.894412
	x229 = -0.770331
	x230 = 2.492310
	x231 = 2.313123
	x232 = 1.469653
	x233 = 0.262069
	x234 = -0.386784
	x235 = 1.814288
	x236 = 4.086383
	x237 = -1.273589
	x238 = -1.433576
	x239 = 1.167120
	x240 = 1.556340
	x241 = -0.230488
	x242 = -1.953781
	x243 = 0.009801
	x244 = 2.669968
	x245 = 0.601280
	x246 = -1.143881
	x247 = -3.550178
	x248 = 2.995181
	x249 = 3.139678
	x250 = 1.011370
	x251 = 0.471731
	x252 = -1.557633
	x253 = -0.145764
	x254 = -1.574992
	x255 = -1.726625
	x256 = 1.796868
	x257 = 2.704215
	x258 = -1.132563
	x259 = 2.977645
	x260 = 2.832674
	x261 = 3.576194
	x262 = 2.136759
	x263 = 0.219461
	x264 = -0.928793
	x265 = 0.177690
	x266 = -3.142801
	x267 = -0.800349
	x268 = 0.907291
	x269 = -3.415032
	x270 = -1.965796
	x271 = 4.229687
	x272 = -0.827700
	x273 = -1.413294
	x274 = 0.709130
	x275 = 1.471776
	x276 = -4.606008
	x277 = -0.880471
	x278 = -5.668213
	x279 = 3.185300
	x280 = -0.036509
	x281 = -2.279902
	x282 = 0.968031
	x283 = -0.253912
	x284 = 0.221606
	x285 = 1.983875
	x286 = 0.377741
	x287 = 0.337564
	x288 = -1.156290
	x289 = 1.180952
	x290 = -0.264156
	x291 = -0.729149
	x292 = -1.341333
	x293 = -0.754545
	x294 = 2.316407
	x295 = 2.232988
	x296 = -0.139644
	x297 = -1.156149
	x298 = -1.912778
	x299 = 0.155598
	x300 = -1.028156
	x301 = -0.142572
	x302 = 0.725597
	x303 = 0.637253
	x304 = 1.278572
	x305 = -3.495913
	x306 = 1.350757
	x307 = -2.443461
	x308 = -1.944090
	x309 = -0.741760
	x310 = -1.257422
	x311 = -1.101568
	x312 = 0.703535
	x313 = -0.168940
	x314 = -1.389682
	x315 = -0.082669
	x316 = 1.270837
	x317 = 2.439051
	x318 = -0.233361
	x319 = 2.491121
	x320 = -0.095676
	x321 = 1.307798
	x322 = -0.336435
	x323 = 0.621359
	x324 = -0.215448
	x325 = -0.679290
	x326 = -2.426482
	x327 = 1.145912
	x328 = 2.199005
	x329 = 1.134350
	x330 = 0.189482
	x331 = -2.429084
	x332 = 0.532516
	x333 = -2.225554
	x334 = -1.112686
	x335 = 0.903430
	x336 = -1.849724
	x337 = 2.441807
	x338 = 0.996874
	x339 = -1.274011
	x340 = 3.208394
	x341 = 0.913311
	x342 = -0.984840
	x343 = 0.141065
	x344 = 0.001871
	x345 = 0.388123
	x346 = -0.180446
	x347 = 0.339784
	x348 = -1.930254
	x349 = 1.824222
	x350 = 1.737581
	x351 = -1.594324
	x352 = -0.256552
	x353 = 0.255440
	x354 = 0.446491
	x355 = -0.633017
	x356 = -0.138371
	x357 = 1.251823
	x358 = 0.188486
	x359 = 0.038048
	x360 = -4.356391
	x361 = 1.279191
	x362 = -2.579808
	x363 = 1.725978
	x364 = 0.042490
	x365 = 2.249513
	x366 = 0.213031
	x367 = 4.856023
	x368 = 3.148696
	x369 = 0.263072
	x370 = -1.075650
	x371 = -2.196550
	x372 = -0.126371
	x373 = 0.209715
	x374 = -1.943314
	x375 = -1.999913
	x376 = -0.280204
	x377 = 3.133263
	x378 = -2.199156
	x379 = 1.377245
	x380 = -0.147217
	x381 = -0.934033
	x382 = -0.477373
	x383 = 0.086389
	x384 = 0.323296
	x385 = 1.814147
	x386 = 3.173156
	x387 = 0.134369
	x388 = -1.936637
	x389 = 1.449648
	x390 = -0.218785
	x391 = -1.005586
	x392 = 0.225759
	x393 = 1.251047
	x394 = -0.037656
	x395 = 3.580915
	x396 = 0.842843
	x397 = 2.007526
	x398 = -1.133746
	x399 = -0.361676
	x400 = 0.102911
	x401 = -1.695014
	x402 = -3.411557
	x403 = 1.069136
	x404 = -0.802043
	x405 = -1.078525
	x406 = 1.512399
	x407 = 2.103732
	x408 = 0.938635
	x409 = -3.894210
	x410 = 0.081756
	x411 = -0.299318
	x412 = -3.684544
	x413 = -1.723062
	x414 = -0.307177
	x415 = -2.001931
	x416 = 1.624596
	x417 = 1.564429
	x418 = 3.481422
	x419 = 3.171866
	x420 = 1.395216
	x421 = 1.467639
	x422 = 2.320009
	x423 = -1.848570
	x424 = -1.576255
	x425 = 1.247450
	x426 = 3.060566
	x427 = -0.506896
	x428 = 0.457342
	x429 = 1.438295
	x430 = -0.270867
	x431 = 1.519253
	x432 = 2.560279
	x433 = -0.632529
	x434 = -0.297550
	x435 = -1.412406
	x436 = -1.233282
	x437 = -0.641765
	x438 = 1.895885
	x439 = -1.193078
	x440 = 0.330319
	x441 = -1.922533
	x442 = 1.910023
	x443 = -2.933067
	x444 = -0.237274
	x445 = -1.494924
	x446 = 1.108417
	x447 = 0.984977
	x448 = -3.636562
	x449 = 2.431729
	x450 = -2.328666
	x451 = -0.413096
	x452 = -1.439001
	x453 = -2.146947
	x454 = 0.112391
	x455 = -0.929365
	x456 = -3.336465
	x457 = -0.243215
	x458 = 3.268955
	x459 = 1.764486
	x460 = -0.159000
	x461 = 3.094737
	x462 = 0.767426
	x463 = -3.269037
	x464 = -0.583216
	x465 = 1.739317
	x466 = 1.030551
	x467 = -2.915324
	x468 = 0.784007
	x469 = -1.145169
	x470 = -0.384377
	x471 = 0.760010
	x472 = 0.671643
	x473 = 1.647333
	x474 = -1.533315
	x475 = 2.351207
	x476 = -0.016446
	x477 = -1.464537
	x478 = 0.702152
	x479 = -0.491458
	x480 = -3.029420
	x481 = -0.503949
	x482 = -0.762174
	x483 = -0.889599
	x484 = 0.283303
	x485 = 2.122492
	x486 = 0.168463
	x487 = 2.176411
	x488 = 1.067041
	x489 = 0.447270
	x490 = -0.752201
	x491 = 0.027720
	x492 = 0.050532
	x493 = -0.591776
	x494 = -0.554241
	x495 = 0.873303
	x496 = -0.110858
	x497 = -0.650950
	x498 = -0.119899
	x499 = -2.242260
	x500 = -0.966788
	x501 = -0.171679
	x502 = 0.186471
	x503 = -0.479258
	x504 = 0.765229
	x505 = -1.069824
	x506 = 0.243501
	x507 = -0.084506
	x508 = 3.434252
	x509 = -0.860372
	x510 = -0.111835
	x511 = -1.630035

Output:
	y0 = -5.487646
	y1 = 5.641647
	y2 = -5.260848
	y3 = -2.908183
	y4 = 0.758474
	y5 = -2.182931
	y6 = -2.837733
	y7 = -0.882726
	y8 = -1.599556
	y9 = -2.888934
	y10 = -14.134762
	y11 = -1.104102
	y12 = 0.411071
	y13 = -10.635171
	y14 = 1.342989
	y15 = -1.684915
	y16 = 5.169176
	y17 = -2.045161
	y18 = -5.165437
	y19 = 0.747278
	y20 = -4.419163
	y21 = -4.677595
	y22 = 1.849875
	y23 = -4.208600
	y24 = -10.197196
	y25 = 17.937942
	y26 = -11.559435
	y27 = -9.337822
	y28 = 21.697232
	y29 = -9.763653
	y30 = 0.980937
	y31 = -13.869959
	y32 = 3.592219
	y33 = -2.040064
	y34 = -12.571718
	y35 = 0.735523
	y36 = 1.950358
	y37 = -11.016982
	y38 = 1.499411
	y39 = -0.609363
	y40 = -10.456866
	y41 = -1.353217
	y42 = -6.024590
	y43 = 11.480456
	y44 = -6.129792
	y45 = -9.139935
	y46 = 15.197154
	y47 = -10.123709
	y48 = 2.080350
	y49 = -16.160540
	y50 = 0.298036
	y51 = 3.168338
	y52 = -18.778099
	y53 = 2.420187
	y54 = 3.807900
	y55 = -19.216672
	y56 = 4.574647
	y57 = 4.668906
	y58 = -10.463149
	y59 = 5.557270
	y60 = 3.643796
	y61 = -8.498832
	y62 = 4.890049
	y63 = 5.112056
	y64 = -8.287736
	y65 = 3.942372
	y66 = 3.708336
	y67 = -18.659029
	y68 = 3.778509
	y69 = 2.488279
	y70 = -15.703358
	y71 = 2.358126
	y72 = -4.624224
	y73 = 15.318293
	y74 = -5.508754
	y75 = 1.327537
	y76 = -19.802812
	y77 = 0.055451
	y78 = 5.750196
	y79 = -21.124583
	y80 = 5.688741
	y81 = 8.140202
	y82 = -24.701721
	y83 = 9.714580
	y84 = 10.186744
	y85 = -22.701889
	y86 = 11.734201
	y87 = 4.158637
	y88 = -20.071986
	y89 = 3.582657
	y90 = 0.479211
	y91 = -17.182258
	y92 = 0.592050
	y93 = -4.028813
	y94 = 12.867241
	y95 = -4.770131
	y96 = -5.622448
	y97 = 19.411119
	y98 = -5.847802
	y99 = -3.341105
	y100 = 14.615879
	y101 = -5.532337
	y102 = 5.524335
	y103 = -19.743406
	y104 = 3.689261
	y105 = 9.670417
	y106 = -20.785481
	y107 = 11.181783
	y108 = 11.549239
	y109 = -20.925270
	y110 = 10.095051
	y111 = 2.339203
	y112 = -11.572595
	y113 = 2.879695
	y114 = -0.553578
	y115 = -20.704383
	y116 = -1.724745
	y117 = 0.902269
	y118 = -14.181085
	y119 = 0.866591
	y120 = -4.308786
	y121 = 4.986618
	y122 = -3.902973
	y123 = -4.851641
	y124 = 11.453864
	y125 = -4.493720
	y126 = 3.304895
	y127 = -17.128617
	y128 = 2.074211
	y129 = 3.789101
	y130 = -9.340087
	y131 = 5.666051
	y132 = 3.810660
	y133 = -6.483651
	y134 = 3.756211
	y135 = 3.369614
	y136 = -11.418720
	y137 = 3.369604
	y138 = -0.224777
	y139 = -12.419146
	y140 = 0.388884
	y141 = -7.642985
	y142 = 15.957834
	y143 = -7.032289
	y144 = -6.422929
	y145 = 6.647865
	y146 = -5.463893
	y147 = -8.169698
	y148 = 19.549507
	y149 = -7.739584
	y150 = 0.068628
	y151 = -10.098726
	y152 = -0.422547
	y153 = -1.689748
	y154 = 10.735562
	y155 = -0.981039
	y156 = -2.048867
	y157 = 6.872555
	y158 = -0.631432
	y159 = -1.322196
	y160 = 7.011832
	y161 = -1.839266
	y162 = -5.498272
	y163 = 1.629821
	y164 = -5.159580
	y165 = -6.676576
	y166 = 2.985902
	y167 = -5.481825
	y168 = -5.580773
	y169 = 6.478037
	y170 = -5.072810
	y171 = -7.972187
	y172 = 1.314586
	y173 = -7.398689
	y174 = -4.376522
	y175 = 5.119846
	y176 = -4.883057
	y177 = -5.219286
	y178 = 1.181407
	y179 = -4.907295
	y180 = -4.524380
	y181 = 4.392893
	y182 = -4.689004
	y183 = -4.534930
	y184 = 2.631174
	y185 = -3.523174
	y186 = -5.959608
	y187 = 4.306060
	y188 = -5.626065
	y189 = -4.832357
	y190 = 1.740919
	y191 = -5.336609

