InputQuery: /home/levn/Workspace/othello_world/queries/probe_robust/game_124_target_27_eps_0.1.txt
Engine::processInputQuery: Input query (before preprocessing): 449 equations, 1216 variables
Engine::processInputQuery: Input query (after preprocessing): 705 equations, 1387 variables

Input bounds:
	x0: [ -0.8798,  -0.6798] 
	x1: [ -2.6480,  -2.4480] 
	x2: [ -1.0805,  -0.8805] 
	x3: [  1.9649,   2.1649] 
	x4: [ -0.7304,  -0.5304] 
	x5: [ -2.2133,  -2.0133] 
	x6: [  0.9803,   1.1803] 
	x7: [ -0.8091,  -0.6091] 
	x8: [ -2.6345,  -2.4345] 
	x9: [  1.2175,   1.4175] 
	x10: [  1.2109,   1.4109] 
	x11: [ -0.8444,  -0.6444] 
	x12: [ -3.7759,  -3.5759] 
	x13: [ -1.1996,  -0.9996] 
	x14: [  1.5101,   1.7101] 
	x15: [ -1.6138,  -1.4138] 
	x16: [  1.2837,   1.4837] 
	x17: [ -0.8021,  -0.6021] 
	x18: [ -1.9839,  -1.7839] 
	x19: [  1.6578,   1.8578] 
	x20: [  1.8635,   2.0635] 
	x21: [ -0.7795,  -0.5795] 
	x22: [ -0.8318,  -0.6318] 
	x23: [  2.4977,   2.6977] 
	x24: [  2.7817,   2.9817] 
	x25: [ -0.0497,   0.1503] 
	x26: [  0.7000,   0.9000] 
	x27: [ -1.2279,  -1.0279] 
	x28: [  1.2183,   1.4183] 
	x29: [ -0.7615,  -0.5615] 
	x30: [  2.6112,   2.8112] 
	x31: [ -1.2902,  -1.0902] 
	x32: [ -2.2570,  -2.0570] 
	x33: [ -1.8430,  -1.6430] 
	x34: [ -0.8706,  -0.6706] 
	x35: [  1.1510,   1.3510] 
	x36: [  0.6941,   0.8941] 
	x37: [  0.3844,   0.5844] 
	x38: [  2.3188,   2.5188] 
	x39: [ -0.6450,  -0.4450] 
	x40: [  0.2274,   0.4274] 
	x41: [  1.4413,   1.6413] 
	x42: [  2.4496,   2.6496] 
	x43: [ -2.9745,  -2.7745] 
	x44: [  0.1374,   0.3374] 
	x45: [ -1.5968,  -1.3968] 
	x46: [ -0.4795,  -0.2795] 
	x47: [ -1.2348,  -1.0348] 
	x48: [  1.0536,   1.2536] 
	x49: [  1.3506,   1.5506] 
	x50: [ -0.8064,  -0.6064] 
	x51: [ -1.3764,  -1.1764] 
	x52: [  1.7380,   1.9380] 
	x53: [  1.2404,   1.4404] 
	x54: [ -1.4648,  -1.2648] 
	x55: [  1.4574,   1.6574] 
	x56: [ -2.6860,  -2.4860] 
	x57: [  1.5631,   1.7631] 
	x58: [ -1.7373,  -1.5373] 
	x59: [  0.2650,   0.4650] 
	x60: [  0.4987,   0.6987] 
	x61: [  2.4637,   2.6637] 
	x62: [  1.7068,   1.9068] 
	x63: [ -1.7279,  -1.5279] 
	x64: [  1.4350,   1.6350] 
	x65: [  0.5800,   0.7800] 
	x66: [ -1.8362,  -1.6362] 
	x67: [  1.4926,   1.6926] 
	x68: [  1.1761,   1.3761] 
	x69: [ -1.3745,  -1.1745] 
	x70: [  1.5853,   1.7853] 
	x71: [ -0.2911,  -0.0911] 
	x72: [ -4.0376,  -3.8376] 
	x73: [  1.8599,   2.0599] 
	x74: [ -0.8751,  -0.6751] 
	x75: [  0.7729,   0.9729] 
	x76: [ -0.0934,   0.1066] 
	x77: [  2.4020,   2.6020] 
	x78: [ -0.7496,  -0.5496] 
	x79: [  0.4559,   0.6559] 
	x80: [  0.0528,   0.2528] 
	x81: [  1.9769,   2.1769] 
	x82: [ -0.0435,   0.1565] 
	x83: [ -3.1487,  -2.9487] 
	x84: [  0.2688,   0.4688] 
	x85: [ -1.2632,  -1.0632] 
	x86: [  1.8670,   2.0670] 
	x87: [ -2.3506,  -2.1506] 
	x88: [ -2.1136,  -1.9136] 
	x89: [  2.3800,   2.5800] 
	x90: [  0.9174,   1.1174] 
	x91: [ -0.9449,  -0.7449] 
	x92: [ -3.7176,  -3.5176] 
	x93: [  1.5442,   1.7442] 
	x94: [ -1.6246,  -1.4246] 
	x95: [ -0.2706,  -0.0706] 
	x96: [  0.6472,   0.8472] 
	x97: [ -1.5541,  -1.3541] 
	x98: [ -1.5667,  -1.3667] 
	x99: [ -0.9517,  -0.7517] 
	x100: [  0.0507,   0.2507] 
	x101: [ -0.6474,  -0.4474] 
	x102: [ -0.0432,   0.1568] 
	x103: [ -1.7166,  -1.5166] 
	x104: [ -0.3411,  -0.1411] 
	x105: [ -0.1637,   0.0363] 
	x106: [ -0.1407,   0.0593] 
	x107: [ -0.2135,  -0.0135] 
	x108: [  2.0236,   2.2236] 
	x109: [  0.4617,   0.6617] 
	x110: [  1.0295,   1.2295] 
	x111: [  0.8744,   1.0744] 
	x112: [  0.7054,   0.9054] 
	x113: [ -1.0411,  -0.8411] 
	x114: [  0.3179,   0.5179] 
	x115: [ -0.3208,  -0.1208] 
	x116: [  0.1142,   0.3142] 
	x117: [  1.6196,   1.8196] 
	x118: [ -0.9772,  -0.7772] 
	x119: [ -2.8522,  -2.6522] 
	x120: [  1.0465,   1.2465] 
	x121: [  0.5485,   0.7485] 
	x122: [  1.4860,   1.6860] 
	x123: [ -0.2885,  -0.0885] 
	x124: [  1.5372,   1.7372] 
	x125: [ -1.4520,  -1.2520] 
	x126: [  0.1841,   0.3841] 
	x127: [ -1.9472,  -1.7472] 
	x128: [  1.2479,   1.4479] 
	x129: [  0.9267,   1.1267] 
	x130: [ -0.3340,  -0.1340] 
	x131: [  1.5986,   1.7986] 
	x132: [ -1.4293,  -1.2293] 
	x133: [  1.5271,   1.7271] 
	x134: [  2.8442,   3.0442] 
	x135: [  2.1441,   2.3441] 
	x136: [  0.3121,   0.5121] 
	x137: [ -0.6618,  -0.4618] 
	x138: [ -2.0357,  -1.8357] 
	x139: [  1.9469,   2.1469] 
	x140: [  5.3893,   5.5893] 
	x141: [ -0.0632,   0.1368] 
	x142: [  1.1255,   1.3255] 
	x143: [  0.0493,   0.2493] 
	x144: [  0.3201,   0.5201] 
	x145: [ -1.1925,  -0.9925] 
	x146: [ -2.5914,  -2.3914] 
	x147: [  0.0150,   0.2150] 
	x148: [ -0.7343,  -0.5343] 
	x149: [  1.9802,   2.1802] 
	x150: [  0.2381,   0.4381] 
	x151: [  0.4227,   0.6227] 
	x152: [ -0.0633,   0.1367] 
	x153: [ -1.0536,  -0.8536] 
	x154: [  3.1494,   3.3494] 
	x155: [ -1.8046,  -1.6046] 
	x156: [  0.1779,   0.3779] 
	x157: [  2.2045,   2.4045] 
	x158: [ -4.2682,  -4.0682] 
	x159: [  2.0780,   2.2780] 
	x160: [ -0.3325,  -0.1325] 
	x161: [ -0.0626,   0.1374] 
	x162: [ -1.1617,  -0.9617] 
	x163: [ -0.6691,  -0.4691] 
	x164: [ -1.7357,  -1.5357] 
	x165: [ -2.8276,  -2.6276] 
	x166: [  1.0308,   1.2308] 
	x167: [  2.4550,   2.6550] 
	x168: [  1.1559,   1.3559] 
	x169: [ -1.7568,  -1.5568] 
	x170: [ -2.8699,  -2.6699] 
	x171: [ -1.0277,  -0.8277] 
	x172: [  1.6637,   1.8637] 
	x173: [ -0.8268,  -0.6268] 
	x174: [  2.0806,   2.2806] 
	x175: [ -0.7655,  -0.5655] 
	x176: [ -1.7002,  -1.5002] 
	x177: [  0.7811,   0.9811] 
	x178: [ -1.8799,  -1.6799] 
	x179: [ -0.5122,  -0.3122] 
	x180: [ -1.2030,  -1.0030] 
	x181: [ -2.7120,  -2.5120] 
	x182: [  1.9313,   2.1313] 
	x183: [ -0.8317,  -0.6317] 
	x184: [  1.1497,   1.3497] 
	x185: [ -4.2967,  -4.0967] 
	x186: [ -1.5896,  -1.3896] 
	x187: [  0.3023,   0.5023] 
	x188: [  0.0797,   0.2797] 
	x189: [ -0.1105,   0.0895] 
	x190: [  0.1448,   0.3448] 
	x191: [  2.9715,   3.1715] 
	x192: [  2.4938,   2.6938] 
	x193: [  1.1340,   1.3340] 
	x194: [ -0.9616,  -0.7616] 
	x195: [ -2.9768,  -2.7768] 
	x196: [ -1.1113,  -0.9113] 
	x197: [  0.3413,   0.5413] 
	x198: [ -0.6042,  -0.4042] 
	x199: [  1.7980,   1.9980] 
	x200: [ -0.6771,  -0.4771] 
	x201: [ -0.0316,   0.1684] 
	x202: [ -3.7437,  -3.5437] 
	x203: [ -1.5464,  -1.3464] 
	x204: [ -1.6258,  -1.4258] 
	x205: [ -1.4342,  -1.2342] 
	x206: [ -1.6042,  -1.4042] 
	x207: [ -0.0871,   0.1129] 
	x208: [ -1.5102,  -1.3102] 
	x209: [ -1.7791,  -1.5791] 
	x210: [ -1.4489,  -1.2489] 
	x211: [ -1.4447,  -1.2447] 
	x212: [ -1.1006,  -0.9006] 
	x213: [  1.1919,   1.3919] 
	x214: [ -0.2134,  -0.0134] 
	x215: [ -0.8505,  -0.6505] 
	x216: [ -1.2600,  -1.0600] 
	x217: [ -0.1180,   0.0820] 
	x218: [ -1.1278,  -0.9278] 
	x219: [ -1.6920,  -1.4920] 
	x220: [  2.0779,   2.2779] 
	x221: [  0.7708,   0.9708] 
	x222: [ -0.3922,  -0.1922] 
	x223: [ -1.6425,  -1.4425] 
	x224: [ -0.9469,  -0.7469] 
	x225: [ -1.5856,  -1.3856] 
	x226: [  4.5129,   4.7129] 
	x227: [ -0.7589,  -0.5589] 
	x228: [  0.5267,   0.7267] 
	x229: [  1.9511,   2.1511] 
	x230: [  1.5216,   1.7216] 
	x231: [  3.4329,   3.6329] 
	x232: [ -0.5525,  -0.3525] 
	x233: [ -0.7793,  -0.5793] 
	x234: [  0.3271,   0.5271] 
	x235: [ -3.0116,  -2.8116] 
	x236: [  1.3664,   1.5664] 
	x237: [ -0.6402,  -0.4402] 
	x238: [  0.9201,   1.1201] 
	x239: [  6.7656,   6.9656] 
	x240: [  1.9531,   2.1531] 
	x241: [ -0.1708,   0.0292] 
	x242: [  1.4159,   1.6159] 
	x243: [ -1.0855,  -0.8855] 
	x244: [ -1.9169,  -1.7169] 
	x245: [ -0.0577,   0.1423] 
	x246: [  1.5998,   1.7998] 
	x247: [ -2.0589,  -1.8589] 
	x248: [ -1.8990,  -1.6990] 
	x249: [  2.8192,   3.0192] 
	x250: [  2.0718,   2.2718] 
	x251: [ -2.5225,  -2.3225] 
	x252: [  1.1537,   1.3537] 
	x253: [ -0.6396,  -0.4396] 
	x254: [ -1.3677,  -1.1677] 
	x255: [ -1.2202,  -1.0202] 
	x256: [ -1.7500,  -1.5500] 
	x257: [ -0.3272,  -0.1272] 
	x258: [ -1.9153,  -1.7153] 
	x259: [  0.7031,   0.9031] 
	x260: [  1.7179,   1.9179] 
	x261: [  2.1027,   2.3027] 
	x262: [ -3.1215,  -2.9215] 
	x263: [  0.5112,   0.7112] 
	x264: [  1.3403,   1.5403] 
	x265: [ -1.0694,  -0.8694] 
	x266: [ -0.4784,  -0.2784] 
	x267: [  0.5719,   0.7719] 
	x268: [ -2.5069,  -2.3069] 
	x269: [  1.0372,   1.2372] 
	x270: [  1.1944,   1.3944] 
	x271: [ -3.2725,  -3.0725] 
	x272: [ -0.8289,  -0.6289] 
	x273: [  0.7280,   0.9280] 
	x274: [ -0.5752,  -0.3752] 
	x275: [ -1.1004,  -0.9004] 
	x276: [  0.9193,   1.1193] 
	x277: [ -1.2069,  -1.0069] 
	x278: [  0.0282,   0.2282] 
	x279: [  0.2023,   0.4023] 
	x280: [  0.4683,   0.6683] 
	x281: [ -2.7900,  -2.5900] 
	x282: [  1.5581,   1.7581] 
	x283: [ -0.9010,  -0.7010] 
	x284: [ -2.6367,  -2.4367] 
	x285: [ -2.8568,  -2.6568] 
	x286: [  0.4341,   0.6341] 
	x287: [ -0.1526,   0.0474] 
	x288: [  0.8832,   1.0832] 
	x289: [  0.2347,   0.4347] 
	x290: [ -1.5280,  -1.3280] 
	x291: [  1.3645,   1.5645] 
	x292: [  2.0659,   2.2659] 
	x293: [ -0.4306,  -0.2306] 
	x294: [  4.0934,   4.2934] 
	x295: [  0.3277,   0.5277] 
	x296: [  0.7085,   0.9085] 
	x297: [  2.6154,   2.8154] 
	x298: [ -6.6576,  -6.4576] 
	x299: [  3.4738,   3.6738] 
	x300: [  4.0913,   4.2913] 
	x301: [  0.3773,   0.5773] 
	x302: [ -1.3658,  -1.1658] 
	x303: [ -1.2354,  -1.0354] 
	x304: [  2.3727,   2.5727] 
	x305: [  1.6578,   1.8578] 
	x306: [  0.9231,   1.1231] 
	x307: [ -1.6845,  -1.4845] 
	x308: [  0.1261,   0.3261] 
	x309: [  1.6324,   1.8324] 
	x310: [  0.5997,   0.7997] 
	x311: [  1.3899,   1.5899] 
	x312: [ -1.3285,  -1.1285] 
	x313: [ -0.6539,  -0.4539] 
	x314: [  0.3747,   0.5747] 
	x315: [ -1.5687,  -1.3687] 
	x316: [ -1.0342,  -0.8342] 
	x317: [ -0.6479,  -0.4479] 
	x318: [  0.9806,   1.1806] 
	x319: [ -0.3278,  -0.1278] 
	x320: [  2.7104,   2.9104] 
	x321: [ -0.2947,  -0.0947] 
	x322: [ -2.2309,  -2.0309] 
	x323: [  1.3027,   1.5027] 
	x324: [  1.4065,   1.6065] 
	x325: [  0.2878,   0.4878] 
	x326: [  1.2030,   1.4030] 
	x327: [ -0.0120,   0.1880] 
	x328: [  1.2220,   1.4220] 
	x329: [ -0.9259,  -0.7259] 
	x330: [ -0.2119,  -0.0119] 
	x331: [  1.4299,   1.6299] 
	x332: [ -1.8365,  -1.6365] 
	x333: [  0.9950,   1.1950] 
	x334: [  2.0976,   2.2976] 
	x335: [ -1.5808,  -1.3808] 
	x336: [ -0.9193,  -0.7193] 
	x337: [  0.3017,   0.5017] 
	x338: [ -3.1295,  -2.9295] 
	x339: [  0.6103,   0.8103] 
	x340: [  0.8797,   1.0797] 
	x341: [  0.2743,   0.4743] 
	x342: [ -0.9857,  -0.7857] 
	x343: [  0.4489,   0.6489] 
	x344: [ -0.9655,  -0.7655] 
	x345: [  0.2774,   0.4774] 
	x346: [ -0.9865,  -0.7865] 
	x347: [ -1.9493,  -1.7493] 
	x348: [ -0.4361,  -0.2361] 
	x349: [  0.6889,   0.8889] 
	x350: [ -3.3859,  -3.1859] 
	x351: [ -0.5735,  -0.3735] 
	x352: [ -4.1237,  -3.9237] 
	x353: [ -3.2100,  -3.0100] 
	x354: [  0.4161,   0.6161] 
	x355: [ -0.3030,  -0.1030] 
	x356: [  2.2810,   2.4810] 
	x357: [ -1.3053,  -1.1053] 
	x358: [  1.9214,   2.1214] 
	x359: [ -0.3053,  -0.1053] 
	x360: [  1.2852,   1.4852] 
	x361: [ -2.1447,  -1.9447] 
	x362: [ -4.7956,  -4.5956] 
	x363: [ -0.0011,   0.1989] 
	x364: [  0.8841,   1.0841] 
	x365: [  1.9672,   2.1672] 
	x366: [  0.2208,   0.4208] 
	x367: [  2.9415,   3.1415] 
	x368: [ -2.9831,  -2.7831] 
	x369: [ -1.7100,  -1.5100] 
	x370: [ -0.5718,  -0.3718] 
	x371: [  3.2246,   3.4246] 
	x372: [  4.4639,   4.6639] 
	x373: [ -0.6645,  -0.4645] 
	x374: [  1.8885,   2.0885] 
	x375: [  2.3258,   2.5258] 
	x376: [ -1.8992,  -1.6992] 
	x377: [ -2.5493,  -2.3493] 
	x378: [  0.3918,   0.5918] 
	x379: [  0.3858,   0.5858] 
	x380: [ -0.4157,  -0.2157] 
	x381: [ -0.7122,  -0.5122] 
	x382: [ -0.0198,   0.1802] 
	x383: [  0.6098,   0.8098] 
	x384: [ -2.1484,  -1.9484] 
	x385: [  2.5419,   2.7419] 
	x386: [ -1.2073,  -1.0073] 
	x387: [  0.2985,   0.4985] 
	x388: [  1.4591,   1.6591] 
	x389: [ -2.4326,  -2.2326] 
	x390: [ -1.7778,  -1.5778] 
	x391: [  0.3194,   0.5194] 
	x392: [  0.4642,   0.6642] 
	x393: [ -0.5791,  -0.3791] 
	x394: [ -2.2657,  -2.0657] 
	x395: [ -2.5437,  -2.3437] 
	x396: [  0.8783,   1.0783] 
	x397: [  0.7653,   0.9653] 
	x398: [ -2.2615,  -2.0615] 
	x399: [  0.2601,   0.4601] 
	x400: [  0.5648,   0.7648] 
	x401: [ -1.5181,  -1.3181] 
	x402: [ -0.2229,  -0.0229] 
	x403: [  0.9335,   1.1335] 
	x404: [  2.4806,   2.6806] 
	x405: [  0.3966,   0.5966] 
	x406: [ -3.3140,  -3.1140] 
	x407: [  3.4111,   3.6111] 
	x408: [  1.1474,   1.3474] 
	x409: [  0.2852,   0.4852] 
	x410: [ -2.0565,  -1.8565] 
	x411: [  0.2710,   0.4710] 
	x412: [  0.4957,   0.6957] 
	x413: [ -1.3878,  -1.1878] 
	x414: [  1.1556,   1.3556] 
	x415: [  0.8123,   1.0123] 
	x416: [ -0.6823,  -0.4823] 
	x417: [  0.4718,   0.6718] 
	x418: [ -1.4608,  -1.2608] 
	x419: [  1.2405,   1.4405] 
	x420: [ -0.7434,  -0.5434] 
	x421: [ -1.5765,  -1.3765] 
	x422: [  0.9751,   1.1751] 
	x423: [  2.7503,   2.9503] 
	x424: [  0.6679,   0.8679] 
	x425: [  0.8129,   1.0129] 
	x426: [ -1.1100,  -0.9100] 
	x427: [ -0.2145,  -0.0145] 
	x428: [ -0.1567,   0.0433] 
	x429: [ -1.0861,  -0.8861] 
	x430: [ -2.1124,  -1.9124] 
	x431: [ -1.2019,  -1.0019] 
	x432: [  0.2194,   0.4194] 
	x433: [ -3.1868,  -2.9868] 
	x434: [  1.7809,   1.9809] 
	x435: [  0.1616,   0.3616] 
	x436: [  2.2982,   2.4982] 
	x437: [  1.7041,   1.9041] 
	x438: [ -3.6685,  -3.4685] 
	x439: [ -2.9018,  -2.7018] 
	x440: [ -1.2747,  -1.0747] 
	x441: [  0.8660,   1.0660] 
	x442: [  0.8792,   1.0792] 
	x443: [ -0.7825,  -0.5825] 
	x444: [  3.6074,   3.8074] 
	x445: [  1.2579,   1.4579] 
	x446: [ -2.0537,  -1.8537] 
	x447: [ -0.2020,  -0.0020] 
	x448: [ -1.0565,  -0.8565] 
	x449: [  0.4786,   0.6786] 
	x450: [  2.3931,   2.5931] 
	x451: [ -0.2796,  -0.0796] 
	x452: [  2.2581,   2.4581] 
	x453: [ -0.6146,  -0.4146] 
	x454: [  0.0768,   0.2768] 
	x455: [ -0.1727,   0.0273] 
	x456: [  1.2876,   1.4876] 
	x457: [ -1.9835,  -1.7835] 
	x458: [  0.7357,   0.9357] 
	x459: [ -2.0554,  -1.8554] 
	x460: [ -0.2077,  -0.0077] 
	x461: [  1.0941,   1.2941] 
	x462: [ -3.5107,  -3.3107] 
	x463: [  1.2348,   1.4348] 
	x464: [ -0.5914,  -0.3914] 
	x465: [  1.4502,   1.6502] 
	x466: [ -0.9441,  -0.7441] 
	x467: [ -1.8345,  -1.6345] 
	x468: [ -1.5998,  -1.3998] 
	x469: [ -1.4939,  -1.2939] 
	x470: [  2.6456,   2.8456] 
	x471: [  1.4735,   1.6735] 
	x472: [  1.2163,   1.4163] 
	x473: [ -3.5716,  -3.3716] 
	x474: [  0.5285,   0.7285] 
	x475: [  0.0218,   0.2218] 
	x476: [ -1.7551,  -1.5551] 
	x477: [  0.3674,   0.5674] 
	x478: [  1.1012,   1.3012] 
	x479: [ -0.3008,  -0.1008] 
	x480: [  1.0187,   1.2187] 
	x481: [ -0.0812,   0.1188] 
	x482: [ -0.2452,  -0.0452] 
	x483: [ -1.5330,  -1.3330] 
	x484: [ -1.3165,  -1.1165] 
	x485: [ -3.0776,  -2.8776] 
	x486: [ -0.0250,   0.1750] 
	x487: [  0.1940,   0.3940] 
	x488: [ -0.9953,  -0.7953] 
	x489: [ -0.6042,  -0.4042] 
	x490: [ -0.4855,  -0.2855] 
	x491: [  1.5413,   1.7413] 
	x492: [  0.0341,   0.2341] 
	x493: [ -0.6507,  -0.4507] 
	x494: [  1.3808,   1.5808] 
	x495: [  0.6793,   0.8793] 
	x496: [ -1.2876,  -1.0876] 
	x497: [  0.0739,   0.2739] 
	x498: [ -0.5555,  -0.3555] 
	x499: [  2.0083,   2.2083] 
	x500: [  0.8205,   1.0205] 
	x501: [ -1.6876,  -1.4876] 
	x502: [ -5.8243,  -5.6243] 
	x503: [  1.2454,   1.4454] 
	x504: [ -2.3792,  -2.1792] 
	x505: [  1.5392,   1.7392] 
	x506: [ -1.6605,  -1.4605] 
	x507: [  0.6117,   0.8117] 
	x508: [ -2.2419,  -2.0419] 
	x509: [ -0.2479,  -0.0479] 
	x510: [ -2.8508,  -2.6508] 
	x511: [  1.1269,   1.3269] 

Branching heuristics set to PseudoImpact

Engine::solve: Initial statistics

02:37:55 Statistics update:
	--- Time Statistics ---
	Total time elapsed: 1168 milli (00:00:01)
		Main loop: 0 milli (00:00:00)
		Preprocessing time: 565 milli (00:00:00)
		Unknown: 602 milli (00:00:00)
	Breakdown for main loop:
		[0.00%] Simplex steps: 0 milli
		[0.00%] Explicit-basis bound tightening: 0 milli
		[0.00%] Constraint-matrix bound tightening: 0 milli
		[0.00%] Degradation checking: 0 milli
		[0.00%] Precision restoration: 0 milli
		[0.00%] Statistics handling: 0 milli
		[0.00%] Constraint-fixing steps: 0 milli
		[0.00%] Valid case splits: 0 milli. Average per split: 0.00 milli
		[0.00%] Applying stored bound-tightening: 0 milli
		[0.00%] SMT core: 0 milli
		[0.00%] Symbolic Bound Tightening: 35 milli
		[0.00%] SoI-based local search: 0 milli
		[0.00%] SoI-based local search: 0 milli
		[0.00%] Unaccounted for: 0 milli
	--- Preprocessor Statistics ---
	Number of preprocessor bound-tightening loop iterations: 3
	Number of eliminated variables: 86
	Number of constraints removed due to variable elimination: 86
	Number of equations removed due to variable elimination: 0
	--- Engine Statistics ---
	Number of main loop iterations: 1
		0 iterations were simplex steps. Total time: 0 milli. Average: 0.00 milli.
		0 iterations were constraint-fixing steps. Total time: 0 milli. Average: 0.00 milli
	Number of active piecewise-linear constraints: 170 / 170
		Constraints disabled by valid splits: 0. By SMT-originated splits: 0
	Last reported degradation: 0.0000000000. Max degradation so far: 0.0000000000. Restorations so far: 0
	Number of simplex pivots we attempted to skip because of instability: 0.
	Unstable pivots performed anyway: 0
	--- Tableau Statistics ---
	Total number of pivots performed: 0
		Real pivots: 0. Degenerate: 0 (0.00%)
		Degenerate pivots by request (e.g., to fix a PL constraint): 0 (0.00%)
		Average time per pivot: 0.00 milli
	Total number of fake pivots performed: 0
	Total number of rows added: 0. Number of merged columns: 0
	Current tableau dimensions: M = 705, N = 2092
	--- SMT Core Statistics ---
	Total depth is 0. Total visited states: 1. Number of splits: 0. Number of pops: 0
	Max stack depth: 0
	--- Bound Tightening Statistics ---
	Number of tightened bounds: 0.
		Number of rows examined by row tightener: 0. Consequent tightenings: 0
		Number of explicit basis matrices examined by row tightener: 0. Consequent tightenings: 0
		Number of bound tightening rounds on the entire constraint matrix: 0. Consequent tightenings: 0
		Number of bound notifications sent to PL constraints: 1020. Tightenings proposed: 0
	--- Basis Factorization statistics ---
	Number of basis refactorizations: 2
	--- Projected Steepest Edge Statistics ---
	Number of iterations: 0.
	Number of resets to reference space: 1. Avg. iterations per reset: 0
	--- SBT ---
	Number of tightened bounds: 387
	--- SoI-based local search ---
	Number of proposed phase pattern update: 0. Number of accepted update: 0 [0.00%]
	Total time (% of local search time) updating SoI phase pattern : 0 milli [0.00%]
	Total time obtaining current assignment: 0 milli [0.00%]
	Total time getting SoI phase pattern : 0 milli [0.00%]
	--- Context dependent statistics ---
	Number of pushes / pops: 0 / 0
		[0.00%] Pre-Push hook: 0 milli
		[0.00%] Push : 0 milli
		[0.00%] Post-Pop hook: 0 milli
		[0.00%] Pop : 0 milli
		[0.00%] Total context-switching time: 0 milli
	--- Proof Certificate ---
	Number of certified leaves: 0
	Number of leaves to delegate: 0

---

Engine::solve: sat assignment found

02:38:16 Statistics update:
	--- Time Statistics ---
	Total time elapsed: 21767 milli (00:00:21)
		Main loop: 20598 milli (00:00:20)
		Preprocessing time: 565 milli (00:00:00)
		Unknown: 603 milli (00:00:00)
	Breakdown for main loop:
		[66.71%] Simplex steps: 13741 milli
		[32.06%] Explicit-basis bound tightening: 6604 milli
		[0.00%] Constraint-matrix bound tightening: 0 milli
		[0.30%] Degradation checking: 60 milli
		[0.00%] Precision restoration: 0 milli
		[0.38%] Statistics handling: 78 milli
		[0.00%] Constraint-fixing steps: 0 milli
		[0.00%] Valid case splits: 0 milli. Average per split: 0.00 milli
		[0.00%] Applying stored bound-tightening: 0 milli
		[0.00%] SMT core: 0 milli
		[0.38%] Symbolic Bound Tightening: 78 milli
		[35.40%] SoI-based local search: 7291 milli
		[0.00%] SoI-based local search: 0 milli
		[0.16%] Unaccounted for: 32 milli
	--- Preprocessor Statistics ---
	Number of preprocessor bound-tightening loop iterations: 3
	Number of eliminated variables: 86
	Number of constraints removed due to variable elimination: 86
	Number of equations removed due to variable elimination: 0
	--- Engine Statistics ---
	Number of main loop iterations: 1132
		1128 iterations were simplex steps. Total time: 13741 milli. Average: 12.18 milli.
		0 iterations were constraint-fixing steps. Total time: 0 milli. Average: 0.00 milli
	Number of active piecewise-linear constraints: 169 / 170
		Constraints disabled by valid splits: 0. By SMT-originated splits: 1
	Last reported degradation: 0.0000012762. Max degradation so far: 0.0000012762. Restorations so far: 0
	Number of simplex pivots we attempted to skip because of instability: 0.
	Unstable pivots performed anyway: 0
	--- Tableau Statistics ---
	Total number of pivots performed: 1117
		Real pivots: 1116. Degenerate: 1 (0.09%)
		Degenerate pivots by request (e.g., to fix a PL constraint): 0 (0.00%)
		Average time per pivot: 1.45 milli
	Total number of fake pivots performed: 3
	Total number of rows added: 0. Number of merged columns: 0
	Current tableau dimensions: M = 705, N = 2092
	--- SMT Core Statistics ---
	Total depth is 1. Total visited states: 2. Number of splits: 1. Number of pops: 0
	Max stack depth: 1
	--- Bound Tightening Statistics ---
	Number of tightened bounds: 192.
		Number of rows examined by row tightener: 1117. Consequent tightenings: 0
		Number of explicit basis matrices examined by row tightener: 4. Consequent tightenings: 302
		Number of bound tightening rounds on the entire constraint matrix: 0. Consequent tightenings: 0
		Number of bound notifications sent to PL constraints: 2042. Tightenings proposed: 0
	--- Basis Factorization statistics ---
	Number of basis refactorizations: 12
	--- Projected Steepest Edge Statistics ---
	Number of iterations: 1120.
	Number of resets to reference space: 2. Avg. iterations per reset: 560
	--- SBT ---
	Number of tightened bounds: 579
	--- SoI-based local search ---
	Number of proposed phase pattern update: 2. Number of accepted update: 2 [100.00%]
	Total time (% of local search time) updating SoI phase pattern : 3390 milli [0.05%]
	Total time obtaining current assignment: 3276 milli [0.04%]
	Total time getting SoI phase pattern : 1041 milli [0.01%]
	--- Context dependent statistics ---
	Number of pushes / pops: 1 / 0
		[0.00%] Pre-Push hook: 0 milli
		[0.00%] Push : 0 milli
		[0.00%] Post-Pop hook: 0 milli
		[0.00%] Pop : 0 milli
		[0.00%] Total context-switching time: 0 milli
	--- Proof Certificate ---
	Number of certified leaves: 0
	Number of leaves to delegate: 0
sat
Input assignment:
	x0 = -0.879835
	x1 = -2.448048
	x2 = -1.080547
	x3 = 1.964938
	x4 = -0.530389
	x5 = -2.213262
	x6 = 0.980282
	x7 = -0.809081
	x8 = -2.434549
	x9 = 1.217518
	x10 = 1.410911
	x11 = -0.644369
	x12 = -3.775927
	x13 = -1.199564
	x14 = 1.710122
	x15 = -1.613752
	x16 = 1.483662
	x17 = -0.802095
	x18 = -1.783944
	x19 = 1.657753
	x20 = 1.863471
	x21 = -0.779487
	x22 = -0.631825
	x23 = 2.697696
	x24 = 2.981685
	x25 = -0.049697
	x26 = 0.699997
	x27 = -1.027935
	x28 = 1.218340
	x29 = -0.561543
	x30 = 2.681372
	x31 = -1.090244
	x32 = -2.256999
	x33 = -1.842995
	x34 = -0.870617
	x35 = 1.151011
	x36 = 0.694116
	x37 = 0.584419
	x38 = 2.318819
	x39 = -0.444970
	x40 = 0.227360
	x41 = 1.641339
	x42 = 2.449631
	x43 = -2.974488
	x44 = 0.137350
	x45 = -1.396763
	x46 = -0.279535
	x47 = -1.034768
	x48 = 1.253573
	x49 = 1.550598
	x50 = -0.806412
	x51 = -1.376425
	x52 = 1.738019
	x53 = 1.440362
	x54 = -1.264826
	x55 = 1.457394
	x56 = -2.486004
	x57 = 1.763054
	x58 = -1.537338
	x59 = 0.465024
	x60 = 0.498657
	x61 = 2.463725
	x62 = 1.906761
	x63 = -1.727913
	x64 = 1.434963
	x65 = 0.580024
	x66 = -1.836212
	x67 = 1.626047
	x68 = 1.176124
	x69 = -1.374485
	x70 = 1.785328
	x71 = -0.091124
	x72 = -3.837610
	x73 = 1.859943
	x74 = -0.875063
	x75 = 0.772853
	x76 = -0.093398
	x77 = 2.602023
	x78 = -0.749597
	x79 = 0.655935
	x80 = 0.052811
	x81 = 2.176905
	x82 = 0.156494
	x83 = -3.148716
	x84 = 0.468847
	x85 = -1.263233
	x86 = 1.866971
	x87 = -2.150603
	x88 = -2.113642
	x89 = 2.580040
	x90 = 0.917365
	x91 = -0.944870
	x92 = -3.717592
	x93 = 1.544221
	x94 = -1.424575
	x95 = -0.070641
	x96 = 0.647194
	x97 = -1.554118
	x98 = -1.366746
	x99 = -0.887154
	x100 = 0.250689
	x101 = -0.647426
	x102 = -0.043179
	x103 = -1.716608
	x104 = -0.141061
	x105 = 0.036280
	x106 = 0.059252
	x107 = -0.013549
	x108 = 2.023609
	x109 = 0.661699
	x110 = 1.229549
	x111 = 0.874425
	x112 = 0.905385
	x113 = -0.841125
	x114 = 0.317909
	x115 = -0.120845
	x116 = 0.314229
	x117 = 1.819612
	x118 = -0.777239
	x119 = -2.852240
	x120 = 1.246534
	x121 = 0.748503
	x122 = 1.485971
	x123 = -0.088514
	x124 = 1.737226
	x125 = -1.251973
	x126 = 0.184051
	x127 = -1.747196
	x128 = 1.447858
	x129 = 1.126674
	x130 = -0.334000
	x131 = 1.798556
	x132 = -1.429291
	x133 = 1.527072
	x134 = 2.844210
	x135 = 2.144064
	x136 = 0.312058
	x137 = -0.661771
	x138 = -2.035714
	x139 = 1.946946
	x140 = 5.589276
	x141 = 0.136806
	x142 = 1.125542
	x143 = 0.049328
	x144 = 0.520119
	x145 = -0.992520
	x146 = -2.591371
	x147 = 0.015035
	x148 = -0.534326
	x149 = 1.980200
	x150 = 0.238121
	x151 = 0.622708
	x152 = -0.063281
	x153 = -1.053583
	x154 = 3.149374
	x155 = -1.604566
	x156 = 0.377879
	x157 = 2.204462
	x158 = -4.068243
	x159 = 2.277974
	x160 = -0.332547
	x161 = 0.137361
	x162 = -1.161703
	x163 = -0.669101
	x164 = -1.535740
	x165 = -2.627594
	x166 = 1.030757
	x167 = 2.455004
	x168 = 1.155874
	x169 = -1.556779
	x170 = -2.669904
	x171 = -0.827727
	x172 = 1.863749
	x173 = -0.826768
	x174 = 2.080647
	x175 = -0.565487
	x176 = -1.500165
	x177 = 0.781057
	x178 = -1.879896
	x179 = -0.312151
	x180 = -1.203006
	x181 = -2.512029
	x182 = 2.131320
	x183 = -0.831737
	x184 = 1.349733
	x185 = -4.296720
	x186 = -1.589591
	x187 = 0.502265
	x188 = 0.079715
	x189 = -0.110482
	x190 = 0.144841
	x191 = 3.171492
	x192 = 2.693832
	x193 = 1.334010
	x194 = -0.961561
	x195 = -2.776837
	x196 = -0.911267
	x197 = 0.341322
	x198 = -0.604200
	x199 = 1.798015
	x200 = -0.677088
	x201 = 0.168412
	x202 = -3.543741
	x203 = -1.346412
	x204 = -1.625786
	x205 = -1.234184
	x206 = -1.604197
	x207 = -0.087079
	x208 = -1.310217
	x209 = -1.579055
	x210 = -1.248940
	x211 = -1.444691
	x212 = -1.100633
	x213 = 1.391865
	x214 = -0.213442
	x215 = -0.850451
	x216 = -1.259951
	x217 = 0.082007
	x218 = -0.927772
	x219 = -1.691984
	x220 = 2.077883
	x221 = 0.970824
	x222 = -0.392228
	x223 = -1.506228
	x224 = -0.946852
	x225 = -1.585635
	x226 = 4.712906
	x227 = -0.758898
	x228 = 0.726652
	x229 = 1.951133
	x230 = 1.721577
	x231 = 3.432871
	x232 = -0.552541
	x233 = -0.579258
	x234 = 0.327135
	x235 = -2.811561
	x236 = 1.366438
	x237 = -0.601970
	x238 = 0.920119
	x239 = 6.965627
	x240 = 1.953148
	x241 = -0.170833
	x242 = 1.415879
	x243 = -1.085547
	x244 = -1.716906
	x245 = 0.142337
	x246 = 1.599769
	x247 = -2.058876
	x248 = -1.699002
	x249 = 2.819197
	x250 = 2.071784
	x251 = -2.322474
	x252 = 1.153727
	x253 = -0.439613
	x254 = -1.167722
	x255 = -1.020202
	x256 = -1.749974
	x257 = -0.127167
	x258 = -1.915324
	x259 = 0.903086
	x260 = 1.717912
	x261 = 2.102726
	x262 = -3.121540
	x263 = 0.711175
	x264 = 1.340275
	x265 = -1.069445
	x266 = -0.278374
	x267 = 0.571901
	x268 = -2.306900
	x269 = 1.237239
	x270 = 1.394423
	x271 = -3.072485
	x272 = -0.628923
	x273 = 0.728031
	x274 = -0.375206
	x275 = -0.900379
	x276 = 0.919263
	x277 = -1.006927
	x278 = 0.228159
	x279 = 0.402282
	x280 = 0.468253
	x281 = -2.789974
	x282 = 1.758112
	x283 = -0.901039
	x284 = -2.636680
	x285 = -2.656823
	x286 = 0.634079
	x287 = -0.152553
	x288 = 0.883187
	x289 = 0.434727
	x290 = -1.328028
	x291 = 1.564527
	x292 = 2.265906
	x293 = -0.430620
	x294 = 4.293377
	x295 = 0.327695
	x296 = 0.908510
	x297 = 2.615436
	x298 = -6.657586
	x299 = 3.673750
	x300 = 4.291311
	x301 = 0.377331
	x302 = -1.365840
	x303 = -1.235436
	x304 = 2.372745
	x305 = 1.657783
	x306 = 0.923080
	x307 = -1.684511
	x308 = 0.326080
	x309 = 1.832384
	x310 = 0.599660
	x311 = 1.589908
	x312 = -1.128519
	x313 = -0.653934
	x314 = 0.574673
	x315 = -1.568654
	x316 = -1.034204
	x317 = -0.647883
	x318 = 0.980646
	x319 = -0.327765
	x320 = 2.710365
	x321 = -0.094654
	x322 = -2.030914
	x323 = 1.502702
	x324 = 1.406458
	x325 = 0.287824
	x326 = 1.202980
	x327 = -0.011995
	x328 = 1.422029
	x329 = -0.725904
	x330 = -0.211943
	x331 = 1.629922
	x332 = -1.636487
	x333 = 1.195047
	x334 = 2.297602
	x335 = -1.580780
	x336 = -0.719282
	x337 = 0.501669
	x338 = -3.129540
	x339 = 0.810279
	x340 = 0.879694
	x341 = 0.474331
	x342 = -0.785674
	x343 = 0.648933
	x344 = -0.965477
	x345 = 0.477351
	x346 = -0.786522
	x347 = -1.749306
	x348 = -0.236128
	x349 = 0.888902
	x350 = -3.385870
	x351 = -0.373512
	x352 = -3.923686
	x353 = -3.010005
	x354 = 0.416111
	x355 = -0.102974
	x356 = 2.281005
	x357 = -1.105262
	x358 = 1.921415
	x359 = -0.105269
	x360 = 1.285153
	x361 = -1.944671
	x362 = -4.595564
	x363 = -0.001086
	x364 = 0.884098
	x365 = 2.167236
	x366 = 0.220750
	x367 = 3.141486
	x368 = -2.983123
	x369 = -1.510001
	x370 = -0.371758
	x371 = 3.424607
	x372 = 4.463910
	x373 = -0.464457
	x374 = 1.975205
	x375 = 2.525771
	x376 = -1.699233
	x377 = -2.349255
	x378 = 0.391752
	x379 = 0.385774
	x380 = -0.415722
	x381 = -0.512235
	x382 = -0.019838
	x383 = 0.809846
	x384 = -2.148366
	x385 = 2.541871
	x386 = -1.207270
	x387 = 0.298548
	x388 = 1.459113
	x389 = -2.232628
	x390 = -1.777838
	x391 = 0.519363
	x392 = 0.464246
	x393 = -0.579125
	x394 = -2.265695
	x395 = -2.343676
	x396 = 1.078305
	x397 = 0.765305
	x398 = -2.261490
	x399 = 0.460149
	x400 = 0.764802
	x401 = -1.518123
	x402 = -0.022865
	x403 = 1.133525
	x404 = 2.480633
	x405 = 0.396646
	x406 = -3.313964
	x407 = 3.611101
	x408 = 1.347357
	x409 = 0.485182
	x410 = -1.856458
	x411 = 0.271039
	x412 = 0.495747
	x413 = -1.387760
	x414 = 1.355582
	x415 = 1.012342
	x416 = -0.482335
	x417 = 0.471756
	x418 = -1.460754
	x419 = 1.440488
	x420 = -0.543425
	x421 = -1.376476
	x422 = 1.175130
	x423 = 2.950345
	x424 = 0.867883
	x425 = 0.812872
	x426 = -0.909988
	x427 = -0.214513
	x428 = -0.156711
	x429 = -0.886110
	x430 = -1.912404
	x431 = -1.001902
	x432 = 0.419386
	x433 = -3.186763
	x434 = 1.780877
	x435 = 0.161568
	x436 = 2.298172
	x437 = 1.904115
	x438 = -3.468519
	x439 = -2.701785
	x440 = -1.274708
	x441 = 1.065997
	x442 = 0.879240
	x443 = -0.582545
	x444 = 3.607391
	x445 = 1.257867
	x446 = -2.053651
	x447 = -0.201973
	x448 = -1.056495
	x449 = 0.678553
	x450 = 2.451741
	x451 = -0.079623
	x452 = 2.258129
	x453 = -0.414625
	x454 = 0.276816
	x455 = -0.172737
	x456 = 1.487623
	x457 = -1.914133
	x458 = 0.735694
	x459 = -1.855431
	x460 = -0.007706
	x461 = 1.294123
	x462 = -3.310655
	x463 = 1.234804
	x464 = -0.391427
	x465 = 1.650172
	x466 = -0.744135
	x467 = -1.834539
	x468 = -1.399767
	x469 = -1.293887
	x470 = 2.845602
	x471 = 1.673523
	x472 = 1.216255
	x473 = -3.430138
	x474 = 0.728534
	x475 = 0.021812
	x476 = -1.755137
	x477 = 0.367391
	x478 = 1.101187
	x479 = -0.100763
	x480 = 1.018704
	x481 = 0.118772
	x482 = -0.045203
	x483 = -1.332965
	x484 = -1.316546
	x485 = -3.077582
	x486 = 0.175023
	x487 = 0.193980
	x488 = -0.995298
	x489 = -0.404232
	x490 = -0.285533
	x491 = 1.741335
	x492 = 0.234091
	x493 = -0.650665
	x494 = 1.380780
	x495 = 0.679309
	x496 = -1.087596
	x497 = 0.073941
	x498 = -0.355487
	x499 = 2.208294
	x500 = 0.820475
	x501 = -1.487616
	x502 = -5.624305
	x503 = 1.245422
	x504 = -2.179166
	x505 = 1.737900
	x506 = -1.460522
	x507 = 0.811724
	x508 = -2.241915
	x509 = -0.047875
	x510 = -2.850765
	x511 = 1.326887

Output:
	y0 = -7.481495
	y1 = 9.398986
	y2 = -8.819631
	y3 = -8.990894
	y4 = 9.745621
	y5 = -10.602963
	y6 = -7.335983
	y7 = 11.906400
	y8 = -9.113409
	y9 = -7.827834
	y10 = 9.649273
	y11 = -10.873513
	y12 = -7.170625
	y13 = 11.239282
	y14 = -8.127593
	y15 = -4.189053
	y16 = 9.955395
	y17 = -5.801700
	y18 = -8.115861
	y19 = 7.350912
	y20 = -10.875799
	y21 = -6.022179
	y22 = 7.601186
	y23 = -9.904361
	y24 = -8.626228
	y25 = 9.075656
	y26 = -10.363812
	y27 = -10.937503
	y28 = 4.290884
	y29 = -10.360210
	y30 = -5.234996
	y31 = 11.461840
	y32 = -4.733051
	y33 = -5.038810
	y34 = 9.316197
	y35 = -8.230539
	y36 = -3.170914
	y37 = 11.690005
	y38 = -1.889967
	y39 = -6.392680
	y40 = 10.615200
	y41 = -8.079081
	y42 = -10.076006
	y43 = 11.805268
	y44 = -11.673245
	y45 = -6.993480
	y46 = 6.058689
	y47 = -9.563449
	y48 = -6.314531
	y49 = 8.544601
	y50 = -7.765936
	y51 = -8.665017
	y52 = 27.201087
	y53 = -7.695714
	y54 = -0.374309
	y55 = 19.935619
	y56 = 0.310394
	y57 = -1.593642
	y58 = 23.081294
	y59 = -0.053677
	y60 = 2.442992
	y61 = -3.083477
	y62 = 0.978732
	y63 = -1.422697
	y64 = 28.289794
	y65 = -3.544105
	y66 = -3.215275
	y67 = 7.942375
	y68 = -3.501284
	y69 = -5.827804
	y70 = 9.606602
	y71 = -7.646039
	y72 = -5.627256
	y73 = 9.654961
	y74 = -5.934029
	y75 = -6.012195
	y76 = 24.168263
	y77 = -6.319270
	y78 = 1.346517
	y79 = -9.533475
	y80 = 3.510508
	y81 = 9.821253
	y82 = -24.379322
	y83 = 9.821243
	y84 = 10.255967
	y85 = -20.170826
	y86 = 11.350933
	y87 = 3.447662
	y88 = -8.972605
	y89 = -1.162937
	y90 = -4.790738
	y91 = 25.806291
	y92 = -6.705601
	y93 = -7.158129
	y94 = 9.128623
	y95 = -7.483442
	y96 = -5.008919
	y97 = 14.818866
	y98 = -6.597452
	y99 = -3.472293
	y100 = 8.476076
	y101 = -5.809495
	y102 = 3.373330
	y103 = -5.733104
	y104 = 0.698138
	y105 = 12.097260
	y106 = -21.537858
	y107 = 9.443337
	y108 = 11.566268
	y109 = -20.525626
	y110 = 10.817123
	y111 = 2.069443
	y112 = -6.676659
	y113 = 2.210417
	y114 = 0.732041
	y115 = -15.269004
	y116 = -1.960237
	y117 = -6.902127
	y118 = 12.720964
	y119 = -7.096561
	y120 = -4.755608
	y121 = 8.562472
	y122 = -8.674834
	y123 = -3.301507
	y124 = 9.928854
	y125 = -5.476854
	y126 = -1.069332
	y127 = 13.851029
	y128 = -2.204545
	y129 = 2.062724
	y130 = 15.650907
	y131 = 0.136043
	y132 = 2.408886
	y133 = -3.472746
	y134 = 2.654810
	y135 = 0.461798
	y136 = -14.692326
	y137 = 4.356184
	y138 = -0.309419
	y139 = -17.286576
	y140 = -0.661971
	y141 = -9.340838
	y142 = 18.534301
	y143 = -10.655856
	y144 = -5.429190
	y145 = 5.284648
	y146 = -8.249581
	y147 = -6.169398
	y148 = 6.427056
	y149 = -6.493924
	y150 = -5.305927
	y151 = 10.355964
	y152 = -5.088265
	y153 = -1.875519
	y154 = 11.315992
	y155 = -3.236079
	y156 = -4.457417
	y157 = 28.767917
	y158 = -4.798482
	y159 = -6.397670
	y160 = 22.913008
	y161 = -3.233741
	y162 = -7.746419
	y163 = 17.140987
	y164 = -10.398700
	y165 = -5.932531
	y166 = 7.411677
	y167 = -9.920043
	y168 = -7.825532
	y169 = 7.844852
	y170 = -7.414875
	y171 = -9.962860
	y172 = 5.783465
	y173 = -9.251401
	y174 = -6.429749
	y175 = 11.275545
	y176 = -6.767907
	y177 = -7.560420
	y178 = 7.461934
	y179 = -8.694747
	y180 = -7.019577
	y181 = 10.499266
	y182 = -7.022195
	y183 = -8.050054
	y184 = 11.997496
	y185 = -6.139755
	y186 = -9.277736
	y187 = 9.062657
	y188 = -9.330362
	y189 = -8.149818
	y190 = 5.790635
	y191 = -10.847440

