InputQuery: /home/levn/Workspace/othello_world/queries/probe_robust/game_29_target_34_eps_0.1.txt
Engine::processInputQuery: Input query (before preprocessing): 449 equations, 1216 variables
Engine::processInputQuery: Input query (after preprocessing): 705 equations, 1390 variables

Input bounds:
	x0: [ -1.8707,  -1.6707] 
	x1: [  0.6000,   0.8000] 
	x2: [  0.7798,   0.9798] 
	x3: [  2.7840,   2.9840] 
	x4: [ -0.5724,  -0.3724] 
	x5: [ -1.2814,  -1.0814] 
	x6: [  0.1782,   0.3782] 
	x7: [ -0.1081,   0.0919] 
	x8: [ -2.4603,  -2.2603] 
	x9: [ -1.0820,  -0.8820] 
	x10: [ -1.6854,  -1.4854] 
	x11: [ -1.2246,  -1.0246] 
	x12: [ -0.7596,  -0.5596] 
	x13: [ -2.6519,  -2.4519] 
	x14: [  2.6934,   2.8934] 
	x15: [ -2.4978,  -2.2978] 
	x16: [ -0.8802,  -0.6802] 
	x17: [ -0.5017,  -0.3017] 
	x18: [ -0.0570,   0.1430] 
	x19: [  2.1943,   2.3943] 
	x20: [ -2.5299,  -2.3299] 
	x21: [ -2.4054,  -2.2054] 
	x22: [  1.0530,   1.2530] 
	x23: [  2.6254,   2.8254] 
	x24: [ -1.0699,  -0.8699] 
	x25: [ -2.1151,  -1.9151] 
	x26: [  0.3182,   0.5182] 
	x27: [ -2.9512,  -2.7512] 
	x28: [  2.2883,   2.4883] 
	x29: [ -0.7133,  -0.5133] 
	x30: [  1.0271,   1.2271] 
	x31: [ -1.7246,  -1.5246] 
	x32: [  2.2445,   2.4445] 
	x33: [ -0.8111,  -0.6111] 
	x34: [  0.9791,   1.1791] 
	x35: [ -0.0894,   0.1106] 
	x36: [ -1.8377,  -1.6377] 
	x37: [  0.3847,   0.5847] 
	x38: [ -2.6372,  -2.4372] 
	x39: [ -0.0216,   0.1784] 
	x40: [  3.7953,   3.9953] 
	x41: [  1.4667,   1.6667] 
	x42: [ -0.9522,  -0.7522] 
	x43: [ -1.0108,  -0.8108] 
	x44: [  1.6421,   1.8421] 
	x45: [ -2.6706,  -2.4706] 
	x46: [ -0.5122,  -0.3122] 
	x47: [  0.2544,   0.4544] 
	x48: [  1.6671,   1.8671] 
	x49: [  2.7249,   2.9249] 
	x50: [ -2.0080,  -1.8080] 
	x51: [ -1.7121,  -1.5121] 
	x52: [ -0.2417,  -0.0417] 
	x53: [  2.2070,   2.4070] 
	x54: [ -2.3782,  -2.1782] 
	x55: [  1.1020,   1.3020] 
	x56: [ -1.5390,  -1.3390] 
	x57: [  0.6604,   0.8604] 
	x58: [  1.0627,   1.2627] 
	x59: [  0.9353,   1.1353] 
	x60: [  0.4089,   0.6089] 
	x61: [  1.7434,   1.9434] 
	x62: [  0.3857,   0.5857] 
	x63: [ -0.2694,  -0.0694] 
	x64: [  2.0121,   2.2121] 
	x65: [  1.1870,   1.3870] 
	x66: [  1.1340,   1.3340] 
	x67: [  1.5710,   1.7710] 
	x68: [  2.9784,   3.1784] 
	x69: [  0.8037,   1.0037] 
	x70: [ -0.3867,  -0.1867] 
	x71: [ -0.1281,   0.0719] 
	x72: [ -1.8868,  -1.6868] 
	x73: [  1.4215,   1.6215] 
	x74: [  2.0669,   2.2669] 
	x75: [  2.6324,   2.8324] 
	x76: [ -1.9438,  -1.7438] 
	x77: [ -0.2139,  -0.0139] 
	x78: [ -2.2383,  -2.0383] 
	x79: [  0.3996,   0.5996] 
	x80: [  0.8874,   1.0874] 
	x81: [ -0.9927,  -0.7927] 
	x82: [  0.9808,   1.1808] 
	x83: [ -0.2911,  -0.0911] 
	x84: [  1.4732,   1.6732] 
	x85: [  2.3592,   2.5592] 
	x86: [  0.6533,   0.8533] 
	x87: [ -5.5154,  -5.3154] 
	x88: [ -0.6652,  -0.4652] 
	x89: [  2.0452,   2.2452] 
	x90: [ -0.1906,   0.0094] 
	x91: [ -2.3520,  -2.1520] 
	x92: [ -1.4611,  -1.2611] 
	x93: [ -1.2559,  -1.0559] 
	x94: [ -0.2811,  -0.0811] 
	x95: [  0.2967,   0.4967] 
	x96: [  0.3935,   0.5935] 
	x97: [  0.4582,   0.6582] 
	x98: [ -3.0163,  -2.8163] 
	x99: [  1.6356,   1.8356] 
	x100: [ -1.0683,  -0.8683] 
	x101: [  1.9856,   2.1856] 
	x102: [ -1.1653,  -0.9653] 
	x103: [ -0.0773,   0.1227] 
	x104: [ -1.4322,  -1.2322] 
	x105: [  0.8601,   1.0601] 
	x106: [  0.0696,   0.2696] 
	x107: [ -0.0767,   0.1233] 
	x108: [  1.1451,   1.3451] 
	x109: [ -2.4564,  -2.2564] 
	x110: [ -0.2948,  -0.0948] 
	x111: [  2.2042,   2.4042] 
	x112: [ -0.3182,  -0.1182] 
	x113: [ -0.5066,  -0.3066] 
	x114: [  1.1877,   1.3877] 
	x115: [ -2.7476,  -2.5476] 
	x116: [  0.9160,   1.1160] 
	x117: [ -0.2256,  -0.0256] 
	x118: [ -2.3476,  -2.1476] 
	x119: [ -3.4318,  -3.2318] 
	x120: [ -0.9004,  -0.7004] 
	x121: [  3.0824,   3.2824] 
	x122: [  2.7212,   2.9212] 
	x123: [ -0.0119,   0.1881] 
	x124: [ -0.8058,  -0.6058] 
	x125: [  1.7612,   1.9612] 
	x126: [ -0.1637,   0.0363] 
	x127: [ -2.6177,  -2.4177] 
	x128: [  0.1565,   0.3565] 
	x129: [ -1.3356,  -1.1356] 
	x130: [  3.7016,   3.9016] 
	x131: [  1.2147,   1.4147] 
	x132: [ -2.1327,  -1.9327] 
	x133: [  2.0202,   2.2202] 
	x134: [  1.5847,   1.7847] 
	x135: [  1.7101,   1.9101] 
	x136: [ -1.6773,  -1.4773] 
	x137: [ -0.5954,  -0.3954] 
	x138: [ -0.8623,  -0.6623] 
	x139: [ -0.7878,  -0.5878] 
	x140: [  5.5724,   5.7724] 
	x141: [  0.9419,   1.1419] 
	x142: [ -1.6251,  -1.4251] 
	x143: [ -2.4635,  -2.2635] 
	x144: [ -0.6842,  -0.4842] 
	x145: [  0.9507,   1.1507] 
	x146: [  0.9098,   1.1098] 
	x147: [  1.5821,   1.7821] 
	x148: [  0.0456,   0.2456] 
	x149: [ -0.2693,  -0.0693] 
	x150: [ -0.7735,  -0.5735] 
	x151: [  0.6868,   0.8868] 
	x152: [ -0.7909,  -0.5909] 
	x153: [ -0.3222,  -0.1222] 
	x154: [  3.4096,   3.6096] 
	x155: [ -1.2024,  -1.0024] 
	x156: [  0.6865,   0.8865] 
	x157: [  1.9554,   2.1554] 
	x158: [ -0.7222,  -0.5222] 
	x159: [  0.3417,   0.5417] 
	x160: [ -0.9762,  -0.7762] 
	x161: [ -0.4175,  -0.2175] 
	x162: [ -1.5967,  -1.3967] 
	x163: [ -0.7362,  -0.5362] 
	x164: [ -2.5255,  -2.3255] 
	x165: [  0.1293,   0.3293] 
	x166: [ -2.3927,  -2.1927] 
	x167: [  2.7999,   2.9999] 
	x168: [  3.3288,   3.5288] 
	x169: [ -2.2300,  -2.0300] 
	x170: [  0.6431,   0.8431] 
	x171: [ -1.7482,  -1.5482] 
	x172: [  0.0799,   0.2799] 
	x173: [  0.5072,   0.7072] 
	x174: [ -0.2626,  -0.0626] 
	x175: [  0.0694,   0.2694] 
	x176: [  1.2476,   1.4476] 
	x177: [ -0.0141,   0.1859] 
	x178: [ -0.1937,   0.0063] 
	x179: [ -0.5130,  -0.3130] 
	x180: [ -2.2835,  -2.0835] 
	x181: [ -1.0386,  -0.8386] 
	x182: [  1.0534,   1.2534] 
	x183: [  0.7426,   0.9426] 
	x184: [  0.1596,   0.3596] 
	x185: [  0.5848,   0.7848] 
	x186: [ -0.6226,  -0.4226] 
	x187: [  0.4269,   0.6269] 
	x188: [  1.4439,   1.6439] 
	x189: [  0.7475,   0.9475] 
	x190: [ -2.7952,  -2.5952] 
	x191: [  0.5763,   0.7763] 
	x192: [ -2.4255,  -2.2255] 
	x193: [ -1.9078,  -1.7078] 
	x194: [  1.3053,   1.5053] 
	x195: [ -0.8081,  -0.6081] 
	x196: [ -0.8265,  -0.6265] 
	x197: [ -0.5240,  -0.3240] 
	x198: [ -0.0967,   0.1033] 
	x199: [ -1.2052,  -1.0052] 
	x200: [ -1.5058,  -1.3058] 
	x201: [ -1.0887,  -0.8887] 
	x202: [ -1.3698,  -1.1698] 
	x203: [  3.0822,   3.2822] 
	x204: [ -0.8226,  -0.6226] 
	x205: [ -0.2980,  -0.0980] 
	x206: [ -0.3592,  -0.1592] 
	x207: [ -0.0821,   0.1179] 
	x208: [  1.4616,   1.6616] 
	x209: [ -0.3242,  -0.1242] 
	x210: [  0.2514,   0.4514] 
	x211: [ -1.5724,  -1.3724] 
	x212: [  0.1038,   0.3038] 
	x213: [  3.8141,   4.0141] 
	x214: [ -1.0345,  -0.8345] 
	x215: [ -1.4822,  -1.2822] 
	x216: [ -1.0992,  -0.8992] 
	x217: [  0.3217,   0.5217] 
	x218: [  1.0492,   1.2492] 
	x219: [ -2.7252,  -2.5252] 
	x220: [ -0.9193,  -0.7193] 
	x221: [  0.1777,   0.3777] 
	x222: [ -0.1278,   0.0722] 
	x223: [  1.5629,   1.7629] 
	x224: [ -1.6657,  -1.4657] 
	x225: [  0.3682,   0.5682] 
	x226: [  4.6925,   4.8925] 
	x227: [ -2.2689,  -2.0689] 
	x228: [  1.5589,   1.7589] 
	x229: [  2.7529,   2.9529] 
	x230: [ -1.8029,  -1.6029] 
	x231: [  1.7805,   1.9805] 
	x232: [  0.7615,   0.9615] 
	x233: [  0.8078,   1.0078] 
	x234: [ -0.8050,  -0.6050] 
	x235: [  0.7415,   0.9415] 
	x236: [  0.5195,   0.7195] 
	x237: [ -0.3300,  -0.1300] 
	x238: [ -0.5810,  -0.3810] 
	x239: [  9.5542,   9.7542] 
	x240: [  4.3006,   4.5006] 
	x241: [ -1.1205,  -0.9205] 
	x242: [  0.9657,   1.1657] 
	x243: [ -0.3283,  -0.1283] 
	x244: [ -1.1533,  -0.9533] 
	x245: [ -2.2998,  -2.0998] 
	x246: [ -1.5094,  -1.3094] 
	x247: [ -2.8146,  -2.6146] 
	x248: [ -1.2996,  -1.0996] 
	x249: [  0.5847,   0.7847] 
	x250: [ -1.5419,  -1.3419] 
	x251: [ -0.4261,  -0.2261] 
	x252: [ -2.3206,  -2.1206] 
	x253: [ -1.7209,  -1.5209] 
	x254: [  0.9743,   1.1743] 
	x255: [ -2.0823,  -1.8823] 
	x256: [  0.8889,   1.0889] 
	x257: [ -1.9467,  -1.7467] 
	x258: [ -3.9165,  -3.7165] 
	x259: [ -0.6831,  -0.4831] 
	x260: [ -1.6124,  -1.4124] 
	x261: [  1.0619,   1.2619] 
	x262: [ -1.1804,  -0.9804] 
	x263: [ -1.0746,  -0.8746] 
	x264: [  0.7477,   0.9477] 
	x265: [ -3.0781,  -2.8781] 
	x266: [  2.7123,   2.9123] 
	x267: [ -1.2506,  -1.0506] 
	x268: [ -1.1653,  -0.9653] 
	x269: [  1.0841,   1.2841] 
	x270: [  2.2913,   2.4913] 
	x271: [ -2.3764,  -2.1764] 
	x272: [  0.2342,   0.4342] 
	x273: [  0.3350,   0.5350] 
	x274: [ -0.6271,  -0.4271] 
	x275: [ -0.0902,   0.1098] 
	x276: [  1.2089,   1.4089] 
	x277: [ -0.3144,  -0.1144] 
	x278: [  0.4508,   0.6508] 
	x279: [ -1.5736,  -1.3736] 
	x280: [ -1.0535,  -0.8535] 
	x281: [ -0.4542,  -0.2542] 
	x282: [  0.9670,   1.1670] 
	x283: [ -0.7695,  -0.5695] 
	x284: [ -0.3137,  -0.1137] 
	x285: [ -0.3304,  -0.1304] 
	x286: [  1.0246,   1.2246] 
	x287: [ -1.4805,  -1.2805] 
	x288: [ -1.2211,  -1.0211] 
	x289: [ -0.5585,  -0.3585] 
	x290: [ -0.5987,  -0.3987] 
	x291: [  0.9250,   1.1250] 
	x292: [  1.6756,   1.8756] 
	x293: [  2.7456,   2.9456] 
	x294: [  0.8827,   1.0827] 
	x295: [ -1.3387,  -1.1387] 
	x296: [ -1.5626,  -1.3626] 
	x297: [ -2.2497,  -2.0497] 
	x298: [ -9.9888,  -9.7888] 
	x299: [  1.5067,   1.7067] 
	x300: [  2.2628,   2.4628] 
	x301: [  1.7167,   1.9167] 
	x302: [  1.8962,   2.0962] 
	x303: [  1.7638,   1.9638] 
	x304: [ -2.3995,  -2.1995] 
	x305: [  1.0166,   1.2166] 
	x306: [ -0.0408,   0.1592] 
	x307: [  1.4236,   1.6236] 
	x308: [ -2.2593,  -2.0593] 
	x309: [  0.1228,   0.3228] 
	x310: [  0.7166,   0.9166] 
	x311: [ -0.3338,  -0.1338] 
	x312: [ -1.6357,  -1.4357] 
	x313: [ -0.4638,  -0.2638] 
	x314: [  1.6131,   1.8131] 
	x315: [ -2.0356,  -1.8356] 
	x316: [  1.5038,   1.7038] 
	x317: [ -0.5976,  -0.3976] 
	x318: [  0.9898,   1.1898] 
	x319: [ -0.8724,  -0.6724] 
	x320: [ -1.2384,  -1.0384] 
	x321: [  0.1865,   0.3865] 
	x322: [ -1.7649,  -1.5649] 
	x323: [ -2.0655,  -1.8655] 
	x324: [ -0.9127,  -0.7127] 
	x325: [ -3.7629,  -3.5629] 
	x326: [ -0.8184,  -0.6184] 
	x327: [  2.1308,   2.3308] 
	x328: [ -1.2883,  -1.0883] 
	x329: [ -0.1083,   0.0917] 
	x330: [ -0.6747,  -0.4747] 
	x331: [  0.9870,   1.1870] 
	x332: [  0.4347,   0.6347] 
	x333: [  0.1567,   0.3567] 
	x334: [  0.0676,   0.2676] 
	x335: [ -1.5293,  -1.3293] 
	x336: [  1.1477,   1.3477] 
	x337: [ -0.0975,   0.1025] 
	x338: [  0.3992,   0.5992] 
	x339: [ -0.7362,  -0.5362] 
	x340: [  0.0029,   0.2029] 
	x341: [ -0.6501,  -0.4501] 
	x342: [ -1.2777,  -1.0777] 
	x343: [ -0.5845,  -0.3845] 
	x344: [ -1.2205,  -1.0205] 
	x345: [ -0.9956,  -0.7956] 
	x346: [  0.3050,   0.5050] 
	x347: [ -0.1595,   0.0405] 
	x348: [ -0.1518,   0.0482] 
	x349: [  0.2835,   0.4835] 
	x350: [ -2.9852,  -2.7852] 
	x351: [ -0.8664,  -0.6664] 
	x352: [ -1.3422,  -1.1422] 
	x353: [  0.4047,   0.6047] 
	x354: [ -3.3582,  -3.1582] 
	x355: [ -0.2955,  -0.0955] 
	x356: [  0.5413,   0.7413] 
	x357: [ -1.6045,  -1.4045] 
	x358: [ -0.0800,   0.1200] 
	x359: [ -3.3162,  -3.1162] 
	x360: [  2.0906,   2.2906] 
	x361: [ -2.5673,  -2.3673] 
	x362: [ -1.4573,  -1.2573] 
	x363: [ -2.2088,  -2.0088] 
	x364: [ -0.4040,  -0.2040] 
	x365: [ -0.0214,   0.1786] 
	x366: [ -0.6818,  -0.4818] 
	x367: [ -1.4472,  -1.2472] 
	x368: [  1.3533,   1.5533] 
	x369: [  3.3223,   3.5223] 
	x370: [  2.3253,   2.5253] 
	x371: [  1.6589,   1.8589] 
	x372: [  2.3311,   2.5311] 
	x373: [  1.8496,   2.0496] 
	x374: [  0.9506,   1.1506] 
	x375: [  2.1862,   2.3862] 
	x376: [ -0.1175,   0.0825] 
	x377: [  0.0987,   0.2987] 
	x378: [ -2.4172,  -2.2172] 
	x379: [ -0.7244,  -0.5244] 
	x380: [  0.6284,   0.8284] 
	x381: [  1.4840,   1.6840] 
	x382: [ -0.5313,  -0.3313] 
	x383: [  0.0650,   0.2650] 
	x384: [  0.2299,   0.4299] 
	x385: [  0.6262,   0.8262] 
	x386: [ -1.8070,  -1.6070] 
	x387: [  0.3438,   0.5438] 
	x388: [  0.6396,   0.8396] 
	x389: [ -2.7007,  -2.5007] 
	x390: [ -0.0770,   0.1230] 
	x391: [  1.1169,   1.3169] 
	x392: [  1.4045,   1.6045] 
	x393: [  0.9065,   1.1065] 
	x394: [  0.6291,   0.8291] 
	x395: [ -3.0399,  -2.8399] 
	x396: [ -0.7039,  -0.5039] 
	x397: [ -1.3255,  -1.1255] 
	x398: [  2.4012,   2.6012] 
	x399: [  0.4290,   0.6290] 
	x400: [  0.1285,   0.3285] 
	x401: [ -0.7626,  -0.5626] 
	x402: [ -0.4477,  -0.2477] 
	x403: [  0.4215,   0.6215] 
	x404: [ -0.1699,   0.0301] 
	x405: [ -1.6549,  -1.4549] 
	x406: [ -0.0611,   0.1389] 
	x407: [  1.5911,   1.7911] 
	x408: [  0.6034,   0.8034] 
	x409: [  1.1881,   1.3881] 
	x410: [ -2.9641,  -2.7641] 
	x411: [  0.6550,   0.8550] 
	x412: [  0.5252,   0.7252] 
	x413: [  1.2950,   1.4950] 
	x414: [  0.0610,   0.2610] 
	x415: [ -0.2204,  -0.0204] 
	x416: [ -1.7834,  -1.5834] 
	x417: [  0.1148,   0.3148] 
	x418: [ -1.9201,  -1.7201] 
	x419: [  2.2768,   2.4768] 
	x420: [ -1.5048,  -1.3048] 
	x421: [ -0.0418,   0.1582] 
	x422: [  1.1370,   1.3370] 
	x423: [ -2.5535,  -2.3535] 
	x424: [ -1.4781,  -1.2781] 
	x425: [ -0.8603,  -0.6603] 
	x426: [ -0.8726,  -0.6726] 
	x427: [  0.7907,   0.9907] 
	x428: [ -1.4716,  -1.2716] 
	x429: [  2.8955,   3.0955] 
	x430: [ -0.6578,  -0.4578] 
	x431: [  2.8000,   3.0000] 
	x432: [ -3.7452,  -3.5452] 
	x433: [ -1.7583,  -1.5583] 
	x434: [ -0.0469,   0.1531] 
	x435: [  0.6245,   0.8245] 
	x436: [  3.0365,   3.2365] 
	x437: [  0.0633,   0.2633] 
	x438: [ -2.3242,  -2.1242] 
	x439: [ -0.0165,   0.1835] 
	x440: [  1.3396,   1.5396] 
	x441: [  0.1585,   0.3585] 
	x442: [ -3.0026,  -2.8026] 
	x443: [  2.2744,   2.4744] 
	x444: [ -0.1950,   0.0050] 
	x445: [ -2.6910,  -2.4910] 
	x446: [  0.0348,   0.2348] 
	x447: [  2.4864,   2.6864] 
	x448: [ -1.1613,  -0.9613] 
	x449: [ -0.0504,   0.1496] 
	x450: [ -0.2286,  -0.0286] 
	x451: [ -0.0545,   0.1455] 
	x452: [ -0.7736,  -0.5736] 
	x453: [ -1.8125,  -1.6125] 
	x454: [ -0.3327,  -0.1327] 
	x455: [ -0.3453,  -0.1453] 
	x456: [ -0.9186,  -0.7186] 
	x457: [  0.3522,   0.5522] 
	x458: [ -1.0204,  -0.8204] 
	x459: [  0.8071,   1.0071] 
	x460: [ -0.2444,  -0.0444] 
	x461: [  2.6389,   2.8389] 
	x462: [ -0.3376,  -0.1376] 
	x463: [  1.6672,   1.8672] 
	x464: [ -0.7847,  -0.5847] 
	x465: [  1.1127,   1.3127] 
	x466: [ -2.1270,  -1.9270] 
	x467: [ -4.1288,  -3.9288] 
	x468: [ -1.1544,  -0.9544] 
	x469: [ -0.3718,  -0.1718] 
	x470: [ -0.2691,  -0.0691] 
	x471: [  1.2176,   1.4176] 
	x472: [ -2.8967,  -2.6967] 
	x473: [ -0.1032,   0.0968] 
	x474: [  0.5433,   0.7433] 
	x475: [  2.1226,   2.3226] 
	x476: [ -1.6369,  -1.4369] 
	x477: [  1.5476,   1.7476] 
	x478: [ -0.4094,  -0.2094] 
	x479: [ -0.2470,  -0.0470] 
	x480: [ -0.6004,  -0.4004] 
	x481: [  2.8500,   3.0500] 
	x482: [  0.5516,   0.7516] 
	x483: [  1.8831,   2.0831] 
	x484: [  2.5904,   2.7904] 
	x485: [ -0.1694,   0.0306] 
	x486: [  1.7661,   1.9661] 
	x487: [ -1.1392,  -0.9392] 
	x488: [  0.3792,   0.5792] 
	x489: [ -0.5573,  -0.3573] 
	x490: [ -0.3634,  -0.1634] 
	x491: [  3.8572,   4.0572] 
	x492: [ -0.0201,   0.1799] 
	x493: [  0.4082,   0.6082] 
	x494: [  1.3198,   1.5198] 
	x495: [  0.0939,   0.2939] 
	x496: [  1.5545,   1.7545] 
	x497: [ -0.5364,  -0.3364] 
	x498: [  0.6310,   0.8310] 
	x499: [  0.4184,   0.6184] 
	x500: [ -0.8660,  -0.6660] 
	x501: [ -1.7620,  -1.5620] 
	x502: [ -2.6483,  -2.4483] 
	x503: [ -1.6497,  -1.4497] 
	x504: [ -0.5216,  -0.3216] 
	x505: [  1.3900,   1.5900] 
	x506: [  2.2149,   2.4149] 
	x507: [ -3.2533,  -3.0533] 
	x508: [  0.5379,   0.7379] 
	x509: [ -0.3241,  -0.1241] 
	x510: [ -1.5727,  -1.3727] 
	x511: [ -0.5165,  -0.3165] 

Branching heuristics set to PseudoImpact

Engine::solve: Initial statistics

02:34:03 Statistics update:
	--- Time Statistics ---
	Total time elapsed: 1144 milli (00:00:01)
		Main loop: 0 milli (00:00:00)
		Preprocessing time: 608 milli (00:00:00)
		Unknown: 535 milli (00:00:00)
	Breakdown for main loop:
		[0.00%] Simplex steps: 0 milli
		[0.00%] Explicit-basis bound tightening: 0 milli
		[0.00%] Constraint-matrix bound tightening: 0 milli
		[0.00%] Degradation checking: 0 milli
		[0.00%] Precision restoration: 0 milli
		[0.00%] Statistics handling: 0 milli
		[0.00%] Constraint-fixing steps: 0 milli
		[0.00%] Valid case splits: 0 milli. Average per split: 0.00 milli
		[0.00%] Applying stored bound-tightening: 0 milli
		[0.00%] SMT core: 0 milli
		[0.00%] Symbolic Bound Tightening: 37 milli
		[0.00%] SoI-based local search: 0 milli
		[0.00%] SoI-based local search: 0 milli
		[0.00%] Unaccounted for: 0 milli
	--- Preprocessor Statistics ---
	Number of preprocessor bound-tightening loop iterations: 3
	Number of eliminated variables: 83
	Number of constraints removed due to variable elimination: 83
	Number of equations removed due to variable elimination: 0
	--- Engine Statistics ---
	Number of main loop iterations: 1
		0 iterations were simplex steps. Total time: 0 milli. Average: 0.00 milli.
		0 iterations were constraint-fixing steps. Total time: 0 milli. Average: 0.00 milli
	Number of active piecewise-linear constraints: 173 / 173
		Constraints disabled by valid splits: 0. By SMT-originated splits: 0
	Last reported degradation: 0.0000000000. Max degradation so far: 0.0000000000. Restorations so far: 0
	Number of simplex pivots we attempted to skip because of instability: 0.
	Unstable pivots performed anyway: 0
	--- Tableau Statistics ---
	Total number of pivots performed: 0
		Real pivots: 0. Degenerate: 0 (0.00%)
		Degenerate pivots by request (e.g., to fix a PL constraint): 0 (0.00%)
		Average time per pivot: 0.00 milli
	Total number of fake pivots performed: 0
	Total number of rows added: 0. Number of merged columns: 0
	Current tableau dimensions: M = 705, N = 2095
	--- SMT Core Statistics ---
	Total depth is 0. Total visited states: 1. Number of splits: 0. Number of pops: 0
	Max stack depth: 0
	--- Bound Tightening Statistics ---
	Number of tightened bounds: 0.
		Number of rows examined by row tightener: 0. Consequent tightenings: 0
		Number of explicit basis matrices examined by row tightener: 0. Consequent tightenings: 0
		Number of bound tightening rounds on the entire constraint matrix: 0. Consequent tightenings: 0
		Number of bound notifications sent to PL constraints: 1038. Tightenings proposed: 0
	--- Basis Factorization statistics ---
	Number of basis refactorizations: 2
	--- Projected Steepest Edge Statistics ---
	Number of iterations: 0.
	Number of resets to reference space: 1. Avg. iterations per reset: 0
	--- SBT ---
	Number of tightened bounds: 387
	--- SoI-based local search ---
	Number of proposed phase pattern update: 0. Number of accepted update: 0 [0.00%]
	Total time (% of local search time) updating SoI phase pattern : 0 milli [0.00%]
	Total time obtaining current assignment: 0 milli [0.00%]
	Total time getting SoI phase pattern : 0 milli [0.00%]
	--- Context dependent statistics ---
	Number of pushes / pops: 0 / 0
		[0.00%] Pre-Push hook: 0 milli
		[0.00%] Push : 0 milli
		[0.00%] Post-Pop hook: 0 milli
		[0.00%] Pop : 0 milli
		[0.00%] Total context-switching time: 0 milli
	--- Proof Certificate ---
	Number of certified leaves: 0
	Number of leaves to delegate: 0

---

02:36:48 Statistics update:
	--- Time Statistics ---
	Total time elapsed: 166017 milli (00:02:46)
		Main loop: 164568 milli (00:02:44)
		Preprocessing time: 608 milli (00:00:00)
		Unknown: 840 milli (00:00:00)
	Breakdown for main loop:
		[82.31%] Simplex steps: 135455 milli
		[15.19%] Explicit-basis bound tightening: 24998 milli
		[0.00%] Constraint-matrix bound tightening: 0 milli
		[0.37%] Degradation checking: 610 milli
		[0.00%] Precision restoration: 0 milli
		[0.15%] Statistics handling: 249 milli
		[0.00%] Constraint-fixing steps: 0 milli
		[0.00%] Valid case splits: 5 milli. Average per split: 0.00 milli
		[0.01%] Applying stored bound-tightening: 12 milli
		[0.13%] SMT core: 209 milli
		[1.22%] Symbolic Bound Tightening: 2005 milli
		[59.03%] SoI-based local search: 97141 milli
		[0.00%] SoI-based local search: 0 milli
		[0.62%] Unaccounted for: 1020 milli
	--- Preprocessor Statistics ---
	Number of preprocessor bound-tightening loop iterations: 3
	Number of eliminated variables: 83
	Number of constraints removed due to variable elimination: 83
	Number of equations removed due to variable elimination: 0
	--- Engine Statistics ---
	Number of main loop iterations: 10000
		9841 iterations were simplex steps. Total time: 135455 milli. Average: 13.76 milli.
		0 iterations were constraint-fixing steps. Total time: 0 milli. Average: 0.00 milli
	Number of active piecewise-linear constraints: 112 / 173
		Constraints disabled by valid splits: 0. By SMT-originated splits: 61
	Last reported degradation: 0.0000019315. Max degradation so far: 0.0000018007. Restorations so far: 0
	Number of simplex pivots we attempted to skip because of instability: 0.
	Unstable pivots performed anyway: 0
	--- Tableau Statistics ---
	Total number of pivots performed: 8400
		Real pivots: 8396. Degenerate: 4 (0.05%)
		Degenerate pivots by request (e.g., to fix a PL constraint): 0 (0.00%)
		Average time per pivot: 1.82 milli
	Total number of fake pivots performed: 645
	Total number of rows added: 0. Number of merged columns: 0
	Current tableau dimensions: M = 705, N = 2095
	--- SMT Core Statistics ---
	Total depth is 61. Total visited states: 85. Number of splits: 72. Number of pops: 12
	Max stack depth: 67
	--- Bound Tightening Statistics ---
	Number of tightened bounds: 16690.
		Number of rows examined by row tightener: 8400. Consequent tightenings: 11
		Number of explicit basis matrices examined by row tightener: 14. Consequent tightenings: 751
		Number of bound tightening rounds on the entire constraint matrix: 0. Consequent tightenings: 0
		Number of bound notifications sent to PL constraints: 2549. Tightenings proposed: 0
	--- Basis Factorization statistics ---
	Number of basis refactorizations: 69
	--- Projected Steepest Edge Statistics ---
	Number of iterations: 9045.
	Number of resets to reference space: 21. Avg. iterations per reset: 430
	--- SBT ---
	Number of tightened bounds: 17077
	--- SoI-based local search ---
	Number of proposed phase pattern update: 328. Number of accepted update: 255 [77.74%]
	Total time (% of local search time) updating SoI phase pattern : 159312 milli [0.16%]
	Total time obtaining current assignment: 664625 milli [0.68%]
	Total time getting SoI phase pattern : 102342 milli [0.06%]
	--- Context dependent statistics ---
	Number of pushes / pops: 84 / 23
		[0.03%] Pre-Push hook: 47 milli
		[0.00%] Push : 0 milli
		[0.00%] Post-Pop hook: 7 milli
		[0.01%] Pop : 24 milli
		[0.05%] Total context-switching time: 79 milli
	--- Proof Certificate ---
	Number of certified leaves: 0
	Number of leaves to delegate: 0


Engine: quitting due to timeout...

Final statistics:

02:39:06 Statistics update:
	--- Time Statistics ---
	Total time elapsed: 304153 milli (00:05:04)
		Main loop: 303006 milli (00:05:03)
		Preprocessing time: 608 milli (00:00:00)
		Unknown: 538 milli (00:00:00)
	Breakdown for main loop:
		[72.40%] Simplex steps: 219365 milli
		[24.94%] Explicit-basis bound tightening: 75581 milli
		[0.00%] Constraint-matrix bound tightening: 0 milli
		[0.33%] Degradation checking: 996 milli
		[0.00%] Precision restoration: 0 milli
		[0.13%] Statistics handling: 408 milli
		[0.00%] Constraint-fixing steps: 0 milli
		[0.00%] Valid case splits: 10 milli. Average per split: 0.00 milli
		[0.01%] Applying stored bound-tightening: 17 milli
		[0.18%] SMT core: 542 milli
		[1.20%] Symbolic Bound Tightening: 3645 milli
		[48.06%] SoI-based local search: 145622 milli
		[0.00%] SoI-based local search: 0 milli
		[0.80%] Unaccounted for: 2438 milli
	--- Preprocessor Statistics ---
	Number of preprocessor bound-tightening loop iterations: 3
	Number of eliminated variables: 83
	Number of constraints removed due to variable elimination: 83
	Number of equations removed due to variable elimination: 0
	--- Engine Statistics ---
	Number of main loop iterations: 16360
		16105 iterations were simplex steps. Total time: 219365 milli. Average: 13.62 milli.
		0 iterations were constraint-fixing steps. Total time: 0 milli. Average: 0.00 milli
	Number of active piecewise-linear constraints: 115 / 173
		Constraints disabled by valid splits: 0. By SMT-originated splits: 58
	Last reported degradation: 0.0000019315. Max degradation so far: 0.0000018007. Restorations so far: 0
	Number of simplex pivots we attempted to skip because of instability: 0.
	Unstable pivots performed anyway: 0
	--- Tableau Statistics ---
	Total number of pivots performed: 13808
		Real pivots: 13786. Degenerate: 22 (0.16%)
		Degenerate pivots by request (e.g., to fix a PL constraint): 0 (0.00%)
		Average time per pivot: 1.87 milli
	Total number of fake pivots performed: 999
	Total number of rows added: 0. Number of merged columns: 0
	Current tableau dimensions: M = 705, N = 2095
	--- SMT Core Statistics ---
	Total depth is 58. Total visited states: 153. Number of splits: 104. Number of pops: 48
	Max stack depth: 67
	--- Bound Tightening Statistics ---
	Number of tightened bounds: 31164.
		Number of rows examined by row tightener: 13808. Consequent tightenings: 90
		Number of explicit basis matrices examined by row tightener: 42. Consequent tightenings: 1615
		Number of bound tightening rounds on the entire constraint matrix: 0. Consequent tightenings: 0
		Number of bound notifications sent to PL constraints: 3382. Tightenings proposed: 0
	--- Basis Factorization statistics ---
	Number of basis refactorizations: 113
	--- Projected Steepest Edge Statistics ---
	Number of iterations: 14807.
	Number of resets to reference space: 57. Avg. iterations per reset: 259
	--- SBT ---
	Number of tightened bounds: 31551
	--- SoI-based local search ---
	Number of proposed phase pattern update: 546. Number of accepted update: 441 [80.77%]
	Total time (% of local search time) updating SoI phase pattern : 224631 milli [0.15%]
	Total time obtaining current assignment: 1193561 milli [0.82%]
	Total time getting SoI phase pattern : 147143 milli [0.05%]
	--- Context dependent statistics ---
	Number of pushes / pops: 152 / 94
		[0.02%] Pre-Push hook: 61 milli
		[0.00%] Push : 0 milli
		[0.01%] Post-Pop hook: 27 milli
		[0.02%] Pop : 56 milli
		[0.05%] Total context-switching time: 146 milli
	--- Proof Certificate ---
	Number of certified leaves: 0
	Number of leaves to delegate: 0
Timeout
