InputQuery: /home/levn/Workspace/othello_world/queries/probe_robust/game_81_target_35_eps_0.05.txt
Engine::processInputQuery: Input query (before preprocessing): 449 equations, 1216 variables
Engine::processInputQuery: Input query (after preprocessing): 705 equations, 1336 variables

Input bounds:
	x0: [  0.0806,   0.1806] 
	x1: [ -1.7502,  -1.6502] 
	x2: [  0.2091,   0.3091] 
	x3: [  0.9414,   1.0414] 
	x4: [  0.5886,   0.6886] 
	x5: [ -0.4451,  -0.3451] 
	x6: [  3.1702,   3.2702] 
	x7: [  0.6102,   0.7102] 
	x8: [ -1.1078,  -1.0078] 
	x9: [  0.0845,   0.1845] 
	x10: [ -0.0305,   0.0695] 
	x11: [  0.3666,   0.4666] 
	x12: [ -1.3166,  -1.2166] 
	x13: [  1.0431,   1.1431] 
	x14: [ -0.7915,  -0.6915] 
	x15: [  1.7358,   1.8358] 
	x16: [  1.2058,   1.3058] 
	x17: [ -2.6833,  -2.5833] 
	x18: [ -0.1953,  -0.0953] 
	x19: [  1.6995,   1.7995] 
	x20: [  0.2186,   0.3186] 
	x21: [ -1.5397,  -1.4397] 
	x22: [  1.5669,   1.6669] 
	x23: [ -0.9892,  -0.8892] 
	x24: [  0.6221,   0.7221] 
	x25: [  2.0146,   2.1146] 
	x26: [ -0.4833,  -0.3833] 
	x27: [  0.3982,   0.4982] 
	x28: [  3.6134,   3.7134] 
	x29: [ -0.9512,  -0.8512] 
	x30: [ -2.6699,  -2.5699] 
	x31: [ -1.2053,  -1.1053] 
	x32: [ -0.8360,  -0.7360] 
	x33: [  1.5422,   1.6422] 
	x34: [ -0.3133,  -0.2133] 
	x35: [ -0.8970,  -0.7970] 
	x36: [ -1.2452,  -1.1452] 
	x37: [  1.8727,   1.9727] 
	x38: [ -1.1753,  -1.0753] 
	x39: [ -3.7158,  -3.6158] 
	x40: [ -0.4711,  -0.3711] 
	x41: [ -2.8829,  -2.7829] 
	x42: [  1.6894,   1.7894] 
	x43: [  0.9194,   1.0194] 
	x44: [  0.7671,   0.8671] 
	x45: [  1.4387,   1.5387] 
	x46: [ -0.1592,  -0.0592] 
	x47: [ -0.3191,  -0.2191] 
	x48: [  1.7573,   1.8573] 
	x49: [  0.1817,   0.2817] 
	x50: [ -1.4564,  -1.3564] 
	x51: [ -0.9011,  -0.8011] 
	x52: [  0.6839,   0.7839] 
	x53: [  2.1957,   2.2957] 
	x54: [ -1.0195,  -0.9195] 
	x55: [  1.0116,   1.1116] 
	x56: [  0.8380,   0.9380] 
	x57: [  0.4271,   0.5271] 
	x58: [  0.2971,   0.3971] 
	x59: [  2.1286,   2.2286] 
	x60: [ -2.4458,  -2.3458] 
	x61: [ -3.2739,  -3.1739] 
	x62: [  1.5733,   1.6733] 
	x63: [  0.2585,   0.3585] 
	x64: [  0.3923,   0.4923] 
	x65: [ -0.1787,  -0.0787] 
	x66: [ -0.6510,  -0.5510] 
	x67: [  2.6901,   2.7901] 
	x68: [  2.1062,   2.2062] 
	x69: [  1.1023,   1.2023] 
	x70: [ -1.1934,  -1.0934] 
	x71: [  0.0702,   0.1702] 
	x72: [ -0.5392,  -0.4392] 
	x73: [ -0.9471,  -0.8471] 
	x74: [  0.5804,   0.6804] 
	x75: [  0.6880,   0.7880] 
	x76: [  0.7724,   0.8724] 
	x77: [ -1.0352,  -0.9352] 
	x78: [ -1.9913,  -1.8913] 
	x79: [  1.9964,   2.0964] 
	x80: [  2.5684,   2.6684] 
	x81: [ -1.3899,  -1.2899] 
	x82: [ -0.8776,  -0.7776] 
	x83: [  0.1283,   0.2283] 
	x84: [ -1.6007,  -1.5007] 
	x85: [ -0.0104,   0.0896] 
	x86: [  0.9212,   1.0212] 
	x87: [ -0.5010,  -0.4010] 
	x88: [  2.0566,   2.1566] 
	x89: [  0.4509,   0.5509] 
	x90: [ -0.3570,  -0.2570] 
	x91: [ -1.5449,  -1.4449] 
	x92: [  1.3197,   1.4197] 
	x93: [ -3.1127,  -3.0127] 
	x94: [  0.9223,   1.0223] 
	x95: [  0.3475,   0.4475] 
	x96: [ -0.0026,   0.0974] 
	x97: [ -1.4030,  -1.3030] 
	x98: [ -1.4061,  -1.3061] 
	x99: [ -2.6568,  -2.5568] 
	x100: [  0.1351,   0.2351] 
	x101: [ -1.5615,  -1.4615] 
	x102: [  2.9374,   3.0374] 
	x103: [ -2.5296,  -2.4296] 
	x104: [ -0.1348,  -0.0348] 
	x105: [ -2.7776,  -2.6776] 
	x106: [ -2.8833,  -2.7833] 
	x107: [ -0.7095,  -0.6095] 
	x108: [ -2.4646,  -2.3646] 
	x109: [  2.9757,   3.0757] 
	x110: [  0.7754,   0.8754] 
	x111: [ -0.7384,  -0.6384] 
	x112: [ -1.3165,  -1.2165] 
	x113: [  2.6692,   2.7692] 
	x114: [  1.0568,   1.1568] 
	x115: [ -2.2647,  -2.1647] 
	x116: [  2.8037,   2.9037] 
	x117: [  0.7974,   0.8974] 
	x118: [ -0.1288,  -0.0288] 
	x119: [ -1.5760,  -1.4760] 
	x120: [  0.0925,   0.1925] 
	x121: [  3.3274,   3.4274] 
	x122: [ -2.0175,  -1.9175] 
	x123: [ -0.4821,  -0.3821] 
	x124: [ -1.8967,  -1.7967] 
	x125: [ -1.8953,  -1.7953] 
	x126: [ -2.3816,  -2.2816] 
	x127: [  0.4602,   0.5602] 
	x128: [  0.9781,   1.0781] 
	x129: [  1.0596,   1.1596] 
	x130: [ -0.0889,   0.0111] 
	x131: [  2.5158,   2.6158] 
	x132: [  0.3177,   0.4177] 
	x133: [ -1.2240,  -1.1240] 
	x134: [  0.0425,   0.1425] 
	x135: [ -0.4879,  -0.3879] 
	x136: [ -0.8305,  -0.7305] 
	x137: [ -0.2755,  -0.1755] 
	x138: [ -1.8041,  -1.7041] 
	x139: [  0.1153,   0.2153] 
	x140: [  5.8659,   5.9659] 
	x141: [  1.9261,   2.0261] 
	x142: [  0.4557,   0.5557] 
	x143: [  2.0873,   2.1873] 
	x144: [  0.3876,   0.4876] 
	x145: [ -0.4252,  -0.3252] 
	x146: [  3.5147,   3.6147] 
	x147: [  1.5204,   1.6204] 
	x148: [  2.4805,   2.5805] 
	x149: [  0.2790,   0.3790] 
	x150: [ -0.6580,  -0.5580] 
	x151: [  1.1446,   1.2446] 
	x152: [  0.4045,   0.5045] 
	x153: [ -0.5815,  -0.4815] 
	x154: [  0.9961,   1.0961] 
	x155: [  0.6738,   0.7738] 
	x156: [  1.1604,   1.2604] 
	x157: [ -0.4620,  -0.3620] 
	x158: [ -1.2107,  -1.1107] 
	x159: [ -1.5071,  -1.4071] 
	x160: [  1.9021,   2.0021] 
	x161: [ -2.2068,  -2.1068] 
	x162: [  1.4877,   1.5877] 
	x163: [ -2.8570,  -2.7570] 
	x164: [ -3.6058,  -3.5058] 
	x165: [  0.2473,   0.3473] 
	x166: [  1.1224,   1.2224] 
	x167: [  1.5091,   1.6091] 
	x168: [ -3.0429,  -2.9429] 
	x169: [  0.2480,   0.3480] 
	x170: [ -0.8030,  -0.7030] 
	x171: [  0.1812,   0.2812] 
	x172: [ -1.6005,  -1.5005] 
	x173: [  0.6839,   0.7839] 
	x174: [  0.1991,   0.2991] 
	x175: [  0.7610,   0.8610] 
	x176: [ -1.8513,  -1.7513] 
	x177: [  0.2097,   0.3097] 
	x178: [ -0.1238,  -0.0238] 
	x179: [ -2.9511,  -2.8511] 
	x180: [ -0.4697,  -0.3697] 
	x181: [ -0.5574,  -0.4574] 
	x182: [ -0.2280,  -0.1280] 
	x183: [ -2.9072,  -2.8072] 
	x184: [  0.4568,   0.5568] 
	x185: [ -1.8676,  -1.7676] 
	x186: [  2.0086,   2.1086] 
	x187: [ -2.6584,  -2.5584] 
	x188: [  0.7548,   0.8548] 
	x189: [ -4.5365,  -4.4365] 
	x190: [ -2.4295,  -2.3295] 
	x191: [  0.6160,   0.7160] 
	x192: [  0.5056,   0.6056] 
	x193: [  1.5757,   1.6757] 
	x194: [  1.5597,   1.6597] 
	x195: [ -0.5604,  -0.4604] 
	x196: [ -0.3359,  -0.2359] 
	x197: [ -1.8764,  -1.7764] 
	x198: [ -4.3426,  -4.2426] 
	x199: [ -0.2773,  -0.1773] 
	x200: [  0.1312,   0.2312] 
	x201: [  4.3270,   4.4270] 
	x202: [ -2.1146,  -2.0146] 
	x203: [ -1.9154,  -1.8154] 
	x204: [ -1.0851,  -0.9851] 
	x205: [  1.7302,   1.8302] 
	x206: [ -0.7318,  -0.6318] 
	x207: [ -0.0518,   0.0482] 
	x208: [ -0.0167,   0.0833] 
	x209: [  1.2916,   1.3916] 
	x210: [ -2.5006,  -2.4006] 
	x211: [  1.4049,   1.5049] 
	x212: [ -1.4776,  -1.3776] 
	x213: [ -1.0865,  -0.9865] 
	x214: [ -1.2880,  -1.1880] 
	x215: [ -2.5764,  -2.4764] 
	x216: [ -2.5416,  -2.4416] 
	x217: [  0.6639,   0.7639] 
	x218: [ -1.9621,  -1.8621] 
	x219: [ -2.2895,  -2.1895] 
	x220: [ -0.9587,  -0.8587] 
	x221: [ -0.1989,  -0.0989] 
	x222: [ -1.0828,  -0.9828] 
	x223: [ -0.3365,  -0.2365] 
	x224: [ -0.8882,  -0.7882] 
	x225: [ -1.5508,  -1.4508] 
	x226: [  1.0657,   1.1657] 
	x227: [  0.6237,   0.7237] 
	x228: [  2.8619,   2.9619] 
	x229: [  1.4990,   1.5990] 
	x230: [  1.9553,   2.0553] 
	x231: [  3.3101,   3.4101] 
	x232: [  0.5244,   0.6244] 
	x233: [  0.9485,   1.0485] 
	x234: [ -0.0672,   0.0328] 
	x235: [ -2.2645,  -2.1645] 
	x236: [  3.4741,   3.5741] 
	x237: [  1.5274,   1.6274] 
	x238: [  0.8049,   0.9049] 
	x239: [  6.0892,   6.1892] 
	x240: [  2.1532,   2.2532] 
	x241: [ -0.1547,  -0.0547] 
	x242: [  1.0466,   1.1466] 
	x243: [  1.4600,   1.5600] 
	x244: [  1.6993,   1.7993] 
	x245: [  1.7063,   1.8063] 
	x246: [ -2.1174,  -2.0174] 
	x247: [ -2.1406,  -2.0406] 
	x248: [ -0.7009,  -0.6009] 
	x249: [  0.9383,   1.0383] 
	x250: [  0.8538,   0.9538] 
	x251: [  1.6578,   1.7578] 
	x252: [ -1.1971,  -1.0971] 
	x253: [ -0.6076,  -0.5076] 
	x254: [ -1.7027,  -1.6027] 
	x255: [  0.4113,   0.5113] 
	x256: [ -2.3869,  -2.2869] 
	x257: [ -0.4841,  -0.3841] 
	x258: [ -1.2650,  -1.1650] 
	x259: [  3.1445,   3.2445] 
	x260: [ -0.2390,  -0.1390] 
	x261: [ -0.2076,  -0.1076] 
	x262: [  1.0576,   1.1576] 
	x263: [ -1.7050,  -1.6050] 
	x264: [ -1.9017,  -1.8017] 
	x265: [ -0.4072,  -0.3072] 
	x266: [ -0.4747,  -0.3747] 
	x267: [  1.5881,   1.6881] 
	x268: [ -0.3455,  -0.2455] 
	x269: [  0.8531,   0.9531] 
	x270: [  0.2284,   0.3284] 
	x271: [  1.3899,   1.4899] 
	x272: [ -1.8728,  -1.7728] 
	x273: [  0.2978,   0.3978] 
	x274: [  0.5899,   0.6899] 
	x275: [  4.4608,   4.5608] 
	x276: [  1.9086,   2.0086] 
	x277: [ -1.7731,  -1.6731] 
	x278: [ -1.3735,  -1.2735] 
	x279: [  3.0659,   3.1659] 
	x280: [  1.4593,   1.5593] 
	x281: [  0.7296,   0.8296] 
	x282: [  0.1980,   0.2980] 
	x283: [ -3.3381,  -3.2381] 
	x284: [ -1.9067,  -1.8067] 
	x285: [  1.9953,   2.0953] 
	x286: [ -0.3936,  -0.2936] 
	x287: [ -0.7881,  -0.6881] 
	x288: [ -1.1582,  -1.0582] 
	x289: [ -0.2486,  -0.1486] 
	x290: [  4.2318,   4.3318] 
	x291: [  0.0214,   0.1214] 
	x292: [  0.6532,   0.7532] 
	x293: [  0.6659,   0.7659] 
	x294: [  0.3598,   0.4598] 
	x295: [  4.4084,   4.5084] 
	x296: [ -0.9299,  -0.8299] 
	x297: [  2.4752,   2.5752] 
	x298: [ -9.0605,  -8.9605] 
	x299: [ -1.4078,  -1.3078] 
	x300: [  2.8734,   2.9734] 
	x301: [  1.3191,   1.4191] 
	x302: [ -1.1061,  -1.0061] 
	x303: [  0.1062,   0.2062] 
	x304: [ -1.2621,  -1.1621] 
	x305: [  2.6711,   2.7711] 
	x306: [  0.7664,   0.8664] 
	x307: [ -1.0312,  -0.9312] 
	x308: [ -0.4580,  -0.3580] 
	x309: [ -2.6765,  -2.5765] 
	x310: [ -0.4643,  -0.3643] 
	x311: [  1.5270,   1.6270] 
	x312: [  1.5771,   1.6771] 
	x313: [ -1.2524,  -1.1524] 
	x314: [ -2.5612,  -2.4612] 
	x315: [ -0.5759,  -0.4759] 
	x316: [  0.2031,   0.3031] 
	x317: [ -4.3778,  -4.2778] 
	x318: [  3.1681,   3.2681] 
	x319: [  1.4873,   1.5873] 
	x320: [ -2.4135,  -2.3135] 
	x321: [ -0.2626,  -0.1626] 
	x322: [ -0.1553,  -0.0553] 
	x323: [  0.4774,   0.5774] 
	x324: [ -1.5148,  -1.4148] 
	x325: [ -3.4455,  -3.3455] 
	x326: [ -1.8054,  -1.7054] 
	x327: [ -2.9602,  -2.8602] 
	x328: [ -0.8380,  -0.7380] 
	x329: [  1.2580,   1.3580] 
	x330: [  2.0469,   2.1469] 
	x331: [ -0.2249,  -0.1249] 
	x332: [ -1.2026,  -1.1026] 
	x333: [  0.7273,   0.8273] 
	x334: [  1.0572,   1.1572] 
	x335: [ -0.1134,  -0.0134] 
	x336: [ -0.3024,  -0.2024] 
	x337: [  3.0278,   3.1278] 
	x338: [  0.4015,   0.5015] 
	x339: [ -0.5877,  -0.4877] 
	x340: [  0.7894,   0.8894] 
	x341: [  0.1458,   0.2458] 
	x342: [ -1.5041,  -1.4041] 
	x343: [  0.2754,   0.3754] 
	x344: [ -0.1412,  -0.0412] 
	x345: [ -0.3490,  -0.2490] 
	x346: [ -0.5973,  -0.4973] 
	x347: [ -0.2154,  -0.1154] 
	x348: [  0.4500,   0.5500] 
	x349: [  0.1765,   0.2765] 
	x350: [  2.0941,   2.1941] 
	x351: [  0.4130,   0.5130] 
	x352: [ -0.5884,  -0.4884] 
	x353: [  0.6082,   0.7082] 
	x354: [ -0.7143,  -0.6143] 
	x355: [ -0.6979,  -0.5979] 
	x356: [  0.4472,   0.5472] 
	x357: [ -0.2258,  -0.1258] 
	x358: [  0.0796,   0.1796] 
	x359: [  3.6733,   3.7733] 
	x360: [ -1.2160,  -1.1160] 
	x361: [ -1.7334,  -1.6334] 
	x362: [ -1.8177,  -1.7177] 
	x363: [ -1.0975,  -0.9975] 
	x364: [ -0.5973,  -0.4973] 
	x365: [  1.9295,   2.0295] 
	x366: [ -1.3249,  -1.2249] 
	x367: [  0.0413,   0.1413] 
	x368: [ -1.2080,  -1.1080] 
	x369: [  0.3953,   0.4953] 
	x370: [ -0.4671,  -0.3671] 
	x371: [ -0.7894,  -0.6894] 
	x372: [ -1.6754,  -1.5754] 
	x373: [ -0.2500,  -0.1500] 
	x374: [  1.4316,   1.5316] 
	x375: [ -0.0284,   0.0716] 
	x376: [ -1.5094,  -1.4094] 
	x377: [ -0.1895,  -0.0895] 
	x378: [  0.8416,   0.9416] 
	x379: [ -2.0462,  -1.9462] 
	x380: [  0.1511,   0.2511] 
	x381: [  0.8238,   0.9238] 
	x382: [ -0.9251,  -0.8251] 
	x383: [ -0.1440,  -0.0440] 
	x384: [ -0.3321,  -0.2321] 
	x385: [  1.1063,   1.2063] 
	x386: [ -1.7443,  -1.6443] 
	x387: [ -1.5307,  -1.4307] 
	x388: [ -0.7448,  -0.6448] 
	x389: [  0.3061,   0.4061] 
	x390: [ -0.1498,  -0.0498] 
	x391: [ -5.3059,  -5.2059] 
	x392: [ -0.5178,  -0.4178] 
	x393: [ -1.6514,  -1.5514] 
	x394: [ -0.4750,  -0.3750] 
	x395: [  1.3132,   1.4132] 
	x396: [ -0.8681,  -0.7681] 
	x397: [ -0.2084,  -0.1084] 
	x398: [  0.1099,   0.2099] 
	x399: [  0.6756,   0.7756] 
	x400: [ -0.2144,  -0.1144] 
	x401: [  0.3374,   0.4374] 
	x402: [ -0.0966,   0.0034] 
	x403: [ -1.7863,  -1.6863] 
	x404: [ -2.1476,  -2.0476] 
	x405: [ -0.6304,  -0.5304] 
	x406: [ -2.0112,  -1.9112] 
	x407: [  1.4140,   1.5140] 
	x408: [  1.8771,   1.9771] 
	x409: [ -1.2651,  -1.1651] 
	x410: [ -2.3977,  -2.2977] 
	x411: [  0.0840,   0.1840] 
	x412: [  1.6320,   1.7320] 
	x413: [  0.1388,   0.2388] 
	x414: [ -2.0191,  -1.9191] 
	x415: [  1.9028,   2.0028] 
	x416: [  0.1961,   0.2961] 
	x417: [  0.4698,   0.5698] 
	x418: [ -2.0337,  -1.9337] 
	x419: [ -1.0001,  -0.9001] 
	x420: [ -0.2760,  -0.1760] 
	x421: [  0.2867,   0.3867] 
	x422: [  1.6028,   1.7028] 
	x423: [  1.3442,   1.4442] 
	x424: [ -0.5868,  -0.4868] 
	x425: [  4.1214,   4.2214] 
	x426: [ -2.9211,  -2.8211] 
	x427: [ -0.8631,  -0.7631] 
	x428: [ -1.0350,  -0.9350] 
	x429: [  0.8119,   0.9119] 
	x430: [ -1.9682,  -1.8682] 
	x431: [ -1.6871,  -1.5871] 
	x432: [  0.8600,   0.9600] 
	x433: [ -0.8980,  -0.7980] 
	x434: [  1.5571,   1.6571] 
	x435: [  1.8670,   1.9670] 
	x436: [  0.6457,   0.7457] 
	x437: [  0.0625,   0.1625] 
	x438: [ -1.9132,  -1.8132] 
	x439: [  1.0744,   1.1744] 
	x440: [  0.7343,   0.8343] 
	x441: [ -1.1062,  -1.0062] 
	x442: [ -2.8216,  -2.7216] 
	x443: [ -2.3015,  -2.2015] 
	x444: [ -0.4911,  -0.3911] 
	x445: [ -0.6525,  -0.5525] 
	x446: [ -1.2636,  -1.1636] 
	x447: [  0.2836,   0.3836] 
	x448: [ -1.8042,  -1.7042] 
	x449: [  0.7625,   0.8625] 
	x450: [ -0.3526,  -0.2526] 
	x451: [ -0.4407,  -0.3407] 
	x452: [ -0.9368,  -0.8368] 
	x453: [ -1.2814,  -1.1814] 
	x454: [ -0.8007,  -0.7007] 
	x455: [ -0.5891,  -0.4891] 
	x456: [  1.2613,   1.3613] 
	x457: [  0.6519,   0.7519] 
	x458: [ -2.5760,  -2.4760] 
	x459: [  1.5886,   1.6886] 
	x460: [ -0.0529,   0.0471] 
	x461: [ -2.3696,  -2.2696] 
	x462: [ -0.2519,  -0.1519] 
	x463: [ -1.4875,  -1.3875] 
	x464: [ -0.2951,  -0.1951] 
	x465: [  0.2957,   0.3957] 
	x466: [ -0.5828,  -0.4828] 
	x467: [  2.6765,   2.7765] 
	x468: [  1.5511,   1.6511] 
	x469: [ -3.7187,  -3.6187] 
	x470: [ -1.7169,  -1.6169] 
	x471: [ -1.0344,  -0.9344] 
	x472: [ -1.0145,  -0.9145] 
	x473: [ -0.2905,  -0.1905] 
	x474: [ -0.1460,  -0.0460] 
	x475: [  0.3363,   0.4363] 
	x476: [  1.8206,   1.9206] 
	x477: [  2.3483,   2.4483] 
	x478: [  2.3539,   2.4539] 
	x479: [ -0.0176,   0.0824] 
	x480: [  1.2532,   1.3532] 
	x481: [  0.4408,   0.5408] 
	x482: [  0.4634,   0.5634] 
	x483: [  0.8643,   0.9643] 
	x484: [  2.3382,   2.4382] 
	x485: [ -1.9453,  -1.8453] 
	x486: [  3.6327,   3.7327] 
	x487: [ -1.9707,  -1.8707] 
	x488: [ -1.3187,  -1.2187] 
	x489: [ -0.4189,  -0.3189] 
	x490: [  3.8882,   3.9882] 
	x491: [ -0.5282,  -0.4282] 
	x492: [  0.3087,   0.4087] 
	x493: [ -1.7842,  -1.6842] 
	x494: [ -1.5846,  -1.4846] 
	x495: [  0.4063,   0.5063] 
	x496: [  2.3347,   2.4347] 
	x497: [  1.5911,   1.6911] 
	x498: [  2.3718,   2.4718] 
	x499: [ -1.7089,  -1.6089] 
	x500: [ -0.4296,  -0.3296] 
	x501: [ -2.6640,  -2.5640] 
	x502: [ -0.2043,  -0.1043] 
	x503: [  1.2232,   1.3232] 
	x504: [ -0.2269,  -0.1269] 
	x505: [  0.7745,   0.8745] 
	x506: [  3.4113,   3.5113] 
	x507: [  1.8157,   1.9157] 
	x508: [ -0.3286,  -0.2286] 
	x509: [ -0.8592,  -0.7592] 
	x510: [  0.9835,   1.0835] 
	x511: [  0.1543,   0.2543] 

Branching heuristics set to PseudoImpact

Engine::solve: Initial statistics

20:04:34 Statistics update:
	--- Time Statistics ---
	Total time elapsed: 1393 milli (00:00:01)
		Main loop: 0 milli (00:00:00)
		Preprocessing time: 676 milli (00:00:00)
		Unknown: 716 milli (00:00:00)
	Breakdown for main loop:
		[0.00%] Simplex steps: 0 milli
		[0.00%] Explicit-basis bound tightening: 0 milli
		[0.00%] Constraint-matrix bound tightening: 0 milli
		[0.00%] Degradation checking: 0 milli
		[0.00%] Precision restoration: 0 milli
		[0.00%] Statistics handling: 0 milli
		[0.00%] Constraint-fixing steps: 0 milli
		[0.00%] Valid case splits: 0 milli. Average per split: 0.00 milli
		[0.00%] Applying stored bound-tightening: 0 milli
		[0.00%] SMT core: 0 milli
		[0.00%] Symbolic Bound Tightening: 74 milli
		[0.00%] SoI-based local search: 0 milli
		[0.00%] SoI-based local search: 0 milli
		[0.00%] Unaccounted for: 0 milli
	--- Preprocessor Statistics ---
	Number of preprocessor bound-tightening loop iterations: 3
	Number of eliminated variables: 137
	Number of constraints removed due to variable elimination: 137
	Number of equations removed due to variable elimination: 0
	--- Engine Statistics ---
	Number of main loop iterations: 1
		0 iterations were simplex steps. Total time: 0 milli. Average: 0.00 milli.
		0 iterations were constraint-fixing steps. Total time: 0 milli. Average: 0.00 milli
	Number of active piecewise-linear constraints: 119 / 119
		Constraints disabled by valid splits: 0. By SMT-originated splits: 0
	Last reported degradation: 0.0000000000. Max degradation so far: 0.0000000000. Restorations so far: 0
	Number of simplex pivots we attempted to skip because of instability: 0.
	Unstable pivots performed anyway: 0
	--- Tableau Statistics ---
	Total number of pivots performed: 0
		Real pivots: 0. Degenerate: 0 (0.00%)
		Degenerate pivots by request (e.g., to fix a PL constraint): 0 (0.00%)
		Average time per pivot: 0.00 milli
	Total number of fake pivots performed: 0
	Total number of rows added: 0. Number of merged columns: 0
	Current tableau dimensions: M = 705, N = 2041
	--- SMT Core Statistics ---
	Total depth is 0. Total visited states: 1. Number of splits: 0. Number of pops: 0
	Max stack depth: 0
	--- Bound Tightening Statistics ---
	Number of tightened bounds: 0.
		Number of rows examined by row tightener: 0. Consequent tightenings: 0
		Number of explicit basis matrices examined by row tightener: 0. Consequent tightenings: 0
		Number of bound tightening rounds on the entire constraint matrix: 0. Consequent tightenings: 0
		Number of bound notifications sent to PL constraints: 714. Tightenings proposed: 0
	--- Basis Factorization statistics ---
	Number of basis refactorizations: 2
	--- Projected Steepest Edge Statistics ---
	Number of iterations: 0.
	Number of resets to reference space: 1. Avg. iterations per reset: 0
	--- SBT ---
	Number of tightened bounds: 385
	--- SoI-based local search ---
	Number of proposed phase pattern update: 0. Number of accepted update: 0 [0.00%]
	Total time (% of local search time) updating SoI phase pattern : 0 milli [0.00%]
	Total time obtaining current assignment: 0 milli [0.00%]
	Total time getting SoI phase pattern : 0 milli [0.00%]
	--- Context dependent statistics ---
	Number of pushes / pops: 0 / 0
		[0.00%] Pre-Push hook: 0 milli
		[0.00%] Push : 0 milli
		[0.00%] Post-Pop hook: 0 milli
		[0.00%] Pop : 0 milli
		[0.00%] Total context-switching time: 0 milli
	--- Proof Certificate ---
	Number of certified leaves: 0
	Number of leaves to delegate: 0

---
Before declaring sat, recomputing...

Engine::solve: sat assignment found

20:04:38 Statistics update:
	--- Time Statistics ---
	Total time elapsed: 5896 milli (00:00:05)
		Main loop: 4502 milli (00:00:04)
		Preprocessing time: 676 milli (00:00:00)
		Unknown: 716 milli (00:00:00)
	Breakdown for main loop:
		[36.45%] Simplex steps: 1641 milli
		[62.35%] Explicit-basis bound tightening: 2807 milli
		[0.00%] Constraint-matrix bound tightening: 0 milli
		[0.31%] Degradation checking: 14 milli
		[0.00%] Precision restoration: 0 milli
		[0.11%] Statistics handling: 4 milli
		[0.00%] Constraint-fixing steps: 0 milli
		[0.00%] Valid case splits: 0 milli. Average per split: 0.00 milli
		[0.00%] Applying stored bound-tightening: 0 milli
		[0.00%] SMT core: 0 milli
		[2.17%] Symbolic Bound Tightening: 97 milli
		[0.00%] SoI-based local search: 0 milli
		[0.00%] SoI-based local search: 0 milli
		[409658545935369.75%] Unaccounted for: 0 milli
	--- Preprocessor Statistics ---
	Number of preprocessor bound-tightening loop iterations: 3
	Number of eliminated variables: 137
	Number of constraints removed due to variable elimination: 137
	Number of equations removed due to variable elimination: 0
	--- Engine Statistics ---
	Number of main loop iterations: 213
		210 iterations were simplex steps. Total time: 1641 milli. Average: 7.81 milli.
		0 iterations were constraint-fixing steps. Total time: 0 milli. Average: 0.00 milli
	Number of active piecewise-linear constraints: 119 / 119
		Constraints disabled by valid splits: 0. By SMT-originated splits: 0
	Last reported degradation: 0.0000009805. Max degradation so far: 0.0000000000. Restorations so far: 0
	Number of simplex pivots we attempted to skip because of instability: 0.
	Unstable pivots performed anyway: 0
	--- Tableau Statistics ---
	Total number of pivots performed: 207
		Real pivots: 207. Degenerate: 0 (0.00%)
		Degenerate pivots by request (e.g., to fix a PL constraint): 0 (0.00%)
		Average time per pivot: 0.73 milli
	Total number of fake pivots performed: 3
	Total number of rows added: 0. Number of merged columns: 0
	Current tableau dimensions: M = 705, N = 2041
	--- SMT Core Statistics ---
	Total depth is 0. Total visited states: 1. Number of splits: 0. Number of pops: 0
	Max stack depth: 0
	--- Bound Tightening Statistics ---
	Number of tightened bounds: 0.
		Number of rows examined by row tightener: 207. Consequent tightenings: 0
		Number of explicit basis matrices examined by row tightener: 2. Consequent tightenings: 320
		Number of bound tightening rounds on the entire constraint matrix: 0. Consequent tightenings: 0
		Number of bound notifications sent to PL constraints: 1428. Tightenings proposed: 0
	--- Basis Factorization statistics ---
	Number of basis refactorizations: 3
	--- Projected Steepest Edge Statistics ---
	Number of iterations: 210.
	Number of resets to reference space: 1. Avg. iterations per reset: 210
	--- SBT ---
	Number of tightened bounds: 385
	--- SoI-based local search ---
	Number of proposed phase pattern update: 0. Number of accepted update: 0 [0.00%]
	Total time (% of local search time) updating SoI phase pattern : 0 milli [0.00%]
	Total time obtaining current assignment: 0 milli [0.00%]
	Total time getting SoI phase pattern : 0 milli [0.00%]
	--- Context dependent statistics ---
	Number of pushes / pops: 0 / 0
		[0.00%] Pre-Push hook: 0 milli
		[0.00%] Push : 0 milli
		[0.00%] Post-Pop hook: 0 milli
		[0.00%] Pop : 0 milli
		[0.00%] Total context-switching time: 0 milli
	--- Proof Certificate ---
	Number of certified leaves: 0
	Number of leaves to delegate: 0
sat
Input assignment:
	x0 = 0.080623
	x1 = -1.650192
	x2 = 0.209076
	x3 = 0.946756
	x4 = 0.588553
	x5 = -0.445103
	x6 = 3.270189
	x7 = 0.610162
	x8 = -1.007802
	x9 = 0.132389
	x10 = -0.030465
	x11 = 0.366563
	x12 = -1.216604
	x13 = 1.043091
	x14 = -0.791511
	x15 = 1.735752
	x16 = 1.305769
	x17 = -2.683275
	x18 = -0.095311
	x19 = 1.699531
	x20 = 0.218563
	x21 = -1.539676
	x22 = 1.566863
	x23 = -0.989193
	x24 = 0.622066
	x25 = 2.114630
	x26 = -0.383252
	x27 = 0.398172
	x28 = 3.656064
	x29 = -0.851232
	x30 = -2.669868
	x31 = -1.205295
	x32 = -0.836009
	x33 = 1.542167
	x34 = -0.313299
	x35 = -0.797047
	x36 = -1.245238
	x37 = 1.872728
	x38 = -1.175314
	x39 = -3.715799
	x40 = -0.471066
	x41 = -2.782870
	x42 = 1.689411
	x43 = 0.919363
	x44 = 0.767095
	x45 = 1.538725
	x46 = -0.059202
	x47 = -0.219115
	x48 = 1.857259
	x49 = 0.281663
	x50 = -1.454396
	x51 = -0.901093
	x52 = 0.683853
	x53 = 2.195675
	x54 = -1.019465
	x55 = 1.011587
	x56 = 0.937953
	x57 = 0.527096
	x58 = 0.297149
	x59 = 2.128603
	x60 = -2.445764
	x61 = -3.273888
	x62 = 1.673251
	x63 = 0.258450
	x64 = 0.392260
	x65 = -0.178657
	x66 = -0.551027
	x67 = 2.690125
	x68 = 2.106221
	x69 = 1.202259
	x70 = -1.193380
	x71 = 0.170164
	x72 = -0.539153
	x73 = -0.947126
	x74 = 0.680438
	x75 = 0.787966
	x76 = 0.772442
	x77 = -0.935179
	x78 = -1.991293
	x79 = 1.996436
	x80 = 2.668439
	x81 = -1.389864
	x82 = -0.877620
	x83 = 0.128268
	x84 = -1.600739
	x85 = -0.010390
	x86 = 0.921215
	x87 = -0.401043
	x88 = 2.056555
	x89 = 0.450876
	x90 = -0.356950
	x91 = -1.444931
	x92 = 1.319735
	x93 = -3.112700
	x94 = 0.922280
	x95 = 0.347500
	x96 = -0.002599
	x97 = -1.402987
	x98 = -1.406058
	x99 = -2.656774
	x100 = 0.235142
	x101 = -1.461485
	x102 = 2.937362
	x103 = -2.429627
	x104 = -0.034780
	x105 = -2.777599
	x106 = -2.783270
	x107 = -0.709485
	x108 = -2.464597
	x109 = 2.975716
	x110 = 0.775405
	x111 = -0.738433
	x112 = -1.216467
	x113 = 2.669197
	x114 = 1.056778
	x115 = -2.164694
	x116 = 2.803744
	x117 = 0.897380
	x118 = -0.028832
	x119 = -1.576029
	x120 = 0.092464
	x121 = 3.327403
	x122 = -2.017529
	x123 = -0.482146
	x124 = -1.796692
	x125 = -1.895289
	x126 = -2.281645
	x127 = 0.460234
	x128 = 0.978116
	x129 = 1.159585
	x130 = -0.088938
	x131 = 2.515764
	x132 = 0.417689
	x133 = -1.123998
	x134 = 0.042485
	x135 = -0.487898
	x136 = -0.730527
	x137 = -0.275462
	x138 = -1.704116
	x139 = 0.115324
	x140 = 5.865862
	x141 = 1.926078
	x142 = 0.455719
	x143 = 2.087300
	x144 = 0.487559
	x145 = -0.425227
	x146 = 3.614680
	x147 = 1.520422
	x148 = 2.480472
	x149 = 0.278971
	x150 = -0.657989
	x151 = 1.144568
	x152 = 0.404476
	x153 = -0.581470
	x154 = 0.996074
	x155 = 0.673750
	x156 = 1.160354
	x157 = -0.461997
	x158 = -1.210680
	x159 = -1.407088
	x160 = 1.902061
	x161 = -2.106755
	x162 = 1.587716
	x163 = -2.856973
	x164 = -3.605770
	x165 = 0.347317
	x166 = 1.122447
	x167 = 1.609144
	x168 = -3.042929
	x169 = 0.348047
	x170 = -0.702978
	x171 = 0.181154
	x172 = -1.600463
	x173 = 0.683863
	x174 = 0.199065
	x175 = 0.760952
	x176 = -1.851298
	x177 = 0.209741
	x178 = -0.123831
	x179 = -2.951121
	x180 = -0.469659
	x181 = -0.557388
	x182 = -0.228003
	x183 = -2.907245
	x184 = 0.556826
	x185 = -1.767552
	x186 = 2.008638
	x187 = -2.658376
	x188 = 0.854848
	x189 = -4.436462
	x190 = -2.429522
	x191 = 0.616049
	x192 = 0.599354
	x193 = 1.575718
	x194 = 1.659743
	x195 = -0.560361
	x196 = -0.335899
	x197 = -1.876431
	x198 = -4.342645
	x199 = -0.177295
	x200 = 0.131177
	x201 = 4.327034
	x202 = -2.114601
	x203 = -1.815440
	x204 = -1.085131
	x205 = 1.730206
	x206 = -0.731764
	x207 = 0.048157
	x208 = -0.016678
	x209 = 1.291590
	x210 = -2.500555
	x211 = 1.404906
	x212 = -1.477650
	x213 = -1.086488
	x214 = -1.187990
	x215 = -2.576387
	x216 = -2.441583
	x217 = 0.663887
	x218 = -1.962069
	x219 = -2.189537
	x220 = -0.858662
	x221 = -0.198894
	x222 = -1.082788
	x223 = -0.236544
	x224 = -0.888170
	x225 = -1.450764
	x226 = 1.165717
	x227 = 0.623692
	x228 = 2.961879
	x229 = 1.499043
	x230 = 1.955286
	x231 = 3.310060
	x232 = 0.524440
	x233 = 1.048494
	x234 = -0.067216
	x235 = -2.264452
	x236 = 3.474081
	x237 = 1.527430
	x238 = 0.804917
	x239 = 6.089236
	x240 = 2.153162
	x241 = -0.054692
	x242 = 1.146639
	x243 = 1.460043
	x244 = 1.799300
	x245 = 1.706315
	x246 = -2.117371
	x247 = -2.040627
	x248 = -0.700947
	x249 = 0.938257
	x250 = 0.853812
	x251 = 1.657841
	x252 = -1.197104
	x253 = -0.507568
	x254 = -1.702748
	x255 = 0.411349
	x256 = -2.386861
	x257 = -0.384111
	x258 = -1.264953
	x259 = 3.144493
	x260 = -0.239034
	x261 = -0.107561
	x262 = 1.157642
	x263 = -1.704964
	x264 = -1.901738
	x265 = -0.407205
	x266 = -0.474746
	x267 = 1.588149
	x268 = -0.245517
	x269 = 0.853136
	x270 = 0.228371
	x271 = 1.389852
	x272 = -1.772772
	x273 = 0.297846
	x274 = 0.589938
	x275 = 4.460789
	x276 = 2.008620
	x277 = -1.773139
	x278 = -1.373537
	x279 = 3.065897
	x280 = 1.459276
	x281 = 0.829552
	x282 = 0.197994
	x283 = -3.238115
	x284 = -1.806699
	x285 = 1.995280
	x286 = -0.393589
	x287 = -0.788119
	x288 = -1.158247
	x289 = -0.148619
	x290 = 4.231766
	x291 = 0.021387
	x292 = 0.653160
	x293 = 0.765881
	x294 = 0.359827
	x295 = 4.408383
	x296 = -0.829863
	x297 = 2.475196
	x298 = -8.960456
	x299 = -1.407849
	x300 = 2.873398
	x301 = 1.319133
	x302 = -1.106082
	x303 = 0.106196
	x304 = -1.262102
	x305 = 2.671098
	x306 = 0.766383
	x307 = -1.031250
	x308 = -0.457997
	x309 = -2.576478
	x310 = -0.464272
	x311 = 1.527008
	x312 = 1.677063
	x313 = -1.252407
	x314 = -2.461164
	x315 = -0.575884
	x316 = 0.203143
	x317 = -4.377829
	x318 = 3.168144
	x319 = 1.516109
	x320 = -2.413456
	x321 = -0.262591
	x322 = -0.155263
	x323 = 0.477359
	x324 = -1.514823
	x325 = -3.445526
	x326 = -1.805439
	x327 = -2.960194
	x328 = -0.837950
	x329 = 1.258043
	x330 = 2.146854
	x331 = -0.224869
	x332 = -1.102632
	x333 = 0.727347
	x334 = 1.057228
	x335 = -0.113360
	x336 = -0.202434
	x337 = 3.097301
	x338 = 0.401531
	x339 = -0.587678
	x340 = 0.789439
	x341 = 0.145832
	x342 = -1.504095
	x343 = 0.275409
	x344 = -0.141225
	x345 = -0.348961
	x346 = -0.597295
	x347 = -0.215359
	x348 = 0.550025
	x349 = 0.176462
	x350 = 2.194114
	x351 = 0.413039
	x352 = -0.588401
	x353 = 0.608180
	x354 = -0.714286
	x355 = -0.697896
	x356 = 0.447156
	x357 = -0.225845
	x358 = 0.079601
	x359 = 3.673307
	x360 = -1.116010
	x361 = -1.733416
	x362 = -1.817653
	x363 = -1.097465
	x364 = -0.597280
	x365 = 1.929546
	x366 = -1.224875
	x367 = 0.141325
	x368 = -1.207999
	x369 = 0.395310
	x370 = -0.467144
	x371 = -0.689402
	x372 = -1.675392
	x373 = -0.249960
	x374 = 1.531552
	x375 = 0.071649
	x376 = -1.509430
	x377 = -0.189489
	x378 = 0.841597
	x379 = -2.046237
	x380 = 0.216662
	x381 = 0.823780
	x382 = -0.925069
	x383 = -0.144024
	x384 = -0.332055
	x385 = 1.106330
	x386 = -1.744267
	x387 = -1.530685
	x388 = -0.744808
	x389 = 0.306098
	x390 = -0.149788
	x391 = -5.305938
	x392 = -0.517848
	x393 = -1.651361
	x394 = -0.475048
	x395 = 1.313172
	x396 = -0.868104
	x397 = -0.108365
	x398 = 0.109882
	x399 = 0.675554
	x400 = -0.214408
	x401 = 0.437429
	x402 = -0.096615
	x403 = -1.786345
	x404 = -2.147645
	x405 = -0.630406
	x406 = -2.011196
	x407 = 1.414048
	x408 = 1.877107
	x409 = -1.265131
	x410 = -2.397727
	x411 = 0.083987
	x412 = 1.732013
	x413 = 0.238844
	x414 = -1.919123
	x415 = 1.902805
	x416 = 0.296058
	x417 = 0.469844
	x418 = -2.033731
	x419 = -0.900087
	x420 = -0.175954
	x421 = 0.286734
	x422 = 1.602791
	x423 = 1.444151
	x424 = -0.586821
	x425 = 4.221390
	x426 = -2.921103
	x427 = -0.863052
	x428 = -1.035015
	x429 = 0.811926
	x430 = -1.968156
	x431 = -1.687092
	x432 = 0.959980
	x433 = -0.897995
	x434 = 1.557148
	x435 = 1.966982
	x436 = 0.745718
	x437 = 0.062456
	x438 = -1.913194
	x439 = 1.074421
	x440 = 0.734308
	x441 = -1.106186
	x442 = -2.821610
	x443 = -2.301482
	x444 = -0.491129
	x445 = -0.652468
	x446 = -1.263627
	x447 = 0.298117
	x448 = -1.704213
	x449 = 0.762515
	x450 = -0.352608
	x451 = -0.440668
	x452 = -0.936802
	x453 = -1.181388
	x454 = -0.700650
	x455 = -0.489106
	x456 = 1.261307
	x457 = 0.651865
	x458 = -2.476035
	x459 = 1.688605
	x460 = -0.052915
	x461 = -2.369648
	x462 = -0.151929
	x463 = -1.487547
	x464 = -0.195060
	x465 = 0.295664
	x466 = -0.582827
	x467 = 2.676465
	x468 = 1.551066
	x469 = -3.718745
	x470 = -1.716888
	x471 = -0.934385
	x472 = -1.014472
	x473 = -0.290474
	x474 = -0.145954
	x475 = 0.336344
	x476 = 1.920623
	x477 = 2.348313
	x478 = 2.353931
	x479 = -0.017565
	x480 = 1.253227
	x481 = 0.540832
	x482 = 0.563430
	x483 = 0.864319
	x484 = 2.338150
	x485 = -1.945311
	x486 = 3.632722
	x487 = -1.970749
	x488 = -1.318747
	x489 = -0.418881
	x490 = 3.888179
	x491 = -0.528158
	x492 = 0.308677
	x493 = -1.784216
	x494 = -1.584645
	x495 = 0.406285
	x496 = 2.334697
	x497 = 1.691117
	x498 = 2.371824
	x499 = -1.708858
	x500 = -0.329620
	x501 = -2.564032
	x502 = -0.104309
	x503 = 1.223188
	x504 = -0.226875
	x505 = 0.774495
	x506 = 3.411306
	x507 = 1.915710
	x508 = -0.328585
	x509 = -0.759237
	x510 = 0.983501
	x511 = 0.154271

Output:
	y0 = -6.739399
	y1 = 6.469424
	y2 = -9.195169
	y3 = -6.343867
	y4 = 9.052621
	y5 = -9.243854
	y6 = -6.696852
	y7 = 6.534591
	y8 = -6.343688
	y9 = -6.791898
	y10 = 9.980944
	y11 = -9.607342
	y12 = -5.788132
	y13 = 10.173216
	y14 = -7.436141
	y15 = -3.315170
	y16 = 7.072615
	y17 = -3.618050
	y18 = -7.047827
	y19 = 3.253361
	y20 = -9.100632
	y21 = -7.124795
	y22 = 8.937176
	y23 = -12.054017
	y24 = -9.769682
	y25 = 9.789810
	y26 = -10.361985
	y27 = -8.622617
	y28 = 6.080565
	y29 = -11.940254
	y30 = -3.932833
	y31 = 10.923561
	y32 = -5.576452
	y33 = -4.843602
	y34 = 9.251044
	y35 = -5.341059
	y36 = -3.206493
	y37 = 10.223464
	y38 = -2.935569
	y39 = -5.228292
	y40 = 5.914181
	y41 = -5.340893
	y42 = -9.385004
	y43 = 12.487038
	y44 = -9.736707
	y45 = -9.704195
	y46 = 6.741467
	y47 = -10.514819
	y48 = -6.596745
	y49 = 10.419326
	y50 = -8.567210
	y51 = -4.373033
	y52 = 15.722523
	y53 = -6.118875
	y54 = -0.877367
	y55 = 15.762946
	y56 = -1.240486
	y57 = 1.575223
	y58 = -1.249557
	y59 = 2.492789
	y60 = 4.155114
	y61 = -6.021184
	y62 = 3.435797
	y63 = 4.152257
	y64 = -2.443855
	y65 = 3.496720
	y66 = -5.190577
	y67 = 13.536097
	y68 = -4.079731
	y69 = -4.975502
	y70 = 14.647730
	y71 = -6.799337
	y72 = -6.731537
	y73 = 10.994774
	y74 = -5.381453
	y75 = -1.940163
	y76 = -9.193563
	y77 = -3.023261
	y78 = -0.895229
	y79 = 13.815197
	y80 = 1.910128
	y81 = 10.003376
	y82 = -25.242043
	y83 = 9.829738
	y84 = 11.034892
	y85 = -21.815261
	y86 = 11.834184
	y87 = 0.930007
	y88 = 10.287526
	y89 = -0.647897
	y90 = 0.610902
	y91 = -10.194194
	y92 = -0.476909
	y93 = -6.431665
	y94 = 16.515556
	y95 = -9.350154
	y96 = -5.969798
	y97 = 15.341206
	y98 = -5.821907
	y99 = -4.307360
	y100 = 25.159143
	y101 = -6.615564
	y102 = 2.138352
	y103 = -8.159768
	y104 = 3.051299
	y105 = 11.238463
	y106 = -22.174737
	y107 = 10.323265
	y108 = 11.824379
	y109 = -22.197624
	y110 = 10.040345
	y111 = 4.954786
	y112 = -13.665969
	y113 = 2.736545
	y114 = -7.321416
	y115 = 26.454803
	y116 = -9.252837
	y117 = -7.831824
	y118 = 25.496181
	y119 = -10.177592
	y120 = -5.848199
	y121 = 12.315283
	y122 = -9.315689
	y123 = -8.474578
	y124 = 32.127508
	y125 = -8.889574
	y126 = 0.247726
	y127 = 9.080301
	y128 = 0.198003
	y129 = 6.575130
	y130 = -5.982655
	y131 = 4.089771
	y132 = 5.855313
	y133 = -7.976119
	y134 = 2.916665
	y135 = 4.801779
	y136 = -11.239199
	y137 = 2.825460
	y138 = -7.938721
	y139 = 24.954334
	y140 = -8.742752
	y141 = -7.127868
	y142 = 10.082190
	y143 = -9.462193
	y144 = -8.984143
	y145 = 10.924171
	y146 = -11.104148
	y147 = -8.023654
	y148 = 9.905671
	y149 = -8.971211
	y150 = -5.375615
	y151 = 9.013848
	y152 = -5.675835
	y153 = -4.286590
	y154 = 30.461080
	y155 = -4.522392
	y156 = -5.116582
	y157 = 26.647732
	y158 = -6.350361
	y159 = -5.733229
	y160 = 26.199406
	y161 = -5.456066
	y162 = -11.399431
	y163 = 26.808388
	y164 = -12.742680
	y165 = -9.339652
	y166 = 14.499654
	y167 = -12.676977
	y168 = -10.030724
	y169 = 10.888662
	y170 = -11.304943
	y171 = -8.891428
	y172 = 7.689621
	y173 = -10.387232
	y174 = -7.710437
	y175 = 12.867954
	y176 = -8.684485
	y177 = -8.483052
	y178 = 7.949236
	y179 = -8.626251
	y180 = -6.740803
	y181 = 7.457581
	y182 = -6.883810
	y183 = -9.721302
	y184 = 16.426350
	y185 = -7.527835
	y186 = -10.219065
	y187 = 11.641492
	y188 = -8.361942
	y189 = -10.308626
	y190 = 11.429429
	y191 = -11.866254

