InputQuery: /home/levn/Workspace/othello_world/queries/probe_robust/game_91_target_45_eps_0.05.txt
Engine::processInputQuery: Input query (before preprocessing): 449 equations, 1216 variables
Engine::processInputQuery: Input query (after preprocessing): 705 equations, 1284 variables

Input bounds:
	x0: [ -0.1030,  -0.0030] 
	x1: [  0.5958,   0.6958] 
	x2: [ -0.1252,  -0.0252] 
	x3: [ -0.5631,  -0.4631] 
	x4: [  1.2100,   1.3100] 
	x5: [  1.8593,   1.9593] 
	x6: [ -2.2137,  -2.1137] 
	x7: [ -1.4978,  -1.3978] 
	x8: [ -1.9564,  -1.8564] 
	x9: [ -0.9667,  -0.8667] 
	x10: [ -0.2797,  -0.1797] 
	x11: [  1.8068,   1.9068] 
	x12: [ -0.4000,  -0.3000] 
	x13: [  0.7829,   0.8829] 
	x14: [  3.1140,   3.2140] 
	x15: [ -0.2170,  -0.1170] 
	x16: [ -4.1044,  -4.0044] 
	x17: [  0.8766,   0.9766] 
	x18: [  1.6679,   1.7679] 
	x19: [  0.5646,   0.6646] 
	x20: [ -2.3566,  -2.2566] 
	x21: [ -2.0065,  -1.9065] 
	x22: [ -2.2856,  -2.1856] 
	x23: [  0.6724,   0.7724] 
	x24: [ -0.7802,  -0.6802] 
	x25: [ -0.8259,  -0.7259] 
	x26: [ -1.8576,  -1.7576] 
	x27: [  0.5879,   0.6879] 
	x28: [  0.4730,   0.5730] 
	x29: [  1.1982,   1.2982] 
	x30: [ -2.0872,  -1.9872] 
	x31: [  0.2717,   0.3717] 
	x32: [  1.5722,   1.6722] 
	x33: [  2.3089,   2.4089] 
	x34: [ -1.0644,  -0.9644] 
	x35: [  0.4705,   0.5705] 
	x36: [  1.5069,   1.6069] 
	x37: [ -2.2423,  -2.1423] 
	x38: [  1.8265,   1.9265] 
	x39: [  1.1430,   1.2430] 
	x40: [  3.4239,   3.5239] 
	x41: [  2.1357,   2.2357] 
	x42: [ -0.3779,  -0.2779] 
	x43: [ -0.8555,  -0.7555] 
	x44: [  0.7640,   0.8640] 
	x45: [  1.3178,   1.4178] 
	x46: [ -0.6987,  -0.5987] 
	x47: [ -3.3603,  -3.2603] 
	x48: [  1.0401,   1.1401] 
	x49: [  1.1217,   1.2217] 
	x50: [  1.3703,   1.4703] 
	x51: [  0.7924,   0.8924] 
	x52: [ -2.2306,  -2.1306] 
	x53: [ -1.1485,  -1.0485] 
	x54: [ -1.0294,  -0.9294] 
	x55: [ -0.1626,  -0.0626] 
	x56: [ -0.0191,   0.0809] 
	x57: [ -0.2066,  -0.1066] 
	x58: [  2.8967,   2.9967] 
	x59: [  3.5801,   3.6801] 
	x60: [  2.5357,   2.6357] 
	x61: [  1.1436,   1.2436] 
	x62: [  1.3156,   1.4156] 
	x63: [ -1.2993,  -1.1993] 
	x64: [ -1.4658,  -1.3658] 
	x65: [ -2.0941,  -1.9941] 
	x66: [ -3.9322,  -3.8322] 
	x67: [ -3.9077,  -3.8077] 
	x68: [  1.0509,   1.1509] 
	x69: [ -0.4995,  -0.3995] 
	x70: [ -0.1978,  -0.0978] 
	x71: [ -0.6992,  -0.5992] 
	x72: [ -1.5383,  -1.4383] 
	x73: [  0.4903,   0.5903] 
	x74: [  0.5054,   0.6054] 
	x75: [ -1.5889,  -1.4889] 
	x76: [ -1.3518,  -1.2518] 
	x77: [  0.7765,   0.8765] 
	x78: [ -1.4124,  -1.3124] 
	x79: [  0.4948,   0.5948] 
	x80: [ -0.3100,  -0.2100] 
	x81: [ -0.7224,  -0.6224] 
	x82: [  0.6424,   0.7424] 
	x83: [ -1.9283,  -1.8283] 
	x84: [  0.4717,   0.5717] 
	x85: [ -0.2221,  -0.1221] 
	x86: [  0.3879,   0.4879] 
	x87: [  0.3586,   0.4586] 
	x88: [  0.9316,   1.0316] 
	x89: [  4.5639,   4.6639] 
	x90: [ -1.2116,  -1.1116] 
	x91: [ -1.4776,  -1.3776] 
	x92: [  0.8573,   0.9573] 
	x93: [  0.2086,   0.3086] 
	x94: [ -0.1323,  -0.0323] 
	x95: [  3.6760,   3.7760] 
	x96: [  0.4952,   0.5952] 
	x97: [  3.3071,   3.4071] 
	x98: [  0.1717,   0.2717] 
	x99: [  1.6950,   1.7950] 
	x100: [ -0.1441,  -0.0441] 
	x101: [  0.8270,   0.9270] 
	x102: [ -0.4392,  -0.3392] 
	x103: [  0.9264,   1.0264] 
	x104: [ -0.7242,  -0.6242] 
	x105: [  1.5828,   1.6828] 
	x106: [  1.2965,   1.3965] 
	x107: [ -0.1562,  -0.0562] 
	x108: [  3.1236,   3.2236] 
	x109: [ -2.7664,  -2.6664] 
	x110: [ -0.6060,  -0.5060] 
	x111: [ -0.1834,  -0.0834] 
	x112: [  0.2870,   0.3870] 
	x113: [ -3.0994,  -2.9994] 
	x114: [ -1.0103,  -0.9103] 
	x115: [  2.9207,   3.0207] 
	x116: [  0.0653,   0.1653] 
	x117: [ -0.7283,  -0.6283] 
	x118: [ -2.8897,  -2.7897] 
	x119: [  1.7799,   1.8799] 
	x120: [  0.0174,   0.1174] 
	x121: [ -1.8699,  -1.7699] 
	x122: [  1.4521,   1.5521] 
	x123: [ -1.5421,  -1.4421] 
	x124: [ -2.0896,  -1.9896] 
	x125: [  2.0706,   2.1706] 
	x126: [  1.4558,   1.5558] 
	x127: [ -0.9424,  -0.8424] 
	x128: [  0.0376,   0.1376] 
	x129: [ -2.1552,  -2.0552] 
	x130: [ -1.0340,  -0.9340] 
	x131: [ -0.8711,  -0.7711] 
	x132: [  3.1233,   3.2233] 
	x133: [  0.6047,   0.7047] 
	x134: [  0.9238,   1.0238] 
	x135: [ -0.4613,  -0.3613] 
	x136: [  1.6090,   1.7090] 
	x137: [  1.7848,   1.8848] 
	x138: [ -0.8427,  -0.7427] 
	x139: [ -1.0209,  -0.9209] 
	x140: [  1.1778,   1.2778] 
	x141: [  0.9595,   1.0595] 
	x142: [ -0.3793,  -0.2793] 
	x143: [  0.3175,   0.4175] 
	x144: [  0.9912,   1.0912] 
	x145: [  0.0294,   0.1294] 
	x146: [ -0.5858,  -0.4858] 
	x147: [  3.1819,   3.2819] 
	x148: [  1.4846,   1.5846] 
	x149: [ -4.5803,  -4.4803] 
	x150: [ -1.4357,  -1.3357] 
	x151: [ -0.4846,  -0.3846] 
	x152: [ -0.8546,  -0.7546] 
	x153: [ -0.0916,   0.0084] 
	x154: [ -0.7027,  -0.6027] 
	x155: [  2.0648,   2.1648] 
	x156: [ -2.0567,  -1.9567] 
	x157: [  1.3178,   1.4178] 
	x158: [  1.5641,   1.6641] 
	x159: [  1.5462,   1.6462] 
	x160: [ -0.1868,  -0.0868] 
	x161: [ -0.4628,  -0.3628] 
	x162: [ -3.3197,  -3.2197] 
	x163: [ -0.4867,  -0.3867] 
	x164: [  0.6258,   0.7258] 
	x165: [ -0.6955,  -0.5955] 
	x166: [ -2.0187,  -1.9187] 
	x167: [  1.6742,   1.7742] 
	x168: [  0.1188,   0.2188] 
	x169: [ -1.1890,  -1.0890] 
	x170: [  1.4066,   1.5066] 
	x171: [ -0.6325,  -0.5325] 
	x172: [  0.6819,   0.7819] 
	x173: [ -0.1104,  -0.0104] 
	x174: [ -0.8320,  -0.7320] 
	x175: [ -0.8673,  -0.7673] 
	x176: [  0.0766,   0.1766] 
	x177: [ -1.6172,  -1.5172] 
	x178: [ -2.0386,  -1.9386] 
	x179: [ -0.1014,  -0.0014] 
	x180: [  2.3130,   2.4130] 
	x181: [  1.5041,   1.6041] 
	x182: [ -1.0490,  -0.9490] 
	x183: [  0.2349,   0.3349] 
	x184: [  0.5422,   0.6422] 
	x185: [ -1.5791,  -1.4791] 
	x186: [ -0.0917,   0.0083] 
	x187: [  0.7559,   0.8559] 
	x188: [  0.6807,   0.7807] 
	x189: [  1.7488,   1.8488] 
	x190: [  3.0527,   3.1527] 
	x191: [ -1.5754,  -1.4754] 
	x192: [  0.2327,   0.3327] 
	x193: [ -2.0277,  -1.9277] 
	x194: [  0.5755,   0.6755] 
	x195: [  1.6490,   1.7490] 
	x196: [ -0.7583,  -0.6583] 
	x197: [  0.1815,   0.2815] 
	x198: [ -0.9398,  -0.8398] 
	x199: [  1.0537,   1.1537] 
	x200: [  0.0140,   0.1140] 
	x201: [  0.2044,   0.3044] 
	x202: [ -0.1395,  -0.0395] 
	x203: [  1.9154,   2.0154] 
	x204: [  0.9875,   1.0875] 
	x205: [  2.0609,   2.1609] 
	x206: [  0.9802,   1.0802] 
	x207: [ -0.0505,   0.0495] 
	x208: [ -0.5319,  -0.4319] 
	x209: [ -2.6003,  -2.5003] 
	x210: [  0.1107,   0.2107] 
	x211: [ -3.0709,  -2.9709] 
	x212: [  0.3928,   0.4928] 
	x213: [  1.3309,   1.4309] 
	x214: [ -2.4710,  -2.3710] 
	x215: [  0.5461,   0.6461] 
	x216: [ -0.5991,  -0.4991] 
	x217: [  0.0763,   0.1763] 
	x218: [  2.7449,   2.8449] 
	x219: [  0.5384,   0.6384] 
	x220: [ -2.0839,  -1.9839] 
	x221: [ -0.0519,   0.0481] 
	x222: [  3.3687,   3.4687] 
	x223: [  1.4518,   1.5518] 
	x224: [ -3.2948,  -3.1948] 
	x225: [ -0.1325,  -0.0325] 
	x226: [  0.3662,   0.4662] 
	x227: [ -0.6495,  -0.5495] 
	x228: [ -1.7109,  -1.6109] 
	x229: [ -0.7573,  -0.6573] 
	x230: [  0.2027,   0.3027] 
	x231: [ -1.4480,  -1.3480] 
	x232: [  1.9393,   2.0393] 
	x233: [ -2.1071,  -2.0071] 
	x234: [ -1.2298,  -1.1298] 
	x235: [  1.1588,   1.2588] 
	x236: [ -1.0857,  -0.9857] 
	x237: [ -4.7503,  -4.6503] 
	x238: [  0.7812,   0.8812] 
	x239: [  2.7078,   2.8078] 
	x240: [ -0.4283,  -0.3283] 
	x241: [  0.5538,   0.6538] 
	x242: [  0.3852,   0.4852] 
	x243: [  1.3086,   1.4086] 
	x244: [  1.4671,   1.5671] 
	x245: [ -0.2964,  -0.1964] 
	x246: [ -0.0050,   0.0950] 
	x247: [ -1.7992,  -1.6992] 
	x248: [  0.6834,   0.7834] 
	x249: [  0.3578,   0.4578] 
	x250: [  1.1362,   1.2362] 
	x251: [ -0.8064,  -0.7064] 
	x252: [  0.0894,   0.1894] 
	x253: [ -0.3652,  -0.2652] 
	x254: [  1.3031,   1.4031] 
	x255: [  0.3535,   0.4535] 
	x256: [  1.3224,   1.4224] 
	x257: [ -0.0562,   0.0438] 
	x258: [ -2.7107,  -2.6107] 
	x259: [  0.1235,   0.2235] 
	x260: [  1.8581,   1.9581] 
	x261: [  0.2114,   0.3114] 
	x262: [ -2.1398,  -2.0398] 
	x263: [ -0.1681,  -0.0681] 
	x264: [  1.4035,   1.5035] 
	x265: [  0.3181,   0.4181] 
	x266: [ -2.0355,  -1.9355] 
	x267: [ -1.6914,  -1.5914] 
	x268: [  0.2945,   0.3945] 
	x269: [ -1.3092,  -1.2092] 
	x270: [  2.5873,   2.6873] 
	x271: [  2.5539,   2.6539] 
	x272: [ -1.5963,  -1.4963] 
	x273: [  1.6129,   1.7129] 
	x274: [ -1.6337,  -1.5337] 
	x275: [  1.9727,   2.0727] 
	x276: [ -2.7858,  -2.6858] 
	x277: [ -1.2940,  -1.1940] 
	x278: [ -0.7004,  -0.6004] 
	x279: [  2.6963,   2.7963] 
	x280: [ -0.1150,  -0.0150] 
	x281: [  0.3433,   0.4433] 
	x282: [  1.7337,   1.8337] 
	x283: [ -2.4948,  -2.3948] 
	x284: [  2.1694,   2.2694] 
	x285: [ -0.2133,  -0.1133] 
	x286: [ -1.6674,  -1.5674] 
	x287: [  0.7575,   0.8575] 
	x288: [ -0.3528,  -0.2528] 
	x289: [  3.2190,   3.3190] 
	x290: [ -3.1951,  -3.0951] 
	x291: [  0.6922,   0.7922] 
	x292: [  0.8285,   0.9285] 
	x293: [ -1.4033,  -1.3033] 
	x294: [  2.6000,   2.7000] 
	x295: [ -0.6356,  -0.5356] 
	x296: [ -2.7548,  -2.6548] 
	x297: [  1.5687,   1.6687] 
	x298: [ -4.0701,  -3.9701] 
	x299: [  0.2746,   0.3746] 
	x300: [ -2.9614,  -2.8614] 
	x301: [  1.9292,   2.0292] 
	x302: [  2.8939,   2.9939] 
	x303: [ -1.1390,  -1.0390] 
	x304: [ -1.5961,  -1.4961] 
	x305: [  0.6920,   0.7920] 
	x306: [ -3.2572,  -3.1572] 
	x307: [ -2.1547,  -2.0547] 
	x308: [ -3.1242,  -3.0242] 
	x309: [ -1.8515,  -1.7515] 
	x310: [  0.6308,   0.7308] 
	x311: [ -1.3427,  -1.2427] 
	x312: [  1.6435,   1.7435] 
	x313: [ -2.5768,  -2.4768] 
	x314: [ -0.7518,  -0.6518] 
	x315: [ -0.3622,  -0.2622] 
	x316: [ -2.4643,  -2.3643] 
	x317: [  1.5492,   1.6492] 
	x318: [  0.8822,   0.9822] 
	x319: [ -1.6262,  -1.5262] 
	x320: [ -2.6677,  -2.5677] 
	x321: [ -0.4617,  -0.3617] 
	x322: [  0.2475,   0.3475] 
	x323: [  2.1074,   2.2074] 
	x324: [  0.1933,   0.2933] 
	x325: [  1.5670,   1.6670] 
	x326: [ -0.7864,  -0.6864] 
	x327: [ -0.1238,  -0.0238] 
	x328: [ -0.5471,  -0.4471] 
	x329: [  0.4525,   0.5525] 
	x330: [ -0.5853,  -0.4853] 
	x331: [ -2.4607,  -2.3607] 
	x332: [  1.6295,   1.7295] 
	x333: [ -2.5001,  -2.4001] 
	x334: [ -1.0005,  -0.9005] 
	x335: [  0.5715,   0.6715] 
	x336: [  0.0501,   0.1501] 
	x337: [  3.8793,   3.9793] 
	x338: [ -0.4733,  -0.3733] 
	x339: [ -1.8094,  -1.7094] 
	x340: [ -0.6377,  -0.5377] 
	x341: [  1.4628,   1.5628] 
	x342: [  3.4596,   3.5596] 
	x343: [  1.2263,   1.3263] 
	x344: [  5.1947,   5.2947] 
	x345: [ -1.3870,  -1.2870] 
	x346: [  2.5555,   2.6555] 
	x347: [  1.3145,   1.4145] 
	x348: [ -0.1519,  -0.0519] 
	x349: [  1.2343,   1.3343] 
	x350: [ -1.4742,  -1.3742] 
	x351: [ -2.3440,  -2.2440] 
	x352: [ -0.2574,  -0.1574] 
	x353: [  4.2634,   4.3634] 
	x354: [ -2.0231,  -1.9231] 
	x355: [ -1.1070,  -1.0070] 
	x356: [  1.1987,   1.2987] 
	x357: [  2.5865,   2.6865] 
	x358: [  1.9058,   2.0058] 
	x359: [ -3.8241,  -3.7241] 
	x360: [ -1.1503,  -1.0503] 
	x361: [  0.1646,   0.2646] 
	x362: [  1.5033,   1.6033] 
	x363: [ -0.9847,  -0.8847] 
	x364: [  4.5205,   4.6205] 
	x365: [  1.5371,   1.6371] 
	x366: [  1.1246,   1.2246] 
	x367: [ -1.3377,  -1.2377] 
	x368: [  0.8317,   0.9317] 
	x369: [ -0.3845,  -0.2845] 
	x370: [  1.3023,   1.4023] 
	x371: [ -3.4285,  -3.3285] 
	x372: [ -2.1713,  -2.0713] 
	x373: [ -0.9819,  -0.8819] 
	x374: [  0.0881,   0.1881] 
	x375: [  0.6882,   0.7882] 
	x376: [  1.9896,   2.0896] 
	x377: [ -0.5276,  -0.4276] 
	x378: [  1.2460,   1.3460] 
	x379: [  1.3282,   1.4282] 
	x380: [  1.6460,   1.7460] 
	x381: [  0.4860,   0.5860] 
	x382: [ -2.9668,  -2.8668] 
	x383: [ -0.7283,  -0.6283] 
	x384: [ -0.7052,  -0.6052] 
	x385: [ -1.4620,  -1.3620] 
	x386: [ -0.8583,  -0.7583] 
	x387: [ -0.4807,  -0.3807] 
	x388: [ -0.7015,  -0.6015] 
	x389: [ -3.5337,  -3.4337] 
	x390: [ -0.8938,  -0.7938] 
	x391: [ -2.3435,  -2.2435] 
	x392: [  0.3155,   0.4155] 
	x393: [  0.2238,   0.3238] 
	x394: [ -1.1489,  -1.0489] 
	x395: [  0.8711,   0.9711] 
	x396: [  1.0540,   1.1540] 
	x397: [ -3.1795,  -3.0795] 
	x398: [  0.4673,   0.5673] 
	x399: [ -0.6518,  -0.5518] 
	x400: [  0.6576,   0.7576] 
	x401: [ -3.5030,  -3.4030] 
	x402: [  0.2895,   0.3895] 
	x403: [  2.0945,   2.1945] 
	x404: [ -4.4869,  -4.3869] 
	x405: [  1.0638,   1.1638] 
	x406: [  3.1345,   3.2345] 
	x407: [ -3.4510,  -3.3510] 
	x408: [  2.9272,   3.0272] 
	x409: [ -0.4933,  -0.3933] 
	x410: [  1.1651,   1.2651] 
	x411: [ -0.0453,   0.0547] 
	x412: [  1.2452,   1.3452] 
	x413: [ -1.1427,  -1.0427] 
	x414: [ -1.1541,  -1.0541] 
	x415: [  0.5784,   0.6784] 
	x416: [ -2.5932,  -2.4932] 
	x417: [  1.7055,   1.8055] 
	x418: [ -0.1632,  -0.0632] 
	x419: [  1.2229,   1.3229] 
	x420: [ -2.5422,  -2.4422] 
	x421: [  0.1482,   0.2482] 
	x422: [ -2.0649,  -1.9649] 
	x423: [ -0.6820,  -0.5820] 
	x424: [ -0.1778,  -0.0778] 
	x425: [ -0.4474,  -0.3474] 
	x426: [  0.9263,   1.0263] 
	x427: [ -0.4440,  -0.3440] 
	x428: [ -0.7967,  -0.6967] 
	x429: [  3.0707,   3.1707] 
	x430: [ -0.0114,   0.0886] 
	x431: [  2.5742,   2.6742] 
	x432: [  0.1154,   0.2154] 
	x433: [  0.2342,   0.3342] 
	x434: [ -1.5602,  -1.4602] 
	x435: [  2.6386,   2.7386] 
	x436: [  0.0182,   0.1182] 
	x437: [  0.9389,   1.0389] 
	x438: [ -3.4117,  -3.3117] 
	x439: [  0.7835,   0.8835] 
	x440: [  2.7374,   2.8374] 
	x441: [  0.4072,   0.5072] 
	x442: [ -4.5531,  -4.4531] 
	x443: [ -2.2335,  -2.1335] 
	x444: [  3.2732,   3.3732] 
	x445: [ -2.8011,  -2.7011] 
	x446: [  1.3590,   1.4590] 
	x447: [ -0.4105,  -0.3105] 
	x448: [ -1.9945,  -1.8945] 
	x449: [  0.1294,   0.2294] 
	x450: [ -0.4413,  -0.3413] 
	x451: [ -3.7124,  -3.6124] 
	x452: [  0.4340,   0.5340] 
	x453: [ -0.5906,  -0.4906] 
	x454: [ -0.2744,  -0.1744] 
	x455: [ -2.7736,  -2.6736] 
	x456: [ -1.9586,  -1.8586] 
	x457: [  0.5679,   0.6679] 
	x458: [ -3.5832,  -3.4832] 
	x459: [ -1.6547,  -1.5547] 
	x460: [ -0.1172,  -0.0172] 
	x461: [ -1.2538,  -1.1538] 
	x462: [  0.9912,   1.0912] 
	x463: [ -0.9608,  -0.8608] 
	x464: [  0.4557,   0.5557] 
	x465: [  0.3114,   0.4114] 
	x466: [ -0.4518,  -0.3518] 
	x467: [ -3.6346,  -3.5346] 
	x468: [  2.2254,   2.3254] 
	x469: [ -0.1208,  -0.0208] 
	x470: [ -1.9376,  -1.8376] 
	x471: [  0.9063,   1.0063] 
	x472: [  0.5529,   0.6529] 
	x473: [ -1.1790,  -1.0790] 
	x474: [ -1.9066,  -1.8066] 
	x475: [  3.9477,   4.0477] 
	x476: [  1.1488,   1.2488] 
	x477: [ -1.1030,  -1.0030] 
	x478: [  0.4240,   0.5240] 
	x479: [ -0.4567,  -0.3567] 
	x480: [ -1.9611,  -1.8611] 
	x481: [  3.9895,   4.0895] 
	x482: [  1.4396,   1.5396] 
	x483: [ -0.8987,  -0.7987] 
	x484: [  0.9137,   1.0137] 
	x485: [ -1.4134,  -1.3134] 
	x486: [ -0.3012,  -0.2012] 
	x487: [  1.6334,   1.7334] 
	x488: [  0.5946,   0.6946] 
	x489: [ -1.8337,  -1.7337] 
	x490: [ -2.1176,  -2.0176] 
	x491: [  1.8081,   1.9081] 
	x492: [ -0.0443,   0.0557] 
	x493: [  1.6215,   1.7215] 
	x494: [  0.1391,   0.2391] 
	x495: [ -0.9990,  -0.8990] 
	x496: [ -0.3346,  -0.2346] 
	x497: [  0.5374,   0.6374] 
	x498: [ -0.8947,  -0.7947] 
	x499: [ -2.9945,  -2.8945] 
	x500: [  0.7423,   0.8423] 
	x501: [  3.1567,   3.2567] 
	x502: [ -3.7036,  -3.6036] 
	x503: [ -1.6463,  -1.5463] 
	x504: [  0.5627,   0.6627] 
	x505: [  2.5367,   2.6367] 
	x506: [  1.7217,   1.8217] 
	x507: [ -3.5965,  -3.4965] 
	x508: [  3.5654,   3.6654] 
	x509: [  0.6609,   0.7609] 
	x510: [  0.9014,   1.0014] 
	x511: [  0.0631,   0.1631] 

Branching heuristics set to PseudoImpact
unsat
