InputQuery: /home/levn/Workspace/othello_world/queries/probe_robust/game_84_target_34_eps_0.1.txt
Engine::processInputQuery: Input query (before preprocessing): 449 equations, 1216 variables
Engine::processInputQuery: Input query (after preprocessing): 705 equations, 1388 variables

Input bounds:
	x0: [  1.5117,   1.7117] 
	x1: [ -0.7821,  -0.5821] 
	x2: [ -1.1748,  -0.9748] 
	x3: [ -0.6905,  -0.4905] 
	x4: [  0.8216,   1.0216] 
	x5: [  0.7892,   0.9892] 
	x6: [  0.2041,   0.4041] 
	x7: [ -0.5712,  -0.3712] 
	x8: [ -3.4624,  -3.2624] 
	x9: [ -1.4532,  -1.2532] 
	x10: [ -0.3502,  -0.1502] 
	x11: [  0.8244,   1.0244] 
	x12: [ -0.3026,  -0.1026] 
	x13: [  0.9596,   1.1596] 
	x14: [ -1.9540,  -1.7540] 
	x15: [ -1.1747,  -0.9747] 
	x16: [  2.9922,   3.1922] 
	x17: [ -1.6000,  -1.4000] 
	x18: [ -2.0888,  -1.8888] 
	x19: [ -1.0698,  -0.8698] 
	x20: [  0.4526,   0.6526] 
	x21: [ -3.0175,  -2.8175] 
	x22: [  2.1228,   2.3228] 
	x23: [  0.2277,   0.4277] 
	x24: [ -0.0242,   0.1758] 
	x25: [  1.1701,   1.3701] 
	x26: [  0.1068,   0.3068] 
	x27: [ -0.4233,  -0.2233] 
	x28: [  1.4712,   1.6712] 
	x29: [  1.9651,   2.1651] 
	x30: [ -3.9331,  -3.7331] 
	x31: [  1.5302,   1.7302] 
	x32: [ -0.9514,  -0.7514] 
	x33: [  0.9999,   1.1999] 
	x34: [ -2.0412,  -1.8412] 
	x35: [ -1.1913,  -0.9913] 
	x36: [  2.4432,   2.6432] 
	x37: [  0.3596,   0.5596] 
	x38: [  2.6037,   2.8037] 
	x39: [ -4.0849,  -3.8849] 
	x40: [  0.6352,   0.8352] 
	x41: [ -1.0711,  -0.8711] 
	x42: [ -2.6746,  -2.4746] 
	x43: [ -0.6948,  -0.4948] 
	x44: [ -0.8902,  -0.6902] 
	x45: [  1.9869,   2.1869] 
	x46: [ -0.0496,   0.1504] 
	x47: [ -0.1499,   0.0501] 
	x48: [  0.3871,   0.5871] 
	x49: [  0.0650,   0.2650] 
	x50: [  2.7872,   2.9872] 
	x51: [ -0.1548,   0.0452] 
	x52: [  0.9867,   1.1867] 
	x53: [ -1.3862,  -1.1862] 
	x54: [  0.1525,   0.3525] 
	x55: [ -0.4001,  -0.2001] 
	x56: [ -0.6414,  -0.4414] 
	x57: [ -2.1195,  -1.9195] 
	x58: [  1.4496,   1.6496] 
	x59: [  2.6067,   2.8067] 
	x60: [ -0.3064,  -0.1064] 
	x61: [ -1.5648,  -1.3648] 
	x62: [  1.9579,   2.1579] 
	x63: [ -0.6960,  -0.4960] 
	x64: [  3.2985,   3.4985] 
	x65: [  1.4077,   1.6077] 
	x66: [ -0.6564,  -0.4564] 
	x67: [ -0.6434,  -0.4434] 
	x68: [  0.6840,   0.8840] 
	x69: [  2.5059,   2.7059] 
	x70: [ -0.4974,  -0.2974] 
	x71: [ -0.8194,  -0.6194] 
	x72: [  0.3506,   0.5506] 
	x73: [ -2.9774,  -2.7774] 
	x74: [ -3.0587,  -2.8587] 
	x75: [  1.5170,   1.7170] 
	x76: [ -1.3439,  -1.1439] 
	x77: [ -0.2215,  -0.0215] 
	x78: [  0.0589,   0.2589] 
	x79: [ -0.6765,  -0.4765] 
	x80: [ -0.0756,   0.1244] 
	x81: [  0.7784,   0.9784] 
	x82: [ -0.9351,  -0.7351] 
	x83: [ -3.1595,  -2.9595] 
	x84: [ -1.7238,  -1.5238] 
	x85: [  0.9416,   1.1416] 
	x86: [  1.8567,   2.0567] 
	x87: [  1.1519,   1.3519] 
	x88: [ -0.7769,  -0.5769] 
	x89: [  1.4910,   1.6910] 
	x90: [ -2.6552,  -2.4552] 
	x91: [ -1.6934,  -1.4934] 
	x92: [  0.3222,   0.5222] 
	x93: [ -1.8175,  -1.6175] 
	x94: [  1.3367,   1.5367] 
	x95: [  1.7883,   1.9883] 
	x96: [  0.5872,   0.7872] 
	x97: [ -0.9937,  -0.7937] 
	x98: [  2.1135,   2.3135] 
	x99: [ -1.4586,  -1.2586] 
	x100: [  0.4393,   0.6393] 
	x101: [ -1.0276,  -0.8276] 
	x102: [  1.8793,   2.0793] 
	x103: [ -3.0268,  -2.8268] 
	x104: [  1.1240,   1.3240] 
	x105: [ -4.3705,  -4.1705] 
	x106: [ -0.2478,  -0.0478] 
	x107: [ -1.7626,  -1.5626] 
	x108: [ -2.5932,  -2.3932] 
	x109: [  0.2570,   0.4570] 
	x110: [ -0.4696,  -0.2696] 
	x111: [ -0.2436,  -0.0436] 
	x112: [ -3.1740,  -2.9740] 
	x113: [  1.3013,   1.5013] 
	x114: [  1.9449,   2.1449] 
	x115: [ -2.7571,  -2.5571] 
	x116: [  2.3503,   2.5503] 
	x117: [ -0.7378,  -0.5378] 
	x118: [ -1.0619,  -0.8619] 
	x119: [ -3.3468,  -3.1468] 
	x120: [  2.4032,   2.6032] 
	x121: [ -0.3003,  -0.1003] 
	x122: [  1.9356,   2.1356] 
	x123: [ -2.3339,  -2.1339] 
	x124: [ -1.7168,  -1.5168] 
	x125: [ -1.4561,  -1.2561] 
	x126: [ -0.5272,  -0.3272] 
	x127: [  1.4807,   1.6807] 
	x128: [  2.4211,   2.6211] 
	x129: [ -1.4142,  -1.2142] 
	x130: [  1.7277,   1.9277] 
	x131: [ -1.8152,  -1.6152] 
	x132: [  3.2160,   3.4160] 
	x133: [  1.2252,   1.4252] 
	x134: [ -0.0427,   0.1573] 
	x135: [  2.6274,   2.8274] 
	x136: [ -2.2102,  -2.0102] 
	x137: [  0.4994,   0.6994] 
	x138: [  0.6936,   0.8936] 
	x139: [  2.2727,   2.4727] 
	x140: [  4.5384,   4.7384] 
	x141: [  1.1152,   1.3152] 
	x142: [  0.2382,   0.4382] 
	x143: [  0.9490,   1.1490] 
	x144: [ -0.1079,   0.0921] 
	x145: [  1.6187,   1.8187] 
	x146: [ -2.3614,  -2.1614] 
	x147: [  1.1201,   1.3201] 
	x148: [ -0.3383,  -0.1383] 
	x149: [ -0.2336,  -0.0336] 
	x150: [ -0.7374,  -0.5374] 
	x151: [  1.4228,   1.6228] 
	x152: [ -0.0996,   0.1004] 
	x153: [ -0.0451,   0.1549] 
	x154: [  1.9734,   2.1734] 
	x155: [ -0.0699,   0.1301] 
	x156: [ -1.0089,  -0.8089] 
	x157: [ -0.4840,  -0.2840] 
	x158: [ -1.5690,  -1.3690] 
	x159: [ -2.1379,  -1.9379] 
	x160: [  2.0647,   2.2647] 
	x161: [  3.9849,   4.1849] 
	x162: [ -0.2985,  -0.0985] 
	x163: [ -1.3492,  -1.1492] 
	x164: [ -2.8030,  -2.6030] 
	x165: [  0.4970,   0.6970] 
	x166: [ -1.7965,  -1.5965] 
	x167: [  2.2311,   2.4311] 
	x168: [ -0.8875,  -0.6875] 
	x169: [ -2.3914,  -2.1914] 
	x170: [ -1.4508,  -1.2508] 
	x171: [  2.5914,   2.7914] 
	x172: [ -0.8170,  -0.6170] 
	x173: [ -2.0113,  -1.8113] 
	x174: [ -0.4695,  -0.2695] 
	x175: [ -0.3242,  -0.1242] 
	x176: [ -0.4815,  -0.2815] 
	x177: [  1.4189,   1.6189] 
	x178: [  0.1274,   0.3274] 
	x179: [ -1.7016,  -1.5016] 
	x180: [  1.9351,   2.1351] 
	x181: [ -0.7424,  -0.5424] 
	x182: [ -0.7974,  -0.5974] 
	x183: [ -3.1443,  -2.9443] 
	x184: [  0.1254,   0.3254] 
	x185: [  1.2467,   1.4467] 
	x186: [ -2.0482,  -1.8482] 
	x187: [  1.9750,   2.1750] 
	x188: [  1.0129,   1.2129] 
	x189: [  1.6901,   1.8901] 
	x190: [  0.1603,   0.3603] 
	x191: [ -2.0180,  -1.8180] 
	x192: [  1.4438,   1.6438] 
	x193: [  0.1246,   0.3246] 
	x194: [  0.8417,   1.0417] 
	x195: [ -0.5191,  -0.3191] 
	x196: [  1.0143,   1.2143] 
	x197: [  1.2634,   1.4634] 
	x198: [ -2.9186,  -2.7186] 
	x199: [  1.5965,   1.7965] 
	x200: [  0.4630,   0.6630] 
	x201: [  0.8621,   1.0621] 
	x202: [ -3.4877,  -3.2877] 
	x203: [ -1.0798,  -0.8798] 
	x204: [  0.6703,   0.8703] 
	x205: [  1.0876,   1.2876] 
	x206: [  0.0783,   0.2783] 
	x207: [ -0.0858,   0.1142] 
	x208: [ -1.9884,  -1.7884] 
	x209: [ -0.7126,  -0.5126] 
	x210: [ -1.3785,  -1.1785] 
	x211: [  1.0927,   1.2927] 
	x212: [ -2.0782,  -1.8782] 
	x213: [ -2.5942,  -2.3942] 
	x214: [  0.8268,   1.0268] 
	x215: [  2.1549,   2.3549] 
	x216: [ -1.7100,  -1.5100] 
	x217: [ -1.5285,  -1.3285] 
	x218: [ -0.8515,  -0.6515] 
	x219: [  0.7928,   0.9928] 
	x220: [ -1.0101,  -0.8101] 
	x221: [  0.7214,   0.9214] 
	x222: [  2.3152,   2.5152] 
	x223: [ -2.0586,  -1.8586] 
	x224: [ -1.2815,  -1.0815] 
	x225: [ -0.6346,  -0.4346] 
	x226: [  3.9339,   4.1339] 
	x227: [ -2.1071,  -1.9071] 
	x228: [  0.9540,   1.1540] 
	x229: [  3.7963,   3.9963] 
	x230: [  0.7052,   0.9052] 
	x231: [  1.1450,   1.3450] 
	x232: [  1.6755,   1.8755] 
	x233: [ -1.5493,  -1.3493] 
	x234: [  0.2493,   0.4493] 
	x235: [ -0.1926,   0.0074] 
	x236: [ -0.4412,  -0.2412] 
	x237: [  0.0870,   0.2870] 
	x238: [  1.2462,   1.4462] 
	x239: [  5.1401,   5.3401] 
	x240: [  0.5846,   0.7846] 
	x241: [  1.2214,   1.4214] 
	x242: [  1.0325,   1.2325] 
	x243: [ -0.2282,  -0.0282] 
	x244: [  0.4485,   0.6485] 
	x245: [  1.4677,   1.6677] 
	x246: [  0.4720,   0.6720] 
	x247: [ -0.3096,  -0.1096] 
	x248: [ -2.6157,  -2.4157] 
	x249: [  0.8960,   1.0960] 
	x250: [ -1.3570,  -1.1570] 
	x251: [  0.8072,   1.0072] 
	x252: [ -1.8646,  -1.6646] 
	x253: [ -1.3409,  -1.1409] 
	x254: [ -1.8567,  -1.6567] 
	x255: [  0.9945,   1.1945] 
	x256: [ -1.9437,  -1.7437] 
	x257: [  0.4292,   0.6292] 
	x258: [ -2.3552,  -2.1552] 
	x259: [  1.1802,   1.3802] 
	x260: [ -0.2195,  -0.0195] 
	x261: [ -1.0755,  -0.8755] 
	x262: [  0.6899,   0.8899] 
	x263: [  2.0436,   2.2436] 
	x264: [  0.3388,   0.5388] 
	x265: [ -0.4217,  -0.2217] 
	x266: [ -1.5082,  -1.3082] 
	x267: [  0.9938,   1.1938] 
	x268: [  0.2462,   0.4462] 
	x269: [  1.4087,   1.6087] 
	x270: [  1.8632,   2.0632] 
	x271: [  0.5060,   0.7060] 
	x272: [ -2.8570,  -2.6570] 
	x273: [  0.6253,   0.8253] 
	x274: [  0.4194,   0.6194] 
	x275: [  5.8907,   6.0907] 
	x276: [ -1.6089,  -1.4089] 
	x277: [ -0.1931,   0.0069] 
	x278: [ -0.6912,  -0.4912] 
	x279: [  4.4079,   4.6079] 
	x280: [  0.9994,   1.1994] 
	x281: [  1.8659,   2.0659] 
	x282: [ -0.1862,   0.0138] 
	x283: [ -0.3737,  -0.1737] 
	x284: [ -2.5591,  -2.3591] 
	x285: [ -0.8351,  -0.6351] 
	x286: [  1.0733,   1.2733] 
	x287: [ -1.0174,  -0.8174] 
	x288: [ -0.7162,  -0.5162] 
	x289: [  1.0504,   1.2504] 
	x290: [ -0.0115,   0.1885] 
	x291: [  1.3487,   1.5487] 
	x292: [  1.1674,   1.3674] 
	x293: [  2.6964,   2.8964] 
	x294: [  0.3050,   0.5050] 
	x295: [  0.7656,   0.9656] 
	x296: [  0.6769,   0.8769] 
	x297: [  0.4114,   0.6114] 
	x298: [ -7.7226,  -7.5226] 
	x299: [  0.7141,   0.9141] 
	x300: [  3.5167,   3.7167] 
	x301: [ -1.3993,  -1.1993] 
	x302: [ -0.0384,   0.1616] 
	x303: [ -2.8546,  -2.6546] 
	x304: [ -2.1717,  -1.9717] 
	x305: [  1.6920,   1.8920] 
	x306: [  0.8779,   1.0779] 
	x307: [ -2.8073,  -2.6073] 
	x308: [  0.3818,   0.5818] 
	x309: [ -2.1235,  -1.9235] 
	x310: [ -1.7247,  -1.5247] 
	x311: [  3.3272,   3.5272] 
	x312: [  0.5740,   0.7740] 
	x313: [ -1.5420,  -1.3420] 
	x314: [ -0.8877,  -0.6877] 
	x315: [ -1.2458,  -1.0458] 
	x316: [  1.0709,   1.2709] 
	x317: [ -0.4386,  -0.2386] 
	x318: [  0.7191,   0.9191] 
	x319: [ -1.9573,  -1.7573] 
	x320: [  0.0328,   0.2328] 
	x321: [  0.2877,   0.4877] 
	x322: [ -1.3149,  -1.1149] 
	x323: [ -1.2844,  -1.0844] 
	x324: [  0.1113,   0.3113] 
	x325: [ -2.2962,  -2.0962] 
	x326: [ -0.7214,  -0.5214] 
	x327: [ -0.2447,  -0.0447] 
	x328: [  1.6931,   1.8931] 
	x329: [ -1.0311,  -0.8311] 
	x330: [  0.3125,   0.5125] 
	x331: [ -0.7089,  -0.5089] 
	x332: [ -1.2256,  -1.0256] 
	x333: [  2.2572,   2.4572] 
	x334: [  2.3927,   2.5927] 
	x335: [  1.2317,   1.4317] 
	x336: [  0.4282,   0.6282] 
	x337: [ -4.2390,  -4.0390] 
	x338: [ -0.5204,  -0.3204] 
	x339: [  0.5963,   0.7963] 
	x340: [ -1.5953,  -1.3953] 
	x341: [  0.6883,   0.8883] 
	x342: [ -1.0528,  -0.8528] 
	x343: [  0.4840,   0.6840] 
	x344: [  2.6704,   2.8704] 
	x345: [ -0.1151,   0.0849] 
	x346: [  0.7970,   0.9970] 
	x347: [  1.1071,   1.3071] 
	x348: [ -0.8613,  -0.6613] 
	x349: [  2.6191,   2.8191] 
	x350: [  0.3779,   0.5779] 
	x351: [  2.7269,   2.9269] 
	x352: [  0.6882,   0.8882] 
	x353: [  0.6981,   0.8981] 
	x354: [ -0.3195,  -0.1195] 
	x355: [ -0.4559,  -0.2559] 
	x356: [ -1.1625,  -0.9625] 
	x357: [  2.7542,   2.9542] 
	x358: [  0.6287,   0.8287] 
	x359: [  3.2664,   3.4664] 
	x360: [ -0.6562,  -0.4562] 
	x361: [ -1.4489,  -1.2489] 
	x362: [ -1.2561,  -1.0561] 
	x363: [ -1.7999,  -1.5999] 
	x364: [ -1.0421,  -0.8421] 
	x365: [ -0.2223,  -0.0223] 
	x366: [ -0.7429,  -0.5429] 
	x367: [  4.2647,   4.4647] 
	x368: [ -2.8025,  -2.6025] 
	x369: [ -0.7925,  -0.5925] 
	x370: [ -0.5565,  -0.3565] 
	x371: [  0.5196,   0.7196] 
	x372: [ -0.0911,   0.1089] 
	x373: [ -0.8411,  -0.6411] 
	x374: [ -2.6998,  -2.4998] 
	x375: [ -2.0525,  -1.8525] 
	x376: [ -3.1765,  -2.9765] 
	x377: [ -2.9514,  -2.7514] 
	x378: [  0.7073,   0.9073] 
	x379: [ -1.3170,  -1.1170] 
	x380: [  0.6407,   0.8407] 
	x381: [ -0.3106,  -0.1106] 
	x382: [ -2.4556,  -2.2556] 
	x383: [  3.2943,   3.4943] 
	x384: [  1.3723,   1.5723] 
	x385: [ -1.2130,  -1.0130] 
	x386: [ -2.4200,  -2.2200] 
	x387: [  0.6258,   0.8258] 
	x388: [  0.5889,   0.7889] 
	x389: [ -0.7691,  -0.5691] 
	x390: [ -2.9741,  -2.7741] 
	x391: [ -2.3061,  -2.1061] 
	x392: [  1.9966,   2.1966] 
	x393: [ -0.4351,  -0.2351] 
	x394: [ -4.4447,  -4.2447] 
	x395: [ -0.5907,  -0.3907] 
	x396: [  0.2004,   0.4004] 
	x397: [  0.5292,   0.7292] 
	x398: [  0.5232,   0.7232] 
	x399: [  0.9009,   1.1009] 
	x400: [  1.1752,   1.3752] 
	x401: [ -0.2596,  -0.0596] 
	x402: [ -0.1357,   0.0643] 
	x403: [ -1.9504,  -1.7504] 
	x404: [ -1.6448,  -1.4448] 
	x405: [ -0.0299,   0.1701] 
	x406: [ -4.3144,  -4.1144] 
	x407: [ -0.0380,   0.1620] 
	x408: [  1.4788,   1.6788] 
	x409: [ -2.7744,  -2.5744] 
	x410: [ -0.4248,  -0.2248] 
	x411: [  2.1718,   2.3718] 
	x412: [ -0.0560,   0.1440] 
	x413: [ -0.0209,   0.1791] 
	x414: [ -3.8593,  -3.6593] 
	x415: [ -1.4181,  -1.2181] 
	x416: [  0.7961,   0.9961] 
	x417: [  1.6692,   1.8692] 
	x418: [ -2.9441,  -2.7441] 
	x419: [  0.5828,   0.7828] 
	x420: [  0.1698,   0.3698] 
	x421: [ -2.5232,  -2.3232] 
	x422: [ -0.2699,  -0.0699] 
	x423: [ -1.1146,  -0.9146] 
	x424: [ -0.8832,  -0.6832] 
	x425: [ -1.7125,  -1.5125] 
	x426: [ -2.7956,  -2.5956] 
	x427: [  0.1548,   0.3548] 
	x428: [ -0.2783,  -0.0783] 
	x429: [  4.2543,   4.4543] 
	x430: [  0.6584,   0.8584] 
	x431: [ -3.0014,  -2.8014] 
	x432: [ -0.2638,  -0.0638] 
	x433: [  0.8015,   1.0015] 
	x434: [ -1.9533,  -1.7533] 
	x435: [  1.6503,   1.8503] 
	x436: [  0.0833,   0.2833] 
	x437: [  1.3437,   1.5437] 
	x438: [ -4.8450,  -4.6450] 
	x439: [  1.1617,   1.3617] 
	x440: [  2.0726,   2.2726] 
	x441: [ -0.3714,  -0.1714] 
	x442: [ -1.7097,  -1.5097] 
	x443: [ -3.6977,  -3.4977] 
	x444: [  0.5065,   0.7065] 
	x445: [  1.2751,   1.4751] 
	x446: [  0.4044,   0.6044] 
	x447: [  0.5528,   0.7528] 
	x448: [ -1.2196,  -1.0196] 
	x449: [  2.5603,   2.7603] 
	x450: [ -0.3505,  -0.1505] 
	x451: [ -1.7045,  -1.5045] 
	x452: [ -0.2417,  -0.0417] 
	x453: [ -3.5645,  -3.3645] 
	x454: [ -0.5035,  -0.3035] 
	x455: [  0.5572,   0.7572] 
	x456: [ -0.1890,   0.0110] 
	x457: [  2.0118,   2.2118] 
	x458: [ -1.2191,  -1.0191] 
	x459: [ -1.3854,  -1.1854] 
	x460: [ -0.2208,  -0.0208] 
	x461: [ -0.0460,   0.1540] 
	x462: [  1.6592,   1.8592] 
	x463: [ -1.7190,  -1.5190] 
	x464: [ -1.3508,  -1.1508] 
	x465: [ -0.8457,  -0.6457] 
	x466: [ -1.1166,  -0.9166] 
	x467: [ -0.4567,  -0.2567] 
	x468: [  1.0638,   1.2638] 
	x469: [ -2.0484,  -1.8484] 
	x470: [ -0.5158,  -0.3158] 
	x471: [ -0.6468,  -0.4468] 
	x472: [ -1.0855,  -0.8855] 
	x473: [  1.1401,   1.3401] 
	x474: [ -1.2647,  -1.0647] 
	x475: [  0.6121,   0.8121] 
	x476: [ -3.1374,  -2.9374] 
	x477: [ -0.0195,   0.1805] 
	x478: [ -0.6498,  -0.4498] 
	x479: [ -0.3846,  -0.1846] 
	x480: [  3.7191,   3.9191] 
	x481: [ -1.4368,  -1.2368] 
	x482: [ -0.2668,  -0.0668] 
	x483: [ -3.1626,  -2.9626] 
	x484: [ -0.5006,  -0.3006] 
	x485: [ -1.6650,  -1.4650] 
	x486: [  1.9602,   2.1602] 
	x487: [  2.8934,   3.0934] 
	x488: [  0.6051,   0.8051] 
	x489: [  0.5309,   0.7309] 
	x490: [ -0.8761,  -0.6761] 
	x491: [ -0.9430,  -0.7430] 
	x492: [  0.2025,   0.4025] 
	x493: [ -0.6998,  -0.4998] 
	x494: [ -1.2115,  -1.0115] 
	x495: [ -0.6262,  -0.4262] 
	x496: [  0.3470,   0.5470] 
	x497: [  1.3576,   1.5576] 
	x498: [  0.6513,   0.8513] 
	x499: [ -2.3649,  -2.1649] 
	x500: [  0.4853,   0.6853] 
	x501: [  0.9025,   1.1025] 
	x502: [ -0.1213,   0.0787] 
	x503: [  1.3210,   1.5210] 
	x504: [ -0.0092,   0.1908] 
	x505: [  0.3083,   0.5083] 
	x506: [ -1.8042,  -1.6042] 
	x507: [  2.0806,   2.2806] 
	x508: [  4.1678,   4.3678] 
	x509: [  0.4770,   0.6770] 
	x510: [ -1.1581,  -0.9581] 
	x511: [  0.5741,   0.7741] 

Branching heuristics set to PseudoImpact

Engine::solve: Initial statistics

02:33:38 Statistics update:
	--- Time Statistics ---
	Total time elapsed: 1174 milli (00:00:01)
		Main loop: 0 milli (00:00:00)
		Preprocessing time: 554 milli (00:00:00)
		Unknown: 620 milli (00:00:00)
	Breakdown for main loop:
		[0.00%] Simplex steps: 0 milli
		[0.00%] Explicit-basis bound tightening: 0 milli
		[0.00%] Constraint-matrix bound tightening: 0 milli
		[0.00%] Degradation checking: 0 milli
		[0.00%] Precision restoration: 0 milli
		[0.00%] Statistics handling: 0 milli
		[0.00%] Constraint-fixing steps: 0 milli
		[0.00%] Valid case splits: 0 milli. Average per split: 0.00 milli
		[0.00%] Applying stored bound-tightening: 0 milli
		[0.00%] SMT core: 0 milli
		[0.00%] Symbolic Bound Tightening: 32 milli
		[0.00%] SoI-based local search: 0 milli
		[0.00%] SoI-based local search: 0 milli
		[0.00%] Unaccounted for: 0 milli
	--- Preprocessor Statistics ---
	Number of preprocessor bound-tightening loop iterations: 3
	Number of eliminated variables: 85
	Number of constraints removed due to variable elimination: 85
	Number of equations removed due to variable elimination: 0
	--- Engine Statistics ---
	Number of main loop iterations: 1
		0 iterations were simplex steps. Total time: 0 milli. Average: 0.00 milli.
		0 iterations were constraint-fixing steps. Total time: 0 milli. Average: 0.00 milli
	Number of active piecewise-linear constraints: 171 / 171
		Constraints disabled by valid splits: 0. By SMT-originated splits: 0
	Last reported degradation: 0.0000000000. Max degradation so far: 0.0000000000. Restorations so far: 0
	Number of simplex pivots we attempted to skip because of instability: 0.
	Unstable pivots performed anyway: 0
	--- Tableau Statistics ---
	Total number of pivots performed: 0
		Real pivots: 0. Degenerate: 0 (0.00%)
		Degenerate pivots by request (e.g., to fix a PL constraint): 0 (0.00%)
		Average time per pivot: 0.00 milli
	Total number of fake pivots performed: 0
	Total number of rows added: 0. Number of merged columns: 0
	Current tableau dimensions: M = 705, N = 2093
	--- SMT Core Statistics ---
	Total depth is 0. Total visited states: 1. Number of splits: 0. Number of pops: 0
	Max stack depth: 0
	--- Bound Tightening Statistics ---
	Number of tightened bounds: 0.
		Number of rows examined by row tightener: 0. Consequent tightenings: 0
		Number of explicit basis matrices examined by row tightener: 0. Consequent tightenings: 0
		Number of bound tightening rounds on the entire constraint matrix: 0. Consequent tightenings: 0
		Number of bound notifications sent to PL constraints: 1026. Tightenings proposed: 0
	--- Basis Factorization statistics ---
	Number of basis refactorizations: 2
	--- Projected Steepest Edge Statistics ---
	Number of iterations: 0.
	Number of resets to reference space: 1. Avg. iterations per reset: 0
	--- SBT ---
	Number of tightened bounds: 387
	--- SoI-based local search ---
	Number of proposed phase pattern update: 0. Number of accepted update: 0 [0.00%]
	Total time (% of local search time) updating SoI phase pattern : 0 milli [0.00%]
	Total time obtaining current assignment: 0 milli [0.00%]
	Total time getting SoI phase pattern : 0 milli [0.00%]
	--- Context dependent statistics ---
	Number of pushes / pops: 0 / 0
		[0.00%] Pre-Push hook: 0 milli
		[0.00%] Push : 0 milli
		[0.00%] Post-Pop hook: 0 milli
		[0.00%] Pop : 0 milli
		[0.00%] Total context-switching time: 0 milli
	--- Proof Certificate ---
	Number of certified leaves: 0
	Number of leaves to delegate: 0

---

Engine::solve: sat assignment found

02:33:53 Statistics update:
	--- Time Statistics ---
	Total time elapsed: 16112 milli (00:00:16)
		Main loop: 14937 milli (00:00:14)
		Preprocessing time: 554 milli (00:00:00)
		Unknown: 621 milli (00:00:00)
	Breakdown for main loop:
		[44.99%] Simplex steps: 6720 milli
		[54.28%] Explicit-basis bound tightening: 8107 milli
		[0.00%] Constraint-matrix bound tightening: 0 milli
		[0.24%] Degradation checking: 35 milli
		[0.00%] Precision restoration: 0 milli
		[0.09%] Statistics handling: 14 milli
		[0.00%] Constraint-fixing steps: 0 milli
		[0.00%] Valid case splits: 0 milli. Average per split: 0.00 milli
		[0.00%] Applying stored bound-tightening: 0 milli
		[0.00%] SMT core: 0 milli
		[0.36%] Symbolic Bound Tightening: 53 milli
		[9.24%] SoI-based local search: 1380 milli
		[0.00%] SoI-based local search: 0 milli
		[0.04%] Unaccounted for: 6 milli
	--- Preprocessor Statistics ---
	Number of preprocessor bound-tightening loop iterations: 3
	Number of eliminated variables: 85
	Number of constraints removed due to variable elimination: 85
	Number of equations removed due to variable elimination: 0
	--- Engine Statistics ---
	Number of main loop iterations: 649
		647 iterations were simplex steps. Total time: 6720 milli. Average: 10.39 milli.
		0 iterations were constraint-fixing steps. Total time: 0 milli. Average: 0.00 milli
	Number of active piecewise-linear constraints: 171 / 171
		Constraints disabled by valid splits: 0. By SMT-originated splits: 0
	Last reported degradation: 0.0000046581. Max degradation so far: 0.0000046790. Restorations so far: 0
	Number of simplex pivots we attempted to skip because of instability: 0.
	Unstable pivots performed anyway: 0
	--- Tableau Statistics ---
	Total number of pivots performed: 629
		Real pivots: 629. Degenerate: 0 (0.00%)
		Degenerate pivots by request (e.g., to fix a PL constraint): 0 (0.00%)
		Average time per pivot: 1.21 milli
	Total number of fake pivots performed: 16
	Total number of rows added: 0. Number of merged columns: 0
	Current tableau dimensions: M = 705, N = 2093
	--- SMT Core Statistics ---
	Total depth is 0. Total visited states: 1. Number of splits: 0. Number of pops: 0
	Max stack depth: 0
	--- Bound Tightening Statistics ---
	Number of tightened bounds: 0.
		Number of rows examined by row tightener: 629. Consequent tightenings: 0
		Number of explicit basis matrices examined by row tightener: 5. Consequent tightenings: 225
		Number of bound tightening rounds on the entire constraint matrix: 0. Consequent tightenings: 0
		Number of bound notifications sent to PL constraints: 2052. Tightenings proposed: 0
	--- Basis Factorization statistics ---
	Number of basis refactorizations: 7
	--- Projected Steepest Edge Statistics ---
	Number of iterations: 645.
	Number of resets to reference space: 1. Avg. iterations per reset: 645
	--- SBT ---
	Number of tightened bounds: 387
	--- SoI-based local search ---
	Number of proposed phase pattern update: 0. Number of accepted update: 1 [0.00%]
	Total time (% of local search time) updating SoI phase pattern : 695 milli [0.05%]
	Total time obtaining current assignment: 470 milli [0.03%]
	Total time getting SoI phase pattern : 120 milli [0.00%]
	--- Context dependent statistics ---
	Number of pushes / pops: 0 / 0
		[0.00%] Pre-Push hook: 0 milli
		[0.00%] Push : 0 milli
		[0.00%] Post-Pop hook: 0 milli
		[0.00%] Pop : 0 milli
		[0.00%] Total context-switching time: 0 milli
	--- Proof Certificate ---
	Number of certified leaves: 0
	Number of leaves to delegate: 0
sat
Input assignment:
	x0 = 1.711715
	x1 = -0.582150
	x2 = -0.974776
	x3 = -0.490461
	x4 = 1.021627
	x5 = 0.814714
	x6 = 0.404069
	x7 = -0.371172
	x8 = -3.262406
	x9 = -1.253181
	x10 = -0.350200
	x11 = 0.824374
	x12 = -0.102622
	x13 = 1.159635
	x14 = -1.753995
	x15 = -1.174740
	x16 = 3.192165
	x17 = -1.400005
	x18 = -1.961878
	x19 = -0.869785
	x20 = 0.478995
	x21 = -2.817475
	x22 = 2.322775
	x23 = 0.227685
	x24 = -0.024164
	x25 = 1.370082
	x26 = 0.306847
	x27 = -0.223348
	x28 = 1.671166
	x29 = 2.165080
	x30 = -3.933125
	x31 = 1.730177
	x32 = -0.951430
	x33 = 0.999949
	x34 = -1.841226
	x35 = -0.991336
	x36 = 2.643249
	x37 = 0.359567
	x38 = 2.603685
	x39 = -3.884911
	x40 = 0.635235
	x41 = -0.871077
	x42 = -2.674589
	x43 = -0.694832
	x44 = -0.690176
	x45 = 2.186892
	x46 = 0.150438
	x47 = 0.050116
	x48 = 0.387074
	x49 = 0.265041
	x50 = 2.787180
	x51 = 0.045199
	x52 = 0.986694
	x53 = -1.186227
	x54 = 0.152526
	x55 = -0.400069
	x56 = -0.441385
	x57 = -1.919485
	x58 = 1.649565
	x59 = 2.606742
	x60 = -0.306433
	x61 = -1.364764
	x62 = 1.957885
	x63 = -0.696042
	x64 = 3.298505
	x65 = 1.407704
	x66 = -0.456449
	x67 = -0.443400
	x68 = 0.883963
	x69 = 2.505901
	x70 = -0.497426
	x71 = -0.619392
	x72 = 0.350596
	x73 = -2.977394
	x74 = -2.858679
	x75 = 1.517011
	x76 = -1.234939
	x77 = -0.221478
	x78 = 0.058894
	x79 = -0.676515
	x80 = -0.075641
	x81 = 0.778435
	x82 = -0.735130
	x83 = -3.159497
	x84 = -1.523824
	x85 = 0.941606
	x86 = 2.056728
	x87 = 1.351874
	x88 = -0.776903
	x89 = 1.537061
	x90 = -2.455163
	x91 = -1.693369
	x92 = 0.322189
	x93 = -1.617546
	x94 = 1.336749
	x95 = 1.788336
	x96 = 0.587189
	x97 = -0.993691
	x98 = 2.113511
	x99 = -1.442174
	x100 = 0.639260
	x101 = -0.827552
	x102 = 1.879297
	x103 = -3.026760
	x104 = 1.324021
	x105 = -4.370545
	x106 = -0.047807
	x107 = -1.762618
	x108 = -2.393230
	x109 = 0.256971
	x110 = -0.408257
	x111 = -0.043553
	x112 = -3.142420
	x113 = 1.501307
	x114 = 1.944888
	x115 = -2.557064
	x116 = 2.350349
	x117 = -0.537757
	x118 = -0.861877
	x119 = -3.346834
	x120 = 2.403177
	x121 = -0.300337
	x122 = 1.935619
	x123 = -2.133904
	x124 = -1.716850
	x125 = -1.256127
	x126 = -0.327217
	x127 = 1.480735
	x128 = 2.421138
	x129 = -1.214215
	x130 = 1.727706
	x131 = -1.815188
	x132 = 3.416022
	x133 = 1.425169
	x134 = -0.042685
	x135 = 2.827359
	x136 = -2.032124
	x137 = 0.499447
	x138 = 0.693617
	x139 = 2.472662
	x140 = 4.738417
	x141 = 1.115158
	x142 = 0.438180
	x143 = 1.149042
	x144 = -0.107854
	x145 = 1.818692
	x146 = -2.161370
	x147 = 1.120071
	x148 = -0.338305
	x149 = -0.033636
	x150 = -0.737363
	x151 = 1.622790
	x152 = 0.100397
	x153 = 0.154873
	x154 = 1.973438
	x155 = -0.069892
	x156 = -0.808855
	x157 = -0.484001
	x158 = -1.369035
	x159 = -1.937888
	x160 = 2.064711
	x161 = 4.184899
	x162 = -0.098543
	x163 = -1.349215
	x164 = -2.602996
	x165 = 0.697044
	x166 = -1.596506
	x167 = 2.231077
	x168 = -0.687489
	x169 = -2.191432
	x170 = -1.250827
	x171 = 2.591387
	x172 = -0.817015
	x173 = -2.011334
	x174 = -0.469502
	x175 = -0.324157
	x176 = -0.481508
	x177 = 1.418867
	x178 = 0.327436
	x179 = -1.501584
	x180 = 1.935145
	x181 = -0.742426
	x182 = -0.797369
	x183 = -3.057887
	x184 = 0.325351
	x185 = 1.446745
	x186 = -2.048221
	x187 = 2.175021
	x188 = 1.212883
	x189 = 1.890105
	x190 = 0.160306
	x191 = -1.817993
	x192 = 1.443784
	x193 = 0.324593
	x194 = 1.041732
	x195 = -0.319051
	x196 = 1.014310
	x197 = 1.263368
	x198 = -2.718607
	x199 = 1.796499
	x200 = 0.463044
	x201 = 0.862097
	x202 = -3.313007
	x203 = -0.879839
	x204 = 0.670283
	x205 = 1.087580
	x206 = 0.078341
	x207 = -0.085832
	x208 = -1.788366
	x209 = -0.512640
	x210 = -1.378485
	x211 = 1.092736
	x212 = -1.878158
	x213 = -2.594157
	x214 = 0.826830
	x215 = 2.354864
	x216 = -1.509980
	x217 = -1.328475
	x218 = -0.851505
	x219 = 0.792790
	x220 = -0.810122
	x221 = 0.721354
	x222 = 2.408471
	x223 = -2.058565
	x224 = -1.081537
	x225 = -0.434556
	x226 = 4.133904
	x227 = -1.907058
	x228 = 1.154022
	x229 = 3.996343
	x230 = 0.705217
	x231 = 1.345003
	x232 = 1.675483
	x233 = -1.349311
	x234 = 0.249320
	x235 = -0.192632
	x236 = -0.441194
	x237 = 0.241565
	x238 = 1.246244
	x239 = 5.340141
	x240 = 0.584647
	x241 = 1.221420
	x242 = 1.232516
	x243 = -0.228173
	x244 = 0.448543
	x245 = 1.667655
	x246 = 0.671981
	x247 = -0.109618
	x248 = -2.615711
	x249 = 0.895971
	x250 = -1.357003
	x251 = 1.007234
	x252 = -1.864618
	x253 = -1.140863
	x254 = -1.656689
	x255 = 1.194502
	x256 = -1.943737
	x257 = 0.429182
	x258 = -2.355167
	x259 = 1.180230
	x260 = -0.219481
	x261 = -0.875491
	x262 = 0.689859
	x263 = 2.243633
	x264 = 0.338805
	x265 = -0.421679
	x266 = -1.308171
	x267 = 0.993780
	x268 = 0.446196
	x269 = 1.608724
	x270 = 1.863239
	x271 = 0.705997
	x272 = -2.657024
	x273 = 0.625345
	x274 = 0.419439
	x275 = 5.890698
	x276 = -1.408931
	x277 = -0.193059
	x278 = -0.491181
	x279 = 4.407889
	x280 = 0.999362
	x281 = 2.065935
	x282 = 0.013751
	x283 = -0.173711
	x284 = -2.359121
	x285 = -0.835061
	x286 = 1.273315
	x287 = -1.017353
	x288 = -0.716166
	x289 = 1.250438
	x290 = 0.188534
	x291 = 1.348678
	x292 = 1.167361
	x293 = 2.896396
	x294 = 0.504987
	x295 = 0.765559
	x296 = 0.876906
	x297 = 0.611446
	x298 = -7.522565
	x299 = 0.914097
	x300 = 3.516652
	x301 = -1.399272
	x302 = -0.038357
	x303 = -2.654559
	x304 = -1.971749
	x305 = 1.891965
	x306 = 0.877878
	x307 = -2.807306
	x308 = 0.581833
	x309 = -1.923452
	x310 = -1.724745
	x311 = 3.527209
	x312 = 0.773986
	x313 = -1.542036
	x314 = -0.687725
	x315 = -1.245755
	x316 = 1.070923
	x317 = -0.438645
	x318 = 0.919103
	x319 = -1.757261
	x320 = 0.232810
	x321 = 0.287739
	x322 = -1.314860
	x323 = -1.284429
	x324 = 0.111319
	x325 = -2.296228
	x326 = -0.721428
	x327 = -0.044694
	x328 = 1.893123
	x329 = -1.031091
	x330 = 0.312467
	x331 = -0.708911
	x332 = -1.225586
	x333 = 2.257164
	x334 = 2.392687
	x335 = 1.231715
	x336 = 0.428169
	x337 = -4.238998
	x338 = -0.520358
	x339 = 0.596281
	x340 = -1.595256
	x341 = 0.888257
	x342 = -0.852759
	x343 = 0.683959
	x344 = 2.670399
	x345 = 0.084912
	x346 = 0.996968
	x347 = 1.307134
	x348 = -0.861316
	x349 = 2.619121
	x350 = 0.577909
	x351 = 2.926862
	x352 = 0.888181
	x353 = 0.698125
	x354 = -0.319453
	x355 = -0.455938
	x356 = -0.962501
	x357 = 2.754186
	x358 = 0.628742
	x359 = 3.466417
	x360 = -0.656237
	x361 = -1.248915
	x362 = -1.056085
	x363 = -1.599949
	x364 = -1.042149
	x365 = -0.222254
	x366 = -0.742865
	x367 = 4.264655
	x368 = -2.802514
	x369 = -0.592452
	x370 = -0.356504
	x371 = 0.719632
	x372 = -0.091104
	x373 = -0.641082
	x374 = -2.499781
	x375 = -1.852495
	x376 = -2.976500
	x377 = -2.951401
	x378 = 0.707263
	x379 = -1.116989
	x380 = 0.840658
	x381 = -0.310562
	x382 = -2.455642
	x383 = 3.294339
	x384 = 1.372255
	x385 = -1.213026
	x386 = -2.420021
	x387 = 0.625756
	x388 = 0.588856
	x389 = -0.769121
	x390 = -2.774134
	x391 = -2.106081
	x392 = 1.996633
	x393 = -0.435106
	x394 = -4.444668
	x395 = -0.590722
	x396 = 0.333072
	x397 = 0.729150
	x398 = 0.523189
	x399 = 1.100866
	x400 = 1.175160
	x401 = -0.259596
	x402 = 0.064260
	x403 = -1.950371
	x404 = -1.644819
	x405 = -0.029940
	x406 = -4.314355
	x407 = 0.162000
	x408 = 1.478790
	x409 = -2.574376
	x410 = -0.424795
	x411 = 2.171835
	x412 = -0.055986
	x413 = 0.179145
	x414 = -3.659287
	x415 = -1.218079
	x416 = 0.796060
	x417 = 1.669206
	x418 = -2.944096
	x419 = 0.782846
	x420 = 0.169842
	x421 = -2.523173
	x422 = -0.269910
	x423 = -0.914614
	x424 = -0.683237
	x425 = -1.712530
	x426 = -2.595566
	x427 = 0.154803
	x428 = -0.078269
	x429 = 4.454266
	x430 = 0.858367
	x431 = -2.801445
	x432 = -0.063763
	x433 = 0.801548
	x434 = -1.953318
	x435 = 1.850326
	x436 = 0.283264
	x437 = 1.543699
	x438 = -4.845039
	x439 = 1.161671
	x440 = 2.072590
	x441 = -0.171351
	x442 = -1.709657
	x443 = -3.697657
	x444 = 0.706518
	x445 = 1.275054
	x446 = 0.604413
	x447 = 0.752786
	x448 = -1.019650
	x449 = 2.560307
	x450 = -0.150454
	x451 = -1.504471
	x452 = -0.241694
	x453 = -3.364507
	x454 = -0.303547
	x455 = 0.757190
	x456 = -0.188975
	x457 = 2.011762
	x458 = -1.219133
	x459 = -1.185429
	x460 = -0.020848
	x461 = 0.154020
	x462 = 1.659246
	x463 = -1.718957
	x464 = -1.150782
	x465 = -0.645725
	x466 = -1.116590
	x467 = -0.256656
	x468 = 1.263754
	x469 = -1.848364
	x470 = -0.315832
	x471 = -0.446825
	x472 = -0.885506
	x473 = 1.340069
	x474 = -1.064744
	x475 = 0.612105
	x476 = -2.937448
	x477 = -0.019520
	x478 = -0.449756
	x479 = -0.184617
	x480 = 3.719127
	x481 = -1.436799
	x482 = -0.066778
	x483 = -3.162569
	x484 = -0.300632
	x485 = -1.465000
	x486 = 2.160244
	x487 = 3.017459
	x488 = 0.605078
	x489 = 0.530852
	x490 = -0.676088
	x491 = -0.943034
	x492 = 0.402464
	x493 = -0.699846
	x494 = -1.011498
	x495 = -0.426209
	x496 = 0.346974
	x497 = 1.557570
	x498 = 0.651333
	x499 = -2.364873
	x500 = 0.685324
	x501 = 1.102491
	x502 = 0.078726
	x503 = 1.521048
	x504 = -0.009208
	x505 = 0.508349
	x506 = -1.604246
	x507 = 2.280573
	x508 = 4.367793
	x509 = 0.676978
	x510 = -0.958065
	x511 = 0.774058

Output:
	y0 = -8.541724
	y1 = 8.120618
	y2 = -8.701648
	y3 = -6.935261
	y4 = 6.530093
	y5 = -7.282760
	y6 = -5.768644
	y7 = 4.504120
	y8 = -5.550003
	y9 = -7.067297
	y10 = 8.746413
	y11 = -7.258525
	y12 = -6.249632
	y13 = 8.236462
	y14 = -6.534320
	y15 = -5.672420
	y16 = 9.281992
	y17 = -4.550242
	y18 = -7.144019
	y19 = 6.104701
	y20 = -9.388968
	y21 = -5.625287
	y22 = 8.631998
	y23 = -11.226807
	y24 = -8.388153
	y25 = 7.535538
	y26 = -8.698180
	y27 = -12.269401
	y28 = 21.012750
	y29 = -13.648368
	y30 = -6.324926
	y31 = 20.621347
	y32 = -5.956417
	y33 = -2.687374
	y34 = 6.764442
	y35 = -5.790568
	y36 = -1.822148
	y37 = 13.410673
	y38 = -3.778937
	y39 = -3.920479
	y40 = 8.408480
	y41 = -6.289362
	y42 = -6.684256
	y43 = 11.371079
	y44 = -10.520320
	y45 = -8.636533
	y46 = 5.592393
	y47 = -8.915809
	y48 = -4.992542
	y49 = 7.018375
	y50 = -5.779494
	y51 = -5.914025
	y52 = 18.479514
	y53 = -5.963590
	y54 = 1.125959
	y55 = -11.670247
	y56 = 5.341261
	y57 = 0.920086
	y58 = -10.409439
	y59 = 5.749211
	y60 = 5.356749
	y61 = -4.778585
	y62 = -1.737197
	y63 = 5.127552
	y64 = -3.888157
	y65 = -1.940613
	y66 = -4.096142
	y67 = 12.786259
	y68 = -3.885839
	y69 = -4.623752
	y70 = 9.322683
	y71 = -5.010435
	y72 = -4.392463
	y73 = 6.690258
	y74 = -7.102920
	y75 = 1.677265
	y76 = -14.867598
	y77 = -0.038005
	y78 = 0.903760
	y79 = -1.520330
	y80 = 3.483230
	y81 = 8.660472
	y82 = -19.502512
	y83 = 5.646871
	y84 = 11.286284
	y85 = -16.405545
	y86 = 7.091906
	y87 = -0.445692
	y88 = 13.313276
	y89 = -2.756616
	y90 = -1.002288
	y91 = 6.535936
	y92 = -4.731071
	y93 = -6.029851
	y94 = 9.204411
	y95 = -6.114119
	y96 = -8.352927
	y97 = 28.316319
	y98 = -7.831353
	y99 = -1.153111
	y100 = -14.660520
	y101 = 2.584575
	y102 = 4.198891
	y103 = -11.074773
	y104 = 4.198878
	y105 = 6.475207
	y106 = -18.229451
	y107 = 9.550434
	y108 = 6.462221
	y109 = -17.368850
	y110 = 11.032155
	y111 = 4.767709
	y112 = -6.746502
	y113 = -0.758264
	y114 = -2.980884
	y115 = 6.964944
	y116 = -7.320351
	y117 = -4.884358
	y118 = 9.974866
	y119 = -5.251067
	y120 = -5.138020
	y121 = 9.636379
	y122 = -8.023208
	y123 = -4.846110
	y124 = 12.202904
	y125 = -3.312250
	y126 = -2.326958
	y127 = 29.251093
	y128 = -2.514394
	y129 = -1.022036
	y130 = 23.239827
	y131 = 0.216761
	y132 = 0.814937
	y133 = -9.849484
	y134 = 6.126531
	y135 = 0.623772
	y136 = -9.184463
	y137 = 3.706211
	y138 = -3.955501
	y139 = 8.709872
	y140 = -4.862013
	y141 = -6.307147
	y142 = 7.550001
	y143 = -7.010535
	y144 = -6.082410
	y145 = 6.848565
	y146 = -9.538152
	y147 = -7.065500
	y148 = 7.985768
	y149 = -9.439837
	y150 = -6.934338
	y151 = 10.743754
	y152 = -5.384300
	y153 = -4.583625
	y154 = 23.340086
	y155 = -3.768892
	y156 = -5.948636
	y157 = 21.796552
	y158 = -6.517011
	y159 = -3.638374
	y160 = 15.686181
	y161 = -3.416772
	y162 = -9.716837
	y163 = 25.832115
	y164 = -10.845862
	y165 = -6.177981
	y166 = 6.359591
	y167 = -8.965518
	y168 = -8.711918
	y169 = 11.247033
	y170 = -9.033616
	y171 = -10.348380
	y172 = 11.028754
	y173 = -8.832907
	y174 = -9.206154
	y175 = 10.443506
	y176 = -6.593117
	y177 = -9.682756
	y178 = 7.648064
	y179 = -6.050748
	y180 = -9.486805
	y181 = 11.482734
	y182 = -4.022529
	y183 = -10.400998
	y184 = 11.253876
	y185 = -6.137913
	y186 = -12.293557
	y187 = 8.443648
	y188 = -7.473617
	y189 = -11.284809
	y190 = 11.934621
	y191 = -10.316651

