InputQuery: /home/levn/Workspace/othello_world/queries/probe_robust/game_10_target_27_eps_0.05.txt
Engine::processInputQuery: Input query (before preprocessing): 449 equations, 1216 variables
Engine::processInputQuery: Input query (after preprocessing): 705 equations, 1296 variables

Input bounds:
	x0: [ -1.1920,  -1.0920] 
	x1: [ -0.2242,  -0.1242] 
	x2: [ -0.2057,  -0.1057] 
	x3: [  1.4705,   1.5705] 
	x4: [ -0.1666,  -0.0666] 
	x5: [ -2.2289,  -2.1289] 
	x6: [ -0.8871,  -0.7871] 
	x7: [ -1.7872,  -1.6872] 
	x8: [ -2.6870,  -2.5870] 
	x9: [ -1.8414,  -1.7414] 
	x10: [  1.0066,   1.1066] 
	x11: [ -1.0862,  -0.9862] 
	x12: [ -2.8605,  -2.7605] 
	x13: [ -1.0378,  -0.9378] 
	x14: [ -0.1198,  -0.0198] 
	x15: [  0.2228,   0.3228] 
	x16: [ -0.4033,  -0.3033] 
	x17: [ -1.6070,  -1.5070] 
	x18: [ -1.5350,  -1.4350] 
	x19: [  5.1253,   5.2253] 
	x20: [  0.8264,   0.9264] 
	x21: [ -0.6576,  -0.5576] 
	x22: [  2.1061,   2.2061] 
	x23: [ -0.2830,  -0.1830] 
	x24: [  1.6361,   1.7361] 
	x25: [ -1.8881,  -1.7881] 
	x26: [  2.4785,   2.5785] 
	x27: [ -1.5599,  -1.4599] 
	x28: [  0.2223,   0.3223] 
	x29: [ -0.0230,   0.0770] 
	x30: [  4.1622,   4.2622] 
	x31: [  0.1375,   0.2375] 
	x32: [  0.4702,   0.5702] 
	x33: [ -2.5078,  -2.4078] 
	x34: [  0.3012,   0.4012] 
	x35: [  0.3559,   0.4559] 
	x36: [  0.5132,   0.6132] 
	x37: [ -1.5710,  -1.4710] 
	x38: [  1.0740,   1.1740] 
	x39: [  0.1643,   0.2643] 
	x40: [  2.5448,   2.6448] 
	x41: [ -0.0004,   0.0996] 
	x42: [  0.0238,   0.1238] 
	x43: [ -0.0769,   0.0231] 
	x44: [  0.3295,   0.4295] 
	x45: [  0.2945,   0.3945] 
	x46: [  0.9302,   1.0302] 
	x47: [ -2.4780,  -2.3780] 
	x48: [ -0.4038,  -0.3038] 
	x49: [ -0.0557,   0.0443] 
	x50: [ -1.4967,  -1.3967] 
	x51: [ -1.5249,  -1.4249] 
	x52: [ -0.6462,  -0.5462] 
	x53: [ -0.6825,  -0.5825] 
	x54: [ -1.4590,  -1.3590] 
	x55: [ -0.3149,  -0.2149] 
	x56: [ -0.5334,  -0.4334] 
	x57: [ -0.5744,  -0.4744] 
	x58: [  2.4569,   2.5569] 
	x59: [  2.4933,   2.5933] 
	x60: [ -2.2947,  -2.1947] 
	x61: [  4.4405,   4.5405] 
	x62: [ -0.9481,  -0.8481] 
	x63: [  1.3114,   1.4114] 
	x64: [  0.0183,   0.1183] 
	x65: [ -0.4303,  -0.3303] 
	x66: [ -0.5699,  -0.4699] 
	x67: [ -1.9894,  -1.8894] 
	x68: [  0.3220,   0.4220] 
	x69: [ -0.5229,  -0.4229] 
	x70: [  0.0890,   0.1890] 
	x71: [  0.2191,   0.3191] 
	x72: [ -2.9614,  -2.8614] 
	x73: [ -2.0996,  -1.9996] 
	x74: [  2.1122,   2.2122] 
	x75: [  2.3622,   2.4622] 
	x76: [  1.2243,   1.3243] 
	x77: [ -1.5783,  -1.4783] 
	x78: [  1.3583,   1.4583] 
	x79: [ -2.1170,  -2.0170] 
	x80: [  0.4881,   0.5881] 
	x81: [  1.9531,   2.0531] 
	x82: [  3.4185,   3.5185] 
	x83: [  1.3589,   1.4589] 
	x84: [ -0.2627,  -0.1627] 
	x85: [ -0.0644,   0.0356] 
	x86: [  1.4194,   1.5194] 
	x87: [ -1.5899,  -1.4899] 
	x88: [ -0.1673,  -0.0673] 
	x89: [ -1.1752,  -1.0752] 
	x90: [  0.1112,   0.2112] 
	x91: [ -2.0812,  -1.9812] 
	x92: [  1.7837,   1.8837] 
	x93: [  1.4339,   1.5339] 
	x94: [  0.2085,   0.3085] 
	x95: [ -3.9927,  -3.8927] 
	x96: [  0.2722,   0.3722] 
	x97: [  0.7111,   0.8111] 
	x98: [ -0.2317,  -0.1317] 
	x99: [  3.1078,   3.2078] 
	x100: [  0.6065,   0.7065] 
	x101: [ -1.6115,  -1.5115] 
	x102: [ -3.8108,  -3.7108] 
	x103: [ -0.4498,  -0.3498] 
	x104: [ -1.4345,  -1.3345] 
	x105: [  0.2124,   0.3124] 
	x106: [ -0.0369,   0.0631] 
	x107: [  2.7826,   2.8826] 
	x108: [ -0.4553,  -0.3553] 
	x109: [ -4.0981,  -3.9981] 
	x110: [ -0.5887,  -0.4887] 
	x111: [ -0.4787,  -0.3787] 
	x112: [  0.4174,   0.5174] 
	x113: [ -2.6516,  -2.5516] 
	x114: [ -1.1749,  -1.0749] 
	x115: [  2.5693,   2.6693] 
	x116: [  0.9385,   1.0385] 
	x117: [  0.9913,   1.0913] 
	x118: [ -0.5337,  -0.4337] 
	x119: [  0.9343,   1.0343] 
	x120: [  0.8829,   0.9829] 
	x121: [  2.1938,   2.2938] 
	x122: [ -1.6617,  -1.5617] 
	x123: [ -0.5784,  -0.4784] 
	x124: [  1.7969,   1.8969] 
	x125: [  1.5797,   1.6797] 
	x126: [  2.5749,   2.6749] 
	x127: [ -0.1897,  -0.0897] 
	x128: [  1.4326,   1.5326] 
	x129: [ -1.7451,  -1.6451] 
	x130: [ -0.5716,  -0.4716] 
	x131: [  2.7114,   2.8114] 
	x132: [  0.6223,   0.7223] 
	x133: [  0.8651,   0.9651] 
	x134: [  1.3931,   1.4931] 
	x135: [  0.6517,   0.7517] 
	x136: [ -2.8011,  -2.7011] 
	x137: [ -0.4154,  -0.3154] 
	x138: [ -0.5631,  -0.4631] 
	x139: [ -0.2416,  -0.1416] 
	x140: [  3.1912,   3.2912] 
	x141: [  0.5757,   0.6757] 
	x142: [ -0.8857,  -0.7857] 
	x143: [ -2.9707,  -2.8707] 
	x144: [ -0.7570,  -0.6570] 
	x145: [ -1.4546,  -1.3546] 
	x146: [ -4.0821,  -3.9821] 
	x147: [ -0.2648,  -0.1648] 
	x148: [ -0.9319,  -0.8319] 
	x149: [ -0.6479,  -0.5479] 
	x150: [ -1.6617,  -1.5617] 
	x151: [  1.1909,   1.2909] 
	x152: [  0.8238,   0.9238] 
	x153: [ -1.0861,  -0.9861] 
	x154: [  0.0302,   0.1302] 
	x155: [ -0.7488,  -0.6488] 
	x156: [ -0.3850,  -0.2850] 
	x157: [ -1.9932,  -1.8932] 
	x158: [  0.4516,   0.5516] 
	x159: [ -1.1979,  -1.0979] 
	x160: [  1.5068,   1.6068] 
	x161: [  0.4997,   0.5997] 
	x162: [ -1.2681,  -1.1681] 
	x163: [  3.2336,   3.3336] 
	x164: [ -0.2834,  -0.1834] 
	x165: [ -0.2167,  -0.1167] 
	x166: [ -0.9395,  -0.8395] 
	x167: [  1.3530,   1.4530] 
	x168: [ -1.3944,  -1.2944] 
	x169: [ -2.9525,  -2.8525] 
	x170: [  0.0366,   0.1366] 
	x171: [  1.9865,   2.0865] 
	x172: [  2.8428,   2.9428] 
	x173: [ -0.9296,  -0.8296] 
	x174: [  2.7516,   2.8516] 
	x175: [ -0.2179,  -0.1179] 
	x176: [  0.5152,   0.6152] 
	x177: [ -1.3404,  -1.2404] 
	x178: [ -1.3455,  -1.2455] 
	x179: [  3.3680,   3.4680] 
	x180: [  1.6188,   1.7188] 
	x181: [ -2.5327,  -2.4327] 
	x182: [  0.6586,   0.7586] 
	x183: [  0.4968,   0.5968] 
	x184: [  3.8330,   3.9330] 
	x185: [  0.7101,   0.8101] 
	x186: [  0.5003,   0.6003] 
	x187: [  2.9681,   3.0681] 
	x188: [  0.3305,   0.4305] 
	x189: [  2.8708,   2.9708] 
	x190: [ -1.7995,  -1.6995] 
	x191: [  0.4127,   0.5127] 
	x192: [  0.8849,   0.9849] 
	x193: [ -1.6940,  -1.5940] 
	x194: [  1.2073,   1.3073] 
	x195: [  1.9006,   2.0006] 
	x196: [ -0.1681,  -0.0681] 
	x197: [  2.0784,   2.1784] 
	x198: [  1.9340,   2.0340] 
	x199: [  1.1369,   1.2369] 
	x200: [ -0.5878,  -0.4878] 
	x201: [  1.1553,   1.2553] 
	x202: [ -0.0135,   0.0865] 
	x203: [  1.5519,   1.6519] 
	x204: [ -0.6348,  -0.5348] 
	x205: [  0.7705,   0.8705] 
	x206: [  1.9042,   2.0042] 
	x207: [ -0.0365,   0.0635] 
	x208: [ -0.1592,  -0.0592] 
	x209: [ -0.0203,   0.0797] 
	x210: [ -1.3398,  -1.2398] 
	x211: [ -0.4572,  -0.3572] 
	x212: [ -2.7411,  -2.6411] 
	x213: [  1.9725,   2.0725] 
	x214: [ -2.2403,  -2.1403] 
	x215: [ -2.3759,  -2.2759] 
	x216: [ -0.1003,  -0.0003] 
	x217: [  0.7719,   0.8719] 
	x218: [  1.0741,   1.1741] 
	x219: [ -0.4604,  -0.3604] 
	x220: [ -1.3582,  -1.2582] 
	x221: [  2.8986,   2.9986] 
	x222: [  1.7960,   1.8960] 
	x223: [ -0.9372,  -0.8372] 
	x224: [  0.7363,   0.8363] 
	x225: [  3.2272,   3.3272] 
	x226: [  2.7162,   2.8162] 
	x227: [ -0.0992,   0.0008] 
	x228: [  0.9469,   1.0469] 
	x229: [ -0.4690,  -0.3690] 
	x230: [ -1.6233,  -1.5233] 
	x231: [ -1.7617,  -1.6617] 
	x232: [  0.9277,   1.0277] 
	x233: [ -1.9331,  -1.8331] 
	x234: [ -0.6622,  -0.5622] 
	x235: [ -2.8117,  -2.7117] 
	x236: [ -1.2915,  -1.1915] 
	x237: [  1.7392,   1.8392] 
	x238: [  0.5392,   0.6392] 
	x239: [  9.0265,   9.1265] 
	x240: [  0.2487,   0.3487] 
	x241: [ -3.1110,  -3.0110] 
	x242: [  0.1699,   0.2699] 
	x243: [ -0.5558,  -0.4558] 
	x244: [ -0.1229,  -0.0229] 
	x245: [ -0.9767,  -0.8767] 
	x246: [ -1.5177,  -1.4177] 
	x247: [ -0.9531,  -0.8531] 
	x248: [ -1.1711,  -1.0711] 
	x249: [  1.6315,   1.7315] 
	x250: [  2.5179,   2.6179] 
	x251: [ -2.4958,  -2.3958] 
	x252: [  1.0323,   1.1323] 
	x253: [ -0.3537,  -0.2537] 
	x254: [ -1.0242,  -0.9242] 
	x255: [  0.1439,   0.2439] 
	x256: [ -1.9444,  -1.8444] 
	x257: [  0.4656,   0.5656] 
	x258: [ -3.9787,  -3.8787] 
	x259: [ -0.0344,   0.0656] 
	x260: [ -2.5071,  -2.4071] 
	x261: [ -1.0236,  -0.9236] 
	x262: [  0.5055,   0.6055] 
	x263: [  0.5971,   0.6971] 
	x264: [  0.4557,   0.5557] 
	x265: [ -1.8696,  -1.7696] 
	x266: [ -1.2018,  -1.1018] 
	x267: [ -0.7160,  -0.6160] 
	x268: [  1.8859,   1.9859] 
	x269: [ -3.3670,  -3.2670] 
	x270: [  0.3510,   0.4510] 
	x271: [ -1.6110,  -1.5110] 
	x272: [  0.0815,   0.1815] 
	x273: [  1.2319,   1.3319] 
	x274: [ -2.7773,  -2.6773] 
	x275: [ -3.6048,  -3.5048] 
	x276: [  1.6292,   1.7292] 
	x277: [  1.5937,   1.6937] 
	x278: [ -1.9956,  -1.8956] 
	x279: [  1.9247,   2.0247] 
	x280: [  2.0929,   2.1929] 
	x281: [  1.4699,   1.5699] 
	x282: [ -0.3346,  -0.2346] 
	x283: [ -1.3070,  -1.2070] 
	x284: [  1.1237,   1.2237] 
	x285: [ -0.0965,   0.0035] 
	x286: [  0.0719,   0.1719] 
	x287: [  1.4402,   1.5402] 
	x288: [  0.0241,   0.1241] 
	x289: [ -0.6598,  -0.5598] 
	x290: [ -3.0323,  -2.9323] 
	x291: [ -0.0347,   0.0653] 
	x292: [  0.7428,   0.8428] 
	x293: [  2.6191,   2.7191] 
	x294: [  2.3967,   2.4967] 
	x295: [ -0.4617,  -0.3617] 
	x296: [  2.2880,   2.3880] 
	x297: [ -0.2896,  -0.1896] 
	x298: [ -8.3128,  -8.2128] 
	x299: [  1.6065,   1.7065] 
	x300: [  2.1060,   2.2060] 
	x301: [  0.6286,   0.7286] 
	x302: [  0.2036,   0.3036] 
	x303: [ -0.6172,  -0.5172] 
	x304: [ -2.8094,  -2.7094] 
	x305: [ -0.8292,  -0.7292] 
	x306: [ -1.9102,  -1.8102] 
	x307: [ -4.0012,  -3.9012] 
	x308: [  0.0143,   0.1143] 
	x309: [  0.5248,   0.6248] 
	x310: [ -1.2429,  -1.1429] 
	x311: [ -1.1248,  -1.0248] 
	x312: [ -2.6447,  -2.5447] 
	x313: [ -0.8549,  -0.7549] 
	x314: [  1.0554,   1.1554] 
	x315: [ -0.9190,  -0.8190] 
	x316: [  1.3553,   1.4553] 
	x317: [  1.1708,   1.2708] 
	x318: [ -0.1075,  -0.0075] 
	x319: [ -1.6838,  -1.5838] 
	x320: [ -0.9418,  -0.8418] 
	x321: [  0.2951,   0.3951] 
	x322: [ -1.3165,  -1.2165] 
	x323: [  0.4548,   0.5548] 
	x324: [ -0.3597,  -0.2597] 
	x325: [  1.9764,   2.0764] 
	x326: [  2.0413,   2.1413] 
	x327: [ -1.7893,  -1.6893] 
	x328: [  2.8648,   2.9648] 
	x329: [  0.3913,   0.4913] 
	x330: [ -0.6981,  -0.5981] 
	x331: [ -0.7598,  -0.6598] 
	x332: [ -0.6836,  -0.5836] 
	x333: [  1.1935,   1.2935] 
	x334: [  2.0534,   2.1534] 
	x335: [ -1.5934,  -1.4934] 
	x336: [ -0.7185,  -0.6185] 
	x337: [  0.2803,   0.3803] 
	x338: [ -0.4267,  -0.3267] 
	x339: [ -1.2156,  -1.1156] 
	x340: [ -0.8812,  -0.7812] 
	x341: [  0.5486,   0.6486] 
	x342: [  0.1997,   0.2997] 
	x343: [ -0.6131,  -0.5131] 
	x344: [ -0.3545,  -0.2545] 
	x345: [  0.9371,   1.0371] 
	x346: [  0.4928,   0.5928] 
	x347: [ -0.7379,  -0.6379] 
	x348: [ -0.3028,  -0.2028] 
	x349: [  1.4020,   1.5020] 
	x350: [ -3.1950,  -3.0950] 
	x351: [ -1.9609,  -1.8609] 
	x352: [ -0.5625,  -0.4625] 
	x353: [ -1.2529,  -1.1529] 
	x354: [  0.7023,   0.8023] 
	x355: [  0.9810,   1.0810] 
	x356: [  1.6022,   1.7022] 
	x357: [  0.5116,   0.6116] 
	x358: [  0.9661,   1.0661] 
	x359: [ -0.2282,  -0.1282] 
	x360: [  2.2306,   2.3306] 
	x361: [ -0.4701,  -0.3701] 
	x362: [ -2.0062,  -1.9062] 
	x363: [ -0.4205,  -0.3205] 
	x364: [ -2.2203,  -2.1203] 
	x365: [ -2.0133,  -1.9133] 
	x366: [  0.2270,   0.3270] 
	x367: [  3.0564,   3.1564] 
	x368: [ -1.6654,  -1.5654] 
	x369: [  1.3938,   1.4938] 
	x370: [ -0.6260,  -0.5260] 
	x371: [  1.1155,   1.2155] 
	x372: [  2.6618,   2.7618] 
	x373: [ -1.4781,  -1.3781] 
	x374: [  0.5314,   0.6314] 
	x375: [ -0.9448,  -0.8448] 
	x376: [  1.3698,   1.4698] 
	x377: [  0.9270,   1.0270] 
	x378: [  1.4766,   1.5766] 
	x379: [  0.5097,   0.6097] 
	x380: [  2.7843,   2.8843] 
	x381: [ -1.5061,  -1.4061] 
	x382: [ -1.2045,  -1.1045] 
	x383: [  2.0925,   2.1925] 
	x384: [ -0.3537,  -0.2537] 
	x385: [  1.3888,   1.4888] 
	x386: [ -3.2430,  -3.1430] 
	x387: [  0.7285,   0.8285] 
	x388: [  0.0521,   0.1521] 
	x389: [ -2.4900,  -2.3900] 
	x390: [ -0.2876,  -0.1876] 
	x391: [  2.4375,   2.5375] 
	x392: [  1.2417,   1.3417] 
	x393: [  2.0177,   2.1177] 
	x394: [ -1.4079,  -1.3079] 
	x395: [ -1.7688,  -1.6688] 
	x396: [ -0.7774,  -0.6774] 
	x397: [ -2.4708,  -2.3708] 
	x398: [  0.9102,   1.0102] 
	x399: [  0.9541,   1.0541] 
	x400: [ -1.7995,  -1.6995] 
	x401: [ -1.9730,  -1.8730] 
	x402: [ -0.8669,  -0.7669] 
	x403: [ -0.7077,  -0.6077] 
	x404: [  0.8692,   0.9692] 
	x405: [  1.5660,   1.6660] 
	x406: [  1.7194,   1.8194] 
	x407: [  1.8127,   1.9127] 
	x408: [ -0.1262,  -0.0262] 
	x409: [  1.8360,   1.9360] 
	x410: [  2.2689,   2.3689] 
	x411: [ -1.9340,  -1.8340] 
	x412: [ -0.4811,  -0.3811] 
	x413: [  1.9597,   2.0597] 
	x414: [  1.0580,   1.1580] 
	x415: [ -3.1483,  -3.0483] 
	x416: [ -0.2676,  -0.1676] 
	x417: [ -0.0051,   0.0949] 
	x418: [  0.0218,   0.1218] 
	x419: [ -0.4362,  -0.3362] 
	x420: [ -0.4264,  -0.3264] 
	x421: [ -2.9717,  -2.8717] 
	x422: [ -2.1033,  -2.0033] 
	x423: [ -0.0656,   0.0344] 
	x424: [  0.1231,   0.2231] 
	x425: [ -2.4663,  -2.3663] 
	x426: [ -4.5201,  -4.4201] 
	x427: [  0.7052,   0.8052] 
	x428: [ -2.3791,  -2.2791] 
	x429: [  2.1740,   2.2740] 
	x430: [  2.5546,   2.6546] 
	x431: [  2.1217,   2.2217] 
	x432: [  0.4345,   0.5345] 
	x433: [ -2.3358,  -2.2358] 
	x434: [  1.3648,   1.4648] 
	x435: [ -0.2629,  -0.1629] 
	x436: [ -1.5536,  -1.4536] 
	x437: [ -1.7810,  -1.6810] 
	x438: [ -1.1414,  -1.0414] 
	x439: [ -1.3473,  -1.2473] 
	x440: [ -0.4508,  -0.3508] 
	x441: [ -1.6931,  -1.5931] 
	x442: [ -1.6188,  -1.5188] 
	x443: [ -0.1724,  -0.0724] 
	x444: [  0.3760,   0.4760] 
	x445: [  0.3739,   0.4739] 
	x446: [ -0.4434,  -0.3434] 
	x447: [  1.1799,   1.2799] 
	x448: [ -3.5876,  -3.4876] 
	x449: [ -1.9880,  -1.8880] 
	x450: [  3.5692,   3.6692] 
	x451: [ -0.7559,  -0.6559] 
	x452: [ -0.5165,  -0.4165] 
	x453: [  1.0397,   1.1397] 
	x454: [  0.1087,   0.2087] 
	x455: [ -3.0882,  -2.9882] 
	x456: [  3.7867,   3.8867] 
	x457: [  0.0505,   0.1505] 
	x458: [ -0.0505,   0.0495] 
	x459: [ -1.2396,  -1.1396] 
	x460: [ -0.1893,  -0.0893] 
	x461: [  3.3042,   3.4042] 
	x462: [ -0.3232,  -0.2232] 
	x463: [ -1.4360,  -1.3360] 
	x464: [ -1.0273,  -0.9273] 
	x465: [ -1.1389,  -1.0389] 
	x466: [  1.4379,   1.5379] 
	x467: [ -2.2880,  -2.1880] 
	x468: [  2.1656,   2.2656] 
	x469: [ -0.5648,  -0.4648] 
	x470: [  1.6051,   1.7051] 
	x471: [ -0.0357,   0.0643] 
	x472: [ -4.1688,  -4.0688] 
	x473: [ -2.6369,  -2.5369] 
	x474: [ -1.0144,  -0.9144] 
	x475: [ -1.6652,  -1.5652] 
	x476: [ -1.0389,  -0.9389] 
	x477: [  0.0211,   0.1211] 
	x478: [  0.2218,   0.3218] 
	x479: [ -0.3779,  -0.2779] 
	x480: [  0.5027,   0.6027] 
	x481: [  0.3045,   0.4045] 
	x482: [  1.0589,   1.1589] 
	x483: [  0.9372,   1.0372] 
	x484: [ -0.4768,  -0.3768] 
	x485: [  1.6962,   1.7962] 
	x486: [  1.8368,   1.9368] 
	x487: [ -2.0813,  -1.9813] 
	x488: [  1.7691,   1.8691] 
	x489: [  1.7688,   1.8688] 
	x490: [ -1.8960,  -1.7960] 
	x491: [  0.8929,   0.9929] 
	x492: [  0.4206,   0.5206] 
	x493: [ -0.7359,  -0.6359] 
	x494: [  1.0031,   1.1031] 
	x495: [ -0.0551,   0.0449] 
	x496: [  0.4581,   0.5581] 
	x497: [  2.4046,   2.5046] 
	x498: [ -2.2052,  -2.1052] 
	x499: [ -1.4061,  -1.3061] 
	x500: [  0.1788,   0.2788] 
	x501: [  1.9359,   2.0359] 
	x502: [ -4.3869,  -4.2869] 
	x503: [  1.1879,   1.2879] 
	x504: [  1.1481,   1.2481] 
	x505: [  0.7121,   0.8121] 
	x506: [ -3.8547,  -3.7547] 
	x507: [  0.4933,   0.5933] 
	x508: [ -1.8741,  -1.7741] 
	x509: [  0.7631,   0.8631] 
	x510: [ -1.0389,  -0.9389] 
	x511: [  0.5729,   0.6729] 

Branching heuristics set to PseudoImpact
unsat
