InputQuery: /home/levn/Workspace/othello_world/queries/probe_robust/game_119_target_45_eps_0.05.txt
Engine::processInputQuery: Input query (before preprocessing): 449 equations, 1216 variables
Engine::processInputQuery: Input query (after preprocessing): 705 equations, 1312 variables

Input bounds:
	x0: [ -1.3469,  -1.2469] 
	x1: [ -0.3430,  -0.2430] 
	x2: [ -1.9189,  -1.8189] 
	x3: [  1.2113,   1.3113] 
	x4: [ -0.2781,  -0.1781] 
	x5: [ -1.2466,  -1.1466] 
	x6: [ -1.5202,  -1.4202] 
	x7: [  0.4666,   0.5666] 
	x8: [ -2.2035,  -2.1035] 
	x9: [  0.3370,   0.4370] 
	x10: [ -0.0164,   0.0836] 
	x11: [  0.4319,   0.5319] 
	x12: [  1.7768,   1.8768] 
	x13: [  3.0612,   3.1612] 
	x14: [  3.0624,   3.1624] 
	x15: [  2.4745,   2.5745] 
	x16: [ -2.0426,  -1.9426] 
	x17: [ -0.5505,  -0.4505] 
	x18: [ -1.1721,  -1.0721] 
	x19: [  0.2400,   0.3400] 
	x20: [  1.2283,   1.3283] 
	x21: [  0.1652,   0.2652] 
	x22: [ -1.2710,  -1.1710] 
	x23: [  0.6715,   0.7715] 
	x24: [  0.0834,   0.1834] 
	x25: [ -4.7244,  -4.6244] 
	x26: [  0.5454,   0.6454] 
	x27: [  1.8134,   1.9134] 
	x28: [ -2.0415,  -1.9415] 
	x29: [  1.8317,   1.9317] 
	x30: [  2.6540,   2.7540] 
	x31: [ -2.5453,  -2.4453] 
	x32: [  2.1295,   2.2295] 
	x33: [  0.4433,   0.5433] 
	x34: [ -0.8935,  -0.7935] 
	x35: [ -1.9429,  -1.8429] 
	x36: [ -0.9387,  -0.8387] 
	x37: [ -0.1536,  -0.0536] 
	x38: [  3.6866,   3.7866] 
	x39: [  1.1915,   1.2915] 
	x40: [ -4.1597,  -4.0597] 
	x41: [  1.5304,   1.6304] 
	x42: [ -1.4657,  -1.3657] 
	x43: [ -1.6064,  -1.5064] 
	x44: [ -1.7518,  -1.6518] 
	x45: [  0.3489,   0.4489] 
	x46: [  1.4874,   1.5874] 
	x47: [ -4.0337,  -3.9337] 
	x48: [  1.5175,   1.6175] 
	x49: [  2.4097,   2.5097] 
	x50: [  2.4921,   2.5921] 
	x51: [  0.2853,   0.3853] 
	x52: [  0.3677,   0.4677] 
	x53: [ -2.0599,  -1.9599] 
	x54: [  0.3234,   0.4234] 
	x55: [ -3.2599,  -3.1599] 
	x56: [  1.0761,   1.1761] 
	x57: [  1.4024,   1.5024] 
	x58: [ -0.7962,  -0.6962] 
	x59: [  0.2605,   0.3605] 
	x60: [  0.7759,   0.8759] 
	x61: [ -0.2616,  -0.1616] 
	x62: [  0.2628,   0.3628] 
	x63: [ -1.9846,  -1.8846] 
	x64: [ -0.7634,  -0.6634] 
	x65: [ -0.2603,  -0.1603] 
	x66: [ -2.3747,  -2.2747] 
	x67: [ -1.9967,  -1.8967] 
	x68: [  1.7458,   1.8458] 
	x69: [ -2.5156,  -2.4156] 
	x70: [  0.7568,   0.8568] 
	x71: [  0.3219,   0.4219] 
	x72: [  0.2489,   0.3489] 
	x73: [ -1.8823,  -1.7823] 
	x74: [ -2.2505,  -2.1505] 
	x75: [ -0.9537,  -0.8537] 
	x76: [  3.2553,   3.3553] 
	x77: [  3.0579,   3.1579] 
	x78: [ -0.6883,  -0.5883] 
	x79: [  3.0332,   3.1332] 
	x80: [  0.1702,   0.2702] 
	x81: [ -0.3569,  -0.2569] 
	x82: [  0.9492,   1.0492] 
	x83: [ -1.0890,  -0.9890] 
	x84: [ -1.2158,  -1.1158] 
	x85: [  0.4174,   0.5174] 
	x86: [  0.4288,   0.5288] 
	x87: [  4.8047,   4.9047] 
	x88: [ -2.2436,  -2.1436] 
	x89: [  2.6620,   2.7620] 
	x90: [ -0.8625,  -0.7625] 
	x91: [ -0.6285,  -0.5285] 
	x92: [ -0.8808,  -0.7808] 
	x93: [  0.7963,   0.8963] 
	x94: [ -0.2143,  -0.1143] 
	x95: [ -0.9896,  -0.8896] 
	x96: [  0.1557,   0.2557] 
	x97: [ -2.5278,  -2.4278] 
	x98: [ -0.8808,  -0.7808] 
	x99: [  1.0337,   1.1337] 
	x100: [ -0.5498,  -0.4498] 
	x101: [ -2.6880,  -2.5880] 
	x102: [ -2.2897,  -2.1897] 
	x103: [  2.6981,   2.7981] 
	x104: [  0.5627,   0.6627] 
	x105: [ -1.7594,  -1.6594] 
	x106: [  0.7200,   0.8200] 
	x107: [ -0.7070,  -0.6070] 
	x108: [  1.3094,   1.4094] 
	x109: [ -2.3226,  -2.2226] 
	x110: [  0.4787,   0.5787] 
	x111: [ -0.1920,  -0.0920] 
	x112: [  1.5002,   1.6002] 
	x113: [ -1.0060,  -0.9060] 
	x114: [  2.2472,   2.3472] 
	x115: [  0.9528,   1.0528] 
	x116: [ -1.0041,  -0.9041] 
	x117: [  2.0122,   2.1122] 
	x118: [  1.4935,   1.5935] 
	x119: [  1.8848,   1.9848] 
	x120: [  1.2919,   1.3919] 
	x121: [  1.0333,   1.1333] 
	x122: [  2.2748,   2.3748] 
	x123: [  0.2646,   0.3646] 
	x124: [ -2.0350,  -1.9350] 
	x125: [ -1.9828,  -1.8828] 
	x126: [ -0.6141,  -0.5141] 
	x127: [ -1.4646,  -1.3646] 
	x128: [  0.1434,   0.2434] 
	x129: [ -3.8515,  -3.7515] 
	x130: [ -1.6752,  -1.5752] 
	x131: [ -0.3825,  -0.2825] 
	x132: [  0.5069,   0.6069] 
	x133: [  1.8232,   1.9232] 
	x134: [  2.3622,   2.4622] 
	x135: [  0.9966,   1.0966] 
	x136: [  2.7280,   2.8280] 
	x137: [  1.0048,   1.1048] 
	x138: [  0.5363,   0.6363] 
	x139: [ -0.9843,  -0.8843] 
	x140: [ -0.3123,  -0.2123] 
	x141: [ -1.2612,  -1.1612] 
	x142: [  0.6094,   0.7094] 
	x143: [ -1.0703,  -0.9703] 
	x144: [  3.2916,   3.3916] 
	x145: [  0.0202,   0.1202] 
	x146: [ -0.4212,  -0.3212] 
	x147: [  1.0200,   1.1200] 
	x148: [ -0.8021,  -0.7021] 
	x149: [ -1.6672,  -1.5672] 
	x150: [  0.4239,   0.5239] 
	x151: [ -1.0269,  -0.9269] 
	x152: [ -1.5397,  -1.4397] 
	x153: [ -0.1270,  -0.0270] 
	x154: [  1.3590,   1.4590] 
	x155: [ -1.2342,  -1.1342] 
	x156: [ -3.6309,  -3.5309] 
	x157: [  1.3217,   1.4217] 
	x158: [  0.8279,   0.9279] 
	x159: [  0.9392,   1.0392] 
	x160: [ -0.6362,  -0.5362] 
	x161: [ -0.5669,  -0.4669] 
	x162: [ -2.0643,  -1.9643] 
	x163: [  0.1396,   0.2396] 
	x164: [ -1.5881,  -1.4881] 
	x165: [  0.5766,   0.6766] 
	x166: [  0.2154,   0.3154] 
	x167: [  0.5327,   0.6327] 
	x168: [ -0.9501,  -0.8501] 
	x169: [ -0.1656,  -0.0656] 
	x170: [  0.9527,   1.0527] 
	x171: [ -1.3656,  -1.2656] 
	x172: [  0.0353,   0.1353] 
	x173: [ -1.2823,  -1.1823] 
	x174: [  3.5902,   3.6902] 
	x175: [ -2.5335,  -2.4335] 
	x176: [ -1.1787,  -1.0787] 
	x177: [  0.7994,   0.8994] 
	x178: [  1.0198,   1.1198] 
	x179: [  1.6764,   1.7764] 
	x180: [ -0.8632,  -0.7632] 
	x181: [ -2.6023,  -2.5023] 
	x182: [  2.3629,   2.4629] 
	x183: [  0.9592,   1.0592] 
	x184: [ -0.8036,  -0.7036] 
	x185: [ -1.8950,  -1.7950] 
	x186: [  0.6557,   0.7557] 
	x187: [ -1.7030,  -1.6030] 
	x188: [ -0.7606,  -0.6606] 
	x189: [ -2.0789,  -1.9789] 
	x190: [  3.0707,   3.1707] 
	x191: [  2.1472,   2.2472] 
	x192: [  1.6012,   1.7012] 
	x193: [ -0.9397,  -0.8397] 
	x194: [ -0.2354,  -0.1354] 
	x195: [  0.5068,   0.6068] 
	x196: [ -0.4684,  -0.3684] 
	x197: [  1.6701,   1.7701] 
	x198: [  0.0940,   0.1940] 
	x199: [  1.3122,   1.4122] 
	x200: [  0.5785,   0.6785] 
	x201: [  0.4588,   0.5588] 
	x202: [  3.5876,   3.6876] 
	x203: [ -1.9740,  -1.8740] 
	x204: [ -1.5623,  -1.4623] 
	x205: [  0.0272,   0.1272] 
	x206: [  0.0402,   0.1402] 
	x207: [ -0.0390,   0.0610] 
	x208: [ -1.0320,  -0.9320] 
	x209: [ -5.4901,  -5.3901] 
	x210: [  0.4137,   0.5137] 
	x211: [ -0.6398,  -0.5398] 
	x212: [ -0.8887,  -0.7887] 
	x213: [ -0.5373,  -0.4373] 
	x214: [  0.3345,   0.4345] 
	x215: [ -1.3649,  -1.2649] 
	x216: [  0.4332,   0.5332] 
	x217: [  1.7879,   1.8879] 
	x218: [  1.5170,   1.6170] 
	x219: [  0.9749,   1.0749] 
	x220: [ -0.7722,  -0.6722] 
	x221: [ -2.4729,  -2.3729] 
	x222: [ -0.0699,   0.0301] 
	x223: [  3.3777,   3.4777] 
	x224: [  0.1977,   0.2977] 
	x225: [  0.2534,   0.3534] 
	x226: [ -2.0199,  -1.9199] 
	x227: [ -1.7012,  -1.6012] 
	x228: [  1.0911,   1.1911] 
	x229: [ -2.7486,  -2.6486] 
	x230: [  3.4318,   3.5318] 
	x231: [  1.0881,   1.1881] 
	x232: [ -1.4356,  -1.3356] 
	x233: [ -0.2825,  -0.1825] 
	x234: [  1.4073,   1.5073] 
	x235: [  0.0218,   0.1218] 
	x236: [  0.2640,   0.3640] 
	x237: [ -1.0026,  -0.9026] 
	x238: [ -0.2693,  -0.1693] 
	x239: [  2.9152,   3.0152] 
	x240: [ -1.3991,  -1.2991] 
	x241: [  0.9799,   1.0799] 
	x242: [ -0.2825,  -0.1825] 
	x243: [  2.3016,   2.4016] 
	x244: [ -3.1263,  -3.0263] 
	x245: [ -0.9646,  -0.8646] 
	x246: [  0.7181,   0.8181] 
	x247: [ -3.2809,  -3.1809] 
	x248: [  2.8748,   2.9748] 
	x249: [  2.2326,   2.3326] 
	x250: [  0.9370,   1.0370] 
	x251: [ -1.3459,  -1.2459] 
	x252: [  0.7782,   0.8782] 
	x253: [  1.3262,   1.4262] 
	x254: [  0.0681,   0.1681] 
	x255: [ -2.1674,  -2.0674] 
	x256: [  2.6055,   2.7055] 
	x257: [ -1.5806,  -1.4806] 
	x258: [  1.5566,   1.6566] 
	x259: [ -1.1278,  -1.0278] 
	x260: [  1.9824,   2.0824] 
	x261: [ -0.5551,  -0.4551] 
	x262: [  0.0564,   0.1564] 
	x263: [ -1.3969,  -1.2969] 
	x264: [ -0.3088,  -0.2088] 
	x265: [  0.2195,   0.3195] 
	x266: [  1.5658,   1.6658] 
	x267: [ -1.4568,  -1.3568] 
	x268: [ -1.3719,  -1.2719] 
	x269: [  1.9831,   2.0831] 
	x270: [ -1.5647,  -1.4647] 
	x271: [ -0.2276,  -0.1276] 
	x272: [  0.3450,   0.4450] 
	x273: [  2.3838,   2.4838] 
	x274: [ -1.6396,  -1.5396] 
	x275: [  0.1786,   0.2786] 
	x276: [  1.9492,   2.0492] 
	x277: [  1.6948,   1.7948] 
	x278: [ -2.3723,  -2.2723] 
	x279: [  1.5869,   1.6869] 
	x280: [  0.7062,   0.8062] 
	x281: [ -0.0066,   0.0934] 
	x282: [ -0.3984,  -0.2984] 
	x283: [ -3.3969,  -3.2969] 
	x284: [  0.6602,   0.7602] 
	x285: [  0.6102,   0.7102] 
	x286: [ -0.9429,  -0.8429] 
	x287: [  2.0628,   2.1628] 
	x288: [ -0.4561,  -0.3561] 
	x289: [  0.7907,   0.8907] 
	x290: [  0.5953,   0.6953] 
	x291: [  1.2135,   1.3135] 
	x292: [  1.2569,   1.3569] 
	x293: [ -2.2326,  -2.1326] 
	x294: [ -1.8229,  -1.7229] 
	x295: [ -0.0285,   0.0715] 
	x296: [ -3.2963,  -3.1963] 
	x297: [  1.5785,   1.6785] 
	x298: [ -0.4594,  -0.3594] 
	x299: [  2.1032,   2.2032] 
	x300: [  0.0554,   0.1554] 
	x301: [ -1.2230,  -1.1230] 
	x302: [  1.6893,   1.7893] 
	x303: [ -0.2923,  -0.1923] 
	x304: [  0.4962,   0.5962] 
	x305: [ -2.3062,  -2.2062] 
	x306: [ -1.1278,  -1.0278] 
	x307: [ -1.0491,  -0.9491] 
	x308: [ -1.3176,  -1.2176] 
	x309: [  2.0384,   2.1384] 
	x310: [ -0.7660,  -0.6660] 
	x311: [  0.7005,   0.8005] 
	x312: [ -2.8706,  -2.7706] 
	x313: [  0.0389,   0.1389] 
	x314: [  1.4451,   1.5451] 
	x315: [ -0.2573,  -0.1573] 
	x316: [ -2.4788,  -2.3788] 
	x317: [  3.0390,   3.1390] 
	x318: [ -2.3281,  -2.2281] 
	x319: [  0.4133,   0.5133] 
	x320: [  1.1053,   1.2053] 
	x321: [ -0.8664,  -0.7664] 
	x322: [ -4.4604,  -4.3604] 
	x323: [  1.6514,   1.7514] 
	x324: [  1.9279,   2.0279] 
	x325: [  0.4209,   0.5209] 
	x326: [ -0.4648,  -0.3648] 
	x327: [ -3.6672,  -3.5672] 
	x328: [  1.3531,   1.4531] 
	x329: [ -0.5425,  -0.4425] 
	x330: [ -2.2627,  -2.1627] 
	x331: [  1.3118,   1.4118] 
	x332: [ -4.2901,  -4.1901] 
	x333: [ -0.8187,  -0.7187] 
	x334: [  0.2692,   0.3692] 
	x335: [  1.4348,   1.5348] 
	x336: [  1.2359,   1.3359] 
	x337: [ -1.4541,  -1.3541] 
	x338: [ -0.2841,  -0.1841] 
	x339: [ -2.5346,  -2.4346] 
	x340: [ -0.8947,  -0.7947] 
	x341: [  2.9792,   3.0792] 
	x342: [ -0.1512,  -0.0512] 
	x343: [  0.7135,   0.8135] 
	x344: [  2.3244,   2.4244] 
	x345: [ -1.3948,  -1.2948] 
	x346: [  0.3866,   0.4866] 
	x347: [ -1.1076,  -1.0076] 
	x348: [  2.2901,   2.3901] 
	x349: [ -1.7034,  -1.6034] 
	x350: [ -0.8402,  -0.7402] 
	x351: [ -0.3645,  -0.2645] 
	x352: [  2.0792,   2.1792] 
	x353: [ -0.7821,  -0.6821] 
	x354: [  0.2826,   0.3826] 
	x355: [  1.3738,   1.4738] 
	x356: [ -0.3638,  -0.2638] 
	x357: [  1.9189,   2.0189] 
	x358: [  0.4731,   0.5731] 
	x359: [  0.1668,   0.2668] 
	x360: [ -1.2286,  -1.1286] 
	x361: [  0.6237,   0.7237] 
	x362: [ -0.9674,  -0.8674] 
	x363: [  2.5815,   2.6815] 
	x364: [  2.8280,   2.9280] 
	x365: [ -0.9720,  -0.8720] 
	x366: [ -3.0764,  -2.9764] 
	x367: [  0.6313,   0.7313] 
	x368: [ -1.2732,  -1.1732] 
	x369: [ -1.8332,  -1.7332] 
	x370: [ -1.1291,  -1.0291] 
	x371: [  0.0848,   0.1848] 
	x372: [  2.7201,   2.8201] 
	x373: [ -0.5801,  -0.4801] 
	x374: [ -1.3558,  -1.2558] 
	x375: [  1.9656,   2.0656] 
	x376: [  0.9744,   1.0744] 
	x377: [  0.5457,   0.6457] 
	x378: [  0.0387,   0.1387] 
	x379: [  0.4361,   0.5361] 
	x380: [ -1.4931,  -1.3931] 
	x381: [ -0.9282,  -0.8282] 
	x382: [  0.0315,   0.1315] 
	x383: [  1.0773,   1.1773] 
	x384: [  0.0433,   0.1433] 
	x385: [ -0.6317,  -0.5317] 
	x386: [ -4.1379,  -4.0379] 
	x387: [  1.8476,   1.9476] 
	x388: [  1.2600,   1.3600] 
	x389: [  0.2069,   0.3069] 
	x390: [  0.2286,   0.3286] 
	x391: [ -0.1945,  -0.0945] 
	x392: [ -0.1122,  -0.0122] 
	x393: [ -0.3886,  -0.2886] 
	x394: [  0.4566,   0.5566] 
	x395: [  1.5072,   1.6072] 
	x396: [ -3.4715,  -3.3715] 
	x397: [ -1.0940,  -0.9940] 
	x398: [ -0.8747,  -0.7747] 
	x399: [  0.1195,   0.2195] 
	x400: [  0.5970,   0.6970] 
	x401: [ -2.3459,  -2.2459] 
	x402: [ -1.4208,  -1.3208] 
	x403: [ -3.1389,  -3.0389] 
	x404: [ -0.1288,  -0.0288] 
	x405: [ -1.1464,  -1.0464] 
	x406: [  2.0223,   2.1223] 
	x407: [ -2.5553,  -2.4553] 
	x408: [ -1.2725,  -1.1725] 
	x409: [  4.1029,   4.2029] 
	x410: [  1.4894,   1.5894] 
	x411: [  1.4628,   1.5628] 
	x412: [ -2.2644,  -2.1644] 
	x413: [ -2.3938,  -2.2938] 
	x414: [  0.7822,   0.8822] 
	x415: [ -0.3765,  -0.2765] 
	x416: [ -2.2740,  -2.1740] 
	x417: [  1.1766,   1.2766] 
	x418: [ -0.3387,  -0.2387] 
	x419: [ -0.2823,  -0.1823] 
	x420: [ -2.3859,  -2.2859] 
	x421: [  0.3593,   0.4593] 
	x422: [ -0.9302,  -0.8302] 
	x423: [  3.3601,   3.4601] 
	x424: [  3.0036,   3.1036] 
	x425: [  0.1689,   0.2689] 
	x426: [ -5.9245,  -5.8245] 
	x427: [ -2.5037,  -2.4037] 
	x428: [  0.1170,   0.2170] 
	x429: [ -1.8204,  -1.7204] 
	x430: [ -1.7351,  -1.6351] 
	x431: [ -3.5414,  -3.4414] 
	x432: [ -0.9612,  -0.8612] 
	x433: [  1.1636,   1.2636] 
	x434: [  3.9870,   4.0870] 
	x435: [ -0.8770,  -0.7770] 
	x436: [ -1.6019,  -1.5019] 
	x437: [ -1.0343,  -0.9343] 
	x438: [ -4.9580,  -4.8580] 
	x439: [ -1.0168,  -0.9168] 
	x440: [ -1.6326,  -1.5326] 
	x441: [ -0.0721,   0.0279] 
	x442: [  3.8502,   3.9502] 
	x443: [  5.0988,   5.1988] 
	x444: [  4.0283,   4.1283] 
	x445: [  0.7645,   0.8645] 
	x446: [  2.7484,   2.8484] 
	x447: [ -1.2905,  -1.1905] 
	x448: [ -2.2364,  -2.1364] 
	x449: [ -1.0137,  -0.9137] 
	x450: [  2.4148,   2.5148] 
	x451: [ -0.8741,  -0.7741] 
	x452: [  1.4206,   1.5206] 
	x453: [ -0.2997,  -0.1997] 
	x454: [  0.4926,   0.5926] 
	x455: [ -0.5149,  -0.4149] 
	x456: [ -0.1129,  -0.0129] 
	x457: [ -2.1335,  -2.0335] 
	x458: [  2.1490,   2.2490] 
	x459: [ -4.1359,  -4.0359] 
	x460: [ -0.1495,  -0.0495] 
	x461: [  0.0881,   0.1881] 
	x462: [ -0.1706,  -0.0706] 
	x463: [ -0.5393,  -0.4393] 
	x464: [  0.2614,   0.3614] 
	x465: [  2.6259,   2.7259] 
	x466: [ -1.2955,  -1.1955] 
	x467: [ -4.3052,  -4.2052] 
	x468: [  0.7687,   0.8687] 
	x469: [ -0.9934,  -0.8934] 
	x470: [  3.0517,   3.1517] 
	x471: [  1.8141,   1.9141] 
	x472: [  4.6286,   4.7286] 
	x473: [ -2.3282,  -2.2282] 
	x474: [  0.5446,   0.6446] 
	x475: [ -0.0934,   0.0066] 
	x476: [  3.1589,   3.2589] 
	x477: [ -1.5867,  -1.4867] 
	x478: [  3.5487,   3.6487] 
	x479: [ -0.5981,  -0.4981] 
	x480: [  0.5047,   0.6047] 
	x481: [  1.2443,   1.3443] 
	x482: [ -0.9403,  -0.8403] 
	x483: [ -0.2428,  -0.1428] 
	x484: [ -2.6631,  -2.5631] 
	x485: [ -1.2599,  -1.1599] 
	x486: [ -1.1078,  -1.0078] 
	x487: [  3.9673,   4.0673] 
	x488: [  1.6766,   1.7766] 
	x489: [ -1.2281,  -1.1281] 
	x490: [ -3.4046,  -3.3046] 
	x491: [  2.0215,   2.1215] 
	x492: [  0.3130,   0.4130] 
	x493: [ -0.5372,  -0.4372] 
	x494: [ -1.0699,  -0.9699] 
	x495: [ -0.6152,  -0.5152] 
	x496: [  1.0680,   1.1680] 
	x497: [  1.5076,   1.6076] 
	x498: [  1.6458,   1.7458] 
	x499: [ -1.7957,  -1.6957] 
	x500: [  0.5810,   0.6810] 
	x501: [  0.4307,   0.5307] 
	x502: [ -0.1893,  -0.0893] 
	x503: [ -1.3581,  -1.2581] 
	x504: [ -3.5816,  -3.4816] 
	x505: [  0.7870,   0.8870] 
	x506: [ -0.4850,  -0.3850] 
	x507: [ -1.1389,  -1.0389] 
	x508: [ -0.9480,  -0.8480] 
	x509: [ -0.1362,  -0.0362] 
	x510: [ -1.0448,  -0.9448] 
	x511: [  3.0671,   3.1671] 

Branching heuristics set to PseudoImpact

Engine::solve: Initial statistics

20:03:38 Statistics update:
	--- Time Statistics ---
	Total time elapsed: 1558 milli (00:00:01)
		Main loop: 0 milli (00:00:00)
		Preprocessing time: 714 milli (00:00:00)
		Unknown: 844 milli (00:00:00)
	Breakdown for main loop:
		[0.00%] Simplex steps: 0 milli
		[0.00%] Explicit-basis bound tightening: 0 milli
		[0.00%] Constraint-matrix bound tightening: 0 milli
		[0.00%] Degradation checking: 0 milli
		[0.00%] Precision restoration: 0 milli
		[0.00%] Statistics handling: 0 milli
		[0.00%] Constraint-fixing steps: 0 milli
		[0.00%] Valid case splits: 0 milli. Average per split: 0.00 milli
		[0.00%] Applying stored bound-tightening: 0 milli
		[0.00%] SMT core: 0 milli
		[0.00%] Symbolic Bound Tightening: 39 milli
		[0.00%] SoI-based local search: 0 milli
		[0.00%] SoI-based local search: 0 milli
		[0.00%] Unaccounted for: 0 milli
	--- Preprocessor Statistics ---
	Number of preprocessor bound-tightening loop iterations: 3
	Number of eliminated variables: 161
	Number of constraints removed due to variable elimination: 161
	Number of equations removed due to variable elimination: 0
	--- Engine Statistics ---
	Number of main loop iterations: 1
		0 iterations were simplex steps. Total time: 0 milli. Average: 0.00 milli.
		0 iterations were constraint-fixing steps. Total time: 0 milli. Average: 0.00 milli
	Number of active piecewise-linear constraints: 95 / 95
		Constraints disabled by valid splits: 0. By SMT-originated splits: 0
	Last reported degradation: 0.0000000000. Max degradation so far: 0.0000000000. Restorations so far: 0
	Number of simplex pivots we attempted to skip because of instability: 0.
	Unstable pivots performed anyway: 0
	--- Tableau Statistics ---
	Total number of pivots performed: 0
		Real pivots: 0. Degenerate: 0 (0.00%)
		Degenerate pivots by request (e.g., to fix a PL constraint): 0 (0.00%)
		Average time per pivot: 0.00 milli
	Total number of fake pivots performed: 0
	Total number of rows added: 0. Number of merged columns: 0
	Current tableau dimensions: M = 705, N = 2017
	--- SMT Core Statistics ---
	Total depth is 0. Total visited states: 1. Number of splits: 0. Number of pops: 0
	Max stack depth: 0
	--- Bound Tightening Statistics ---
	Number of tightened bounds: 0.
		Number of rows examined by row tightener: 0. Consequent tightenings: 0
		Number of explicit basis matrices examined by row tightener: 0. Consequent tightenings: 0
		Number of bound tightening rounds on the entire constraint matrix: 0. Consequent tightenings: 0
		Number of bound notifications sent to PL constraints: 570. Tightenings proposed: 0
	--- Basis Factorization statistics ---
	Number of basis refactorizations: 2
	--- Projected Steepest Edge Statistics ---
	Number of iterations: 0.
	Number of resets to reference space: 1. Avg. iterations per reset: 0
	--- SBT ---
	Number of tightened bounds: 386
	--- SoI-based local search ---
	Number of proposed phase pattern update: 0. Number of accepted update: 0 [0.00%]
	Total time (% of local search time) updating SoI phase pattern : 0 milli [0.00%]
	Total time obtaining current assignment: 0 milli [0.00%]
	Total time getting SoI phase pattern : 0 milli [0.00%]
	--- Context dependent statistics ---
	Number of pushes / pops: 0 / 0
		[0.00%] Pre-Push hook: 0 milli
		[0.00%] Push : 0 milli
		[0.00%] Post-Pop hook: 0 milli
		[0.00%] Pop : 0 milli
		[0.00%] Total context-switching time: 0 milli
	--- Proof Certificate ---
	Number of certified leaves: 0
	Number of leaves to delegate: 0

---

Engine::solve: sat assignment found

20:03:44 Statistics update:
	--- Time Statistics ---
	Total time elapsed: 7776 milli (00:00:07)
		Main loop: 6217 milli (00:00:06)
		Preprocessing time: 714 milli (00:00:00)
		Unknown: 845 milli (00:00:00)
	Breakdown for main loop:
		[54.15%] Simplex steps: 3366 milli
		[44.55%] Explicit-basis bound tightening: 2769 milli
		[0.00%] Constraint-matrix bound tightening: 0 milli
		[0.44%] Degradation checking: 27 milli
		[0.00%] Precision restoration: 0 milli
		[0.20%] Statistics handling: 12 milli
		[0.00%] Constraint-fixing steps: 0 milli
		[0.00%] Valid case splits: 0 milli. Average per split: 0.00 milli
		[0.00%] Applying stored bound-tightening: 0 milli
		[0.00%] SMT core: 0 milli
		[1.00%] Symbolic Bound Tightening: 61 milli
		[28.25%] SoI-based local search: 1756 milli
		[0.00%] SoI-based local search: 0 milli
		[296700479448209.06%] Unaccounted for: 0 milli
	--- Preprocessor Statistics ---
	Number of preprocessor bound-tightening loop iterations: 3
	Number of eliminated variables: 161
	Number of constraints removed due to variable elimination: 161
	Number of equations removed due to variable elimination: 0
	--- Engine Statistics ---
	Number of main loop iterations: 377
		375 iterations were simplex steps. Total time: 3366 milli. Average: 8.98 milli.
		0 iterations were constraint-fixing steps. Total time: 0 milli. Average: 0.00 milli
	Number of active piecewise-linear constraints: 95 / 95
		Constraints disabled by valid splits: 0. By SMT-originated splits: 0
	Last reported degradation: 0.0000017979. Max degradation so far: 0.0000017979. Restorations so far: 0
	Number of simplex pivots we attempted to skip because of instability: 0.
	Unstable pivots performed anyway: 0
	--- Tableau Statistics ---
	Total number of pivots performed: 353
		Real pivots: 353. Degenerate: 0 (0.00%)
		Degenerate pivots by request (e.g., to fix a PL constraint): 0 (0.00%)
		Average time per pivot: 1.11 milli
	Total number of fake pivots performed: 20
	Total number of rows added: 0. Number of merged columns: 0
	Current tableau dimensions: M = 705, N = 2017
	--- SMT Core Statistics ---
	Total depth is 0. Total visited states: 1. Number of splits: 0. Number of pops: 0
	Max stack depth: 0
	--- Bound Tightening Statistics ---
	Number of tightened bounds: 0.
		Number of rows examined by row tightener: 353. Consequent tightenings: 0
		Number of explicit basis matrices examined by row tightener: 2. Consequent tightenings: 326
		Number of bound tightening rounds on the entire constraint matrix: 0. Consequent tightenings: 0
		Number of bound notifications sent to PL constraints: 1140. Tightenings proposed: 0
	--- Basis Factorization statistics ---
	Number of basis refactorizations: 4
	--- Projected Steepest Edge Statistics ---
	Number of iterations: 373.
	Number of resets to reference space: 1. Avg. iterations per reset: 373
	--- SBT ---
	Number of tightened bounds: 386
	--- SoI-based local search ---
	Number of proposed phase pattern update: 0. Number of accepted update: 1 [0.00%]
	Total time (% of local search time) updating SoI phase pattern : 1878 milli [0.11%]
	Total time obtaining current assignment: 451 milli [0.03%]
	Total time getting SoI phase pattern : 108 milli [0.00%]
	--- Context dependent statistics ---
	Number of pushes / pops: 0 / 0
		[0.00%] Pre-Push hook: 0 milli
		[0.00%] Push : 0 milli
		[0.00%] Post-Pop hook: 0 milli
		[0.00%] Pop : 0 milli
		[0.00%] Total context-switching time: 0 milli
	--- Proof Certificate ---
	Number of certified leaves: 0
	Number of leaves to delegate: 0
sat
Input assignment:
	x0 = -1.346949
	x1 = -0.242988
	x2 = -1.918862
	x3 = 1.211340
	x4 = -0.278111
	x5 = -1.146564
	x6 = -1.520241
	x7 = 0.566557
	x8 = -2.103483
	x9 = 0.437048
	x10 = 0.083563
	x11 = 0.531926
	x12 = 1.876817
	x13 = 3.161223
	x14 = 3.062439
	x15 = 2.574460
	x16 = -2.042646
	x17 = -0.450502
	x18 = -1.172115
	x19 = 0.255954
	x20 = 1.228276
	x21 = 0.265158
	x22 = -1.271008
	x23 = 0.671481
	x24 = 0.083392
	x25 = -4.624412
	x26 = 0.545404
	x27 = 1.813366
	x28 = -1.941524
	x29 = 1.931688
	x30 = 2.753968
	x31 = -2.545315
	x32 = 2.129491
	x33 = 0.443323
	x34 = -0.893460
	x35 = -1.842895
	x36 = -0.838700
	x37 = -0.153617
	x38 = 3.786550
	x39 = 1.191542
	x40 = -4.159727
	x41 = 1.530365
	x42 = -1.365691
	x43 = -1.606449
	x44 = -1.751823
	x45 = 0.448897
	x46 = 1.587440
	x47 = -4.033677
	x48 = 1.517530
	x49 = 2.509714
	x50 = 2.492076
	x51 = 0.385305
	x52 = 0.367743
	x53 = -2.059887
	x54 = 0.323372
	x55 = -3.259917
	x56 = 1.076106
	x57 = 1.502445
	x58 = -0.796228
	x59 = 0.360508
	x60 = 0.875860
	x61 = -0.161612
	x62 = 0.362794
	x63 = -1.984550
	x64 = -0.763423
	x65 = -0.160342
	x66 = -2.274737
	x67 = -1.896680
	x68 = 1.745826
	x69 = -2.415599
	x70 = 0.756790
	x71 = 0.421950
	x72 = 0.248926
	x73 = -1.882252
	x74 = -2.150536
	x75 = -0.853743
	x76 = 3.255251
	x77 = 3.157944
	x78 = -0.688305
	x79 = 3.133187
	x80 = 0.270180
	x81 = -0.256936
	x82 = 0.949204
	x83 = -1.088989
	x84 = -1.115781
	x85 = 0.417409
	x86 = 0.528769
	x87 = 4.804722
	x88 = -2.243584
	x89 = 2.661965
	x90 = -0.762527
	x91 = -0.628499
	x92 = -0.880764
	x93 = 0.896326
	x94 = -0.114285
	x95 = -0.989555
	x96 = 0.255666
	x97 = -2.527831
	x98 = -0.880785
	x99 = 1.033732
	x100 = -0.449797
	x101 = -2.687984
	x102 = -2.189735
	x103 = 2.798066
	x104 = 0.562704
	x105 = -1.759443
	x106 = 0.820026
	x107 = -0.606952
	x108 = 1.409420
	x109 = -2.322594
	x110 = 0.578663
	x111 = -0.192037
	x112 = 1.500158
	x113 = -1.006019
	x114 = 2.247249
	x115 = 1.052766
	x116 = -0.904073
	x117 = 2.012231
	x118 = 1.593465
	x119 = 1.884846
	x120 = 1.291922
	x121 = 1.033348
	x122 = 2.274814
	x123 = 0.264625
	x124 = -1.935006
	x125 = -1.982783
	x126 = -0.614124
	x127 = -1.464629
	x128 = 0.143377
	x129 = -3.751501
	x130 = -1.675225
	x131 = -0.282518
	x132 = 0.606854
	x133 = 1.823246
	x134 = 2.462242
	x135 = 0.996633
	x136 = 2.828041
	x137 = 1.004821
	x138 = 0.536312
	x139 = -0.884327
	x140 = -0.312305
	x141 = -1.261227
	x142 = 0.609355
	x143 = -0.970329
	x144 = 3.391580
	x145 = 0.020214
	x146 = -0.321198
	x147 = 1.120020
	x148 = -0.802080
	x149 = -1.567199
	x150 = 0.423928
	x151 = -0.926866
	x152 = -1.539681
	x153 = -0.127008
	x154 = 1.359010
	x155 = -1.234224
	x156 = -3.630882
	x157 = 1.421656
	x158 = 0.827875
	x159 = 1.039199
	x160 = -0.536172
	x161 = -0.466902
	x162 = -1.964261
	x163 = 0.139624
	x164 = -1.588093
	x165 = 0.576633
	x166 = 0.215353
	x167 = 0.632728
	x168 = -0.850123
	x169 = -0.165570
	x170 = 1.052692
	x171 = -1.365624
	x172 = 0.035289
	x173 = -1.282338
	x174 = 3.690234
	x175 = -2.533500
	x176 = -1.178689
	x177 = 0.799397
	x178 = 1.119760
	x179 = 1.676415
	x180 = -0.763211
	x181 = -2.602292
	x182 = 2.462867
	x183 = 0.959173
	x184 = -0.803565
	x185 = -1.794973
	x186 = 0.655717
	x187 = -1.703042
	x188 = -0.760640
	x189 = -2.078924
	x190 = 3.070654
	x191 = 2.147160
	x192 = 1.601236
	x193 = -0.939717
	x194 = -0.235432
	x195 = 0.506784
	x196 = -0.468441
	x197 = 1.770102
	x198 = 0.093983
	x199 = 1.412209
	x200 = 0.578528
	x201 = 0.458838
	x202 = 3.587650
	x203 = -1.973978
	x204 = -1.562276
	x205 = 0.027153
	x206 = 0.140157
	x207 = 0.061023
	x208 = -1.032046
	x209 = -5.390070
	x210 = 0.513683
	x211 = -0.539842
	x212 = -0.888681
	x213 = -0.537311
	x214 = 0.434517
	x215 = -1.364900
	x216 = 0.533156
	x217 = 1.787936
	x218 = 1.617043
	x219 = 0.974937
	x220 = -0.672184
	x221 = -2.472886
	x222 = 0.030057
	x223 = 3.377668
	x224 = 0.197702
	x225 = 0.353366
	x226 = -1.919939
	x227 = -1.701232
	x228 = 1.191072
	x229 = -2.748603
	x230 = 3.431847
	x231 = 1.088113
	x232 = -1.435632
	x233 = -0.182482
	x234 = 1.407262
	x235 = 0.121759
	x236 = 0.264008
	x237 = -0.902552
	x238 = -0.269301
	x239 = 2.915167
	x240 = -1.399109
	x241 = 1.079866
	x242 = -0.182487
	x243 = 2.301619
	x244 = -3.026313
	x245 = -0.964591
	x246 = 0.818125
	x247 = -3.180946
	x248 = 2.974786
	x249 = 2.232560
	x250 = 1.036987
	x251 = -1.245907
	x252 = 0.878228
	x253 = 1.426165
	x254 = 0.168114
	x255 = -2.167407
	x256 = 2.705507
	x257 = -1.480650
	x258 = 1.656595
	x259 = -1.127795
	x260 = 2.027837
	x261 = -0.555082
	x262 = 0.156373
	x263 = -1.396923
	x264 = -0.208833
	x265 = 0.219464
	x266 = 1.565821
	x267 = -1.356790
	x268 = -1.271909
	x269 = 1.983101
	x270 = -1.564699
	x271 = -0.227630
	x272 = 0.445037
	x273 = 2.383760
	x274 = -1.639644
	x275 = 0.278616
	x276 = 2.049249
	x277 = 1.794835
	x278 = -2.272349
	x279 = 1.586930
	x280 = 0.806160
	x281 = -0.006627
	x282 = -0.398383
	x283 = -3.296860
	x284 = 0.760234
	x285 = 0.710196
	x286 = -0.942883
	x287 = 2.162844
	x288 = -0.356116
	x289 = 0.790690
	x290 = 0.595254
	x291 = 1.213492
	x292 = 1.256852
	x293 = -2.132560
	x294 = -1.722921
	x295 = 0.071530
	x296 = -3.296253
	x297 = 1.598450
	x298 = -0.359429
	x299 = 2.203246
	x300 = 0.055445
	x301 = -1.222971
	x302 = 1.789254
	x303 = -0.192271
	x304 = 0.596163
	x305 = -2.306227
	x306 = -1.027780
	x307 = -1.049051
	x308 = -1.317587
	x309 = 2.038394
	x310 = -0.665998
	x311 = 0.700469
	x312 = -2.770615
	x313 = 0.038865
	x314 = 1.445130
	x315 = -0.157313
	x316 = -2.478811
	x317 = 3.039032
	x318 = -2.328146
	x319 = 0.413279
	x320 = 1.105338
	x321 = -0.866371
	x322 = -4.360370
	x323 = 1.651373
	x324 = 2.027857
	x325 = 0.473057
	x326 = -0.364776
	x327 = -3.667152
	x328 = 1.453115
	x329 = -0.542512
	x330 = -2.162680
	x331 = 1.411766
	x332 = -4.190133
	x333 = -0.818710
	x334 = 0.269163
	x335 = 1.434825
	x336 = 1.235912
	x337 = -1.454127
	x338 = -0.284063
	x339 = -2.434646
	x340 = -0.794731
	x341 = 2.979187
	x342 = -0.051171
	x343 = 0.813475
	x344 = 2.341887
	x345 = -1.394766
	x346 = 0.386568
	x347 = -1.107627
	x348 = 2.290092
	x349 = -1.703417
	x350 = -0.740175
	x351 = -0.264485
	x352 = 2.179207
	x353 = -0.782121
	x354 = 0.382645
	x355 = 1.373792
	x356 = -0.363761
	x357 = 1.918865
	x358 = 0.473062
	x359 = 0.166837
	x360 = -1.128630
	x361 = 0.623726
	x362 = -0.867361
	x363 = 2.581531
	x364 = 2.927990
	x365 = -0.872005
	x366 = -2.976369
	x367 = 0.731317
	x368 = -1.273237
	x369 = -1.733206
	x370 = -1.129123
	x371 = 0.084772
	x372 = 2.720122
	x373 = -0.580108
	x374 = -1.255755
	x375 = 2.065579
	x376 = 0.974406
	x377 = 0.545711
	x378 = 0.138728
	x379 = 0.436143
	x380 = -1.432465
	x381 = -0.828246
	x382 = 0.031505
	x383 = 1.077318
	x384 = 0.143311
	x385 = -0.531750
	x386 = -4.037936
	x387 = 1.847631
	x388 = 1.259966
	x389 = 0.306865
	x390 = 0.328559
	x391 = -0.194457
	x392 = -0.112188
	x393 = -0.288642
	x394 = 0.556614
	x395 = 1.607239
	x396 = -3.471540
	x397 = -1.094013
	x398 = -0.874680
	x399 = 0.119497
	x400 = 0.697041
	x401 = -2.245873
	x402 = -1.420817
	x403 = -3.138894
	x404 = -0.128766
	x405 = -1.046359
	x406 = 2.022311
	x407 = -2.455341
	x408 = -1.272496
	x409 = 4.102920
	x410 = 1.489360
	x411 = 1.562836
	x412 = -2.164379
	x413 = -2.293810
	x414 = 0.782223
	x415 = -0.376545
	x416 = -2.173994
	x417 = 1.276620
	x418 = -0.338737
	x419 = -0.182338
	x420 = -2.385936
	x421 = 0.359265
	x422 = -0.930195
	x423 = 3.460115
	x424 = 3.003605
	x425 = 0.168947
	x426 = -5.924488
	x427 = -2.403660
	x428 = 0.216980
	x429 = -1.820439
	x430 = -1.735147
	x431 = -3.541436
	x432 = -0.961206
	x433 = 1.263589
	x434 = 3.986983
	x435 = -0.777008
	x436 = -1.501887
	x437 = -1.034296
	x438 = -4.920909
	x439 = -0.916822
	x440 = -1.632619
	x441 = -0.072138
	x442 = 3.950202
	x443 = 5.198812
	x444 = 4.128294
	x445 = 0.764495
	x446 = 2.748433
	x447 = -1.290539
	x448 = -2.136424
	x449 = -1.013698
	x450 = 2.514808
	x451 = -0.874063
	x452 = 1.440674
	x453 = -0.299700
	x454 = 0.492595
	x455 = -0.414917
	x456 = -0.112876
	x457 = -2.133466
	x458 = 2.148952
	x459 = -4.135923
	x460 = -0.149550
	x461 = 0.088108
	x462 = -0.170607
	x463 = -0.539254
	x464 = 0.361428
	x465 = 2.725932
	x466 = -1.295538
	x467 = -4.205184
	x468 = 0.768666
	x469 = -0.893404
	x470 = 3.051671
	x471 = 1.814053
	x472 = 4.628634
	x473 = -2.328219
	x474 = 0.544645
	x475 = -0.093351
	x476 = 3.258915
	x477 = -1.486668
	x478 = 3.548698
	x479 = -0.598068
	x480 = 0.504726
	x481 = 1.244348
	x482 = -0.940279
	x483 = -0.242829
	x484 = -2.563118
	x485 = -1.159931
	x486 = -1.107775
	x487 = 3.967250
	x488 = 1.676614
	x489 = -1.128115
	x490 = -3.304600
	x491 = 2.021544
	x492 = 0.312978
	x493 = -0.437207
	x494 = -1.069917
	x495 = -0.615155
	x496 = 1.168045
	x497 = 1.607616
	x498 = 1.645830
	x499 = -1.795667
	x500 = 0.681016
	x501 = 0.430710
	x502 = -0.089330
	x503 = -1.258106
	x504 = -3.581615
	x505 = 0.786994
	x506 = -0.384998
	x507 = -1.038851
	x508 = -0.848028
	x509 = -0.136195
	x510 = -0.944812
	x511 = 3.067104

Output:
	y0 = -7.883610
	y1 = 4.121642
	y2 = -5.520824
	y3 = -8.353441
	y4 = 7.322471
	y5 = -6.979985
	y6 = -5.892324
	y7 = 3.162795
	y8 = -3.440630
	y9 = -7.983636
	y10 = 8.401841
	y11 = -5.858963
	y12 = -5.474525
	y13 = 6.405711
	y14 = -4.787131
	y15 = -5.159255
	y16 = 9.211827
	y17 = -3.867827
	y18 = -8.984936
	y19 = 5.869538
	y20 = -8.445934
	y21 = -7.392500
	y22 = 3.377928
	y23 = -7.483665
	y24 = -8.337906
	y25 = 7.256263
	y26 = -8.678897
	y27 = -8.145199
	y28 = 4.590272
	y29 = -8.173527
	y30 = -2.177167
	y31 = 9.845047
	y32 = -2.824456
	y33 = -4.014194
	y34 = 2.669063
	y35 = -3.558955
	y36 = -2.020798
	y37 = 5.668694
	y38 = -0.292663
	y39 = -8.072158
	y40 = 22.541261
	y41 = -9.577216
	y42 = -7.297009
	y43 = 5.933298
	y44 = -7.016400
	y45 = -9.590995
	y46 = 8.988772
	y47 = -8.535514
	y48 = -5.843927
	y49 = 3.346784
	y50 = -5.531932
	y51 = -1.602138
	y52 = -4.483968
	y53 = -0.773542
	y54 = 2.004093
	y55 = -9.061739
	y56 = 4.420520
	y57 = -1.558343
	y58 = 15.137135
	y59 = 0.544561
	y60 = 4.749068
	y61 = -8.023014
	y62 = 4.178631
	y63 = 0.349135
	y64 = 23.435623
	y65 = -0.895255
	y66 = -4.626436
	y67 = 23.562950
	y68 = -4.397872
	y69 = -6.855224
	y70 = 12.114042
	y71 = -5.025107
	y72 = -3.077087
	y73 = -6.177679
	y74 = -1.102230
	y75 = -0.129499
	y76 = -8.255182
	y77 = 0.522734
	y78 = 2.342089
	y79 = -8.339495
	y80 = 5.405237
	y81 = 11.221599
	y82 = -26.289962
	y83 = 8.740413
	y84 = 12.603034
	y85 = -22.944905
	y86 = 9.126737
	y87 = 5.225768
	y88 = -11.699239
	y89 = 2.167490
	y90 = -5.370628
	y91 = 23.900729
	y92 = -5.711106
	y93 = -6.465685
	y94 = 12.010908
	y95 = -6.779328
	y96 = -6.679604
	y97 = 17.636327
	y98 = -6.697696
	y99 = 0.707888
	y100 = -12.209034
	y101 = 0.727787
	y102 = 4.027600
	y103 = -17.471892
	y104 = 5.828630
	y105 = 9.080362
	y106 = -23.201283
	y107 = 11.742765
	y108 = 12.076127
	y109 = -23.245669
	y110 = 11.366832
	y111 = 1.819914
	y112 = -11.809207
	y113 = 3.983159
	y114 = -4.712910
	y115 = 7.152220
	y116 = -3.271186
	y117 = -5.983260
	y118 = 6.796632
	y119 = -6.223384
	y120 = -5.795543
	y121 = 15.903667
	y122 = -8.990615
	y123 = 2.182661
	y124 = -11.730365
	y125 = -3.085693
	y126 = 0.409707
	y127 = -14.419973
	y128 = 2.231536
	y129 = 4.867229
	y130 = -15.627166
	y131 = 6.927434
	y132 = 6.801860
	y133 = -6.700037
	y134 = 2.984077
	y135 = 5.464846
	y136 = -10.511322
	y137 = 5.464835
	y138 = -3.634707
	y139 = 7.431102
	y140 = -1.926378
	y141 = -4.864446
	y142 = 4.701350
	y143 = -6.026095
	y144 = -8.327616
	y145 = 12.883188
	y146 = -10.853766
	y147 = -6.363733
	y148 = 17.432518
	y149 = -6.574535
	y150 = -0.630052
	y151 = -21.896785
	y152 = 2.073329
	y153 = 5.485089
	y154 = -18.173429
	y155 = 3.534640
	y156 = 3.260732
	y157 = -16.034736
	y158 = 1.372347
	y159 = -3.872346
	y160 = 16.591228
	y161 = -1.462723
	y162 = -8.191579
	y163 = 10.841371
	y164 = -7.415338
	y165 = -8.691766
	y166 = 9.576448
	y167 = -9.709023
	y168 = -6.250253
	y169 = 6.979150
	y170 = -4.690799
	y171 = -8.817129
	y172 = 2.535342
	y173 = -6.706898
	y174 = -9.023340
	y175 = 20.712972
	y176 = -9.476433
	y177 = -5.900158
	y178 = 9.142714
	y179 = -7.095851
	y180 = -4.881652
	y181 = 16.558489
	y182 = -7.347917
	y183 = -7.011788
	y184 = 16.546082
	y185 = -6.440750
	y186 = -10.164807
	y187 = 10.303933
	y188 = -9.070913
	y189 = -7.697504
	y190 = 4.690942
	y191 = -7.236964

