InputQuery: /home/levn/Workspace/othello_world/queries/probe_robust/game_34_target_45_eps_0.1.txt
Engine::processInputQuery: Input query (before preprocessing): 449 equations, 1216 variables
Engine::processInputQuery: Input query (after preprocessing): 705 equations, 1373 variables

Input bounds:
	x0: [ -0.8839,  -0.6839] 
	x1: [ -0.3537,  -0.1537] 
	x2: [ -0.3495,  -0.1495] 
	x3: [  1.2164,   1.4164] 
	x4: [  2.8260,   3.0260] 
	x5: [ -0.3945,  -0.1945] 
	x6: [ -2.7113,  -2.5113] 
	x7: [ -0.0566,   0.1434] 
	x8: [ -1.1289,  -0.9289] 
	x9: [ -0.2608,  -0.0608] 
	x10: [ -0.2938,  -0.0938] 
	x11: [  0.4526,   0.6526] 
	x12: [ -0.1592,   0.0408] 
	x13: [  0.5331,   0.7331] 
	x14: [ -0.7253,  -0.5253] 
	x15: [ -1.0926,  -0.8926] 
	x16: [ -1.1906,  -0.9906] 
	x17: [ -0.1906,   0.0094] 
	x18: [ -3.5321,  -3.3321] 
	x19: [ -0.6274,  -0.4274] 
	x20: [ -0.3932,  -0.1932] 
	x21: [ -1.8236,  -1.6236] 
	x22: [  0.4022,   0.6022] 
	x23: [  1.9459,   2.1459] 
	x24: [ -0.3610,  -0.1610] 
	x25: [ -1.9048,  -1.7048] 
	x26: [  1.4104,   1.6104] 
	x27: [ -1.1769,  -0.9769] 
	x28: [  1.1469,   1.3469] 
	x29: [ -1.3319,  -1.1319] 
	x30: [ -0.4459,  -0.2459] 
	x31: [  2.4195,   2.6195] 
	x32: [ -2.0172,  -1.8172] 
	x33: [ -1.4320,  -1.2320] 
	x34: [  1.1082,   1.3082] 
	x35: [ -1.0813,  -0.8813] 
	x36: [  0.8053,   1.0053] 
	x37: [  1.5059,   1.7059] 
	x38: [  1.9771,   2.1771] 
	x39: [  2.0680,   2.2680] 
	x40: [ -1.7432,  -1.5432] 
	x41: [ -0.6983,  -0.4983] 
	x42: [  0.7466,   0.9466] 
	x43: [ -0.3312,  -0.1312] 
	x44: [ -1.3158,  -1.1158] 
	x45: [ -1.7558,  -1.5558] 
	x46: [ -2.8929,  -2.6929] 
	x47: [  1.5530,   1.7530] 
	x48: [  0.2481,   0.4481] 
	x49: [  1.6872,   1.8872] 
	x50: [ -1.5538,  -1.3538] 
	x51: [  0.1512,   0.3512] 
	x52: [  2.3340,   2.5340] 
	x53: [ -0.1749,   0.0251] 
	x54: [ -0.9576,  -0.7576] 
	x55: [ -1.1720,  -0.9720] 
	x56: [ -0.2847,  -0.0847] 
	x57: [  3.4874,   3.6874] 
	x58: [ -1.3023,  -1.1023] 
	x59: [  2.5173,   2.7173] 
	x60: [  2.8713,   3.0713] 
	x61: [ -3.5692,  -3.3692] 
	x62: [ -1.7963,  -1.5963] 
	x63: [  0.5189,   0.7189] 
	x64: [  0.3389,   0.5389] 
	x65: [ -2.2155,  -2.0155] 
	x66: [  0.7922,   0.9922] 
	x67: [  1.7761,   1.9761] 
	x68: [ -2.0313,  -1.8313] 
	x69: [ -0.7279,  -0.5279] 
	x70: [  2.3050,   2.5050] 
	x71: [  1.1615,   1.3615] 
	x72: [ -0.6569,  -0.4569] 
	x73: [  0.6369,   0.8369] 
	x74: [ -0.3701,  -0.1701] 
	x75: [ -0.1574,   0.0426] 
	x76: [  2.7388,   2.9388] 
	x77: [  1.2144,   1.4144] 
	x78: [ -0.2746,  -0.0746] 
	x79: [ -0.5008,  -0.3008] 
	x80: [  1.7107,   1.9107] 
	x81: [  1.3695,   1.5695] 
	x82: [ -0.5247,  -0.3247] 
	x83: [  0.5727,   0.7727] 
	x84: [  0.5703,   0.7703] 
	x85: [ -0.2156,  -0.0156] 
	x86: [  1.2050,   1.4050] 
	x87: [  0.5189,   0.7189] 
	x88: [ -1.2477,  -1.0477] 
	x89: [  2.7893,   2.9893] 
	x90: [ -0.4383,  -0.2383] 
	x91: [ -0.9656,  -0.7656] 
	x92: [ -1.1979,  -0.9979] 
	x93: [  1.4523,   1.6523] 
	x94: [ -0.2345,  -0.0345] 
	x95: [ -2.6468,  -2.4468] 
	x96: [  0.7702,   0.9702] 
	x97: [ -0.2329,  -0.0329] 
	x98: [  0.9976,   1.1976] 
	x99: [  1.7091,   1.9091] 
	x100: [  0.0104,   0.2104] 
	x101: [  0.1613,   0.3613] 
	x102: [ -0.3360,  -0.1360] 
	x103: [  0.0867,   0.2867] 
	x104: [  0.2496,   0.4496] 
	x105: [ -3.5176,  -3.3176] 
	x106: [ -0.4781,  -0.2781] 
	x107: [ -2.1253,  -1.9253] 
	x108: [ -1.9480,  -1.7480] 
	x109: [ -0.1470,   0.0530] 
	x110: [  1.1572,   1.3572] 
	x111: [  3.7802,   3.9802] 
	x112: [ -0.5996,  -0.3996] 
	x113: [  0.2413,   0.4413] 
	x114: [  2.1269,   2.3269] 
	x115: [ -0.5826,  -0.3826] 
	x116: [  1.0079,   1.2079] 
	x117: [  1.2439,   1.4439] 
	x118: [ -1.5187,  -1.3187] 
	x119: [ -1.3787,  -1.1787] 
	x120: [ -0.7846,  -0.5846] 
	x121: [  2.0833,   2.2833] 
	x122: [  2.5648,   2.7648] 
	x123: [ -1.4473,  -1.2473] 
	x124: [ -4.7218,  -4.5218] 
	x125: [ -5.2848,  -5.0848] 
	x126: [ -1.1117,  -0.9117] 
	x127: [ -1.1558,  -0.9558] 
	x128: [ -0.9742,  -0.7742] 
	x129: [ -1.1495,  -0.9495] 
	x130: [  1.1522,   1.3522] 
	x131: [ -1.1696,  -0.9696] 
	x132: [ -2.6086,  -2.4086] 
	x133: [ -3.0867,  -2.8867] 
	x134: [  0.4365,   0.6365] 
	x135: [  2.3752,   2.5752] 
	x136: [ -0.0924,   0.1076] 
	x137: [  2.2849,   2.4849] 
	x138: [  1.1800,   1.3800] 
	x139: [  1.0609,   1.2609] 
	x140: [  2.9148,   3.1148] 
	x141: [  1.5108,   1.7108] 
	x142: [ -0.0011,   0.1989] 
	x143: [ -1.7959,  -1.5959] 
	x144: [  0.3811,   0.5811] 
	x145: [ -1.0396,  -0.8396] 
	x146: [  1.3496,   1.5496] 
	x147: [  3.4970,   3.6970] 
	x148: [ -0.6509,  -0.4509] 
	x149: [ -1.1451,  -0.9451] 
	x150: [  2.3258,   2.5258] 
	x151: [  1.5079,   1.7079] 
	x152: [  0.2536,   0.4536] 
	x153: [ -1.3022,  -1.1022] 
	x154: [  1.6656,   1.8656] 
	x155: [  1.2358,   1.4358] 
	x156: [ -1.8815,  -1.6815] 
	x157: [ -0.0290,   0.1710] 
	x158: [ -4.4205,  -4.2205] 
	x159: [  1.5141,   1.7141] 
	x160: [  1.5331,   1.7331] 
	x161: [  0.4884,   0.6884] 
	x162: [  0.4684,   0.6684] 
	x163: [ -2.0318,  -1.8318] 
	x164: [ -0.8056,  -0.6056] 
	x165: [ -2.2434,  -2.0434] 
	x166: [  0.2716,   0.4716] 
	x167: [  0.4492,   0.6492] 
	x168: [  2.9625,   3.1625] 
	x169: [ -2.7146,  -2.5146] 
	x170: [ -1.4101,  -1.2101] 
	x171: [ -1.3491,  -1.1491] 
	x172: [  1.7678,   1.9678] 
	x173: [ -0.5340,  -0.3340] 
	x174: [ -0.7094,  -0.5094] 
	x175: [ -0.1587,   0.0413] 
	x176: [ -2.0719,  -1.8719] 
	x177: [  2.3224,   2.5224] 
	x178: [  1.2144,   1.4144] 
	x179: [  0.1485,   0.3485] 
	x180: [  0.3047,   0.5047] 
	x181: [ -0.0372,   0.1628] 
	x182: [  2.8329,   3.0329] 
	x183: [ -1.5765,  -1.3765] 
	x184: [ -1.5276,  -1.3276] 
	x185: [ -2.8898,  -2.6898] 
	x186: [ -0.2759,  -0.0759] 
	x187: [  1.6332,   1.8332] 
	x188: [  2.1790,   2.3790] 
	x189: [  1.4330,   1.6330] 
	x190: [  0.4683,   0.6683] 
	x191: [  1.4553,   1.6553] 
	x192: [ -0.2248,  -0.0248] 
	x193: [ -1.4226,  -1.2226] 
	x194: [  0.4838,   0.6838] 
	x195: [  2.1011,   2.3011] 
	x196: [  0.8859,   1.0859] 
	x197: [  2.1365,   2.3365] 
	x198: [ -0.6317,  -0.4317] 
	x199: [ -1.6635,  -1.4635] 
	x200: [  0.9083,   1.1083] 
	x201: [ -0.2777,  -0.0777] 
	x202: [ -2.1213,  -1.9213] 
	x203: [  1.0381,   1.2381] 
	x204: [ -0.6415,  -0.4415] 
	x205: [  1.7008,   1.9008] 
	x206: [  0.0179,   0.2179] 
	x207: [ -0.0866,   0.1134] 
	x208: [ -1.3534,  -1.1534] 
	x209: [ -2.8289,  -2.6289] 
	x210: [ -0.0319,   0.1681] 
	x211: [ -0.8564,  -0.6564] 
	x212: [ -3.0624,  -2.8624] 
	x213: [ -1.2693,  -1.0693] 
	x214: [  1.8447,   2.0447] 
	x215: [ -1.0928,  -0.8928] 
	x216: [  2.6666,   2.8666] 
	x217: [ -0.2962,  -0.0962] 
	x218: [ -1.3695,  -1.1695] 
	x219: [ -3.4058,  -3.2058] 
	x220: [  0.5961,   0.7961] 
	x221: [  1.2676,   1.4676] 
	x222: [ -1.2930,  -1.0930] 
	x223: [ -1.0635,  -0.8635] 
	x224: [ -2.8871,  -2.6871] 
	x225: [  0.7039,   0.9039] 
	x226: [  1.2996,   1.4996] 
	x227: [ -1.7166,  -1.5166] 
	x228: [ -2.4177,  -2.2177] 
	x229: [  1.6764,   1.8764] 
	x230: [  5.0895,   5.2895] 
	x231: [  4.8230,   5.0230] 
	x232: [ -1.7536,  -1.5536] 
	x233: [ -1.6154,  -1.4154] 
	x234: [ -2.1804,  -1.9804] 
	x235: [ -0.7498,  -0.5498] 
	x236: [  1.5269,   1.7269] 
	x237: [ -3.0149,  -2.8149] 
	x238: [  1.3261,   1.5261] 
	x239: [  2.8410,   3.0410] 
	x240: [  1.3080,   1.5080] 
	x241: [  4.8559,   5.0559] 
	x242: [ -3.1462,  -2.9462] 
	x243: [ -0.7557,  -0.5557] 
	x244: [  0.1559,   0.3559] 
	x245: [  0.0570,   0.2570] 
	x246: [  1.0002,   1.2002] 
	x247: [ -1.1710,  -0.9710] 
	x248: [  0.5999,   0.7999] 
	x249: [  0.3029,   0.5029] 
	x250: [ -0.4135,  -0.2135] 
	x251: [ -0.8777,  -0.6777] 
	x252: [ -1.8761,  -1.6761] 
	x253: [ -0.4367,  -0.2367] 
	x254: [  1.5336,   1.7336] 
	x255: [ -3.7979,  -3.5979] 
	x256: [ -1.1418,  -0.9418] 
	x257: [ -3.7199,  -3.5199] 
	x258: [  0.5543,   0.7543] 
	x259: [ -2.5545,  -2.3545] 
	x260: [  2.4807,   2.6807] 
	x261: [ -0.4713,  -0.2713] 
	x262: [  2.0405,   2.2405] 
	x263: [ -0.5065,  -0.3065] 
	x264: [ -0.2780,  -0.0780] 
	x265: [ -2.7115,  -2.5115] 
	x266: [ -0.7732,  -0.5732] 
	x267: [  2.4819,   2.6819] 
	x268: [ -0.9179,  -0.7179] 
	x269: [  3.0554,   3.2554] 
	x270: [ -0.2323,  -0.0323] 
	x271: [ -2.3106,  -2.1106] 
	x272: [  0.0676,   0.2676] 
	x273: [  2.1172,   2.3172] 
	x274: [  0.3729,   0.5729] 
	x275: [  0.4946,   0.6946] 
	x276: [ -0.0201,   0.1799] 
	x277: [  0.0860,   0.2860] 
	x278: [ -3.8554,  -3.6554] 
	x279: [  1.8812,   2.0812] 
	x280: [  1.8838,   2.0838] 
	x281: [  1.3017,   1.5017] 
	x282: [ -0.9998,  -0.7998] 
	x283: [ -1.4482,  -1.2482] 
	x284: [ -0.2819,  -0.0819] 
	x285: [  0.2164,   0.4164] 
	x286: [ -0.8020,  -0.6020] 
	x287: [  0.9814,   1.1814] 
	x288: [  0.6391,   0.8391] 
	x289: [ -0.8522,  -0.6522] 
	x290: [ -1.3971,  -1.1971] 
	x291: [  0.2788,   0.4788] 
	x292: [  4.5702,   4.7702] 
	x293: [ -0.6028,  -0.4028] 
	x294: [  0.6484,   0.8484] 
	x295: [ -0.6617,  -0.4617] 
	x296: [  0.7394,   0.9394] 
	x297: [ -0.2377,  -0.0377] 
	x298: [ -6.3903,  -6.1903] 
	x299: [ -0.8378,  -0.6378] 
	x300: [  0.4397,   0.6397] 
	x301: [ -0.0787,   0.1213] 
	x302: [ -0.8449,  -0.6449] 
	x303: [ -0.4400,  -0.2400] 
	x304: [  1.0549,   1.2549] 
	x305: [  2.7071,   2.9071] 
	x306: [  0.8946,   1.0946] 
	x307: [ -2.1661,  -1.9661] 
	x308: [ -0.0838,   0.1162] 
	x309: [ -1.3130,  -1.1130] 
	x310: [  1.4878,   1.6878] 
	x311: [  0.4316,   0.6316] 
	x312: [ -3.8034,  -3.6034] 
	x313: [  0.9844,   1.1844] 
	x314: [  0.5488,   0.7488] 
	x315: [ -1.2907,  -1.0907] 
	x316: [  0.9227,   1.1227] 
	x317: [ -2.5064,  -2.3064] 
	x318: [ -1.4326,  -1.2326] 
	x319: [ -0.1303,   0.0697] 
	x320: [  2.2067,   2.4067] 
	x321: [ -2.1195,  -1.9195] 
	x322: [ -1.2197,  -1.0197] 
	x323: [  0.8860,   1.0860] 
	x324: [ -1.3088,  -1.1088] 
	x325: [ -0.3455,  -0.1455] 
	x326: [  1.0071,   1.2071] 
	x327: [ -1.5216,  -1.3216] 
	x328: [ -0.4931,  -0.2931] 
	x329: [ -0.0092,   0.1908] 
	x330: [ -2.2724,  -2.0724] 
	x331: [ -0.1420,   0.0580] 
	x332: [ -1.5128,  -1.3128] 
	x333: [ -0.0074,   0.1926] 
	x334: [ -1.5154,  -1.3154] 
	x335: [ -1.3963,  -1.1963] 
	x336: [ -1.0861,  -0.8861] 
	x337: [ -2.2170,  -2.0170] 
	x338: [ -3.5220,  -3.3220] 
	x339: [  0.1198,   0.3198] 
	x340: [ -0.6398,  -0.4398] 
	x341: [  1.2633,   1.4633] 
	x342: [ -0.5258,  -0.3258] 
	x343: [  3.3731,   3.5731] 
	x344: [ -0.7854,  -0.5854] 
	x345: [  0.3746,   0.5746] 
	x346: [ -1.3702,  -1.1702] 
	x347: [ -1.0431,  -0.8431] 
	x348: [  3.0668,   3.2668] 
	x349: [  3.0123,   3.2123] 
	x350: [ -1.1229,  -0.9229] 
	x351: [  1.9722,   2.1722] 
	x352: [  0.4976,   0.6976] 
	x353: [  0.7095,   0.9095] 
	x354: [ -1.3342,  -1.1342] 
	x355: [ -0.4643,  -0.2643] 
	x356: [ -1.5185,  -1.3185] 
	x357: [  4.8512,   5.0512] 
	x358: [  2.3289,   2.5289] 
	x359: [  0.4196,   0.6196] 
	x360: [ -1.7515,  -1.5515] 
	x361: [ -1.0847,  -0.8847] 
	x362: [ -2.4957,  -2.2957] 
	x363: [  0.9350,   1.1350] 
	x364: [  0.1637,   0.3637] 
	x365: [  2.0155,   2.2155] 
	x366: [  0.1419,   0.3419] 
	x367: [  0.2209,   0.4209] 
	x368: [ -3.7475,  -3.5475] 
	x369: [  0.1659,   0.3659] 
	x370: [  3.6835,   3.8835] 
	x371: [ -0.7714,  -0.5714] 
	x372: [  1.4042,   1.6042] 
	x373: [  0.9804,   1.1804] 
	x374: [ -1.5499,  -1.3499] 
	x375: [  1.3424,   1.5424] 
	x376: [  2.7074,   2.9074] 
	x377: [ -0.7291,  -0.5291] 
	x378: [ -3.7491,  -3.5491] 
	x379: [ -4.6455,  -4.4455] 
	x380: [ -0.4233,  -0.2233] 
	x381: [  3.3875,   3.5875] 
	x382: [  1.0231,   1.2231] 
	x383: [  2.2344,   2.4344] 
	x384: [ -1.7704,  -1.5704] 
	x385: [  0.8044,   1.0044] 
	x386: [ -1.3851,  -1.1851] 
	x387: [ -0.5183,  -0.3183] 
	x388: [  2.2683,   2.4683] 
	x389: [  3.5490,   3.7490] 
	x390: [ -1.3264,  -1.1264] 
	x391: [ -3.9481,  -3.7481] 
	x392: [  1.7142,   1.9142] 
	x393: [ -2.3304,  -2.1304] 
	x394: [ -2.8981,  -2.6981] 
	x395: [ -2.1866,  -1.9866] 
	x396: [ -1.1672,  -0.9672] 
	x397: [ -0.0502,   0.1498] 
	x398: [  2.5331,   2.7331] 
	x399: [  0.3312,   0.5312] 
	x400: [  3.4847,   3.6847] 
	x401: [  0.7418,   0.9418] 
	x402: [  0.2326,   0.4326] 
	x403: [ -1.1512,  -0.9512] 
	x404: [ -0.8011,  -0.6011] 
	x405: [ -1.6879,  -1.4879] 
	x406: [ -0.1060,   0.0940] 
	x407: [  0.5124,   0.7124] 
	x408: [  1.2749,   1.4749] 
	x409: [ -0.7677,  -0.5677] 
	x410: [ -1.7717,  -1.5717] 
	x411: [ -0.7808,  -0.5808] 
	x412: [ -3.4945,  -3.2945] 
	x413: [ -0.1077,   0.0923] 
	x414: [ -1.4572,  -1.2572] 
	x415: [ -1.2006,  -1.0006] 
	x416: [  2.4527,   2.6527] 
	x417: [  2.2444,   2.4444] 
	x418: [ -1.4773,  -1.2773] 
	x419: [  0.8071,   1.0071] 
	x420: [ -2.6493,  -2.4493] 
	x421: [  0.9113,   1.1113] 
	x422: [ -0.6966,  -0.4966] 
	x423: [  0.2821,   0.4821] 
	x424: [  3.4539,   3.6539] 
	x425: [  0.9160,   1.1160] 
	x426: [ -2.2531,  -2.0531] 
	x427: [ -2.1111,  -1.9111] 
	x428: [ -0.6222,  -0.4222] 
	x429: [ -0.0595,   0.1405] 
	x430: [ -3.3919,  -3.1919] 
	x431: [ -1.2350,  -1.0350] 
	x432: [  0.0318,   0.2318] 
	x433: [ -0.6039,  -0.4039] 
	x434: [  3.4436,   3.6436] 
	x435: [  2.1374,   2.3374] 
	x436: [  0.4790,   0.6790] 
	x437: [  0.7581,   0.9581] 
	x438: [ -1.8479,  -1.6479] 
	x439: [  0.1648,   0.3648] 
	x440: [ -0.6560,  -0.4560] 
	x441: [ -1.2523,  -1.0523] 
	x442: [ -0.0655,   0.1345] 
	x443: [  1.1495,   1.3495] 
	x444: [  3.0027,   3.2027] 
	x445: [  0.4846,   0.6846] 
	x446: [  0.6504,   0.8504] 
	x447: [ -1.1232,  -0.9232] 
	x448: [ -0.8254,  -0.6254] 
	x449: [ -1.4890,  -1.2890] 
	x450: [  2.5518,   2.7518] 
	x451: [ -1.4978,  -1.2978] 
	x452: [  0.7495,   0.9495] 
	x453: [ -4.7636,  -4.5636] 
	x454: [ -3.4259,  -3.2259] 
	x455: [ -1.7444,  -1.5444] 
	x456: [ -0.2451,  -0.0451] 
	x457: [  0.0965,   0.2965] 
	x458: [  0.5534,   0.7534] 
	x459: [ -0.5349,  -0.3349] 
	x460: [ -0.1925,   0.0075] 
	x461: [ -1.0558,  -0.8558] 
	x462: [ -3.3641,  -3.1641] 
	x463: [ -0.5187,  -0.3187] 
	x464: [ -0.3468,  -0.1468] 
	x465: [  1.7436,   1.9436] 
	x466: [  1.2089,   1.4089] 
	x467: [ -2.6686,  -2.4686] 
	x468: [  0.7832,   0.9832] 
	x469: [ -4.0840,  -3.8840] 
	x470: [  0.4086,   0.6086] 
	x471: [  0.9488,   1.1488] 
	x472: [  0.5562,   0.7562] 
	x473: [ -1.7033,  -1.5033] 
	x474: [ -0.0277,   0.1723] 
	x475: [  0.2761,   0.4761] 
	x476: [  1.4150,   1.6150] 
	x477: [  2.3832,   2.5832] 
	x478: [  1.9193,   2.1193] 
	x479: [ -0.8867,  -0.6867] 
	x480: [  0.1790,   0.3790] 
	x481: [  1.1207,   1.3207] 
	x482: [  1.3820,   1.5820] 
	x483: [ -1.6512,  -1.4512] 
	x484: [ -1.4961,  -1.2961] 
	x485: [ -2.3020,  -2.1020] 
	x486: [  0.7160,   0.9160] 
	x487: [  0.8832,   1.0832] 
	x488: [  1.2438,   1.4438] 
	x489: [  0.1099,   0.3099] 
	x490: [  0.1844,   0.3844] 
	x491: [  3.8454,   4.0454] 
	x492: [  0.3815,   0.5815] 
	x493: [ -3.0017,  -2.8017] 
	x494: [ -3.0177,  -2.8177] 
	x495: [ -1.4568,  -1.2568] 
	x496: [  0.3035,   0.5035] 
	x497: [  1.7776,   1.9776] 
	x498: [  0.5278,   0.7278] 
	x499: [  0.7581,   0.9581] 
	x500: [  0.0849,   0.2849] 
	x501: [ -0.5204,  -0.3204] 
	x502: [ -3.7426,  -3.5426] 
	x503: [ -0.9181,  -0.7181] 
	x504: [  1.6979,   1.8979] 
	x505: [  1.5538,   1.7538] 
	x506: [ -0.1191,   0.0809] 
	x507: [ -1.9544,  -1.7544] 
	x508: [ -2.6207,  -2.4207] 
	x509: [  0.8605,   1.0605] 
	x510: [  0.8219,   1.0219] 
	x511: [  1.8496,   2.0496] 

Branching heuristics set to PseudoImpact

Engine::solve: Initial statistics

02:34:07 Statistics update:
	--- Time Statistics ---
	Total time elapsed: 1305 milli (00:00:01)
		Main loop: 0 milli (00:00:00)
		Preprocessing time: 629 milli (00:00:00)
		Unknown: 676 milli (00:00:00)
	Breakdown for main loop:
		[0.00%] Simplex steps: 0 milli
		[0.00%] Explicit-basis bound tightening: 0 milli
		[0.00%] Constraint-matrix bound tightening: 0 milli
		[0.00%] Degradation checking: 0 milli
		[0.00%] Precision restoration: 0 milli
		[0.00%] Statistics handling: 0 milli
		[0.00%] Constraint-fixing steps: 0 milli
		[0.00%] Valid case splits: 0 milli. Average per split: 0.00 milli
		[0.00%] Applying stored bound-tightening: 0 milli
		[0.00%] SMT core: 0 milli
		[0.00%] Symbolic Bound Tightening: 36 milli
		[0.00%] SoI-based local search: 0 milli
		[0.00%] SoI-based local search: 0 milli
		[0.00%] Unaccounted for: 0 milli
	--- Preprocessor Statistics ---
	Number of preprocessor bound-tightening loop iterations: 3
	Number of eliminated variables: 100
	Number of constraints removed due to variable elimination: 100
	Number of equations removed due to variable elimination: 0
	--- Engine Statistics ---
	Number of main loop iterations: 1
		0 iterations were simplex steps. Total time: 0 milli. Average: 0.00 milli.
		0 iterations were constraint-fixing steps. Total time: 0 milli. Average: 0.00 milli
	Number of active piecewise-linear constraints: 156 / 156
		Constraints disabled by valid splits: 0. By SMT-originated splits: 0
	Last reported degradation: 0.0000000000. Max degradation so far: 0.0000000000. Restorations so far: 0
	Number of simplex pivots we attempted to skip because of instability: 0.
	Unstable pivots performed anyway: 0
	--- Tableau Statistics ---
	Total number of pivots performed: 0
		Real pivots: 0. Degenerate: 0 (0.00%)
		Degenerate pivots by request (e.g., to fix a PL constraint): 0 (0.00%)
		Average time per pivot: 0.00 milli
	Total number of fake pivots performed: 0
	Total number of rows added: 0. Number of merged columns: 0
	Current tableau dimensions: M = 705, N = 2078
	--- SMT Core Statistics ---
	Total depth is 0. Total visited states: 1. Number of splits: 0. Number of pops: 0
	Max stack depth: 0
	--- Bound Tightening Statistics ---
	Number of tightened bounds: 0.
		Number of rows examined by row tightener: 0. Consequent tightenings: 0
		Number of explicit basis matrices examined by row tightener: 0. Consequent tightenings: 0
		Number of bound tightening rounds on the entire constraint matrix: 0. Consequent tightenings: 0
		Number of bound notifications sent to PL constraints: 936. Tightenings proposed: 0
	--- Basis Factorization statistics ---
	Number of basis refactorizations: 2
	--- Projected Steepest Edge Statistics ---
	Number of iterations: 0.
	Number of resets to reference space: 1. Avg. iterations per reset: 0
	--- SBT ---
	Number of tightened bounds: 386
	--- SoI-based local search ---
	Number of proposed phase pattern update: 0. Number of accepted update: 0 [0.00%]
	Total time (% of local search time) updating SoI phase pattern : 0 milli [0.00%]
	Total time obtaining current assignment: 0 milli [0.00%]
	Total time getting SoI phase pattern : 0 milli [0.00%]
	--- Context dependent statistics ---
	Number of pushes / pops: 0 / 0
		[0.00%] Pre-Push hook: 0 milli
		[0.00%] Push : 0 milli
		[0.00%] Post-Pop hook: 0 milli
		[0.00%] Pop : 0 milli
		[0.00%] Total context-switching time: 0 milli
	--- Proof Certificate ---
	Number of certified leaves: 0
	Number of leaves to delegate: 0

---

02:36:53 Statistics update:
	--- Time Statistics ---
	Total time elapsed: 167030 milli (00:02:47)
		Main loop: 165722 milli (00:02:45)
		Preprocessing time: 629 milli (00:00:00)
		Unknown: 677 milli (00:00:00)
	Breakdown for main loop:
		[66.03%] Simplex steps: 109425 milli
		[27.05%] Explicit-basis bound tightening: 44823 milli
		[0.00%] Constraint-matrix bound tightening: 0 milli
		[0.35%] Degradation checking: 587 milli
		[0.00%] Precision restoration: 0 milli
		[0.16%] Statistics handling: 257 milli
		[0.00%] Constraint-fixing steps: 0 milli
		[0.01%] Valid case splits: 9 milli. Average per split: 0.00 milli
		[0.01%] Applying stored bound-tightening: 10 milli
		[0.22%] SMT core: 356 milli
		[1.50%] Symbolic Bound Tightening: 2482 milli
		[42.61%] SoI-based local search: 70618 milli
		[0.00%] SoI-based local search: 0 milli
		[4.69%] Unaccounted for: 7769 milli
	--- Preprocessor Statistics ---
	Number of preprocessor bound-tightening loop iterations: 3
	Number of eliminated variables: 100
	Number of constraints removed due to variable elimination: 100
	Number of equations removed due to variable elimination: 0
	--- Engine Statistics ---
	Number of main loop iterations: 10000
		9832 iterations were simplex steps. Total time: 109425 milli. Average: 11.13 milli.
		0 iterations were constraint-fixing steps. Total time: 0 milli. Average: 0.00 milli
	Number of active piecewise-linear constraints: 124 / 156
		Constraints disabled by valid splits: 0. By SMT-originated splits: 32
	Last reported degradation: 0.0000012274. Max degradation so far: 0.0000010966. Restorations so far: 0
	Number of simplex pivots we attempted to skip because of instability: 0.
	Unstable pivots performed anyway: 0
	--- Tableau Statistics ---
	Total number of pivots performed: 7440
		Real pivots: 7436. Degenerate: 4 (0.05%)
		Degenerate pivots by request (e.g., to fix a PL constraint): 0 (0.00%)
		Average time per pivot: 1.59 milli
	Total number of fake pivots performed: 1409
	Total number of rows added: 0. Number of merged columns: 0
	Current tableau dimensions: M = 705, N = 2078
	--- SMT Core Statistics ---
	Total depth is 32. Total visited states: 109. Number of splits: 69. Number of pops: 39
	Max stack depth: 39
	--- Bound Tightening Statistics ---
	Number of tightened bounds: 20716.
		Number of rows examined by row tightener: 7440. Consequent tightenings: 127
		Number of explicit basis matrices examined by row tightener: 33. Consequent tightenings: 2010
		Number of bound tightening rounds on the entire constraint matrix: 0. Consequent tightenings: 0
		Number of bound notifications sent to PL constraints: 3359. Tightenings proposed: 0
	--- Basis Factorization statistics ---
	Number of basis refactorizations: 50
	--- Projected Steepest Edge Statistics ---
	Number of iterations: 8849.
	Number of resets to reference space: 43. Avg. iterations per reset: 205
	--- SBT ---
	Number of tightened bounds: 21102
	--- SoI-based local search ---
	Number of proposed phase pattern update: 415. Number of accepted update: 346 [83.37%]
	Total time (% of local search time) updating SoI phase pattern : 149658 milli [0.21%]
	Total time obtaining current assignment: 840340 milli [1.19%]
	Total time getting SoI phase pattern : 104156 milli [0.06%]
	--- Context dependent statistics ---
	Number of pushes / pops: 108 / 76
		[0.02%] Pre-Push hook: 35 milli
		[0.00%] Push : 0 milli
		[0.01%] Post-Pop hook: 18 milli
		[0.02%] Pop : 25 milli
		[0.05%] Total context-switching time: 79 milli
	--- Proof Certificate ---
	Number of certified leaves: 0
	Number of leaves to delegate: 0


Engine: quitting due to timeout...

Final statistics:

02:39:08 Statistics update:
	--- Time Statistics ---
	Total time elapsed: 302287 milli (00:05:02)
		Main loop: 300979 milli (00:05:00)
		Preprocessing time: 629 milli (00:00:00)
		Unknown: 679 milli (00:00:00)
	Breakdown for main loop:
		[60.02%] Simplex steps: 180636 milli
		[31.78%] Explicit-basis bound tightening: 95645 milli
		[0.00%] Constraint-matrix bound tightening: 0 milli
		[0.31%] Degradation checking: 926 milli
		[0.00%] Precision restoration: 0 milli
		[0.13%] Statistics handling: 393 milli
		[0.00%] Constraint-fixing steps: 0 milli
		[0.01%] Valid case splits: 15 milli. Average per split: 0.00 milli
		[0.01%] Applying stored bound-tightening: 15 milli
		[0.26%] SMT core: 787 milli
		[1.41%] Symbolic Bound Tightening: 4236 milli
		[34.37%] SoI-based local search: 103443 milli
		[0.00%] SoI-based local search: 0 milli
		[6.09%] Unaccounted for: 18321 milli
	--- Preprocessor Statistics ---
	Number of preprocessor bound-tightening loop iterations: 3
	Number of eliminated variables: 100
	Number of constraints removed due to variable elimination: 100
	Number of equations removed due to variable elimination: 0
	--- Engine Statistics ---
	Number of main loop iterations: 15770
		15497 iterations were simplex steps. Total time: 180636 milli. Average: 11.66 milli.
		0 iterations were constraint-fixing steps. Total time: 0 milli. Average: 0.00 milli
	Number of active piecewise-linear constraints: 132 / 156
		Constraints disabled by valid splits: 0. By SMT-originated splits: 24
	Last reported degradation: 0.0000012274. Max degradation so far: 0.0107572936. Restorations so far: 0
	Number of simplex pivots we attempted to skip because of instability: 0.
	Unstable pivots performed anyway: 0
	--- Tableau Statistics ---
	Total number of pivots performed: 12227
		Real pivots: 12210. Degenerate: 17 (0.14%)
		Degenerate pivots by request (e.g., to fix a PL constraint): 0 (0.00%)
		Average time per pivot: 1.79 milli
	Total number of fake pivots performed: 1859
	Total number of rows added: 0. Number of merged columns: 0
	Current tableau dimensions: M = 705, N = 2078
	--- SMT Core Statistics ---
	Total depth is 23. Total visited states: 186. Number of splits: 103. Number of pops: 82
	Max stack depth: 39
	--- Bound Tightening Statistics ---
	Number of tightened bounds: 35198.
		Number of rows examined by row tightener: 12227. Consequent tightenings: 319
		Number of explicit basis matrices examined by row tightener: 70. Consequent tightenings: 3342
		Number of bound tightening rounds on the entire constraint matrix: 0. Consequent tightenings: 0
		Number of bound notifications sent to PL constraints: 4893. Tightenings proposed: 0
	--- Basis Factorization statistics ---
	Number of basis refactorizations: 87
	--- Projected Steepest Edge Statistics ---
	Number of iterations: 14086.
	Number of resets to reference space: 89. Avg. iterations per reset: 158
	--- SBT ---
	Number of tightened bounds: 35584
	--- SoI-based local search ---
	Number of proposed phase pattern update: 589. Number of accepted update: 486 [82.51%]
	Total time (% of local search time) updating SoI phase pattern : 219077 milli [0.21%]
	Total time obtaining current assignment: 1290080 milli [1.25%]
	Total time getting SoI phase pattern : 156927 milli [0.05%]
	--- Context dependent statistics ---
	Number of pushes / pops: 185 / 162
		[0.02%] Pre-Push hook: 54 milli
		[0.00%] Push : 0 milli
		[0.02%] Post-Pop hook: 60 milli
		[0.02%] Pop : 57 milli
		[0.06%] Total context-switching time: 172 milli
	--- Proof Certificate ---
	Number of certified leaves: 0
	Number of leaves to delegate: 0
Timeout
