InputQuery: /home/levn/Workspace/othello_world/queries/probe_robust/game_10_target_35_eps_0.1.txt
Engine::processInputQuery: Input query (before preprocessing): 449 equations, 1216 variables
Engine::processInputQuery: Input query (after preprocessing): 705 equations, 1407 variables

Input bounds:
	x0: [ -1.2420,  -1.0420] 
	x1: [ -0.2742,  -0.0742] 
	x2: [ -0.2557,  -0.0557] 
	x3: [  1.4205,   1.6205] 
	x4: [ -0.2166,  -0.0166] 
	x5: [ -2.2789,  -2.0789] 
	x6: [ -0.9371,  -0.7371] 
	x7: [ -1.8372,  -1.6372] 
	x8: [ -2.7370,  -2.5370] 
	x9: [ -1.8914,  -1.6914] 
	x10: [  0.9566,   1.1566] 
	x11: [ -1.1362,  -0.9362] 
	x12: [ -2.9105,  -2.7105] 
	x13: [ -1.0878,  -0.8878] 
	x14: [ -0.1698,   0.0302] 
	x15: [  0.1728,   0.3728] 
	x16: [ -0.4533,  -0.2533] 
	x17: [ -1.6570,  -1.4570] 
	x18: [ -1.5850,  -1.3850] 
	x19: [  5.0753,   5.2753] 
	x20: [  0.7764,   0.9764] 
	x21: [ -0.7076,  -0.5076] 
	x22: [  2.0561,   2.2561] 
	x23: [ -0.3330,  -0.1330] 
	x24: [  1.5861,   1.7861] 
	x25: [ -1.9381,  -1.7381] 
	x26: [  2.4285,   2.6285] 
	x27: [ -1.6099,  -1.4099] 
	x28: [  0.1723,   0.3723] 
	x29: [ -0.0730,   0.1270] 
	x30: [  4.1122,   4.3122] 
	x31: [  0.0875,   0.2875] 
	x32: [  0.4202,   0.6202] 
	x33: [ -2.5578,  -2.3578] 
	x34: [  0.2512,   0.4512] 
	x35: [  0.3059,   0.5059] 
	x36: [  0.4632,   0.6632] 
	x37: [ -1.6210,  -1.4210] 
	x38: [  1.0240,   1.2240] 
	x39: [  0.1143,   0.3143] 
	x40: [  2.4948,   2.6948] 
	x41: [ -0.0504,   0.1496] 
	x42: [ -0.0262,   0.1738] 
	x43: [ -0.1269,   0.0731] 
	x44: [  0.2795,   0.4795] 
	x45: [  0.2445,   0.4445] 
	x46: [  0.8802,   1.0802] 
	x47: [ -2.5280,  -2.3280] 
	x48: [ -0.4538,  -0.2538] 
	x49: [ -0.1057,   0.0943] 
	x50: [ -1.5467,  -1.3467] 
	x51: [ -1.5749,  -1.3749] 
	x52: [ -0.6962,  -0.4962] 
	x53: [ -0.7325,  -0.5325] 
	x54: [ -1.5090,  -1.3090] 
	x55: [ -0.3649,  -0.1649] 
	x56: [ -0.5834,  -0.3834] 
	x57: [ -0.6244,  -0.4244] 
	x58: [  2.4069,   2.6069] 
	x59: [  2.4433,   2.6433] 
	x60: [ -2.3447,  -2.1447] 
	x61: [  4.3905,   4.5905] 
	x62: [ -0.9981,  -0.7981] 
	x63: [  1.2614,   1.4614] 
	x64: [ -0.0317,   0.1683] 
	x65: [ -0.4803,  -0.2803] 
	x66: [ -0.6199,  -0.4199] 
	x67: [ -2.0394,  -1.8394] 
	x68: [  0.2720,   0.4720] 
	x69: [ -0.5729,  -0.3729] 
	x70: [  0.0390,   0.2390] 
	x71: [  0.1691,   0.3691] 
	x72: [ -3.0114,  -2.8114] 
	x73: [ -2.1496,  -1.9496] 
	x74: [  2.0622,   2.2622] 
	x75: [  2.3122,   2.5122] 
	x76: [  1.1743,   1.3743] 
	x77: [ -1.6283,  -1.4283] 
	x78: [  1.3083,   1.5083] 
	x79: [ -2.1670,  -1.9670] 
	x80: [  0.4381,   0.6381] 
	x81: [  1.9031,   2.1031] 
	x82: [  3.3685,   3.5685] 
	x83: [  1.3089,   1.5089] 
	x84: [ -0.3127,  -0.1127] 
	x85: [ -0.1144,   0.0856] 
	x86: [  1.3694,   1.5694] 
	x87: [ -1.6399,  -1.4399] 
	x88: [ -0.2173,  -0.0173] 
	x89: [ -1.2252,  -1.0252] 
	x90: [  0.0612,   0.2612] 
	x91: [ -2.1312,  -1.9312] 
	x92: [  1.7337,   1.9337] 
	x93: [  1.3839,   1.5839] 
	x94: [  0.1585,   0.3585] 
	x95: [ -4.0427,  -3.8427] 
	x96: [  0.2222,   0.4222] 
	x97: [  0.6611,   0.8611] 
	x98: [ -0.2817,  -0.0817] 
	x99: [  3.0578,   3.2578] 
	x100: [  0.5565,   0.7565] 
	x101: [ -1.6615,  -1.4615] 
	x102: [ -3.8608,  -3.6608] 
	x103: [ -0.4998,  -0.2998] 
	x104: [ -1.4845,  -1.2845] 
	x105: [  0.1624,   0.3624] 
	x106: [ -0.0869,   0.1131] 
	x107: [  2.7326,   2.9326] 
	x108: [ -0.5053,  -0.3053] 
	x109: [ -4.1481,  -3.9481] 
	x110: [ -0.6387,  -0.4387] 
	x111: [ -0.5287,  -0.3287] 
	x112: [  0.3674,   0.5674] 
	x113: [ -2.7016,  -2.5016] 
	x114: [ -1.2249,  -1.0249] 
	x115: [  2.5193,   2.7193] 
	x116: [  0.8885,   1.0885] 
	x117: [  0.9413,   1.1413] 
	x118: [ -0.5837,  -0.3837] 
	x119: [  0.8843,   1.0843] 
	x120: [  0.8329,   1.0329] 
	x121: [  2.1438,   2.3438] 
	x122: [ -1.7117,  -1.5117] 
	x123: [ -0.6284,  -0.4284] 
	x124: [  1.7469,   1.9469] 
	x125: [  1.5297,   1.7297] 
	x126: [  2.5249,   2.7249] 
	x127: [ -0.2397,  -0.0397] 
	x128: [  1.3826,   1.5826] 
	x129: [ -1.7951,  -1.5951] 
	x130: [ -0.6216,  -0.4216] 
	x131: [  2.6614,   2.8614] 
	x132: [  0.5723,   0.7723] 
	x133: [  0.8151,   1.0151] 
	x134: [  1.3431,   1.5431] 
	x135: [  0.6017,   0.8017] 
	x136: [ -2.8511,  -2.6511] 
	x137: [ -0.4654,  -0.2654] 
	x138: [ -0.6131,  -0.4131] 
	x139: [ -0.2916,  -0.0916] 
	x140: [  3.1412,   3.3412] 
	x141: [  0.5257,   0.7257] 
	x142: [ -0.9357,  -0.7357] 
	x143: [ -3.0207,  -2.8207] 
	x144: [ -0.8070,  -0.6070] 
	x145: [ -1.5046,  -1.3046] 
	x146: [ -4.1321,  -3.9321] 
	x147: [ -0.3148,  -0.1148] 
	x148: [ -0.9819,  -0.7819] 
	x149: [ -0.6979,  -0.4979] 
	x150: [ -1.7117,  -1.5117] 
	x151: [  1.1409,   1.3409] 
	x152: [  0.7738,   0.9738] 
	x153: [ -1.1361,  -0.9361] 
	x154: [ -0.0198,   0.1802] 
	x155: [ -0.7988,  -0.5988] 
	x156: [ -0.4350,  -0.2350] 
	x157: [ -2.0432,  -1.8432] 
	x158: [  0.4016,   0.6016] 
	x159: [ -1.2479,  -1.0479] 
	x160: [  1.4568,   1.6568] 
	x161: [  0.4497,   0.6497] 
	x162: [ -1.3181,  -1.1181] 
	x163: [  3.1836,   3.3836] 
	x164: [ -0.3334,  -0.1334] 
	x165: [ -0.2667,  -0.0667] 
	x166: [ -0.9895,  -0.7895] 
	x167: [  1.3030,   1.5030] 
	x168: [ -1.4444,  -1.2444] 
	x169: [ -3.0025,  -2.8025] 
	x170: [ -0.0134,   0.1866] 
	x171: [  1.9365,   2.1365] 
	x172: [  2.7928,   2.9928] 
	x173: [ -0.9796,  -0.7796] 
	x174: [  2.7016,   2.9016] 
	x175: [ -0.2679,  -0.0679] 
	x176: [  0.4652,   0.6652] 
	x177: [ -1.3904,  -1.1904] 
	x178: [ -1.3955,  -1.1955] 
	x179: [  3.3180,   3.5180] 
	x180: [  1.5688,   1.7688] 
	x181: [ -2.5827,  -2.3827] 
	x182: [  0.6086,   0.8086] 
	x183: [  0.4468,   0.6468] 
	x184: [  3.7830,   3.9830] 
	x185: [  0.6601,   0.8601] 
	x186: [  0.4503,   0.6503] 
	x187: [  2.9181,   3.1181] 
	x188: [  0.2805,   0.4805] 
	x189: [  2.8208,   3.0208] 
	x190: [ -1.8495,  -1.6495] 
	x191: [  0.3627,   0.5627] 
	x192: [  0.8349,   1.0349] 
	x193: [ -1.7440,  -1.5440] 
	x194: [  1.1573,   1.3573] 
	x195: [  1.8506,   2.0506] 
	x196: [ -0.2181,  -0.0181] 
	x197: [  2.0284,   2.2284] 
	x198: [  1.8840,   2.0840] 
	x199: [  1.0869,   1.2869] 
	x200: [ -0.6378,  -0.4378] 
	x201: [  1.1053,   1.3053] 
	x202: [ -0.0635,   0.1365] 
	x203: [  1.5019,   1.7019] 
	x204: [ -0.6848,  -0.4848] 
	x205: [  0.7205,   0.9205] 
	x206: [  1.8542,   2.0542] 
	x207: [ -0.0865,   0.1135] 
	x208: [ -0.2092,  -0.0092] 
	x209: [ -0.0703,   0.1297] 
	x210: [ -1.3898,  -1.1898] 
	x211: [ -0.5072,  -0.3072] 
	x212: [ -2.7911,  -2.5911] 
	x213: [  1.9225,   2.1225] 
	x214: [ -2.2903,  -2.0903] 
	x215: [ -2.4259,  -2.2259] 
	x216: [ -0.1503,   0.0497] 
	x217: [  0.7219,   0.9219] 
	x218: [  1.0241,   1.2241] 
	x219: [ -0.5104,  -0.3104] 
	x220: [ -1.4082,  -1.2082] 
	x221: [  2.8486,   3.0486] 
	x222: [  1.7460,   1.9460] 
	x223: [ -0.9872,  -0.7872] 
	x224: [  0.6863,   0.8863] 
	x225: [  3.1772,   3.3772] 
	x226: [  2.6662,   2.8662] 
	x227: [ -0.1492,   0.0508] 
	x228: [  0.8969,   1.0969] 
	x229: [ -0.5190,  -0.3190] 
	x230: [ -1.6733,  -1.4733] 
	x231: [ -1.8117,  -1.6117] 
	x232: [  0.8777,   1.0777] 
	x233: [ -1.9831,  -1.7831] 
	x234: [ -0.7122,  -0.5122] 
	x235: [ -2.8617,  -2.6617] 
	x236: [ -1.3415,  -1.1415] 
	x237: [  1.6892,   1.8892] 
	x238: [  0.4892,   0.6892] 
	x239: [  8.9765,   9.1765] 
	x240: [  0.1987,   0.3987] 
	x241: [ -3.1610,  -2.9610] 
	x242: [  0.1199,   0.3199] 
	x243: [ -0.6058,  -0.4058] 
	x244: [ -0.1729,   0.0271] 
	x245: [ -1.0267,  -0.8267] 
	x246: [ -1.5677,  -1.3677] 
	x247: [ -1.0031,  -0.8031] 
	x248: [ -1.2211,  -1.0211] 
	x249: [  1.5815,   1.7815] 
	x250: [  2.4679,   2.6679] 
	x251: [ -2.5458,  -2.3458] 
	x252: [  0.9823,   1.1823] 
	x253: [ -0.4037,  -0.2037] 
	x254: [ -1.0742,  -0.8742] 
	x255: [  0.0939,   0.2939] 
	x256: [ -1.9944,  -1.7944] 
	x257: [  0.4156,   0.6156] 
	x258: [ -4.0287,  -3.8287] 
	x259: [ -0.0844,   0.1156] 
	x260: [ -2.5571,  -2.3571] 
	x261: [ -1.0736,  -0.8736] 
	x262: [  0.4555,   0.6555] 
	x263: [  0.5471,   0.7471] 
	x264: [  0.4057,   0.6057] 
	x265: [ -1.9196,  -1.7196] 
	x266: [ -1.2518,  -1.0518] 
	x267: [ -0.7660,  -0.5660] 
	x268: [  1.8359,   2.0359] 
	x269: [ -3.4170,  -3.2170] 
	x270: [  0.3010,   0.5010] 
	x271: [ -1.6610,  -1.4610] 
	x272: [  0.0315,   0.2315] 
	x273: [  1.1819,   1.3819] 
	x274: [ -2.8273,  -2.6273] 
	x275: [ -3.6548,  -3.4548] 
	x276: [  1.5792,   1.7792] 
	x277: [  1.5437,   1.7437] 
	x278: [ -2.0456,  -1.8456] 
	x279: [  1.8747,   2.0747] 
	x280: [  2.0429,   2.2429] 
	x281: [  1.4199,   1.6199] 
	x282: [ -0.3846,  -0.1846] 
	x283: [ -1.3570,  -1.1570] 
	x284: [  1.0737,   1.2737] 
	x285: [ -0.1465,   0.0535] 
	x286: [  0.0219,   0.2219] 
	x287: [  1.3902,   1.5902] 
	x288: [ -0.0259,   0.1741] 
	x289: [ -0.7098,  -0.5098] 
	x290: [ -3.0823,  -2.8823] 
	x291: [ -0.0847,   0.1153] 
	x292: [  0.6928,   0.8928] 
	x293: [  2.5691,   2.7691] 
	x294: [  2.3467,   2.5467] 
	x295: [ -0.5117,  -0.3117] 
	x296: [  2.2380,   2.4380] 
	x297: [ -0.3396,  -0.1396] 
	x298: [ -8.3628,  -8.1628] 
	x299: [  1.5565,   1.7565] 
	x300: [  2.0560,   2.2560] 
	x301: [  0.5786,   0.7786] 
	x302: [  0.1536,   0.3536] 
	x303: [ -0.6672,  -0.4672] 
	x304: [ -2.8594,  -2.6594] 
	x305: [ -0.8792,  -0.6792] 
	x306: [ -1.9602,  -1.7602] 
	x307: [ -4.0512,  -3.8512] 
	x308: [ -0.0357,   0.1643] 
	x309: [  0.4748,   0.6748] 
	x310: [ -1.2929,  -1.0929] 
	x311: [ -1.1748,  -0.9748] 
	x312: [ -2.6947,  -2.4947] 
	x313: [ -0.9049,  -0.7049] 
	x314: [  1.0054,   1.2054] 
	x315: [ -0.9690,  -0.7690] 
	x316: [  1.3053,   1.5053] 
	x317: [  1.1208,   1.3208] 
	x318: [ -0.1575,   0.0425] 
	x319: [ -1.7338,  -1.5338] 
	x320: [ -0.9918,  -0.7918] 
	x321: [  0.2451,   0.4451] 
	x322: [ -1.3665,  -1.1665] 
	x323: [  0.4048,   0.6048] 
	x324: [ -0.4097,  -0.2097] 
	x325: [  1.9264,   2.1264] 
	x326: [  1.9913,   2.1913] 
	x327: [ -1.8393,  -1.6393] 
	x328: [  2.8148,   3.0148] 
	x329: [  0.3413,   0.5413] 
	x330: [ -0.7481,  -0.5481] 
	x331: [ -0.8098,  -0.6098] 
	x332: [ -0.7336,  -0.5336] 
	x333: [  1.1435,   1.3435] 
	x334: [  2.0034,   2.2034] 
	x335: [ -1.6434,  -1.4434] 
	x336: [ -0.7685,  -0.5685] 
	x337: [  0.2303,   0.4303] 
	x338: [ -0.4767,  -0.2767] 
	x339: [ -1.2656,  -1.0656] 
	x340: [ -0.9312,  -0.7312] 
	x341: [  0.4986,   0.6986] 
	x342: [  0.1497,   0.3497] 
	x343: [ -0.6631,  -0.4631] 
	x344: [ -0.4045,  -0.2045] 
	x345: [  0.8871,   1.0871] 
	x346: [  0.4428,   0.6428] 
	x347: [ -0.7879,  -0.5879] 
	x348: [ -0.3528,  -0.1528] 
	x349: [  1.3520,   1.5520] 
	x350: [ -3.2450,  -3.0450] 
	x351: [ -2.0109,  -1.8109] 
	x352: [ -0.6125,  -0.4125] 
	x353: [ -1.3029,  -1.1029] 
	x354: [  0.6523,   0.8523] 
	x355: [  0.9310,   1.1310] 
	x356: [  1.5522,   1.7522] 
	x357: [  0.4616,   0.6616] 
	x358: [  0.9161,   1.1161] 
	x359: [ -0.2782,  -0.0782] 
	x360: [  2.1806,   2.3806] 
	x361: [ -0.5201,  -0.3201] 
	x362: [ -2.0562,  -1.8562] 
	x363: [ -0.4705,  -0.2705] 
	x364: [ -2.2703,  -2.0703] 
	x365: [ -2.0633,  -1.8633] 
	x366: [  0.1770,   0.3770] 
	x367: [  3.0064,   3.2064] 
	x368: [ -1.7154,  -1.5154] 
	x369: [  1.3438,   1.5438] 
	x370: [ -0.6760,  -0.4760] 
	x371: [  1.0655,   1.2655] 
	x372: [  2.6118,   2.8118] 
	x373: [ -1.5281,  -1.3281] 
	x374: [  0.4814,   0.6814] 
	x375: [ -0.9948,  -0.7948] 
	x376: [  1.3198,   1.5198] 
	x377: [  0.8770,   1.0770] 
	x378: [  1.4266,   1.6266] 
	x379: [  0.4597,   0.6597] 
	x380: [  2.7343,   2.9343] 
	x381: [ -1.5561,  -1.3561] 
	x382: [ -1.2545,  -1.0545] 
	x383: [  2.0425,   2.2425] 
	x384: [ -0.4037,  -0.2037] 
	x385: [  1.3388,   1.5388] 
	x386: [ -3.2930,  -3.0930] 
	x387: [  0.6785,   0.8785] 
	x388: [  0.0021,   0.2021] 
	x389: [ -2.5400,  -2.3400] 
	x390: [ -0.3376,  -0.1376] 
	x391: [  2.3875,   2.5875] 
	x392: [  1.1917,   1.3917] 
	x393: [  1.9677,   2.1677] 
	x394: [ -1.4579,  -1.2579] 
	x395: [ -1.8188,  -1.6188] 
	x396: [ -0.8274,  -0.6274] 
	x397: [ -2.5208,  -2.3208] 
	x398: [  0.8602,   1.0602] 
	x399: [  0.9041,   1.1041] 
	x400: [ -1.8495,  -1.6495] 
	x401: [ -2.0230,  -1.8230] 
	x402: [ -0.9169,  -0.7169] 
	x403: [ -0.7577,  -0.5577] 
	x404: [  0.8192,   1.0192] 
	x405: [  1.5160,   1.7160] 
	x406: [  1.6694,   1.8694] 
	x407: [  1.7627,   1.9627] 
	x408: [ -0.1762,   0.0238] 
	x409: [  1.7860,   1.9860] 
	x410: [  2.2189,   2.4189] 
	x411: [ -1.9840,  -1.7840] 
	x412: [ -0.5311,  -0.3311] 
	x413: [  1.9097,   2.1097] 
	x414: [  1.0080,   1.2080] 
	x415: [ -3.1983,  -2.9983] 
	x416: [ -0.3176,  -0.1176] 
	x417: [ -0.0551,   0.1449] 
	x418: [ -0.0282,   0.1718] 
	x419: [ -0.4862,  -0.2862] 
	x420: [ -0.4764,  -0.2764] 
	x421: [ -3.0217,  -2.8217] 
	x422: [ -2.1533,  -1.9533] 
	x423: [ -0.1156,   0.0844] 
	x424: [  0.0731,   0.2731] 
	x425: [ -2.5163,  -2.3163] 
	x426: [ -4.5701,  -4.3701] 
	x427: [  0.6552,   0.8552] 
	x428: [ -2.4291,  -2.2291] 
	x429: [  2.1240,   2.3240] 
	x430: [  2.5046,   2.7046] 
	x431: [  2.0717,   2.2717] 
	x432: [  0.3845,   0.5845] 
	x433: [ -2.3858,  -2.1858] 
	x434: [  1.3148,   1.5148] 
	x435: [ -0.3129,  -0.1129] 
	x436: [ -1.6036,  -1.4036] 
	x437: [ -1.8310,  -1.6310] 
	x438: [ -1.1914,  -0.9914] 
	x439: [ -1.3973,  -1.1973] 
	x440: [ -0.5008,  -0.3008] 
	x441: [ -1.7431,  -1.5431] 
	x442: [ -1.6688,  -1.4688] 
	x443: [ -0.2224,  -0.0224] 
	x444: [  0.3260,   0.5260] 
	x445: [  0.3239,   0.5239] 
	x446: [ -0.4934,  -0.2934] 
	x447: [  1.1299,   1.3299] 
	x448: [ -3.6376,  -3.4376] 
	x449: [ -2.0380,  -1.8380] 
	x450: [  3.5192,   3.7192] 
	x451: [ -0.8059,  -0.6059] 
	x452: [ -0.5665,  -0.3665] 
	x453: [  0.9897,   1.1897] 
	x454: [  0.0587,   0.2587] 
	x455: [ -3.1382,  -2.9382] 
	x456: [  3.7367,   3.9367] 
	x457: [  0.0005,   0.2005] 
	x458: [ -0.1005,   0.0995] 
	x459: [ -1.2896,  -1.0896] 
	x460: [ -0.2393,  -0.0393] 
	x461: [  3.2542,   3.4542] 
	x462: [ -0.3732,  -0.1732] 
	x463: [ -1.4860,  -1.2860] 
	x464: [ -1.0773,  -0.8773] 
	x465: [ -1.1889,  -0.9889] 
	x466: [  1.3879,   1.5879] 
	x467: [ -2.3380,  -2.1380] 
	x468: [  2.1156,   2.3156] 
	x469: [ -0.6148,  -0.4148] 
	x470: [  1.5551,   1.7551] 
	x471: [ -0.0857,   0.1143] 
	x472: [ -4.2188,  -4.0188] 
	x473: [ -2.6869,  -2.4869] 
	x474: [ -1.0644,  -0.8644] 
	x475: [ -1.7152,  -1.5152] 
	x476: [ -1.0889,  -0.8889] 
	x477: [ -0.0289,   0.1711] 
	x478: [  0.1718,   0.3718] 
	x479: [ -0.4279,  -0.2279] 
	x480: [  0.4527,   0.6527] 
	x481: [  0.2545,   0.4545] 
	x482: [  1.0089,   1.2089] 
	x483: [  0.8872,   1.0872] 
	x484: [ -0.5268,  -0.3268] 
	x485: [  1.6462,   1.8462] 
	x486: [  1.7868,   1.9868] 
	x487: [ -2.1313,  -1.9313] 
	x488: [  1.7191,   1.9191] 
	x489: [  1.7188,   1.9188] 
	x490: [ -1.9460,  -1.7460] 
	x491: [  0.8429,   1.0429] 
	x492: [  0.3706,   0.5706] 
	x493: [ -0.7859,  -0.5859] 
	x494: [  0.9531,   1.1531] 
	x495: [ -0.1051,   0.0949] 
	x496: [  0.4081,   0.6081] 
	x497: [  2.3546,   2.5546] 
	x498: [ -2.2552,  -2.0552] 
	x499: [ -1.4561,  -1.2561] 
	x500: [  0.1288,   0.3288] 
	x501: [  1.8859,   2.0859] 
	x502: [ -4.4369,  -4.2369] 
	x503: [  1.1379,   1.3379] 
	x504: [  1.0981,   1.2981] 
	x505: [  0.6621,   0.8621] 
	x506: [ -3.9047,  -3.7047] 
	x507: [  0.4433,   0.6433] 
	x508: [ -1.9241,  -1.7241] 
	x509: [  0.7131,   0.9131] 
	x510: [ -1.0889,  -0.8889] 
	x511: [  0.5229,   0.7229] 

Branching heuristics set to PseudoImpact
unsat
