InputQuery: /home/levn/Workspace/othello_world/queries/probe_robust/game_62_target_34_eps_0.1.txt
Engine::processInputQuery: Input query (before preprocessing): 449 equations, 1216 variables
Engine::processInputQuery: Input query (after preprocessing): 705 equations, 1408 variables

Input bounds:
	x0: [ -2.2476,  -2.0476] 
	x1: [ -0.3649,  -0.1649] 
	x2: [  0.5411,   0.7411] 
	x3: [ -1.2559,  -1.0559] 
	x4: [ -0.3274,  -0.1274] 
	x5: [  1.6560,   1.8560] 
	x6: [ -0.9490,  -0.7490] 
	x7: [  1.7074,   1.9074] 
	x8: [  0.7350,   0.9350] 
	x9: [  0.0729,   0.2729] 
	x10: [  0.7385,   0.9385] 
	x11: [ -0.1325,   0.0675] 
	x12: [ -1.1736,  -0.9736] 
	x13: [ -3.3091,  -3.1091] 
	x14: [  3.1120,   3.3120] 
	x15: [ -1.1506,  -0.9506] 
	x16: [ -0.0188,   0.1812] 
	x17: [  2.1300,   2.3300] 
	x18: [  1.0992,   1.2992] 
	x19: [ -0.7153,  -0.5153] 
	x20: [ -0.8102,  -0.6102] 
	x21: [ -0.3422,  -0.1422] 
	x22: [  0.0368,   0.2368] 
	x23: [  0.7924,   0.9924] 
	x24: [ -0.2016,  -0.0016] 
	x25: [ -1.4289,  -1.2289] 
	x26: [ -1.1037,  -0.9037] 
	x27: [  1.0415,   1.2415] 
	x28: [ -1.8797,  -1.6797] 
	x29: [ -1.1344,  -0.9344] 
	x30: [  0.5151,   0.7151] 
	x31: [ -0.7608,  -0.5608] 
	x32: [ -3.3960,  -3.1960] 
	x33: [  2.4297,   2.6297] 
	x34: [  0.2054,   0.4054] 
	x35: [ -0.0545,   0.1455] 
	x36: [ -0.8129,  -0.6129] 
	x37: [ -0.2001,  -0.0001] 
	x38: [ -2.4621,  -2.2621] 
	x39: [  1.3119,   1.5119] 
	x40: [  2.1340,   2.3340] 
	x41: [ -0.7069,  -0.5069] 
	x42: [  1.2562,   1.4562] 
	x43: [  1.0296,   1.2296] 
	x44: [ -2.0645,  -1.8645] 
	x45: [ -1.0860,  -0.8860] 
	x46: [  2.8207,   3.0207] 
	x47: [  1.9890,   2.1890] 
	x48: [ -1.9147,  -1.7147] 
	x49: [ -2.4552,  -2.2552] 
	x50: [  1.2815,   1.4815] 
	x51: [ -0.8475,  -0.6475] 
	x52: [ -1.7821,  -1.5821] 
	x53: [ -2.4739,  -2.2739] 
	x54: [  1.8738,   2.0738] 
	x55: [  2.1945,   2.3945] 
	x56: [  0.4280,   0.6280] 
	x57: [ -1.0521,  -0.8521] 
	x58: [  2.4852,   2.6852] 
	x59: [ -0.0071,   0.1929] 
	x60: [  0.9958,   1.1958] 
	x61: [  1.9110,   2.1110] 
	x62: [ -0.1046,   0.0954] 
	x63: [ -0.2732,  -0.0732] 
	x64: [ -2.4730,  -2.2730] 
	x65: [ -0.5342,  -0.3342] 
	x66: [ -0.3791,  -0.1791] 
	x67: [ -3.1805,  -2.9805] 
	x68: [ -0.5754,  -0.3754] 
	x69: [  0.5221,   0.7221] 
	x70: [  0.3847,   0.5847] 
	x71: [  1.4761,   1.6761] 
	x72: [ -2.3944,  -2.1944] 
	x73: [ -3.5982,  -3.3982] 
	x74: [  1.1474,   1.3474] 
	x75: [ -0.1554,   0.0446] 
	x76: [ -2.1072,  -1.9072] 
	x77: [  0.2694,   0.4694] 
	x78: [ -0.7267,  -0.5267] 
	x79: [ -1.5253,  -1.3253] 
	x80: [ -0.8726,  -0.6726] 
	x81: [ -2.4761,  -2.2761] 
	x82: [  1.7270,   1.9270] 
	x83: [ -1.8658,  -1.6658] 
	x84: [ -1.4146,  -1.2146] 
	x85: [ -0.4728,  -0.2728] 
	x86: [  0.7433,   0.9433] 
	x87: [ -1.1515,  -0.9515] 
	x88: [ -1.2324,  -1.0324] 
	x89: [  0.4961,   0.6961] 
	x90: [  0.6423,   0.8423] 
	x91: [ -2.0726,  -1.8726] 
	x92: [ -0.9571,  -0.7571] 
	x93: [  3.5515,   3.7515] 
	x94: [ -0.3571,  -0.1571] 
	x95: [  0.9242,   1.1242] 
	x96: [  0.0690,   0.2690] 
	x97: [  2.6255,   2.8255] 
	x98: [  0.7969,   0.9969] 
	x99: [  0.1591,   0.3591] 
	x100: [  0.2892,   0.4892] 
	x101: [  2.4314,   2.6314] 
	x102: [ -0.3201,  -0.1201] 
	x103: [ -2.0217,  -1.8217] 
	x104: [  0.5879,   0.7879] 
	x105: [ -0.5476,  -0.3476] 
	x106: [  1.2332,   1.4332] 
	x107: [  2.3283,   2.5283] 
	x108: [  0.8538,   1.0538] 
	x109: [ -1.4163,  -1.2163] 
	x110: [ -1.3588,  -1.1588] 
	x111: [  1.4786,   1.6786] 
	x112: [ -1.2887,  -1.0887] 
	x113: [ -0.9861,  -0.7861] 
	x114: [ -1.3363,  -1.1363] 
	x115: [ -0.5382,  -0.3382] 
	x116: [  1.3739,   1.5739] 
	x117: [  2.2888,   2.4888] 
	x118: [ -1.4024,  -1.2024] 
	x119: [  0.3017,   0.5017] 
	x120: [  0.2069,   0.4069] 
	x121: [  1.7012,   1.9012] 
	x122: [  2.5116,   2.7116] 
	x123: [ -0.7825,  -0.5825] 
	x124: [ -1.1589,  -0.9589] 
	x125: [  1.0738,   1.2738] 
	x126: [  1.9959,   2.1959] 
	x127: [  1.2244,   1.4244] 
	x128: [ -2.6586,  -2.4586] 
	x129: [  4.0959,   4.2959] 
	x130: [ -0.5511,  -0.3511] 
	x131: [  0.5500,   0.7500] 
	x132: [ -0.7974,  -0.5974] 
	x133: [ -0.0491,   0.1509] 
	x134: [  0.8595,   1.0595] 
	x135: [  1.0538,   1.2538] 
	x136: [ -2.9036,  -2.7036] 
	x137: [ -0.0011,   0.1989] 
	x138: [ -3.0964,  -2.8964] 
	x139: [ -1.0081,  -0.8081] 
	x140: [  3.0117,   3.2117] 
	x141: [ -0.3937,  -0.1937] 
	x142: [ -1.6118,  -1.4118] 
	x143: [  1.5124,   1.7124] 
	x144: [  0.5005,   0.7005] 
	x145: [  3.3520,   3.5520] 
	x146: [ -2.0707,  -1.8707] 
	x147: [ -0.1293,   0.0707] 
	x148: [ -0.7742,  -0.5742] 
	x149: [ -1.9671,  -1.7671] 
	x150: [  1.6675,   1.8675] 
	x151: [  1.1859,   1.3859] 
	x152: [  0.0449,   0.2449] 
	x153: [ -0.4311,  -0.2311] 
	x154: [ -2.2281,  -2.0281] 
	x155: [ -2.4934,  -2.2934] 
	x156: [ -3.3426,  -3.1426] 
	x157: [ -0.4927,  -0.2927] 
	x158: [  1.8400,   2.0400] 
	x159: [  0.0238,   0.2238] 
	x160: [ -2.0716,  -1.8716] 
	x161: [ -0.5191,  -0.3191] 
	x162: [ -2.0504,  -1.8504] 
	x163: [ -1.7795,  -1.5795] 
	x164: [ -0.1394,   0.0606] 
	x165: [ -0.9873,  -0.7873] 
	x166: [ -2.1370,  -1.9370] 
	x167: [  1.4849,   1.6849] 
	x168: [  1.6622,   1.8622] 
	x169: [  0.0330,   0.2330] 
	x170: [  0.1088,   0.3088] 
	x171: [  0.5175,   0.7175] 
	x172: [  0.9098,   1.1098] 
	x173: [ -0.8188,  -0.6188] 
	x174: [ -3.4315,  -3.2315] 
	x175: [ -1.8717,  -1.6717] 
	x176: [  1.2924,   1.4924] 
	x177: [ -0.3734,  -0.1734] 
	x178: [ -1.5573,  -1.3573] 
	x179: [ -2.5945,  -2.3945] 
	x180: [ -0.7800,  -0.5800] 
	x181: [ -0.0007,   0.1993] 
	x182: [ -3.8446,  -3.6446] 
	x183: [  0.0233,   0.2233] 
	x184: [ -0.2167,  -0.0167] 
	x185: [ -1.2115,  -1.0115] 
	x186: [ -1.5426,  -1.3426] 
	x187: [  1.7525,   1.9525] 
	x188: [  1.3411,   1.5411] 
	x189: [ -0.7145,  -0.5145] 
	x190: [  1.4964,   1.6964] 
	x191: [  0.7517,   0.9517] 
	x192: [  2.6936,   2.8936] 
	x193: [ -0.4825,  -0.2825] 
	x194: [ -2.3449,  -2.1449] 
	x195: [  1.7270,   1.9270] 
	x196: [ -2.3212,  -2.1212] 
	x197: [ -2.8003,  -2.6003] 
	x198: [ -0.7310,  -0.5310] 
	x199: [  1.2069,   1.4069] 
	x200: [ -0.4592,  -0.2592] 
	x201: [  0.6662,   0.8662] 
	x202: [ -0.3146,  -0.1146] 
	x203: [ -0.6551,  -0.4551] 
	x204: [ -0.0591,   0.1409] 
	x205: [  2.4992,   2.6992] 
	x206: [ -1.3675,  -1.1675] 
	x207: [ -0.0965,   0.1035] 
	x208: [  0.2464,   0.4464] 
	x209: [ -0.5081,  -0.3081] 
	x210: [  2.2265,   2.4265] 
	x211: [ -1.0239,  -0.8239] 
	x212: [ -0.3577,  -0.1577] 
	x213: [ -1.5677,  -1.3677] 
	x214: [ -4.1660,  -3.9660] 
	x215: [  0.6003,   0.8003] 
	x216: [  0.1530,   0.3530] 
	x217: [ -1.6551,  -1.4551] 
	x218: [ -2.0930,  -1.8930] 
	x219: [  1.3946,   1.5946] 
	x220: [ -2.5976,  -2.3976] 
	x221: [  0.8489,   1.0489] 
	x222: [  0.7143,   0.9143] 
	x223: [  2.1833,   2.3833] 
	x224: [ -0.2852,  -0.0852] 
	x225: [  1.1563,   1.3563] 
	x226: [ -3.5010,  -3.3010] 
	x227: [ -0.1223,   0.0777] 
	x228: [  0.0903,   0.2903] 
	x229: [  0.8077,   1.0077] 
	x230: [ -1.6441,  -1.4441] 
	x231: [ -2.2873,  -2.0873] 
	x232: [ -0.6459,  -0.4459] 
	x233: [  0.2750,   0.4750] 
	x234: [ -1.6022,  -1.4022] 
	x235: [  2.0147,   2.2147] 
	x236: [  1.7042,   1.9042] 
	x237: [ -0.1480,   0.0520] 
	x238: [ -0.8160,  -0.6160] 
	x239: [  6.1964,   6.3964] 
	x240: [ -1.6598,  -1.4598] 
	x241: [ -0.6670,  -0.4670] 
	x242: [  3.2587,   3.4587] 
	x243: [  3.0156,   3.2156] 
	x244: [  2.5605,   2.7605] 
	x245: [  0.8690,   1.0690] 
	x246: [  0.8296,   1.0296] 
	x247: [ -3.3916,  -3.1916] 
	x248: [  0.3038,   0.5038] 
	x249: [ -0.0675,   0.1325] 
	x250: [ -0.5294,  -0.3294] 
	x251: [ -2.2317,  -2.0317] 
	x252: [ -1.0907,  -0.8907] 
	x253: [  2.4327,   2.6327] 
	x254: [ -4.1935,  -3.9935] 
	x255: [  0.6829,   0.8829] 
	x256: [ -0.5708,  -0.3708] 
	x257: [  1.4021,   1.6021] 
	x258: [ -1.5557,  -1.3557] 
	x259: [  0.1758,   0.3758] 
	x260: [  0.6471,   0.8471] 
	x261: [ -2.0570,  -1.8570] 
	x262: [  0.1348,   0.3348] 
	x263: [ -0.7491,  -0.5491] 
	x264: [  2.2445,   2.4445] 
	x265: [  0.2073,   0.4073] 
	x266: [ -1.9171,  -1.7171] 
	x267: [  1.7796,   1.9796] 
	x268: [ -1.9419,  -1.7419] 
	x269: [ -1.2754,  -1.0754] 
	x270: [ -1.9796,  -1.7796] 
	x271: [ -1.8659,  -1.6659] 
	x272: [ -0.9712,  -0.7712] 
	x273: [  1.4159,   1.6159] 
	x274: [  1.3680,   1.5680] 
	x275: [ -4.3206,  -4.1206] 
	x276: [ -0.0702,   0.1298] 
	x277: [ -0.8982,  -0.6982] 
	x278: [ -1.3367,  -1.1367] 
	x279: [  1.3034,   1.5034] 
	x280: [  0.6931,   0.8931] 
	x281: [  1.5548,   1.7548] 
	x282: [  2.3142,   2.5142] 
	x283: [  1.0882,   1.2882] 
	x284: [ -1.4454,  -1.2454] 
	x285: [ -0.6764,  -0.4764] 
	x286: [  1.3312,   1.5312] 
	x287: [ -1.2574,  -1.0574] 
	x288: [ -0.2154,  -0.0154] 
	x289: [  0.2970,   0.4970] 
	x290: [ -0.6712,  -0.4712] 
	x291: [  0.3316,   0.5316] 
	x292: [ -1.7834,  -1.5834] 
	x293: [ -1.2519,  -1.0519] 
	x294: [  3.5771,   3.7771] 
	x295: [ -2.4141,  -2.2141] 
	x296: [ -1.2073,  -1.0073] 
	x297: [  0.1436,   0.3436] 
	x298: [ -7.3554,  -7.1554] 
	x299: [  2.0602,   2.2602] 
	x300: [ -0.5719,  -0.3719] 
	x301: [  0.6968,   0.8968] 
	x302: [ -0.0060,   0.1940] 
	x303: [  0.5143,   0.7143] 
	x304: [ -0.0831,   0.1169] 
	x305: [  2.7592,   2.9592] 
	x306: [  2.5247,   2.7247] 
	x307: [  1.2618,   1.4618] 
	x308: [ -0.7938,  -0.5938] 
	x309: [ -0.0870,   0.1130] 
	x310: [ -1.9092,  -1.7092] 
	x311: [ -1.6886,  -1.4886] 
	x312: [  0.6415,   0.8415] 
	x313: [ -1.2626,  -1.0626] 
	x314: [ -1.4651,  -1.2651] 
	x315: [  1.0973,   1.2973] 
	x316: [ -4.3283,  -4.1283] 
	x317: [ -0.5415,  -0.3415] 
	x318: [  0.4673,   0.6673] 
	x319: [  4.2830,   4.4830] 
	x320: [  1.8468,   2.0468] 
	x321: [ -0.1586,   0.0414] 
	x322: [ -2.1527,  -1.9527] 
	x323: [  0.9537,   1.1537] 
	x324: [  1.8191,   2.0191] 
	x325: [ -0.5549,  -0.3549] 
	x326: [  1.3054,   1.5054] 
	x327: [  2.7687,   2.9687] 
	x328: [  0.8474,   1.0474] 
	x329: [  2.0860,   2.2860] 
	x330: [  1.0219,   1.2219] 
	x331: [  0.0527,   0.2527] 
	x332: [  2.8634,   3.0634] 
	x333: [  0.1824,   0.3824] 
	x334: [ -0.1968,   0.0032] 
	x335: [  0.0593,   0.2593] 
	x336: [ -1.9738,  -1.7738] 
	x337: [  2.6892,   2.8892] 
	x338: [ -0.9754,  -0.7754] 
	x339: [  0.0373,   0.2373] 
	x340: [ -0.9046,  -0.7046] 
	x341: [  1.5513,   1.7513] 
	x342: [  0.3964,   0.5964] 
	x343: [ -1.2159,  -1.0159] 
	x344: [  2.5918,   2.7918] 
	x345: [ -3.5813,  -3.3813] 
	x346: [  1.5031,   1.7031] 
	x347: [ -0.3253,  -0.1253] 
	x348: [ -0.3057,  -0.1057] 
	x349: [  0.4346,   0.6346] 
	x350: [  0.1130,   0.3130] 
	x351: [ -0.1335,   0.0665] 
	x352: [ -0.8237,  -0.6237] 
	x353: [ -1.7565,  -1.5565] 
	x354: [ -0.5730,  -0.3730] 
	x355: [ -0.2575,  -0.0575] 
	x356: [  0.9428,   1.1428] 
	x357: [  1.3363,   1.5363] 
	x358: [ -1.1592,  -0.9592] 
	x359: [ -4.0918,  -3.8918] 
	x360: [ -0.1583,   0.0417] 
	x361: [  1.5503,   1.7503] 
	x362: [ -0.7217,  -0.5217] 
	x363: [ -0.6364,  -0.4364] 
	x364: [  0.8125,   1.0125] 
	x365: [  2.3767,   2.5767] 
	x366: [  2.4145,   2.6145] 
	x367: [ -1.2229,  -1.0229] 
	x368: [ -2.4275,  -2.2275] 
	x369: [ -2.0860,  -1.8860] 
	x370: [ -0.3477,  -0.1477] 
	x371: [ -2.5467,  -2.3467] 
	x372: [ -2.1165,  -1.9165] 
	x373: [ -1.6390,  -1.4390] 
	x374: [  0.4868,   0.6868] 
	x375: [ -2.9976,  -2.7976] 
	x376: [  1.6617,   1.8617] 
	x377: [  2.6316,   2.8316] 
	x378: [  1.3610,   1.5610] 
	x379: [  1.4582,   1.6582] 
	x380: [  2.4566,   2.6566] 
	x381: [  0.2287,   0.4287] 
	x382: [  1.0210,   1.2210] 
	x383: [  0.8429,   1.0429] 
	x384: [  0.1581,   0.3581] 
	x385: [ -0.4315,  -0.2315] 
	x386: [  1.1059,   1.3059] 
	x387: [ -2.3718,  -2.1718] 
	x388: [ -1.8091,  -1.6091] 
	x389: [ -3.7645,  -3.5645] 
	x390: [ -1.9954,  -1.7954] 
	x391: [  1.4549,   1.6549] 
	x392: [ -0.3659,  -0.1659] 
	x393: [  0.4207,   0.6207] 
	x394: [  1.2814,   1.4814] 
	x395: [  2.5557,   2.7557] 
	x396: [ -0.3931,  -0.1931] 
	x397: [ -1.5641,  -1.3641] 
	x398: [ -0.8805,  -0.6805] 
	x399: [  0.0705,   0.2705] 
	x400: [  0.8932,   1.0932] 
	x401: [ -4.2160,  -4.0160] 
	x402: [  1.7048,   1.9048] 
	x403: [ -0.4217,  -0.2217] 
	x404: [  0.7856,   0.9856] 
	x405: [  1.9024,   2.1024] 
	x406: [  1.4319,   1.6319] 
	x407: [ -1.0575,  -0.8575] 
	x408: [  0.4733,   0.6733] 
	x409: [ -1.4423,  -1.2423] 
	x410: [  2.7182,   2.9182] 
	x411: [ -0.3074,  -0.1074] 
	x412: [ -0.7380,  -0.5380] 
	x413: [  0.0648,   0.2648] 
	x414: [ -1.7770,  -1.5770] 
	x415: [  1.8425,   2.0425] 
	x416: [ -0.5848,  -0.3848] 
	x417: [ -2.7761,  -2.5761] 
	x418: [  1.8672,   2.0672] 
	x419: [ -2.5110,  -2.3110] 
	x420: [ -0.3865,  -0.1865] 
	x421: [ -0.1988,   0.0012] 
	x422: [ -3.6876,  -3.4876] 
	x423: [  1.4242,   1.6242] 
	x424: [  1.7998,   1.9998] 
	x425: [  1.2900,   1.4900] 
	x426: [  2.2555,   2.4555] 
	x427: [ -0.1914,   0.0086] 
	x428: [ -1.7830,  -1.5830] 
	x429: [ -1.5540,  -1.3540] 
	x430: [ -1.2606,  -1.0606] 
	x431: [  1.4826,   1.6826] 
	x432: [ -1.1912,  -0.9912] 
	x433: [  1.0139,   1.2139] 
	x434: [ -2.7401,  -2.5401] 
	x435: [ -2.2123,  -2.0123] 
	x436: [ -0.2962,  -0.0962] 
	x437: [ -0.7808,  -0.5808] 
	x438: [  1.3449,   1.5449] 
	x439: [  0.5304,   0.7304] 
	x440: [ -0.9025,  -0.7025] 
	x441: [ -2.8493,  -2.6493] 
	x442: [  0.9182,   1.1182] 
	x443: [ -2.2334,  -2.0334] 
	x444: [  0.2210,   0.4210] 
	x445: [ -0.4601,  -0.2601] 
	x446: [ -1.1966,  -0.9966] 
	x447: [ -0.3311,  -0.1311] 
	x448: [  3.1118,   3.3118] 
	x449: [ -1.0436,  -0.8436] 
	x450: [  0.5032,   0.7032] 
	x451: [  1.7302,   1.9302] 
	x452: [  2.0572,   2.2572] 
	x453: [  0.6469,   0.8469] 
	x454: [ -0.2992,  -0.0992] 
	x455: [ -3.2075,  -3.0075] 
	x456: [ -0.2471,  -0.0471] 
	x457: [  0.9794,   1.1794] 
	x458: [ -4.1530,  -3.9530] 
	x459: [ -1.9393,  -1.7393] 
	x460: [ -0.1638,   0.0362] 
	x461: [  2.0573,   2.2573] 
	x462: [ -2.0452,  -1.8452] 
	x463: [ -2.0663,  -1.8663] 
	x464: [  0.8234,   1.0234] 
	x465: [  1.1563,   1.3563] 
	x466: [  1.2628,   1.4628] 
	x467: [ -4.1967,  -3.9967] 
	x468: [  0.7895,   0.9895] 
	x469: [  1.2416,   1.4416] 
	x470: [ -1.1493,  -0.9493] 
	x471: [ -0.2759,  -0.0759] 
	x472: [  2.8239,   3.0239] 
	x473: [ -0.2708,  -0.0708] 
	x474: [ -2.0505,  -1.8505] 
	x475: [  0.8692,   1.0692] 
	x476: [ -1.0027,  -0.8027] 
	x477: [ -1.5164,  -1.3164] 
	x478: [ -0.0851,   0.1149] 
	x479: [ -0.2981,  -0.0981] 
	x480: [ -1.3644,  -1.1644] 
	x481: [ -1.2768,  -1.0768] 
	x482: [  1.2867,   1.4867] 
	x483: [  1.0966,   1.2966] 
	x484: [ -0.2578,  -0.0578] 
	x485: [  1.8111,   2.0111] 
	x486: [ -3.3111,  -3.1111] 
	x487: [  1.0776,   1.2776] 
	x488: [ -0.3592,  -0.1592] 
	x489: [  0.8838,   1.0838] 
	x490: [ -0.1328,   0.0672] 
	x491: [ -2.0498,  -1.8498] 
	x492: [  0.3760,   0.5760] 
	x493: [  3.0360,   3.2360] 
	x494: [  1.7481,   1.9481] 
	x495: [  0.3331,   0.5331] 
	x496: [  2.4084,   2.6084] 
	x497: [ -1.5044,  -1.3044] 
	x498: [  2.9793,   3.1793] 
	x499: [  2.1981,   2.3981] 
	x500: [ -0.4166,  -0.2166] 
	x501: [  1.7906,   1.9906] 
	x502: [  2.4361,   2.6361] 
	x503: [ -1.7432,  -1.5432] 
	x504: [  1.7948,   1.9948] 
	x505: [ -2.3646,  -2.1646] 
	x506: [  1.5547,   1.7547] 
	x507: [ -0.0650,   0.1350] 
	x508: [  0.8007,   1.0007] 
	x509: [  0.0995,   0.2995] 
	x510: [ -0.8947,  -0.6947] 
	x511: [ -0.3930,  -0.1930] 

Branching heuristics set to PseudoImpact

Engine::solve: Initial statistics

02:34:55 Statistics update:
	--- Time Statistics ---
	Total time elapsed: 1079 milli (00:00:01)
		Main loop: 0 milli (00:00:00)
		Preprocessing time: 540 milli (00:00:00)
		Unknown: 539 milli (00:00:00)
	Breakdown for main loop:
		[0.00%] Simplex steps: 0 milli
		[0.00%] Explicit-basis bound tightening: 0 milli
		[0.00%] Constraint-matrix bound tightening: 0 milli
		[0.00%] Degradation checking: 0 milli
		[0.00%] Precision restoration: 0 milli
		[0.00%] Statistics handling: 0 milli
		[0.00%] Constraint-fixing steps: 0 milli
		[0.00%] Valid case splits: 0 milli. Average per split: 0.00 milli
		[0.00%] Applying stored bound-tightening: 0 milli
		[0.00%] SMT core: 0 milli
		[0.00%] Symbolic Bound Tightening: 32 milli
		[0.00%] SoI-based local search: 0 milli
		[0.00%] SoI-based local search: 0 milli
		[0.00%] Unaccounted for: 0 milli
	--- Preprocessor Statistics ---
	Number of preprocessor bound-tightening loop iterations: 3
	Number of eliminated variables: 65
	Number of constraints removed due to variable elimination: 65
	Number of equations removed due to variable elimination: 0
	--- Engine Statistics ---
	Number of main loop iterations: 1
		0 iterations were simplex steps. Total time: 0 milli. Average: 0.00 milli.
		0 iterations were constraint-fixing steps. Total time: 0 milli. Average: 0.00 milli
	Number of active piecewise-linear constraints: 191 / 191
		Constraints disabled by valid splits: 0. By SMT-originated splits: 0
	Last reported degradation: 0.0000000000. Max degradation so far: 0.0000000000. Restorations so far: 0
	Number of simplex pivots we attempted to skip because of instability: 0.
	Unstable pivots performed anyway: 0
	--- Tableau Statistics ---
	Total number of pivots performed: 0
		Real pivots: 0. Degenerate: 0 (0.00%)
		Degenerate pivots by request (e.g., to fix a PL constraint): 0 (0.00%)
		Average time per pivot: 0.00 milli
	Total number of fake pivots performed: 0
	Total number of rows added: 0. Number of merged columns: 0
	Current tableau dimensions: M = 705, N = 2113
	--- SMT Core Statistics ---
	Total depth is 0. Total visited states: 1. Number of splits: 0. Number of pops: 0
	Max stack depth: 0
	--- Bound Tightening Statistics ---
	Number of tightened bounds: 0.
		Number of rows examined by row tightener: 0. Consequent tightenings: 0
		Number of explicit basis matrices examined by row tightener: 0. Consequent tightenings: 0
		Number of bound tightening rounds on the entire constraint matrix: 0. Consequent tightenings: 0
		Number of bound notifications sent to PL constraints: 1146. Tightenings proposed: 0
	--- Basis Factorization statistics ---
	Number of basis refactorizations: 2
	--- Projected Steepest Edge Statistics ---
	Number of iterations: 0.
	Number of resets to reference space: 1. Avg. iterations per reset: 0
	--- SBT ---
	Number of tightened bounds: 385
	--- SoI-based local search ---
	Number of proposed phase pattern update: 0. Number of accepted update: 0 [0.00%]
	Total time (% of local search time) updating SoI phase pattern : 0 milli [0.00%]
	Total time obtaining current assignment: 0 milli [0.00%]
	Total time getting SoI phase pattern : 0 milli [0.00%]
	--- Context dependent statistics ---
	Number of pushes / pops: 0 / 0
		[0.00%] Pre-Push hook: 0 milli
		[0.00%] Push : 0 milli
		[0.00%] Post-Pop hook: 0 milli
		[0.00%] Pop : 0 milli
		[0.00%] Total context-switching time: 0 milli
	--- Proof Certificate ---
	Number of certified leaves: 0
	Number of leaves to delegate: 0

---

Engine::solve: sat assignment found

02:35:12 Statistics update:
	--- Time Statistics ---
	Total time elapsed: 17663 milli (00:00:17)
		Main loop: 16583 milli (00:00:16)
		Preprocessing time: 540 milli (00:00:00)
		Unknown: 539 milli (00:00:00)
	Breakdown for main loop:
		[53.32%] Simplex steps: 8842 milli
		[45.90%] Explicit-basis bound tightening: 7612 milli
		[0.00%] Constraint-matrix bound tightening: 0 milli
		[0.25%] Degradation checking: 42 milli
		[0.00%] Precision restoration: 0 milli
		[0.09%] Statistics handling: 15 milli
		[0.00%] Constraint-fixing steps: 0 milli
		[0.00%] Valid case splits: 0 milli. Average per split: 0.00 milli
		[0.00%] Applying stored bound-tightening: 0 milli
		[0.00%] SMT core: 0 milli
		[0.33%] Symbolic Bound Tightening: 55 milli
		[26.45%] SoI-based local search: 4386 milli
		[0.00%] SoI-based local search: 0 milli
		[0.10%] Unaccounted for: 15 milli
	--- Preprocessor Statistics ---
	Number of preprocessor bound-tightening loop iterations: 3
	Number of eliminated variables: 65
	Number of constraints removed due to variable elimination: 65
	Number of equations removed due to variable elimination: 0
	--- Engine Statistics ---
	Number of main loop iterations: 817
		815 iterations were simplex steps. Total time: 8842 milli. Average: 10.85 milli.
		0 iterations were constraint-fixing steps. Total time: 0 milli. Average: 0.00 milli
	Number of active piecewise-linear constraints: 191 / 191
		Constraints disabled by valid splits: 0. By SMT-originated splits: 0
	Last reported degradation: 0.0000006591. Max degradation so far: 0.0000000000. Restorations so far: 0
	Number of simplex pivots we attempted to skip because of instability: 0.
	Unstable pivots performed anyway: 0
	--- Tableau Statistics ---
	Total number of pivots performed: 807
		Real pivots: 807. Degenerate: 0 (0.00%)
		Degenerate pivots by request (e.g., to fix a PL constraint): 0 (0.00%)
		Average time per pivot: 1.05 milli
	Total number of fake pivots performed: 4
	Total number of rows added: 0. Number of merged columns: 0
	Current tableau dimensions: M = 705, N = 2113
	--- SMT Core Statistics ---
	Total depth is 0. Total visited states: 1. Number of splits: 0. Number of pops: 0
	Max stack depth: 0
	--- Bound Tightening Statistics ---
	Number of tightened bounds: 0.
		Number of rows examined by row tightener: 807. Consequent tightenings: 0
		Number of explicit basis matrices examined by row tightener: 5. Consequent tightenings: 278
		Number of bound tightening rounds on the entire constraint matrix: 0. Consequent tightenings: 0
		Number of bound notifications sent to PL constraints: 2292. Tightenings proposed: 0
	--- Basis Factorization statistics ---
	Number of basis refactorizations: 9
	--- Projected Steepest Edge Statistics ---
	Number of iterations: 811.
	Number of resets to reference space: 1. Avg. iterations per reset: 811
	--- SBT ---
	Number of tightened bounds: 385
	--- SoI-based local search ---
	Number of proposed phase pattern update: 1. Number of accepted update: 2 [200.00%]
	Total time (% of local search time) updating SoI phase pattern : 1903 milli [0.04%]
	Total time obtaining current assignment: 1344 milli [0.03%]
	Total time getting SoI phase pattern : 497 milli [0.00%]
	--- Context dependent statistics ---
	Number of pushes / pops: 0 / 0
		[0.00%] Pre-Push hook: 0 milli
		[0.00%] Push : 0 milli
		[0.00%] Post-Pop hook: 0 milli
		[0.00%] Pop : 0 milli
		[0.00%] Total context-switching time: 0 milli
	--- Proof Certificate ---
	Number of certified leaves: 0
	Number of leaves to delegate: 0
sat
Input assignment:
	x0 = -2.047608
	x1 = -0.164916
	x2 = 0.741083
	x3 = -1.055859
	x4 = -0.327369
	x5 = 1.656001
	x6 = -0.748954
	x7 = 1.707367
	x8 = 0.934988
	x9 = 0.272928
	x10 = 0.938453
	x11 = -0.132509
	x12 = -1.173621
	x13 = -3.109088
	x14 = 3.112049
	x15 = -1.150627
	x16 = 0.181201
	x17 = 2.130005
	x18 = 1.299205
	x19 = -0.715287
	x20 = -0.610211
	x21 = -0.142202
	x22 = 0.036784
	x23 = 0.792445
	x24 = -0.201578
	x25 = -1.228866
	x26 = -1.103723
	x27 = 1.041487
	x28 = -1.679739
	x29 = -1.134357
	x30 = 0.515109
	x31 = -0.560778
	x32 = -3.395954
	x33 = 2.429740
	x34 = 0.405393
	x35 = 0.145510
	x36 = -0.612853
	x37 = -0.200075
	x38 = -2.462050
	x39 = 1.511885
	x40 = 2.134031
	x41 = -0.506930
	x42 = 1.456239
	x43 = 1.029632
	x44 = -1.864518
	x45 = -1.086026
	x46 = 2.999574
	x47 = 2.189002
	x48 = -1.714727
	x49 = -2.255207
	x50 = 1.281499
	x51 = -0.647514
	x52 = -1.582145
	x53 = -2.473935
	x54 = 2.015075
	x55 = 2.194531
	x56 = 0.627975
	x57 = -0.852109
	x58 = 2.485152
	x59 = 0.192940
	x60 = 0.995785
	x61 = 2.110994
	x62 = 0.095432
	x63 = -0.073157
	x64 = -2.273049
	x65 = -0.534230
	x66 = -0.179107
	x67 = -3.180465
	x68 = -0.375446
	x69 = 0.722070
	x70 = 0.384678
	x71 = 1.676085
	x72 = -2.194388
	x73 = -3.598211
	x74 = 1.347395
	x75 = -0.155429
	x76 = -1.907212
	x77 = 0.269383
	x78 = -0.726725
	x79 = -1.525348
	x80 = -0.672630
	x81 = -2.276148
	x82 = 1.927021
	x83 = -1.711670
	x84 = -1.414648
	x85 = -0.472776
	x86 = 0.943262
	x87 = -1.151469
	x88 = -1.032379
	x89 = 0.496144
	x90 = 0.735921
	x91 = -2.072602
	x92 = -0.957074
	x93 = 3.551460
	x94 = -0.357062
	x95 = 1.124158
	x96 = 0.073656
	x97 = 2.825461
	x98 = 0.996871
	x99 = 0.359142
	x100 = 0.489216
	x101 = 2.431386
	x102 = -0.320140
	x103 = -1.891436
	x104 = 0.787922
	x105 = -0.347597
	x106 = 1.433159
	x107 = 2.528339
	x108 = 1.053822
	x109 = -1.216255
	x110 = -1.158808
	x111 = 1.678551
	x112 = -1.288682
	x113 = -0.786100
	x114 = -1.336254
	x115 = -0.338206
	x116 = 1.373863
	x117 = 2.288788
	x118 = -1.402380
	x119 = 0.301706
	x120 = 0.206888
	x121 = 1.901152
	x122 = 2.511562
	x123 = -0.782478
	x124 = -0.958897
	x125 = 1.073754
	x126 = 2.195911
	x127 = 1.424395
	x128 = -2.458615
	x129 = 4.095913
	x130 = -0.551088
	x131 = 0.750015
	x132 = -0.597375
	x133 = 0.150858
	x134 = 1.059522
	x135 = 1.053780
	x136 = -2.703612
	x137 = -0.001100
	x138 = -3.096404
	x139 = -1.008114
	x140 = 3.011744
	x141 = -0.393661
	x142 = -1.411799
	x143 = 1.712445
	x144 = 0.700527
	x145 = 3.352007
	x146 = -1.870725
	x147 = -0.129291
	x148 = -0.774166
	x149 = -1.767054
	x150 = 1.667457
	x151 = 1.385902
	x152 = 0.244897
	x153 = -0.431092
	x154 = -2.228074
	x155 = -2.493409
	x156 = -3.142575
	x157 = -0.292725
	x158 = 2.039976
	x159 = 0.223750
	x160 = -1.871600
	x161 = -0.519122
	x162 = -2.050376
	x163 = -1.579503
	x164 = -0.139353
	x165 = -0.787252
	x166 = -2.137028
	x167 = 1.623700
	x168 = 1.862233
	x169 = 0.233000
	x170 = 0.308804
	x171 = 0.517536
	x172 = 0.909808
	x173 = -0.818836
	x174 = -3.231482
	x175 = -1.775600
	x176 = 1.292382
	x177 = -0.173390
	x178 = -1.557313
	x179 = -2.594450
	x180 = -0.580021
	x181 = 0.199265
	x182 = -3.644569
	x183 = 0.223342
	x184 = -0.216711
	x185 = -1.011487
	x186 = -1.342615
	x187 = 1.952469
	x188 = 1.541079
	x189 = -0.514545
	x190 = 1.696375
	x191 = 0.751716
	x192 = 2.693595
	x193 = -0.482525
	x194 = -2.144945
	x195 = 1.927023
	x196 = -2.121246
	x197 = -2.600343
	x198 = -0.731010
	x199 = 1.406924
	x200 = -0.459164
	x201 = 0.866151
	x202 = -0.314606
	x203 = -0.455126
	x204 = 0.140928
	x205 = 2.499185
	x206 = -1.167465
	x207 = 0.103510
	x208 = 0.446402
	x209 = -0.308128
	x210 = 2.226480
	x211 = -1.023904
	x212 = -0.357710
	x213 = -1.567670
	x214 = -3.965958
	x215 = 0.800347
	x216 = 0.353042
	x217 = -1.455052
	x218 = -2.092976
	x219 = 1.594608
	x220 = -2.397592
	x221 = 1.048908
	x222 = 0.714271
	x223 = 2.383348
	x224 = -0.085232
	x225 = 1.356347
	x226 = -3.301023
	x227 = 0.077742
	x228 = 0.290281
	x229 = 0.807704
	x230 = -1.644120
	x231 = -2.087326
	x232 = -0.445887
	x233 = 0.475039
	x234 = -1.402189
	x235 = 2.014674
	x236 = 1.904203
	x237 = -0.148025
	x238 = -0.816043
	x239 = 6.196439
	x240 = -1.659753
	x241 = -0.466952
	x242 = 3.258666
	x243 = 3.215629
	x244 = 2.560541
	x245 = 0.869019
	x246 = 1.029611
	x247 = -3.391617
	x248 = 0.303847
	x249 = -0.067490
	x250 = -0.329414
	x251 = -2.231662
	x252 = -1.090692
	x253 = 2.432652
	x254 = -3.993502
	x255 = 0.682884
	x256 = -0.570786
	x257 = 1.602082
	x258 = -1.555722
	x259 = 0.375818
	x260 = 0.647144
	x261 = -1.856969
	x262 = 0.134819
	x263 = -0.749148
	x264 = 2.244534
	x265 = 0.207259
	x266 = -1.917088
	x267 = 1.979619
	x268 = -1.941938
	x269 = -1.075350
	x270 = -1.979582
	x271 = -1.865943
	x272 = -0.971178
	x273 = 1.615876
	x274 = 1.568033
	x275 = -4.120598
	x276 = 0.129802
	x277 = -0.898216
	x278 = -1.136674
	x279 = 1.503419
	x280 = 0.893086
	x281 = 1.554831
	x282 = 2.314167
	x283 = 1.088225
	x284 = -1.445363
	x285 = -0.476406
	x286 = 1.331203
	x287 = -1.257426
	x288 = -0.215437
	x289 = 0.296963
	x290 = -0.671214
	x291 = 0.331624
	x292 = -1.583450
	x293 = -1.051871
	x294 = 3.773610
	x295 = -2.414054
	x296 = -1.207316
	x297 = 0.143575
	x298 = -7.155363
	x299 = 2.260184
	x300 = -0.371908
	x301 = 0.696785
	x302 = 0.194046
	x303 = 0.714327
	x304 = -0.083142
	x305 = 2.959193
	x306 = 2.724744
	x307 = 1.261764
	x308 = -0.593829
	x309 = -0.086962
	x310 = -1.709181
	x311 = -1.688647
	x312 = 0.841511
	x313 = -1.262604
	x314 = -1.465134
	x315 = 1.297296
	x316 = -4.328272
	x317 = -0.541459
	x318 = 0.467321
	x319 = 4.283007
	x320 = 2.046785
	x321 = -0.158590
	x322 = -2.152665
	x323 = 1.153710
	x324 = 2.019135
	x325 = -0.354920
	x326 = 1.505390
	x327 = 2.768734
	x328 = 1.047436
	x329 = 2.086006
	x330 = 1.221870
	x331 = 0.252674
	x332 = 3.063425
	x333 = 0.182427
	x334 = 0.003224
	x335 = 0.059338
	x336 = -1.973784
	x337 = 2.689150
	x338 = -0.975437
	x339 = 0.237277
	x340 = -0.704643
	x341 = 1.551251
	x342 = 0.396432
	x343 = -1.015932
	x344 = 2.791816
	x345 = -3.381316
	x346 = 1.703053
	x347 = -0.325345
	x348 = -0.305729
	x349 = 0.634599
	x350 = 0.112983
	x351 = -0.133462
	x352 = -0.623661
	x353 = -1.756523
	x354 = -0.372966
	x355 = -0.257534
	x356 = 1.142778
	x357 = 1.536323
	x358 = -1.159197
	x359 = -4.091751
	x360 = -0.158269
	x361 = 1.550273
	x362 = -0.521745
	x363 = -0.436380
	x364 = 0.812543
	x365 = 2.376689
	x366 = 2.614529
	x367 = -1.222879
	x368 = -2.427477
	x369 = -2.085981
	x370 = -0.347720
	x371 = -2.346711
	x372 = -2.116500
	x373 = -1.439037
	x374 = 0.686761
	x375 = -2.797644
	x376 = 1.661680
	x377 = 2.631613
	x378 = 1.360951
	x379 = 1.658158
	x380 = 2.456592
	x381 = 0.228749
	x382 = 1.221028
	x383 = 1.042854
	x384 = 0.358146
	x385 = -0.231507
	x386 = 1.105869
	x387 = -2.171842
	x388 = -1.609065
	x389 = -3.564529
	x390 = -1.795447
	x391 = 1.654947
	x392 = -0.165895
	x393 = 0.420697
	x394 = 1.481367
	x395 = 2.755668
	x396 = -0.393102
	x397 = -1.564104
	x398 = -0.680515
	x399 = 0.070530
	x400 = 1.093234
	x401 = -4.215961
	x402 = 1.904817
	x403 = -0.421651
	x404 = 0.785598
	x405 = 2.102418
	x406 = 1.431938
	x407 = -0.857527
	x408 = 0.473296
	x409 = -1.442302
	x410 = 2.918236
	x411 = -0.107363
	x412 = -0.537981
	x413 = 0.264807
	x414 = -1.576964
	x415 = 1.842477
	x416 = -0.584759
	x417 = -2.576145
	x418 = 2.067233
	x419 = -2.356458
	x420 = -0.386457
	x421 = -0.198766
	x422 = -3.687590
	x423 = 1.424209
	x424 = 1.999763
	x425 = 1.490020
	x426 = 2.255507
	x427 = -0.191365
	x428 = -1.583005
	x429 = -1.354027
	x430 = -1.260620
	x431 = 1.482600
	x432 = -1.191199
	x433 = 1.213899
	x434 = -2.740057
	x435 = -2.212273
	x436 = -0.296181
	x437 = -0.580823
	x438 = 1.344906
	x439 = 0.530391
	x440 = -0.902503
	x441 = -2.649312
	x442 = 0.918153
	x443 = -2.233390
	x444 = 0.221043
	x445 = -0.260111
	x446 = -1.196599
	x447 = -0.331068
	x448 = 3.311813
	x449 = -1.043564
	x450 = 0.503240
	x451 = 1.930154
	x452 = 2.257235
	x453 = 0.846949
	x454 = -0.099223
	x455 = -3.207509
	x456 = -0.247064
	x457 = 0.979424
	x458 = -3.952965
	x459 = -1.739323
	x460 = -0.163758
	x461 = 2.257330
	x462 = -1.845174
	x463 = -1.866266
	x464 = 0.823420
	x465 = 1.156260
	x466 = 1.262835
	x467 = -4.196673
	x468 = 0.989471
	x469 = 1.241600
	x470 = -0.949263
	x471 = -0.275862
	x472 = 2.823944
	x473 = -0.270806
	x474 = -2.050487
	x475 = 0.869224
	x476 = -0.802686
	x477 = -1.316390
	x478 = 0.114901
	x479 = -0.298080
	x480 = -1.364391
	x481 = -1.276766
	x482 = 1.286731
	x483 = 1.096640
	x484 = -0.257838
	x485 = 1.811134
	x486 = -3.311102
	x487 = 1.077605
	x488 = -0.159154
	x489 = 1.083846
	x490 = -0.132784
	x491 = -2.049783
	x492 = 0.376010
	x493 = 3.035994
	x494 = 1.948097
	x495 = 0.533058
	x496 = 2.408360
	x497 = -1.304371
	x498 = 3.179343
	x499 = 2.198103
	x500 = -0.216613
	x501 = 1.790614
	x502 = 2.636115
	x503 = -1.543232
	x504 = 1.794841
	x505 = -2.164578
	x506 = 1.554722
	x507 = 0.134973
	x508 = 0.800719
	x509 = 0.099489
	x510 = -0.694690
	x511 = -0.192954

Output:
	y0 = -5.803877
	y1 = 4.835855
	y2 = -9.168333
	y3 = -3.631806
	y4 = 6.400120
	y5 = -8.775707
	y6 = 2.339770
	y7 = -14.270684
	y8 = -2.385603
	y9 = -5.804146
	y10 = 22.718902
	y11 = -9.683561
	y12 = -3.710967
	y13 = 3.235483
	y14 = -3.728224
	y15 = -3.402879
	y16 = 5.495232
	y17 = -3.469675
	y18 = -6.323865
	y19 = 5.506190
	y20 = -8.158408
	y21 = -5.162590
	y22 = 6.478022
	y23 = -9.414227
	y24 = -5.715240
	y25 = 5.006555
	y26 = -8.188997
	y27 = -7.576357
	y28 = 16.494662
	y29 = -10.823943
	y30 = 1.203260
	y31 = -16.396775
	y32 = -0.646033
	y33 = -0.173525
	y34 = -9.525273
	y35 = -0.953161
	y36 = 1.297859
	y37 = -12.589289
	y38 = 3.495648
	y39 = -1.000612
	y40 = -6.523019
	y41 = 0.383617
	y42 = -9.845806
	y43 = 25.124198
	y44 = -11.084612
	y45 = -6.370657
	y46 = 4.141648
	y47 = -7.205664
	y48 = -2.961858
	y49 = 3.648227
	y50 = -5.688780
	y51 = -3.309987
	y52 = 5.279686
	y53 = -2.703525
	y54 = 2.659416
	y55 = -7.253478
	y56 = -0.189345
	y57 = 3.885608
	y58 = -10.136012
	y59 = 2.730568
	y60 = 5.501931
	y61 = -9.202196
	y62 = 3.401305
	y63 = 6.251678
	y64 = -7.635446
	y65 = 2.396525
	y66 = -3.291286
	y67 = 7.143656
	y68 = -3.904681
	y69 = -4.123749
	y70 = 8.972137
	y71 = -6.679657
	y72 = -2.835909
	y73 = 4.587362
	y74 = -3.417771
	y75 = -3.850963
	y76 = 7.911132
	y77 = -3.040210
	y78 = 2.756674
	y79 = -4.694274
	y80 = 4.379167
	y81 = 6.629228
	y82 = -18.411892
	y83 = 6.344784
	y84 = 8.396520
	y85 = -17.068506
	y86 = 6.800730
	y87 = -2.047447
	y88 = 17.961750
	y89 = -2.481042
	y90 = -4.028381
	y91 = 20.924909
	y92 = -5.657645
	y93 = -5.835013
	y94 = 11.408901
	y95 = -6.392182
	y96 = -3.235885
	y97 = 8.093213
	y98 = -3.026970
	y99 = -3.888743
	y100 = 2.201106
	y101 = -2.213620
	y102 = 3.216882
	y103 = 2.653833
	y104 = 2.653843
	y105 = 8.335417
	y106 = -15.814782
	y107 = 8.486296
	y108 = 8.982543
	y109 = -16.966717
	y110 = 6.759203
	y111 = -2.122040
	y112 = 25.578763
	y113 = -2.232232
	y114 = -4.902511
	y115 = 9.247596
	y116 = -6.686968
	y117 = -5.908104
	y118 = 12.001715
	y119 = -7.150224
	y120 = -3.684027
	y121 = 5.610536
	y122 = -5.810744
	y123 = -4.550399
	y124 = 1.472393
	y125 = -4.621436
	y126 = -1.242847
	y127 = 6.429581
	y128 = -0.978514
	y129 = 1.202990
	y130 = 15.737932
	y131 = 1.348964
	y132 = -0.179651
	y133 = 24.769172
	y134 = -1.011247
	y135 = -3.049874
	y136 = 23.239643
	y137 = -3.469211
	y138 = -5.629526
	y139 = 11.855807
	y140 = -6.767213
	y141 = -5.498187
	y142 = 11.311719
	y143 = -8.709691
	y144 = -4.739494
	y145 = 5.072209
	y146 = -6.559477
	y147 = -6.415190
	y148 = 8.684772
	y149 = -7.777553
	y150 = -5.181670
	y151 = 9.714378
	y152 = -4.687567
	y153 = -3.098241
	y154 = 7.489737
	y155 = -4.272375
	y156 = -1.860139
	y157 = 6.805323
	y158 = -3.969914
	y159 = -4.764290
	y160 = 11.136094
	y161 = -4.383023
	y162 = -4.342641
	y163 = 8.637157
	y164 = -8.094803
	y165 = -6.975306
	y166 = 12.322145
	y167 = -11.770242
	y168 = -5.832312
	y169 = 2.618794
	y170 = -6.676636
	y171 = -8.356138
	y172 = 5.827622
	y173 = -9.016307
	y174 = -7.047487
	y175 = 9.543772
	y176 = -7.866673
	y177 = -7.209099
	y178 = 8.416608
	y179 = -8.173201
	y180 = -6.775786
	y181 = 11.493791
	y182 = -7.389904
	y183 = -8.140344
	y184 = 10.394378
	y185 = -4.940380
	y186 = -9.991219
	y187 = 9.427439
	y188 = -8.059698
	y189 = -8.235704
	y190 = 12.893816
	y191 = -10.397298

