InputQuery: /home/levn/Workspace/othello_world/queries/probe_robust/game_76_target_34_eps_0.1.txt
Engine::processInputQuery: Input query (before preprocessing): 449 equations, 1216 variables
Engine::processInputQuery: Input query (after preprocessing): 705 equations, 1381 variables

Input bounds:
	x0: [ -0.6838,  -0.4838] 
	x1: [ -0.1579,   0.0421] 
	x2: [ -1.2099,  -1.0099] 
	x3: [  0.0357,   0.2357] 
	x4: [  2.1650,   2.3650] 
	x5: [ -1.6785,  -1.4785] 
	x6: [ -0.7995,  -0.5995] 
	x7: [  2.2212,   2.4212] 
	x8: [ -3.0352,  -2.8352] 
	x9: [ -0.4882,  -0.2882] 
	x10: [ -1.5031,  -1.3031] 
	x11: [ -0.0389,   0.1611] 
	x12: [ -1.5883,  -1.3883] 
	x13: [  1.2700,   1.4700] 
	x14: [ -1.6451,  -1.4451] 
	x15: [  0.8593,   1.0593] 
	x16: [ -0.3395,  -0.1395] 
	x17: [ -2.2030,  -2.0030] 
	x18: [  1.3439,   1.5439] 
	x19: [  3.1093,   3.3093] 
	x20: [  2.1936,   2.3936] 
	x21: [ -0.8934,  -0.6934] 
	x22: [  0.1989,   0.3989] 
	x23: [ -1.4921,  -1.2921] 
	x24: [  0.4460,   0.6460] 
	x25: [  1.0960,   1.2960] 
	x26: [  1.0210,   1.2210] 
	x27: [ -2.0703,  -1.8703] 
	x28: [  1.7892,   1.9892] 
	x29: [ -0.6921,  -0.4921] 
	x30: [ -0.5155,  -0.3155] 
	x31: [  1.4407,   1.6407] 
	x32: [ -1.4003,  -1.2003] 
	x33: [ -4.0635,  -3.8635] 
	x34: [ -1.9336,  -1.7336] 
	x35: [  0.6187,   0.8187] 
	x36: [ -0.4840,  -0.2840] 
	x37: [ -2.9428,  -2.7428] 
	x38: [  2.7635,   2.9635] 
	x39: [  1.7754,   1.9754] 
	x40: [  0.6126,   0.8126] 
	x41: [ -0.6673,  -0.4673] 
	x42: [  0.3056,   0.5056] 
	x43: [ -1.3012,  -1.1012] 
	x44: [ -1.0322,  -0.8322] 
	x45: [ -0.2794,  -0.0794] 
	x46: [ -2.1603,  -1.9603] 
	x47: [ -2.6279,  -2.4279] 
	x48: [  1.4243,   1.6243] 
	x49: [ -0.7378,  -0.5378] 
	x50: [ -2.1885,  -1.9885] 
	x51: [  1.3180,   1.5180] 
	x52: [  1.2087,   1.4087] 
	x53: [ -1.7434,  -1.5434] 
	x54: [ -0.9633,  -0.7633] 
	x55: [  1.0952,   1.2952] 
	x56: [  0.8781,   1.0781] 
	x57: [ -1.1038,  -0.9038] 
	x58: [  0.2554,   0.4554] 
	x59: [  3.4960,   3.6960] 
	x60: [  0.8927,   1.0927] 
	x61: [  0.5554,   0.7554] 
	x62: [ -1.0335,  -0.8335] 
	x63: [ -0.9538,  -0.7538] 
	x64: [  2.7319,   2.9319] 
	x65: [ -0.6420,  -0.4420] 
	x66: [ -1.1408,  -0.9408] 
	x67: [  0.9912,   1.1912] 
	x68: [  1.0364,   1.2364] 
	x69: [  0.6940,   0.8940] 
	x70: [  0.7387,   0.9387] 
	x71: [  2.5074,   2.7074] 
	x72: [ -0.6976,  -0.4976] 
	x73: [ -2.4749,  -2.2749] 
	x74: [  0.3201,   0.5201] 
	x75: [  0.4515,   0.6515] 
	x76: [  0.8317,   1.0317] 
	x77: [ -0.5551,  -0.3551] 
	x78: [  2.1169,   2.3169] 
	x79: [ -3.4277,  -3.2277] 
	x80: [ -1.2736,  -1.0736] 
	x81: [  1.5604,   1.7604] 
	x82: [  1.5046,   1.7046] 
	x83: [ -1.5242,  -1.3242] 
	x84: [  0.6379,   0.8379] 
	x85: [  0.7906,   0.9906] 
	x86: [  2.3168,   2.5168] 
	x87: [ -0.5374,  -0.3374] 
	x88: [  1.1142,   1.3142] 
	x89: [  2.8348,   3.0348] 
	x90: [  1.4235,   1.6235] 
	x91: [ -1.7240,  -1.5240] 
	x92: [  1.9203,   2.1203] 
	x93: [  4.7119,   4.9119] 
	x94: [ -0.5502,  -0.3502] 
	x95: [  0.9199,   1.1199] 
	x96: [  0.4870,   0.6870] 
	x97: [ -2.0208,  -1.8208] 
	x98: [ -2.2249,  -2.0249] 
	x99: [  2.4876,   2.6876] 
	x100: [  3.0373,   3.2373] 
	x101: [  1.2717,   1.4717] 
	x102: [ -0.8181,  -0.6181] 
	x103: [ -1.2409,  -1.0409] 
	x104: [ -0.2926,  -0.0926] 
	x105: [ -0.7761,  -0.5761] 
	x106: [  1.2321,   1.4321] 
	x107: [ -1.4104,  -1.2104] 
	x108: [ -0.7677,  -0.5677] 
	x109: [ -4.4528,  -4.2528] 
	x110: [ -1.9255,  -1.7255] 
	x111: [ -0.1722,   0.0278] 
	x112: [  0.3366,   0.5366] 
	x113: [ -0.6098,  -0.4098] 
	x114: [  0.4443,   0.6443] 
	x115: [  1.6197,   1.8197] 
	x116: [  0.6339,   0.8339] 
	x117: [  1.2000,   1.4000] 
	x118: [ -0.7745,  -0.5745] 
	x119: [  2.3919,   2.5919] 
	x120: [ -1.0491,  -0.8491] 
	x121: [  2.5919,   2.7919] 
	x122: [  0.2162,   0.4162] 
	x123: [  0.9147,   1.1147] 
	x124: [ -1.2079,  -1.0079] 
	x125: [ -1.7267,  -1.5267] 
	x126: [  0.4527,   0.6527] 
	x127: [ -0.2108,  -0.0108] 
	x128: [ -0.0492,   0.1508] 
	x129: [  0.2219,   0.4219] 
	x130: [ -0.4798,  -0.2798] 
	x131: [ -1.4366,  -1.2366] 
	x132: [  2.0189,   2.2189] 
	x133: [ -1.4448,  -1.2448] 
	x134: [  1.3611,   1.5611] 
	x135: [  0.0921,   0.2921] 
	x136: [ -0.6942,  -0.4942] 
	x137: [  1.5261,   1.7261] 
	x138: [  0.6097,   0.8097] 
	x139: [  1.5650,   1.7650] 
	x140: [  1.2659,   1.4659] 
	x141: [  1.4930,   1.6930] 
	x142: [  0.7474,   0.9474] 
	x143: [ -2.0588,  -1.8588] 
	x144: [ -1.5882,  -1.3882] 
	x145: [ -0.5190,  -0.3190] 
	x146: [ -2.7579,  -2.5579] 
	x147: [ -0.2053,  -0.0053] 
	x148: [  1.4622,   1.6622] 
	x149: [ -2.8135,  -2.6135] 
	x150: [  0.0112,   0.2112] 
	x151: [  0.5230,   0.7230] 
	x152: [  1.0294,   1.2294] 
	x153: [ -1.4009,  -1.2009] 
	x154: [ -3.3603,  -3.1603] 
	x155: [  2.5945,   2.7945] 
	x156: [ -3.6082,  -3.4082] 
	x157: [  0.2195,   0.4195] 
	x158: [ -1.3519,  -1.1519] 
	x159: [  0.1388,   0.3388] 
	x160: [  2.4034,   2.6034] 
	x161: [  0.4003,   0.6003] 
	x162: [ -2.4986,  -2.2986] 
	x163: [ -1.7367,  -1.5367] 
	x164: [  0.1639,   0.3639] 
	x165: [ -1.6661,  -1.4661] 
	x166: [ -0.2952,  -0.0952] 
	x167: [  1.2245,   1.4245] 
	x168: [ -0.4422,  -0.2422] 
	x169: [ -2.4262,  -2.2262] 
	x170: [ -1.5995,  -1.3995] 
	x171: [ -0.8346,  -0.6346] 
	x172: [  2.3666,   2.5666] 
	x173: [ -0.7585,  -0.5585] 
	x174: [  0.2650,   0.4650] 
	x175: [  0.1233,   0.3233] 
	x176: [ -1.2369,  -1.0369] 
	x177: [  2.3867,   2.5867] 
	x178: [ -0.3475,  -0.1475] 
	x179: [  0.4344,   0.6344] 
	x180: [ -2.3640,  -2.1640] 
	x181: [ -2.0435,  -1.8435] 
	x182: [  1.0697,   1.2697] 
	x183: [ -1.2899,  -1.0899] 
	x184: [  1.1015,   1.3015] 
	x185: [ -3.6686,  -3.4686] 
	x186: [  1.1781,   1.3781] 
	x187: [  1.3541,   1.5541] 
	x188: [  1.6673,   1.8673] 
	x189: [  1.8600,   2.0600] 
	x190: [  0.8228,   1.0228] 
	x191: [ -1.8640,  -1.6640] 
	x192: [  0.2710,   0.4710] 
	x193: [ -1.0862,  -0.8862] 
	x194: [  0.1892,   0.3892] 
	x195: [ -0.1885,   0.0115] 
	x196: [  0.6877,   0.8877] 
	x197: [  0.1266,   0.3266] 
	x198: [  0.7805,   0.9805] 
	x199: [  0.1733,   0.3733] 
	x200: [ -3.6186,  -3.4186] 
	x201: [ -0.8720,  -0.6720] 
	x202: [ -1.1556,  -0.9556] 
	x203: [ -2.8814,  -2.6814] 
	x204: [ -0.1248,   0.0752] 
	x205: [ -0.2404,  -0.0404] 
	x206: [  2.2179,   2.4179] 
	x207: [ -0.0940,   0.1060] 
	x208: [ -0.3861,  -0.1861] 
	x209: [ -1.3926,  -1.1926] 
	x210: [  1.3745,   1.5745] 
	x211: [ -1.1766,  -0.9766] 
	x212: [  0.8643,   1.0643] 
	x213: [  1.2000,   1.4000] 
	x214: [ -2.7008,  -2.5008] 
	x215: [ -3.7874,  -3.5874] 
	x216: [ -0.1464,   0.0536] 
	x217: [  2.2189,   2.4189] 
	x218: [ -0.8290,  -0.6290] 
	x219: [ -0.7820,  -0.5820] 
	x220: [ -2.5867,  -2.3867] 
	x221: [  1.0958,   1.2958] 
	x222: [  2.3611,   2.5611] 
	x223: [  2.8290,   3.0290] 
	x224: [ -4.9581,  -4.7581] 
	x225: [  1.0990,   1.2990] 
	x226: [  2.1473,   2.3473] 
	x227: [  2.7640,   2.9640] 
	x228: [ -3.6534,  -3.4534] 
	x229: [ -0.4373,  -0.2373] 
	x230: [  2.1870,   2.3870] 
	x231: [ -0.4561,  -0.2561] 
	x232: [  2.2956,   2.4956] 
	x233: [  0.4061,   0.6061] 
	x234: [ -2.3050,  -2.1050] 
	x235: [ -2.4899,  -2.2899] 
	x236: [  0.4294,   0.6294] 
	x237: [ -2.5748,  -2.3748] 
	x238: [ -0.6544,  -0.4544] 
	x239: [  5.6756,   5.8756] 
	x240: [ -0.7598,  -0.5598] 
	x241: [ -1.2302,  -1.0302] 
	x242: [ -0.1055,   0.0945] 
	x243: [ -1.9533,  -1.7533] 
	x244: [ -0.2682,  -0.0682] 
	x245: [  1.6116,   1.8116] 
	x246: [ -1.1548,  -0.9548] 
	x247: [ -4.0935,  -3.8935] 
	x248: [  2.4259,   2.6259] 
	x249: [  1.1078,   1.3078] 
	x250: [  2.3051,   2.5051] 
	x251: [ -2.1211,  -1.9211] 
	x252: [  1.3213,   1.5213] 
	x253: [ -0.4600,  -0.2600] 
	x254: [ -0.7603,  -0.5603] 
	x255: [ -1.5598,  -1.3598] 
	x256: [  1.3383,   1.5383] 
	x257: [  1.0250,   1.2250] 
	x258: [ -3.0245,  -2.8245] 
	x259: [  0.3278,   0.5278] 
	x260: [ -0.1865,   0.0135] 
	x261: [ -1.3827,  -1.1827] 
	x262: [  0.3534,   0.5534] 
	x263: [  2.9012,   3.1012] 
	x264: [ -0.3546,  -0.1546] 
	x265: [ -0.3499,  -0.1499] 
	x266: [ -1.2879,  -1.0879] 
	x267: [ -0.8685,  -0.6685] 
	x268: [  0.1475,   0.3475] 
	x269: [ -1.2840,  -1.0840] 
	x270: [  1.8679,   2.0679] 
	x271: [ -0.9763,  -0.7763] 
	x272: [ -0.6792,  -0.4792] 
	x273: [  0.0452,   0.2452] 
	x274: [  2.0128,   2.2128] 
	x275: [ -0.4058,  -0.2058] 
	x276: [  0.6616,   0.8616] 
	x277: [ -0.0524,   0.1476] 
	x278: [ -3.5734,  -3.3734] 
	x279: [  0.5240,   0.7240] 
	x280: [  1.8424,   2.0424] 
	x281: [  1.3929,   1.5929] 
	x282: [  2.1318,   2.3318] 
	x283: [ -0.4700,  -0.2700] 
	x284: [  1.0155,   1.2155] 
	x285: [ -0.7921,  -0.5921] 
	x286: [  0.3070,   0.5070] 
	x287: [ -0.5560,  -0.3560] 
	x288: [ -2.5023,  -2.3023] 
	x289: [  2.0743,   2.2743] 
	x290: [ -3.0650,  -2.8650] 
	x291: [  0.3199,   0.5199] 
	x292: [  0.9446,   1.1446] 
	x293: [  1.3306,   1.5306] 
	x294: [  2.1505,   2.3505] 
	x295: [  1.7756,   1.9756] 
	x296: [  0.0493,   0.2493] 
	x297: [ -1.0500,  -0.8500] 
	x298: [ -6.3715,  -6.1715] 
	x299: [  3.9731,   4.1731] 
	x300: [  2.6444,   2.8444] 
	x301: [  0.9085,   1.1085] 
	x302: [  0.3731,   0.5731] 
	x303: [  1.5248,   1.7248] 
	x304: [ -1.2303,  -1.0303] 
	x305: [  0.4470,   0.6470] 
	x306: [ -2.9988,  -2.7988] 
	x307: [ -2.4141,  -2.2141] 
	x308: [  3.2803,   3.4803] 
	x309: [  0.7033,   0.9033] 
	x310: [  2.6894,   2.8894] 
	x311: [ -0.3705,  -0.1705] 
	x312: [ -1.7986,  -1.5986] 
	x313: [ -1.5128,  -1.3128] 
	x314: [ -2.6660,  -2.4660] 
	x315: [  0.0422,   0.2422] 
	x316: [ -0.4173,  -0.2173] 
	x317: [  3.9263,   4.1263] 
	x318: [ -1.0649,  -0.8649] 
	x319: [  0.7954,   0.9954] 
	x320: [ -0.1844,   0.0156] 
	x321: [  1.5584,   1.7584] 
	x322: [  0.1845,   0.3845] 
	x323: [  0.1143,   0.3143] 
	x324: [ -0.1081,   0.0919] 
	x325: [  0.9801,   1.1801] 
	x326: [  1.6737,   1.8737] 
	x327: [ -0.0287,   0.1713] 
	x328: [  1.7270,   1.9270] 
	x329: [  0.3439,   0.5439] 
	x330: [ -0.1083,   0.0917] 
	x331: [ -0.9215,  -0.7215] 
	x332: [ -0.0709,   0.1291] 
	x333: [ -0.0675,   0.1325] 
	x334: [ -2.8330,  -2.6330] 
	x335: [  0.9351,   1.1351] 
	x336: [ -1.1570,  -0.9570] 
	x337: [  3.2215,   3.4215] 
	x338: [ -1.7118,  -1.5118] 
	x339: [  0.4503,   0.6503] 
	x340: [ -3.0525,  -2.8525] 
	x341: [  1.4760,   1.6760] 
	x342: [  0.7378,   0.9378] 
	x343: [  0.9606,   1.1606] 
	x344: [  0.0077,   0.2077] 
	x345: [  4.5717,   4.7717] 
	x346: [  2.0937,   2.2937] 
	x347: [  0.5431,   0.7431] 
	x348: [  0.9371,   1.1371] 
	x349: [  1.9907,   2.1907] 
	x350: [ -1.5191,  -1.3191] 
	x351: [ -0.0435,   0.1565] 
	x352: [ -0.5188,  -0.3188] 
	x353: [  0.2951,   0.4951] 
	x354: [  0.1245,   0.3245] 
	x355: [ -0.9567,  -0.7567] 
	x356: [ -0.4354,  -0.2354] 
	x357: [  2.8154,   3.0154] 
	x358: [ -0.1465,   0.0535] 
	x359: [  1.4300,   1.6300] 
	x360: [ -0.5581,  -0.3581] 
	x361: [  0.4946,   0.6946] 
	x362: [ -3.6573,  -3.4573] 
	x363: [  0.0014,   0.2014] 
	x364: [ -2.3109,  -2.1109] 
	x365: [ -0.9655,  -0.7655] 
	x366: [  1.7921,   1.9921] 
	x367: [  3.4046,   3.6046] 
	x368: [ -3.8561,  -3.6561] 
	x369: [ -0.5719,  -0.3719] 
	x370: [  1.6897,   1.8897] 
	x371: [ -2.0686,  -1.8686] 
	x372: [ -0.1053,   0.0947] 
	x373: [  0.0319,   0.2319] 
	x374: [ -2.8877,  -2.6877] 
	x375: [ -0.8718,  -0.6718] 
	x376: [  3.3616,   3.5616] 
	x377: [  0.4178,   0.6178] 
	x378: [  0.5491,   0.7491] 
	x379: [ -2.6450,  -2.4450] 
	x380: [  1.5319,   1.7319] 
	x381: [ -2.2184,  -2.0184] 
	x382: [ -1.7649,  -1.5649] 
	x383: [  2.9517,   3.1517] 
	x384: [  0.0599,   0.2599] 
	x385: [  0.0639,   0.2639] 
	x386: [ -0.2850,  -0.0850] 
	x387: [  0.4577,   0.6577] 
	x388: [ -1.2517,  -1.0517] 
	x389: [  0.1831,   0.3831] 
	x390: [  0.3459,   0.5459] 
	x391: [ -2.3440,  -2.1440] 
	x392: [  2.5962,   2.7962] 
	x393: [  1.8781,   2.0781] 
	x394: [ -2.7374,  -2.5374] 
	x395: [ -0.8938,  -0.6938] 
	x396: [ -0.8623,  -0.6623] 
	x397: [ -1.0776,  -0.8776] 
	x398: [  1.7010,   1.9010] 
	x399: [  0.0994,   0.2994] 
	x400: [ -2.3640,  -2.1640] 
	x401: [ -2.9207,  -2.7207] 
	x402: [ -0.8057,  -0.6057] 
	x403: [ -1.8813,  -1.6813] 
	x404: [  2.5003,   2.7003] 
	x405: [  1.7097,   1.9097] 
	x406: [  1.8117,   2.0117] 
	x407: [ -1.7614,  -1.5614] 
	x408: [  0.6028,   0.8028] 
	x409: [ -2.5835,  -2.3835] 
	x410: [  0.9141,   1.1141] 
	x411: [  0.3349,   0.5349] 
	x412: [ -4.8943,  -4.6943] 
	x413: [  0.7955,   0.9955] 
	x414: [ -1.4515,  -1.2515] 
	x415: [ -0.6823,  -0.4823] 
	x416: [  0.2529,   0.4529] 
	x417: [  0.3155,   0.5155] 
	x418: [  0.7378,   0.9378] 
	x419: [  1.9776,   2.1776] 
	x420: [  0.0965,   0.2965] 
	x421: [ -0.6244,  -0.4244] 
	x422: [ -5.1368,  -4.9368] 
	x423: [ -2.3192,  -2.1192] 
	x424: [  1.3242,   1.5242] 
	x425: [ -2.5657,  -2.3657] 
	x426: [ -1.5307,  -1.3307] 
	x427: [ -1.7827,  -1.5827] 
	x428: [ -0.2405,  -0.0405] 
	x429: [ -0.6223,  -0.4223] 
	x430: [ -2.1047,  -1.9047] 
	x431: [ -0.2766,  -0.0766] 
	x432: [ -1.9491,  -1.7491] 
	x433: [ -1.0748,  -0.8748] 
	x434: [ -0.0604,   0.1396] 
	x435: [ -0.1546,   0.0454] 
	x436: [ -4.2160,  -4.0160] 
	x437: [ -1.0351,  -0.8351] 
	x438: [  0.3964,   0.5964] 
	x439: [ -1.0275,  -0.8275] 
	x440: [ -0.6387,  -0.4387] 
	x441: [ -0.4468,  -0.2468] 
	x442: [ -0.8055,  -0.6055] 
	x443: [ -0.8140,  -0.6140] 
	x444: [ -1.1298,  -0.9298] 
	x445: [  0.8805,   1.0805] 
	x446: [ -0.8570,  -0.6570] 
	x447: [  1.4272,   1.6272] 
	x448: [ -2.3385,  -2.1385] 
	x449: [ -1.6737,  -1.4737] 
	x450: [ -0.4305,  -0.2305] 
	x451: [  0.8109,   1.0109] 
	x452: [ -2.3945,  -2.1945] 
	x453: [ -1.2888,  -1.0888] 
	x454: [ -0.9729,  -0.7729] 
	x455: [  0.4364,   0.6364] 
	x456: [ -0.3713,  -0.1713] 
	x457: [  0.6453,   0.8453] 
	x458: [  1.0432,   1.2432] 
	x459: [ -1.1047,  -0.9047] 
	x460: [ -0.1409,   0.0591] 
	x461: [  3.9674,   4.1674] 
	x462: [  0.0415,   0.2415] 
	x463: [ -2.1085,  -1.9085] 
	x464: [ -0.2274,  -0.0274] 
	x465: [ -1.0045,  -0.8045] 
	x466: [  2.6503,   2.8503] 
	x467: [ -0.9239,  -0.7239] 
	x468: [  1.3793,   1.5793] 
	x469: [ -2.7793,  -2.5793] 
	x470: [  5.0733,   5.2733] 
	x471: [ -2.3946,  -2.1946] 
	x472: [ -1.5498,  -1.3498] 
	x473: [  0.6985,   0.8985] 
	x474: [ -2.3019,  -2.1019] 
	x475: [  0.2164,   0.4164] 
	x476: [  1.8318,   2.0318] 
	x477: [  0.4153,   0.6153] 
	x478: [  2.8467,   3.0467] 
	x479: [ -0.5095,  -0.3095] 
	x480: [  0.2475,   0.4475] 
	x481: [  0.7555,   0.9555] 
	x482: [ -2.0654,  -1.8654] 
	x483: [ -1.4895,  -1.2895] 
	x484: [  1.0318,   1.2318] 
	x485: [  2.7824,   2.9824] 
	x486: [  0.3233,   0.5233] 
	x487: [ -1.5680,  -1.3680] 
	x488: [ -0.6278,  -0.4278] 
	x489: [  0.3175,   0.5175] 
	x490: [  0.1276,   0.3276] 
	x491: [  0.6083,   0.8083] 
	x492: [  0.5924,   0.7924] 
	x493: [ -2.5969,  -2.3969] 
	x494: [ -0.3186,  -0.1186] 
	x495: [  0.5748,   0.7748] 
	x496: [ -0.4609,  -0.2609] 
	x497: [ -1.1178,  -0.9178] 
	x498: [ -2.0586,  -1.8586] 
	x499: [ -2.9032,  -2.7032] 
	x500: [  2.5915,   2.7915] 
	x501: [ -0.1385,   0.0615] 
	x502: [ -2.0464,  -1.8464] 
	x503: [ -3.2518,  -3.0518] 
	x504: [  1.7140,   1.9140] 
	x505: [  0.2494,   0.4494] 
	x506: [ -2.7673,  -2.5673] 
	x507: [  0.7081,   0.9081] 
	x508: [ -1.5406,  -1.3406] 
	x509: [ -0.1762,   0.0238] 
	x510: [  0.1752,   0.3752] 
	x511: [  0.0919,   0.2919] 

Branching heuristics set to PseudoImpact

Engine::solve: Initial statistics

02:38:20 Statistics update:
	--- Time Statistics ---
	Total time elapsed: 1115 milli (00:00:01)
		Main loop: 0 milli (00:00:00)
		Preprocessing time: 532 milli (00:00:00)
		Unknown: 582 milli (00:00:00)
	Breakdown for main loop:
		[0.00%] Simplex steps: 0 milli
		[0.00%] Explicit-basis bound tightening: 0 milli
		[0.00%] Constraint-matrix bound tightening: 0 milli
		[0.00%] Degradation checking: 0 milli
		[0.00%] Precision restoration: 0 milli
		[0.00%] Statistics handling: 0 milli
		[0.00%] Constraint-fixing steps: 0 milli
		[0.00%] Valid case splits: 0 milli. Average per split: 0.00 milli
		[0.00%] Applying stored bound-tightening: 0 milli
		[0.00%] SMT core: 0 milli
		[0.00%] Symbolic Bound Tightening: 26 milli
		[0.00%] SoI-based local search: 0 milli
		[0.00%] SoI-based local search: 0 milli
		[0.00%] Unaccounted for: 0 milli
	--- Preprocessor Statistics ---
	Number of preprocessor bound-tightening loop iterations: 3
	Number of eliminated variables: 92
	Number of constraints removed due to variable elimination: 92
	Number of equations removed due to variable elimination: 0
	--- Engine Statistics ---
	Number of main loop iterations: 1
		0 iterations were simplex steps. Total time: 0 milli. Average: 0.00 milli.
		0 iterations were constraint-fixing steps. Total time: 0 milli. Average: 0.00 milli
	Number of active piecewise-linear constraints: 164 / 164
		Constraints disabled by valid splits: 0. By SMT-originated splits: 0
	Last reported degradation: 0.0000000000. Max degradation so far: 0.0000000000. Restorations so far: 0
	Number of simplex pivots we attempted to skip because of instability: 0.
	Unstable pivots performed anyway: 0
	--- Tableau Statistics ---
	Total number of pivots performed: 0
		Real pivots: 0. Degenerate: 0 (0.00%)
		Degenerate pivots by request (e.g., to fix a PL constraint): 0 (0.00%)
		Average time per pivot: 0.00 milli
	Total number of fake pivots performed: 0
	Total number of rows added: 0. Number of merged columns: 0
	Current tableau dimensions: M = 705, N = 2086
	--- SMT Core Statistics ---
	Total depth is 0. Total visited states: 1. Number of splits: 0. Number of pops: 0
	Max stack depth: 0
	--- Bound Tightening Statistics ---
	Number of tightened bounds: 0.
		Number of rows examined by row tightener: 0. Consequent tightenings: 0
		Number of explicit basis matrices examined by row tightener: 0. Consequent tightenings: 0
		Number of bound tightening rounds on the entire constraint matrix: 0. Consequent tightenings: 0
		Number of bound notifications sent to PL constraints: 984. Tightenings proposed: 0
	--- Basis Factorization statistics ---
	Number of basis refactorizations: 2
	--- Projected Steepest Edge Statistics ---
	Number of iterations: 0.
	Number of resets to reference space: 1. Avg. iterations per reset: 0
	--- SBT ---
	Number of tightened bounds: 385
	--- SoI-based local search ---
	Number of proposed phase pattern update: 0. Number of accepted update: 0 [0.00%]
	Total time (% of local search time) updating SoI phase pattern : 0 milli [0.00%]
	Total time obtaining current assignment: 0 milli [0.00%]
	Total time getting SoI phase pattern : 0 milli [0.00%]
	--- Context dependent statistics ---
	Number of pushes / pops: 0 / 0
		[0.00%] Pre-Push hook: 0 milli
		[0.00%] Push : 0 milli
		[0.00%] Post-Pop hook: 0 milli
		[0.00%] Pop : 0 milli
		[0.00%] Total context-switching time: 0 milli
	--- Proof Certificate ---
	Number of certified leaves: 0
	Number of leaves to delegate: 0

---
Before declaring sat, recomputing...

Engine::solve: sat assignment found

02:38:33 Statistics update:
	--- Time Statistics ---
	Total time elapsed: 14363 milli (00:00:14)
		Main loop: 13248 milli (00:00:13)
		Preprocessing time: 532 milli (00:00:00)
		Unknown: 583 milli (00:00:00)
	Breakdown for main loop:
		[32.26%] Simplex steps: 4273 milli
		[67.02%] Explicit-basis bound tightening: 8879 milli
		[0.00%] Constraint-matrix bound tightening: 0 milli
		[0.18%] Degradation checking: 23 milli
		[0.00%] Precision restoration: 0 milli
		[0.08%] Statistics handling: 10 milli
		[0.00%] Constraint-fixing steps: 0 milli
		[0.00%] Valid case splits: 0 milli. Average per split: 0.00 milli
		[0.00%] Applying stored bound-tightening: 0 milli
		[0.00%] SMT core: 0 milli
		[0.48%] Symbolic Bound Tightening: 62 milli
		[0.00%] SoI-based local search: 0 milli
		[0.00%] SoI-based local search: 0 milli
		[139238196205995.59%] Unaccounted for: 0 milli
	--- Preprocessor Statistics ---
	Number of preprocessor bound-tightening loop iterations: 3
	Number of eliminated variables: 92
	Number of constraints removed due to variable elimination: 92
	Number of equations removed due to variable elimination: 0
	--- Engine Statistics ---
	Number of main loop iterations: 447
		444 iterations were simplex steps. Total time: 4273 milli. Average: 9.62 milli.
		0 iterations were constraint-fixing steps. Total time: 0 milli. Average: 0.00 milli
	Number of active piecewise-linear constraints: 164 / 164
		Constraints disabled by valid splits: 0. By SMT-originated splits: 0
	Last reported degradation: 0.0000001823. Max degradation so far: 0.0000000000. Restorations so far: 0
	Number of simplex pivots we attempted to skip because of instability: 0.
	Unstable pivots performed anyway: 0
	--- Tableau Statistics ---
	Total number of pivots performed: 422
		Real pivots: 422. Degenerate: 0 (0.00%)
		Degenerate pivots by request (e.g., to fix a PL constraint): 0 (0.00%)
		Average time per pivot: 0.99 milli
	Total number of fake pivots performed: 22
	Total number of rows added: 0. Number of merged columns: 0
	Current tableau dimensions: M = 705, N = 2086
	--- SMT Core Statistics ---
	Total depth is 0. Total visited states: 1. Number of splits: 0. Number of pops: 0
	Max stack depth: 0
	--- Bound Tightening Statistics ---
	Number of tightened bounds: 0.
		Number of rows examined by row tightener: 422. Consequent tightenings: 0
		Number of explicit basis matrices examined by row tightener: 5. Consequent tightenings: 291
		Number of bound tightening rounds on the entire constraint matrix: 0. Consequent tightenings: 0
		Number of bound notifications sent to PL constraints: 1968. Tightenings proposed: 0
	--- Basis Factorization statistics ---
	Number of basis refactorizations: 5
	--- Projected Steepest Edge Statistics ---
	Number of iterations: 444.
	Number of resets to reference space: 1. Avg. iterations per reset: 444
	--- SBT ---
	Number of tightened bounds: 385
	--- SoI-based local search ---
	Number of proposed phase pattern update: 0. Number of accepted update: 0 [0.00%]
	Total time (% of local search time) updating SoI phase pattern : 0 milli [0.00%]
	Total time obtaining current assignment: 0 milli [0.00%]
	Total time getting SoI phase pattern : 0 milli [0.00%]
	--- Context dependent statistics ---
	Number of pushes / pops: 0 / 0
		[0.00%] Pre-Push hook: 0 milli
		[0.00%] Push : 0 milli
		[0.00%] Post-Pop hook: 0 milli
		[0.00%] Pop : 0 milli
		[0.00%] Total context-switching time: 0 milli
	--- Proof Certificate ---
	Number of certified leaves: 0
	Number of leaves to delegate: 0
sat
Input assignment:
	x0 = -0.483808
	x1 = 0.042091
	x2 = -1.205102
	x3 = 0.235714
	x4 = 2.164965
	x5 = -1.478537
	x6 = -0.599465
	x7 = 2.421224
	x8 = -3.035227
	x9 = -0.288210
	x10 = -1.503150
	x11 = -0.038859
	x12 = -1.388265
	x13 = 1.470010
	x14 = -1.645098
	x15 = 0.859285
	x16 = -0.139513
	x17 = -2.003005
	x18 = 1.543877
	x19 = 3.309317
	x20 = 2.193619
	x21 = -0.893379
	x22 = 0.398925
	x23 = -1.492064
	x24 = 0.446026
	x25 = 1.295957
	x26 = 1.221023
	x27 = -2.070313
	x28 = 1.989213
	x29 = -0.492130
	x30 = -0.515487
	x31 = 1.440743
	x32 = -1.400264
	x33 = -4.063537
	x34 = -1.733584
	x35 = 0.818705
	x36 = -0.283996
	x37 = -2.942802
	x38 = 2.763460
	x39 = 1.975391
	x40 = 0.612558
	x41 = -0.467317
	x42 = 0.305639
	x43 = -1.301242
	x44 = -0.832159
	x45 = -0.079391
	x46 = -1.960305
	x47 = -2.427933
	x48 = 1.624252
	x49 = -0.537807
	x50 = -2.188506
	x51 = 1.517975
	x52 = 1.208707
	x53 = -1.743407
	x54 = -0.963311
	x55 = 1.095178
	x56 = 1.078109
	x57 = -0.903835
	x58 = 0.455423
	x59 = 3.495984
	x60 = 1.092722
	x61 = 0.755421
	x62 = -0.833509
	x63 = -0.953756
	x64 = 2.731890
	x65 = -0.442040
	x66 = -0.940834
	x67 = 1.191163
	x68 = 1.036446
	x69 = 0.893969
	x70 = 0.738667
	x71 = 2.707415
	x72 = -0.697563
	x73 = -2.474867
	x74 = 0.520062
	x75 = 0.451490
	x76 = 0.831745
	x77 = -0.555077
	x78 = 2.116897
	x79 = -3.427686
	x80 = -1.273576
	x81 = 1.560408
	x82 = 1.504594
	x83 = -1.524152
	x84 = 0.837879
	x85 = 0.790577
	x86 = 2.316808
	x87 = -0.337394
	x88 = 1.314176
	x89 = 2.834828
	x90 = 1.623523
	x91 = -1.723973
	x92 = 1.920268
	x93 = 4.911912
	x94 = -0.550198
	x95 = 0.919898
	x96 = 0.487047
	x97 = -2.020802
	x98 = -2.224894
	x99 = 2.487636
	x100 = 3.237314
	x101 = 1.271704
	x102 = -0.818099
	x103 = -1.040946
	x104 = -0.092613
	x105 = -0.576075
	x106 = 1.432077
	x107 = -1.210375
	x108 = -0.567691
	x109 = -4.452830
	x110 = -1.725523
	x111 = 0.027775
	x112 = 0.536577
	x113 = -0.409755
	x114 = 0.644254
	x115 = 1.819750
	x116 = 0.633934
	x117 = 1.399997
	x118 = -0.574523
	x119 = 2.391908
	x120 = -0.849117
	x121 = 2.591945
	x122 = 0.216182
	x123 = 0.914668
	x124 = -1.207863
	x125 = -1.526727
	x126 = 0.652697
	x127 = -0.210819
	x128 = -0.049190
	x129 = 0.421877
	x130 = -0.479822
	x131 = -1.436644
	x132 = 2.218906
	x133 = -1.244815
	x134 = 1.561099
	x135 = 0.292148
	x136 = -0.494202
	x137 = 1.526098
	x138 = 0.809701
	x139 = 1.764952
	x140 = 1.265915
	x141 = 1.492990
	x142 = 0.947389
	x143 = -1.858783
	x144 = -1.388182
	x145 = -0.519037
	x146 = -2.557907
	x147 = -0.005334
	x148 = 1.662211
	x149 = -2.613473
	x150 = 0.011155
	x151 = 0.522965
	x152 = 1.229364
	x153 = -1.400892
	x154 = -3.360254
	x155 = 2.594510
	x156 = -3.408153
	x157 = 0.219533
	x158 = -1.351906
	x159 = 0.338755
	x160 = 2.603412
	x161 = 0.600278
	x162 = -2.298590
	x163 = -1.536733
	x164 = 0.363883
	x165 = -1.466110
	x166 = -0.095164
	x167 = 1.424467
	x168 = -0.242194
	x169 = -2.226241
	x170 = -1.399456
	x171 = -0.634644
	x172 = 2.366559
	x173 = -0.758462
	x174 = 0.464978
	x175 = 0.123350
	x176 = -1.236917
	x177 = 2.586690
	x178 = -0.347488
	x179 = 0.434449
	x180 = -2.364018
	x181 = -2.043538
	x182 = 1.069722
	x183 = -1.089916
	x184 = 1.301513
	x185 = -3.468558
	x186 = 1.178138
	x187 = 1.354113
	x188 = 1.867324
	x189 = 2.060019
	x190 = 0.822781
	x191 = -1.864014
	x192 = 0.270982
	x193 = -1.086214
	x194 = 0.389173
	x195 = 0.011517
	x196 = 0.687703
	x197 = 0.126583
	x198 = 0.980491
	x199 = 0.373316
	x200 = -3.618562
	x201 = -0.871992
	x202 = -1.155560
	x203 = -2.881427
	x204 = -0.124791
	x205 = -0.040374
	x206 = 2.417879
	x207 = 0.106005
	x208 = -0.186069
	x209 = -1.192620
	x210 = 1.574485
	x211 = -0.976633
	x212 = 0.864298
	x213 = 1.200032
	x214 = -2.500768
	x215 = -3.587426
	x216 = 0.053605
	x217 = 2.218887
	x218 = -0.828973
	x219 = -0.781998
	x220 = -2.386686
	x221 = 1.095828
	x222 = 2.561144
	x223 = 3.028994
	x224 = -4.958124
	x225 = 1.299020
	x226 = 2.347346
	x227 = 2.764046
	x228 = -3.607224
	x229 = -0.237341
	x230 = 2.187017
	x231 = -0.456144
	x232 = 2.295591
	x233 = 0.606084
	x234 = -2.104973
	x235 = -2.489881
	x236 = 0.629352
	x237 = -2.374839
	x238 = -0.454373
	x239 = 5.675605
	x240 = -0.759833
	x241 = -1.030222
	x242 = 0.094492
	x243 = -1.953328
	x244 = -0.268157
	x245 = 1.811597
	x246 = -0.954833
	x247 = -3.893456
	x248 = 2.425856
	x249 = 1.107757
	x250 = 2.505149
	x251 = -2.121114
	x252 = 1.321298
	x253 = -0.260037
	x254 = -0.560265
	x255 = -1.359820
	x256 = 1.338326
	x257 = 1.224971
	x258 = -2.824533
	x259 = 0.527773
	x260 = 0.013495
	x261 = -1.182679
	x262 = 0.553366
	x263 = 3.101201
	x264 = -0.354578
	x265 = -0.349926
	x266 = -1.287877
	x267 = -0.868485
	x268 = 0.347510
	x269 = -1.084049
	x270 = 1.867935
	x271 = -0.776320
	x272 = -0.479179
	x273 = 0.045184
	x274 = 2.012822
	x275 = -0.405799
	x276 = 0.861562
	x277 = 0.147648
	x278 = -3.373442
	x279 = 0.523951
	x280 = 2.042423
	x281 = 1.592906
	x282 = 2.131817
	x283 = -0.269967
	x284 = 1.215537
	x285 = -0.792060
	x286 = 0.306986
	x287 = -0.355990
	x288 = -2.302294
	x289 = 2.274315
	x290 = -3.064955
	x291 = 0.319919
	x292 = 0.944640
	x293 = 1.530603
	x294 = 2.150489
	x295 = 1.975640
	x296 = 0.249335
	x297 = -0.850024
	x298 = -6.171482
	x299 = 3.973068
	x300 = 2.644443
	x301 = 0.908485
	x302 = 0.373112
	x303 = 1.524811
	x304 = -1.030299
	x305 = 0.446964
	x306 = -2.798776
	x307 = -2.414108
	x308 = 3.480318
	x309 = 0.903316
	x310 = 2.889359
	x311 = -0.370493
	x312 = -1.598613
	x313 = -1.312810
	x314 = -2.465962
	x315 = 0.242183
	x316 = -0.417347
	x317 = 3.926339
	x318 = -1.064910
	x319 = 0.795363
	x320 = 0.015643
	x321 = 1.558416
	x322 = 0.384504
	x323 = 0.114326
	x324 = -0.108123
	x325 = 1.180094
	x326 = 1.873711
	x327 = 0.171289
	x328 = 1.927027
	x329 = 0.343948
	x330 = 0.091707
	x331 = -0.921526
	x332 = 0.129081
	x333 = -0.067525
	x334 = -2.833001
	x335 = 1.135077
	x336 = -1.157039
	x337 = 3.221472
	x338 = -1.511848
	x339 = 0.650311
	x340 = -2.852547
	x341 = 1.475993
	x342 = 0.737808
	x343 = 1.160576
	x344 = 0.007686
	x345 = 4.771666
	x346 = 2.093734
	x347 = 0.743119
	x348 = 0.937146
	x349 = 1.990717
	x350 = -1.319103
	x351 = 0.156529
	x352 = -0.318807
	x353 = 0.495092
	x354 = 0.124483
	x355 = -0.956721
	x356 = -0.235363
	x357 = 2.815410
	x358 = 0.053461
	x359 = 1.429967
	x360 = -0.358092
	x361 = 0.494572
	x362 = -3.457307
	x363 = 0.001443
	x364 = -2.310870
	x365 = -0.965497
	x366 = 1.992069
	x367 = 3.604594
	x368 = -3.856093
	x369 = -0.371903
	x370 = 1.889716
	x371 = -1.868565
	x372 = -0.105305
	x373 = 0.231879
	x374 = -2.687688
	x375 = -0.671772
	x376 = 3.561604
	x377 = 0.417757
	x378 = 0.749090
	x379 = -2.444978
	x380 = 1.531852
	x381 = -2.018417
	x382 = -1.564859
	x383 = 2.951704
	x384 = 0.059890
	x385 = 0.063900
	x386 = -0.084972
	x387 = 0.457700
	x388 = -1.251732
	x389 = 0.183081
	x390 = 0.545904
	x391 = -2.344025
	x392 = 2.596192
	x393 = 1.878148
	x394 = -2.537442
	x395 = -0.693778
	x396 = -0.662333
	x397 = -0.877572
	x398 = 1.700999
	x399 = 0.099392
	x400 = -2.364011
	x401 = -2.720737
	x402 = -0.805750
	x403 = -1.681319
	x404 = 2.500259
	x405 = 1.909657
	x406 = 1.811727
	x407 = -1.761373
	x408 = 0.602814
	x409 = -2.583454
	x410 = 0.914142
	x411 = 0.534940
	x412 = -4.694284
	x413 = 0.995527
	x414 = -1.251487
	x415 = -0.682328
	x416 = 0.452938
	x417 = 0.315544
	x418 = 0.737836
	x419 = 2.177636
	x420 = 0.096523
	x421 = -0.424438
	x422 = -5.136767
	x423 = -2.119180
	x424 = 1.324236
	x425 = -2.365716
	x426 = -1.330652
	x427 = -1.582706
	x428 = -0.040538
	x429 = -0.622252
	x430 = -1.904700
	x431 = -0.076623
	x432 = -1.749110
	x433 = -1.074831
	x434 = -0.060428
	x435 = 0.045441
	x436 = -4.016028
	x437 = -0.835082
	x438 = 0.396443
	x439 = -1.027461
	x440 = -0.638693
	x441 = -0.446818
	x442 = -0.805470
	x443 = -0.614022
	x444 = -1.129767
	x445 = 0.880461
	x446 = -0.856958
	x447 = 1.428963
	x448 = -2.138499
	x449 = -1.673729
	x450 = -0.230470
	x451 = 1.010946
	x452 = -2.394467
	x453 = -1.088820
	x454 = -0.772948
	x455 = 0.636351
	x456 = -0.371322
	x457 = 0.645251
	x458 = 1.243202
	x459 = -0.904741
	x460 = -0.140930
	x461 = 4.167430
	x462 = 0.241480
	x463 = -1.908480
	x464 = -0.027397
	x465 = -0.804515
	x466 = 2.650255
	x467 = -0.723940
	x468 = 1.579306
	x469 = -2.779299
	x470 = 5.073334
	x471 = -2.394631
	x472 = -1.549813
	x473 = 0.698470
	x474 = -2.101879
	x475 = 0.416359
	x476 = 2.031794
	x477 = 0.415254
	x478 = 2.846672
	x479 = -0.309494
	x480 = 0.247540
	x481 = 0.955497
	x482 = -1.865397
	x483 = -1.289496
	x484 = 1.031848
	x485 = 2.782429
	x486 = 0.323309
	x487 = -1.568003
	x488 = -0.627800
	x489 = 0.517451
	x490 = 0.327650
	x491 = 0.608269
	x492 = 0.592434
	x493 = -2.596947
	x494 = -0.318598
	x495 = 0.574830
	x496 = -0.460913
	x497 = -0.917822
	x498 = -2.058635
	x499 = -2.903243
	x500 = 2.791507
	x501 = 0.061545
	x502 = -1.846390
	x503 = -3.051750
	x504 = 1.714038
	x505 = 0.449361
	x506 = -2.767295
	x507 = 0.908102
	x508 = -1.340602
	x509 = 0.023848
	x510 = 0.175237
	x511 = 0.091903

Output:
	y0 = -7.618844
	y1 = 4.441559
	y2 = -6.372630
	y3 = -6.474048
	y4 = 2.779754
	y5 = -5.141058
	y6 = -5.897169
	y7 = 5.560681
	y8 = -4.695408
	y9 = -6.699667
	y10 = 5.081488
	y11 = -5.361122
	y12 = -6.485841
	y13 = 8.995705
	y14 = -5.667896
	y15 = -5.804658
	y16 = 11.835276
	y17 = -6.251240
	y18 = -9.595963
	y19 = 8.889469
	y20 = -10.663877
	y21 = -5.649891
	y22 = 8.336584
	y23 = -7.438684
	y24 = -8.687458
	y25 = 15.442334
	y26 = -11.943959
	y27 = -9.622918
	y28 = 13.757867
	y29 = -10.570067
	y30 = 1.582125
	y31 = -17.222569
	y32 = 1.020871
	y33 = -4.682325
	y34 = 11.911218
	y35 = -4.296461
	y36 = -1.626089
	y37 = 15.706157
	y38 = -2.205289
	y39 = -7.771799
	y40 = 18.883882
	y41 = -6.331944
	y42 = -8.458835
	y43 = 5.802771
	y44 = -9.309808
	y45 = -7.235532
	y46 = 8.154631
	y47 = -7.697048
	y48 = -3.371497
	y49 = 6.012184
	y50 = -6.265891
	y51 = 0.622799
	y52 = -8.760970
	y53 = 0.277952
	y54 = 3.113642
	y55 = -12.085173
	y56 = 2.882802
	y57 = 4.387587
	y58 = -12.704858
	y59 = 3.618673
	y60 = 4.033505
	y61 = -13.390166
	y62 = 4.068036
	y63 = -1.015079
	y64 = 28.633852
	y65 = -1.413178
	y66 = -5.076924
	y67 = 25.493808
	y68 = -6.420975
	y69 = -5.871364
	y70 = 12.153102
	y71 = -5.228289
	y72 = -4.768410
	y73 = 14.328420
	y74 = -5.767226
	y75 = -2.562661
	y76 = 13.019164
	y77 = -3.067658
	y78 = 3.700549
	y79 = -1.708707
	y80 = 4.337384
	y81 = 8.057130
	y82 = -21.981875
	y83 = 8.712409
	y84 = 9.593934
	y85 = -18.208737
	y86 = 9.595863
	y87 = 2.157260
	y88 = -9.729015
	y89 = 1.288944
	y90 = -4.610290
	y91 = 28.119930
	y92 = -5.166978
	y93 = -6.272231
	y94 = 12.508177
	y95 = -6.177631
	y96 = -3.144478
	y97 = 12.348869
	y98 = -4.328179
	y99 = -3.548790
	y100 = 5.464094
	y101 = -3.143973
	y102 = 4.089053
	y103 = -5.379418
	y104 = 2.374741
	y105 = 9.720233
	y106 = -18.659683
	y107 = 10.084312
	y108 = 10.222763
	y109 = -19.111973
	y110 = 9.450852
	y111 = 0.373706
	y112 = -3.605009
	y113 = 2.353876
	y114 = -4.551321
	y115 = 6.020527
	y116 = -4.184335
	y117 = -5.187525
	y118 = 8.270685
	y119 = -5.461368
	y120 = -4.896282
	y121 = 7.997260
	y122 = -6.364220
	y123 = -3.577863
	y124 = 4.399009
	y125 = -3.158986
	y126 = -1.427803
	y127 = 11.281679
	y128 = -1.323993
	y129 = 5.245572
	y130 = -6.843163
	y131 = 3.177721
	y132 = 0.015548
	y133 = 16.081444
	y134 = 1.838764
	y135 = -1.629332
	y136 = 10.411159
	y137 = 0.038412
	y138 = -3.500110
	y139 = 10.051130
	y140 = -2.696997
	y141 = -4.545659
	y142 = 6.417921
	y143 = -7.067099
	y144 = -6.714369
	y145 = 8.572817
	y146 = -7.980458
	y147 = -6.034992
	y148 = 9.604198
	y149 = -7.544358
	y150 = -8.462285
	y151 = 28.158394
	y152 = -6.346660
	y153 = -5.359476
	y154 = 26.234653
	y155 = -4.114428
	y156 = -5.362884
	y157 = 28.622263
	y158 = -6.312860
	y159 = -3.730385
	y160 = 11.256819
	y161 = -1.468454
	y162 = -6.546234
	y163 = 6.962921
	y164 = -7.452052
	y165 = -4.756547
	y166 = 7.639785
	y167 = -8.090663
	y168 = -5.487571
	y169 = 5.945609
	y170 = -7.742545
	y171 = -9.857790
	y172 = 9.669603
	y173 = -10.992847
	y174 = -6.873062
	y175 = 11.241301
	y176 = -8.337556
	y177 = -7.961880
	y178 = 9.250972
	y179 = -8.529334
	y180 = -7.790700
	y181 = 12.578882
	y182 = -7.398054
	y183 = -7.658374
	y184 = 11.253342
	y185 = -6.691106
	y186 = -9.112026
	y187 = 8.750961
	y188 = -7.908255
	y189 = -9.084530
	y190 = 8.065513
	y191 = -8.751165

