InputQuery: /home/levn/Workspace/othello_world/queries/probe_robust/game_25_target_34_eps_0.1.txt
Engine::processInputQuery: Input query (before preprocessing): 449 equations, 1216 variables
Engine::processInputQuery: Input query (after preprocessing): 705 equations, 1391 variables

Input bounds:
	x0: [ -0.5042,  -0.3042] 
	x1: [ -0.5451,  -0.3451] 
	x2: [  0.7743,   0.9743] 
	x3: [  0.6787,   0.8787] 
	x4: [ -0.8483,  -0.6483] 
	x5: [ -0.5105,  -0.3105] 
	x6: [  1.1533,   1.3533] 
	x7: [ -1.4806,  -1.2806] 
	x8: [ -2.5278,  -2.3278] 
	x9: [ -1.9440,  -1.7440] 
	x10: [  0.3725,   0.5725] 
	x11: [ -2.8596,  -2.6596] 
	x12: [ -0.2509,  -0.0509] 
	x13: [ -0.2907,  -0.0907] 
	x14: [ -2.1822,  -1.9822] 
	x15: [ -0.5556,  -0.3556] 
	x16: [  2.3365,   2.5365] 
	x17: [ -1.2031,  -1.0031] 
	x18: [ -1.9512,  -1.7512] 
	x19: [ -1.3656,  -1.1656] 
	x20: [  1.4236,   1.6236] 
	x21: [ -1.7644,  -1.5644] 
	x22: [  2.1588,   2.3588] 
	x23: [  0.7256,   0.9256] 
	x24: [  1.6152,   1.8152] 
	x25: [ -0.3856,  -0.1856] 
	x26: [ -2.3149,  -2.1149] 
	x27: [ -0.3549,  -0.1549] 
	x28: [ -0.7082,  -0.5082] 
	x29: [ -2.2139,  -2.0139] 
	x30: [ -3.1418,  -2.9418] 
	x31: [  0.2393,   0.4393] 
	x32: [ -2.4265,  -2.2265] 
	x33: [ -1.3952,  -1.1952] 
	x34: [  2.2548,   2.4548] 
	x35: [ -0.3780,  -0.1780] 
	x36: [  0.1347,   0.3347] 
	x37: [  0.6706,   0.8706] 
	x38: [  1.5781,   1.7781] 
	x39: [ -0.1464,   0.0536] 
	x40: [ -0.0836,   0.1164] 
	x41: [  1.5963,   1.7963] 
	x42: [ -0.4633,  -0.2633] 
	x43: [ -2.4494,  -2.2494] 
	x44: [ -1.9995,  -1.7995] 
	x45: [ -0.6215,  -0.4215] 
	x46: [  2.4710,   2.6710] 
	x47: [ -2.7026,  -2.5026] 
	x48: [ -1.0911,  -0.8911] 
	x49: [  0.8592,   1.0592] 
	x50: [ -0.3155,  -0.1155] 
	x51: [ -3.3425,  -3.1425] 
	x52: [  2.4334,   2.6334] 
	x53: [  0.0941,   0.2941] 
	x54: [ -1.7401,  -1.5401] 
	x55: [ -0.7081,  -0.5081] 
	x56: [ -3.3979,  -3.1979] 
	x57: [ -2.1800,  -1.9800] 
	x58: [ -0.0153,   0.1847] 
	x59: [  5.4574,   5.6574] 
	x60: [ -3.1502,  -2.9502] 
	x61: [  2.6261,   2.8261] 
	x62: [  0.1219,   0.3219] 
	x63: [  1.0328,   1.2328] 
	x64: [  1.6143,   1.8143] 
	x65: [  1.9750,   2.1750] 
	x66: [ -2.4975,  -2.2975] 
	x67: [  0.2584,   0.4584] 
	x68: [  1.9668,   2.1668] 
	x69: [ -0.5611,  -0.3611] 
	x70: [ -0.1710,   0.0290] 
	x71: [  1.4630,   1.6630] 
	x72: [  0.7940,   0.9940] 
	x73: [ -1.0450,  -0.8450] 
	x74: [  0.6168,   0.8168] 
	x75: [  3.9304,   4.1304] 
	x76: [  0.8794,   1.0794] 
	x77: [  0.4874,   0.6874] 
	x78: [ -0.6000,  -0.4000] 
	x79: [ -3.4662,  -3.2662] 
	x80: [  2.0998,   2.2998] 
	x81: [  0.2924,   0.4924] 
	x82: [  1.6594,   1.8594] 
	x83: [  0.0775,   0.2775] 
	x84: [ -1.2948,  -1.0948] 
	x85: [  0.5700,   0.7700] 
	x86: [  0.3480,   0.5480] 
	x87: [  0.0447,   0.2447] 
	x88: [ -0.0066,   0.1934] 
	x89: [  0.0845,   0.2845] 
	x90: [  1.7675,   1.9675] 
	x91: [ -3.9129,  -3.7129] 
	x92: [ -1.7595,  -1.5595] 
	x93: [ -2.0182,  -1.8182] 
	x94: [ -0.7803,  -0.5803] 
	x95: [ -1.8201,  -1.6201] 
	x96: [  0.0164,   0.2164] 
	x97: [ -1.4227,  -1.2227] 
	x98: [  1.7216,   1.9216] 
	x99: [ -0.8733,  -0.6733] 
	x100: [ -0.9899,  -0.7899] 
	x101: [ -0.4694,  -0.2694] 
	x102: [ -0.5286,  -0.3286] 
	x103: [ -0.9073,  -0.7073] 
	x104: [ -0.7957,  -0.5957] 
	x105: [  0.4355,   0.6355] 
	x106: [  1.5444,   1.7444] 
	x107: [  3.1195,   3.3195] 
	x108: [ -0.2157,  -0.0157] 
	x109: [ -0.4363,  -0.2363] 
	x110: [  1.6282,   1.8282] 
	x111: [ -1.7494,  -1.5494] 
	x112: [ -1.6646,  -1.4646] 
	x113: [  0.4035,   0.6035] 
	x114: [ -0.5271,  -0.3271] 
	x115: [ -0.4282,  -0.2282] 
	x116: [  1.8053,   2.0053] 
	x117: [  2.6924,   2.8924] 
	x118: [ -0.4254,  -0.2254] 
	x119: [ -2.3118,  -2.1118] 
	x120: [ -0.3072,  -0.1072] 
	x121: [  1.6505,   1.8505] 
	x122: [  2.6634,   2.8634] 
	x123: [ -0.4764,  -0.2764] 
	x124: [ -0.3834,  -0.1834] 
	x125: [ -1.5599,  -1.3599] 
	x126: [ -1.7826,  -1.5826] 
	x127: [  1.7516,   1.9516] 
	x128: [  2.4983,   2.6983] 
	x129: [  1.1063,   1.3063] 
	x130: [ -0.6420,  -0.4420] 
	x131: [  2.4853,   2.6853] 
	x132: [  2.0186,   2.2186] 
	x133: [  1.5726,   1.7726] 
	x134: [  3.4128,   3.6128] 
	x135: [  2.4462,   2.6462] 
	x136: [  1.2701,   1.4701] 
	x137: [ -0.6260,  -0.4260] 
	x138: [  3.4557,   3.6557] 
	x139: [  0.1788,   0.3788] 
	x140: [  5.1290,   5.3290] 
	x141: [ -0.2917,  -0.0917] 
	x142: [  1.0442,   1.2442] 
	x143: [  1.1890,   1.3890] 
	x144: [ -1.4058,  -1.2058] 
	x145: [ -3.1245,  -2.9245] 
	x146: [ -1.8902,  -1.6902] 
	x147: [ -0.4566,  -0.2566] 
	x148: [ -1.0020,  -0.8020] 
	x149: [ -1.8190,  -1.6190] 
	x150: [ -1.9043,  -1.7043] 
	x151: [ -3.3928,  -3.1928] 
	x152: [  1.5972,   1.7972] 
	x153: [ -0.0999,   0.1001] 
	x154: [ -0.8157,  -0.6157] 
	x155: [  0.1770,   0.3770] 
	x156: [ -1.5351,  -1.3351] 
	x157: [  1.1214,   1.3214] 
	x158: [  0.0050,   0.2050] 
	x159: [ -0.9602,  -0.7602] 
	x160: [  0.5051,   0.7051] 
	x161: [ -0.9948,  -0.7948] 
	x162: [ -2.2666,  -2.0666] 
	x163: [  1.8280,   2.0280] 
	x164: [ -2.4132,  -2.2132] 
	x165: [ -2.5502,  -2.3502] 
	x166: [ -0.1234,   0.0766] 
	x167: [  1.3581,   1.5581] 
	x168: [ -1.6483,  -1.4483] 
	x169: [  0.2472,   0.4472] 
	x170: [ -0.6052,  -0.4052] 
	x171: [  1.3261,   1.5261] 
	x172: [ -0.9123,  -0.7123] 
	x173: [ -0.7033,  -0.5033] 
	x174: [  1.2033,   1.4033] 
	x175: [  1.8628,   2.0628] 
	x176: [  0.1505,   0.3505] 
	x177: [  1.6364,   1.8364] 
	x178: [  0.1498,   0.3498] 
	x179: [  2.7484,   2.9484] 
	x180: [ -1.9368,  -1.7368] 
	x181: [  0.8278,   1.0278] 
	x182: [ -0.6394,  -0.4394] 
	x183: [ -0.3463,  -0.1463] 
	x184: [  1.5632,   1.7632] 
	x185: [ -1.2329,  -1.0329] 
	x186: [ -1.0372,  -0.8372] 
	x187: [  0.7857,   0.9857] 
	x188: [ -0.8848,  -0.6848] 
	x189: [  0.4458,   0.6458] 
	x190: [ -2.1909,  -1.9909] 
	x191: [  0.3418,   0.5418] 
	x192: [  0.5549,   0.7549] 
	x193: [ -0.7305,  -0.5305] 
	x194: [ -1.1109,  -0.9109] 
	x195: [ -3.6093,  -3.4093] 
	x196: [ -1.7108,  -1.5108] 
	x197: [ -0.7545,  -0.5545] 
	x198: [ -1.1799,  -0.9799] 
	x199: [ -1.6704,  -1.4704] 
	x200: [  0.2067,   0.4067] 
	x201: [  1.0007,   1.2007] 
	x202: [ -3.2944,  -3.0944] 
	x203: [  0.1388,   0.3388] 
	x204: [ -2.2724,  -2.0724] 
	x205: [  1.2130,   1.4130] 
	x206: [ -1.2118,  -1.0118] 
	x207: [ -0.0878,   0.1122] 
	x208: [  1.9670,   2.1670] 
	x209: [  2.5168,   2.7168] 
	x210: [ -1.3422,  -1.1422] 
	x211: [  0.2754,   0.4754] 
	x212: [ -2.6843,  -2.4843] 
	x213: [ -0.8935,  -0.6935] 
	x214: [ -1.5733,  -1.3733] 
	x215: [ -2.2228,  -2.0228] 
	x216: [ -1.7275,  -1.5275] 
	x217: [  1.7659,   1.9659] 
	x218: [  0.5688,   0.7688] 
	x219: [  0.3662,   0.5662] 
	x220: [ -1.9319,  -1.7319] 
	x221: [  0.4423,   0.6423] 
	x222: [ -1.6803,  -1.4803] 
	x223: [ -0.4575,  -0.2575] 
	x224: [  2.8061,   3.0061] 
	x225: [ -1.9841,  -1.7841] 
	x226: [  3.3552,   3.5552] 
	x227: [  0.6138,   0.8138] 
	x228: [  3.4317,   3.6317] 
	x229: [  0.5336,   0.7336] 
	x230: [ -1.9621,  -1.7621] 
	x231: [  2.2995,   2.4995] 
	x232: [ -0.0058,   0.1942] 
	x233: [ -2.0047,  -1.8047] 
	x234: [  0.1766,   0.3766] 
	x235: [ -2.3063,  -2.1063] 
	x236: [ -0.1766,   0.0234] 
	x237: [  0.3263,   0.5263] 
	x238: [  1.0802,   1.2802] 
	x239: [  9.0462,   9.2462] 
	x240: [  2.2825,   2.4825] 
	x241: [ -2.0001,  -1.8001] 
	x242: [  3.5147,   3.7147] 
	x243: [  1.3740,   1.5740] 
	x244: [  0.0623,   0.2623] 
	x245: [  0.4405,   0.6405] 
	x246: [  0.5012,   0.7012] 
	x247: [ -1.3855,  -1.1855] 
	x248: [ -0.1158,   0.0842] 
	x249: [  0.9629,   1.1629] 
	x250: [  1.2898,   1.4898] 
	x251: [ -0.4121,  -0.2121] 
	x252: [  3.3384,   3.5384] 
	x253: [  1.2070,   1.4070] 
	x254: [ -0.6599,  -0.4599] 
	x255: [ -0.4485,  -0.2485] 
	x256: [ -1.3431,  -1.1431] 
	x257: [ -0.7848,  -0.5848] 
	x258: [ -2.9264,  -2.7264] 
	x259: [  2.4713,   2.6713] 
	x260: [ -2.6154,  -2.4154] 
	x261: [ -1.6913,  -1.4913] 
	x262: [  1.1893,   1.3893] 
	x263: [ -0.7240,  -0.5240] 
	x264: [ -0.4986,  -0.2986] 
	x265: [ -0.5494,  -0.3494] 
	x266: [  1.8760,   2.0760] 
	x267: [ -1.0681,  -0.8681] 
	x268: [ -1.5869,  -1.3869] 
	x269: [  0.6980,   0.8980] 
	x270: [  2.6531,   2.8531] 
	x271: [  0.1889,   0.3889] 
	x272: [  0.5915,   0.7915] 
	x273: [ -2.3744,  -2.1744] 
	x274: [ -0.7647,  -0.5647] 
	x275: [  2.2396,   2.4396] 
	x276: [ -0.2195,  -0.0195] 
	x277: [  0.0088,   0.2088] 
	x278: [  0.7105,   0.9105] 
	x279: [ -2.9996,  -2.7996] 
	x280: [  0.9417,   1.1417] 
	x281: [  1.4611,   1.6611] 
	x282: [  1.2055,   1.4055] 
	x283: [ -1.4286,  -1.2286] 
	x284: [ -0.3165,  -0.1165] 
	x285: [  0.7733,   0.9733] 
	x286: [  0.9558,   1.1558] 
	x287: [ -0.8042,  -0.6042] 
	x288: [  0.2643,   0.4643] 
	x289: [  0.0361,   0.2361] 
	x290: [  1.5406,   1.7406] 
	x291: [  0.0593,   0.2593] 
	x292: [ -0.8042,  -0.6042] 
	x293: [ -0.7305,  -0.5305] 
	x294: [ -1.6607,  -1.4607] 
	x295: [  0.8140,   1.0140] 
	x296: [ -2.0813,  -1.8813] 
	x297: [  1.8546,   2.0546] 
	x298: [ -8.4061,  -8.2061] 
	x299: [  0.2258,   0.4258] 
	x300: [  4.8676,   5.0676] 
	x301: [  1.4562,   1.6562] 
	x302: [ -1.4976,  -1.2976] 
	x303: [  0.1652,   0.3652] 
	x304: [ -1.5406,  -1.3406] 
	x305: [ -1.8297,  -1.6297] 
	x306: [  0.5536,   0.7536] 
	x307: [ -1.6578,  -1.4578] 
	x308: [  5.3020,   5.5020] 
	x309: [  0.8901,   1.0901] 
	x310: [ -1.1794,  -0.9794] 
	x311: [  0.5377,   0.7377] 
	x312: [  0.2249,   0.4249] 
	x313: [ -0.5120,  -0.3120] 
	x314: [  2.4408,   2.6408] 
	x315: [  0.6188,   0.8188] 
	x316: [  0.7215,   0.9215] 
	x317: [  2.5134,   2.7134] 
	x318: [  1.5524,   1.7524] 
	x319: [ -1.3623,  -1.1623] 
	x320: [ -1.1025,  -0.9025] 
	x321: [ -0.6702,  -0.4702] 
	x322: [  0.4494,   0.6494] 
	x323: [  1.4668,   1.6668] 
	x324: [  0.4167,   0.6167] 
	x325: [ -0.7366,  -0.5366] 
	x326: [ -0.3606,  -0.1606] 
	x327: [ -0.2835,  -0.0835] 
	x328: [  1.9325,   2.1325] 
	x329: [ -2.2518,  -2.0518] 
	x330: [ -0.1705,   0.0295] 
	x331: [  0.7129,   0.9129] 
	x332: [ -1.0260,  -0.8260] 
	x333: [  0.3676,   0.5676] 
	x334: [ -0.6702,  -0.4702] 
	x335: [  0.9741,   1.1741] 
	x336: [  0.6868,   0.8868] 
	x337: [ -0.1106,   0.0894] 
	x338: [ -0.5342,  -0.3342] 
	x339: [ -1.5284,  -1.3284] 
	x340: [  0.1335,   0.3335] 
	x341: [  1.3331,   1.5331] 
	x342: [ -1.1871,  -0.9871] 
	x343: [  0.1442,   0.3442] 
	x344: [  0.9450,   1.1450] 
	x345: [  0.9305,   1.1305] 
	x346: [ -3.2273,  -3.0273] 
	x347: [ -0.5976,  -0.3976] 
	x348: [ -2.4085,  -2.2085] 
	x349: [  0.2231,   0.4231] 
	x350: [  0.6747,   0.8747] 
	x351: [ -0.6477,  -0.4477] 
	x352: [ -0.8945,  -0.6945] 
	x353: [ -1.9820,  -1.7820] 
	x354: [ -0.4003,  -0.2003] 
	x355: [ -0.1828,   0.0172] 
	x356: [  3.0270,   3.2270] 
	x357: [ -2.1074,  -1.9074] 
	x358: [  1.9620,   2.1620] 
	x359: [  0.3613,   0.5613] 
	x360: [  2.2595,   2.4595] 
	x361: [  0.1327,   0.3327] 
	x362: [ -3.5475,  -3.3475] 
	x363: [ -1.0051,  -0.8051] 
	x364: [ -0.3887,  -0.1887] 
	x365: [ -0.4860,  -0.2860] 
	x366: [ -0.0581,   0.1419] 
	x367: [  0.1714,   0.3714] 
	x368: [ -2.5775,  -2.3775] 
	x369: [ -1.4840,  -1.2840] 
	x370: [  0.0589,   0.2589] 
	x371: [  2.9108,   3.1108] 
	x372: [  3.5581,   3.7581] 
	x373: [ -1.0926,  -0.8926] 
	x374: [  0.6390,   0.8390] 
	x375: [ -0.9308,  -0.7308] 
	x376: [ -1.9298,  -1.7298] 
	x377: [ -3.0061,  -2.8061] 
	x378: [  0.7997,   0.9997] 
	x379: [  0.5125,   0.7125] 
	x380: [  2.0686,   2.2686] 
	x381: [ -2.1731,  -1.9731] 
	x382: [  0.1055,   0.3055] 
	x383: [  2.7261,   2.9261] 
	x384: [ -0.0315,   0.1685] 
	x385: [  0.9793,   1.1793] 
	x386: [ -1.4183,  -1.2183] 
	x387: [  1.7687,   1.9687] 
	x388: [  1.0354,   1.2354] 
	x389: [  1.1456,   1.3456] 
	x390: [  0.4414,   0.6414] 
	x391: [ -1.7612,  -1.5612] 
	x392: [  1.3507,   1.5507] 
	x393: [  0.9483,   1.1483] 
	x394: [ -0.9696,  -0.7696] 
	x395: [  0.4950,   0.6950] 
	x396: [ -2.5923,  -2.3923] 
	x397: [  1.9139,   2.1139] 
	x398: [ -1.9179,  -1.7179] 
	x399: [  1.5826,   1.7826] 
	x400: [ -0.7493,  -0.5493] 
	x401: [ -0.6645,  -0.4645] 
	x402: [ -1.3588,  -1.1588] 
	x403: [  0.5596,   0.7596] 
	x404: [  0.7989,   0.9989] 
	x405: [ -1.4105,  -1.2105] 
	x406: [ -2.7780,  -2.5780] 
	x407: [ -1.3192,  -1.1192] 
	x408: [  0.5949,   0.7949] 
	x409: [ -2.1002,  -1.9002] 
	x410: [  1.6763,   1.8763] 
	x411: [  0.6171,   0.8171] 
	x412: [  3.1876,   3.3876] 
	x413: [  0.4566,   0.6566] 
	x414: [  1.9279,   2.1279] 
	x415: [ -3.0675,  -2.8675] 
	x416: [  1.1390,   1.3390] 
	x417: [ -1.6018,  -1.4018] 
	x418: [ -1.6804,  -1.4804] 
	x419: [  0.6290,   0.8290] 
	x420: [  2.6883,   2.8883] 
	x421: [ -2.1970,  -1.9970] 
	x422: [ -0.0856,   0.1144] 
	x423: [  0.4952,   0.6952] 
	x424: [  0.6863,   0.8863] 
	x425: [  1.0948,   1.2948] 
	x426: [ -4.6617,  -4.4617] 
	x427: [ -1.3335,  -1.1335] 
	x428: [  0.2002,   0.4002] 
	x429: [  0.1865,   0.3865] 
	x430: [ -2.1514,  -1.9514] 
	x431: [ -0.1180,   0.0820] 
	x432: [ -3.9599,  -3.7599] 
	x433: [  0.2357,   0.4357] 
	x434: [ -1.9146,  -1.7146] 
	x435: [ -0.8404,  -0.6404] 
	x436: [ -2.6002,  -2.4002] 
	x437: [ -1.1530,  -0.9530] 
	x438: [ -2.9597,  -2.7597] 
	x439: [ -0.3369,  -0.1369] 
	x440: [  1.1877,   1.3877] 
	x441: [ -1.2348,  -1.0348] 
	x442: [ -2.4374,  -2.2374] 
	x443: [  0.0505,   0.2505] 
	x444: [  2.1492,   2.3492] 
	x445: [ -1.8388,  -1.6388] 
	x446: [ -0.5592,  -0.3592] 
	x447: [ -1.2139,  -1.0139] 
	x448: [ -1.9986,  -1.7986] 
	x449: [  0.0133,   0.2133] 
	x450: [  1.9816,   2.1816] 
	x451: [ -1.2439,  -1.0439] 
	x452: [ -0.5075,  -0.3075] 
	x453: [  0.1030,   0.3030] 
	x454: [  2.6434,   2.8434] 
	x455: [ -0.6502,  -0.4502] 
	x456: [  0.2450,   0.4450] 
	x457: [  0.3626,   0.5626] 
	x458: [ -0.6203,  -0.4203] 
	x459: [ -0.8183,  -0.6183] 
	x460: [ -0.2183,  -0.0183] 
	x461: [  1.6594,   1.8594] 
	x462: [  1.6344,   1.8344] 
	x463: [  0.0800,   0.2800] 
	x464: [ -0.7684,  -0.5684] 
	x465: [  1.1460,   1.3460] 
	x466: [ -1.3635,  -1.1635] 
	x467: [ -1.0876,  -0.8876] 
	x468: [  0.5951,   0.7951] 
	x469: [ -0.9537,  -0.7537] 
	x470: [  1.0926,   1.2926] 
	x471: [  0.4511,   0.6511] 
	x472: [ -2.1282,  -1.9282] 
	x473: [ -2.4606,  -2.2606] 
	x474: [ -1.5532,  -1.3532] 
	x475: [ -0.8411,  -0.6411] 
	x476: [  0.0955,   0.2955] 
	x477: [ -0.5615,  -0.3615] 
	x478: [  0.3289,   0.5289] 
	x479: [ -0.4459,  -0.2459] 
	x480: [  2.8546,   3.0546] 
	x481: [  1.0517,   1.2517] 
	x482: [ -0.7696,  -0.5696] 
	x483: [  1.1404,   1.3404] 
	x484: [ -2.5280,  -2.3280] 
	x485: [ -1.2745,  -1.0745] 
	x486: [  1.7330,   1.9330] 
	x487: [ -3.1734,  -2.9734] 
	x488: [  0.1565,   0.3565] 
	x489: [ -0.4416,  -0.2416] 
	x490: [ -0.4479,  -0.2479] 
	x491: [ -0.8486,  -0.6486] 
	x492: [  0.3029,   0.5029] 
	x493: [ -3.5340,  -3.3340] 
	x494: [  0.9412,   1.1412] 
	x495: [  0.1364,   0.3364] 
	x496: [  1.2109,   1.4109] 
	x497: [  0.2082,   0.4082] 
	x498: [  0.6719,   0.8719] 
	x499: [ -0.6432,  -0.4432] 
	x500: [  1.1533,   1.3533] 
	x501: [ -2.6042,  -2.4042] 
	x502: [ -2.9475,  -2.7475] 
	x503: [  0.3727,   0.5727] 
	x504: [ -0.3565,  -0.1565] 
	x505: [  2.2353,   2.4353] 
	x506: [ -2.0001,  -1.8001] 
	x507: [  0.4743,   0.6743] 
	x508: [  0.1824,   0.3824] 
	x509: [ -2.1062,  -1.9062] 
	x510: [ -2.3128,  -2.1128] 
	x511: [  1.4264,   1.6264] 

Branching heuristics set to PseudoImpact

Engine::solve: Initial statistics

02:39:14 Statistics update:
	--- Time Statistics ---
	Total time elapsed: 1287 milli (00:00:01)
		Main loop: 0 milli (00:00:00)
		Preprocessing time: 674 milli (00:00:00)
		Unknown: 612 milli (00:00:00)
	Breakdown for main loop:
		[0.00%] Simplex steps: 0 milli
		[0.00%] Explicit-basis bound tightening: 0 milli
		[0.00%] Constraint-matrix bound tightening: 0 milli
		[0.00%] Degradation checking: 0 milli
		[0.00%] Precision restoration: 0 milli
		[0.00%] Statistics handling: 0 milli
		[0.00%] Constraint-fixing steps: 0 milli
		[0.00%] Valid case splits: 0 milli. Average per split: 0.00 milli
		[0.00%] Applying stored bound-tightening: 0 milli
		[0.00%] SMT core: 0 milli
		[0.00%] Symbolic Bound Tightening: 39 milli
		[0.00%] SoI-based local search: 0 milli
		[0.00%] SoI-based local search: 0 milli
		[0.00%] Unaccounted for: 0 milli
	--- Preprocessor Statistics ---
	Number of preprocessor bound-tightening loop iterations: 3
	Number of eliminated variables: 82
	Number of constraints removed due to variable elimination: 82
	Number of equations removed due to variable elimination: 0
	--- Engine Statistics ---
	Number of main loop iterations: 1
		0 iterations were simplex steps. Total time: 0 milli. Average: 0.00 milli.
		0 iterations were constraint-fixing steps. Total time: 0 milli. Average: 0.00 milli
	Number of active piecewise-linear constraints: 174 / 174
		Constraints disabled by valid splits: 0. By SMT-originated splits: 0
	Last reported degradation: 0.0000000000. Max degradation so far: 0.0000000000. Restorations so far: 0
	Number of simplex pivots we attempted to skip because of instability: 0.
	Unstable pivots performed anyway: 0
	--- Tableau Statistics ---
	Total number of pivots performed: 0
		Real pivots: 0. Degenerate: 0 (0.00%)
		Degenerate pivots by request (e.g., to fix a PL constraint): 0 (0.00%)
		Average time per pivot: 0.00 milli
	Total number of fake pivots performed: 0
	Total number of rows added: 0. Number of merged columns: 0
	Current tableau dimensions: M = 705, N = 2096
	--- SMT Core Statistics ---
	Total depth is 0. Total visited states: 1. Number of splits: 0. Number of pops: 0
	Max stack depth: 0
	--- Bound Tightening Statistics ---
	Number of tightened bounds: 0.
		Number of rows examined by row tightener: 0. Consequent tightenings: 0
		Number of explicit basis matrices examined by row tightener: 0. Consequent tightenings: 0
		Number of bound tightening rounds on the entire constraint matrix: 0. Consequent tightenings: 0
		Number of bound notifications sent to PL constraints: 1044. Tightenings proposed: 0
	--- Basis Factorization statistics ---
	Number of basis refactorizations: 2
	--- Projected Steepest Edge Statistics ---
	Number of iterations: 0.
	Number of resets to reference space: 1. Avg. iterations per reset: 0
	--- SBT ---
	Number of tightened bounds: 385
	--- SoI-based local search ---
	Number of proposed phase pattern update: 0. Number of accepted update: 0 [0.00%]
	Total time (% of local search time) updating SoI phase pattern : 0 milli [0.00%]
	Total time obtaining current assignment: 0 milli [0.00%]
	Total time getting SoI phase pattern : 0 milli [0.00%]
	--- Context dependent statistics ---
	Number of pushes / pops: 0 / 0
		[0.00%] Pre-Push hook: 0 milli
		[0.00%] Push : 0 milli
		[0.00%] Post-Pop hook: 0 milli
		[0.00%] Pop : 0 milli
		[0.00%] Total context-switching time: 0 milli
	--- Proof Certificate ---
	Number of certified leaves: 0
	Number of leaves to delegate: 0

---

02:41:27 Statistics update:
	--- Time Statistics ---
	Total time elapsed: 134816 milli (00:02:14)
		Main loop: 131799 milli (00:02:11)
		Preprocessing time: 674 milli (00:00:00)
		Unknown: 2342 milli (00:00:02)
	Breakdown for main loop:
		[92.86%] Simplex steps: 122393 milli
		[6.19%] Explicit-basis bound tightening: 8152 milli
		[0.00%] Constraint-matrix bound tightening: 0 milli
		[0.50%] Degradation checking: 664 milli
		[0.00%] Precision restoration: 0 milli
		[0.53%] Statistics handling: 698 milli
		[0.00%] Constraint-fixing steps: 0 milli
		[0.00%] Valid case splits: 6 milli. Average per split: 0.00 milli
		[0.01%] Applying stored bound-tightening: 6 milli
		[0.04%] SMT core: 51 milli
		[0.71%] Symbolic Bound Tightening: 931 milli
		[60.31%] SoI-based local search: 79484 milli
		[0.00%] SoI-based local search: 0 milli
		[13996043946798.06%] Unaccounted for: 0 milli
	--- Preprocessor Statistics ---
	Number of preprocessor bound-tightening loop iterations: 3
	Number of eliminated variables: 82
	Number of constraints removed due to variable elimination: 82
	Number of equations removed due to variable elimination: 0
	--- Engine Statistics ---
	Number of main loop iterations: 10000
		9915 iterations were simplex steps. Total time: 122393 milli. Average: 12.34 milli.
		0 iterations were constraint-fixing steps. Total time: 0 milli. Average: 0.00 milli
	Number of active piecewise-linear constraints: 133 / 174
		Constraints disabled by valid splits: 0. By SMT-originated splits: 41
	Last reported degradation: 0.0000003490. Max degradation so far: 0.0000000000. Restorations so far: 0
	Number of simplex pivots we attempted to skip because of instability: 0.
	Unstable pivots performed anyway: 0
	--- Tableau Statistics ---
	Total number of pivots performed: 9411
		Real pivots: 9409. Degenerate: 2 (0.02%)
		Degenerate pivots by request (e.g., to fix a PL constraint): 0 (0.00%)
		Average time per pivot: 1.64 milli
	Total number of fake pivots performed: 202
	Total number of rows added: 0. Number of merged columns: 0
	Current tableau dimensions: M = 705, N = 2096
	--- SMT Core Statistics ---
	Total depth is 41. Total visited states: 42. Number of splits: 41. Number of pops: 0
	Max stack depth: 41
	--- Bound Tightening Statistics ---
	Number of tightened bounds: 7894.
		Number of rows examined by row tightener: 9411. Consequent tightenings: 0
		Number of explicit basis matrices examined by row tightener: 5. Consequent tightenings: 238
		Number of bound tightening rounds on the entire constraint matrix: 0. Consequent tightenings: 0
		Number of bound notifications sent to PL constraints: 2170. Tightenings proposed: 0
	--- Basis Factorization statistics ---
	Number of basis refactorizations: 86
	--- Projected Steepest Edge Statistics ---
	Number of iterations: 9613.
	Number of resets to reference space: 12. Avg. iterations per reset: 801
	--- SBT ---
	Number of tightened bounds: 8279
	--- SoI-based local search ---
	Number of proposed phase pattern update: 112. Number of accepted update: 70 [62.50%]
	Total time (% of local search time) updating SoI phase pattern : 71288 milli [0.09%]
	Total time obtaining current assignment: 183299 milli [0.23%]
	Total time getting SoI phase pattern : 36873 milli [0.03%]
	--- Context dependent statistics ---
	Number of pushes / pops: 41 / 0
		[0.02%] Pre-Push hook: 27 milli
		[0.00%] Push : 0 milli
		[0.00%] Post-Pop hook: 0 milli
		[0.00%] Pop : 0 milli
		[0.02%] Total context-switching time: 27 milli
	--- Proof Certificate ---
	Number of certified leaves: 0
	Number of leaves to delegate: 0

02:42:39 Statistics update:
	--- Time Statistics ---
	Total time elapsed: 206944 milli (00:03:26)
		Main loop: 203834 milli (00:03:23)
		Preprocessing time: 674 milli (00:00:00)
		Unknown: 2434 milli (00:00:02)
	Breakdown for main loop:
		[93.72%] Simplex steps: 191042 milli
		[4.85%] Explicit-basis bound tightening: 9877 milli
		[0.00%] Constraint-matrix bound tightening: 0 milli
		[0.52%] Degradation checking: 1054 milli
		[0.00%] Precision restoration: 0 milli
		[0.56%] Statistics handling: 1137 milli
		[0.00%] Constraint-fixing steps: 0 milli
		[0.00%] Valid case splits: 9 milli. Average per split: 0.00 milli
		[0.01%] Applying stored bound-tightening: 10 milli
		[0.04%] SMT core: 76 milli
		[0.70%] Symbolic Bound Tightening: 1421 milli
		[64.40%] SoI-based local search: 131264 milli
		[0.00%] SoI-based local search: 0 milli
		[9049856202677.18%] Unaccounted for: 0 milli
	--- Preprocessor Statistics ---
	Number of preprocessor bound-tightening loop iterations: 3
	Number of eliminated variables: 82
	Number of constraints removed due to variable elimination: 82
	Number of equations removed due to variable elimination: 0
	--- Engine Statistics ---
	Number of main loop iterations: 20000
		19839 iterations were simplex steps. Total time: 191042 milli. Average: 9.63 milli.
		0 iterations were constraint-fixing steps. Total time: 0 milli. Average: 0.00 milli
	Number of active piecewise-linear constraints: 96 / 174
		Constraints disabled by valid splits: 0. By SMT-originated splits: 78
	Last reported degradation: 0.0000003490. Max degradation so far: 0.0000000000. Restorations so far: 0
	Number of simplex pivots we attempted to skip because of instability: 0.
	Unstable pivots performed anyway: 0
	--- Tableau Statistics ---
	Total number of pivots performed: 18911
		Real pivots: 18907. Degenerate: 4 (0.02%)
		Degenerate pivots by request (e.g., to fix a PL constraint): 0 (0.00%)
		Average time per pivot: 1.28 milli
	Total number of fake pivots performed: 290
	Total number of rows added: 0. Number of merged columns: 0
	Current tableau dimensions: M = 705, N = 2096
	--- SMT Core Statistics ---
	Total depth is 78. Total visited states: 79. Number of splits: 78. Number of pops: 0
	Max stack depth: 78
	--- Bound Tightening Statistics ---
	Number of tightened bounds: 15010.
		Number of rows examined by row tightener: 18911. Consequent tightenings: 1
		Number of explicit basis matrices examined by row tightener: 7. Consequent tightenings: 239
		Number of bound tightening rounds on the entire constraint matrix: 0. Consequent tightenings: 0
		Number of bound notifications sent to PL constraints: 2245. Tightenings proposed: 0
	--- Basis Factorization statistics ---
	Number of basis refactorizations: 175
	--- Projected Steepest Edge Statistics ---
	Number of iterations: 19201.
	Number of resets to reference space: 22. Avg. iterations per reset: 872
	--- SBT ---
	Number of tightened bounds: 15395
	--- SoI-based local search ---
	Number of proposed phase pattern update: 245. Number of accepted update: 166 [67.76%]
	Total time (% of local search time) updating SoI phase pattern : 107724 milli [0.08%]
	Total time obtaining current assignment: 332203 milli [0.25%]
	Total time getting SoI phase pattern : 52977 milli [0.03%]
	--- Context dependent statistics ---
	Number of pushes / pops: 78 / 0
		[0.02%] Pre-Push hook: 41 milli
		[0.00%] Push : 0 milli
		[0.00%] Post-Pop hook: 0 milli
		[0.00%] Pop : 0 milli
		[0.02%] Total context-switching time: 42 milli
	--- Proof Certificate ---
	Number of certified leaves: 0
	Number of leaves to delegate: 0

02:43:24 Statistics update:
	--- Time Statistics ---
	Total time elapsed: 251371 milli (00:04:11)
		Main loop: 250083 milli (00:04:10)
		Preprocessing time: 674 milli (00:00:00)
		Unknown: 613 milli (00:00:00)
	Breakdown for main loop:
		[91.32%] Simplex steps: 228384 milli
		[5.75%] Explicit-basis bound tightening: 14375 milli
		[0.00%] Constraint-matrix bound tightening: 0 milli
		[0.53%] Degradation checking: 1313 milli
		[0.00%] Precision restoration: 0 milli
		[0.57%] Statistics handling: 1419 milli
		[0.00%] Constraint-fixing steps: 0 milli
		[0.01%] Valid case splits: 14 milli. Average per split: 0.00 milli
		[0.01%] Applying stored bound-tightening: 13 milli
		[0.06%] SMT core: 138 milli
		[0.89%] Symbolic Bound Tightening: 2235 milli
		[63.42%] SoI-based local search: 158602 milli
		[0.00%] SoI-based local search: 0 milli
		[0.88%] Unaccounted for: 2189 milli
	--- Preprocessor Statistics ---
	Number of preprocessor bound-tightening loop iterations: 3
	Number of eliminated variables: 82
	Number of constraints removed due to variable elimination: 82
	Number of equations removed due to variable elimination: 0
	--- Engine Statistics ---
	Number of main loop iterations: 30000
		29689 iterations were simplex steps. Total time: 228384 milli. Average: 7.69 milli.
		0 iterations were constraint-fixing steps. Total time: 0 milli. Average: 0.00 milli
	Number of active piecewise-linear constraints: 45 / 174
		Constraints disabled by valid splits: 0. By SMT-originated splits: 129
	Last reported degradation: 0.0000003490. Max degradation so far: 0.0000000000. Restorations so far: 0
	Number of simplex pivots we attempted to skip because of instability: 0.
	Unstable pivots performed anyway: 0
	--- Tableau Statistics ---
	Total number of pivots performed: 27803
		Real pivots: 27795. Degenerate: 8 (0.03%)
		Degenerate pivots by request (e.g., to fix a PL constraint): 0 (0.00%)
		Average time per pivot: 1.04 milli
	Total number of fake pivots performed: 507
	Total number of rows added: 0. Number of merged columns: 0
	Current tableau dimensions: M = 705, N = 2096
	--- SMT Core Statistics ---
	Total depth is 129. Total visited states: 165. Number of splits: 146. Number of pops: 18
	Max stack depth: 139
	--- Bound Tightening Statistics ---
	Number of tightened bounds: 32767.
		Number of rows examined by row tightener: 27803. Consequent tightenings: 367
		Number of explicit basis matrices examined by row tightener: 23. Consequent tightenings: 1236
		Number of bound tightening rounds on the entire constraint matrix: 0. Consequent tightenings: 0
		Number of bound notifications sent to PL constraints: 3516. Tightenings proposed: 0
	--- Basis Factorization statistics ---
	Number of basis refactorizations: 254
	--- Projected Steepest Edge Statistics ---
	Number of iterations: 28310.
	Number of resets to reference space: 48. Avg. iterations per reset: 589
	--- SBT ---
	Number of tightened bounds: 33152
	--- SoI-based local search ---
	Number of proposed phase pattern update: 549. Number of accepted update: 403 [73.41%]
	Total time (% of local search time) updating SoI phase pattern : 142439 milli [0.09%]
	Total time obtaining current assignment: 528751 milli [0.33%]
	Total time getting SoI phase pattern : 61664 milli [0.02%]
	--- Context dependent statistics ---
	Number of pushes / pops: 164 / 35
		[0.02%] Pre-Push hook: 55 milli
		[0.00%] Push : 0 milli
		[0.00%] Post-Pop hook: 3 milli
		[0.00%] Pop : 2 milli
		[0.02%] Total context-switching time: 61 milli
	--- Proof Certificate ---
	Number of certified leaves: 0
	Number of leaves to delegate: 0

02:44:02 Statistics update:
	--- Time Statistics ---
	Total time elapsed: 289817 milli (00:04:49)
		Main loop: 288496 milli (00:04:48)
		Preprocessing time: 674 milli (00:00:00)
		Unknown: 646 milli (00:00:00)
	Breakdown for main loop:
		[87.31%] Simplex steps: 251883 milli
		[8.92%] Explicit-basis bound tightening: 25730 milli
		[0.00%] Constraint-matrix bound tightening: 0 milli
		[0.54%] Degradation checking: 1552 milli
		[0.00%] Precision restoration: 0 milli
		[0.55%] Statistics handling: 1590 milli
		[0.00%] Constraint-fixing steps: 0 milli
		[0.01%] Valid case splits: 19 milli. Average per split: 0.00 milli
		[0.01%] Applying stored bound-tightening: 15 milli
		[0.09%] SMT core: 266 milli
		[1.15%] Symbolic Bound Tightening: 3324 milli
		[59.47%] SoI-based local search: 171582 milli
		[0.00%] SoI-based local search: 0 milli
		[1.43%] Unaccounted for: 4113 milli
	--- Preprocessor Statistics ---
	Number of preprocessor bound-tightening loop iterations: 3
	Number of eliminated variables: 82
	Number of constraints removed due to variable elimination: 82
	Number of equations removed due to variable elimination: 0
	--- Engine Statistics ---
	Number of main loop iterations: 40000
		39518 iterations were simplex steps. Total time: 251883 milli. Average: 6.37 milli.
		0 iterations were constraint-fixing steps. Total time: 0 milli. Average: 0.00 milli
	Number of active piecewise-linear constraints: 50 / 174
		Constraints disabled by valid splits: 0. By SMT-originated splits: 124
	Last reported degradation: 0.0000003490. Max degradation so far: 0.0000011469. Restorations so far: 0
	Number of simplex pivots we attempted to skip because of instability: 0.
	Unstable pivots performed anyway: 0
	--- Tableau Statistics ---
	Total number of pivots performed: 36481
		Real pivots: 36463. Degenerate: 18 (0.05%)
		Degenerate pivots by request (e.g., to fix a PL constraint): 0 (0.00%)
		Average time per pivot: 0.89 milli
	Total number of fake pivots performed: 733
	Total number of rows added: 0. Number of merged columns: 0
	Current tableau dimensions: M = 705, N = 2096
	--- SMT Core Statistics ---
	Total depth is 124. Total visited states: 288. Number of splits: 205. Number of pops: 82
	Max stack depth: 139
	--- Bound Tightening Statistics ---
	Number of tightened bounds: 58263.
		Number of rows examined by row tightener: 36481. Consequent tightenings: 2130
		Number of explicit basis matrices examined by row tightener: 69. Consequent tightenings: 2025
		Number of bound tightening rounds on the entire constraint matrix: 0. Consequent tightenings: 0
		Number of bound notifications sent to PL constraints: 5128. Tightenings proposed: 0
	--- Basis Factorization statistics ---
	Number of basis refactorizations: 330
	--- Projected Steepest Edge Statistics ---
	Number of iterations: 37214.
	Number of resets to reference space: 115. Avg. iterations per reset: 323
	--- SBT ---
	Number of tightened bounds: 58648
	--- SoI-based local search ---
	Number of proposed phase pattern update: 943. Number of accepted update: 737 [78.15%]
	Total time (% of local search time) updating SoI phase pattern : 171194 milli [0.10%]
	Total time obtaining current assignment: 721988 milli [0.42%]
	Total time getting SoI phase pattern : 69050 milli [0.02%]
	--- Context dependent statistics ---
	Number of pushes / pops: 287 / 163
		[0.02%] Pre-Push hook: 61 milli
		[0.00%] Push : 0 milli
		[0.00%] Post-Pop hook: 11 milli
		[0.00%] Pop : 10 milli
		[0.03%] Total context-switching time: 83 milli
	--- Proof Certificate ---
	Number of certified leaves: 0
	Number of leaves to delegate: 0


Engine: quitting due to timeout...

Final statistics:

02:44:14 Statistics update:
	--- Time Statistics ---
	Total time elapsed: 301229 milli (00:05:01)
		Main loop: 299938 milli (00:04:59)
		Preprocessing time: 674 milli (00:00:00)
		Unknown: 616 milli (00:00:00)
	Breakdown for main loop:
		[85.59%] Simplex steps: 256714 milli
		[10.20%] Explicit-basis bound tightening: 30592 milli
		[0.00%] Constraint-matrix bound tightening: 0 milli
		[0.54%] Degradation checking: 1628 milli
		[0.00%] Precision restoration: 0 milli
		[0.54%] Statistics handling: 1613 milli
		[0.00%] Constraint-fixing steps: 0 milli
		[0.01%] Valid case splits: 20 milli. Average per split: 0.00 milli
		[0.01%] Applying stored bound-tightening: 15 milli
		[0.10%] SMT core: 299 milli
		[1.21%] Symbolic Bound Tightening: 3626 milli
		[57.84%] SoI-based local search: 173474 milli
		[0.00%] SoI-based local search: 0 milli
		[1.81%] Unaccounted for: 5428 milli
	--- Preprocessor Statistics ---
	Number of preprocessor bound-tightening loop iterations: 3
	Number of eliminated variables: 82
	Number of constraints removed due to variable elimination: 82
	Number of equations removed due to variable elimination: 0
	--- Engine Statistics ---
	Number of main loop iterations: 43136
		42616 iterations were simplex steps. Total time: 256714 milli. Average: 6.02 milli.
		0 iterations were constraint-fixing steps. Total time: 0 milli. Average: 0.00 milli
	Number of active piecewise-linear constraints: 55 / 174
		Constraints disabled by valid splits: 1. By SMT-originated splits: 118
	Last reported degradation: 0.0000003490. Max degradation so far: 0.0000173308. Restorations so far: 0
	Number of simplex pivots we attempted to skip because of instability: 0.
	Unstable pivots performed anyway: 0
	--- Tableau Statistics ---
	Total number of pivots performed: 39271
		Real pivots: 39252. Degenerate: 19 (0.05%)
		Degenerate pivots by request (e.g., to fix a PL constraint): 0 (0.00%)
		Average time per pivot: 0.85 milli
	Total number of fake pivots performed: 767
	Total number of rows added: 0. Number of merged columns: 0
	Current tableau dimensions: M = 705, N = 2096
	--- SMT Core Statistics ---
	Total depth is 118. Total visited states: 323. Number of splits: 219. Number of pops: 103
	Max stack depth: 139
	--- Bound Tightening Statistics ---
	Number of tightened bounds: 65354.
		Number of rows examined by row tightener: 39271. Consequent tightenings: 2373
		Number of explicit basis matrices examined by row tightener: 93. Consequent tightenings: 2370
		Number of bound tightening rounds on the entire constraint matrix: 0. Consequent tightenings: 0
		Number of bound notifications sent to PL constraints: 5782. Tightenings proposed: 0
	--- Basis Factorization statistics ---
	Number of basis refactorizations: 356
	--- Projected Steepest Edge Statistics ---
	Number of iterations: 40038.
	Number of resets to reference space: 136. Avg. iterations per reset: 294
	--- SBT ---
	Number of tightened bounds: 65739
	--- SoI-based local search ---
	Number of proposed phase pattern update: 1058. Number of accepted update: 838 [79.21%]
	Total time (% of local search time) updating SoI phase pattern : 176414 milli [0.10%]
	Total time obtaining current assignment: 764113 milli [0.44%]
	Total time getting SoI phase pattern : 71211 milli [0.02%]
	--- Context dependent statistics ---
	Number of pushes / pops: 322 / 204
		[0.02%] Pre-Push hook: 63 milli
		[0.00%] Push : 0 milli
		[0.00%] Post-Pop hook: 12 milli
		[0.00%] Pop : 12 milli
		[0.03%] Total context-switching time: 88 milli
	--- Proof Certificate ---
	Number of certified leaves: 0
	Number of leaves to delegate: 0
Timeout
