InputQuery: /home/levn/Workspace/othello_world/queries/probe_robust/game_100_target_34_eps_0.1.txt
Engine::processInputQuery: Input query (before preprocessing): 449 equations, 1216 variables
Engine::processInputQuery: Input query (after preprocessing): 705 equations, 1383 variables

Input bounds:
	x0: [ -0.0604,   0.1396] 
	x1: [  0.9856,   1.1856] 
	x2: [  0.5724,   0.7724] 
	x3: [  1.5042,   1.7042] 
	x4: [ -0.0513,   0.1487] 
	x5: [ -3.5150,  -3.3150] 
	x6: [  2.2024,   2.4024] 
	x7: [  0.0396,   0.2396] 
	x8: [ -3.6542,  -3.4542] 
	x9: [ -0.8847,  -0.6847] 
	x10: [ -0.6571,  -0.4571] 
	x11: [ -0.7366,  -0.5366] 
	x12: [  0.0754,   0.2754] 
	x13: [ -3.1053,  -2.9053] 
	x14: [  0.3046,   0.5046] 
	x15: [ -1.3269,  -1.1269] 
	x16: [ -1.0435,  -0.8435] 
	x17: [ -2.4286,  -2.2286] 
	x18: [  2.2002,   2.4002] 
	x19: [  1.6554,   1.8554] 
	x20: [  1.3111,   1.5111] 
	x21: [  0.0575,   0.2575] 
	x22: [  1.9209,   2.1209] 
	x23: [  1.7758,   1.9758] 
	x24: [  0.2459,   0.4459] 
	x25: [  0.3286,   0.5286] 
	x26: [  1.2497,   1.4497] 
	x27: [ -3.2181,  -3.0181] 
	x28: [  7.5698,   7.7698] 
	x29: [  0.5411,   0.7411] 
	x30: [ -0.5737,  -0.3737] 
	x31: [ -1.4486,  -1.2486] 
	x32: [ -0.8193,  -0.6193] 
	x33: [ -2.7444,  -2.5444] 
	x34: [  1.2558,   1.4558] 
	x35: [ -1.8332,  -1.6332] 
	x36: [ -0.8653,  -0.6653] 
	x37: [ -2.8091,  -2.6091] 
	x38: [ -1.1728,  -0.9728] 
	x39: [ -0.3873,  -0.1873] 
	x40: [  1.4481,   1.6481] 
	x41: [ -0.4638,  -0.2638] 
	x42: [  0.6687,   0.8687] 
	x43: [ -2.1508,  -1.9508] 
	x44: [  0.9948,   1.1948] 
	x45: [  0.0340,   0.2340] 
	x46: [  2.6704,   2.8704] 
	x47: [ -3.5682,  -3.3682] 
	x48: [  1.2657,   1.4657] 
	x49: [  1.2676,   1.4676] 
	x50: [ -1.6874,  -1.4874] 
	x51: [ -0.6402,  -0.4402] 
	x52: [  0.2407,   0.4407] 
	x53: [ -1.0172,  -0.8172] 
	x54: [ -0.0171,   0.1829] 
	x55: [  1.1555,   1.3555] 
	x56: [  0.1573,   0.3573] 
	x57: [ -1.3180,  -1.1180] 
	x58: [ -0.7243,  -0.5243] 
	x59: [  0.5127,   0.7127] 
	x60: [ -1.5850,  -1.3850] 
	x61: [ -0.3948,  -0.1948] 
	x62: [ -1.6214,  -1.4214] 
	x63: [ -0.7055,  -0.5055] 
	x64: [  1.8095,   2.0095] 
	x65: [ -0.9657,  -0.7657] 
	x66: [ -3.6688,  -3.4688] 
	x67: [ -0.5904,  -0.3904] 
	x68: [  2.6096,   2.8096] 
	x69: [  1.1784,   1.3784] 
	x70: [ -1.2216,  -1.0216] 
	x71: [  0.8516,   1.0516] 
	x72: [ -0.6162,  -0.4162] 
	x73: [ -0.4641,  -0.2641] 
	x74: [  2.1635,   2.3635] 
	x75: [  0.5856,   0.7856] 
	x76: [ -1.8049,  -1.6049] 
	x77: [  0.7416,   0.9416] 
	x78: [ -1.6327,  -1.4327] 
	x79: [ -0.4674,  -0.2674] 
	x80: [  0.9433,   1.1433] 
	x81: [ -0.8035,  -0.6035] 
	x82: [  3.1248,   3.3248] 
	x83: [ -1.8598,  -1.6598] 
	x84: [ -0.5355,  -0.3355] 
	x85: [  1.1483,   1.3483] 
	x86: [  1.2021,   1.4021] 
	x87: [ -3.7271,  -3.5271] 
	x88: [  0.2327,   0.4327] 
	x89: [  1.4907,   1.6907] 
	x90: [ -0.9529,  -0.7529] 
	x91: [  0.0958,   0.2958] 
	x92: [  1.0162,   1.2162] 
	x93: [ -2.4366,  -2.2366] 
	x94: [ -3.7005,  -3.5005] 
	x95: [  3.6821,   3.8821] 
	x96: [  0.2900,   0.4900] 
	x97: [  1.0891,   1.2891] 
	x98: [ -2.8532,  -2.6532] 
	x99: [  1.5499,   1.7499] 
	x100: [  2.7118,   2.9118] 
	x101: [ -1.7543,  -1.5543] 
	x102: [ -2.0900,  -1.8900] 
	x103: [ -2.1257,  -1.9257] 
	x104: [ -0.7394,  -0.5394] 
	x105: [ -2.8645,  -2.6645] 
	x106: [ -1.3013,  -1.1013] 
	x107: [  1.6669,   1.8669] 
	x108: [  1.4572,   1.6572] 
	x109: [ -1.5065,  -1.3065] 
	x110: [ -1.9802,  -1.7802] 
	x111: [ -1.5098,  -1.3098] 
	x112: [  1.3350,   1.5350] 
	x113: [  0.5483,   0.7483] 
	x114: [  1.1231,   1.3231] 
	x115: [ -1.1315,  -0.9315] 
	x116: [  1.4099,   1.6099] 
	x117: [ -1.3418,  -1.1418] 
	x118: [ -0.4558,  -0.2558] 
	x119: [  0.7433,   0.9433] 
	x120: [  1.0885,   1.2885] 
	x121: [  1.7148,   1.9148] 
	x122: [  2.0879,   2.2879] 
	x123: [  0.2903,   0.4903] 
	x124: [  0.5953,   0.7953] 
	x125: [  1.2502,   1.4502] 
	x126: [ -0.5404,  -0.3404] 
	x127: [ -3.3154,  -3.1154] 
	x128: [  1.4385,   1.6385] 
	x129: [ -0.7709,  -0.5709] 
	x130: [ -1.1175,  -0.9175] 
	x131: [  0.5459,   0.7459] 
	x132: [  1.1723,   1.3723] 
	x133: [  0.5810,   0.7810] 
	x134: [  0.6772,   0.8772] 
	x135: [ -3.5171,  -3.3171] 
	x136: [ -0.9966,  -0.7966] 
	x137: [  1.8830,   2.0830] 
	x138: [ -0.3034,  -0.1034] 
	x139: [  0.0753,   0.2753] 
	x140: [  2.8753,   3.0753] 
	x141: [  2.8185,   3.0185] 
	x142: [ -0.4117,  -0.2117] 
	x143: [ -0.7244,  -0.5244] 
	x144: [  0.2161,   0.4161] 
	x145: [ -0.5120,  -0.3120] 
	x146: [ -0.4517,  -0.2517] 
	x147: [ -2.0479,  -1.8479] 
	x148: [ -2.6554,  -2.4554] 
	x149: [  1.4423,   1.6423] 
	x150: [ -3.5777,  -3.3777] 
	x151: [  0.8332,   1.0332] 
	x152: [ -3.7350,  -3.5350] 
	x153: [ -0.9319,  -0.7319] 
	x154: [ -1.3695,  -1.1695] 
	x155: [  0.3215,   0.5215] 
	x156: [ -0.6513,  -0.4513] 
	x157: [  0.4874,   0.6874] 
	x158: [ -2.9646,  -2.7646] 
	x159: [  0.1596,   0.3596] 
	x160: [  0.0497,   0.2497] 
	x161: [  0.6331,   0.8331] 
	x162: [  1.2877,   1.4877] 
	x163: [  0.3578,   0.5578] 
	x164: [ -1.9117,  -1.7117] 
	x165: [  0.2007,   0.4007] 
	x166: [ -2.3926,  -2.1926] 
	x167: [  1.3926,   1.5926] 
	x168: [ -1.1805,  -0.9805] 
	x169: [ -1.7893,  -1.5893] 
	x170: [ -1.7953,  -1.5953] 
	x171: [  1.9171,   2.1171] 
	x172: [ -2.7756,  -2.5756] 
	x173: [  1.5535,   1.7535] 
	x174: [ -1.5023,  -1.3023] 
	x175: [  0.6148,   0.8148] 
	x176: [ -0.2501,  -0.0501] 
	x177: [  1.5933,   1.7933] 
	x178: [  0.1048,   0.3048] 
	x179: [ -1.8733,  -1.6733] 
	x180: [ -0.9587,  -0.7587] 
	x181: [ -1.2713,  -1.0713] 
	x182: [ -1.3426,  -1.1426] 
	x183: [ -1.6038,  -1.4038] 
	x184: [ -1.9835,  -1.7835] 
	x185: [ -2.0334,  -1.8334] 
	x186: [ -0.3501,  -0.1501] 
	x187: [  2.9026,   3.1026] 
	x188: [  2.4371,   2.6371] 
	x189: [  1.0343,   1.2343] 
	x190: [ -1.8589,  -1.6589] 
	x191: [ -0.1669,   0.0331] 
	x192: [ -1.9340,  -1.7340] 
	x193: [  0.0339,   0.2339] 
	x194: [  1.2386,   1.4386] 
	x195: [ -0.4108,  -0.2108] 
	x196: [ -2.7381,  -2.5381] 
	x197: [ -1.7907,  -1.5907] 
	x198: [  1.2311,   1.4311] 
	x199: [  0.9194,   1.1194] 
	x200: [ -1.4746,  -1.2746] 
	x201: [  0.0302,   0.2302] 
	x202: [  0.7604,   0.9604] 
	x203: [ -2.5310,  -2.3310] 
	x204: [ -1.4913,  -1.2913] 
	x205: [ -0.1912,   0.0088] 
	x206: [ -0.0674,   0.1326] 
	x207: [ -0.0950,   0.1050] 
	x208: [ -1.2128,  -1.0128] 
	x209: [  1.2668,   1.4668] 
	x210: [  0.6657,   0.8657] 
	x211: [ -2.2709,  -2.0709] 
	x212: [  2.2331,   2.4331] 
	x213: [  2.3977,   2.5977] 
	x214: [ -1.0364,  -0.8364] 
	x215: [ -2.0378,  -1.8378] 
	x216: [ -1.1499,  -0.9499] 
	x217: [  0.1626,   0.3626] 
	x218: [ -0.7334,  -0.5334] 
	x219: [ -0.1265,   0.0735] 
	x220: [ -3.0672,  -2.8672] 
	x221: [ -2.2063,  -2.0063] 
	x222: [  2.4810,   2.6810] 
	x223: [  1.3619,   1.5619] 
	x224: [ -2.9566,  -2.7566] 
	x225: [ -0.2507,  -0.0507] 
	x226: [  3.1859,   3.3859] 
	x227: [ -0.9362,  -0.7362] 
	x228: [ -1.4901,  -1.2901] 
	x229: [  0.3280,   0.5280] 
	x230: [ -0.0908,   0.1092] 
	x231: [  0.6107,   0.8107] 
	x232: [  1.9073,   2.1073] 
	x233: [  0.3166,   0.5166] 
	x234: [ -1.5244,  -1.3244] 
	x235: [  0.6922,   0.8922] 
	x236: [  0.3851,   0.5851] 
	x237: [ -0.6750,  -0.4750] 
	x238: [ -4.1513,  -3.9513] 
	x239: [  6.3368,   6.5368] 
	x240: [ -0.4458,  -0.2458] 
	x241: [ -2.6988,  -2.4988] 
	x242: [  0.6864,   0.8864] 
	x243: [  1.0214,   1.2214] 
	x244: [  1.0320,   1.2320] 
	x245: [  1.7460,   1.9460] 
	x246: [ -0.7657,  -0.5657] 
	x247: [ -2.7535,  -2.5535] 
	x248: [ -1.0402,  -0.8402] 
	x249: [  2.1492,   2.3492] 
	x250: [  0.7808,   0.9808] 
	x251: [ -0.1971,   0.0029] 
	x252: [  0.0321,   0.2321] 
	x253: [ -2.9782,  -2.7782] 
	x254: [ -0.7560,  -0.5560] 
	x255: [  1.7000,   1.9000] 
	x256: [  0.1772,   0.3772] 
	x257: [ -2.6029,  -2.4029] 
	x258: [ -1.5997,  -1.3997] 
	x259: [  0.8279,   1.0279] 
	x260: [ -0.4595,  -0.2595] 
	x261: [  0.3632,   0.5632] 
	x262: [ -0.9569,  -0.7569] 
	x263: [  0.7166,   0.9166] 
	x264: [  0.3203,   0.5203] 
	x265: [ -3.9768,  -3.7768] 
	x266: [  0.8547,   1.0547] 
	x267: [ -3.0831,  -2.8831] 
	x268: [ -1.5263,  -1.3263] 
	x269: [  2.8593,   3.0593] 
	x270: [  3.9216,   4.1216] 
	x271: [ -0.9250,  -0.7250] 
	x272: [ -1.0909,  -0.8909] 
	x273: [  1.6903,   1.8903] 
	x274: [  0.2276,   0.4276] 
	x275: [  0.0305,   0.2305] 
	x276: [ -2.3040,  -2.1040] 
	x277: [ -1.9611,  -1.7611] 
	x278: [ -3.0992,  -2.8992] 
	x279: [  5.3409,   5.5409] 
	x280: [  1.3041,   1.5041] 
	x281: [  0.7057,   0.9057] 
	x282: [ -0.6119,  -0.4119] 
	x283: [ -0.5838,  -0.3838] 
	x284: [ -1.6989,  -1.4989] 
	x285: [ -1.6938,  -1.4938] 
	x286: [  1.6485,   1.8485] 
	x287: [ -1.9583,  -1.7583] 
	x288: [ -1.5839,  -1.3839] 
	x289: [  0.8241,   1.0241] 
	x290: [ -2.2459,  -2.0459] 
	x291: [  0.6720,   0.8720] 
	x292: [  1.4741,   1.6741] 
	x293: [  1.0566,   1.2566] 
	x294: [  0.9501,   1.1501] 
	x295: [  0.8892,   1.0892] 
	x296: [ -1.6090,  -1.4090] 
	x297: [ -0.6831,  -0.4831] 
	x298: [ -7.7466,  -7.5466] 
	x299: [  0.7997,   0.9997] 
	x300: [  1.7967,   1.9967] 
	x301: [  2.2531,   2.4531] 
	x302: [  1.4308,   1.6308] 
	x303: [ -0.0183,   0.1817] 
	x304: [ -3.1216,  -2.9216] 
	x305: [  0.9502,   1.1502] 
	x306: [ -0.0985,   0.1015] 
	x307: [  0.2776,   0.4776] 
	x308: [ -1.4742,  -1.2742] 
	x309: [  1.1680,   1.3680] 
	x310: [  0.3779,   0.5779] 
	x311: [ -1.1332,  -0.9332] 
	x312: [ -0.2946,  -0.0946] 
	x313: [ -1.9004,  -1.7004] 
	x314: [ -0.3645,  -0.1645] 
	x315: [ -1.2868,  -1.0868] 
	x316: [  0.3193,   0.5193] 
	x317: [  1.5560,   1.7560] 
	x318: [  0.8812,   1.0812] 
	x319: [  0.5881,   0.7881] 
	x320: [ -3.3104,  -3.1104] 
	x321: [  5.5917,   5.7917] 
	x322: [ -0.7163,  -0.5163] 
	x323: [ -0.4325,  -0.2325] 
	x324: [ -0.6425,  -0.4425] 
	x325: [ -1.8254,  -1.6254] 
	x326: [  0.6192,   0.8192] 
	x327: [  0.3590,   0.5590] 
	x328: [ -0.5769,  -0.3769] 
	x329: [ -1.2909,  -1.0909] 
	x330: [  2.1751,   2.3751] 
	x331: [ -0.3736,  -0.1736] 
	x332: [  2.2557,   2.4557] 
	x333: [  0.5343,   0.7343] 
	x334: [ -0.8757,  -0.6757] 
	x335: [ -2.9495,  -2.7495] 
	x336: [  1.9347,   2.1347] 
	x337: [  0.2172,   0.4172] 
	x338: [  1.5948,   1.7948] 
	x339: [  1.5359,   1.7359] 
	x340: [ -1.2062,  -1.0062] 
	x341: [ -1.2957,  -1.0957] 
	x342: [  1.1170,   1.3170] 
	x343: [ -0.2578,  -0.0578] 
	x344: [  1.2993,   1.4993] 
	x345: [  0.5983,   0.7983] 
	x346: [  2.5167,   2.7167] 
	x347: [  0.9495,   1.1495] 
	x348: [ -0.3746,  -0.1746] 
	x349: [  1.5007,   1.7007] 
	x350: [ -1.2362,  -1.0362] 
	x351: [ -0.9182,  -0.7182] 
	x352: [ -1.7857,  -1.5857] 
	x353: [  0.6329,   0.8329] 
	x354: [ -2.8032,  -2.6032] 
	x355: [  1.7619,   1.9619] 
	x356: [  2.5031,   2.7031] 
	x357: [  2.1889,   2.3889] 
	x358: [ -2.7869,  -2.5869] 
	x359: [ -2.8028,  -2.6028] 
	x360: [  0.1995,   0.3995] 
	x361: [ -0.3153,  -0.1153] 
	x362: [  0.6517,   0.8517] 
	x363: [  0.4731,   0.6731] 
	x364: [  0.1448,   0.3448] 
	x365: [ -0.9868,  -0.7868] 
	x366: [ -0.6404,  -0.4404] 
	x367: [  0.7915,   0.9915] 
	x368: [ -0.4754,  -0.2754] 
	x369: [  1.3339,   1.5339] 
	x370: [  0.7363,   0.9363] 
	x371: [ -0.3663,  -0.1663] 
	x372: [ -0.4087,  -0.2087] 
	x373: [ -0.5251,  -0.3251] 
	x374: [ -2.2711,  -2.0711] 
	x375: [  1.0177,   1.2177] 
	x376: [ -0.5066,  -0.3066] 
	x377: [ -0.8209,  -0.6209] 
	x378: [ -0.5007,  -0.3007] 
	x379: [ -1.9270,  -1.7270] 
	x380: [ -1.0621,  -0.8621] 
	x381: [ -1.0103,  -0.8103] 
	x382: [ -1.5594,  -1.3594] 
	x383: [  1.0906,   1.2906] 
	x384: [ -0.0993,   0.1007] 
	x385: [ -1.4044,  -1.2044] 
	x386: [  1.5568,   1.7568] 
	x387: [ -0.4416,  -0.2416] 
	x388: [ -0.0905,   0.1095] 
	x389: [ -2.2245,  -2.0245] 
	x390: [  1.1026,   1.3026] 
	x391: [  1.4714,   1.6714] 
	x392: [  0.7085,   0.9085] 
	x393: [  3.7006,   3.9006] 
	x394: [  1.8986,   2.0986] 
	x395: [  0.7642,   0.9642] 
	x396: [ -0.5246,  -0.3246] 
	x397: [ -2.0530,  -1.8530] 
	x398: [  0.1455,   0.3455] 
	x399: [  0.5373,   0.7373] 
	x400: [ -2.3346,  -2.1346] 
	x401: [  1.2082,   1.4082] 
	x402: [ -3.2754,  -3.0754] 
	x403: [ -1.3047,  -1.1047] 
	x404: [  0.6940,   0.8940] 
	x405: [ -0.4986,  -0.2986] 
	x406: [  0.4838,   0.6838] 
	x407: [ -2.8928,  -2.6928] 
	x408: [  1.5795,   1.7795] 
	x409: [  1.5485,   1.7485] 
	x410: [ -2.9457,  -2.7457] 
	x411: [  1.4535,   1.6535] 
	x412: [ -1.5078,  -1.3078] 
	x413: [ -0.0764,   0.1236] 
	x414: [  0.3579,   0.5579] 
	x415: [  1.1549,   1.3549] 
	x416: [ -1.2029,  -1.0029] 
	x417: [ -1.0847,  -0.8847] 
	x418: [  1.0102,   1.2102] 
	x419: [  0.4269,   0.6269] 
	x420: [  2.3686,   2.5686] 
	x421: [ -0.2028,  -0.0028] 
	x422: [ -2.4872,  -2.2872] 
	x423: [ -2.5109,  -2.3109] 
	x424: [ -1.2181,  -1.0181] 
	x425: [ -1.5362,  -1.3362] 
	x426: [ -2.3107,  -2.1107] 
	x427: [  1.0243,   1.2243] 
	x428: [  2.8146,   3.0146] 
	x429: [  4.2760,   4.4760] 
	x430: [  0.3778,   0.5778] 
	x431: [ -0.9222,  -0.7222] 
	x432: [ -0.2351,  -0.0351] 
	x433: [ -0.6115,  -0.4115] 
	x434: [ -1.7291,  -1.5291] 
	x435: [ -0.0340,   0.1660] 
	x436: [  2.5320,   2.7320] 
	x437: [ -0.0689,   0.1311] 
	x438: [ -2.9856,  -2.7856] 
	x439: [  1.2583,   1.4583] 
	x440: [ -0.5673,  -0.3673] 
	x441: [ -0.9570,  -0.7570] 
	x442: [  0.5064,   0.7064] 
	x443: [ -1.8408,  -1.6408] 
	x444: [ -0.0395,   0.1605] 
	x445: [ -0.3056,  -0.1056] 
	x446: [ -0.2971,  -0.0971] 
	x447: [  1.4350,   1.6350] 
	x448: [ -1.7028,  -1.5028] 
	x449: [  0.9182,   1.1182] 
	x450: [  0.4198,   0.6198] 
	x451: [  0.5435,   0.7435] 
	x452: [ -2.6030,  -2.4030] 
	x453: [  0.2841,   0.4841] 
	x454: [ -0.7881,  -0.5881] 
	x455: [  0.4729,   0.6729] 
	x456: [ -1.0482,  -0.8482] 
	x457: [ -0.7774,  -0.5774] 
	x458: [ -3.3487,  -3.1487] 
	x459: [  1.4075,   1.6075] 
	x460: [ -0.1704,   0.0296] 
	x461: [  3.5909,   3.7909] 
	x462: [  4.1977,   4.3977] 
	x463: [  1.6253,   1.8253] 
	x464: [ -1.0292,  -0.8292] 
	x465: [  0.4667,   0.6667] 
	x466: [  0.7945,   0.9945] 
	x467: [ -1.1990,  -0.9990] 
	x468: [ -0.3090,  -0.1090] 
	x469: [  2.6800,   2.8800] 
	x470: [  1.8708,   2.0708] 
	x471: [ -1.0565,  -0.8565] 
	x472: [ -0.0240,   0.1760] 
	x473: [  0.6154,   0.8154] 
	x474: [  1.3258,   1.5258] 
	x475: [  2.2200,   2.4200] 
	x476: [  0.1043,   0.3043] 
	x477: [  0.6274,   0.8274] 
	x478: [ -1.0409,  -0.8409] 
	x479: [ -0.2573,  -0.0573] 
	x480: [  0.2859,   0.4859] 
	x481: [  1.4913,   1.6913] 
	x482: [  0.7878,   0.9878] 
	x483: [  0.8527,   1.0527] 
	x484: [  0.6841,   0.8841] 
	x485: [ -0.9750,  -0.7750] 
	x486: [ -0.8215,  -0.6215] 
	x487: [ -0.2980,  -0.0980] 
	x488: [ -0.7201,  -0.5201] 
	x489: [ -1.2756,  -1.0756] 
	x490: [ -1.1323,  -0.9323] 
	x491: [  1.9852,   2.1852] 
	x492: [  0.3503,   0.5503] 
	x493: [  1.5273,   1.7273] 
	x494: [  1.6259,   1.8259] 
	x495: [  2.7675,   2.9675] 
	x496: [  2.1729,   2.3729] 
	x497: [ -1.5853,  -1.3853] 
	x498: [  0.8860,   1.0860] 
	x499: [  0.5643,   0.7643] 
	x500: [  0.1276,   0.3276] 
	x501: [  1.3652,   1.5652] 
	x502: [ -2.0926,  -1.8926] 
	x503: [ -0.5008,  -0.3008] 
	x504: [ -0.0431,   0.1569] 
	x505: [  1.7001,   1.9001] 
	x506: [  2.8032,   3.0032] 
	x507: [ -3.0407,  -2.8407] 
	x508: [  3.4532,   3.6532] 
	x509: [  0.5000,   0.7000] 
	x510: [ -2.3032,  -2.1032] 
	x511: [ -1.1939,  -0.9939] 

Branching heuristics set to PseudoImpact

Engine::solve: Initial statistics

02:33:54 Statistics update:
	--- Time Statistics ---
	Total time elapsed: 1356 milli (00:00:01)
		Main loop: 0 milli (00:00:00)
		Preprocessing time: 620 milli (00:00:00)
		Unknown: 735 milli (00:00:00)
	Breakdown for main loop:
		[0.00%] Simplex steps: 0 milli
		[0.00%] Explicit-basis bound tightening: 0 milli
		[0.00%] Constraint-matrix bound tightening: 0 milli
		[0.00%] Degradation checking: 0 milli
		[0.00%] Precision restoration: 0 milli
		[0.00%] Statistics handling: 0 milli
		[0.00%] Constraint-fixing steps: 0 milli
		[0.00%] Valid case splits: 0 milli. Average per split: 0.00 milli
		[0.00%] Applying stored bound-tightening: 0 milli
		[0.00%] SMT core: 0 milli
		[0.00%] Symbolic Bound Tightening: 39 milli
		[0.00%] SoI-based local search: 0 milli
		[0.00%] SoI-based local search: 0 milli
		[0.00%] Unaccounted for: 0 milli
	--- Preprocessor Statistics ---
	Number of preprocessor bound-tightening loop iterations: 3
	Number of eliminated variables: 90
	Number of constraints removed due to variable elimination: 90
	Number of equations removed due to variable elimination: 0
	--- Engine Statistics ---
	Number of main loop iterations: 1
		0 iterations were simplex steps. Total time: 0 milli. Average: 0.00 milli.
		0 iterations were constraint-fixing steps. Total time: 0 milli. Average: 0.00 milli
	Number of active piecewise-linear constraints: 166 / 166
		Constraints disabled by valid splits: 0. By SMT-originated splits: 0
	Last reported degradation: 0.0000000000. Max degradation so far: 0.0000000000. Restorations so far: 0
	Number of simplex pivots we attempted to skip because of instability: 0.
	Unstable pivots performed anyway: 0
	--- Tableau Statistics ---
	Total number of pivots performed: 0
		Real pivots: 0. Degenerate: 0 (0.00%)
		Degenerate pivots by request (e.g., to fix a PL constraint): 0 (0.00%)
		Average time per pivot: 0.00 milli
	Total number of fake pivots performed: 0
	Total number of rows added: 0. Number of merged columns: 0
	Current tableau dimensions: M = 705, N = 2088
	--- SMT Core Statistics ---
	Total depth is 0. Total visited states: 1. Number of splits: 0. Number of pops: 0
	Max stack depth: 0
	--- Bound Tightening Statistics ---
	Number of tightened bounds: 0.
		Number of rows examined by row tightener: 0. Consequent tightenings: 0
		Number of explicit basis matrices examined by row tightener: 0. Consequent tightenings: 0
		Number of bound tightening rounds on the entire constraint matrix: 0. Consequent tightenings: 0
		Number of bound notifications sent to PL constraints: 996. Tightenings proposed: 0
	--- Basis Factorization statistics ---
	Number of basis refactorizations: 2
	--- Projected Steepest Edge Statistics ---
	Number of iterations: 0.
	Number of resets to reference space: 1. Avg. iterations per reset: 0
	--- SBT ---
	Number of tightened bounds: 385
	--- SoI-based local search ---
	Number of proposed phase pattern update: 0. Number of accepted update: 0 [0.00%]
	Total time (% of local search time) updating SoI phase pattern : 0 milli [0.00%]
	Total time obtaining current assignment: 0 milli [0.00%]
	Total time getting SoI phase pattern : 0 milli [0.00%]
	--- Context dependent statistics ---
	Number of pushes / pops: 0 / 0
		[0.00%] Pre-Push hook: 0 milli
		[0.00%] Push : 0 milli
		[0.00%] Post-Pop hook: 0 milli
		[0.00%] Pop : 0 milli
		[0.00%] Total context-switching time: 0 milli
	--- Proof Certificate ---
	Number of certified leaves: 0
	Number of leaves to delegate: 0

---

Engine::solve: sat assignment found

02:34:05 Statistics update:
	--- Time Statistics ---
	Total time elapsed: 12257 milli (00:00:12)
		Main loop: 10900 milli (00:00:10)
		Preprocessing time: 620 milli (00:00:00)
		Unknown: 736 milli (00:00:00)
	Breakdown for main loop:
		[46.51%] Simplex steps: 5069 milli
		[52.53%] Explicit-basis bound tightening: 5725 milli
		[0.00%] Constraint-matrix bound tightening: 0 milli
		[0.25%] Degradation checking: 27 milli
		[0.00%] Precision restoration: 0 milli
		[0.09%] Statistics handling: 10 milli
		[0.00%] Constraint-fixing steps: 0 milli
		[0.00%] Valid case splits: 0 milli. Average per split: 0.00 milli
		[0.00%] Applying stored bound-tightening: 0 milli
		[0.00%] SMT core: 0 milli
		[0.57%] Symbolic Bound Tightening: 62 milli
		[11.01%] SoI-based local search: 1200 milli
		[0.00%] SoI-based local search: 0 milli
		[0.04%] Unaccounted for: 4 milli
	--- Preprocessor Statistics ---
	Number of preprocessor bound-tightening loop iterations: 3
	Number of eliminated variables: 90
	Number of constraints removed due to variable elimination: 90
	Number of equations removed due to variable elimination: 0
	--- Engine Statistics ---
	Number of main loop iterations: 525
		523 iterations were simplex steps. Total time: 5069 milli. Average: 9.69 milli.
		0 iterations were constraint-fixing steps. Total time: 0 milli. Average: 0.00 milli
	Number of active piecewise-linear constraints: 166 / 166
		Constraints disabled by valid splits: 0. By SMT-originated splits: 0
	Last reported degradation: 0.0000003371. Max degradation so far: 0.0000000000. Restorations so far: 0
	Number of simplex pivots we attempted to skip because of instability: 0.
	Unstable pivots performed anyway: 0
	--- Tableau Statistics ---
	Total number of pivots performed: 511
		Real pivots: 511. Degenerate: 0 (0.00%)
		Degenerate pivots by request (e.g., to fix a PL constraint): 0 (0.00%)
		Average time per pivot: 0.87 milli
	Total number of fake pivots performed: 10
	Total number of rows added: 0. Number of merged columns: 0
	Current tableau dimensions: M = 705, N = 2088
	--- SMT Core Statistics ---
	Total depth is 0. Total visited states: 1. Number of splits: 0. Number of pops: 0
	Max stack depth: 0
	--- Bound Tightening Statistics ---
	Number of tightened bounds: 0.
		Number of rows examined by row tightener: 511. Consequent tightenings: 0
		Number of explicit basis matrices examined by row tightener: 4. Consequent tightenings: 296
		Number of bound tightening rounds on the entire constraint matrix: 0. Consequent tightenings: 0
		Number of bound notifications sent to PL constraints: 1992. Tightenings proposed: 0
	--- Basis Factorization statistics ---
	Number of basis refactorizations: 6
	--- Projected Steepest Edge Statistics ---
	Number of iterations: 521.
	Number of resets to reference space: 1. Avg. iterations per reset: 521
	--- SBT ---
	Number of tightened bounds: 385
	--- SoI-based local search ---
	Number of proposed phase pattern update: 0. Number of accepted update: 1 [0.00%]
	Total time (% of local search time) updating SoI phase pattern : 1032 milli [0.09%]
	Total time obtaining current assignment: 458 milli [0.04%]
	Total time getting SoI phase pattern : 141 milli [0.00%]
	--- Context dependent statistics ---
	Number of pushes / pops: 0 / 0
		[0.00%] Pre-Push hook: 0 milli
		[0.00%] Push : 0 milli
		[0.00%] Post-Pop hook: 0 milli
		[0.00%] Pop : 0 milli
		[0.00%] Total context-switching time: 0 milli
	--- Proof Certificate ---
	Number of certified leaves: 0
	Number of leaves to delegate: 0
sat
Input assignment:
	x0 = 0.139557
	x1 = 1.185560
	x2 = 0.772353
	x3 = 1.504221
	x4 = -0.051295
	x5 = -3.315027
	x6 = 2.402438
	x7 = 0.239632
	x8 = -3.454192
	x9 = -0.684682
	x10 = -0.457147
	x11 = -0.736609
	x12 = 0.075412
	x13 = -2.905345
	x14 = 0.304596
	x15 = -1.326859
	x16 = -0.843522
	x17 = -2.228643
	x18 = 2.400174
	x19 = 1.655397
	x20 = 1.511112
	x21 = 0.057529
	x22 = 1.920907
	x23 = 1.775810
	x24 = 0.245926
	x25 = 0.528570
	x26 = 1.249669
	x27 = -3.218090
	x28 = 7.769846
	x29 = 0.541056
	x30 = -0.573664
	x31 = -1.248624
	x32 = -0.819312
	x33 = -2.744376
	x34 = 1.455825
	x35 = -1.633210
	x36 = -0.665349
	x37 = -2.809146
	x38 = -1.172809
	x39 = -0.187295
	x40 = 1.448128
	x41 = -0.263757
	x42 = 0.868706
	x43 = -1.950812
	x44 = 1.194797
	x45 = 0.234034
	x46 = 2.870377
	x47 = -3.368197
	x48 = 1.465715
	x49 = 1.467564
	x50 = -1.687438
	x51 = -0.440216
	x52 = 0.440677
	x53 = -1.017174
	x54 = -0.017116
	x55 = 1.155533
	x56 = 0.357273
	x57 = -1.117950
	x58 = -0.724292
	x59 = 0.512739
	x60 = -1.585010
	x61 = -0.194837
	x62 = -1.421391
	x63 = -0.505450
	x64 = 2.009529
	x65 = -0.765686
	x66 = -3.468841
	x67 = -0.590422
	x68 = 2.809639
	x69 = 1.378364
	x70 = -1.021554
	x71 = 1.051572
	x72 = -0.416184
	x73 = -0.464114
	x74 = 2.363508
	x75 = 0.585559
	x76 = -1.804864
	x77 = 0.741636
	x78 = -1.632746
	x79 = -0.467388
	x80 = 0.943306
	x81 = -0.603528
	x82 = 3.324824
	x83 = -1.859848
	x84 = -0.335474
	x85 = 1.148298
	x86 = 1.402053
	x87 = -3.527109
	x88 = 0.432724
	x89 = 1.490740
	x90 = -0.752851
	x91 = 0.095758
	x92 = 1.016233
	x93 = -2.436644
	x94 = -3.700533
	x95 = 3.882078
	x96 = 0.289992
	x97 = 1.289086
	x98 = -2.853189
	x99 = 1.549869
	x100 = 2.785901
	x101 = -1.754268
	x102 = -2.090049
	x103 = -1.925670
	x104 = -0.539400
	x105 = -2.664461
	x106 = -1.101334
	x107 = 1.866853
	x108 = 1.657212
	x109 = -1.306468
	x110 = -1.780195
	x111 = -1.509774
	x112 = 1.334968
	x113 = 0.748263
	x114 = 1.123083
	x115 = -0.931550
	x116 = 1.409941
	x117 = -1.341787
	x118 = -0.455841
	x119 = 0.743350
	x120 = 1.088462
	x121 = 1.714824
	x122 = 2.087878
	x123 = 0.290308
	x124 = 0.795295
	x125 = 1.450221
	x126 = -0.340417
	x127 = -3.115360
	x128 = 1.638532
	x129 = -0.754157
	x130 = -1.117501
	x131 = 0.745940
	x132 = 1.372277
	x133 = 0.780978
	x134 = 0.877218
	x135 = -3.517120
	x136 = -0.796554
	x137 = 1.883003
	x138 = -0.303359
	x139 = 0.275328
	x140 = 2.875268
	x141 = 2.818471
	x142 = -0.211669
	x143 = -0.724356
	x144 = 0.416051
	x145 = -0.512046
	x146 = -0.251661
	x147 = -2.047851
	x148 = -2.455372
	x149 = 1.642293
	x150 = -3.577672
	x151 = 1.033184
	x152 = -3.735006
	x153 = -0.931906
	x154 = -1.369497
	x155 = 0.321510
	x156 = -0.451349
	x157 = 0.687399
	x158 = -2.964614
	x159 = 0.359585
	x160 = 0.249721
	x161 = 0.633136
	x162 = 1.487704
	x163 = 0.557820
	x164 = -1.911709
	x165 = 0.400703
	x166 = -2.392644
	x167 = 1.592644
	x168 = -0.980457
	x169 = -1.589253
	x170 = -1.595325
	x171 = 1.917095
	x172 = -2.775601
	x173 = 1.753543
	x174 = -1.302258
	x175 = 0.814847
	x176 = -0.250150
	x177 = 1.593282
	x178 = 0.104810
	x179 = -1.873278
	x180 = -0.758726
	x181 = -1.071317
	x182 = -1.342646
	x183 = -1.403790
	x184 = -1.983532
	x185 = -1.833449
	x186 = -0.150069
	x187 = 3.102587
	x188 = 2.637083
	x189 = 1.234285
	x190 = -1.858895
	x191 = -0.166861
	x192 = -1.934009
	x193 = 0.033948
	x194 = 1.438635
	x195 = -0.210791
	x196 = -2.738110
	x197 = -1.590686
	x198 = 1.312576
	x199 = 1.119360
	x200 = -1.474553
	x201 = 0.230171
	x202 = 0.760375
	x203 = -2.331012
	x204 = -1.291281
	x205 = 0.008779
	x206 = 0.132552
	x207 = 0.104965
	x208 = -1.212774
	x209 = 1.266771
	x210 = 0.865677
	x211 = -2.070872
	x212 = 2.433074
	x213 = 2.397710
	x214 = -0.836419
	x215 = -2.037805
	x216 = -0.949871
	x217 = 0.362572
	x218 = -0.533429
	x219 = 0.073473
	x220 = -2.867211
	x221 = -2.006254
	x222 = 2.681005
	x223 = 1.561867
	x224 = -2.756552
	x225 = -0.050721
	x226 = 3.385909
	x227 = -0.736181
	x228 = -1.490088
	x229 = 0.527959
	x230 = -0.090803
	x231 = 0.610722
	x232 = 1.907253
	x233 = 0.516637
	x234 = -1.324387
	x235 = 0.692154
	x236 = 0.585102
	x237 = -0.675043
	x238 = -4.151280
	x239 = 6.336793
	x240 = -0.445791
	x241 = -2.498817
	x242 = 0.886447
	x243 = 1.021389
	x244 = 1.032037
	x245 = 1.745990
	x246 = -0.565733
	x247 = -2.553506
	x248 = -1.040244
	x249 = 2.149245
	x250 = 0.980779
	x251 = -0.197086
	x252 = 0.032057
	x253 = -2.778203
	x254 = -0.555974
	x255 = 1.899968
	x256 = 0.177163
	x257 = -2.402882
	x258 = -1.399718
	x259 = 1.027859
	x260 = -0.259460
	x261 = 0.382385
	x262 = -0.956927
	x263 = 0.716580
	x264 = 0.320320
	x265 = -3.976755
	x266 = 0.854661
	x267 = -2.883086
	x268 = -1.326336
	x269 = 3.059336
	x270 = 3.921643
	x271 = -0.925015
	x272 = -1.090873
	x273 = 1.690294
	x274 = 0.227583
	x275 = 0.230479
	x276 = -2.103995
	x277 = -1.961061
	x278 = -2.899175
	x279 = 5.540947
	x280 = 1.504066
	x281 = 0.705737
	x282 = -0.611869
	x283 = -0.383770
	x284 = -1.498943
	x285 = -1.693837
	x286 = 1.648456
	x287 = -1.958337
	x288 = -1.383886
	x289 = 0.824058
	x290 = -2.245884
	x291 = 0.672025
	x292 = 1.474079
	x293 = 1.256565
	x294 = 0.950150
	x295 = 1.089164
	x296 = -1.608961
	x297 = -0.683063
	x298 = -7.546644
	x299 = 0.799743
	x300 = 1.996662
	x301 = 2.253133
	x302 = 1.430848
	x303 = 0.181660
	x304 = -2.921595
	x305 = 1.150152
	x306 = 0.101481
	x307 = 0.277601
	x308 = -1.274198
	x309 = 1.167992
	x310 = 0.577944
	x311 = -1.133233
	x312 = -0.231580
	x313 = -1.900406
	x314 = -0.364511
	x315 = -1.086781
	x316 = 0.319297
	x317 = 1.756003
	x318 = 0.881201
	x319 = 0.788058
	x320 = -3.110384
	x321 = 5.791662
	x322 = -0.516272
	x323 = -0.432538
	x324 = -0.442451
	x325 = -1.625407
	x326 = 0.819224
	x327 = 0.358952
	x328 = -0.376854
	x329 = -1.290901
	x330 = 2.375141
	x331 = -0.373615
	x332 = 2.255712
	x333 = 0.734254
	x334 = -0.675696
	x335 = -2.749459
	x336 = 2.134686
	x337 = 0.217203
	x338 = 1.594764
	x339 = 1.735908
	x340 = -1.006223
	x341 = -1.095667
	x342 = 1.117011
	x343 = -0.057763
	x344 = 1.299339
	x345 = 0.798256
	x346 = 2.716748
	x347 = 0.949520
	x348 = -0.374597
	x349 = 1.500667
	x350 = -1.036231
	x351 = -0.718172
	x352 = -1.585709
	x353 = 0.632911
	x354 = -2.603237
	x355 = 1.761929
	x356 = 2.703130
	x357 = 2.388950
	x358 = -2.586872
	x359 = -2.802791
	x360 = 0.399523
	x361 = -0.315341
	x362 = 0.851676
	x363 = 0.673054
	x364 = 0.144763
	x365 = -0.986798
	x366 = -0.440381
	x367 = 0.791454
	x368 = -0.475401
	x369 = 1.333921
	x370 = 0.736331
	x371 = -0.166337
	x372 = -0.408731
	x373 = -0.525110
	x374 = -2.071082
	x375 = 1.217659
	x376 = -0.506552
	x377 = -0.820866
	x378 = -0.300659
	x379 = -1.926960
	x380 = -1.062107
	x381 = -0.810259
	x382 = -1.359359
	x383 = 1.290638
	x384 = -0.099349
	x385 = -1.204407
	x386 = 1.611235
	x387 = -0.241642
	x388 = -0.090452
	x389 = -2.224473
	x390 = 1.302589
	x391 = 1.671433
	x392 = 0.708534
	x393 = 3.700585
	x394 = 1.898644
	x395 = 0.964210
	x396 = -0.524605
	x397 = -2.052971
	x398 = 0.145511
	x399 = 0.537263
	x400 = -2.134559
	x401 = 1.208152
	x402 = -3.075369
	x403 = -1.104699
	x404 = 0.694015
	x405 = -0.477351
	x406 = 0.483759
	x407 = -2.692790
	x408 = 1.579524
	x409 = 1.548534
	x410 = -2.745685
	x411 = 1.653524
	x412 = -1.307795
	x413 = 0.123600
	x414 = 0.557883
	x415 = 1.154924
	x416 = -1.202856
	x417 = -0.884731
	x418 = 1.010156
	x419 = 0.626850
	x420 = 2.568643
	x421 = -0.202753
	x422 = -2.487201
	x423 = -2.510923
	x424 = -1.018121
	x425 = -1.336227
	x426 = -2.310726
	x427 = 1.224266
	x428 = 2.814609
	x429 = 4.276039
	x430 = 0.577807
	x431 = -0.722190
	x432 = -0.235094
	x433 = -0.411544
	x434 = -1.729071
	x435 = 0.165963
	x436 = 2.532049
	x437 = 0.131111
	x438 = -2.985634
	x439 = 1.258300
	x440 = -0.367269
	x441 = -0.756968
	x442 = 0.706351
	x443 = -1.640815
	x444 = -0.039467
	x445 = -0.305635
	x446 = -0.297094
	x447 = 1.435043
	x448 = -1.502813
	x449 = 0.918168
	x450 = 0.419765
	x451 = 0.543529
	x452 = -2.403033
	x453 = 0.484109
	x454 = -0.788129
	x455 = 0.672878
	x456 = -1.048168
	x457 = -0.777386
	x458 = -3.148650
	x459 = 1.607511
	x460 = -0.170440
	x461 = 3.590875
	x462 = 4.397727
	x463 = 1.825279
	x464 = -1.029225
	x465 = 0.666707
	x466 = 0.794514
	x467 = -0.999044
	x468 = -0.109025
	x469 = 2.879951
	x470 = 2.037590
	x471 = -1.056481
	x472 = -0.023996
	x473 = 0.815414
	x474 = 1.325796
	x475 = 2.220004
	x476 = 0.304322
	x477 = 0.827424
	x478 = -1.040864
	x479 = -0.257311
	x480 = 0.285896
	x481 = 1.491261
	x482 = 0.787830
	x483 = 1.052708
	x484 = 0.684077
	x485 = -0.975034
	x486 = -0.821492
	x487 = -0.298016
	x488 = -0.520054
	x489 = -1.075557
	x490 = -0.932332
	x491 = 1.985199
	x492 = 0.350304
	x493 = 1.527257
	x494 = 1.825942
	x495 = 2.767528
	x496 = 2.172921
	x497 = -1.385344
	x498 = 1.086013
	x499 = 0.564294
	x500 = 0.327595
	x501 = 1.365158
	x502 = -2.092639
	x503 = -0.300783
	x504 = -0.043142
	x505 = 1.900138
	x506 = 2.803200
	x507 = -2.840742
	x508 = 3.653225
	x509 = 0.499989
	x510 = -2.103192
	x511 = -0.993864

Output:
	y0 = -7.529132
	y1 = 7.889377
	y2 = -8.744791
	y3 = -13.022174
	y4 = 23.925409
	y5 = -12.579384
	y6 = -7.240026
	y7 = 11.399975
	y8 = -7.331039
	y9 = -7.735517
	y10 = 6.579929
	y11 = -7.928382
	y12 = -6.726001
	y13 = 9.514294
	y14 = -6.639759
	y15 = -4.384253
	y16 = 7.043179
	y17 = -4.500344
	y18 = -8.144896
	y19 = 5.763242
	y20 = -9.672457
	y21 = -7.194465
	y22 = 7.409942
	y23 = -9.002688
	y24 = -6.259379
	y25 = 4.727963
	y26 = -9.435494
	y27 = -11.910807
	y28 = 17.773192
	y29 = -11.875240
	y30 = -0.586071
	y31 = -16.206528
	y32 = -1.942517
	y33 = -4.122109
	y34 = 6.690968
	y35 = -5.117493
	y36 = -1.957586
	y37 = 9.718300
	y38 = -2.181275
	y39 = -4.577784
	y40 = 7.078395
	y41 = -7.281518
	y42 = -9.014305
	y43 = 7.533503
	y44 = -11.728489
	y45 = -7.040922
	y46 = 5.686905
	y47 = -9.966061
	y48 = -3.924038
	y49 = 3.369852
	y50 = -6.719359
	y51 = -5.639547
	y52 = 16.448728
	y53 = -5.663877
	y54 = 2.906953
	y55 = -7.950444
	y56 = 2.892503
	y57 = 3.144320
	y58 = -11.075388
	y59 = 3.197517
	y60 = 2.785784
	y61 = -3.938879
	y62 = 2.949462
	y63 = 0.603979
	y64 = 14.279605
	y65 = -0.230427
	y66 = -6.425358
	y67 = 30.970066
	y68 = -8.784878
	y69 = -5.192918
	y70 = 11.242609
	y71 = -7.544465
	y72 = -4.326961
	y73 = 8.344414
	y74 = -6.659812
	y75 = -4.744390
	y76 = 19.498187
	y77 = -5.694156
	y78 = 5.228075
	y79 = -7.510450
	y80 = 3.391808
	y81 = 8.538140
	y82 = -22.986021
	y83 = 9.332635
	y84 = 9.931434
	y85 = -21.087141
	y86 = 10.149334
	y87 = 2.822126
	y88 = -7.871576
	y89 = 0.540151
	y90 = -5.976140
	y91 = 25.447078
	y92 = -6.915202
	y93 = -5.788325
	y94 = 13.466652
	y95 = -7.953147
	y96 = -3.833505
	y97 = 14.344831
	y98 = -5.217460
	y99 = -5.669033
	y100 = 22.824860
	y101 = -6.330344
	y102 = 2.741544
	y103 = 1.125335
	y104 = 1.125345
	y105 = 10.755236
	y106 = -21.177376
	y107 = 10.860919
	y108 = 8.234011
	y109 = -20.750463
	y110 = 10.669143
	y111 = -0.835452
	y112 = 9.983321
	y113 = 0.261936
	y114 = -6.390423
	y115 = 19.899929
	y116 = -7.476699
	y117 = -4.909665
	y118 = 9.773573
	y119 = -6.251000
	y120 = -4.814786
	y121 = 9.297727
	y122 = -8.247857
	y123 = -4.926275
	y124 = 7.088092
	y125 = -5.847746
	y126 = -2.976238
	y127 = 24.538892
	y128 = -3.165893
	y129 = 3.368622
	y130 = -6.147418
	y131 = 2.187600
	y132 = 1.074987
	y133 = -1.447413
	y134 = 3.325709
	y135 = -2.880725
	y136 = 10.809762
	y137 = -1.086736
	y138 = -4.107506
	y139 = 9.215205
	y140 = -5.436000
	y141 = -7.042180
	y142 = 10.302080
	y143 = -8.995504
	y144 = -7.442842
	y145 = 10.350418
	y146 = -9.967757
	y147 = -7.670894
	y148 = 12.296330
	y149 = -9.953214
	y150 = -7.722143
	y151 = 25.468643
	y152 = -6.285039
	y153 = -4.494603
	y154 = 23.127398
	y155 = -4.436893
	y156 = -1.794688
	y157 = 8.138226
	y158 = -3.477768
	y159 = -3.385914
	y160 = 7.140441
	y161 = -1.641214
	y162 = -6.525449
	y163 = 8.248748
	y164 = -7.491526
	y165 = -6.261445
	y166 = 9.166249
	y167 = -9.688280
	y168 = -9.631756
	y169 = 10.954881
	y170 = -9.646362
	y171 = -12.695428
	y172 = 12.099021
	y173 = -11.358222
	y174 = -9.274919
	y175 = 10.369646
	y176 = -6.184710
	y177 = -9.852795
	y178 = 10.604645
	y179 = -8.232110
	y180 = -8.680771
	y181 = 10.279508
	y182 = -6.448873
	y183 = -10.259592
	y184 = 8.793900
	y185 = -4.550212
	y186 = -12.730379
	y187 = 8.985740
	y188 = -6.827938
	y189 = -11.391604
	y190 = 9.163337
	y191 = -9.032446

