InputQuery: /home/levn/Workspace/othello_world/queries/probe_robust/game_69_target_35_eps_0.1.txt
Engine::processInputQuery: Input query (before preprocessing): 449 equations, 1216 variables
Engine::processInputQuery: Input query (after preprocessing): 705 equations, 1386 variables

Input bounds:
	x0: [  0.4850,   0.6850] 
	x1: [ -0.4976,  -0.2976] 
	x2: [ -3.5039,  -3.3039] 
	x3: [  1.6195,   1.8195] 
	x4: [  2.4027,   2.6027] 
	x5: [  2.5426,   2.7426] 
	x6: [  1.7689,   1.9689] 
	x7: [ -1.3004,  -1.1004] 
	x8: [ -1.6129,  -1.4129] 
	x9: [ -2.1548,  -1.9548] 
	x10: [  2.0580,   2.2580] 
	x11: [ -0.7171,  -0.5171] 
	x12: [  2.3482,   2.5482] 
	x13: [ -2.4126,  -2.2126] 
	x14: [  3.3205,   3.5205] 
	x15: [  0.2382,   0.4382] 
	x16: [ -1.2512,  -1.0512] 
	x17: [  0.9144,   1.1144] 
	x18: [ -2.3207,  -2.1207] 
	x19: [  2.9410,   3.1410] 
	x20: [  1.7993,   1.9993] 
	x21: [  3.1662,   3.3662] 
	x22: [ -1.1263,  -0.9263] 
	x23: [  0.8023,   1.0023] 
	x24: [ -2.1135,  -1.9135] 
	x25: [ -2.0385,  -1.8385] 
	x26: [  0.9828,   1.1828] 
	x27: [  1.7000,   1.9000] 
	x28: [ -1.0914,  -0.8914] 
	x29: [ -0.2308,  -0.0308] 
	x30: [  2.3938,   2.5938] 
	x31: [  3.5738,   3.7738] 
	x32: [  2.5145,   2.7145] 
	x33: [  4.0905,   4.2905] 
	x34: [ -3.4752,  -3.2752] 
	x35: [ -1.6946,  -1.4946] 
	x36: [  0.3483,   0.5483] 
	x37: [ -2.4929,  -2.2929] 
	x38: [ -4.2972,  -4.0972] 
	x39: [ -1.2392,  -1.0392] 
	x40: [  2.1788,   2.3788] 
	x41: [  1.3708,   1.5708] 
	x42: [ -3.3496,  -3.1496] 
	x43: [ -0.9380,  -0.7380] 
	x44: [ -1.9455,  -1.7455] 
	x45: [ -1.3550,  -1.1550] 
	x46: [ -1.6419,  -1.4419] 
	x47: [  2.2548,   2.4548] 
	x48: [  0.2499,   0.4499] 
	x49: [ -2.6210,  -2.4210] 
	x50: [  3.6993,   3.8993] 
	x51: [ -2.3015,  -2.1015] 
	x52: [  0.8179,   1.0179] 
	x53: [ -0.0148,   0.1852] 
	x54: [ -0.2248,  -0.0248] 
	x55: [ -0.3924,  -0.1924] 
	x56: [  1.2559,   1.4559] 
	x57: [ -4.1477,  -3.9477] 
	x58: [  0.6658,   0.8658] 
	x59: [ -1.0506,  -0.8506] 
	x60: [ -0.1915,   0.0085] 
	x61: [ -3.3713,  -3.1713] 
	x62: [  0.7076,   0.9076] 
	x63: [  1.7694,   1.9694] 
	x64: [  0.0199,   0.2199] 
	x65: [  0.2056,   0.4056] 
	x66: [ -1.0644,  -0.8644] 
	x67: [ -2.4269,  -2.2269] 
	x68: [ -0.1035,   0.0965] 
	x69: [ -0.1342,   0.0658] 
	x70: [  2.6138,   2.8138] 
	x71: [ -0.1431,   0.0569] 
	x72: [  1.0173,   1.2173] 
	x73: [ -1.5607,  -1.3607] 
	x74: [ -4.0732,  -3.8732] 
	x75: [ -3.5434,  -3.3434] 
	x76: [  0.9419,   1.1419] 
	x77: [  0.2712,   0.4712] 
	x78: [  1.0066,   1.2066] 
	x79: [  1.9952,   2.1952] 
	x80: [ -2.6982,  -2.4982] 
	x81: [  0.5336,   0.7336] 
	x82: [ -0.8772,  -0.6772] 
	x83: [ -1.9415,  -1.7415] 
	x84: [  0.5639,   0.7639] 
	x85: [ -1.0832,  -0.8832] 
	x86: [ -2.3371,  -2.1371] 
	x87: [  0.5123,   0.7123] 
	x88: [ -0.9542,  -0.7542] 
	x89: [  2.8824,   3.0824] 
	x90: [ -4.3930,  -4.1930] 
	x91: [  0.4823,   0.6823] 
	x92: [ -3.4431,  -3.2431] 
	x93: [  0.3190,   0.5190] 
	x94: [  0.0017,   0.2017] 
	x95: [  1.3921,   1.5921] 
	x96: [  0.3750,   0.5750] 
	x97: [ -3.0764,  -2.8764] 
	x98: [  0.8618,   1.0618] 
	x99: [ -0.6803,  -0.4803] 
	x100: [  0.5450,   0.7450] 
	x101: [ -0.0834,   0.1166] 
	x102: [  1.5119,   1.7119] 
	x103: [ -0.5147,  -0.3147] 
	x104: [  1.0909,   1.2909] 
	x105: [ -0.1459,   0.0541] 
	x106: [  1.0803,   1.2803] 
	x107: [ -0.5595,  -0.3595] 
	x108: [ -2.3175,  -2.1175] 
	x109: [ -1.9319,  -1.7319] 
	x110: [ -0.0252,   0.1748] 
	x111: [  1.6518,   1.8518] 
	x112: [ -1.4384,  -1.2384] 
	x113: [  4.0076,   4.2076] 
	x114: [  1.4682,   1.6682] 
	x115: [ -0.6779,  -0.4779] 
	x116: [ -1.2108,  -1.0108] 
	x117: [  0.3488,   0.5488] 
	x118: [ -0.8848,  -0.6848] 
	x119: [  0.1942,   0.3942] 
	x120: [ -1.0640,  -0.8640] 
	x121: [ -2.0813,  -1.8813] 
	x122: [  0.6764,   0.8764] 
	x123: [ -2.0452,  -1.8452] 
	x124: [ -2.1257,  -1.9257] 
	x125: [ -0.2405,  -0.0405] 
	x126: [  0.7890,   0.9890] 
	x127: [  0.3553,   0.5553] 
	x128: [  1.7655,   1.9655] 
	x129: [ -1.8757,  -1.6757] 
	x130: [ -1.8402,  -1.6402] 
	x131: [  0.8239,   1.0239] 
	x132: [  0.7133,   0.9133] 
	x133: [  1.0439,   1.2439] 
	x134: [ -0.3009,  -0.1009] 
	x135: [  0.2089,   0.4089] 
	x136: [ -0.5854,  -0.3854] 
	x137: [  0.9574,   1.1574] 
	x138: [ -0.8509,  -0.6509] 
	x139: [ -0.7185,  -0.5185] 
	x140: [ -0.0732,   0.1268] 
	x141: [  2.4751,   2.6751] 
	x142: [ -0.9934,  -0.7934] 
	x143: [ -2.3056,  -2.1056] 
	x144: [  0.7733,   0.9733] 
	x145: [  2.6403,   2.8403] 
	x146: [  1.8102,   2.0102] 
	x147: [ -3.9073,  -3.7073] 
	x148: [  1.2499,   1.4499] 
	x149: [  0.3315,   0.5315] 
	x150: [ -1.1618,  -0.9618] 
	x151: [  1.2787,   1.4787] 
	x152: [ -0.0001,   0.1999] 
	x153: [  0.0368,   0.2368] 
	x154: [  0.8230,   1.0230] 
	x155: [  1.3119,   1.5119] 
	x156: [ -0.3852,  -0.1852] 
	x157: [  1.3402,   1.5402] 
	x158: [  0.7486,   0.9486] 
	x159: [  0.3127,   0.5127] 
	x160: [ -2.4997,  -2.2997] 
	x161: [  3.2257,   3.4257] 
	x162: [  0.8202,   1.0202] 
	x163: [  0.1998,   0.3998] 
	x164: [ -3.8238,  -3.6238] 
	x165: [  0.3903,   0.5903] 
	x166: [ -1.0151,  -0.8151] 
	x167: [  0.3705,   0.5705] 
	x168: [ -0.0579,   0.1421] 
	x169: [  0.5625,   0.7625] 
	x170: [ -2.8861,  -2.6861] 
	x171: [  3.4538,   3.6538] 
	x172: [ -0.2743,  -0.0743] 
	x173: [ -2.2671,  -2.0671] 
	x174: [  2.4939,   2.6939] 
	x175: [ -0.7758,  -0.5758] 
	x176: [ -0.6985,  -0.4985] 
	x177: [  0.1500,   0.3500] 
	x178: [  0.7867,   0.9867] 
	x179: [  0.8649,   1.0649] 
	x180: [  2.7993,   2.9993] 
	x181: [  1.3899,   1.5899] 
	x182: [  0.8260,   1.0260] 
	x183: [  0.0728,   0.2728] 
	x184: [  0.9208,   1.1208] 
	x185: [ -0.7171,  -0.5171] 
	x186: [  0.3914,   0.5914] 
	x187: [  1.5006,   1.7006] 
	x188: [  0.5135,   0.7135] 
	x189: [ -0.9206,  -0.7206] 
	x190: [  3.6596,   3.8596] 
	x191: [  2.3578,   2.5578] 
	x192: [ -1.8169,  -1.6169] 
	x193: [ -0.7848,  -0.5848] 
	x194: [  0.7849,   0.9849] 
	x195: [  1.7657,   1.9657] 
	x196: [ -0.0503,   0.1497] 
	x197: [  1.4731,   1.6731] 
	x198: [ -3.5853,  -3.3853] 
	x199: [  2.3434,   2.5434] 
	x200: [  0.5327,   0.7327] 
	x201: [  1.2213,   1.4213] 
	x202: [ -0.1939,   0.0061] 
	x203: [ -0.1450,   0.0550] 
	x204: [ -0.3284,  -0.1284] 
	x205: [ -1.4246,  -1.2246] 
	x206: [ -1.1442,  -0.9442] 
	x207: [ -0.0911,   0.1089] 
	x208: [ -1.6646,  -1.4646] 
	x209: [ -0.7504,  -0.5504] 
	x210: [  0.9978,   1.1978] 
	x211: [ -0.2716,  -0.0716] 
	x212: [  1.1783,   1.3783] 
	x213: [ -0.4931,  -0.2931] 
	x214: [  2.5931,   2.7931] 
	x215: [  0.7334,   0.9334] 
	x216: [  0.8691,   1.0691] 
	x217: [ -1.1752,  -0.9752] 
	x218: [  0.5115,   0.7115] 
	x219: [ -0.4100,  -0.2100] 
	x220: [ -0.9237,  -0.7237] 
	x221: [  0.2085,   0.4085] 
	x222: [ -0.3662,  -0.1662] 
	x223: [ -1.1532,  -0.9532] 
	x224: [  0.3628,   0.5628] 
	x225: [ -1.0847,  -0.8847] 
	x226: [ -4.3388,  -4.1388] 
	x227: [ -0.3874,  -0.1874] 
	x228: [ -0.3968,  -0.1968] 
	x229: [  0.1833,   0.3833] 
	x230: [  4.3654,   4.5654] 
	x231: [  0.5919,   0.7919] 
	x232: [  1.0232,   1.2232] 
	x233: [  0.2996,   0.4996] 
	x234: [  2.4829,   2.6829] 
	x235: [  3.1957,   3.3957] 
	x236: [ -1.3820,  -1.1820] 
	x237: [  0.8588,   1.0588] 
	x238: [ -1.0294,  -0.8294] 
	x239: [  0.5607,   0.7607] 
	x240: [ -2.0837,  -1.8837] 
	x241: [  2.1260,   2.3260] 
	x242: [ -0.1929,   0.0071] 
	x243: [  0.7533,   0.9533] 
	x244: [ -0.4397,  -0.2397] 
	x245: [  0.2963,   0.4963] 
	x246: [  2.0022,   2.2022] 
	x247: [  1.7691,   1.9691] 
	x248: [ -2.3919,  -2.1919] 
	x249: [  1.1100,   1.3100] 
	x250: [ -1.9223,  -1.7223] 
	x251: [ -1.0339,  -0.8339] 
	x252: [ -2.6859,  -2.4859] 
	x253: [  1.2779,   1.4779] 
	x254: [  0.4723,   0.6723] 
	x255: [ -0.5425,  -0.3425] 
	x256: [  0.7367,   0.9367] 
	x257: [ -1.1425,  -0.9425] 
	x258: [  1.6605,   1.8605] 
	x259: [ -6.1131,  -5.9131] 
	x260: [ -0.0086,   0.1914] 
	x261: [  0.7635,   0.9635] 
	x262: [ -3.0046,  -2.8046] 
	x263: [ -0.0869,   0.1131] 
	x264: [  1.6221,   1.8221] 
	x265: [ -0.4668,  -0.2668] 
	x266: [ -1.1680,  -0.9680] 
	x267: [ -0.2329,  -0.0329] 
	x268: [  0.0429,   0.2429] 
	x269: [ -1.0790,  -0.8790] 
	x270: [  2.1882,   2.3882] 
	x271: [ -1.2010,  -1.0010] 
	x272: [  1.2058,   1.4058] 
	x273: [ -0.8639,  -0.6639] 
	x274: [ -1.5707,  -1.3707] 
	x275: [  2.6975,   2.8975] 
	x276: [ -0.1286,   0.0714] 
	x277: [  2.0948,   2.2948] 
	x278: [  0.1712,   0.3712] 
	x279: [  3.7347,   3.9347] 
	x280: [ -0.1677,   0.0323] 
	x281: [  0.4921,   0.6921] 
	x282: [ -3.3474,  -3.1474] 
	x283: [  1.0266,   1.2266] 
	x284: [ -3.3694,  -3.1694] 
	x285: [  0.6375,   0.8375] 
	x286: [  0.0797,   0.2797] 
	x287: [ -0.4769,  -0.2769] 
	x288: [ -0.8260,  -0.6260] 
	x289: [ -0.2705,  -0.0705] 
	x290: [ -0.3201,  -0.1201] 
	x291: [ -1.0225,  -0.8225] 
	x292: [ -3.6183,  -3.4183] 
	x293: [ -2.9055,  -2.7055] 
	x294: [ -0.1077,   0.0923] 
	x295: [ -2.6827,  -2.4827] 
	x296: [ -0.7273,  -0.5273] 
	x297: [  3.4208,   3.6208] 
	x298: [  1.1366,   1.3366] 
	x299: [ -0.1264,   0.0736] 
	x300: [  1.7444,   1.9444] 
	x301: [ -2.8332,  -2.6332] 
	x302: [  1.8457,   2.0457] 
	x303: [  0.6554,   0.8554] 
	x304: [ -0.6086,  -0.4086] 
	x305: [  1.6253,   1.8253] 
	x306: [  0.2341,   0.4341] 
	x307: [ -0.0467,   0.1533] 
	x308: [ -0.6751,  -0.4751] 
	x309: [ -0.7275,  -0.5275] 
	x310: [  1.1130,   1.3130] 
	x311: [  1.7862,   1.9862] 
	x312: [  0.3632,   0.5632] 
	x313: [  0.9282,   1.1282] 
	x314: [ -3.0927,  -2.8927] 
	x315: [ -0.9764,  -0.7764] 
	x316: [ -0.1765,   0.0235] 
	x317: [ -2.4540,  -2.2540] 
	x318: [ -1.8424,  -1.6424] 
	x319: [ -2.1231,  -1.9231] 
	x320: [  2.2990,   2.4990] 
	x321: [  1.8124,   2.0124] 
	x322: [ -2.3013,  -2.1013] 
	x323: [  0.7429,   0.9429] 
	x324: [  0.3609,   0.5609] 
	x325: [ -0.9923,  -0.7923] 
	x326: [ -0.5252,  -0.3252] 
	x327: [  1.8361,   2.0361] 
	x328: [  1.2659,   1.4659] 
	x329: [  0.7408,   0.9408] 
	x330: [ -2.4055,  -2.2055] 
	x331: [  0.9130,   1.1130] 
	x332: [  0.3523,   0.5523] 
	x333: [  0.9666,   1.1666] 
	x334: [  1.4661,   1.6661] 
	x335: [ -0.7129,  -0.5129] 
	x336: [ -0.5831,  -0.3831] 
	x337: [ -0.4571,  -0.2571] 
	x338: [ -0.0850,   0.1150] 
	x339: [  0.2900,   0.4900] 
	x340: [  1.4870,   1.6870] 
	x341: [  0.5184,   0.7184] 
	x342: [  0.2654,   0.4654] 
	x343: [  1.9464,   2.1464] 
	x344: [  0.1667,   0.3667] 
	x345: [ -0.7280,  -0.5280] 
	x346: [ -0.4321,  -0.2321] 
	x347: [ -0.1677,   0.0323] 
	x348: [  1.7182,   1.9182] 
	x349: [  1.9711,   2.1711] 
	x350: [ -1.3937,  -1.1937] 
	x351: [  2.2391,   2.4391] 
	x352: [ -1.4242,  -1.2242] 
	x353: [  2.2660,   2.4660] 
	x354: [ -1.4208,  -1.2208] 
	x355: [ -0.1090,   0.0910] 
	x356: [  0.4454,   0.6454] 
	x357: [  1.2242,   1.4242] 
	x358: [  0.1220,   0.3220] 
	x359: [  2.4363,   2.6363] 
	x360: [ -2.5598,  -2.3598] 
	x361: [  0.4316,   0.6316] 
	x362: [ -4.1840,  -3.9840] 
	x363: [  0.5805,   0.7805] 
	x364: [  2.3317,   2.5317] 
	x365: [  1.0432,   1.2432] 
	x366: [  1.0380,   1.2380] 
	x367: [ -2.3134,  -2.1134] 
	x368: [  0.7302,   0.9302] 
	x369: [ -1.5875,  -1.3875] 
	x370: [ -3.9197,  -3.7197] 
	x371: [  2.3403,   2.5403] 
	x372: [  1.1773,   1.3773] 
	x373: [ -1.9452,  -1.7452] 
	x374: [ -1.5666,  -1.3666] 
	x375: [  1.1484,   1.3484] 
	x376: [ -1.4897,  -1.2897] 
	x377: [ -1.0568,  -0.8568] 
	x378: [ -1.6648,  -1.4648] 
	x379: [ -1.3872,  -1.1872] 
	x380: [  0.3959,   0.5959] 
	x381: [ -0.6568,  -0.4568] 
	x382: [ -4.8747,  -4.6747] 
	x383: [  1.2408,   1.4408] 
	x384: [ -2.3300,  -2.1300] 
	x385: [ -2.8978,  -2.6978] 
	x386: [ -0.2521,  -0.0521] 
	x387: [  0.4601,   0.6601] 
	x388: [ -1.1425,  -0.9425] 
	x389: [ -1.9519,  -1.7519] 
	x390: [ -1.6608,  -1.4608] 
	x391: [ -1.3092,  -1.1092] 
	x392: [ -1.8285,  -1.6285] 
	x393: [ -1.5468,  -1.3468] 
	x394: [  0.4420,   0.6420] 
	x395: [ -1.4024,  -1.2024] 
	x396: [ -0.8788,  -0.6788] 
	x397: [ -3.0744,  -2.8744] 
	x398: [  0.7240,   0.9240] 
	x399: [ -0.0615,   0.1385] 
	x400: [  1.1928,   1.3928] 
	x401: [  0.2199,   0.4199] 
	x402: [  0.6229,   0.8229] 
	x403: [ -2.3159,  -2.1159] 
	x404: [ -0.4348,  -0.2348] 
	x405: [ -1.0291,  -0.8291] 
	x406: [  1.2372,   1.4372] 
	x407: [ -0.2865,  -0.0865] 
	x408: [ -2.8322,  -2.6322] 
	x409: [  1.2296,   1.4296] 
	x410: [  1.4356,   1.6356] 
	x411: [  0.7436,   0.9436] 
	x412: [ -2.8959,  -2.6959] 
	x413: [ -1.7001,  -1.5001] 
	x414: [ -1.9023,  -1.7023] 
	x415: [ -0.6689,  -0.4689] 
	x416: [ -4.1589,  -3.9589] 
	x417: [ -2.6125,  -2.4125] 
	x418: [  0.1805,   0.3805] 
	x419: [ -0.0639,   0.1361] 
	x420: [ -3.2250,  -3.0250] 
	x421: [  2.0234,   2.2234] 
	x422: [ -2.3626,  -2.1626] 
	x423: [  0.3988,   0.5988] 
	x424: [ -0.1231,   0.0769] 
	x425: [ -0.1738,   0.0262] 
	x426: [ -6.5782,  -6.3782] 
	x427: [  4.9689,   5.1689] 
	x428: [  2.0915,   2.2915] 
	x429: [  0.7846,   0.9846] 
	x430: [ -1.1005,  -0.9005] 
	x431: [ -6.5587,  -6.3587] 
	x432: [  2.1006,   2.3006] 
	x433: [  1.0259,   1.2259] 
	x434: [  0.5723,   0.7723] 
	x435: [ -0.7596,  -0.5596] 
	x436: [  0.6157,   0.8157] 
	x437: [  3.0864,   3.2864] 
	x438: [ -1.0127,  -0.8127] 
	x439: [  0.8392,   1.0392] 
	x440: [ -1.9553,  -1.7553] 
	x441: [ -1.2500,  -1.0500] 
	x442: [  2.2379,   2.4379] 
	x443: [  1.6836,   1.8836] 
	x444: [ -1.0150,  -0.8150] 
	x445: [  1.0614,   1.2614] 
	x446: [  3.7340,   3.9340] 
	x447: [ -1.1154,  -0.9154] 
	x448: [  0.6155,   0.8155] 
	x449: [  2.4917,   2.6917] 
	x450: [ -0.9057,  -0.7057] 
	x451: [  1.6636,   1.8636] 
	x452: [  0.2482,   0.4482] 
	x453: [ -0.3869,  -0.1869] 
	x454: [ -1.4089,  -1.2089] 
	x455: [ -2.3258,  -2.1258] 
	x456: [  0.3378,   0.5378] 
	x457: [ -2.1266,  -1.9266] 
	x458: [ -1.2392,  -1.0392] 
	x459: [ -2.1052,  -1.9052] 
	x460: [ -0.1681,   0.0319] 
	x461: [  1.8796,   2.0796] 
	x462: [ -1.9553,  -1.7553] 
	x463: [  0.9545,   1.1545] 
	x464: [ -1.1825,  -0.9825] 
	x465: [  1.8703,   2.0703] 
	x466: [ -1.3877,  -1.1877] 
	x467: [ -1.6986,  -1.4986] 
	x468: [  0.0494,   0.2494] 
	x469: [ -0.0409,   0.1591] 
	x470: [ -0.2439,  -0.0439] 
	x471: [  1.0760,   1.2760] 
	x472: [  2.1113,   2.3113] 
	x473: [ -1.0480,  -0.8480] 
	x474: [  1.0875,   1.2875] 
	x475: [ -3.3369,  -3.1369] 
	x476: [ -1.2305,  -1.0305] 
	x477: [ -1.0970,  -0.8970] 
	x478: [  0.3540,   0.5540] 
	x479: [ -0.6986,  -0.4986] 
	x480: [  3.0392,   3.2392] 
	x481: [ -0.2830,  -0.0830] 
	x482: [  2.4248,   2.6248] 
	x483: [ -1.2730,  -1.0730] 
	x484: [ -1.4756,  -1.2756] 
	x485: [  1.1045,   1.3045] 
	x486: [ -2.0193,  -1.8193] 
	x487: [  1.9617,   2.1617] 
	x488: [  0.3894,   0.5894] 
	x489: [  2.1523,   2.3523] 
	x490: [ -0.5711,  -0.3711] 
	x491: [  0.6267,   0.8267] 
	x492: [  0.2713,   0.4713] 
	x493: [  2.0789,   2.2789] 
	x494: [  1.6700,   1.8700] 
	x495: [  0.1316,   0.3316] 
	x496: [  0.3679,   0.5679] 
	x497: [  1.0030,   1.2030] 
	x498: [ -0.9160,  -0.7160] 
	x499: [  1.5734,   1.7734] 
	x500: [ -0.9489,  -0.7489] 
	x501: [  0.4752,   0.6752] 
	x502: [  2.8236,   3.0236] 
	x503: [ -0.6069,  -0.4069] 
	x504: [ -3.3535,  -3.1535] 
	x505: [  0.8239,   1.0239] 
	x506: [  3.6116,   3.8116] 
	x507: [ -1.2728,  -1.0728] 
	x508: [ -1.4490,  -1.2490] 
	x509: [ -1.1281,  -0.9281] 
	x510: [  0.3349,   0.5349] 
	x511: [ -0.1960,   0.0040] 

Branching heuristics set to PseudoImpact
unsat
