InputQuery: /home/levn/Workspace/othello_world/queries/probe_robust/game_17_target_45_eps_0.1.txt
Engine::processInputQuery: Input query (before preprocessing): 449 equations, 1216 variables
Engine::processInputQuery: Input query (after preprocessing): 705 equations, 1380 variables

Input bounds:
	x0: [  0.3710,   0.5710] 
	x1: [ -2.0970,  -1.8970] 
	x2: [ -0.2150,  -0.0150] 
	x3: [  0.6304,   0.8304] 
	x4: [  0.9286,   1.1286] 
	x5: [ -1.6967,  -1.4967] 
	x6: [ -1.2070,  -1.0070] 
	x7: [ -0.0129,   0.1871] 
	x8: [ -3.2202,  -3.0202] 
	x9: [  1.3419,   1.5419] 
	x10: [ -1.5268,  -1.3268] 
	x11: [ -0.5828,  -0.3828] 
	x12: [  0.9369,   1.1369] 
	x13: [  0.7442,   0.9442] 
	x14: [ -0.7358,  -0.5358] 
	x15: [  5.4165,   5.6165] 
	x16: [  1.6084,   1.8084] 
	x17: [  0.5515,   0.7515] 
	x18: [  0.8657,   1.0657] 
	x19: [  0.5117,   0.7117] 
	x20: [ -2.4015,  -2.2015] 
	x21: [  1.5671,   1.7671] 
	x22: [ -1.1068,  -0.9068] 
	x23: [  0.4770,   0.6770] 
	x24: [  0.1108,   0.3108] 
	x25: [ -1.7848,  -1.5848] 
	x26: [ -0.4755,  -0.2755] 
	x27: [ -0.0674,   0.1326] 
	x28: [ -0.4282,  -0.2282] 
	x29: [ -0.1567,   0.0433] 
	x30: [ -0.1472,   0.0528] 
	x31: [  0.6187,   0.8187] 
	x32: [  0.1210,   0.3210] 
	x33: [ -0.0744,   0.1256] 
	x34: [ -0.3608,  -0.1608] 
	x35: [ -1.8668,  -1.6668] 
	x36: [  0.5706,   0.7706] 
	x37: [ -0.4062,  -0.2062] 
	x38: [  0.6844,   0.8844] 
	x39: [ -1.4889,  -1.2889] 
	x40: [ -0.7425,  -0.5425] 
	x41: [  0.8520,   1.0520] 
	x42: [  1.2787,   1.4787] 
	x43: [ -0.1976,   0.0024] 
	x44: [ -3.6130,  -3.4130] 
	x45: [  2.7451,   2.9451] 
	x46: [ -0.3122,  -0.1122] 
	x47: [ -3.4997,  -3.2997] 
	x48: [  1.7102,   1.9102] 
	x49: [  2.2407,   2.4407] 
	x50: [ -1.5320,  -1.3320] 
	x51: [  1.4055,   1.6055] 
	x52: [  0.8814,   1.0814] 
	x53: [  0.6594,   0.8594] 
	x54: [  0.4789,   0.6789] 
	x55: [ -2.1209,  -1.9209] 
	x56: [  2.7366,   2.9366] 
	x57: [  0.4034,   0.6034] 
	x58: [ -1.5523,  -1.3523] 
	x59: [  3.1468,   3.3468] 
	x60: [ -2.8783,  -2.6783] 
	x61: [ -1.2883,  -1.0883] 
	x62: [ -1.4504,  -1.2504] 
	x63: [ -1.0908,  -0.8908] 
	x64: [ -1.2247,  -1.0247] 
	x65: [  1.8662,   2.0662] 
	x66: [  1.9227,   2.1227] 
	x67: [  0.7123,   0.9123] 
	x68: [  0.4687,   0.6687] 
	x69: [ -3.6138,  -3.4138] 
	x70: [  0.0925,   0.2925] 
	x71: [ -0.2984,  -0.0984] 
	x72: [  2.5398,   2.7398] 
	x73: [  2.1130,   2.3130] 
	x74: [ -3.3073,  -3.1073] 
	x75: [ -1.3946,  -1.1946] 
	x76: [  0.4248,   0.6248] 
	x77: [  2.4566,   2.6566] 
	x78: [  1.1529,   1.3529] 
	x79: [  1.3385,   1.5385] 
	x80: [  0.3444,   0.5444] 
	x81: [ -1.2762,  -1.0762] 
	x82: [  0.5867,   0.7867] 
	x83: [  3.0013,   3.2013] 
	x84: [  0.8249,   1.0249] 
	x85: [ -2.0750,  -1.8750] 
	x86: [ -0.6058,  -0.4058] 
	x87: [ -0.5585,  -0.3585] 
	x88: [ -0.2958,  -0.0958] 
	x89: [ -0.5814,  -0.3814] 
	x90: [ -2.4472,  -2.2472] 
	x91: [ -0.8964,  -0.6964] 
	x92: [  1.3132,   1.5132] 
	x93: [  2.5610,   2.7610] 
	x94: [ -3.0810,  -2.8810] 
	x95: [  0.6245,   0.8245] 
	x96: [  0.4658,   0.6658] 
	x97: [ -1.0038,  -0.8038] 
	x98: [  0.2000,   0.4000] 
	x99: [  0.2974,   0.4974] 
	x100: [ -1.3763,  -1.1763] 
	x101: [ -0.8382,  -0.6382] 
	x102: [  0.6719,   0.8719] 
	x103: [  1.7290,   1.9290] 
	x104: [ -0.4904,  -0.2904] 
	x105: [ -1.3126,  -1.1126] 
	x106: [  0.5047,   0.7047] 
	x107: [  2.6682,   2.8682] 
	x108: [  1.9154,   2.1154] 
	x109: [  0.1801,   0.3801] 
	x110: [ -0.7320,  -0.5320] 
	x111: [ -1.5456,  -1.3456] 
	x112: [  0.0815,   0.2815] 
	x113: [  1.2386,   1.4386] 
	x114: [ -3.4516,  -3.2516] 
	x115: [  4.5373,   4.7373] 
	x116: [ -1.8352,  -1.6352] 
	x117: [  0.8926,   1.0926] 
	x118: [ -0.2170,  -0.0170] 
	x119: [  1.6818,   1.8818] 
	x120: [ -3.4836,  -3.2836] 
	x121: [ -0.3431,  -0.1431] 
	x122: [ -1.2474,  -1.0474] 
	x123: [  1.4662,   1.6662] 
	x124: [ -2.2996,  -2.0996] 
	x125: [ -1.5236,  -1.3236] 
	x126: [ -2.0416,  -1.8416] 
	x127: [  0.6188,   0.8188] 
	x128: [ -0.6665,  -0.4665] 
	x129: [ -1.3891,  -1.1891] 
	x130: [  0.3966,   0.5966] 
	x131: [  1.0060,   1.2060] 
	x132: [  1.8032,   2.0032] 
	x133: [ -1.4081,  -1.2081] 
	x134: [ -2.1887,  -1.9887] 
	x135: [ -2.3688,  -2.1688] 
	x136: [  2.7478,   2.9478] 
	x137: [  3.6173,   3.8173] 
	x138: [  2.5426,   2.7426] 
	x139: [  0.7031,   0.9031] 
	x140: [ -0.6604,  -0.4604] 
	x141: [ -1.9414,  -1.7414] 
	x142: [  1.1696,   1.3696] 
	x143: [ -1.9685,  -1.7685] 
	x144: [  3.9899,   4.1899] 
	x145: [  0.0962,   0.2962] 
	x146: [  0.1350,   0.3350] 
	x147: [ -0.1678,   0.0322] 
	x148: [  0.3023,   0.5023] 
	x149: [ -2.0310,  -1.8310] 
	x150: [ -1.0680,  -0.8680] 
	x151: [  0.2927,   0.4927] 
	x152: [ -1.4280,  -1.2280] 
	x153: [ -2.4287,  -2.2287] 
	x154: [ -0.4112,  -0.2112] 
	x155: [  2.9711,   3.1711] 
	x156: [  0.4329,   0.6329] 
	x157: [  1.4303,   1.6303] 
	x158: [  1.4816,   1.6816] 
	x159: [ -0.1988,   0.0012] 
	x160: [  2.3270,   2.5270] 
	x161: [ -1.6967,  -1.4967] 
	x162: [ -1.5884,  -1.3884] 
	x163: [  0.2257,   0.4257] 
	x164: [ -1.6682,  -1.4682] 
	x165: [ -2.2406,  -2.0406] 
	x166: [  0.1357,   0.3357] 
	x167: [  0.3962,   0.5962] 
	x168: [ -3.8997,  -3.6997] 
	x169: [  1.0986,   1.2986] 
	x170: [ -0.5113,  -0.3113] 
	x171: [  2.2939,   2.4939] 
	x172: [ -2.1145,  -1.9145] 
	x173: [  0.5975,   0.7975] 
	x174: [ -2.3207,  -2.1207] 
	x175: [  1.5120,   1.7120] 
	x176: [ -1.4443,  -1.2443] 
	x177: [ -0.7032,  -0.5032] 
	x178: [  1.7833,   1.9833] 
	x179: [  2.9362,   3.1362] 
	x180: [ -0.9467,  -0.7467] 
	x181: [ -1.4958,  -1.2958] 
	x182: [  4.3895,   4.5895] 
	x183: [  0.6744,   0.8744] 
	x184: [ -1.1020,  -0.9020] 
	x185: [ -4.3616,  -4.1616] 
	x186: [  0.1232,   0.3232] 
	x187: [ -1.5772,  -1.3772] 
	x188: [  0.9506,   1.1506] 
	x189: [  1.6684,   1.8684] 
	x190: [ -0.6852,  -0.4852] 
	x191: [ -0.7548,  -0.5548] 
	x192: [ -0.3610,  -0.1610] 
	x193: [ -0.9134,  -0.7134] 
	x194: [ -0.0646,   0.1354] 
	x195: [  0.8901,   1.0901] 
	x196: [ -0.8022,  -0.6022] 
	x197: [ -1.4630,  -1.2630] 
	x198: [  0.8462,   1.0462] 
	x199: [  1.8946,   2.0946] 
	x200: [ -2.5977,  -2.3977] 
	x201: [  1.8113,   2.0113] 
	x202: [  1.7879,   1.9879] 
	x203: [  2.4980,   2.6980] 
	x204: [  0.7853,   0.9853] 
	x205: [  1.1335,   1.3335] 
	x206: [ -1.3814,  -1.1814] 
	x207: [ -0.0976,   0.1024] 
	x208: [  1.5881,   1.7881] 
	x209: [ -3.9931,  -3.7931] 
	x210: [  0.1880,   0.3880] 
	x211: [ -1.1492,  -0.9492] 
	x212: [  3.5850,   3.7850] 
	x213: [  1.7804,   1.9804] 
	x214: [ -2.2260,  -2.0260] 
	x215: [ -4.0838,  -3.8838] 
	x216: [ -0.2808,  -0.0808] 
	x217: [  2.4544,   2.6544] 
	x218: [ -0.6038,  -0.4038] 
	x219: [ -1.2026,  -1.0026] 
	x220: [ -1.4491,  -1.2491] 
	x221: [  1.0222,   1.2222] 
	x222: [ -0.3124,  -0.1124] 
	x223: [  1.7094,   1.9094] 
	x224: [ -2.4299,  -2.2299] 
	x225: [  0.3009,   0.5009] 
	x226: [  0.8367,   1.0367] 
	x227: [  0.6602,   0.8602] 
	x228: [ -0.4738,  -0.2738] 
	x229: [  0.5682,   0.7682] 
	x230: [  2.6439,   2.8439] 
	x231: [  1.8048,   2.0048] 
	x232: [  0.0100,   0.2100] 
	x233: [ -1.3895,  -1.1895] 
	x234: [ -1.8621,  -1.6621] 
	x235: [  1.6236,   1.8236] 
	x236: [ -2.7089,  -2.5089] 
	x237: [ -0.9613,  -0.7613] 
	x238: [ -1.9637,  -1.7637] 
	x239: [  0.5508,   0.7508] 
	x240: [  2.0886,   2.2886] 
	x241: [ -2.1029,  -1.9029] 
	x242: [ -1.5096,  -1.3096] 
	x243: [ -1.7369,  -1.5369] 
	x244: [  0.0110,   0.2110] 
	x245: [ -0.3314,  -0.1314] 
	x246: [ -0.6907,  -0.4907] 
	x247: [ -1.7836,  -1.5836] 
	x248: [  5.0595,   5.2595] 
	x249: [  0.7640,   0.9640] 
	x250: [  1.6618,   1.8618] 
	x251: [  2.0905,   2.2905] 
	x252: [  2.7127,   2.9127] 
	x253: [ -0.5744,  -0.3744] 
	x254: [  1.2308,   1.4308] 
	x255: [ -0.7634,  -0.5634] 
	x256: [  1.9094,   2.1094] 
	x257: [  1.7586,   1.9586] 
	x258: [ -1.6409,  -1.4409] 
	x259: [  2.1386,   2.3386] 
	x260: [  1.8588,   2.0588] 
	x261: [  2.3617,   2.5617] 
	x262: [  0.1678,   0.3678] 
	x263: [  1.1526,   1.3526] 
	x264: [ -2.3470,  -2.1470] 
	x265: [ -3.9012,  -3.7012] 
	x266: [  1.9243,   2.1243] 
	x267: [ -1.1324,  -0.9324] 
	x268: [ -0.9834,  -0.7834] 
	x269: [  1.7002,   1.9002] 
	x270: [  0.0057,   0.2057] 
	x271: [ -0.1954,   0.0046] 
	x272: [ -2.0210,  -1.8210] 
	x273: [  2.3837,   2.5837] 
	x274: [ -1.0082,  -0.8082] 
	x275: [  1.5811,   1.7811] 
	x276: [  1.0811,   1.2811] 
	x277: [ -0.7197,  -0.5197] 
	x278: [ -1.3531,  -1.1531] 
	x279: [  1.9540,   2.1540] 
	x280: [  2.6128,   2.8128] 
	x281: [ -1.5350,  -1.3350] 
	x282: [  0.5329,   0.7329] 
	x283: [ -3.1311,  -2.9311] 
	x284: [ -0.1350,   0.0650] 
	x285: [  1.3860,   1.5860] 
	x286: [ -3.2324,  -3.0324] 
	x287: [ -0.7640,  -0.5640] 
	x288: [ -0.3817,  -0.1817] 
	x289: [  1.1787,   1.3787] 
	x290: [  1.0040,   1.2040] 
	x291: [ -0.9230,  -0.7230] 
	x292: [ -0.0709,   0.1291] 
	x293: [ -1.0028,  -0.8028] 
	x294: [ -1.4863,  -1.2863] 
	x295: [  2.8717,   3.0717] 
	x296: [ -3.4689,  -3.2689] 
	x297: [  1.1319,   1.3319] 
	x298: [ -3.8624,  -3.6624] 
	x299: [ -0.4467,  -0.2467] 
	x300: [  0.4948,   0.6948] 
	x301: [  0.4522,   0.6522] 
	x302: [ -0.9537,  -0.7537] 
	x303: [  0.4694,   0.6694] 
	x304: [ -2.3096,  -2.1096] 
	x305: [ -2.0939,  -1.8939] 
	x306: [ -2.4130,  -2.2130] 
	x307: [  0.7760,   0.9760] 
	x308: [  2.7816,   2.9816] 
	x309: [  2.1955,   2.3955] 
	x310: [ -1.0096,  -0.8096] 
	x311: [  1.6429,   1.8429] 
	x312: [ -3.5127,  -3.3127] 
	x313: [  0.1511,   0.3511] 
	x314: [  0.7369,   0.9369] 
	x315: [  0.4290,   0.6290] 
	x316: [ -2.2931,  -2.0931] 
	x317: [  1.6766,   1.8766] 
	x318: [  1.6766,   1.8766] 
	x319: [  1.7714,   1.9714] 
	x320: [ -3.2863,  -3.0863] 
	x321: [  0.4807,   0.6807] 
	x322: [  0.1981,   0.3981] 
	x323: [  1.3781,   1.5781] 
	x324: [  0.6922,   0.8922] 
	x325: [  0.3884,   0.5884] 
	x326: [ -0.3676,  -0.1676] 
	x327: [ -0.9711,  -0.7711] 
	x328: [  1.4842,   1.6842] 
	x329: [ -1.5948,  -1.3948] 
	x330: [ -0.4571,  -0.2571] 
	x331: [ -1.5800,  -1.3800] 
	x332: [  0.1265,   0.3265] 
	x333: [ -1.1697,  -0.9697] 
	x334: [  0.2407,   0.4407] 
	x335: [  1.2232,   1.4232] 
	x336: [  1.5030,   1.7030] 
	x337: [  2.1782,   2.3782] 
	x338: [  2.4855,   2.6855] 
	x339: [ -0.4479,  -0.2479] 
	x340: [ -1.0480,  -0.8480] 
	x341: [ -0.0364,   0.1636] 
	x342: [ -0.0361,   0.1639] 
	x343: [  0.8189,   1.0189] 
	x344: [ -1.2625,  -1.0625] 
	x345: [  1.1820,   1.3820] 
	x346: [ -0.6825,  -0.4825] 
	x347: [ -0.9268,  -0.7268] 
	x348: [  0.8419,   1.0419] 
	x349: [ -0.1746,   0.0254] 
	x350: [  1.3959,   1.5959] 
	x351: [  0.1826,   0.3826] 
	x352: [ -1.4209,  -1.2209] 
	x353: [  2.4189,   2.6189] 
	x354: [ -0.0294,   0.1706] 
	x355: [  0.5459,   0.7459] 
	x356: [ -1.9576,  -1.7576] 
	x357: [  1.9503,   2.1503] 
	x358: [ -0.0119,   0.1881] 
	x359: [ -1.5782,  -1.3782] 
	x360: [ -3.0061,  -2.8061] 
	x361: [ -0.4668,  -0.2668] 
	x362: [  0.8788,   1.0788] 
	x363: [  2.3797,   2.5797] 
	x364: [  0.7634,   0.9634] 
	x365: [ -1.4869,  -1.2869] 
	x366: [ -1.8459,  -1.6459] 
	x367: [ -0.5952,  -0.3952] 
	x368: [  1.5829,   1.7829] 
	x369: [ -1.0670,  -0.8670] 
	x370: [ -0.3710,  -0.1710] 
	x371: [ -1.5459,  -1.3459] 
	x372: [ -1.7211,  -1.5211] 
	x373: [ -0.9351,  -0.7351] 
	x374: [ -3.3203,  -3.1203] 
	x375: [ -2.7816,  -2.5816] 
	x376: [  1.5680,   1.7680] 
	x377: [ -0.3543,  -0.1543] 
	x378: [  3.3611,   3.5611] 
	x379: [ -1.3294,  -1.1294] 
	x380: [ -4.5097,  -4.3097] 
	x381: [  1.9913,   2.1913] 
	x382: [  1.7586,   1.9586] 
	x383: [  0.1188,   0.3188] 
	x384: [  1.4662,   1.6662] 
	x385: [ -0.9603,  -0.7603] 
	x386: [ -0.3037,  -0.1037] 
	x387: [  0.7012,   0.9012] 
	x388: [  0.9547,   1.1547] 
	x389: [ -3.6368,  -3.4368] 
	x390: [  0.6147,   0.8147] 
	x391: [ -6.0110,  -5.8110] 
	x392: [  2.2835,   2.4835] 
	x393: [  2.6635,   2.8635] 
	x394: [ -2.3417,  -2.1417] 
	x395: [  1.4309,   1.6309] 
	x396: [ -2.3531,  -2.1531] 
	x397: [ -1.0516,  -0.8516] 
	x398: [ -1.1146,  -0.9146] 
	x399: [ -0.1714,   0.0286] 
	x400: [  0.8286,   1.0286] 
	x401: [  1.0603,   1.2603] 
	x402: [ -0.1470,   0.0530] 
	x403: [  1.0377,   1.2377] 
	x404: [  0.5896,   0.7896] 
	x405: [ -2.1452,  -1.9452] 
	x406: [  0.9526,   1.1526] 
	x407: [ -0.9047,  -0.7047] 
	x408: [  1.2859,   1.4859] 
	x409: [  2.4295,   2.6295] 
	x410: [  2.6037,   2.8037] 
	x411: [ -2.1920,  -1.9920] 
	x412: [ -1.7215,  -1.5215] 
	x413: [ -4.0301,  -3.8301] 
	x414: [ -0.6785,  -0.4785] 
	x415: [  1.2628,   1.4628] 
	x416: [ -2.7087,  -2.5087] 
	x417: [ -0.0300,   0.1700] 
	x418: [  0.9904,   1.1904] 
	x419: [ -0.5371,  -0.3371] 
	x420: [ -0.5944,  -0.3944] 
	x421: [  0.7096,   0.9096] 
	x422: [ -5.9379,  -5.7379] 
	x423: [  0.5187,   0.7187] 
	x424: [ -1.2571,  -1.0571] 
	x425: [  0.2037,   0.4037] 
	x426: [ -4.4255,  -4.2255] 
	x427: [ -0.4110,  -0.2110] 
	x428: [  2.6708,   2.8708] 
	x429: [  0.9646,   1.1646] 
	x430: [ -1.1684,  -0.9684] 
	x431: [ -0.9675,  -0.7675] 
	x432: [ -1.5661,  -1.3661] 
	x433: [ -0.0068,   0.1932] 
	x434: [  2.1818,   2.3818] 
	x435: [ -0.4978,  -0.2978] 
	x436: [  0.7208,   0.9208] 
	x437: [ -2.7709,  -2.5709] 
	x438: [ -0.5715,  -0.3715] 
	x439: [ -1.6815,  -1.4815] 
	x440: [  0.1380,   0.3380] 
	x441: [  1.9736,   2.1736] 
	x442: [ -0.1771,   0.0229] 
	x443: [  0.4960,   0.6960] 
	x444: [  0.4563,   0.6563] 
	x445: [ -0.8440,  -0.6440] 
	x446: [ -0.1400,   0.0600] 
	x447: [ -2.6527,  -2.4527] 
	x448: [ -2.4277,  -2.2277] 
	x449: [ -0.9082,  -0.7082] 
	x450: [  0.6638,   0.8638] 
	x451: [ -0.6624,  -0.4624] 
	x452: [  0.6443,   0.8443] 
	x453: [  0.6572,   0.8572] 
	x454: [ -2.3661,  -2.1661] 
	x455: [ -1.1031,  -0.9031] 
	x456: [ -1.1893,  -0.9893] 
	x457: [ -2.1108,  -1.9108] 
	x458: [  2.1001,   2.3001] 
	x459: [  0.5618,   0.7618] 
	x460: [ -0.1171,   0.0829] 
	x461: [ -0.0170,   0.1830] 
	x462: [ -0.2749,  -0.0749] 
	x463: [ -3.5165,  -3.3165] 
	x464: [  0.3447,   0.5447] 
	x465: [  0.7578,   0.9578] 
	x466: [ -0.8023,  -0.6023] 
	x467: [ -3.8713,  -3.6713] 
	x468: [  0.4884,   0.6884] 
	x469: [  0.5773,   0.7773] 
	x470: [ -0.6448,  -0.4448] 
	x471: [  1.4710,   1.6710] 
	x472: [  1.5485,   1.7485] 
	x473: [ -1.8637,  -1.6637] 
	x474: [ -0.0333,   0.1667] 
	x475: [  2.0572,   2.2572] 
	x476: [ -0.0646,   0.1354] 
	x477: [ -1.7885,  -1.5885] 
	x478: [  1.2553,   1.4553] 
	x479: [ -0.4941,  -0.2941] 
	x480: [ -3.0827,  -2.8827] 
	x481: [  1.1899,   1.3899] 
	x482: [  1.1972,   1.3972] 
	x483: [  1.5131,   1.7131] 
	x484: [  1.5327,   1.7327] 
	x485: [ -0.1225,   0.0775] 
	x486: [  2.5364,   2.7364] 
	x487: [ -0.2881,  -0.0881] 
	x488: [  2.2907,   2.4907] 
	x489: [ -0.9649,  -0.7649] 
	x490: [  1.1525,   1.3525] 
	x491: [  0.5994,   0.7994] 
	x492: [  0.2656,   0.4656] 
	x493: [ -1.3372,  -1.1372] 
	x494: [  1.1359,   1.3359] 
	x495: [  1.1944,   1.3944] 
	x496: [  1.7048,   1.9048] 
	x497: [  0.8655,   1.0655] 
	x498: [ -1.1582,  -0.9582] 
	x499: [ -3.1041,  -2.9041] 
	x500: [  0.3678,   0.5678] 
	x501: [ -0.7764,  -0.5764] 
	x502: [ -2.9970,  -2.7970] 
	x503: [ -2.5179,  -2.3179] 
	x504: [  1.0575,   1.2575] 
	x505: [  0.8784,   1.0784] 
	x506: [ -3.3543,  -3.1543] 
	x507: [ -4.0203,  -3.8203] 
	x508: [ -1.5190,  -1.3190] 
	x509: [ -1.0116,  -0.8116] 
	x510: [  0.6571,   0.8571] 
	x511: [ -0.8449,  -0.6449] 

Branching heuristics set to PseudoImpact

Engine::solve: Initial statistics

02:36:31 Statistics update:
	--- Time Statistics ---
	Total time elapsed: 1296 milli (00:00:01)
		Main loop: 0 milli (00:00:00)
		Preprocessing time: 644 milli (00:00:00)
		Unknown: 651 milli (00:00:00)
	Breakdown for main loop:
		[0.00%] Simplex steps: 0 milli
		[0.00%] Explicit-basis bound tightening: 0 milli
		[0.00%] Constraint-matrix bound tightening: 0 milli
		[0.00%] Degradation checking: 0 milli
		[0.00%] Precision restoration: 0 milli
		[0.00%] Statistics handling: 0 milli
		[0.00%] Constraint-fixing steps: 0 milli
		[0.00%] Valid case splits: 0 milli. Average per split: 0.00 milli
		[0.00%] Applying stored bound-tightening: 0 milli
		[0.00%] SMT core: 0 milli
		[0.00%] Symbolic Bound Tightening: 38 milli
		[0.00%] SoI-based local search: 0 milli
		[0.00%] SoI-based local search: 0 milli
		[0.00%] Unaccounted for: 0 milli
	--- Preprocessor Statistics ---
	Number of preprocessor bound-tightening loop iterations: 3
	Number of eliminated variables: 93
	Number of constraints removed due to variable elimination: 93
	Number of equations removed due to variable elimination: 0
	--- Engine Statistics ---
	Number of main loop iterations: 1
		0 iterations were simplex steps. Total time: 0 milli. Average: 0.00 milli.
		0 iterations were constraint-fixing steps. Total time: 0 milli. Average: 0.00 milli
	Number of active piecewise-linear constraints: 163 / 163
		Constraints disabled by valid splits: 0. By SMT-originated splits: 0
	Last reported degradation: 0.0000000000. Max degradation so far: 0.0000000000. Restorations so far: 0
	Number of simplex pivots we attempted to skip because of instability: 0.
	Unstable pivots performed anyway: 0
	--- Tableau Statistics ---
	Total number of pivots performed: 0
		Real pivots: 0. Degenerate: 0 (0.00%)
		Degenerate pivots by request (e.g., to fix a PL constraint): 0 (0.00%)
		Average time per pivot: 0.00 milli
	Total number of fake pivots performed: 0
	Total number of rows added: 0. Number of merged columns: 0
	Current tableau dimensions: M = 705, N = 2085
	--- SMT Core Statistics ---
	Total depth is 0. Total visited states: 1. Number of splits: 0. Number of pops: 0
	Max stack depth: 0
	--- Bound Tightening Statistics ---
	Number of tightened bounds: 0.
		Number of rows examined by row tightener: 0. Consequent tightenings: 0
		Number of explicit basis matrices examined by row tightener: 0. Consequent tightenings: 0
		Number of bound tightening rounds on the entire constraint matrix: 0. Consequent tightenings: 0
		Number of bound notifications sent to PL constraints: 978. Tightenings proposed: 0
	--- Basis Factorization statistics ---
	Number of basis refactorizations: 2
	--- Projected Steepest Edge Statistics ---
	Number of iterations: 0.
	Number of resets to reference space: 1. Avg. iterations per reset: 0
	--- SBT ---
	Number of tightened bounds: 385
	--- SoI-based local search ---
	Number of proposed phase pattern update: 0. Number of accepted update: 0 [0.00%]
	Total time (% of local search time) updating SoI phase pattern : 0 milli [0.00%]
	Total time obtaining current assignment: 0 milli [0.00%]
	Total time getting SoI phase pattern : 0 milli [0.00%]
	--- Context dependent statistics ---
	Number of pushes / pops: 0 / 0
		[0.00%] Pre-Push hook: 0 milli
		[0.00%] Push : 0 milli
		[0.00%] Post-Pop hook: 0 milli
		[0.00%] Pop : 0 milli
		[0.00%] Total context-switching time: 0 milli
	--- Proof Certificate ---
	Number of certified leaves: 0
	Number of leaves to delegate: 0

---

Engine::solve: sat assignment found

02:36:43 Statistics update:
	--- Time Statistics ---
	Total time elapsed: 13267 milli (00:00:13)
		Main loop: 11970 milli (00:00:11)
		Preprocessing time: 644 milli (00:00:00)
		Unknown: 652 milli (00:00:00)
	Breakdown for main loop:
		[28.41%] Simplex steps: 3400 milli
		[70.96%] Explicit-basis bound tightening: 8493 milli
		[0.00%] Constraint-matrix bound tightening: 0 milli
		[0.17%] Degradation checking: 20 milli
		[0.00%] Precision restoration: 0 milli
		[0.06%] Statistics handling: 7 milli
		[0.00%] Constraint-fixing steps: 0 milli
		[0.00%] Valid case splits: 0 milli. Average per split: 0.00 milli
		[0.00%] Applying stored bound-tightening: 0 milli
		[0.00%] SMT core: 0 milli
		[0.53%] Symbolic Bound Tightening: 62 milli
		[0.35%] SoI-based local search: 41 milli
		[0.00%] SoI-based local search: 0 milli
		[154106798685370.97%] Unaccounted for: 0 milli
	--- Preprocessor Statistics ---
	Number of preprocessor bound-tightening loop iterations: 3
	Number of eliminated variables: 93
	Number of constraints removed due to variable elimination: 93
	Number of equations removed due to variable elimination: 0
	--- Engine Statistics ---
	Number of main loop iterations: 378
		376 iterations were simplex steps. Total time: 3400 milli. Average: 9.04 milli.
		0 iterations were constraint-fixing steps. Total time: 0 milli. Average: 0.00 milli
	Number of active piecewise-linear constraints: 163 / 163
		Constraints disabled by valid splits: 0. By SMT-originated splits: 0
	Last reported degradation: 0.0000004806. Max degradation so far: 0.0000000000. Restorations so far: 0
	Number of simplex pivots we attempted to skip because of instability: 0.
	Unstable pivots performed anyway: 0
	--- Tableau Statistics ---
	Total number of pivots performed: 372
		Real pivots: 372. Degenerate: 0 (0.00%)
		Degenerate pivots by request (e.g., to fix a PL constraint): 0 (0.00%)
		Average time per pivot: 0.78 milli
	Total number of fake pivots performed: 2
	Total number of rows added: 0. Number of merged columns: 0
	Current tableau dimensions: M = 705, N = 2085
	--- SMT Core Statistics ---
	Total depth is 0. Total visited states: 1. Number of splits: 0. Number of pops: 0
	Max stack depth: 0
	--- Bound Tightening Statistics ---
	Number of tightened bounds: 0.
		Number of rows examined by row tightener: 372. Consequent tightenings: 0
		Number of explicit basis matrices examined by row tightener: 5. Consequent tightenings: 283
		Number of bound tightening rounds on the entire constraint matrix: 0. Consequent tightenings: 0
		Number of bound notifications sent to PL constraints: 1956. Tightenings proposed: 0
	--- Basis Factorization statistics ---
	Number of basis refactorizations: 5
	--- Projected Steepest Edge Statistics ---
	Number of iterations: 374.
	Number of resets to reference space: 1. Avg. iterations per reset: 374
	--- SBT ---
	Number of tightened bounds: 385
	--- SoI-based local search ---
	Number of proposed phase pattern update: 0. Number of accepted update: 1 [0.00%]
	Total time (% of local search time) updating SoI phase pattern : 1415 milli [3.43%]
	Total time obtaining current assignment: 586 milli [1.42%]
	Total time getting SoI phase pattern : 170 milli [0.00%]
	--- Context dependent statistics ---
	Number of pushes / pops: 0 / 0
		[0.00%] Pre-Push hook: 0 milli
		[0.00%] Push : 0 milli
		[0.00%] Post-Pop hook: 0 milli
		[0.00%] Pop : 0 milli
		[0.00%] Total context-switching time: 0 milli
	--- Proof Certificate ---
	Number of certified leaves: 0
	Number of leaves to delegate: 0
sat
Input assignment:
	x0 = 0.570980
	x1 = -1.896978
	x2 = -0.215007
	x3 = 0.830352
	x4 = 0.928589
	x5 = -1.639878
	x6 = -1.006969
	x7 = 0.187106
	x8 = -3.220165
	x9 = 1.541933
	x10 = -1.526806
	x11 = -0.582757
	x12 = 1.136867
	x13 = 0.944232
	x14 = -0.735788
	x15 = 5.416541
	x16 = 1.808443
	x17 = 0.551545
	x18 = 1.065719
	x19 = 0.511736
	x20 = -2.401490
	x21 = 1.567123
	x22 = -0.906771
	x23 = 0.476970
	x24 = 0.110779
	x25 = -1.584782
	x26 = -0.275483
	x27 = -0.067449
	x28 = -0.228185
	x29 = 0.043295
	x30 = -0.147200
	x31 = 0.618683
	x32 = 0.120951
	x33 = -0.074382
	x34 = -0.360778
	x35 = -1.666758
	x36 = 0.770638
	x37 = -0.206228
	x38 = 0.684383
	x39 = -1.288884
	x40 = -0.742472
	x41 = 1.051989
	x42 = 1.278654
	x43 = -0.197556
	x44 = -3.413050
	x45 = 2.945112
	x46 = -0.112151
	x47 = -3.299692
	x48 = 1.910175
	x49 = 2.440687
	x50 = -1.531974
	x51 = 1.605481
	x52 = 0.881359
	x53 = 0.659373
	x54 = 0.478938
	x55 = -1.920943
	x56 = 2.936626
	x57 = 0.603406
	x58 = -1.352335
	x59 = 3.146770
	x60 = -2.678279
	x61 = -1.088303
	x62 = -1.450447
	x63 = -1.090811
	x64 = -1.024695
	x65 = 2.066246
	x66 = 2.122710
	x67 = 0.912349
	x68 = 0.468746
	x69 = -3.413761
	x70 = 0.092532
	x71 = -0.098418
	x72 = 2.739765
	x73 = 2.112985
	x74 = -3.107250
	x75 = -1.394598
	x76 = 0.424843
	x77 = 2.588414
	x78 = 1.152853
	x79 = 1.338476
	x80 = 0.344446
	x81 = -1.276226
	x82 = 0.586668
	x83 = 3.001342
	x84 = 1.024867
	x85 = -2.074971
	x86 = -0.605803
	x87 = -0.358454
	x88 = -0.095797
	x89 = -0.581368
	x90 = -2.247226
	x91 = -0.696375
	x92 = 1.313153
	x93 = 2.560964
	x94 = -3.080994
	x95 = 0.624469
	x96 = 0.465773
	x97 = -1.003769
	x98 = 0.200021
	x99 = 0.297360
	x100 = -1.176298
	x101 = -0.638248
	x102 = 0.871930
	x103 = 1.928970
	x104 = -0.290431
	x105 = -1.112603
	x106 = 0.704721
	x107 = 2.868206
	x108 = 2.115370
	x109 = 0.380074
	x110 = -0.732012
	x111 = -1.345633
	x112 = 0.281506
	x113 = 1.438587
	x114 = -3.251631
	x115 = 4.737312
	x116 = -1.835151
	x117 = 1.092573
	x118 = -0.017038
	x119 = 1.681812
	x120 = -3.483581
	x121 = -0.343074
	x122 = -1.247400
	x123 = 1.466211
	x124 = -2.299576
	x125 = -1.323623
	x126 = -1.841579
	x127 = 0.618841
	x128 = -0.666498
	x129 = -1.189133
	x130 = 0.396610
	x131 = 1.006021
	x132 = 2.003198
	x133 = -1.208094
	x134 = -2.188712
	x135 = -2.368768
	x136 = 2.947806
	x137 = 3.617302
	x138 = 2.742600
	x139 = 0.903052
	x140 = -0.660436
	x141 = -1.941392
	x142 = 1.169600
	x143 = -1.768550
	x144 = 4.189853
	x145 = 0.096170
	x146 = 0.334999
	x147 = 0.032219
	x148 = 0.302315
	x149 = -1.831045
	x150 = -1.067974
	x151 = 0.292699
	x152 = -1.428024
	x153 = -2.428725
	x154 = -0.411197
	x155 = 2.971119
	x156 = 0.632862
	x157 = 1.430329
	x158 = 1.481580
	x159 = 0.001165
	x160 = 2.526954
	x161 = -1.496726
	x162 = -1.388363
	x163 = 0.425750
	x164 = -1.468172
	x165 = -2.240631
	x166 = 0.135682
	x167 = 0.516549
	x168 = -3.699707
	x169 = 1.298591
	x170 = -0.311287
	x171 = 2.493923
	x172 = -2.114522
	x173 = 0.597482
	x174 = -2.120723
	x175 = 1.512029
	x176 = -1.444293
	x177 = -0.503175
	x178 = 1.783316
	x179 = 3.136247
	x180 = -0.746720
	x181 = -1.495751
	x182 = 4.389545
	x183 = 0.874395
	x184 = -0.902041
	x185 = -4.161603
	x186 = 0.123224
	x187 = -1.577164
	x188 = 1.150637
	x189 = 1.868414
	x190 = -0.685217
	x191 = -0.754801
	x192 = -0.361043
	x193 = -0.913422
	x194 = 0.135385
	x195 = 1.090148
	x196 = -0.802230
	x197 = -1.462994
	x198 = 1.046205
	x199 = 2.094629
	x200 = -2.545960
	x201 = 1.811345
	x202 = 1.787937
	x203 = 2.697976
	x204 = 0.785330
	x205 = 1.133470
	x206 = -1.181362
	x207 = 0.102376
	x208 = 1.788129
	x209 = -3.793089
	x210 = 0.187955
	x211 = -0.949244
	x212 = 3.584964
	x213 = 1.780353
	x214 = -2.025984
	x215 = -3.883801
	x216 = -0.080825
	x217 = 2.654392
	x218 = -0.603769
	x219 = -1.002647
	x220 = -1.249085
	x221 = 1.022199
	x222 = -0.112356
	x223 = 1.909414
	x224 = -2.429857
	x225 = 0.500892
	x226 = 1.036689
	x227 = 0.660216
	x228 = -0.273814
	x229 = 0.768155
	x230 = 2.643937
	x231 = 1.804836
	x232 = 0.009981
	x233 = -1.189527
	x234 = -1.662090
	x235 = 1.623613
	x236 = -2.708934
	x237 = -0.761286
	x238 = -1.763665
	x239 = 0.550808
	x240 = 2.088555
	x241 = -1.902938
	x242 = -1.309568
	x243 = -1.736898
	x244 = 0.010962
	x245 = -0.331388
	x246 = -0.490682
	x247 = -1.583631
	x248 = 5.259531
	x249 = 0.764013
	x250 = 1.661807
	x251 = 2.090469
	x252 = 2.712708
	x253 = -0.374379
	x254 = 1.430780
	x255 = -0.563378
	x256 = 1.909423
	x257 = 1.958573
	x258 = -1.440895
	x259 = 2.338625
	x260 = 2.058832
	x261 = 2.561666
	x262 = 0.367832
	x263 = 1.352639
	x264 = -2.346965
	x265 = -3.901238
	x266 = 1.924336
	x267 = -1.132446
	x268 = -0.783422
	x269 = 1.900224
	x270 = 0.005702
	x271 = -0.195425
	x272 = -1.820992
	x273 = 2.383653
	x274 = -1.008180
	x275 = 1.581089
	x276 = 1.281137
	x277 = -0.719654
	x278 = -1.153118
	x279 = 1.954041
	x280 = 2.812759
	x281 = -1.335001
	x282 = 0.532889
	x283 = -2.931146
	x284 = 0.064970
	x285 = 1.385968
	x286 = -3.232363
	x287 = -0.563987
	x288 = -0.181713
	x289 = 1.378742
	x290 = 1.004039
	x291 = -0.922995
	x292 = -0.070937
	x293 = -0.802819
	x294 = -1.486338
	x295 = 2.871738
	x296 = -3.268928
	x297 = 1.331918
	x298 = -3.662372
	x299 = -0.446741
	x300 = 0.494782
	x301 = 0.462313
	x302 = -0.953740
	x303 = 0.469356
	x304 = -2.109587
	x305 = -1.893880
	x306 = -2.412973
	x307 = 0.976041
	x308 = 2.981593
	x309 = 2.195535
	x310 = -1.009601
	x311 = 1.642949
	x312 = -3.312714
	x313 = 0.151059
	x314 = 0.936912
	x315 = 0.628987
	x316 = -2.293109
	x317 = 1.876585
	x318 = 1.676584
	x319 = 1.971360
	x320 = -3.086312
	x321 = 0.480718
	x322 = 0.398120
	x323 = 1.378069
	x324 = 0.692236
	x325 = 0.388369
	x326 = -0.367561
	x327 = -0.771060
	x328 = 1.684190
	x329 = -1.594830
	x330 = -0.257073
	x331 = -1.580038
	x332 = 0.326535
	x333 = -1.169650
	x334 = 0.240734
	x335 = 1.423201
	x336 = 1.502978
	x337 = 2.178240
	x338 = 2.685537
	x339 = -0.447862
	x340 = -0.847985
	x341 = -0.036390
	x342 = -0.036126
	x343 = 1.018895
	x344 = -1.262455
	x345 = 1.381970
	x346 = -0.682508
	x347 = -0.726818
	x348 = 0.841950
	x349 = -0.174566
	x350 = 1.595926
	x351 = 0.382639
	x352 = -1.220869
	x353 = 2.528442
	x354 = -0.029356
	x355 = 0.545913
	x356 = -1.757617
	x357 = 1.950280
	x358 = 0.188116
	x359 = -1.578224
	x360 = -3.006100
	x361 = -0.266780
	x362 = 1.078774
	x363 = 2.579731
	x364 = 0.963396
	x365 = -1.486887
	x366 = -1.645881
	x367 = -0.395247
	x368 = 1.582889
	x369 = -0.971755
	x370 = -0.371046
	x371 = -1.345864
	x372 = -1.721121
	x373 = -0.935063
	x374 = -3.120309
	x375 = -2.581576
	x376 = 1.767968
	x377 = -0.354307
	x378 = 3.561143
	x379 = -1.329406
	x380 = -4.509746
	x381 = 2.191256
	x382 = 1.958564
	x383 = 0.118803
	x384 = 1.466200
	x385 = -0.960269
	x386 = -0.103693
	x387 = 0.701236
	x388 = 0.954746
	x389 = -3.636831
	x390 = 0.814729
	x391 = -6.010967
	x392 = 2.283497
	x393 = 2.663522
	x394 = -2.341654
	x395 = 1.430859
	x396 = -2.353064
	x397 = -0.851604
	x398 = -1.114623
	x399 = -0.171371
	x400 = 0.828609
	x401 = 1.260324
	x402 = -0.147017
	x403 = 1.237685
	x404 = 0.589565
	x405 = -1.945237
	x406 = 0.952644
	x407 = -0.904684
	x408 = 1.285880
	x409 = 2.429494
	x410 = 2.603720
	x411 = -1.992021
	x412 = -1.521466
	x413 = -3.830079
	x414 = -0.478479
	x415 = 1.262783
	x416 = -2.708683
	x417 = -0.030032
	x418 = 0.990404
	x419 = -0.337123
	x420 = -0.594414
	x421 = 0.709608
	x422 = -5.937888
	x423 = 0.718650
	x424 = -1.257067
	x425 = 0.403692
	x426 = -4.225491
	x427 = -0.211037
	x428 = 2.870795
	x429 = 0.964634
	x430 = -0.968381
	x431 = -0.967547
	x432 = -1.366143
	x433 = -0.006832
	x434 = 2.181751
	x435 = -0.297813
	x436 = 0.920827
	x437 = -2.770922
	x438 = -0.571480
	x439 = -1.681545
	x440 = 0.138009
	x441 = 1.973597
	x442 = -0.177127
	x443 = 0.695978
	x444 = 0.456331
	x445 = -0.843978
	x446 = 0.060028
	x447 = -2.452713
	x448 = -2.227742
	x449 = -0.908250
	x450 = 0.863849
	x451 = -0.462430
	x452 = 0.644271
	x453 = 0.857172
	x454 = -2.166141
	x455 = -0.903130
	x456 = -1.189335
	x457 = -2.110767
	x458 = 2.300066
	x459 = 0.761773
	x460 = -0.117119
	x461 = -0.017020
	x462 = -0.074941
	x463 = -3.316459
	x464 = 0.544681
	x465 = 0.757848
	x466 = -0.802323
	x467 = -3.671267
	x468 = 0.688448
	x469 = 0.777342
	x470 = -0.644780
	x471 = 1.670965
	x472 = 1.748498
	x473 = -1.663676
	x474 = -0.033278
	x475 = 2.057158
	x476 = 0.135403
	x477 = -1.788515
	x478 = 1.255318
	x479 = -0.294146
	x480 = -3.082727
	x481 = 1.389916
	x482 = 1.397191
	x483 = 1.713117
	x484 = 1.532720
	x485 = -0.122500
	x486 = 2.536403
	x487 = -0.288129
	x488 = 2.290723
	x489 = -0.764880
	x490 = 1.352536
	x491 = 0.599361
	x492 = 0.265600
	x493 = -1.337240
	x494 = 1.135909
	x495 = 1.194418
	x496 = 1.704771
	x497 = 1.065503
	x498 = -1.158154
	x499 = -3.104103
	x500 = 0.567801
	x501 = -0.576356
	x502 = -2.797003
	x503 = -2.317889
	x504 = 1.212250
	x505 = 1.078392
	x506 = -3.354260
	x507 = -3.820287
	x508 = -1.319024
	x509 = -0.811591
	x510 = 0.657113
	x511 = -0.644945

Output:
	y0 = -5.250055
	y1 = 0.477354
	y2 = -3.898345
	y3 = -2.004347
	y4 = -1.948185
	y5 = -1.861623
	y6 = -2.503202
	y7 = 0.667245
	y8 = -1.117512
	y9 = -4.195250
	y10 = 1.001343
	y11 = -2.685822
	y12 = 0.729659
	y13 = -13.430656
	y14 = 2.308416
	y15 = -6.397846
	y16 = 19.261911
	y17 = -5.301142
	y18 = -5.032678
	y19 = -1.220761
	y20 = -4.634529
	y21 = -5.316339
	y22 = 3.022566
	y23 = -5.359114
	y24 = -8.492040
	y25 = 16.338253
	y26 = -10.982250
	y27 = -5.301283
	y28 = -0.246036
	y29 = -5.541085
	y30 = 1.823009
	y31 = -7.286663
	y32 = 1.277906
	y33 = -0.770119
	y34 = -12.837274
	y35 = 0.937856
	y36 = 2.766178
	y37 = -15.916389
	y38 = 3.856749
	y39 = -6.273878
	y40 = 13.200717
	y41 = -4.336944
	y42 = -5.247148
	y43 = 1.795011
	y44 = -5.700793
	y45 = -6.726504
	y46 = 6.643811
	y47 = -6.259499
	y48 = -3.250464
	y49 = 9.123558
	y50 = -5.786536
	y51 = 3.332291
	y52 = -14.553638
	y53 = 2.209237
	y54 = 4.120702
	y55 = -10.578544
	y56 = 3.134584
	y57 = 5.611916
	y58 = -15.702998
	y59 = 3.827395
	y60 = 4.245788
	y61 = -14.536316
	y62 = 7.591342
	y63 = -0.823113
	y64 = 20.008816
	y65 = 1.487322
	y66 = -6.463370
	y67 = 26.388329
	y68 = -4.999615
	y69 = -4.134464
	y70 = 10.613947
	y71 = -4.525766
	y72 = -0.002767
	y73 = -8.849206
	y74 = -0.746321
	y75 = 0.204391
	y76 = -13.070092
	y77 = 0.442013
	y78 = 4.040957
	y79 = -5.611392
	y80 = 3.420015
	y81 = 8.190233
	y82 = -23.036218
	y83 = 9.142093
	y84 = 8.515064
	y85 = -19.670592
	y86 = 9.114679
	y87 = 1.658577
	y88 = -9.667396
	y89 = 2.414960
	y90 = -1.099526
	y91 = 4.283003
	y92 = -2.634871
	y93 = -3.860069
	y94 = 10.874963
	y95 = -5.543860
	y96 = -5.826605
	y97 = 21.495945
	y98 = -6.151307
	y99 = -3.405441
	y100 = 13.378246
	y101 = -2.897458
	y102 = 5.094984
	y103 = -17.027436
	y104 = 4.661687
	y105 = 10.363357
	y106 = -18.905851
	y107 = 8.703374
	y108 = 8.851007
	y109 = -19.343869
	y110 = 9.453671
	y111 = 2.300569
	y112 = -9.381297
	y113 = 1.484702
	y114 = -7.930854
	y115 = 28.608359
	y116 = -8.818910
	y117 = -4.888176
	y118 = 5.580853
	y119 = -6.005725
	y120 = -6.224595
	y121 = 14.300196
	y122 = -6.781996
	y123 = -0.856673
	y124 = -16.445777
	y125 = 0.368672
	y126 = 1.836026
	y127 = -18.606052
	y128 = 2.477932
	y129 = 4.855922
	y130 = -8.720097
	y131 = 6.437648
	y132 = 3.255441
	y133 = -1.959200
	y134 = 1.812528
	y135 = 2.643005
	y136 = -2.574461
	y137 = 2.642995
	y138 = -3.989591
	y139 = 8.696841
	y140 = -2.581915
	y141 = -5.805636
	y142 = 4.832283
	y143 = -4.887505
	y144 = -4.977690
	y145 = 7.931292
	y146 = -5.181605
	y147 = -5.401486
	y148 = 6.053110
	y149 = -6.205878
	y150 = -4.293281
	y151 = 11.216552
	y152 = -2.940177
	y153 = 0.578241
	y154 = -5.705823
	y155 = 0.276484
	y156 = -1.841870
	y157 = 12.769688
	y158 = -2.029608
	y159 = -2.918915
	y160 = 13.342126
	y161 = -1.951511
	y162 = -6.684086
	y163 = 8.942428
	y164 = -7.028854
	y165 = -6.406273
	y166 = 3.447840
	y167 = -6.689153
	y168 = -5.541359
	y169 = 6.068803
	y170 = -5.539795
	y171 = -8.427881
	y172 = 4.179265
	y173 = -6.777196
	y174 = -5.634296
	y175 = 7.904755
	y176 = -4.729859
	y177 = -6.877330
	y178 = 9.276133
	y179 = -5.904918
	y180 = -4.519179
	y181 = 8.404545
	y182 = -4.069801
	y183 = -6.158021
	y184 = 6.466731
	y185 = -4.415632
	y186 = -6.608944
	y187 = 7.597577
	y188 = -6.847973
	y189 = -6.773915
	y190 = 4.996400
	y191 = -6.653964

