InputQuery: /home/levn/Workspace/othello_world/queries/probe_robust/game_124_target_45_eps_0.1.txt
Engine::processInputQuery: Input query (before preprocessing): 449 equations, 1216 variables
Engine::processInputQuery: Input query (after preprocessing): 705 equations, 1387 variables

Input bounds:
	x0: [ -0.8798,  -0.6798] 
	x1: [ -2.6480,  -2.4480] 
	x2: [ -1.0805,  -0.8805] 
	x3: [  1.9649,   2.1649] 
	x4: [ -0.7304,  -0.5304] 
	x5: [ -2.2133,  -2.0133] 
	x6: [  0.9803,   1.1803] 
	x7: [ -0.8091,  -0.6091] 
	x8: [ -2.6345,  -2.4345] 
	x9: [  1.2175,   1.4175] 
	x10: [  1.2109,   1.4109] 
	x11: [ -0.8444,  -0.6444] 
	x12: [ -3.7759,  -3.5759] 
	x13: [ -1.1996,  -0.9996] 
	x14: [  1.5101,   1.7101] 
	x15: [ -1.6138,  -1.4138] 
	x16: [  1.2837,   1.4837] 
	x17: [ -0.8021,  -0.6021] 
	x18: [ -1.9839,  -1.7839] 
	x19: [  1.6578,   1.8578] 
	x20: [  1.8635,   2.0635] 
	x21: [ -0.7795,  -0.5795] 
	x22: [ -0.8318,  -0.6318] 
	x23: [  2.4977,   2.6977] 
	x24: [  2.7817,   2.9817] 
	x25: [ -0.0497,   0.1503] 
	x26: [  0.7000,   0.9000] 
	x27: [ -1.2279,  -1.0279] 
	x28: [  1.2183,   1.4183] 
	x29: [ -0.7615,  -0.5615] 
	x30: [  2.6112,   2.8112] 
	x31: [ -1.2902,  -1.0902] 
	x32: [ -2.2570,  -2.0570] 
	x33: [ -1.8430,  -1.6430] 
	x34: [ -0.8706,  -0.6706] 
	x35: [  1.1510,   1.3510] 
	x36: [  0.6941,   0.8941] 
	x37: [  0.3844,   0.5844] 
	x38: [  2.3188,   2.5188] 
	x39: [ -0.6450,  -0.4450] 
	x40: [  0.2274,   0.4274] 
	x41: [  1.4413,   1.6413] 
	x42: [  2.4496,   2.6496] 
	x43: [ -2.9745,  -2.7745] 
	x44: [  0.1374,   0.3374] 
	x45: [ -1.5968,  -1.3968] 
	x46: [ -0.4795,  -0.2795] 
	x47: [ -1.2348,  -1.0348] 
	x48: [  1.0536,   1.2536] 
	x49: [  1.3506,   1.5506] 
	x50: [ -0.8064,  -0.6064] 
	x51: [ -1.3764,  -1.1764] 
	x52: [  1.7380,   1.9380] 
	x53: [  1.2404,   1.4404] 
	x54: [ -1.4648,  -1.2648] 
	x55: [  1.4574,   1.6574] 
	x56: [ -2.6860,  -2.4860] 
	x57: [  1.5631,   1.7631] 
	x58: [ -1.7373,  -1.5373] 
	x59: [  0.2650,   0.4650] 
	x60: [  0.4987,   0.6987] 
	x61: [  2.4637,   2.6637] 
	x62: [  1.7068,   1.9068] 
	x63: [ -1.7279,  -1.5279] 
	x64: [  1.4350,   1.6350] 
	x65: [  0.5800,   0.7800] 
	x66: [ -1.8362,  -1.6362] 
	x67: [  1.4926,   1.6926] 
	x68: [  1.1761,   1.3761] 
	x69: [ -1.3745,  -1.1745] 
	x70: [  1.5853,   1.7853] 
	x71: [ -0.2911,  -0.0911] 
	x72: [ -4.0376,  -3.8376] 
	x73: [  1.8599,   2.0599] 
	x74: [ -0.8751,  -0.6751] 
	x75: [  0.7729,   0.9729] 
	x76: [ -0.0934,   0.1066] 
	x77: [  2.4020,   2.6020] 
	x78: [ -0.7496,  -0.5496] 
	x79: [  0.4559,   0.6559] 
	x80: [  0.0528,   0.2528] 
	x81: [  1.9769,   2.1769] 
	x82: [ -0.0435,   0.1565] 
	x83: [ -3.1487,  -2.9487] 
	x84: [  0.2688,   0.4688] 
	x85: [ -1.2632,  -1.0632] 
	x86: [  1.8670,   2.0670] 
	x87: [ -2.3506,  -2.1506] 
	x88: [ -2.1136,  -1.9136] 
	x89: [  2.3800,   2.5800] 
	x90: [  0.9174,   1.1174] 
	x91: [ -0.9449,  -0.7449] 
	x92: [ -3.7176,  -3.5176] 
	x93: [  1.5442,   1.7442] 
	x94: [ -1.6246,  -1.4246] 
	x95: [ -0.2706,  -0.0706] 
	x96: [  0.6472,   0.8472] 
	x97: [ -1.5541,  -1.3541] 
	x98: [ -1.5667,  -1.3667] 
	x99: [ -0.9517,  -0.7517] 
	x100: [  0.0507,   0.2507] 
	x101: [ -0.6474,  -0.4474] 
	x102: [ -0.0432,   0.1568] 
	x103: [ -1.7166,  -1.5166] 
	x104: [ -0.3411,  -0.1411] 
	x105: [ -0.1637,   0.0363] 
	x106: [ -0.1407,   0.0593] 
	x107: [ -0.2135,  -0.0135] 
	x108: [  2.0236,   2.2236] 
	x109: [  0.4617,   0.6617] 
	x110: [  1.0295,   1.2295] 
	x111: [  0.8744,   1.0744] 
	x112: [  0.7054,   0.9054] 
	x113: [ -1.0411,  -0.8411] 
	x114: [  0.3179,   0.5179] 
	x115: [ -0.3208,  -0.1208] 
	x116: [  0.1142,   0.3142] 
	x117: [  1.6196,   1.8196] 
	x118: [ -0.9772,  -0.7772] 
	x119: [ -2.8522,  -2.6522] 
	x120: [  1.0465,   1.2465] 
	x121: [  0.5485,   0.7485] 
	x122: [  1.4860,   1.6860] 
	x123: [ -0.2885,  -0.0885] 
	x124: [  1.5372,   1.7372] 
	x125: [ -1.4520,  -1.2520] 
	x126: [  0.1841,   0.3841] 
	x127: [ -1.9472,  -1.7472] 
	x128: [  1.2479,   1.4479] 
	x129: [  0.9267,   1.1267] 
	x130: [ -0.3340,  -0.1340] 
	x131: [  1.5986,   1.7986] 
	x132: [ -1.4293,  -1.2293] 
	x133: [  1.5271,   1.7271] 
	x134: [  2.8442,   3.0442] 
	x135: [  2.1441,   2.3441] 
	x136: [  0.3121,   0.5121] 
	x137: [ -0.6618,  -0.4618] 
	x138: [ -2.0357,  -1.8357] 
	x139: [  1.9469,   2.1469] 
	x140: [  5.3893,   5.5893] 
	x141: [ -0.0632,   0.1368] 
	x142: [  1.1255,   1.3255] 
	x143: [  0.0493,   0.2493] 
	x144: [  0.3201,   0.5201] 
	x145: [ -1.1925,  -0.9925] 
	x146: [ -2.5914,  -2.3914] 
	x147: [  0.0150,   0.2150] 
	x148: [ -0.7343,  -0.5343] 
	x149: [  1.9802,   2.1802] 
	x150: [  0.2381,   0.4381] 
	x151: [  0.4227,   0.6227] 
	x152: [ -0.0633,   0.1367] 
	x153: [ -1.0536,  -0.8536] 
	x154: [  3.1494,   3.3494] 
	x155: [ -1.8046,  -1.6046] 
	x156: [  0.1779,   0.3779] 
	x157: [  2.2045,   2.4045] 
	x158: [ -4.2682,  -4.0682] 
	x159: [  2.0780,   2.2780] 
	x160: [ -0.3325,  -0.1325] 
	x161: [ -0.0626,   0.1374] 
	x162: [ -1.1617,  -0.9617] 
	x163: [ -0.6691,  -0.4691] 
	x164: [ -1.7357,  -1.5357] 
	x165: [ -2.8276,  -2.6276] 
	x166: [  1.0308,   1.2308] 
	x167: [  2.4550,   2.6550] 
	x168: [  1.1559,   1.3559] 
	x169: [ -1.7568,  -1.5568] 
	x170: [ -2.8699,  -2.6699] 
	x171: [ -1.0277,  -0.8277] 
	x172: [  1.6637,   1.8637] 
	x173: [ -0.8268,  -0.6268] 
	x174: [  2.0806,   2.2806] 
	x175: [ -0.7655,  -0.5655] 
	x176: [ -1.7002,  -1.5002] 
	x177: [  0.7811,   0.9811] 
	x178: [ -1.8799,  -1.6799] 
	x179: [ -0.5122,  -0.3122] 
	x180: [ -1.2030,  -1.0030] 
	x181: [ -2.7120,  -2.5120] 
	x182: [  1.9313,   2.1313] 
	x183: [ -0.8317,  -0.6317] 
	x184: [  1.1497,   1.3497] 
	x185: [ -4.2967,  -4.0967] 
	x186: [ -1.5896,  -1.3896] 
	x187: [  0.3023,   0.5023] 
	x188: [  0.0797,   0.2797] 
	x189: [ -0.1105,   0.0895] 
	x190: [  0.1448,   0.3448] 
	x191: [  2.9715,   3.1715] 
	x192: [  2.4938,   2.6938] 
	x193: [  1.1340,   1.3340] 
	x194: [ -0.9616,  -0.7616] 
	x195: [ -2.9768,  -2.7768] 
	x196: [ -1.1113,  -0.9113] 
	x197: [  0.3413,   0.5413] 
	x198: [ -0.6042,  -0.4042] 
	x199: [  1.7980,   1.9980] 
	x200: [ -0.6771,  -0.4771] 
	x201: [ -0.0316,   0.1684] 
	x202: [ -3.7437,  -3.5437] 
	x203: [ -1.5464,  -1.3464] 
	x204: [ -1.6258,  -1.4258] 
	x205: [ -1.4342,  -1.2342] 
	x206: [ -1.6042,  -1.4042] 
	x207: [ -0.0871,   0.1129] 
	x208: [ -1.5102,  -1.3102] 
	x209: [ -1.7791,  -1.5791] 
	x210: [ -1.4489,  -1.2489] 
	x211: [ -1.4447,  -1.2447] 
	x212: [ -1.1006,  -0.9006] 
	x213: [  1.1919,   1.3919] 
	x214: [ -0.2134,  -0.0134] 
	x215: [ -0.8505,  -0.6505] 
	x216: [ -1.2600,  -1.0600] 
	x217: [ -0.1180,   0.0820] 
	x218: [ -1.1278,  -0.9278] 
	x219: [ -1.6920,  -1.4920] 
	x220: [  2.0779,   2.2779] 
	x221: [  0.7708,   0.9708] 
	x222: [ -0.3922,  -0.1922] 
	x223: [ -1.6425,  -1.4425] 
	x224: [ -0.9469,  -0.7469] 
	x225: [ -1.5856,  -1.3856] 
	x226: [  4.5129,   4.7129] 
	x227: [ -0.7589,  -0.5589] 
	x228: [  0.5267,   0.7267] 
	x229: [  1.9511,   2.1511] 
	x230: [  1.5216,   1.7216] 
	x231: [  3.4329,   3.6329] 
	x232: [ -0.5525,  -0.3525] 
	x233: [ -0.7793,  -0.5793] 
	x234: [  0.3271,   0.5271] 
	x235: [ -3.0116,  -2.8116] 
	x236: [  1.3664,   1.5664] 
	x237: [ -0.6402,  -0.4402] 
	x238: [  0.9201,   1.1201] 
	x239: [  6.7656,   6.9656] 
	x240: [  1.9531,   2.1531] 
	x241: [ -0.1708,   0.0292] 
	x242: [  1.4159,   1.6159] 
	x243: [ -1.0855,  -0.8855] 
	x244: [ -1.9169,  -1.7169] 
	x245: [ -0.0577,   0.1423] 
	x246: [  1.5998,   1.7998] 
	x247: [ -2.0589,  -1.8589] 
	x248: [ -1.8990,  -1.6990] 
	x249: [  2.8192,   3.0192] 
	x250: [  2.0718,   2.2718] 
	x251: [ -2.5225,  -2.3225] 
	x252: [  1.1537,   1.3537] 
	x253: [ -0.6396,  -0.4396] 
	x254: [ -1.3677,  -1.1677] 
	x255: [ -1.2202,  -1.0202] 
	x256: [ -1.7500,  -1.5500] 
	x257: [ -0.3272,  -0.1272] 
	x258: [ -1.9153,  -1.7153] 
	x259: [  0.7031,   0.9031] 
	x260: [  1.7179,   1.9179] 
	x261: [  2.1027,   2.3027] 
	x262: [ -3.1215,  -2.9215] 
	x263: [  0.5112,   0.7112] 
	x264: [  1.3403,   1.5403] 
	x265: [ -1.0694,  -0.8694] 
	x266: [ -0.4784,  -0.2784] 
	x267: [  0.5719,   0.7719] 
	x268: [ -2.5069,  -2.3069] 
	x269: [  1.0372,   1.2372] 
	x270: [  1.1944,   1.3944] 
	x271: [ -3.2725,  -3.0725] 
	x272: [ -0.8289,  -0.6289] 
	x273: [  0.7280,   0.9280] 
	x274: [ -0.5752,  -0.3752] 
	x275: [ -1.1004,  -0.9004] 
	x276: [  0.9193,   1.1193] 
	x277: [ -1.2069,  -1.0069] 
	x278: [  0.0282,   0.2282] 
	x279: [  0.2023,   0.4023] 
	x280: [  0.4683,   0.6683] 
	x281: [ -2.7900,  -2.5900] 
	x282: [  1.5581,   1.7581] 
	x283: [ -0.9010,  -0.7010] 
	x284: [ -2.6367,  -2.4367] 
	x285: [ -2.8568,  -2.6568] 
	x286: [  0.4341,   0.6341] 
	x287: [ -0.1526,   0.0474] 
	x288: [  0.8832,   1.0832] 
	x289: [  0.2347,   0.4347] 
	x290: [ -1.5280,  -1.3280] 
	x291: [  1.3645,   1.5645] 
	x292: [  2.0659,   2.2659] 
	x293: [ -0.4306,  -0.2306] 
	x294: [  4.0934,   4.2934] 
	x295: [  0.3277,   0.5277] 
	x296: [  0.7085,   0.9085] 
	x297: [  2.6154,   2.8154] 
	x298: [ -6.6576,  -6.4576] 
	x299: [  3.4738,   3.6738] 
	x300: [  4.0913,   4.2913] 
	x301: [  0.3773,   0.5773] 
	x302: [ -1.3658,  -1.1658] 
	x303: [ -1.2354,  -1.0354] 
	x304: [  2.3727,   2.5727] 
	x305: [  1.6578,   1.8578] 
	x306: [  0.9231,   1.1231] 
	x307: [ -1.6845,  -1.4845] 
	x308: [  0.1261,   0.3261] 
	x309: [  1.6324,   1.8324] 
	x310: [  0.5997,   0.7997] 
	x311: [  1.3899,   1.5899] 
	x312: [ -1.3285,  -1.1285] 
	x313: [ -0.6539,  -0.4539] 
	x314: [  0.3747,   0.5747] 
	x315: [ -1.5687,  -1.3687] 
	x316: [ -1.0342,  -0.8342] 
	x317: [ -0.6479,  -0.4479] 
	x318: [  0.9806,   1.1806] 
	x319: [ -0.3278,  -0.1278] 
	x320: [  2.7104,   2.9104] 
	x321: [ -0.2947,  -0.0947] 
	x322: [ -2.2309,  -2.0309] 
	x323: [  1.3027,   1.5027] 
	x324: [  1.4065,   1.6065] 
	x325: [  0.2878,   0.4878] 
	x326: [  1.2030,   1.4030] 
	x327: [ -0.0120,   0.1880] 
	x328: [  1.2220,   1.4220] 
	x329: [ -0.9259,  -0.7259] 
	x330: [ -0.2119,  -0.0119] 
	x331: [  1.4299,   1.6299] 
	x332: [ -1.8365,  -1.6365] 
	x333: [  0.9950,   1.1950] 
	x334: [  2.0976,   2.2976] 
	x335: [ -1.5808,  -1.3808] 
	x336: [ -0.9193,  -0.7193] 
	x337: [  0.3017,   0.5017] 
	x338: [ -3.1295,  -2.9295] 
	x339: [  0.6103,   0.8103] 
	x340: [  0.8797,   1.0797] 
	x341: [  0.2743,   0.4743] 
	x342: [ -0.9857,  -0.7857] 
	x343: [  0.4489,   0.6489] 
	x344: [ -0.9655,  -0.7655] 
	x345: [  0.2774,   0.4774] 
	x346: [ -0.9865,  -0.7865] 
	x347: [ -1.9493,  -1.7493] 
	x348: [ -0.4361,  -0.2361] 
	x349: [  0.6889,   0.8889] 
	x350: [ -3.3859,  -3.1859] 
	x351: [ -0.5735,  -0.3735] 
	x352: [ -4.1237,  -3.9237] 
	x353: [ -3.2100,  -3.0100] 
	x354: [  0.4161,   0.6161] 
	x355: [ -0.3030,  -0.1030] 
	x356: [  2.2810,   2.4810] 
	x357: [ -1.3053,  -1.1053] 
	x358: [  1.9214,   2.1214] 
	x359: [ -0.3053,  -0.1053] 
	x360: [  1.2852,   1.4852] 
	x361: [ -2.1447,  -1.9447] 
	x362: [ -4.7956,  -4.5956] 
	x363: [ -0.0011,   0.1989] 
	x364: [  0.8841,   1.0841] 
	x365: [  1.9672,   2.1672] 
	x366: [  0.2208,   0.4208] 
	x367: [  2.9415,   3.1415] 
	x368: [ -2.9831,  -2.7831] 
	x369: [ -1.7100,  -1.5100] 
	x370: [ -0.5718,  -0.3718] 
	x371: [  3.2246,   3.4246] 
	x372: [  4.4639,   4.6639] 
	x373: [ -0.6645,  -0.4645] 
	x374: [  1.8885,   2.0885] 
	x375: [  2.3258,   2.5258] 
	x376: [ -1.8992,  -1.6992] 
	x377: [ -2.5493,  -2.3493] 
	x378: [  0.3918,   0.5918] 
	x379: [  0.3858,   0.5858] 
	x380: [ -0.4157,  -0.2157] 
	x381: [ -0.7122,  -0.5122] 
	x382: [ -0.0198,   0.1802] 
	x383: [  0.6098,   0.8098] 
	x384: [ -2.1484,  -1.9484] 
	x385: [  2.5419,   2.7419] 
	x386: [ -1.2073,  -1.0073] 
	x387: [  0.2985,   0.4985] 
	x388: [  1.4591,   1.6591] 
	x389: [ -2.4326,  -2.2326] 
	x390: [ -1.7778,  -1.5778] 
	x391: [  0.3194,   0.5194] 
	x392: [  0.4642,   0.6642] 
	x393: [ -0.5791,  -0.3791] 
	x394: [ -2.2657,  -2.0657] 
	x395: [ -2.5437,  -2.3437] 
	x396: [  0.8783,   1.0783] 
	x397: [  0.7653,   0.9653] 
	x398: [ -2.2615,  -2.0615] 
	x399: [  0.2601,   0.4601] 
	x400: [  0.5648,   0.7648] 
	x401: [ -1.5181,  -1.3181] 
	x402: [ -0.2229,  -0.0229] 
	x403: [  0.9335,   1.1335] 
	x404: [  2.4806,   2.6806] 
	x405: [  0.3966,   0.5966] 
	x406: [ -3.3140,  -3.1140] 
	x407: [  3.4111,   3.6111] 
	x408: [  1.1474,   1.3474] 
	x409: [  0.2852,   0.4852] 
	x410: [ -2.0565,  -1.8565] 
	x411: [  0.2710,   0.4710] 
	x412: [  0.4957,   0.6957] 
	x413: [ -1.3878,  -1.1878] 
	x414: [  1.1556,   1.3556] 
	x415: [  0.8123,   1.0123] 
	x416: [ -0.6823,  -0.4823] 
	x417: [  0.4718,   0.6718] 
	x418: [ -1.4608,  -1.2608] 
	x419: [  1.2405,   1.4405] 
	x420: [ -0.7434,  -0.5434] 
	x421: [ -1.5765,  -1.3765] 
	x422: [  0.9751,   1.1751] 
	x423: [  2.7503,   2.9503] 
	x424: [  0.6679,   0.8679] 
	x425: [  0.8129,   1.0129] 
	x426: [ -1.1100,  -0.9100] 
	x427: [ -0.2145,  -0.0145] 
	x428: [ -0.1567,   0.0433] 
	x429: [ -1.0861,  -0.8861] 
	x430: [ -2.1124,  -1.9124] 
	x431: [ -1.2019,  -1.0019] 
	x432: [  0.2194,   0.4194] 
	x433: [ -3.1868,  -2.9868] 
	x434: [  1.7809,   1.9809] 
	x435: [  0.1616,   0.3616] 
	x436: [  2.2982,   2.4982] 
	x437: [  1.7041,   1.9041] 
	x438: [ -3.6685,  -3.4685] 
	x439: [ -2.9018,  -2.7018] 
	x440: [ -1.2747,  -1.0747] 
	x441: [  0.8660,   1.0660] 
	x442: [  0.8792,   1.0792] 
	x443: [ -0.7825,  -0.5825] 
	x444: [  3.6074,   3.8074] 
	x445: [  1.2579,   1.4579] 
	x446: [ -2.0537,  -1.8537] 
	x447: [ -0.2020,  -0.0020] 
	x448: [ -1.0565,  -0.8565] 
	x449: [  0.4786,   0.6786] 
	x450: [  2.3931,   2.5931] 
	x451: [ -0.2796,  -0.0796] 
	x452: [  2.2581,   2.4581] 
	x453: [ -0.6146,  -0.4146] 
	x454: [  0.0768,   0.2768] 
	x455: [ -0.1727,   0.0273] 
	x456: [  1.2876,   1.4876] 
	x457: [ -1.9835,  -1.7835] 
	x458: [  0.7357,   0.9357] 
	x459: [ -2.0554,  -1.8554] 
	x460: [ -0.2077,  -0.0077] 
	x461: [  1.0941,   1.2941] 
	x462: [ -3.5107,  -3.3107] 
	x463: [  1.2348,   1.4348] 
	x464: [ -0.5914,  -0.3914] 
	x465: [  1.4502,   1.6502] 
	x466: [ -0.9441,  -0.7441] 
	x467: [ -1.8345,  -1.6345] 
	x468: [ -1.5998,  -1.3998] 
	x469: [ -1.4939,  -1.2939] 
	x470: [  2.6456,   2.8456] 
	x471: [  1.4735,   1.6735] 
	x472: [  1.2163,   1.4163] 
	x473: [ -3.5716,  -3.3716] 
	x474: [  0.5285,   0.7285] 
	x475: [  0.0218,   0.2218] 
	x476: [ -1.7551,  -1.5551] 
	x477: [  0.3674,   0.5674] 
	x478: [  1.1012,   1.3012] 
	x479: [ -0.3008,  -0.1008] 
	x480: [  1.0187,   1.2187] 
	x481: [ -0.0812,   0.1188] 
	x482: [ -0.2452,  -0.0452] 
	x483: [ -1.5330,  -1.3330] 
	x484: [ -1.3165,  -1.1165] 
	x485: [ -3.0776,  -2.8776] 
	x486: [ -0.0250,   0.1750] 
	x487: [  0.1940,   0.3940] 
	x488: [ -0.9953,  -0.7953] 
	x489: [ -0.6042,  -0.4042] 
	x490: [ -0.4855,  -0.2855] 
	x491: [  1.5413,   1.7413] 
	x492: [  0.0341,   0.2341] 
	x493: [ -0.6507,  -0.4507] 
	x494: [  1.3808,   1.5808] 
	x495: [  0.6793,   0.8793] 
	x496: [ -1.2876,  -1.0876] 
	x497: [  0.0739,   0.2739] 
	x498: [ -0.5555,  -0.3555] 
	x499: [  2.0083,   2.2083] 
	x500: [  0.8205,   1.0205] 
	x501: [ -1.6876,  -1.4876] 
	x502: [ -5.8243,  -5.6243] 
	x503: [  1.2454,   1.4454] 
	x504: [ -2.3792,  -2.1792] 
	x505: [  1.5392,   1.7392] 
	x506: [ -1.6605,  -1.4605] 
	x507: [  0.6117,   0.8117] 
	x508: [ -2.2419,  -2.0419] 
	x509: [ -0.2479,  -0.0479] 
	x510: [ -2.8508,  -2.6508] 
	x511: [  1.1269,   1.3269] 

Branching heuristics set to PseudoImpact

Engine::solve: Initial statistics

02:35:58 Statistics update:
	--- Time Statistics ---
	Total time elapsed: 1245 milli (00:00:01)
		Main loop: 0 milli (00:00:00)
		Preprocessing time: 584 milli (00:00:00)
		Unknown: 661 milli (00:00:00)
	Breakdown for main loop:
		[0.00%] Simplex steps: 0 milli
		[0.00%] Explicit-basis bound tightening: 0 milli
		[0.00%] Constraint-matrix bound tightening: 0 milli
		[0.00%] Degradation checking: 0 milli
		[0.00%] Precision restoration: 0 milli
		[0.00%] Statistics handling: 0 milli
		[0.00%] Constraint-fixing steps: 0 milli
		[0.00%] Valid case splits: 0 milli. Average per split: 0.00 milli
		[0.00%] Applying stored bound-tightening: 0 milli
		[0.00%] SMT core: 0 milli
		[0.00%] Symbolic Bound Tightening: 35 milli
		[0.00%] SoI-based local search: 0 milli
		[0.00%] SoI-based local search: 0 milli
		[0.00%] Unaccounted for: 0 milli
	--- Preprocessor Statistics ---
	Number of preprocessor bound-tightening loop iterations: 3
	Number of eliminated variables: 86
	Number of constraints removed due to variable elimination: 86
	Number of equations removed due to variable elimination: 0
	--- Engine Statistics ---
	Number of main loop iterations: 1
		0 iterations were simplex steps. Total time: 0 milli. Average: 0.00 milli.
		0 iterations were constraint-fixing steps. Total time: 0 milli. Average: 0.00 milli
	Number of active piecewise-linear constraints: 170 / 170
		Constraints disabled by valid splits: 0. By SMT-originated splits: 0
	Last reported degradation: 0.0000000000. Max degradation so far: 0.0000000000. Restorations so far: 0
	Number of simplex pivots we attempted to skip because of instability: 0.
	Unstable pivots performed anyway: 0
	--- Tableau Statistics ---
	Total number of pivots performed: 0
		Real pivots: 0. Degenerate: 0 (0.00%)
		Degenerate pivots by request (e.g., to fix a PL constraint): 0 (0.00%)
		Average time per pivot: 0.00 milli
	Total number of fake pivots performed: 0
	Total number of rows added: 0. Number of merged columns: 0
	Current tableau dimensions: M = 705, N = 2092
	--- SMT Core Statistics ---
	Total depth is 0. Total visited states: 1. Number of splits: 0. Number of pops: 0
	Max stack depth: 0
	--- Bound Tightening Statistics ---
	Number of tightened bounds: 0.
		Number of rows examined by row tightener: 0. Consequent tightenings: 0
		Number of explicit basis matrices examined by row tightener: 0. Consequent tightenings: 0
		Number of bound tightening rounds on the entire constraint matrix: 0. Consequent tightenings: 0
		Number of bound notifications sent to PL constraints: 1020. Tightenings proposed: 0
	--- Basis Factorization statistics ---
	Number of basis refactorizations: 2
	--- Projected Steepest Edge Statistics ---
	Number of iterations: 0.
	Number of resets to reference space: 1. Avg. iterations per reset: 0
	--- SBT ---
	Number of tightened bounds: 387
	--- SoI-based local search ---
	Number of proposed phase pattern update: 0. Number of accepted update: 0 [0.00%]
	Total time (% of local search time) updating SoI phase pattern : 0 milli [0.00%]
	Total time obtaining current assignment: 0 milli [0.00%]
	Total time getting SoI phase pattern : 0 milli [0.00%]
	--- Context dependent statistics ---
	Number of pushes / pops: 0 / 0
		[0.00%] Pre-Push hook: 0 milli
		[0.00%] Push : 0 milli
		[0.00%] Post-Pop hook: 0 milli
		[0.00%] Pop : 0 milli
		[0.00%] Total context-switching time: 0 milli
	--- Proof Certificate ---
	Number of certified leaves: 0
	Number of leaves to delegate: 0

---

Engine::solve: sat assignment found

02:36:14 Statistics update:
	--- Time Statistics ---
	Total time elapsed: 17405 milli (00:00:17)
		Main loop: 16159 milli (00:00:16)
		Preprocessing time: 584 milli (00:00:00)
		Unknown: 661 milli (00:00:00)
	Breakdown for main loop:
		[48.44%] Simplex steps: 7827 milli
		[50.63%] Explicit-basis bound tightening: 8181 milli
		[0.00%] Constraint-matrix bound tightening: 0 milli
		[0.19%] Degradation checking: 31 milli
		[0.00%] Precision restoration: 0 milli
		[0.37%] Statistics handling: 59 milli
		[0.00%] Constraint-fixing steps: 0 milli
		[0.00%] Valid case splits: 0 milli. Average per split: 0.00 milli
		[0.00%] Applying stored bound-tightening: 0 milli
		[0.00%] SMT core: 0 milli
		[0.34%] Symbolic Bound Tightening: 55 milli
		[17.71%] SoI-based local search: 2862 milli
		[0.00%] SoI-based local search: 0 milli
		[0.02%] Unaccounted for: 3 milli
	--- Preprocessor Statistics ---
	Number of preprocessor bound-tightening loop iterations: 3
	Number of eliminated variables: 86
	Number of constraints removed due to variable elimination: 86
	Number of equations removed due to variable elimination: 0
	--- Engine Statistics ---
	Number of main loop iterations: 676
		674 iterations were simplex steps. Total time: 7827 milli. Average: 11.61 milli.
		0 iterations were constraint-fixing steps. Total time: 0 milli. Average: 0.00 milli
	Number of active piecewise-linear constraints: 170 / 170
		Constraints disabled by valid splits: 0. By SMT-originated splits: 0
	Last reported degradation: 0.0000045036. Max degradation so far: 0.0000042303. Restorations so far: 0
	Number of simplex pivots we attempted to skip because of instability: 0.
	Unstable pivots performed anyway: 0
	--- Tableau Statistics ---
	Total number of pivots performed: 666
		Real pivots: 666. Degenerate: 0 (0.00%)
		Degenerate pivots by request (e.g., to fix a PL constraint): 0 (0.00%)
		Average time per pivot: 1.34 milli
	Total number of fake pivots performed: 6
	Total number of rows added: 0. Number of merged columns: 0
	Current tableau dimensions: M = 705, N = 2092
	--- SMT Core Statistics ---
	Total depth is 0. Total visited states: 1. Number of splits: 0. Number of pops: 0
	Max stack depth: 0
	--- Bound Tightening Statistics ---
	Number of tightened bounds: 0.
		Number of rows examined by row tightener: 666. Consequent tightenings: 0
		Number of explicit basis matrices examined by row tightener: 5. Consequent tightenings: 304
		Number of bound tightening rounds on the entire constraint matrix: 0. Consequent tightenings: 0
		Number of bound notifications sent to PL constraints: 2040. Tightenings proposed: 0
	--- Basis Factorization statistics ---
	Number of basis refactorizations: 8
	--- Projected Steepest Edge Statistics ---
	Number of iterations: 672.
	Number of resets to reference space: 2. Avg. iterations per reset: 336
	--- SBT ---
	Number of tightened bounds: 387
	--- SoI-based local search ---
	Number of proposed phase pattern update: 0. Number of accepted update: 1 [0.00%]
	Total time (% of local search time) updating SoI phase pattern : 1387 milli [0.05%]
	Total time obtaining current assignment: 625 milli [0.02%]
	Total time getting SoI phase pattern : 234 milli [0.00%]
	--- Context dependent statistics ---
	Number of pushes / pops: 0 / 0
		[0.00%] Pre-Push hook: 0 milli
		[0.00%] Push : 0 milli
		[0.00%] Post-Pop hook: 0 milli
		[0.00%] Pop : 0 milli
		[0.00%] Total context-switching time: 0 milli
	--- Proof Certificate ---
	Number of certified leaves: 0
	Number of leaves to delegate: 0
sat
Input assignment:
	x0 = -0.679835
	x1 = -2.648048
	x2 = -0.880547
	x3 = 2.164938
	x4 = -0.530389
	x5 = -2.213262
	x6 = 1.180282
	x7 = -0.609081
	x8 = -2.634549
	x9 = 1.217518
	x10 = 1.210911
	x11 = -0.844369
	x12 = -3.775927
	x13 = -0.999564
	x14 = 1.710122
	x15 = -1.613752
	x16 = 1.283662
	x17 = -0.802095
	x18 = -1.783944
	x19 = 1.857753
	x20 = 2.063471
	x21 = -0.579487
	x22 = -0.631825
	x23 = 2.697696
	x24 = 2.872363
	x25 = 0.150303
	x26 = 0.899997
	x27 = -1.227935
	x28 = 1.218340
	x29 = -0.561543
	x30 = 2.811220
	x31 = -1.090244
	x32 = -2.056999
	x33 = -1.842995
	x34 = -0.670617
	x35 = 1.351011
	x36 = 0.894116
	x37 = 0.584419
	x38 = 2.318819
	x39 = -0.444970
	x40 = 0.227360
	x41 = 1.441339
	x42 = 2.479892
	x43 = -2.774488
	x44 = 0.337350
	x45 = -1.396763
	x46 = -0.279535
	x47 = -1.234768
	x48 = 1.253573
	x49 = 1.350598
	x50 = -0.606412
	x51 = -1.176425
	x52 = 1.905771
	x53 = 1.440362
	x54 = -1.264826
	x55 = 1.657394
	x56 = -2.486004
	x57 = 1.763054
	x58 = -1.737338
	x59 = 0.265024
	x60 = 0.560594
	x61 = 2.663725
	x62 = 1.706761
	x63 = -1.727913
	x64 = 1.621823
	x65 = 0.780024
	x66 = -1.636212
	x67 = 1.692604
	x68 = 1.176124
	x69 = -1.174485
	x70 = 1.785328
	x71 = -0.091124
	x72 = -4.037610
	x73 = 2.059943
	x74 = -0.675063
	x75 = 0.772853
	x76 = -0.093398
	x77 = 2.602023
	x78 = -0.549597
	x79 = 0.655935
	x80 = 0.052811
	x81 = 1.976905
	x82 = 0.156494
	x83 = -2.948716
	x84 = 0.268847
	x85 = -1.063233
	x86 = 2.066971
	x87 = -2.150603
	x88 = -2.113642
	x89 = 2.380040
	x90 = 1.117365
	x91 = -0.944870
	x92 = -3.717592
	x93 = 1.544221
	x94 = -1.624575
	x95 = -0.270641
	x96 = 0.647194
	x97 = -1.354118
	x98 = -1.566746
	x99 = -0.951723
	x100 = 0.050689
	x101 = -0.447426
	x102 = -0.043179
	x103 = -1.516608
	x104 = -0.341061
	x105 = 0.036280
	x106 = -0.140748
	x107 = -0.213549
	x108 = 2.223609
	x109 = 0.461699
	x110 = 1.229549
	x111 = 1.074425
	x112 = 0.905385
	x113 = -0.841125
	x114 = 0.517909
	x115 = -0.120845
	x116 = 0.114229
	x117 = 1.819612
	x118 = -0.777239
	x119 = -2.852240
	x120 = 1.046534
	x121 = 0.748503
	x122 = 1.685971
	x123 = -0.288514
	x124 = 1.537226
	x125 = -1.251973
	x126 = 0.384051
	x127 = -1.947196
	x128 = 1.447858
	x129 = 1.126674
	x130 = -0.334000
	x131 = 1.798556
	x132 = -1.429291
	x133 = 1.527072
	x134 = 2.844210
	x135 = 2.344064
	x136 = 0.512058
	x137 = -0.461771
	x138 = -1.835714
	x139 = 2.146946
	x140 = 5.589276
	x141 = -0.063194
	x142 = 1.325542
	x143 = 0.049328
	x144 = 0.520119
	x145 = -1.192520
	x146 = -2.391371
	x147 = 0.015035
	x148 = -0.734326
	x149 = 2.180200
	x150 = 0.238121
	x151 = 0.622708
	x152 = 0.136719
	x153 = -1.053583
	x154 = 3.349374
	x155 = -1.804566
	x156 = 0.377879
	x157 = 2.404462
	x158 = -4.068243
	x159 = 2.077974
	x160 = -0.132547
	x161 = 0.137361
	x162 = -0.961703
	x163 = -0.469101
	x164 = -1.535740
	x165 = -2.827594
	x166 = 1.230757
	x167 = 2.455004
	x168 = 1.355874
	x169 = -1.556779
	x170 = -2.669904
	x171 = -1.027727
	x172 = 1.663749
	x173 = -0.826768
	x174 = 2.080647
	x175 = -0.765487
	x176 = -1.700165
	x177 = 0.981057
	x178 = -1.879896
	x179 = -0.312151
	x180 = -1.203006
	x181 = -2.512029
	x182 = 1.931320
	x183 = -0.631737
	x184 = 1.149733
	x185 = -4.096720
	x186 = -1.589591
	x187 = 0.302265
	x188 = 0.279715
	x189 = 0.089518
	x190 = 0.144841
	x191 = 3.171492
	x192 = 2.693832
	x193 = 1.134010
	x194 = -0.961561
	x195 = -2.976837
	x196 = -0.911267
	x197 = 0.541322
	x198 = -0.404200
	x199 = 1.798015
	x200 = -0.677088
	x201 = 0.168412
	x202 = -3.543741
	x203 = -1.346412
	x204 = -1.625786
	x205 = -1.434184
	x206 = -1.604197
	x207 = -0.087079
	x208 = -1.310217
	x209 = -1.579055
	x210 = -1.448940
	x211 = -1.444691
	x212 = -1.100633
	x213 = 1.391865
	x214 = -0.213442
	x215 = -0.850451
	x216 = -1.259951
	x217 = 0.082007
	x218 = -1.127772
	x219 = -1.691984
	x220 = 2.277883
	x221 = 0.770824
	x222 = -0.192228
	x223 = -1.442486
	x224 = -0.946852
	x225 = -1.385635
	x226 = 4.712906
	x227 = -0.558898
	x228 = 0.726652
	x229 = 1.951133
	x230 = 1.521577
	x231 = 3.432871
	x232 = -0.552541
	x233 = -0.779258
	x234 = 0.527135
	x235 = -3.011561
	x236 = 1.566438
	x237 = -0.440197
	x238 = 0.920119
	x239 = 6.965627
	x240 = 2.153148
	x241 = -0.170833
	x242 = 1.615879
	x243 = -0.885547
	x244 = -1.916906
	x245 = -0.057663
	x246 = 1.599769
	x247 = -1.858876
	x248 = -1.699002
	x249 = 3.019197
	x250 = 2.071784
	x251 = -2.522474
	x252 = 1.153727
	x253 = -0.439613
	x254 = -1.167722
	x255 = -1.020202
	x256 = -1.749974
	x257 = -0.327167
	x258 = -1.715324
	x259 = 0.703086
	x260 = 1.717912
	x261 = 2.102726
	x262 = -3.121540
	x263 = 0.711175
	x264 = 1.340275
	x265 = -0.869445
	x266 = -0.478374
	x267 = 0.571901
	x268 = -2.306900
	x269 = 1.058049
	x270 = 1.194423
	x271 = -3.272485
	x272 = -0.628923
	x273 = 0.728031
	x274 = -0.375206
	x275 = -1.100379
	x276 = 1.119263
	x277 = -1.206927
	x278 = 0.228159
	x279 = 0.402282
	x280 = 0.468253
	x281 = -2.789974
	x282 = 1.758112
	x283 = -0.901039
	x284 = -2.436680
	x285 = -2.856823
	x286 = 0.634079
	x287 = 0.047447
	x288 = 0.883187
	x289 = 0.234727
	x290 = -1.328028
	x291 = 1.564527
	x292 = 2.065906
	x293 = -0.230620
	x294 = 4.093377
	x295 = 0.327695
	x296 = 0.708510
	x297 = 2.815436
	x298 = -6.552135
	x299 = 3.473750
	x300 = 4.291311
	x301 = 0.377331
	x302 = -1.365840
	x303 = -1.235436
	x304 = 2.372745
	x305 = 1.857783
	x306 = 0.923080
	x307 = -1.684511
	x308 = 0.326080
	x309 = 1.832384
	x310 = 0.799660
	x311 = 1.389908
	x312 = -1.128519
	x313 = -0.653934
	x314 = 0.574673
	x315 = -1.368654
	x316 = -1.034204
	x317 = -0.447883
	x318 = 1.180646
	x319 = -0.127765
	x320 = 2.910365
	x321 = -0.294654
	x322 = -2.030914
	x323 = 1.302702
	x324 = 1.406458
	x325 = 0.287824
	x326 = 1.402980
	x327 = 0.188005
	x328 = 1.422029
	x329 = -0.925904
	x330 = -0.211943
	x331 = 1.429922
	x332 = -1.636487
	x333 = 0.995047
	x334 = 2.097602
	x335 = -1.380780
	x336 = -0.919282
	x337 = 0.501669
	x338 = -3.129540
	x339 = 0.610279
	x340 = 0.879694
	x341 = 0.474331
	x342 = -0.985674
	x343 = 0.448933
	x344 = -0.965477
	x345 = 0.477351
	x346 = -0.786522
	x347 = -1.749306
	x348 = -0.236128
	x349 = 0.688902
	x350 = -3.185870
	x351 = -0.573512
	x352 = -3.923686
	x353 = -3.010005
	x354 = 0.416111
	x355 = -0.106593
	x356 = 2.281005
	x357 = -1.282027
	x358 = 2.121415
	x359 = -0.305269
	x360 = 1.485153
	x361 = -1.944671
	x362 = -4.595564
	x363 = 0.198914
	x364 = 0.884098
	x365 = 1.967236
	x366 = 0.220750
	x367 = 3.141486
	x368 = -2.983123
	x369 = -1.510001
	x370 = -0.371758
	x371 = 3.424607
	x372 = 4.663910
	x373 = -0.664457
	x374 = 1.888509
	x375 = 2.525771
	x376 = -1.899233
	x377 = -2.393372
	x378 = 0.591752
	x379 = 0.585774
	x380 = -0.415722
	x381 = -0.712235
	x382 = 0.180162
	x383 = 0.809846
	x384 = -1.948366
	x385 = 2.541871
	x386 = -1.207270
	x387 = 0.298548
	x388 = 1.459113
	x389 = -2.432628
	x390 = -1.577838
	x391 = 0.319363
	x392 = 0.464246
	x393 = -0.579125
	x394 = -2.065695
	x395 = -2.343676
	x396 = 0.878305
	x397 = 0.965305
	x398 = -2.061490
	x399 = 0.460149
	x400 = 0.564802
	x401 = -1.518123
	x402 = -0.022865
	x403 = 0.933525
	x404 = 2.480633
	x405 = 0.396646
	x406 = -3.113964
	x407 = 3.411101
	x408 = 1.147357
	x409 = 0.285182
	x410 = -2.056458
	x411 = 0.471039
	x412 = 0.695747
	x413 = -1.187760
	x414 = 1.155582
	x415 = 1.012342
	x416 = -0.682335
	x417 = 0.471756
	x418 = -1.260754
	x419 = 1.440488
	x420 = -0.743425
	x421 = -1.576476
	x422 = 0.975130
	x423 = 2.950345
	x424 = 0.667883
	x425 = 1.012872
	x426 = -0.909988
	x427 = -0.014513
	x428 = -0.156711
	x429 = -0.886110
	x430 = -1.912404
	x431 = -1.201902
	x432 = 0.219386
	x433 = -3.186763
	x434 = 1.980877
	x435 = 0.361568
	x436 = 2.498172
	x437 = 1.904115
	x438 = -3.668519
	x439 = -2.901785
	x440 = -1.274708
	x441 = 0.865997
	x442 = 1.079240
	x443 = -0.782545
	x444 = 3.807391
	x445 = 1.257867
	x446 = -1.853651
	x447 = -0.201973
	x448 = -1.056495
	x449 = 0.478553
	x450 = 2.593134
	x451 = -0.279623
	x452 = 2.258129
	x453 = -0.414625
	x454 = 0.276816
	x455 = -0.172737
	x456 = 1.287623
	x457 = -1.983500
	x458 = 0.935694
	x459 = -1.855431
	x460 = -0.007706
	x461 = 1.094123
	x462 = -3.310655
	x463 = 1.434804
	x464 = -0.391427
	x465 = 1.650172
	x466 = -0.744135
	x467 = -1.834539
	x468 = -1.399767
	x469 = -1.293887
	x470 = 2.845602
	x471 = 1.673523
	x472 = 1.416255
	x473 = -3.571553
	x474 = 0.728534
	x475 = 0.021812
	x476 = -1.755137
	x477 = 0.367391
	x478 = 1.101187
	x479 = -0.100763
	x480 = 1.218704
	x481 = 0.118772
	x482 = -0.045203
	x483 = -1.332965
	x484 = -1.316546
	x485 = -3.077582
	x486 = -0.024977
	x487 = 0.393980
	x488 = -0.995298
	x489 = -0.604232
	x490 = -0.485533
	x491 = 1.541335
	x492 = 0.234091
	x493 = -0.650665
	x494 = 1.580780
	x495 = 0.679309
	x496 = -1.287596
	x497 = 0.073941
	x498 = -0.555487
	x499 = 2.208294
	x500 = 1.020475
	x501 = -1.487616
	x502 = -5.624305
	x503 = 1.445422
	x504 = -2.379166
	x505 = 1.739185
	x506 = -1.660522
	x507 = 0.811724
	x508 = -2.041915
	x509 = -0.047875
	x510 = -2.850765
	x511 = 1.126887

Output:
	y0 = -7.298477
	y1 = 8.377042
	y2 = -7.461233
	y3 = -8.812783
	y4 = 8.492326
	y5 = -9.740564
	y6 = -7.291372
	y7 = 11.513045
	y8 = -8.800314
	y9 = -8.173446
	y10 = 10.940385
	y11 = -10.151031
	y12 = -7.541555
	y13 = 11.621752
	y14 = -7.851933
	y15 = -4.905075
	y16 = 11.203750
	y17 = -5.706020
	y18 = -8.307814
	y19 = 7.709544
	y20 = -10.570486
	y21 = -5.563027
	y22 = 6.149487
	y23 = -8.607972
	y24 = -8.619813
	y25 = 9.403975
	y26 = -10.367042
	y27 = -11.228756
	y28 = 5.527043
	y29 = -10.017412
	y30 = -5.996823
	y31 = 12.153324
	y32 = -4.677276
	y33 = -5.022989
	y34 = 11.306191
	y35 = -8.819870
	y36 = -3.395614
	y37 = 12.838211
	y38 = -2.174799
	y39 = -5.782019
	y40 = 9.933715
	y41 = -8.515809
	y42 = -9.515711
	y43 = 11.220195
	y44 = -11.102543
	y45 = -6.984537
	y46 = 6.139135
	y47 = -9.348292
	y48 = -5.076616
	y49 = 8.147984
	y50 = -8.633803
	y51 = -8.341712
	y52 = 27.310394
	y53 = -8.371990
	y54 = 0.053320
	y55 = 18.751973
	y56 = -0.162608
	y57 = -1.596917
	y58 = 22.907915
	y59 = -0.754949
	y60 = 4.071607
	y61 = -3.790099
	y62 = -1.448571
	y63 = -0.330173
	y64 = 28.847619
	y65 = -5.571860
	y66 = -2.568249
	y67 = 9.048003
	y68 = -4.428849
	y69 = -5.858059
	y70 = 9.825709
	y71 = -7.640904
	y72 = -6.631500
	y73 = 10.806735
	y74 = -5.123570
	y75 = -6.407784
	y76 = 27.236952
	y77 = -6.853269
	y78 = -0.924306
	y79 = -9.660216
	y80 = 4.932443
	y81 = 6.049093
	y82 = -22.746150
	y83 = 12.167436
	y84 = 7.931660
	y85 = -18.441239
	y86 = 12.321362
	y87 = 4.033111
	y88 = -8.798446
	y89 = -2.369282
	y90 = -4.284486
	y91 = 26.907006
	y92 = -7.491222
	y93 = -6.052126
	y94 = 8.415643
	y95 = -8.123556
	y96 = -5.274867
	y97 = 14.785355
	y98 = -6.164285
	y99 = -3.360051
	y100 = 8.749274
	y101 = -6.109147
	y102 = 4.744123
	y103 = -6.363622
	y104 = -1.723236
	y105 = 13.959759
	y106 = -20.176740
	y107 = 6.418714
	y108 = 13.133915
	y109 = -19.193530
	y110 = 7.983073
	y111 = 0.446257
	y112 = -7.023682
	y113 = 3.578196
	y114 = 2.311556
	y115 = -15.356393
	y116 = -2.715280
	y117 = -6.133861
	y118 = 11.452768
	y119 = -7.239709
	y120 = -5.466152
	y121 = 7.355401
	y122 = -6.956596
	y123 = -2.568092
	y124 = 9.859564
	y125 = -5.855771
	y126 = -0.823861
	y127 = 13.940479
	y128 = -2.336760
	y129 = 2.730399
	y130 = 15.053561
	y131 = -0.858382
	y132 = 4.349826
	y133 = -4.933276
	y134 = 0.816439
	y135 = 2.723255
	y136 = -16.923045
	y137 = 2.723245
	y138 = -2.727489
	y139 = -16.634052
	y140 = 1.628607
	y141 = -9.642211
	y142 = 17.919030
	y143 = -9.338882
	y144 = -5.298554
	y145 = 4.321445
	y146 = -7.267282
	y147 = -4.914264
	y148 = 5.332835
	y149 = -6.560695
	y150 = -4.019152
	y151 = 8.312325
	y152 = -5.401151
	y153 = -1.871759
	y154 = 9.177726
	y155 = -2.912974
	y156 = -3.466935
	y157 = 27.183407
	y158 = -5.361572
	y159 = -6.355493
	y160 = 23.707349
	y161 = -3.516362
	y162 = -8.927727
	y163 = 18.562188
	y164 = -10.284919
	y165 = -7.217563
	y166 = 6.249470
	y167 = -7.450015
	y168 = -7.305562
	y169 = 7.744187
	y170 = -7.489538
	y171 = -8.869623
	y172 = 4.972587
	y173 = -9.160603
	y174 = -5.453216
	y175 = 9.759673
	y176 = -6.658403
	y177 = -6.477290
	y178 = 4.716060
	y179 = -8.118882
	y180 = -6.570039
	y181 = 9.562020
	y182 = -6.733373
	y183 = -7.975246
	y184 = 11.712435
	y185 = -6.062970
	y186 = -8.419987
	y187 = 8.782824
	y188 = -9.273225
	y189 = -7.054375
	y190 = 5.370870
	y191 = -11.023921

