InputQuery: /home/levn/Workspace/othello_world/queries/probe_robust/game_46_target_34_eps_0.05.txt
Engine::processInputQuery: Input query (before preprocessing): 449 equations, 1216 variables
Engine::processInputQuery: Input query (after preprocessing): 705 equations, 1283 variables

Input bounds:
	x0: [  0.9027,   1.0027] 
	x1: [ -0.3459,  -0.2459] 
	x2: [ -1.2420,  -1.1420] 
	x3: [  0.8073,   0.9073] 
	x4: [ -0.1569,  -0.0569] 
	x5: [  1.2228,   1.3228] 
	x6: [  0.1176,   0.2176] 
	x7: [  0.2355,   0.3355] 
	x8: [ -1.9469,  -1.8469] 
	x9: [  0.5745,   0.6745] 
	x10: [ -0.5459,  -0.4459] 
	x11: [  2.1236,   2.2236] 
	x12: [  0.4707,   0.5707] 
	x13: [ -2.9801,  -2.8801] 
	x14: [  1.7250,   1.8250] 
	x15: [ -1.3461,  -1.2461] 
	x16: [  0.3100,   0.4100] 
	x17: [ -1.4658,  -1.3658] 
	x18: [  1.3421,   1.4421] 
	x19: [  3.2827,   3.3827] 
	x20: [  3.4451,   3.5451] 
	x21: [ -1.2508,  -1.1508] 
	x22: [  1.5435,   1.6435] 
	x23: [  1.4500,   1.5500] 
	x24: [  0.9542,   1.0542] 
	x25: [  0.5173,   0.6173] 
	x26: [  0.9016,   1.0016] 
	x27: [ -1.4508,  -1.3508] 
	x28: [  4.2404,   4.3404] 
	x29: [  2.4166,   2.5166] 
	x30: [ -1.2478,  -1.1478] 
	x31: [ -2.3651,  -2.2651] 
	x32: [ -0.5692,  -0.4692] 
	x33: [  3.6200,   3.7200] 
	x34: [ -2.9556,  -2.8556] 
	x35: [ -2.4441,  -2.3441] 
	x36: [ -2.7995,  -2.6995] 
	x37: [ -2.6971,  -2.5971] 
	x38: [  0.8426,   0.9426] 
	x39: [ -0.2058,  -0.1058] 
	x40: [  1.8631,   1.9631] 
	x41: [  2.4562,   2.5562] 
	x42: [  1.0606,   1.1606] 
	x43: [ -2.1900,  -2.0900] 
	x44: [ -0.0967,   0.0033] 
	x45: [  0.0016,   0.1016] 
	x46: [ -1.3157,  -1.2157] 
	x47: [ -1.7125,  -1.6125] 
	x48: [  4.1833,   4.2833] 
	x49: [  0.8003,   0.9003] 
	x50: [ -0.2417,  -0.1417] 
	x51: [  0.8024,   0.9024] 
	x52: [  0.1469,   0.2469] 
	x53: [ -0.5979,  -0.4979] 
	x54: [ -3.5555,  -3.4555] 
	x55: [  0.7439,   0.8439] 
	x56: [  0.4251,   0.5251] 
	x57: [  1.9993,   2.0993] 
	x58: [ -2.1680,  -2.0680] 
	x59: [ -1.9283,  -1.8283] 
	x60: [  0.1765,   0.2765] 
	x61: [ -0.1722,  -0.0722] 
	x62: [  0.1129,   0.2129] 
	x63: [ -0.1640,  -0.0640] 
	x64: [ -0.1581,  -0.0581] 
	x65: [ -2.3460,  -2.2460] 
	x66: [ -2.5545,  -2.4545] 
	x67: [  2.2536,   2.3536] 
	x68: [  1.4599,   1.5599] 
	x69: [  0.3517,   0.4517] 
	x70: [ -0.3225,  -0.2225] 
	x71: [  0.9914,   1.0914] 
	x72: [ -2.6299,  -2.5299] 
	x73: [  2.3926,   2.4926] 
	x74: [  0.7077,   0.8077] 
	x75: [ -0.9171,  -0.8171] 
	x76: [  0.4311,   0.5311] 
	x77: [ -0.3834,  -0.2834] 
	x78: [ -2.3556,  -2.2556] 
	x79: [  1.4341,   1.5341] 
	x80: [  0.1623,   0.2623] 
	x81: [  0.9108,   1.0108] 
	x82: [ -1.2882,  -1.1882] 
	x83: [ -1.4397,  -1.3397] 
	x84: [ -0.7849,  -0.6849] 
	x85: [  2.2482,   2.3482] 
	x86: [  3.1993,   3.2993] 
	x87: [  0.9197,   1.0197] 
	x88: [  0.9722,   1.0722] 
	x89: [  3.8534,   3.9534] 
	x90: [ -1.5805,  -1.4805] 
	x91: [ -1.0656,  -0.9656] 
	x92: [  1.5883,   1.6883] 
	x93: [ -0.6515,  -0.5515] 
	x94: [ -1.9574,  -1.8574] 
	x95: [  2.7992,   2.8992] 
	x96: [  0.2361,   0.3361] 
	x97: [  1.4858,   1.5858] 
	x98: [ -3.6010,  -3.5010] 
	x99: [  0.4017,   0.5017] 
	x100: [  1.7690,   1.8690] 
	x101: [ -0.8862,  -0.7862] 
	x102: [ -1.6015,  -1.5015] 
	x103: [ -1.7246,  -1.6246] 
	x104: [ -0.5125,  -0.4125] 
	x105: [ -4.6416,  -4.5416] 
	x106: [ -2.4325,  -2.3325] 
	x107: [ -1.3211,  -1.2211] 
	x108: [  2.4438,   2.5438] 
	x109: [ -0.6693,  -0.5693] 
	x110: [ -1.8571,  -1.7571] 
	x111: [ -0.2129,  -0.1129] 
	x112: [  1.5052,   1.6052] 
	x113: [  2.1166,   2.2166] 
	x114: [  1.7921,   1.8921] 
	x115: [ -1.1532,  -1.0532] 
	x116: [ -0.1277,  -0.0277] 
	x117: [ -2.2350,  -2.1350] 
	x118: [  0.6570,   0.7570] 
	x119: [ -0.4997,  -0.3997] 
	x120: [ -0.6142,  -0.5142] 
	x121: [  2.2996,   2.3996] 
	x122: [ -0.4033,  -0.3033] 
	x123: [  1.1676,   1.2676] 
	x124: [  0.2907,   0.3907] 
	x125: [  0.7826,   0.8826] 
	x126: [ -0.4104,  -0.3104] 
	x127: [ -1.1708,  -1.0708] 
	x128: [  3.3446,   3.4446] 
	x129: [ -1.0522,  -0.9522] 
	x130: [  0.4492,   0.5492] 
	x131: [ -0.2006,  -0.1006] 
	x132: [ -1.5615,  -1.4615] 
	x133: [ -0.3819,  -0.2819] 
	x134: [ -1.6466,  -1.5466] 
	x135: [  0.7976,   0.8976] 
	x136: [  3.4845,   3.5845] 
	x137: [ -4.0892,  -3.9892] 
	x138: [ -0.6659,  -0.5659] 
	x139: [  1.2970,   1.3970] 
	x140: [  1.7597,   1.8597] 
	x141: [  1.9571,   2.0571] 
	x142: [  2.2143,   2.3143] 
	x143: [  0.0313,   0.1313] 
	x144: [  1.4288,   1.5288] 
	x145: [ -0.9631,  -0.8631] 
	x146: [  3.4994,   3.5994] 
	x147: [ -2.4468,  -2.3468] 
	x148: [ -0.4006,  -0.3006] 
	x149: [ -0.8678,  -0.7678] 
	x150: [ -3.0585,  -2.9585] 
	x151: [  0.1994,   0.2994] 
	x152: [ -1.9288,  -1.8288] 
	x153: [  0.8407,   0.9407] 
	x154: [ -0.9731,  -0.8731] 
	x155: [  1.2492,   1.3492] 
	x156: [ -1.1020,  -1.0020] 
	x157: [ -0.2907,  -0.1907] 
	x158: [ -4.2244,  -4.1244] 
	x159: [  2.6302,   2.7302] 
	x160: [ -1.3736,  -1.2736] 
	x161: [ -0.6223,  -0.5223] 
	x162: [  0.9446,   1.0446] 
	x163: [  0.9945,   1.0945] 
	x164: [  0.5137,   0.6137] 
	x165: [  1.3111,   1.4111] 
	x166: [ -3.2044,  -3.1044] 
	x167: [  0.8117,   0.9117] 
	x168: [  3.0697,   3.1697] 
	x169: [ -1.7010,  -1.6010] 
	x170: [  0.6071,   0.7071] 
	x171: [  1.3413,   1.4413] 
	x172: [  0.3038,   0.4038] 
	x173: [ -1.4957,  -1.3957] 
	x174: [ -0.2316,  -0.1316] 
	x175: [ -1.5140,  -1.4140] 
	x176: [ -4.1359,  -4.0359] 
	x177: [ -0.0461,   0.0539] 
	x178: [  1.9622,   2.0622] 
	x179: [  0.6811,   0.7811] 
	x180: [ -2.0098,  -1.9098] 
	x181: [ -2.6954,  -2.5954] 
	x182: [  1.5615,   1.6615] 
	x183: [ -2.1798,  -2.0798] 
	x184: [ -1.7611,  -1.6611] 
	x185: [ -1.5013,  -1.4013] 
	x186: [  1.6182,   1.7182] 
	x187: [ -1.8048,  -1.7048] 
	x188: [  0.7752,   0.8752] 
	x189: [ -0.9133,  -0.8133] 
	x190: [ -1.5862,  -1.4862] 
	x191: [ -0.2818,  -0.1818] 
	x192: [ -0.6858,  -0.5858] 
	x193: [  3.1688,   3.2688] 
	x194: [ -0.1681,  -0.0681] 
	x195: [ -1.4991,  -1.3991] 
	x196: [  0.4094,   0.5094] 
	x197: [ -1.4161,  -1.3161] 
	x198: [ -0.8937,  -0.7937] 
	x199: [  1.5214,   1.6214] 
	x200: [  0.8044,   0.9044] 
	x201: [ -1.0867,  -0.9867] 
	x202: [ -0.2426,  -0.1426] 
	x203: [ -2.4153,  -2.3153] 
	x204: [ -2.1660,  -2.0660] 
	x205: [  1.5349,   1.6349] 
	x206: [  0.7606,   0.8606] 
	x207: [ -0.0394,   0.0606] 
	x208: [  0.5154,   0.6154] 
	x209: [ -2.5480,  -2.4480] 
	x210: [ -2.2789,  -2.1789] 
	x211: [ -0.7496,  -0.6496] 
	x212: [ -1.2891,  -1.1891] 
	x213: [ -0.6124,  -0.5124] 
	x214: [ -0.8562,  -0.7562] 
	x215: [ -0.3985,  -0.2985] 
	x216: [ -0.1834,  -0.0834] 
	x217: [ -2.8324,  -2.7324] 
	x218: [ -0.7102,  -0.6102] 
	x219: [ -0.7236,  -0.6236] 
	x220: [ -2.7350,  -2.6350] 
	x221: [  0.4274,   0.5274] 
	x222: [  2.0026,   2.1026] 
	x223: [ -0.3757,  -0.2757] 
	x224: [ -1.1845,  -1.0845] 
	x225: [ -1.4731,  -1.3731] 
	x226: [  0.6224,   0.7224] 
	x227: [ -1.2443,  -1.1443] 
	x228: [  0.5376,   0.6376] 
	x229: [ -1.0145,  -0.9145] 
	x230: [  3.7117,   3.8117] 
	x231: [ -1.8795,  -1.7795] 
	x232: [ -0.4840,  -0.3840] 
	x233: [  1.7293,   1.8293] 
	x234: [ -0.3154,  -0.2154] 
	x235: [  0.7061,   0.8061] 
	x236: [  0.6027,   0.7027] 
	x237: [ -1.4782,  -1.3782] 
	x238: [  0.3351,   0.4351] 
	x239: [  4.4655,   4.5655] 
	x240: [  0.9479,   1.0479] 
	x241: [ -2.2545,  -2.1545] 
	x242: [ -1.3904,  -1.2904] 
	x243: [  1.7036,   1.8036] 
	x244: [  0.5191,   0.6191] 
	x245: [  1.0437,   1.1437] 
	x246: [  0.0589,   0.1589] 
	x247: [ -0.5124,  -0.4124] 
	x248: [ -2.9889,  -2.8889] 
	x249: [  4.1791,   4.2791] 
	x250: [ -3.5356,  -3.4356] 
	x251: [  0.2482,   0.3482] 
	x252: [ -0.4567,  -0.3567] 
	x253: [ -2.9455,  -2.8455] 
	x254: [  0.0675,   0.1675] 
	x255: [  2.8225,   2.9225] 
	x256: [  1.2451,   1.3451] 
	x257: [ -0.8188,  -0.7188] 
	x258: [ -1.6136,  -1.5136] 
	x259: [  1.0514,   1.1514] 
	x260: [ -1.5216,  -1.4216] 
	x261: [ -1.6345,  -1.5345] 
	x262: [  0.9616,   1.0616] 
	x263: [  1.1965,   1.2965] 
	x264: [  1.6799,   1.7799] 
	x265: [  2.9508,   3.0508] 
	x266: [  1.5611,   1.6611] 
	x267: [  0.3844,   0.4844] 
	x268: [ -3.4064,  -3.3064] 
	x269: [ -1.3264,  -1.2264] 
	x270: [  3.8958,   3.9958] 
	x271: [ -1.7630,  -1.6630] 
	x272: [ -0.6579,  -0.5579] 
	x273: [  1.5469,   1.6469] 
	x274: [  0.5805,   0.6805] 
	x275: [  0.1950,   0.2950] 
	x276: [  0.2465,   0.3465] 
	x277: [  0.4008,   0.5008] 
	x278: [ -1.9124,  -1.8124] 
	x279: [  3.6123,   3.7123] 
	x280: [ -0.9214,  -0.8214] 
	x281: [ -1.4863,  -1.3863] 
	x282: [ -0.0849,   0.0151] 
	x283: [ -3.3453,  -3.2453] 
	x284: [ -0.5570,  -0.4570] 
	x285: [  0.9966,   1.0966] 
	x286: [ -1.0421,  -0.9421] 
	x287: [  0.1224,   0.2224] 
	x288: [ -2.4992,  -2.3992] 
	x289: [ -0.5068,  -0.4068] 
	x290: [ -2.9302,  -2.8302] 
	x291: [  0.1514,   0.2514] 
	x292: [  2.6005,   2.7005] 
	x293: [ -1.0413,  -0.9413] 
	x294: [  0.7024,   0.8024] 
	x295: [ -0.0159,   0.0841] 
	x296: [  0.3777,   0.4777] 
	x297: [  0.4785,   0.5785] 
	x298: [ -3.5758,  -3.4758] 
	x299: [ -2.0541,  -1.9541] 
	x300: [  0.9683,   1.0683] 
	x301: [  1.1702,   1.2702] 
	x302: [  1.3392,   1.4392] 
	x303: [ -3.2259,  -3.1259] 
	x304: [ -1.2187,  -1.1187] 
	x305: [ -2.1162,  -2.0162] 
	x306: [ -1.1812,  -1.0812] 
	x307: [ -0.7736,  -0.6736] 
	x308: [ -2.4771,  -2.3771] 
	x309: [  1.4384,   1.5384] 
	x310: [  0.9078,   1.0078] 
	x311: [  0.6079,   0.7079] 
	x312: [  1.4068,   1.5068] 
	x313: [  1.1049,   1.2049] 
	x314: [ -1.6204,  -1.5204] 
	x315: [ -0.9713,  -0.8713] 
	x316: [  1.4059,   1.5059] 
	x317: [ -0.5234,  -0.4234] 
	x318: [  1.7660,   1.8660] 
	x319: [ -2.2503,  -2.1503] 
	x320: [ -1.9454,  -1.8454] 
	x321: [  3.9750,   4.0750] 
	x322: [  1.3276,   1.4276] 
	x323: [  1.2055,   1.3055] 
	x324: [ -0.6311,  -0.5311] 
	x325: [ -1.9439,  -1.8439] 
	x326: [ -0.1208,  -0.0208] 
	x327: [  0.6456,   0.7456] 
	x328: [  0.9881,   1.0881] 
	x329: [ -0.2204,  -0.1204] 
	x330: [  5.3825,   5.4825] 
	x331: [ -0.5483,  -0.4483] 
	x332: [  2.6759,   2.7759] 
	x333: [ -0.0512,   0.0488] 
	x334: [ -3.5312,  -3.4312] 
	x335: [ -0.8713,  -0.7713] 
	x336: [ -0.9079,  -0.8079] 
	x337: [  2.1316,   2.2316] 
	x338: [  0.1037,   0.2037] 
	x339: [ -1.0309,  -0.9309] 
	x340: [ -1.4550,  -1.3550] 
	x341: [ -0.8022,  -0.7022] 
	x342: [  1.9159,   2.0159] 
	x343: [  1.2942,   1.3942] 
	x344: [  2.8648,   2.9648] 
	x345: [  0.3361,   0.4361] 
	x346: [  3.2195,   3.3195] 
	x347: [ -2.8078,  -2.7078] 
	x348: [  0.1677,   0.2677] 
	x349: [  2.3173,   2.4173] 
	x350: [ -4.5156,  -4.4156] 
	x351: [ -0.0139,   0.0861] 
	x352: [  0.6837,   0.7837] 
	x353: [  0.6100,   0.7100] 
	x354: [ -1.1107,  -1.0107] 
	x355: [  0.7882,   0.8882] 
	x356: [  2.1567,   2.2567] 
	x357: [  0.6313,   0.7313] 
	x358: [  0.3986,   0.4986] 
	x359: [  0.6178,   0.7178] 
	x360: [ -0.1616,  -0.0616] 
	x361: [ -1.5480,  -1.4480] 
	x362: [ -2.2033,  -2.1033] 
	x363: [  1.4582,   1.5582] 
	x364: [  1.6639,   1.7639] 
	x365: [  0.4363,   0.5363] 
	x366: [ -1.3393,  -1.2393] 
	x367: [  1.1366,   1.2366] 
	x368: [ -1.7321,  -1.6321] 
	x369: [ -0.0192,   0.0808] 
	x370: [ -0.3327,  -0.2327] 
	x371: [ -1.1495,  -1.0495] 
	x372: [  2.8726,   2.9726] 
	x373: [  0.3171,   0.4171] 
	x374: [  0.0649,   0.1649] 
	x375: [  2.1874,   2.2874] 
	x376: [  2.4426,   2.5426] 
	x377: [  0.2275,   0.3275] 
	x378: [ -2.2372,  -2.1372] 
	x379: [ -0.8941,  -0.7941] 
	x380: [  3.8662,   3.9662] 
	x381: [  0.1781,   0.2781] 
	x382: [ -2.5486,  -2.4486] 
	x383: [ -0.9400,  -0.8400] 
	x384: [ -1.9583,  -1.8583] 
	x385: [  0.3492,   0.4492] 
	x386: [ -1.5687,  -1.4687] 
	x387: [ -0.9313,  -0.8313] 
	x388: [ -0.4711,  -0.3711] 
	x389: [ -0.8919,  -0.7919] 
	x390: [ -0.8667,  -0.7667] 
	x391: [  1.4409,   1.5409] 
	x392: [  0.2413,   0.3413] 
	x393: [  1.3168,   1.4168] 
	x394: [ -0.2375,  -0.1375] 
	x395: [ -2.0350,  -1.9350] 
	x396: [  1.9305,   2.0305] 
	x397: [ -2.3674,  -2.2674] 
	x398: [ -0.9020,  -0.8020] 
	x399: [  0.3238,   0.4238] 
	x400: [  0.5771,   0.6771] 
	x401: [ -0.2267,  -0.1267] 
	x402: [ -2.4659,  -2.3659] 
	x403: [ -5.2754,  -5.1754] 
	x404: [ -1.1266,  -1.0266] 
	x405: [  1.9637,   2.0637] 
	x406: [  1.9726,   2.0726] 
	x407: [ -3.0699,  -2.9699] 
	x408: [  3.5521,   3.6521] 
	x409: [  1.4565,   1.5565] 
	x410: [ -2.1141,  -2.0141] 
	x411: [  0.3202,   0.4202] 
	x412: [  0.1784,   0.2784] 
	x413: [ -1.2104,  -1.1104] 
	x414: [  1.6243,   1.7243] 
	x415: [  0.6020,   0.7020] 
	x416: [ -2.4636,  -2.3636] 
	x417: [ -2.2027,  -2.1027] 
	x418: [ -1.2483,  -1.1483] 
	x419: [  1.5233,   1.6233] 
	x420: [ -1.1723,  -1.0723] 
	x421: [ -0.1381,  -0.0381] 
	x422: [ -2.6379,  -2.5379] 
	x423: [  1.0409,   1.1409] 
	x424: [  0.1499,   0.2499] 
	x425: [ -1.7361,  -1.6361] 
	x426: [ -1.8808,  -1.7808] 
	x427: [ -0.0420,   0.0580] 
	x428: [  0.0579,   0.1579] 
	x429: [  2.5321,   2.6321] 
	x430: [  0.9901,   1.0901] 
	x431: [ -2.5006,  -2.4006] 
	x432: [  2.1888,   2.2888] 
	x433: [ -2.1168,  -2.0168] 
	x434: [  1.9092,   2.0092] 
	x435: [  1.0632,   1.1632] 
	x436: [  0.7825,   0.8825] 
	x437: [ -0.4189,  -0.3189] 
	x438: [ -0.3388,  -0.2388] 
	x439: [ -0.6315,  -0.5315] 
	x440: [ -3.2044,  -3.1044] 
	x441: [ -0.0022,   0.0978] 
	x442: [  1.7150,   1.8150] 
	x443: [ -1.3593,  -1.2593] 
	x444: [  1.3705,   1.4705] 
	x445: [  0.0018,   0.1018] 
	x446: [  0.4043,   0.5043] 
	x447: [  2.7934,   2.8934] 
	x448: [ -0.2253,  -0.1253] 
	x449: [  1.2943,   1.3943] 
	x450: [ -1.6541,  -1.5541] 
	x451: [ -1.4072,  -1.3072] 
	x452: [ -1.7538,  -1.6538] 
	x453: [  1.6381,   1.7381] 
	x454: [ -4.1866,  -4.0866] 
	x455: [ -1.5878,  -1.4878] 
	x456: [ -1.6446,  -1.5446] 
	x457: [  0.8445,   0.9445] 
	x458: [ -3.9472,  -3.8472] 
	x459: [  1.6097,   1.7097] 
	x460: [ -0.1479,  -0.0479] 
	x461: [  1.2797,   1.3797] 
	x462: [ -1.2118,  -1.1118] 
	x463: [  0.3526,   0.4526] 
	x464: [ -1.3448,  -1.2448] 
	x465: [ -0.1923,  -0.0923] 
	x466: [ -0.2472,  -0.1472] 
	x467: [ -1.2848,  -1.1848] 
	x468: [ -1.0605,  -0.9605] 
	x469: [  2.0470,   2.1470] 
	x470: [  0.3679,   0.4679] 
	x471: [ -1.0529,  -0.9529] 
	x472: [  0.3427,   0.4427] 
	x473: [  1.7890,   1.8890] 
	x474: [ -0.2713,  -0.1713] 
	x475: [  0.6054,   0.7054] 
	x476: [  0.4737,   0.5737] 
	x477: [  1.6106,   1.7106] 
	x478: [  0.5758,   0.6758] 
	x479: [ -0.5343,  -0.4343] 
	x480: [  0.9858,   1.0858] 
	x481: [  2.8561,   2.9561] 
	x482: [ -0.5792,  -0.4792] 
	x483: [  1.6578,   1.7578] 
	x484: [  2.6526,   2.7526] 
	x485: [ -1.1793,  -1.0793] 
	x486: [  0.3701,   0.4701] 
	x487: [  0.1478,   0.2478] 
	x488: [ -1.3687,  -1.2687] 
	x489: [ -1.1841,  -1.0841] 
	x490: [ -1.6703,  -1.5703] 
	x491: [  3.2010,   3.3010] 
	x492: [  0.4419,   0.5419] 
	x493: [  0.8372,   0.9372] 
	x494: [  2.2312,   2.3312] 
	x495: [  2.3326,   2.4326] 
	x496: [ -1.4020,  -1.3020] 
	x497: [  2.0335,   2.1335] 
	x498: [  3.2528,   3.3528] 
	x499: [  0.1034,   0.2034] 
	x500: [  0.7702,   0.8702] 
	x501: [  0.7666,   0.8666] 
	x502: [ -2.0980,  -1.9980] 
	x503: [  0.2596,   0.3596] 
	x504: [ -4.5378,  -4.4378] 
	x505: [  1.7484,   1.8484] 
	x506: [  2.6171,   2.7171] 
	x507: [ -1.9111,  -1.8111] 
	x508: [  0.6479,   0.7479] 
	x509: [ -0.2689,  -0.1689] 
	x510: [ -1.3244,  -1.2244] 
	x511: [  1.1330,   1.2330] 

Branching heuristics set to PseudoImpact
unsat
