InputQuery: /home/levn/Workspace/othello_world/queries/probe_robust/game_6_target_34_eps_0.05.txt
Engine::processInputQuery: Input query (before preprocessing): 449 equations, 1216 variables
Engine::processInputQuery: Input query (after preprocessing): 705 equations, 1279 variables

Input bounds:
	x0: [  0.5709,   0.6709] 
	x1: [ -1.9724,  -1.8724] 
	x2: [ -1.4632,  -1.3632] 
	x3: [  2.6504,   2.7504] 
	x4: [  2.5152,   2.6152] 
	x5: [ -1.4907,  -1.3907] 
	x6: [ -1.3639,  -1.2639] 
	x7: [  0.6197,   0.7197] 
	x8: [  0.9212,   1.0212] 
	x9: [  0.7390,   0.8390] 
	x10: [  0.1229,   0.2229] 
	x11: [ -0.0217,   0.0783] 
	x12: [  1.3998,   1.4998] 
	x13: [ -0.5904,  -0.4904] 
	x14: [ -1.0336,  -0.9336] 
	x15: [ -1.1835,  -1.0835] 
	x16: [ -1.2225,  -1.1225] 
	x17: [  0.6661,   0.7661] 
	x18: [ -0.0417,   0.0583] 
	x19: [  1.5647,   1.6647] 
	x20: [ -0.4331,  -0.3331] 
	x21: [  0.7442,   0.8442] 
	x22: [ -1.5613,  -1.4613] 
	x23: [  0.0170,   0.1170] 
	x24: [ -2.9931,  -2.8931] 
	x25: [ -0.0656,   0.0344] 
	x26: [  0.7595,   0.8595] 
	x27: [ -1.5967,  -1.4967] 
	x28: [ -1.8195,  -1.7195] 
	x29: [ -1.4950,  -1.3950] 
	x30: [ -2.9485,  -2.8485] 
	x31: [  2.3332,   2.4332] 
	x32: [ -2.4641,  -2.3641] 
	x33: [ -0.9421,  -0.8421] 
	x34: [  2.4269,   2.5269] 
	x35: [  0.8840,   0.9840] 
	x36: [ -0.1485,  -0.0485] 
	x37: [ -2.2472,  -2.1472] 
	x38: [  0.5598,   0.6598] 
	x39: [ -3.9495,  -3.8495] 
	x40: [ -0.6248,  -0.5248] 
	x41: [  0.1324,   0.2324] 
	x42: [  2.0255,   2.1255] 
	x43: [ -0.2024,  -0.1024] 
	x44: [ -0.5883,  -0.4883] 
	x45: [ -1.1003,  -1.0003] 
	x46: [ -0.3768,  -0.2768] 
	x47: [  1.8967,   1.9967] 
	x48: [ -0.2225,  -0.1225] 
	x49: [  0.6418,   0.7418] 
	x50: [ -0.1354,  -0.0354] 
	x51: [ -0.4750,  -0.3750] 
	x52: [  2.2254,   2.3254] 
	x53: [ -0.3288,  -0.2288] 
	x54: [  1.3441,   1.4441] 
	x55: [  2.3028,   2.4028] 
	x56: [ -0.6627,  -0.5627] 
	x57: [  0.3756,   0.4756] 
	x58: [  1.0943,   1.1943] 
	x59: [ -0.1874,  -0.0874] 
	x60: [  2.8061,   2.9061] 
	x61: [ -1.1713,  -1.0713] 
	x62: [ -0.4824,  -0.3824] 
	x63: [ -1.5992,  -1.4992] 
	x64: [ -1.1592,  -1.0592] 
	x65: [  1.7434,   1.8434] 
	x66: [ -1.9209,  -1.8209] 
	x67: [ -3.4831,  -3.3831] 
	x68: [ -0.5184,  -0.4184] 
	x69: [  0.6832,   0.7832] 
	x70: [ -1.3576,  -1.2576] 
	x71: [  0.5223,   0.6223] 
	x72: [ -0.6224,  -0.5224] 
	x73: [  0.4661,   0.5661] 
	x74: [ -1.2902,  -1.1902] 
	x75: [ -3.2772,  -3.1772] 
	x76: [ -1.5392,  -1.4392] 
	x77: [  2.8750,   2.9750] 
	x78: [ -0.7302,  -0.6302] 
	x79: [ -0.6215,  -0.5215] 
	x80: [ -1.7715,  -1.6715] 
	x81: [ -0.1777,  -0.0777] 
	x82: [ -0.8158,  -0.7158] 
	x83: [ -0.3569,  -0.2569] 
	x84: [  3.1532,   3.2532] 
	x85: [ -0.0334,   0.0666] 
	x86: [  1.4846,   1.5846] 
	x87: [ -1.7241,  -1.6241] 
	x88: [  0.6871,   0.7871] 
	x89: [  0.0909,   0.1909] 
	x90: [  1.8604,   1.9604] 
	x91: [  0.6186,   0.7186] 
	x92: [  0.4336,   0.5336] 
	x93: [  1.4277,   1.5277] 
	x94: [ -2.0559,  -1.9559] 
	x95: [ -0.7081,  -0.6081] 
	x96: [  0.3599,   0.4599] 
	x97: [ -1.0282,  -0.9282] 
	x98: [ -3.4819,  -3.3819] 
	x99: [  3.2298,   3.3298] 
	x100: [ -0.1482,  -0.0482] 
	x101: [ -0.5381,  -0.4381] 
	x102: [  1.8811,   1.9811] 
	x103: [ -1.2664,  -1.1664] 
	x104: [ -2.0155,  -1.9155] 
	x105: [  0.6774,   0.7774] 
	x106: [  0.0704,   0.1704] 
	x107: [  1.4932,   1.5932] 
	x108: [  1.0757,   1.1757] 
	x109: [  0.0376,   0.1376] 
	x110: [  0.5408,   0.6408] 
	x111: [  0.2417,   0.3417] 
	x112: [ -2.1447,  -2.0447] 
	x113: [  1.7609,   1.8609] 
	x114: [ -1.7851,  -1.6851] 
	x115: [  0.2701,   0.3701] 
	x116: [  0.6285,   0.7285] 
	x117: [ -0.0060,   0.0940] 
	x118: [  1.8976,   1.9976] 
	x119: [  3.4617,   3.5617] 
	x120: [  1.3262,   1.4262] 
	x121: [ -2.7928,  -2.6928] 
	x122: [  0.8074,   0.9074] 
	x123: [  0.6498,   0.7498] 
	x124: [ -0.4387,  -0.3387] 
	x125: [ -0.0194,   0.0806] 
	x126: [ -1.6055,  -1.5055] 
	x127: [ -0.2190,  -0.1190] 
	x128: [ -0.6646,  -0.5646] 
	x129: [  2.7360,   2.8360] 
	x130: [ -2.6395,  -2.5395] 
	x131: [ -2.9670,  -2.8670] 
	x132: [  0.2632,   0.3632] 
	x133: [ -0.1302,  -0.0302] 
	x134: [  2.2782,   2.3782] 
	x135: [ -0.9351,  -0.8351] 
	x136: [ -1.6680,  -1.5680] 
	x137: [  2.1700,   2.2700] 
	x138: [  1.9699,   2.0699] 
	x139: [ -3.1220,  -3.0220] 
	x140: [  0.5968,   0.6968] 
	x141: [  1.1293,   1.2293] 
	x142: [  0.8071,   0.9071] 
	x143: [  1.4053,   1.5053] 
	x144: [ -3.8086,  -3.7086] 
	x145: [  4.7577,   4.8577] 
	x146: [  1.0145,   1.1145] 
	x147: [  0.7117,   0.8117] 
	x148: [  2.9028,   3.0028] 
	x149: [ -1.5033,  -1.4033] 
	x150: [  1.7362,   1.8362] 
	x151: [  0.9353,   1.0353] 
	x152: [  0.5658,   0.6658] 
	x153: [ -3.7631,  -3.6631] 
	x154: [ -2.5229,  -2.4229] 
	x155: [  4.7384,   4.8384] 
	x156: [ -1.5006,  -1.4006] 
	x157: [  2.4781,   2.5781] 
	x158: [  0.1903,   0.2903] 
	x159: [  1.4680,   1.5680] 
	x160: [ -1.1247,  -1.0247] 
	x161: [  0.9271,   1.0271] 
	x162: [ -0.1771,  -0.0771] 
	x163: [ -1.3292,  -1.2292] 
	x164: [ -3.4766,  -3.3766] 
	x165: [ -2.2039,  -2.1039] 
	x166: [ -0.0172,   0.0828] 
	x167: [  0.8101,   0.9101] 
	x168: [ -4.1439,  -4.0439] 
	x169: [ -1.0192,  -0.9192] 
	x170: [ -0.1753,  -0.0753] 
	x171: [ -0.9014,  -0.8014] 
	x172: [  1.9805,   2.0805] 
	x173: [ -0.2103,  -0.1103] 
	x174: [ -1.6837,  -1.5837] 
	x175: [ -0.1990,  -0.0990] 
	x176: [  2.3460,   2.4460] 
	x177: [ -0.1290,  -0.0290] 
	x178: [  1.3285,   1.4285] 
	x179: [ -0.3738,  -0.2738] 
	x180: [ -0.5034,  -0.4034] 
	x181: [  2.3670,   2.4670] 
	x182: [  0.0707,   0.1707] 
	x183: [ -0.1444,  -0.0444] 
	x184: [ -0.2319,  -0.1319] 
	x185: [ -2.2036,  -2.1036] 
	x186: [  4.8820,   4.9820] 
	x187: [  1.0321,   1.1321] 
	x188: [  3.0337,   3.1337] 
	x189: [ -0.7037,  -0.6037] 
	x190: [ -0.0734,   0.0266] 
	x191: [  3.6394,   3.7394] 
	x192: [  1.0691,   1.1691] 
	x193: [  0.8658,   0.9658] 
	x194: [  0.0844,   0.1844] 
	x195: [  0.7672,   0.8672] 
	x196: [ -1.3791,  -1.2791] 
	x197: [  0.6202,   0.7202] 
	x198: [ -2.0875,  -1.9875] 
	x199: [ -0.0032,   0.0968] 
	x200: [ -0.4588,  -0.3588] 
	x201: [  1.9191,   2.0191] 
	x202: [  1.0073,   1.1073] 
	x203: [ -0.6665,  -0.5665] 
	x204: [ -0.9315,  -0.8315] 
	x205: [  0.8643,   0.9643] 
	x206: [  1.2783,   1.3783] 
	x207: [ -0.0471,   0.0529] 
	x208: [ -1.9835,  -1.8835] 
	x209: [  1.6666,   1.7666] 
	x210: [  0.1060,   0.2060] 
	x211: [  0.5818,   0.6818] 
	x212: [  1.8866,   1.9866] 
	x213: [  0.4754,   0.5754] 
	x214: [  1.6724,   1.7724] 
	x215: [ -3.0814,  -2.9814] 
	x216: [ -0.2024,  -0.1024] 
	x217: [  2.3510,   2.4510] 
	x218: [ -0.7147,  -0.6147] 
	x219: [ -2.5189,  -2.4189] 
	x220: [ -0.9732,  -0.8732] 
	x221: [  1.0619,   1.1619] 
	x222: [ -0.2831,  -0.1831] 
	x223: [ -0.1889,  -0.0889] 
	x224: [ -1.7116,  -1.6116] 
	x225: [  1.9093,   2.0093] 
	x226: [ -1.4945,  -1.3945] 
	x227: [ -0.6602,  -0.5602] 
	x228: [ -2.2654,  -2.1654] 
	x229: [ -2.8461,  -2.7461] 
	x230: [  4.0988,   4.1988] 
	x231: [  3.4071,   3.5071] 
	x232: [ -1.8528,  -1.7528] 
	x233: [ -1.5204,  -1.4204] 
	x234: [  0.8494,   0.9494] 
	x235: [ -0.2280,  -0.1280] 
	x236: [  0.7158,   0.8158] 
	x237: [ -3.3568,  -3.2568] 
	x238: [  0.1315,   0.2315] 
	x239: [ -0.7030,  -0.6030] 
	x240: [  0.4635,   0.5635] 
	x241: [  1.4347,   1.5347] 
	x242: [ -0.7239,  -0.6239] 
	x243: [  4.0229,   4.1229] 
	x244: [ -0.3204,  -0.2204] 
	x245: [  1.1799,   1.2799] 
	x246: [ -2.0863,  -1.9863] 
	x247: [  0.2443,   0.3443] 
	x248: [  1.9751,   2.0751] 
	x249: [ -2.8349,  -2.7349] 
	x250: [  1.5479,   1.6479] 
	x251: [ -0.9908,  -0.8908] 
	x252: [ -1.4820,  -1.3820] 
	x253: [  0.4999,   0.5999] 
	x254: [  0.0856,   0.1856] 
	x255: [ -2.5289,  -2.4289] 
	x256: [  2.3606,   2.4606] 
	x257: [  1.2963,   1.3963] 
	x258: [  1.5298,   1.6298] 
	x259: [ -3.0386,  -2.9386] 
	x260: [  4.3423,   4.4423] 
	x261: [ -0.0514,   0.0486] 
	x262: [  1.7000,   1.8000] 
	x263: [  1.2849,   1.3849] 
	x264: [  0.5915,   0.6915] 
	x265: [ -1.9408,  -1.8408] 
	x266: [ -4.3460,  -4.2460] 
	x267: [ -3.4798,  -3.3798] 
	x268: [ -3.5756,  -3.4756] 
	x269: [ -1.3031,  -1.2031] 
	x270: [  2.8691,   2.9691] 
	x271: [ -1.2498,  -1.1498] 
	x272: [ -1.2134,  -1.1134] 
	x273: [ -0.5875,  -0.4875] 
	x274: [ -0.0238,   0.0762] 
	x275: [ -0.6597,  -0.5597] 
	x276: [ -0.0419,   0.0581] 
	x277: [ -1.3375,  -1.2375] 
	x278: [  0.9531,   1.0531] 
	x279: [  1.4482,   1.5482] 
	x280: [  1.0784,   1.1784] 
	x281: [  0.1554,   0.2554] 
	x282: [  0.1216,   0.2216] 
	x283: [  0.3869,   0.4869] 
	x284: [ -0.8085,  -0.7085] 
	x285: [ -0.8859,  -0.7859] 
	x286: [ -1.2064,  -1.1064] 
	x287: [ -0.1097,  -0.0097] 
	x288: [  0.1332,   0.2332] 
	x289: [  1.5081,   1.6081] 
	x290: [ -2.4913,  -2.3913] 
	x291: [  1.8689,   1.9689] 
	x292: [ -2.0729,  -1.9729] 
	x293: [ -0.9437,  -0.8437] 
	x294: [ -0.2460,  -0.1460] 
	x295: [ -1.9612,  -1.8612] 
	x296: [ -1.4895,  -1.3895] 
	x297: [  2.1768,   2.2768] 
	x298: [ -1.0154,  -0.9154] 
	x299: [  1.4555,   1.5555] 
	x300: [ -0.9790,  -0.8790] 
	x301: [ -0.1527,  -0.0527] 
	x302: [  4.1289,   4.2289] 
	x303: [  5.7602,   5.8602] 
	x304: [ -1.3676,  -1.2676] 
	x305: [  1.5751,   1.6751] 
	x306: [ -4.1099,  -4.0099] 
	x307: [ -3.0359,  -2.9359] 
	x308: [ -0.9818,  -0.8818] 
	x309: [  0.5128,   0.6128] 
	x310: [ -1.6881,  -1.5881] 
	x311: [  0.0925,   0.1925] 
	x312: [  2.9441,   3.0441] 
	x313: [ -0.8501,  -0.7501] 
	x314: [ -1.8376,  -1.7376] 
	x315: [ -1.9496,  -1.8496] 
	x316: [ -0.3728,  -0.2728] 
	x317: [ -1.5159,  -1.4159] 
	x318: [ -1.6663,  -1.5663] 
	x319: [  1.4159,   1.5159] 
	x320: [  0.8356,   0.9356] 
	x321: [ -2.3154,  -2.2154] 
	x322: [ -3.9596,  -3.8596] 
	x323: [  2.4930,   2.5930] 
	x324: [  1.3551,   1.4551] 
	x325: [  0.9173,   1.0173] 
	x326: [ -0.8163,  -0.7163] 
	x327: [ -0.1104,  -0.0104] 
	x328: [  0.6274,   0.7274] 
	x329: [ -0.4616,  -0.3616] 
	x330: [ -1.1295,  -1.0295] 
	x331: [  1.4081,   1.5081] 
	x332: [  0.9055,   1.0055] 
	x333: [  1.0208,   1.1208] 
	x334: [ -1.2639,  -1.1639] 
	x335: [ -1.4278,  -1.3278] 
	x336: [ -2.7548,  -2.6548] 
	x337: [  1.9158,   2.0158] 
	x338: [  0.4234,   0.5234] 
	x339: [  3.2866,   3.3866] 
	x340: [ -2.8041,  -2.7041] 
	x341: [  0.4963,   0.5963] 
	x342: [  1.4025,   1.5025] 
	x343: [  1.2726,   1.3726] 
	x344: [ -3.6001,  -3.5001] 
	x345: [  0.2776,   0.3776] 
	x346: [  2.6230,   2.7230] 
	x347: [  0.3374,   0.4374] 
	x348: [  2.3423,   2.4423] 
	x349: [  3.6456,   3.7456] 
	x350: [ -0.1995,  -0.0995] 
	x351: [  0.8041,   0.9041] 
	x352: [ -1.2376,  -1.1376] 
	x353: [  0.5745,   0.6745] 
	x354: [ -1.5765,  -1.4765] 
	x355: [  1.0694,   1.1694] 
	x356: [ -0.9266,  -0.8266] 
	x357: [ -0.1582,  -0.0582] 
	x358: [  1.5083,   1.6083] 
	x359: [  0.0843,   0.1843] 
	x360: [ -3.6373,  -3.5373] 
	x361: [  1.6418,   1.7418] 
	x362: [  0.6264,   0.7264] 
	x363: [ -2.2639,  -2.1639] 
	x364: [ -0.0462,   0.0538] 
	x365: [  1.5702,   1.6702] 
	x366: [  2.3147,   2.4147] 
	x367: [  0.0545,   0.1545] 
	x368: [  0.2802,   0.3802] 
	x369: [  1.2393,   1.3393] 
	x370: [  1.2888,   1.3888] 
	x371: [ -3.3976,  -3.2976] 
	x372: [ -3.6455,  -3.5455] 
	x373: [  0.4722,   0.5722] 
	x374: [  0.6370,   0.7370] 
	x375: [ -2.2557,  -2.1557] 
	x376: [  0.3177,   0.4177] 
	x377: [  0.1253,   0.2253] 
	x378: [  0.2075,   0.3075] 
	x379: [  0.3805,   0.4805] 
	x380: [  0.9492,   1.0492] 
	x381: [  2.4041,   2.5041] 
	x382: [  0.5603,   0.6603] 
	x383: [ -0.0077,   0.0923] 
	x384: [ -1.4630,  -1.3630] 
	x385: [  0.6453,   0.7453] 
	x386: [ -0.3613,  -0.2613] 
	x387: [ -1.4703,  -1.3703] 
	x388: [  0.7283,   0.8283] 
	x389: [  0.0366,   0.1366] 
	x390: [ -1.1175,  -1.0175] 
	x391: [ -2.6625,  -2.5625] 
	x392: [ -1.3436,  -1.2436] 
	x393: [ -1.5673,  -1.4673] 
	x394: [ -1.4912,  -1.3912] 
	x395: [  1.3147,   1.4147] 
	x396: [ -0.7232,  -0.6232] 
	x397: [  0.2551,   0.3551] 
	x398: [  0.0785,   0.1785] 
	x399: [ -1.0196,  -0.9196] 
	x400: [  0.8096,   0.9096] 
	x401: [ -1.0534,  -0.9534] 
	x402: [ -0.6781,  -0.5781] 
	x403: [ -2.5200,  -2.4200] 
	x404: [  0.0488,   0.1488] 
	x405: [  0.6920,   0.7920] 
	x406: [ -2.6705,  -2.5705] 
	x407: [  2.4243,   2.5243] 
	x408: [  0.3575,   0.4575] 
	x409: [  0.5609,   0.6609] 
	x410: [  2.6600,   2.7600] 
	x411: [ -2.1021,  -2.0021] 
	x412: [  0.1986,   0.2986] 
	x413: [  0.1591,   0.2591] 
	x414: [ -1.4046,  -1.3046] 
	x415: [  1.8215,   1.9215] 
	x416: [  1.9844,   2.0844] 
	x417: [ -0.9986,  -0.8986] 
	x418: [  2.6912,   2.7912] 
	x419: [ -1.6873,  -1.5873] 
	x420: [  0.3034,   0.4034] 
	x421: [  1.9055,   2.0055] 
	x422: [ -2.3591,  -2.2591] 
	x423: [  0.3173,   0.4173] 
	x424: [ -0.5333,  -0.4333] 
	x425: [  1.8716,   1.9716] 
	x426: [ -1.8341,  -1.7341] 
	x427: [  2.8448,   2.9448] 
	x428: [  4.1919,   4.2919] 
	x429: [  1.6482,   1.7482] 
	x430: [ -2.8467,  -2.7467] 
	x431: [ -1.2898,  -1.1898] 
	x432: [ -0.7793,  -0.6793] 
	x433: [  3.7504,   3.8504] 
	x434: [  0.5687,   0.6687] 
	x435: [  0.0328,   0.1328] 
	x436: [ -1.5713,  -1.4713] 
	x437: [  1.7484,   1.8484] 
	x438: [  2.8984,   2.9984] 
	x439: [  1.2608,   1.3608] 
	x440: [  2.7235,   2.8235] 
	x441: [  1.1096,   1.2096] 
	x442: [ -0.0277,   0.0723] 
	x443: [ -0.8857,  -0.7857] 
	x444: [  3.7043,   3.8043] 
	x445: [ -2.1426,  -2.0426] 
	x446: [  0.3595,   0.4595] 
	x447: [ -0.9961,  -0.8961] 
	x448: [  2.0513,   2.1513] 
	x449: [  1.0567,   1.1567] 
	x450: [  1.7153,   1.8153] 
	x451: [ -1.1688,  -1.0688] 
	x452: [  1.6688,   1.7688] 
	x453: [ -1.0568,  -0.9568] 
	x454: [ -0.2631,  -0.1631] 
	x455: [ -2.5552,  -2.4552] 
	x456: [  0.1275,   0.2275] 
	x457: [  0.4489,   0.5489] 
	x458: [ -1.7676,  -1.6676] 
	x459: [ -2.8317,  -2.7317] 
	x460: [ -0.1338,  -0.0338] 
	x461: [ -3.6802,  -3.5802] 
	x462: [ -3.0063,  -2.9063] 
	x463: [ -2.8407,  -2.7407] 
	x464: [  1.6413,   1.7413] 
	x465: [  3.0248,   3.1248] 
	x466: [ -0.0984,   0.0016] 
	x467: [  1.3989,   1.4989] 
	x468: [ -0.2534,  -0.1534] 
	x469: [ -1.5694,  -1.4694] 
	x470: [ -1.6965,  -1.5965] 
	x471: [  1.5441,   1.6441] 
	x472: [ -3.7661,  -3.6661] 
	x473: [ -1.0175,  -0.9175] 
	x474: [ -2.0092,  -1.9092] 
	x475: [ -0.6713,  -0.5713] 
	x476: [  2.3527,   2.4527] 
	x477: [ -1.4626,  -1.3626] 
	x478: [  0.9089,   1.0089] 
	x479: [ -0.4926,  -0.3926] 
	x480: [  1.7166,   1.8166] 
	x481: [ -1.5227,  -1.4227] 
	x482: [ -1.2307,  -1.1307] 
	x483: [ -0.2928,  -0.1928] 
	x484: [ -0.2122,  -0.1122] 
	x485: [ -0.5097,  -0.4097] 
	x486: [ -0.8449,  -0.7449] 
	x487: [ -0.5650,  -0.4650] 
	x488: [  2.2221,   2.3221] 
	x489: [  0.6978,   0.7978] 
	x490: [ -1.6430,  -1.5430] 
	x491: [ -3.1875,  -3.0875] 
	x492: [ -0.2454,  -0.1454] 
	x493: [  2.3172,   2.4172] 
	x494: [ -0.8378,  -0.7378] 
	x495: [ -3.4776,  -3.3776] 
	x496: [ -0.0578,   0.0422] 
	x497: [ -1.6402,  -1.5402] 
	x498: [  1.2602,   1.3602] 
	x499: [ -3.3183,  -3.2183] 
	x500: [ -1.1411,  -1.0411] 
	x501: [  0.7639,   0.8639] 
	x502: [  2.0757,   2.1757] 
	x503: [  0.2252,   0.3252] 
	x504: [  0.7190,   0.8190] 
	x505: [ -3.7778,  -3.6778] 
	x506: [  1.3875,   1.4875] 
	x507: [ -2.5130,  -2.4130] 
	x508: [ -0.6264,  -0.5264] 
	x509: [ -0.9460,  -0.8460] 
	x510: [  1.1920,   1.2920] 
	x511: [  1.3243,   1.4243] 

Branching heuristics set to PseudoImpact
unsat
