InputQuery: /home/levn/Workspace/othello_world/queries/probe_robust/game_69_target_45_eps_0.1.txt
Engine::processInputQuery: Input query (before preprocessing): 449 equations, 1216 variables
Engine::processInputQuery: Input query (after preprocessing): 705 equations, 1386 variables

Input bounds:
	x0: [  0.4850,   0.6850] 
	x1: [ -0.4976,  -0.2976] 
	x2: [ -3.5039,  -3.3039] 
	x3: [  1.6195,   1.8195] 
	x4: [  2.4027,   2.6027] 
	x5: [  2.5426,   2.7426] 
	x6: [  1.7689,   1.9689] 
	x7: [ -1.3004,  -1.1004] 
	x8: [ -1.6129,  -1.4129] 
	x9: [ -2.1548,  -1.9548] 
	x10: [  2.0580,   2.2580] 
	x11: [ -0.7171,  -0.5171] 
	x12: [  2.3482,   2.5482] 
	x13: [ -2.4126,  -2.2126] 
	x14: [  3.3205,   3.5205] 
	x15: [  0.2382,   0.4382] 
	x16: [ -1.2512,  -1.0512] 
	x17: [  0.9144,   1.1144] 
	x18: [ -2.3207,  -2.1207] 
	x19: [  2.9410,   3.1410] 
	x20: [  1.7993,   1.9993] 
	x21: [  3.1662,   3.3662] 
	x22: [ -1.1263,  -0.9263] 
	x23: [  0.8023,   1.0023] 
	x24: [ -2.1135,  -1.9135] 
	x25: [ -2.0385,  -1.8385] 
	x26: [  0.9828,   1.1828] 
	x27: [  1.7000,   1.9000] 
	x28: [ -1.0914,  -0.8914] 
	x29: [ -0.2308,  -0.0308] 
	x30: [  2.3938,   2.5938] 
	x31: [  3.5738,   3.7738] 
	x32: [  2.5145,   2.7145] 
	x33: [  4.0905,   4.2905] 
	x34: [ -3.4752,  -3.2752] 
	x35: [ -1.6946,  -1.4946] 
	x36: [  0.3483,   0.5483] 
	x37: [ -2.4929,  -2.2929] 
	x38: [ -4.2972,  -4.0972] 
	x39: [ -1.2392,  -1.0392] 
	x40: [  2.1788,   2.3788] 
	x41: [  1.3708,   1.5708] 
	x42: [ -3.3496,  -3.1496] 
	x43: [ -0.9380,  -0.7380] 
	x44: [ -1.9455,  -1.7455] 
	x45: [ -1.3550,  -1.1550] 
	x46: [ -1.6419,  -1.4419] 
	x47: [  2.2548,   2.4548] 
	x48: [  0.2499,   0.4499] 
	x49: [ -2.6210,  -2.4210] 
	x50: [  3.6993,   3.8993] 
	x51: [ -2.3015,  -2.1015] 
	x52: [  0.8179,   1.0179] 
	x53: [ -0.0148,   0.1852] 
	x54: [ -0.2248,  -0.0248] 
	x55: [ -0.3924,  -0.1924] 
	x56: [  1.2559,   1.4559] 
	x57: [ -4.1477,  -3.9477] 
	x58: [  0.6658,   0.8658] 
	x59: [ -1.0506,  -0.8506] 
	x60: [ -0.1915,   0.0085] 
	x61: [ -3.3713,  -3.1713] 
	x62: [  0.7076,   0.9076] 
	x63: [  1.7694,   1.9694] 
	x64: [  0.0199,   0.2199] 
	x65: [  0.2056,   0.4056] 
	x66: [ -1.0644,  -0.8644] 
	x67: [ -2.4269,  -2.2269] 
	x68: [ -0.1035,   0.0965] 
	x69: [ -0.1342,   0.0658] 
	x70: [  2.6138,   2.8138] 
	x71: [ -0.1431,   0.0569] 
	x72: [  1.0173,   1.2173] 
	x73: [ -1.5607,  -1.3607] 
	x74: [ -4.0732,  -3.8732] 
	x75: [ -3.5434,  -3.3434] 
	x76: [  0.9419,   1.1419] 
	x77: [  0.2712,   0.4712] 
	x78: [  1.0066,   1.2066] 
	x79: [  1.9952,   2.1952] 
	x80: [ -2.6982,  -2.4982] 
	x81: [  0.5336,   0.7336] 
	x82: [ -0.8772,  -0.6772] 
	x83: [ -1.9415,  -1.7415] 
	x84: [  0.5639,   0.7639] 
	x85: [ -1.0832,  -0.8832] 
	x86: [ -2.3371,  -2.1371] 
	x87: [  0.5123,   0.7123] 
	x88: [ -0.9542,  -0.7542] 
	x89: [  2.8824,   3.0824] 
	x90: [ -4.3930,  -4.1930] 
	x91: [  0.4823,   0.6823] 
	x92: [ -3.4431,  -3.2431] 
	x93: [  0.3190,   0.5190] 
	x94: [  0.0017,   0.2017] 
	x95: [  1.3921,   1.5921] 
	x96: [  0.3750,   0.5750] 
	x97: [ -3.0764,  -2.8764] 
	x98: [  0.8618,   1.0618] 
	x99: [ -0.6803,  -0.4803] 
	x100: [  0.5450,   0.7450] 
	x101: [ -0.0834,   0.1166] 
	x102: [  1.5119,   1.7119] 
	x103: [ -0.5147,  -0.3147] 
	x104: [  1.0909,   1.2909] 
	x105: [ -0.1459,   0.0541] 
	x106: [  1.0803,   1.2803] 
	x107: [ -0.5595,  -0.3595] 
	x108: [ -2.3175,  -2.1175] 
	x109: [ -1.9319,  -1.7319] 
	x110: [ -0.0252,   0.1748] 
	x111: [  1.6518,   1.8518] 
	x112: [ -1.4384,  -1.2384] 
	x113: [  4.0076,   4.2076] 
	x114: [  1.4682,   1.6682] 
	x115: [ -0.6779,  -0.4779] 
	x116: [ -1.2108,  -1.0108] 
	x117: [  0.3488,   0.5488] 
	x118: [ -0.8848,  -0.6848] 
	x119: [  0.1942,   0.3942] 
	x120: [ -1.0640,  -0.8640] 
	x121: [ -2.0813,  -1.8813] 
	x122: [  0.6764,   0.8764] 
	x123: [ -2.0452,  -1.8452] 
	x124: [ -2.1257,  -1.9257] 
	x125: [ -0.2405,  -0.0405] 
	x126: [  0.7890,   0.9890] 
	x127: [  0.3553,   0.5553] 
	x128: [  1.7655,   1.9655] 
	x129: [ -1.8757,  -1.6757] 
	x130: [ -1.8402,  -1.6402] 
	x131: [  0.8239,   1.0239] 
	x132: [  0.7133,   0.9133] 
	x133: [  1.0439,   1.2439] 
	x134: [ -0.3009,  -0.1009] 
	x135: [  0.2089,   0.4089] 
	x136: [ -0.5854,  -0.3854] 
	x137: [  0.9574,   1.1574] 
	x138: [ -0.8509,  -0.6509] 
	x139: [ -0.7185,  -0.5185] 
	x140: [ -0.0732,   0.1268] 
	x141: [  2.4751,   2.6751] 
	x142: [ -0.9934,  -0.7934] 
	x143: [ -2.3056,  -2.1056] 
	x144: [  0.7733,   0.9733] 
	x145: [  2.6403,   2.8403] 
	x146: [  1.8102,   2.0102] 
	x147: [ -3.9073,  -3.7073] 
	x148: [  1.2499,   1.4499] 
	x149: [  0.3315,   0.5315] 
	x150: [ -1.1618,  -0.9618] 
	x151: [  1.2787,   1.4787] 
	x152: [ -0.0001,   0.1999] 
	x153: [  0.0368,   0.2368] 
	x154: [  0.8230,   1.0230] 
	x155: [  1.3119,   1.5119] 
	x156: [ -0.3852,  -0.1852] 
	x157: [  1.3402,   1.5402] 
	x158: [  0.7486,   0.9486] 
	x159: [  0.3127,   0.5127] 
	x160: [ -2.4997,  -2.2997] 
	x161: [  3.2257,   3.4257] 
	x162: [  0.8202,   1.0202] 
	x163: [  0.1998,   0.3998] 
	x164: [ -3.8238,  -3.6238] 
	x165: [  0.3903,   0.5903] 
	x166: [ -1.0151,  -0.8151] 
	x167: [  0.3705,   0.5705] 
	x168: [ -0.0579,   0.1421] 
	x169: [  0.5625,   0.7625] 
	x170: [ -2.8861,  -2.6861] 
	x171: [  3.4538,   3.6538] 
	x172: [ -0.2743,  -0.0743] 
	x173: [ -2.2671,  -2.0671] 
	x174: [  2.4939,   2.6939] 
	x175: [ -0.7758,  -0.5758] 
	x176: [ -0.6985,  -0.4985] 
	x177: [  0.1500,   0.3500] 
	x178: [  0.7867,   0.9867] 
	x179: [  0.8649,   1.0649] 
	x180: [  2.7993,   2.9993] 
	x181: [  1.3899,   1.5899] 
	x182: [  0.8260,   1.0260] 
	x183: [  0.0728,   0.2728] 
	x184: [  0.9208,   1.1208] 
	x185: [ -0.7171,  -0.5171] 
	x186: [  0.3914,   0.5914] 
	x187: [  1.5006,   1.7006] 
	x188: [  0.5135,   0.7135] 
	x189: [ -0.9206,  -0.7206] 
	x190: [  3.6596,   3.8596] 
	x191: [  2.3578,   2.5578] 
	x192: [ -1.8169,  -1.6169] 
	x193: [ -0.7848,  -0.5848] 
	x194: [  0.7849,   0.9849] 
	x195: [  1.7657,   1.9657] 
	x196: [ -0.0503,   0.1497] 
	x197: [  1.4731,   1.6731] 
	x198: [ -3.5853,  -3.3853] 
	x199: [  2.3434,   2.5434] 
	x200: [  0.5327,   0.7327] 
	x201: [  1.2213,   1.4213] 
	x202: [ -0.1939,   0.0061] 
	x203: [ -0.1450,   0.0550] 
	x204: [ -0.3284,  -0.1284] 
	x205: [ -1.4246,  -1.2246] 
	x206: [ -1.1442,  -0.9442] 
	x207: [ -0.0911,   0.1089] 
	x208: [ -1.6646,  -1.4646] 
	x209: [ -0.7504,  -0.5504] 
	x210: [  0.9978,   1.1978] 
	x211: [ -0.2716,  -0.0716] 
	x212: [  1.1783,   1.3783] 
	x213: [ -0.4931,  -0.2931] 
	x214: [  2.5931,   2.7931] 
	x215: [  0.7334,   0.9334] 
	x216: [  0.8691,   1.0691] 
	x217: [ -1.1752,  -0.9752] 
	x218: [  0.5115,   0.7115] 
	x219: [ -0.4100,  -0.2100] 
	x220: [ -0.9237,  -0.7237] 
	x221: [  0.2085,   0.4085] 
	x222: [ -0.3662,  -0.1662] 
	x223: [ -1.1532,  -0.9532] 
	x224: [  0.3628,   0.5628] 
	x225: [ -1.0847,  -0.8847] 
	x226: [ -4.3388,  -4.1388] 
	x227: [ -0.3874,  -0.1874] 
	x228: [ -0.3968,  -0.1968] 
	x229: [  0.1833,   0.3833] 
	x230: [  4.3654,   4.5654] 
	x231: [  0.5919,   0.7919] 
	x232: [  1.0232,   1.2232] 
	x233: [  0.2996,   0.4996] 
	x234: [  2.4829,   2.6829] 
	x235: [  3.1957,   3.3957] 
	x236: [ -1.3820,  -1.1820] 
	x237: [  0.8588,   1.0588] 
	x238: [ -1.0294,  -0.8294] 
	x239: [  0.5607,   0.7607] 
	x240: [ -2.0837,  -1.8837] 
	x241: [  2.1260,   2.3260] 
	x242: [ -0.1929,   0.0071] 
	x243: [  0.7533,   0.9533] 
	x244: [ -0.4397,  -0.2397] 
	x245: [  0.2963,   0.4963] 
	x246: [  2.0022,   2.2022] 
	x247: [  1.7691,   1.9691] 
	x248: [ -2.3919,  -2.1919] 
	x249: [  1.1100,   1.3100] 
	x250: [ -1.9223,  -1.7223] 
	x251: [ -1.0339,  -0.8339] 
	x252: [ -2.6859,  -2.4859] 
	x253: [  1.2779,   1.4779] 
	x254: [  0.4723,   0.6723] 
	x255: [ -0.5425,  -0.3425] 
	x256: [  0.7367,   0.9367] 
	x257: [ -1.1425,  -0.9425] 
	x258: [  1.6605,   1.8605] 
	x259: [ -6.1131,  -5.9131] 
	x260: [ -0.0086,   0.1914] 
	x261: [  0.7635,   0.9635] 
	x262: [ -3.0046,  -2.8046] 
	x263: [ -0.0869,   0.1131] 
	x264: [  1.6221,   1.8221] 
	x265: [ -0.4668,  -0.2668] 
	x266: [ -1.1680,  -0.9680] 
	x267: [ -0.2329,  -0.0329] 
	x268: [  0.0429,   0.2429] 
	x269: [ -1.0790,  -0.8790] 
	x270: [  2.1882,   2.3882] 
	x271: [ -1.2010,  -1.0010] 
	x272: [  1.2058,   1.4058] 
	x273: [ -0.8639,  -0.6639] 
	x274: [ -1.5707,  -1.3707] 
	x275: [  2.6975,   2.8975] 
	x276: [ -0.1286,   0.0714] 
	x277: [  2.0948,   2.2948] 
	x278: [  0.1712,   0.3712] 
	x279: [  3.7347,   3.9347] 
	x280: [ -0.1677,   0.0323] 
	x281: [  0.4921,   0.6921] 
	x282: [ -3.3474,  -3.1474] 
	x283: [  1.0266,   1.2266] 
	x284: [ -3.3694,  -3.1694] 
	x285: [  0.6375,   0.8375] 
	x286: [  0.0797,   0.2797] 
	x287: [ -0.4769,  -0.2769] 
	x288: [ -0.8260,  -0.6260] 
	x289: [ -0.2705,  -0.0705] 
	x290: [ -0.3201,  -0.1201] 
	x291: [ -1.0225,  -0.8225] 
	x292: [ -3.6183,  -3.4183] 
	x293: [ -2.9055,  -2.7055] 
	x294: [ -0.1077,   0.0923] 
	x295: [ -2.6827,  -2.4827] 
	x296: [ -0.7273,  -0.5273] 
	x297: [  3.4208,   3.6208] 
	x298: [  1.1366,   1.3366] 
	x299: [ -0.1264,   0.0736] 
	x300: [  1.7444,   1.9444] 
	x301: [ -2.8332,  -2.6332] 
	x302: [  1.8457,   2.0457] 
	x303: [  0.6554,   0.8554] 
	x304: [ -0.6086,  -0.4086] 
	x305: [  1.6253,   1.8253] 
	x306: [  0.2341,   0.4341] 
	x307: [ -0.0467,   0.1533] 
	x308: [ -0.6751,  -0.4751] 
	x309: [ -0.7275,  -0.5275] 
	x310: [  1.1130,   1.3130] 
	x311: [  1.7862,   1.9862] 
	x312: [  0.3632,   0.5632] 
	x313: [  0.9282,   1.1282] 
	x314: [ -3.0927,  -2.8927] 
	x315: [ -0.9764,  -0.7764] 
	x316: [ -0.1765,   0.0235] 
	x317: [ -2.4540,  -2.2540] 
	x318: [ -1.8424,  -1.6424] 
	x319: [ -2.1231,  -1.9231] 
	x320: [  2.2990,   2.4990] 
	x321: [  1.8124,   2.0124] 
	x322: [ -2.3013,  -2.1013] 
	x323: [  0.7429,   0.9429] 
	x324: [  0.3609,   0.5609] 
	x325: [ -0.9923,  -0.7923] 
	x326: [ -0.5252,  -0.3252] 
	x327: [  1.8361,   2.0361] 
	x328: [  1.2659,   1.4659] 
	x329: [  0.7408,   0.9408] 
	x330: [ -2.4055,  -2.2055] 
	x331: [  0.9130,   1.1130] 
	x332: [  0.3523,   0.5523] 
	x333: [  0.9666,   1.1666] 
	x334: [  1.4661,   1.6661] 
	x335: [ -0.7129,  -0.5129] 
	x336: [ -0.5831,  -0.3831] 
	x337: [ -0.4571,  -0.2571] 
	x338: [ -0.0850,   0.1150] 
	x339: [  0.2900,   0.4900] 
	x340: [  1.4870,   1.6870] 
	x341: [  0.5184,   0.7184] 
	x342: [  0.2654,   0.4654] 
	x343: [  1.9464,   2.1464] 
	x344: [  0.1667,   0.3667] 
	x345: [ -0.7280,  -0.5280] 
	x346: [ -0.4321,  -0.2321] 
	x347: [ -0.1677,   0.0323] 
	x348: [  1.7182,   1.9182] 
	x349: [  1.9711,   2.1711] 
	x350: [ -1.3937,  -1.1937] 
	x351: [  2.2391,   2.4391] 
	x352: [ -1.4242,  -1.2242] 
	x353: [  2.2660,   2.4660] 
	x354: [ -1.4208,  -1.2208] 
	x355: [ -0.1090,   0.0910] 
	x356: [  0.4454,   0.6454] 
	x357: [  1.2242,   1.4242] 
	x358: [  0.1220,   0.3220] 
	x359: [  2.4363,   2.6363] 
	x360: [ -2.5598,  -2.3598] 
	x361: [  0.4316,   0.6316] 
	x362: [ -4.1840,  -3.9840] 
	x363: [  0.5805,   0.7805] 
	x364: [  2.3317,   2.5317] 
	x365: [  1.0432,   1.2432] 
	x366: [  1.0380,   1.2380] 
	x367: [ -2.3134,  -2.1134] 
	x368: [  0.7302,   0.9302] 
	x369: [ -1.5875,  -1.3875] 
	x370: [ -3.9197,  -3.7197] 
	x371: [  2.3403,   2.5403] 
	x372: [  1.1773,   1.3773] 
	x373: [ -1.9452,  -1.7452] 
	x374: [ -1.5666,  -1.3666] 
	x375: [  1.1484,   1.3484] 
	x376: [ -1.4897,  -1.2897] 
	x377: [ -1.0568,  -0.8568] 
	x378: [ -1.6648,  -1.4648] 
	x379: [ -1.3872,  -1.1872] 
	x380: [  0.3959,   0.5959] 
	x381: [ -0.6568,  -0.4568] 
	x382: [ -4.8747,  -4.6747] 
	x383: [  1.2408,   1.4408] 
	x384: [ -2.3300,  -2.1300] 
	x385: [ -2.8978,  -2.6978] 
	x386: [ -0.2521,  -0.0521] 
	x387: [  0.4601,   0.6601] 
	x388: [ -1.1425,  -0.9425] 
	x389: [ -1.9519,  -1.7519] 
	x390: [ -1.6608,  -1.4608] 
	x391: [ -1.3092,  -1.1092] 
	x392: [ -1.8285,  -1.6285] 
	x393: [ -1.5468,  -1.3468] 
	x394: [  0.4420,   0.6420] 
	x395: [ -1.4024,  -1.2024] 
	x396: [ -0.8788,  -0.6788] 
	x397: [ -3.0744,  -2.8744] 
	x398: [  0.7240,   0.9240] 
	x399: [ -0.0615,   0.1385] 
	x400: [  1.1928,   1.3928] 
	x401: [  0.2199,   0.4199] 
	x402: [  0.6229,   0.8229] 
	x403: [ -2.3159,  -2.1159] 
	x404: [ -0.4348,  -0.2348] 
	x405: [ -1.0291,  -0.8291] 
	x406: [  1.2372,   1.4372] 
	x407: [ -0.2865,  -0.0865] 
	x408: [ -2.8322,  -2.6322] 
	x409: [  1.2296,   1.4296] 
	x410: [  1.4356,   1.6356] 
	x411: [  0.7436,   0.9436] 
	x412: [ -2.8959,  -2.6959] 
	x413: [ -1.7001,  -1.5001] 
	x414: [ -1.9023,  -1.7023] 
	x415: [ -0.6689,  -0.4689] 
	x416: [ -4.1589,  -3.9589] 
	x417: [ -2.6125,  -2.4125] 
	x418: [  0.1805,   0.3805] 
	x419: [ -0.0639,   0.1361] 
	x420: [ -3.2250,  -3.0250] 
	x421: [  2.0234,   2.2234] 
	x422: [ -2.3626,  -2.1626] 
	x423: [  0.3988,   0.5988] 
	x424: [ -0.1231,   0.0769] 
	x425: [ -0.1738,   0.0262] 
	x426: [ -6.5782,  -6.3782] 
	x427: [  4.9689,   5.1689] 
	x428: [  2.0915,   2.2915] 
	x429: [  0.7846,   0.9846] 
	x430: [ -1.1005,  -0.9005] 
	x431: [ -6.5587,  -6.3587] 
	x432: [  2.1006,   2.3006] 
	x433: [  1.0259,   1.2259] 
	x434: [  0.5723,   0.7723] 
	x435: [ -0.7596,  -0.5596] 
	x436: [  0.6157,   0.8157] 
	x437: [  3.0864,   3.2864] 
	x438: [ -1.0127,  -0.8127] 
	x439: [  0.8392,   1.0392] 
	x440: [ -1.9553,  -1.7553] 
	x441: [ -1.2500,  -1.0500] 
	x442: [  2.2379,   2.4379] 
	x443: [  1.6836,   1.8836] 
	x444: [ -1.0150,  -0.8150] 
	x445: [  1.0614,   1.2614] 
	x446: [  3.7340,   3.9340] 
	x447: [ -1.1154,  -0.9154] 
	x448: [  0.6155,   0.8155] 
	x449: [  2.4917,   2.6917] 
	x450: [ -0.9057,  -0.7057] 
	x451: [  1.6636,   1.8636] 
	x452: [  0.2482,   0.4482] 
	x453: [ -0.3869,  -0.1869] 
	x454: [ -1.4089,  -1.2089] 
	x455: [ -2.3258,  -2.1258] 
	x456: [  0.3378,   0.5378] 
	x457: [ -2.1266,  -1.9266] 
	x458: [ -1.2392,  -1.0392] 
	x459: [ -2.1052,  -1.9052] 
	x460: [ -0.1681,   0.0319] 
	x461: [  1.8796,   2.0796] 
	x462: [ -1.9553,  -1.7553] 
	x463: [  0.9545,   1.1545] 
	x464: [ -1.1825,  -0.9825] 
	x465: [  1.8703,   2.0703] 
	x466: [ -1.3877,  -1.1877] 
	x467: [ -1.6986,  -1.4986] 
	x468: [  0.0494,   0.2494] 
	x469: [ -0.0409,   0.1591] 
	x470: [ -0.2439,  -0.0439] 
	x471: [  1.0760,   1.2760] 
	x472: [  2.1113,   2.3113] 
	x473: [ -1.0480,  -0.8480] 
	x474: [  1.0875,   1.2875] 
	x475: [ -3.3369,  -3.1369] 
	x476: [ -1.2305,  -1.0305] 
	x477: [ -1.0970,  -0.8970] 
	x478: [  0.3540,   0.5540] 
	x479: [ -0.6986,  -0.4986] 
	x480: [  3.0392,   3.2392] 
	x481: [ -0.2830,  -0.0830] 
	x482: [  2.4248,   2.6248] 
	x483: [ -1.2730,  -1.0730] 
	x484: [ -1.4756,  -1.2756] 
	x485: [  1.1045,   1.3045] 
	x486: [ -2.0193,  -1.8193] 
	x487: [  1.9617,   2.1617] 
	x488: [  0.3894,   0.5894] 
	x489: [  2.1523,   2.3523] 
	x490: [ -0.5711,  -0.3711] 
	x491: [  0.6267,   0.8267] 
	x492: [  0.2713,   0.4713] 
	x493: [  2.0789,   2.2789] 
	x494: [  1.6700,   1.8700] 
	x495: [  0.1316,   0.3316] 
	x496: [  0.3679,   0.5679] 
	x497: [  1.0030,   1.2030] 
	x498: [ -0.9160,  -0.7160] 
	x499: [  1.5734,   1.7734] 
	x500: [ -0.9489,  -0.7489] 
	x501: [  0.4752,   0.6752] 
	x502: [  2.8236,   3.0236] 
	x503: [ -0.6069,  -0.4069] 
	x504: [ -3.3535,  -3.1535] 
	x505: [  0.8239,   1.0239] 
	x506: [  3.6116,   3.8116] 
	x507: [ -1.2728,  -1.0728] 
	x508: [ -1.4490,  -1.2490] 
	x509: [ -1.1281,  -0.9281] 
	x510: [  0.3349,   0.5349] 
	x511: [ -0.1960,   0.0040] 

Branching heuristics set to PseudoImpact

Engine::solve: Initial statistics

02:39:11 Statistics update:
	--- Time Statistics ---
	Total time elapsed: 1123 milli (00:00:01)
		Main loop: 0 milli (00:00:00)
		Preprocessing time: 534 milli (00:00:00)
		Unknown: 589 milli (00:00:00)
	Breakdown for main loop:
		[0.00%] Simplex steps: 0 milli
		[0.00%] Explicit-basis bound tightening: 0 milli
		[0.00%] Constraint-matrix bound tightening: 0 milli
		[0.00%] Degradation checking: 0 milli
		[0.00%] Precision restoration: 0 milli
		[0.00%] Statistics handling: 0 milli
		[0.00%] Constraint-fixing steps: 0 milli
		[0.00%] Valid case splits: 0 milli. Average per split: 0.00 milli
		[0.00%] Applying stored bound-tightening: 0 milli
		[0.00%] SMT core: 0 milli
		[0.00%] Symbolic Bound Tightening: 34 milli
		[0.00%] SoI-based local search: 0 milli
		[0.00%] SoI-based local search: 0 milli
		[0.00%] Unaccounted for: 0 milli
	--- Preprocessor Statistics ---
	Number of preprocessor bound-tightening loop iterations: 3
	Number of eliminated variables: 87
	Number of constraints removed due to variable elimination: 87
	Number of equations removed due to variable elimination: 0
	--- Engine Statistics ---
	Number of main loop iterations: 1
		0 iterations were simplex steps. Total time: 0 milli. Average: 0.00 milli.
		0 iterations were constraint-fixing steps. Total time: 0 milli. Average: 0.00 milli
	Number of active piecewise-linear constraints: 169 / 169
		Constraints disabled by valid splits: 0. By SMT-originated splits: 0
	Last reported degradation: 0.0000000000. Max degradation so far: 0.0000000000. Restorations so far: 0
	Number of simplex pivots we attempted to skip because of instability: 0.
	Unstable pivots performed anyway: 0
	--- Tableau Statistics ---
	Total number of pivots performed: 0
		Real pivots: 0. Degenerate: 0 (0.00%)
		Degenerate pivots by request (e.g., to fix a PL constraint): 0 (0.00%)
		Average time per pivot: 0.00 milli
	Total number of fake pivots performed: 0
	Total number of rows added: 0. Number of merged columns: 0
	Current tableau dimensions: M = 705, N = 2091
	--- SMT Core Statistics ---
	Total depth is 0. Total visited states: 1. Number of splits: 0. Number of pops: 0
	Max stack depth: 0
	--- Bound Tightening Statistics ---
	Number of tightened bounds: 0.
		Number of rows examined by row tightener: 0. Consequent tightenings: 0
		Number of explicit basis matrices examined by row tightener: 0. Consequent tightenings: 0
		Number of bound tightening rounds on the entire constraint matrix: 0. Consequent tightenings: 0
		Number of bound notifications sent to PL constraints: 1014. Tightenings proposed: 0
	--- Basis Factorization statistics ---
	Number of basis refactorizations: 2
	--- Projected Steepest Edge Statistics ---
	Number of iterations: 0.
	Number of resets to reference space: 1. Avg. iterations per reset: 0
	--- SBT ---
	Number of tightened bounds: 385
	--- SoI-based local search ---
	Number of proposed phase pattern update: 0. Number of accepted update: 0 [0.00%]
	Total time (% of local search time) updating SoI phase pattern : 0 milli [0.00%]
	Total time obtaining current assignment: 0 milli [0.00%]
	Total time getting SoI phase pattern : 0 milli [0.00%]
	--- Context dependent statistics ---
	Number of pushes / pops: 0 / 0
		[0.00%] Pre-Push hook: 0 milli
		[0.00%] Push : 0 milli
		[0.00%] Post-Pop hook: 0 milli
		[0.00%] Pop : 0 milli
		[0.00%] Total context-switching time: 0 milli
	--- Proof Certificate ---
	Number of certified leaves: 0
	Number of leaves to delegate: 0

---

Engine::solve: sat assignment found

02:39:24 Statistics update:
	--- Time Statistics ---
	Total time elapsed: 14335 milli (00:00:14)
		Main loop: 13211 milli (00:00:13)
		Preprocessing time: 534 milli (00:00:00)
		Unknown: 589 milli (00:00:00)
	Breakdown for main loop:
		[34.93%] Simplex steps: 4614 milli
		[64.34%] Explicit-basis bound tightening: 8500 milli
		[0.00%] Constraint-matrix bound tightening: 0 milli
		[0.17%] Degradation checking: 22 milli
		[0.00%] Precision restoration: 0 milli
		[0.07%] Statistics handling: 9 milli
		[0.00%] Constraint-fixing steps: 0 milli
		[0.00%] Valid case splits: 0 milli. Average per split: 0.00 milli
		[0.00%] Applying stored bound-tightening: 0 milli
		[0.00%] SMT core: 0 milli
		[0.46%] Symbolic Bound Tightening: 60 milli
		[0.42%] SoI-based local search: 55 milli
		[0.00%] SoI-based local search: 0 milli
		[0.04%] Unaccounted for: 5 milli
	--- Preprocessor Statistics ---
	Number of preprocessor bound-tightening loop iterations: 3
	Number of eliminated variables: 87
	Number of constraints removed due to variable elimination: 87
	Number of equations removed due to variable elimination: 0
	--- Engine Statistics ---
	Number of main loop iterations: 487
		485 iterations were simplex steps. Total time: 4614 milli. Average: 9.51 milli.
		0 iterations were constraint-fixing steps. Total time: 0 milli. Average: 0.00 milli
	Number of active piecewise-linear constraints: 169 / 169
		Constraints disabled by valid splits: 0. By SMT-originated splits: 0
	Last reported degradation: 0.0000002194. Max degradation so far: 0.0000000000. Restorations so far: 0
	Number of simplex pivots we attempted to skip because of instability: 0.
	Unstable pivots performed anyway: 0
	--- Tableau Statistics ---
	Total number of pivots performed: 480
		Real pivots: 480. Degenerate: 0 (0.00%)
		Degenerate pivots by request (e.g., to fix a PL constraint): 0 (0.00%)
		Average time per pivot: 1.10 milli
	Total number of fake pivots performed: 3
	Total number of rows added: 0. Number of merged columns: 0
	Current tableau dimensions: M = 705, N = 2091
	--- SMT Core Statistics ---
	Total depth is 0. Total visited states: 1. Number of splits: 0. Number of pops: 0
	Max stack depth: 0
	--- Bound Tightening Statistics ---
	Number of tightened bounds: 0.
		Number of rows examined by row tightener: 480. Consequent tightenings: 0
		Number of explicit basis matrices examined by row tightener: 5. Consequent tightenings: 262
		Number of bound tightening rounds on the entire constraint matrix: 0. Consequent tightenings: 0
		Number of bound notifications sent to PL constraints: 2028. Tightenings proposed: 0
	--- Basis Factorization statistics ---
	Number of basis refactorizations: 6
	--- Projected Steepest Edge Statistics ---
	Number of iterations: 483.
	Number of resets to reference space: 1. Avg. iterations per reset: 483
	--- SBT ---
	Number of tightened bounds: 385
	--- SoI-based local search ---
	Number of proposed phase pattern update: 0. Number of accepted update: 1 [0.00%]
	Total time (% of local search time) updating SoI phase pattern : 603 milli [1.08%]
	Total time obtaining current assignment: 433 milli [0.78%]
	Total time getting SoI phase pattern : 127 milli [0.00%]
	--- Context dependent statistics ---
	Number of pushes / pops: 0 / 0
		[0.00%] Pre-Push hook: 0 milli
		[0.00%] Push : 0 milli
		[0.00%] Post-Pop hook: 0 milli
		[0.00%] Pop : 0 milli
		[0.00%] Total context-switching time: 0 milli
	--- Proof Certificate ---
	Number of certified leaves: 0
	Number of leaves to delegate: 0
sat
Input assignment:
	x0 = 0.684950
	x1 = -0.297622
	x2 = -3.503913
	x3 = 1.819510
	x4 = 2.402665
	x5 = 2.742645
	x6 = 1.968861
	x7 = -1.100417
	x8 = -1.412917
	x9 = -1.954754
	x10 = 2.058013
	x11 = -0.717113
	x12 = 2.548164
	x13 = -2.212640
	x14 = 3.320530
	x15 = 0.238161
	x16 = -1.051219
	x17 = 1.114422
	x18 = -2.120655
	x19 = 3.140982
	x20 = 1.799347
	x21 = 3.238583
	x22 = -0.926321
	x23 = 0.802330
	x24 = -1.913472
	x25 = -1.838521
	x26 = 1.182796
	x27 = 1.899963
	x28 = -0.891372
	x29 = -0.030754
	x30 = 2.393822
	x31 = 3.773810
	x32 = 2.714481
	x33 = 4.090520
	x34 = -3.275188
	x35 = -1.494592
	x36 = 0.548317
	x37 = -2.492868
	x38 = -4.297224
	x39 = -1.039154
	x40 = 2.178762
	x41 = 1.570804
	x42 = -3.349615
	x43 = -0.737952
	x44 = -1.745509
	x45 = -1.155040
	x46 = -1.441865
	x47 = 2.454835
	x48 = 0.449870
	x49 = -2.421037
	x50 = 3.899339
	x51 = -2.101543
	x52 = 0.817853
	x53 = 0.185211
	x54 = -0.224810
	x55 = -0.392370
	x56 = 1.455904
	x57 = -3.947733
	x58 = 0.865819
	x59 = -1.050620
	x60 = -0.191520
	x61 = -3.171263
	x62 = 0.707578
	x63 = 1.769389
	x64 = 0.219869
	x65 = 0.405576
	x66 = -0.864380
	x67 = -2.226874
	x68 = -0.103471
	x69 = -0.134206
	x70 = 2.813816
	x71 = 0.056910
	x72 = 1.217303
	x73 = -1.560692
	x74 = -3.873225
	x75 = -3.343361
	x76 = 1.141895
	x77 = 0.471158
	x78 = 1.206557
	x79 = 1.995202
	x80 = -2.698164
	x81 = 0.533582
	x82 = -0.677184
	x83 = -1.741487
	x84 = 0.763903
	x85 = -1.083244
	x86 = -2.337073
	x87 = 0.712274
	x88 = -0.954217
	x89 = 2.882362
	x90 = -4.192994
	x91 = 0.482257
	x92 = -3.443082
	x93 = 0.519043
	x94 = 0.001670
	x95 = 1.392148
	x96 = 0.375016
	x97 = -3.076391
	x98 = 0.861770
	x99 = -0.680333
	x100 = 0.744970
	x101 = 0.116580
	x102 = 1.711928
	x103 = -0.314749
	x104 = 1.290879
	x105 = 0.054125
	x106 = 1.280315
	x107 = -0.359540
	x108 = -2.117469
	x109 = -1.931917
	x110 = -0.025201
	x111 = 1.851841
	x112 = -1.438431
	x113 = 4.207619
	x114 = 1.668238
	x115 = -0.477930
	x116 = -1.210807
	x117 = 0.348770
	x118 = -0.684783
	x119 = 0.194235
	x120 = -0.863967
	x121 = -2.081269
	x122 = 0.676433
	x123 = -2.045242
	x124 = -2.125741
	x125 = -0.040536
	x126 = 0.988995
	x127 = 0.355278
	x128 = 1.765525
	x129 = -1.675707
	x130 = -1.840197
	x131 = 1.023880
	x132 = 0.713292
	x133 = 1.243859
	x134 = -0.300929
	x135 = 0.208870
	x136 = -0.385391
	x137 = 0.957388
	x138 = -0.850895
	x139 = -0.518514
	x140 = -0.073227
	x141 = 2.475095
	x142 = -0.993430
	x143 = -2.105639
	x144 = 0.973269
	x145 = 2.640278
	x146 = 2.010219
	x147 = -3.907277
	x148 = 1.449853
	x149 = 0.531507
	x150 = -1.161802
	x151 = 1.478730
	x152 = 0.199871
	x153 = 0.036784
	x154 = 1.023042
	x155 = 1.311908
	x156 = -0.185240
	x157 = 1.340151
	x158 = 0.748631
	x159 = 0.434051
	x160 = -2.299694
	x161 = 3.225689
	x162 = 1.020187
	x163 = 0.199811
	x164 = -3.623833
	x165 = 0.590311
	x166 = -1.015102
	x167 = 0.496660
	x168 = 0.142057
	x169 = 0.762508
	x170 = -2.686091
	x171 = 3.653788
	x172 = -0.274321
	x173 = -2.267094
	x174 = 2.493865
	x175 = -0.775817
	x176 = -0.698467
	x177 = 0.150041
	x178 = 0.786729
	x179 = 0.864870
	x180 = 2.999295
	x181 = 1.589912
	x182 = 0.825960
	x183 = 0.272784
	x184 = 1.120753
	x185 = -0.517134
	x186 = 0.391398
	x187 = 1.500579
	x188 = 0.713511
	x189 = -0.720642
	x190 = 3.659603
	x191 = 2.357819
	x192 = -1.616945
	x193 = -0.784828
	x194 = 0.784931
	x195 = 1.965679
	x196 = -0.050331
	x197 = 1.583248
	x198 = -3.385279
	x199 = 2.543422
	x200 = 0.532677
	x201 = 1.221297
	x202 = -0.193945
	x203 = 0.054995
	x204 = -0.328402
	x205 = -1.224596
	x206 = -0.944216
	x207 = 0.092497
	x208 = -1.464587
	x209 = -0.750428
	x210 = 1.197803
	x211 = -0.071617
	x212 = 1.178328
	x213 = -0.493085
	x214 = 2.793056
	x215 = 0.933400
	x216 = 1.069098
	x217 = -0.975186
	x218 = 0.511545
	x219 = -0.209988
	x220 = -0.723707
	x221 = 0.208498
	x222 = -0.166163
	x223 = -1.153190
	x224 = 0.562793
	x225 = -0.884672
	x226 = -4.138789
	x227 = -0.387354
	x228 = -0.396811
	x229 = 0.383266
	x230 = 4.365397
	x231 = 0.591863
	x232 = 1.023242
	x233 = 0.499603
	x234 = 2.482934
	x235 = 3.195734
	x236 = -1.381987
	x237 = 1.058762
	x238 = -1.029392
	x239 = 0.560700
	x240 = -2.083731
	x241 = 2.325991
	x242 = 0.007089
	x243 = 0.753321
	x244 = -0.239704
	x245 = 0.496281
	x246 = 2.202169
	x247 = 1.969130
	x248 = -2.191872
	x249 = 1.109995
	x250 = -1.922253
	x251 = -1.033853
	x252 = -2.685928
	x253 = 1.477926
	x254 = 0.672298
	x255 = -0.342541
	x256 = 0.936696
	x257 = -0.942450
	x258 = 1.860547
	x259 = -6.113071
	x260 = 0.191360
	x261 = 0.963500
	x262 = -2.804643
	x263 = -0.086870
	x264 = 1.622075
	x265 = -0.466847
	x266 = -1.168050
	x267 = -0.232881
	x268 = 0.242857
	x269 = -0.878998
	x270 = 2.188155
	x271 = -1.201040
	x272 = 1.405825
	x273 = -0.863870
	x274 = -1.558488
	x275 = 2.897482
	x276 = 0.071448
	x277 = 2.294832
	x278 = 0.371184
	x279 = 3.734691
	x280 = 0.032313
	x281 = 0.492116
	x282 = -3.147393
	x283 = 1.226551
	x284 = -3.169379
	x285 = 0.637547
	x286 = 0.079704
	x287 = -0.276907
	x288 = -0.825951
	x289 = -0.270543
	x290 = -0.320113
	x291 = -1.022492
	x292 = -3.618275
	x293 = -2.705462
	x294 = -0.107706
	x295 = -2.682684
	x296 = -0.527300
	x297 = 3.420804
	x298 = 1.336571
	x299 = 0.073597
	x300 = 1.744362
	x301 = -2.833196
	x302 = 1.845705
	x303 = 0.855440
	x304 = -0.408571
	x305 = 1.625325
	x306 = 0.434120
	x307 = -0.046651
	x308 = -0.475146
	x309 = -0.727514
	x310 = 1.112963
	x311 = 1.786205
	x312 = 0.363189
	x313 = 1.128221
	x314 = -2.892661
	x315 = -0.776364
	x316 = -0.176500
	x317 = -2.454019
	x318 = -1.842443
	x319 = -2.123124
	x320 = 2.499009
	x321 = 1.812437
	x322 = -2.101346
	x323 = 0.742896
	x324 = 0.360921
	x325 = -0.992256
	x326 = -0.325180
	x327 = 2.036060
	x328 = 1.465909
	x329 = 0.740842
	x330 = -2.205453
	x331 = 0.912985
	x332 = 0.552305
	x333 = 0.966638
	x334 = 1.466105
	x335 = -0.512947
	x336 = -0.583118
	x337 = -0.457074
	x338 = -0.085035
	x339 = 0.490005
	x340 = 1.487013
	x341 = 0.718444
	x342 = 0.265433
	x343 = 2.146426
	x344 = 0.166708
	x345 = -0.527967
	x346 = -0.432075
	x347 = 0.032308
	x348 = 1.718193
	x349 = 1.971095
	x350 = -1.193703
	x351 = 2.439128
	x352 = -1.224173
	x353 = 2.266045
	x354 = -1.420832
	x355 = -0.109035
	x356 = 0.445360
	x357 = 1.224153
	x358 = 0.321985
	x359 = 2.436294
	x360 = -2.359847
	x361 = 0.631623
	x362 = -3.984013
	x363 = 0.580516
	x364 = 2.531677
	x365 = 1.043207
	x366 = 1.237977
	x367 = -2.313379
	x368 = 0.730196
	x369 = -1.387454
	x370 = -3.919673
	x371 = 2.540349
	x372 = 1.177259
	x373 = -1.945169
	x374 = -1.366556
	x375 = 1.348430
	x376 = -1.289709
	x377 = -1.056819
	x378 = -1.464816
	x379 = -1.187203
	x380 = 0.595853
	x381 = -0.656787
	x382 = -4.674737
	x383 = 1.240752
	x384 = -2.130000
	x385 = -2.897846
	x386 = -0.052125
	x387 = 0.460072
	x388 = -1.142540
	x389 = -1.951936
	x390 = -1.460799
	x391 = -1.309178
	x392 = -1.828504
	x393 = -1.546795
	x394 = 0.642038
	x395 = -1.202418
	x396 = -0.678808
	x397 = -2.874417
	x398 = 0.724029
	x399 = -0.061480
	x400 = 1.392768
	x401 = 0.419927
	x402 = 0.622876
	x403 = -2.115945
	x404 = -0.434765
	x405 = -0.829143
	x406 = 1.237249
	x407 = -0.286494
	x408 = -2.832196
	x409 = 1.229618
	x410 = 1.635642
	x411 = 0.943571
	x412 = -2.695895
	x413 = -1.500130
	x414 = -1.702270
	x415 = -0.668944
	x416 = -3.958878
	x417 = -2.612463
	x418 = 0.180535
	x419 = 0.136051
	x420 = -3.224953
	x421 = 2.023371
	x422 = -2.362559
	x423 = 0.558341
	x424 = -0.123102
	x425 = 0.026194
	x426 = -6.578192
	x427 = 5.168919
	x428 = 2.291529
	x429 = 0.784604
	x430 = -0.900478
	x431 = -6.358706
	x432 = 2.300605
	x433 = 1.225860
	x434 = 0.572263
	x435 = -0.559607
	x436 = 0.815705
	x437 = 3.086377
	x438 = -1.012719
	x439 = 0.839203
	x440 = -1.955260
	x441 = -1.249970
	x442 = 2.237880
	x443 = 1.883610
	x444 = -1.014989
	x445 = 1.061371
	x446 = 3.933965
	x447 = -0.915445
	x448 = 0.815482
	x449 = 2.491742
	x450 = -0.705732
	x451 = 1.863565
	x452 = 0.248186
	x453 = -0.186903
	x454 = -1.208935
	x455 = -2.125822
	x456 = 0.337762
	x457 = -2.126589
	x458 = -1.239232
	x459 = -1.905181
	x460 = -0.168089
	x461 = 1.879623
	x462 = -1.755271
	x463 = 1.154538
	x464 = -0.982454
	x465 = 2.070335
	x466 = -1.387712
	x467 = -1.498576
	x468 = 0.249387
	x469 = 0.159050
	x470 = -0.243857
	x471 = 1.120801
	x472 = 2.111254
	x473 = -0.848017
	x474 = 1.287496
	x475 = -3.136898
	x476 = -1.030450
	x477 = -1.097015
	x478 = 0.354003
	x479 = -0.533811
	x480 = 3.039152
	x481 = -0.282954
	x482 = 2.624820
	x483 = -1.072961
	x484 = -1.475570
	x485 = 1.104547
	x486 = -2.019274
	x487 = 1.961695
	x488 = 0.389392
	x489 = 2.352286
	x490 = -0.371141
	x491 = 0.626662
	x492 = 0.271316
	x493 = 2.078946
	x494 = 1.670001
	x495 = 0.331563
	x496 = 0.367878
	x497 = 1.202994
	x498 = -0.916008
	x499 = 1.573356
	x500 = -0.748948
	x501 = 0.675226
	x502 = 3.023571
	x503 = -0.406853
	x504 = -3.353512
	x505 = 0.823947
	x506 = 3.811583
	x507 = -1.072778
	x508 = -1.248977
	x509 = -0.928123
	x510 = 0.334906
	x511 = -0.195974

Output:
	y0 = -5.829148
	y1 = 5.539611
	y2 = -6.647031
	y3 = -4.278177
	y4 = 4.551906
	y5 = -6.836550
	y6 = -6.070319
	y7 = 21.624060
	y8 = -7.766886
	y9 = -8.104588
	y10 = 21.900420
	y11 = -8.994454
	y12 = -5.419066
	y13 = 17.035188
	y14 = -6.549236
	y15 = -2.286124
	y16 = 3.600259
	y17 = -3.489959
	y18 = -5.666113
	y19 = 2.448283
	y20 = -7.076670
	y21 = -7.218452
	y22 = 5.802354
	y23 = -7.751648
	y24 = -5.239831
	y25 = 4.728214
	y26 = -6.201553
	y27 = -8.269046
	y28 = 20.804072
	y29 = -9.930142
	y30 = -4.713934
	y31 = 19.964691
	y32 = -5.668987
	y33 = 1.474049
	y34 = -18.296484
	y35 = 1.121449
	y36 = -1.927519
	y37 = 4.176840
	y38 = -1.087017
	y39 = -5.097700
	y40 = 4.929155
	y41 = -4.260168
	y42 = -7.323440
	y43 = 8.239440
	y44 = -5.975306
	y45 = -6.791552
	y46 = 5.398022
	y47 = -5.245625
	y48 = -5.332565
	y49 = 12.596876
	y50 = -5.947777
	y51 = -2.887452
	y52 = 15.824145
	y53 = -4.162652
	y54 = 2.561151
	y55 = -19.798702
	y56 = 3.603094
	y57 = 2.933645
	y58 = -8.426624
	y59 = 3.937573
	y60 = 3.667143
	y61 = -4.429799
	y62 = 3.517148
	y63 = 1.381456
	y64 = -4.911199
	y65 = 1.644043
	y66 = -3.281185
	y67 = 9.324552
	y68 = -1.275031
	y69 = -4.656269
	y70 = 6.527386
	y71 = -2.942386
	y72 = 2.666420
	y73 = -14.789604
	y74 = 0.856058
	y75 = 0.967869
	y76 = -17.122435
	y77 = 0.912887
	y78 = 4.114007
	y79 = -11.369444
	y80 = 3.806364
	y81 = 8.856588
	y82 = -24.435245
	y83 = 8.146760
	y84 = 9.430779
	y85 = -22.192081
	y86 = 10.467413
	y87 = 2.479788
	y88 = -6.031113
	y89 = 1.497581
	y90 = -2.869664
	y91 = 5.408019
	y92 = -1.803444
	y93 = -3.760016
	y94 = 5.265984
	y95 = -3.093374
	y96 = 3.126923
	y97 = -17.836582
	y98 = 1.177782
	y99 = 1.049567
	y100 = -19.064730
	y101 = 1.994638
	y102 = 6.063463
	y103 = -19.026849
	y104 = 5.450618
	y105 = 9.966663
	y106 = -22.369434
	y107 = 9.741911
	y108 = 10.004585
	y109 = -21.899417
	y110 = 10.262087
	y111 = 0.615166
	y112 = -5.761476
	y113 = 1.396961
	y114 = -6.275341
	y115 = 4.909666
	y116 = -5.919118
	y117 = -5.125128
	y118 = 1.660361
	y119 = -4.356156
	y120 = -6.380798
	y121 = 22.900427
	y122 = -8.530445
	y123 = 2.766092
	y124 = -21.358896
	y125 = 1.111174
	y126 = 0.546958
	y127 = -20.276543
	y128 = 2.440723
	y129 = 5.865463
	y130 = -14.945526
	y131 = 6.767741
	y132 = 1.919731
	y133 = -7.383732
	y134 = 3.233694
	y135 = 3.753182
	y136 = -2.264825
	y137 = 3.753172
	y138 = -3.202747
	y139 = 5.066447
	y140 = -1.896499
	y141 = -5.736454
	y142 = 3.865339
	y143 = -4.047458
	y144 = -2.570909
	y145 = 3.320623
	y146 = -5.870273
	y147 = -5.234252
	y148 = 19.190904
	y149 = -6.047762
	y150 = 2.081256
	y151 = -17.621555
	y152 = 1.039996
	y153 = 4.107002
	y154 = -17.403023
	y155 = 4.611341
	y156 = 1.835492
	y157 = -18.838976
	y158 = 1.831410
	y159 = 1.623375
	y160 = -8.616053
	y161 = 1.954694
	y162 = -7.332587
	y163 = 18.916008
	y164 = -5.900291
	y165 = -7.146147
	y166 = 3.416416
	y167 = -6.489596
	y168 = -6.001278
	y169 = 7.002716
	y170 = -4.245932
	y171 = -7.445691
	y172 = 1.796878
	y173 = -5.902996
	y174 = -8.065754
	y175 = 17.813201
	y176 = -7.174198
	y177 = -4.271483
	y178 = 9.789377
	y179 = -4.411476
	y180 = -5.366096
	y181 = 20.064830
	y182 = -4.624122
	y183 = -3.614066
	y184 = 8.073386
	y185 = -2.357624
	y186 = -4.956407
	y187 = 2.576538
	y188 = -3.844290
	y189 = -5.671632
	y190 = 5.516929
	y191 = -4.710972

