InputQuery: /home/levn/Workspace/othello_world/queries/probe_robust/group_7/game_119_target_4_eps_0.1.txt
Engine::processInputQuery: Input query (before preprocessing): 449 equations, 1216 variables
Engine::processInputQuery: Input query (after preprocessing): 705 equations, 1349 variables

Input bounds:
	x0: [ -1.4417,  -1.2417] 
	x1: [ -0.4496,  -0.2496] 
	x2: [ -1.9144,  -1.7144] 
	x3: [  1.0377,   1.2377] 
	x4: [ -0.3597,  -0.1597] 
	x5: [ -1.2926,  -1.0926] 
	x6: [ -1.3781,  -1.1781] 
	x7: [  0.4507,   0.6507] 
	x8: [ -2.2346,  -2.0346] 
	x9: [  0.2707,   0.4707] 
	x10: [ -0.1944,   0.0056] 
	x11: [  0.1154,   0.3154] 
	x12: [  1.2490,   1.4490] 
	x13: [  2.5807,   2.7807] 
	x14: [  2.7337,   2.9337] 
	x15: [  2.1539,   2.3539] 
	x16: [ -1.7800,  -1.5800] 
	x17: [ -0.4646,  -0.2646] 
	x18: [ -1.2289,  -1.0289] 
	x19: [  0.2258,   0.4258] 
	x20: [  0.9230,   1.1230] 
	x21: [  0.1593,   0.3593] 
	x22: [ -1.3372,  -1.1372] 
	x23: [  0.6223,   0.8223] 
	x24: [ -0.1896,   0.0104] 
	x25: [ -4.2863,  -4.0863] 
	x26: [  0.3733,   0.5733] 
	x27: [  1.2613,   1.4613] 
	x28: [ -2.1037,  -1.9037] 
	x29: [  1.5495,   1.7495] 
	x30: [  2.2065,   2.4065] 
	x31: [ -2.5217,  -2.3217] 
	x32: [  1.5159,   1.7159] 
	x33: [  0.3608,   0.5608] 
	x34: [ -1.0539,  -0.8539] 
	x35: [ -1.8604,  -1.6604] 
	x36: [ -1.0538,  -0.8538] 
	x37: [ -0.3503,  -0.1503] 
	x38: [  3.1193,   3.3193] 
	x39: [  0.8325,   1.0325] 
	x40: [ -3.7449,  -3.5449] 
	x41: [  1.2529,   1.4529] 
	x42: [ -1.2024,  -1.0024] 
	x43: [ -1.7114,  -1.5114] 
	x44: [ -1.7031,  -1.5031] 
	x45: [  0.1888,   0.3888] 
	x46: [  1.3044,   1.5044] 
	x47: [ -3.6311,  -3.4311] 
	x48: [  1.0827,   1.2827] 
	x49: [  2.1290,   2.3290] 
	x50: [  2.2340,   2.4340] 
	x51: [ -0.0811,   0.1189] 
	x52: [  0.2455,   0.4455] 
	x53: [ -1.8140,  -1.6140] 
	x54: [  0.2813,   0.4813] 
	x55: [ -3.0412,  -2.8412] 
	x56: [  0.9466,   1.1466] 
	x57: [  1.2628,   1.4628] 
	x58: [ -0.5772,  -0.3772] 
	x59: [  0.3254,   0.5254] 
	x60: [  0.6350,   0.8350] 
	x61: [ -0.4610,  -0.2610] 
	x62: [  0.0323,   0.2323] 
	x63: [ -1.9162,  -1.7162] 
	x64: [ -0.9558,  -0.7558] 
	x65: [ -0.4502,  -0.2502] 
	x66: [ -2.1825,  -1.9825] 
	x67: [ -1.9747,  -1.7747] 
	x68: [  1.2805,   1.4805] 
	x69: [ -2.4462,  -2.2462] 
	x70: [  0.4418,   0.6418] 
	x71: [  0.1724,   0.3724] 
	x72: [  0.2029,   0.4029] 
	x73: [ -1.6147,  -1.4147] 
	x74: [ -2.1202,  -1.9202] 
	x75: [ -1.0519,  -0.8519] 
	x76: [  2.5389,   2.7389] 
	x77: [  2.5740,   2.7740] 
	x78: [ -0.5726,  -0.3726] 
	x79: [  2.5401,   2.7401] 
	x80: [  0.0147,   0.2147] 
	x81: [ -0.3939,  -0.1939] 
	x82: [  0.9211,   1.1211] 
	x83: [ -1.1369,  -0.9369] 
	x84: [ -1.3784,  -1.1784] 
	x85: [  0.2983,   0.4983] 
	x86: [  0.2539,   0.4539] 
	x87: [  3.7408,   3.9408] 
	x88: [ -2.1160,  -1.9160] 
	x89: [  2.1453,   2.3453] 
	x90: [ -0.9067,  -0.7067] 
	x91: [ -0.9404,  -0.7404] 
	x92: [ -0.7109,  -0.5109] 
	x93: [  0.7117,   0.9117] 
	x94: [ -0.3476,  -0.1476] 
	x95: [ -0.8659,  -0.6659] 
	x96: [  0.3543,   0.5543] 
	x97: [ -2.0920,  -1.8920] 
	x98: [ -0.6852,  -0.4852] 
	x99: [  0.7024,   0.9024] 
	x100: [ -0.6434,  -0.4434] 
	x101: [ -2.6554,  -2.4554] 
	x102: [ -2.1137,  -1.9137] 
	x103: [  2.1066,   2.3066] 
	x104: [  0.2561,   0.4561] 
	x105: [ -1.6402,  -1.4402] 
	x106: [  0.3392,   0.5392] 
	x107: [ -0.7021,  -0.5021] 
	x108: [  1.1158,   1.3158] 
	x109: [ -2.1558,  -1.9558] 
	x110: [  0.4128,   0.6128] 
	x111: [ -0.3052,  -0.1052] 
	x112: [  1.0700,   1.2700] 
	x113: [ -0.9827,  -0.7827] 
	x114: [  1.9044,   2.1044] 
	x115: [  0.4845,   0.6845] 
	x116: [ -0.8907,  -0.6907] 
	x117: [  1.8087,   2.0087] 
	x118: [  1.3996,   1.5996] 
	x119: [  1.4007,   1.6007] 
	x120: [  0.8601,   1.0601] 
	x121: [  0.8805,   1.0805] 
	x122: [  1.8824,   2.0824] 
	x123: [  0.0080,   0.2080] 
	x124: [ -2.1214,  -1.9214] 
	x125: [ -2.0024,  -1.8024] 
	x126: [ -0.7562,  -0.5562] 
	x127: [ -1.5083,  -1.3083] 
	x128: [ -0.0059,   0.1941] 
	x129: [ -3.0380,  -2.8380] 
	x130: [ -1.3873,  -1.1873] 
	x131: [ -0.2895,  -0.0895] 
	x132: [  0.4206,   0.6206] 
	x133: [  1.6159,   1.8159] 
	x134: [  1.9673,   2.1673] 
	x135: [  0.6097,   0.8097] 
	x136: [  2.0701,   2.2701] 
	x137: [  0.8334,   1.0334] 
	x138: [  0.2528,   0.4528] 
	x139: [ -1.1105,  -0.9105] 
	x140: [ -0.1235,   0.0765] 
	x141: [ -1.3014,  -1.1014] 
	x142: [  0.2703,   0.4703] 
	x143: [ -1.1734,  -0.9734] 
	x144: [  2.5906,   2.7906] 
	x145: [ -0.0503,   0.1497] 
	x146: [ -0.7051,  -0.5051] 
	x147: [  0.6358,   0.8358] 
	x148: [ -0.7058,  -0.5058] 
	x149: [ -1.7166,  -1.5166] 
	x150: [  0.1925,   0.3925] 
	x151: [ -0.9222,  -0.7222] 
	x152: [ -1.5487,  -1.3487] 
	x153: [ -0.2334,  -0.0334] 
	x154: [  1.1503,   1.3503] 
	x155: [ -1.3811,  -1.1811] 
	x156: [ -3.1771,  -2.9771] 
	x157: [  1.1642,   1.3642] 
	x158: [  0.6886,   0.8886] 
	x159: [  0.7898,   0.9898] 
	x160: [ -0.6364,  -0.4364] 
	x161: [ -0.7805,  -0.5805] 
	x162: [ -1.9525,  -1.7525] 
	x163: [ -0.1791,   0.0209] 
	x164: [ -1.5686,  -1.3686] 
	x165: [  0.3839,   0.5839] 
	x166: [ -0.0429,   0.1571] 
	x167: [  1.7992,   1.9992] 
	x168: [ -0.9954,  -0.7954] 
	x169: [ -0.3738,  -0.1738] 
	x170: [  0.8618,   1.0618] 
	x171: [ -1.1846,  -0.9846] 
	x172: [  0.0369,   0.2369] 
	x173: [ -1.3376,  -1.1376] 
	x174: [  2.7316,   2.9316] 
	x175: [ -2.5810,  -2.3810] 
	x176: [ -1.0022,  -0.8022] 
	x177: [  0.3886,   0.5886] 
	x178: [  0.6935,   0.8935] 
	x179: [  1.0968,   1.2968] 
	x180: [ -0.9720,  -0.7720] 
	x181: [ -2.3293,  -2.1293] 
	x182: [  1.8984,   2.0984] 
	x183: [  0.6333,   0.8333] 
	x184: [ -0.7225,  -0.5225] 
	x185: [ -1.9814,  -1.7814] 
	x186: [  0.5118,   0.7118] 
	x187: [ -1.4749,  -1.2749] 
	x188: [ -0.6469,  -0.4469] 
	x189: [ -2.0369,  -1.8369] 
	x190: [  2.3029,   2.5029] 
	x191: [  1.7318,   1.9318] 
	x192: [  1.3002,   1.5002] 
	x193: [ -0.8635,  -0.6635] 
	x194: [ -0.4309,  -0.2309] 
	x195: [  0.2345,   0.4345] 
	x196: [ -0.4900,  -0.2900] 
	x197: [  1.4213,   1.6213] 
	x198: [ -0.1840,   0.0160] 
	x199: [  1.0489,   1.2489] 
	x200: [  0.2314,   0.4314] 
	x201: [  0.3734,   0.5734] 
	x202: [  2.8999,   3.0999] 
	x203: [ -1.8381,  -1.6381] 
	x204: [ -1.3159,  -1.1159] 
	x205: [ -0.0353,   0.1647] 
	x206: [ -0.1645,   0.0355] 
	x207: [ -0.4178,  -0.2178] 
	x208: [ -0.9307,  -0.7307] 
	x209: [ -4.7222,  -4.5222] 
	x210: [  0.3905,   0.5905] 
	x211: [ -0.6510,  -0.4510] 
	x212: [ -1.0241,  -0.8241] 
	x213: [ -0.5028,  -0.3028] 
	x214: [ -0.0577,   0.1423] 
	x215: [ -1.4591,  -1.2591] 
	x216: [  0.3382,   0.5382] 
	x217: [  1.6613,   1.8613] 
	x218: [  1.2063,   1.4063] 
	x219: [  0.6547,   0.8547] 
	x220: [ -0.8183,  -0.6183] 
	x221: [ -2.1670,  -1.9670] 
	x222: [ -0.3574,  -0.1574] 
	x223: [  2.9479,   3.1479] 
	x224: [ -0.0371,   0.1629] 
	x225: [  0.0315,   0.2315] 
	x226: [ -1.6785,  -1.4785] 
	x227: [ -1.8239,  -1.6239] 
	x228: [  1.0010,   1.2010] 
	x229: [ -2.6362,  -2.4362] 
	x230: [  2.9102,   3.1102] 
	x231: [  0.8391,   1.0391] 
	x232: [ -1.2609,  -1.0609] 
	x233: [ -0.2716,  -0.0716] 
	x234: [  0.9483,   1.1483] 
	x235: [ -0.2074,  -0.0074] 
	x236: [  0.2152,   0.4152] 
	x237: [ -0.9451,  -0.7451] 
	x238: [ -0.4106,  -0.2106] 
	x239: [  3.0126,   3.2126] 
	x240: [ -1.1989,  -0.9989] 
	x241: [  0.4945,   0.6945] 
	x242: [ -0.1883,   0.0117] 
	x243: [  2.0113,   2.2113] 
	x244: [ -2.9649,  -2.7649] 
	x245: [ -1.0770,  -0.8770] 
	x246: [  0.4228,   0.6228] 
	x247: [ -3.2098,  -3.0098] 
	x248: [  2.3339,   2.5339] 
	x249: [  1.9098,   2.1098] 
	x250: [  0.8063,   1.0063] 
	x251: [ -1.1802,  -0.9802] 
	x252: [  0.5032,   0.7032] 
	x253: [  1.2790,   1.4790] 
	x254: [ -0.1795,   0.0205] 
	x255: [ -1.9921,  -1.7921] 
	x256: [  2.2196,   2.4196] 
	x257: [ -1.6840,  -1.4840] 
	x258: [  0.9423,   1.1423] 
	x259: [ -0.8516,  -0.6516] 
	x260: [  1.3811,   1.5811] 
	x261: [ -0.7424,  -0.5424] 
	x262: [  0.0228,   0.2228] 
	x263: [ -1.5222,  -1.3222] 
	x264: [ -0.4170,  -0.2170] 
	x265: [ -0.1042,   0.0958] 
	x266: [  1.3667,   1.5667] 
	x267: [ -1.2599,  -1.0599] 
	x268: [ -1.4309,  -1.2309] 
	x269: [  1.5362,   1.7362] 
	x270: [ -1.3430,  -1.1430] 
	x271: [ -0.3916,  -0.1916] 
	x272: [  0.1558,   0.3558] 
	x273: [  2.1050,   2.3050] 
	x274: [ -1.4860,  -1.2860] 
	x275: [  0.1510,   0.3510] 
	x276: [  1.4667,   1.6667] 
	x277: [  1.4479,   1.6479] 
	x278: [ -2.2434,  -2.0434] 
	x279: [  1.2180,   1.4180] 
	x280: [  0.5472,   0.7472] 
	x281: [  0.0624,   0.2624] 
	x282: [ -0.3499,  -0.1499] 
	x283: [ -3.3297,  -3.1297] 
	x284: [  0.3906,   0.5906] 
	x285: [  0.4730,   0.6730] 
	x286: [ -0.7614,  -0.5614] 
	x287: [  1.9052,   2.1052] 
	x288: [ -0.5540,  -0.3540] 
	x289: [  0.4265,   0.6265] 
	x290: [  0.2838,   0.4838] 
	x291: [  0.8912,   1.0912] 
	x292: [  0.9959,   1.1959] 
	x293: [ -2.2356,  -2.0356] 
	x294: [ -1.5177,  -1.3177] 
	x295: [ -0.1182,   0.0818] 
	x296: [ -3.1271,  -2.9271] 
	x297: [  1.3342,   1.5342] 
	x298: [ -0.8039,  -0.6039] 
	x299: [  1.8935,   2.0935] 
	x300: [  0.0508,   0.2508] 
	x301: [ -1.1919,  -0.9919] 
	x302: [  1.4606,   1.6606] 
	x303: [ -0.4917,  -0.2917] 
	x304: [  0.2203,   0.4203] 
	x305: [ -2.3071,  -2.1071] 
	x306: [ -0.8951,  -0.6951] 
	x307: [ -1.1381,  -0.9381] 
	x308: [ -1.4843,  -1.2843] 
	x309: [  1.5771,   1.7771] 
	x310: [ -0.7634,  -0.5634] 
	x311: [  0.5717,   0.7717] 
	x312: [ -2.7622,  -2.5622] 
	x313: [ -0.0039,   0.1961] 
	x314: [  1.0429,   1.2429] 
	x315: [ -0.2651,  -0.0651] 
	x316: [ -2.1130,  -1.9130] 
	x317: [  2.6900,   2.8900] 
	x318: [ -2.0589,  -1.8589] 
	x319: [  0.4010,   0.6010] 
	x320: [  1.0383,   1.2383] 
	x321: [ -0.9852,  -0.7852] 
	x322: [ -4.1566,  -3.9566] 
	x323: [  1.4026,   1.6026] 
	x324: [  1.9852,   2.1852] 
	x325: [  0.0082,   0.2082] 
	x326: [ -0.5960,  -0.3960] 
	x327: [ -3.2495,  -3.0495] 
	x328: [  1.5019,   1.7019] 
	x329: [ -0.6445,  -0.4445] 
	x330: [ -2.3100,  -2.1100] 
	x331: [  1.1099,   1.3099] 
	x332: [ -3.8150,  -3.6150] 
	x333: [ -0.7990,  -0.5990] 
	x334: [  0.2065,   0.4065] 
	x335: [  1.2497,   1.4497] 
	x336: [  0.8702,   1.0702] 
	x337: [ -1.1748,  -0.9748] 
	x338: [ -0.4247,  -0.2247] 
	x339: [ -2.2793,  -2.0793] 
	x340: [ -0.9738,  -0.7738] 
	x341: [  2.8405,   3.0405] 
	x342: [ -0.2023,  -0.0023] 
	x343: [  0.4433,   0.6433] 
	x344: [  2.1930,   2.3930] 
	x345: [ -1.5283,  -1.3283] 
	x346: [  0.1511,   0.3511] 
	x347: [ -1.1497,  -0.9497] 
	x348: [  2.0213,   2.2213] 
	x349: [ -1.5477,  -1.3477] 
	x350: [ -0.7924,  -0.5924] 
	x351: [ -0.5228,  -0.3228] 
	x352: [  1.6396,   1.8396] 
	x353: [ -0.7984,  -0.5984] 
	x354: [  0.0356,   0.2356] 
	x355: [  1.1641,   1.3641] 
	x356: [ -0.2105,  -0.0105] 
	x357: [  1.5276,   1.7276] 
	x358: [  0.2964,   0.4964] 
	x359: [ -0.1997,   0.0003] 
	x360: [ -1.4455,  -1.2455] 
	x361: [  0.6412,   0.8412] 
	x362: [ -1.0489,  -0.8489] 
	x363: [  2.1774,   2.3774] 
	x364: [  2.4575,   2.6575] 
	x365: [ -1.0967,  -0.8967] 
	x366: [ -3.0543,  -2.8543] 
	x367: [  0.5462,   0.7462] 
	x368: [ -1.1009,  -0.9009] 
	x369: [ -1.8026,  -1.6026] 
	x370: [ -1.3196,  -1.1196] 
	x371: [ -0.1193,   0.0807] 
	x372: [  2.1878,   2.3878] 
	x373: [ -0.7310,  -0.5310] 
	x374: [ -1.0755,  -0.8755] 
	x375: [  1.3528,   1.5528] 
	x376: [  0.5830,   0.7830] 
	x377: [  0.4764,   0.6764] 
	x378: [  0.0865,   0.2865] 
	x379: [  0.4380,   0.6380] 
	x380: [ -1.1563,  -0.9563] 
	x381: [ -1.0221,  -0.8221] 
	x382: [ -0.2065,  -0.0065] 
	x383: [  0.7906,   0.9906] 
	x384: [ -0.0063,   0.1937] 
	x385: [ -0.6060,  -0.4060] 
	x386: [ -3.7471,  -3.5471] 
	x387: [  1.6551,   1.8551] 
	x388: [  1.2526,   1.4526] 
	x389: [ -0.2020,  -0.0020] 
	x390: [  0.1097,   0.3097] 
	x391: [ -0.3437,  -0.1437] 
	x392: [ -0.1097,   0.0903] 
	x393: [ -0.4063,  -0.2063] 
	x394: [  0.3652,   0.5652] 
	x395: [  1.2750,   1.4750] 
	x396: [ -3.1828,  -2.9828] 
	x397: [ -1.1949,  -0.9949] 
	x398: [ -0.7383,  -0.5383] 
	x399: [ -0.1508,   0.0492] 
	x400: [  0.4198,   0.6198] 
	x401: [ -2.3703,  -2.1703] 
	x402: [ -1.4884,  -1.2884] 
	x403: [ -2.8820,  -2.6820] 
	x404: [ -0.1647,   0.0353] 
	x405: [ -1.1979,  -0.9979] 
	x406: [  1.8162,   2.0162] 
	x407: [ -2.0507,  -1.8507] 
	x408: [ -1.4095,  -1.2095] 
	x409: [  3.4378,   3.6378] 
	x410: [  1.0864,   1.2864] 
	x411: [  0.9250,   1.1250] 
	x412: [ -1.9050,  -1.7050] 
	x413: [ -2.0771,  -1.8771] 
	x414: [  0.5011,   0.7011] 
	x415: [ -0.3200,  -0.1200] 
	x416: [ -2.1868,  -1.9868] 
	x417: [  0.6976,   0.8976] 
	x418: [ -0.5851,  -0.3851] 
	x419: [ -0.2809,  -0.0809] 
	x420: [ -2.2065,  -2.0065] 
	x421: [  0.1377,   0.3377] 
	x422: [ -0.9931,  -0.7931] 
	x423: [  3.1066,   3.3066] 
	x424: [  2.5911,   2.7911] 
	x425: [ -0.1056,   0.0944] 
	x426: [ -4.9353,  -4.7353] 
	x427: [ -2.3340,  -2.1340] 
	x428: [ -0.2008,  -0.0008] 
	x429: [ -1.5695,  -1.3695] 
	x430: [ -1.7860,  -1.5860] 
	x431: [ -3.0073,  -2.8073] 
	x432: [ -1.1015,  -0.9015] 
	x433: [  0.9623,   1.1623] 
	x434: [  3.3146,   3.5146] 
	x435: [ -0.8063,  -0.6063] 
	x436: [ -1.5407,  -1.3407] 
	x437: [ -0.9118,  -0.7118] 
	x438: [ -4.1863,  -3.9863] 
	x439: [ -1.1981,  -0.9981] 
	x440: [ -1.7857,  -1.5857] 
	x441: [ -0.2534,  -0.0534] 
	x442: [  2.8989,   3.0989] 
	x443: [  4.1090,   4.3090] 
	x444: [  3.4122,   3.6122] 
	x445: [  0.6053,   0.8053] 
	x446: [  2.3003,   2.5003] 
	x447: [ -1.2369,  -1.0369] 
	x448: [ -2.1059,  -1.9059] 
	x449: [ -0.9541,  -0.7541] 
	x450: [  1.9278,   2.1278] 
	x451: [ -0.9301,  -0.7301] 
	x452: [  1.2480,   1.4480] 
	x453: [ -0.2669,  -0.0669] 
	x454: [  0.3960,   0.5960] 
	x455: [ -0.6852,  -0.4852] 
	x456: [ -0.3342,  -0.1342] 
	x457: [ -2.0691,  -1.8691] 
	x458: [  1.5759,   1.7759] 
	x459: [ -3.7382,  -3.5382] 
	x460: [  1.0057,   1.2057] 
	x461: [  0.1775,   0.3775] 
	x462: [ -0.3696,  -0.1696] 
	x463: [ -0.7444,  -0.5444] 
	x464: [  0.2349,   0.4349] 
	x465: [  2.2133,   2.4133] 
	x466: [ -1.1446,  -0.9446] 
	x467: [ -4.1225,  -3.9225] 
	x468: [  0.5804,   0.7804] 
	x469: [ -0.8748,  -0.6748] 
	x470: [  2.3336,   2.5336] 
	x471: [  1.6341,   1.8341] 
	x472: [  3.9980,   4.1980] 
	x473: [ -2.3004,  -2.1004] 
	x474: [  0.2454,   0.4454] 
	x475: [ -0.0650,   0.1350] 
	x476: [  2.5573,   2.7573] 
	x477: [ -1.6099,  -1.4099] 
	x478: [  3.1000,   3.3000] 
	x479: [  1.5389,   1.7389] 
	x480: [  0.1433,   0.3433] 
	x481: [  0.9542,   1.1542] 
	x482: [ -1.1461,  -0.9461] 
	x483: [ -0.3536,  -0.1536] 
	x484: [ -2.3518,  -2.1518] 
	x485: [ -1.1040,  -0.9040] 
	x486: [ -0.9183,  -0.7183] 
	x487: [  3.4636,   3.6636] 
	x488: [  1.3745,   1.5745] 
	x489: [ -1.1911,  -0.9911] 
	x490: [ -3.2856,  -3.0856] 
	x491: [  1.6654,   1.8654] 
	x492: [  0.8674,   1.0674] 
	x493: [ -0.4774,  -0.2774] 
	x494: [ -1.0878,  -0.8878] 
	x495: [ -0.5131,  -0.3131] 
	x496: [  0.8916,   1.0916] 
	x497: [  1.2766,   1.4766] 
	x498: [  1.4942,   1.6942] 
	x499: [ -1.5437,  -1.3437] 
	x500: [  0.5126,   0.7126] 
	x501: [  0.1608,   0.3608] 
	x502: [ -0.4311,  -0.2311] 
	x503: [ -1.3806,  -1.1806] 
	x504: [ -3.1332,  -2.9332] 
	x505: [  0.6515,   0.8515] 
	x506: [ -0.4629,  -0.2629] 
	x507: [ -1.2065,  -1.0065] 
	x508: [ -1.1068,  -0.9068] 
	x509: [ -0.1536,   0.0464] 
	x510: [ -0.8608,  -0.6608] 
	x511: [  2.9185,   3.1185] 

Branching heuristics set to PseudoImpact

Engine::solve: Initial statistics

23:45:58 Statistics update:
	--- Time Statistics ---
	Total time elapsed: 504 milli (00:00:00)
		Main loop: 0 milli (00:00:00)
		Preprocessing time: 203 milli (00:00:00)
		Unknown: 301 milli (00:00:00)
	Breakdown for main loop:
		[0.00%] Simplex steps: 0 milli
		[0.00%] Explicit-basis bound tightening: 0 milli
		[0.00%] Constraint-matrix bound tightening: 0 milli
		[0.00%] Degradation checking: 0 milli
		[0.00%] Precision restoration: 0 milli
		[0.00%] Statistics handling: 0 milli
		[0.00%] Constraint-fixing steps: 0 milli
		[0.00%] Valid case splits: 0 milli. Average per split: 0.00 milli
		[0.00%] Applying stored bound-tightening: 0 milli
		[0.00%] SMT core: 0 milli
		[0.00%] Symbolic Bound Tightening: 12 milli
		[0.00%] SoI-based local search: 0 milli
		[0.00%] SoI-based local search: 0 milli
		[0.00%] Unaccounted for: 0 milli
	--- Preprocessor Statistics ---
	Number of preprocessor bound-tightening loop iterations: 3
	Number of eliminated variables: 124
	Number of constraints removed due to variable elimination: 124
	Number of equations removed due to variable elimination: 0
	--- Engine Statistics ---
	Number of main loop iterations: 1
		0 iterations were simplex steps. Total time: 0 milli. Average: 0.00 milli.
		0 iterations were constraint-fixing steps. Total time: 0 milli. Average: 0.00 milli
	Number of active piecewise-linear constraints: 132 / 132
		Constraints disabled by valid splits: 0. By SMT-originated splits: 0
	Last reported degradation: 0.0000000000. Max degradation so far: 0.0000000000. Restorations so far: 0
	Number of simplex pivots we attempted to skip because of instability: 0.
	Unstable pivots performed anyway: 0
	--- Tableau Statistics ---
	Total number of pivots performed: 0
		Real pivots: 0. Degenerate: 0 (0.00%)
		Degenerate pivots by request (e.g., to fix a PL constraint): 0 (0.00%)
		Average time per pivot: 0.00 milli
	Total number of fake pivots performed: 0
	Total number of rows added: 0. Number of merged columns: 0
	Current tableau dimensions: M = 705, N = 2054
	--- SMT Core Statistics ---
	Total depth is 0. Total visited states: 1. Number of splits: 0. Number of pops: 0
	Max stack depth: 0
	--- Bound Tightening Statistics ---
	Number of tightened bounds: 0.
		Number of rows examined by row tightener: 0. Consequent tightenings: 0
		Number of explicit basis matrices examined by row tightener: 0. Consequent tightenings: 0
		Number of bound tightening rounds on the entire constraint matrix: 0. Consequent tightenings: 0
		Number of bound notifications sent to PL constraints: 792. Tightenings proposed: 0
	--- Basis Factorization statistics ---
	Number of basis refactorizations: 2
	--- Projected Steepest Edge Statistics ---
	Number of iterations: 0.
	Number of resets to reference space: 1. Avg. iterations per reset: 0
	--- SBT ---
	Number of tightened bounds: 385
	--- SoI-based local search ---
	Number of proposed phase pattern update: 0. Number of accepted update: 0 [0.00%]
	Total time (% of local search time) updating SoI phase pattern : 0 milli [0.00%]
	Total time obtaining current assignment: 0 milli [0.00%]
	Total time getting SoI phase pattern : 0 milli [0.00%]
	--- Context dependent statistics ---
	Number of pushes / pops: 0 / 0
		[0.00%] Pre-Push hook: 0 milli
		[0.00%] Push : 0 milli
		[0.00%] Post-Pop hook: 0 milli
		[0.00%] Pop : 0 milli
		[0.00%] Total context-switching time: 0 milli
	--- Proof Certificate ---
	Number of certified leaves: 0
	Number of leaves to delegate: 0

---

Engine::solve: sat assignment found

23:46:00 Statistics update:
	--- Time Statistics ---
	Total time elapsed: 2364 milli (00:00:02)
		Main loop: 1859 milli (00:00:01)
		Preprocessing time: 203 milli (00:00:00)
		Unknown: 301 milli (00:00:00)
	Breakdown for main loop:
		[35.16%] Simplex steps: 653 milli
		[63.60%] Explicit-basis bound tightening: 1182 milli
		[0.00%] Constraint-matrix bound tightening: 0 milli
		[0.55%] Degradation checking: 10 milli
		[0.00%] Precision restoration: 0 milli
		[0.03%] Statistics handling: 0 milli
		[0.00%] Constraint-fixing steps: 0 milli
		[0.00%] Valid case splits: 0 milli. Average per split: 0.00 milli
		[0.00%] Applying stored bound-tightening: 0 milli
		[0.00%] SMT core: 0 milli
		[1.12%] Symbolic Bound Tightening: 20 milli
		[4.62%] SoI-based local search: 85 milli
		[0.00%] SoI-based local search: 0 milli
		[992123145758102.12%] Unaccounted for: 0 milli
	--- Preprocessor Statistics ---
	Number of preprocessor bound-tightening loop iterations: 3
	Number of eliminated variables: 124
	Number of constraints removed due to variable elimination: 124
	Number of equations removed due to variable elimination: 0
	--- Engine Statistics ---
	Number of main loop iterations: 591
		589 iterations were simplex steps. Total time: 653 milli. Average: 1.11 milli.
		0 iterations were constraint-fixing steps. Total time: 0 milli. Average: 0.00 milli
	Number of active piecewise-linear constraints: 132 / 132
		Constraints disabled by valid splits: 0. By SMT-originated splits: 0
	Last reported degradation: 0.0000001639. Max degradation so far: 0.0000000000. Restorations so far: 0
	Number of simplex pivots we attempted to skip because of instability: 0.
	Unstable pivots performed anyway: 0
	--- Tableau Statistics ---
	Total number of pivots performed: 576
		Real pivots: 576. Degenerate: 0 (0.00%)
		Degenerate pivots by request (e.g., to fix a PL constraint): 0 (0.00%)
		Average time per pivot: 0.16 milli
	Total number of fake pivots performed: 11
	Total number of rows added: 0. Number of merged columns: 0
	Current tableau dimensions: M = 705, N = 2054
	--- SMT Core Statistics ---
	Total depth is 0. Total visited states: 1. Number of splits: 0. Number of pops: 0
	Max stack depth: 0
	--- Bound Tightening Statistics ---
	Number of tightened bounds: 0.
		Number of rows examined by row tightener: 576. Consequent tightenings: 0
		Number of explicit basis matrices examined by row tightener: 5. Consequent tightenings: 290
		Number of bound tightening rounds on the entire constraint matrix: 0. Consequent tightenings: 0
		Number of bound notifications sent to PL constraints: 1584. Tightenings proposed: 0
	--- Basis Factorization statistics ---
	Number of basis refactorizations: 7
	--- Projected Steepest Edge Statistics ---
	Number of iterations: 587.
	Number of resets to reference space: 1. Avg. iterations per reset: 587
	--- SBT ---
	Number of tightened bounds: 385
	--- SoI-based local search ---
	Number of proposed phase pattern update: 0. Number of accepted update: 1 [0.00%]
	Total time (% of local search time) updating SoI phase pattern : 366 milli [0.43%]
	Total time obtaining current assignment: 152 milli [0.18%]
	Total time getting SoI phase pattern : 50 milli [0.00%]
	--- Context dependent statistics ---
	Number of pushes / pops: 0 / 0
		[0.00%] Pre-Push hook: 0 milli
		[0.00%] Push : 0 milli
		[0.00%] Post-Pop hook: 0 milli
		[0.00%] Pop : 0 milli
		[0.00%] Total context-switching time: 0 milli
	--- Proof Certificate ---
	Number of certified leaves: 0
	Number of leaves to delegate: 0
sat
Input assignment:
	x0 = -1.241662
	x1 = -0.249590
	x2 = -1.714438
	x3 = 1.237651
	x4 = -0.359710
	x5 = -1.092615
	x6 = -1.178050
	x7 = 0.650694
	x8 = -2.034602
	x9 = 0.470748
	x10 = -0.194400
	x11 = 0.115443
	x12 = 1.449014
	x13 = 2.780749
	x14 = 2.733700
	x15 = 2.153926
	x16 = -1.580040
	x17 = -0.464559
	x18 = -1.028896
	x19 = 0.225797
	x20 = 0.922991
	x21 = 0.159322
	x22 = -1.137165
	x23 = 0.622340
	x24 = 0.010424
	x25 = -4.086340
	x26 = 0.373297
	x27 = 1.461328
	x28 = -1.903653
	x29 = 1.549468
	x30 = 2.206540
	x31 = -2.521658
	x32 = 1.715930
	x33 = 0.360844
	x34 = -0.853872
	x35 = -1.660375
	x36 = -0.853846
	x37 = -0.150261
	x38 = 3.319288
	x39 = 1.032532
	x40 = -3.744895
	x41 = 1.452868
	x42 = -1.002425
	x43 = -1.511366
	x44 = -1.503100
	x45 = 0.388828
	x46 = 1.504399
	x47 = -3.431125
	x48 = 1.282657
	x49 = 2.329045
	x50 = 2.234026
	x51 = 0.118894
	x52 = 0.245547
	x53 = -1.814024
	x54 = 0.281305
	x55 = -2.841206
	x56 = 1.146629
	x57 = 1.262818
	x58 = -0.577194
	x59 = 0.325391
	x60 = 0.635016
	x61 = -0.261030
	x62 = 0.232287
	x63 = -1.916221
	x64 = -0.755782
	x65 = -0.250230
	x66 = -2.182540
	x67 = -1.774706
	x68 = 1.280486
	x69 = -2.246151
	x70 = 0.641792
	x71 = 0.372352
	x72 = 0.252241
	x73 = -1.614663
	x74 = -1.920220
	x75 = -1.051863
	x76 = 2.738917
	x77 = 2.773991
	x78 = -0.572555
	x79 = 2.540075
	x80 = 0.214715
	x81 = -0.393926
	x82 = 0.921093
	x83 = -0.936937
	x84 = -1.178443
	x85 = 0.298339
	x86 = 0.453866
	x87 = 3.940824
	x88 = -1.915997
	x89 = 2.145306
	x90 = -0.706738
	x91 = -0.940389
	x92 = -0.710933
	x93 = 0.711686
	x94 = -0.147609
	x95 = -0.865913
	x96 = 0.354293
	x97 = -2.091993
	x98 = -0.485171
	x99 = 0.702360
	x100 = -0.643368
	x101 = -2.455370
	x102 = -2.113712
	x103 = 2.306570
	x104 = 0.256072
	x105 = -1.640188
	x106 = 0.539202
	x107 = -0.502117
	x108 = 1.315797
	x109 = -1.955758
	x110 = 0.412842
	x111 = -0.105200
	x112 = 1.070024
	x113 = -0.982675
	x114 = 2.104368
	x115 = 0.484498
	x116 = -0.890652
	x117 = 2.008735
	x118 = 1.599613
	x119 = 1.600713
	x120 = 1.060112
	x121 = 0.880487
	x122 = 1.882417
	x123 = 0.007995
	x124 = -1.921371
	x125 = -1.802424
	x126 = -0.756159
	x127 = -1.508299
	x128 = -0.005868
	x129 = -2.837951
	x130 = -1.187256
	x131 = -0.267025
	x132 = 0.620625
	x133 = 1.815901
	x134 = 1.967306
	x135 = 0.609720
	x136 = 2.270110
	x137 = 0.833408
	x138 = 0.452801
	x139 = -0.910495
	x140 = -0.123524
	x141 = -1.301390
	x142 = 0.270264
	x143 = -0.973388
	x144 = 2.790595
	x145 = 0.149747
	x146 = -0.642316
	x147 = 0.835762
	x148 = -0.705815
	x149 = -1.516557
	x150 = 0.192510
	x151 = -0.722174
	x152 = -1.348749
	x153 = -0.233411
	x154 = 1.150269
	x155 = -1.381096
	x156 = -3.177103
	x157 = 1.164152
	x158 = 0.688565
	x159 = 0.989840
	x160 = -0.436378
	x161 = -0.580491
	x162 = -1.952512
	x163 = 0.020907
	x164 = -1.368624
	x165 = 0.583938
	x166 = -0.042929
	x167 = 1.999248
	x168 = -0.795408
	x169 = -0.373792
	x170 = 1.061781
	x171 = -0.984647
	x172 = 0.236919
	x173 = -1.337626
	x174 = 2.931561
	x175 = -2.580960
	x176 = -1.002216
	x177 = 0.588560
	x178 = 0.693520
	x179 = 1.096831
	x180 = -0.772049
	x181 = -2.129318
	x182 = 1.898398
	x183 = 0.833331
	x184 = -0.522480
	x185 = -1.781413
	x186 = 0.511821
	x187 = -1.274901
	x188 = -0.646912
	x189 = -1.836893
	x190 = 2.302860
	x191 = 1.931761
	x192 = 1.500166
	x193 = -0.863522
	x194 = -0.230856
	x195 = 0.434517
	x196 = -0.490033
	x197 = 1.621294
	x198 = 0.015979
	x199 = 1.248854
	x200 = 0.231390
	x201 = 0.573368
	x202 = 2.899873
	x203 = -1.638104
	x204 = -1.315910
	x205 = 0.164653
	x206 = 0.035472
	x207 = -0.217810
	x208 = -0.730727
	x209 = -4.522185
	x210 = 0.590526
	x211 = -0.451027
	x212 = -0.824109
	x213 = -0.502820
	x214 = 0.142293
	x215 = -1.259066
	x216 = 0.538172
	x217 = 1.661299
	x218 = 1.406349
	x219 = 0.854700
	x220 = -0.618311
	x221 = -2.167001
	x222 = -0.157392
	x223 = 3.147938
	x224 = 0.162901
	x225 = 0.231486
	x226 = -1.478514
	x227 = -1.697385
	x228 = 1.200984
	x229 = -2.436237
	x230 = 2.910198
	x231 = 0.839066
	x232 = -1.060867
	x233 = -0.071593
	x234 = 0.948309
	x235 = -0.207371
	x236 = 0.415152
	x237 = -0.745068
	x238 = -0.410560
	x239 = 3.212646
	x240 = -0.998936
	x241 = 0.694517
	x242 = -0.188307
	x243 = 2.211327
	x244 = -2.964927
	x245 = -0.876988
	x246 = 0.622836
	x247 = -3.009783
	x248 = 2.533936
	x249 = 1.909815
	x250 = 1.006267
	x251 = -0.980153
	x252 = 0.703243
	x253 = 1.478994
	x254 = 0.020451
	x255 = -1.792060
	x256 = 2.419581
	x257 = -1.483977
	x258 = 0.942252
	x259 = -0.651603
	x260 = 1.394565
	x261 = -0.742386
	x262 = 0.222811
	x263 = -1.322166
	x264 = -0.416998
	x265 = 0.095786
	x266 = 1.366684
	x267 = -1.059929
	x268 = -1.230916
	x269 = 1.536187
	x270 = -1.143039
	x271 = -0.191610
	x272 = 0.355843
	x273 = 2.304957
	x274 = -1.285994
	x275 = 0.350974
	x276 = 1.666659
	x277 = 1.647906
	x278 = -2.059376
	x279 = 1.218002
	x280 = 0.747175
	x281 = 0.062449
	x282 = -0.349906
	x283 = -3.129698
	x284 = 0.590558
	x285 = 0.568183
	x286 = -0.761355
	x287 = 2.085958
	x288 = -0.354016
	x289 = 0.626459
	x290 = 0.283828
	x291 = 0.891151
	x292 = 0.995915
	x293 = -2.035557
	x294 = -1.317709
	x295 = -0.118175
	x296 = -3.127069
	x297 = 1.459401
	x298 = -0.603860
	x299 = 2.093465
	x300 = 0.250844
	x301 = -1.191935
	x302 = 1.460645
	x303 = -0.291732
	x304 = 0.420318
	x305 = -2.307104
	x306 = -0.695123
	x307 = -1.138148
	x308 = -1.284311
	x309 = 1.577103
	x310 = -0.763410
	x311 = 0.571726
	x312 = -2.762199
	x313 = 0.196072
	x314 = 1.242949
	x315 = -0.265066
	x316 = -2.112995
	x317 = 2.689968
	x318 = -2.058913
	x319 = 0.600985
	x320 = 1.038307
	x321 = -0.985189
	x322 = -3.956588
	x323 = 1.402602
	x324 = 2.185211
	x325 = 0.008193
	x326 = -0.395990
	x327 = -3.049491
	x328 = 1.701934
	x329 = -0.644524
	x330 = -2.110033
	x331 = 1.309908
	x332 = -3.614963
	x333 = -0.798960
	x334 = 0.406500
	x335 = 1.449742
	x336 = 1.070179
	x337 = -1.174785
	x338 = -0.224716
	x339 = -2.279335
	x340 = -0.773754
	x341 = 2.840489
	x342 = -0.002280
	x343 = 0.643253
	x344 = 2.193040
	x345 = -1.328259
	x346 = 0.151148
	x347 = -0.949744
	x348 = 2.221288
	x349 = -1.547657
	x350 = -0.592392
	x351 = -0.322827
	x352 = 1.839623
	x353 = -0.598361
	x354 = 0.235618
	x355 = 1.164138
	x356 = -0.210523
	x357 = 1.527553
	x358 = 0.496371
	x359 = 0.000295
	x360 = -1.445508
	x361 = 0.841185
	x362 = -0.848902
	x363 = 2.377353
	x364 = 2.657528
	x365 = -0.896675
	x366 = -2.854338
	x367 = 0.746215
	x368 = -1.100930
	x369 = -1.802615
	x370 = -1.119621
	x371 = 0.080748
	x372 = 2.187841
	x373 = -0.730993
	x374 = -0.875457
	x375 = 1.552838
	x376 = 0.782964
	x377 = 0.676401
	x378 = 0.286531
	x379 = 0.437995
	x380 = -1.156324
	x381 = -0.822090
	x382 = -0.006504
	x383 = 0.790598
	x384 = 0.193651
	x385 = -0.405975
	x386 = -3.547078
	x387 = 1.855126
	x388 = 1.252595
	x389 = -0.201985
	x390 = 0.309670
	x391 = -0.343747
	x392 = -0.109681
	x393 = -0.206306
	x394 = 0.565184
	x395 = 1.474979
	x396 = -2.982822
	x397 = -0.994865
	x398 = -0.738341
	x399 = -0.150793
	x400 = 0.619753
	x401 = -2.170293
	x402 = -1.488414
	x403 = -2.681976
	x404 = -0.164660
	x405 = -0.997865
	x406 = 1.816249
	x407 = -2.050675
	x408 = -1.409514
	x409 = 3.637805
	x410 = 1.286367
	x411 = 0.925035
	x412 = -1.704958
	x413 = -1.877113
	x414 = 0.701135
	x415 = -0.319956
	x416 = -1.986786
	x417 = 0.697556
	x418 = -0.385072
	x419 = -0.080883
	x420 = -2.206516
	x421 = 0.337688
	x422 = -0.993116
	x423 = 3.306588
	x424 = 2.591091
	x425 = 0.094372
	x426 = -4.735290
	x427 = -2.134007
	x428 = -0.200795
	x429 = -1.569528
	x430 = -1.585972
	x431 = -3.007338
	x432 = -0.901460
	x433 = 1.162275
	x434 = 3.314580
	x435 = -0.606298
	x436 = -1.340670
	x437 = -0.911824
	x438 = -4.186295
	x439 = -0.998053
	x440 = -1.785670
	x441 = -0.053370
	x442 = 2.964453
	x443 = 4.308963
	x444 = 3.412169
	x445 = 0.805292
	x446 = 2.500275
	x447 = -1.036914
	x448 = -1.905933
	x449 = -0.954122
	x450 = 1.927750
	x451 = -0.930099
	x452 = 1.248044
	x453 = -0.066911
	x454 = 0.595956
	x455 = -0.485150
	x456 = -0.334167
	x457 = -1.869110
	x458 = 1.775943
	x459 = -3.538156
	x460 = 1.005713
	x461 = 0.177527
	x462 = -0.369621
	x463 = -0.544367
	x464 = 0.234908
	x465 = 2.413287
	x466 = -0.944555
	x467 = -3.922508
	x468 = 0.780381
	x469 = -0.674784
	x470 = 2.333640
	x471 = 1.634070
	x472 = 3.997993
	x473 = -2.100396
	x474 = 0.445378
	x475 = 0.135004
	x476 = 2.757282
	x477 = -1.409881
	x478 = 3.100016
	x479 = 1.538875
	x480 = 0.343272
	x481 = 1.154164
	x482 = -0.946120
	x483 = -0.153650
	x484 = -2.351838
	x485 = -1.104001
	x486 = -0.718288
	x487 = 3.663565
	x488 = 1.374489
	x489 = -0.991054
	x490 = -3.085559
	x491 = 1.865375
	x492 = 0.867401
	x493 = -0.277448
	x494 = -1.087840
	x495 = -0.513121
	x496 = 1.091604
	x497 = 1.476584
	x498 = 1.494216
	x499 = -1.543683
	x500 = 0.712560
	x501 = 0.360823
	x502 = -0.231125
	x503 = -1.380567
	x504 = -3.133164
	x505 = 0.851509
	x506 = -0.262891
	x507 = -1.006455
	x508 = -1.106786
	x509 = 0.046431
	x510 = -0.860755
	x511 = 2.918530

Output:
	y0 = -4.938606
	y1 = 2.487198
	y2 = -5.393482
	y3 = -8.208931
	y4 = 2.582396
	y5 = -6.685098
	y6 = -3.813598
	y7 = 2.536695
	y8 = -3.886243
	y9 = -7.629342
	y10 = 1.484586
	y11 = -6.022657
	y12 = -4.629014
	y13 = -2.859204
	y14 = -2.859194
	y15 = -5.793967
	y16 = 0.962111
	y17 = -3.579145
	y18 = -5.194394
	y19 = 4.176536
	y20 = -4.093159
	y21 = -7.668014
	y22 = 1.809337
	y23 = -6.807500
	y24 = -5.935427
	y25 = 3.149168
	y26 = -7.635629
	y27 = -7.269981
	y28 = 5.062486
	y29 = -7.044775
	y30 = -4.631251
	y31 = 3.089985
	y32 = -3.720589
	y33 = -1.021925
	y34 = 0.088943
	y35 = -0.317901
	y36 = -0.296174
	y37 = 1.764610
	y38 = -0.722763
	y39 = -6.147188
	y40 = 19.340224
	y41 = -4.803240
	y42 = -8.187693
	y43 = 0.967877
	y44 = -6.767632
	y45 = -8.352738
	y46 = 7.358557
	y47 = -8.054729
	y48 = -4.823089
	y49 = 1.389656
	y50 = -6.033997
	y51 = -2.278048
	y52 = -5.730714
	y53 = -2.603359
	y54 = -0.756310
	y55 = -13.642679
	y56 = 2.561143
	y57 = -3.231418
	y58 = 14.957700
	y59 = -0.222630
	y60 = 4.999959
	y61 = -5.266026
	y62 = 1.922838
	y63 = -0.397359
	y64 = 21.008601
	y65 = 1.194202
	y66 = -6.564271
	y67 = 17.396431
	y68 = -7.256869
	y69 = -7.934294
	y70 = 6.979953
	y71 = -7.502390
	y72 = -1.775021
	y73 = -8.426983
	y74 = -3.249959
	y75 = 1.205249
	y76 = -7.002826
	y77 = 0.001109
	y78 = 3.422744
	y79 = -11.953444
	y80 = 4.506658
	y81 = 13.802560
	y82 = -18.305609
	y83 = 9.897215
	y84 = 9.766083
	y85 = -17.461962
	y86 = 6.788495
	y87 = 3.147749
	y88 = -9.302891
	y89 = 1.596004
	y90 = -6.137208
	y91 = 19.236332
	y92 = -6.885354
	y93 = -6.929780
	y94 = 6.068077
	y95 = -6.880723
	y96 = -7.184559
	y97 = 11.787160
	y98 = -9.587658
	y99 = -1.962278
	y100 = -11.324321
	y101 = -0.661314
	y102 = 3.145434
	y103 = -11.007867
	y104 = 3.712576
	y105 = 9.549023
	y106 = -17.003328
	y107 = 13.363430
	y108 = 11.433969
	y109 = -18.305282
	y110 = 8.350769
	y111 = 0.258463
	y112 = -10.147070
	y113 = 5.406900
	y114 = -2.224318
	y115 = 6.291455
	y116 = -2.884811
	y117 = -5.958403
	y118 = 6.032102
	y119 = -4.862619
	y120 = -5.396955
	y121 = 13.219795
	y122 = -8.012792
	y123 = 0.580178
	y124 = -12.093657
	y125 = -1.507658
	y126 = -1.501165
	y127 = -16.230316
	y128 = 1.318987
	y129 = 1.397444
	y130 = -15.723360
	y131 = 4.554281
	y132 = 4.943960
	y133 = -7.266686
	y134 = 4.181398
	y135 = 1.903423
	y136 = -8.854297
	y137 = 3.248788
	y138 = -3.135352
	y139 = 4.648957
	y140 = -4.775714
	y141 = -4.052134
	y142 = 7.219635
	y143 = -3.861040
	y144 = -9.797692
	y145 = 11.838141
	y146 = -12.434509
	y147 = -10.440443
	y148 = 13.078206
	y149 = -12.387037
	y150 = -1.221990
	y151 = -16.781257
	y152 = 0.471816
	y153 = 1.279902
	y154 = -16.256586
	y155 = 0.488314
	y156 = 2.884492
	y157 = -16.448777
	y158 = -0.621776
	y159 = -5.896091
	y160 = 11.736697
	y161 = -7.250007
	y162 = -8.313905
	y163 = 7.635153
	y164 = -9.778646
	y165 = -7.182961
	y166 = 7.863015
	y167 = -7.297556
	y168 = -8.552284
	y169 = 6.837825
	y170 = -8.568777
	y171 = -5.636786
	y172 = 1.257577
	y173 = -6.077260
	y174 = -6.334322
	y175 = 19.517638
	y176 = -5.783149
	y177 = -5.867682
	y178 = 6.550030
	y179 = -6.634727
	y180 = -8.623241
	y181 = 9.585197
	y182 = -11.657007
	y183 = -10.458741
	y184 = 14.679927
	y185 = -11.357503
	y186 = -8.084629
	y187 = 7.335100
	y188 = -10.255181
	y189 = -7.800381
	y190 = 6.877776
	y191 = -10.184142

