InputQuery: /home/levn/Workspace/othello_world/queries/probe_robust/group_7/game_71_target_43_eps_0.1.txt
Engine::processInputQuery: Input query (before preprocessing): 449 equations, 1216 variables
Engine::processInputQuery: Input query (after preprocessing): 705 equations, 1380 variables

Input bounds:
	x0: [ -0.9797,  -0.7797] 
	x1: [ -1.7795,  -1.5795] 
	x2: [  0.5513,   0.7513] 
	x3: [  0.7483,   0.9483] 
	x4: [ -0.5152,  -0.3152] 
	x5: [  0.7338,   0.9338] 
	x6: [  0.0278,   0.2278] 
	x7: [  1.2131,   1.4131] 
	x8: [ -0.6381,  -0.4381] 
	x9: [  1.3135,   1.5135] 
	x10: [  2.2599,   2.4599] 
	x11: [ -0.6477,  -0.4477] 
	x12: [ -3.2225,  -3.0225] 
	x13: [ -2.6656,  -2.4656] 
	x14: [  2.1606,   2.3606] 
	x15: [ -1.0564,  -0.8564] 
	x16: [  0.1085,   0.3085] 
	x17: [ -0.2994,  -0.0994] 
	x18: [  0.8900,   1.0900] 
	x19: [  2.1050,   2.3050] 
	x20: [  1.5456,   1.7456] 
	x21: [ -0.3034,  -0.1034] 
	x22: [ -2.6406,  -2.4406] 
	x23: [ -0.6568,  -0.4568] 
	x24: [  1.0933,   1.2933] 
	x25: [ -1.1579,  -0.9579] 
	x26: [  1.0575,   1.2575] 
	x27: [  0.4162,   0.6162] 
	x28: [ -0.7690,  -0.5690] 
	x29: [  0.5726,   0.7726] 
	x30: [  1.6402,   1.8402] 
	x31: [ -0.5980,  -0.3980] 
	x32: [ -4.0209,  -3.8209] 
	x33: [ -0.6180,  -0.4180] 
	x34: [ -1.9746,  -1.7746] 
	x35: [  0.2983,   0.4983] 
	x36: [  1.7997,   1.9997] 
	x37: [ -3.4360,  -3.2360] 
	x38: [ -2.4032,  -2.2032] 
	x39: [ -1.9707,  -1.7707] 
	x40: [  1.8910,   2.0910] 
	x41: [ -0.1280,   0.0720] 
	x42: [  1.0976,   1.2976] 
	x43: [  0.2673,   0.4673] 
	x44: [  0.3152,   0.5152] 
	x45: [ -1.7874,  -1.5874] 
	x46: [ -0.5354,  -0.3354] 
	x47: [ -0.1423,   0.0577] 
	x48: [  0.8960,   1.0960] 
	x49: [ -1.4080,  -1.2080] 
	x50: [  0.0160,   0.2160] 
	x51: [ -0.9714,  -0.7714] 
	x52: [ -0.5464,  -0.3464] 
	x53: [ -0.4236,  -0.2236] 
	x54: [  3.4300,   3.6300] 
	x55: [  1.1530,   1.3530] 
	x56: [ -2.6900,  -2.4900] 
	x57: [ -0.2181,  -0.0181] 
	x58: [  1.0063,   1.2063] 
	x59: [  0.0120,   0.2120] 
	x60: [  0.8518,   1.0518] 
	x61: [  2.3621,   2.5621] 
	x62: [ -0.2160,  -0.0160] 
	x63: [ -0.8694,  -0.6694] 
	x64: [  0.3250,   0.5250] 
	x65: [ -1.4935,  -1.2935] 
	x66: [ -2.0029,  -1.8029] 
	x67: [ -2.4254,  -2.2254] 
	x68: [  1.8901,   2.0901] 
	x69: [  1.0166,   1.2166] 
	x70: [  1.1497,   1.3497] 
	x71: [ -0.3655,  -0.1655] 
	x72: [ -3.0334,  -2.8334] 
	x73: [ -1.2884,  -1.0884] 
	x74: [  0.4516,   0.6516] 
	x75: [ -1.6067,  -1.4067] 
	x76: [ -4.0258,  -3.8258] 
	x77: [ -0.5083,  -0.3083] 
	x78: [ -0.6532,  -0.4532] 
	x79: [ -0.6462,  -0.4462] 
	x80: [ -0.8759,  -0.6759] 
	x81: [ -1.0636,  -0.8636] 
	x82: [ -1.0452,  -0.8452] 
	x83: [ -1.0405,  -0.8405] 
	x84: [ -0.4936,  -0.2936] 
	x85: [ -1.1507,  -0.9507] 
	x86: [  0.8854,   1.0854] 
	x87: [  0.1778,   0.3778] 
	x88: [ -1.1666,  -0.9666] 
	x89: [  0.7727,   0.9727] 
	x90: [  0.5484,   0.7484] 
	x91: [ -0.6850,  -0.4850] 
	x92: [ -2.9293,  -2.7293] 
	x93: [  0.1224,   0.3224] 
	x94: [  0.5269,   0.7269] 
	x95: [  1.4023,   1.6023] 
	x96: [  0.6005,   0.8005] 
	x97: [  0.7906,   0.9906] 
	x98: [ -2.2144,  -2.0144] 
	x99: [ -1.1087,  -0.9087] 
	x100: [  0.2200,   0.4200] 
	x101: [  1.1902,   1.3902] 
	x102: [  0.4049,   0.6049] 
	x103: [  0.1187,   0.3187] 
	x104: [ -0.2777,  -0.0777] 
	x105: [  0.6073,   0.8073] 
	x106: [ -0.8170,  -0.6170] 
	x107: [  0.1682,   0.3682] 
	x108: [ -0.0016,   0.1984] 
	x109: [ -0.5854,  -0.3854] 
	x110: [ -1.5877,  -1.3877] 
	x111: [ -1.3425,  -1.1425] 
	x112: [ -1.1330,  -0.9330] 
	x113: [  0.3402,   0.5402] 
	x114: [ -0.9584,  -0.7584] 
	x115: [ -1.5167,  -1.3167] 
	x116: [  0.5973,   0.7973] 
	x117: [ -0.3303,  -0.1303] 
	x118: [ -1.0968,  -0.8968] 
	x119: [  0.7472,   0.9472] 
	x120: [  0.0060,   0.2060] 
	x121: [  0.0589,   0.2589] 
	x122: [  1.0586,   1.2586] 
	x123: [  0.6667,   0.8667] 
	x124: [  0.1771,   0.3771] 
	x125: [ -0.1590,   0.0410] 
	x126: [  1.2912,   1.4912] 
	x127: [  0.9734,   1.1734] 
	x128: [ -1.3278,  -1.1278] 
	x129: [  1.0150,   1.2150] 
	x130: [  2.2702,   2.4702] 
	x131: [  1.1429,   1.3429] 
	x132: [ -1.8285,  -1.6285] 
	x133: [  2.9690,   3.1690] 
	x134: [  4.1131,   4.3131] 
	x135: [ -0.3988,  -0.1988] 
	x136: [ -1.4090,  -1.2090] 
	x137: [  1.1121,   1.3121] 
	x138: [ -1.6782,  -1.4782] 
	x139: [ -0.4077,  -0.2077] 
	x140: [  1.7755,   1.9755] 
	x141: [  0.5733,   0.7733] 
	x142: [ -1.1923,  -0.9923] 
	x143: [  1.6128,   1.8128] 
	x144: [  0.9943,   1.1943] 
	x145: [  1.0266,   1.2266] 
	x146: [ -3.6896,  -3.4896] 
	x147: [ -0.8819,  -0.6819] 
	x148: [ -0.4325,  -0.2325] 
	x149: [  0.6665,   0.8665] 
	x150: [  1.4172,   1.6172] 
	x151: [  0.1549,   0.3549] 
	x152: [ -0.8519,  -0.6519] 
	x153: [  0.8110,   1.0110] 
	x154: [ -0.9406,  -0.7406] 
	x155: [ -1.1427,  -0.9427] 
	x156: [  0.3413,   0.5413] 
	x157: [ -1.9244,  -1.7244] 
	x158: [  1.9651,   2.1651] 
	x159: [ -1.7934,  -1.5934] 
	x160: [ -2.4931,  -2.2931] 
	x161: [ -1.3342,  -1.1342] 
	x162: [ -2.1947,  -1.9947] 
	x163: [ -0.6781,  -0.4781] 
	x164: [ -1.2077,  -1.0077] 
	x165: [ -0.2471,  -0.0471] 
	x166: [ -0.2217,  -0.0217] 
	x167: [  3.9947,   4.1947] 
	x168: [  0.8609,   1.0609] 
	x169: [  0.7475,   0.9475] 
	x170: [ -2.1603,  -1.9603] 
	x171: [  0.6622,   0.8622] 
	x172: [  1.7114,   1.9114] 
	x173: [ -0.0807,   0.1193] 
	x174: [ -1.3402,  -1.1402] 
	x175: [  0.2126,   0.4126] 
	x176: [ -1.0693,  -0.8693] 
	x177: [  0.8960,   1.0960] 
	x178: [ -1.3782,  -1.1782] 
	x179: [ -1.8723,  -1.6723] 
	x180: [ -0.3892,  -0.1892] 
	x181: [ -1.9355,  -1.7355] 
	x182: [  0.9085,   1.1085] 
	x183: [  1.7252,   1.9252] 
	x184: [ -1.1677,  -0.9677] 
	x185: [ -1.8268,  -1.6268] 
	x186: [  1.4647,   1.6647] 
	x187: [  2.3435,   2.5435] 
	x188: [  2.2215,   2.4215] 
	x189: [ -0.7160,  -0.5160] 
	x190: [  2.5650,   2.7650] 
	x191: [ -0.8576,  -0.6576] 
	x192: [  0.8946,   1.0946] 
	x193: [ -0.2071,  -0.0071] 
	x194: [ -1.7003,  -1.5003] 
	x195: [ -2.1416,  -1.9416] 
	x196: [  0.9693,   1.1693] 
	x197: [ -0.2152,  -0.0152] 
	x198: [ -0.3311,  -0.1311] 
	x199: [  0.5807,   0.7807] 
	x200: [ -1.3246,  -1.1246] 
	x201: [ -0.3787,  -0.1787] 
	x202: [ -0.4982,  -0.2982] 
	x203: [ -2.5194,  -2.3194] 
	x204: [ -0.0273,   0.1727] 
	x205: [  0.1208,   0.3208] 
	x206: [ -1.2655,  -1.0655] 
	x207: [ -1.6457,  -1.4457] 
	x208: [ -0.1222,   0.0778] 
	x209: [ -1.6661,  -1.4661] 
	x210: [  0.5698,   0.7698] 
	x211: [ -0.0609,   0.1391] 
	x212: [ -0.5246,  -0.3246] 
	x213: [ -3.0748,  -2.8748] 
	x214: [ -1.5001,  -1.3001] 
	x215: [  0.4457,   0.6457] 
	x216: [  0.0940,   0.2940] 
	x217: [  0.9472,   1.1472] 
	x218: [ -1.2915,  -1.0915] 
	x219: [ -0.3631,  -0.1631] 
	x220: [  1.2855,   1.4855] 
	x221: [ -0.3271,  -0.1271] 
	x222: [  0.3362,   0.5362] 
	x223: [  0.6947,   0.8947] 
	x224: [ -0.7940,  -0.5940] 
	x225: [  4.2527,   4.4527] 
	x226: [ -0.0519,   0.1481] 
	x227: [ -0.4531,  -0.2531] 
	x228: [ -2.0960,  -1.8960] 
	x229: [  1.7584,   1.9584] 
	x230: [  0.0909,   0.2909] 
	x231: [ -1.2804,  -1.0804] 
	x232: [  2.0588,   2.2588] 
	x233: [  1.3326,   1.5326] 
	x234: [ -1.2421,  -1.0421] 
	x235: [ -0.4481,  -0.2481] 
	x236: [  1.5302,   1.7302] 
	x237: [  0.1085,   0.3085] 
	x238: [  0.2263,   0.4263] 
	x239: [  2.2626,   2.4626] 
	x240: [  0.8868,   1.0868] 
	x241: [ -2.2973,  -2.0973] 
	x242: [  0.9408,   1.1408] 
	x243: [  2.5384,   2.7384] 
	x244: [ -0.2055,  -0.0055] 
	x245: [  0.8072,   1.0072] 
	x246: [  0.1836,   0.3836] 
	x247: [ -2.8833,  -2.6833] 
	x248: [ -0.4223,  -0.2223] 
	x249: [  0.4278,   0.6278] 
	x250: [  1.7389,   1.9389] 
	x251: [  1.2482,   1.4482] 
	x252: [ -1.7204,  -1.5204] 
	x253: [  0.9025,   1.1025] 
	x254: [ -2.5807,  -2.3807] 
	x255: [ -0.8100,  -0.6100] 
	x256: [  0.0331,   0.2331] 
	x257: [  1.2290,   1.4290] 
	x258: [ -2.7979,  -2.5979] 
	x259: [ -0.4454,  -0.2454] 
	x260: [  1.8100,   2.0100] 
	x261: [ -1.0810,  -0.8810] 
	x262: [  0.9507,   1.1507] 
	x263: [  0.0796,   0.2796] 
	x264: [  3.3306,   3.5306] 
	x265: [  2.0465,   2.2465] 
	x266: [  1.0750,   1.2750] 
	x267: [ -0.4015,  -0.2015] 
	x268: [ -2.7110,  -2.5110] 
	x269: [ -0.2502,  -0.0502] 
	x270: [  0.4329,   0.6329] 
	x271: [ -0.9238,  -0.7238] 
	x272: [ -0.9261,  -0.7261] 
	x273: [ -0.6937,  -0.4937] 
	x274: [  1.8880,   2.0880] 
	x275: [  0.5247,   0.7247] 
	x276: [ -0.9613,  -0.7613] 
	x277: [  0.5424,   0.7424] 
	x278: [  0.1780,   0.3780] 
	x279: [  0.5325,   0.7325] 
	x280: [  0.5639,   0.7639] 
	x281: [  1.5156,   1.7156] 
	x282: [ -0.2885,  -0.0885] 
	x283: [ -0.0935,   0.1065] 
	x284: [ -3.8463,  -3.6463] 
	x285: [ -0.8473,  -0.6473] 
	x286: [  2.1485,   2.3485] 
	x287: [ -1.6245,  -1.4245] 
	x288: [ -2.3733,  -2.1733] 
	x289: [  1.3896,   1.5896] 
	x290: [ -0.3404,  -0.1404] 
	x291: [ -0.6435,  -0.4435] 
	x292: [ -0.4691,  -0.2691] 
	x293: [ -0.3542,  -0.1542] 
	x294: [  2.4581,   2.6581] 
	x295: [  0.2930,   0.4930] 
	x296: [ -0.0987,   0.1013] 
	x297: [ -0.4253,  -0.2253] 
	x298: [ -4.1009,  -3.9009] 
	x299: [  0.9192,   1.1192] 
	x300: [  0.6327,   0.8327] 
	x301: [  2.9783,   3.1783] 
	x302: [ -1.0656,  -0.8656] 
	x303: [  1.3350,   1.5350] 
	x304: [  0.2495,   0.4495] 
	x305: [ -0.8566,  -0.6566] 
	x306: [  1.2138,   1.4138] 
	x307: [ -0.5729,  -0.3729] 
	x308: [ -1.6537,  -1.4537] 
	x309: [ -0.0692,   0.1308] 
	x310: [ -0.8411,  -0.6411] 
	x311: [ -2.5703,  -2.3703] 
	x312: [  1.1781,   1.3781] 
	x313: [ -3.0507,  -2.8507] 
	x314: [ -1.6025,  -1.4025] 
	x315: [  0.2496,   0.4496] 
	x316: [ -1.9603,  -1.7603] 
	x317: [  1.1423,   1.3423] 
	x318: [ -1.0783,  -0.8783] 
	x319: [  1.9132,   2.1132] 
	x320: [  0.5085,   0.7085] 
	x321: [ -0.5887,  -0.3887] 
	x322: [  0.4024,   0.6024] 
	x323: [  3.4230,   3.6230] 
	x324: [ -1.1278,  -0.9278] 
	x325: [ -0.9622,  -0.7622] 
	x326: [  0.6592,   0.8592] 
	x327: [  0.3662,   0.5662] 
	x328: [ -0.4775,  -0.2775] 
	x329: [  1.1628,   1.3628] 
	x330: [  0.5921,   0.7921] 
	x331: [ -1.0551,  -0.8551] 
	x332: [  1.6762,   1.8762] 
	x333: [ -0.7986,  -0.5986] 
	x334: [  0.1002,   0.3002] 
	x335: [ -1.7990,  -1.5990] 
	x336: [ -1.4196,  -1.2196] 
	x337: [  1.3425,   1.5425] 
	x338: [ -1.1992,  -0.9992] 
	x339: [ -0.0981,   0.1019] 
	x340: [ -0.3684,  -0.1684] 
	x341: [  2.5361,   2.7361] 
	x342: [ -2.5900,  -2.3900] 
	x343: [  0.9308,   1.1308] 
	x344: [  1.8866,   2.0866] 
	x345: [ -2.8722,  -2.6722] 
	x346: [  1.6483,   1.8483] 
	x347: [  1.3092,   1.5092] 
	x348: [ -2.7685,  -2.5685] 
	x349: [  1.0792,   1.2792] 
	x350: [  0.2648,   0.4648] 
	x351: [ -0.9241,  -0.7241] 
	x352: [ -1.4818,  -1.2818] 
	x353: [ -0.1721,   0.0279] 
	x354: [  0.7156,   0.9156] 
	x355: [  0.5610,   0.7610] 
	x356: [  1.7165,   1.9165] 
	x357: [ -2.1065,  -1.9065] 
	x358: [ -0.5600,  -0.3600] 
	x359: [ -2.1647,  -1.9647] 
	x360: [ -1.5331,  -1.3331] 
	x361: [  0.3789,   0.5789] 
	x362: [  0.1356,   0.3356] 
	x363: [ -0.0896,   0.1104] 
	x364: [  0.7781,   0.9781] 
	x365: [  0.0108,   0.2108] 
	x366: [  0.5898,   0.7898] 
	x367: [  0.3665,   0.5665] 
	x368: [  0.8893,   1.0893] 
	x369: [  0.3858,   0.5858] 
	x370: [ -2.1925,  -1.9925] 
	x371: [ -2.5795,  -2.3795] 
	x372: [ -0.3890,  -0.1890] 
	x373: [  0.5439,   0.7439] 
	x374: [  0.4129,   0.6129] 
	x375: [ -0.1860,   0.0140] 
	x376: [ -2.0682,  -1.8682] 
	x377: [  0.9212,   1.1212] 
	x378: [  1.0650,   1.2650] 
	x379: [  2.2347,   2.4347] 
	x380: [  2.3901,   2.5901] 
	x381: [ -1.3203,  -1.1203] 
	x382: [ -0.6564,  -0.4564] 
	x383: [ -0.1584,   0.0416] 
	x384: [  3.3526,   3.5526] 
	x385: [ -0.6318,  -0.4318] 
	x386: [  1.3131,   1.5131] 
	x387: [ -2.8250,  -2.6250] 
	x388: [ -3.0000,  -2.8000] 
	x389: [ -2.7603,  -2.5603] 
	x390: [  0.5790,   0.7790] 
	x391: [  1.6520,   1.8520] 
	x392: [ -1.1191,  -0.9191] 
	x393: [  1.4144,   1.6144] 
	x394: [  2.0590,   2.2590] 
	x395: [  0.4441,   0.6441] 
	x396: [ -1.4961,  -1.2961] 
	x397: [  0.1676,   0.3676] 
	x398: [  0.1079,   0.3079] 
	x399: [ -1.2228,  -1.0228] 
	x400: [  0.3608,   0.5608] 
	x401: [ -2.4718,  -2.2718] 
	x402: [ -0.4883,  -0.2883] 
	x403: [  1.2247,   1.4247] 
	x404: [  1.8579,   2.0579] 
	x405: [  3.0361,   3.2361] 
	x406: [  0.3150,   0.5150] 
	x407: [  1.7075,   1.9075] 
	x408: [  1.3604,   1.5604] 
	x409: [ -2.5424,  -2.3424] 
	x410: [ -2.5287,  -2.3287] 
	x411: [ -3.3762,  -3.1762] 
	x412: [  0.3259,   0.5259] 
	x413: [  0.4223,   0.6223] 
	x414: [ -0.8055,  -0.6055] 
	x415: [  0.7430,   0.9430] 
	x416: [  1.0295,   1.2295] 
	x417: [ -1.0641,  -0.8641] 
	x418: [ -0.9250,  -0.7250] 
	x419: [  1.2403,   1.4403] 
	x420: [ -1.9795,  -1.7795] 
	x421: [  1.2866,   1.4866] 
	x422: [ -1.5388,  -1.3388] 
	x423: [  2.4375,   2.6375] 
	x424: [ -0.8561,  -0.6561] 
	x425: [ -1.3314,  -1.1314] 
	x426: [  2.9927,   3.1927] 
	x427: [  2.1779,   2.3779] 
	x428: [ -1.8958,  -1.6958] 
	x429: [  0.3503,   0.5503] 
	x430: [ -2.3469,  -2.1469] 
	x431: [  1.0847,   1.2847] 
	x432: [ -3.4106,  -3.2106] 
	x433: [ -2.4959,  -2.2959] 
	x434: [ -1.9157,  -1.7157] 
	x435: [ -0.9354,  -0.7354] 
	x436: [  0.3928,   0.5928] 
	x437: [  0.9806,   1.1806] 
	x438: [  2.0706,   2.2706] 
	x439: [ -0.9589,  -0.7589] 
	x440: [ -2.0744,  -1.8744] 
	x441: [  0.3351,   0.5351] 
	x442: [ -0.7236,  -0.5236] 
	x443: [ -2.0047,  -1.8047] 
	x444: [ -3.3243,  -3.1243] 
	x445: [ -1.1366,  -0.9366] 
	x446: [ -1.5846,  -1.3846] 
	x447: [ -0.4620,  -0.2620] 
	x448: [ -2.0811,  -1.8811] 
	x449: [  0.2116,   0.4116] 
	x450: [  0.0066,   0.2066] 
	x451: [  1.8372,   2.0372] 
	x452: [ -0.5668,  -0.3668] 
	x453: [ -0.5380,  -0.3380] 
	x454: [  1.2805,   1.4805] 
	x455: [ -1.1008,  -0.9008] 
	x456: [ -2.4946,  -2.2946] 
	x457: [  0.2564,   0.4564] 
	x458: [ -2.3235,  -2.1235] 
	x459: [ -1.5722,  -1.3722] 
	x460: [  1.5310,   1.7310] 
	x461: [  1.3242,   1.5242] 
	x462: [  0.0925,   0.2925] 
	x463: [ -0.5101,  -0.3101] 
	x464: [  0.3827,   0.5827] 
	x465: [  0.8441,   1.0441] 
	x466: [  1.2616,   1.4616] 
	x467: [  0.1130,   0.3130] 
	x468: [  0.4344,   0.6344] 
	x469: [ -0.5960,  -0.3960] 
	x470: [  1.4956,   1.6956] 
	x471: [ -0.8123,  -0.6123] 
	x472: [ -2.2367,  -2.0367] 
	x473: [  0.2451,   0.4451] 
	x474: [  1.3878,   1.5878] 
	x475: [  0.3432,   0.5432] 
	x476: [ -1.6663,  -1.4663] 
	x477: [ -0.1670,   0.0330] 
	x478: [ -1.7569,  -1.5569] 
	x479: [  3.8451,   4.0451] 
	x480: [  0.5459,   0.7459] 
	x481: [ -0.7635,  -0.5635] 
	x482: [ -1.0787,  -0.8787] 
	x483: [ -2.1770,  -1.9770] 
	x484: [ -0.4034,  -0.2034] 
	x485: [  1.3794,   1.5794] 
	x486: [ -1.3607,  -1.1607] 
	x487: [  0.7896,   0.9896] 
	x488: [ -2.3551,  -2.1551] 
	x489: [  0.2664,   0.4664] 
	x490: [ -0.3524,  -0.1524] 
	x491: [  1.1949,   1.3949] 
	x492: [ -0.5056,  -0.3056] 
	x493: [  0.3833,   0.5833] 
	x494: [  0.6114,   0.8114] 
	x495: [  0.3686,   0.5686] 
	x496: [  2.0766,   2.2766] 
	x497: [ -0.3301,  -0.1301] 
	x498: [ -0.1119,   0.0881] 
	x499: [ -0.0549,   0.1451] 
	x500: [ -1.6609,  -1.4609] 
	x501: [  0.7275,   0.9275] 
	x502: [  0.2628,   0.4628] 
	x503: [ -3.4530,  -3.2530] 
	x504: [  0.0411,   0.2411] 
	x505: [ -1.1778,  -0.9778] 
	x506: [  1.3154,   1.5154] 
	x507: [ -1.9418,  -1.7418] 
	x508: [ -1.5103,  -1.3103] 
	x509: [ -0.8785,  -0.6785] 
	x510: [ -2.6439,  -2.4439] 
	x511: [ -0.2603,  -0.0603] 

Branching heuristics set to PseudoImpact

Engine::solve: Initial statistics

00:34:28 Statistics update:
	--- Time Statistics ---
	Total time elapsed: 469 milli (00:00:00)
		Main loop: 0 milli (00:00:00)
		Preprocessing time: 185 milli (00:00:00)
		Unknown: 283 milli (00:00:00)
	Breakdown for main loop:
		[0.00%] Simplex steps: 0 milli
		[0.00%] Explicit-basis bound tightening: 0 milli
		[0.00%] Constraint-matrix bound tightening: 0 milli
		[0.00%] Degradation checking: 0 milli
		[0.00%] Precision restoration: 0 milli
		[0.00%] Statistics handling: 0 milli
		[0.00%] Constraint-fixing steps: 0 milli
		[0.00%] Valid case splits: 0 milli. Average per split: 0.00 milli
		[0.00%] Applying stored bound-tightening: 0 milli
		[0.00%] SMT core: 0 milli
		[0.00%] Symbolic Bound Tightening: 12 milli
		[0.00%] SoI-based local search: 0 milli
		[0.00%] SoI-based local search: 0 milli
		[0.00%] Unaccounted for: 0 milli
	--- Preprocessor Statistics ---
	Number of preprocessor bound-tightening loop iterations: 3
	Number of eliminated variables: 93
	Number of constraints removed due to variable elimination: 93
	Number of equations removed due to variable elimination: 0
	--- Engine Statistics ---
	Number of main loop iterations: 1
		0 iterations were simplex steps. Total time: 0 milli. Average: 0.00 milli.
		0 iterations were constraint-fixing steps. Total time: 0 milli. Average: 0.00 milli
	Number of active piecewise-linear constraints: 163 / 163
		Constraints disabled by valid splits: 0. By SMT-originated splits: 0
	Last reported degradation: 0.0000000000. Max degradation so far: 0.0000000000. Restorations so far: 0
	Number of simplex pivots we attempted to skip because of instability: 0.
	Unstable pivots performed anyway: 0
	--- Tableau Statistics ---
	Total number of pivots performed: 0
		Real pivots: 0. Degenerate: 0 (0.00%)
		Degenerate pivots by request (e.g., to fix a PL constraint): 0 (0.00%)
		Average time per pivot: 0.00 milli
	Total number of fake pivots performed: 0
	Total number of rows added: 0. Number of merged columns: 0
	Current tableau dimensions: M = 705, N = 2085
	--- SMT Core Statistics ---
	Total depth is 0. Total visited states: 1. Number of splits: 0. Number of pops: 0
	Max stack depth: 0
	--- Bound Tightening Statistics ---
	Number of tightened bounds: 0.
		Number of rows examined by row tightener: 0. Consequent tightenings: 0
		Number of explicit basis matrices examined by row tightener: 0. Consequent tightenings: 0
		Number of bound tightening rounds on the entire constraint matrix: 0. Consequent tightenings: 0
		Number of bound notifications sent to PL constraints: 978. Tightenings proposed: 0
	--- Basis Factorization statistics ---
	Number of basis refactorizations: 2
	--- Projected Steepest Edge Statistics ---
	Number of iterations: 0.
	Number of resets to reference space: 1. Avg. iterations per reset: 0
	--- SBT ---
	Number of tightened bounds: 385
	--- SoI-based local search ---
	Number of proposed phase pattern update: 0. Number of accepted update: 0 [0.00%]
	Total time (% of local search time) updating SoI phase pattern : 0 milli [0.00%]
	Total time obtaining current assignment: 0 milli [0.00%]
	Total time getting SoI phase pattern : 0 milli [0.00%]
	--- Context dependent statistics ---
	Number of pushes / pops: 0 / 0
		[0.00%] Pre-Push hook: 0 milli
		[0.00%] Push : 0 milli
		[0.00%] Post-Pop hook: 0 milli
		[0.00%] Pop : 0 milli
		[0.00%] Total context-switching time: 0 milli
	--- Proof Certificate ---
	Number of certified leaves: 0
	Number of leaves to delegate: 0

---

Engine::solve: sat assignment found

00:34:30 Statistics update:
	--- Time Statistics ---
	Total time elapsed: 2506 milli (00:00:02)
		Main loop: 2036 milli (00:00:02)
		Preprocessing time: 185 milli (00:00:00)
		Unknown: 284 milli (00:00:00)
	Breakdown for main loop:
		[39.91%] Simplex steps: 812 milli
		[58.65%] Explicit-basis bound tightening: 1194 milli
		[0.00%] Constraint-matrix bound tightening: 0 milli
		[0.79%] Degradation checking: 16 milli
		[0.00%] Precision restoration: 0 milli
		[0.03%] Statistics handling: 0 milli
		[0.00%] Constraint-fixing steps: 0 milli
		[0.00%] Valid case splits: 0 milli. Average per split: 0.00 milli
		[0.00%] Applying stored bound-tightening: 0 milli
		[0.00%] SMT core: 0 milli
		[1.02%] Symbolic Bound Tightening: 20 milli
		[13.57%] SoI-based local search: 276 milli
		[0.00%] SoI-based local search: 0 milli
		[905840934428598.00%] Unaccounted for: 0 milli
	--- Preprocessor Statistics ---
	Number of preprocessor bound-tightening loop iterations: 3
	Number of eliminated variables: 93
	Number of constraints removed due to variable elimination: 93
	Number of equations removed due to variable elimination: 0
	--- Engine Statistics ---
	Number of main loop iterations: 694
		692 iterations were simplex steps. Total time: 812 milli. Average: 1.17 milli.
		0 iterations were constraint-fixing steps. Total time: 0 milli. Average: 0.00 milli
	Number of active piecewise-linear constraints: 163 / 163
		Constraints disabled by valid splits: 0. By SMT-originated splits: 0
	Last reported degradation: 0.0000000000. Max degradation so far: 0.0000000000. Restorations so far: 0
	Number of simplex pivots we attempted to skip because of instability: 0.
	Unstable pivots performed anyway: 0
	--- Tableau Statistics ---
	Total number of pivots performed: 674
		Real pivots: 674. Degenerate: 0 (0.00%)
		Degenerate pivots by request (e.g., to fix a PL constraint): 0 (0.00%)
		Average time per pivot: 0.19 milli
	Total number of fake pivots performed: 16
	Total number of rows added: 0. Number of merged columns: 0
	Current tableau dimensions: M = 705, N = 2085
	--- SMT Core Statistics ---
	Total depth is 0. Total visited states: 1. Number of splits: 0. Number of pops: 0
	Max stack depth: 0
	--- Bound Tightening Statistics ---
	Number of tightened bounds: 0.
		Number of rows examined by row tightener: 674. Consequent tightenings: 0
		Number of explicit basis matrices examined by row tightener: 5. Consequent tightenings: 295
		Number of bound tightening rounds on the entire constraint matrix: 0. Consequent tightenings: 0
		Number of bound notifications sent to PL constraints: 1956. Tightenings proposed: 0
	--- Basis Factorization statistics ---
	Number of basis refactorizations: 8
	--- Projected Steepest Edge Statistics ---
	Number of iterations: 690.
	Number of resets to reference space: 1. Avg. iterations per reset: 690
	--- SBT ---
	Number of tightened bounds: 385
	--- SoI-based local search ---
	Number of proposed phase pattern update: 0. Number of accepted update: 1 [0.00%]
	Total time (% of local search time) updating SoI phase pattern : 392 milli [0.14%]
	Total time obtaining current assignment: 158 milli [0.06%]
	Total time getting SoI phase pattern : 66 milli [0.00%]
	--- Context dependent statistics ---
	Number of pushes / pops: 0 / 0
		[0.00%] Pre-Push hook: 0 milli
		[0.00%] Push : 0 milli
		[0.00%] Post-Pop hook: 0 milli
		[0.00%] Pop : 0 milli
		[0.00%] Total context-switching time: 0 milli
	--- Proof Certificate ---
	Number of certified leaves: 0
	Number of leaves to delegate: 0
sat
Input assignment:
	x0 = -0.779725
	x1 = -1.779462
	x2 = 0.751258
	x3 = 0.748279
	x4 = -0.515198
	x5 = 0.933776
	x6 = 0.227772
	x7 = 1.213112
	x8 = -0.438067
	x9 = 1.313485
	x10 = 2.259938
	x11 = -0.447672
	x12 = -3.022522
	x13 = -2.665554
	x14 = 2.360595
	x15 = -0.856438
	x16 = 0.108470
	x17 = -0.099385
	x18 = 1.090014
	x19 = 2.104975
	x20 = 1.745555
	x21 = -0.303355
	x22 = -2.640591
	x23 = -0.656800
	x24 = 1.093324
	x25 = -1.157880
	x26 = 1.057549
	x27 = 0.416247
	x28 = -0.769003
	x29 = 0.772577
	x30 = 1.640191
	x31 = -0.597976
	x32 = -4.020915
	x33 = -0.617965
	x34 = -1.774602
	x35 = 0.498254
	x36 = 1.799709
	x37 = -3.236007
	x38 = -2.203188
	x39 = -1.770682
	x40 = 2.091024
	x41 = 0.071970
	x42 = 1.297594
	x43 = 0.267310
	x44 = 0.315187
	x45 = -1.787366
	x46 = -0.335363
	x47 = -0.142275
	x48 = 0.895984
	x49 = -1.207951
	x50 = 0.015965
	x51 = -0.771421
	x52 = -0.346382
	x53 = -0.423618
	x54 = 3.430042
	x55 = 1.153003
	x56 = -2.490014
	x57 = -0.218097
	x58 = 1.006317
	x59 = 0.012012
	x60 = 0.851789
	x61 = 2.562102
	x62 = -0.216031
	x63 = -0.869412
	x64 = 0.524965
	x65 = -1.293543
	x66 = -1.802865
	x67 = -2.225450
	x68 = 1.890138
	x69 = 1.216591
	x70 = 1.149667
	x71 = -0.165482
	x72 = -2.833361
	x73 = -1.288388
	x74 = 0.451645
	x75 = -1.406677
	x76 = -3.825777
	x77 = -0.308337
	x78 = -0.653194
	x79 = -0.646241
	x80 = -0.875870
	x81 = -0.863634
	x82 = -0.845153
	x83 = -0.840497
	x84 = -0.293636
	x85 = -1.150687
	x86 = 0.885413
	x87 = 0.177831
	x88 = -1.083331
	x89 = 0.972739
	x90 = 0.748373
	x91 = -0.685034
	x92 = -2.929329
	x93 = 0.122362
	x94 = 0.601237
	x95 = 1.402288
	x96 = 0.600488
	x97 = 0.790601
	x98 = -2.014426
	x99 = -1.108674
	x100 = 0.420021
	x101 = 1.390166
	x102 = 0.604939
	x103 = 0.118714
	x104 = -0.077736
	x105 = 0.807309
	x106 = -0.617039
	x107 = 0.168160
	x108 = 0.198363
	x109 = -0.385374
	x110 = -1.587730
	x111 = -1.142485
	x112 = -0.933032
	x113 = 0.540236
	x114 = -0.958373
	x115 = -1.316668
	x116 = 0.597272
	x117 = -0.130259
	x118 = -1.096834
	x119 = 0.747185
	x120 = 0.066267
	x121 = 0.058934
	x122 = 1.258646
	x123 = 0.666739
	x124 = 0.177064
	x125 = 0.041039
	x126 = 1.491214
	x127 = 0.973422
	x128 = -1.327826
	x129 = 1.215029
	x130 = 2.470187
	x131 = 1.342941
	x132 = -1.628458
	x133 = 3.168999
	x134 = 4.113128
	x135 = -0.398781
	x136 = -1.209036
	x137 = 1.112103
	x138 = -1.678235
	x139 = -0.207695
	x140 = 1.975490
	x141 = 0.604040
	x142 = -0.992260
	x143 = 1.812751
	x144 = 0.994317
	x145 = 1.226599
	x146 = -3.489647
	x147 = -0.881917
	x148 = -0.432499
	x149 = 0.866498
	x150 = 1.417226
	x151 = 0.354900
	x152 = -0.651868
	x153 = 0.811037
	x154 = -0.940623
	x155 = -1.142675
	x156 = 0.541265
	x157 = -1.924423
	x158 = 2.165128
	x159 = -1.793369
	x160 = -2.293091
	x161 = -1.134207
	x162 = -2.194663
	x163 = -0.478125
	x164 = -1.207693
	x165 = -0.047074
	x166 = -0.221730
	x167 = 3.994705
	x168 = 1.060937
	x169 = 0.747497
	x170 = -2.160308
	x171 = 0.662153
	x172 = 1.711446
	x173 = -0.080693
	x174 = -1.140198
	x175 = 0.212561
	x176 = -1.069254
	x177 = 0.896029
	x178 = -1.178150
	x179 = -1.672279
	x180 = -0.389176
	x181 = -1.735460
	x182 = 1.108504
	x183 = 1.925244
	x184 = -0.967696
	x185 = -1.826778
	x186 = 1.664671
	x187 = 2.543492
	x188 = 2.221473
	x189 = -0.515969
	x190 = 2.764955
	x191 = -0.857641
	x192 = 1.094645
	x193 = -0.007143
	x194 = -1.500343
	x195 = -1.941551
	x196 = 0.969339
	x197 = -0.015158
	x198 = -0.331072
	x199 = 0.580744
	x200 = -1.324595
	x201 = -0.178668
	x202 = -0.498190
	x203 = -2.319377
	x204 = 0.172706
	x205 = 0.120751
	x206 = -1.265453
	x207 = -1.645670
	x208 = 0.077785
	x209 = -1.466062
	x210 = 0.569758
	x211 = 0.139102
	x212 = -0.324578
	x213 = -2.874767
	x214 = -1.500117
	x215 = 0.645683
	x216 = 0.294034
	x217 = 1.145091
	x218 = -1.091540
	x219 = -0.163055
	x220 = 1.485512
	x221 = -0.127078
	x222 = 0.536231
	x223 = 0.694709
	x224 = -0.594009
	x225 = 4.252655
	x226 = 0.148054
	x227 = -0.253063
	x228 = -1.895962
	x229 = 1.758402
	x230 = 0.290888
	x231 = -1.280384
	x232 = 2.058788
	x233 = 1.332570
	x234 = -1.242148
	x235 = -0.448125
	x236 = 1.530204
	x237 = 0.108466
	x238 = 0.426268
	x239 = 2.462626
	x240 = 0.886766
	x241 = -2.097349
	x242 = 1.140817
	x243 = 2.538414
	x244 = -0.005488
	x245 = 0.807231
	x246 = 0.383614
	x247 = -2.883262
	x248 = -0.422346
	x249 = 0.427812
	x250 = 1.738948
	x251 = 1.448218
	x252 = -1.720368
	x253 = 0.902459
	x254 = -2.580683
	x255 = -0.810015
	x256 = 0.033147
	x257 = 1.429030
	x258 = -2.597910
	x259 = -0.445413
	x260 = 1.809952
	x261 = -1.081028
	x262 = 0.950721
	x263 = 0.079643
	x264 = 3.330634
	x265 = 2.046489
	x266 = 1.275011
	x267 = -0.401546
	x268 = -2.711045
	x269 = -0.050194
	x270 = 0.432885
	x271 = -0.923802
	x272 = -0.726122
	x273 = -0.693704
	x274 = 2.087987
	x275 = 0.724744
	x276 = -0.961291
	x277 = 0.542447
	x278 = 0.377970
	x279 = 0.532487
	x280 = 0.563912
	x281 = 1.515626
	x282 = -0.288530
	x283 = -0.093490
	x284 = -3.646337
	x285 = -0.847263
	x286 = 2.148535
	x287 = -1.624462
	x288 = -2.173324
	x289 = 1.589616
	x290 = -0.340359
	x291 = -0.643478
	x292 = -0.469147
	x293 = -0.154183
	x294 = 2.458146
	x295 = 0.293006
	x296 = 0.101295
	x297 = -0.425333
	x298 = -4.100850
	x299 = 1.119246
	x300 = 0.632677
	x301 = 2.978336
	x302 = -1.065645
	x303 = 1.535030
	x304 = 0.449516
	x305 = -0.656557
	x306 = 1.213817
	x307 = -0.572937
	x308 = -1.453721
	x309 = 0.130841
	x310 = -0.641073
	x311 = -2.370320
	x312 = 1.378056
	x313 = -2.850655
	x314 = -1.402501
	x315 = 0.249607
	x316 = -1.960298
	x317 = 1.142253
	x318 = -1.078264
	x319 = 2.113180
	x320 = 0.508483
	x321 = -0.588678
	x322 = 0.602399
	x323 = 3.622971
	x324 = -1.127844
	x325 = -0.962192
	x326 = 0.769074
	x327 = 0.366195
	x328 = -0.277513
	x329 = 1.362823
	x330 = 0.792105
	x331 = -0.855121
	x332 = 1.676209
	x333 = -0.686751
	x334 = 0.300166
	x335 = -1.599006
	x336 = -1.219562
	x337 = 1.342539
	x338 = -0.999196
	x339 = -0.098121
	x340 = -0.368352
	x341 = 2.736056
	x342 = -2.590005
	x343 = 0.930785
	x344 = 2.086585
	x345 = -2.672242
	x346 = 1.848345
	x347 = 1.309248
	x348 = -2.768548
	x349 = 1.079150
	x350 = 0.264793
	x351 = -0.924149
	x352 = -1.281752
	x353 = -0.172072
	x354 = 0.715580
	x355 = 0.561023
	x356 = 1.916451
	x357 = -2.106518
	x358 = -0.560037
	x359 = -2.164697
	x360 = -1.333079
	x361 = 0.578947
	x362 = 0.135648
	x363 = 0.110429
	x364 = 0.978063
	x365 = 0.210823
	x366 = 0.589790
	x367 = 0.366450
	x368 = 0.889345
	x369 = 0.585832
	x370 = -2.192457
	x371 = -2.579533
	x372 = -0.389001
	x373 = 0.543929
	x374 = 0.612906
	x375 = -0.186023
	x376 = -1.868186
	x377 = 1.121238
	x378 = 1.065007
	x379 = 2.234742
	x380 = 2.390072
	x381 = -1.320314
	x382 = -0.456387
	x383 = -0.158356
	x384 = 3.552583
	x385 = -0.631848
	x386 = 1.313133
	x387 = -2.824993
	x388 = -2.800024
	x389 = -2.760331
	x390 = 0.779043
	x391 = 1.651983
	x392 = -1.119138
	x393 = 1.414418
	x394 = 2.059016
	x395 = 0.644081
	x396 = -1.496095
	x397 = 0.367555
	x398 = 0.107892
	x399 = -1.022839
	x400 = 0.560846
	x401 = -2.471750
	x402 = -0.488293
	x403 = 1.424682
	x404 = 1.857930
	x405 = 3.036093
	x406 = 0.315008
	x407 = 1.707478
	x408 = 1.560382
	x409 = -2.542421
	x410 = -2.528686
	x411 = -3.176183
	x412 = 0.325926
	x413 = 0.422295
	x414 = -0.605506
	x415 = 0.743008
	x416 = 1.029546
	x417 = -1.064141
	x418 = -0.924958
	x419 = 1.440297
	x420 = -1.779515
	x421 = 1.286616
	x422 = -1.338831
	x423 = 2.637488
	x424 = -0.656121
	x425 = -1.331361
	x426 = 3.192740
	x427 = 2.177931
	x428 = -1.895759
	x429 = 0.550302
	x430 = -2.146904
	x431 = 1.284711
	x432 = -3.410638
	x433 = -2.295919
	x434 = -1.915740
	x435 = -0.935369
	x436 = 0.592760
	x437 = 1.180634
	x438 = 2.070624
	x439 = -0.958915
	x440 = -1.874350
	x441 = 0.535111
	x442 = -0.523608
	x443 = -2.004655
	x444 = -3.318061
	x445 = -1.136621
	x446 = -1.384613
	x447 = -0.262042
	x448 = -1.881071
	x449 = 0.411593
	x450 = 0.206605
	x451 = 1.837229
	x452 = -0.566772
	x453 = -0.537988
	x454 = 1.280488
	x455 = -0.900843
	x456 = -2.494598
	x457 = 0.256381
	x458 = -2.323499
	x459 = -1.372179
	x460 = 1.731015
	x461 = 1.524171
	x462 = 0.092478
	x463 = -0.310055
	x464 = 0.582712
	x465 = 0.844105
	x466 = 1.461580
	x467 = 0.113002
	x468 = 0.434423
	x469 = -0.595998
	x470 = 1.495625
	x471 = -0.612251
	x472 = -2.236700
	x473 = 0.445080
	x474 = 1.587797
	x475 = 0.343178
	x476 = -1.466280
	x477 = 0.032987
	x478 = -1.756862
	x479 = 3.845104
	x480 = 0.545894
	x481 = -0.563505
	x482 = -0.878718
	x483 = -2.177034
	x484 = -0.403395
	x485 = 1.579429
	x486 = -1.360699
	x487 = 0.789620
	x488 = -2.155065
	x489 = 0.466381
	x490 = -0.352360
	x491 = 1.194942
	x492 = -0.305631
	x493 = 0.383269
	x494 = 0.611442
	x495 = 0.368593
	x496 = 2.076571
	x497 = -0.330138
	x498 = -0.111920
	x499 = -0.054941
	x500 = -1.660948
	x501 = 0.927461
	x502 = 0.462842
	x503 = -3.253030
	x504 = 0.241051
	x505 = -0.977766
	x506 = 1.315449
	x507 = -1.941839
	x508 = -1.510265
	x509 = -0.878474
	x510 = -2.443922
	x511 = -0.260299

Output:
	y0 = -4.920414
	y1 = 7.111260
	y2 = -6.198437
	y3 = -7.690047
	y4 = -1.387205
	y5 = -5.016611
	y6 = -9.611374
	y7 = 16.608451
	y8 = -5.078032
	y9 = -3.220101
	y10 = -13.483438
	y11 = -0.971147
	y12 = -4.460574
	y13 = 3.100421
	y14 = -3.779000
	y15 = -3.237370
	y16 = 4.470930
	y17 = -5.127022
	y18 = -4.820241
	y19 = 4.613448
	y20 = -4.791781
	y21 = -8.042463
	y22 = 4.226984
	y23 = -5.685068
	y24 = -6.539912
	y25 = 3.209909
	y26 = -7.694970
	y27 = -8.916878
	y28 = 12.557920
	y29 = -8.367479
	y30 = -2.414710
	y31 = -12.424030
	y32 = 0.486811
	y33 = -1.162908
	y34 = -7.785391
	y35 = 4.679380
	y36 = 3.533189
	y37 = -12.695380
	y38 = 0.597692
	y39 = 4.136027
	y40 = -8.797327
	y41 = -0.526826
	y42 = -8.451949
	y43 = 5.529455
	y44 = -7.194026
	y45 = -12.624259
	y46 = 19.026336
	y47 = -9.643865
	y48 = -3.295485
	y49 = 6.280879
	y50 = -6.320945
	y51 = -4.475137
	y52 = 3.077322
	y53 = -4.232640
	y54 = -0.808698
	y55 = -12.166000
	y56 = 2.582170
	y57 = -1.797504
	y58 = -5.389523
	y59 = 1.377665
	y60 = -1.202006
	y61 = -10.297685
	y62 = 3.682068
	y63 = 0.329153
	y64 = -2.133226
	y65 = 2.641948
	y66 = -3.273849
	y67 = -16.525943
	y68 = 1.151783
	y69 = -8.394414
	y70 = 4.203626
	y71 = -5.163322
	y72 = -3.003349
	y73 = 3.401416
	y74 = -5.211988
	y75 = -4.232272
	y76 = 24.063617
	y77 = -6.248983
	y78 = -0.246817
	y79 = -12.019838
	y80 = 5.022772
	y81 = 11.614975
	y82 = -14.919629
	y83 = 8.626733
	y84 = 6.630960
	y85 = -16.427068
	y86 = 11.083622
	y87 = 0.713028
	y88 = -15.602284
	y89 = 5.031933
	y90 = -3.694249
	y91 = 9.759269
	y92 = -3.617610
	y93 = -8.599773
	y94 = 15.164597
	y95 = -6.946817
	y96 = -4.320960
	y97 = 2.150800
	y98 = -5.708912
	y99 = 1.051157
	y100 = -6.832698
	y101 = -2.783194
	y102 = 2.608947
	y103 = -6.976635
	y104 = -0.936008
	y105 = 7.510106
	y106 = -14.604969
	y107 = 11.155403
	y108 = 6.895939
	y109 = -16.685975
	y110 = 9.755567
	y111 = -1.693204
	y112 = 15.101701
	y113 = -2.284388
	y114 = -4.070073
	y115 = 1.215663
	y116 = -3.419706
	y117 = -6.570757
	y118 = 6.880368
	y119 = -6.737612
	y120 = -2.798897
	y121 = 2.193988
	y122 = -5.089781
	y123 = 0.577602
	y124 = -4.422931
	y125 = -4.555957
	y126 = -2.892093
	y127 = 5.076244
	y128 = -4.112331
	y129 = 3.113476
	y130 = 3.113486
	y131 = -0.241744
	y132 = 0.737765
	y133 = -5.458981
	y134 = 4.580106
	y135 = -2.043631
	y136 = 15.985669
	y137 = -1.903831
	y138 = -6.176673
	y139 = 6.084809
	y140 = -6.671229
	y141 = -5.988091
	y142 = 4.653725
	y143 = -4.273472
	y144 = -4.411131
	y145 = 3.773826
	y146 = -6.736648
	y147 = -6.406893
	y148 = 0.317686
	y149 = -7.706634
	y150 = -4.337142
	y151 = 4.642493
	y152 = -3.933468
	y153 = -3.567232
	y154 = 6.453494
	y155 = -3.523673
	y156 = -7.371929
	y157 = 24.666878
	y158 = -8.944502
	y159 = -5.325078
	y160 = 5.267114
	y161 = -4.162035
	y162 = -6.969826
	y163 = 2.952442
	y164 = -6.077915
	y165 = -6.730017
	y166 = 5.904768
	y167 = -7.836523
	y168 = -5.610770
	y169 = 2.917460
	y170 = -7.450081
	y171 = -5.331886
	y172 = 5.351473
	y173 = -7.632846
	y174 = -3.112071
	y175 = 4.601156
	y176 = -4.206437
	y177 = -5.201649
	y178 = 6.640217
	y179 = -6.985133
	y180 = -6.447482
	y181 = 4.809797
	y182 = -8.985939
	y183 = -5.706243
	y184 = 4.829746
	y185 = -9.131280
	y186 = -6.330334
	y187 = 4.134540
	y188 = -6.724116
	y189 = -5.804575
	y190 = 3.040191
	y191 = -6.829728

