InputQuery: /home/levn/Workspace/othello_world/queries/probe_robust/group_7/game_7_target_13_eps_0.1.txt
Engine::processInputQuery: Input query (before preprocessing): 449 equations, 1216 variables
Engine::processInputQuery: Input query (after preprocessing): 705 equations, 1358 variables

Input bounds:
	x0: [  1.0007,   1.2007] 
	x1: [ -0.0226,   0.1774] 
	x2: [ -1.7319,  -1.5319] 
	x3: [  2.1468,   2.3468] 
	x4: [  0.4818,   0.6818] 
	x5: [  0.2970,   0.4970] 
	x6: [  0.1072,   0.3072] 
	x7: [ -1.7575,  -1.5575] 
	x8: [  1.0538,   1.2538] 
	x9: [ -0.5049,  -0.3049] 
	x10: [  0.3089,   0.5089] 
	x11: [  0.5161,   0.7161] 
	x12: [ -4.4090,  -4.2090] 
	x13: [  0.9209,   1.1209] 
	x14: [  1.8394,   2.0394] 
	x15: [ -0.1505,   0.0495] 
	x16: [ -1.3604,  -1.1604] 
	x17: [  1.8305,   2.0305] 
	x18: [ -0.7927,  -0.5927] 
	x19: [  0.7622,   0.9622] 
	x20: [ -1.4098,  -1.2098] 
	x21: [  0.0996,   0.2996] 
	x22: [ -2.1598,  -1.9598] 
	x23: [ -1.2939,  -1.0939] 
	x24: [ -1.7835,  -1.5835] 
	x25: [ -0.8667,  -0.6667] 
	x26: [ -0.7903,  -0.5903] 
	x27: [ -0.3386,  -0.1386] 
	x28: [  0.5999,   0.7999] 
	x29: [ -0.1687,   0.0313] 
	x30: [  1.6923,   1.8923] 
	x31: [  2.1774,   2.3774] 
	x32: [  1.1276,   1.3276] 
	x33: [ -0.9794,  -0.7794] 
	x34: [  2.3941,   2.5941] 
	x35: [ -0.4332,  -0.2332] 
	x36: [ -1.1457,  -0.9457] 
	x37: [  0.5904,   0.7904] 
	x38: [  0.8160,   1.0160] 
	x39: [ -3.0302,  -2.8302] 
	x40: [  0.8041,   1.0041] 
	x41: [ -1.6617,  -1.4617] 
	x42: [  2.6549,   2.8549] 
	x43: [  2.0782,   2.2782] 
	x44: [ -0.3751,  -0.1751] 
	x45: [  1.2640,   1.4640] 
	x46: [ -0.8011,  -0.6011] 
	x47: [  2.5900,   2.7900] 
	x48: [ -1.0188,  -0.8188] 
	x49: [  0.2830,   0.4830] 
	x50: [  1.7511,   1.9511] 
	x51: [  1.2922,   1.4922] 
	x52: [  1.4739,   1.6739] 
	x53: [ -1.0232,  -0.8232] 
	x54: [ -0.6108,  -0.4108] 
	x55: [  0.9202,   1.1202] 
	x56: [  1.4256,   1.6256] 
	x57: [  0.0539,   0.2539] 
	x58: [ -0.6272,  -0.4272] 
	x59: [  1.6156,   1.8156] 
	x60: [  1.6581,   1.8581] 
	x61: [ -3.5286,  -3.3286] 
	x62: [ -0.0727,   0.1273] 
	x63: [ -2.8193,  -2.6193] 
	x64: [ -0.7331,  -0.5331] 
	x65: [ -0.1358,   0.0642] 
	x66: [  0.2585,   0.4585] 
	x67: [ -0.9684,  -0.7684] 
	x68: [  0.1022,   0.3022] 
	x69: [ -2.6761,  -2.4761] 
	x70: [  1.2161,   1.4161] 
	x71: [  2.1708,   2.3708] 
	x72: [  0.9588,   1.1588] 
	x73: [  1.5502,   1.7502] 
	x74: [ -1.5721,  -1.3721] 
	x75: [ -2.9943,  -2.7943] 
	x76: [ -2.1992,  -1.9992] 
	x77: [  1.3218,   1.5218] 
	x78: [ -1.7629,  -1.5629] 
	x79: [  1.8269,   2.0269] 
	x80: [ -1.7361,  -1.5361] 
	x81: [ -2.4932,  -2.2932] 
	x82: [  0.8902,   1.0902] 
	x83: [ -1.5453,  -1.3453] 
	x84: [ -0.6581,  -0.4581] 
	x85: [ -1.4947,  -1.2947] 
	x86: [  0.8211,   1.0211] 
	x87: [ -3.2259,  -3.0259] 
	x88: [ -0.0737,   0.1263] 
	x89: [  2.8126,   3.0126] 
	x90: [ -0.3299,  -0.1299] 
	x91: [  1.1402,   1.3402] 
	x92: [ -0.8644,  -0.6644] 
	x93: [  3.3950,   3.5950] 
	x94: [ -1.8220,  -1.6220] 
	x95: [  4.2744,   4.4744] 
	x96: [  1.9269,   2.1269] 
	x97: [  0.9900,   1.1900] 
	x98: [ -0.4062,  -0.2062] 
	x99: [ -0.9465,  -0.7465] 
	x100: [ -1.1353,  -0.9353] 
	x101: [  0.5718,   0.7718] 
	x102: [  1.0937,   1.2937] 
	x103: [  0.5046,   0.7046] 
	x104: [  1.0297,   1.2297] 
	x105: [  1.8423,   2.0423] 
	x106: [  1.7208,   1.9208] 
	x107: [  1.5185,   1.7185] 
	x108: [  0.7578,   0.9578] 
	x109: [ -1.0505,  -0.8505] 
	x110: [  0.0110,   0.2110] 
	x111: [ -1.2418,  -1.0418] 
	x112: [ -1.3800,  -1.1800] 
	x113: [  0.7000,   0.9000] 
	x114: [ -0.7857,  -0.5857] 
	x115: [  0.8096,   1.0096] 
	x116: [ -1.4118,  -1.2118] 
	x117: [  0.7082,   0.9082] 
	x118: [ -1.3521,  -1.1521] 
	x119: [  2.2751,   2.4751] 
	x120: [ -0.8602,  -0.6602] 
	x121: [ -1.1021,  -0.9021] 
	x122: [ -0.7439,  -0.5439] 
	x123: [ -2.5961,  -2.3961] 
	x124: [ -2.3207,  -2.1207] 
	x125: [  1.8201,   2.0201] 
	x126: [  0.2630,   0.4630] 
	x127: [  1.1021,   1.3021] 
	x128: [ -1.9481,  -1.7481] 
	x129: [  0.1878,   0.3878] 
	x130: [ -3.3519,  -3.1519] 
	x131: [ -0.3408,  -0.1408] 
	x132: [  1.9314,   2.1314] 
	x133: [ -0.4914,  -0.2914] 
	x134: [  2.6088,   2.8088] 
	x135: [ -2.4633,  -2.2633] 
	x136: [  0.6351,   0.8351] 
	x137: [  2.6130,   2.8130] 
	x138: [  0.2967,   0.4967] 
	x139: [ -0.5189,  -0.3189] 
	x140: [  0.6728,   0.8728] 
	x141: [  1.3784,   1.5784] 
	x142: [ -0.9493,  -0.7493] 
	x143: [ -1.4693,  -1.2693] 
	x144: [ -1.8461,  -1.6461] 
	x145: [  0.8276,   1.0276] 
	x146: [  0.0967,   0.2967] 
	x147: [  0.4624,   0.6624] 
	x148: [  1.9395,   2.1395] 
	x149: [ -0.0988,   0.1012] 
	x150: [  2.8303,   3.0303] 
	x151: [  1.6669,   1.8669] 
	x152: [  1.8520,   2.0520] 
	x153: [ -1.4133,  -1.2133] 
	x154: [ -2.7717,  -2.5717] 
	x155: [ -1.3725,  -1.1725] 
	x156: [  0.2641,   0.4641] 
	x157: [  1.6774,   1.8774] 
	x158: [  1.5075,   1.7075] 
	x159: [ -0.2564,  -0.0564] 
	x160: [ -0.9470,  -0.7470] 
	x161: [ -1.3277,  -1.1277] 
	x162: [ -0.4835,  -0.2835] 
	x163: [ -0.4323,  -0.2323] 
	x164: [ -2.9053,  -2.7053] 
	x165: [ -0.9127,  -0.7127] 
	x166: [  2.3243,   2.5243] 
	x167: [  1.3180,   1.5180] 
	x168: [ -0.5785,  -0.3785] 
	x169: [  0.1998,   0.3998] 
	x170: [  0.5814,   0.7814] 
	x171: [ -0.4192,  -0.2192] 
	x172: [  0.4867,   0.6867] 
	x173: [ -0.0417,   0.1583] 
	x174: [ -2.1025,  -1.9025] 
	x175: [ -0.0983,   0.1017] 
	x176: [ -0.9420,  -0.7420] 
	x177: [  0.5193,   0.7193] 
	x178: [ -0.6078,  -0.4078] 
	x179: [ -2.5474,  -2.3474] 
	x180: [ -1.5896,  -1.3896] 
	x181: [  1.2576,   1.4576] 
	x182: [ -1.2421,  -1.0421] 
	x183: [ -1.6257,  -1.4257] 
	x184: [  2.9252,   3.1252] 
	x185: [ -3.2182,  -3.0182] 
	x186: [  0.9825,   1.1825] 
	x187: [ -0.0117,   0.1883] 
	x188: [  0.2664,   0.4664] 
	x189: [ -0.2130,  -0.0130] 
	x190: [  0.0922,   0.2922] 
	x191: [ -0.5104,  -0.3104] 
	x192: [  0.7626,   0.9626] 
	x193: [  0.4371,   0.6371] 
	x194: [  1.2337,   1.4337] 
	x195: [ -0.4204,  -0.2204] 
	x196: [  0.5647,   0.7647] 
	x197: [ -1.3343,  -1.1343] 
	x198: [ -1.0122,  -0.8122] 
	x199: [  0.6650,   0.8650] 
	x200: [ -3.4389,  -3.2389] 
	x201: [  2.0597,   2.2597] 
	x202: [ -0.3832,  -0.1832] 
	x203: [  1.2143,   1.4143] 
	x204: [  0.6469,   0.8469] 
	x205: [  0.2222,   0.4222] 
	x206: [  0.7020,   0.9020] 
	x207: [ -1.3587,  -1.1587] 
	x208: [ -0.9118,  -0.7118] 
	x209: [ -0.3953,  -0.1953] 
	x210: [ -0.3395,  -0.1395] 
	x211: [ -0.6833,  -0.4833] 
	x212: [  2.2056,   2.4056] 
	x213: [ -1.2514,  -1.0514] 
	x214: [ -2.1922,  -1.9922] 
	x215: [ -1.1370,  -0.9370] 
	x216: [ -1.0490,  -0.8490] 
	x217: [  0.4692,   0.6692] 
	x218: [ -1.4573,  -1.2573] 
	x219: [  0.1159,   0.3159] 
	x220: [ -0.9266,  -0.7266] 
	x221: [  1.8913,   2.0913] 
	x222: [  0.4912,   0.6912] 
	x223: [ -0.9648,  -0.7648] 
	x224: [ -4.3825,  -4.1825] 
	x225: [  0.9957,   1.1957] 
	x226: [ -1.3915,  -1.1915] 
	x227: [ -0.1332,   0.0668] 
	x228: [ -3.8465,  -3.6465] 
	x229: [  0.1271,   0.3271] 
	x230: [  3.3881,   3.5881] 
	x231: [ -0.2201,  -0.0201] 
	x232: [  0.6557,   0.8557] 
	x233: [ -0.6975,  -0.4975] 
	x234: [ -0.8190,  -0.6190] 
	x235: [  0.4538,   0.6538] 
	x236: [  0.2331,   0.4331] 
	x237: [ -0.9303,  -0.7303] 
	x238: [  0.1498,   0.3498] 
	x239: [  1.3875,   1.5875] 
	x240: [  1.4887,   1.6887] 
	x241: [ -0.0961,   0.1039] 
	x242: [ -2.0076,  -1.8076] 
	x243: [  0.6541,   0.8541] 
	x244: [  0.5270,   0.7270] 
	x245: [  0.9359,   1.1359] 
	x246: [  0.4425,   0.6425] 
	x247: [ -0.0805,   0.1195] 
	x248: [  1.7667,   1.9667] 
	x249: [ -0.8162,  -0.6162] 
	x250: [ -1.1309,  -0.9309] 
	x251: [  0.2937,   0.4937] 
	x252: [  0.3453,   0.5453] 
	x253: [ -0.5207,  -0.3207] 
	x254: [ -1.8431,  -1.6431] 
	x255: [ -1.9964,  -1.7964] 
	x256: [  0.1904,   0.3904] 
	x257: [  0.4004,   0.6004] 
	x258: [ -0.5517,  -0.3517] 
	x259: [ -1.9943,  -1.7943] 
	x260: [ -0.1371,   0.0629] 
	x261: [  1.6060,   1.8060] 
	x262: [  0.1158,   0.3158] 
	x263: [ -0.7684,  -0.5684] 
	x264: [  0.5464,   0.7464] 
	x265: [ -1.6771,  -1.4771] 
	x266: [ -4.6457,  -4.4457] 
	x267: [ -0.4213,  -0.2213] 
	x268: [ -3.5534,  -3.3534] 
	x269: [ -1.4666,  -1.2666] 
	x270: [  1.8876,   2.0876] 
	x271: [ -0.9527,  -0.7527] 
	x272: [ -0.6621,  -0.4621] 
	x273: [ -0.2976,  -0.0976] 
	x274: [ -2.3680,  -2.1680] 
	x275: [  0.4640,   0.6640] 
	x276: [ -2.0727,  -1.8727] 
	x277: [  0.5189,   0.7189] 
	x278: [ -0.4087,  -0.2087] 
	x279: [  1.3399,   1.5399] 
	x280: [  0.3229,   0.5229] 
	x281: [ -0.5295,  -0.3295] 
	x282: [ -0.7042,  -0.5042] 
	x283: [  1.4674,   1.6674] 
	x284: [ -0.3782,  -0.1782] 
	x285: [  0.0603,   0.2603] 
	x286: [ -1.4908,  -1.2908] 
	x287: [ -3.4837,  -3.2837] 
	x288: [ -0.4814,  -0.2814] 
	x289: [  0.9125,   1.1125] 
	x290: [ -1.2771,  -1.0771] 
	x291: [  0.7288,   0.9288] 
	x292: [  1.0581,   1.2581] 
	x293: [ -1.7268,  -1.5268] 
	x294: [  2.0635,   2.2635] 
	x295: [  0.0194,   0.2194] 
	x296: [ -0.8690,  -0.6690] 
	x297: [  2.3013,   2.5013] 
	x298: [ -2.9062,  -2.7062] 
	x299: [ -1.7296,  -1.5296] 
	x300: [ -3.6612,  -3.4612] 
	x301: [  1.6684,   1.8684] 
	x302: [  0.8455,   1.0455] 
	x303: [  1.5287,   1.7287] 
	x304: [  0.4198,   0.6198] 
	x305: [  1.1988,   1.3988] 
	x306: [ -2.7989,  -2.5989] 
	x307: [ -1.6545,  -1.4545] 
	x308: [ -1.0670,  -0.8670] 
	x309: [ -1.2982,  -1.0982] 
	x310: [  1.3615,   1.5615] 
	x311: [  0.4387,   0.6387] 
	x312: [  1.2589,   1.4589] 
	x313: [ -0.0173,   0.1827] 
	x314: [ -0.8043,  -0.6043] 
	x315: [ -2.1324,  -1.9324] 
	x316: [ -1.0453,  -0.8453] 
	x317: [ -1.5771,  -1.3771] 
	x318: [ -0.8919,  -0.6919] 
	x319: [  3.0978,   3.2978] 
	x320: [ -0.6905,  -0.4905] 
	x321: [  0.0449,   0.2449] 
	x322: [ -0.5836,  -0.3836] 
	x323: [  1.9353,   2.1353] 
	x324: [  2.2695,   2.4695] 
	x325: [  0.2865,   0.4865] 
	x326: [  0.0114,   0.2114] 
	x327: [ -2.7180,  -2.5180] 
	x328: [ -3.5103,  -3.3103] 
	x329: [  0.6736,   0.8736] 
	x330: [  0.3921,   0.5921] 
	x331: [ -0.6998,  -0.4998] 
	x332: [  3.1049,   3.3049] 
	x333: [  0.2592,   0.4592] 
	x334: [ -0.7263,  -0.5263] 
	x335: [ -2.2932,  -2.0932] 
	x336: [ -2.5624,  -2.3624] 
	x337: [  2.7928,   2.9928] 
	x338: [  0.2077,   0.4077] 
	x339: [ -0.5065,  -0.3065] 
	x340: [ -0.1676,   0.0324] 
	x341: [  0.6623,   0.8623] 
	x342: [  0.5408,   0.7408] 
	x343: [ -0.9625,  -0.7625] 
	x344: [  0.0139,   0.2139] 
	x345: [  1.5192,   1.7192] 
	x346: [ -0.3442,  -0.1442] 
	x347: [  0.6703,   0.8703] 
	x348: [  2.2927,   2.4927] 
	x349: [  1.0206,   1.2206] 
	x350: [ -0.9390,  -0.7390] 
	x351: [  0.8626,   1.0626] 
	x352: [ -2.3236,  -2.1236] 
	x353: [  1.4215,   1.6215] 
	x354: [  0.6287,   0.8287] 
	x355: [  0.0995,   0.2995] 
	x356: [ -0.6063,  -0.4063] 
	x357: [  1.2734,   1.4734] 
	x358: [  1.2882,   1.4882] 
	x359: [ -0.1747,   0.0253] 
	x360: [ -4.0038,  -3.8038] 
	x361: [  0.3391,   0.5391] 
	x362: [  0.1188,   0.3188] 
	x363: [  2.0127,   2.2127] 
	x364: [ -0.2382,  -0.0382] 
	x365: [  2.2270,   2.4270] 
	x366: [  1.5683,   1.7683] 
	x367: [  0.1549,   0.3549] 
	x368: [ -1.1800,  -0.9800] 
	x369: [ -1.8791,  -1.6791] 
	x370: [ -0.4885,  -0.2885] 
	x371: [ -3.0174,  -2.8174] 
	x372: [ -1.3694,  -1.1694] 
	x373: [ -0.0876,   0.1124] 
	x374: [  0.4364,   0.6364] 
	x375: [ -1.6534,  -1.4534] 
	x376: [  0.5273,   0.7273] 
	x377: [  1.3245,   1.5245] 
	x378: [ -1.2508,  -1.0508] 
	x379: [  0.4826,   0.6826] 
	x380: [  1.9292,   2.1292] 
	x381: [  0.8640,   1.0640] 
	x382: [ -1.1041,  -0.9041] 
	x383: [ -2.0774,  -1.8774] 
	x384: [ -0.3636,  -0.1636] 
	x385: [  0.2461,   0.4461] 
	x386: [  1.8937,   2.0937] 
	x387: [ -0.7664,  -0.5664] 
	x388: [  1.2598,   1.4598] 
	x389: [ -2.8148,  -2.6148] 
	x390: [ -3.0019,  -2.8019] 
	x391: [ -3.6626,  -3.4626] 
	x392: [ -0.9263,  -0.7263] 
	x393: [ -3.0119,  -2.8119] 
	x394: [ -1.4020,  -1.2020] 
	x395: [  0.6243,   0.8243] 
	x396: [ -2.6228,  -2.4228] 
	x397: [  1.1933,   1.3933] 
	x398: [ -1.0336,  -0.8336] 
	x399: [ -0.0598,   0.1402] 
	x400: [ -1.2174,  -1.0174] 
	x401: [ -0.9513,  -0.7513] 
	x402: [ -0.8808,  -0.6808] 
	x403: [  0.7390,   0.9390] 
	x404: [  0.1680,   0.3680] 
	x405: [ -0.7715,  -0.5715] 
	x406: [ -0.1709,   0.0291] 
	x407: [  2.2313,   2.4313] 
	x408: [ -0.9283,  -0.7283] 
	x409: [  0.2261,   0.4261] 
	x410: [ -0.1910,   0.0090] 
	x411: [ -0.8577,  -0.6577] 
	x412: [ -0.4522,  -0.2522] 
	x413: [ -0.8555,  -0.6555] 
	x414: [ -3.1741,  -2.9741] 
	x415: [  3.3977,   3.5977] 
	x416: [  1.2410,   1.4410] 
	x417: [  1.4626,   1.6626] 
	x418: [  1.0773,   1.2773] 
	x419: [ -0.3036,  -0.1036] 
	x420: [  0.7614,   0.9614] 
	x421: [  2.6132,   2.8132] 
	x422: [  0.6129,   0.8129] 
	x423: [ -1.9620,  -1.7620] 
	x424: [ -0.4060,  -0.2060] 
	x425: [  0.6131,   0.8131] 
	x426: [  0.7870,   0.9870] 
	x427: [  0.4153,   0.6153] 
	x428: [ -0.3875,  -0.1875] 
	x429: [  1.6340,   1.8340] 
	x430: [ -0.4012,  -0.2012] 
	x431: [  0.6150,   0.8150] 
	x432: [  1.1597,   1.3597] 
	x433: [ -1.2872,  -1.0872] 
	x434: [  0.0084,   0.2084] 
	x435: [  0.7461,   0.9461] 
	x436: [ -4.2806,  -4.0806] 
	x437: [  0.1554,   0.3554] 
	x438: [  2.0766,   2.2766] 
	x439: [  1.3698,   1.5698] 
	x440: [  0.1137,   0.3137] 
	x441: [  0.1176,   0.3176] 
	x442: [  0.6228,   0.8228] 
	x443: [ -2.5747,  -2.3747] 
	x444: [  0.4132,   0.6132] 
	x445: [ -1.2559,  -1.0559] 
	x446: [ -1.0566,  -0.8566] 
	x447: [ -0.4239,  -0.2239] 
	x448: [ -1.7254,  -1.5254] 
	x449: [  0.4006,   0.6006] 
	x450: [  0.6305,   0.8305] 
	x451: [ -0.2921,  -0.0921] 
	x452: [  1.5516,   1.7516] 
	x453: [ -2.0223,  -1.8223] 
	x454: [ -0.0585,   0.1415] 
	x455: [  1.3334,   1.5334] 
	x456: [ -0.4731,  -0.2731] 
	x457: [  1.0736,   1.2736] 
	x458: [ -3.5384,  -3.3384] 
	x459: [  0.4939,   0.6939] 
	x460: [  2.0184,   2.2184] 
	x461: [ -1.8259,  -1.6259] 
	x462: [  0.7584,   0.9584] 
	x463: [ -3.5112,  -3.3112] 
	x464: [ -0.8573,  -0.6573] 
	x465: [ -0.2512,  -0.0512] 
	x466: [ -1.8999,  -1.6999] 
	x467: [ -1.2507,  -1.0507] 
	x468: [ -1.3632,  -1.1632] 
	x469: [  0.5266,   0.7266] 
	x470: [ -2.1961,  -1.9961] 
	x471: [ -1.1465,  -0.9465] 
	x472: [ -1.6071,  -1.4071] 
	x473: [ -1.1721,  -0.9721] 
	x474: [ -2.1196,  -1.9196] 
	x475: [ -0.5039,  -0.3039] 
	x476: [ -0.9012,  -0.7012] 
	x477: [ -0.6976,  -0.4976] 
	x478: [  1.2801,   1.4801] 
	x479: [  1.1632,   1.3632] 
	x480: [ -1.1457,  -0.9457] 
	x481: [ -0.4687,  -0.2687] 
	x482: [ -0.4816,  -0.2816] 
	x483: [ -2.8094,  -2.6094] 
	x484: [  1.0166,   1.2166] 
	x485: [ -0.0711,   0.1289] 
	x486: [ -1.1202,  -0.9202] 
	x487: [ -0.2855,  -0.0855] 
	x488: [  0.3445,   0.5445] 
	x489: [  1.1839,   1.3839] 
	x490: [  2.1087,   2.3087] 
	x491: [ -0.6889,  -0.4889] 
	x492: [  0.3021,   0.5021] 
	x493: [  2.4872,   2.6872] 
	x494: [  2.4778,   2.6778] 
	x495: [  1.3200,   1.5200] 
	x496: [ -1.4935,  -1.2935] 
	x497: [ -0.3371,  -0.1371] 
	x498: [ -0.2826,  -0.0826] 
	x499: [  0.4312,   0.6312] 
	x500: [  0.1567,   0.3567] 
	x501: [  0.7965,   0.9965] 
	x502: [ -0.0044,   0.1956] 
	x503: [ -0.8676,  -0.6676] 
	x504: [  1.5758,   1.7758] 
	x505: [  0.1987,   0.3987] 
	x506: [  0.3674,   0.5674] 
	x507: [ -1.2500,  -1.0500] 
	x508: [ -0.6485,  -0.4485] 
	x509: [ -1.8346,  -1.6346] 
	x510: [  2.4746,   2.6746] 
	x511: [ -0.1630,   0.0370] 

Branching heuristics set to PseudoImpact

Engine::solve: Initial statistics

00:44:38 Statistics update:
	--- Time Statistics ---
	Total time elapsed: 495 milli (00:00:00)
		Main loop: 0 milli (00:00:00)
		Preprocessing time: 195 milli (00:00:00)
		Unknown: 300 milli (00:00:00)
	Breakdown for main loop:
		[0.00%] Simplex steps: 0 milli
		[0.00%] Explicit-basis bound tightening: 0 milli
		[0.00%] Constraint-matrix bound tightening: 0 milli
		[0.00%] Degradation checking: 0 milli
		[0.00%] Precision restoration: 0 milli
		[0.00%] Statistics handling: 0 milli
		[0.00%] Constraint-fixing steps: 0 milli
		[0.00%] Valid case splits: 0 milli. Average per split: 0.00 milli
		[0.00%] Applying stored bound-tightening: 0 milli
		[0.00%] SMT core: 0 milli
		[0.00%] Symbolic Bound Tightening: 12 milli
		[0.00%] SoI-based local search: 0 milli
		[0.00%] SoI-based local search: 0 milli
		[0.00%] Unaccounted for: 0 milli
	--- Preprocessor Statistics ---
	Number of preprocessor bound-tightening loop iterations: 3
	Number of eliminated variables: 115
	Number of constraints removed due to variable elimination: 115
	Number of equations removed due to variable elimination: 0
	--- Engine Statistics ---
	Number of main loop iterations: 1
		0 iterations were simplex steps. Total time: 0 milli. Average: 0.00 milli.
		0 iterations were constraint-fixing steps. Total time: 0 milli. Average: 0.00 milli
	Number of active piecewise-linear constraints: 141 / 141
		Constraints disabled by valid splits: 0. By SMT-originated splits: 0
	Last reported degradation: 0.0000000000. Max degradation so far: 0.0000000000. Restorations so far: 0
	Number of simplex pivots we attempted to skip because of instability: 0.
	Unstable pivots performed anyway: 0
	--- Tableau Statistics ---
	Total number of pivots performed: 0
		Real pivots: 0. Degenerate: 0 (0.00%)
		Degenerate pivots by request (e.g., to fix a PL constraint): 0 (0.00%)
		Average time per pivot: 0.00 milli
	Total number of fake pivots performed: 0
	Total number of rows added: 0. Number of merged columns: 0
	Current tableau dimensions: M = 705, N = 2063
	--- SMT Core Statistics ---
	Total depth is 0. Total visited states: 1. Number of splits: 0. Number of pops: 0
	Max stack depth: 0
	--- Bound Tightening Statistics ---
	Number of tightened bounds: 0.
		Number of rows examined by row tightener: 0. Consequent tightenings: 0
		Number of explicit basis matrices examined by row tightener: 0. Consequent tightenings: 0
		Number of bound tightening rounds on the entire constraint matrix: 0. Consequent tightenings: 0
		Number of bound notifications sent to PL constraints: 846. Tightenings proposed: 0
	--- Basis Factorization statistics ---
	Number of basis refactorizations: 2
	--- Projected Steepest Edge Statistics ---
	Number of iterations: 0.
	Number of resets to reference space: 1. Avg. iterations per reset: 0
	--- SBT ---
	Number of tightened bounds: 385
	--- SoI-based local search ---
	Number of proposed phase pattern update: 0. Number of accepted update: 0 [0.00%]
	Total time (% of local search time) updating SoI phase pattern : 0 milli [0.00%]
	Total time obtaining current assignment: 0 milli [0.00%]
	Total time getting SoI phase pattern : 0 milli [0.00%]
	--- Context dependent statistics ---
	Number of pushes / pops: 0 / 0
		[0.00%] Pre-Push hook: 0 milli
		[0.00%] Push : 0 milli
		[0.00%] Post-Pop hook: 0 milli
		[0.00%] Pop : 0 milli
		[0.00%] Total context-switching time: 0 milli
	--- Proof Certificate ---
	Number of certified leaves: 0
	Number of leaves to delegate: 0

---

00:44:57 Statistics update:
	--- Time Statistics ---
	Total time elapsed: 19576 milli (00:00:19)
		Main loop: 18728 milli (00:00:18)
		Preprocessing time: 195 milli (00:00:00)
		Unknown: 652 milli (00:00:00)
	Breakdown for main loop:
		[64.13%] Simplex steps: 12010 milli
		[30.38%] Explicit-basis bound tightening: 5689 milli
		[0.00%] Constraint-matrix bound tightening: 0 milli
		[1.10%] Degradation checking: 205 milli
		[0.00%] Precision restoration: 0 milli
		[0.05%] Statistics handling: 9 milli
		[0.00%] Constraint-fixing steps: 0 milli
		[0.00%] Valid case splits: 0 milli. Average per split: 0.00 milli
		[0.01%] Applying stored bound-tightening: 1 milli
		[0.24%] SMT core: 44 milli
		[5.01%] Symbolic Bound Tightening: 938 milli
		[39.49%] SoI-based local search: 7395 milli
		[0.00%] SoI-based local search: 0 milli
		[98494940303983.84%] Unaccounted for: 0 milli
	--- Preprocessor Statistics ---
	Number of preprocessor bound-tightening loop iterations: 3
	Number of eliminated variables: 115
	Number of constraints removed due to variable elimination: 115
	Number of equations removed due to variable elimination: 0
	--- Engine Statistics ---
	Number of main loop iterations: 10000
		9797 iterations were simplex steps. Total time: 12010 milli. Average: 1.23 milli.
		0 iterations were constraint-fixing steps. Total time: 0 milli. Average: 0.00 milli
	Number of active piecewise-linear constraints: 79 / 141
		Constraints disabled by valid splits: 0. By SMT-originated splits: 62
	Last reported degradation: 0.0000088975. Max degradation so far: 0.0000251891. Restorations so far: 0
	Number of simplex pivots we attempted to skip because of instability: 5.
	Unstable pivots performed anyway: 0
	--- Tableau Statistics ---
	Total number of pivots performed: 7610
		Real pivots: 7598. Degenerate: 12 (0.16%)
		Degenerate pivots by request (e.g., to fix a PL constraint): 0 (0.00%)
		Average time per pivot: 0.25 milli
	Total number of fake pivots performed: 1383
	Total number of rows added: 0. Number of merged columns: 0
	Current tableau dimensions: M = 705, N = 2063
	--- SMT Core Statistics ---
	Total depth is 62. Total visited states: 116. Number of splits: 88. Number of pops: 27
	Max stack depth: 73
	--- Bound Tightening Statistics ---
	Number of tightened bounds: 21307.
		Number of rows examined by row tightener: 7610. Consequent tightenings: 174
		Number of explicit basis matrices examined by row tightener: 24. Consequent tightenings: 732
		Number of bound tightening rounds on the entire constraint matrix: 0. Consequent tightenings: 0
		Number of bound notifications sent to PL constraints: 2375. Tightenings proposed: 0
	--- Basis Factorization statistics ---
	Number of basis refactorizations: 54
	--- Projected Steepest Edge Statistics ---
	Number of iterations: 8998.
	Number of resets to reference space: 34. Avg. iterations per reset: 264
	--- SBT ---
	Number of tightened bounds: 21692
	--- SoI-based local search ---
	Number of proposed phase pattern update: 310. Number of accepted update: 222 [71.61%]
	Total time (% of local search time) updating SoI phase pattern : 29197 milli [0.39%]
	Total time obtaining current assignment: 74674 milli [1.01%]
	Total time getting SoI phase pattern : 11922 milli [0.06%]
	--- Context dependent statistics ---
	Number of pushes / pops: 115 / 53
		[0.06%] Pre-Push hook: 10 milli
		[0.00%] Push : 0 milli
		[0.01%] Post-Pop hook: 1 milli
		[0.01%] Pop : 1 milli
		[0.07%] Total context-switching time: 13 milli
	--- Proof Certificate ---
	Number of certified leaves: 0
	Number of leaves to delegate: 0
High degradation found!
Performing precision restoration. Degradation before: 0.588736503089682. After: 0.000000000003148

00:45:26 Statistics update:
	--- Time Statistics ---
	Total time elapsed: 48568 milli (00:00:48)
		Main loop: 47988 milli (00:00:47)
		Preprocessing time: 195 milli (00:00:00)
		Unknown: 384 milli (00:00:00)
	Breakdown for main loop:
		[53.86%] Simplex steps: 25848 milli
		[37.09%] Explicit-basis bound tightening: 17798 milli
		[0.00%] Constraint-matrix bound tightening: 0 milli
		[0.84%] Degradation checking: 402 milli
		[0.76%] Precision restoration: 363 milli
		[0.04%] Statistics handling: 19 milli
		[0.00%] Constraint-fixing steps: 0 milli
		[0.00%] Valid case splits: 0 milli. Average per split: 0.00 milli
		[0.00%] Applying stored bound-tightening: 1 milli
		[0.23%] SMT core: 109 milli
		[3.45%] Symbolic Bound Tightening: 1653 milli
		[28.01%] SoI-based local search: 13442 milli
		[0.00%] SoI-based local search: 0 milli
		[3.73%] Unaccounted for: 1790 milli
	--- Preprocessor Statistics ---
	Number of preprocessor bound-tightening loop iterations: 3
	Number of eliminated variables: 115
	Number of constraints removed due to variable elimination: 115
	Number of equations removed due to variable elimination: 0
	--- Engine Statistics ---
	Number of main loop iterations: 20000
		19663 iterations were simplex steps. Total time: 25848 milli. Average: 1.31 milli.
		0 iterations were constraint-fixing steps. Total time: 0 milli. Average: 0.00 milli
	Number of active piecewise-linear constraints: 81 / 141
		Constraints disabled by valid splits: 0. By SMT-originated splits: 60
	Last reported degradation: 0.0000000000. Max degradation so far: 0.5887365031. Restorations so far: 1
	Number of simplex pivots we attempted to skip because of instability: 5.
	Unstable pivots performed anyway: 0
	--- Tableau Statistics ---
	Total number of pivots performed: 16307
		Real pivots: 16277. Degenerate: 30 (0.18%)
		Degenerate pivots by request (e.g., to fix a PL constraint): 0 (0.00%)
		Average time per pivot: 0.27 milli
	Total number of fake pivots performed: 1971
	Total number of rows added: 0. Number of merged columns: 0
	Current tableau dimensions: M = 705, N = 2063
	--- SMT Core Statistics ---
	Total depth is 60. Total visited states: 206. Number of splits: 132. Number of pops: 73
	Max stack depth: 73
	--- Bound Tightening Statistics ---
	Number of tightened bounds: 36913.
		Number of rows examined by row tightener: 16307. Consequent tightenings: 697
		Number of explicit basis matrices examined by row tightener: 75. Consequent tightenings: 973
		Number of bound tightening rounds on the entire constraint matrix: 0. Consequent tightenings: 0
		Number of bound notifications sent to PL constraints: 3048. Tightenings proposed: 0
	--- Basis Factorization statistics ---
	Number of basis refactorizations: 127
	--- Projected Steepest Edge Statistics ---
	Number of iterations: 18283.
	Number of resets to reference space: 89. Avg. iterations per reset: 205
	--- SBT ---
	Number of tightened bounds: 37298
	--- SoI-based local search ---
	Number of proposed phase pattern update: 552. Number of accepted update: 419 [75.91%]
	Total time (% of local search time) updating SoI phase pattern : 44992 milli [0.33%]
	Total time obtaining current assignment: 131850 milli [0.98%]
	Total time getting SoI phase pattern : 19030 milli [0.04%]
	--- Context dependent statistics ---
	Number of pushes / pops: 205 / 145
		[0.03%] Pre-Push hook: 13 milli
		[0.00%] Push : 0 milli
		[0.01%] Post-Pop hook: 5 milli
		[0.01%] Pop : 5 milli
		[0.05%] Total context-switching time: 24 milli
	--- Proof Certificate ---
	Number of certified leaves: 0
	Number of leaves to delegate: 0
MalformedBasisException caught!
Performing precision restoration. Degradation before: 0.000000000002295. After: 0.000000000000210

00:45:57 Statistics update:
	--- Time Statistics ---
	Total time elapsed: 79900 milli (00:01:19)
		Main loop: 79399 milli (00:01:19)
		Preprocessing time: 195 milli (00:00:00)
		Unknown: 306 milli (00:00:00)
	Breakdown for main loop:
		[50.89%] Simplex steps: 40409 milli
		[40.31%] Explicit-basis bound tightening: 32002 milli
		[0.00%] Constraint-matrix bound tightening: 0 milli
		[0.76%] Degradation checking: 600 milli
		[0.71%] Precision restoration: 565 milli
		[0.04%] Statistics handling: 29 milli
		[0.00%] Constraint-fixing steps: 0 milli
		[0.00%] Valid case splits: 1 milli. Average per split: 0.00 milli
		[0.00%] Applying stored bound-tightening: 2 milli
		[0.25%] SMT core: 196 milli
		[3.34%] Symbolic Bound Tightening: 2653 milli
		[26.24%] SoI-based local search: 20838 milli
		[0.00%] SoI-based local search: 0 milli
		[3.70%] Unaccounted for: 2938 milli
	--- Preprocessor Statistics ---
	Number of preprocessor bound-tightening loop iterations: 3
	Number of eliminated variables: 115
	Number of constraints removed due to variable elimination: 115
	Number of equations removed due to variable elimination: 0
	--- Engine Statistics ---
	Number of main loop iterations: 30000
		29484 iterations were simplex steps. Total time: 40409 milli. Average: 1.37 milli.
		0 iterations were constraint-fixing steps. Total time: 0 milli. Average: 0.00 milli
	Number of active piecewise-linear constraints: 83 / 141
		Constraints disabled by valid splits: 0. By SMT-originated splits: 58
	Last reported degradation: 0.0000000000. Max degradation so far: 0.5887365031. Restorations so far: 2
	Number of simplex pivots we attempted to skip because of instability: 5.
	Unstable pivots performed anyway: 0
	--- Tableau Statistics ---
	Total number of pivots performed: 24966
		Real pivots: 24914. Degenerate: 52 (0.21%)
		Degenerate pivots by request (e.g., to fix a PL constraint): 0 (0.00%)
		Average time per pivot: 0.28 milli
	Total number of fake pivots performed: 2404
	Total number of rows added: 0. Number of merged columns: 0
	Current tableau dimensions: M = 705, N = 2063
	--- SMT Core Statistics ---
	Total depth is 58. Total visited states: 333. Number of splits: 194. Number of pops: 138
	Max stack depth: 73
	--- Bound Tightening Statistics ---
	Number of tightened bounds: 59954.
		Number of rows examined by row tightener: 24966. Consequent tightenings: 1079
		Number of explicit basis matrices examined by row tightener: 127. Consequent tightenings: 1563
		Number of bound tightening rounds on the entire constraint matrix: 0. Consequent tightenings: 0
		Number of bound notifications sent to PL constraints: 4090. Tightenings proposed: 0
	--- Basis Factorization statistics ---
	Number of basis refactorizations: 200
	--- Projected Steepest Edge Statistics ---
	Number of iterations: 27375.
	Number of resets to reference space: 157. Avg. iterations per reset: 174
	--- SBT ---
	Number of tightened bounds: 60339
	--- SoI-based local search ---
	Number of proposed phase pattern update: 846. Number of accepted update: 652 [77.07%]
	Total time (% of local search time) updating SoI phase pattern : 65192 milli [0.31%]
	Total time obtaining current assignment: 205476 milli [0.99%]
	Total time getting SoI phase pattern : 28006 milli [0.04%]
	--- Context dependent statistics ---
	Number of pushes / pops: 332 / 274
		[0.02%] Pre-Push hook: 18 milli
		[0.00%] Push : 0 milli
		[0.01%] Post-Pop hook: 10 milli
		[0.01%] Pop : 9 milli
		[0.05%] Total context-switching time: 37 milli
	--- Proof Certificate ---
	Number of certified leaves: 0
	Number of leaves to delegate: 0

00:46:30 Statistics update:
	--- Time Statistics ---
	Total time elapsed: 112477 milli (00:01:52)
		Main loop: 111973 milli (00:01:51)
		Preprocessing time: 195 milli (00:00:00)
		Unknown: 308 milli (00:00:00)
	Breakdown for main loop:
		[50.12%] Simplex steps: 56125 milli
		[40.99%] Explicit-basis bound tightening: 45903 milli
		[0.00%] Constraint-matrix bound tightening: 0 milli
		[0.72%] Degradation checking: 802 milli
		[0.51%] Precision restoration: 565 milli
		[0.04%] Statistics handling: 39 milli
		[0.00%] Constraint-fixing steps: 0 milli
		[0.00%] Valid case splits: 2 milli. Average per split: 0.00 milli
		[0.00%] Applying stored bound-tightening: 3 milli
		[0.24%] SMT core: 263 milli
		[3.06%] Symbolic Bound Tightening: 3427 milli
		[25.10%] SoI-based local search: 28109 milli
		[0.00%] SoI-based local search: 0 milli
		[4.32%] Unaccounted for: 4841 milli
	--- Preprocessor Statistics ---
	Number of preprocessor bound-tightening loop iterations: 3
	Number of eliminated variables: 115
	Number of constraints removed due to variable elimination: 115
	Number of equations removed due to variable elimination: 0
	--- Engine Statistics ---
	Number of main loop iterations: 40000
		39352 iterations were simplex steps. Total time: 56125 milli. Average: 1.43 milli.
		0 iterations were constraint-fixing steps. Total time: 0 milli. Average: 0.00 milli
	Number of active piecewise-linear constraints: 86 / 141
		Constraints disabled by valid splits: 0. By SMT-originated splits: 55
	Last reported degradation: 0.0000000000. Max degradation so far: 0.5887365031. Restorations so far: 2
	Number of simplex pivots we attempted to skip because of instability: 5.
	Unstable pivots performed anyway: 0
	--- Tableau Statistics ---
	Total number of pivots performed: 33653
		Real pivots: 33584. Degenerate: 69 (0.21%)
		Degenerate pivots by request (e.g., to fix a PL constraint): 0 (0.00%)
		Average time per pivot: 0.28 milli
	Total number of fake pivots performed: 2905
	Total number of rows added: 0. Number of merged columns: 0
	Current tableau dimensions: M = 705, N = 2063
	--- SMT Core Statistics ---
	Total depth is 55. Total visited states: 430. Number of splits: 241. Number of pops: 188
	Max stack depth: 73
	--- Bound Tightening Statistics ---
	Number of tightened bounds: 76513.
		Number of rows examined by row tightener: 33653. Consequent tightenings: 1504
		Number of explicit basis matrices examined by row tightener: 178. Consequent tightenings: 2478
		Number of bound tightening rounds on the entire constraint matrix: 0. Consequent tightenings: 0
		Number of bound notifications sent to PL constraints: 5345. Tightenings proposed: 0
	--- Basis Factorization statistics ---
	Number of basis refactorizations: 273
	--- Projected Steepest Edge Statistics ---
	Number of iterations: 36563.
	Number of resets to reference space: 208. Avg. iterations per reset: 175
	--- SBT ---
	Number of tightened bounds: 76898
	--- SoI-based local search ---
	Number of proposed phase pattern update: 1122. Number of accepted update: 881 [78.52%]
	Total time (% of local search time) updating SoI phase pattern : 81983 milli [0.29%]
	Total time obtaining current assignment: 272633 milli [0.97%]
	Total time getting SoI phase pattern : 36188 milli [0.03%]
	--- Context dependent statistics ---
	Number of pushes / pops: 429 / 374
		[0.02%] Pre-Push hook: 21 milli
		[0.00%] Push : 0 milli
		[0.01%] Post-Pop hook: 13 milli
		[0.01%] Pop : 12 milli
		[0.04%] Total context-switching time: 48 milli
	--- Proof Certificate ---
	Number of certified leaves: 0
	Number of leaves to delegate: 0

00:46:57 Statistics update:
	--- Time Statistics ---
	Total time elapsed: 139982 milli (00:02:19)
		Main loop: 139377 milli (00:02:19)
		Preprocessing time: 195 milli (00:00:00)
		Unknown: 409 milli (00:00:00)
	Breakdown for main loop:
		[51.76%] Simplex steps: 72147 milli
		[39.80%] Explicit-basis bound tightening: 55471 milli
		[0.00%] Constraint-matrix bound tightening: 0 milli
		[0.72%] Degradation checking: 998 milli
		[0.41%] Precision restoration: 565 milli
		[0.04%] Statistics handling: 49 milli
		[0.00%] Constraint-fixing steps: 0 milli
		[0.00%] Valid case splits: 2 milli. Average per split: 0.00 milli
		[0.00%] Applying stored bound-tightening: 4 milli
		[0.24%] SMT core: 332 milli
		[3.08%] Symbolic Bound Tightening: 4294 milli
		[26.95%] SoI-based local search: 37559 milli
		[0.00%] SoI-based local search: 0 milli
		[3.95%] Unaccounted for: 5512 milli
	--- Preprocessor Statistics ---
	Number of preprocessor bound-tightening loop iterations: 3
	Number of eliminated variables: 115
	Number of constraints removed due to variable elimination: 115
	Number of equations removed due to variable elimination: 0
	--- Engine Statistics ---
	Number of main loop iterations: 50000
		49202 iterations were simplex steps. Total time: 72147 milli. Average: 1.47 milli.
		0 iterations were constraint-fixing steps. Total time: 0 milli. Average: 0.00 milli
	Number of active piecewise-linear constraints: 79 / 141
		Constraints disabled by valid splits: 0. By SMT-originated splits: 62
	Last reported degradation: 0.0000000000. Max degradation so far: 0.5887365031. Restorations so far: 2
	Number of simplex pivots we attempted to skip because of instability: 5.
	Unstable pivots performed anyway: 0
	--- Tableau Statistics ---
	Total number of pivots performed: 42312
		Real pivots: 42229. Degenerate: 83 (0.20%)
		Degenerate pivots by request (e.g., to fix a PL constraint): 0 (0.00%)
		Average time per pivot: 0.29 milli
	Total number of fake pivots performed: 3209
	Total number of rows added: 0. Number of merged columns: 0
	Current tableau dimensions: M = 705, N = 2063
	--- SMT Core Statistics ---
	Total depth is 62. Total visited states: 539. Number of splits: 299. Number of pops: 239
	Max stack depth: 73
	--- Bound Tightening Statistics ---
	Number of tightened bounds: 94541.
		Number of rows examined by row tightener: 42312. Consequent tightenings: 2045
		Number of explicit basis matrices examined by row tightener: 211. Consequent tightenings: 3921
		Number of bound tightening rounds on the entire constraint matrix: 0. Consequent tightenings: 0
		Number of bound notifications sent to PL constraints: 6913. Tightenings proposed: 0
	--- Basis Factorization statistics ---
	Number of basis refactorizations: 348
	--- Projected Steepest Edge Statistics ---
	Number of iterations: 45526.
	Number of resets to reference space: 263. Avg. iterations per reset: 173
	--- SBT ---
	Number of tightened bounds: 94926
	--- SoI-based local search ---
	Number of proposed phase pattern update: 1492. Number of accepted update: 1193 [79.96%]
	Total time (% of local search time) updating SoI phase pattern : 101394 milli [0.27%]
	Total time obtaining current assignment: 361182 milli [0.96%]
	Total time getting SoI phase pattern : 46892 milli [0.03%]
	--- Context dependent statistics ---
	Number of pushes / pops: 538 / 476
		[0.02%] Pre-Push hook: 25 milli
		[0.00%] Push : 0 milli
		[0.01%] Post-Pop hook: 17 milli
		[0.01%] Pop : 14 milli
		[0.04%] Total context-switching time: 58 milli
	--- Proof Certificate ---
	Number of certified leaves: 0
	Number of leaves to delegate: 0

00:47:34 Statistics update:
	--- Time Statistics ---
	Total time elapsed: 176669 milli (00:02:56)
		Main loop: 175990 milli (00:02:55)
		Preprocessing time: 195 milli (00:00:00)
		Unknown: 483 milli (00:00:00)
	Breakdown for main loop:
		[50.13%] Simplex steps: 88232 milli
		[40.99%] Explicit-basis bound tightening: 72133 milli
		[0.00%] Constraint-matrix bound tightening: 0 milli
		[0.68%] Degradation checking: 1201 milli
		[0.32%] Precision restoration: 565 milli
		[0.03%] Statistics handling: 59 milli
		[0.00%] Constraint-fixing steps: 0 milli
		[0.00%] Valid case splits: 3 milli. Average per split: 0.00 milli
		[0.00%] Applying stored bound-tightening: 4 milli
		[0.23%] SMT core: 403 milli
		[2.91%] Symbolic Bound Tightening: 5117 milli
		[25.24%] SoI-based local search: 44427 milli
		[0.00%] SoI-based local search: 0 milli
		[4.70%] Unaccounted for: 8268 milli
	--- Preprocessor Statistics ---
	Number of preprocessor bound-tightening loop iterations: 3
	Number of eliminated variables: 115
	Number of constraints removed due to variable elimination: 115
	Number of equations removed due to variable elimination: 0
	--- Engine Statistics ---
	Number of main loop iterations: 60000
		59066 iterations were simplex steps. Total time: 88232 milli. Average: 1.49 milli.
		0 iterations were constraint-fixing steps. Total time: 0 milli. Average: 0.00 milli
	Number of active piecewise-linear constraints: 83 / 141
		Constraints disabled by valid splits: 1. By SMT-originated splits: 57
	Last reported degradation: 0.0000000000. Max degradation so far: 0.5887365031. Restorations so far: 2
	Number of simplex pivots we attempted to skip because of instability: 5.
	Unstable pivots performed anyway: 0
	--- Tableau Statistics ---
	Total number of pivots performed: 51220
		Real pivots: 51129. Degenerate: 91 (0.18%)
		Degenerate pivots by request (e.g., to fix a PL constraint): 0 (0.00%)
		Average time per pivot: 0.29 milli
	Total number of fake pivots performed: 3422
	Total number of rows added: 0. Number of merged columns: 0
	Current tableau dimensions: M = 705, N = 2063
	--- SMT Core Statistics ---
	Total depth is 57. Total visited states: 642. Number of splits: 348. Number of pops: 293
	Max stack depth: 73
	--- Bound Tightening Statistics ---
	Number of tightened bounds: 112430.
		Number of rows examined by row tightener: 51220. Consequent tightenings: 3732
		Number of explicit basis matrices examined by row tightener: 274. Consequent tightenings: 6017
		Number of bound tightening rounds on the entire constraint matrix: 0. Consequent tightenings: 0
		Number of bound notifications sent to PL constraints: 9493. Tightenings proposed: 0
	--- Basis Factorization statistics ---
	Number of basis refactorizations: 427
	--- Projected Steepest Edge Statistics ---
	Number of iterations: 54647.
	Number of resets to reference space: 322. Avg. iterations per reset: 169
	--- SBT ---
	Number of tightened bounds: 112815
	--- SoI-based local search ---
	Number of proposed phase pattern update: 1797. Number of accepted update: 1449 [80.63%]
	Total time (% of local search time) updating SoI phase pattern : 118212 milli [0.27%]
	Total time obtaining current assignment: 434661 milli [0.98%]
	Total time getting SoI phase pattern : 56076 milli [0.03%]
	--- Context dependent statistics ---
	Number of pushes / pops: 641 / 584
		[0.02%] Pre-Push hook: 29 milli
		[0.00%] Push : 0 milli
		[0.01%] Post-Pop hook: 22 milli
		[0.01%] Pop : 18 milli
		[0.04%] Total context-switching time: 69 milli
	--- Proof Certificate ---
	Number of certified leaves: 0
	Number of leaves to delegate: 0

00:48:08 Statistics update:
	--- Time Statistics ---
	Total time elapsed: 210633 milli (00:03:30)
		Main loop: 209969 milli (00:03:29)
		Preprocessing time: 195 milli (00:00:00)
		Unknown: 468 milli (00:00:00)
	Breakdown for main loop:
		[49.52%] Simplex steps: 103971 milli
		[41.72%] Explicit-basis bound tightening: 87602 milli
		[0.00%] Constraint-matrix bound tightening: 0 milli
		[0.67%] Degradation checking: 1405 milli
		[0.27%] Precision restoration: 565 milli
		[0.03%] Statistics handling: 68 milli
		[0.00%] Constraint-fixing steps: 0 milli
		[0.00%] Valid case splits: 4 milli. Average per split: 0.00 milli
		[0.00%] Applying stored bound-tightening: 5 milli
		[0.22%] SMT core: 471 milli
		[2.83%] Symbolic Bound Tightening: 5949 milli
		[24.69%] SoI-based local search: 51851 milli
		[0.00%] SoI-based local search: 0 milli
		[4.73%] Unaccounted for: 9925 milli
	--- Preprocessor Statistics ---
	Number of preprocessor bound-tightening loop iterations: 3
	Number of eliminated variables: 115
	Number of constraints removed due to variable elimination: 115
	Number of equations removed due to variable elimination: 0
	--- Engine Statistics ---
	Number of main loop iterations: 70000
		68925 iterations were simplex steps. Total time: 103971 milli. Average: 1.51 milli.
		0 iterations were constraint-fixing steps. Total time: 0 milli. Average: 0.00 milli
	Number of active piecewise-linear constraints: 79 / 141
		Constraints disabled by valid splits: 0. By SMT-originated splits: 62
	Last reported degradation: 0.0000000000. Max degradation so far: 0.5887365031. Restorations so far: 2
	Number of simplex pivots we attempted to skip because of instability: 5.
	Unstable pivots performed anyway: 0
	--- Tableau Statistics ---
	Total number of pivots performed: 59903
		Real pivots: 59803. Degenerate: 100 (0.17%)
		Degenerate pivots by request (e.g., to fix a PL constraint): 0 (0.00%)
		Average time per pivot: 0.30 milli
	Total number of fake pivots performed: 3879
	Total number of rows added: 0. Number of merged columns: 0
	Current tableau dimensions: M = 705, N = 2063
	--- SMT Core Statistics ---
	Total depth is 62. Total visited states: 747. Number of splits: 403. Number of pops: 343
	Max stack depth: 73
	--- Bound Tightening Statistics ---
	Number of tightened bounds: 131034.
		Number of rows examined by row tightener: 59903. Consequent tightenings: 4590
		Number of explicit basis matrices examined by row tightener: 329. Consequent tightenings: 9719
		Number of bound tightening rounds on the entire constraint matrix: 0. Consequent tightenings: 0
		Number of bound notifications sent to PL constraints: 12443. Tightenings proposed: 0
	--- Basis Factorization statistics ---
	Number of basis refactorizations: 500
	--- Projected Steepest Edge Statistics ---
	Number of iterations: 63787.
	Number of resets to reference space: 374. Avg. iterations per reset: 170
	--- SBT ---
	Number of tightened bounds: 131419
	--- SoI-based local search ---
	Number of proposed phase pattern update: 2084. Number of accepted update: 1680 [80.61%]
	Total time (% of local search time) updating SoI phase pattern : 136254 milli [0.26%]
	Total time obtaining current assignment: 505808 milli [0.98%]
	Total time getting SoI phase pattern : 65248 milli [0.03%]
	--- Context dependent statistics ---
	Number of pushes / pops: 746 / 684
		[0.02%] Pre-Push hook: 33 milli
		[0.00%] Push : 0 milli
		[0.01%] Post-Pop hook: 26 milli
		[0.01%] Pop : 21 milli
		[0.04%] Total context-switching time: 80 milli
	--- Proof Certificate ---
	Number of certified leaves: 0
	Number of leaves to delegate: 0

00:48:46 Statistics update:
	--- Time Statistics ---
	Total time elapsed: 248877 milli (00:04:08)
		Main loop: 248322 milli (00:04:08)
		Preprocessing time: 195 milli (00:00:00)
		Unknown: 359 milli (00:00:00)
	Breakdown for main loop:
		[48.34%] Simplex steps: 120037 milli
		[42.67%] Explicit-basis bound tightening: 105947 milli
		[0.00%] Constraint-matrix bound tightening: 0 milli
		[0.65%] Degradation checking: 1610 milli
		[0.23%] Precision restoration: 565 milli
		[0.03%] Statistics handling: 78 milli
		[0.00%] Constraint-fixing steps: 0 milli
		[0.00%] Valid case splits: 5 milli. Average per split: 0.00 milli
		[0.00%] Applying stored bound-tightening: 6 milli
		[0.21%] SMT core: 532 milli
		[2.69%] Symbolic Bound Tightening: 6670 milli
		[23.04%] SoI-based local search: 57203 milli
		[0.00%] SoI-based local search: 0 milli
		[5.18%] Unaccounted for: 12867 milli
	--- Preprocessor Statistics ---
	Number of preprocessor bound-tightening loop iterations: 3
	Number of eliminated variables: 115
	Number of constraints removed due to variable elimination: 115
	Number of equations removed due to variable elimination: 0
	--- Engine Statistics ---
	Number of main loop iterations: 80000
		78808 iterations were simplex steps. Total time: 120037 milli. Average: 1.52 milli.
		0 iterations were constraint-fixing steps. Total time: 0 milli. Average: 0.00 milli
	Number of active piecewise-linear constraints: 80 / 141
		Constraints disabled by valid splits: 0. By SMT-originated splits: 61
	Last reported degradation: 0.0000000000. Max degradation so far: 0.5887365031. Restorations so far: 2
	Number of simplex pivots we attempted to skip because of instability: 5.
	Unstable pivots performed anyway: 0
	--- Tableau Statistics ---
	Total number of pivots performed: 68910
		Real pivots: 68803. Degenerate: 107 (0.16%)
		Degenerate pivots by request (e.g., to fix a PL constraint): 0 (0.00%)
		Average time per pivot: 0.30 milli
	Total number of fake pivots performed: 4131
	Total number of rows added: 0. Number of merged columns: 0
	Current tableau dimensions: M = 705, N = 2063
	--- SMT Core Statistics ---
	Total depth is 61. Total visited states: 837. Number of splits: 447. Number of pops: 389
	Max stack depth: 73
	--- Bound Tightening Statistics ---
	Number of tightened bounds: 146140.
		Number of rows examined by row tightener: 68910. Consequent tightenings: 5189
		Number of explicit basis matrices examined by row tightener: 397. Consequent tightenings: 11518
		Number of bound tightening rounds on the entire constraint matrix: 0. Consequent tightenings: 0
		Number of bound notifications sent to PL constraints: 14522. Tightenings proposed: 0
	--- Basis Factorization statistics ---
	Number of basis refactorizations: 581
	--- Projected Steepest Edge Statistics ---
	Number of iterations: 73046.
	Number of resets to reference space: 422. Avg. iterations per reset: 173
	--- SBT ---
	Number of tightened bounds: 146525
	--- SoI-based local search ---
	Number of proposed phase pattern update: 2330. Number of accepted update: 1882 [80.77%]
	Total time (% of local search time) updating SoI phase pattern : 151867 milli [0.27%]
	Total time obtaining current assignment: 565630 milli [0.99%]
	Total time getting SoI phase pattern : 72793 milli [0.03%]
	--- Context dependent statistics ---
	Number of pushes / pops: 836 / 775
		[0.01%] Pre-Push hook: 36 milli
		[0.00%] Push : 0 milli
		[0.01%] Post-Pop hook: 29 milli
		[0.01%] Pop : 24 milli
		[0.04%] Total context-switching time: 89 milli
	--- Proof Certificate ---
	Number of certified leaves: 0
	Number of leaves to delegate: 0

00:49:19 Statistics update:
	--- Time Statistics ---
	Total time elapsed: 281172 milli (00:04:41)
		Main loop: 280608 milli (00:04:40)
		Preprocessing time: 195 milli (00:00:00)
		Unknown: 369 milli (00:00:00)
	Breakdown for main loop:
		[48.48%] Simplex steps: 136036 milli
		[42.72%] Explicit-basis bound tightening: 119871 milli
		[0.00%] Constraint-matrix bound tightening: 0 milli
		[0.65%] Degradation checking: 1815 milli
		[0.20%] Precision restoration: 565 milli
		[0.03%] Statistics handling: 88 milli
		[0.00%] Constraint-fixing steps: 0 milli
		[0.00%] Valid case splits: 6 milli. Average per split: 0.00 milli
		[0.00%] Applying stored bound-tightening: 6 milli
		[0.21%] SMT core: 595 milli
		[2.65%] Symbolic Bound Tightening: 7437 milli
		[23.09%] SoI-based local search: 64798 milli
		[0.00%] SoI-based local search: 0 milli
		[5.05%] Unaccounted for: 14183 milli
	--- Preprocessor Statistics ---
	Number of preprocessor bound-tightening loop iterations: 3
	Number of eliminated variables: 115
	Number of constraints removed due to variable elimination: 115
	Number of equations removed due to variable elimination: 0
	--- Engine Statistics ---
	Number of main loop iterations: 90000
		88672 iterations were simplex steps. Total time: 136036 milli. Average: 1.53 milli.
		0 iterations were constraint-fixing steps. Total time: 0 milli. Average: 0.00 milli
	Number of active piecewise-linear constraints: 79 / 141
		Constraints disabled by valid splits: 0. By SMT-originated splits: 62
	Last reported degradation: 0.0000000000. Max degradation so far: 0.5887365031. Restorations so far: 2
	Number of simplex pivots we attempted to skip because of instability: 5.
	Unstable pivots performed anyway: 0
	--- Tableau Statistics ---
	Total number of pivots performed: 77729
		Real pivots: 77615. Degenerate: 114 (0.15%)
		Degenerate pivots by request (e.g., to fix a PL constraint): 0 (0.00%)
		Average time per pivot: 0.30 milli
	Total number of fake pivots performed: 4545
	Total number of rows added: 0. Number of merged columns: 0
	Current tableau dimensions: M = 705, N = 2063
	--- SMT Core Statistics ---
	Total depth is 62. Total visited states: 933. Number of splits: 496. Number of pops: 436
	Max stack depth: 73
	--- Bound Tightening Statistics ---
	Number of tightened bounds: 164250.
		Number of rows examined by row tightener: 77729. Consequent tightenings: 5532
		Number of explicit basis matrices examined by row tightener: 446. Consequent tightenings: 12725
		Number of bound tightening rounds on the entire constraint matrix: 0. Consequent tightenings: 0
		Number of bound notifications sent to PL constraints: 15962. Tightenings proposed: 0
	--- Basis Factorization statistics ---
	Number of basis refactorizations: 657
	--- Projected Steepest Edge Statistics ---
	Number of iterations: 82279.
	Number of resets to reference space: 471. Avg. iterations per reset: 174
	--- SBT ---
	Number of tightened bounds: 164635
	--- SoI-based local search ---
	Number of proposed phase pattern update: 2584. Number of accepted update: 2087 [80.77%]
	Total time (% of local search time) updating SoI phase pattern : 168933 milli [0.26%]
	Total time obtaining current assignment: 628231 milli [0.97%]
	Total time getting SoI phase pattern : 80543 milli [0.03%]
	--- Context dependent statistics ---
	Number of pushes / pops: 932 / 870
		[0.01%] Pre-Push hook: 39 milli
		[0.00%] Push : 0 milli
		[0.01%] Post-Pop hook: 32 milli
		[0.01%] Pop : 27 milli
		[0.04%] Total context-switching time: 99 milli
	--- Proof Certificate ---
	Number of certified leaves: 0
	Number of leaves to delegate: 0


Engine: quitting due to timeout...

Final statistics:

00:49:38 Statistics update:
	--- Time Statistics ---
	Total time elapsed: 301000 milli (00:05:01)
		Main loop: 300482 milli (00:05:00)
		Preprocessing time: 195 milli (00:00:00)
		Unknown: 323 milli (00:00:00)
	Breakdown for main loop:
		[48.32%] Simplex steps: 145205 milli
		[42.87%] Explicit-basis bound tightening: 128814 milli
		[0.00%] Constraint-matrix bound tightening: 0 milli
		[0.64%] Degradation checking: 1936 milli
		[0.19%] Precision restoration: 565 milli
		[0.03%] Statistics handling: 94 milli
		[0.00%] Constraint-fixing steps: 0 milli
		[0.00%] Valid case splits: 6 milli. Average per split: 0.00 milli
		[0.00%] Applying stored bound-tightening: 7 milli
		[0.21%] SMT core: 644 milli
		[2.66%] Symbolic Bound Tightening: 7979 milli
		[22.91%] SoI-based local search: 68850 milli
		[0.00%] SoI-based local search: 0 milli
		[5.07%] Unaccounted for: 15227 milli
	--- Preprocessor Statistics ---
	Number of preprocessor bound-tightening loop iterations: 3
	Number of eliminated variables: 115
	Number of constraints removed due to variable elimination: 115
	Number of equations removed due to variable elimination: 0
	--- Engine Statistics ---
	Number of main loop iterations: 95997
		94588 iterations were simplex steps. Total time: 145205 milli. Average: 1.54 milli.
		0 iterations were constraint-fixing steps. Total time: 0 milli. Average: 0.00 milli
	Number of active piecewise-linear constraints: 79 / 141
		Constraints disabled by valid splits: 5. By SMT-originated splits: 57
	Last reported degradation: 0.0000000000. Max degradation so far: 0.5887365031. Restorations so far: 2
	Number of simplex pivots we attempted to skip because of instability: 5.
	Unstable pivots performed anyway: 0
	--- Tableau Statistics ---
	Total number of pivots performed: 82827
		Real pivots: 82710. Degenerate: 117 (0.14%)
		Degenerate pivots by request (e.g., to fix a PL constraint): 0 (0.00%)
		Average time per pivot: 0.30 milli
	Total number of fake pivots performed: 4825
	Total number of rows added: 0. Number of merged columns: 0
	Current tableau dimensions: M = 705, N = 2063
	--- SMT Core Statistics ---
	Total depth is 57. Total visited states: 1001. Number of splits: 527. Number of pops: 473
	Max stack depth: 73
	--- Bound Tightening Statistics ---
	Number of tightened bounds: 176260.
		Number of rows examined by row tightener: 82827. Consequent tightenings: 6004
		Number of explicit basis matrices examined by row tightener: 478. Consequent tightenings: 15030
		Number of bound tightening rounds on the entire constraint matrix: 0. Consequent tightenings: 0
		Number of bound notifications sent to PL constraints: 17949. Tightenings proposed: 0
	--- Basis Factorization statistics ---
	Number of basis refactorizations: 700
	--- Projected Steepest Edge Statistics ---
	Number of iterations: 87657.
	Number of resets to reference space: 508. Avg. iterations per reset: 172
	--- SBT ---
	Number of tightened bounds: 176645
	--- SoI-based local search ---
	Number of proposed phase pattern update: 2805. Number of accepted update: 2277 [81.18%]
	Total time (% of local search time) updating SoI phase pattern : 179591 milli [0.26%]
	Total time obtaining current assignment: 679816 milli [0.99%]
	Total time getting SoI phase pattern : 86853 milli [0.03%]
	--- Context dependent statistics ---
	Number of pushes / pops: 1000 / 943
		[0.01%] Pre-Push hook: 42 milli
		[0.00%] Push : 0 milli
		[0.01%] Post-Pop hook: 35 milli
		[0.01%] Pop : 28 milli
		[0.04%] Total context-switching time: 106 milli
	--- Proof Certificate ---
	Number of certified leaves: 0
	Number of leaves to delegate: 0
Timeout
