InputQuery: /home/levn/Workspace/othello_world/queries/probe_robust/group_7/game_95_target_35_eps_0.1.txt
Engine::processInputQuery: Input query (before preprocessing): 449 equations, 1216 variables
Engine::processInputQuery: Input query (after preprocessing): 705 equations, 1351 variables

Input bounds:
	x0: [  2.0669,   2.2669] 
	x1: [  1.1571,   1.3571] 
	x2: [ -1.9106,  -1.7106] 
	x3: [  0.3586,   0.5586] 
	x4: [  1.5829,   1.7829] 
	x5: [  1.5623,   1.7623] 
	x6: [  0.1268,   0.3268] 
	x7: [ -3.2485,  -3.0485] 
	x8: [  1.3361,   1.5361] 
	x9: [  2.3645,   2.5645] 
	x10: [  2.1125,   2.3125] 
	x11: [ -3.5167,  -3.3167] 
	x12: [ -2.0011,  -1.8011] 
	x13: [ -1.1190,  -0.9190] 
	x14: [  2.0147,   2.2147] 
	x15: [ -1.3986,  -1.1986] 
	x16: [ -0.7452,  -0.5452] 
	x17: [  1.0802,   1.2802] 
	x18: [ -2.1261,  -1.9261] 
	x19: [ -0.5595,  -0.3595] 
	x20: [ -0.6064,  -0.4064] 
	x21: [  0.5282,   0.7282] 
	x22: [ -1.0330,  -0.8330] 
	x23: [ -0.2062,  -0.0062] 
	x24: [ -2.3712,  -2.1712] 
	x25: [  1.4342,   1.6342] 
	x26: [  0.9993,   1.1993] 
	x27: [ -0.2143,  -0.0143] 
	x28: [ -0.2464,  -0.0464] 
	x29: [  1.8648,   2.0648] 
	x30: [  0.2791,   0.4791] 
	x31: [  2.2191,   2.4191] 
	x32: [ -1.3468,  -1.1468] 
	x33: [  0.9055,   1.1055] 
	x34: [  0.3003,   0.5003] 
	x35: [ -0.8888,  -0.6888] 
	x36: [  1.8787,   2.0787] 
	x37: [  0.1978,   0.3978] 
	x38: [ -0.2649,  -0.0649] 
	x39: [ -3.4486,  -3.2486] 
	x40: [  0.4144,   0.6144] 
	x41: [  1.5206,   1.7206] 
	x42: [  1.8662,   2.0662] 
	x43: [ -0.3390,  -0.1390] 
	x44: [ -1.9577,  -1.7577] 
	x45: [ -0.5400,  -0.3400] 
	x46: [ -0.4372,  -0.2372] 
	x47: [ -1.0447,  -0.8447] 
	x48: [  1.1117,   1.3117] 
	x49: [ -0.7097,  -0.5097] 
	x50: [  0.5361,   0.7361] 
	x51: [  0.9298,   1.1298] 
	x52: [ -0.2842,  -0.0842] 
	x53: [ -1.9365,  -1.7365] 
	x54: [  1.4091,   1.6091] 
	x55: [  2.8405,   3.0405] 
	x56: [ -0.4843,  -0.2843] 
	x57: [  0.3867,   0.5867] 
	x58: [ -2.5707,  -2.3707] 
	x59: [ -4.0455,  -3.8455] 
	x60: [ -0.1086,   0.0914] 
	x61: [ -0.0432,   0.1568] 
	x62: [ -1.8331,  -1.6331] 
	x63: [ -0.7540,  -0.5540] 
	x64: [ -3.0568,  -2.8568] 
	x65: [ -2.7031,  -2.5031] 
	x66: [ -2.4499,  -2.2499] 
	x67: [ -2.9644,  -2.7644] 
	x68: [ -0.9154,  -0.7154] 
	x69: [  1.1374,   1.3374] 
	x70: [ -2.5008,  -2.3008] 
	x71: [ -0.2677,  -0.0677] 
	x72: [ -1.8648,  -1.6648] 
	x73: [ -0.9361,  -0.7361] 
	x74: [ -3.5004,  -3.3004] 
	x75: [ -2.5293,  -2.3293] 
	x76: [ -2.8645,  -2.6645] 
	x77: [  1.5955,   1.7955] 
	x78: [  0.9610,   1.1610] 
	x79: [  2.2862,   2.4862] 
	x80: [ -0.1443,   0.0557] 
	x81: [  0.1350,   0.3350] 
	x82: [ -0.9357,  -0.7357] 
	x83: [ -0.0191,   0.1809] 
	x84: [ -0.7738,  -0.5738] 
	x85: [  0.5996,   0.7996] 
	x86: [  1.3653,   1.5653] 
	x87: [  1.9500,   2.1500] 
	x88: [ -1.2836,  -1.0836] 
	x89: [  4.2354,   4.4354] 
	x90: [ -0.9998,  -0.7998] 
	x91: [  1.0296,   1.2296] 
	x92: [ -3.4290,  -3.2290] 
	x93: [ -0.7969,  -0.5969] 
	x94: [ -0.8578,  -0.6578] 
	x95: [  1.0320,   1.2320] 
	x96: [  0.4299,   0.6299] 
	x97: [  1.1621,   1.3621] 
	x98: [  0.6930,   0.8930] 
	x99: [  0.7963,   0.9963] 
	x100: [ -0.1734,   0.0266] 
	x101: [ -0.9844,  -0.7844] 
	x102: [  0.4182,   0.6182] 
	x103: [  0.1358,   0.3358] 
	x104: [ -0.5314,  -0.3314] 
	x105: [ -0.4446,  -0.2446] 
	x106: [  0.7250,   0.9250] 
	x107: [ -0.2132,  -0.0132] 
	x108: [  1.8859,   2.0859] 
	x109: [  1.3269,   1.5269] 
	x110: [ -0.2099,  -0.0099] 
	x111: [  0.3079,   0.5079] 
	x112: [  1.3985,   1.5985] 
	x113: [  0.4676,   0.6676] 
	x114: [  0.3142,   0.5142] 
	x115: [  1.0611,   1.2611] 
	x116: [  0.3911,   0.5911] 
	x117: [ -2.2320,  -2.0320] 
	x118: [  0.7695,   0.9695] 
	x119: [ -0.8038,  -0.6038] 
	x120: [  0.3058,   0.5058] 
	x121: [ -1.8701,  -1.6701] 
	x122: [  1.9681,   2.1681] 
	x123: [ -1.6107,  -1.4107] 
	x124: [  1.7829,   1.9829] 
	x125: [  0.4578,   0.6578] 
	x126: [  0.0193,   0.2193] 
	x127: [  0.8104,   1.0104] 
	x128: [  0.3867,   0.5867] 
	x129: [  0.9587,   1.1587] 
	x130: [  0.7060,   0.9060] 
	x131: [  0.1754,   0.3754] 
	x132: [ -2.1952,  -1.9952] 
	x133: [  0.5726,   0.7726] 
	x134: [ -0.5034,  -0.3034] 
	x135: [ -2.2874,  -2.0874] 
	x136: [  0.4800,   0.6800] 
	x137: [ -2.4358,  -2.2358] 
	x138: [  1.7073,   1.9073] 
	x139: [ -1.9084,  -1.7084] 
	x140: [ -0.4191,  -0.2191] 
	x141: [  0.6125,   0.8125] 
	x142: [  2.1540,   2.3540] 
	x143: [  2.0230,   2.2230] 
	x144: [ -0.7409,  -0.5409] 
	x145: [  4.3897,   4.5897] 
	x146: [ -0.8002,  -0.6002] 
	x147: [ -0.3025,  -0.1025] 
	x148: [  2.7602,   2.9602] 
	x149: [ -0.0737,   0.1263] 
	x150: [  0.9516,   1.1516] 
	x151: [  3.6312,   3.8312] 
	x152: [ -0.1289,   0.0711] 
	x153: [ -1.3336,  -1.1336] 
	x154: [  1.9611,   2.1611] 
	x155: [ -0.7258,  -0.5258] 
	x156: [  0.4975,   0.6975] 
	x157: [  0.1217,   0.3217] 
	x158: [ -1.5884,  -1.3884] 
	x159: [ -1.3631,  -1.1631] 
	x160: [ -2.9211,  -2.7211] 
	x161: [  0.8717,   1.0717] 
	x162: [ -1.5588,  -1.3588] 
	x163: [ -1.6167,  -1.4167] 
	x164: [ -3.1916,  -2.9916] 
	x165: [ -0.4577,  -0.2577] 
	x166: [  0.8684,   1.0684] 
	x167: [  1.1141,   1.3141] 
	x168: [ -0.4706,  -0.2706] 
	x169: [  0.6955,   0.8955] 
	x170: [ -0.8646,  -0.6646] 
	x171: [  1.0191,   1.2191] 
	x172: [ -1.4640,  -1.2640] 
	x173: [ -0.2538,  -0.0538] 
	x174: [ -1.6595,  -1.4595] 
	x175: [  0.7042,   0.9042] 
	x176: [ -0.3308,  -0.1308] 
	x177: [  1.0360,   1.2360] 
	x178: [ -0.0128,   0.1872] 
	x179: [ -2.2222,  -2.0222] 
	x180: [  2.5142,   2.7142] 
	x181: [ -1.3338,  -1.1338] 
	x182: [ -0.6199,  -0.4199] 
	x183: [ -1.1830,  -0.9830] 
	x184: [ -3.1966,  -2.9966] 
	x185: [ -1.8187,  -1.6187] 
	x186: [ -0.1469,   0.0531] 
	x187: [  0.4849,   0.6849] 
	x188: [  1.3677,   1.5677] 
	x189: [ -3.0587,  -2.8587] 
	x190: [  0.5699,   0.7699] 
	x191: [  0.5425,   0.7425] 
	x192: [  0.7689,   0.9689] 
	x193: [ -1.4551,  -1.2551] 
	x194: [ -2.6735,  -2.4735] 
	x195: [ -0.0124,   0.1876] 
	x196: [ -1.5540,  -1.3540] 
	x197: [  0.6796,   0.8796] 
	x198: [ -1.3954,  -1.1954] 
	x199: [ -0.2866,  -0.0866] 
	x200: [ -0.4211,  -0.2211] 
	x201: [  1.5855,   1.7855] 
	x202: [  0.5612,   0.7612] 
	x203: [ -3.1396,  -2.9396] 
	x204: [ -0.8073,  -0.6073] 
	x205: [  1.9882,   2.1882] 
	x206: [  0.5348,   0.7348] 
	x207: [ -0.7297,  -0.5297] 
	x208: [ -0.3633,  -0.1633] 
	x209: [ -2.1154,  -1.9154] 
	x210: [ -0.1743,   0.0257] 
	x211: [ -3.0929,  -2.8929] 
	x212: [ -0.7246,  -0.5246] 
	x213: [ -2.0318,  -1.8318] 
	x214: [ -1.3706,  -1.1706] 
	x215: [  2.6548,   2.8548] 
	x216: [ -1.0273,  -0.8273] 
	x217: [ -1.6862,  -1.4862] 
	x218: [  0.4189,   0.6189] 
	x219: [  2.0953,   2.2953] 
	x220: [ -2.9996,  -2.7996] 
	x221: [ -0.9248,  -0.7248] 
	x222: [ -0.5308,  -0.3308] 
	x223: [  2.1761,   2.3761] 
	x224: [ -1.3819,  -1.1819] 
	x225: [  1.7345,   1.9345] 
	x226: [ -1.3664,  -1.1664] 
	x227: [ -2.7867,  -2.5867] 
	x228: [  0.3253,   0.5253] 
	x229: [  1.7200,   1.9200] 
	x230: [  2.1594,   2.3594] 
	x231: [  0.9431,   1.1431] 
	x232: [ -3.6791,  -3.4791] 
	x233: [  1.4927,   1.6927] 
	x234: [  1.3378,   1.5378] 
	x235: [  2.4369,   2.6369] 
	x236: [  2.7525,   2.9525] 
	x237: [ -2.3785,  -2.1785] 
	x238: [  0.1409,   0.3409] 
	x239: [  0.6439,   0.8439] 
	x240: [  1.5176,   1.7176] 
	x241: [  0.5433,   0.7433] 
	x242: [  0.6977,   0.8977] 
	x243: [  2.9756,   3.1756] 
	x244: [  0.3851,   0.5851] 
	x245: [  0.7467,   0.9467] 
	x246: [  0.9600,   1.1600] 
	x247: [  1.4306,   1.6306] 
	x248: [ -1.1580,  -0.9580] 
	x249: [ -1.0829,  -0.8829] 
	x250: [ -2.1379,  -1.9379] 
	x251: [ -0.5036,  -0.3036] 
	x252: [ -2.3802,  -2.1802] 
	x253: [ -0.4047,  -0.2047] 
	x254: [ -1.7905,  -1.5905] 
	x255: [ -1.5454,  -1.3454] 
	x256: [  2.0241,   2.2241] 
	x257: [  0.2205,   0.4205] 
	x258: [  0.5288,   0.7288] 
	x259: [ -2.2684,  -2.0684] 
	x260: [  4.3761,   4.5761] 
	x261: [  0.7398,   0.9398] 
	x262: [ -0.3415,  -0.1415] 
	x263: [  0.7793,   0.9793] 
	x264: [ -0.4612,  -0.2612] 
	x265: [  1.7319,   1.9319] 
	x266: [ -0.4879,  -0.2879] 
	x267: [ -0.7493,  -0.5493] 
	x268: [ -1.4584,  -1.2584] 
	x269: [ -2.4198,  -2.2198] 
	x270: [ -0.3625,  -0.1625] 
	x271: [  0.4669,   0.6669] 
	x272: [ -2.1614,  -1.9614] 
	x273: [ -1.2332,  -1.0332] 
	x274: [  1.4140,   1.6140] 
	x275: [  1.0174,   1.2174] 
	x276: [ -2.9095,  -2.7095] 
	x277: [  1.2082,   1.4082] 
	x278: [ -1.3572,  -1.1572] 
	x279: [  3.7805,   3.9805] 
	x280: [ -0.0359,   0.1641] 
	x281: [ -1.0711,  -0.8711] 
	x282: [ -2.8781,  -2.6781] 
	x283: [ -0.4922,  -0.2922] 
	x284: [ -2.6273,  -2.4273] 
	x285: [ -0.6769,  -0.4769] 
	x286: [  0.9450,   1.1450] 
	x287: [  0.3400,   0.5400] 
	x288: [ -1.6128,  -1.4128] 
	x289: [  4.0123,   4.2123] 
	x290: [ -1.3920,  -1.1920] 
	x291: [  1.2433,   1.4433] 
	x292: [  1.8945,   2.0945] 
	x293: [ -0.7168,  -0.5168] 
	x294: [  1.4564,   1.6564] 
	x295: [ -1.5144,  -1.3144] 
	x296: [ -2.8238,  -2.6238] 
	x297: [  0.9122,   1.1122] 
	x298: [  0.1971,   0.3971] 
	x299: [  0.2094,   0.4094] 
	x300: [ -1.0494,  -0.8494] 
	x301: [  1.4909,   1.6909] 
	x302: [  1.7780,   1.9780] 
	x303: [  0.6007,   0.8007] 
	x304: [  0.1914,   0.3914] 
	x305: [  0.0494,   0.2494] 
	x306: [  1.4296,   1.6296] 
	x307: [ -0.3777,  -0.1777] 
	x308: [ -1.1060,  -0.9060] 
	x309: [ -0.4000,  -0.2000] 
	x310: [  0.3561,   0.5561] 
	x311: [  1.1884,   1.3884] 
	x312: [  0.9949,   1.1949] 
	x313: [  0.7352,   0.9352] 
	x314: [ -1.8453,  -1.6453] 
	x315: [ -1.1378,  -0.9378] 
	x316: [  0.6870,   0.8870] 
	x317: [ -0.0001,   0.1999] 
	x318: [  0.0500,   0.2500] 
	x319: [ -0.2197,  -0.0197] 
	x320: [  2.9426,   3.1426] 
	x321: [  0.9940,   1.1940] 
	x322: [ -1.7022,  -1.5022] 
	x323: [  1.2190,   1.4190] 
	x324: [ -0.8464,  -0.6464] 
	x325: [ -2.6415,  -2.4415] 
	x326: [ -1.5466,  -1.3466] 
	x327: [ -0.6174,  -0.4174] 
	x328: [ -0.9932,  -0.7932] 
	x329: [  0.5547,   0.7547] 
	x330: [  1.5828,   1.7828] 
	x331: [ -0.7503,  -0.5503] 
	x332: [  2.3458,   2.5458] 
	x333: [ -0.6929,  -0.4929] 
	x334: [ -0.0061,   0.1939] 
	x335: [  0.3512,   0.5512] 
	x336: [ -0.8623,  -0.6623] 
	x337: [  0.9712,   1.1712] 
	x338: [ -0.3504,  -0.1504] 
	x339: [  1.3113,   1.5113] 
	x340: [  0.5886,   0.7886] 
	x341: [  0.3701,   0.5701] 
	x342: [  0.0136,   0.2136] 
	x343: [  1.2415,   1.4415] 
	x344: [ -0.0044,   0.1956] 
	x345: [ -1.0014,  -0.8014] 
	x346: [  2.1763,   2.3763] 
	x347: [ -0.6411,  -0.4411] 
	x348: [ -0.2485,  -0.0485] 
	x349: [  1.2964,   1.4964] 
	x350: [ -0.9745,  -0.7745] 
	x351: [  0.0754,   0.2754] 
	x352: [ -2.2712,  -2.0712] 
	x353: [  0.6121,   0.8121] 
	x354: [ -1.3044,  -1.1044] 
	x355: [  2.0022,   2.2022] 
	x356: [  0.1782,   0.3782] 
	x357: [  1.4381,   1.6381] 
	x358: [  0.8418,   1.0418] 
	x359: [  0.0229,   0.2229] 
	x360: [ -3.0683,  -2.8683] 
	x361: [  0.2346,   0.4346] 
	x362: [  1.8101,   2.0101] 
	x363: [  0.1296,   0.3296] 
	x364: [ -0.8239,  -0.6239] 
	x365: [  0.3478,   0.5478] 
	x366: [ -0.2498,  -0.0498] 
	x367: [ -1.8756,  -1.6756] 
	x368: [  0.3904,   0.5904] 
	x369: [ -0.8721,  -0.6721] 
	x370: [ -1.5698,  -1.3698] 
	x371: [ -2.1901,  -1.9901] 
	x372: [ -0.4403,  -0.2403] 
	x373: [  1.6692,   1.8692] 
	x374: [ -1.2379,  -1.0379] 
	x375: [ -3.9874,  -3.7874] 
	x376: [ -3.1176,  -2.9176] 
	x377: [  0.1371,   0.3371] 
	x378: [ -2.1309,  -1.9309] 
	x379: [  1.9162,   2.1162] 
	x380: [  0.1600,   0.3600] 
	x381: [ -1.5273,  -1.3273] 
	x382: [ -1.4996,  -1.2996] 
	x383: [ -1.0842,  -0.8842] 
	x384: [  1.2603,   1.4603] 
	x385: [  1.7107,   1.9107] 
	x386: [  0.2410,   0.4410] 
	x387: [ -0.2454,  -0.0454] 
	x388: [ -2.3351,  -2.1351] 
	x389: [  1.0926,   1.2926] 
	x390: [ -0.3172,  -0.1172] 
	x391: [  0.1379,   0.3379] 
	x392: [ -1.2035,  -1.0035] 
	x393: [ -2.4910,  -2.2910] 
	x394: [  1.5142,   1.7142] 
	x395: [  2.3305,   2.5305] 
	x396: [ -0.5340,  -0.3340] 
	x397: [ -1.2020,  -1.0020] 
	x398: [ -0.1083,   0.0917] 
	x399: [ -0.6463,  -0.4463] 
	x400: [  1.8786,   2.0786] 
	x401: [ -0.7554,  -0.5554] 
	x402: [ -0.3803,  -0.1803] 
	x403: [ -1.1820,  -0.9820] 
	x404: [  0.3539,   0.5539] 
	x405: [ -1.9313,  -1.7313] 
	x406: [ -0.6712,  -0.4712] 
	x407: [  0.0084,   0.2084] 
	x408: [  1.3391,   1.5391] 
	x409: [ -0.4513,  -0.2513] 
	x410: [ -1.4357,  -1.2357] 
	x411: [ -2.4803,  -2.2803] 
	x412: [ -1.2938,  -1.0938] 
	x413: [ -2.9966,  -2.7966] 
	x414: [ -0.0184,   0.1816] 
	x415: [ -1.2235,  -1.0235] 
	x416: [  1.9270,   2.1270] 
	x417: [ -0.5031,  -0.3031] 
	x418: [  0.3644,   0.5644] 
	x419: [ -1.9390,  -1.7390] 
	x420: [ -0.4971,  -0.2971] 
	x421: [ -0.7578,  -0.5578] 
	x422: [  2.6447,   2.8447] 
	x423: [  1.8899,   2.0899] 
	x424: [ -2.0589,  -1.8589] 
	x425: [  1.0366,   1.2366] 
	x426: [  0.5552,   0.7552] 
	x427: [  2.5053,   2.7053] 
	x428: [  0.4976,   0.6976] 
	x429: [  3.3898,   3.5898] 
	x430: [ -0.0939,   0.1061] 
	x431: [ -1.2283,  -1.0283] 
	x432: [  0.9248,   1.1248] 
	x433: [ -2.1379,  -1.9379] 
	x434: [ -0.9369,  -0.7369] 
	x435: [  1.3983,   1.5983] 
	x436: [ -1.6092,  -1.4092] 
	x437: [ -0.5732,  -0.3732] 
	x438: [  0.3748,   0.5748] 
	x439: [ -2.1033,  -1.9033] 
	x440: [ -0.9429,  -0.7429] 
	x441: [  0.2716,   0.4716] 
	x442: [ -0.7086,  -0.5086] 
	x443: [ -1.1980,  -0.9980] 
	x444: [  0.6968,   0.8968] 
	x445: [ -0.0244,   0.1756] 
	x446: [  0.8762,   1.0762] 
	x447: [ -0.6261,  -0.4261] 
	x448: [ -2.6970,  -2.4970] 
	x449: [  2.0974,   2.2974] 
	x450: [ -0.4322,  -0.2322] 
	x451: [ -0.0251,   0.1749] 
	x452: [  1.1190,   1.3190] 
	x453: [  0.2881,   0.4881] 
	x454: [ -0.3789,  -0.1789] 
	x455: [ -4.0280,  -3.8280] 
	x456: [ -0.4182,  -0.2182] 
	x457: [  1.1142,   1.3142] 
	x458: [ -1.1086,  -0.9086] 
	x459: [ -0.3919,  -0.1919] 
	x460: [  1.4153,   1.6153] 
	x461: [  1.2312,   1.4312] 
	x462: [  1.7940,   1.9940] 
	x463: [ -2.4178,  -2.2178] 
	x464: [  1.2816,   1.4816] 
	x465: [  2.2484,   2.4484] 
	x466: [ -0.4767,  -0.2767] 
	x467: [  0.8889,   1.0889] 
	x468: [ -1.8100,  -1.6100] 
	x469: [ -1.4304,  -1.2304] 
	x470: [ -0.6260,  -0.4260] 
	x471: [ -0.1781,   0.0219] 
	x472: [  0.4409,   0.6409] 
	x473: [  1.2314,   1.4314] 
	x474: [  1.4475,   1.6475] 
	x475: [ -0.2656,  -0.0656] 
	x476: [  0.3600,   0.5600] 
	x477: [ -0.1909,   0.0091] 
	x478: [ -1.5999,  -1.3999] 
	x479: [ -0.4688,  -0.2688] 
	x480: [  1.4060,   1.6060] 
	x481: [ -0.2098,  -0.0098] 
	x482: [ -2.5678,  -2.3678] 
	x483: [ -0.7770,  -0.5770] 
	x484: [  0.0780,   0.2780] 
	x485: [  3.5092,   3.7092] 
	x486: [ -1.0735,  -0.8735] 
	x487: [  2.3078,   2.5078] 
	x488: [ -2.1316,  -1.9316] 
	x489: [  1.7310,   1.9310] 
	x490: [ -2.7494,  -2.5494] 
	x491: [ -2.5717,  -2.3717] 
	x492: [  0.1992,   0.3992] 
	x493: [ -0.0113,   0.1887] 
	x494: [  0.5341,   0.7341] 
	x495: [ -0.6541,  -0.4541] 
	x496: [ -1.1667,  -0.9667] 
	x497: [ -0.4576,  -0.2576] 
	x498: [  1.5734,   1.7734] 
	x499: [  1.2003,   1.4003] 
	x500: [ -2.4353,  -2.2353] 
	x501: [  0.3763,   0.5763] 
	x502: [  2.0128,   2.2128] 
	x503: [  0.9664,   1.1664] 
	x504: [  0.0938,   0.2938] 
	x505: [ -1.7710,  -1.5710] 
	x506: [  3.0657,   3.2657] 
	x507: [ -1.6907,  -1.4907] 
	x508: [  1.7552,   1.9552] 
	x509: [  0.2696,   0.4696] 
	x510: [ -1.2579,  -1.0579] 
	x511: [ -1.2482,  -1.0482] 

Branching heuristics set to PseudoImpact

Engine::solve: Initial statistics

00:55:58 Statistics update:
	--- Time Statistics ---
	Total time elapsed: 458 milli (00:00:00)
		Main loop: 0 milli (00:00:00)
		Preprocessing time: 200 milli (00:00:00)
		Unknown: 257 milli (00:00:00)
	Breakdown for main loop:
		[0.00%] Simplex steps: 0 milli
		[0.00%] Explicit-basis bound tightening: 0 milli
		[0.00%] Constraint-matrix bound tightening: 0 milli
		[0.00%] Degradation checking: 0 milli
		[0.00%] Precision restoration: 0 milli
		[0.00%] Statistics handling: 0 milli
		[0.00%] Constraint-fixing steps: 0 milli
		[0.00%] Valid case splits: 0 milli. Average per split: 0.00 milli
		[0.00%] Applying stored bound-tightening: 0 milli
		[0.00%] SMT core: 0 milli
		[0.00%] Symbolic Bound Tightening: 12 milli
		[0.00%] SoI-based local search: 0 milli
		[0.00%] SoI-based local search: 0 milli
		[0.00%] Unaccounted for: 0 milli
	--- Preprocessor Statistics ---
	Number of preprocessor bound-tightening loop iterations: 3
	Number of eliminated variables: 122
	Number of constraints removed due to variable elimination: 122
	Number of equations removed due to variable elimination: 0
	--- Engine Statistics ---
	Number of main loop iterations: 1
		0 iterations were simplex steps. Total time: 0 milli. Average: 0.00 milli.
		0 iterations were constraint-fixing steps. Total time: 0 milli. Average: 0.00 milli
	Number of active piecewise-linear constraints: 134 / 134
		Constraints disabled by valid splits: 0. By SMT-originated splits: 0
	Last reported degradation: 0.0000000000. Max degradation so far: 0.0000000000. Restorations so far: 0
	Number of simplex pivots we attempted to skip because of instability: 0.
	Unstable pivots performed anyway: 0
	--- Tableau Statistics ---
	Total number of pivots performed: 0
		Real pivots: 0. Degenerate: 0 (0.00%)
		Degenerate pivots by request (e.g., to fix a PL constraint): 0 (0.00%)
		Average time per pivot: 0.00 milli
	Total number of fake pivots performed: 0
	Total number of rows added: 0. Number of merged columns: 0
	Current tableau dimensions: M = 705, N = 2056
	--- SMT Core Statistics ---
	Total depth is 0. Total visited states: 1. Number of splits: 0. Number of pops: 0
	Max stack depth: 0
	--- Bound Tightening Statistics ---
	Number of tightened bounds: 0.
		Number of rows examined by row tightener: 0. Consequent tightenings: 0
		Number of explicit basis matrices examined by row tightener: 0. Consequent tightenings: 0
		Number of bound tightening rounds on the entire constraint matrix: 0. Consequent tightenings: 0
		Number of bound notifications sent to PL constraints: 804. Tightenings proposed: 0
	--- Basis Factorization statistics ---
	Number of basis refactorizations: 2
	--- Projected Steepest Edge Statistics ---
	Number of iterations: 0.
	Number of resets to reference space: 1. Avg. iterations per reset: 0
	--- SBT ---
	Number of tightened bounds: 385
	--- SoI-based local search ---
	Number of proposed phase pattern update: 0. Number of accepted update: 0 [0.00%]
	Total time (% of local search time) updating SoI phase pattern : 0 milli [0.00%]
	Total time obtaining current assignment: 0 milli [0.00%]
	Total time getting SoI phase pattern : 0 milli [0.00%]
	--- Context dependent statistics ---
	Number of pushes / pops: 0 / 0
		[0.00%] Pre-Push hook: 0 milli
		[0.00%] Push : 0 milli
		[0.00%] Post-Pop hook: 0 milli
		[0.00%] Pop : 0 milli
		[0.00%] Total context-switching time: 0 milli
	--- Proof Certificate ---
	Number of certified leaves: 0
	Number of leaves to delegate: 0

---

Engine::solve: sat assignment found

00:56:00 Statistics update:
	--- Time Statistics ---
	Total time elapsed: 1851 milli (00:00:01)
		Main loop: 1393 milli (00:00:01)
		Preprocessing time: 200 milli (00:00:00)
		Unknown: 257 milli (00:00:00)
	Breakdown for main loop:
		[32.18%] Simplex steps: 448 milli
		[66.40%] Explicit-basis bound tightening: 925 milli
		[0.00%] Constraint-matrix bound tightening: 0 milli
		[0.59%] Degradation checking: 8 milli
		[0.00%] Precision restoration: 0 milli
		[0.03%] Statistics handling: 0 milli
		[0.00%] Constraint-fixing steps: 0 milli
		[0.00%] Valid case splits: 0 milli. Average per split: 0.00 milli
		[0.00%] Applying stored bound-tightening: 0 milli
		[0.00%] SMT core: 0 milli
		[1.49%] Symbolic Bound Tightening: 20 milli
		[5.31%] SoI-based local search: 73 milli
		[0.00%] SoI-based local search: 0 milli
		[1323841905643256.00%] Unaccounted for: 0 milli
	--- Preprocessor Statistics ---
	Number of preprocessor bound-tightening loop iterations: 3
	Number of eliminated variables: 122
	Number of constraints removed due to variable elimination: 122
	Number of equations removed due to variable elimination: 0
	--- Engine Statistics ---
	Number of main loop iterations: 438
		436 iterations were simplex steps. Total time: 448 milli. Average: 1.03 milli.
		0 iterations were constraint-fixing steps. Total time: 0 milli. Average: 0.00 milli
	Number of active piecewise-linear constraints: 134 / 134
		Constraints disabled by valid splits: 0. By SMT-originated splits: 0
	Last reported degradation: 0.0000000000. Max degradation so far: 0.0000000000. Restorations so far: 0
	Number of simplex pivots we attempted to skip because of instability: 0.
	Unstable pivots performed anyway: 0
	--- Tableau Statistics ---
	Total number of pivots performed: 421
		Real pivots: 421. Degenerate: 0 (0.00%)
		Degenerate pivots by request (e.g., to fix a PL constraint): 0 (0.00%)
		Average time per pivot: 0.13 milli
	Total number of fake pivots performed: 13
	Total number of rows added: 0. Number of merged columns: 0
	Current tableau dimensions: M = 705, N = 2056
	--- SMT Core Statistics ---
	Total depth is 0. Total visited states: 1. Number of splits: 0. Number of pops: 0
	Max stack depth: 0
	--- Bound Tightening Statistics ---
	Number of tightened bounds: 0.
		Number of rows examined by row tightener: 421. Consequent tightenings: 0
		Number of explicit basis matrices examined by row tightener: 4. Consequent tightenings: 319
		Number of bound tightening rounds on the entire constraint matrix: 0. Consequent tightenings: 0
		Number of bound notifications sent to PL constraints: 1608. Tightenings proposed: 0
	--- Basis Factorization statistics ---
	Number of basis refactorizations: 5
	--- Projected Steepest Edge Statistics ---
	Number of iterations: 434.
	Number of resets to reference space: 1. Avg. iterations per reset: 434
	--- SBT ---
	Number of tightened bounds: 385
	--- SoI-based local search ---
	Number of proposed phase pattern update: 0. Number of accepted update: 1 [0.00%]
	Total time (% of local search time) updating SoI phase pattern : 373 milli [0.50%]
	Total time obtaining current assignment: 152 milli [0.21%]
	Total time getting SoI phase pattern : 52 milli [0.00%]
	--- Context dependent statistics ---
	Number of pushes / pops: 0 / 0
		[0.00%] Pre-Push hook: 0 milli
		[0.00%] Push : 0 milli
		[0.00%] Post-Pop hook: 0 milli
		[0.00%] Pop : 0 milli
		[0.00%] Total context-switching time: 0 milli
	--- Proof Certificate ---
	Number of certified leaves: 0
	Number of leaves to delegate: 0
sat
Input assignment:
	x0 = 2.266879
	x1 = 1.357052
	x2 = -1.910568
	x3 = 0.558650
	x4 = 1.582889
	x5 = 1.762257
	x6 = 0.326809
	x7 = -3.248514
	x8 = 1.336108
	x9 = 2.564484
	x10 = 2.312455
	x11 = -3.516721
	x12 = -1.801078
	x13 = -0.919007
	x14 = 2.014713
	x15 = -1.398571
	x16 = -0.545220
	x17 = 1.189554
	x18 = -2.126115
	x19 = -0.559545
	x20 = -0.606408
	x21 = 0.528197
	x22 = -1.032954
	x23 = -0.206155
	x24 = -2.371163
	x25 = 1.634214
	x26 = 0.999304
	x27 = -0.214252
	x28 = -0.046352
	x29 = 2.064819
	x30 = 0.279098
	x31 = 2.219086
	x32 = -1.146829
	x33 = 0.905480
	x34 = 0.500340
	x35 = -0.688754
	x36 = 2.078673
	x37 = 0.397803
	x38 = -0.064950
	x39 = -3.248576
	x40 = 0.414407
	x41 = 1.720641
	x42 = 2.066165
	x43 = -0.138951
	x44 = -1.957659
	x45 = -0.339957
	x46 = -0.237228
	x47 = -0.844655
	x48 = 1.311728
	x49 = -0.509749
	x50 = 0.736117
	x51 = 1.129764
	x52 = -0.284229
	x53 = -1.936519
	x54 = 1.609096
	x55 = 3.040536
	x56 = -0.284283
	x57 = 0.586678
	x58 = -2.570730
	x59 = -4.045547
	x60 = 0.091352
	x61 = 0.156798
	x62 = -1.764884
	x63 = -0.753966
	x64 = -2.856757
	x65 = -2.503145
	x66 = -2.249859
	x67 = -2.764408
	x68 = -0.915374
	x69 = 1.337447
	x70 = -2.300795
	x71 = -0.067671
	x72 = -1.664753
	x73 = -0.936140
	x74 = -3.300403
	x75 = -2.329318
	x76 = -2.764314
	x77 = 1.595460
	x78 = 1.160970
	x79 = 2.286192
	x80 = -0.144269
	x81 = 0.334985
	x82 = -0.935665
	x83 = -0.019059
	x84 = -0.773777
	x85 = 0.599594
	x86 = 1.565325
	x87 = 2.149980
	x88 = -1.283610
	x89 = 4.435430
	x90 = -0.799836
	x91 = 1.229637
	x92 = -3.428995
	x93 = -0.596938
	x94 = -0.657809
	x95 = 1.031954
	x96 = 0.629871
	x97 = 1.362095
	x98 = 0.692981
	x99 = 0.796345
	x100 = 0.026568
	x101 = -0.984360
	x102 = 0.618200
	x103 = 0.335810
	x104 = -0.531388
	x105 = -0.244599
	x106 = 0.924958
	x107 = -0.013172
	x108 = 2.085886
	x109 = 1.526924
	x110 = -0.209895
	x111 = 0.507937
	x112 = 1.598500
	x113 = 0.467621
	x114 = 0.514177
	x115 = 1.261062
	x116 = 0.391150
	x117 = -2.232034
	x118 = 0.969477
	x119 = -0.803846
	x120 = 0.505797
	x121 = -1.870133
	x122 = 2.168091
	x123 = -1.610705
	x124 = 1.782866
	x125 = 0.657756
	x126 = 0.219251
	x127 = 0.810374
	x128 = 0.386687
	x129 = 1.158651
	x130 = 0.706020
	x131 = 0.175440
	x132 = -2.195175
	x133 = 0.772595
	x134 = -0.303401
	x135 = -2.287360
	x136 = 0.679994
	x137 = -2.435798
	x138 = 1.895356
	x139 = -1.908363
	x140 = -0.419065
	x141 = 0.612465
	x142 = 2.353991
	x143 = 2.223045
	x144 = -0.740862
	x145 = 4.389680
	x146 = -0.600239
	x147 = -0.302490
	x148 = 2.960162
	x149 = 0.126307
	x150 = 0.951562
	x151 = 3.631234
	x152 = -0.128922
	x153 = -1.333615
	x154 = 2.161069
	x155 = -0.725839
	x156 = 0.697528
	x157 = 0.321735
	x158 = -1.588418
	x159 = -1.163102
	x160 = -2.721100
	x161 = 0.871702
	x162 = -1.358809
	x163 = -1.616680
	x164 = -2.991609
	x165 = -0.257740
	x166 = 1.068444
	x167 = 1.314065
	x168 = -0.270605
	x169 = 0.895530
	x170 = -0.664602
	x171 = 1.219126
	x172 = -1.464023
	x173 = -0.253846
	x174 = -1.659540
	x175 = 0.704185
	x176 = -0.330773
	x177 = 1.035985
	x178 = -0.012752
	x179 = -2.222245
	x180 = 2.714249
	x181 = -1.133806
	x182 = -0.619920
	x183 = -0.982961
	x184 = -2.996634
	x185 = -1.618727
	x186 = -0.146930
	x187 = 0.484906
	x188 = 1.367666
	x189 = -2.858720
	x190 = 0.769890
	x191 = 0.542466
	x192 = 0.968907
	x193 = -1.455126
	x194 = -2.473532
	x195 = 0.187599
	x196 = -1.554007
	x197 = 0.679643
	x198 = -1.395406
	x199 = -0.086576
	x200 = -0.421115
	x201 = 1.585527
	x202 = 0.561247
	x203 = -2.939642
	x204 = -0.607326
	x205 = 2.188246
	x206 = 0.734761
	x207 = -0.529725
	x208 = -0.163324
	x209 = -2.115380
	x210 = 0.025729
	x211 = -2.892901
	x212 = -0.724607
	x213 = -2.031815
	x214 = -1.170632
	x215 = 2.854786
	x216 = -0.827251
	x217 = -1.686158
	x218 = 0.618920
	x219 = 2.295257
	x220 = -2.799587
	x221 = -0.924789
	x222 = -0.330780
	x223 = 2.376050
	x224 = -1.181900
	x225 = 1.934474
	x226 = -1.166372
	x227 = -2.786743
	x228 = 0.325301
	x229 = 1.904700
	x230 = 2.159414
	x231 = 1.143093
	x232 = -3.679137
	x233 = 1.692659
	x234 = 1.337835
	x235 = 2.436934
	x236 = 2.752514
	x237 = -2.378479
	x238 = 0.140858
	x239 = 0.643947
	x240 = 1.517586
	x241 = 0.743279
	x242 = 0.697653
	x243 = 3.175564
	x244 = 0.385119
	x245 = 0.946659
	x246 = 1.159999
	x247 = 1.630558
	x248 = -1.157987
	x249 = -1.082904
	x250 = -2.137851
	x251 = -0.303629
	x252 = -2.380236
	x253 = -0.204652
	x254 = -1.590515
	x255 = -1.345383
	x256 = 2.224078
	x257 = 0.420495
	x258 = 0.528775
	x259 = -2.068439
	x260 = 4.576119
	x261 = 0.939832
	x262 = -0.141477
	x263 = 0.779257
	x264 = -0.261212
	x265 = 1.731892
	x266 = -0.487867
	x267 = -0.549304
	x268 = -1.258442
	x269 = -2.419815
	x270 = -0.362472
	x271 = 0.466853
	x272 = -1.961442
	x273 = -1.033160
	x274 = 1.413969
	x275 = 1.217389
	x276 = -2.709536
	x277 = 1.408241
	x278 = -1.157151
	x279 = 3.780479
	x280 = 0.164082
	x281 = -0.871099
	x282 = -2.878141
	x283 = -0.292248
	x284 = -2.427313
	x285 = -0.676927
	x286 = 0.944987
	x287 = 0.340041
	x288 = -1.412813
	x289 = 4.012315
	x290 = -1.388737
	x291 = 1.443294
	x292 = 1.894499
	x293 = -0.516815
	x294 = 1.456361
	x295 = -1.314388
	x296 = -2.823810
	x297 = 0.912187
	x298 = 0.397145
	x299 = 0.409422
	x300 = -1.049400
	x301 = 1.490914
	x302 = 1.778035
	x303 = 0.600668
	x304 = 0.391381
	x305 = 0.049375
	x306 = 1.629569
	x307 = -0.377673
	x308 = -1.106008
	x309 = -0.400027
	x310 = 0.556095
	x311 = 1.188364
	x312 = 0.994903
	x313 = 0.935150
	x314 = -1.845269
	x315 = -1.137776
	x316 = 0.686954
	x317 = -0.000105
	x318 = 0.049993
	x319 = -0.219742
	x320 = 3.142554
	x321 = 0.994016
	x322 = -1.502249
	x323 = 1.219043
	x324 = -0.846442
	x325 = -2.441455
	x326 = -1.346553
	x327 = -0.417400
	x328 = -0.993174
	x329 = 0.554657
	x330 = 1.782833
	x331 = -0.750269
	x332 = 2.545840
	x333 = -0.692865
	x334 = -0.006051
	x335 = 0.551217
	x336 = -0.662307
	x337 = 0.971169
	x338 = -0.350431
	x339 = 1.311299
	x340 = 0.788579
	x341 = 0.370126
	x342 = 0.013572
	x343 = 1.441517
	x344 = -0.004353
	x345 = -1.001402
	x346 = 2.176259
	x347 = -0.641060
	x348 = -0.248518
	x349 = 1.296385
	x350 = -0.774456
	x351 = 0.275429
	x352 = -2.071218
	x353 = 0.812070
	x354 = -1.304425
	x355 = 2.002233
	x356 = 0.178223
	x357 = 1.438117
	x358 = 1.041808
	x359 = 0.222936
	x360 = -2.868328
	x361 = 0.434637
	x362 = 2.010091
	x363 = 0.329623
	x364 = -0.823930
	x365 = 0.547791
	x366 = -0.049821
	x367 = -1.675604
	x368 = 0.390418
	x369 = -0.872062
	x370 = -1.369764
	x371 = -2.190120
	x372 = -0.440285
	x373 = 1.669219
	x374 = -1.037927
	x375 = -3.787387
	x376 = -2.917639
	x377 = 0.137099
	x378 = -1.930909
	x379 = 2.116242
	x380 = 0.159954
	x381 = -1.327324
	x382 = -1.299627
	x383 = -0.884186
	x384 = 1.260257
	x385 = 1.910732
	x386 = 0.441023
	x387 = -0.245395
	x388 = -2.335141
	x389 = 1.292564
	x390 = -0.117243
	x391 = 0.137926
	x392 = -1.086458
	x393 = -2.491018
	x394 = 1.714193
	x395 = 2.330500
	x396 = -0.333958
	x397 = -1.002010
	x398 = -0.108307
	x399 = -0.646272
	x400 = 2.078552
	x401 = -0.555358
	x402 = -0.380277
	x403 = -1.181972
	x404 = 0.353921
	x405 = -1.731311
	x406 = -0.671153
	x407 = 0.008429
	x408 = 1.339094
	x409 = -0.451299
	x410 = -1.235681
	x411 = -2.280339
	x412 = -1.093777
	x413 = -2.796623
	x414 = 0.181601
	x415 = -1.171703
	x416 = 2.127050
	x417 = -0.503127
	x418 = 0.364357
	x419 = -1.738970
	x420 = -0.297146
	x421 = -0.757770
	x422 = 2.644719
	x423 = 2.089871
	x424 = -2.058858
	x425 = 1.236588
	x426 = 0.755177
	x427 = 2.705285
	x428 = 0.697648
	x429 = 3.389848
	x430 = 0.106070
	x431 = -1.228276
	x432 = 0.924822
	x433 = -2.011934
	x434 = -0.936880
	x435 = 1.598317
	x436 = -1.609239
	x437 = -0.373216
	x438 = 0.374837
	x439 = -2.103276
	x440 = -0.942904
	x441 = 0.271596
	x442 = -0.508583
	x443 = -1.197991
	x444 = 0.696820
	x445 = 0.175601
	x446 = 1.076222
	x447 = -0.626091
	x448 = -2.496990
	x449 = 2.097388
	x450 = -0.232187
	x451 = 0.174894
	x452 = 1.119012
	x453 = 0.488088
	x454 = -0.178905
	x455 = -3.828038
	x456 = -0.418206
	x457 = 1.114156
	x458 = -0.908593
	x459 = -0.191915
	x460 = 1.415285
	x461 = 1.431173
	x462 = 1.794024
	x463 = -2.217811
	x464 = 1.481578
	x465 = 2.448448
	x466 = -0.476733
	x467 = 0.888897
	x468 = -1.610014
	x469 = -1.430353
	x470 = -0.625974
	x471 = -0.178065
	x472 = 0.440851
	x473 = 1.231426
	x474 = 1.447457
	x475 = -0.065647
	x476 = 0.559963
	x477 = 0.009064
	x478 = -1.599922
	x479 = -0.468801
	x480 = 1.406031
	x481 = -0.209850
	x482 = -2.367764
	x483 = -0.576996
	x484 = 0.078002
	x485 = 3.709157
	x486 = -1.073514
	x487 = 2.307847
	x488 = -2.131557
	x489 = 1.930994
	x490 = -2.549371
	x491 = -2.371678
	x492 = 0.199160
	x493 = -0.011348
	x494 = 0.534075
	x495 = -0.454093
	x496 = -1.166731
	x497 = -0.257567
	x498 = 1.573411
	x499 = 1.200336
	x500 = -2.235274
	x501 = 0.576256
	x502 = 2.012808
	x503 = 1.166413
	x504 = 0.093790
	x505 = -1.571021
	x506 = 3.065679
	x507 = -1.490679
	x508 = 1.955248
	x509 = 0.269634
	x510 = -1.257934
	x511 = -1.248180

Output:
	y0 = -5.552905
	y1 = 5.700320
	y2 = -4.607024
	y3 = -10.533926
	y4 = 11.900737
	y5 = -9.557743
	y6 = -5.079457
	y7 = 13.189246
	y8 = -4.778741
	y9 = -6.973012
	y10 = 10.202861
	y11 = -7.515980
	y12 = -4.733910
	y13 = 6.266630
	y14 = -5.265802
	y15 = -5.004781
	y16 = 7.081144
	y17 = -5.812643
	y18 = -4.336141
	y19 = 6.584399
	y20 = -5.446592
	y21 = -6.924865
	y22 = 8.581398
	y23 = -7.650079
	y24 = -8.682665
	y25 = 6.600244
	y26 = -7.430905
	y27 = -6.893889
	y28 = 6.850181
	y29 = -4.431771
	y30 = 0.148685
	y31 = -18.677728
	y32 = 0.856510
	y33 = 1.067350
	y34 = -6.218338
	y35 = 0.749182
	y36 = -0.936929
	y37 = -7.878171
	y38 = 2.296703
	y39 = 1.671195
	y40 = -3.919814
	y41 = 1.101244
	y42 = -8.943000
	y43 = 15.369115
	y44 = -9.092304
	y45 = -9.715035
	y46 = 16.140575
	y47 = -8.968687
	y48 = -5.149399
	y49 = 4.078496
	y50 = -5.197952
	y51 = -1.661303
	y52 = -16.169806
	y53 = 0.047381
	y54 = 1.631188
	y55 = -13.757157
	y56 = 0.778244
	y57 = 1.385426
	y58 = -11.466661
	y59 = 1.395419
	y60 = 2.792249
	y61 = -15.226577
	y62 = 3.061384
	y63 = 3.090159
	y64 = -8.775108
	y65 = 4.005288
	y66 = 0.586392
	y67 = -16.648686
	y68 = 2.270334
	y69 = -6.846969
	y70 = 9.852836
	y71 = -5.113195
	y72 = -3.116471
	y73 = 1.700386
	y74 = -4.270129
	y75 = -1.685894
	y76 = 13.424540
	y77 = -3.088817
	y78 = 2.734961
	y79 = -16.511092
	y80 = 5.173241
	y81 = 10.875717
	y82 = -17.235381
	y83 = 10.875670
	y84 = 11.203016
	y85 = -17.454006
	y86 = 9.278928
	y87 = 2.369476
	y88 = -9.997950
	y89 = 2.010111
	y90 = 2.542375
	y91 = -17.570944
	y92 = 1.069261
	y93 = -3.346301
	y94 = 5.035540
	y95 = -4.448116
	y96 = -6.904355
	y97 = 15.852940
	y98 = -10.032505
	y99 = 0.936624
	y100 = -15.032297
	y101 = 0.261619
	y102 = 4.090145
	y103 = -15.463860
	y104 = -0.065293
	y105 = 9.104215
	y106 = -17.000645
	y107 = 9.104205
	y108 = 10.726591
	y109 = -18.023040
	y110 = 8.557518
	y111 = 2.679436
	y112 = -9.699085
	y113 = 3.262291
	y114 = 6.191809
	y115 = -16.711887
	y116 = 0.904575
	y117 = -0.300871
	y118 = -7.822894
	y119 = -0.865712
	y120 = -7.418903
	y121 = 16.512057
	y122 = -8.062641
	y123 = -4.145512
	y124 = 9.337716
	y125 = -3.894690
	y126 = -1.113659
	y127 = -11.289306
	y128 = -0.333390
	y129 = 2.688356
	y130 = -5.615287
	y131 = 3.915827
	y132 = 3.259083
	y133 = -8.618948
	y134 = 3.305746
	y135 = 3.160248
	y136 = -16.803483
	y137 = 3.014554
	y138 = 2.660661
	y139 = -20.702297
	y140 = 0.819873
	y141 = 2.147048
	y142 = -8.136799
	y143 = 2.546838
	y144 = -5.599780
	y145 = 3.012991
	y146 = -6.519437
	y147 = -9.307750
	y148 = 10.882716
	y149 = -9.569104
	y150 = -5.694089
	y151 = 6.429805
	y152 = -3.790812
	y153 = -2.262858
	y154 = 3.642929
	y155 = -0.672679
	y156 = -0.623167
	y157 = -11.472578
	y158 = -2.444056
	y159 = 0.793153
	y160 = -12.541304
	y161 = -1.440684
	y162 = -6.090512
	y163 = 10.110643
	y164 = -7.030329
	y165 = -3.798592
	y166 = 0.069177
	y167 = -3.621694
	y168 = -7.588234
	y169 = 10.261911
	y170 = -8.792148
	y171 = -4.389945
	y172 = 1.571570
	y173 = -4.194480
	y174 = -1.414656
	y175 = 2.470063
	y176 = -0.843637
	y177 = -0.453304
	y178 = -8.907029
	y179 = -0.479191
	y180 = -7.861565
	y181 = 11.398369
	y182 = -10.274578
	y183 = -0.449288
	y184 = -11.327984
	y185 = -1.348691
	y186 = -9.315074
	y187 = 14.352782
	y188 = -9.866234
	y189 = -6.220243
	y190 = 4.525632
	y191 = -6.507772

