InputQuery: /home/levn/Workspace/othello_world/queries/probe_robust/group_5/game_85_target_26_eps_0.1.txt
Engine::processInputQuery: Input query (before preprocessing): 449 equations, 1216 variables
Engine::processInputQuery: Input query (after preprocessing): 705 equations, 1385 variables

Input bounds:
	x0: [ -1.8230,  -1.6230] 
	x1: [ -0.7667,  -0.5667] 
	x2: [ -2.1760,  -1.9760] 
	x3: [ -0.9751,  -0.7751] 
	x4: [  1.4393,   1.6393] 
	x5: [  1.2232,   1.4232] 
	x6: [ -0.7967,  -0.5967] 
	x7: [  0.5230,   0.7230] 
	x8: [ -1.4828,  -1.2828] 
	x9: [ -1.0624,  -0.8624] 
	x10: [  1.0502,   1.2502] 
	x11: [  0.1095,   0.3095] 
	x12: [ -3.9427,  -3.7427] 
	x13: [  0.8940,   1.0940] 
	x14: [ -1.7954,  -1.5954] 
	x15: [ -0.7194,  -0.5194] 
	x16: [ -0.2552,  -0.0552] 
	x17: [ -0.2485,  -0.0485] 
	x18: [ -0.2121,  -0.0121] 
	x19: [  0.0512,   0.2512] 
	x20: [  0.6554,   0.8554] 
	x21: [  0.7255,   0.9255] 
	x22: [ -2.7823,  -2.5823] 
	x23: [ -0.4624,  -0.2624] 
	x24: [ -0.2367,  -0.0367] 
	x25: [  1.5211,   1.7211] 
	x26: [  2.2013,   2.4013] 
	x27: [ -0.9850,  -0.7850] 
	x28: [ -1.0238,  -0.8238] 
	x29: [  0.1914,   0.3914] 
	x30: [  0.2217,   0.4217] 
	x31: [ -0.1415,   0.0585] 
	x32: [  0.9229,   1.1229] 
	x33: [  1.5175,   1.7175] 
	x34: [ -0.9292,  -0.7292] 
	x35: [ -0.0046,   0.1954] 
	x36: [ -0.6264,  -0.4264] 
	x37: [ -1.9765,  -1.7765] 
	x38: [  2.1188,   2.3188] 
	x39: [ -2.1627,  -1.9627] 
	x40: [ -0.2155,  -0.0155] 
	x41: [  0.7769,   0.9769] 
	x42: [  0.7551,   0.9551] 
	x43: [  1.0803,   1.2803] 
	x44: [  0.4269,   0.6269] 
	x45: [  0.1841,   0.3841] 
	x46: [ -1.7299,  -1.5299] 
	x47: [  1.8606,   2.0606] 
	x48: [ -0.3277,  -0.1277] 
	x49: [ -2.6797,  -2.4797] 
	x50: [  0.2016,   0.4016] 
	x51: [  1.2906,   1.4906] 
	x52: [  1.5089,   1.7089] 
	x53: [  0.2484,   0.4484] 
	x54: [ -0.7194,  -0.5194] 
	x55: [  2.8662,   3.0662] 
	x56: [ -0.5057,  -0.3057] 
	x57: [  1.1899,   1.3899] 
	x58: [  1.3594,   1.5594] 
	x59: [ -1.5889,  -1.3889] 
	x60: [ -1.8319,  -1.6319] 
	x61: [  0.6779,   0.8779] 
	x62: [  2.6629,   2.8629] 
	x63: [  0.9013,   1.1013] 
	x64: [ -2.7356,  -2.5356] 
	x65: [ -0.2306,  -0.0306] 
	x66: [ -3.5173,  -3.3173] 
	x67: [ -2.0497,  -1.8497] 
	x68: [ -0.3649,  -0.1649] 
	x69: [  0.7295,   0.9295] 
	x70: [ -3.8378,  -3.6378] 
	x71: [  1.0860,   1.2860] 
	x72: [ -2.5723,  -2.3723] 
	x73: [  1.3480,   1.5480] 
	x74: [ -2.0841,  -1.8841] 
	x75: [ -2.1702,  -1.9702] 
	x76: [  0.1959,   0.3959] 
	x77: [  1.0583,   1.2583] 
	x78: [  3.0828,   3.2828] 
	x79: [  1.9659,   2.1659] 
	x80: [ -2.2751,  -2.0751] 
	x81: [  0.1307,   0.3307] 
	x82: [ -2.8370,  -2.6370] 
	x83: [ -1.7722,  -1.5722] 
	x84: [ -0.6614,  -0.4614] 
	x85: [  0.4195,   0.6195] 
	x86: [  0.8090,   1.0090] 
	x87: [  0.4056,   0.6056] 
	x88: [  2.3211,   2.5211] 
	x89: [ -0.8694,  -0.6694] 
	x90: [  0.1930,   0.3930] 
	x91: [  0.0127,   0.2127] 
	x92: [  0.1017,   0.3017] 
	x93: [ -0.5571,  -0.3571] 
	x94: [ -2.1144,  -1.9144] 
	x95: [  0.6253,   0.8253] 
	x96: [ -0.2679,  -0.0679] 
	x97: [  0.7755,   0.9755] 
	x98: [  1.9958,   2.1958] 
	x99: [  1.9013,   2.1013] 
	x100: [ -1.0086,  -0.8086] 
	x101: [  2.4207,   2.6207] 
	x102: [  2.3967,   2.5967] 
	x103: [ -2.4017,  -2.2017] 
	x104: [ -0.2786,  -0.0786] 
	x105: [ -0.4499,  -0.2499] 
	x106: [  0.8048,   1.0048] 
	x107: [ -0.4524,  -0.2524] 
	x108: [  0.3922,   0.5922] 
	x109: [  3.6597,   3.8597] 
	x110: [ -0.8177,  -0.6177] 
	x111: [  1.2915,   1.4915] 
	x112: [  1.4251,   1.6251] 
	x113: [ -1.3930,  -1.1930] 
	x114: [ -1.8925,  -1.6925] 
	x115: [  1.2906,   1.4906] 
	x116: [  2.0632,   2.2632] 
	x117: [ -2.0088,  -1.8088] 
	x118: [  0.3583,   0.5583] 
	x119: [ -2.0122,  -1.8122] 
	x120: [ -0.1195,   0.0805] 
	x121: [  0.2212,   0.4212] 
	x122: [  0.9471,   1.1471] 
	x123: [ -3.9294,  -3.7294] 
	x124: [  1.7786,   1.9786] 
	x125: [  1.9001,   2.1001] 
	x126: [ -0.4614,  -0.2614] 
	x127: [  0.9877,   1.1877] 
	x128: [  2.3238,   2.5238] 
	x129: [  1.4363,   1.6363] 
	x130: [  0.8020,   1.0020] 
	x131: [ -0.4995,  -0.2995] 
	x132: [ -1.0103,  -0.8103] 
	x133: [ -1.8639,  -1.6639] 
	x134: [ -0.7126,  -0.5126] 
	x135: [ -0.6044,  -0.4044] 
	x136: [ -1.1279,  -0.9279] 
	x137: [  0.2186,   0.4186] 
	x138: [  0.5114,   0.7114] 
	x139: [ -1.3183,  -1.1183] 
	x140: [  2.2862,   2.4862] 
	x141: [  1.1692,   1.3692] 
	x142: [  0.2422,   0.4422] 
	x143: [  1.1745,   1.3745] 
	x144: [ -2.0815,  -1.8815] 
	x145: [  1.6694,   1.8694] 
	x146: [  0.0328,   0.2328] 
	x147: [  0.5944,   0.7944] 
	x148: [  2.1951,   2.3951] 
	x149: [  0.1651,   0.3651] 
	x150: [ -0.3068,  -0.1068] 
	x151: [  3.0946,   3.2946] 
	x152: [  1.7566,   1.9566] 
	x153: [ -1.7779,  -1.5779] 
	x154: [ -0.4566,  -0.2566] 
	x155: [  1.5430,   1.7430] 
	x156: [  0.3894,   0.5894] 
	x157: [  1.8557,   2.0557] 
	x158: [ -0.7469,  -0.5469] 
	x159: [ -0.0381,   0.1619] 
	x160: [ -1.6748,  -1.4748] 
	x161: [  0.2584,   0.4584] 
	x162: [ -0.5187,  -0.3187] 
	x163: [ -1.6444,  -1.4444] 
	x164: [  0.3878,   0.5878] 
	x165: [  0.7614,   0.9614] 
	x166: [ -0.1180,   0.0820] 
	x167: [  1.6685,   1.8685] 
	x168: [ -2.1251,  -1.9251] 
	x169: [ -0.1051,   0.0949] 
	x170: [  2.1394,   2.3394] 
	x171: [  0.0796,   0.2796] 
	x172: [ -0.4285,  -0.2285] 
	x173: [ -0.0904,   0.1096] 
	x174: [ -0.3396,  -0.1396] 
	x175: [ -0.2056,  -0.0056] 
	x176: [ -0.4043,  -0.2043] 
	x177: [ -1.3060,  -1.1060] 
	x178: [ -1.1116,  -0.9116] 
	x179: [ -3.1941,  -2.9941] 
	x180: [ -1.5373,  -1.3373] 
	x181: [ -1.9656,  -1.7656] 
	x182: [  0.5004,   0.7004] 
	x183: [  1.3882,   1.5882] 
	x184: [ -2.0242,  -1.8242] 
	x185: [ -0.6864,  -0.4864] 
	x186: [  0.3140,   0.5140] 
	x187: [ -2.4869,  -2.2869] 
	x188: [  1.1748,   1.3748] 
	x189: [ -2.2356,  -2.0356] 
	x190: [ -0.6418,  -0.4418] 
	x191: [  2.4685,   2.6685] 
	x192: [ -0.3634,  -0.1634] 
	x193: [  0.6709,   0.8709] 
	x194: [ -1.6074,  -1.4074] 
	x195: [ -0.9594,  -0.7594] 
	x196: [  1.4527,   1.6527] 
	x197: [  1.2380,   1.4380] 
	x198: [ -2.7299,  -2.5299] 
	x199: [  0.3741,   0.5741] 
	x200: [  0.4705,   0.6705] 
	x201: [ -0.1613,   0.0387] 
	x202: [  0.0500,   0.2500] 
	x203: [ -0.7494,  -0.5494] 
	x204: [  1.2466,   1.4466] 
	x205: [  0.6472,   0.8472] 
	x206: [  0.5027,   0.7027] 
	x207: [ -6.8497,  -6.6497] 
	x208: [ -2.3943,  -2.1943] 
	x209: [ -0.0587,   0.1413] 
	x210: [ -0.4334,  -0.2334] 
	x211: [ -0.4633,  -0.2633] 
	x212: [  1.0917,   1.2917] 
	x213: [  0.7991,   0.9991] 
	x214: [ -0.9034,  -0.7034] 
	x215: [  1.2969,   1.4969] 
	x216: [ -0.2365,  -0.0365] 
	x217: [ -1.9138,  -1.7138] 
	x218: [  1.3209,   1.5209] 
	x219: [ -0.2745,  -0.0745] 
	x220: [ -2.2958,  -2.0958] 
	x221: [  1.1481,   1.3481] 
	x222: [ -2.1267,  -1.9267] 
	x223: [ -2.4833,  -2.2833] 
	x224: [  0.5060,   0.7060] 
	x225: [  0.3154,   0.5154] 
	x226: [  1.0440,   1.2440] 
	x227: [  1.0998,   1.2998] 
	x228: [  0.5050,   0.7050] 
	x229: [ -1.8417,  -1.6417] 
	x230: [  3.7077,   3.9077] 
	x231: [  1.2781,   1.4781] 
	x232: [ -1.2132,  -1.0132] 
	x233: [  1.8588,   2.0588] 
	x234: [  1.0450,   1.2450] 
	x235: [ -0.8891,  -0.6891] 
	x236: [  1.0104,   1.2104] 
	x237: [  0.3753,   0.5753] 
	x238: [  2.6183,   2.8183] 
	x239: [ -0.8353,  -0.6353] 
	x240: [  0.1722,   0.3722] 
	x241: [ -2.4149,  -2.2149] 
	x242: [  0.7048,   0.9048] 
	x243: [ -1.1256,  -0.9256] 
	x244: [ -1.9046,  -1.7046] 
	x245: [ -1.5765,  -1.3765] 
	x246: [ -1.4719,  -1.2719] 
	x247: [ -0.7185,  -0.5185] 
	x248: [ -2.1281,  -1.9281] 
	x249: [ -1.2053,  -1.0053] 
	x250: [  0.4692,   0.6692] 
	x251: [  0.1184,   0.3184] 
	x252: [ -1.0715,  -0.8715] 
	x253: [  0.6390,   0.8390] 
	x254: [  0.3576,   0.5576] 
	x255: [ -0.3056,  -0.1056] 
	x256: [  1.1144,   1.3144] 
	x257: [  2.4817,   2.6817] 
	x258: [ -2.4283,  -2.2283] 
	x259: [  0.8941,   1.0941] 
	x260: [ -0.5572,  -0.3572] 
	x261: [ -0.4654,  -0.2654] 
	x262: [ -1.1765,  -0.9765] 
	x263: [ -1.3600,  -1.1600] 
	x264: [ -1.1111,  -0.9111] 
	x265: [ -0.5847,  -0.3847] 
	x266: [  0.9780,   1.1780] 
	x267: [  0.5758,   0.7758] 
	x268: [ -1.2954,  -1.0954] 
	x269: [ -0.6638,  -0.4638] 
	x270: [  0.6910,   0.8910] 
	x271: [ -1.0873,  -0.8873] 
	x272: [ -0.5885,  -0.3885] 
	x273: [ -0.9761,  -0.7761] 
	x274: [  0.6991,   0.8991] 
	x275: [  1.1022,   1.3022] 
	x276: [ -2.2641,  -2.0641] 
	x277: [ -1.0985,  -0.8985] 
	x278: [ -0.9731,  -0.7731] 
	x279: [  2.6979,   2.8979] 
	x280: [ -1.0938,  -0.8938] 
	x281: [ -2.9890,  -2.7890] 
	x282: [ -2.5457,  -2.3457] 
	x283: [ -3.4556,  -3.2556] 
	x284: [ -0.0356,   0.1644] 
	x285: [  0.5366,   0.7366] 
	x286: [ -0.7864,  -0.5864] 
	x287: [  0.3786,   0.5786] 
	x288: [ -2.7721,  -2.5721] 
	x289: [  0.1138,   0.3138] 
	x290: [  0.5098,   0.7098] 
	x291: [ -1.7644,  -1.5644] 
	x292: [  0.8171,   1.0171] 
	x293: [ -0.3815,  -0.1815] 
	x294: [  2.0192,   2.2192] 
	x295: [  1.2268,   1.4268] 
	x296: [  1.3199,   1.5199] 
	x297: [ -0.6799,  -0.4799] 
	x298: [ -0.1621,   0.0379] 
	x299: [ -2.3825,  -2.1825] 
	x300: [ -3.5959,  -3.3959] 
	x301: [  0.0417,   0.2417] 
	x302: [  1.3854,   1.5854] 
	x303: [ -0.0392,   0.1608] 
	x304: [ -0.1112,   0.0888] 
	x305: [ -0.2776,  -0.0776] 
	x306: [  0.5564,   0.7564] 
	x307: [ -1.0982,  -0.8982] 
	x308: [ -3.6704,  -3.4704] 
	x309: [  0.8253,   1.0253] 
	x310: [ -0.5106,  -0.3106] 
	x311: [  2.2201,   2.4201] 
	x312: [  3.0835,   3.2835] 
	x313: [ -1.3687,  -1.1687] 
	x314: [ -0.8587,  -0.6587] 
	x315: [  0.2614,   0.4614] 
	x316: [  0.5737,   0.7737] 
	x317: [ -1.0733,  -0.8733] 
	x318: [  1.1482,   1.3482] 
	x319: [ -0.0986,   0.1014] 
	x320: [ -0.3757,  -0.1757] 
	x321: [ -0.5572,  -0.3572] 
	x322: [ -1.7492,  -1.5492] 
	x323: [  0.9483,   1.1483] 
	x324: [  0.0649,   0.2649] 
	x325: [ -0.9436,  -0.7436] 
	x326: [ -1.9380,  -1.7380] 
	x327: [  0.2407,   0.4407] 
	x328: [  3.7671,   3.9671] 
	x329: [ -1.6403,  -1.4403] 
	x330: [ -0.8235,  -0.6235] 
	x331: [ -0.9116,  -0.7116] 
	x332: [  1.2181,   1.4181] 
	x333: [  0.1825,   0.3825] 
	x334: [ -2.4103,  -2.2103] 
	x335: [  1.4299,   1.6299] 
	x336: [ -1.1993,  -0.9993] 
	x337: [  1.5083,   1.7083] 
	x338: [ -0.7129,  -0.5129] 
	x339: [ -0.1168,   0.0832] 
	x340: [  0.3549,   0.5549] 
	x341: [ -0.6596,  -0.4596] 
	x342: [  1.3761,   1.5761] 
	x343: [ -1.1715,  -0.9715] 
	x344: [  1.9060,   2.1060] 
	x345: [  0.8866,   1.0866] 
	x346: [ -0.2099,  -0.0099] 
	x347: [ -1.8164,  -1.6164] 
	x348: [ -0.5904,  -0.3904] 
	x349: [ -0.1547,   0.0453] 
	x350: [  1.9328,   2.1328] 
	x351: [  1.3260,   1.5260] 
	x352: [ -2.1339,  -1.9339] 
	x353: [ -1.3040,  -1.1040] 
	x354: [  0.4806,   0.6806] 
	x355: [  0.0587,   0.2587] 
	x356: [  0.6826,   0.8826] 
	x357: [ -0.3616,  -0.1616] 
	x358: [  1.4720,   1.6720] 
	x359: [ -0.0482,   0.1518] 
	x360: [ -1.5963,  -1.3963] 
	x361: [  0.6629,   0.8629] 
	x362: [ -0.4319,  -0.2319] 
	x363: [ -1.9860,  -1.7860] 
	x364: [  1.1075,   1.3075] 
	x365: [  1.3599,   1.5599] 
	x366: [ -1.5881,  -1.3881] 
	x367: [  2.4203,   2.6203] 
	x368: [  0.9925,   1.1925] 
	x369: [ -1.2278,  -1.0278] 
	x370: [  0.1212,   0.3212] 
	x371: [  0.7888,   0.9888] 
	x372: [  0.0797,   0.2797] 
	x373: [  1.9335,   2.1335] 
	x374: [ -0.9425,  -0.7425] 
	x375: [  0.3492,   0.5492] 
	x376: [ -1.9332,  -1.7332] 
	x377: [ -0.5767,  -0.3767] 
	x378: [ -0.7904,  -0.5904] 
	x379: [  3.1172,   3.3172] 
	x380: [  1.8605,   2.0605] 
	x381: [ -0.4154,  -0.2154] 
	x382: [ -1.3080,  -1.1080] 
	x383: [ -1.0793,  -0.8793] 
	x384: [  0.1102,   0.3102] 
	x385: [  0.3766,   0.5766] 
	x386: [ -1.4333,  -1.2333] 
	x387: [ -0.7045,  -0.5045] 
	x388: [ -0.1364,   0.0636] 
	x389: [  3.0764,   3.2764] 
	x390: [ -1.5107,  -1.3107] 
	x391: [  1.5068,   1.7068] 
	x392: [ -0.2851,  -0.0851] 
	x393: [ -1.8272,  -1.6272] 
	x394: [  1.0476,   1.2476] 
	x395: [  2.6028,   2.8028] 
	x396: [  1.3992,   1.5992] 
	x397: [ -0.3167,  -0.1167] 
	x398: [  1.4605,   1.6605] 
	x399: [ -2.9190,  -2.7190] 
	x400: [  1.1156,   1.3156] 
	x401: [ -0.0621,   0.1379] 
	x402: [ -0.8296,  -0.6296] 
	x403: [ -1.3875,  -1.1875] 
	x404: [ -0.2478,  -0.0478] 
	x405: [  0.1400,   0.3400] 
	x406: [  0.7725,   0.9725] 
	x407: [  0.4818,   0.6818] 
	x408: [  3.0148,   3.2148] 
	x409: [ -1.4757,  -1.2757] 
	x410: [ -1.6503,  -1.4503] 
	x411: [ -0.6515,  -0.4515] 
	x412: [  3.0225,   3.2225] 
	x413: [ -0.9315,  -0.7315] 
	x414: [  0.7138,   0.9138] 
	x415: [ -0.3396,  -0.1396] 
	x416: [ -0.5022,  -0.3022] 
	x417: [ -0.5140,  -0.3140] 
	x418: [ -0.4970,  -0.2970] 
	x419: [  0.0010,   0.2010] 
	x420: [ -2.2726,  -2.0726] 
	x421: [ -1.4693,  -1.2693] 
	x422: [  2.2791,   2.4791] 
	x423: [ -0.8073,  -0.6073] 
	x424: [ -1.1368,  -0.9368] 
	x425: [  0.1149,   0.3149] 
	x426: [ -1.2603,  -1.0603] 
	x427: [ -1.6930,  -1.4930] 
	x428: [ -1.6949,  -1.4949] 
	x429: [  1.5683,   1.7683] 
	x430: [ -0.9703,  -0.7703] 
	x431: [  1.6586,   1.8586] 
	x432: [  0.2725,   0.4725] 
	x433: [  0.8781,   1.0781] 
	x434: [  3.0915,   3.2915] 
	x435: [ -0.4425,  -0.2425] 
	x436: [ -1.2043,  -1.0043] 
	x437: [ -1.4991,  -1.2991] 
	x438: [  0.3614,   0.5614] 
	x439: [ -0.1423,   0.0577] 
	x440: [  0.8200,   1.0200] 
	x441: [ -0.0746,   0.1254] 
	x442: [ -3.0997,  -2.8997] 
	x443: [ -1.1120,  -0.9120] 
	x444: [  2.0351,   2.2351] 
	x445: [  0.1439,   0.3439] 
	x446: [ -1.1265,  -0.9265] 
	x447: [  0.9444,   1.1444] 
	x448: [ -0.1093,   0.0907] 
	x449: [ -1.4266,  -1.2266] 
	x450: [ -1.8406,  -1.6406] 
	x451: [ -1.2629,  -1.0629] 
	x452: [  0.8420,   1.0420] 
	x453: [ -0.7646,  -0.5646] 
	x454: [  0.8512,   1.0512] 
	x455: [ -3.2679,  -3.0679] 
	x456: [ -1.5172,  -1.3172] 
	x457: [ -0.6616,  -0.4616] 
	x458: [ -0.5384,  -0.3384] 
	x459: [ -0.5823,  -0.3823] 
	x460: [  7.7467,   7.9467] 
	x461: [ -0.9075,  -0.7075] 
	x462: [ -0.4182,  -0.2182] 
	x463: [ -2.2007,  -2.0007] 
	x464: [  0.3181,   0.5181] 
	x465: [  0.2930,   0.4930] 
	x466: [  0.8022,   1.0022] 
	x467: [  0.4480,   0.6480] 
	x468: [ -0.6156,  -0.4156] 
	x469: [  1.1391,   1.3391] 
	x470: [ -3.2685,  -3.0685] 
	x471: [  1.1297,   1.3297] 
	x472: [  2.8694,   3.0694] 
	x473: [ -0.0871,   0.1129] 
	x474: [ -1.8325,  -1.6325] 
	x475: [  0.1870,   0.3870] 
	x476: [  0.2672,   0.4672] 
	x477: [  0.7839,   0.9839] 
	x478: [ -0.4284,  -0.2284] 
	x479: [  7.6286,   7.8286] 
	x480: [ -0.0363,   0.1637] 
	x481: [ -0.9660,  -0.7660] 
	x482: [ -1.3346,  -1.1346] 
	x483: [ -0.3149,  -0.1149] 
	x484: [  1.8828,   2.0828] 
	x485: [  0.9474,   1.1474] 
	x486: [ -1.5026,  -1.3026] 
	x487: [  1.0715,   1.2715] 
	x488: [  2.2145,   2.4145] 
	x489: [  0.6934,   0.8934] 
	x490: [ -3.5121,  -3.3121] 
	x491: [ -2.9432,  -2.7432] 
	x492: [  1.0055,   1.2055] 
	x493: [ -2.2758,  -2.0758] 
	x494: [ -0.1377,   0.0623] 
	x495: [ -0.6902,  -0.4902] 
	x496: [  0.1329,   0.3329] 
	x497: [ -0.1535,   0.0465] 
	x498: [  1.5737,   1.7737] 
	x499: [  0.9350,   1.1350] 
	x500: [  0.0789,   0.2789] 
	x501: [  0.4167,   0.6167] 
	x502: [ -0.1487,   0.0513] 
	x503: [ -1.3405,  -1.1405] 
	x504: [ -1.3674,  -1.1674] 
	x505: [ -2.1808,  -1.9808] 
	x506: [  0.3970,   0.5970] 
	x507: [ -0.6997,  -0.4997] 
	x508: [  0.3239,   0.5239] 
	x509: [  1.8603,   2.0603] 
	x510: [  1.6941,   1.8941] 
	x511: [ -1.0396,  -0.8396] 

Branching heuristics set to PseudoImpact

Engine::solve: Initial statistics

00:39:37 Statistics update:
	--- Time Statistics ---
	Total time elapsed: 484 milli (00:00:00)
		Main loop: 0 milli (00:00:00)
		Preprocessing time: 188 milli (00:00:00)
		Unknown: 295 milli (00:00:00)
	Breakdown for main loop:
		[0.00%] Simplex steps: 0 milli
		[0.00%] Explicit-basis bound tightening: 0 milli
		[0.00%] Constraint-matrix bound tightening: 0 milli
		[0.00%] Degradation checking: 0 milli
		[0.00%] Precision restoration: 0 milli
		[0.00%] Statistics handling: 0 milli
		[0.00%] Constraint-fixing steps: 0 milli
		[0.00%] Valid case splits: 0 milli. Average per split: 0.00 milli
		[0.00%] Applying stored bound-tightening: 0 milli
		[0.00%] SMT core: 0 milli
		[0.00%] Symbolic Bound Tightening: 12 milli
		[0.00%] SoI-based local search: 0 milli
		[0.00%] SoI-based local search: 0 milli
		[0.00%] Unaccounted for: 0 milli
	--- Preprocessor Statistics ---
	Number of preprocessor bound-tightening loop iterations: 3
	Number of eliminated variables: 88
	Number of constraints removed due to variable elimination: 88
	Number of equations removed due to variable elimination: 0
	--- Engine Statistics ---
	Number of main loop iterations: 1
		0 iterations were simplex steps. Total time: 0 milli. Average: 0.00 milli.
		0 iterations were constraint-fixing steps. Total time: 0 milli. Average: 0.00 milli
	Number of active piecewise-linear constraints: 168 / 168
		Constraints disabled by valid splits: 0. By SMT-originated splits: 0
	Last reported degradation: 0.0000000000. Max degradation so far: 0.0000000000. Restorations so far: 0
	Number of simplex pivots we attempted to skip because of instability: 0.
	Unstable pivots performed anyway: 0
	--- Tableau Statistics ---
	Total number of pivots performed: 0
		Real pivots: 0. Degenerate: 0 (0.00%)
		Degenerate pivots by request (e.g., to fix a PL constraint): 0 (0.00%)
		Average time per pivot: 0.00 milli
	Total number of fake pivots performed: 0
	Total number of rows added: 0. Number of merged columns: 0
	Current tableau dimensions: M = 705, N = 2090
	--- SMT Core Statistics ---
	Total depth is 0. Total visited states: 1. Number of splits: 0. Number of pops: 0
	Max stack depth: 0
	--- Bound Tightening Statistics ---
	Number of tightened bounds: 0.
		Number of rows examined by row tightener: 0. Consequent tightenings: 0
		Number of explicit basis matrices examined by row tightener: 0. Consequent tightenings: 0
		Number of bound tightening rounds on the entire constraint matrix: 0. Consequent tightenings: 0
		Number of bound notifications sent to PL constraints: 1008. Tightenings proposed: 0
	--- Basis Factorization statistics ---
	Number of basis refactorizations: 2
	--- Projected Steepest Edge Statistics ---
	Number of iterations: 0.
	Number of resets to reference space: 1. Avg. iterations per reset: 0
	--- SBT ---
	Number of tightened bounds: 385
	--- SoI-based local search ---
	Number of proposed phase pattern update: 0. Number of accepted update: 0 [0.00%]
	Total time (% of local search time) updating SoI phase pattern : 0 milli [0.00%]
	Total time obtaining current assignment: 0 milli [0.00%]
	Total time getting SoI phase pattern : 0 milli [0.00%]
	--- Context dependent statistics ---
	Number of pushes / pops: 0 / 0
		[0.00%] Pre-Push hook: 0 milli
		[0.00%] Push : 0 milli
		[0.00%] Post-Pop hook: 0 milli
		[0.00%] Pop : 0 milli
		[0.00%] Total context-switching time: 0 milli
	--- Proof Certificate ---
	Number of certified leaves: 0
	Number of leaves to delegate: 0

---

00:39:54 Statistics update:
	--- Time Statistics ---
	Total time elapsed: 17323 milli (00:00:17)
		Main loop: 16480 milli (00:00:16)
		Preprocessing time: 188 milli (00:00:00)
		Unknown: 655 milli (00:00:00)
	Breakdown for main loop:
		[86.58%] Simplex steps: 14268 milli
		[11.32%] Explicit-basis bound tightening: 1864 milli
		[0.00%] Constraint-matrix bound tightening: 0 milli
		[1.29%] Degradation checking: 212 milli
		[0.00%] Precision restoration: 0 milli
		[0.06%] Statistics handling: 9 milli
		[0.00%] Constraint-fixing steps: 0 milli
		[0.00%] Valid case splits: 0 milli. Average per split: 0.00 milli
		[0.00%] Applying stored bound-tightening: 0 milli
		[0.05%] SMT core: 8 milli
		[2.35%] Symbolic Bound Tightening: 386 milli
		[57.60%] SoI-based local search: 9491 milli
		[0.00%] SoI-based local search: 0 milli
		[111932428656781.80%] Unaccounted for: 0 milli
	--- Preprocessor Statistics ---
	Number of preprocessor bound-tightening loop iterations: 3
	Number of eliminated variables: 88
	Number of constraints removed due to variable elimination: 88
	Number of equations removed due to variable elimination: 0
	--- Engine Statistics ---
	Number of main loop iterations: 10000
		9905 iterations were simplex steps. Total time: 14268 milli. Average: 1.44 milli.
		0 iterations were constraint-fixing steps. Total time: 0 milli. Average: 0.00 milli
	Number of active piecewise-linear constraints: 122 / 168
		Constraints disabled by valid splits: 0. By SMT-originated splits: 46
	Last reported degradation: 0.0000000000. Max degradation so far: 0.0003431312. Restorations so far: 0
	Number of simplex pivots we attempted to skip because of instability: 0.
	Unstable pivots performed anyway: 0
	--- Tableau Statistics ---
	Total number of pivots performed: 9233
		Real pivots: 9231. Degenerate: 2 (0.02%)
		Degenerate pivots by request (e.g., to fix a PL constraint): 0 (0.00%)
		Average time per pivot: 0.31 milli
	Total number of fake pivots performed: 329
	Total number of rows added: 0. Number of merged columns: 0
	Current tableau dimensions: M = 705, N = 2090
	--- SMT Core Statistics ---
	Total depth is 46. Total visited states: 47. Number of splits: 46. Number of pops: 0
	Max stack depth: 46
	--- Bound Tightening Statistics ---
	Number of tightened bounds: 8854.
		Number of rows examined by row tightener: 9233. Consequent tightenings: 1
		Number of explicit basis matrices examined by row tightener: 8. Consequent tightenings: 272
		Number of bound tightening rounds on the entire constraint matrix: 0. Consequent tightenings: 0
		Number of bound notifications sent to PL constraints: 2109. Tightenings proposed: 0
	--- Basis Factorization statistics ---
	Number of basis refactorizations: 82
	--- Projected Steepest Edge Statistics ---
	Number of iterations: 9562.
	Number of resets to reference space: 11. Avg. iterations per reset: 869
	--- SBT ---
	Number of tightened bounds: 9239
	--- SoI-based local search ---
	Number of proposed phase pattern update: 127. Number of accepted update: 80 [62.99%]
	Total time (% of local search time) updating SoI phase pattern : 15510 milli [0.16%]
	Total time obtaining current assignment: 31669 milli [0.33%]
	Total time getting SoI phase pattern : 8816 milli [0.05%]
	--- Context dependent statistics ---
	Number of pushes / pops: 46 / 0
		[0.04%] Pre-Push hook: 5 milli
		[0.00%] Push : 0 milli
		[0.00%] Post-Pop hook: 0 milli
		[0.00%] Pop : 0 milli
		[0.04%] Total context-switching time: 5 milli
	--- Proof Certificate ---
	Number of certified leaves: 0
	Number of leaves to delegate: 0

00:40:10 Statistics update:
	--- Time Statistics ---
	Total time elapsed: 32904 milli (00:00:32)
		Main loop: 32402 milli (00:00:32)
		Preprocessing time: 188 milli (00:00:00)
		Unknown: 313 milli (00:00:00)
	Breakdown for main loop:
		[89.78%] Simplex steps: 29091 milli
		[5.76%] Explicit-basis bound tightening: 1864 milli
		[0.00%] Constraint-matrix bound tightening: 0 milli
		[1.30%] Degradation checking: 422 milli
		[0.00%] Precision restoration: 0 milli
		[0.06%] Statistics handling: 19 milli
		[0.00%] Constraint-fixing steps: 0 milli
		[0.00%] Valid case splits: 0 milli. Average per split: 0.00 milli
		[0.00%] Applying stored bound-tightening: 1 milli
		[0.06%] SMT core: 19 milli
		[2.49%] Symbolic Bound Tightening: 806 milli
		[60.99%] SoI-based local search: 19761 milli
		[0.00%] SoI-based local search: 0 milli
		[0.54%] Unaccounted for: 175 milli
	--- Preprocessor Statistics ---
	Number of preprocessor bound-tightening loop iterations: 3
	Number of eliminated variables: 88
	Number of constraints removed due to variable elimination: 88
	Number of equations removed due to variable elimination: 0
	--- Engine Statistics ---
	Number of main loop iterations: 20000
		19799 iterations were simplex steps. Total time: 29091 milli. Average: 1.47 milli.
		0 iterations were constraint-fixing steps. Total time: 0 milli. Average: 0.00 milli
	Number of active piecewise-linear constraints: 69 / 168
		Constraints disabled by valid splits: 0. By SMT-originated splits: 99
	Last reported degradation: 0.0000000000. Max degradation so far: 0.0003431312. Restorations so far: 0
	Number of simplex pivots we attempted to skip because of instability: 0.
	Unstable pivots performed anyway: 0
	--- Tableau Statistics ---
	Total number of pivots performed: 18519
		Real pivots: 18517. Degenerate: 2 (0.01%)
		Degenerate pivots by request (e.g., to fix a PL constraint): 0 (0.00%)
		Average time per pivot: 0.32 milli
	Total number of fake pivots performed: 565
	Total number of rows added: 0. Number of merged columns: 0
	Current tableau dimensions: M = 705, N = 2090
	--- SMT Core Statistics ---
	Total depth is 99. Total visited states: 100. Number of splits: 99. Number of pops: 0
	Max stack depth: 99
	--- Bound Tightening Statistics ---
	Number of tightened bounds: 19064.
		Number of rows examined by row tightener: 18519. Consequent tightenings: 1
		Number of explicit basis matrices examined by row tightener: 8. Consequent tightenings: 272
		Number of bound tightening rounds on the entire constraint matrix: 0. Consequent tightenings: 0
		Number of bound notifications sent to PL constraints: 2215. Tightenings proposed: 0
	--- Basis Factorization statistics ---
	Number of basis refactorizations: 165
	--- Projected Steepest Edge Statistics ---
	Number of iterations: 19084.
	Number of resets to reference space: 21. Avg. iterations per reset: 908
	--- SBT ---
	Number of tightened bounds: 19449
	--- SoI-based local search ---
	Number of proposed phase pattern update: 263. Number of accepted update: 164 [62.36%]
	Total time (% of local search time) updating SoI phase pattern : 32311 milli [0.16%]
	Total time obtaining current assignment: 70969 milli [0.36%]
	Total time getting SoI phase pattern : 14818 milli [0.05%]
	--- Context dependent statistics ---
	Number of pushes / pops: 99 / 0
		[0.04%] Pre-Push hook: 14 milli
		[0.00%] Push : 0 milli
		[0.00%] Post-Pop hook: 0 milli
		[0.00%] Pop : 0 milli
		[0.04%] Total context-switching time: 14 milli
	--- Proof Certificate ---
	Number of certified leaves: 0
	Number of leaves to delegate: 0

00:40:29 Statistics update:
	--- Time Statistics ---
	Total time elapsed: 52486 milli (00:00:52)
		Main loop: 52000 milli (00:00:52)
		Preprocessing time: 188 milli (00:00:00)
		Unknown: 297 milli (00:00:00)
	Breakdown for main loop:
		[81.43%] Simplex steps: 42341 milli
		[11.73%] Explicit-basis bound tightening: 6098 milli
		[0.00%] Constraint-matrix bound tightening: 0 milli
		[1.22%] Degradation checking: 632 milli
		[0.00%] Precision restoration: 0 milli
		[0.06%] Statistics handling: 29 milli
		[0.00%] Constraint-fixing steps: 0 milli
		[0.00%] Valid case splits: 0 milli. Average per split: 0.00 milli
		[0.00%] Applying stored bound-tightening: 2 milli
		[0.12%] SMT core: 64 milli
		[2.86%] Symbolic Bound Tightening: 1486 milli
		[57.04%] SoI-based local search: 29660 milli
		[0.00%] SoI-based local search: 0 milli
		[2.59%] Unaccounted for: 1345 milli
	--- Preprocessor Statistics ---
	Number of preprocessor bound-tightening loop iterations: 3
	Number of eliminated variables: 88
	Number of constraints removed due to variable elimination: 88
	Number of equations removed due to variable elimination: 0
	--- Engine Statistics ---
	Number of main loop iterations: 30000
		29662 iterations were simplex steps. Total time: 42341 milli. Average: 1.43 milli.
		0 iterations were constraint-fixing steps. Total time: 0 milli. Average: 0.00 milli
	Number of active piecewise-linear constraints: 39 / 168
		Constraints disabled by valid splits: 0. By SMT-originated splits: 129
	Last reported degradation: 0.0000000000. Max degradation so far: 0.0003431312. Restorations so far: 0
	Number of simplex pivots we attempted to skip because of instability: 5.
	Unstable pivots performed anyway: 0
	--- Tableau Statistics ---
	Total number of pivots performed: 26762
		Real pivots: 26747. Degenerate: 15 (0.06%)
		Degenerate pivots by request (e.g., to fix a PL constraint): 0 (0.00%)
		Average time per pivot: 0.31 milli
	Total number of fake pivots performed: 1146
	Total number of rows added: 0. Number of merged columns: 0
	Current tableau dimensions: M = 705, N = 2090
	--- SMT Core Statistics ---
	Total depth is 129. Total visited states: 187. Number of splits: 156. Number of pops: 30
	Max stack depth: 131
	--- Bound Tightening Statistics ---
	Number of tightened bounds: 36349.
		Number of rows examined by row tightener: 26762. Consequent tightenings: 278
		Number of explicit basis matrices examined by row tightener: 29. Consequent tightenings: 565
		Number of bound tightening rounds on the entire constraint matrix: 0. Consequent tightenings: 0
		Number of bound notifications sent to PL constraints: 2956. Tightenings proposed: 0
	--- Basis Factorization statistics ---
	Number of basis refactorizations: 232
	--- Projected Steepest Edge Statistics ---
	Number of iterations: 27913.
	Number of resets to reference space: 55. Avg. iterations per reset: 507
	--- SBT ---
	Number of tightened bounds: 36734
	--- SoI-based local search ---
	Number of proposed phase pattern update: 718. Number of accepted update: 562 [78.27%]
	Total time (% of local search time) updating SoI phase pattern : 50629 milli [0.17%]
	Total time obtaining current assignment: 175485 milli [0.59%]
	Total time getting SoI phase pattern : 21819 milli [0.04%]
	--- Context dependent statistics ---
	Number of pushes / pops: 186 / 57
		[0.04%] Pre-Push hook: 20 milli
		[0.00%] Push : 0 milli
		[0.00%] Post-Pop hook: 2 milli
		[0.00%] Pop : 1 milli
		[0.05%] Total context-switching time: 23 milli
	--- Proof Certificate ---
	Number of certified leaves: 0
	Number of leaves to delegate: 0

00:40:51 Statistics update:
	--- Time Statistics ---
	Total time elapsed: 74484 milli (00:01:14)
		Main loop: 73746 milli (00:01:13)
		Preprocessing time: 188 milli (00:00:00)
		Unknown: 550 milli (00:00:00)
	Breakdown for main loop:
		[75.42%] Simplex steps: 55619 milli
		[18.07%] Explicit-basis bound tightening: 13323 milli
		[0.00%] Constraint-matrix bound tightening: 0 milli
		[1.13%] Degradation checking: 835 milli
		[0.00%] Precision restoration: 0 milli
		[0.05%] Statistics handling: 39 milli
		[0.00%] Constraint-fixing steps: 0 milli
		[0.00%] Valid case splits: 1 milli. Average per split: 0.00 milli
		[0.00%] Applying stored bound-tightening: 2 milli
		[0.16%] SMT core: 114 milli
		[2.83%] Symbolic Bound Tightening: 2086 milli
		[51.05%] SoI-based local search: 37646 milli
		[0.00%] SoI-based local search: 0 milli
		[2.34%] Unaccounted for: 1723 milli
	--- Preprocessor Statistics ---
	Number of preprocessor bound-tightening loop iterations: 3
	Number of eliminated variables: 88
	Number of constraints removed due to variable elimination: 88
	Number of equations removed due to variable elimination: 0
	--- Engine Statistics ---
	Number of main loop iterations: 40000
		39567 iterations were simplex steps. Total time: 55619 milli. Average: 1.41 milli.
		0 iterations were constraint-fixing steps. Total time: 0 milli. Average: 0.00 milli
	Number of active piecewise-linear constraints: 37 / 168
		Constraints disabled by valid splits: 0. By SMT-originated splits: 131
	Last reported degradation: 0.0000000000. Max degradation so far: 0.0036043761. Restorations so far: 0
	Number of simplex pivots we attempted to skip because of instability: 5.
	Unstable pivots performed anyway: 0
	--- Tableau Statistics ---
	Total number of pivots performed: 35253
		Real pivots: 35230. Degenerate: 23 (0.07%)
		Degenerate pivots by request (e.g., to fix a PL constraint): 0 (0.00%)
		Average time per pivot: 0.31 milli
	Total number of fake pivots performed: 1715
	Total number of rows added: 0. Number of merged columns: 0
	Current tableau dimensions: M = 705, N = 2090
	--- SMT Core Statistics ---
	Total depth is 131. Total visited states: 263. Number of splits: 195. Number of pops: 67
	Max stack depth: 136
	--- Bound Tightening Statistics ---
	Number of tightened bounds: 51881.
		Number of rows examined by row tightener: 35253. Consequent tightenings: 719
		Number of explicit basis matrices examined by row tightener: 60. Consequent tightenings: 2021
		Number of bound tightening rounds on the entire constraint matrix: 0. Consequent tightenings: 0
		Number of bound notifications sent to PL constraints: 4537. Tightenings proposed: 0
	--- Basis Factorization statistics ---
	Number of basis refactorizations: 302
	--- Projected Steepest Edge Statistics ---
	Number of iterations: 36973.
	Number of resets to reference space: 98. Avg. iterations per reset: 377
	--- SBT ---
	Number of tightened bounds: 52266
	--- SoI-based local search ---
	Number of proposed phase pattern update: 1080. Number of accepted update: 884 [81.85%]
	Total time (% of local search time) updating SoI phase pattern : 64313 milli [0.17%]
	Total time obtaining current assignment: 257329 milli [0.68%]
	Total time getting SoI phase pattern : 26284 milli [0.04%]
	--- Context dependent statistics ---
	Number of pushes / pops: 262 / 131
		[0.03%] Pre-Push hook: 23 milli
		[0.00%] Push : 0 milli
		[0.01%] Post-Pop hook: 4 milli
		[0.00%] Pop : 3 milli
		[0.04%] Total context-switching time: 30 milli
	--- Proof Certificate ---
	Number of certified leaves: 0
	Number of leaves to delegate: 0

00:41:15 Statistics update:
	--- Time Statistics ---
	Total time elapsed: 98324 milli (00:01:38)
		Main loop: 97834 milli (00:01:37)
		Preprocessing time: 188 milli (00:00:00)
		Unknown: 301 milli (00:00:00)
	Breakdown for main loop:
		[70.06%] Simplex steps: 68539 milli
		[22.56%] Explicit-basis bound tightening: 22075 milli
		[0.00%] Constraint-matrix bound tightening: 0 milli
		[1.05%] Degradation checking: 1026 milli
		[0.00%] Precision restoration: 0 milli
		[0.05%] Statistics handling: 48 milli
		[0.00%] Constraint-fixing steps: 0 milli
		[0.00%] Valid case splits: 2 milli. Average per split: 0.00 milli
		[0.00%] Applying stored bound-tightening: 3 milli
		[0.19%] SMT core: 189 milli
		[2.92%] Symbolic Bound Tightening: 2855 milli
		[45.90%] SoI-based local search: 44901 milli
		[0.00%] SoI-based local search: 0 milli
		[3.16%] Unaccounted for: 3093 milli
	--- Preprocessor Statistics ---
	Number of preprocessor bound-tightening loop iterations: 3
	Number of eliminated variables: 88
	Number of constraints removed due to variable elimination: 88
	Number of equations removed due to variable elimination: 0
	--- Engine Statistics ---
	Number of main loop iterations: 50000
		49446 iterations were simplex steps. Total time: 68539 milli. Average: 1.39 milli.
		0 iterations were constraint-fixing steps. Total time: 0 milli. Average: 0.00 milli
	Number of active piecewise-linear constraints: 47 / 168
		Constraints disabled by valid splits: 1. By SMT-originated splits: 120
	Last reported degradation: 0.0000000000. Max degradation so far: 0.0036043761. Restorations so far: 0
	Number of simplex pivots we attempted to skip because of instability: 5.
	Unstable pivots performed anyway: 0
	--- Tableau Statistics ---
	Total number of pivots performed: 43549
		Real pivots: 43515. Degenerate: 34 (0.08%)
		Degenerate pivots by request (e.g., to fix a PL constraint): 0 (0.00%)
		Average time per pivot: 0.31 milli
	Total number of fake pivots performed: 2361
	Total number of rows added: 0. Number of merged columns: 0
	Current tableau dimensions: M = 705, N = 2090
	--- SMT Core Statistics ---
	Total depth is 120. Total visited states: 362. Number of splits: 239. Number of pops: 122
	Max stack depth: 136
	--- Bound Tightening Statistics ---
	Number of tightened bounds: 72593.
		Number of rows examined by row tightener: 43549. Consequent tightenings: 1238
		Number of explicit basis matrices examined by row tightener: 99. Consequent tightenings: 4197
		Number of bound tightening rounds on the entire constraint matrix: 0. Consequent tightenings: 0
		Number of bound notifications sent to PL constraints: 6666. Tightenings proposed: 0
	--- Basis Factorization statistics ---
	Number of basis refactorizations: 370
	--- Projected Steepest Edge Statistics ---
	Number of iterations: 45915.
	Number of resets to reference space: 155. Avg. iterations per reset: 296
	--- SBT ---
	Number of tightened bounds: 72978
	--- SoI-based local search ---
	Number of proposed phase pattern update: 1486. Number of accepted update: 1247 [83.92%]
	Total time (% of local search time) updating SoI phase pattern : 80100 milli [0.18%]
	Total time obtaining current assignment: 350106 milli [0.78%]
	Total time getting SoI phase pattern : 32028 milli [0.03%]
	--- Context dependent statistics ---
	Number of pushes / pops: 361 / 241
		[0.03%] Pre-Push hook: 26 milli
		[0.00%] Push : 0 milli
		[0.01%] Post-Pop hook: 8 milli
		[0.01%] Pop : 6 milli
		[0.04%] Total context-switching time: 40 milli
	--- Proof Certificate ---
	Number of certified leaves: 0
	Number of leaves to delegate: 0

00:41:39 Statistics update:
	--- Time Statistics ---
	Total time elapsed: 122182 milli (00:02:02)
		Main loop: 121691 milli (00:02:01)
		Preprocessing time: 188 milli (00:00:00)
		Unknown: 303 milli (00:00:00)
	Breakdown for main loop:
		[67.16%] Simplex steps: 81722 milli
		[25.35%] Explicit-basis bound tightening: 30846 milli
		[0.00%] Constraint-matrix bound tightening: 0 milli
		[1.00%] Degradation checking: 1218 milli
		[0.00%] Precision restoration: 0 milli
		[0.05%] Statistics handling: 58 milli
		[0.00%] Constraint-fixing steps: 0 milli
		[0.00%] Valid case splits: 2 milli. Average per split: 0.00 milli
		[0.00%] Applying stored bound-tightening: 3 milli
		[0.20%] SMT core: 240 milli
		[2.79%] Symbolic Bound Tightening: 3399 milli
		[43.49%] SoI-based local search: 52918 milli
		[0.00%] SoI-based local search: 0 milli
		[3.45%] Unaccounted for: 4199 milli
	--- Preprocessor Statistics ---
	Number of preprocessor bound-tightening loop iterations: 3
	Number of eliminated variables: 88
	Number of constraints removed due to variable elimination: 88
	Number of equations removed due to variable elimination: 0
	--- Engine Statistics ---
	Number of main loop iterations: 60000
		59369 iterations were simplex steps. Total time: 81722 milli. Average: 1.38 milli.
		0 iterations were constraint-fixing steps. Total time: 0 milli. Average: 0.00 milli
	Number of active piecewise-linear constraints: 49 / 168
		Constraints disabled by valid splits: 4. By SMT-originated splits: 115
	Last reported degradation: 0.0040384585. Max degradation so far: 0.0040384585. Restorations so far: 0
	Number of simplex pivots we attempted to skip because of instability: 5.
	Unstable pivots performed anyway: 0
	--- Tableau Statistics ---
	Total number of pivots performed: 51951
		Real pivots: 51909. Degenerate: 42 (0.08%)
		Degenerate pivots by request (e.g., to fix a PL constraint): 0 (0.00%)
		Average time per pivot: 0.31 milli
	Total number of fake pivots performed: 3038
	Total number of rows added: 0. Number of merged columns: 0
	Current tableau dimensions: M = 705, N = 2090
	--- SMT Core Statistics ---
	Total depth is 115. Total visited states: 430. Number of splits: 271. Number of pops: 158
	Max stack depth: 136
	--- Bound Tightening Statistics ---
	Number of tightened bounds: 86949.
		Number of rows examined by row tightener: 51951. Consequent tightenings: 3354
		Number of explicit basis matrices examined by row tightener: 138. Consequent tightenings: 5727
		Number of bound tightening rounds on the entire constraint matrix: 0. Consequent tightenings: 0
		Number of bound notifications sent to PL constraints: 8848. Tightenings proposed: 0
	--- Basis Factorization statistics ---
	Number of basis refactorizations: 438
	--- Projected Steepest Edge Statistics ---
	Number of iterations: 54994.
	Number of resets to reference space: 197. Avg. iterations per reset: 279
	--- SBT ---
	Number of tightened bounds: 87334
	--- SoI-based local search ---
	Number of proposed phase pattern update: 1854. Number of accepted update: 1583 [85.38%]
	Total time (% of local search time) updating SoI phase pattern : 91273 milli [0.17%]
	Total time obtaining current assignment: 432576 milli [0.82%]
	Total time getting SoI phase pattern : 37504 milli [0.03%]
	--- Context dependent statistics ---
	Number of pushes / pops: 429 / 314
		[0.02%] Pre-Push hook: 28 milli
		[0.00%] Push : 0 milli
		[0.01%] Post-Pop hook: 10 milli
		[0.01%] Pop : 8 milli
		[0.04%] Total context-switching time: 47 milli
	--- Proof Certificate ---
	Number of certified leaves: 0
	Number of leaves to delegate: 0

00:42:02 Statistics update:
	--- Time Statistics ---
	Total time elapsed: 145031 milli (00:02:25)
		Main loop: 144445 milli (00:02:24)
		Preprocessing time: 188 milli (00:00:00)
		Unknown: 397 milli (00:00:00)
	Breakdown for main loop:
		[65.79%] Simplex steps: 95029 milli
		[26.56%] Explicit-basis bound tightening: 38358 milli
		[0.00%] Constraint-matrix bound tightening: 0 milli
		[0.98%] Degradation checking: 1410 milli
		[0.00%] Precision restoration: 0 milli
		[0.05%] Statistics handling: 68 milli
		[0.00%] Constraint-fixing steps: 0 milli
		[0.00%] Valid case splits: 3 milli. Average per split: 0.00 milli
		[0.00%] Applying stored bound-tightening: 4 milli
		[0.21%] SMT core: 299 milli
		[2.80%] Symbolic Bound Tightening: 4047 milli
		[42.50%] SoI-based local search: 61382 milli
		[0.00%] SoI-based local search: 0 milli
		[3.62%] Unaccounted for: 5223 milli
	--- Preprocessor Statistics ---
	Number of preprocessor bound-tightening loop iterations: 3
	Number of eliminated variables: 88
	Number of constraints removed due to variable elimination: 88
	Number of equations removed due to variable elimination: 0
	--- Engine Statistics ---
	Number of main loop iterations: 70000
		69266 iterations were simplex steps. Total time: 95029 milli. Average: 1.37 milli.
		0 iterations were constraint-fixing steps. Total time: 0 milli. Average: 0.00 milli
	Number of active piecewise-linear constraints: 55 / 168
		Constraints disabled by valid splits: 0. By SMT-originated splits: 113
	Last reported degradation: 0.0000000000. Max degradation so far: 0.0040384585. Restorations so far: 0
	Number of simplex pivots we attempted to skip because of instability: 5.
	Unstable pivots performed anyway: 0
	--- Tableau Statistics ---
	Total number of pivots performed: 60397
		Real pivots: 60349. Degenerate: 48 (0.08%)
		Degenerate pivots by request (e.g., to fix a PL constraint): 0 (0.00%)
		Average time per pivot: 0.31 milli
	Total number of fake pivots performed: 3613
	Total number of rows added: 0. Number of merged columns: 0
	Current tableau dimensions: M = 705, N = 2090
	--- SMT Core Statistics ---
	Total depth is 113. Total visited states: 511. Number of splits: 311. Number of pops: 199
	Max stack depth: 136
	--- Bound Tightening Statistics ---
	Number of tightened bounds: 104035.
		Number of rows examined by row tightener: 60397. Consequent tightenings: 4019
		Number of explicit basis matrices examined by row tightener: 172. Consequent tightenings: 8660
		Number of bound tightening rounds on the entire constraint matrix: 0. Consequent tightenings: 0
		Number of bound notifications sent to PL constraints: 11223. Tightenings proposed: 0
	--- Basis Factorization statistics ---
	Number of basis refactorizations: 507
	--- Projected Steepest Edge Statistics ---
	Number of iterations: 64015.
	Number of resets to reference space: 241. Avg. iterations per reset: 265
	--- SBT ---
	Number of tightened bounds: 104420
	--- SoI-based local search ---
	Number of proposed phase pattern update: 2239. Number of accepted update: 1927 [86.07%]
	Total time (% of local search time) updating SoI phase pattern : 105442 milli [0.17%]
	Total time obtaining current assignment: 520950 milli [0.85%]
	Total time getting SoI phase pattern : 43759 milli [0.03%]
	--- Context dependent statistics ---
	Number of pushes / pops: 510 / 397
		[0.02%] Pre-Push hook: 31 milli
		[0.00%] Push : 0 milli
		[0.01%] Post-Pop hook: 13 milli
		[0.01%] Pop : 10 milli
		[0.04%] Total context-switching time: 55 milli
	--- Proof Certificate ---
	Number of certified leaves: 0
	Number of leaves to delegate: 0

00:42:23 Statistics update:
	--- Time Statistics ---
	Total time elapsed: 166209 milli (00:02:46)
		Main loop: 165558 milli (00:02:45)
		Preprocessing time: 188 milli (00:00:00)
		Unknown: 462 milli (00:00:00)
	Breakdown for main loop:
		[65.43%] Simplex steps: 108319 milli
		[27.25%] Explicit-basis bound tightening: 45107 milli
		[0.00%] Constraint-matrix bound tightening: 0 milli
		[0.97%] Degradation checking: 1605 milli
		[0.00%] Precision restoration: 0 milli
		[0.05%] Statistics handling: 77 milli
		[0.00%] Constraint-fixing steps: 0 milli
		[0.00%] Valid case splits: 3 milli. Average per split: 0.00 milli
		[0.00%] Applying stored bound-tightening: 5 milli
		[0.22%] SMT core: 357 milli
		[2.87%] Symbolic Bound Tightening: 4748 milli
		[42.29%] SoI-based local search: 70021 milli
		[0.00%] SoI-based local search: 0 milli
		[3.22%] Unaccounted for: 5333 milli
	--- Preprocessor Statistics ---
	Number of preprocessor bound-tightening loop iterations: 3
	Number of eliminated variables: 88
	Number of constraints removed due to variable elimination: 88
	Number of equations removed due to variable elimination: 0
	--- Engine Statistics ---
	Number of main loop iterations: 80000
		79147 iterations were simplex steps. Total time: 108319 milli. Average: 1.37 milli.
		0 iterations were constraint-fixing steps. Total time: 0 milli. Average: 0.00 milli
	Number of active piecewise-linear constraints: 46 / 168
		Constraints disabled by valid splits: 0. By SMT-originated splits: 122
	Last reported degradation: 0.0000000000. Max degradation so far: 0.0040384585. Restorations so far: 0
	Number of simplex pivots we attempted to skip because of instability: 5.
	Unstable pivots performed anyway: 0
	--- Tableau Statistics ---
	Total number of pivots performed: 68751
		Real pivots: 68699. Degenerate: 52 (0.08%)
		Degenerate pivots by request (e.g., to fix a PL constraint): 0 (0.00%)
		Average time per pivot: 0.31 milli
	Total number of fake pivots performed: 4202
	Total number of rows added: 0. Number of merged columns: 0
	Current tableau dimensions: M = 705, N = 2090
	--- SMT Core Statistics ---
	Total depth is 122. Total visited states: 599. Number of splits: 358. Number of pops: 240
	Max stack depth: 136
	--- Bound Tightening Statistics ---
	Number of tightened bounds: 121775.
		Number of rows examined by row tightener: 68751. Consequent tightenings: 4409
		Number of explicit basis matrices examined by row tightener: 199. Consequent tightenings: 9868
		Number of bound tightening rounds on the entire constraint matrix: 0. Consequent tightenings: 0
		Number of bound notifications sent to PL constraints: 12816. Tightenings proposed: 0
	--- Basis Factorization statistics ---
	Number of basis refactorizations: 576
	--- Projected Steepest Edge Statistics ---
	Number of iterations: 72958.
	Number of resets to reference space: 286. Avg. iterations per reset: 255
	--- SBT ---
	Number of tightened bounds: 122160
	--- SoI-based local search ---
	Number of proposed phase pattern update: 2643. Number of accepted update: 2285 [86.45%]
	Total time (% of local search time) updating SoI phase pattern : 121314 milli [0.17%]
	Total time obtaining current assignment: 615760 milli [0.88%]
	Total time getting SoI phase pattern : 50061 milli [0.03%]
	--- Context dependent statistics ---
	Number of pushes / pops: 598 / 476
		[0.02%] Pre-Push hook: 35 milli
		[0.00%] Push : 0 milli
		[0.01%] Post-Pop hook: 16 milli
		[0.01%] Pop : 12 milli
		[0.04%] Total context-switching time: 63 milli
	--- Proof Certificate ---
	Number of certified leaves: 0
	Number of leaves to delegate: 0

00:42:48 Statistics update:
	--- Time Statistics ---
	Total time elapsed: 190782 milli (00:03:10)
		Main loop: 190115 milli (00:03:10)
		Preprocessing time: 188 milli (00:00:00)
		Unknown: 478 milli (00:00:00)
	Breakdown for main loop:
		[63.51%] Simplex steps: 120748 milli
		[29.12%] Explicit-basis bound tightening: 55369 milli
		[0.00%] Constraint-matrix bound tightening: 0 milli
		[0.95%] Degradation checking: 1798 milli
		[0.00%] Precision restoration: 0 milli
		[0.05%] Statistics handling: 87 milli
		[0.00%] Constraint-fixing steps: 0 milli
		[0.00%] Valid case splits: 4 milli. Average per split: 0.00 milli
		[0.00%] Applying stored bound-tightening: 5 milli
		[0.22%] SMT core: 423 milli
		[2.88%] Symbolic Bound Tightening: 5469 milli
		[40.25%] SoI-based local search: 76517 milli
		[0.00%] SoI-based local search: 0 milli
		[3.27%] Unaccounted for: 6209 milli
	--- Preprocessor Statistics ---
	Number of preprocessor bound-tightening loop iterations: 3
	Number of eliminated variables: 88
	Number of constraints removed due to variable elimination: 88
	Number of equations removed due to variable elimination: 0
	--- Engine Statistics ---
	Number of main loop iterations: 90000
		89025 iterations were simplex steps. Total time: 120748 milli. Average: 1.36 milli.
		0 iterations were constraint-fixing steps. Total time: 0 milli. Average: 0.00 milli
	Number of active piecewise-linear constraints: 48 / 168
		Constraints disabled by valid splits: 1. By SMT-originated splits: 119
	Last reported degradation: 0.0000000000. Max degradation so far: 0.0040384585. Restorations so far: 0
	Number of simplex pivots we attempted to skip because of instability: 5.
	Unstable pivots performed anyway: 0
	--- Tableau Statistics ---
	Total number of pivots performed: 76669
		Real pivots: 76600. Degenerate: 69 (0.09%)
		Degenerate pivots by request (e.g., to fix a PL constraint): 0 (0.00%)
		Average time per pivot: 0.31 milli
	Total number of fake pivots performed: 5322
	Total number of rows added: 0. Number of merged columns: 0
	Current tableau dimensions: M = 705, N = 2090
	--- SMT Core Statistics ---
	Total depth is 119. Total visited states: 689. Number of splits: 402. Number of pops: 286
	Max stack depth: 136
	--- Bound Tightening Statistics ---
	Number of tightened bounds: 141611.
		Number of rows examined by row tightener: 76669. Consequent tightenings: 5449
		Number of explicit basis matrices examined by row tightener: 243. Consequent tightenings: 12239
		Number of bound tightening rounds on the entire constraint matrix: 0. Consequent tightenings: 0
		Number of bound notifications sent to PL constraints: 15671. Tightenings proposed: 0
	--- Basis Factorization statistics ---
	Number of basis refactorizations: 638
	--- Projected Steepest Edge Statistics ---
	Number of iterations: 81996.
	Number of resets to reference space: 334. Avg. iterations per reset: 245
	--- SBT ---
	Number of tightened bounds: 141996
	--- SoI-based local search ---
	Number of proposed phase pattern update: 2992. Number of accepted update: 2590 [86.56%]
	Total time (% of local search time) updating SoI phase pattern : 139562 milli [0.18%]
	Total time obtaining current assignment: 698771 milli [0.91%]
	Total time getting SoI phase pattern : 55668 milli [0.03%]
	--- Context dependent statistics ---
	Number of pushes / pops: 688 / 569
		[0.02%] Pre-Push hook: 38 milli
		[0.00%] Push : 0 milli
		[0.01%] Post-Pop hook: 19 milli
		[0.01%] Pop : 15 milli
		[0.04%] Total context-switching time: 72 milli
	--- Proof Certificate ---
	Number of certified leaves: 0
	Number of leaves to delegate: 0

00:43:10 Statistics update:
	--- Time Statistics ---
	Total time elapsed: 213294 milli (00:03:33)
		Main loop: 212706 milli (00:03:32)
		Preprocessing time: 188 milli (00:00:00)
		Unknown: 399 milli (00:00:00)
	Breakdown for main loop:
		[62.90%] Simplex steps: 133783 milli
		[29.68%] Explicit-basis bound tightening: 63129 milli
		[0.00%] Constraint-matrix bound tightening: 0 milli
		[0.94%] Degradation checking: 1992 milli
		[0.00%] Precision restoration: 0 milli
		[0.05%] Statistics handling: 97 milli
		[0.00%] Constraint-fixing steps: 0 milli
		[0.00%] Valid case splits: 4 milli. Average per split: 0.00 milli
		[0.00%] Applying stored bound-tightening: 6 milli
		[0.22%] SMT core: 470 milli
		[2.84%] Symbolic Bound Tightening: 6031 milli
		[39.75%] SoI-based local search: 84542 milli
		[0.00%] SoI-based local search: 0 milli
		[3.38%] Unaccounted for: 7189 milli
	--- Preprocessor Statistics ---
	Number of preprocessor bound-tightening loop iterations: 3
	Number of eliminated variables: 88
	Number of constraints removed due to variable elimination: 88
	Number of equations removed due to variable elimination: 0
	--- Engine Statistics ---
	Number of main loop iterations: 100000
		98931 iterations were simplex steps. Total time: 133783 milli. Average: 1.35 milli.
		0 iterations were constraint-fixing steps. Total time: 0 milli. Average: 0.00 milli
	Number of active piecewise-linear constraints: 45 / 168
		Constraints disabled by valid splits: 0. By SMT-originated splits: 123
	Last reported degradation: 0.0000000000. Max degradation so far: 0.0040384585. Restorations so far: 0
	Number of simplex pivots we attempted to skip because of instability: 5.
	Unstable pivots performed anyway: 0
	--- Tableau Statistics ---
	Total number of pivots performed: 84954
		Real pivots: 84881. Degenerate: 73 (0.09%)
		Degenerate pivots by request (e.g., to fix a PL constraint): 0 (0.00%)
		Average time per pivot: 0.30 milli
	Total number of fake pivots performed: 5963
	Total number of rows added: 0. Number of merged columns: 0
	Current tableau dimensions: M = 705, N = 2090
	--- SMT Core Statistics ---
	Total depth is 123. Total visited states: 759. Number of splits: 439. Number of pops: 319
	Max stack depth: 136
	--- Bound Tightening Statistics ---
	Number of tightened bounds: 157517.
		Number of rows examined by row tightener: 84954. Consequent tightenings: 7906
		Number of explicit basis matrices examined by row tightener: 277. Consequent tightenings: 13506
		Number of bound tightening rounds on the entire constraint matrix: 0. Consequent tightenings: 0
		Number of bound notifications sent to PL constraints: 18079. Tightenings proposed: 0
	--- Basis Factorization statistics ---
	Number of basis refactorizations: 705
	--- Projected Steepest Edge Statistics ---
	Number of iterations: 90922.
	Number of resets to reference space: 372. Avg. iterations per reset: 244
	--- SBT ---
	Number of tightened bounds: 157902
	--- SoI-based local search ---
	Number of proposed phase pattern update: 3426. Number of accepted update: 2987 [87.19%]
	Total time (% of local search time) updating SoI phase pattern : 154225 milli [0.18%]
	Total time obtaining current assignment: 798496 milli [0.94%]
	Total time getting SoI phase pattern : 62480 milli [0.03%]
	--- Context dependent statistics ---
	Number of pushes / pops: 758 / 635
		[0.02%] Pre-Push hook: 40 milli
		[0.00%] Push : 0 milli
		[0.01%] Post-Pop hook: 21 milli
		[0.01%] Pop : 16 milli
		[0.04%] Total context-switching time: 78 milli
	--- Proof Certificate ---
	Number of certified leaves: 0
	Number of leaves to delegate: 0

00:43:33 Statistics update:
	--- Time Statistics ---
	Total time elapsed: 235955 milli (00:03:55)
		Main loop: 235319 milli (00:03:55)
		Preprocessing time: 188 milli (00:00:00)
		Unknown: 447 milli (00:00:00)
	Breakdown for main loop:
		[62.41%] Simplex steps: 146859 milli
		[30.00%] Explicit-basis bound tightening: 70588 milli
		[0.00%] Constraint-matrix bound tightening: 0 milli
		[0.93%] Degradation checking: 2187 milli
		[0.00%] Precision restoration: 0 milli
		[0.05%] Statistics handling: 106 milli
		[0.00%] Constraint-fixing steps: 0 milli
		[0.00%] Valid case splits: 5 milli. Average per split: 0.00 milli
		[0.00%] Applying stored bound-tightening: 6 milli
		[0.23%] SMT core: 532 milli
		[2.84%] Symbolic Bound Tightening: 6693 milli
		[39.59%] SoI-based local search: 93153 milli
		[0.00%] SoI-based local search: 0 milli
		[3.54%] Unaccounted for: 8339 milli
	--- Preprocessor Statistics ---
	Number of preprocessor bound-tightening loop iterations: 3
	Number of eliminated variables: 88
	Number of constraints removed due to variable elimination: 88
	Number of equations removed due to variable elimination: 0
	--- Engine Statistics ---
	Number of main loop iterations: 110000
		108826 iterations were simplex steps. Total time: 146859 milli. Average: 1.35 milli.
		0 iterations were constraint-fixing steps. Total time: 0 milli. Average: 0.00 milli
	Number of active piecewise-linear constraints: 52 / 168
		Constraints disabled by valid splits: 0. By SMT-originated splits: 116
	Last reported degradation: 0.0000000000. Max degradation so far: 0.0040384585. Restorations so far: 0
	Number of simplex pivots we attempted to skip because of instability: 8.
	Unstable pivots performed anyway: 0
	--- Tableau Statistics ---
	Total number of pivots performed: 93007
		Real pivots: 92925. Degenerate: 82 (0.09%)
		Degenerate pivots by request (e.g., to fix a PL constraint): 0 (0.00%)
		Average time per pivot: 0.30 milli
	Total number of fake pivots performed: 6608
	Total number of rows added: 0. Number of merged columns: 0
	Current tableau dimensions: M = 705, N = 2090
	--- SMT Core Statistics ---
	Total depth is 116. Total visited states: 842. Number of splits: 477. Number of pops: 364
	Max stack depth: 136
	--- Bound Tightening Statistics ---
	Number of tightened bounds: 177628.
		Number of rows examined by row tightener: 93007. Consequent tightenings: 8649
		Number of explicit basis matrices examined by row tightener: 311. Consequent tightenings: 15249
		Number of bound tightening rounds on the entire constraint matrix: 0. Consequent tightenings: 0
		Number of bound notifications sent to PL constraints: 20453. Tightenings proposed: 0
	--- Basis Factorization statistics ---
	Number of basis refactorizations: 771
	--- Projected Steepest Edge Statistics ---
	Number of iterations: 99623.
	Number of resets to reference space: 418. Avg. iterations per reset: 238
	--- SBT ---
	Number of tightened bounds: 178013
	--- SoI-based local search ---
	Number of proposed phase pattern update: 3971. Number of accepted update: 3494 [87.99%]
	Total time (% of local search time) updating SoI phase pattern : 168525 milli [0.18%]
	Total time obtaining current assignment: 922497 milli [0.99%]
	Total time getting SoI phase pattern : 70563 milli [0.03%]
	--- Context dependent statistics ---
	Number of pushes / pops: 841 / 725
		[0.02%] Pre-Push hook: 43 milli
		[0.00%] Push : 0 milli
		[0.01%] Post-Pop hook: 24 milli
		[0.01%] Pop : 19 milli
		[0.04%] Total context-switching time: 87 milli
	--- Proof Certificate ---
	Number of certified leaves: 0
	Number of leaves to delegate: 0

00:43:56 Statistics update:
	--- Time Statistics ---
	Total time elapsed: 258713 milli (00:04:18)
		Main loop: 258099 milli (00:04:18)
		Preprocessing time: 188 milli (00:00:00)
		Unknown: 426 milli (00:00:00)
	Breakdown for main loop:
		[61.91%] Simplex steps: 159797 milli
		[30.55%] Explicit-basis bound tightening: 78859 milli
		[0.00%] Constraint-matrix bound tightening: 0 milli
		[0.92%] Degradation checking: 2378 milli
		[0.00%] Precision restoration: 0 milli
		[0.05%] Statistics handling: 116 milli
		[0.00%] Constraint-fixing steps: 0 milli
		[0.00%] Valid case splits: 6 milli. Average per split: 0.00 milli
		[0.00%] Applying stored bound-tightening: 7 milli
		[0.23%] SMT core: 592 milli
		[2.83%] Symbolic Bound Tightening: 7296 milli
		[38.67%] SoI-based local search: 99817 milli
		[0.00%] SoI-based local search: 0 milli
		[3.50%] Unaccounted for: 9045 milli
	--- Preprocessor Statistics ---
	Number of preprocessor bound-tightening loop iterations: 3
	Number of eliminated variables: 88
	Number of constraints removed due to variable elimination: 88
	Number of equations removed due to variable elimination: 0
	--- Engine Statistics ---
	Number of main loop iterations: 120000
		118726 iterations were simplex steps. Total time: 159797 milli. Average: 1.35 milli.
		0 iterations were constraint-fixing steps. Total time: 0 milli. Average: 0.00 milli
	Number of active piecewise-linear constraints: 63 / 168
		Constraints disabled by valid splits: 0. By SMT-originated splits: 105
	Last reported degradation: 0.0000000000. Max degradation so far: 0.0040384585. Restorations so far: 0
	Number of simplex pivots we attempted to skip because of instability: 18.
	Unstable pivots performed anyway: 0
	--- Tableau Statistics ---
	Total number of pivots performed: 101298
		Real pivots: 101208. Degenerate: 90 (0.09%)
		Degenerate pivots by request (e.g., to fix a PL constraint): 0 (0.00%)
		Average time per pivot: 0.30 milli
	Total number of fake pivots performed: 7278
	Total number of rows added: 0. Number of merged columns: 0
	Current tableau dimensions: M = 705, N = 2090
	--- SMT Core Statistics ---
	Total depth is 105. Total visited states: 917. Number of splits: 510. Number of pops: 406
	Max stack depth: 136
	--- Bound Tightening Statistics ---
	Number of tightened bounds: 195547.
		Number of rows examined by row tightener: 101298. Consequent tightenings: 12568
		Number of explicit basis matrices examined by row tightener: 346. Consequent tightenings: 17157
		Number of bound tightening rounds on the entire constraint matrix: 0. Consequent tightenings: 0
		Number of bound notifications sent to PL constraints: 24028. Tightenings proposed: 0
	--- Basis Factorization statistics ---
	Number of basis refactorizations: 839
	--- Projected Steepest Edge Statistics ---
	Number of iterations: 108594.
	Number of resets to reference space: 464. Avg. iterations per reset: 234
	--- SBT ---
	Number of tightened bounds: 195932
	--- SoI-based local search ---
	Number of proposed phase pattern update: 4381. Number of accepted update: 3871 [88.36%]
	Total time (% of local search time) updating SoI phase pattern : 184590 milli [0.18%]
	Total time obtaining current assignment: 1016276 milli [1.02%]
	Total time getting SoI phase pattern : 76859 milli [0.03%]
	--- Context dependent statistics ---
	Number of pushes / pops: 916 / 811
		[0.02%] Pre-Push hook: 46 milli
		[0.00%] Push : 0 milli
		[0.01%] Post-Pop hook: 26 milli
		[0.01%] Pop : 21 milli
		[0.04%] Total context-switching time: 94 milli
	--- Proof Certificate ---
	Number of certified leaves: 0
	Number of leaves to delegate: 0

00:44:17 Statistics update:
	--- Time Statistics ---
	Total time elapsed: 279865 milli (00:04:39)
		Main loop: 279360 milli (00:04:39)
		Preprocessing time: 188 milli (00:00:00)
		Unknown: 316 milli (00:00:00)
	Breakdown for main loop:
		[61.71%] Simplex steps: 172396 milli
		[30.64%] Explicit-basis bound tightening: 85592 milli
		[0.00%] Constraint-matrix bound tightening: 0 milli
		[0.92%] Degradation checking: 2566 milli
		[0.00%] Precision restoration: 0 milli
		[0.05%] Statistics handling: 125 milli
		[0.00%] Constraint-fixing steps: 0 milli
		[0.00%] Valid case splits: 6 milli. Average per split: 0.00 milli
		[0.00%] Applying stored bound-tightening: 7 milli
		[0.23%] SMT core: 646 milli
		[2.85%] Symbolic Bound Tightening: 7966 milli
		[38.44%] SoI-based local search: 107397 milli
		[0.00%] SoI-based local search: 0 milli
		[3.60%] Unaccounted for: 10051 milli
	--- Preprocessor Statistics ---
	Number of preprocessor bound-tightening loop iterations: 3
	Number of eliminated variables: 88
	Number of constraints removed due to variable elimination: 88
	Number of equations removed due to variable elimination: 0
	--- Engine Statistics ---
	Number of main loop iterations: 130000
		128603 iterations were simplex steps. Total time: 172396 milli. Average: 1.34 milli.
		0 iterations were constraint-fixing steps. Total time: 0 milli. Average: 0.00 milli
	Number of active piecewise-linear constraints: 52 / 168
		Constraints disabled by valid splits: 1. By SMT-originated splits: 115
	Last reported degradation: 0.0000000000. Max degradation so far: 0.0040384585. Restorations so far: 0
	Number of simplex pivots we attempted to skip because of instability: 18.
	Unstable pivots performed anyway: 0
	--- Tableau Statistics ---
	Total number of pivots performed: 109242
		Real pivots: 109137. Degenerate: 105 (0.10%)
		Degenerate pivots by request (e.g., to fix a PL constraint): 0 (0.00%)
		Average time per pivot: 0.30 milli
	Total number of fake pivots performed: 8175
	Total number of rows added: 0. Number of merged columns: 0
	Current tableau dimensions: M = 705, N = 2090
	--- SMT Core Statistics ---
	Total depth is 115. Total visited states: 1001. Number of splits: 556. Number of pops: 444
	Max stack depth: 136
	--- Bound Tightening Statistics ---
	Number of tightened bounds: 214545.
		Number of rows examined by row tightener: 109242. Consequent tightenings: 13603
		Number of explicit basis matrices examined by row tightener: 376. Consequent tightenings: 19970
		Number of bound tightening rounds on the entire constraint matrix: 0. Consequent tightenings: 0
		Number of bound notifications sent to PL constraints: 27075. Tightenings proposed: 0
	--- Basis Factorization statistics ---
	Number of basis refactorizations: 900
	--- Projected Steepest Edge Statistics ---
	Number of iterations: 117435.
	Number of resets to reference space: 505. Avg. iterations per reset: 232
	--- SBT ---
	Number of tightened bounds: 214930
	--- SoI-based local search ---
	Number of proposed phase pattern update: 4832. Number of accepted update: 4276 [88.49%]
	Total time (% of local search time) updating SoI phase pattern : 202758 milli [0.19%]
	Total time obtaining current assignment: 1120765 milli [1.04%]
	Total time getting SoI phase pattern : 84227 milli [0.03%]
	--- Context dependent statistics ---
	Number of pushes / pops: 1000 / 885
		[0.02%] Pre-Push hook: 49 milli
		[0.00%] Push : 0 milli
		[0.01%] Post-Pop hook: 29 milli
		[0.01%] Pop : 23 milli
		[0.04%] Total context-switching time: 102 milli
	--- Proof Certificate ---
	Number of certified leaves: 0
	Number of leaves to delegate: 0


Engine: quitting due to timeout...

Final statistics:

00:44:38 Statistics update:
	--- Time Statistics ---
	Total time elapsed: 301227 milli (00:05:01)
		Main loop: 300720 milli (00:05:00)
		Preprocessing time: 188 milli (00:00:00)
		Unknown: 318 milli (00:00:00)
	Breakdown for main loop:
		[60.96%] Simplex steps: 183330 milli
		[31.20%] Explicit-basis bound tightening: 93836 milli
		[0.00%] Constraint-matrix bound tightening: 0 milli
		[0.91%] Degradation checking: 2731 milli
		[0.00%] Precision restoration: 0 milli
		[0.04%] Statistics handling: 134 milli
		[0.00%] Constraint-fixing steps: 0 milli
		[0.00%] Valid case splits: 7 milli. Average per split: 0.00 milli
		[0.00%] Applying stored bound-tightening: 8 milli
		[0.23%] SMT core: 705 milli
		[2.85%] Symbolic Bound Tightening: 8575 milli
		[37.45%] SoI-based local search: 112611 milli
		[0.00%] SoI-based local search: 0 milli
		[3.79%] Unaccounted for: 11392 milli
	--- Preprocessor Statistics ---
	Number of preprocessor bound-tightening loop iterations: 3
	Number of eliminated variables: 88
	Number of constraints removed due to variable elimination: 88
	Number of equations removed due to variable elimination: 0
	--- Engine Statistics ---
	Number of main loop iterations: 138634
		137148 iterations were simplex steps. Total time: 183330 milli. Average: 1.34 milli.
		0 iterations were constraint-fixing steps. Total time: 0 milli. Average: 0.00 milli
	Number of active piecewise-linear constraints: 62 / 168
		Constraints disabled by valid splits: 0. By SMT-originated splits: 106
	Last reported degradation: 0.0000000000. Max degradation so far: 0.0126827003. Restorations so far: 0
	Number of simplex pivots we attempted to skip because of instability: 18.
	Unstable pivots performed anyway: 0
	--- Tableau Statistics ---
	Total number of pivots performed: 116287
		Real pivots: 116180. Degenerate: 107 (0.09%)
		Degenerate pivots by request (e.g., to fix a PL constraint): 0 (0.00%)
		Average time per pivot: 0.30 milli
	Total number of fake pivots performed: 8876
	Total number of rows added: 0. Number of merged columns: 0
	Current tableau dimensions: M = 705, N = 2090
	--- SMT Core Statistics ---
	Total depth is 106. Total visited states: 1077. Number of splits: 590. Number of pops: 486
	Max stack depth: 136
	--- Bound Tightening Statistics ---
	Number of tightened bounds: 231170.
		Number of rows examined by row tightener: 116287. Consequent tightenings: 15526
		Number of explicit basis matrices examined by row tightener: 414. Consequent tightenings: 22850
		Number of bound tightening rounds on the entire constraint matrix: 0. Consequent tightenings: 0
		Number of bound notifications sent to PL constraints: 30983. Tightenings proposed: 0
	--- Basis Factorization statistics ---
	Number of basis refactorizations: 957
	--- Projected Steepest Edge Statistics ---
	Number of iterations: 125181.
	Number of resets to reference space: 551. Avg. iterations per reset: 227
	--- SBT ---
	Number of tightened bounds: 231555
	--- SoI-based local search ---
	Number of proposed phase pattern update: 5171. Number of accepted update: 4581 [88.59%]
	Total time (% of local search time) updating SoI phase pattern : 216579 milli [0.19%]
	Total time obtaining current assignment: 1198871 milli [1.06%]
	Total time getting SoI phase pattern : 89593 milli [0.03%]
	--- Context dependent statistics ---
	Number of pushes / pops: 1076 / 970
		[0.02%] Pre-Push hook: 51 milli
		[0.00%] Push : 0 milli
		[0.01%] Post-Pop hook: 31 milli
		[0.01%] Pop : 25 milli
		[0.04%] Total context-switching time: 109 milli
	--- Proof Certificate ---
	Number of certified leaves: 0
	Number of leaves to delegate: 0
Timeout
