InputQuery: /home/levn/Workspace/othello_world/queries/probe_robust/group_5/game_109_target_5_eps_0.1.txt
Engine::processInputQuery: Input query (before preprocessing): 449 equations, 1216 variables
Engine::processInputQuery: Input query (after preprocessing): 705 equations, 1316 variables

Input bounds:
	x0: [  0.1869,   0.3869] 
	x1: [ -1.2033,  -1.0033] 
	x2: [  0.1600,   0.3600] 
	x3: [  1.9340,   2.1340] 
	x4: [ -0.4214,  -0.2214] 
	x5: [ -3.3103,  -3.1103] 
	x6: [  2.0712,   2.2712] 
	x7: [  0.8924,   1.0924] 
	x8: [ -3.4869,  -3.2869] 
	x9: [ -0.1619,   0.0381] 
	x10: [ -1.2936,  -1.0936] 
	x11: [  0.3193,   0.5193] 
	x12: [  0.2035,   0.4035] 
	x13: [ -0.5876,  -0.3876] 
	x14: [  1.6008,   1.8008] 
	x15: [ -0.6747,  -0.4747] 
	x16: [  1.0821,   1.2821] 
	x17: [  1.1657,   1.3657] 
	x18: [ -1.9236,  -1.7236] 
	x19: [ -0.3014,  -0.1014] 
	x20: [  1.4584,   1.6584] 
	x21: [  0.7498,   0.9498] 
	x22: [  2.9682,   3.1682] 
	x23: [  0.7179,   0.9179] 
	x24: [  1.1266,   1.3266] 
	x25: [ -0.7955,  -0.5955] 
	x26: [  2.0859,   2.2859] 
	x27: [ -1.6005,  -1.4005] 
	x28: [  3.3116,   3.5116] 
	x29: [  1.2879,   1.4879] 
	x30: [  0.6308,   0.8308] 
	x31: [ -1.7277,  -1.5277] 
	x32: [ -0.8840,  -0.6840] 
	x33: [  1.9174,   2.1174] 
	x34: [ -1.2521,  -1.0521] 
	x35: [ -1.4982,  -1.2982] 
	x36: [ -1.2377,  -1.0377] 
	x37: [ -0.6929,  -0.4929] 
	x38: [ -1.8411,  -1.6411] 
	x39: [ -3.8402,  -3.6402] 
	x40: [  0.0542,   0.2542] 
	x41: [  0.7269,   0.9269] 
	x42: [  1.1532,   1.3532] 
	x43: [  0.2334,   0.4334] 
	x44: [ -1.2944,  -1.0944] 
	x45: [ -0.3846,  -0.1846] 
	x46: [ -1.8767,  -1.6767] 
	x47: [ -0.7730,  -0.5730] 
	x48: [  1.0911,   1.2911] 
	x49: [  1.5013,   1.7013] 
	x50: [ -1.8017,  -1.6017] 
	x51: [ -2.4196,  -2.2196] 
	x52: [  0.3839,   0.5839] 
	x53: [  1.1532,   1.3532] 
	x54: [  0.5793,   0.7793] 
	x55: [  1.0776,   1.2776] 
	x56: [ -1.2221,  -1.0221] 
	x57: [  2.2435,   2.4435] 
	x58: [  0.4707,   0.6707] 
	x59: [ -0.3030,  -0.1030] 
	x60: [  0.2952,   0.4952] 
	x61: [ -0.8368,  -0.6368] 
	x62: [  1.3312,   1.5312] 
	x63: [ -0.5283,  -0.3283] 
	x64: [  0.3458,   0.5458] 
	x65: [ -1.7455,  -1.5455] 
	x66: [ -0.7674,  -0.5674] 
	x67: [ -0.0306,   0.1694] 
	x68: [  1.3227,   1.5227] 
	x69: [ -0.3460,  -0.1460] 
	x70: [ -0.9940,  -0.7940] 
	x71: [  0.8244,   1.0244] 
	x72: [ -1.6321,  -1.4321] 
	x73: [ -0.1613,   0.0387] 
	x74: [  0.8304,   1.0304] 
	x75: [ -1.0246,  -0.8246] 
	x76: [  0.7451,   0.9451] 
	x77: [ -1.7738,  -1.5738] 
	x78: [ -1.2218,  -1.0218] 
	x79: [ -2.3579,  -2.1579] 
	x80: [ -1.6734,  -1.4734] 
	x81: [  0.4599,   0.6599] 
	x82: [ -1.7671,  -1.5671] 
	x83: [ -1.6068,  -1.4068] 
	x84: [ -0.7432,  -0.5432] 
	x85: [  0.6606,   0.8606] 
	x86: [ -1.0014,  -0.8014] 
	x87: [ -1.6683,  -1.4683] 
	x88: [ -0.7161,  -0.5161] 
	x89: [  0.2206,   0.4206] 
	x90: [ -0.9509,  -0.7509] 
	x91: [ -1.8080,  -1.6080] 
	x92: [ -0.8649,  -0.6649] 
	x93: [ -1.1148,  -0.9148] 
	x94: [ -3.5889,  -3.3889] 
	x95: [  1.0832,   1.2832] 
	x96: [  1.2263,   1.4263] 
	x97: [ -0.2256,  -0.0256] 
	x98: [  0.0350,   0.2350] 
	x99: [ -2.2308,  -2.0308] 
	x100: [ -0.0889,   0.1111] 
	x101: [ -1.3042,  -1.1042] 
	x102: [  1.2707,   1.4707] 
	x103: [ -0.5036,  -0.3036] 
	x104: [  0.5976,   0.7976] 
	x105: [ -2.7076,  -2.5076] 
	x106: [ -1.2545,  -1.0545] 
	x107: [  0.6326,   0.8326] 
	x108: [ -0.0736,   0.1264] 
	x109: [ -0.4079,  -0.2079] 
	x110: [ -0.7396,  -0.5396] 
	x111: [ -1.1345,  -0.9345] 
	x112: [ -0.1618,   0.0382] 
	x113: [  2.0623,   2.2623] 
	x114: [  1.5500,   1.7500] 
	x115: [ -3.3096,  -3.1096] 
	x116: [  0.6266,   0.8266] 
	x117: [ -1.1345,  -0.9345] 
	x118: [ -1.6519,  -1.4519] 
	x119: [ -0.8572,  -0.6572] 
	x120: [ -0.3741,  -0.1741] 
	x121: [  1.6894,   1.8894] 
	x122: [  1.7769,   1.9769] 
	x123: [ -1.0979,  -0.8979] 
	x124: [ -1.4012,  -1.2012] 
	x125: [ -1.6590,  -1.4590] 
	x126: [ -2.7843,  -2.5843] 
	x127: [ -3.1038,  -2.9038] 
	x128: [  0.6921,   0.8921] 
	x129: [ -1.3480,  -1.1480] 
	x130: [ -2.4014,  -2.2014] 
	x131: [  1.6091,   1.8091] 
	x132: [  2.0398,   2.2398] 
	x133: [  0.1702,   0.3702] 
	x134: [  0.1486,   0.3486] 
	x135: [ -0.2430,  -0.0430] 
	x136: [  0.9220,   1.1220] 
	x137: [ -1.8254,  -1.6254] 
	x138: [ -0.3942,  -0.1942] 
	x139: [  0.1811,   0.3811] 
	x140: [  3.2391,   3.4391] 
	x141: [  0.6106,   0.8106] 
	x142: [  0.4570,   0.6570] 
	x143: [ -0.1047,   0.0953] 
	x144: [  0.0122,   0.2122] 
	x145: [ -0.4628,  -0.2628] 
	x146: [  1.0504,   1.2504] 
	x147: [ -1.4603,  -1.2603] 
	x148: [ -0.3840,  -0.1840] 
	x149: [  1.0152,   1.2152] 
	x150: [ -1.6715,  -1.4715] 
	x151: [  0.6636,   0.8636] 
	x152: [ -1.6206,  -1.4206] 
	x153: [ -1.2234,  -1.0234] 
	x154: [ -1.6692,  -1.4692] 
	x155: [  1.1500,   1.3500] 
	x156: [ -1.1280,  -0.9280] 
	x157: [  1.3081,   1.5081] 
	x158: [ -2.5816,  -2.3816] 
	x159: [ -0.1549,   0.0451] 
	x160: [  0.1068,   0.3068] 
	x161: [ -0.0101,   0.1899] 
	x162: [  1.4173,   1.6173] 
	x163: [ -1.5371,  -1.3371] 
	x164: [ -2.1828,  -1.9828] 
	x165: [  0.7038,   0.9038] 
	x166: [ -0.6470,  -0.4470] 
	x167: [  4.7980,   4.9980] 
	x168: [ -0.8300,  -0.6300] 
	x169: [ -0.9809,  -0.7809] 
	x170: [ -0.7546,  -0.5546] 
	x171: [  0.1132,   0.3132] 
	x172: [  0.1359,   0.3359] 
	x173: [  2.0483,   2.2483] 
	x174: [ -0.0890,   0.1110] 
	x175: [  1.6557,   1.8557] 
	x176: [ -1.6068,  -1.4068] 
	x177: [ -0.6297,  -0.4297] 
	x178: [ -0.1110,   0.0890] 
	x179: [ -2.5084,  -2.3084] 
	x180: [ -0.7287,  -0.5287] 
	x181: [ -1.7114,  -1.5114] 
	x182: [  1.2146,   1.4146] 
	x183: [ -3.1934,  -2.9934] 
	x184: [ -0.9139,  -0.7139] 
	x185: [ -4.3652,  -4.1652] 
	x186: [  0.4281,   0.6281] 
	x187: [ -0.7646,  -0.5646] 
	x188: [  2.3406,   2.5406] 
	x189: [ -1.6979,  -1.4979] 
	x190: [ -1.4429,  -1.2429] 
	x191: [  0.3197,   0.5197] 
	x192: [ -2.5243,  -2.3243] 
	x193: [ -0.5490,  -0.3490] 
	x194: [  1.8402,   2.0402] 
	x195: [ -1.3787,  -1.1787] 
	x196: [ -1.7316,  -1.5316] 
	x197: [ -0.4223,  -0.2223] 
	x198: [ -2.1107,  -1.9107] 
	x199: [  0.9343,   1.1343] 
	x200: [  1.0648,   1.2648] 
	x201: [  1.2187,   1.4187] 
	x202: [ -1.5771,  -1.3771] 
	x203: [  0.6420,   0.8420] 
	x204: [ -2.4589,  -2.2589] 
	x205: [ -2.3899,  -2.1899] 
	x206: [  1.5047,   1.7047] 
	x207: [ -1.8755,  -1.6755] 
	x208: [  0.0503,   0.2503] 
	x209: [  1.3008,   1.5008] 
	x210: [ -0.2629,  -0.0629] 
	x211: [ -0.9579,  -0.7579] 
	x212: [  1.4147,   1.6147] 
	x213: [ -0.0005,   0.1995] 
	x214: [  0.7305,   0.9305] 
	x215: [ -0.8630,  -0.6630] 
	x216: [ -0.1465,   0.0535] 
	x217: [ -1.0544,  -0.8544] 
	x218: [ -1.8969,  -1.6969] 
	x219: [ -0.6805,  -0.4805] 
	x220: [  0.4338,   0.6338] 
	x221: [ -2.7585,  -2.5585] 
	x222: [ -1.4504,  -1.2504] 
	x223: [  0.5866,   0.7866] 
	x224: [ -1.7688,  -1.5688] 
	x225: [ -1.7539,  -1.5539] 
	x226: [  3.1174,   3.3174] 
	x227: [ -0.9389,  -0.7389] 
	x228: [  1.2591,   1.4591] 
	x229: [  2.4087,   2.6087] 
	x230: [  2.6390,   2.8390] 
	x231: [  1.8766,   2.0766] 
	x232: [ -0.1277,   0.0723] 
	x233: [  0.7922,   0.9922] 
	x234: [ -0.3347,  -0.1347] 
	x235: [  1.9103,   2.1103] 
	x236: [  1.9422,   2.1422] 
	x237: [  0.7641,   0.9641] 
	x238: [ -1.2456,  -1.0456] 
	x239: [  4.4185,   4.6185] 
	x240: [  2.6428,   2.8428] 
	x241: [  0.4886,   0.6886] 
	x242: [  0.7459,   0.9459] 
	x243: [  2.1202,   2.3202] 
	x244: [ -0.9464,  -0.7464] 
	x245: [  0.5445,   0.7445] 
	x246: [ -0.5608,  -0.3608] 
	x247: [ -2.8029,  -2.6029] 
	x248: [ -0.9439,  -0.7439] 
	x249: [  3.0643,   3.2643] 
	x250: [ -0.0067,   0.1933] 
	x251: [  1.2969,   1.4969] 
	x252: [ -1.1467,  -0.9467] 
	x253: [ -0.6146,  -0.4146] 
	x254: [ -0.0171,   0.1829] 
	x255: [ -1.0459,  -0.8459] 
	x256: [ -1.7064,  -1.5064] 
	x257: [ -0.3177,  -0.1177] 
	x258: [ -0.6671,  -0.4671] 
	x259: [  1.5820,   1.7820] 
	x260: [  0.1907,   0.3907] 
	x261: [  0.1076,   0.3076] 
	x262: [ -0.9116,  -0.7116] 
	x263: [ -0.2227,  -0.0227] 
	x264: [ -0.6206,  -0.4206] 
	x265: [ -2.2097,  -2.0097] 
	x266: [ -0.5862,  -0.3862] 
	x267: [  1.6024,   1.8024] 
	x268: [ -3.8765,  -3.6765] 
	x269: [  1.8461,   2.0461] 
	x270: [  1.3704,   1.5704] 
	x271: [ -2.2918,  -2.0918] 
	x272: [ -0.3852,  -0.1852] 
	x273: [  0.9636,   1.1636] 
	x274: [  0.7012,   0.9012] 
	x275: [  2.6011,   2.8011] 
	x276: [  0.2511,   0.4511] 
	x277: [ -2.2438,  -2.0438] 
	x278: [ -1.9247,  -1.7247] 
	x279: [  2.4251,   2.6251] 
	x280: [  1.1834,   1.3834] 
	x281: [ -0.4164,  -0.2164] 
	x282: [ -1.2738,  -1.0738] 
	x283: [ -2.2440,  -2.0440] 
	x284: [ -3.3521,  -3.1521] 
	x285: [ -1.1693,  -0.9693] 
	x286: [ -0.1432,   0.0568] 
	x287: [ -1.4870,  -1.2870] 
	x288: [ -1.0188,  -0.8188] 
	x289: [ -1.5405,  -1.3405] 
	x290: [ -0.7066,  -0.5066] 
	x291: [ -0.0910,   0.1090] 
	x292: [  0.6693,   0.8693] 
	x293: [ -0.9363,  -0.7363] 
	x294: [  1.0670,   1.2670] 
	x295: [ -0.4846,  -0.2846] 
	x296: [ -0.8265,  -0.6265] 
	x297: [  2.0610,   2.2610] 
	x298: [ -5.0954,  -4.8954] 
	x299: [ -0.3386,  -0.1386] 
	x300: [  2.4370,   2.6370] 
	x301: [ -0.5918,  -0.3918] 
	x302: [ -0.3375,  -0.1375] 
	x303: [  1.4002,   1.6002] 
	x304: [ -1.9023,  -1.7023] 
	x305: [  2.2446,   2.4446] 
	x306: [ -0.5058,  -0.3058] 
	x307: [  0.7786,   0.9786] 
	x308: [ -2.2693,  -2.0693] 
	x309: [ -0.2759,  -0.0759] 
	x310: [  2.3775,   2.5775] 
	x311: [  0.8951,   1.0951] 
	x312: [ -0.7550,  -0.5550] 
	x313: [  0.1740,   0.3740] 
	x314: [ -0.6395,  -0.4395] 
	x315: [  0.5715,   0.7715] 
	x316: [ -0.0856,   0.1144] 
	x317: [ -1.4614,  -1.2614] 
	x318: [  2.8262,   3.0262] 
	x319: [  0.8252,   1.0252] 
	x320: [ -0.7830,  -0.5830] 
	x321: [  1.3660,   1.5660] 
	x322: [ -1.5048,  -1.3048] 
	x323: [ -2.7669,  -2.5669] 
	x324: [ -0.5809,  -0.3809] 
	x325: [ -3.5939,  -3.3939] 
	x326: [ -2.1128,  -1.9128] 
	x327: [ -1.4301,  -1.2301] 
	x328: [ -0.8751,  -0.6751] 
	x329: [ -1.2868,  -1.0868] 
	x330: [  1.1660,   1.3660] 
	x331: [ -0.5025,  -0.3025] 
	x332: [ -0.2494,  -0.0494] 
	x333: [  1.2690,   1.4690] 
	x334: [  0.1023,   0.3023] 
	x335: [ -1.3075,  -1.1075] 
	x336: [  1.4083,   1.6083] 
	x337: [  2.1264,   2.3264] 
	x338: [  0.1177,   0.3177] 
	x339: [  1.9185,   2.1185] 
	x340: [ -1.3126,  -1.1126] 
	x341: [ -1.2666,  -1.0666] 
	x342: [ -0.5988,  -0.3988] 
	x343: [  1.2899,   1.4899] 
	x344: [  0.1788,   0.3788] 
	x345: [ -0.5017,  -0.3017] 
	x346: [ -2.4553,  -2.2553] 
	x347: [ -0.9289,  -0.7289] 
	x348: [ -0.7740,  -0.5740] 
	x349: [ -1.1547,  -0.9547] 
	x350: [ -0.6674,  -0.4674] 
	x351: [  0.1297,   0.3297] 
	x352: [ -1.8557,  -1.6557] 
	x353: [  0.1713,   0.3713] 
	x354: [ -0.6172,  -0.4172] 
	x355: [ -1.0613,  -0.8613] 
	x356: [  0.4973,   0.6973] 
	x357: [  0.3076,   0.5076] 
	x358: [ -0.6971,  -0.4971] 
	x359: [ -0.5466,  -0.3466] 
	x360: [ -0.5905,  -0.3905] 
	x361: [ -1.6634,  -1.4634] 
	x362: [ -1.5685,  -1.3685] 
	x363: [ -0.5919,  -0.3919] 
	x364: [ -2.3751,  -2.1751] 
	x365: [  2.2400,   2.4400] 
	x366: [ -1.9037,  -1.7037] 
	x367: [  0.3975,   0.5975] 
	x368: [  0.7040,   0.9040] 
	x369: [  0.1835,   0.3835] 
	x370: [ -0.7662,  -0.5662] 
	x371: [ -1.3062,  -1.1062] 
	x372: [ -0.0209,   0.1791] 
	x373: [  0.3424,   0.5424] 
	x374: [  0.0127,   0.2127] 
	x375: [  0.2972,   0.4972] 
	x376: [ -2.4321,  -2.2321] 
	x377: [  0.7531,   0.9531] 
	x378: [ -0.6143,  -0.4143] 
	x379: [ -2.9775,  -2.7775] 
	x380: [ -0.3253,  -0.1253] 
	x381: [  0.4937,   0.6937] 
	x382: [ -0.7581,  -0.5581] 
	x383: [ -1.4256,  -1.2256] 
	x384: [  0.5510,   0.7510] 
	x385: [  0.4926,   0.6926] 
	x386: [  0.6367,   0.8367] 
	x387: [ -0.8611,  -0.6611] 
	x388: [  1.0136,   1.2136] 
	x389: [ -3.7192,  -3.5192] 
	x390: [ -0.2401,  -0.0401] 
	x391: [ -2.3297,  -2.1297] 
	x392: [  0.3796,   0.5796] 
	x393: [ -0.0638,   0.1362] 
	x394: [ -0.1426,   0.0574] 
	x395: [  0.8585,   1.0585] 
	x396: [  0.7153,   0.9153] 
	x397: [ -1.8896,  -1.6896] 
	x398: [ -0.4228,  -0.2228] 
	x399: [ -0.1868,   0.0132] 
	x400: [ -1.4095,  -1.2095] 
	x401: [  2.8007,   3.0007] 
	x402: [ -0.5748,  -0.3748] 
	x403: [ -2.4167,  -2.2167] 
	x404: [ -1.9049,  -1.7049] 
	x405: [  1.2083,   1.4083] 
	x406: [ -0.4450,  -0.2450] 
	x407: [  1.0622,   1.2622] 
	x408: [ -0.1119,   0.0881] 
	x409: [  1.3839,   1.5839] 
	x410: [ -0.8345,  -0.6345] 
	x411: [  1.1333,   1.3333] 
	x412: [  0.2504,   0.4504] 
	x413: [  0.7257,   0.9257] 
	x414: [ -0.2058,  -0.0058] 
	x415: [  1.0067,   1.2067] 
	x416: [ -1.9770,  -1.7770] 
	x417: [ -0.2396,  -0.0396] 
	x418: [ -0.8119,  -0.6119] 
	x419: [  1.7602,   1.9602] 
	x420: [ -1.3095,  -1.1095] 
	x421: [  1.3847,   1.5847] 
	x422: [ -0.9352,  -0.7352] 
	x423: [ -0.4798,  -0.2798] 
	x424: [ -0.7754,  -0.5754] 
	x425: [  0.5770,   0.7770] 
	x426: [ -2.4171,  -2.2171] 
	x427: [  1.4792,   1.6792] 
	x428: [  1.1102,   1.3102] 
	x429: [  1.0135,   1.2135] 
	x430: [ -0.0422,   0.1578] 
	x431: [ -2.3526,  -2.1526] 
	x432: [  0.3197,   0.5197] 
	x433: [ -0.7908,  -0.5908] 
	x434: [  1.2110,   1.4110] 
	x435: [  0.7079,   0.9079] 
	x436: [  1.3776,   1.5776] 
	x437: [  0.2420,   0.4420] 
	x438: [ -1.0443,  -0.8443] 
	x439: [  1.6735,   1.8735] 
	x440: [ -1.6006,  -1.4006] 
	x441: [ -0.4490,  -0.2490] 
	x442: [  1.2044,   1.4044] 
	x443: [ -0.1841,   0.0159] 
	x444: [ -0.1858,   0.0142] 
	x445: [  0.1803,   0.3803] 
	x446: [ -0.1913,   0.0087] 
	x447: [  0.8450,   1.0450] 
	x448: [  0.6345,   0.8345] 
	x449: [  1.1398,   1.3398] 
	x450: [ -2.7854,  -2.5854] 
	x451: [  1.6170,   1.8170] 
	x452: [ -3.0496,  -2.8496] 
	x453: [ -0.5868,  -0.3868] 
	x454: [ -0.7287,  -0.5287] 
	x455: [  0.9182,   1.1182] 
	x456: [  0.3127,   0.5127] 
	x457: [  0.2430,   0.4430] 
	x458: [ -1.0887,  -0.8887] 
	x459: [ -0.6596,  -0.4596] 
	x460: [  2.3565,   2.5565] 
	x461: [  1.2590,   1.4590] 
	x462: [ -1.7536,  -1.5536] 
	x463: [ -1.9188,  -1.7188] 
	x464: [ -2.2286,  -2.0286] 
	x465: [  0.6490,   0.8490] 
	x466: [  0.6931,   0.8931] 
	x467: [ -2.7496,  -2.5496] 
	x468: [  0.3278,   0.5278] 
	x469: [ -0.1852,   0.0148] 
	x470: [ -0.5586,  -0.3586] 
	x471: [  0.2762,   0.4762] 
	x472: [  1.2863,   1.4863] 
	x473: [  2.5732,   2.7732] 
	x474: [  1.5682,   1.7682] 
	x475: [  0.4118,   0.6118] 
	x476: [ -2.1942,  -1.9942] 
	x477: [  1.0905,   1.2905] 
	x478: [  0.2951,   0.4951] 
	x479: [  5.5474,   5.7474] 
	x480: [  1.1399,   1.3399] 
	x481: [  1.0157,   1.2157] 
	x482: [  0.1005,   0.3005] 
	x483: [  0.3052,   0.5052] 
	x484: [  2.4158,   2.6158] 
	x485: [ -1.7245,  -1.5245] 
	x486: [ -2.1905,  -1.9905] 
	x487: [ -2.0340,  -1.8340] 
	x488: [ -1.4773,  -1.2773] 
	x489: [ -0.3146,  -0.1146] 
	x490: [  3.0350,   3.2350] 
	x491: [  2.4916,   2.6916] 
	x492: [ -0.6589,  -0.4589] 
	x493: [  0.9416,   1.1416] 
	x494: [  3.0125,   3.2125] 
	x495: [  3.4687,   3.6687] 
	x496: [ -0.3210,  -0.1210] 
	x497: [  0.8026,   1.0026] 
	x498: [  2.0836,   2.2836] 
	x499: [  0.9608,   1.1608] 
	x500: [ -0.5383,  -0.3383] 
	x501: [  0.3155,   0.5155] 
	x502: [  0.8406,   1.0406] 
	x503: [ -0.6225,  -0.4225] 
	x504: [ -0.9978,  -0.7978] 
	x505: [  1.1834,   1.3834] 
	x506: [  2.1002,   2.3002] 
	x507: [ -1.3710,  -1.1710] 
	x508: [  1.4464,   1.6464] 
	x509: [ -1.4485,  -1.2485] 
	x510: [ -1.2462,  -1.0462] 
	x511: [ -0.6171,  -0.4171] 

Branching heuristics set to PseudoImpact

Engine::solve: Initial statistics

23:20:36 Statistics update:
	--- Time Statistics ---
	Total time elapsed: 526 milli (00:00:00)
		Main loop: 0 milli (00:00:00)
		Preprocessing time: 206 milli (00:00:00)
		Unknown: 320 milli (00:00:00)
	Breakdown for main loop:
		[0.00%] Simplex steps: 0 milli
		[0.00%] Explicit-basis bound tightening: 0 milli
		[0.00%] Constraint-matrix bound tightening: 0 milli
		[0.00%] Degradation checking: 0 milli
		[0.00%] Precision restoration: 0 milli
		[0.00%] Statistics handling: 0 milli
		[0.00%] Constraint-fixing steps: 0 milli
		[0.00%] Valid case splits: 0 milli. Average per split: 0.00 milli
		[0.00%] Applying stored bound-tightening: 0 milli
		[0.00%] SMT core: 0 milli
		[0.00%] Symbolic Bound Tightening: 12 milli
		[0.00%] SoI-based local search: 0 milli
		[0.00%] SoI-based local search: 0 milli
		[0.00%] Unaccounted for: 0 milli
	--- Preprocessor Statistics ---
	Number of preprocessor bound-tightening loop iterations: 3
	Number of eliminated variables: 157
	Number of constraints removed due to variable elimination: 157
	Number of equations removed due to variable elimination: 0
	--- Engine Statistics ---
	Number of main loop iterations: 1
		0 iterations were simplex steps. Total time: 0 milli. Average: 0.00 milli.
		0 iterations were constraint-fixing steps. Total time: 0 milli. Average: 0.00 milli
	Number of active piecewise-linear constraints: 99 / 99
		Constraints disabled by valid splits: 0. By SMT-originated splits: 0
	Last reported degradation: 0.0000000000. Max degradation so far: 0.0000000000. Restorations so far: 0
	Number of simplex pivots we attempted to skip because of instability: 0.
	Unstable pivots performed anyway: 0
	--- Tableau Statistics ---
	Total number of pivots performed: 0
		Real pivots: 0. Degenerate: 0 (0.00%)
		Degenerate pivots by request (e.g., to fix a PL constraint): 0 (0.00%)
		Average time per pivot: 0.00 milli
	Total number of fake pivots performed: 0
	Total number of rows added: 0. Number of merged columns: 0
	Current tableau dimensions: M = 705, N = 2021
	--- SMT Core Statistics ---
	Total depth is 0. Total visited states: 1. Number of splits: 0. Number of pops: 0
	Max stack depth: 0
	--- Bound Tightening Statistics ---
	Number of tightened bounds: 0.
		Number of rows examined by row tightener: 0. Consequent tightenings: 0
		Number of explicit basis matrices examined by row tightener: 0. Consequent tightenings: 0
		Number of bound tightening rounds on the entire constraint matrix: 0. Consequent tightenings: 0
		Number of bound notifications sent to PL constraints: 594. Tightenings proposed: 0
	--- Basis Factorization statistics ---
	Number of basis refactorizations: 2
	--- Projected Steepest Edge Statistics ---
	Number of iterations: 0.
	Number of resets to reference space: 1. Avg. iterations per reset: 0
	--- SBT ---
	Number of tightened bounds: 385
	--- SoI-based local search ---
	Number of proposed phase pattern update: 0. Number of accepted update: 0 [0.00%]
	Total time (% of local search time) updating SoI phase pattern : 0 milli [0.00%]
	Total time obtaining current assignment: 0 milli [0.00%]
	Total time getting SoI phase pattern : 0 milli [0.00%]
	--- Context dependent statistics ---
	Number of pushes / pops: 0 / 0
		[0.00%] Pre-Push hook: 0 milli
		[0.00%] Push : 0 milli
		[0.00%] Post-Pop hook: 0 milli
		[0.00%] Pop : 0 milli
		[0.00%] Total context-switching time: 0 milli
	--- Proof Certificate ---
	Number of certified leaves: 0
	Number of leaves to delegate: 0

---

Engine::solve: sat assignment found

23:20:39 Statistics update:
	--- Time Statistics ---
	Total time elapsed: 3664 milli (00:00:03)
		Main loop: 3137 milli (00:00:03)
		Preprocessing time: 206 milli (00:00:00)
		Unknown: 320 milli (00:00:00)
	Breakdown for main loop:
		[15.56%] Simplex steps: 488 milli
		[83.74%] Explicit-basis bound tightening: 2627 milli
		[0.00%] Constraint-matrix bound tightening: 0 milli
		[0.30%] Degradation checking: 9 milli
		[0.00%] Precision restoration: 0 milli
		[0.03%] Statistics handling: 1 milli
		[0.00%] Constraint-fixing steps: 0 milli
		[0.01%] Valid case splits: 0 milli. Average per split: 0.00 milli
		[0.00%] Applying stored bound-tightening: 0 milli
		[0.00%] SMT core: 0 milli
		[0.65%] Symbolic Bound Tightening: 20 milli
		[2.99%] SoI-based local search: 93 milli
		[0.00%] SoI-based local search: 0 milli
		[587888945982736.38%] Unaccounted for: 0 milli
	--- Preprocessor Statistics ---
	Number of preprocessor bound-tightening loop iterations: 3
	Number of eliminated variables: 157
	Number of constraints removed due to variable elimination: 157
	Number of equations removed due to variable elimination: 0
	--- Engine Statistics ---
	Number of main loop iterations: 476
		474 iterations were simplex steps. Total time: 488 milli. Average: 1.03 milli.
		0 iterations were constraint-fixing steps. Total time: 0 milli. Average: 0.00 milli
	Number of active piecewise-linear constraints: 99 / 99
		Constraints disabled by valid splits: 0. By SMT-originated splits: 0
	Last reported degradation: 0.0000000481. Max degradation so far: 0.0000000000. Restorations so far: 0
	Number of simplex pivots we attempted to skip because of instability: 0.
	Unstable pivots performed anyway: 0
	--- Tableau Statistics ---
	Total number of pivots performed: 412
		Real pivots: 412. Degenerate: 0 (0.00%)
		Degenerate pivots by request (e.g., to fix a PL constraint): 0 (0.00%)
		Average time per pivot: 0.21 milli
	Total number of fake pivots performed: 60
	Total number of rows added: 0. Number of merged columns: 0
	Current tableau dimensions: M = 705, N = 2021
	--- SMT Core Statistics ---
	Total depth is 0. Total visited states: 1. Number of splits: 0. Number of pops: 0
	Max stack depth: 0
	--- Bound Tightening Statistics ---
	Number of tightened bounds: 0.
		Number of rows examined by row tightener: 412. Consequent tightenings: 0
		Number of explicit basis matrices examined by row tightener: 12. Consequent tightenings: 306
		Number of bound tightening rounds on the entire constraint matrix: 0. Consequent tightenings: 0
		Number of bound notifications sent to PL constraints: 1188. Tightenings proposed: 0
	--- Basis Factorization statistics ---
	Number of basis refactorizations: 5
	--- Projected Steepest Edge Statistics ---
	Number of iterations: 472.
	Number of resets to reference space: 1. Avg. iterations per reset: 472
	--- SBT ---
	Number of tightened bounds: 385
	--- SoI-based local search ---
	Number of proposed phase pattern update: 0. Number of accepted update: 1 [0.00%]
	Total time (% of local search time) updating SoI phase pattern : 360 milli [0.38%]
	Total time obtaining current assignment: 149 milli [0.16%]
	Total time getting SoI phase pattern : 38 milli [0.00%]
	--- Context dependent statistics ---
	Number of pushes / pops: 0 / 0
		[0.00%] Pre-Push hook: 0 milli
		[0.00%] Push : 0 milli
		[0.00%] Post-Pop hook: 0 milli
		[0.00%] Pop : 0 milli
		[0.00%] Total context-switching time: 0 milli
	--- Proof Certificate ---
	Number of certified leaves: 0
	Number of leaves to delegate: 0
sat
Input assignment:
	x0 = 0.186902
	x1 = -1.003336
	x2 = 0.359961
	x3 = 1.934018
	x4 = -0.421446
	x5 = -3.310256
	x6 = 2.271214
	x7 = 1.092445
	x8 = -3.286878
	x9 = -0.161878
	x10 = -1.093614
	x11 = 0.519334
	x12 = 0.403516
	x13 = -0.387559
	x14 = 1.800819
	x15 = -0.474710
	x16 = 1.082094
	x17 = 1.365746
	x18 = -1.723593
	x19 = -0.301365
	x20 = 1.458355
	x21 = 0.749785
	x22 = 3.168209
	x23 = 0.717890
	x24 = 1.326570
	x25 = -0.595528
	x26 = 2.085898
	x27 = -1.400450
	x28 = 3.311556
	x29 = 1.487851
	x30 = 0.630811
	x31 = -1.727689
	x32 = -0.683976
	x33 = 1.917371
	x34 = -1.252055
	x35 = -1.298200
	x36 = -1.037688
	x37 = -0.692925
	x38 = -1.641095
	x39 = -3.640207
	x40 = 0.254210
	x41 = 0.726851
	x42 = 1.153176
	x43 = 0.433408
	x44 = -1.094441
	x45 = -0.384597
	x46 = -1.676731
	x47 = -0.572980
	x48 = 1.091061
	x49 = 1.701343
	x50 = -1.601672
	x51 = -2.219632
	x52 = 0.383934
	x53 = 1.153165
	x54 = 0.579308
	x55 = 1.277575
	x56 = -1.022061
	x57 = 2.443542
	x58 = 0.670737
	x59 = -0.303035
	x60 = 0.295224
	x61 = -0.636805
	x62 = 1.331246
	x63 = -0.528290
	x64 = 0.345792
	x65 = -1.545498
	x66 = -0.767362
	x67 = -0.030556
	x68 = 1.522737
	x69 = -0.345967
	x70 = -0.793995
	x71 = 1.024359
	x72 = -1.432062
	x73 = -0.161278
	x74 = 1.030410
	x75 = -1.024631
	x76 = 0.745092
	x77 = -1.573778
	x78 = -1.221785
	x79 = -2.357862
	x80 = -1.673366
	x81 = 0.459859
	x82 = -1.567120
	x83 = -1.406780
	x84 = -0.543228
	x85 = 0.660590
	x86 = -0.801446
	x87 = -1.468308
	x88 = -0.716089
	x89 = 0.220579
	x90 = -0.750863
	x91 = -1.807958
	x92 = -0.864947
	x93 = -1.114789
	x94 = -3.588854
	x95 = 1.083157
	x96 = 1.226275
	x97 = -0.025563
	x98 = 0.235015
	x99 = -2.230826
	x100 = 0.111106
	x101 = -1.104211
	x102 = 1.270655
	x103 = -0.303639
	x104 = 0.597582
	x105 = -2.507569
	x106 = -1.054507
	x107 = 0.632612
	x108 = 0.126409
	x109 = -0.207876
	x110 = -0.539646
	x111 = -1.134543
	x112 = -0.161818
	x113 = 2.062283
	x114 = 1.549988
	x115 = -3.309597
	x116 = 0.626586
	x117 = -1.134517
	x118 = -1.451881
	x119 = -0.657212
	x120 = -0.374138
	x121 = 1.689438
	x122 = 1.776903
	x123 = -1.097905
	x124 = -1.201224
	x125 = -1.658962
	x126 = -2.584337
	x127 = -3.103834
	x128 = 0.692120
	x129 = -1.348035
	x130 = -2.201413
	x131 = 1.609097
	x132 = 2.239847
	x133 = 0.370229
	x134 = 0.148607
	x135 = -0.243026
	x136 = 0.922048
	x137 = -1.825377
	x138 = -0.394194
	x139 = 0.181069
	x140 = 3.435915
	x141 = 0.810565
	x142 = 0.457010
	x143 = 0.095303
	x144 = 0.012187
	x145 = -0.262809
	x146 = 1.250404
	x147 = -1.460306
	x148 = -0.384002
	x149 = 1.215152
	x150 = -1.671475
	x151 = 0.863598
	x152 = -1.620608
	x153 = -1.223358
	x154 = -1.669231
	x155 = 1.149991
	x156 = -0.927980
	x157 = 1.308081
	x158 = -2.581643
	x159 = 0.045121
	x160 = 0.306769
	x161 = 0.189894
	x162 = 1.417307
	x163 = -1.537123
	x164 = -1.982758
	x165 = 0.903849
	x166 = -0.646965
	x167 = 4.797979
	x168 = -0.629966
	x169 = -0.780912
	x170 = -0.554568
	x171 = 0.313194
	x172 = 0.335884
	x173 = 2.048272
	x174 = -0.088981
	x175 = 1.855718
	x176 = -1.606775
	x177 = -0.629705
	x178 = -0.111036
	x179 = -2.508425
	x180 = -0.528726
	x181 = -1.711395
	x182 = 1.214646
	x183 = -2.993435
	x184 = -0.713852
	x185 = -4.365180
	x186 = 0.428094
	x187 = -0.564636
	x188 = 2.340637
	x189 = -1.497904
	x190 = -1.442867
	x191 = 0.519699
	x192 = -2.324275
	x193 = -0.348963
	x194 = 1.840217
	x195 = -1.178722
	x196 = -1.531626
	x197 = -0.422253
	x198 = -2.110715
	x199 = 0.934286
	x200 = 1.264758
	x201 = 1.418693
	x202 = -1.577070
	x203 = 0.841983
	x204 = -2.458869
	x205 = -2.389892
	x206 = 1.704724
	x207 = -1.875504
	x208 = 0.250336
	x209 = 1.500777
	x210 = -0.062901
	x211 = -0.957899
	x212 = 1.614737
	x213 = -0.000541
	x214 = 0.930535
	x215 = -0.862985
	x216 = 0.053541
	x217 = -1.054444
	x218 = -1.696860
	x219 = -0.680494
	x220 = 0.433778
	x221 = -2.758519
	x222 = -1.250392
	x223 = 0.786639
	x224 = -1.768792
	x225 = -1.553897
	x226 = 3.317445
	x227 = -0.738893
	x228 = 1.459118
	x229 = 2.608737
	x230 = 2.638966
	x231 = 2.076579
	x232 = -0.127723
	x233 = 0.992158
	x234 = -0.134670
	x235 = 1.910299
	x236 = 2.142219
	x237 = 0.764105
	x238 = -1.245648
	x239 = 4.618468
	x240 = 2.642762
	x241 = 0.688642
	x242 = 0.745877
	x243 = 2.120167
	x244 = -0.746402
	x245 = 0.744504
	x246 = -0.360772
	x247 = -2.602917
	x248 = -0.943893
	x249 = 3.064268
	x250 = -0.006673
	x251 = 1.296943
	x252 = -1.146689
	x253 = -0.414640
	x254 = 0.182914
	x255 = -1.045921
	x256 = -1.706448
	x257 = -0.117654
	x258 = -0.667105
	x259 = 1.581967
	x260 = 0.190743
	x261 = 0.307638
	x262 = -0.711649
	x263 = -0.022727
	x264 = -0.620639
	x265 = -2.009701
	x266 = -0.386184
	x267 = 1.802399
	x268 = -3.876459
	x269 = 2.046088
	x270 = 1.570409
	x271 = -2.091841
	x272 = -0.385193
	x273 = 0.963570
	x274 = 0.901161
	x275 = 2.601102
	x276 = 0.451059
	x277 = -2.043772
	x278 = -1.724711
	x279 = 2.625123
	x280 = 1.183372
	x281 = -0.216409
	x282 = -1.273810
	x283 = -2.044018
	x284 = -3.152060
	x285 = -1.169278
	x286 = 0.056782
	x287 = -1.287006
	x288 = -0.818799
	x289 = -1.340533
	x290 = -0.506635
	x291 = -0.090983
	x292 = 0.869344
	x293 = -0.936270
	x294 = 1.067031
	x295 = -0.484634
	x296 = -0.626525
	x297 = 2.061000
	x298 = -4.895425
	x299 = -0.338647
	x300 = 2.637017
	x301 = -0.591842
	x302 = -0.137473
	x303 = 1.600244
	x304 = -1.702280
	x305 = 2.244639
	x306 = -0.505753
	x307 = 0.978591
	x308 = -2.269299
	x309 = -0.275905
	x310 = 2.377493
	x311 = 0.895076
	x312 = -0.755033
	x313 = 0.173984
	x314 = -0.439525
	x315 = 0.571486
	x316 = -0.085622
	x317 = -1.461389
	x318 = 2.826241
	x319 = 0.825186
	x320 = -0.782961
	x321 = 1.565954
	x322 = -1.304774
	x323 = -2.766919
	x324 = -0.580948
	x325 = -3.593899
	x326 = -1.912758
	x327 = -1.230104
	x328 = -0.675095
	x329 = -1.286802
	x330 = 1.166003
	x331 = -0.302452
	x332 = -0.249390
	x333 = 1.269038
	x334 = 0.302284
	x335 = -1.107532
	x336 = 1.608332
	x337 = 2.326398
	x338 = 0.117660
	x339 = 2.118514
	x340 = -1.312586
	x341 = -1.266606
	x342 = -0.398822
	x343 = 1.489929
	x344 = 0.178755
	x345 = -0.301738
	x346 = -2.255345
	x347 = -0.728874
	x348 = -0.774037
	x349 = -1.154734
	x350 = -0.467374
	x351 = 0.329677
	x352 = -1.655676
	x353 = 0.171332
	x354 = -0.617189
	x355 = -1.061283
	x356 = 0.497319
	x357 = 0.507596
	x358 = -0.697098
	x359 = -0.346645
	x360 = -0.590550
	x361 = -1.463400
	x362 = -1.368485
	x363 = -0.591934
	x364 = -2.375078
	x365 = 2.440026
	x366 = -1.903699
	x367 = 0.597486
	x368 = 0.703969
	x369 = 0.183540
	x370 = -0.566173
	x371 = -1.106178
	x372 = 0.179097
	x373 = 0.342353
	x374 = 0.012717
	x375 = 0.497221
	x376 = -2.232065
	x377 = 0.753079
	x378 = -0.614266
	x379 = -2.777482
	x380 = -0.125332
	x381 = 0.493681
	x382 = -0.558075
	x383 = -1.225572
	x384 = 0.551002
	x385 = 0.692572
	x386 = 0.636687
	x387 = -0.661105
	x388 = 1.013616
	x389 = -3.719245
	x390 = -0.040082
	x391 = -2.329690
	x392 = 0.579574
	x393 = -0.063845
	x394 = 0.057403
	x395 = 0.858519
	x396 = 0.915346
	x397 = -1.689607
	x398 = -0.422759
	x399 = -0.186825
	x400 = -1.209515
	x401 = 3.000656
	x402 = -0.574838
	x403 = -2.416658
	x404 = -1.904910
	x405 = 1.208337
	x406 = -0.445032
	x407 = 1.262194
	x408 = -0.111881
	x409 = 1.383861
	x410 = -0.634465
	x411 = 1.133279
	x412 = 0.250434
	x413 = 0.925685
	x414 = -0.005835
	x415 = 1.006722
	x416 = -1.976952
	x417 = -0.239584
	x418 = -0.611935
	x419 = 1.760211
	x420 = -1.109530
	x421 = 1.384748
	x422 = -0.735188
	x423 = -0.279809
	x424 = -0.775419
	x425 = 0.777008
	x426 = -2.417112
	x427 = 1.679152
	x428 = 1.110236
	x429 = 1.213476
	x430 = -0.042248
	x431 = -2.352591
	x432 = 0.519710
	x433 = -0.590834
	x434 = 1.211046
	x435 = 0.707876
	x436 = 1.577562
	x437 = 0.442010
	x438 = -0.844264
	x439 = 1.673495
	x440 = -1.400595
	x441 = -0.249001
	x442 = 1.404377
	x443 = 0.015858
	x444 = -0.185800
	x445 = 0.380334
	x446 = 0.008687
	x447 = 1.044956
	x448 = 0.834506
	x449 = 1.339797
	x450 = -2.585418
	x451 = 1.617037
	x452 = -3.049586
	x453 = -0.586753
	x454 = -0.728670
	x455 = 1.118247
	x456 = 0.512660
	x457 = 0.242970
	x458 = -1.088704
	x459 = -0.459643
	x460 = 2.556531
	x461 = 1.259034
	x462 = -1.753620
	x463 = -1.718848
	x464 = -2.028625
	x465 = 0.848958
	x466 = 0.893120
	x467 = -2.749569
	x468 = 0.327767
	x469 = 0.014839
	x470 = -0.358573
	x471 = 0.276241
	x472 = 1.286288
	x473 = 2.773245
	x474 = 1.768151
	x475 = 0.411839
	x476 = -1.994204
	x477 = 1.290505
	x478 = 0.295140
	x479 = 5.547445
	x480 = 1.139901
	x481 = 1.215750
	x482 = 0.300490
	x483 = 0.305183
	x484 = 2.615831
	x485 = -1.524458
	x486 = -1.990519
	x487 = -2.034026
	x488 = -1.277325
	x489 = -0.114565
	x490 = 3.234960
	x491 = 2.691574
	x492 = -0.458908
	x493 = 0.941621
	x494 = 3.012502
	x495 = 3.668718
	x496 = -0.320976
	x497 = 1.002572
	x498 = 2.083647
	x499 = 0.960830
	x500 = -0.538253
	x501 = 0.515474
	x502 = 0.840615
	x503 = -0.422533
	x504 = -0.997800
	x505 = 1.383387
	x506 = 2.300205
	x507 = -1.370985
	x508 = 1.646389
	x509 = -1.248539
	x510 = -1.246230
	x511 = -0.417093

Output:
	y0 = -9.231305
	y1 = 9.447384
	y2 = -8.104310
	y3 = -10.396378
	y4 = 5.430256
	y5 = -10.612917
	y6 = -8.608991
	y7 = 4.776146
	y8 = -7.299726
	y9 = -7.728495
	y10 = 3.192817
	y11 = -7.788605
	y12 = -6.545533
	y13 = 5.043345
	y14 = -4.431255
	y15 = -4.959638
	y16 = -3.729243
	y17 = -3.729233
	y18 = -6.833742
	y19 = 5.064867
	y20 = -5.066799
	y21 = -9.717879
	y22 = 5.319524
	y23 = -11.913403
	y24 = -10.178495
	y25 = 5.702536
	y26 = -8.818577
	y27 = -16.317082
	y28 = 18.832261
	y29 = -14.085637
	y30 = -6.365471
	y31 = 6.002527
	y32 = -4.887391
	y33 = -2.348102
	y34 = 8.015331
	y35 = -4.300754
	y36 = -1.233278
	y37 = 7.374388
	y38 = -3.873879
	y39 = -5.527944
	y40 = 9.195971
	y41 = -1.980862
	y42 = -8.816893
	y43 = 4.862670
	y44 = -10.488894
	y45 = -9.948463
	y46 = 5.503952
	y47 = -9.281540
	y48 = -8.077942
	y49 = 6.709471
	y50 = -7.479111
	y51 = -6.596645
	y52 = 7.285974
	y53 = -6.733061
	y54 = -0.687542
	y55 = -17.157847
	y56 = 4.571550
	y57 = 3.559802
	y58 = -9.328718
	y59 = -2.392723
	y60 = 0.257752
	y61 = 9.108568
	y62 = -1.693679
	y63 = 3.709555
	y64 = -2.700261
	y65 = -2.899633
	y66 = -6.677406
	y67 = 6.047258
	y68 = -7.414577
	y69 = -10.443630
	y70 = 3.916680
	y71 = -8.192821
	y72 = -8.886200
	y73 = 8.254818
	y74 = -7.270522
	y75 = -5.521985
	y76 = 16.996754
	y77 = -4.417784
	y78 = -1.264401
	y79 = -9.525644
	y80 = 4.708680
	y81 = 12.137025
	y82 = -19.266839
	y83 = 16.473816
	y84 = 12.733158
	y85 = -18.592187
	y86 = 7.381008
	y87 = 3.024002
	y88 = -3.566669
	y89 = -2.348553
	y90 = -4.489749
	y91 = 9.097694
	y92 = -6.076172
	y93 = -8.224452
	y94 = 7.500918
	y95 = -7.920675
	y96 = -10.189036
	y97 = 8.230021
	y98 = -8.828043
	y99 = -5.626563
	y100 = 16.195043
	y101 = -6.587723
	y102 = -0.817458
	y103 = -4.702928
	y104 = 3.873288
	y105 = 16.861793
	y106 = -17.628613
	y107 = 10.202415
	y108 = 13.435313
	y109 = -19.919488
	y110 = 8.495340
	y111 = -1.996396
	y112 = -7.561638
	y113 = 3.808337
	y114 = -4.405563
	y115 = 12.277461
	y116 = -6.469460
	y117 = -6.027264
	y118 = 5.899124
	y119 = -6.976311
	y120 = -7.165447
	y121 = 10.057538
	y122 = -8.208447
	y123 = -3.759552
	y124 = -6.675830
	y125 = -1.507031
	y126 = -5.168126
	y127 = 7.387625
	y128 = -5.074763
	y129 = 4.608602
	y130 = -11.607586
	y131 = 0.816362
	y132 = 1.571553
	y133 = -0.237563
	y134 = 8.660365
	y135 = -0.791280
	y136 = -10.418043
	y137 = 7.178682
	y138 = -8.927251
	y139 = 15.151031
	y140 = -6.924951
	y141 = -6.901532
	y142 = 4.917428
	y143 = -6.487784
	y144 = -10.284127
	y145 = 5.651422
	y146 = -9.053490
	y147 = -9.940401
	y148 = 3.735887
	y149 = -12.254164
	y150 = -9.343221
	y151 = 22.128204
	y152 = -8.228992
	y153 = -3.384853
	y154 = -5.144039
	y155 = 1.741421
	y156 = 0.466031
	y157 = -14.995169
	y158 = -2.787217
	y159 = -7.730144
	y160 = 10.833265
	y161 = -8.488077
	y162 = -12.936408
	y163 = 18.846101
	y164 = -12.378288
	y165 = -8.612344
	y166 = 7.405635
	y167 = -8.937891
	y168 = -7.463249
	y169 = 6.896809
	y170 = -10.152262
	y171 = -7.632368
	y172 = 8.368322
	y173 = -8.914100
	y174 = -7.880041
	y175 = 4.097800
	y176 = -2.976188
	y177 = -12.488464
	y178 = 18.484996
	y179 = -10.228360
	y180 = -9.830602
	y181 = 3.386093
	y182 = -8.748656
	y183 = -9.248604
	y184 = 6.327856
	y185 = -8.549102
	y186 = -9.126598
	y187 = 1.803930
	y188 = -7.357550
	y189 = -10.070105
	y190 = 5.457949
	y191 = -10.279237

