InputQuery: /home/levn/Workspace/othello_world/queries/probe_robust/group_5/game_85_target_12_eps_0.1.txt
Engine::processInputQuery: Input query (before preprocessing): 449 equations, 1216 variables
Engine::processInputQuery: Input query (after preprocessing): 705 equations, 1385 variables

Input bounds:
	x0: [ -1.8230,  -1.6230] 
	x1: [ -0.7667,  -0.5667] 
	x2: [ -2.1760,  -1.9760] 
	x3: [ -0.9751,  -0.7751] 
	x4: [  1.4393,   1.6393] 
	x5: [  1.2232,   1.4232] 
	x6: [ -0.7967,  -0.5967] 
	x7: [  0.5230,   0.7230] 
	x8: [ -1.4828,  -1.2828] 
	x9: [ -1.0624,  -0.8624] 
	x10: [  1.0502,   1.2502] 
	x11: [  0.1095,   0.3095] 
	x12: [ -3.9427,  -3.7427] 
	x13: [  0.8940,   1.0940] 
	x14: [ -1.7954,  -1.5954] 
	x15: [ -0.7194,  -0.5194] 
	x16: [ -0.2552,  -0.0552] 
	x17: [ -0.2485,  -0.0485] 
	x18: [ -0.2121,  -0.0121] 
	x19: [  0.0512,   0.2512] 
	x20: [  0.6554,   0.8554] 
	x21: [  0.7255,   0.9255] 
	x22: [ -2.7823,  -2.5823] 
	x23: [ -0.4624,  -0.2624] 
	x24: [ -0.2367,  -0.0367] 
	x25: [  1.5211,   1.7211] 
	x26: [  2.2013,   2.4013] 
	x27: [ -0.9850,  -0.7850] 
	x28: [ -1.0238,  -0.8238] 
	x29: [  0.1914,   0.3914] 
	x30: [  0.2217,   0.4217] 
	x31: [ -0.1415,   0.0585] 
	x32: [  0.9229,   1.1229] 
	x33: [  1.5175,   1.7175] 
	x34: [ -0.9292,  -0.7292] 
	x35: [ -0.0046,   0.1954] 
	x36: [ -0.6264,  -0.4264] 
	x37: [ -1.9765,  -1.7765] 
	x38: [  2.1188,   2.3188] 
	x39: [ -2.1627,  -1.9627] 
	x40: [ -0.2155,  -0.0155] 
	x41: [  0.7769,   0.9769] 
	x42: [  0.7551,   0.9551] 
	x43: [  1.0803,   1.2803] 
	x44: [  0.4269,   0.6269] 
	x45: [  0.1841,   0.3841] 
	x46: [ -1.7299,  -1.5299] 
	x47: [  1.8606,   2.0606] 
	x48: [ -0.3277,  -0.1277] 
	x49: [ -2.6797,  -2.4797] 
	x50: [  0.2016,   0.4016] 
	x51: [  1.2906,   1.4906] 
	x52: [  1.5089,   1.7089] 
	x53: [  0.2484,   0.4484] 
	x54: [ -0.7194,  -0.5194] 
	x55: [  2.8662,   3.0662] 
	x56: [ -0.5057,  -0.3057] 
	x57: [  1.1899,   1.3899] 
	x58: [  1.3594,   1.5594] 
	x59: [ -1.5889,  -1.3889] 
	x60: [ -1.8319,  -1.6319] 
	x61: [  0.6779,   0.8779] 
	x62: [  2.6629,   2.8629] 
	x63: [  0.9013,   1.1013] 
	x64: [ -2.7356,  -2.5356] 
	x65: [ -0.2306,  -0.0306] 
	x66: [ -3.5173,  -3.3173] 
	x67: [ -2.0497,  -1.8497] 
	x68: [ -0.3649,  -0.1649] 
	x69: [  0.7295,   0.9295] 
	x70: [ -3.8378,  -3.6378] 
	x71: [  1.0860,   1.2860] 
	x72: [ -2.5723,  -2.3723] 
	x73: [  1.3480,   1.5480] 
	x74: [ -2.0841,  -1.8841] 
	x75: [ -2.1702,  -1.9702] 
	x76: [  0.1959,   0.3959] 
	x77: [  1.0583,   1.2583] 
	x78: [  3.0828,   3.2828] 
	x79: [  1.9659,   2.1659] 
	x80: [ -2.2751,  -2.0751] 
	x81: [  0.1307,   0.3307] 
	x82: [ -2.8370,  -2.6370] 
	x83: [ -1.7722,  -1.5722] 
	x84: [ -0.6614,  -0.4614] 
	x85: [  0.4195,   0.6195] 
	x86: [  0.8090,   1.0090] 
	x87: [  0.4056,   0.6056] 
	x88: [  2.3211,   2.5211] 
	x89: [ -0.8694,  -0.6694] 
	x90: [  0.1930,   0.3930] 
	x91: [  0.0127,   0.2127] 
	x92: [  0.1017,   0.3017] 
	x93: [ -0.5571,  -0.3571] 
	x94: [ -2.1144,  -1.9144] 
	x95: [  0.6253,   0.8253] 
	x96: [ -0.2679,  -0.0679] 
	x97: [  0.7755,   0.9755] 
	x98: [  1.9958,   2.1958] 
	x99: [  1.9013,   2.1013] 
	x100: [ -1.0086,  -0.8086] 
	x101: [  2.4207,   2.6207] 
	x102: [  2.3967,   2.5967] 
	x103: [ -2.4017,  -2.2017] 
	x104: [ -0.2786,  -0.0786] 
	x105: [ -0.4499,  -0.2499] 
	x106: [  0.8048,   1.0048] 
	x107: [ -0.4524,  -0.2524] 
	x108: [  0.3922,   0.5922] 
	x109: [  3.6597,   3.8597] 
	x110: [ -0.8177,  -0.6177] 
	x111: [  1.2915,   1.4915] 
	x112: [  1.4251,   1.6251] 
	x113: [ -1.3930,  -1.1930] 
	x114: [ -1.8925,  -1.6925] 
	x115: [  1.2906,   1.4906] 
	x116: [  2.0632,   2.2632] 
	x117: [ -2.0088,  -1.8088] 
	x118: [  0.3583,   0.5583] 
	x119: [ -2.0122,  -1.8122] 
	x120: [ -0.1195,   0.0805] 
	x121: [  0.2212,   0.4212] 
	x122: [  0.9471,   1.1471] 
	x123: [ -3.9294,  -3.7294] 
	x124: [  1.7786,   1.9786] 
	x125: [  1.9001,   2.1001] 
	x126: [ -0.4614,  -0.2614] 
	x127: [  0.9877,   1.1877] 
	x128: [  2.3238,   2.5238] 
	x129: [  1.4363,   1.6363] 
	x130: [  0.8020,   1.0020] 
	x131: [ -0.4995,  -0.2995] 
	x132: [ -1.0103,  -0.8103] 
	x133: [ -1.8639,  -1.6639] 
	x134: [ -0.7126,  -0.5126] 
	x135: [ -0.6044,  -0.4044] 
	x136: [ -1.1279,  -0.9279] 
	x137: [  0.2186,   0.4186] 
	x138: [  0.5114,   0.7114] 
	x139: [ -1.3183,  -1.1183] 
	x140: [  2.2862,   2.4862] 
	x141: [  1.1692,   1.3692] 
	x142: [  0.2422,   0.4422] 
	x143: [  1.1745,   1.3745] 
	x144: [ -2.0815,  -1.8815] 
	x145: [  1.6694,   1.8694] 
	x146: [  0.0328,   0.2328] 
	x147: [  0.5944,   0.7944] 
	x148: [  2.1951,   2.3951] 
	x149: [  0.1651,   0.3651] 
	x150: [ -0.3068,  -0.1068] 
	x151: [  3.0946,   3.2946] 
	x152: [  1.7566,   1.9566] 
	x153: [ -1.7779,  -1.5779] 
	x154: [ -0.4566,  -0.2566] 
	x155: [  1.5430,   1.7430] 
	x156: [  0.3894,   0.5894] 
	x157: [  1.8557,   2.0557] 
	x158: [ -0.7469,  -0.5469] 
	x159: [ -0.0381,   0.1619] 
	x160: [ -1.6748,  -1.4748] 
	x161: [  0.2584,   0.4584] 
	x162: [ -0.5187,  -0.3187] 
	x163: [ -1.6444,  -1.4444] 
	x164: [  0.3878,   0.5878] 
	x165: [  0.7614,   0.9614] 
	x166: [ -0.1180,   0.0820] 
	x167: [  1.6685,   1.8685] 
	x168: [ -2.1251,  -1.9251] 
	x169: [ -0.1051,   0.0949] 
	x170: [  2.1394,   2.3394] 
	x171: [  0.0796,   0.2796] 
	x172: [ -0.4285,  -0.2285] 
	x173: [ -0.0904,   0.1096] 
	x174: [ -0.3396,  -0.1396] 
	x175: [ -0.2056,  -0.0056] 
	x176: [ -0.4043,  -0.2043] 
	x177: [ -1.3060,  -1.1060] 
	x178: [ -1.1116,  -0.9116] 
	x179: [ -3.1941,  -2.9941] 
	x180: [ -1.5373,  -1.3373] 
	x181: [ -1.9656,  -1.7656] 
	x182: [  0.5004,   0.7004] 
	x183: [  1.3882,   1.5882] 
	x184: [ -2.0242,  -1.8242] 
	x185: [ -0.6864,  -0.4864] 
	x186: [  0.3140,   0.5140] 
	x187: [ -2.4869,  -2.2869] 
	x188: [  1.1748,   1.3748] 
	x189: [ -2.2356,  -2.0356] 
	x190: [ -0.6418,  -0.4418] 
	x191: [  2.4685,   2.6685] 
	x192: [ -0.3634,  -0.1634] 
	x193: [  0.6709,   0.8709] 
	x194: [ -1.6074,  -1.4074] 
	x195: [ -0.9594,  -0.7594] 
	x196: [  1.4527,   1.6527] 
	x197: [  1.2380,   1.4380] 
	x198: [ -2.7299,  -2.5299] 
	x199: [  0.3741,   0.5741] 
	x200: [  0.4705,   0.6705] 
	x201: [ -0.1613,   0.0387] 
	x202: [  0.0500,   0.2500] 
	x203: [ -0.7494,  -0.5494] 
	x204: [  1.2466,   1.4466] 
	x205: [  0.6472,   0.8472] 
	x206: [  0.5027,   0.7027] 
	x207: [ -6.8497,  -6.6497] 
	x208: [ -2.3943,  -2.1943] 
	x209: [ -0.0587,   0.1413] 
	x210: [ -0.4334,  -0.2334] 
	x211: [ -0.4633,  -0.2633] 
	x212: [  1.0917,   1.2917] 
	x213: [  0.7991,   0.9991] 
	x214: [ -0.9034,  -0.7034] 
	x215: [  1.2969,   1.4969] 
	x216: [ -0.2365,  -0.0365] 
	x217: [ -1.9138,  -1.7138] 
	x218: [  1.3209,   1.5209] 
	x219: [ -0.2745,  -0.0745] 
	x220: [ -2.2958,  -2.0958] 
	x221: [  1.1481,   1.3481] 
	x222: [ -2.1267,  -1.9267] 
	x223: [ -2.4833,  -2.2833] 
	x224: [  0.5060,   0.7060] 
	x225: [  0.3154,   0.5154] 
	x226: [  1.0440,   1.2440] 
	x227: [  1.0998,   1.2998] 
	x228: [  0.5050,   0.7050] 
	x229: [ -1.8417,  -1.6417] 
	x230: [  3.7077,   3.9077] 
	x231: [  1.2781,   1.4781] 
	x232: [ -1.2132,  -1.0132] 
	x233: [  1.8588,   2.0588] 
	x234: [  1.0450,   1.2450] 
	x235: [ -0.8891,  -0.6891] 
	x236: [  1.0104,   1.2104] 
	x237: [  0.3753,   0.5753] 
	x238: [  2.6183,   2.8183] 
	x239: [ -0.8353,  -0.6353] 
	x240: [  0.1722,   0.3722] 
	x241: [ -2.4149,  -2.2149] 
	x242: [  0.7048,   0.9048] 
	x243: [ -1.1256,  -0.9256] 
	x244: [ -1.9046,  -1.7046] 
	x245: [ -1.5765,  -1.3765] 
	x246: [ -1.4719,  -1.2719] 
	x247: [ -0.7185,  -0.5185] 
	x248: [ -2.1281,  -1.9281] 
	x249: [ -1.2053,  -1.0053] 
	x250: [  0.4692,   0.6692] 
	x251: [  0.1184,   0.3184] 
	x252: [ -1.0715,  -0.8715] 
	x253: [  0.6390,   0.8390] 
	x254: [  0.3576,   0.5576] 
	x255: [ -0.3056,  -0.1056] 
	x256: [  1.1144,   1.3144] 
	x257: [  2.4817,   2.6817] 
	x258: [ -2.4283,  -2.2283] 
	x259: [  0.8941,   1.0941] 
	x260: [ -0.5572,  -0.3572] 
	x261: [ -0.4654,  -0.2654] 
	x262: [ -1.1765,  -0.9765] 
	x263: [ -1.3600,  -1.1600] 
	x264: [ -1.1111,  -0.9111] 
	x265: [ -0.5847,  -0.3847] 
	x266: [  0.9780,   1.1780] 
	x267: [  0.5758,   0.7758] 
	x268: [ -1.2954,  -1.0954] 
	x269: [ -0.6638,  -0.4638] 
	x270: [  0.6910,   0.8910] 
	x271: [ -1.0873,  -0.8873] 
	x272: [ -0.5885,  -0.3885] 
	x273: [ -0.9761,  -0.7761] 
	x274: [  0.6991,   0.8991] 
	x275: [  1.1022,   1.3022] 
	x276: [ -2.2641,  -2.0641] 
	x277: [ -1.0985,  -0.8985] 
	x278: [ -0.9731,  -0.7731] 
	x279: [  2.6979,   2.8979] 
	x280: [ -1.0938,  -0.8938] 
	x281: [ -2.9890,  -2.7890] 
	x282: [ -2.5457,  -2.3457] 
	x283: [ -3.4556,  -3.2556] 
	x284: [ -0.0356,   0.1644] 
	x285: [  0.5366,   0.7366] 
	x286: [ -0.7864,  -0.5864] 
	x287: [  0.3786,   0.5786] 
	x288: [ -2.7721,  -2.5721] 
	x289: [  0.1138,   0.3138] 
	x290: [  0.5098,   0.7098] 
	x291: [ -1.7644,  -1.5644] 
	x292: [  0.8171,   1.0171] 
	x293: [ -0.3815,  -0.1815] 
	x294: [  2.0192,   2.2192] 
	x295: [  1.2268,   1.4268] 
	x296: [  1.3199,   1.5199] 
	x297: [ -0.6799,  -0.4799] 
	x298: [ -0.1621,   0.0379] 
	x299: [ -2.3825,  -2.1825] 
	x300: [ -3.5959,  -3.3959] 
	x301: [  0.0417,   0.2417] 
	x302: [  1.3854,   1.5854] 
	x303: [ -0.0392,   0.1608] 
	x304: [ -0.1112,   0.0888] 
	x305: [ -0.2776,  -0.0776] 
	x306: [  0.5564,   0.7564] 
	x307: [ -1.0982,  -0.8982] 
	x308: [ -3.6704,  -3.4704] 
	x309: [  0.8253,   1.0253] 
	x310: [ -0.5106,  -0.3106] 
	x311: [  2.2201,   2.4201] 
	x312: [  3.0835,   3.2835] 
	x313: [ -1.3687,  -1.1687] 
	x314: [ -0.8587,  -0.6587] 
	x315: [  0.2614,   0.4614] 
	x316: [  0.5737,   0.7737] 
	x317: [ -1.0733,  -0.8733] 
	x318: [  1.1482,   1.3482] 
	x319: [ -0.0986,   0.1014] 
	x320: [ -0.3757,  -0.1757] 
	x321: [ -0.5572,  -0.3572] 
	x322: [ -1.7492,  -1.5492] 
	x323: [  0.9483,   1.1483] 
	x324: [  0.0649,   0.2649] 
	x325: [ -0.9436,  -0.7436] 
	x326: [ -1.9380,  -1.7380] 
	x327: [  0.2407,   0.4407] 
	x328: [  3.7671,   3.9671] 
	x329: [ -1.6403,  -1.4403] 
	x330: [ -0.8235,  -0.6235] 
	x331: [ -0.9116,  -0.7116] 
	x332: [  1.2181,   1.4181] 
	x333: [  0.1825,   0.3825] 
	x334: [ -2.4103,  -2.2103] 
	x335: [  1.4299,   1.6299] 
	x336: [ -1.1993,  -0.9993] 
	x337: [  1.5083,   1.7083] 
	x338: [ -0.7129,  -0.5129] 
	x339: [ -0.1168,   0.0832] 
	x340: [  0.3549,   0.5549] 
	x341: [ -0.6596,  -0.4596] 
	x342: [  1.3761,   1.5761] 
	x343: [ -1.1715,  -0.9715] 
	x344: [  1.9060,   2.1060] 
	x345: [  0.8866,   1.0866] 
	x346: [ -0.2099,  -0.0099] 
	x347: [ -1.8164,  -1.6164] 
	x348: [ -0.5904,  -0.3904] 
	x349: [ -0.1547,   0.0453] 
	x350: [  1.9328,   2.1328] 
	x351: [  1.3260,   1.5260] 
	x352: [ -2.1339,  -1.9339] 
	x353: [ -1.3040,  -1.1040] 
	x354: [  0.4806,   0.6806] 
	x355: [  0.0587,   0.2587] 
	x356: [  0.6826,   0.8826] 
	x357: [ -0.3616,  -0.1616] 
	x358: [  1.4720,   1.6720] 
	x359: [ -0.0482,   0.1518] 
	x360: [ -1.5963,  -1.3963] 
	x361: [  0.6629,   0.8629] 
	x362: [ -0.4319,  -0.2319] 
	x363: [ -1.9860,  -1.7860] 
	x364: [  1.1075,   1.3075] 
	x365: [  1.3599,   1.5599] 
	x366: [ -1.5881,  -1.3881] 
	x367: [  2.4203,   2.6203] 
	x368: [  0.9925,   1.1925] 
	x369: [ -1.2278,  -1.0278] 
	x370: [  0.1212,   0.3212] 
	x371: [  0.7888,   0.9888] 
	x372: [  0.0797,   0.2797] 
	x373: [  1.9335,   2.1335] 
	x374: [ -0.9425,  -0.7425] 
	x375: [  0.3492,   0.5492] 
	x376: [ -1.9332,  -1.7332] 
	x377: [ -0.5767,  -0.3767] 
	x378: [ -0.7904,  -0.5904] 
	x379: [  3.1172,   3.3172] 
	x380: [  1.8605,   2.0605] 
	x381: [ -0.4154,  -0.2154] 
	x382: [ -1.3080,  -1.1080] 
	x383: [ -1.0793,  -0.8793] 
	x384: [  0.1102,   0.3102] 
	x385: [  0.3766,   0.5766] 
	x386: [ -1.4333,  -1.2333] 
	x387: [ -0.7045,  -0.5045] 
	x388: [ -0.1364,   0.0636] 
	x389: [  3.0764,   3.2764] 
	x390: [ -1.5107,  -1.3107] 
	x391: [  1.5068,   1.7068] 
	x392: [ -0.2851,  -0.0851] 
	x393: [ -1.8272,  -1.6272] 
	x394: [  1.0476,   1.2476] 
	x395: [  2.6028,   2.8028] 
	x396: [  1.3992,   1.5992] 
	x397: [ -0.3167,  -0.1167] 
	x398: [  1.4605,   1.6605] 
	x399: [ -2.9190,  -2.7190] 
	x400: [  1.1156,   1.3156] 
	x401: [ -0.0621,   0.1379] 
	x402: [ -0.8296,  -0.6296] 
	x403: [ -1.3875,  -1.1875] 
	x404: [ -0.2478,  -0.0478] 
	x405: [  0.1400,   0.3400] 
	x406: [  0.7725,   0.9725] 
	x407: [  0.4818,   0.6818] 
	x408: [  3.0148,   3.2148] 
	x409: [ -1.4757,  -1.2757] 
	x410: [ -1.6503,  -1.4503] 
	x411: [ -0.6515,  -0.4515] 
	x412: [  3.0225,   3.2225] 
	x413: [ -0.9315,  -0.7315] 
	x414: [  0.7138,   0.9138] 
	x415: [ -0.3396,  -0.1396] 
	x416: [ -0.5022,  -0.3022] 
	x417: [ -0.5140,  -0.3140] 
	x418: [ -0.4970,  -0.2970] 
	x419: [  0.0010,   0.2010] 
	x420: [ -2.2726,  -2.0726] 
	x421: [ -1.4693,  -1.2693] 
	x422: [  2.2791,   2.4791] 
	x423: [ -0.8073,  -0.6073] 
	x424: [ -1.1368,  -0.9368] 
	x425: [  0.1149,   0.3149] 
	x426: [ -1.2603,  -1.0603] 
	x427: [ -1.6930,  -1.4930] 
	x428: [ -1.6949,  -1.4949] 
	x429: [  1.5683,   1.7683] 
	x430: [ -0.9703,  -0.7703] 
	x431: [  1.6586,   1.8586] 
	x432: [  0.2725,   0.4725] 
	x433: [  0.8781,   1.0781] 
	x434: [  3.0915,   3.2915] 
	x435: [ -0.4425,  -0.2425] 
	x436: [ -1.2043,  -1.0043] 
	x437: [ -1.4991,  -1.2991] 
	x438: [  0.3614,   0.5614] 
	x439: [ -0.1423,   0.0577] 
	x440: [  0.8200,   1.0200] 
	x441: [ -0.0746,   0.1254] 
	x442: [ -3.0997,  -2.8997] 
	x443: [ -1.1120,  -0.9120] 
	x444: [  2.0351,   2.2351] 
	x445: [  0.1439,   0.3439] 
	x446: [ -1.1265,  -0.9265] 
	x447: [  0.9444,   1.1444] 
	x448: [ -0.1093,   0.0907] 
	x449: [ -1.4266,  -1.2266] 
	x450: [ -1.8406,  -1.6406] 
	x451: [ -1.2629,  -1.0629] 
	x452: [  0.8420,   1.0420] 
	x453: [ -0.7646,  -0.5646] 
	x454: [  0.8512,   1.0512] 
	x455: [ -3.2679,  -3.0679] 
	x456: [ -1.5172,  -1.3172] 
	x457: [ -0.6616,  -0.4616] 
	x458: [ -0.5384,  -0.3384] 
	x459: [ -0.5823,  -0.3823] 
	x460: [  7.7467,   7.9467] 
	x461: [ -0.9075,  -0.7075] 
	x462: [ -0.4182,  -0.2182] 
	x463: [ -2.2007,  -2.0007] 
	x464: [  0.3181,   0.5181] 
	x465: [  0.2930,   0.4930] 
	x466: [  0.8022,   1.0022] 
	x467: [  0.4480,   0.6480] 
	x468: [ -0.6156,  -0.4156] 
	x469: [  1.1391,   1.3391] 
	x470: [ -3.2685,  -3.0685] 
	x471: [  1.1297,   1.3297] 
	x472: [  2.8694,   3.0694] 
	x473: [ -0.0871,   0.1129] 
	x474: [ -1.8325,  -1.6325] 
	x475: [  0.1870,   0.3870] 
	x476: [  0.2672,   0.4672] 
	x477: [  0.7839,   0.9839] 
	x478: [ -0.4284,  -0.2284] 
	x479: [  7.6286,   7.8286] 
	x480: [ -0.0363,   0.1637] 
	x481: [ -0.9660,  -0.7660] 
	x482: [ -1.3346,  -1.1346] 
	x483: [ -0.3149,  -0.1149] 
	x484: [  1.8828,   2.0828] 
	x485: [  0.9474,   1.1474] 
	x486: [ -1.5026,  -1.3026] 
	x487: [  1.0715,   1.2715] 
	x488: [  2.2145,   2.4145] 
	x489: [  0.6934,   0.8934] 
	x490: [ -3.5121,  -3.3121] 
	x491: [ -2.9432,  -2.7432] 
	x492: [  1.0055,   1.2055] 
	x493: [ -2.2758,  -2.0758] 
	x494: [ -0.1377,   0.0623] 
	x495: [ -0.6902,  -0.4902] 
	x496: [  0.1329,   0.3329] 
	x497: [ -0.1535,   0.0465] 
	x498: [  1.5737,   1.7737] 
	x499: [  0.9350,   1.1350] 
	x500: [  0.0789,   0.2789] 
	x501: [  0.4167,   0.6167] 
	x502: [ -0.1487,   0.0513] 
	x503: [ -1.3405,  -1.1405] 
	x504: [ -1.3674,  -1.1674] 
	x505: [ -2.1808,  -1.9808] 
	x506: [  0.3970,   0.5970] 
	x507: [ -0.6997,  -0.4997] 
	x508: [  0.3239,   0.5239] 
	x509: [  1.8603,   2.0603] 
	x510: [  1.6941,   1.8941] 
	x511: [ -1.0396,  -0.8396] 

Branching heuristics set to PseudoImpact

Engine::solve: Initial statistics

00:34:29 Statistics update:
	--- Time Statistics ---
	Total time elapsed: 485 milli (00:00:00)
		Main loop: 0 milli (00:00:00)
		Preprocessing time: 189 milli (00:00:00)
		Unknown: 295 milli (00:00:00)
	Breakdown for main loop:
		[0.00%] Simplex steps: 0 milli
		[0.00%] Explicit-basis bound tightening: 0 milli
		[0.00%] Constraint-matrix bound tightening: 0 milli
		[0.00%] Degradation checking: 0 milli
		[0.00%] Precision restoration: 0 milli
		[0.00%] Statistics handling: 0 milli
		[0.00%] Constraint-fixing steps: 0 milli
		[0.00%] Valid case splits: 0 milli. Average per split: 0.00 milli
		[0.00%] Applying stored bound-tightening: 0 milli
		[0.00%] SMT core: 0 milli
		[0.00%] Symbolic Bound Tightening: 12 milli
		[0.00%] SoI-based local search: 0 milli
		[0.00%] SoI-based local search: 0 milli
		[0.00%] Unaccounted for: 0 milli
	--- Preprocessor Statistics ---
	Number of preprocessor bound-tightening loop iterations: 3
	Number of eliminated variables: 88
	Number of constraints removed due to variable elimination: 88
	Number of equations removed due to variable elimination: 0
	--- Engine Statistics ---
	Number of main loop iterations: 1
		0 iterations were simplex steps. Total time: 0 milli. Average: 0.00 milli.
		0 iterations were constraint-fixing steps. Total time: 0 milli. Average: 0.00 milli
	Number of active piecewise-linear constraints: 168 / 168
		Constraints disabled by valid splits: 0. By SMT-originated splits: 0
	Last reported degradation: 0.0000000000. Max degradation so far: 0.0000000000. Restorations so far: 0
	Number of simplex pivots we attempted to skip because of instability: 0.
	Unstable pivots performed anyway: 0
	--- Tableau Statistics ---
	Total number of pivots performed: 0
		Real pivots: 0. Degenerate: 0 (0.00%)
		Degenerate pivots by request (e.g., to fix a PL constraint): 0 (0.00%)
		Average time per pivot: 0.00 milli
	Total number of fake pivots performed: 0
	Total number of rows added: 0. Number of merged columns: 0
	Current tableau dimensions: M = 705, N = 2090
	--- SMT Core Statistics ---
	Total depth is 0. Total visited states: 1. Number of splits: 0. Number of pops: 0
	Max stack depth: 0
	--- Bound Tightening Statistics ---
	Number of tightened bounds: 0.
		Number of rows examined by row tightener: 0. Consequent tightenings: 0
		Number of explicit basis matrices examined by row tightener: 0. Consequent tightenings: 0
		Number of bound tightening rounds on the entire constraint matrix: 0. Consequent tightenings: 0
		Number of bound notifications sent to PL constraints: 1008. Tightenings proposed: 0
	--- Basis Factorization statistics ---
	Number of basis refactorizations: 2
	--- Projected Steepest Edge Statistics ---
	Number of iterations: 0.
	Number of resets to reference space: 1. Avg. iterations per reset: 0
	--- SBT ---
	Number of tightened bounds: 385
	--- SoI-based local search ---
	Number of proposed phase pattern update: 0. Number of accepted update: 0 [0.00%]
	Total time (% of local search time) updating SoI phase pattern : 0 milli [0.00%]
	Total time obtaining current assignment: 0 milli [0.00%]
	Total time getting SoI phase pattern : 0 milli [0.00%]
	--- Context dependent statistics ---
	Number of pushes / pops: 0 / 0
		[0.00%] Pre-Push hook: 0 milli
		[0.00%] Push : 0 milli
		[0.00%] Post-Pop hook: 0 milli
		[0.00%] Pop : 0 milli
		[0.00%] Total context-switching time: 0 milli
	--- Proof Certificate ---
	Number of certified leaves: 0
	Number of leaves to delegate: 0

---

Engine::solve: sat assignment found

00:34:32 Statistics update:
	--- Time Statistics ---
	Total time elapsed: 3803 milli (00:00:03)
		Main loop: 3317 milli (00:00:03)
		Preprocessing time: 189 milli (00:00:00)
		Unknown: 296 milli (00:00:00)
	Breakdown for main loop:
		[34.18%] Simplex steps: 1133 milli
		[64.78%] Explicit-basis bound tightening: 2149 milli
		[0.00%] Constraint-matrix bound tightening: 0 milli
		[0.60%] Degradation checking: 19 milli
		[0.00%] Precision restoration: 0 milli
		[0.03%] Statistics handling: 0 milli
		[0.00%] Constraint-fixing steps: 0 milli
		[0.00%] Valid case splits: 0 milli. Average per split: 0.00 milli
		[0.00%] Applying stored bound-tightening: 0 milli
		[0.00%] SMT core: 0 milli
		[0.62%] Symbolic Bound Tightening: 20 milli
		[12.77%] SoI-based local search: 423 milli
		[0.00%] SoI-based local search: 0 milli
		[556038165531170.38%] Unaccounted for: 0 milli
	--- Preprocessor Statistics ---
	Number of preprocessor bound-tightening loop iterations: 3
	Number of eliminated variables: 88
	Number of constraints removed due to variable elimination: 88
	Number of equations removed due to variable elimination: 0
	--- Engine Statistics ---
	Number of main loop iterations: 943
		941 iterations were simplex steps. Total time: 1133 milli. Average: 1.20 milli.
		0 iterations were constraint-fixing steps. Total time: 0 milli. Average: 0.00 milli
	Number of active piecewise-linear constraints: 168 / 168
		Constraints disabled by valid splits: 0. By SMT-originated splits: 0
	Last reported degradation: 0.0000000830. Max degradation so far: 0.0000000000. Restorations so far: 0
	Number of simplex pivots we attempted to skip because of instability: 0.
	Unstable pivots performed anyway: 0
	--- Tableau Statistics ---
	Total number of pivots performed: 923
		Real pivots: 923. Degenerate: 0 (0.00%)
		Degenerate pivots by request (e.g., to fix a PL constraint): 0 (0.00%)
		Average time per pivot: 0.19 milli
	Total number of fake pivots performed: 14
	Total number of rows added: 0. Number of merged columns: 0
	Current tableau dimensions: M = 705, N = 2090
	--- SMT Core Statistics ---
	Total depth is 0. Total visited states: 1. Number of splits: 0. Number of pops: 0
	Max stack depth: 0
	--- Bound Tightening Statistics ---
	Number of tightened bounds: 0.
		Number of rows examined by row tightener: 923. Consequent tightenings: 0
		Number of explicit basis matrices examined by row tightener: 9. Consequent tightenings: 272
		Number of bound tightening rounds on the entire constraint matrix: 0. Consequent tightenings: 0
		Number of bound notifications sent to PL constraints: 2016. Tightenings proposed: 0
	--- Basis Factorization statistics ---
	Number of basis refactorizations: 10
	--- Projected Steepest Edge Statistics ---
	Number of iterations: 937.
	Number of resets to reference space: 2. Avg. iterations per reset: 468
	--- SBT ---
	Number of tightened bounds: 385
	--- SoI-based local search ---
	Number of proposed phase pattern update: 1. Number of accepted update: 2 [200.00%]
	Total time (% of local search time) updating SoI phase pattern : 383 milli [0.09%]
	Total time obtaining current assignment: 453 milli [0.11%]
	Total time getting SoI phase pattern : 137 milli [0.00%]
	--- Context dependent statistics ---
	Number of pushes / pops: 0 / 0
		[0.00%] Pre-Push hook: 0 milli
		[0.00%] Push : 0 milli
		[0.00%] Post-Pop hook: 0 milli
		[0.00%] Pop : 0 milli
		[0.00%] Total context-switching time: 0 milli
	--- Proof Certificate ---
	Number of certified leaves: 0
	Number of leaves to delegate: 0
sat
Input assignment:
	x0 = -1.823036
	x1 = -0.566680
	x2 = -1.976035
	x3 = -0.975113
	x4 = 1.439328
	x5 = 1.423169
	x6 = -0.596672
	x7 = 0.722966
	x8 = -1.282771
	x9 = -0.862389
	x10 = 1.250168
	x11 = 0.309534
	x12 = -3.942750
	x13 = 0.893964
	x14 = -1.595352
	x15 = -0.519378
	x16 = -0.055182
	x17 = -0.248490
	x18 = -0.012077
	x19 = 0.051219
	x20 = 0.655411
	x21 = 0.725532
	x22 = -2.782301
	x23 = -0.462415
	x24 = -0.036709
	x25 = 1.521057
	x26 = 2.201262
	x27 = -0.785011
	x28 = -0.823838
	x29 = 0.191390
	x30 = 0.421725
	x31 = -0.141457
	x32 = 1.122851
	x33 = 1.717525
	x34 = -0.929215
	x35 = -0.004589
	x36 = -0.426370
	x37 = -1.776478
	x38 = 2.118820
	x39 = -1.962701
	x40 = -0.215499
	x41 = 0.776888
	x42 = 0.955067
	x43 = 1.080258
	x44 = 0.426894
	x45 = 0.184093
	x46 = -1.529857
	x47 = 2.060580
	x48 = -0.327664
	x49 = -2.479711
	x50 = 0.401582
	x51 = 1.490616
	x52 = 1.508934
	x53 = 0.248420
	x54 = -0.519401
	x55 = 3.066238
	x56 = -0.505690
	x57 = 1.189937
	x58 = 1.359427
	x59 = -1.588912
	x60 = -1.831899
	x61 = 0.877942
	x62 = 2.662924
	x63 = 0.901342
	x64 = -2.535550
	x65 = -0.230627
	x66 = -3.317293
	x67 = -1.849725
	x68 = -0.164916
	x69 = 0.929547
	x70 = -3.637762
	x71 = 1.086038
	x72 = -2.372320
	x73 = 1.348020
	x74 = -1.884064
	x75 = -2.170245
	x76 = 0.395881
	x77 = 1.258329
	x78 = 3.282779
	x79 = 1.965879
	x80 = -2.275089
	x81 = 0.130652
	x82 = -2.836990
	x83 = -1.772186
	x84 = -0.661412
	x85 = 0.619522
	x86 = 1.009004
	x87 = 0.605588
	x88 = 2.521081
	x89 = -0.669362
	x90 = 0.393047
	x91 = 0.212652
	x92 = 0.301723
	x93 = -0.357128
	x94 = -1.914398
	x95 = 0.625319
	x96 = -0.067923
	x97 = 0.975455
	x98 = 1.995763
	x99 = 1.901282
	x100 = -0.808616
	x101 = 2.420685
	x102 = 2.596709
	x103 = -2.201709
	x104 = -0.078594
	x105 = -0.249874
	x106 = 1.004790
	x107 = -0.252367
	x108 = 0.592233
	x109 = 3.859706
	x110 = -0.817738
	x111 = 1.291505
	x112 = 1.425069
	x113 = -1.392982
	x114 = -1.692455
	x115 = 1.490643
	x116 = 2.063160
	x117 = -1.808847
	x118 = 0.558302
	x119 = -2.012180
	x120 = -0.119523
	x121 = 0.221222
	x122 = 0.947105
	x123 = -3.729446
	x124 = 1.778622
	x125 = 2.100069
	x126 = -0.261363
	x127 = 1.187709
	x128 = 2.323774
	x129 = 1.636271
	x130 = 0.801994
	x131 = -0.499504
	x132 = -0.810296
	x133 = -1.663888
	x134 = -0.512563
	x135 = -0.604385
	x136 = -0.927906
	x137 = 0.418621
	x138 = 0.711355
	x139 = -1.118256
	x140 = 2.286172
	x141 = 1.169203
	x142 = 0.242227
	x143 = 1.374477
	x144 = -2.081530
	x145 = 1.869413
	x146 = 0.232763
	x147 = 0.594356
	x148 = 2.395097
	x149 = 0.365134
	x150 = -0.306765
	x151 = 3.294596
	x152 = 1.756607
	x153 = -1.777948
	x154 = -0.256613
	x155 = 1.742969
	x156 = 0.589406
	x157 = 1.855675
	x158 = -0.746862
	x159 = -0.038144
	x160 = -1.474778
	x161 = 0.258429
	x162 = -0.518662
	x163 = -1.444442
	x164 = 0.587769
	x165 = 0.961392
	x166 = 0.081986
	x167 = 1.868452
	x168 = -1.925148
	x169 = -0.105058
	x170 = 2.339354
	x171 = 0.279610
	x172 = -0.228465
	x173 = 0.109631
	x174 = -0.139605
	x175 = -0.205614
	x176 = -0.204274
	x177 = -1.106014
	x178 = -1.111571
	x179 = -2.994128
	x180 = -1.337319
	x181 = -1.765643
	x182 = 0.700387
	x183 = 1.473548
	x184 = -1.824155
	x185 = -0.486362
	x186 = 0.513968
	x187 = -2.286935
	x188 = 1.174778
	x189 = -2.235561
	x190 = -0.441782
	x191 = 2.668508
	x192 = -0.163360
	x193 = 0.870858
	x194 = -1.407351
	x195 = -0.759421
	x196 = 1.652744
	x197 = 1.237987
	x198 = -2.729897
	x199 = 0.374149
	x200 = 0.470548
	x201 = 0.038698
	x202 = 0.049965
	x203 = -0.549386
	x204 = 1.446574
	x205 = 0.647245
	x206 = 0.702695
	x207 = -6.649673
	x208 = -2.194263
	x209 = 0.141264
	x210 = -0.233437
	x211 = -0.463345
	x212 = 1.291669
	x213 = 0.999066
	x214 = -0.703356
	x215 = 1.496902
	x216 = -0.036473
	x217 = -1.913816
	x218 = 1.320898
	x219 = -0.074544
	x220 = -2.295834
	x221 = 1.148051
	x222 = -1.926655
	x223 = -2.283275
	x224 = 0.705973
	x225 = 0.315368
	x226 = 1.244028
	x227 = 1.099785
	x228 = 0.504977
	x229 = -1.641713
	x230 = 3.707688
	x231 = 1.478058
	x232 = -1.213198
	x233 = 2.058847
	x234 = 1.044994
	x235 = -0.689092
	x236 = 1.210392
	x237 = 0.575320
	x238 = 2.618343
	x239 = -0.835270
	x240 = 0.372209
	x241 = -2.414934
	x242 = 0.704778
	x243 = -1.125597
	x244 = -1.704628
	x245 = -1.376498
	x246 = -1.271894
	x247 = -0.718451
	x248 = -1.928145
	x249 = -1.205269
	x250 = 0.469153
	x251 = 0.318407
	x252 = -0.871490
	x253 = 0.639026
	x254 = 0.557610
	x255 = -0.305612
	x256 = 1.114420
	x257 = 2.681685
	x258 = -2.428281
	x259 = 1.094110
	x260 = -0.357214
	x261 = -0.465425
	x262 = -1.176527
	x263 = -1.360002
	x264 = -1.111103
	x265 = -0.584694
	x266 = 0.977986
	x267 = 0.775788
	x268 = -1.095393
	x269 = -0.663781
	x270 = 0.890995
	x271 = -1.087334
	x272 = -0.388504
	x273 = -0.776096
	x274 = 0.699083
	x275 = 1.102191
	x276 = -2.064103
	x277 = -0.898522
	x278 = -0.973137
	x279 = 2.697928
	x280 = -0.893751
	x281 = -2.989046
	x282 = -2.545719
	x283 = -3.455588
	x284 = 0.164383
	x285 = 0.736597
	x286 = -0.586446
	x287 = 0.578605
	x288 = -2.572118
	x289 = 0.313808
	x290 = 0.509789
	x291 = -1.764405
	x292 = 1.017075
	x293 = -0.381507
	x294 = 2.219174
	x295 = 1.226773
	x296 = 1.319904
	x297 = -0.479939
	x298 = 0.037934
	x299 = -2.182503
	x300 = -3.395877
	x301 = 0.241651
	x302 = 1.385442
	x303 = 0.160803
	x304 = 0.088775
	x305 = -0.277594
	x306 = 0.756449
	x307 = -1.098178
	x308 = -3.670362
	x309 = 1.025265
	x310 = -0.510630
	x311 = 2.220143
	x312 = 3.083478
	x313 = -1.368720
	x314 = -0.658739
	x315 = 0.261390
	x316 = 0.573672
	x317 = -1.073315
	x318 = 1.148152
	x319 = 0.101417
	x320 = -0.375749
	x321 = -0.357169
	x322 = -1.549230
	x323 = 0.948268
	x324 = 0.264917
	x325 = -0.943574
	x326 = -1.737985
	x327 = 0.440653
	x328 = 3.767145
	x329 = -1.566907
	x330 = -0.823533
	x331 = -0.711595
	x332 = 1.418083
	x333 = 0.382460
	x334 = -2.210345
	x335 = 1.429893
	x336 = -1.199269
	x337 = 1.508289
	x338 = -0.611572
	x339 = 0.083177
	x340 = 0.354931
	x341 = -0.459585
	x342 = 1.576089
	x343 = -0.971543
	x344 = 1.906009
	x345 = 1.086586
	x346 = -0.009890
	x347 = -1.816443
	x348 = -0.390402
	x349 = -0.154692
	x350 = 2.132776
	x351 = 1.525974
	x352 = -2.133924
	x353 = -1.104017
	x354 = 0.680639
	x355 = 0.058702
	x356 = 0.682561
	x357 = -0.161562
	x358 = 1.472048
	x359 = 0.151804
	x360 = -1.596270
	x361 = 0.862895
	x362 = -0.431897
	x363 = -1.986022
	x364 = 1.307540
	x365 = 1.559878
	x366 = -1.388093
	x367 = 2.620317
	x368 = 1.192515
	x369 = -1.227844
	x370 = 0.121201
	x371 = 0.788848
	x372 = 0.079694
	x373 = 1.933482
	x374 = -0.807230
	x375 = 0.349153
	x376 = -1.933172
	x377 = -0.576686
	x378 = -0.590434
	x379 = 3.317218
	x380 = 1.860492
	x381 = -0.215406
	x382 = -1.107976
	x383 = -1.079279
	x384 = 0.310178
	x385 = 0.376578
	x386 = -1.433282
	x387 = -0.504540
	x388 = -0.136441
	x389 = 3.076360
	x390 = -1.310674
	x391 = 1.506781
	x392 = -0.085057
	x393 = -1.627205
	x394 = 1.247584
	x395 = 2.602818
	x396 = 1.599196
	x397 = -0.116706
	x398 = 1.460550
	x399 = -2.919022
	x400 = 1.315568
	x401 = 0.137902
	x402 = -0.829569
	x403 = -1.187483
	x404 = -0.247830
	x405 = 0.140039
	x406 = 0.772487
	x407 = 0.481828
	x408 = 3.214779
	x409 = -1.475692
	x410 = -1.450344
	x411 = -0.451484
	x412 = 3.222456
	x413 = -0.731542
	x414 = 0.713762
	x415 = -0.139610
	x416 = -0.502177
	x417 = -0.313952
	x418 = -0.496964
	x419 = 0.200989
	x420 = -2.072609
	x421 = -1.469323
	x422 = 2.279086
	x423 = -0.807306
	x424 = -1.136808
	x425 = 0.314886
	x426 = -1.060268
	x427 = -1.493006
	x428 = -1.694911
	x429 = 1.568332
	x430 = -0.970342
	x431 = 1.658598
	x432 = 0.272464
	x433 = 1.078075
	x434 = 3.091450
	x435 = -0.242523
	x436 = -1.204302
	x437 = -1.499095
	x438 = 0.561370
	x439 = 0.057708
	x440 = 1.020038
	x441 = -0.074575
	x442 = -2.899687
	x443 = -0.911960
	x444 = 2.035138
	x445 = 0.343855
	x446 = -0.926546
	x447 = 0.944433
	x448 = 0.090698
	x449 = -1.226614
	x450 = -1.640638
	x451 = -1.062881
	x452 = 1.042016
	x453 = -0.564586
	x454 = 0.851161
	x455 = -3.267874
	x456 = -1.317238
	x457 = -0.461578
	x458 = -0.538438
	x459 = -0.582261
	x460 = 7.746699
	x461 = -0.907532
	x462 = -0.218188
	x463 = -2.000706
	x464 = 0.318120
	x465 = 0.293049
	x466 = 1.002225
	x467 = 0.647990
	x468 = -0.415642
	x469 = 1.339146
	x470 = -3.068466
	x471 = 1.329669
	x472 = 2.869445
	x473 = -0.087063
	x474 = -1.832504
	x475 = 0.386951
	x476 = 0.267210
	x477 = 0.983949
	x478 = -0.428376
	x479 = 7.628589
	x480 = 0.163665
	x481 = -0.965981
	x482 = -1.134633
	x483 = -0.314934
	x484 = 2.082768
	x485 = 1.147424
	x486 = -1.502594
	x487 = 1.271450
	x488 = 2.414542
	x489 = 0.893423
	x490 = -3.312141
	x491 = -2.743235
	x492 = 1.005499
	x493 = -2.075835
	x494 = 0.062343
	x495 = -0.490227
	x496 = 0.132945
	x497 = 0.046506
	x498 = 1.573694
	x499 = 0.934987
	x500 = 0.078932
	x501 = 0.616749
	x502 = -0.148741
	x503 = -1.140549
	x504 = -1.367418
	x505 = -2.180799
	x506 = 0.597024
	x507 = -0.699662
	x508 = 0.523926
	x509 = 2.060263
	x510 = 1.694093
	x511 = -0.839617

Output:
	y0 = -5.796928
	y1 = 3.896102
	y2 = -4.767660
	y3 = -9.542542
	y4 = 2.426957
	y5 = -6.387734
	y6 = -5.956130
	y7 = 7.306802
	y8 = -2.916549
	y9 = -7.828697
	y10 = 6.525561
	y11 = -6.680521
	y12 = -5.698608
	y13 = 4.863542
	y14 = -5.625291
	y15 = -5.179269
	y16 = 5.801779
	y17 = -5.909989
	y18 = -5.004683
	y19 = 5.690410
	y20 = -4.605813
	y21 = -8.020436
	y22 = 7.335178
	y23 = -8.447575
	y24 = -7.685679
	y25 = 5.657570
	y26 = -7.159155
	y27 = -5.823321
	y28 = 4.508869
	y29 = -3.827809
	y30 = -5.729938
	y31 = 4.855189
	y32 = -3.664434
	y33 = -3.526649
	y34 = 7.045079
	y35 = -2.180892
	y36 = -0.057783
	y37 = 0.008705
	y38 = 0.008715
	y39 = -4.742988
	y40 = 18.199044
	y41 = -5.099578
	y42 = -7.617141
	y43 = 13.050109
	y44 = -7.827778
	y45 = -6.893268
	y46 = 11.033739
	y47 = -7.546220
	y48 = -6.216404
	y49 = 6.633955
	y50 = -6.264370
	y51 = -4.802676
	y52 = 6.584100
	y53 = -4.547374
	y54 = -4.069196
	y55 = 8.390441
	y56 = -3.126044
	y57 = 0.476471
	y58 = -9.661713
	y59 = 1.442863
	y60 = 1.569724
	y61 = -12.289998
	y62 = 3.932332
	y63 = 3.887563
	y64 = -8.123063
	y65 = 2.245612
	y66 = 1.955806
	y67 = -16.020240
	y68 = 0.422265
	y69 = 2.106973
	y70 = -15.549862
	y71 = 0.298549
	y72 = -4.040337
	y73 = 4.648616
	y74 = -4.088360
	y75 = -2.184936
	y76 = 6.546131
	y77 = -1.815913
	y78 = -1.159500
	y79 = 13.233474
	y80 = -0.083884
	y81 = 10.391749
	y82 = -16.792003
	y83 = 11.094463
	y84 = 8.680298
	y85 = -16.949796
	y86 = 9.626981
	y87 = 2.005231
	y88 = -8.007015
	y89 = 1.956777
	y90 = 1.506407
	y91 = -7.882259
	y92 = -1.832429
	y93 = -0.461525
	y94 = -12.287754
	y95 = -1.480053
	y96 = -6.154671
	y97 = 3.761299
	y98 = -6.636356
	y99 = -2.721664
	y100 = 4.954463
	y101 = -1.643939
	y102 = 2.607958
	y103 = -10.128742
	y104 = 2.241665
	y105 = 10.915458
	y106 = -16.324448
	y107 = 10.283129
	y108 = 9.772191
	y109 = -18.227123
	y110 = 10.361051
	y111 = 5.941633
	y112 = -9.983792
	y113 = 3.286204
	y114 = 3.145683
	y115 = -21.014715
	y116 = 4.473810
	y117 = 2.691225
	y118 = -15.511882
	y119 = 2.016318
	y120 = -4.598280
	y121 = 8.288478
	y122 = -5.253253
	y123 = -5.588783
	y124 = 13.828907
	y125 = -4.485432
	y126 = 0.915883
	y127 = -11.315741
	y128 = -0.934542
	y129 = 2.992425
	y130 = -11.851816
	y131 = 3.512914
	y132 = 5.405553
	y133 = -14.846586
	y134 = 3.864530
	y135 = 4.609343
	y136 = -12.189916
	y137 = 3.203816
	y138 = 1.994509
	y139 = -20.699726
	y140 = 0.254403
	y141 = 3.948993
	y142 = -11.519583
	y143 = 2.783553
	y144 = -6.979125
	y145 = 3.499254
	y146 = -8.167815
	y147 = -7.648632
	y148 = 12.443724
	y149 = -9.594700
	y150 = 2.195465
	y151 = -17.458185
	y152 = 0.743080
	y153 = 2.734518
	y154 = -14.563218
	y155 = 1.639124
	y156 = 1.102564
	y157 = -12.963824
	y158 = -1.471041
	y159 = 2.011330
	y160 = -18.493568
	y161 = -0.542955
	y162 = -5.501521
	y163 = 4.039411
	y164 = -5.497796
	y165 = -4.545229
	y166 = 8.449732
	y167 = -6.415956
	y168 = -5.792421
	y169 = 4.803281
	y170 = -7.930200
	y171 = -6.580862
	y172 = 8.534307
	y173 = -7.321514
	y174 = 3.007978
	y175 = -12.009459
	y176 = 1.795893
	y177 = 1.290805
	y178 = -15.365999
	y179 = 0.077500
	y180 = -0.068651
	y181 = -16.398515
	y182 = -2.330719
	y183 = -0.351194
	y184 = -8.399921
	y185 = -0.791804
	y186 = -10.090828
	y187 = 13.754209
	y188 = -9.842798
	y189 = -4.811027
	y190 = 2.242895
	y191 = -5.107042

