InputQuery: /home/levn/Workspace/othello_world/queries/head_robust/group_6/game_110_adv_labels_13_eps_0.1.txt
Engine::processInputQuery: Input query (before preprocessing): 62 equations, 573 variables
Engine::processInputQuery: Input query (after preprocessing): 62 equations, 574 variables

Input bounds:
	x0: [ -0.9496,  -0.7496] 
	x1: [  1.3866,   1.5866] 
	x2: [  0.7156,   0.9156] 
	x3: [ -2.0877,  -1.8877] 
	x4: [  0.4964,   0.6964] 
	x5: [  1.7070,   1.9070] 
	x6: [  0.9592,   1.1592] 
	x7: [  1.3706,   1.5706] 
	x8: [  0.8416,   1.0416] 
	x9: [ -1.1305,  -0.9305] 
	x10: [  0.1575,   0.3575] 
	x11: [ -0.9629,  -0.7629] 
	x12: [ -3.0945,  -2.8945] 
	x13: [  0.5374,   0.7374] 
	x14: [  2.3491,   2.5491] 
	x15: [ -0.7900,  -0.5900] 
	x16: [ -1.0228,  -0.8228] 
	x17: [  3.3063,   3.5063] 
	x18: [  1.5901,   1.7901] 
	x19: [ -0.2925,  -0.0925] 
	x20: [ -0.3282,  -0.1282] 
	x21: [ -1.8720,  -1.6720] 
	x22: [ -0.7376,  -0.5376] 
	x23: [  0.9700,   1.1700] 
	x24: [ -1.6473,  -1.4473] 
	x25: [ -0.0662,   0.1338] 
	x26: [  2.5978,   2.7978] 
	x27: [  0.2930,   0.4930] 
	x28: [ -1.2072,  -1.0072] 
	x29: [  1.9235,   2.1235] 
	x30: [  1.7199,   1.9199] 
	x31: [ -0.3785,  -0.1785] 
	x32: [ -0.3513,  -0.1513] 
	x33: [ -1.5110,  -1.3110] 
	x34: [  3.3411,   3.5411] 
	x35: [ -1.0592,  -0.8592] 
	x36: [  1.0993,   1.2993] 
	x37: [  1.4062,   1.6062] 
	x38: [ -0.0930,   0.1070] 
	x39: [  1.6519,   1.8519] 
	x40: [  0.2098,   0.4098] 
	x41: [ -0.3499,  -0.1499] 
	x42: [  0.9005,   1.1005] 
	x43: [ -1.3005,  -1.1005] 
	x44: [ -4.1625,  -3.9625] 
	x45: [ -1.8279,  -1.6279] 
	x46: [  0.5008,   0.7008] 
	x47: [ -2.3188,  -2.1188] 
	x48: [ -0.5525,  -0.3525] 
	x49: [ -0.6486,  -0.4486] 
	x50: [ -0.0986,   0.1014] 
	x51: [ -0.7834,  -0.5834] 
	x52: [ -1.0817,  -0.8817] 
	x53: [  0.1866,   0.3866] 
	x54: [ -1.5144,  -1.3144] 
	x55: [  3.7879,   3.9879] 
	x56: [  1.5986,   1.7986] 
	x57: [  3.1610,   3.3610] 
	x58: [  0.2371,   0.4371] 
	x59: [  0.1927,   0.3927] 
	x60: [ -0.3920,  -0.1920] 
	x61: [  3.8342,   4.0342] 
	x62: [ -1.8853,  -1.6853] 
	x63: [  2.2708,   2.4708] 
	x64: [ -1.4180,  -1.2180] 
	x65: [ -1.0375,  -0.8375] 
	x66: [ -2.2798,  -2.0798] 
	x67: [ -0.2379,  -0.0379] 
	x68: [  3.1698,   3.3698] 
	x69: [ -1.2069,  -1.0069] 
	x70: [  0.4620,   0.6620] 
	x71: [ -0.8195,  -0.6195] 
	x72: [ -5.3620,  -5.1620] 
	x73: [  0.4841,   0.6841] 
	x74: [ -0.9213,  -0.7213] 
	x75: [  1.9478,   2.1478] 
	x76: [ -1.4901,  -1.2901] 
	x77: [  2.5929,   2.7929] 
	x78: [ -2.6188,  -2.4188] 
	x79: [  0.4654,   0.6654] 
	x80: [  2.0153,   2.2153] 
	x81: [  1.2925,   1.4925] 
	x82: [  0.7447,   0.9447] 
	x83: [ -0.8713,  -0.6713] 
	x84: [  0.1258,   0.3258] 
	x85: [  0.1479,   0.3479] 
	x86: [  0.7457,   0.9457] 
	x87: [  0.3265,   0.5265] 
	x88: [  0.9904,   1.1904] 
	x89: [  2.4997,   2.6997] 
	x90: [ -0.3759,  -0.1759] 
	x91: [ -1.5168,  -1.3168] 
	x92: [ -0.4460,  -0.2460] 
	x93: [ -0.0125,   0.1875] 
	x94: [ -0.9540,  -0.7540] 
	x95: [  1.3513,   1.5513] 
	x96: [  0.6546,   0.8546] 
	x97: [  0.3275,   0.5275] 
	x98: [  0.2587,   0.4587] 
	x99: [  2.7279,   2.9279] 
	x100: [  0.6358,   0.8358] 
	x101: [ -0.3244,  -0.1244] 
	x102: [ -0.7111,  -0.5111] 
	x103: [ -1.8853,  -1.6853] 
	x104: [ -0.0886,   0.1114] 
	x105: [ -0.8520,  -0.6520] 
	x106: [ -0.1977,   0.0023] 
	x107: [  0.1193,   0.3193] 
	x108: [  0.0413,   0.2413] 
	x109: [ -1.4972,  -1.2972] 
	x110: [  0.3173,   0.5173] 
	x111: [ -0.4519,  -0.2519] 
	x112: [ -0.0953,   0.1047] 
	x113: [ -0.9282,  -0.7282] 
	x114: [ -3.2159,  -3.0159] 
	x115: [  0.5826,   0.7826] 
	x116: [ -0.9725,  -0.7725] 
	x117: [  2.1865,   2.3865] 
	x118: [ -1.6868,  -1.4868] 
	x119: [ -1.2113,  -1.0113] 
	x120: [  2.2228,   2.4228] 
	x121: [  0.1442,   0.3442] 
	x122: [  0.2111,   0.4111] 
	x123: [  0.7788,   0.9788] 
	x124: [ -3.1262,  -2.9262] 
	x125: [ -1.3728,  -1.1728] 
	x126: [ -0.0003,   0.1997] 
	x127: [ -1.1055,  -0.9055] 
	x128: [  0.0430,   0.2430] 
	x129: [  0.4017,   0.6017] 
	x130: [ -0.5640,  -0.3640] 
	x131: [  2.0809,   2.2809] 
	x132: [ -1.9724,  -1.7724] 
	x133: [  0.2923,   0.4923] 
	x134: [  0.4382,   0.6382] 
	x135: [  2.3020,   2.5020] 
	x136: [  2.3865,   2.5865] 
	x137: [ -2.7423,  -2.5423] 
	x138: [  1.1894,   1.3894] 
	x139: [ -1.9378,  -1.7378] 
	x140: [  3.6260,   3.8260] 
	x141: [  3.4012,   3.6012] 
	x142: [  5.1540,   5.3540] 
	x143: [ -1.3898,  -1.1898] 
	x144: [  0.7413,   0.9413] 
	x145: [  0.2173,   0.4173] 
	x146: [ -2.9998,  -2.7998] 
	x147: [  3.5013,   3.7013] 
	x148: [ -0.2486,  -0.0486] 
	x149: [ -3.2633,  -3.0633] 
	x150: [  1.7702,   1.9702] 
	x151: [  0.4806,   0.6806] 
	x152: [  1.0197,   1.2197] 
	x153: [  0.5503,   0.7503] 
	x154: [  2.4903,   2.6903] 
	x155: [ -0.8838,  -0.6838] 
	x156: [  1.3398,   1.5398] 
	x157: [ -0.0747,   0.1253] 
	x158: [ -3.5180,  -3.3180] 
	x159: [  0.1669,   0.3669] 
	x160: [ -1.8413,  -1.6413] 
	x161: [ -1.3808,  -1.1808] 
	x162: [ -0.9260,  -0.7260] 
	x163: [  2.5746,   2.7746] 
	x164: [ -1.4187,  -1.2187] 
	x165: [  1.1431,   1.3431] 
	x166: [ -0.3727,  -0.1727] 
	x167: [  0.9054,   1.1054] 
	x168: [  2.2704,   2.4704] 
	x169: [ -1.2946,  -1.0946] 
	x170: [  1.5011,   1.7011] 
	x171: [ -0.4224,  -0.2224] 
	x172: [  3.8916,   4.0916] 
	x173: [ -2.6164,  -2.4164] 
	x174: [ -2.3857,  -2.1857] 
	x175: [ -0.4973,  -0.2973] 
	x176: [ -2.1349,  -1.9349] 
	x177: [  3.2820,   3.4820] 
	x178: [ -2.0156,  -1.8156] 
	x179: [  1.4283,   1.6283] 
	x180: [  0.9643,   1.1643] 
	x181: [  0.8487,   1.0487] 
	x182: [ -0.7546,  -0.5546] 
	x183: [ -0.2730,  -0.0730] 
	x184: [ -1.3113,  -1.1113] 
	x185: [  0.4428,   0.6428] 
	x186: [ -1.9117,  -1.7117] 
	x187: [  0.1885,   0.3885] 
	x188: [ -0.2575,  -0.0575] 
	x189: [  2.5645,   2.7645] 
	x190: [ -0.8342,  -0.6342] 
	x191: [ -1.5847,  -1.3847] 
	x192: [  1.7340,   1.9340] 
	x193: [ -1.1659,  -0.9659] 
	x194: [  0.1040,   0.3040] 
	x195: [ -0.3547,  -0.1547] 
	x196: [  1.1276,   1.3276] 
	x197: [  0.8481,   1.0481] 
	x198: [  0.0869,   0.2869] 
	x199: [ -0.0588,   0.1412] 
	x200: [ -2.4814,  -2.2814] 
	x201: [ -0.0243,   0.1757] 
	x202: [ -1.8867,  -1.6867] 
	x203: [ -2.3480,  -2.1480] 
	x204: [ -0.5064,  -0.3064] 
	x205: [  0.5680,   0.7680] 
	x206: [  0.8597,   1.0597] 
	x207: [ -0.0859,   0.1141] 
	x208: [  1.2417,   1.4417] 
	x209: [ -1.0871,  -0.8871] 
	x210: [ -0.1947,   0.0053] 
	x211: [ -0.9196,  -0.7196] 
	x212: [ -0.5272,  -0.3272] 
	x213: [  1.3878,   1.5878] 
	x214: [  0.0257,   0.2257] 
	x215: [ -2.9356,  -2.7356] 
	x216: [ -1.2658,  -1.0658] 
	x217: [  0.1299,   0.3299] 
	x218: [  1.8519,   2.0519] 
	x219: [ -0.3645,  -0.1645] 
	x220: [ -1.0507,  -0.8507] 
	x221: [ -0.3176,  -0.1176] 
	x222: [ -0.3537,  -0.1537] 
	x223: [  0.8624,   1.0624] 
	x224: [  2.1907,   2.3907] 
	x225: [  1.0691,   1.2691] 
	x226: [ -2.6807,  -2.4807] 
	x227: [ -3.1859,  -2.9859] 
	x228: [  1.5640,   1.7640] 
	x229: [ -0.1649,   0.0351] 
	x230: [  1.2391,   1.4391] 
	x231: [  1.7219,   1.9219] 
	x232: [ -0.6039,  -0.4039] 
	x233: [  0.8320,   1.0320] 
	x234: [  2.2246,   2.4246] 
	x235: [  0.0322,   0.2322] 
	x236: [  2.1176,   2.3176] 
	x237: [ -1.4496,  -1.2496] 
	x238: [  1.5601,   1.7601] 
	x239: [  6.7653,   6.9653] 
	x240: [  0.2028,   0.4028] 
	x241: [ -3.0997,  -2.8997] 
	x242: [  0.9219,   1.1219] 
	x243: [  1.0755,   1.2755] 
	x244: [ -1.7707,  -1.5707] 
	x245: [ -1.7003,  -1.5003] 
	x246: [ -0.7606,  -0.5606] 
	x247: [ -1.4664,  -1.2664] 
	x248: [ -0.1769,   0.0231] 
	x249: [ -2.3947,  -2.1947] 
	x250: [ -2.1131,  -1.9131] 
	x251: [ -2.1667,  -1.9667] 
	x252: [ -0.1549,   0.0451] 
	x253: [  0.2454,   0.4454] 
	x254: [  0.8697,   1.0697] 
	x255: [  0.4352,   0.6352] 
	x256: [  2.0976,   2.2976] 
	x257: [ -3.4689,  -3.2689] 
	x258: [  0.3118,   0.5118] 
	x259: [ -0.2446,  -0.0446] 
	x260: [  0.0893,   0.2893] 
	x261: [ -0.8092,  -0.6092] 
	x262: [  1.3452,   1.5452] 
	x263: [  0.3075,   0.5075] 
	x264: [ -0.4610,  -0.2610] 
	x265: [  4.6157,   4.8157] 
	x266: [  2.5955,   2.7955] 
	x267: [ -0.0438,   0.1562] 
	x268: [ -3.7778,  -3.5778] 
	x269: [ -1.2135,  -1.0135] 
	x270: [  3.3411,   3.5411] 
	x271: [  2.4751,   2.6751] 
	x272: [ -2.3046,  -2.1046] 
	x273: [ -0.4926,  -0.2926] 
	x274: [  1.1734,   1.3734] 
	x275: [ -0.5497,  -0.3497] 
	x276: [  0.2920,   0.4920] 
	x277: [  2.7713,   2.9713] 
	x278: [ -2.3373,  -2.1373] 
	x279: [ -1.8317,  -1.6317] 
	x280: [ -1.8702,  -1.6702] 
	x281: [ -1.3031,  -1.1031] 
	x282: [ -1.2599,  -1.0599] 
	x283: [ -0.9149,  -0.7149] 
	x284: [  0.0487,   0.2487] 
	x285: [ -1.4052,  -1.2052] 
	x286: [ -1.1869,  -0.9869] 
	x287: [  1.2978,   1.4978] 
	x288: [ -2.7810,  -2.5810] 
	x289: [  0.9776,   1.1776] 
	x290: [ -3.4235,  -3.2235] 
	x291: [ -0.9896,  -0.7896] 
	x292: [ -0.9824,  -0.7824] 
	x293: [ -1.4717,  -1.2717] 
	x294: [  0.0138,   0.2138] 
	x295: [  1.5253,   1.7253] 
	x296: [ -2.7865,  -2.5865] 
	x297: [ -1.6797,  -1.4797] 
	x298: [ -4.2435,  -4.0435] 
	x299: [  0.2354,   0.4354] 
	x300: [  0.3865,   0.5865] 
	x301: [  2.2704,   2.4704] 
	x302: [  1.2773,   1.4773] 
	x303: [ -1.1136,  -0.9136] 
	x304: [  0.3326,   0.5326] 
	x305: [ -1.9728,  -1.7728] 
	x306: [ -0.1240,   0.0760] 
	x307: [ -1.0897,  -0.8897] 
	x308: [  0.7844,   0.9844] 
	x309: [ -0.5981,  -0.3981] 
	x310: [ -1.0569,  -0.8569] 
	x311: [ -1.1292,  -0.9292] 
	x312: [ -0.1409,   0.0591] 
	x313: [ -2.3238,  -2.1238] 
	x314: [ -1.3052,  -1.1052] 
	x315: [ -1.8009,  -1.6009] 
	x316: [  2.0995,   2.2995] 
	x317: [  0.7564,   0.9564] 
	x318: [ -1.8289,  -1.6289] 
	x319: [ -2.0875,  -1.8875] 
	x320: [  2.5717,   2.7717] 
	x321: [ -0.7211,  -0.5211] 
	x322: [ -0.9015,  -0.7015] 
	x323: [  1.0281,   1.2281] 
	x324: [ -1.1131,  -0.9131] 
	x325: [ -0.2623,  -0.0623] 
	x326: [  0.4819,   0.6819] 
	x327: [ -1.2345,  -1.0345] 
	x328: [  0.5397,   0.7397] 
	x329: [ -1.2450,  -1.0450] 
	x330: [  0.7637,   0.9637] 
	x331: [ -1.1036,  -0.9036] 
	x332: [  2.3780,   2.5780] 
	x333: [ -0.3604,  -0.1604] 
	x334: [ -4.8049,  -4.6049] 
	x335: [ -0.5230,  -0.3230] 
	x336: [ -0.2967,  -0.0967] 
	x337: [ -0.5855,  -0.3855] 
	x338: [ -2.1275,  -1.9275] 
	x339: [ -0.8141,  -0.6141] 
	x340: [  0.1849,   0.3849] 
	x341: [ -0.5837,  -0.3837] 
	x342: [  2.3842,   2.5842] 
	x343: [  1.2927,   1.4927] 
	x344: [  1.8955,   2.0955] 
	x345: [ -2.7798,  -2.5798] 
	x346: [  2.5099,   2.7099] 
	x347: [ -2.8509,  -2.6509] 
	x348: [  1.2123,   1.4123] 
	x349: [  2.2385,   2.4385] 
	x350: [  0.0390,   0.2390] 
	x351: [ -0.8838,  -0.6838] 
	x352: [ -0.1546,   0.0454] 
	x353: [  0.2852,   0.4852] 
	x354: [  0.3654,   0.5654] 
	x355: [  0.2076,   0.4076] 
	x356: [  1.1855,   1.3855] 
	x357: [  1.3291,   1.5291] 
	x358: [  1.6639,   1.8639] 
	x359: [ -2.5940,  -2.3940] 
	x360: [  1.6046,   1.8046] 
	x361: [ -0.4994,  -0.2994] 
	x362: [  0.4511,   0.6511] 
	x363: [  1.5886,   1.7886] 
	x364: [ -0.0832,   0.1168] 
	x365: [ -0.5908,  -0.3908] 
	x366: [  1.4505,   1.6505] 
	x367: [ -2.3009,  -2.1009] 
	x368: [  2.2046,   2.4046] 
	x369: [  1.4896,   1.6896] 
	x370: [  0.5640,   0.7640] 
	x371: [  0.7516,   0.9516] 
	x372: [  3.6488,   3.8488] 
	x373: [  2.1504,   2.3504] 
	x374: [ -0.8445,  -0.6445] 
	x375: [  0.4511,   0.6511] 
	x376: [  0.9106,   1.1106] 
	x377: [ -0.6171,  -0.4171] 
	x378: [ -3.8037,  -3.6037] 
	x379: [  1.2955,   1.4955] 
	x380: [  0.5567,   0.7567] 
	x381: [ -2.3978,  -2.1978] 
	x382: [ -1.5968,  -1.3968] 
	x383: [  0.6755,   0.8755] 
	x384: [ -0.2422,  -0.0422] 
	x385: [ -0.1276,   0.0724] 
	x386: [ -0.5231,  -0.3231] 
	x387: [  0.7962,   0.9962] 
	x388: [ -1.3770,  -1.1770] 
	x389: [ -0.4898,  -0.2898] 
	x390: [  2.4826,   2.6826] 
	x391: [  3.7857,   3.9857] 
	x392: [  2.3316,   2.5316] 
	x393: [  2.4799,   2.6799] 
	x394: [ -1.2955,  -1.0955] 
	x395: [  0.4915,   0.6915] 
	x396: [ -1.4801,  -1.2801] 
	x397: [ -1.6419,  -1.4419] 
	x398: [  3.5008,   3.7008] 
	x399: [  0.1810,   0.3810] 
	x400: [  0.6754,   0.8754] 
	x401: [ -1.8285,  -1.6285] 
	x402: [ -0.6354,  -0.4354] 
	x403: [ -1.1525,  -0.9525] 
	x404: [ -2.2108,  -2.0108] 
	x405: [ -1.9601,  -1.7601] 
	x406: [  2.3797,   2.5797] 
	x407: [ -0.5240,  -0.3240] 
	x408: [  2.5078,   2.7078] 
	x409: [ -2.7478,  -2.5478] 
	x410: [ -3.1353,  -2.9353] 
	x411: [  0.2139,   0.4139] 
	x412: [ -1.4184,  -1.2184] 
	x413: [ -2.3049,  -2.1049] 
	x414: [  2.7475,   2.9475] 
	x415: [ -3.5756,  -3.3756] 
	x416: [ -0.3006,  -0.1006] 
	x417: [  3.3880,   3.5880] 
	x418: [ -1.8066,  -1.6066] 
	x419: [  1.1836,   1.3836] 
	x420: [  0.1442,   0.3442] 
	x421: [ -1.9579,  -1.7579] 
	x422: [ -1.5775,  -1.3775] 
	x423: [ -0.8731,  -0.6731] 
	x424: [ -0.3210,  -0.1210] 
	x425: [ -1.0565,  -0.8565] 
	x426: [ -1.6192,  -1.4192] 
	x427: [ -1.8602,  -1.6602] 
	x428: [ -2.1906,  -1.9906] 
	x429: [ -2.4496,  -2.2496] 
	x430: [ -1.3783,  -1.1783] 
	x431: [  2.0437,   2.2437] 
	x432: [ -1.2880,  -1.0880] 
	x433: [ -1.6146,  -1.4146] 
	x434: [  0.4426,   0.6426] 
	x435: [  2.2629,   2.4629] 
	x436: [ -4.5905,  -4.3905] 
	x437: [ -4.0212,  -3.8212] 
	x438: [ -1.8213,  -1.6213] 
	x439: [ -1.4781,  -1.2781] 
	x440: [  0.0742,   0.2742] 
	x441: [  0.0297,   0.2297] 
	x442: [ -0.5632,  -0.3632] 
	x443: [  6.2575,   6.4575] 
	x444: [ -0.8164,  -0.6164] 
	x445: [ -1.1304,  -0.9304] 
	x446: [ -0.8487,  -0.6487] 
	x447: [ -1.0144,  -0.8144] 
	x448: [  0.1771,   0.3771] 
	x449: [ -1.5851,  -1.3851] 
	x450: [  1.2147,   1.4147] 
	x451: [ -0.6005,  -0.4005] 
	x452: [  3.2855,   3.4855] 
	x453: [  0.7852,   0.9852] 
	x454: [  3.1043,   3.3043] 
	x455: [ -2.1745,  -1.9745] 
	x456: [ -1.9970,  -1.7970] 
	x457: [  0.2489,   0.4489] 
	x458: [ -5.7185,  -5.5185] 
	x459: [ -0.3766,  -0.1766] 
	x460: [ -0.2152,  -0.0152] 
	x461: [  0.5617,   0.7617] 
	x462: [ -1.6263,  -1.4263] 
	x463: [ -1.3145,  -1.1145] 
	x464: [  1.2974,   1.4974] 
	x465: [  1.7984,   1.9984] 
	x466: [  0.1208,   0.3208] 
	x467: [ -3.1423,  -2.9423] 
	x468: [ -0.9502,  -0.7502] 
	x469: [  0.0750,   0.2750] 
	x470: [  0.4524,   0.6524] 
	x471: [  1.1696,   1.3696] 
	x472: [  1.7202,   1.9202] 
	x473: [ -0.5360,  -0.3360] 
	x474: [ -0.3939,  -0.1939] 
	x475: [ -1.4722,  -1.2722] 
	x476: [  0.5120,   0.7120] 
	x477: [ -2.1038,  -1.9038] 
	x478: [ -0.4218,  -0.2218] 
	x479: [ -0.4828,  -0.2828] 
	x480: [  1.8812,   2.0812] 
	x481: [  1.5716,   1.7716] 
	x482: [ -1.8467,  -1.6467] 
	x483: [ -0.2385,  -0.0385] 
	x484: [ -0.7082,  -0.5082] 
	x485: [ -1.7138,  -1.5138] 
	x486: [ -0.9721,  -0.7721] 
	x487: [  1.4683,   1.6683] 
	x488: [  0.0348,   0.2348] 
	x489: [  0.4959,   0.6959] 
	x490: [ -0.6369,  -0.4369] 
	x491: [  2.8218,   3.0218] 
	x492: [  0.5725,   0.7725] 
	x493: [ -3.9181,  -3.7181] 
	x494: [  0.2774,   0.4774] 
	x495: [ -0.9737,  -0.7737] 
	x496: [ -0.9136,  -0.7136] 
	x497: [ -0.1920,   0.0080] 
	x498: [ -2.9061,  -2.7061] 
	x499: [ -1.8248,  -1.6248] 
	x500: [ -0.8785,  -0.6785] 
	x501: [ -0.6729,  -0.4729] 
	x502: [ -1.3043,  -1.1043] 
	x503: [ -2.3398,  -2.1398] 
	x504: [ -1.4212,  -1.2212] 
	x505: [  1.3783,   1.5783] 
	x506: [  1.8606,   2.0606] 
	x507: [ -1.3774,  -1.1774] 
	x508: [ -0.9512,  -0.7512] 
	x509: [ -1.7402,  -1.5402] 
	x510: [  1.7659,   1.9659] 
	x511: [  0.4807,   0.6807] 

Branching heuristics set to PseudoImpact

Engine::solve: Initial statistics

03:02:04 Statistics update:
	--- Time Statistics ---
	Total time elapsed: 80 milli (00:00:00)
		Main loop: 0 milli (00:00:00)
		Preprocessing time: 35 milli (00:00:00)
		Unknown: 44 milli (00:00:00)
	Breakdown for main loop:
		[0.00%] Simplex steps: 0 milli
		[0.00%] Explicit-basis bound tightening: 0 milli
		[0.00%] Constraint-matrix bound tightening: 0 milli
		[0.00%] Degradation checking: 0 milli
		[0.00%] Precision restoration: 0 milli
		[0.00%] Statistics handling: 0 milli
		[0.00%] Constraint-fixing steps: 0 milli
		[0.00%] Valid case splits: 0 milli. Average per split: 0.00 milli
		[0.00%] Applying stored bound-tightening: 0 milli
		[0.00%] SMT core: 0 milli
		[0.00%] Symbolic Bound Tightening: 6 milli
		[0.00%] SoI-based local search: 0 milli
		[0.00%] SoI-based local search: 0 milli
		[0.00%] Unaccounted for: 0 milli
	--- Preprocessor Statistics ---
	Number of preprocessor bound-tightening loop iterations: 2
	Number of eliminated variables: 0
	Number of constraints removed due to variable elimination: 0
	Number of equations removed due to variable elimination: 0
	--- Engine Statistics ---
	Number of main loop iterations: 1
		0 iterations were simplex steps. Total time: 0 milli. Average: 0.00 milli.
		0 iterations were constraint-fixing steps. Total time: 0 milli. Average: 0.00 milli
	Number of active piecewise-linear constraints: 0 / 0
		Constraints disabled by valid splits: 0. By SMT-originated splits: 0
	Last reported degradation: 0.0000000000. Max degradation so far: 0.0000000000. Restorations so far: 0
	Number of simplex pivots we attempted to skip because of instability: 0.
	Unstable pivots performed anyway: 0
	--- Tableau Statistics ---
	Total number of pivots performed: 0
		Real pivots: 0. Degenerate: 0 (0.00%)
		Degenerate pivots by request (e.g., to fix a PL constraint): 0 (0.00%)
		Average time per pivot: 0.00 milli
	Total number of fake pivots performed: 0
	Total number of rows added: 0. Number of merged columns: 0
	Current tableau dimensions: M = 62, N = 636
	--- SMT Core Statistics ---
	Total depth is 0. Total visited states: 1. Number of splits: 0. Number of pops: 0
	Max stack depth: 0
	--- Bound Tightening Statistics ---
	Number of tightened bounds: 0.
		Number of rows examined by row tightener: 0. Consequent tightenings: 0
		Number of explicit basis matrices examined by row tightener: 0. Consequent tightenings: 0
		Number of bound tightening rounds on the entire constraint matrix: 0. Consequent tightenings: 0
		Number of bound notifications sent to PL constraints: 0. Tightenings proposed: 0
	--- Basis Factorization statistics ---
	Number of basis refactorizations: 2
	--- Projected Steepest Edge Statistics ---
	Number of iterations: 0.
	Number of resets to reference space: 1. Avg. iterations per reset: 0
	--- SBT ---
	Number of tightened bounds: 1
	--- SoI-based local search ---
	Number of proposed phase pattern update: 0. Number of accepted update: 0 [0.00%]
	Total time (% of local search time) updating SoI phase pattern : 0 milli [0.00%]
	Total time obtaining current assignment: 0 milli [0.00%]
	Total time getting SoI phase pattern : 0 milli [0.00%]
	--- Context dependent statistics ---
	Number of pushes / pops: 0 / 0
		[0.00%] Pre-Push hook: 0 milli
		[0.00%] Push : 0 milli
		[0.00%] Post-Pop hook: 0 milli
		[0.00%] Pop : 0 milli
		[0.00%] Total context-switching time: 0 milli
	--- Proof Certificate ---
	Number of certified leaves: 0
	Number of leaves to delegate: 0

---
Before declaring sat, recomputing...

Engine::solve: sat assignment found

03:02:04 Statistics update:
	--- Time Statistics ---
	Total time elapsed: 92 milli (00:00:00)
		Main loop: 11 milli (00:00:00)
		Preprocessing time: 35 milli (00:00:00)
		Unknown: 44 milli (00:00:00)
	Breakdown for main loop:
		[2.85%] Simplex steps: 0 milli
		[84.21%] Explicit-basis bound tightening: 9 milli
		[0.00%] Constraint-matrix bound tightening: 0 milli
		[0.00%] Degradation checking: 0 milli
		[0.00%] Precision restoration: 0 milli
		[0.00%] Statistics handling: 0 milli
		[0.00%] Constraint-fixing steps: 0 milli
		[0.00%] Valid case splits: 0 milli. Average per split: 0.00 milli
		[0.00%] Applying stored bound-tightening: 0 milli
		[0.00%] SMT core: 0 milli
		[68.07%] Symbolic Bound Tightening: 7 milli
		[0.00%] SoI-based local search: 0 milli
		[0.00%] SoI-based local search: 0 milli
		[160896154153593952.00%] Unaccounted for: 0 milli
	--- Preprocessor Statistics ---
	Number of preprocessor bound-tightening loop iterations: 2
	Number of eliminated variables: 0
	Number of constraints removed due to variable elimination: 0
	Number of equations removed due to variable elimination: 0
	--- Engine Statistics ---
	Number of main loop iterations: 5
		2 iterations were simplex steps. Total time: 0 milli. Average: 0.00 milli.
		0 iterations were constraint-fixing steps. Total time: 0 milli. Average: 0.00 milli
	Number of active piecewise-linear constraints: 0 / 0
		Constraints disabled by valid splits: 0. By SMT-originated splits: 0
	Last reported degradation: 0.0000000000. Max degradation so far: 0.0000000000. Restorations so far: 0
	Number of simplex pivots we attempted to skip because of instability: 0.
	Unstable pivots performed anyway: 0
	--- Tableau Statistics ---
	Total number of pivots performed: 1
		Real pivots: 1. Degenerate: 0 (0.00%)
		Degenerate pivots by request (e.g., to fix a PL constraint): 0 (0.00%)
		Average time per pivot: 0.00 milli
	Total number of fake pivots performed: 1
	Total number of rows added: 0. Number of merged columns: 0
	Current tableau dimensions: M = 62, N = 636
	--- SMT Core Statistics ---
	Total depth is 0. Total visited states: 1. Number of splits: 0. Number of pops: 0
	Max stack depth: 0
	--- Bound Tightening Statistics ---
	Number of tightened bounds: 0.
		Number of rows examined by row tightener: 1. Consequent tightenings: 0
		Number of explicit basis matrices examined by row tightener: 2. Consequent tightenings: 0
		Number of bound tightening rounds on the entire constraint matrix: 0. Consequent tightenings: 0
		Number of bound notifications sent to PL constraints: 0. Tightenings proposed: 0
	--- Basis Factorization statistics ---
	Number of basis refactorizations: 2
	--- Projected Steepest Edge Statistics ---
	Number of iterations: 2.
	Number of resets to reference space: 1. Avg. iterations per reset: 2
	--- SBT ---
	Number of tightened bounds: 1
	--- SoI-based local search ---
	Number of proposed phase pattern update: 0. Number of accepted update: 0 [0.00%]
	Total time (% of local search time) updating SoI phase pattern : 0 milli [0.00%]
	Total time obtaining current assignment: 0 milli [0.00%]
	Total time getting SoI phase pattern : 0 milli [0.00%]
	--- Context dependent statistics ---
	Number of pushes / pops: 0 / 0
		[0.00%] Pre-Push hook: 0 milli
		[0.00%] Push : 0 milli
		[0.00%] Post-Pop hook: 0 milli
		[0.00%] Pop : 0 milli
		[0.00%] Total context-switching time: 0 milli
	--- Proof Certificate ---
	Number of certified leaves: 0
	Number of leaves to delegate: 0
sat
Input assignment:
	x0 = -0.949620
	x1 = 1.386643
	x2 = 0.715632
	x3 = -2.087689
	x4 = 0.496361
	x5 = 1.707044
	x6 = 0.959165
	x7 = 1.370605
	x8 = 0.841610
	x9 = -1.130498
	x10 = 0.157462
	x11 = -0.962876
	x12 = -3.094482
	x13 = 0.537380
	x14 = 2.349100
	x15 = -0.789999
	x16 = -1.022837
	x17 = 3.306281
	x18 = 1.590146
	x19 = -0.292506
	x20 = -0.328190
	x21 = -1.871967
	x22 = -0.737552
	x23 = 0.969966
	x24 = -1.647279
	x25 = -0.066169
	x26 = 2.597826
	x27 = 0.292964
	x28 = -1.207203
	x29 = 1.923483
	x30 = 1.719870
	x31 = -0.378493
	x32 = -0.351272
	x33 = -1.511005
	x34 = 3.341112
	x35 = -1.059169
	x36 = 1.099321
	x37 = 1.406174
	x38 = -0.092977
	x39 = 1.651906
	x40 = 0.209767
	x41 = -0.349935
	x42 = 0.900476
	x43 = -1.300527
	x44 = -4.162455
	x45 = -1.827915
	x46 = 0.500825
	x47 = -2.318829
	x48 = -0.552485
	x49 = -0.648556
	x50 = -0.098605
	x51 = -0.783392
	x52 = -1.081712
	x53 = 0.186641
	x54 = -1.514355
	x55 = 3.787948
	x56 = 1.598593
	x57 = 3.160996
	x58 = 0.237102
	x59 = 0.192700
	x60 = -0.391989
	x61 = 3.834242
	x62 = -1.885272
	x63 = 2.270769
	x64 = -1.418036
	x65 = -1.037530
	x66 = -2.279832
	x67 = -0.237921
	x68 = 3.169826
	x69 = -1.206894
	x70 = 0.462038
	x71 = -0.819524
	x72 = -5.362010
	x73 = 0.484138
	x74 = -0.921264
	x75 = 1.947758
	x76 = -1.490111
	x77 = 2.592915
	x78 = -2.618813
	x79 = 0.465446
	x80 = 2.015292
	x81 = 1.292523
	x82 = 0.744677
	x83 = -0.871305
	x84 = 0.125770
	x85 = 0.147892
	x86 = 0.745688
	x87 = 0.326469
	x88 = 0.990434
	x89 = 2.499654
	x90 = -0.375897
	x91 = -1.516811
	x92 = -0.445959
	x93 = -0.012490
	x94 = -0.953969
	x95 = 1.351315
	x96 = 0.654602
	x97 = 0.327466
	x98 = 0.258680
	x99 = 2.727864
	x100 = 0.635775
	x101 = -0.324414
	x102 = -0.711096
	x103 = -1.885307
	x104 = -0.088625
	x105 = -0.651985
	x106 = -0.197702
	x107 = 0.119268
	x108 = 0.041318
	x109 = -1.497150
	x110 = 0.317337
	x111 = -0.451898
	x112 = -0.095332
	x113 = -0.928250
	x114 = -3.215911
	x115 = 0.582578
	x116 = -0.972499
	x117 = 2.186476
	x118 = -1.686849
	x119 = -1.211334
	x120 = 2.222833
	x121 = 0.144186
	x122 = 0.211078
	x123 = 0.778755
	x124 = -3.126176
	x125 = -1.372770
	x126 = -0.000262
	x127 = -1.105495
	x128 = 0.042983
	x129 = 0.401685
	x130 = -0.564023
	x131 = 2.080915
	x132 = -1.972391
	x133 = 0.292290
	x134 = 0.438219
	x135 = 2.301958
	x136 = 2.386456
	x137 = -2.742309
	x138 = 1.189371
	x139 = -1.937778
	x140 = 3.625971
	x141 = 3.401177
	x142 = 5.154041
	x143 = -1.389817
	x144 = 0.741291
	x145 = 0.217308
	x146 = -2.999829
	x147 = 3.501301
	x148 = -0.248584
	x149 = -3.263337
	x150 = 1.770224
	x151 = 0.480567
	x152 = 1.019741
	x153 = 0.550321
	x154 = 2.490340
	x155 = -0.883835
	x156 = 1.339781
	x157 = -0.074743
	x158 = -3.518001
	x159 = 0.166912
	x160 = -1.841345
	x161 = -1.380840
	x162 = -0.926004
	x163 = 2.574594
	x164 = -1.418732
	x165 = 1.143059
	x166 = -0.372697
	x167 = 0.905445
	x168 = 2.270358
	x169 = -1.294552
	x170 = 1.501142
	x171 = -0.422377
	x172 = 3.891605
	x173 = -2.616401
	x174 = -2.385717
	x175 = -0.497333
	x176 = -2.134889
	x177 = 3.282041
	x178 = -2.015639
	x179 = 1.428284
	x180 = 0.964255
	x181 = 0.848715
	x182 = -0.754606
	x183 = -0.272962
	x184 = -1.311288
	x185 = 0.442761
	x186 = -1.911672
	x187 = 0.188492
	x188 = -0.257504
	x189 = 2.564467
	x190 = -0.834231
	x191 = -1.584672
	x192 = 1.734035
	x193 = -1.165946
	x194 = 0.103979
	x195 = -0.354731
	x196 = 1.127593
	x197 = 0.848051
	x198 = 0.086865
	x199 = -0.058840
	x200 = -2.481378
	x201 = -0.024259
	x202 = -1.886676
	x203 = -2.347997
	x204 = -0.506431
	x205 = 0.567967
	x206 = 0.859736
	x207 = -0.085907
	x208 = 1.241656
	x209 = -1.087091
	x210 = -0.194695
	x211 = -0.919601
	x212 = -0.527166
	x213 = 1.387832
	x214 = 0.025723
	x215 = -2.935623
	x216 = -1.265829
	x217 = 0.150349
	x218 = 1.851903
	x219 = -0.364468
	x220 = -1.050702
	x221 = -0.317596
	x222 = -0.353713
	x223 = 0.862446
	x224 = 2.190734
	x225 = 1.069059
	x226 = -2.680661
	x227 = -3.185930
	x228 = 1.563982
	x229 = -0.164875
	x230 = 1.239055
	x231 = 1.721873
	x232 = -0.603896
	x233 = 0.831977
	x234 = 2.224622
	x235 = 0.032218
	x236 = 2.117601
	x237 = -1.449623
	x238 = 1.560103
	x239 = 6.765285
	x240 = 0.202843
	x241 = -3.099726
	x242 = 0.921949
	x243 = 1.075511
	x244 = -1.770655
	x245 = -1.700299
	x246 = -0.760628
	x247 = -1.466443
	x248 = -0.176868
	x249 = -2.394716
	x250 = -2.113129
	x251 = -2.166668
	x252 = -0.154919
	x253 = 0.245378
	x254 = 0.869685
	x255 = 0.435229
	x256 = 2.097600
	x257 = -3.468918
	x258 = 0.311761
	x259 = -0.244614
	x260 = 0.089335
	x261 = -0.809244
	x262 = 1.345233
	x263 = 0.307452
	x264 = -0.461001
	x265 = 4.615693
	x266 = 2.595498
	x267 = -0.043780
	x268 = -3.777776
	x269 = -1.213472
	x270 = 3.341146
	x271 = 2.475057
	x272 = -2.304624
	x273 = -0.492579
	x274 = 1.173366
	x275 = -0.549672
	x276 = 0.292027
	x277 = 2.771316
	x278 = -2.337290
	x279 = -1.831657
	x280 = -1.870216
	x281 = -1.303077
	x282 = -1.259854
	x283 = -0.914918
	x284 = 0.048661
	x285 = -1.405206
	x286 = -1.186876
	x287 = 1.297845
	x288 = -2.781028
	x289 = 0.977640
	x290 = -3.423490
	x291 = -0.989597
	x292 = -0.982357
	x293 = -1.471739
	x294 = 0.013757
	x295 = 1.525274
	x296 = -2.786476
	x297 = -1.679656
	x298 = -4.243492
	x299 = 0.235351
	x300 = 0.386497
	x301 = 2.270399
	x302 = 1.277295
	x303 = -1.113558
	x304 = 0.332593
	x305 = -1.972815
	x306 = -0.124027
	x307 = -1.089711
	x308 = 0.784439
	x309 = -0.598146
	x310 = -1.056901
	x311 = -1.129155
	x312 = -0.140914
	x313 = -2.323762
	x314 = -1.305152
	x315 = -1.800914
	x316 = 2.099460
	x317 = 0.756372
	x318 = -1.828910
	x319 = -2.087514
	x320 = 2.571679
	x321 = -0.721147
	x322 = -0.901513
	x323 = 1.028088
	x324 = -1.113138
	x325 = -0.262272
	x326 = 0.481875
	x327 = -1.234533
	x328 = 0.539691
	x329 = -1.245012
	x330 = 0.763738
	x331 = -1.103607
	x332 = 2.378006
	x333 = -0.360381
	x334 = -4.804854
	x335 = -0.523032
	x336 = -0.296686
	x337 = -0.585487
	x338 = -2.127540
	x339 = -0.814087
	x340 = 0.184950
	x341 = -0.583729
	x342 = 2.384186
	x343 = 1.292699
	x344 = 1.895531
	x345 = -2.779777
	x346 = 2.509926
	x347 = -2.850896
	x348 = 1.212286
	x349 = 2.238542
	x350 = 0.039030
	x351 = -0.883769
	x352 = -0.154566
	x353 = 0.285214
	x354 = 0.365356
	x355 = 0.207552
	x356 = 1.185453
	x357 = 1.329119
	x358 = 1.663852
	x359 = -2.594032
	x360 = 1.604641
	x361 = -0.499377
	x362 = 0.451059
	x363 = 1.588622
	x364 = -0.083249
	x365 = -0.590786
	x366 = 1.450547
	x367 = -2.300893
	x368 = 2.204634
	x369 = 1.489630
	x370 = 0.563969
	x371 = 0.751628
	x372 = 3.648846
	x373 = 2.150413
	x374 = -0.844547
	x375 = 0.451062
	x376 = 0.910596
	x377 = -0.617148
	x378 = -3.803716
	x379 = 1.295477
	x380 = 0.556671
	x381 = -2.397840
	x382 = -1.596758
	x383 = 0.675478
	x384 = -0.242185
	x385 = -0.127592
	x386 = -0.523126
	x387 = 0.796170
	x388 = -1.376978
	x389 = -0.489809
	x390 = 2.482630
	x391 = 3.785731
	x392 = 2.331643
	x393 = 2.479873
	x394 = -1.295480
	x395 = 0.491521
	x396 = -1.480096
	x397 = -1.641880
	x398 = 3.500846
	x399 = 0.180999
	x400 = 0.675371
	x401 = -1.828456
	x402 = -0.635422
	x403 = -1.152491
	x404 = -2.210813
	x405 = -1.960112
	x406 = 2.379652
	x407 = -0.524006
	x408 = 2.507819
	x409 = -2.747796
	x410 = -3.135306
	x411 = 0.213860
	x412 = -1.418409
	x413 = -2.304875
	x414 = 2.747470
	x415 = -3.575565
	x416 = -0.300596
	x417 = 3.388018
	x418 = -1.806601
	x419 = 1.183595
	x420 = 0.144187
	x421 = -1.957904
	x422 = -1.577532
	x423 = -0.873137
	x424 = -0.320962
	x425 = -1.056544
	x426 = -1.619203
	x427 = -1.860189
	x428 = -2.190645
	x429 = -2.449638
	x430 = -1.378278
	x431 = 2.043684
	x432 = -1.288028
	x433 = -1.614592
	x434 = 0.442569
	x435 = 2.262936
	x436 = -4.590501
	x437 = -4.021155
	x438 = -1.821334
	x439 = -1.478114
	x440 = 0.074216
	x441 = 0.029665
	x442 = -0.563215
	x443 = 6.257494
	x444 = -0.816364
	x445 = -1.130391
	x446 = -0.848712
	x447 = -1.014439
	x448 = 0.177079
	x449 = -1.585094
	x450 = 1.214657
	x451 = -0.600524
	x452 = 3.285499
	x453 = 0.785155
	x454 = 3.104324
	x455 = -2.174501
	x456 = -1.997038
	x457 = 0.248918
	x458 = -5.718548
	x459 = -0.376608
	x460 = -0.215225
	x461 = 0.561678
	x462 = -1.626286
	x463 = -1.314535
	x464 = 1.297409
	x465 = 1.798430
	x466 = 0.120778
	x467 = -3.142276
	x468 = -0.950212
	x469 = 0.075008
	x470 = 0.452407
	x471 = 1.169556
	x472 = 1.720210
	x473 = -0.536003
	x474 = -0.393921
	x475 = -1.472240
	x476 = 0.512033
	x477 = -2.103805
	x478 = -0.421818
	x479 = -0.482784
	x480 = 1.881155
	x481 = 1.571642
	x482 = -1.846691
	x483 = -0.238467
	x484 = -0.708157
	x485 = -1.713791
	x486 = -0.972141
	x487 = 1.468345
	x488 = 0.034847
	x489 = 0.495910
	x490 = -0.636884
	x491 = 2.821751
	x492 = 0.572529
	x493 = -3.918079
	x494 = 0.277390
	x495 = -0.973705
	x496 = -0.913625
	x497 = -0.192045
	x498 = -2.906051
	x499 = -1.824842
	x500 = -0.878519
	x501 = -0.672908
	x502 = -1.304321
	x503 = -2.339829
	x504 = -1.421203
	x505 = 1.378256
	x506 = 1.860601
	x507 = -1.377383
	x508 = -0.951226
	x509 = -1.740183
	x510 = 1.765940
	x511 = 0.480733

Output:
	y0 = -5.323266
	y1 = -2.803105
	y2 = -2.540478
	y3 = -1.988704
	y4 = -2.432621
	y5 = -2.407307
	y6 = -2.969922
	y7 = -2.235134
	y8 = -2.923292
	y9 = -2.472569
	y10 = -2.622419
	y11 = -2.507935
	y12 = -2.192574
	y13 = 7.276709
	y14 = 7.180370
	y15 = -2.466864
	y16 = -2.854822
	y17 = -2.568930
	y18 = -1.727857
	y19 = -1.786975
	y20 = -2.603143
	y21 = -3.001099
	y22 = 7.178194
	y23 = -2.364881
	y24 = -2.775141
	y25 = -2.395938
	y26 = 7.135854
	y27 = 7.217220
	y28 = 7.167802
	y29 = 7.182428
	y30 = 7.183596
	y31 = -3.629704
	y32 = -2.251226
	y33 = -2.524598
	y34 = -2.336041
	y35 = -3.029534
	y36 = -2.289638
	y37 = -2.195227
	y38 = 7.276699
	y39 = 7.112728
	y40 = -2.158322
	y41 = -2.391668
	y42 = -1.910072
	y43 = -2.173006
	y44 = -1.915312
	y45 = -2.494684
	y46 = -2.530100
	y47 = -2.431173
	y48 = -2.140922
	y49 = -2.500670
	y50 = -2.509225
	y51 = -1.861757
	y52 = -2.631255
	y53 = -2.602928
	y54 = -2.480449
	y55 = -2.413323
	y56 = -2.016725
	y57 = 7.197681
	y58 = 7.222841
	y59 = 7.126436
	y60 = -1.996802

