InputQuery: /home/levn/Workspace/othello_world/queries/probe_robust/group_6/game_78_target_6_eps_0.1.txt
Engine::processInputQuery: Input query (before preprocessing): 449 equations, 1216 variables
Engine::processInputQuery: Input query (after preprocessing): 705 equations, 1341 variables

Input bounds:
	x0: [ -0.4024,  -0.2024] 
	x1: [ -0.2513,  -0.0513] 
	x2: [ -0.4404,  -0.2404] 
	x3: [  1.0854,   1.2854] 
	x4: [  3.1049,   3.3049] 
	x5: [ -0.8225,  -0.6225] 
	x6: [ -0.5417,  -0.3417] 
	x7: [  0.2993,   0.4993] 
	x8: [ -0.6881,  -0.4881] 
	x9: [ -1.6376,  -1.4376] 
	x10: [  1.2623,   1.4623] 
	x11: [ -0.3005,  -0.1005] 
	x12: [ -3.0797,  -2.8797] 
	x13: [  3.2323,   3.4323] 
	x14: [ -2.4032,  -2.2032] 
	x15: [ -0.8243,  -0.6243] 
	x16: [ -2.5892,  -2.3892] 
	x17: [ -2.6633,  -2.4633] 
	x18: [ -1.9980,  -1.7980] 
	x19: [  1.3318,   1.5318] 
	x20: [  0.7687,   0.9687] 
	x21: [  0.6327,   0.8327] 
	x22: [ -0.1873,   0.0127] 
	x23: [ -0.4614,  -0.2614] 
	x24: [  1.2188,   1.4188] 
	x25: [  1.5677,   1.7677] 
	x26: [ -1.8965,  -1.6965] 
	x27: [ -2.5774,  -2.3774] 
	x28: [  0.6182,   0.8182] 
	x29: [ -0.5311,  -0.3311] 
	x30: [ -2.6530,  -2.4530] 
	x31: [ -0.5412,  -0.3412] 
	x32: [ -0.4094,  -0.2094] 
	x33: [  1.1421,   1.3421] 
	x34: [ -0.2048,  -0.0048] 
	x35: [ -1.5196,  -1.3196] 
	x36: [ -1.7682,  -1.5682] 
	x37: [  0.2136,   0.4136] 
	x38: [  4.0791,   4.2791] 
	x39: [  1.4610,   1.6610] 
	x40: [ -0.2396,  -0.0396] 
	x41: [ -1.1804,  -0.9804] 
	x42: [  2.1986,   2.3986] 
	x43: [ -1.3783,  -1.1783] 
	x44: [ -1.4681,  -1.2681] 
	x45: [  1.5036,   1.7036] 
	x46: [ -0.1332,   0.0668] 
	x47: [ -2.3203,  -2.1203] 
	x48: [  1.5537,   1.7537] 
	x49: [ -2.1287,  -1.9287] 
	x50: [ -0.1418,   0.0582] 
	x51: [  0.6982,   0.8982] 
	x52: [ -0.1614,   0.0386] 
	x53: [ -0.6977,  -0.4977] 
	x54: [ -1.0403,  -0.8403] 
	x55: [ -0.9780,  -0.7780] 
	x56: [  0.5531,   0.7531] 
	x57: [ -1.1944,  -0.9944] 
	x58: [  0.8087,   1.0087] 
	x59: [ -1.6133,  -1.4133] 
	x60: [ -0.0036,   0.1964] 
	x61: [ -0.6722,  -0.4722] 
	x62: [  2.0354,   2.2354] 
	x63: [  0.0697,   0.2697] 
	x64: [ -1.7737,  -1.5737] 
	x65: [ -0.7458,  -0.5458] 
	x66: [ -4.4316,  -4.2316] 
	x67: [ -2.1169,  -1.9169] 
	x68: [ -2.5659,  -2.3659] 
	x69: [  1.1582,   1.3582] 
	x70: [ -0.9678,  -0.7678] 
	x71: [ -0.6011,  -0.4011] 
	x72: [ -1.0913,  -0.8913] 
	x73: [  1.6936,   1.8936] 
	x74: [  0.3818,   0.5818] 
	x75: [ -1.5328,  -1.3328] 
	x76: [  0.3325,   0.5325] 
	x77: [ -1.0145,  -0.8145] 
	x78: [  2.5116,   2.7116] 
	x79: [  0.1071,   0.3071] 
	x80: [ -0.7338,  -0.5338] 
	x81: [ -0.5707,  -0.3707] 
	x82: [  0.0390,   0.2390] 
	x83: [ -0.3731,  -0.1731] 
	x84: [ -0.8535,  -0.6535] 
	x85: [  0.6069,   0.8069] 
	x86: [ -0.0473,   0.1527] 
	x87: [ -1.4007,  -1.2007] 
	x88: [  0.9432,   1.1432] 
	x89: [  1.0098,   1.2098] 
	x90: [  0.6881,   0.8881] 
	x91: [ -1.0600,  -0.8600] 
	x92: [  0.2825,   0.4825] 
	x93: [  0.3294,   0.5294] 
	x94: [  0.3596,   0.5596] 
	x95: [  2.3259,   2.5259] 
	x96: [  0.0146,   0.2146] 
	x97: [  0.1890,   0.3890] 
	x98: [ -1.4373,  -1.2373] 
	x99: [  0.4740,   0.6740] 
	x100: [  0.9152,   1.1152] 
	x101: [ -0.5009,  -0.3009] 
	x102: [ -0.3998,  -0.1998] 
	x103: [  1.6917,   1.8917] 
	x104: [ -3.1287,  -2.9287] 
	x105: [ -0.8954,  -0.6954] 
	x106: [ -0.8682,  -0.6682] 
	x107: [ -0.4490,  -0.2490] 
	x108: [  0.4322,   0.6322] 
	x109: [ -0.1667,   0.0333] 
	x110: [ -0.2368,  -0.0368] 
	x111: [ -2.3179,  -2.1179] 
	x112: [  0.6081,   0.8081] 
	x113: [ -1.6490,  -1.4490] 
	x114: [  0.3778,   0.5778] 
	x115: [  0.7888,   0.9888] 
	x116: [  2.8108,   3.0108] 
	x117: [ -1.1832,  -0.9832] 
	x118: [  1.6544,   1.8544] 
	x119: [  1.8465,   2.0465] 
	x120: [  2.8014,   3.0014] 
	x121: [  3.0229,   3.2229] 
	x122: [ -0.4852,  -0.2852] 
	x123: [ -0.3165,  -0.1165] 
	x124: [  1.7490,   1.9490] 
	x125: [  0.5262,   0.7262] 
	x126: [  0.4447,   0.6447] 
	x127: [  0.9333,   1.1333] 
	x128: [  1.4993,   1.6993] 
	x129: [ -3.4460,  -3.2460] 
	x130: [ -1.5710,  -1.3710] 
	x131: [  2.7587,   2.9587] 
	x132: [  1.1947,   1.3947] 
	x133: [ -0.1257,   0.0743] 
	x134: [  0.2445,   0.4445] 
	x135: [ -0.7100,  -0.5100] 
	x136: [ -0.6607,  -0.4607] 
	x137: [ -0.1532,   0.0468] 
	x138: [ -1.2979,  -1.0979] 
	x139: [ -0.9510,  -0.7510] 
	x140: [ -1.1423,  -0.9423] 
	x141: [ -0.5735,  -0.3735] 
	x142: [  0.7982,   0.9982] 
	x143: [  0.4627,   0.6627] 
	x144: [ -0.9346,  -0.7346] 
	x145: [  1.2659,   1.4659] 
	x146: [  0.9053,   1.1053] 
	x147: [ -1.7123,  -1.5123] 
	x148: [  1.2374,   1.4374] 
	x149: [ -0.4303,  -0.2303] 
	x150: [ -1.3697,  -1.1697] 
	x151: [  0.8961,   1.0961] 
	x152: [  0.8811,   1.0811] 
	x153: [ -0.2626,  -0.0626] 
	x154: [ -0.7736,  -0.5736] 
	x155: [  0.7115,   0.9115] 
	x156: [  1.2234,   1.4234] 
	x157: [  0.3830,   0.5830] 
	x158: [  0.2583,   0.4583] 
	x159: [ -1.9176,  -1.7176] 
	x160: [  1.6838,   1.8838] 
	x161: [ -1.2037,  -1.0037] 
	x162: [  0.1767,   0.3767] 
	x163: [ -2.0939,  -1.8939] 
	x164: [ -2.6834,  -2.4834] 
	x165: [  0.2297,   0.4297] 
	x166: [ -0.8952,  -0.6952] 
	x167: [  1.7439,   1.9439] 
	x168: [ -2.7330,  -2.5330] 
	x169: [ -0.9394,  -0.7394] 
	x170: [  1.3846,   1.5846] 
	x171: [  0.7208,   0.9208] 
	x172: [ -0.0484,   0.1516] 
	x173: [  0.7705,   0.9705] 
	x174: [  1.8188,   2.0188] 
	x175: [ -0.0993,   0.1007] 
	x176: [ -1.9457,  -1.7457] 
	x177: [ -2.2363,  -2.0363] 
	x178: [ -0.0838,   0.1162] 
	x179: [ -1.9395,  -1.7395] 
	x180: [ -0.8855,  -0.6855] 
	x181: [ -0.8317,  -0.6317] 
	x182: [  0.8514,   1.0514] 
	x183: [  1.2057,   1.4057] 
	x184: [  0.9455,   1.1455] 
	x185: [ -1.6767,  -1.4767] 
	x186: [ -0.2476,  -0.0476] 
	x187: [ -0.5287,  -0.3287] 
	x188: [  2.0411,   2.2411] 
	x189: [  0.8434,   1.0434] 
	x190: [ -1.4474,  -1.2474] 
	x191: [ -0.4312,  -0.2312] 
	x192: [  1.3408,   1.5408] 
	x193: [  1.2949,   1.4949] 
	x194: [ -0.3121,  -0.1121] 
	x195: [ -0.6652,  -0.4652] 
	x196: [ -1.3999,  -1.1999] 
	x197: [  0.1694,   0.3694] 
	x198: [ -1.8529,  -1.6529] 
	x199: [  0.3326,   0.5326] 
	x200: [  1.0669,   1.2669] 
	x201: [ -0.5013,  -0.3013] 
	x202: [ -0.7526,  -0.5526] 
	x203: [ -2.2430,  -2.0430] 
	x204: [  0.5919,   0.7919] 
	x205: [  1.3717,   1.5717] 
	x206: [ -0.2241,  -0.0241] 
	x207: [ -1.4501,  -1.2501] 
	x208: [ -2.2736,  -2.0736] 
	x209: [  0.5193,   0.7193] 
	x210: [ -1.5105,  -1.3105] 
	x211: [ -0.2759,  -0.0759] 
	x212: [ -2.2335,  -2.0335] 
	x213: [ -0.2354,  -0.0354] 
	x214: [ -3.3890,  -3.1890] 
	x215: [ -0.2644,  -0.0644] 
	x216: [ -3.0124,  -2.8124] 
	x217: [  1.8114,   2.0114] 
	x218: [ -0.9003,  -0.7003] 
	x219: [  2.5081,   2.7081] 
	x220: [ -3.0117,  -2.8117] 
	x221: [  0.7457,   0.9457] 
	x222: [ -0.0751,   0.1249] 
	x223: [ -1.0764,  -0.8764] 
	x224: [ -2.6024,  -2.4024] 
	x225: [ -1.1487,  -0.9487] 
	x226: [ -0.1963,   0.0037] 
	x227: [  0.6579,   0.8579] 
	x228: [ -0.7636,  -0.5636] 
	x229: [ -2.2257,  -2.0257] 
	x230: [  2.8042,   3.0042] 
	x231: [ -0.0155,   0.1845] 
	x232: [ -1.0088,  -0.8088] 
	x233: [  0.4020,   0.6020] 
	x234: [ -2.3656,  -2.1656] 
	x235: [ -2.3926,  -2.1926] 
	x236: [  0.3096,   0.5096] 
	x237: [ -1.0865,  -0.8865] 
	x238: [  0.3122,   0.5122] 
	x239: [  2.9596,   3.1596] 
	x240: [  1.5437,   1.7437] 
	x241: [ -1.3152,  -1.1152] 
	x242: [ -0.5180,  -0.3180] 
	x243: [  3.7935,   3.9935] 
	x244: [ -0.7172,  -0.5172] 
	x245: [  0.7607,   0.9607] 
	x246: [ -2.8889,  -2.6889] 
	x247: [ -1.0393,  -0.8393] 
	x248: [ -3.0065,  -2.8065] 
	x249: [  1.9596,   2.1596] 
	x250: [ -1.2701,  -1.0701] 
	x251: [ -0.9909,  -0.7909] 
	x252: [  0.7635,   0.9635] 
	x253: [ -2.8702,  -2.6702] 
	x254: [ -0.3087,  -0.1087] 
	x255: [  1.2743,   1.4743] 
	x256: [ -0.0363,   0.1637] 
	x257: [  0.6303,   0.8303] 
	x258: [ -0.3984,  -0.1984] 
	x259: [  0.1268,   0.3268] 
	x260: [  0.4633,   0.6633] 
	x261: [ -0.9154,  -0.7154] 
	x262: [ -2.9028,  -2.7028] 
	x263: [  2.3495,   2.5495] 
	x264: [ -1.8986,  -1.6986] 
	x265: [ -0.9664,  -0.7664] 
	x266: [ -0.2141,  -0.0141] 
	x267: [  0.8584,   1.0584] 
	x268: [ -0.6072,  -0.4072] 
	x269: [ -3.3099,  -3.1099] 
	x270: [  1.0374,   1.2374] 
	x271: [ -0.4818,  -0.2818] 
	x272: [ -0.4711,  -0.2711] 
	x273: [  0.3589,   0.5589] 
	x274: [ -0.4473,  -0.2473] 
	x275: [ -1.4715,  -1.2715] 
	x276: [ -0.7401,  -0.5401] 
	x277: [ -0.6578,  -0.4578] 
	x278: [ -1.8464,  -1.6464] 
	x279: [  3.7022,   3.9022] 
	x280: [ -0.0285,   0.1715] 
	x281: [ -2.2924,  -2.0924] 
	x282: [ -0.8684,  -0.6684] 
	x283: [ -2.1141,  -1.9141] 
	x284: [ -0.6988,  -0.4988] 
	x285: [  2.6637,   2.8637] 
	x286: [ -1.1196,  -0.9196] 
	x287: [  0.0083,   0.2083] 
	x288: [ -2.7077,  -2.5077] 
	x289: [  1.6284,   1.8284] 
	x290: [  2.4172,   2.6172] 
	x291: [  0.4147,   0.6147] 
	x292: [  0.6848,   0.8848] 
	x293: [ -0.3661,  -0.1661] 
	x294: [  2.2515,   2.4515] 
	x295: [  3.0181,   3.2181] 
	x296: [  2.8845,   3.0845] 
	x297: [  0.3583,   0.5583] 
	x298: [ -4.2212,  -4.0212] 
	x299: [ -1.4936,  -1.2936] 
	x300: [ -0.0898,   0.1102] 
	x301: [  0.5510,   0.7510] 
	x302: [ -1.4158,  -1.2158] 
	x303: [ -3.5311,  -3.3311] 
	x304: [  0.2300,   0.4300] 
	x305: [ -0.0452,   0.1548] 
	x306: [ -4.8127,  -4.6127] 
	x307: [ -1.0717,  -0.8717] 
	x308: [ -0.6274,  -0.4274] 
	x309: [ -1.0925,  -0.8925] 
	x310: [ -0.2388,  -0.0388] 
	x311: [  1.5250,   1.7250] 
	x312: [  4.8479,   5.0479] 
	x313: [ -0.8220,  -0.6220] 
	x314: [ -2.5217,  -2.3217] 
	x315: [  0.3681,   0.5681] 
	x316: [  0.0606,   0.2606] 
	x317: [ -2.0426,  -1.8426] 
	x318: [  3.5963,   3.7963] 
	x319: [ -1.8793,  -1.6793] 
	x320: [  1.1636,   1.3636] 
	x321: [  0.3840,   0.5840] 
	x322: [ -1.5949,  -1.3949] 
	x323: [  1.9717,   2.1717] 
	x324: [  0.8063,   1.0063] 
	x325: [  0.2051,   0.4051] 
	x326: [ -0.9030,  -0.7030] 
	x327: [ -0.2818,  -0.0818] 
	x328: [  0.9589,   1.1589] 
	x329: [  0.0930,   0.2930] 
	x330: [  1.6236,   1.8236] 
	x331: [ -1.6093,  -1.4093] 
	x332: [ -1.5520,  -1.3520] 
	x333: [ -0.9086,  -0.7086] 
	x334: [  0.5344,   0.7344] 
	x335: [  0.6548,   0.8548] 
	x336: [ -1.0949,  -0.8949] 
	x337: [  2.1341,   2.3341] 
	x338: [ -0.2516,  -0.0516] 
	x339: [  0.2378,   0.4378] 
	x340: [  0.3907,   0.5907] 
	x341: [  0.9640,   1.1640] 
	x342: [  2.0611,   2.2611] 
	x343: [  0.0628,   0.2628] 
	x344: [  0.6818,   0.8818] 
	x345: [  2.2261,   2.4261] 
	x346: [  0.0080,   0.2080] 
	x347: [  0.1717,   0.3717] 
	x348: [ -2.1790,  -1.9790] 
	x349: [ -0.0386,   0.1614] 
	x350: [ -1.7862,  -1.5862] 
	x351: [ -1.8775,  -1.6775] 
	x352: [ -0.3547,  -0.1547] 
	x353: [  0.4097,   0.6097] 
	x354: [  0.6936,   0.8936] 
	x355: [  1.6312,   1.8312] 
	x356: [  1.1633,   1.3633] 
	x357: [ -0.2227,  -0.0227] 
	x358: [ -0.0867,   0.1133] 
	x359: [  3.5324,   3.7324] 
	x360: [ -1.8834,  -1.6834] 
	x361: [  1.2900,   1.4900] 
	x362: [  0.7718,   0.9718] 
	x363: [ -0.1244,   0.0756] 
	x364: [  1.4908,   1.6908] 
	x365: [ -1.0859,  -0.8859] 
	x366: [ -0.2592,  -0.0592] 
	x367: [  2.4569,   2.6569] 
	x368: [ -1.0949,  -0.8949] 
	x369: [ -1.3381,  -1.1381] 
	x370: [ -1.5972,  -1.3972] 
	x371: [ -2.7408,  -2.5408] 
	x372: [ -0.7285,  -0.5285] 
	x373: [ -2.7013,  -2.5013] 
	x374: [  2.7086,   2.9086] 
	x375: [ -0.8011,  -0.6011] 
	x376: [  0.8450,   1.0450] 
	x377: [ -1.6848,  -1.4848] 
	x378: [  0.9981,   1.1981] 
	x379: [  1.3742,   1.5742] 
	x380: [  2.1498,   2.3498] 
	x381: [ -1.3961,  -1.1961] 
	x382: [ -0.9878,  -0.7878] 
	x383: [ -0.3941,  -0.1941] 
	x384: [ -3.7271,  -3.5271] 
	x385: [  0.9176,   1.1176] 
	x386: [ -2.7471,  -2.5471] 
	x387: [ -0.6858,  -0.4858] 
	x388: [  1.0328,   1.2328] 
	x389: [ -0.1872,   0.0128] 
	x390: [ -0.4317,  -0.2317] 
	x391: [ -1.9359,  -1.7359] 
	x392: [ -1.7895,  -1.5895] 
	x393: [ -1.8362,  -1.6362] 
	x394: [ -0.9928,  -0.7928] 
	x395: [  1.1805,   1.3805] 
	x396: [  1.0889,   1.2889] 
	x397: [  0.5251,   0.7251] 
	x398: [  0.2205,   0.4205] 
	x399: [ -0.7083,  -0.5083] 
	x400: [  0.3138,   0.5138] 
	x401: [ -0.1573,   0.0427] 
	x402: [ -1.5675,  -1.3675] 
	x403: [ -1.3200,  -1.1200] 
	x404: [  2.6949,   2.8949] 
	x405: [  0.8846,   1.0846] 
	x406: [  0.0587,   0.2587] 
	x407: [ -2.4729,  -2.2729] 
	x408: [  0.1292,   0.3292] 
	x409: [ -0.9644,  -0.7644] 
	x410: [  0.7072,   0.9072] 
	x411: [ -1.1815,  -0.9815] 
	x412: [  0.7464,   0.9464] 
	x413: [ -0.1441,   0.0559] 
	x414: [ -0.3916,  -0.1916] 
	x415: [  0.0684,   0.2684] 
	x416: [ -1.4699,  -1.2699] 
	x417: [ -1.7303,  -1.5303] 
	x418: [  0.9308,   1.1308] 
	x419: [ -1.4507,  -1.2507] 
	x420: [ -0.9434,  -0.7434] 
	x421: [ -0.2148,  -0.0148] 
	x422: [  0.0014,   0.2014] 
	x423: [ -0.9358,  -0.7358] 
	x424: [ -1.6611,  -1.4611] 
	x425: [  1.3570,   1.5570] 
	x426: [  1.5651,   1.7651] 
	x427: [ -2.3110,  -2.1110] 
	x428: [ -2.9954,  -2.7954] 
	x429: [  1.8616,   2.0616] 
	x430: [  0.7381,   0.9381] 
	x431: [ -1.9225,  -1.7225] 
	x432: [ -0.5510,  -0.3510] 
	x433: [  0.0017,   0.2017] 
	x434: [  3.1478,   3.3478] 
	x435: [  1.2248,   1.4248] 
	x436: [ -1.6738,  -1.4738] 
	x437: [  1.3049,   1.5049] 
	x438: [  0.6212,   0.8212] 
	x439: [  1.6966,   1.8966] 
	x440: [  2.0713,   2.2713] 
	x441: [ -0.9669,  -0.7669] 
	x442: [ -2.7542,  -2.5542] 
	x443: [ -3.9063,  -3.7063] 
	x444: [  3.2210,   3.4210] 
	x445: [  2.1515,   2.3515] 
	x446: [ -2.0678,  -1.8678] 
	x447: [  2.4113,   2.6113] 
	x448: [  0.6233,   0.8233] 
	x449: [  1.1419,   1.3419] 
	x450: [ -1.6857,  -1.4857] 
	x451: [ -2.8388,  -2.6388] 
	x452: [ -1.6477,  -1.4477] 
	x453: [  1.2295,   1.4295] 
	x454: [ -0.3293,  -0.1293] 
	x455: [ -0.9587,  -0.7587] 
	x456: [  0.9307,   1.1307] 
	x457: [  0.5716,   0.7716] 
	x458: [ -1.6130,  -1.4130] 
	x459: [  0.6998,   0.8998] 
	x460: [  2.3219,   2.5219] 
	x461: [ -1.8012,  -1.6012] 
	x462: [  3.7104,   3.9104] 
	x463: [ -1.2437,  -1.0437] 
	x464: [  1.6687,   1.8687] 
	x465: [ -0.8801,  -0.6801] 
	x466: [ -0.9561,  -0.7561] 
	x467: [  4.2147,   4.4147] 
	x468: [ -0.0444,   0.1556] 
	x469: [ -0.0709,   0.1291] 
	x470: [  0.5551,   0.7551] 
	x471: [ -1.8726,  -1.6726] 
	x472: [  0.6781,   0.8781] 
	x473: [ -0.6999,  -0.4999] 
	x474: [ -1.6001,  -1.4001] 
	x475: [ -1.4975,  -1.2975] 
	x476: [  2.0444,   2.2444] 
	x477: [  0.5434,   0.7434] 
	x478: [ -0.0591,   0.1409] 
	x479: [  1.1366,   1.3366] 
	x480: [ -0.0815,   0.1185] 
	x481: [ -0.3350,  -0.1350] 
	x482: [ -2.2521,  -2.0521] 
	x483: [ -1.2707,  -1.0707] 
	x484: [  1.8592,   2.0592] 
	x485: [ -1.6054,  -1.4054] 
	x486: [ -0.6285,  -0.4285] 
	x487: [ -0.5200,  -0.3200] 
	x488: [  0.4900,   0.6900] 
	x489: [  0.5568,   0.7568] 
	x490: [  1.2753,   1.4753] 
	x491: [ -2.9190,  -2.7190] 
	x492: [  0.5988,   0.7988] 
	x493: [  0.4792,   0.6792] 
	x494: [  0.8357,   1.0357] 
	x495: [ -0.4756,  -0.2756] 
	x496: [ -0.4423,  -0.2423] 
	x497: [ -1.3870,  -1.1870] 
	x498: [ -0.0808,   0.1192] 
	x499: [  0.5237,   0.7237] 
	x500: [ -0.8932,  -0.6932] 
	x501: [ -1.8097,  -1.6097] 
	x502: [ -1.5892,  -1.3892] 
	x503: [  1.5007,   1.7007] 
	x504: [ -1.3055,  -1.1055] 
	x505: [ -0.9882,  -0.7882] 
	x506: [  1.3198,   1.5198] 
	x507: [  2.3546,   2.5546] 
	x508: [  1.3846,   1.5846] 
	x509: [ -0.1320,   0.0680] 
	x510: [  2.3776,   2.5776] 
	x511: [ -1.4200,  -1.2200] 

Branching heuristics set to PseudoImpact
unsat
