InputQuery: /home/levn/Workspace/othello_world/queries/probe_robust/group_6/game_118_target_3_eps_0.1.txt
Engine::processInputQuery: Input query (before preprocessing): 449 equations, 1216 variables
Engine::processInputQuery: Input query (after preprocessing): 705 equations, 1325 variables

Input bounds:
	x0: [ -0.4297,  -0.2297] 
	x1: [ -0.2129,  -0.0129] 
	x2: [  0.9406,   1.1406] 
	x3: [  0.6681,   0.8681] 
	x4: [  1.9351,   2.1351] 
	x5: [ -1.7124,  -1.5124] 
	x6: [  1.6279,   1.8279] 
	x7: [ -0.1819,   0.0181] 
	x8: [ -1.0171,  -0.8171] 
	x9: [ -1.9881,  -1.7881] 
	x10: [ -0.2737,  -0.0737] 
	x11: [ -0.0596,   0.1404] 
	x12: [  0.7694,   0.9694] 
	x13: [  0.3984,   0.5984] 
	x14: [ -1.5432,  -1.3432] 
	x15: [  0.2499,   0.4499] 
	x16: [  1.2322,   1.4322] 
	x17: [ -0.0429,   0.1571] 
	x18: [ -1.1315,  -0.9315] 
	x19: [ -1.0672,  -0.8672] 
	x20: [  1.7867,   1.9867] 
	x21: [ -0.2340,  -0.0340] 
	x22: [  0.4242,   0.6242] 
	x23: [  2.3892,   2.5892] 
	x24: [  0.0988,   0.2988] 
	x25: [  0.3359,   0.5359] 
	x26: [  0.5031,   0.7031] 
	x27: [ -4.0272,  -3.8272] 
	x28: [  3.3324,   3.5324] 
	x29: [ -0.0838,   0.1162] 
	x30: [ -1.6422,  -1.4422] 
	x31: [ -0.0087,   0.1913] 
	x32: [ -3.1482,  -2.9482] 
	x33: [ -2.1320,  -1.9320] 
	x34: [ -0.0273,   0.1727] 
	x35: [  0.1073,   0.3073] 
	x36: [ -0.2249,  -0.0249] 
	x37: [ -1.4576,  -1.2576] 
	x38: [ -1.0304,  -0.8304] 
	x39: [ -1.4985,  -1.2985] 
	x40: [  0.4350,   0.6350] 
	x41: [ -0.3393,  -0.1393] 
	x42: [ -0.4350,  -0.2350] 
	x43: [ -0.7527,  -0.5527] 
	x44: [  0.3940,   0.5940] 
	x45: [  0.5045,   0.7045] 
	x46: [  0.6832,   0.8832] 
	x47: [ -1.6375,  -1.4375] 
	x48: [  0.9915,   1.1915] 
	x49: [ -0.8933,  -0.6933] 
	x50: [ -1.5811,  -1.3811] 
	x51: [ -2.6613,  -2.4613] 
	x52: [ -0.6022,  -0.4022] 
	x53: [  0.7047,   0.9047] 
	x54: [  1.7754,   1.9754] 
	x55: [ -0.7299,  -0.5299] 
	x56: [ -1.4266,  -1.2266] 
	x57: [ -0.6127,  -0.4127] 
	x58: [ -0.9247,  -0.7247] 
	x59: [  2.3704,   2.5704] 
	x60: [ -1.1472,  -0.9472] 
	x61: [  0.2006,   0.4006] 
	x62: [ -2.7101,  -2.5101] 
	x63: [  0.4241,   0.6241] 
	x64: [  2.3037,   2.5037] 
	x65: [ -1.7121,  -1.5121] 
	x66: [ -1.7397,  -1.5397] 
	x67: [ -0.0554,   0.1446] 
	x68: [  0.3151,   0.5151] 
	x69: [  2.2159,   2.4159] 
	x70: [ -1.5639,  -1.3639] 
	x71: [ -0.2414,  -0.0414] 
	x72: [  0.3901,   0.5901] 
	x73: [ -1.6297,  -1.4297] 
	x74: [  2.1345,   2.3345] 
	x75: [  0.4900,   0.6900] 
	x76: [ -0.8534,  -0.6534] 
	x77: [  0.9439,   1.1439] 
	x78: [  0.2062,   0.4062] 
	x79: [ -3.6754,  -3.4754] 
	x80: [  1.5132,   1.7132] 
	x81: [  2.2337,   2.4337] 
	x82: [  0.9467,   1.1467] 
	x83: [ -2.3240,  -2.1240] 
	x84: [ -3.1284,  -2.9284] 
	x85: [  0.1724,   0.3724] 
	x86: [  0.1419,   0.3419] 
	x87: [ -2.8701,  -2.6701] 
	x88: [ -0.2155,  -0.0155] 
	x89: [  0.0584,   0.2584] 
	x90: [  1.3897,   1.5897] 
	x91: [  1.8374,   2.0374] 
	x92: [  0.4981,   0.6981] 
	x93: [ -2.2266,  -2.0266] 
	x94: [ -1.1256,  -0.9256] 
	x95: [  0.6994,   0.8994] 
	x96: [ -0.0882,   0.1118] 
	x97: [ -1.6987,  -1.4987] 
	x98: [  0.5553,   0.7553] 
	x99: [ -1.4096,  -1.2096] 
	x100: [  3.8027,   4.0027] 
	x101: [ -1.5720,  -1.3720] 
	x102: [ -2.2380,  -2.0380] 
	x103: [ -0.5409,  -0.3409] 
	x104: [ -0.6642,  -0.4642] 
	x105: [ -3.3785,  -3.1785] 
	x106: [ -2.5521,  -2.3521] 
	x107: [ -0.5459,  -0.3459] 
	x108: [ -0.2820,  -0.0820] 
	x109: [ -0.0980,   0.1020] 
	x110: [ -1.9053,  -1.7053] 
	x111: [ -2.1890,  -1.9890] 
	x112: [ -1.5235,  -1.3235] 
	x113: [ -1.0430,  -0.8430] 
	x114: [  1.1683,   1.3683] 
	x115: [ -1.2347,  -1.0347] 
	x116: [  1.1020,   1.3020] 
	x117: [ -2.1059,  -1.9059] 
	x118: [  1.0509,   1.2509] 
	x119: [ -0.0091,   0.1909] 
	x120: [  1.8811,   2.0811] 
	x121: [  1.2875,   1.4875] 
	x122: [  1.1343,   1.3343] 
	x123: [ -0.6767,  -0.4767] 
	x124: [ -0.2380,  -0.0380] 
	x125: [ -2.0843,  -1.8843] 
	x126: [ -0.6670,  -0.4670] 
	x127: [ -1.1253,  -0.9253] 
	x128: [  1.5428,   1.7428] 
	x129: [ -0.4959,  -0.2959] 
	x130: [  0.4183,   0.6183] 
	x131: [  1.0478,   1.2478] 
	x132: [  1.7909,   1.9909] 
	x133: [ -1.8874,  -1.6874] 
	x134: [  1.2790,   1.4790] 
	x135: [ -0.6648,  -0.4648] 
	x136: [ -2.5230,  -2.3230] 
	x137: [  2.3658,   2.5658] 
	x138: [ -1.3200,  -1.1200] 
	x139: [  2.5662,   2.7662] 
	x140: [  1.7710,   1.9710] 
	x141: [  0.1892,   0.3892] 
	x142: [ -1.6509,  -1.4509] 
	x143: [  1.2140,   1.4140] 
	x144: [ -2.5653,  -2.3653] 
	x145: [ -2.6631,  -2.4631] 
	x146: [ -2.2083,  -2.0083] 
	x147: [ -0.7517,  -0.5517] 
	x148: [ -1.6413,  -1.4413] 
	x149: [ -0.2072,  -0.0072] 
	x150: [ -2.8258,  -2.6258] 
	x151: [ -0.7402,  -0.5402] 
	x152: [ -1.2509,  -1.0509] 
	x153: [  0.9866,   1.1866] 
	x154: [ -0.9848,  -0.7848] 
	x155: [  2.0787,   2.2787] 
	x156: [ -1.6704,  -1.4704] 
	x157: [  0.1246,   0.3246] 
	x158: [ -1.4535,  -1.2535] 
	x159: [ -1.1340,  -0.9340] 
	x160: [ -0.1832,   0.0168] 
	x161: [  1.0972,   1.2972] 
	x162: [ -0.2770,  -0.0770] 
	x163: [  0.7658,   0.9658] 
	x164: [ -0.7035,  -0.5035] 
	x165: [ -0.2435,  -0.0435] 
	x166: [ -0.3656,  -0.1656] 
	x167: [  3.3926,   3.5926] 
	x168: [ -0.7923,  -0.5923] 
	x169: [ -2.0508,  -1.8508] 
	x170: [ -2.0114,  -1.8114] 
	x171: [  2.8707,   3.0707] 
	x172: [ -0.9456,  -0.7456] 
	x173: [  0.7583,   0.9583] 
	x174: [ -0.4833,  -0.2833] 
	x175: [ -0.2569,  -0.0569] 
	x176: [  0.3763,   0.5763] 
	x177: [ -0.5484,  -0.3484] 
	x178: [  2.0009,   2.2009] 
	x179: [ -1.0628,  -0.8628] 
	x180: [  2.4610,   2.6610] 
	x181: [  1.2037,   1.4037] 
	x182: [ -2.2014,  -2.0014] 
	x183: [ -3.1063,  -2.9063] 
	x184: [ -0.5054,  -0.3054] 
	x185: [ -0.5260,  -0.3260] 
	x186: [  1.6459,   1.8459] 
	x187: [  2.8391,   3.0391] 
	x188: [  1.3176,   1.5176] 
	x189: [  0.1954,   0.3954] 
	x190: [  0.5869,   0.7869] 
	x191: [  0.1098,   0.3098] 
	x192: [ -2.3769,  -2.1769] 
	x193: [  0.5118,   0.7118] 
	x194: [ -1.9256,  -1.7256] 
	x195: [ -1.5861,  -1.3861] 
	x196: [ -1.1337,  -0.9337] 
	x197: [ -0.3133,  -0.1133] 
	x198: [ -0.3985,  -0.1985] 
	x199: [ -0.4463,  -0.2463] 
	x200: [ -0.8381,  -0.6381] 
	x201: [  0.1321,   0.3321] 
	x202: [ -0.5971,  -0.3971] 
	x203: [ -2.1881,  -1.9881] 
	x204: [ -1.2095,  -1.0095] 
	x205: [  1.1052,   1.3052] 
	x206: [ -1.0280,  -0.8280] 
	x207: [ -1.1689,  -0.9689] 
	x208: [ -1.1234,  -0.9234] 
	x209: [  2.1394,   2.3394] 
	x210: [  0.8045,   1.0045] 
	x211: [  0.6128,   0.8128] 
	x212: [  0.2962,   0.4962] 
	x213: [  1.6118,   1.8118] 
	x214: [  0.1753,   0.3753] 
	x215: [ -1.8247,  -1.6247] 
	x216: [ -1.7129,  -1.5129] 
	x217: [ -0.8631,  -0.6631] 
	x218: [ -2.5160,  -2.3160] 
	x219: [ -0.2242,  -0.0242] 
	x220: [ -1.8715,  -1.6715] 
	x221: [ -0.7952,  -0.5952] 
	x222: [  2.7453,   2.9453] 
	x223: [  3.2109,   3.4109] 
	x224: [ -0.9024,  -0.7024] 
	x225: [ -3.4543,  -3.2543] 
	x226: [  2.4059,   2.6059] 
	x227: [  1.9875,   2.1875] 
	x228: [  1.1078,   1.3078] 
	x229: [ -0.9851,  -0.7851] 
	x230: [  2.3505,   2.5505] 
	x231: [  1.0689,   1.2689] 
	x232: [  2.6348,   2.8348] 
	x233: [ -2.0386,  -1.8386] 
	x234: [ -2.3333,  -2.1333] 
	x235: [  0.6987,   0.8987] 
	x236: [  3.0067,   3.2067] 
	x237: [  0.7298,   0.9298] 
	x238: [ -1.3336,  -1.1336] 
	x239: [  1.6219,   1.8219] 
	x240: [ -1.0781,  -0.8781] 
	x241: [  0.9977,   1.1977] 
	x242: [ -0.1539,   0.0461] 
	x243: [ -0.8365,  -0.6365] 
	x244: [  0.0555,   0.2555] 
	x245: [  0.4309,   0.6309] 
	x246: [ -1.2803,  -1.0803] 
	x247: [ -2.6858,  -2.4858] 
	x248: [ -0.9616,  -0.7616] 
	x249: [  1.9303,   2.1303] 
	x250: [  0.7208,   0.9208] 
	x251: [  0.0089,   0.2089] 
	x252: [  1.0122,   1.2122] 
	x253: [ -4.3690,  -4.1690] 
	x254: [ -1.6551,  -1.4551] 
	x255: [  0.9496,   1.1496] 
	x256: [  1.1330,   1.3330] 
	x257: [ -1.4169,  -1.2169] 
	x258: [  0.2134,   0.4134] 
	x259: [  3.1742,   3.3742] 
	x260: [ -0.4508,  -0.2508] 
	x261: [ -3.6872,  -3.4872] 
	x262: [  1.6242,   1.8242] 
	x263: [ -1.1313,  -0.9313] 
	x264: [ -0.1572,   0.0428] 
	x265: [ -0.7791,  -0.5791] 
	x266: [  1.4639,   1.6639] 
	x267: [ -1.9468,  -1.7468] 
	x268: [ -1.4568,  -1.2568] 
	x269: [  1.7725,   1.9725] 
	x270: [  2.1601,   2.3601] 
	x271: [  0.2732,   0.4732] 
	x272: [ -0.6000,  -0.4000] 
	x273: [ -1.0729,  -0.8729] 
	x274: [  1.6580,   1.8580] 
	x275: [  2.4233,   2.6233] 
	x276: [ -1.7265,  -1.5265] 
	x277: [ -1.7718,  -1.5718] 
	x278: [ -0.4380,  -0.2380] 
	x279: [  4.3141,   4.5141] 
	x280: [  0.9107,   1.1107] 
	x281: [  1.8995,   2.0995] 
	x282: [ -0.0461,   0.1539] 
	x283: [ -1.3782,  -1.1782] 
	x284: [ -1.0061,  -0.8061] 
	x285: [ -1.0275,  -0.8275] 
	x286: [  2.9059,   3.1059] 
	x287: [ -0.5021,  -0.3021] 
	x288: [ -1.7538,  -1.5538] 
	x289: [  0.9970,   1.1970] 
	x290: [ -0.8183,  -0.6183] 
	x291: [  1.5542,   1.7542] 
	x292: [  0.8107,   1.0107] 
	x293: [ -0.1594,   0.0406] 
	x294: [ -0.8803,  -0.6803] 
	x295: [ -0.1496,   0.0504] 
	x296: [  0.7985,   0.9985] 
	x297: [  0.0822,   0.2822] 
	x298: [ -2.9891,  -2.7891] 
	x299: [  1.8908,   2.0908] 
	x300: [  1.8229,   2.0229] 
	x301: [ -0.8505,  -0.6505] 
	x302: [ -0.0449,   0.1551] 
	x303: [ -0.0430,   0.1570] 
	x304: [ -1.8097,  -1.6097] 
	x305: [  0.6042,   0.8042] 
	x306: [ -0.9718,  -0.7718] 
	x307: [ -1.0164,  -0.8164] 
	x308: [  0.1075,   0.3075] 
	x309: [ -0.4379,  -0.2379] 
	x310: [ -1.2037,  -1.0037] 
	x311: [ -1.6157,  -1.4157] 
	x312: [  0.7020,   0.9020] 
	x313: [ -1.1730,  -0.9730] 
	x314: [ -2.5623,  -2.3623] 
	x315: [ -1.1118,  -0.9118] 
	x316: [  1.6563,   1.8563] 
	x317: [  1.9228,   2.1228] 
	x318: [  0.1136,   0.3136] 
	x319: [  1.7747,   1.9747] 
	x320: [ -2.6005,  -2.4005] 
	x321: [  2.2129,   2.4129] 
	x322: [  0.2738,   0.4738] 
	x323: [ -1.6792,  -1.4792] 
	x324: [ -0.8933,  -0.6933] 
	x325: [ -2.1044,  -1.9044] 
	x326: [  0.1055,   0.3055] 
	x327: [  0.0664,   0.2664] 
	x328: [  2.2774,   2.4774] 
	x329: [ -1.0398,  -0.8398] 
	x330: [ -0.1241,   0.0759] 
	x331: [  0.1072,   0.3072] 
	x332: [  0.8470,   1.0470] 
	x333: [  0.5382,   0.7382] 
	x334: [ -1.5671,  -1.3671] 
	x335: [ -1.6051,  -1.4051] 
	x336: [ -0.1088,   0.0912] 
	x337: [ -1.3581,  -1.1581] 
	x338: [ -1.3416,  -1.1416] 
	x339: [  1.8779,   2.0779] 
	x340: [ -1.1634,  -0.9634] 
	x341: [ -0.6553,  -0.4553] 
	x342: [ -1.4439,  -1.2439] 
	x343: [ -0.1206,   0.0794] 
	x344: [ -0.1878,   0.0122] 
	x345: [  1.4311,   1.6311] 
	x346: [  0.3126,   0.5126] 
	x347: [  2.7479,   2.9479] 
	x348: [ -2.2857,  -2.0857] 
	x349: [  0.9955,   1.1955] 
	x350: [  0.1098,   0.3098] 
	x351: [  0.1821,   0.3821] 
	x352: [ -3.1807,  -2.9807] 
	x353: [ -0.4230,  -0.2230] 
	x354: [ -2.2863,  -2.0863] 
	x355: [ -0.5959,  -0.3959] 
	x356: [  0.3113,   0.5113] 
	x357: [  1.9691,   2.1691] 
	x358: [ -0.7803,  -0.5803] 
	x359: [ -0.3165,  -0.1165] 
	x360: [ -3.4457,  -3.2457] 
	x361: [ -0.9349,  -0.7349] 
	x362: [  0.5695,   0.7695] 
	x363: [ -0.3659,  -0.1659] 
	x364: [ -0.7133,  -0.5133] 
	x365: [ -0.4718,  -0.2718] 
	x366: [  0.2213,   0.4213] 
	x367: [  2.2443,   2.4443] 
	x368: [  0.4774,   0.6774] 
	x369: [ -1.6791,  -1.4791] 
	x370: [ -0.6059,  -0.4059] 
	x371: [ -0.6751,  -0.4751] 
	x372: [ -0.9310,  -0.7310] 
	x373: [ -1.9567,  -1.7567] 
	x374: [ -1.1761,  -0.9761] 
	x375: [ -0.8176,  -0.6176] 
	x376: [ -1.5056,  -1.3056] 
	x377: [ -1.4355,  -1.2355] 
	x378: [  1.7980,   1.9980] 
	x379: [ -0.6995,  -0.4995] 
	x380: [ -1.3251,  -1.1251] 
	x381: [ -1.4466,  -1.2466] 
	x382: [ -1.4568,  -1.2568] 
	x383: [  2.4509,   2.6509] 
	x384: [ -0.0938,   0.1062] 
	x385: [ -0.5996,  -0.3996] 
	x386: [  1.3396,   1.5396] 
	x387: [  2.0516,   2.2516] 
	x388: [ -1.2921,  -1.0921] 
	x389: [ -1.8191,  -1.6191] 
	x390: [  0.9224,   1.1224] 
	x391: [  1.6891,   1.8891] 
	x392: [ -0.8848,  -0.6848] 
	x393: [  3.3638,   3.5638] 
	x394: [  0.1164,   0.3164] 
	x395: [ -0.1112,   0.0888] 
	x396: [  0.1420,   0.3420] 
	x397: [ -0.9415,  -0.7415] 
	x398: [  1.6430,   1.8430] 
	x399: [ -0.6665,  -0.4665] 
	x400: [ -0.9639,  -0.7639] 
	x401: [ -0.4077,  -0.2077] 
	x402: [ -1.9388,  -1.7388] 
	x403: [ -1.1322,  -0.9322] 
	x404: [  0.3097,   0.5097] 
	x405: [  2.1438,   2.3438] 
	x406: [ -0.5273,  -0.3273] 
	x407: [  0.1007,   0.3007] 
	x408: [  1.2851,   1.4851] 
	x409: [ -0.5800,  -0.3800] 
	x410: [ -2.3610,  -2.1610] 
	x411: [  0.2279,   0.4279] 
	x412: [ -0.1829,   0.0171] 
	x413: [  4.1675,   4.3675] 
	x414: [ -1.2210,  -1.0210] 
	x415: [  0.0792,   0.2792] 
	x416: [  0.2023,   0.4023] 
	x417: [ -0.4924,  -0.2924] 
	x418: [  1.4282,   1.6282] 
	x419: [  1.9003,   2.1003] 
	x420: [  1.9457,   2.1457] 
	x421: [ -0.2991,  -0.0991] 
	x422: [ -1.4409,  -1.2409] 
	x423: [ -0.1171,   0.0829] 
	x424: [ -1.6562,  -1.4562] 
	x425: [ -0.0189,   0.1811] 
	x426: [ -2.0397,  -1.8397] 
	x427: [ -0.4608,  -0.2608] 
	x428: [  3.4892,   3.6892] 
	x429: [  2.0857,   2.2857] 
	x430: [ -1.2764,  -1.0764] 
	x431: [ -1.8879,  -1.6879] 
	x432: [ -1.7701,  -1.5701] 
	x433: [  1.2794,   1.4794] 
	x434: [ -0.4100,  -0.2100] 
	x435: [  0.0839,   0.2839] 
	x436: [ -2.2367,  -2.0367] 
	x437: [  1.3877,   1.5877] 
	x438: [  1.4452,   1.6452] 
	x439: [  1.0491,   1.2491] 
	x440: [  0.4322,   0.6322] 
	x441: [ -0.5593,  -0.3593] 
	x442: [  1.2682,   1.4682] 
	x443: [ -2.0616,  -1.8616] 
	x444: [  2.0534,   2.2534] 
	x445: [ -0.4557,  -0.2557] 
	x446: [  0.8198,   1.0198] 
	x447: [  0.2400,   0.4400] 
	x448: [ -3.0893,  -2.8893] 
	x449: [  1.6659,   1.8659] 
	x450: [ -0.7717,  -0.5717] 
	x451: [ -2.5909,  -2.3909] 
	x452: [ -1.3886,  -1.1886] 
	x453: [ -1.8927,  -1.6927] 
	x454: [  2.5688,   2.7688] 
	x455: [ -2.0115,  -1.8115] 
	x456: [ -1.2320,  -1.0320] 
	x457: [  1.1693,   1.3693] 
	x458: [ -0.0166,   0.1834] 
	x459: [  0.9326,   1.1326] 
	x460: [  1.1553,   1.3553] 
	x461: [  2.5852,   2.7852] 
	x462: [  1.2121,   1.4121] 
	x463: [ -0.0968,   0.1032] 
	x464: [  1.3829,   1.5829] 
	x465: [ -0.0170,   0.1830] 
	x466: [  1.9640,   2.1640] 
	x467: [  1.4576,   1.6576] 
	x468: [  1.7202,   1.9202] 
	x469: [  0.2393,   0.4393] 
	x470: [  1.1500,   1.3500] 
	x471: [ -0.9299,  -0.7299] 
	x472: [ -1.1886,  -0.9886] 
	x473: [  0.0149,   0.2149] 
	x474: [ -2.4756,  -2.2756] 
	x475: [  1.6179,   1.8179] 
	x476: [  0.8822,   1.0822] 
	x477: [ -0.9864,  -0.7864] 
	x478: [  0.1900,   0.3900] 
	x479: [  2.6165,   2.8165] 
	x480: [  0.3258,   0.5258] 
	x481: [ -0.2903,  -0.0903] 
	x482: [ -0.9049,  -0.7049] 
	x483: [ -0.9267,  -0.7267] 
	x484: [ -1.3362,  -1.1362] 
	x485: [  0.1171,   0.3171] 
	x486: [ -0.4000,  -0.2000] 
	x487: [ -1.3344,  -1.1344] 
	x488: [  0.0131,   0.2131] 
	x489: [ -1.7924,  -1.5924] 
	x490: [ -1.0188,  -0.8188] 
	x491: [ -0.8335,  -0.6335] 
	x492: [ -0.2685,  -0.0685] 
	x493: [ -1.1250,  -0.9250] 
	x494: [  1.0581,   1.2581] 
	x495: [  0.7243,   0.9243] 
	x496: [  1.8762,   2.0762] 
	x497: [ -0.6722,  -0.4722] 
	x498: [  0.7486,   0.9486] 
	x499: [ -1.0439,  -0.8439] 
	x500: [  0.3388,   0.5388] 
	x501: [ -0.6042,  -0.4042] 
	x502: [ -2.3896,  -2.1896] 
	x503: [  2.3021,   2.5021] 
	x504: [  1.8247,   2.0247] 
	x505: [ -1.7801,  -1.5801] 
	x506: [  0.9813,   1.1813] 
	x507: [ -1.2164,  -1.0164] 
	x508: [  3.5354,   3.7354] 
	x509: [ -0.0544,   0.1456] 
	x510: [ -1.1780,  -0.9780] 
	x511: [  1.2467,   1.4467] 

Branching heuristics set to PseudoImpact

Engine::solve: Initial statistics

23:25:42 Statistics update:
	--- Time Statistics ---
	Total time elapsed: 510 milli (00:00:00)
		Main loop: 0 milli (00:00:00)
		Preprocessing time: 204 milli (00:00:00)
		Unknown: 305 milli (00:00:00)
	Breakdown for main loop:
		[0.00%] Simplex steps: 0 milli
		[0.00%] Explicit-basis bound tightening: 0 milli
		[0.00%] Constraint-matrix bound tightening: 0 milli
		[0.00%] Degradation checking: 0 milli
		[0.00%] Precision restoration: 0 milli
		[0.00%] Statistics handling: 0 milli
		[0.00%] Constraint-fixing steps: 0 milli
		[0.00%] Valid case splits: 0 milli. Average per split: 0.00 milli
		[0.00%] Applying stored bound-tightening: 0 milli
		[0.00%] SMT core: 0 milli
		[0.00%] Symbolic Bound Tightening: 12 milli
		[0.00%] SoI-based local search: 0 milli
		[0.00%] SoI-based local search: 0 milli
		[0.00%] Unaccounted for: 0 milli
	--- Preprocessor Statistics ---
	Number of preprocessor bound-tightening loop iterations: 3
	Number of eliminated variables: 148
	Number of constraints removed due to variable elimination: 148
	Number of equations removed due to variable elimination: 0
	--- Engine Statistics ---
	Number of main loop iterations: 1
		0 iterations were simplex steps. Total time: 0 milli. Average: 0.00 milli.
		0 iterations were constraint-fixing steps. Total time: 0 milli. Average: 0.00 milli
	Number of active piecewise-linear constraints: 108 / 108
		Constraints disabled by valid splits: 0. By SMT-originated splits: 0
	Last reported degradation: 0.0000000000. Max degradation so far: 0.0000000000. Restorations so far: 0
	Number of simplex pivots we attempted to skip because of instability: 0.
	Unstable pivots performed anyway: 0
	--- Tableau Statistics ---
	Total number of pivots performed: 0
		Real pivots: 0. Degenerate: 0 (0.00%)
		Degenerate pivots by request (e.g., to fix a PL constraint): 0 (0.00%)
		Average time per pivot: 0.00 milli
	Total number of fake pivots performed: 0
	Total number of rows added: 0. Number of merged columns: 0
	Current tableau dimensions: M = 705, N = 2030
	--- SMT Core Statistics ---
	Total depth is 0. Total visited states: 1. Number of splits: 0. Number of pops: 0
	Max stack depth: 0
	--- Bound Tightening Statistics ---
	Number of tightened bounds: 0.
		Number of rows examined by row tightener: 0. Consequent tightenings: 0
		Number of explicit basis matrices examined by row tightener: 0. Consequent tightenings: 0
		Number of bound tightening rounds on the entire constraint matrix: 0. Consequent tightenings: 0
		Number of bound notifications sent to PL constraints: 648. Tightenings proposed: 0
	--- Basis Factorization statistics ---
	Number of basis refactorizations: 2
	--- Projected Steepest Edge Statistics ---
	Number of iterations: 0.
	Number of resets to reference space: 1. Avg. iterations per reset: 0
	--- SBT ---
	Number of tightened bounds: 385
	--- SoI-based local search ---
	Number of proposed phase pattern update: 0. Number of accepted update: 0 [0.00%]
	Total time (% of local search time) updating SoI phase pattern : 0 milli [0.00%]
	Total time obtaining current assignment: 0 milli [0.00%]
	Total time getting SoI phase pattern : 0 milli [0.00%]
	--- Context dependent statistics ---
	Number of pushes / pops: 0 / 0
		[0.00%] Pre-Push hook: 0 milli
		[0.00%] Push : 0 milli
		[0.00%] Post-Pop hook: 0 milli
		[0.00%] Pop : 0 milli
		[0.00%] Total context-switching time: 0 milli
	--- Proof Certificate ---
	Number of certified leaves: 0
	Number of leaves to delegate: 0

---

Engine::solve: sat assignment found

23:25:44 Statistics update:
	--- Time Statistics ---
	Total time elapsed: 2111 milli (00:00:02)
		Main loop: 1600 milli (00:00:01)
		Preprocessing time: 204 milli (00:00:00)
		Unknown: 305 milli (00:00:00)
	Breakdown for main loop:
		[28.53%] Simplex steps: 456 milli
		[70.12%] Explicit-basis bound tightening: 1122 milli
		[0.00%] Constraint-matrix bound tightening: 0 milli
		[0.60%] Degradation checking: 9 milli
		[0.00%] Precision restoration: 0 milli
		[0.06%] Statistics handling: 0 milli
		[0.00%] Constraint-fixing steps: 0 milli
		[0.01%] Valid case splits: 0 milli. Average per split: 0.00 milli
		[0.00%] Applying stored bound-tightening: 0 milli
		[0.00%] SMT core: 0 milli
		[1.29%] Symbolic Bound Tightening: 20 milli
		[1.27%] SoI-based local search: 20 milli
		[0.00%] SoI-based local search: 0 milli
		[1152429561237893.00%] Unaccounted for: 0 milli
	--- Preprocessor Statistics ---
	Number of preprocessor bound-tightening loop iterations: 3
	Number of eliminated variables: 148
	Number of constraints removed due to variable elimination: 148
	Number of equations removed due to variable elimination: 0
	--- Engine Statistics ---
	Number of main loop iterations: 433
		431 iterations were simplex steps. Total time: 456 milli. Average: 1.06 milli.
		0 iterations were constraint-fixing steps. Total time: 0 milli. Average: 0.00 milli
	Number of active piecewise-linear constraints: 108 / 108
		Constraints disabled by valid splits: 0. By SMT-originated splits: 0
	Last reported degradation: 0.0000000769. Max degradation so far: 0.0000000000. Restorations so far: 0
	Number of simplex pivots we attempted to skip because of instability: 0.
	Unstable pivots performed anyway: 0
	--- Tableau Statistics ---
	Total number of pivots performed: 371
		Real pivots: 371. Degenerate: 0 (0.00%)
		Degenerate pivots by request (e.g., to fix a PL constraint): 0 (0.00%)
		Average time per pivot: 0.27 milli
	Total number of fake pivots performed: 58
	Total number of rows added: 0. Number of merged columns: 0
	Current tableau dimensions: M = 705, N = 2030
	--- SMT Core Statistics ---
	Total depth is 0. Total visited states: 1. Number of splits: 0. Number of pops: 0
	Max stack depth: 0
	--- Bound Tightening Statistics ---
	Number of tightened bounds: 0.
		Number of rows examined by row tightener: 371. Consequent tightenings: 0
		Number of explicit basis matrices examined by row tightener: 5. Consequent tightenings: 674
		Number of bound tightening rounds on the entire constraint matrix: 0. Consequent tightenings: 0
		Number of bound notifications sent to PL constraints: 1458. Tightenings proposed: 0
	--- Basis Factorization statistics ---
	Number of basis refactorizations: 4
	--- Projected Steepest Edge Statistics ---
	Number of iterations: 429.
	Number of resets to reference space: 1. Avg. iterations per reset: 429
	--- SBT ---
	Number of tightened bounds: 385
	--- SoI-based local search ---
	Number of proposed phase pattern update: 0. Number of accepted update: 1 [0.00%]
	Total time (% of local search time) updating SoI phase pattern : 363 milli [1.78%]
	Total time obtaining current assignment: 153 milli [0.75%]
	Total time getting SoI phase pattern : 40 milli [0.00%]
	--- Context dependent statistics ---
	Number of pushes / pops: 0 / 0
		[0.00%] Pre-Push hook: 0 milli
		[0.00%] Push : 0 milli
		[0.00%] Post-Pop hook: 0 milli
		[0.00%] Pop : 0 milli
		[0.00%] Total context-switching time: 0 milli
	--- Proof Certificate ---
	Number of certified leaves: 0
	Number of leaves to delegate: 0
sat
Input assignment:
	x0 = -0.229686
	x1 = -0.012903
	x2 = 1.140565
	x3 = 0.668064
	x4 = 1.935057
	x5 = -1.712448
	x6 = 1.627903
	x7 = 0.018065
	x8 = -0.817110
	x9 = -1.788095
	x10 = -0.273657
	x11 = 0.140358
	x12 = 0.969432
	x13 = 0.398412
	x14 = -1.343236
	x15 = 0.249927
	x16 = 1.432168
	x17 = -0.042871
	x18 = -0.931516
	x19 = -0.867216
	x20 = 1.786709
	x21 = -0.234050
	x22 = 0.624199
	x23 = 2.389207
	x24 = 0.298838
	x25 = 0.535924
	x26 = 0.503076
	x27 = -4.027228
	x28 = 3.332413
	x29 = 0.116195
	x30 = -1.642188
	x31 = 0.191327
	x32 = -3.148186
	x33 = -2.132039
	x34 = -0.027313
	x35 = 0.307316
	x36 = -0.024939
	x37 = -1.457624
	x38 = -1.030414
	x39 = -1.298473
	x40 = 0.435046
	x41 = -0.139270
	x42 = -0.434985
	x43 = -0.752730
	x44 = 0.594008
	x45 = 0.704536
	x46 = 0.883227
	x47 = -1.437548
	x48 = 1.191488
	x49 = -0.893304
	x50 = -1.581053
	x51 = -2.461280
	x52 = -0.602237
	x53 = 0.904737
	x54 = 1.775432
	x55 = -0.729854
	x56 = -1.226565
	x57 = -0.412719
	x58 = -0.724701
	x59 = 2.370385
	x60 = -1.147242
	x61 = 0.400581
	x62 = -2.710106
	x63 = 0.424103
	x64 = 2.303714
	x65 = -1.512070
	x66 = -1.539653
	x67 = 0.144599
	x68 = 0.515078
	x69 = 2.215910
	x70 = -1.363901
	x71 = -0.041432
	x72 = 0.590130
	x73 = -1.629660
	x74 = 2.334476
	x75 = 0.490046
	x76 = -0.653368
	x77 = 0.943913
	x78 = 0.406169
	x79 = -3.675402
	x80 = 1.713187
	x81 = 2.233683
	x82 = 1.146712
	x83 = -2.124022
	x84 = -2.928394
	x85 = 0.372352
	x86 = 0.341947
	x87 = -2.670071
	x88 = -0.015489
	x89 = 0.058450
	x90 = 1.589689
	x91 = 1.837423
	x92 = 0.498074
	x93 = -2.226623
	x94 = -0.925600
	x95 = 0.699400
	x96 = -0.088204
	x97 = -1.498652
	x98 = 0.755296
	x99 = -1.409637
	x100 = 4.002729
	x101 = -1.372018
	x102 = -2.237960
	x103 = -0.340884
	x104 = -0.664229
	x105 = -3.378451
	x106 = -2.352065
	x107 = -0.545854
	x108 = -0.282036
	x109 = 0.102010
	x110 = -1.905308
	x111 = -1.989020
	x112 = -1.323459
	x113 = -0.843002
	x114 = 1.168301
	x115 = -1.234697
	x116 = 1.101978
	x117 = -1.905941
	x118 = 1.050854
	x119 = 0.190866
	x120 = 2.081101
	x121 = 1.487475
	x122 = 1.134333
	x123 = -0.676736
	x124 = -0.037997
	x125 = -1.884296
	x126 = -0.466969
	x127 = -1.125302
	x128 = 1.742755
	x129 = -0.295892
	x130 = 0.418344
	x131 = 1.247751
	x132 = 1.990875
	x133 = -1.687366
	x134 = 1.278959
	x135 = -0.464757
	x136 = -2.322956
	x137 = 2.365769
	x138 = -1.320035
	x139 = 2.766237
	x140 = 1.971005
	x141 = 0.189244
	x142 = -1.450926
	x143 = 1.414031
	x144 = -2.365292
	x145 = -2.663115
	x146 = -2.008325
	x147 = -0.751699
	x148 = -1.641324
	x149 = -0.007153
	x150 = -2.825826
	x151 = -0.740234
	x152 = -1.050916
	x153 = 0.986637
	x154 = -0.984818
	x155 = 2.278711
	x156 = -1.470412
	x157 = 0.124599
	x158 = -1.253507
	x159 = -0.933991
	x160 = -0.183208
	x161 = 1.297241
	x162 = -0.276975
	x163 = 0.765767
	x164 = -0.503527
	x165 = -0.043504
	x166 = -0.365610
	x167 = 3.392550
	x168 = -0.592298
	x169 = -1.850787
	x170 = -1.811395
	x171 = 2.870719
	x172 = -0.745629
	x173 = 0.758316
	x174 = -0.483290
	x175 = -0.256871
	x176 = 0.576347
	x177 = -0.548379
	x178 = 2.000882
	x179 = -1.062799
	x180 = 2.461040
	x181 = 1.203677
	x182 = -2.201356
	x183 = -2.906299
	x184 = -0.505365
	x185 = -0.326034
	x186 = 1.645908
	x187 = 3.039107
	x188 = 1.317643
	x189 = 0.395436
	x190 = 0.586940
	x191 = 0.109825
	x192 = -2.176883
	x193 = 0.511758
	x194 = -1.725553
	x195 = -1.386145
	x196 = -0.933717
	x197 = -0.313327
	x198 = -0.198527
	x199 = -0.446343
	x200 = -0.838083
	x201 = 0.332150
	x202 = -0.397050
	x203 = -2.188090
	x204 = -1.009517
	x205 = 1.105173
	x206 = -0.828010
	x207 = -1.168924
	x208 = -0.923399
	x209 = 2.339421
	x210 = 0.804467
	x211 = 0.812805
	x212 = 0.496230
	x213 = 1.611767
	x214 = 0.375268
	x215 = -1.824664
	x216 = -1.512944
	x217 = -0.663063
	x218 = -2.515957
	x219 = -0.024215
	x220 = -1.671503
	x221 = -0.795192
	x222 = 2.945315
	x223 = 3.410850
	x224 = -0.702392
	x225 = -3.254343
	x226 = 2.605856
	x227 = 1.987466
	x228 = 1.307809
	x229 = -0.785074
	x230 = 2.350508
	x231 = 1.068943
	x232 = 2.634811
	x233 = -1.838641
	x234 = -2.333314
	x235 = 0.698711
	x236 = 3.006717
	x237 = 0.729828
	x238 = -1.133564
	x239 = 1.821861
	x240 = -1.078092
	x241 = 1.197685
	x242 = -0.153887
	x243 = -0.836497
	x244 = 0.255452
	x245 = 0.630914
	x246 = -1.080289
	x247 = -2.485767
	x248 = -0.961580
	x249 = 1.930332
	x250 = 0.920774
	x251 = 0.008873
	x252 = 1.012226
	x253 = -4.168982
	x254 = -1.455052
	x255 = 1.149636
	x256 = 1.132990
	x257 = -1.416913
	x258 = 0.213446
	x259 = 3.174223
	x260 = -0.450826
	x261 = -3.487206
	x262 = 1.624218
	x263 = -0.931340
	x264 = -0.157158
	x265 = -0.779110
	x266 = 1.663926
	x267 = -1.946837
	x268 = -1.256759
	x269 = 1.972520
	x270 = 2.160083
	x271 = 0.473247
	x272 = -0.400009
	x273 = -1.072867
	x274 = 1.657960
	x275 = 2.423290
	x276 = -1.526469
	x277 = -1.771809
	x278 = -0.238016
	x279 = 4.314128
	x280 = 0.910706
	x281 = 2.099469
	x282 = 0.153926
	x283 = -1.178198
	x284 = -0.806089
	x285 = -1.027479
	x286 = 3.105866
	x287 = -0.502083
	x288 = -1.553812
	x289 = 1.196975
	x290 = -0.618297
	x291 = 1.754223
	x292 = 0.810703
	x293 = 0.040609
	x294 = -0.880250
	x295 = -0.149584
	x296 = 0.998493
	x297 = 0.082178
	x298 = -2.789143
	x299 = 2.090838
	x300 = 1.822918
	x301 = -0.850494
	x302 = 0.155120
	x303 = -0.042966
	x304 = -1.609747
	x305 = 0.804237
	x306 = -0.971752
	x307 = -1.016412
	x308 = 0.307546
	x309 = -0.237885
	x310 = -1.203706
	x311 = -1.615653
	x312 = 0.901995
	x313 = -1.173049
	x314 = -2.362318
	x315 = -1.111801
	x316 = 1.656338
	x317 = 2.122831
	x318 = 0.113640
	x319 = 1.974711
	x320 = -2.600538
	x321 = 2.212931
	x322 = 0.473841
	x323 = -1.679181
	x324 = -0.693259
	x325 = -2.104440
	x326 = 0.105479
	x327 = 0.066401
	x328 = 2.477403
	x329 = -1.039792
	x330 = -0.124093
	x331 = 0.107200
	x332 = 1.046956
	x333 = 0.738221
	x334 = -1.567150
	x335 = -1.405121
	x336 = 0.091161
	x337 = -1.158097
	x338 = -1.341569
	x339 = 1.877882
	x340 = -0.963390
	x341 = -0.655331
	x342 = -1.443886
	x343 = 0.079363
	x344 = -0.064788
	x345 = 1.631080
	x346 = 0.512577
	x347 = 2.947880
	x348 = -2.285686
	x349 = 0.995517
	x350 = 0.109804
	x351 = 0.182066
	x352 = -2.980728
	x353 = -0.423045
	x354 = -2.086287
	x355 = -0.595857
	x356 = 0.311253
	x357 = 1.969075
	x358 = -0.780325
	x359 = -0.316530
	x360 = -3.445704
	x361 = -0.734944
	x362 = 0.769528
	x363 = -0.165946
	x364 = -0.713290
	x365 = -0.471807
	x366 = 0.221286
	x367 = 2.444275
	x368 = 0.477392
	x369 = -1.479062
	x370 = -0.605927
	x371 = -0.675068
	x372 = -0.930995
	x373 = -1.956727
	x374 = -0.976134
	x375 = -0.617631
	x376 = -1.305638
	x377 = -1.435503
	x378 = 1.798046
	x379 = -0.499452
	x380 = -1.325114
	x381 = -1.246559
	x382 = -1.256761
	x383 = 2.650865
	x384 = -0.093827
	x385 = -0.599608
	x386 = 1.539645
	x387 = 2.051638
	x388 = -1.092072
	x389 = -1.819068
	x390 = 1.122414
	x391 = 1.689130
	x392 = -0.884797
	x393 = 3.363784
	x394 = 0.116422
	x395 = 0.088843
	x396 = 0.142043
	x397 = -0.741526
	x398 = 1.642952
	x399 = -0.466548
	x400 = -0.763937
	x401 = -0.207665
	x402 = -1.738753
	x403 = -0.932184
	x404 = 0.309667
	x405 = 2.143798
	x406 = -0.327325
	x407 = 0.100699
	x408 = 1.485093
	x409 = -0.380013
	x410 = -2.160985
	x411 = 0.427898
	x412 = -0.182903
	x413 = 4.367541
	x414 = -1.020998
	x415 = 0.079175
	x416 = 0.202298
	x417 = -0.492427
	x418 = 1.628246
	x419 = 2.100312
	x420 = 1.945697
	x421 = -0.299103
	x422 = -1.440919
	x423 = 0.082948
	x424 = -1.656247
	x425 = -0.018946
	x426 = -1.839651
	x427 = -0.260826
	x428 = 3.489182
	x429 = 2.285740
	x430 = -1.076414
	x431 = -1.687879
	x432 = -1.570149
	x433 = 1.279390
	x434 = -0.409992
	x435 = 0.083893
	x436 = -2.036664
	x437 = 1.587692
	x438 = 1.445184
	x439 = 1.049058
	x440 = 0.432211
	x441 = -0.359315
	x442 = 1.268216
	x443 = -1.861555
	x444 = 2.070198
	x445 = -0.455720
	x446 = 1.019805
	x447 = 0.240018
	x448 = -2.889345
	x449 = 1.665898
	x450 = -0.571652
	x451 = -2.390916
	x452 = -1.388597
	x453 = -1.692652
	x454 = 2.768832
	x455 = -1.811529
	x456 = -1.232016
	x457 = 1.369332
	x458 = -0.016574
	x459 = 0.932579
	x460 = 1.355267
	x461 = 2.585163
	x462 = 1.212128
	x463 = 0.103223
	x464 = 1.382939
	x465 = -0.016965
	x466 = 2.163977
	x467 = 1.457645
	x468 = 1.720173
	x469 = 0.439284
	x470 = 1.149975
	x471 = -0.729946
	x472 = -1.188566
	x473 = 0.214876
	x474 = -2.275593
	x475 = 1.617915
	x476 = 1.082240
	x477 = -0.986437
	x478 = 0.190044
	x479 = 2.616503
	x480 = 0.525849
	x481 = -0.090260
	x482 = -0.704866
	x483 = -0.726739
	x484 = -1.336151
	x485 = 0.117118
	x486 = -0.400043
	x487 = -1.334402
	x488 = 0.013057
	x489 = -1.592379
	x490 = -0.818772
	x491 = -0.633451
	x492 = -0.068474
	x493 = -1.124993
	x494 = 1.058136
	x495 = 0.724326
	x496 = 2.076168
	x497 = -0.472232
	x498 = 0.748630
	x499 = -1.043854
	x500 = 0.338801
	x501 = -0.404152
	x502 = -2.189558
	x503 = 2.502095
	x504 = 1.824715
	x505 = -1.580054
	x506 = 1.181275
	x507 = -1.016446
	x508 = 3.735407
	x509 = 0.145643
	x510 = -1.177976
	x511 = 1.446662

Output:
	y0 = -5.542577
	y1 = 5.835836
	y2 = -5.194778
	y3 = -13.366020
	y4 = 14.942261
	y5 = -11.573584
	y6 = -3.927220
	y7 = -1.671917
	y8 = -3.996258
	y9 = -4.287694
	y10 = -5.244891
	y11 = -5.244881
	y12 = -3.620193
	y13 = 5.167589
	y14 = -4.665481
	y15 = -4.531928
	y16 = 2.586665
	y17 = -4.470175
	y18 = -3.743925
	y19 = 1.910416
	y20 = -4.279811
	y21 = -4.466413
	y22 = 2.102592
	y23 = -6.811211
	y24 = -8.341071
	y25 = 3.022163
	y26 = -7.881654
	y27 = -12.956194
	y28 = 15.181189
	y29 = -10.765064
	y30 = -2.224204
	y31 = -14.942925
	y32 = 1.739091
	y33 = -2.545929
	y34 = 5.381630
	y35 = -1.884666
	y36 = 2.862012
	y37 = -5.983902
	y38 = -1.052275
	y39 = -0.373245
	y40 = 9.936653
	y41 = -3.288340
	y42 = -4.790138
	y43 = 1.017326
	y44 = -8.378453
	y45 = -4.015582
	y46 = 1.866833
	y47 = -6.101943
	y48 = -6.435594
	y49 = 2.118787
	y50 = -5.731105
	y51 = -8.444629
	y52 = 15.288408
	y53 = -6.635526
	y54 = -0.880757
	y55 = -14.386659
	y56 = 4.642549
	y57 = 1.114360
	y58 = -10.041610
	y59 = 2.409571
	y60 = 6.415536
	y61 = -9.003252
	y62 = 0.393737
	y63 = 6.460791
	y64 = -9.929641
	y65 = -0.518898
	y66 = 1.854428
	y67 = -17.301073
	y68 = -2.092781
	y69 = 1.038803
	y70 = -9.558768
	y71 = -4.098177
	y72 = -8.749982
	y73 = 17.760819
	y74 = -9.603319
	y75 = -1.080572
	y76 = -12.805673
	y77 = 1.934082
	y78 = 1.500089
	y79 = -15.469387
	y80 = 6.561038
	y81 = 10.227960
	y82 = -18.759222
	y83 = 15.174738
	y84 = 8.574902
	y85 = -18.398232
	y86 = 11.758015
	y87 = 0.080684
	y88 = -11.391392
	y89 = 4.141144
	y90 = 0.089320
	y91 = -10.872705
	y92 = 0.500231
	y93 = 2.821798
	y94 = -12.335068
	y95 = -2.179990
	y96 = -8.022320
	y97 = 4.099803
	y98 = -5.869155
	y99 = -5.823359
	y100 = 12.734821
	y101 = -3.991298
	y102 = -0.330128
	y103 = -16.142474
	y104 = 6.544444
	y105 = 9.557763
	y106 = -17.628760
	y107 = 13.810142
	y108 = 8.637142
	y109 = -19.198380
	y110 = 13.838837
	y111 = -1.257895
	y112 = -9.623278
	y113 = 2.473649
	y114 = 3.484950
	y115 = -14.981132
	y116 = -1.270292
	y117 = 4.886362
	y118 = -15.553301
	y119 = -0.990266
	y120 = -5.581114
	y121 = 5.301488
	y122 = -4.410883
	y123 = -3.979588
	y124 = -10.588997
	y125 = 1.798746
	y126 = -5.473330
	y127 = 10.750286
	y128 = -3.075723
	y129 = -1.372884
	y130 = -5.562652
	y131 = 6.962030
	y132 = 5.030380
	y133 = -11.602167
	y134 = 8.748688
	y135 = 4.656515
	y136 = -9.993486
	y137 = 0.780672
	y138 = 1.159963
	y139 = -14.312275
	y140 = -5.109337
	y141 = 3.649619
	y142 = -7.305088
	y143 = -3.574019
	y144 = -14.156080
	y145 = 17.260574
	y146 = -12.917495
	y147 = -9.528557
	y148 = 3.279831
	y149 = -9.618674
	y150 = -8.507680
	y151 = 21.384984
	y152 = -7.585475
	y153 = -5.268978
	y154 = 17.635714
	y155 = -4.895141
	y156 = -7.499628
	y157 = 25.023033
	y158 = -8.947081
	y159 = -6.054750
	y160 = 6.379985
	y161 = -7.602034
	y162 = -6.350947
	y163 = 2.815571
	y164 = -8.056063
	y165 = -2.286300
	y166 = -0.576871
	y167 = -5.930589
	y168 = -7.385310
	y169 = 5.856492
	y170 = -7.654525
	y171 = -6.664348
	y172 = 5.333117
	y173 = -5.404464
	y174 = -3.979605
	y175 = 2.810070
	y176 = -3.679031
	y177 = -6.921943
	y178 = 6.846275
	y179 = -7.374949
	y180 = -8.159663
	y181 = 3.623311
	y182 = -8.863699
	y183 = -8.475424
	y184 = 7.674440
	y185 = -7.475780
	y186 = -7.537369
	y187 = 3.516356
	y188 = -6.873632
	y189 = -6.659731
	y190 = 3.389791
	y191 = -9.301389

