InputQuery: /home/levn/Workspace/othello_world/queries/probe_robust/group_6/game_30_target_16_eps_0.1.txt
Engine::processInputQuery: Input query (before preprocessing): 449 equations, 1216 variables
Engine::processInputQuery: Input query (after preprocessing): 705 equations, 1373 variables

Input bounds:
	x0: [ -2.3801,  -2.1801] 
	x1: [ -1.2316,  -1.0316] 
	x2: [  0.2922,   0.4922] 
	x3: [ -2.1041,  -1.9041] 
	x4: [ -3.2345,  -3.0345] 
	x5: [  0.1777,   0.3777] 
	x6: [  0.4354,   0.6354] 
	x7: [  1.3023,   1.5023] 
	x8: [ -0.2958,  -0.0958] 
	x9: [  0.2452,   0.4452] 
	x10: [ -0.6652,  -0.4652] 
	x11: [ -3.2591,  -3.0591] 
	x12: [ -0.6122,  -0.4122] 
	x13: [ -0.2094,  -0.0094] 
	x14: [  1.9669,   2.1669] 
	x15: [ -1.2006,  -1.0006] 
	x16: [  2.1194,   2.3194] 
	x17: [ -0.7268,  -0.5268] 
	x18: [ -0.5683,  -0.3683] 
	x19: [ -0.9001,  -0.7001] 
	x20: [ -1.8330,  -1.6330] 
	x21: [ -0.0701,   0.1299] 
	x22: [  1.1563,   1.3563] 
	x23: [  1.0036,   1.2036] 
	x24: [  0.0703,   0.2703] 
	x25: [ -0.9182,  -0.7182] 
	x26: [  0.9203,   1.1203] 
	x27: [ -0.6187,  -0.4187] 
	x28: [ -0.2894,  -0.0894] 
	x29: [ -0.8740,  -0.6740] 
	x30: [ -0.4778,  -0.2778] 
	x31: [ -3.9892,  -3.7892] 
	x32: [  0.0269,   0.2269] 
	x33: [ -0.2034,  -0.0034] 
	x34: [  1.6751,   1.8751] 
	x35: [ -1.3722,  -1.1722] 
	x36: [ -0.2465,  -0.0465] 
	x37: [  0.3210,   0.5210] 
	x38: [  0.9361,   1.1361] 
	x39: [ -0.5333,  -0.3333] 
	x40: [  0.2307,   0.4307] 
	x41: [  0.9849,   1.1849] 
	x42: [  1.9521,   2.1521] 
	x43: [  0.5082,   0.7082] 
	x44: [  1.1551,   1.3551] 
	x45: [ -1.7760,  -1.5760] 
	x46: [ -0.9202,  -0.7202] 
	x47: [ -0.5585,  -0.3585] 
	x48: [ -1.5971,  -1.3971] 
	x49: [ -0.3763,  -0.1763] 
	x50: [  0.1679,   0.3679] 
	x51: [ -1.6489,  -1.4489] 
	x52: [ -0.0749,   0.1251] 
	x53: [ -0.2902,  -0.0902] 
	x54: [  2.0628,   2.2628] 
	x55: [  2.2139,   2.4139] 
	x56: [  1.3022,   1.5022] 
	x57: [  0.6976,   0.8976] 
	x58: [  0.8368,   1.0368] 
	x59: [  1.8016,   2.0016] 
	x60: [ -0.2796,  -0.0796] 
	x61: [  1.7129,   1.9129] 
	x62: [ -0.4114,  -0.2114] 
	x63: [ -2.7151,  -2.5151] 
	x64: [  0.0543,   0.2543] 
	x65: [  2.2616,   2.4616] 
	x66: [ -1.7093,  -1.5093] 
	x67: [  1.0750,   1.2750] 
	x68: [  0.8024,   1.0024] 
	x69: [ -0.2322,  -0.0322] 
	x70: [ -3.3822,  -3.1822] 
	x71: [ -2.7063,  -2.5063] 
	x72: [ -0.3141,  -0.1141] 
	x73: [ -0.8823,  -0.6823] 
	x74: [ -0.9359,  -0.7359] 
	x75: [  1.5916,   1.7916] 
	x76: [ -2.1179,  -1.9179] 
	x77: [  2.6014,   2.8014] 
	x78: [ -0.1362,   0.0638] 
	x79: [  0.1783,   0.3783] 
	x80: [ -1.2063,  -1.0063] 
	x81: [ -0.9645,  -0.7645] 
	x82: [  0.0785,   0.2785] 
	x83: [ -1.6631,  -1.4631] 
	x84: [ -0.9782,  -0.7782] 
	x85: [ -0.2573,  -0.0573] 
	x86: [  0.2141,   0.4141] 
	x87: [ -0.4663,  -0.2663] 
	x88: [ -2.5898,  -2.3898] 
	x89: [  1.9464,   2.1464] 
	x90: [  0.3222,   0.5222] 
	x91: [ -1.8148,  -1.6148] 
	x92: [ -1.1299,  -0.9299] 
	x93: [ -0.1989,   0.0011] 
	x94: [ -2.8274,  -2.6274] 
	x95: [ -1.3836,  -1.1836] 
	x96: [  1.3702,   1.5702] 
	x97: [  0.0693,   0.2693] 
	x98: [ -0.9892,  -0.7892] 
	x99: [ -1.6303,  -1.4303] 
	x100: [ -2.8119,  -2.6119] 
	x101: [ -1.8782,  -1.6782] 
	x102: [  0.6543,   0.8543] 
	x103: [ -1.4957,  -1.2957] 
	x104: [ -0.7424,  -0.5424] 
	x105: [  1.4704,   1.6704] 
	x106: [ -0.8262,  -0.6262] 
	x107: [  1.5437,   1.7437] 
	x108: [  1.1750,   1.3750] 
	x109: [  0.6778,   0.8778] 
	x110: [ -0.0041,   0.1959] 
	x111: [  0.0493,   0.2493] 
	x112: [ -0.7563,  -0.5563] 
	x113: [ -1.7493,  -1.5493] 
	x114: [ -2.2590,  -2.0590] 
	x115: [ -1.2913,  -1.0913] 
	x116: [  1.9362,   2.1362] 
	x117: [  0.1670,   0.3670] 
	x118: [ -1.1801,  -0.9801] 
	x119: [ -1.2025,  -1.0025] 
	x120: [  1.7038,   1.9038] 
	x121: [  3.5699,   3.7699] 
	x122: [ -0.5974,  -0.3974] 
	x123: [ -1.1653,  -0.9653] 
	x124: [  0.7633,   0.9633] 
	x125: [ -0.5284,  -0.3284] 
	x126: [ -0.6783,  -0.4783] 
	x127: [ -2.0010,  -1.8010] 
	x128: [ -0.6379,  -0.4379] 
	x129: [  1.0937,   1.2937] 
	x130: [ -1.7531,  -1.5531] 
	x131: [  1.3828,   1.5828] 
	x132: [  0.6614,   0.8614] 
	x133: [  1.7781,   1.9781] 
	x134: [  2.6903,   2.8903] 
	x135: [  1.0970,   1.2970] 
	x136: [ -0.3386,  -0.1386] 
	x137: [  0.4646,   0.6646] 
	x138: [ -0.0360,   0.1640] 
	x139: [  0.1813,   0.3813] 
	x140: [  2.5687,   2.7687] 
	x141: [ -0.3528,  -0.1528] 
	x142: [  0.8271,   1.0271] 
	x143: [  0.9240,   1.1240] 
	x144: [ -1.1978,  -0.9978] 
	x145: [ -0.1877,   0.0123] 
	x146: [ -1.3359,  -1.1359] 
	x147: [ -0.8043,  -0.6043] 
	x148: [  0.3110,   0.5110] 
	x149: [  1.4827,   1.6827] 
	x150: [ -1.7865,  -1.5865] 
	x151: [  1.6005,   1.8005] 
	x152: [ -0.7453,  -0.5453] 
	x153: [ -2.2902,  -2.0902] 
	x154: [  0.0712,   0.2712] 
	x155: [  1.4936,   1.6936] 
	x156: [  0.6933,   0.8933] 
	x157: [  2.2741,   2.4741] 
	x158: [ -0.1049,   0.0951] 
	x159: [ -0.0568,   0.1432] 
	x160: [  2.1565,   2.3565] 
	x161: [ -0.9899,  -0.7899] 
	x162: [  0.1959,   0.3959] 
	x163: [ -1.2873,  -1.0873] 
	x164: [ -0.4260,  -0.2260] 
	x165: [  1.0324,   1.2324] 
	x166: [ -1.1899,  -0.9899] 
	x167: [  5.3706,   5.5706] 
	x168: [ -1.3839,  -1.1839] 
	x169: [ -2.5266,  -2.3266] 
	x170: [ -3.2317,  -3.0317] 
	x171: [ -0.7341,  -0.5341] 
	x172: [  0.7008,   0.9008] 
	x173: [  1.2518,   1.4518] 
	x174: [  0.2361,   0.4361] 
	x175: [  1.0020,   1.2020] 
	x176: [  1.3820,   1.5820] 
	x177: [ -1.1164,  -0.9164] 
	x178: [ -3.8424,  -3.6424] 
	x179: [ -2.0433,  -1.8433] 
	x180: [ -1.9752,  -1.7752] 
	x181: [ -0.7538,  -0.5538] 
	x182: [  0.5009,   0.7009] 
	x183: [  0.2958,   0.4958] 
	x184: [ -1.2253,  -1.0253] 
	x185: [ -3.2681,  -3.0681] 
	x186: [ -0.2869,  -0.0869] 
	x187: [ -0.3386,  -0.1386] 
	x188: [ -0.6143,  -0.4143] 
	x189: [  0.3580,   0.5580] 
	x190: [  0.2497,   0.4497] 
	x191: [  3.2180,   3.4180] 
	x192: [  0.6065,   0.8065] 
	x193: [  0.8895,   1.0895] 
	x194: [  1.4399,   1.6399] 
	x195: [ -1.4519,  -1.2519] 
	x196: [ -1.7280,  -1.5280] 
	x197: [ -1.6290,  -1.4290] 
	x198: [ -0.7358,  -0.5358] 
	x199: [ -0.8214,  -0.6214] 
	x200: [ -1.4239,  -1.2239] 
	x201: [  1.2538,   1.4538] 
	x202: [ -3.0548,  -2.8548] 
	x203: [  0.5595,   0.7595] 
	x204: [  3.1625,   3.3625] 
	x205: [ -1.8144,  -1.6144] 
	x206: [ -0.0912,   0.1088] 
	x207: [ -0.8960,  -0.6960] 
	x208: [  2.0427,   2.2427] 
	x209: [  1.7182,   1.9182] 
	x210: [ -1.6676,  -1.4676] 
	x211: [ -0.8081,  -0.6081] 
	x212: [  1.5618,   1.7618] 
	x213: [  0.2687,   0.4687] 
	x214: [ -0.1139,   0.0861] 
	x215: [ -0.0965,   0.1035] 
	x216: [ -0.7548,  -0.5548] 
	x217: [ -0.2672,  -0.0672] 
	x218: [ -1.5445,  -1.3445] 
	x219: [ -0.3648,  -0.1648] 
	x220: [ -1.0008,  -0.8008] 
	x221: [ -1.0233,  -0.8233] 
	x222: [ -2.1215,  -1.9215] 
	x223: [  1.6757,   1.8757] 
	x224: [  1.8173,   2.0173] 
	x225: [ -1.0096,  -0.8096] 
	x226: [  0.6650,   0.8650] 
	x227: [  0.7699,   0.9699] 
	x228: [  1.5060,   1.7060] 
	x229: [  1.1939,   1.3939] 
	x230: [  1.4247,   1.6247] 
	x231: [  3.0485,   3.2485] 
	x232: [  0.0747,   0.2747] 
	x233: [ -1.3745,  -1.1745] 
	x234: [ -3.1801,  -2.9801] 
	x235: [  0.4082,   0.6082] 
	x236: [ -0.9811,  -0.7811] 
	x237: [  1.6242,   1.8242] 
	x238: [  0.3179,   0.5179] 
	x239: [  6.2116,   6.4116] 
	x240: [  1.8091,   2.0091] 
	x241: [ -0.2668,  -0.0668] 
	x242: [  0.5788,   0.7788] 
	x243: [ -0.1597,   0.0403] 
	x244: [ -1.9101,  -1.7101] 
	x245: [ -0.4599,  -0.2599] 
	x246: [  0.1165,   0.3165] 
	x247: [ -1.5334,  -1.3334] 
	x248: [ -2.4753,  -2.2753] 
	x249: [ -1.5700,  -1.3700] 
	x250: [ -0.6276,  -0.4276] 
	x251: [ -0.4142,  -0.2142] 
	x252: [ -0.2816,  -0.0816] 
	x253: [ -1.5531,  -1.3531] 
	x254: [ -1.0915,  -0.8915] 
	x255: [ -0.2674,  -0.0674] 
	x256: [ -0.8291,  -0.6291] 
	x257: [  0.4669,   0.6669] 
	x258: [ -1.6157,  -1.4157] 
	x259: [  0.5314,   0.7314] 
	x260: [ -1.3159,  -1.1159] 
	x261: [  0.3364,   0.5364] 
	x262: [ -0.2715,  -0.0715] 
	x263: [ -0.2284,  -0.0284] 
	x264: [ -0.6690,  -0.4690] 
	x265: [ -1.3874,  -1.1874] 
	x266: [ -0.4787,  -0.2787] 
	x267: [  1.7071,   1.9071] 
	x268: [  0.1467,   0.3467] 
	x269: [  0.3868,   0.5868] 
	x270: [ -0.5622,  -0.3622] 
	x271: [ -1.8936,  -1.6936] 
	x272: [  1.1190,   1.3190] 
	x273: [  0.6512,   0.8512] 
	x274: [  0.2787,   0.4787] 
	x275: [  0.5389,   0.7389] 
	x276: [  1.2261,   1.4261] 
	x277: [ -1.7959,  -1.5959] 
	x278: [ -0.1090,   0.0910] 
	x279: [  2.3850,   2.5850] 
	x280: [  1.5486,   1.7486] 
	x281: [  1.1271,   1.3271] 
	x282: [  1.1863,   1.3863] 
	x283: [ -2.4895,  -2.2895] 
	x284: [ -1.0745,  -0.8745] 
	x285: [ -1.5875,  -1.3875] 
	x286: [  0.3092,   0.5092] 
	x287: [  0.1606,   0.3606] 
	x288: [ -0.7230,  -0.5230] 
	x289: [  0.9389,   1.1389] 
	x290: [ -0.6914,  -0.4914] 
	x291: [ -0.8478,  -0.6478] 
	x292: [  1.0042,   1.2042] 
	x293: [  0.3554,   0.5554] 
	x294: [  2.0675,   2.2675] 
	x295: [ -0.1580,   0.0420] 
	x296: [ -1.6009,  -1.4009] 
	x297: [ -0.4438,  -0.2438] 
	x298: [ -6.9695,  -6.7695] 
	x299: [  2.8711,   3.0711] 
	x300: [  0.5045,   0.7045] 
	x301: [ -1.3968,  -1.1968] 
	x302: [  1.0912,   1.2912] 
	x303: [ -2.9142,  -2.7142] 
	x304: [  0.9870,   1.1870] 
	x305: [ -1.2748,  -1.0748] 
	x306: [ -1.0369,  -0.8369] 
	x307: [  1.7285,   1.9285] 
	x308: [  0.1646,   0.3646] 
	x309: [ -1.6232,  -1.4232] 
	x310: [  0.8191,   1.0191] 
	x311: [  1.7731,   1.9731] 
	x312: [ -0.8308,  -0.6308] 
	x313: [ -2.7275,  -2.5275] 
	x314: [ -1.8437,  -1.6437] 
	x315: [ -1.0780,  -0.8780] 
	x316: [  0.2461,   0.4461] 
	x317: [ -1.3515,  -1.1515] 
	x318: [  2.4139,   2.6139] 
	x319: [ -0.2496,  -0.0496] 
	x320: [  0.6080,   0.8080] 
	x321: [  1.4260,   1.6260] 
	x322: [ -4.4286,  -4.2286] 
	x323: [  0.4192,   0.6192] 
	x324: [  0.4479,   0.6479] 
	x325: [  1.2851,   1.4851] 
	x326: [ -1.7094,  -1.5094] 
	x327: [  0.4453,   0.6453] 
	x328: [  0.1998,   0.3998] 
	x329: [ -0.8271,  -0.6271] 
	x330: [ -0.6094,  -0.4094] 
	x331: [  0.5569,   0.7569] 
	x332: [  0.4357,   0.6357] 
	x333: [ -1.6770,  -1.4770] 
	x334: [  0.2790,   0.4790] 
	x335: [  1.0391,   1.2391] 
	x336: [  1.8325,   2.0325] 
	x337: [  2.6653,   2.8653] 
	x338: [ -2.2125,  -2.0125] 
	x339: [ -0.8300,  -0.6300] 
	x340: [  0.4261,   0.6261] 
	x341: [ -2.4363,  -2.2363] 
	x342: [ -1.8823,  -1.6823] 
	x343: [  0.5071,   0.7071] 
	x344: [ -1.2254,  -1.0254] 
	x345: [ -1.5670,  -1.3670] 
	x346: [  1.0857,   1.2857] 
	x347: [ -0.9392,  -0.7392] 
	x348: [ -0.9822,  -0.7822] 
	x349: [  0.1480,   0.3480] 
	x350: [ -1.8734,  -1.6734] 
	x351: [ -2.6764,  -2.4764] 
	x352: [ -3.1330,  -2.9330] 
	x353: [  1.3364,   1.5364] 
	x354: [  0.8034,   1.0034] 
	x355: [ -1.4664,  -1.2664] 
	x356: [  2.1094,   2.3094] 
	x357: [ -1.2814,  -1.0814] 
	x358: [  0.8587,   1.0587] 
	x359: [ -2.5158,  -2.3158] 
	x360: [ -0.1398,   0.0602] 
	x361: [ -1.6891,  -1.4891] 
	x362: [ -3.2847,  -3.0847] 
	x363: [ -1.0260,  -0.8260] 
	x364: [ -1.6776,  -1.4776] 
	x365: [  0.5343,   0.7343] 
	x366: [  1.9349,   2.1349] 
	x367: [  0.0942,   0.2942] 
	x368: [  2.8637,   3.0637] 
	x369: [ -1.2731,  -1.0731] 
	x370: [  0.6513,   0.8513] 
	x371: [  2.2918,   2.4918] 
	x372: [ -0.9598,  -0.7598] 
	x373: [  0.7862,   0.9862] 
	x374: [  0.9411,   1.1411] 
	x375: [  0.4988,   0.6988] 
	x376: [ -1.8695,  -1.6695] 
	x377: [ -1.6617,  -1.4617] 
	x378: [  0.4481,   0.6481] 
	x379: [  0.3643,   0.5643] 
	x380: [ -1.6516,  -1.4516] 
	x381: [  0.4301,   0.6301] 
	x382: [  1.8774,   2.0774] 
	x383: [  0.5829,   0.7829] 
	x384: [  2.4719,   2.6719] 
	x385: [  0.3054,   0.5054] 
	x386: [ -3.7037,  -3.5037] 
	x387: [ -0.3526,  -0.1526] 
	x388: [ -0.3976,  -0.1976] 
	x389: [ -4.0626,  -3.8626] 
	x390: [ -0.3324,  -0.1324] 
	x391: [ -1.5544,  -1.3544] 
	x392: [ -1.3262,  -1.1262] 
	x393: [ -1.7186,  -1.5186] 
	x394: [ -1.7040,  -1.5040] 
	x395: [  0.8026,   1.0026] 
	x396: [ -0.5985,  -0.3985] 
	x397: [  1.3716,   1.5716] 
	x398: [ -1.9951,  -1.7951] 
	x399: [ -0.2070,  -0.0070] 
	x400: [ -1.2086,  -1.0086] 
	x401: [ -1.2829,  -1.0829] 
	x402: [  1.2747,   1.4747] 
	x403: [ -1.2707,  -1.0707] 
	x404: [ -2.7142,  -2.5142] 
	x405: [  1.6751,   1.8751] 
	x406: [ -2.2374,  -2.0374] 
	x407: [  2.6036,   2.8036] 
	x408: [  2.6332,   2.8332] 
	x409: [  1.2959,   1.4959] 
	x410: [  0.1735,   0.3735] 
	x411: [  1.0805,   1.2805] 
	x412: [  0.8588,   1.0588] 
	x413: [  0.2409,   0.4409] 
	x414: [  0.2451,   0.4451] 
	x415: [ -0.3328,  -0.1328] 
	x416: [ -2.6526,  -2.4526] 
	x417: [  0.4801,   0.6801] 
	x418: [ -0.8805,  -0.6805] 
	x419: [  0.8364,   1.0364] 
	x420: [ -1.6144,  -1.4144] 
	x421: [  0.6626,   0.8626] 
	x422: [  0.4899,   0.6899] 
	x423: [ -0.2032,  -0.0032] 
	x424: [ -0.6850,  -0.4850] 
	x425: [  2.9310,   3.1310] 
	x426: [ -1.0576,  -0.8576] 
	x427: [ -1.1807,  -0.9807] 
	x428: [ -1.2163,  -1.0163] 
	x429: [  1.3091,   1.5091] 
	x430: [ -0.9843,  -0.7843] 
	x431: [ -1.1097,  -0.9097] 
	x432: [ -0.8719,  -0.6719] 
	x433: [ -2.1407,  -1.9407] 
	x434: [  0.3414,   0.5414] 
	x435: [ -0.0824,   0.1176] 
	x436: [  0.7085,   0.9085] 
	x437: [ -0.4662,  -0.2662] 
	x438: [ -2.3140,  -2.1140] 
	x439: [ -1.8253,  -1.6253] 
	x440: [  0.4866,   0.6866] 
	x441: [  0.2819,   0.4819] 
	x442: [ -1.2280,  -1.0280] 
	x443: [  0.9720,   1.1720] 
	x444: [  1.6482,   1.8482] 
	x445: [  2.0399,   2.2399] 
	x446: [ -4.1331,  -3.9331] 
	x447: [ -1.1096,  -0.9096] 
	x448: [  0.0793,   0.2793] 
	x449: [  0.9249,   1.1249] 
	x450: [ -0.1072,   0.0928] 
	x451: [ -0.5653,  -0.3653] 
	x452: [ -0.5778,  -0.3778] 
	x453: [ -2.3665,  -2.1665] 
	x454: [  2.2220,   2.4220] 
	x455: [ -1.6861,  -1.4861] 
	x456: [  0.6178,   0.8178] 
	x457: [  0.9285,   1.1285] 
	x458: [ -0.8566,  -0.6566] 
	x459: [  1.3062,   1.5062] 
	x460: [  0.9980,   1.1980] 
	x461: [ -0.4282,  -0.2282] 
	x462: [ -4.3624,  -4.1624] 
	x463: [ -1.3526,  -1.1526] 
	x464: [ -1.5795,  -1.3795] 
	x465: [ -1.4150,  -1.2150] 
	x466: [ -1.2725,  -1.0725] 
	x467: [ -1.7016,  -1.5016] 
	x468: [  1.9545,   2.1545] 
	x469: [  0.7928,   0.9928] 
	x470: [ -0.2602,  -0.0602] 
	x471: [  1.5433,   1.7433] 
	x472: [  0.9978,   1.1978] 
	x473: [ -0.9685,  -0.7685] 
	x474: [  0.9410,   1.1410] 
	x475: [ -0.5450,  -0.3450] 
	x476: [  0.1297,   0.3297] 
	x477: [ -0.1564,   0.0436] 
	x478: [ -0.6805,  -0.4805] 
	x479: [  4.4678,   4.6678] 
	x480: [ -0.4925,  -0.2925] 
	x481: [ -1.8571,  -1.6571] 
	x482: [ -1.5526,  -1.3526] 
	x483: [ -0.6543,  -0.4543] 
	x484: [  2.0374,   2.2374] 
	x485: [  1.4718,   1.6718] 
	x486: [  1.3521,   1.5521] 
	x487: [ -3.4395,  -3.2395] 
	x488: [ -0.2748,  -0.0748] 
	x489: [  2.0139,   2.2139] 
	x490: [  0.0741,   0.2741] 
	x491: [ -1.8963,  -1.6963] 
	x492: [  0.4336,   0.6336] 
	x493: [ -0.4628,  -0.2628] 
	x494: [  0.0025,   0.2025] 
	x495: [ -0.5269,  -0.3269] 
	x496: [ -0.9818,  -0.7818] 
	x497: [ -1.1476,  -0.9476] 
	x498: [ -1.2898,  -1.0898] 
	x499: [  0.1613,   0.3613] 
	x500: [ -0.5739,  -0.3739] 
	x501: [ -0.6273,  -0.4273] 
	x502: [ -3.2924,  -3.0924] 
	x503: [ -2.1200,  -1.9200] 
	x504: [ -0.7685,  -0.5685] 
	x505: [  3.4387,   3.6387] 
	x506: [ -0.9581,  -0.7581] 
	x507: [ -0.6324,  -0.4324] 
	x508: [  0.1311,   0.3311] 
	x509: [ -0.3963,  -0.1963] 
	x510: [  0.3855,   0.5855] 
	x511: [  0.0983,   0.2983] 

Branching heuristics set to PseudoImpact

Engine::solve: Initial statistics

23:51:16 Statistics update:
	--- Time Statistics ---
	Total time elapsed: 469 milli (00:00:00)
		Main loop: 0 milli (00:00:00)
		Preprocessing time: 188 milli (00:00:00)
		Unknown: 281 milli (00:00:00)
	Breakdown for main loop:
		[0.00%] Simplex steps: 0 milli
		[0.00%] Explicit-basis bound tightening: 0 milli
		[0.00%] Constraint-matrix bound tightening: 0 milli
		[0.00%] Degradation checking: 0 milli
		[0.00%] Precision restoration: 0 milli
		[0.00%] Statistics handling: 0 milli
		[0.00%] Constraint-fixing steps: 0 milli
		[0.00%] Valid case splits: 0 milli. Average per split: 0.00 milli
		[0.00%] Applying stored bound-tightening: 0 milli
		[0.00%] SMT core: 0 milli
		[0.00%] Symbolic Bound Tightening: 13 milli
		[0.00%] SoI-based local search: 0 milli
		[0.00%] SoI-based local search: 0 milli
		[0.00%] Unaccounted for: 0 milli
	--- Preprocessor Statistics ---
	Number of preprocessor bound-tightening loop iterations: 3
	Number of eliminated variables: 100
	Number of constraints removed due to variable elimination: 100
	Number of equations removed due to variable elimination: 0
	--- Engine Statistics ---
	Number of main loop iterations: 1
		0 iterations were simplex steps. Total time: 0 milli. Average: 0.00 milli.
		0 iterations were constraint-fixing steps. Total time: 0 milli. Average: 0.00 milli
	Number of active piecewise-linear constraints: 156 / 156
		Constraints disabled by valid splits: 0. By SMT-originated splits: 0
	Last reported degradation: 0.0000000000. Max degradation so far: 0.0000000000. Restorations so far: 0
	Number of simplex pivots we attempted to skip because of instability: 0.
	Unstable pivots performed anyway: 0
	--- Tableau Statistics ---
	Total number of pivots performed: 0
		Real pivots: 0. Degenerate: 0 (0.00%)
		Degenerate pivots by request (e.g., to fix a PL constraint): 0 (0.00%)
		Average time per pivot: 0.00 milli
	Total number of fake pivots performed: 0
	Total number of rows added: 0. Number of merged columns: 0
	Current tableau dimensions: M = 705, N = 2078
	--- SMT Core Statistics ---
	Total depth is 0. Total visited states: 1. Number of splits: 0. Number of pops: 0
	Max stack depth: 0
	--- Bound Tightening Statistics ---
	Number of tightened bounds: 0.
		Number of rows examined by row tightener: 0. Consequent tightenings: 0
		Number of explicit basis matrices examined by row tightener: 0. Consequent tightenings: 0
		Number of bound tightening rounds on the entire constraint matrix: 0. Consequent tightenings: 0
		Number of bound notifications sent to PL constraints: 936. Tightenings proposed: 0
	--- Basis Factorization statistics ---
	Number of basis refactorizations: 2
	--- Projected Steepest Edge Statistics ---
	Number of iterations: 0.
	Number of resets to reference space: 1. Avg. iterations per reset: 0
	--- SBT ---
	Number of tightened bounds: 385
	--- SoI-based local search ---
	Number of proposed phase pattern update: 0. Number of accepted update: 0 [0.00%]
	Total time (% of local search time) updating SoI phase pattern : 0 milli [0.00%]
	Total time obtaining current assignment: 0 milli [0.00%]
	Total time getting SoI phase pattern : 0 milli [0.00%]
	--- Context dependent statistics ---
	Number of pushes / pops: 0 / 0
		[0.00%] Pre-Push hook: 0 milli
		[0.00%] Push : 0 milli
		[0.00%] Post-Pop hook: 0 milli
		[0.00%] Pop : 0 milli
		[0.00%] Total context-switching time: 0 milli
	--- Proof Certificate ---
	Number of certified leaves: 0
	Number of leaves to delegate: 0

---

Engine::solve: sat assignment found

23:51:19 Statistics update:
	--- Time Statistics ---
	Total time elapsed: 2796 milli (00:00:02)
		Main loop: 2326 milli (00:00:02)
		Preprocessing time: 188 milli (00:00:00)
		Unknown: 281 milli (00:00:00)
	Breakdown for main loop:
		[29.08%] Simplex steps: 676 milli
		[69.69%] Explicit-basis bound tightening: 1621 milli
		[0.00%] Constraint-matrix bound tightening: 0 milli
		[0.61%] Degradation checking: 14 milli
		[0.00%] Precision restoration: 0 milli
		[0.08%] Statistics handling: 1 milli
		[0.00%] Constraint-fixing steps: 0 milli
		[0.01%] Valid case splits: 0 milli. Average per split: 0.00 milli
		[0.00%] Applying stored bound-tightening: 0 milli
		[0.00%] SMT core: 0 milli
		[0.91%] Symbolic Bound Tightening: 21 milli
		[10.87%] SoI-based local search: 252 milli
		[0.00%] SoI-based local search: 0 milli
		[792879079157033.38%] Unaccounted for: 0 milli
	--- Preprocessor Statistics ---
	Number of preprocessor bound-tightening loop iterations: 3
	Number of eliminated variables: 100
	Number of constraints removed due to variable elimination: 100
	Number of equations removed due to variable elimination: 0
	--- Engine Statistics ---
	Number of main loop iterations: 633
		631 iterations were simplex steps. Total time: 676 milli. Average: 1.07 milli.
		0 iterations were constraint-fixing steps. Total time: 0 milli. Average: 0.00 milli
	Number of active piecewise-linear constraints: 156 / 156
		Constraints disabled by valid splits: 0. By SMT-originated splits: 0
	Last reported degradation: 0.0000000000. Max degradation so far: 0.0000000000. Restorations so far: 0
	Number of simplex pivots we attempted to skip because of instability: 0.
	Unstable pivots performed anyway: 0
	--- Tableau Statistics ---
	Total number of pivots performed: 612
		Real pivots: 612. Degenerate: 0 (0.00%)
		Degenerate pivots by request (e.g., to fix a PL constraint): 0 (0.00%)
		Average time per pivot: 0.10 milli
	Total number of fake pivots performed: 15
	Total number of rows added: 0. Number of merged columns: 0
	Current tableau dimensions: M = 705, N = 2078
	--- SMT Core Statistics ---
	Total depth is 0. Total visited states: 1. Number of splits: 0. Number of pops: 0
	Max stack depth: 0
	--- Bound Tightening Statistics ---
	Number of tightened bounds: 0.
		Number of rows examined by row tightener: 612. Consequent tightenings: 0
		Number of explicit basis matrices examined by row tightener: 7. Consequent tightenings: 274
		Number of bound tightening rounds on the entire constraint matrix: 0. Consequent tightenings: 0
		Number of bound notifications sent to PL constraints: 1872. Tightenings proposed: 0
	--- Basis Factorization statistics ---
	Number of basis refactorizations: 7
	--- Projected Steepest Edge Statistics ---
	Number of iterations: 627.
	Number of resets to reference space: 1. Avg. iterations per reset: 627
	--- SBT ---
	Number of tightened bounds: 385
	--- SoI-based local search ---
	Number of proposed phase pattern update: 1. Number of accepted update: 2 [200.00%]
	Total time (% of local search time) updating SoI phase pattern : 383 milli [0.15%]
	Total time obtaining current assignment: 329 milli [0.13%]
	Total time getting SoI phase pattern : 113 milli [0.00%]
	--- Context dependent statistics ---
	Number of pushes / pops: 0 / 0
		[0.00%] Pre-Push hook: 0 milli
		[0.00%] Push : 0 milli
		[0.00%] Post-Pop hook: 0 milli
		[0.00%] Pop : 0 milli
		[0.00%] Total context-switching time: 0 milli
	--- Proof Certificate ---
	Number of certified leaves: 0
	Number of leaves to delegate: 0
sat
Input assignment:
	x0 = -2.380141
	x1 = -1.031612
	x2 = 0.492180
	x3 = -1.904071
	x4 = -3.234515
	x5 = 0.177657
	x6 = 0.435394
	x7 = 1.502272
	x8 = -0.095751
	x9 = 0.445233
	x10 = -0.665191
	x11 = -3.059142
	x12 = -0.612219
	x13 = -0.209430
	x14 = 1.966884
	x15 = -1.200616
	x16 = 2.319365
	x17 = -0.526778
	x18 = -0.368333
	x19 = -0.900128
	x20 = -1.633027
	x21 = 0.129896
	x22 = 1.156255
	x23 = 1.203636
	x24 = 0.270301
	x25 = -0.918196
	x26 = 0.920302
	x27 = -0.618668
	x28 = -0.289380
	x29 = -0.673951
	x30 = -0.477781
	x31 = -3.989218
	x32 = 0.226914
	x33 = -0.203421
	x34 = 1.875065
	x35 = -1.172244
	x36 = -0.046471
	x37 = 0.521046
	x38 = 1.136077
	x39 = -0.533295
	x40 = 0.230728
	x41 = 1.184871
	x42 = 2.152061
	x43 = 0.508212
	x44 = 1.355120
	x45 = -1.776038
	x46 = -0.720176
	x47 = -0.358470
	x48 = -1.397073
	x49 = -0.176254
	x50 = 0.167877
	x51 = -1.648898
	x52 = -0.074901
	x53 = -0.090176
	x54 = 2.062789
	x55 = 2.413872
	x56 = 1.502171
	x57 = 0.697638
	x58 = 1.036760
	x59 = 1.801578
	x60 = -0.079633
	x61 = 1.878103
	x62 = -0.211410
	x63 = -2.515144
	x64 = 0.054312
	x65 = 2.261567
	x66 = -1.509322
	x67 = 1.075005
	x68 = 0.802373
	x69 = -0.232225
	x70 = -3.382186
	x71 = -2.506317
	x72 = -0.114082
	x73 = -0.882329
	x74 = -0.735897
	x75 = 1.591635
	x76 = -1.917874
	x77 = 2.801370
	x78 = -0.136240
	x79 = 0.178335
	x80 = -1.206279
	x81 = -0.964520
	x82 = 0.078528
	x83 = -1.663119
	x84 = -0.778187
	x85 = -0.257343
	x86 = 0.414118
	x87 = -0.266331
	x88 = -2.389750
	x89 = 2.146377
	x90 = 0.322245
	x91 = -1.614792
	x92 = -1.129861
	x93 = -0.198940
	x94 = -2.827407
	x95 = -1.383624
	x96 = 1.370249
	x97 = 0.069294
	x98 = -0.989225
	x99 = -1.630254
	x100 = -2.611929
	x101 = -1.678157
	x102 = 0.854261
	x103 = -1.495732
	x104 = -0.742368
	x105 = 1.470431
	x106 = -0.826223
	x107 = 1.543705
	x108 = 1.174985
	x109 = 0.877790
	x110 = 0.080124
	x111 = 0.049257
	x112 = -0.556306
	x113 = -1.549303
	x114 = -2.058980
	x115 = -1.291308
	x116 = 1.936226
	x117 = 0.166968
	x118 = -1.180055
	x119 = -1.202501
	x120 = 1.703775
	x121 = 3.569869
	x122 = -0.397403
	x123 = -1.165306
	x124 = 0.763258
	x125 = -0.328396
	x126 = -0.557845
	x127 = -1.801047
	x128 = -0.437907
	x129 = 1.293739
	x130 = -1.753059
	x131 = 1.382795
	x132 = 0.861430
	x133 = 1.778076
	x134 = 2.890267
	x135 = 1.097047
	x136 = -0.138554
	x137 = 0.664629
	x138 = -0.035972
	x139 = 0.181335
	x140 = 2.568673
	x141 = -0.352845
	x142 = 0.827123
	x143 = 1.123986
	x144 = -0.997832
	x145 = -0.187723
	x146 = -1.335852
	x147 = -0.604293
	x148 = 0.310995
	x149 = 1.482668
	x150 = -1.586453
	x151 = 1.600472
	x152 = -0.745251
	x153 = -2.290179
	x154 = 0.071175
	x155 = 1.693609
	x156 = 0.893299
	x157 = 2.274052
	x158 = 0.095114
	x159 = 0.143183
	x160 = 2.356510
	x161 = -0.789853
	x162 = 0.195922
	x163 = -1.287275
	x164 = -0.426011
	x165 = 1.232426
	x166 = -0.989923
	x167 = 5.370647
	x168 = -1.383874
	x169 = -2.326595
	x170 = -3.031727
	x171 = -0.734141
	x172 = 0.700790
	x173 = 1.451792
	x174 = 0.436050
	x175 = 1.001982
	x176 = 1.581982
	x177 = -0.916376
	x178 = -3.842415
	x179 = -1.843271
	x180 = -1.775197
	x181 = -0.553820
	x182 = 0.500926
	x183 = 0.295825
	x184 = -1.025302
	x185 = -3.068093
	x186 = -0.086861
	x187 = -0.138644
	x188 = -0.614332
	x189 = 0.557971
	x190 = 0.449746
	x191 = 3.418029
	x192 = 0.806545
	x193 = 0.889548
	x194 = 1.639914
	x195 = -1.451918
	x196 = -1.527998
	x197 = -1.629022
	x198 = -0.535806
	x199 = -0.821411
	x200 = -1.423936
	x201 = 1.453842
	x202 = -3.054766
	x203 = 0.759497
	x204 = 3.162474
	x205 = -1.614367
	x206 = 0.108760
	x207 = -0.896005
	x208 = 2.242725
	x209 = 1.718185
	x210 = -1.467600
	x211 = -0.808142
	x212 = 1.561792
	x213 = 0.268724
	x214 = -0.113944
	x215 = 0.103548
	x216 = -0.554841
	x217 = -0.267209
	x218 = -1.344546
	x219 = -0.364793
	x220 = -0.800825
	x221 = -0.823340
	x222 = -2.121489
	x223 = 1.675667
	x224 = 2.017339
	x225 = -0.809576
	x226 = 0.864955
	x227 = 0.969888
	x228 = 1.506013
	x229 = 1.393940
	x230 = 1.424731
	x231 = 3.048541
	x232 = 0.074690
	x233 = -1.174455
	x234 = -2.980134
	x235 = 0.408222
	x236 = -0.781057
	x237 = 1.624203
	x238 = 0.317905
	x239 = 6.411566
	x240 = 1.809055
	x241 = -0.266790
	x242 = 0.578832
	x243 = 0.040333
	x244 = -1.710080
	x245 = -0.259906
	x246 = 0.316498
	x247 = -1.333418
	x248 = -2.275334
	x249 = -1.369976
	x250 = -0.627645
	x251 = -0.214181
	x252 = -0.281622
	x253 = -1.553116
	x254 = -0.891487
	x255 = -0.267371
	x256 = -0.829099
	x257 = 0.466906
	x258 = -1.415657
	x259 = 0.731404
	x260 = -1.315942
	x261 = 0.536415
	x262 = -0.271508
	x263 = -0.028352
	x264 = -0.668962
	x265 = -1.187369
	x266 = -0.278709
	x267 = 1.907095
	x268 = 0.146703
	x269 = 0.386816
	x270 = -0.362153
	x271 = -1.693626
	x272 = 1.118962
	x273 = 0.651182
	x274 = 0.278657
	x275 = 0.738901
	x276 = 1.426079
	x277 = -1.795867
	x278 = -0.072143
	x279 = 2.384966
	x280 = 1.748639
	x281 = 1.127146
	x282 = 1.386295
	x283 = -2.289517
	x284 = -0.874508
	x285 = -1.387522
	x286 = 0.309192
	x287 = 0.360551
	x288 = -0.722998
	x289 = 1.138904
	x290 = -0.491366
	x291 = -0.847813
	x292 = 1.004152
	x293 = 0.555412
	x294 = 2.267494
	x295 = 0.041977
	x296 = -1.600943
	x297 = -0.243835
	x298 = -6.769454
	x299 = 3.071070
	x300 = 0.504459
	x301 = -1.396767
	x302 = 1.291192
	x303 = -2.914214
	x304 = 1.186973
	x305 = -1.274799
	x306 = -0.836946
	x307 = 1.928477
	x308 = 0.164598
	x309 = -1.423209
	x310 = 0.819060
	x311 = 1.773125
	x312 = -0.630758
	x313 = -2.727519
	x314 = -1.643730
	x315 = -0.878036
	x316 = 0.246107
	x317 = -1.151529
	x318 = 2.413908
	x319 = -0.049619
	x320 = 0.608044
	x321 = 1.625985
	x322 = -4.228634
	x323 = 0.619226
	x324 = 0.647912
	x325 = 1.485126
	x326 = -1.509417
	x327 = 0.445316
	x328 = 0.399843
	x329 = -0.827124
	x330 = -0.409408
	x331 = 0.756875
	x332 = 0.435664
	x333 = -1.476958
	x334 = 0.479050
	x335 = 1.239107
	x336 = 2.032506
	x337 = 2.865299
	x338 = -2.212524
	x339 = -0.830005
	x340 = 0.626132
	x341 = -2.236313
	x342 = -1.882252
	x343 = 0.707129
	x344 = -1.225412
	x345 = -1.366969
	x346 = 1.285714
	x347 = -0.739247
	x348 = -0.782205
	x349 = 0.348033
	x350 = -1.873421
	x351 = -2.476448
	x352 = -2.933010
	x353 = 1.336405
	x354 = 1.003415
	x355 = -1.266405
	x356 = 2.109439
	x357 = -1.281419
	x358 = 0.858708
	x359 = -2.315834
	x360 = -0.139846
	x361 = -1.489123
	x362 = -3.084718
	x363 = -1.025963
	x364 = -1.677590
	x365 = 0.734270
	x366 = 2.134893
	x367 = 0.094209
	x368 = 3.063732
	x369 = -1.073131
	x370 = 0.851342
	x371 = 2.291813
	x372 = -0.770381
	x373 = 0.986171
	x374 = 1.141134
	x375 = 0.698833
	x376 = -1.869459
	x377 = -1.661749
	x378 = 0.448100
	x379 = 0.364313
	x380 = -1.451630
	x381 = 0.630065
	x382 = 2.077378
	x383 = 0.782913
	x384 = 2.671871
	x385 = 0.305369
	x386 = -3.503701
	x387 = -0.352607
	x388 = -0.197577
	x389 = -4.062553
	x390 = -0.332426
	x391 = -1.354363
	x392 = -1.178424
	x393 = -1.518565
	x394 = -1.703974
	x395 = 1.002617
	x396 = -0.398511
	x397 = 1.571643
	x398 = -1.995056
	x399 = -0.207004
	x400 = -1.008576
	x401 = -1.282930
	x402 = 1.474749
	x403 = -1.270688
	x404 = -2.514175
	x405 = 1.675096
	x406 = -2.237415
	x407 = 2.603569
	x408 = 2.633168
	x409 = 1.495922
	x410 = 0.173476
	x411 = 1.280536
	x412 = 0.858787
	x413 = 0.440934
	x414 = 0.245081
	x415 = -0.132815
	x416 = -2.629850
	x417 = 0.480086
	x418 = -0.680482
	x419 = 0.836379
	x420 = -1.414419
	x421 = 0.662632
	x422 = 0.489921
	x423 = -0.003206
	x424 = -0.685002
	x425 = 3.130965
	x426 = -1.057644
	x427 = -1.180709
	x428 = -1.016312
	x429 = 1.309078
	x430 = -0.784280
	x431 = -1.109711
	x432 = -0.671933
	x433 = -2.140724
	x434 = 0.341423
	x435 = 0.117644
	x436 = 0.908478
	x437 = -0.466177
	x438 = -2.314030
	x439 = -1.625272
	x440 = 0.486558
	x441 = 0.481894
	x442 = -1.027971
	x443 = 0.971984
	x444 = 1.848189
	x445 = 2.039922
	x446 = -4.042073
	x447 = -1.109593
	x448 = 0.279261
	x449 = 0.924871
	x450 = -0.107158
	x451 = -0.365269
	x452 = -0.577834
	x453 = -2.166472
	x454 = 2.421959
	x455 = -1.486149
	x456 = 0.617751
	x457 = 1.128542
	x458 = -0.656611
	x459 = 1.506213
	x460 = 1.197972
	x461 = -0.228157
	x462 = -4.162384
	x463 = -1.352561
	x464 = -1.379454
	x465 = -1.415024
	x466 = -1.072471
	x467 = -1.501555
	x468 = 1.954487
	x469 = 0.992808
	x470 = -0.060158
	x471 = 1.743311
	x472 = 0.997751
	x473 = -0.768456
	x474 = 1.141008
	x475 = -0.344953
	x476 = 0.329720
	x477 = -0.156443
	x478 = -0.680518
	x479 = 4.467815
	x480 = -0.492497
	x481 = -1.657127
	x482 = -1.352565
	x483 = -0.454350
	x484 = 2.237358
	x485 = 1.471777
	x486 = 1.352147
	x487 = -3.439464
	x488 = -0.074787
	x489 = 2.013863
	x490 = 0.274113
	x491 = -1.896259
	x492 = 0.433630
	x493 = -0.462815
	x494 = 0.002541
	x495 = -0.526920
	x496 = -0.981806
	x497 = -0.947558
	x498 = -1.289809
	x499 = 0.161314
	x500 = -0.573895
	x501 = -0.427311
	x502 = -3.092359
	x503 = -1.919995
	x504 = -0.568507
	x505 = 3.638688
	x506 = -0.758127
	x507 = -0.432360
	x508 = 0.331136
	x509 = -0.196337
	x510 = 0.585523
	x511 = 0.298344

Output:
	y0 = -4.870518
	y1 = 5.828245
	y2 = -6.131802
	y3 = -8.036131
	y4 = 4.322033
	y5 = -6.585734
	y6 = -6.500754
	y7 = 5.710306
	y8 = -6.665066
	y9 = -6.575791
	y10 = 6.647649
	y11 = -6.725091
	y12 = -5.318855
	y13 = 4.472015
	y14 = -3.702421
	y15 = -6.640557
	y16 = 4.639142
	y17 = -3.826772
	y18 = -5.280359
	y19 = 4.392306
	y20 = -5.162295
	y21 = -12.943760
	y22 = 12.225105
	y23 = -10.392777
	y24 = -7.857634
	y25 = 3.935699
	y26 = -6.769544
	y27 = -8.327642
	y28 = 6.322907
	y29 = -8.382623
	y30 = -4.075798
	y31 = 3.540697
	y32 = -5.145718
	y33 = 3.501696
	y34 = -8.227178
	y35 = -2.372277
	y36 = -0.878332
	y37 = -7.593798
	y38 = 3.109502
	y39 = -4.330441
	y40 = 16.514181
	y41 = -5.819954
	y42 = -11.994790
	y43 = 22.005454
	y44 = -12.619949
	y45 = -8.599465
	y46 = 9.444585
	y47 = -8.552878
	y48 = -3.391946
	y49 = -2.730117
	y50 = -2.730107
	y51 = -6.018901
	y52 = 11.556016
	y53 = -4.224764
	y54 = -2.297248
	y55 = 12.078494
	y56 = -3.220518
	y57 = -5.722251
	y58 = -5.054711
	y59 = 3.106313
	y60 = -1.137617
	y61 = 13.393785
	y62 = -2.033916
	y63 = -1.678940
	y64 = -6.775124
	y65 = 2.276259
	y66 = -5.574821
	y67 = 8.369428
	y68 = -5.849671
	y69 = -9.500836
	y70 = 7.894453
	y71 = -8.090818
	y72 = -6.752442
	y73 = 6.907732
	y74 = -5.756433
	y75 = -5.714283
	y76 = 16.413199
	y77 = -5.240663
	y78 = -3.971782
	y79 = -6.962689
	y80 = 4.125873
	y81 = 10.683579
	y82 = -12.252871
	y83 = 5.798615
	y84 = 1.435975
	y85 = -11.987574
	y86 = 9.681823
	y87 = -3.370866
	y88 = 16.524828
	y89 = -2.854541
	y90 = -2.771978
	y91 = -4.236479
	y92 = -0.691333
	y93 = -6.224940
	y94 = 8.833995
	y95 = -6.565071
	y96 = -6.776598
	y97 = 4.940914
	y98 = -5.853083
	y99 = -4.763231
	y100 = 7.637163
	y101 = -3.553790
	y102 = 3.896682
	y103 = -9.646347
	y104 = -1.966774
	y105 = 10.252699
	y106 = -12.007231
	y107 = 6.488745
	y108 = 9.281502
	y109 = -12.571120
	y110 = 4.151445
	y111 = -4.669171
	y112 = -7.872167
	y113 = 2.098921
	y114 = -7.079904
	y115 = 18.106800
	y116 = -6.349303
	y117 = -6.252360
	y118 = 8.657106
	y119 = -7.312163
	y120 = -6.008849
	y121 = 6.718139
	y122 = -4.376360
	y123 = -4.323690
	y124 = 5.046533
	y125 = -5.610691
	y126 = -2.991915
	y127 = 2.627681
	y128 = -3.476339
	y129 = 0.559370
	y130 = 3.539844
	y131 = -1.124229
	y132 = -0.254317
	y133 = -5.637536
	y134 = 3.575138
	y135 = -1.501919
	y136 = 2.762029
	y137 = 0.315936
	y138 = -8.352869
	y139 = 3.795614
	y140 = -5.011539
	y141 = -7.766373
	y142 = 10.372676
	y143 = -7.229641
	y144 = -6.668885
	y145 = 7.439368
	y146 = -7.406467
	y147 = -7.592647
	y148 = 5.835838
	y149 = -8.892231
	y150 = -4.557834
	y151 = 4.476336
	y152 = -3.265325
	y153 = -2.638863
	y154 = 5.620571
	y155 = -0.929250
	y156 = -6.911274
	y157 = 17.624014
	y158 = -7.040658
	y159 = -6.520012
	y160 = 15.043037
	y161 = -6.830525
	y162 = -6.538034
	y163 = 7.263760
	y164 = -8.617071
	y165 = -8.071525
	y166 = 11.700927
	y167 = -10.077983
	y168 = -5.878436
	y169 = 5.770018
	y170 = -7.809057
	y171 = -7.463176
	y172 = 8.899683
	y173 = -8.139247
	y174 = -6.544255
	y175 = 6.640542
	y176 = -5.156137
	y177 = -6.365945
	y178 = 5.398832
	y179 = -5.426999
	y180 = -8.341706
	y181 = 6.368606
	y182 = -7.720455
	y183 = -8.362947
	y184 = 7.547224
	y185 = -9.202830
	y186 = -8.551718
	y187 = 6.890666
	y188 = -8.094377
	y189 = -8.045359
	y190 = 9.811304
	y191 = -12.783835

