InputQuery: /home/levn/Workspace/othello_world/queries/probe_robust/group_6/game_62_target_61_eps_0.1.txt
Engine::processInputQuery: Input query (before preprocessing): 449 equations, 1216 variables
Engine::processInputQuery: Input query (after preprocessing): 705 equations, 1402 variables

Input bounds:
	x0: [ -2.1881,  -1.9881] 
	x1: [ -0.4639,  -0.2639] 
	x2: [  0.4119,   0.6119] 
	x3: [ -1.0941,  -0.8941] 
	x4: [ -0.4021,  -0.2021] 
	x5: [  1.1948,   1.3948] 
	x6: [ -0.8517,  -0.6517] 
	x7: [  1.4040,   1.6040] 
	x8: [  0.3550,   0.5550] 
	x9: [  0.0189,   0.2189] 
	x10: [  0.4626,   0.6626] 
	x11: [ -0.3804,  -0.1804] 
	x12: [ -1.2008,  -1.0008] 
	x13: [ -3.0384,  -2.8384] 
	x14: [  2.6434,   2.8434] 
	x15: [ -1.1441,  -0.9441] 
	x16: [  0.0232,   0.2232] 
	x17: [  1.8695,   2.0695] 
	x18: [  0.6437,   0.8437] 
	x19: [ -0.5361,  -0.3361] 
	x20: [ -0.9020,  -0.7020] 
	x21: [ -0.2942,  -0.0942] 
	x22: [ -0.2002,  -0.0002] 
	x23: [  0.6888,   0.8888] 
	x24: [ -0.4424,  -0.2424] 
	x25: [ -1.4330,  -1.2330] 
	x26: [ -1.0426,  -0.8426] 
	x27: [  0.5876,   0.7876] 
	x28: [ -1.8940,  -1.6940] 
	x29: [ -1.0900,  -0.8900] 
	x30: [  0.4131,   0.6131] 
	x31: [ -0.9014,  -0.7014] 
	x32: [ -3.0246,  -2.8246] 
	x33: [  1.9162,   2.1162] 
	x34: [ -0.0755,   0.1245] 
	x35: [ -0.2182,  -0.0182] 
	x36: [ -0.9154,  -0.7154] 
	x37: [ -0.3907,  -0.1907] 
	x38: [ -2.0156,  -1.8156] 
	x39: [  0.8789,   1.0789] 
	x40: [  1.7785,   1.9785] 
	x41: [ -0.6882,  -0.4882] 
	x42: [  1.0285,   1.2285] 
	x43: [  0.7854,   0.9854] 
	x44: [ -1.8970,  -1.6970] 
	x45: [ -1.1295,  -0.9295] 
	x46: [  2.3501,   2.5501] 
	x47: [  1.3931,   1.5931] 
	x48: [ -1.8666,  -1.6666] 
	x49: [ -2.1924,  -1.9924] 
	x50: [  1.0589,   1.2589] 
	x51: [ -1.0890,  -0.8890] 
	x52: [ -1.6410,  -1.4410] 
	x53: [ -2.1005,  -1.9005] 
	x54: [  1.5221,   1.7221] 
	x55: [  1.5692,   1.7692] 
	x56: [  0.3052,   0.5052] 
	x57: [ -0.8137,  -0.6137] 
	x58: [  2.1795,   2.3795] 
	x59: [  0.0746,   0.2746] 
	x60: [  0.7647,   0.9647] 
	x61: [  1.2758,   1.4758] 
	x62: [ -0.3000,  -0.1000] 
	x63: [ -0.3107,  -0.1107] 
	x64: [ -2.4122,  -2.2122] 
	x65: [ -0.6694,  -0.4694] 
	x66: [ -0.5244,  -0.3244] 
	x67: [ -2.8549,  -2.6549] 
	x68: [ -0.7637,  -0.5637] 
	x69: [  0.3565,   0.5565] 
	x70: [  0.0983,   0.2983] 
	x71: [  1.1693,   1.3693] 
	x72: [ -1.9779,  -1.7779] 
	x73: [ -2.9689,  -2.7689] 
	x74: [  0.7176,   0.9176] 
	x75: [ -0.3317,  -0.1317] 
	x76: [ -1.9722,  -1.7722] 
	x77: [  0.1707,   0.3707] 
	x78: [ -0.5966,  -0.3966] 
	x79: [ -1.3142,  -1.1142] 
	x80: [ -0.9332,  -0.7332] 
	x81: [ -2.2884,  -2.0884] 
	x82: [  1.5330,   1.7330] 
	x83: [ -1.7665,  -1.5665] 
	x84: [ -1.5141,  -1.3141] 
	x85: [ -0.5652,  -0.3652] 
	x86: [  0.5044,   0.7044] 
	x87: [ -1.1724,  -0.9724] 
	x88: [ -1.1870,  -0.9870] 
	x89: [  0.3099,   0.5099] 
	x90: [  0.4192,   0.6192] 
	x91: [ -2.1500,  -1.9500] 
	x92: [ -0.7617,  -0.5617] 
	x93: [  2.9490,   3.1490] 
	x94: [ -0.4729,  -0.2729] 
	x95: [  0.7210,   0.9210] 
	x96: [  0.2051,   0.4051] 
	x97: [  2.1463,   2.3463] 
	x98: [  0.6998,   0.8998] 
	x99: [ -0.1114,   0.0886] 
	x100: [  0.0978,   0.2978] 
	x101: [  1.8429,   2.0429] 
	x102: [ -0.2977,  -0.0977] 
	x103: [ -2.0594,  -1.8594] 
	x104: [  0.2549,   0.4549] 
	x105: [ -0.6681,  -0.4681] 
	x106: [  0.7647,   0.9647] 
	x107: [  1.9279,   2.1279] 
	x108: [  0.6737,   0.8737] 
	x109: [ -1.3680,  -1.1680] 
	x110: [ -1.2535,  -1.0535] 
	x111: [  1.1309,   1.3309] 
	x112: [ -1.3870,  -1.1870] 
	x113: [ -0.9419,  -0.7419] 
	x114: [ -1.1447,  -0.9447] 
	x115: [ -0.7026,  -0.5026] 
	x116: [  1.2873,   1.4873] 
	x117: [  1.9643,   2.1643] 
	x118: [ -1.2853,  -1.0853] 
	x119: [ -0.0001,   0.1999] 
	x120: [ -0.0826,   0.1174] 
	x121: [  1.3499,   1.5499] 
	x122: [  1.9753,   2.1753] 
	x123: [ -0.9081,  -0.7081] 
	x124: [ -1.3052,  -1.1052] 
	x125: [  0.6602,   0.8602] 
	x126: [  1.6205,   1.8205] 
	x127: [  0.9644,   1.1644] 
	x128: [ -2.6401,  -2.4401] 
	x129: [  3.0410,   3.2410] 
	x130: [ -0.4616,  -0.2616] 
	x131: [  0.4737,   0.6737] 
	x132: [ -0.7244,  -0.5244] 
	x133: [ -0.0949,   0.1051] 
	x134: [  0.6653,   0.8653] 
	x135: [  0.6164,   0.8164] 
	x136: [ -2.6198,  -2.4198] 
	x137: [ -0.0429,   0.1571] 
	x138: [ -2.8012,  -2.6012] 
	x139: [ -1.0979,  -0.8979] 
	x140: [  2.5052,   2.7052] 
	x141: [ -0.4955,  -0.2955] 
	x142: [ -1.6667,  -1.4667] 
	x143: [  1.0720,   1.2720] 
	x144: [  0.1370,   0.3370] 
	x145: [  2.7241,   2.9241] 
	x146: [ -2.0317,  -1.8317] 
	x147: [ -0.4067,  -0.2067] 
	x148: [ -0.6671,  -0.4671] 
	x149: [ -1.9058,  -1.7058] 
	x150: [  1.2538,   1.4538] 
	x151: [  0.8931,   1.0931] 
	x152: [ -0.1292,   0.0708] 
	x153: [ -0.5166,  -0.3166] 
	x154: [ -1.9153,  -1.7153] 
	x155: [ -2.3896,  -2.1896] 
	x156: [ -2.8161,  -2.6161] 
	x157: [ -0.4889,  -0.2889] 
	x158: [  1.4270,   1.6270] 
	x159: [ -0.1009,   0.0991] 
	x160: [ -1.8703,  -1.6703] 
	x161: [ -0.7210,  -0.5210] 
	x162: [ -1.8714,  -1.6714] 
	x163: [ -1.9252,  -1.7252] 
	x164: [ -0.3512,  -0.1512] 
	x165: [ -1.0093,  -0.8093] 
	x166: [ -1.9891,  -1.7891] 
	x167: [  3.4485,   3.6485] 
	x168: [  1.0201,   1.2201] 
	x169: [ -0.2042,  -0.0042] 
	x170: [  0.0978,   0.2978] 
	x171: [  0.3792,   0.5792] 
	x172: [  0.7614,   0.9614] 
	x173: [ -0.8678,  -0.6678] 
	x174: [ -3.0674,  -2.8674] 
	x175: [ -1.8821,  -1.6821] 
	x176: [  1.0817,   1.2817] 
	x177: [ -0.6362,  -0.4362] 
	x178: [ -1.4914,  -1.2914] 
	x179: [ -2.3722,  -2.1722] 
	x180: [ -0.8830,  -0.6830] 
	x181: [ -0.0357,   0.1643] 
	x182: [ -3.1436,  -2.9436] 
	x183: [ -0.1630,   0.0370] 
	x184: [ -0.2023,  -0.0023] 
	x185: [ -1.3142,  -1.1142] 
	x186: [ -1.3206,  -1.1206] 
	x187: [  1.4047,   1.6047] 
	x188: [  1.0875,   1.2875] 
	x189: [ -0.7879,  -0.5879] 
	x190: [  0.9371,   1.1371] 
	x191: [  0.5255,   0.7255] 
	x192: [  2.1818,   2.3818] 
	x193: [ -0.4322,  -0.2322] 
	x194: [ -2.2756,  -2.0756] 
	x195: [  1.2506,   1.4506] 
	x196: [ -2.1183,  -1.9183] 
	x197: [ -2.4875,  -2.2875] 
	x198: [ -0.8754,  -0.6754] 
	x199: [  0.8966,   1.0966] 
	x200: [ -0.6236,  -0.4236] 
	x201: [  0.5232,   0.7232] 
	x202: [ -0.5953,  -0.3953] 
	x203: [ -0.7488,  -0.5488] 
	x204: [ -0.0315,   0.1685] 
	x205: [  2.0261,   2.2261] 
	x206: [ -1.4293,  -1.2293] 
	x207: [ -1.7563,  -1.5563] 
	x208: [  0.1920,   0.3920] 
	x209: [ -0.4528,  -0.2528] 
	x210: [  1.8589,   2.0589] 
	x211: [ -0.9876,  -0.7876] 
	x212: [ -0.5744,  -0.3744] 
	x213: [ -1.3422,  -1.1422] 
	x214: [ -3.8538,  -3.6538] 
	x215: [  0.2476,   0.4476] 
	x216: [  0.0654,   0.2654] 
	x217: [ -1.5737,  -1.3737] 
	x218: [ -1.9345,  -1.7345] 
	x219: [  0.9633,   1.1633] 
	x220: [ -2.3773,  -2.1773] 
	x221: [  0.7207,   0.9207] 
	x222: [  0.3099,   0.5099] 
	x223: [  1.8109,   2.0109] 
	x224: [ -0.4268,  -0.2268] 
	x225: [  0.7692,   0.9692] 
	x226: [ -2.8309,  -2.6309] 
	x227: [ -0.3530,  -0.1530] 
	x228: [  0.1247,   0.3247] 
	x229: [  0.4220,   0.6220] 
	x230: [ -1.4047,  -1.2047] 
	x231: [ -1.8685,  -1.6685] 
	x232: [ -0.5472,  -0.3472] 
	x233: [  0.2162,   0.4162] 
	x234: [ -1.6373,  -1.4373] 
	x235: [  1.4319,   1.6319] 
	x236: [  1.4340,   1.6340] 
	x237: [ -0.1874,   0.0126] 
	x238: [ -0.8787,  -0.6787] 
	x239: [  5.8675,   6.0675] 
	x240: [ -1.3736,  -1.1736] 
	x241: [ -0.9096,  -0.7096] 
	x242: [  2.8793,   3.0793] 
	x243: [  2.5248,   2.7248] 
	x244: [  1.9809,   2.1809] 
	x245: [  0.6814,   0.8814] 
	x246: [  0.4905,   0.6905] 
	x247: [ -3.1825,  -2.9825] 
	x248: [ -0.0147,   0.1853] 
	x249: [ -0.0864,   0.1136] 
	x250: [ -0.4593,  -0.2593] 
	x251: [ -1.8765,  -1.6765] 
	x252: [ -1.1372,  -0.9372] 
	x253: [  2.2040,   2.4040] 
	x254: [ -3.8361,  -3.6361] 
	x255: [  0.5377,   0.7377] 
	x256: [ -0.5468,  -0.3468] 
	x257: [  0.9973,   1.1973] 
	x258: [ -1.7290,  -1.5290] 
	x259: [  0.2860,   0.4860] 
	x260: [  0.2369,   0.4369] 
	x261: [ -2.0083,  -1.8083] 
	x262: [  0.0746,   0.2746] 
	x263: [ -0.8837,  -0.6837] 
	x264: [  1.8598,   2.0598] 
	x265: [ -0.1283,   0.0717] 
	x266: [ -1.5263,  -1.3263] 
	x267: [  1.4034,   1.6034] 
	x268: [ -1.8423,  -1.6423] 
	x269: [ -1.2432,  -1.0432] 
	x270: [ -1.6387,  -1.4387] 
	x271: [ -1.7158,  -1.5158] 
	x272: [ -0.9341,  -0.7341] 
	x273: [  1.1522,   1.3522] 
	x274: [  1.1412,   1.3412] 
	x275: [ -3.5148,  -3.3148] 
	x276: [ -0.2995,  -0.0995] 
	x277: [ -0.9075,  -0.7075] 
	x278: [ -1.3071,  -1.1071] 
	x279: [  0.9226,   1.1226] 
	x280: [  0.4970,   0.6970] 
	x281: [  1.3966,   1.5966] 
	x282: [  2.0726,   2.2726] 
	x283: [  0.8140,   1.0140] 
	x284: [ -1.4748,  -1.2748] 
	x285: [ -0.6029,  -0.4029] 
	x286: [  1.2301,   1.4301] 
	x287: [ -1.2446,  -1.0446] 
	x288: [ -0.3402,  -0.1402] 
	x289: [ -0.0261,   0.1739] 
	x290: [ -0.7709,  -0.5709] 
	x291: [  0.0800,   0.2800] 
	x292: [ -1.4527,  -1.2527] 
	x293: [ -1.2962,  -1.0962] 
	x294: [  2.8976,   3.0976] 
	x295: [ -2.2018,  -2.0018] 
	x296: [ -1.2489,  -1.0489] 
	x297: [  0.1038,   0.3038] 
	x298: [ -6.6734,  -6.4734] 
	x299: [  1.7599,   1.9599] 
	x300: [ -0.4810,  -0.2810] 
	x301: [  0.4804,   0.6804] 
	x302: [ -0.0600,   0.1400] 
	x303: [  0.1675,   0.3675] 
	x304: [ -0.2959,  -0.0959] 
	x305: [  1.9545,   2.1545] 
	x306: [  1.9185,   2.1185] 
	x307: [  0.7890,   0.9890] 
	x308: [ -0.9808,  -0.7808] 
	x309: [ -0.3328,  -0.1328] 
	x310: [ -1.7126,  -1.5126] 
	x311: [ -1.4151,  -1.2151] 
	x312: [  0.3124,   0.5124] 
	x313: [ -1.2290,  -1.0290] 
	x314: [ -1.3694,  -1.1694] 
	x315: [  0.9314,   1.1314] 
	x316: [ -3.6101,  -3.4101] 
	x317: [ -0.4653,  -0.2653] 
	x318: [  0.5114,   0.7114] 
	x319: [  3.6036,   3.8036] 
	x320: [  1.5949,   1.7949] 
	x321: [ -0.3694,  -0.1694] 
	x322: [ -2.0253,  -1.8253] 
	x323: [  0.7363,   0.9363] 
	x324: [  1.7855,   1.9855] 
	x325: [ -0.7783,  -0.5783] 
	x326: [  0.9649,   1.1649] 
	x327: [  1.9206,   2.1206] 
	x328: [  0.9692,   1.1692] 
	x329: [  1.7268,   1.9268] 
	x330: [  0.6101,   0.8101] 
	x331: [ -0.0064,   0.1936] 
	x332: [  2.3710,   2.5710] 
	x333: [  0.0958,   0.2958] 
	x334: [ -0.2031,  -0.0031] 
	x335: [ -0.0681,   0.1319] 
	x336: [ -1.9815,  -1.7815] 
	x337: [  2.0390,   2.2390] 
	x338: [ -1.0433,  -0.8433] 
	x339: [ -0.0237,   0.1763] 
	x340: [ -0.9549,  -0.7549] 
	x341: [  1.3956,   1.5956] 
	x342: [  0.2689,   0.4689] 
	x343: [ -1.2907,  -1.0907] 
	x344: [  2.3137,   2.5137] 
	x345: [ -3.3842,  -3.1842] 
	x346: [  1.1435,   1.3435] 
	x347: [ -0.4092,  -0.2092] 
	x348: [ -0.3358,  -0.1358] 
	x349: [  0.2784,   0.4784] 
	x350: [  0.0729,   0.2729] 
	x351: [ -0.3088,  -0.1088] 
	x352: [ -0.9452,  -0.7452] 
	x353: [ -1.6238,  -1.4238] 
	x354: [ -0.7164,  -0.5164] 
	x355: [ -0.3920,  -0.1920] 
	x356: [  0.8801,   1.0801] 
	x357: [  0.9782,   1.1782] 
	x358: [ -1.2525,  -1.0525] 
	x359: [ -3.8058,  -3.6058] 
	x360: [ -0.4019,  -0.2019] 
	x361: [  1.5634,   1.7634] 
	x362: [ -0.8279,  -0.6279] 
	x363: [ -0.8549,  -0.6549] 
	x364: [  0.5285,   0.7285] 
	x365: [  2.1193,   2.3193] 
	x366: [  1.8334,   2.0334] 
	x367: [ -1.0245,  -0.8245] 
	x368: [ -2.0333,  -1.8333] 
	x369: [ -1.9492,  -1.7492] 
	x370: [ -0.5879,  -0.3879] 
	x371: [ -2.3059,  -2.1059] 
	x372: [ -1.7572,  -1.5572] 
	x373: [ -1.5783,  -1.3783] 
	x374: [  0.3965,   0.5965] 
	x375: [ -2.6403,  -2.4403] 
	x376: [  1.1269,   1.3269] 
	x377: [  2.2580,   2.4580] 
	x378: [  1.1666,   1.3666] 
	x379: [  1.2882,   1.4882] 
	x380: [  2.0287,   2.2287] 
	x381: [ -0.0139,   0.1861] 
	x382: [  0.6233,   0.8233] 
	x383: [  0.5268,   0.7268] 
	x384: [  0.0717,   0.2717] 
	x385: [ -0.4166,  -0.2166] 
	x386: [  0.5520,   0.7520] 
	x387: [ -2.1885,  -1.9885] 
	x388: [ -1.5463,  -1.3463] 
	x389: [ -3.4568,  -3.2568] 
	x390: [ -1.7971,  -1.5971] 
	x391: [  0.9667,   1.1667] 
	x392: [ -0.3331,  -0.1331] 
	x393: [  0.3075,   0.5075] 
	x394: [  1.0616,   1.2616] 
	x395: [  2.0649,   2.2649] 
	x396: [ -0.4405,  -0.2405] 
	x397: [ -1.5781,  -1.3781] 
	x398: [ -0.7301,  -0.5301] 
	x399: [ -0.2010,  -0.0010] 
	x400: [  0.6218,   0.8218] 
	x401: [ -3.8917,  -3.6917] 
	x402: [  1.2488,   1.4488] 
	x403: [ -0.5686,  -0.3686] 
	x404: [  0.5653,   0.7653] 
	x405: [  1.3717,   1.5717] 
	x406: [  1.2162,   1.4162] 
	x407: [ -0.8046,  -0.6046] 
	x408: [  0.1322,   0.3322] 
	x409: [ -1.2804,  -1.0804] 
	x410: [  2.0368,   2.2368] 
	x411: [ -0.5486,  -0.3486] 
	x412: [ -0.5544,  -0.3544] 
	x413: [  0.0282,   0.2282] 
	x414: [ -1.8033,  -1.6033] 
	x415: [  1.5093,   1.7093] 
	x416: [ -0.7487,  -0.5487] 
	x417: [ -2.5776,  -2.3776] 
	x418: [  1.3212,   1.5212] 
	x419: [ -2.0580,  -1.8580] 
	x420: [ -0.5333,  -0.3333] 
	x421: [ -0.3995,  -0.1995] 
	x422: [ -3.1572,  -2.9572] 
	x423: [  1.2751,   1.4751] 
	x424: [  1.4061,   1.6061] 
	x425: [  0.8152,   1.0152] 
	x426: [  1.3793,   1.5793] 
	x427: [ -0.4122,  -0.2122] 
	x428: [ -1.7652,  -1.5652] 
	x429: [ -1.3100,  -1.1100] 
	x430: [ -1.3046,  -1.1046] 
	x431: [  1.2548,   1.4548] 
	x432: [ -1.2584,  -1.0584] 
	x433: [  0.7830,   0.9830] 
	x434: [ -2.2446,  -2.0446] 
	x435: [ -1.9485,  -1.7485] 
	x436: [ -0.4545,  -0.2545] 
	x437: [ -0.6899,  -0.4899] 
	x438: [  1.0360,   1.2360] 
	x439: [  0.2109,   0.4109] 
	x440: [ -1.1013,  -0.9013] 
	x441: [ -2.7636,  -2.5636] 
	x442: [  0.4405,   0.6405] 
	x443: [ -2.1481,  -1.9481] 
	x444: [  0.1436,   0.3436] 
	x445: [ -0.4529,  -0.2529] 
	x446: [ -1.3076,  -1.1076] 
	x447: [ -0.4021,  -0.2021] 
	x448: [  2.2170,   2.4170] 
	x449: [ -0.9543,  -0.7543] 
	x450: [  0.1988,   0.3988] 
	x451: [  1.3841,   1.5841] 
	x452: [  1.7179,   1.9179] 
	x453: [  0.5636,   0.7636] 
	x454: [ -0.2743,  -0.0743] 
	x455: [ -2.8276,  -2.6276] 
	x456: [ -0.4541,  -0.2541] 
	x457: [  0.6711,   0.8711] 
	x458: [ -3.8130,  -3.6130] 
	x459: [ -1.8161,  -1.6161] 
	x460: [  1.8974,   2.0974] 
	x461: [  1.7209,   1.9209] 
	x462: [ -1.8426,  -1.6426] 
	x463: [ -1.9482,  -1.7482] 
	x464: [  0.7432,   0.9432] 
	x465: [  0.8099,   1.0099] 
	x466: [  1.1127,   1.3127] 
	x467: [ -3.8716,  -3.6716] 
	x468: [  0.5616,   0.7616] 
	x469: [  1.0310,   1.2310] 
	x470: [ -1.1626,  -0.9626] 
	x471: [ -0.2573,  -0.0573] 
	x472: [  2.3296,   2.5296] 
	x473: [ -0.5258,  -0.3258] 
	x474: [ -1.9681,  -1.7681] 
	x475: [  0.7718,   0.9718] 
	x476: [ -1.0895,  -0.8895] 
	x477: [ -1.4995,  -1.2995] 
	x478: [ -0.0989,   0.1011] 
	x479: [  4.2771,   4.4771] 
	x480: [ -1.4764,  -1.2764] 
	x481: [ -1.4161,  -1.2161] 
	x482: [  0.8877,   1.0877] 
	x483: [  0.7586,   0.9586] 
	x484: [ -0.3245,  -0.1245] 
	x485: [  1.3815,   1.5815] 
	x486: [ -2.6770,  -2.4770] 
	x487: [  0.8855,   1.0855] 
	x488: [ -0.5224,  -0.3224] 
	x489: [  0.6846,   0.8846] 
	x490: [ -0.3370,  -0.1370] 
	x491: [ -1.7270,  -1.5270] 
	x492: [  1.1516,   1.3516] 
	x493: [  2.3703,   2.5703] 
	x494: [  1.2726,   1.4726] 
	x495: [  0.3070,   0.5070] 
	x496: [  1.9583,   2.1583] 
	x497: [ -1.5152,  -1.3152] 
	x498: [  2.5865,   2.7865] 
	x499: [  1.7945,   1.9945] 
	x500: [ -0.4245,  -0.2245] 
	x501: [  1.2796,   1.4796] 
	x502: [  1.6633,   1.8633] 
	x503: [ -1.6494,  -1.4494] 
	x504: [  1.4143,   1.6143] 
	x505: [ -1.8949,  -1.6949] 
	x506: [  1.2644,   1.4644] 
	x507: [ -0.2658,  -0.0658] 
	x508: [  0.3944,   0.5944] 
	x509: [  0.0646,   0.2646] 
	x510: [ -0.7172,  -0.5172] 
	x511: [ -0.4910,  -0.2910] 

Branching heuristics set to PseudoImpact

Engine::solve: Initial statistics

00:17:42 Statistics update:
	--- Time Statistics ---
	Total time elapsed: 471 milli (00:00:00)
		Main loop: 0 milli (00:00:00)
		Preprocessing time: 182 milli (00:00:00)
		Unknown: 288 milli (00:00:00)
	Breakdown for main loop:
		[0.00%] Simplex steps: 0 milli
		[0.00%] Explicit-basis bound tightening: 0 milli
		[0.00%] Constraint-matrix bound tightening: 0 milli
		[0.00%] Degradation checking: 0 milli
		[0.00%] Precision restoration: 0 milli
		[0.00%] Statistics handling: 0 milli
		[0.00%] Constraint-fixing steps: 0 milli
		[0.00%] Valid case splits: 0 milli. Average per split: 0.00 milli
		[0.00%] Applying stored bound-tightening: 0 milli
		[0.00%] SMT core: 0 milli
		[0.00%] Symbolic Bound Tightening: 12 milli
		[0.00%] SoI-based local search: 0 milli
		[0.00%] SoI-based local search: 0 milli
		[0.00%] Unaccounted for: 0 milli
	--- Preprocessor Statistics ---
	Number of preprocessor bound-tightening loop iterations: 3
	Number of eliminated variables: 71
	Number of constraints removed due to variable elimination: 71
	Number of equations removed due to variable elimination: 0
	--- Engine Statistics ---
	Number of main loop iterations: 1
		0 iterations were simplex steps. Total time: 0 milli. Average: 0.00 milli.
		0 iterations were constraint-fixing steps. Total time: 0 milli. Average: 0.00 milli
	Number of active piecewise-linear constraints: 185 / 185
		Constraints disabled by valid splits: 0. By SMT-originated splits: 0
	Last reported degradation: 0.0000000000. Max degradation so far: 0.0000000000. Restorations so far: 0
	Number of simplex pivots we attempted to skip because of instability: 0.
	Unstable pivots performed anyway: 0
	--- Tableau Statistics ---
	Total number of pivots performed: 0
		Real pivots: 0. Degenerate: 0 (0.00%)
		Degenerate pivots by request (e.g., to fix a PL constraint): 0 (0.00%)
		Average time per pivot: 0.00 milli
	Total number of fake pivots performed: 0
	Total number of rows added: 0. Number of merged columns: 0
	Current tableau dimensions: M = 705, N = 2107
	--- SMT Core Statistics ---
	Total depth is 0. Total visited states: 1. Number of splits: 0. Number of pops: 0
	Max stack depth: 0
	--- Bound Tightening Statistics ---
	Number of tightened bounds: 0.
		Number of rows examined by row tightener: 0. Consequent tightenings: 0
		Number of explicit basis matrices examined by row tightener: 0. Consequent tightenings: 0
		Number of bound tightening rounds on the entire constraint matrix: 0. Consequent tightenings: 0
		Number of bound notifications sent to PL constraints: 1110. Tightenings proposed: 0
	--- Basis Factorization statistics ---
	Number of basis refactorizations: 2
	--- Projected Steepest Edge Statistics ---
	Number of iterations: 0.
	Number of resets to reference space: 1. Avg. iterations per reset: 0
	--- SBT ---
	Number of tightened bounds: 385
	--- SoI-based local search ---
	Number of proposed phase pattern update: 0. Number of accepted update: 0 [0.00%]
	Total time (% of local search time) updating SoI phase pattern : 0 milli [0.00%]
	Total time obtaining current assignment: 0 milli [0.00%]
	Total time getting SoI phase pattern : 0 milli [0.00%]
	--- Context dependent statistics ---
	Number of pushes / pops: 0 / 0
		[0.00%] Pre-Push hook: 0 milli
		[0.00%] Push : 0 milli
		[0.00%] Post-Pop hook: 0 milli
		[0.00%] Pop : 0 milli
		[0.00%] Total context-switching time: 0 milli
	--- Proof Certificate ---
	Number of certified leaves: 0
	Number of leaves to delegate: 0

---

00:17:59 Statistics update:
	--- Time Statistics ---
	Total time elapsed: 17583 milli (00:00:17)
		Main loop: 16888 milli (00:00:16)
		Preprocessing time: 182 milli (00:00:00)
		Unknown: 511 milli (00:00:00)
	Breakdown for main loop:
		[87.32%] Simplex steps: 14747 milli
		[10.19%] Explicit-basis bound tightening: 1721 milli
		[0.00%] Constraint-matrix bound tightening: 0 milli
		[1.31%] Degradation checking: 221 milli
		[0.00%] Precision restoration: 0 milli
		[0.06%] Statistics handling: 9 milli
		[0.00%] Constraint-fixing steps: 0 milli
		[0.00%] Valid case splits: 0 milli. Average per split: 0.00 milli
		[0.00%] Applying stored bound-tightening: 0 milli
		[0.04%] SMT core: 6 milli
		[1.90%] Symbolic Bound Tightening: 320 milli
		[55.09%] SoI-based local search: 9303 milli
		[0.00%] SoI-based local search: 0 milli
		[109226508876527.64%] Unaccounted for: 0 milli
	--- Preprocessor Statistics ---
	Number of preprocessor bound-tightening loop iterations: 3
	Number of eliminated variables: 71
	Number of constraints removed due to variable elimination: 71
	Number of equations removed due to variable elimination: 0
	--- Engine Statistics ---
	Number of main loop iterations: 10000
		9923 iterations were simplex steps. Total time: 14747 milli. Average: 1.49 milli.
		0 iterations were constraint-fixing steps. Total time: 0 milli. Average: 0.00 milli
	Number of active piecewise-linear constraints: 148 / 185
		Constraints disabled by valid splits: 0. By SMT-originated splits: 37
	Last reported degradation: 0.0000000000. Max degradation so far: 0.0002752836. Restorations so far: 0
	Number of simplex pivots we attempted to skip because of instability: 0.
	Unstable pivots performed anyway: 0
	--- Tableau Statistics ---
	Total number of pivots performed: 9553
		Real pivots: 9552. Degenerate: 1 (0.01%)
		Degenerate pivots by request (e.g., to fix a PL constraint): 0 (0.00%)
		Average time per pivot: 0.29 milli
	Total number of fake pivots performed: 118
	Total number of rows added: 0. Number of merged columns: 0
	Current tableau dimensions: M = 705, N = 2107
	--- SMT Core Statistics ---
	Total depth is 37. Total visited states: 38. Number of splits: 37. Number of pops: 0
	Max stack depth: 37
	--- Bound Tightening Statistics ---
	Number of tightened bounds: 7113.
		Number of rows examined by row tightener: 9553. Consequent tightenings: 0
		Number of explicit basis matrices examined by row tightener: 7. Consequent tightenings: 249
		Number of bound tightening rounds on the entire constraint matrix: 0. Consequent tightenings: 0
		Number of bound notifications sent to PL constraints: 2294. Tightenings proposed: 0
	--- Basis Factorization statistics ---
	Number of basis refactorizations: 90
	--- Projected Steepest Edge Statistics ---
	Number of iterations: 9671.
	Number of resets to reference space: 11. Avg. iterations per reset: 879
	--- SBT ---
	Number of tightened bounds: 7498
	--- SoI-based local search ---
	Number of proposed phase pattern update: 91. Number of accepted update: 53 [58.24%]
	Total time (% of local search time) updating SoI phase pattern : 13323 milli [0.14%]
	Total time obtaining current assignment: 28955 milli [0.31%]
	Total time getting SoI phase pattern : 7483 milli [0.04%]
	--- Context dependent statistics ---
	Number of pushes / pops: 37 / 0
		[0.02%] Pre-Push hook: 3 milli
		[0.00%] Push : 0 milli
		[0.00%] Post-Pop hook: 0 milli
		[0.00%] Pop : 0 milli
		[0.02%] Total context-switching time: 3 milli
	--- Proof Certificate ---
	Number of certified leaves: 0
	Number of leaves to delegate: 0

00:18:15 Statistics update:
	--- Time Statistics ---
	Total time elapsed: 33764 milli (00:00:33)
		Main loop: 33161 milli (00:00:33)
		Preprocessing time: 182 milli (00:00:00)
		Unknown: 420 milli (00:00:00)
	Breakdown for main loop:
		[89.76%] Simplex steps: 29765 milli
		[6.70%] Explicit-basis bound tightening: 2221 milli
		[0.00%] Constraint-matrix bound tightening: 0 milli
		[1.32%] Degradation checking: 436 milli
		[0.00%] Precision restoration: 0 milli
		[0.06%] Statistics handling: 19 milli
		[0.00%] Constraint-fixing steps: 0 milli
		[0.00%] Valid case splits: 0 milli. Average per split: 0.00 milli
		[0.00%] Applying stored bound-tightening: 1 milli
		[0.05%] SMT core: 14 milli
		[1.96%] Symbolic Bound Tightening: 648 milli
		[57.07%] SoI-based local search: 18925 milli
		[0.00%] SoI-based local search: 0 milli
		[0.16%] Unaccounted for: 53 milli
	--- Preprocessor Statistics ---
	Number of preprocessor bound-tightening loop iterations: 3
	Number of eliminated variables: 71
	Number of constraints removed due to variable elimination: 71
	Number of equations removed due to variable elimination: 0
	--- Engine Statistics ---
	Number of main loop iterations: 20000
		19843 iterations were simplex steps. Total time: 29765 milli. Average: 1.50 milli.
		0 iterations were constraint-fixing steps. Total time: 0 milli. Average: 0.00 milli
	Number of active piecewise-linear constraints: 108 / 185
		Constraints disabled by valid splits: 0. By SMT-originated splits: 77
	Last reported degradation: 0.0000000000. Max degradation so far: 0.0002752836. Restorations so far: 0
	Number of simplex pivots we attempted to skip because of instability: 0.
	Unstable pivots performed anyway: 0
	--- Tableau Statistics ---
	Total number of pivots performed: 19084
		Real pivots: 19083. Degenerate: 1 (0.01%)
		Degenerate pivots by request (e.g., to fix a PL constraint): 0 (0.00%)
		Average time per pivot: 0.30 milli
	Total number of fake pivots performed: 236
	Total number of rows added: 0. Number of merged columns: 0
	Current tableau dimensions: M = 705, N = 2107
	--- SMT Core Statistics ---
	Total depth is 77. Total visited states: 78. Number of splits: 77. Number of pops: 0
	Max stack depth: 77
	--- Bound Tightening Statistics ---
	Number of tightened bounds: 14797.
		Number of rows examined by row tightener: 19084. Consequent tightenings: 0
		Number of explicit basis matrices examined by row tightener: 9. Consequent tightenings: 249
		Number of bound tightening rounds on the entire constraint matrix: 0. Consequent tightenings: 0
		Number of bound notifications sent to PL constraints: 2374. Tightenings proposed: 0
	--- Basis Factorization statistics ---
	Number of basis refactorizations: 178
	--- Projected Steepest Edge Statistics ---
	Number of iterations: 19320.
	Number of resets to reference space: 21. Avg. iterations per reset: 920
	--- SBT ---
	Number of tightened bounds: 15182
	--- SoI-based local search ---
	Number of proposed phase pattern update: 187. Number of accepted update: 110 [58.82%]
	Total time (% of local search time) updating SoI phase pattern : 27682 milli [0.15%]
	Total time obtaining current assignment: 67174 milli [0.35%]
	Total time getting SoI phase pattern : 13363 milli [0.04%]
	--- Context dependent statistics ---
	Number of pushes / pops: 77 / 0
		[0.03%] Pre-Push hook: 9 milli
		[0.00%] Push : 0 milli
		[0.00%] Post-Pop hook: 0 milli
		[0.00%] Pop : 0 milli
		[0.03%] Total context-switching time: 9 milli
	--- Proof Certificate ---
	Number of certified leaves: 0
	Number of leaves to delegate: 0

00:18:31 Statistics update:
	--- Time Statistics ---
	Total time elapsed: 49337 milli (00:00:49)
		Main loop: 48717 milli (00:00:48)
		Preprocessing time: 182 milli (00:00:00)
		Unknown: 437 milli (00:00:00)
	Breakdown for main loop:
		[91.47%] Simplex steps: 44560 milli
		[4.56%] Explicit-basis bound tightening: 2221 milli
		[0.00%] Constraint-matrix bound tightening: 0 milli
		[1.31%] Degradation checking: 639 milli
		[0.00%] Precision restoration: 0 milli
		[0.06%] Statistics handling: 29 milli
		[0.00%] Constraint-fixing steps: 0 milli
		[0.00%] Valid case splits: 0 milli. Average per split: 0.00 milli
		[0.00%] Applying stored bound-tightening: 1 milli
		[0.06%] SMT core: 28 milli
		[2.18%] Symbolic Bound Tightening: 1060 milli
		[62.26%] SoI-based local search: 30329 milli
		[0.00%] SoI-based local search: 0 milli
		[0.36%] Unaccounted for: 174 milli
	--- Preprocessor Statistics ---
	Number of preprocessor bound-tightening loop iterations: 3
	Number of eliminated variables: 71
	Number of constraints removed due to variable elimination: 71
	Number of equations removed due to variable elimination: 0
	--- Engine Statistics ---
	Number of main loop iterations: 30000
		29741 iterations were simplex steps. Total time: 44560 milli. Average: 1.50 milli.
		0 iterations were constraint-fixing steps. Total time: 0 milli. Average: 0.00 milli
	Number of active piecewise-linear constraints: 57 / 185
		Constraints disabled by valid splits: 0. By SMT-originated splits: 128
	Last reported degradation: 0.0000000000. Max degradation so far: 0.0002752836. Restorations so far: 0
	Number of simplex pivots we attempted to skip because of instability: 0.
	Unstable pivots performed anyway: 0
	--- Tableau Statistics ---
	Total number of pivots performed: 28316
		Real pivots: 28314. Degenerate: 2 (0.01%)
		Degenerate pivots by request (e.g., to fix a PL constraint): 0 (0.00%)
		Average time per pivot: 0.30 milli
	Total number of fake pivots performed: 430
	Total number of rows added: 0. Number of merged columns: 0
	Current tableau dimensions: M = 705, N = 2107
	--- SMT Core Statistics ---
	Total depth is 128. Total visited states: 129. Number of splits: 128. Number of pops: 0
	Max stack depth: 128
	--- Bound Tightening Statistics ---
	Number of tightened bounds: 24603.
		Number of rows examined by row tightener: 28316. Consequent tightenings: 1
		Number of explicit basis matrices examined by row tightener: 9. Consequent tightenings: 249
		Number of bound tightening rounds on the entire constraint matrix: 0. Consequent tightenings: 0
		Number of bound notifications sent to PL constraints: 2477. Tightenings proposed: 0
	--- Basis Factorization statistics ---
	Number of basis refactorizations: 261
	--- Projected Steepest Edge Statistics ---
	Number of iterations: 28746.
	Number of resets to reference space: 31. Avg. iterations per reset: 927
	--- SBT ---
	Number of tightened bounds: 24988
	--- SoI-based local search ---
	Number of proposed phase pattern update: 373. Number of accepted update: 244 [65.42%]
	Total time (% of local search time) updating SoI phase pattern : 45994 milli [0.15%]
	Total time obtaining current assignment: 134178 milli [0.44%]
	Total time getting SoI phase pattern : 19679 milli [0.04%]
	--- Context dependent statistics ---
	Number of pushes / pops: 128 / 0
		[0.04%] Pre-Push hook: 18 milli
		[0.00%] Push : 0 milli
		[0.00%] Post-Pop hook: 0 milli
		[0.00%] Pop : 0 milli
		[0.04%] Total context-switching time: 18 milli
	--- Proof Certificate ---
	Number of certified leaves: 0
	Number of leaves to delegate: 0

00:18:54 Statistics update:
	--- Time Statistics ---
	Total time elapsed: 72664 milli (00:01:12)
		Main loop: 72071 milli (00:01:12)
		Preprocessing time: 182 milli (00:00:00)
		Unknown: 409 milli (00:00:00)
	Breakdown for main loop:
		[80.18%] Simplex steps: 57785 milli
		[13.31%] Explicit-basis bound tightening: 9590 milli
		[0.00%] Constraint-matrix bound tightening: 0 milli
		[1.16%] Degradation checking: 837 milli
		[0.00%] Precision restoration: 0 milli
		[0.05%] Statistics handling: 39 milli
		[0.00%] Constraint-fixing steps: 0 milli
		[0.00%] Valid case splits: 1 milli. Average per split: 0.00 milli
		[0.00%] Applying stored bound-tightening: 2 milli
		[0.14%] SMT core: 99 milli
		[2.60%] Symbolic Bound Tightening: 1875 milli
		[54.29%] SoI-based local search: 39125 milli
		[0.00%] SoI-based local search: 0 milli
		[2.56%] Unaccounted for: 1841 milli
	--- Preprocessor Statistics ---
	Number of preprocessor bound-tightening loop iterations: 3
	Number of eliminated variables: 71
	Number of constraints removed due to variable elimination: 71
	Number of equations removed due to variable elimination: 0
	--- Engine Statistics ---
	Number of main loop iterations: 40000
		39598 iterations were simplex steps. Total time: 57785 milli. Average: 1.46 milli.
		0 iterations were constraint-fixing steps. Total time: 0 milli. Average: 0.00 milli
	Number of active piecewise-linear constraints: 44 / 185
		Constraints disabled by valid splits: 0. By SMT-originated splits: 141
	Last reported degradation: 0.0000000000. Max degradation so far: 0.0034391270. Restorations so far: 0
	Number of simplex pivots we attempted to skip because of instability: 0.
	Unstable pivots performed anyway: 0
	--- Tableau Statistics ---
	Total number of pivots performed: 36729
		Real pivots: 36716. Degenerate: 13 (0.04%)
		Degenerate pivots by request (e.g., to fix a PL constraint): 0 (0.00%)
		Average time per pivot: 0.29 milli
	Total number of fake pivots performed: 875
	Total number of rows added: 0. Number of merged columns: 0
	Current tableau dimensions: M = 705, N = 2107
	--- SMT Core Statistics ---
	Total depth is 141. Total visited states: 231. Number of splits: 185. Number of pops: 45
	Max stack depth: 145
	--- Bound Tightening Statistics ---
	Number of tightened bounds: 45556.
		Number of rows examined by row tightener: 36729. Consequent tightenings: 989
		Number of explicit basis matrices examined by row tightener: 44. Consequent tightenings: 942
		Number of bound tightening rounds on the entire constraint matrix: 0. Consequent tightenings: 0
		Number of bound notifications sent to PL constraints: 3759. Tightenings proposed: 0
	--- Basis Factorization statistics ---
	Number of basis refactorizations: 332
	--- Projected Steepest Edge Statistics ---
	Number of iterations: 37604.
	Number of resets to reference space: 81. Avg. iterations per reset: 464
	--- SBT ---
	Number of tightened bounds: 45941
	--- SoI-based local search ---
	Number of proposed phase pattern update: 806. Number of accepted update: 620 [76.92%]
	Total time (% of local search time) updating SoI phase pattern : 65366 milli [0.17%]
	Total time obtaining current assignment: 246015 milli [0.63%]
	Total time getting SoI phase pattern : 26329 milli [0.04%]
	--- Context dependent statistics ---
	Number of pushes / pops: 230 / 89
		[0.03%] Pre-Push hook: 23 milli
		[0.00%] Push : 0 milli
		[0.00%] Post-Pop hook: 3 milli
		[0.00%] Pop : 2 milli
		[0.04%] Total context-switching time: 30 milli
	--- Proof Certificate ---
	Number of certified leaves: 0
	Number of leaves to delegate: 0

00:19:22 Statistics update:
	--- Time Statistics ---
	Total time elapsed: 100473 milli (00:01:40)
		Main loop: 99918 milli (00:01:39)
		Preprocessing time: 182 milli (00:00:00)
		Unknown: 371 milli (00:00:00)
	Breakdown for main loop:
		[71.39%] Simplex steps: 71331 milli
		[21.31%] Explicit-basis bound tightening: 21294 milli
		[0.00%] Constraint-matrix bound tightening: 0 milli
		[1.04%] Degradation checking: 1038 milli
		[0.00%] Precision restoration: 0 milli
		[0.05%] Statistics handling: 48 milli
		[0.00%] Constraint-fixing steps: 0 milli
		[0.00%] Valid case splits: 1 milli. Average per split: 0.00 milli
		[0.00%] Applying stored bound-tightening: 2 milli
		[0.17%] SMT core: 169 milli
		[2.53%] Symbolic Bound Tightening: 2528 milli
		[45.56%] SoI-based local search: 45526 milli
		[0.00%] SoI-based local search: 0 milli
		[3.51%] Unaccounted for: 3502 milli
	--- Preprocessor Statistics ---
	Number of preprocessor bound-tightening loop iterations: 3
	Number of eliminated variables: 71
	Number of constraints removed due to variable elimination: 71
	Number of equations removed due to variable elimination: 0
	--- Engine Statistics ---
	Number of main loop iterations: 50000
		49498 iterations were simplex steps. Total time: 71331 milli. Average: 1.44 milli.
		0 iterations were constraint-fixing steps. Total time: 0 milli. Average: 0.00 milli
	Number of active piecewise-linear constraints: 55 / 185
		Constraints disabled by valid splits: 0. By SMT-originated splits: 130
	Last reported degradation: 0.0000000000. Max degradation so far: 0.0034391270. Restorations so far: 0
	Number of simplex pivots we attempted to skip because of instability: 0.
	Unstable pivots performed anyway: 0
	--- Tableau Statistics ---
	Total number of pivots performed: 45599
		Real pivots: 45569. Degenerate: 30 (0.07%)
		Degenerate pivots by request (e.g., to fix a PL constraint): 0 (0.00%)
		Average time per pivot: 0.29 milli
	Total number of fake pivots performed: 1103
	Total number of rows added: 0. Number of merged columns: 0
	Current tableau dimensions: M = 705, N = 2107
	--- SMT Core Statistics ---
	Total depth is 130. Total visited states: 312. Number of splits: 220. Number of pops: 91
	Max stack depth: 145
	--- Bound Tightening Statistics ---
	Number of tightened bounds: 62094.
		Number of rows examined by row tightener: 45599. Consequent tightenings: 2280
		Number of explicit basis matrices examined by row tightener: 96. Consequent tightenings: 1525
		Number of bound tightening rounds on the entire constraint matrix: 0. Consequent tightenings: 0
		Number of bound notifications sent to PL constraints: 5009. Tightenings proposed: 0
	--- Basis Factorization statistics ---
	Number of basis refactorizations: 410
	--- Projected Steepest Edge Statistics ---
	Number of iterations: 46702.
	Number of resets to reference space: 128. Avg. iterations per reset: 364
	--- SBT ---
	Number of tightened bounds: 62479
	--- SoI-based local search ---
	Number of proposed phase pattern update: 1156. Number of accepted update: 935 [80.88%]
	Total time (% of local search time) updating SoI phase pattern : 78529 milli [0.17%]
	Total time obtaining current assignment: 334144 milli [0.73%]
	Total time getting SoI phase pattern : 31264 milli [0.03%]
	--- Context dependent statistics ---
	Number of pushes / pops: 311 / 181
		[0.03%] Pre-Push hook: 26 milli
		[0.00%] Push : 0 milli
		[0.01%] Post-Pop hook: 6 milli
		[0.01%] Pop : 5 milli
		[0.04%] Total context-switching time: 39 milli
	--- Proof Certificate ---
	Number of certified leaves: 0
	Number of leaves to delegate: 0

00:19:48 Statistics update:
	--- Time Statistics ---
	Total time elapsed: 126891 milli (00:02:06)
		Main loop: 126310 milli (00:02:06)
		Preprocessing time: 182 milli (00:00:00)
		Unknown: 398 milli (00:00:00)
	Breakdown for main loop:
		[67.19%] Simplex steps: 84871 milli
		[25.52%] Explicit-basis bound tightening: 32236 milli
		[0.00%] Constraint-matrix bound tightening: 0 milli
		[0.99%] Degradation checking: 1244 milli
		[0.00%] Precision restoration: 0 milli
		[0.05%] Statistics handling: 58 milli
		[0.00%] Constraint-fixing steps: 0 milli
		[0.00%] Valid case splits: 2 milli. Average per split: 0.00 milli
		[0.00%] Applying stored bound-tightening: 3 milli
		[0.19%] SMT core: 240 milli
		[2.59%] Symbolic Bound Tightening: 3270 milli
		[41.25%] SoI-based local search: 52102 milli
		[0.00%] SoI-based local search: 0 milli
		[3.47%] Unaccounted for: 4382 milli
	--- Preprocessor Statistics ---
	Number of preprocessor bound-tightening loop iterations: 3
	Number of eliminated variables: 71
	Number of constraints removed due to variable elimination: 71
	Number of equations removed due to variable elimination: 0
	--- Engine Statistics ---
	Number of main loop iterations: 60000
		59381 iterations were simplex steps. Total time: 84871 milli. Average: 1.43 milli.
		0 iterations were constraint-fixing steps. Total time: 0 milli. Average: 0.00 milli
	Number of active piecewise-linear constraints: 51 / 185
		Constraints disabled by valid splits: 0. By SMT-originated splits: 134
	Last reported degradation: 0.0000000000. Max degradation so far: 0.0034391270. Restorations so far: 0
	Number of simplex pivots we attempted to skip because of instability: 0.
	Unstable pivots performed anyway: 0
	--- Tableau Statistics ---
	Total number of pivots performed: 54390
		Real pivots: 54353. Degenerate: 37 (0.07%)
		Degenerate pivots by request (e.g., to fix a PL constraint): 0 (0.00%)
		Average time per pivot: 0.29 milli
	Total number of fake pivots performed: 1421
	Total number of rows added: 0. Number of merged columns: 0
	Current tableau dimensions: M = 705, N = 2107
	--- SMT Core Statistics ---
	Total depth is 134. Total visited states: 405. Number of splits: 268. Number of pops: 136
	Max stack depth: 145
	--- Bound Tightening Statistics ---
	Number of tightened bounds: 80466.
		Number of rows examined by row tightener: 54390. Consequent tightenings: 3570
		Number of explicit basis matrices examined by row tightener: 142. Consequent tightenings: 2414
		Number of bound tightening rounds on the entire constraint matrix: 0. Consequent tightenings: 0
		Number of bound notifications sent to PL constraints: 6188. Tightenings proposed: 0
	--- Basis Factorization statistics ---
	Number of basis refactorizations: 488
	--- Projected Steepest Edge Statistics ---
	Number of iterations: 55811.
	Number of resets to reference space: 176. Avg. iterations per reset: 317
	--- SBT ---
	Number of tightened bounds: 80851
	--- SoI-based local search ---
	Number of proposed phase pattern update: 1476. Number of accepted update: 1208 [81.84%]
	Total time (% of local search time) updating SoI phase pattern : 94599 milli [0.18%]
	Total time obtaining current assignment: 420943 milli [0.81%]
	Total time getting SoI phase pattern : 36258 milli [0.03%]
	--- Context dependent statistics ---
	Number of pushes / pops: 404 / 270
		[0.02%] Pre-Push hook: 30 milli
		[0.00%] Push : 0 milli
		[0.01%] Post-Pop hook: 9 milli
		[0.01%] Pop : 8 milli
		[0.04%] Total context-switching time: 48 milli
	--- Proof Certificate ---
	Number of certified leaves: 0
	Number of leaves to delegate: 0

00:20:17 Statistics update:
	--- Time Statistics ---
	Total time elapsed: 155896 milli (00:02:35)
		Main loop: 155415 milli (00:02:35)
		Preprocessing time: 182 milli (00:00:00)
		Unknown: 297 milli (00:00:00)
	Breakdown for main loop:
		[63.24%] Simplex steps: 98286 milli
		[28.42%] Explicit-basis bound tightening: 44170 milli
		[0.00%] Constraint-matrix bound tightening: 0 milli
		[0.93%] Degradation checking: 1449 milli
		[0.00%] Precision restoration: 0 milli
		[0.04%] Statistics handling: 68 milli
		[0.00%] Constraint-fixing steps: 0 milli
		[0.00%] Valid case splits: 3 milli. Average per split: 0.00 milli
		[0.00%] Applying stored bound-tightening: 4 milli
		[0.21%] SMT core: 318 milli
		[2.59%] Symbolic Bound Tightening: 4030 milli
		[37.73%] SoI-based local search: 58639 milli
		[0.00%] SoI-based local search: 0 milli
		[4.56%] Unaccounted for: 7084 milli
	--- Preprocessor Statistics ---
	Number of preprocessor bound-tightening loop iterations: 3
	Number of eliminated variables: 71
	Number of constraints removed due to variable elimination: 71
	Number of equations removed due to variable elimination: 0
	--- Engine Statistics ---
	Number of main loop iterations: 70000
		69256 iterations were simplex steps. Total time: 98286 milli. Average: 1.42 milli.
		0 iterations were constraint-fixing steps. Total time: 0 milli. Average: 0.00 milli
	Number of active piecewise-linear constraints: 50 / 185
		Constraints disabled by valid splits: 1. By SMT-originated splits: 134
	Last reported degradation: 0.0000000000. Max degradation so far: 0.0034391270. Restorations so far: 0
	Number of simplex pivots we attempted to skip because of instability: 0.
	Unstable pivots performed anyway: 0
	--- Tableau Statistics ---
	Total number of pivots performed: 63098
		Real pivots: 63051. Degenerate: 47 (0.07%)
		Degenerate pivots by request (e.g., to fix a PL constraint): 0 (0.00%)
		Average time per pivot: 0.29 milli
	Total number of fake pivots performed: 1690
	Total number of rows added: 0. Number of merged columns: 0
	Current tableau dimensions: M = 705, N = 2107
	--- SMT Core Statistics ---
	Total depth is 134. Total visited states: 500. Number of splits: 315. Number of pops: 184
	Max stack depth: 145
	--- Bound Tightening Statistics ---
	Number of tightened bounds: 99954.
		Number of rows examined by row tightener: 63098. Consequent tightenings: 4202
		Number of explicit basis matrices examined by row tightener: 199. Consequent tightenings: 3791
		Number of bound tightening rounds on the entire constraint matrix: 0. Consequent tightenings: 0
		Number of bound notifications sent to PL constraints: 8276. Tightenings proposed: 0
	--- Basis Factorization statistics ---
	Number of basis refactorizations: 564
	--- Projected Steepest Edge Statistics ---
	Number of iterations: 64788.
	Number of resets to reference space: 227. Avg. iterations per reset: 285
	--- SBT ---
	Number of tightened bounds: 100339
	--- SoI-based local search ---
	Number of proposed phase pattern update: 1859. Number of accepted update: 1544 [83.06%]
	Total time (% of local search time) updating SoI phase pattern : 112370 milli [0.19%]
	Total time obtaining current assignment: 520052 milli [0.89%]
	Total time getting SoI phase pattern : 42772 milli [0.03%]
	--- Context dependent statistics ---
	Number of pushes / pops: 499 / 365
		[0.02%] Pre-Push hook: 34 milli
		[0.00%] Push : 0 milli
		[0.01%] Post-Pop hook: 13 milli
		[0.01%] Pop : 12 milli
		[0.04%] Total context-switching time: 59 milli
	--- Proof Certificate ---
	Number of certified leaves: 0
	Number of leaves to delegate: 0
MalformedBasisException caught!
Performing precision restoration. Degradation before: 0.000000000003734. After: 0.000000000000185

00:20:50 Statistics update:
	--- Time Statistics ---
	Total time elapsed: 189086 milli (00:03:09)
		Main loop: 188604 milli (00:03:08)
		Preprocessing time: 182 milli (00:00:00)
		Unknown: 300 milli (00:00:00)
	Breakdown for main loop:
		[59.86%] Simplex steps: 112895 milli
		[31.53%] Explicit-basis bound tightening: 59475 milli
		[0.00%] Constraint-matrix bound tightening: 0 milli
		[0.88%] Degradation checking: 1662 milli
		[0.18%] Precision restoration: 342 milli
		[0.04%] Statistics handling: 78 milli
		[0.00%] Constraint-fixing steps: 0 milli
		[0.00%] Valid case splits: 4 milli. Average per split: 0.00 milli
		[0.00%] Applying stored bound-tightening: 4 milli
		[0.21%] SMT core: 394 milli
		[2.47%] Symbolic Bound Tightening: 4654 milli
		[34.50%] SoI-based local search: 65072 milli
		[0.00%] SoI-based local search: 0 milli
		[4.82%] Unaccounted for: 9092 milli
	--- Preprocessor Statistics ---
	Number of preprocessor bound-tightening loop iterations: 3
	Number of eliminated variables: 71
	Number of constraints removed due to variable elimination: 71
	Number of equations removed due to variable elimination: 0
	--- Engine Statistics ---
	Number of main loop iterations: 80000
		79163 iterations were simplex steps. Total time: 112895 milli. Average: 1.43 milli.
		0 iterations were constraint-fixing steps. Total time: 0 milli. Average: 0.00 milli
	Number of active piecewise-linear constraints: 62 / 185
		Constraints disabled by valid splits: 0. By SMT-originated splits: 123
	Last reported degradation: 0.0000000000. Max degradation so far: 0.0034391270. Restorations so far: 1
	Number of simplex pivots we attempted to skip because of instability: 1.
	Unstable pivots performed anyway: 0
	--- Tableau Statistics ---
	Total number of pivots performed: 72097
		Real pivots: 72027. Degenerate: 70 (0.10%)
		Degenerate pivots by request (e.g., to fix a PL constraint): 0 (0.00%)
		Average time per pivot: 0.29 milli
	Total number of fake pivots performed: 1934
	Total number of rows added: 0. Number of merged columns: 0
	Current tableau dimensions: M = 705, N = 2107
	--- SMT Core Statistics ---
	Total depth is 123. Total visited states: 578. Number of splits: 349. Number of pops: 228
	Max stack depth: 145
	--- Bound Tightening Statistics ---
	Number of tightened bounds: 115050.
		Number of rows examined by row tightener: 72097. Consequent tightenings: 4654
		Number of explicit basis matrices examined by row tightener: 261. Consequent tightenings: 4510
		Number of bound tightening rounds on the entire constraint matrix: 0. Consequent tightenings: 0
		Number of bound notifications sent to PL constraints: 9444. Tightenings proposed: 0
	--- Basis Factorization statistics ---
	Number of basis refactorizations: 644
	--- Projected Steepest Edge Statistics ---
	Number of iterations: 74032.
	Number of resets to reference space: 279. Avg. iterations per reset: 265
	--- SBT ---
	Number of tightened bounds: 115435
	--- SoI-based local search ---
	Number of proposed phase pattern update: 2138. Number of accepted update: 1789 [83.68%]
	Total time (% of local search time) updating SoI phase pattern : 125125 milli [0.19%]
	Total time obtaining current assignment: 593997 milli [0.91%]
	Total time getting SoI phase pattern : 47749 milli [0.03%]
	--- Context dependent statistics ---
	Number of pushes / pops: 577 / 454
		[0.02%] Pre-Push hook: 37 milli
		[0.00%] Push : 0 milli
		[0.01%] Post-Pop hook: 16 milli
		[0.01%] Pop : 16 milli
		[0.04%] Total context-switching time: 70 milli
	--- Proof Certificate ---
	Number of certified leaves: 0
	Number of leaves to delegate: 0

00:21:17 Statistics update:
	--- Time Statistics ---
	Total time elapsed: 215778 milli (00:03:35)
		Main loop: 215294 milli (00:03:35)
		Preprocessing time: 182 milli (00:00:00)
		Unknown: 301 milli (00:00:00)
	Breakdown for main loop:
		[59.51%] Simplex steps: 128124 milli
		[31.97%] Explicit-basis bound tightening: 68824 milli
		[0.00%] Constraint-matrix bound tightening: 0 milli
		[0.87%] Degradation checking: 1873 milli
		[0.16%] Precision restoration: 342 milli
		[0.04%] Statistics handling: 88 milli
		[0.00%] Constraint-fixing steps: 0 milli
		[0.00%] Valid case splits: 4 milli. Average per split: 0.00 milli
		[0.00%] Applying stored bound-tightening: 5 milli
		[0.22%] SMT core: 469 milli
		[2.52%] Symbolic Bound Tightening: 5426 milli
		[34.61%] SoI-based local search: 74517 milli
		[0.00%] SoI-based local search: 0 milli
		[4.71%] Unaccounted for: 10135 milli
	--- Preprocessor Statistics ---
	Number of preprocessor bound-tightening loop iterations: 3
	Number of eliminated variables: 71
	Number of constraints removed due to variable elimination: 71
	Number of equations removed due to variable elimination: 0
	--- Engine Statistics ---
	Number of main loop iterations: 90000
		89036 iterations were simplex steps. Total time: 128124 milli. Average: 1.44 milli.
		0 iterations were constraint-fixing steps. Total time: 0 milli. Average: 0.00 milli
	Number of active piecewise-linear constraints: 58 / 185
		Constraints disabled by valid splits: 0. By SMT-originated splits: 127
	Last reported degradation: 0.0000000000. Max degradation so far: 0.0039197859. Restorations so far: 1
	Number of simplex pivots we attempted to skip because of instability: 1.
	Unstable pivots performed anyway: 0
	--- Tableau Statistics ---
	Total number of pivots performed: 80674
		Real pivots: 80599. Degenerate: 75 (0.09%)
		Degenerate pivots by request (e.g., to fix a PL constraint): 0 (0.00%)
		Average time per pivot: 0.29 milli
	Total number of fake pivots performed: 2262
	Total number of rows added: 0. Number of merged columns: 0
	Current tableau dimensions: M = 705, N = 2107
	--- SMT Core Statistics ---
	Total depth is 127. Total visited states: 673. Number of splits: 398. Number of pops: 274
	Max stack depth: 145
	--- Bound Tightening Statistics ---
	Number of tightened bounds: 134057.
		Number of rows examined by row tightener: 80674. Consequent tightenings: 4920
		Number of explicit basis matrices examined by row tightener: 296. Consequent tightenings: 4905
		Number of bound tightening rounds on the entire constraint matrix: 0. Consequent tightenings: 0
		Number of bound notifications sent to PL constraints: 10206. Tightenings proposed: 0
	--- Basis Factorization statistics ---
	Number of basis refactorizations: 718
	--- Projected Steepest Edge Statistics ---
	Number of iterations: 82937.
	Number of resets to reference space: 329. Avg. iterations per reset: 252
	--- SBT ---
	Number of tightened bounds: 134442
	--- SoI-based local search ---
	Number of proposed phase pattern update: 2557. Number of accepted update: 2159 [84.43%]
	Total time (% of local search time) updating SoI phase pattern : 142954 milli [0.19%]
	Total time obtaining current assignment: 706883 milli [0.95%]
	Total time getting SoI phase pattern : 55674 milli [0.03%]
	--- Context dependent statistics ---
	Number of pushes / pops: 672 / 545
		[0.02%] Pre-Push hook: 41 milli
		[0.00%] Push : 0 milli
		[0.01%] Post-Pop hook: 20 milli
		[0.01%] Pop : 19 milli
		[0.04%] Total context-switching time: 81 milli
	--- Proof Certificate ---
	Number of certified leaves: 0
	Number of leaves to delegate: 0

00:21:52 Statistics update:
	--- Time Statistics ---
	Total time elapsed: 250440 milli (00:04:10)
		Main loop: 249934 milli (00:04:09)
		Preprocessing time: 182 milli (00:00:00)
		Unknown: 323 milli (00:00:00)
	Breakdown for main loop:
		[57.27%] Simplex steps: 143147 milli
		[34.25%] Explicit-basis bound tightening: 85612 milli
		[0.00%] Constraint-matrix bound tightening: 0 milli
		[0.83%] Degradation checking: 2083 milli
		[0.14%] Precision restoration: 342 milli
		[0.04%] Statistics handling: 97 milli
		[0.00%] Constraint-fixing steps: 0 milli
		[0.00%] Valid case splits: 5 milli. Average per split: 0.00 milli
		[0.00%] Applying stored bound-tightening: 5 milli
		[0.22%] SMT core: 546 milli
		[2.46%] Symbolic Bound Tightening: 6156 milli
		[32.45%] SoI-based local search: 81103 milli
		[0.00%] SoI-based local search: 0 milli
		[4.78%] Unaccounted for: 11936 milli
	--- Preprocessor Statistics ---
	Number of preprocessor bound-tightening loop iterations: 3
	Number of eliminated variables: 71
	Number of constraints removed due to variable elimination: 71
	Number of equations removed due to variable elimination: 0
	--- Engine Statistics ---
	Number of main loop iterations: 100000
		98925 iterations were simplex steps. Total time: 143147 milli. Average: 1.45 milli.
		0 iterations were constraint-fixing steps. Total time: 0 milli. Average: 0.00 milli
	Number of active piecewise-linear constraints: 65 / 185
		Constraints disabled by valid splits: 0. By SMT-originated splits: 120
	Last reported degradation: 0.0000000000. Max degradation so far: 0.0039197859. Restorations so far: 1
	Number of simplex pivots we attempted to skip because of instability: 1.
	Unstable pivots performed anyway: 0
	--- Tableau Statistics ---
	Total number of pivots performed: 89570
		Real pivots: 89490. Degenerate: 80 (0.09%)
		Degenerate pivots by request (e.g., to fix a PL constraint): 0 (0.00%)
		Average time per pivot: 0.29 milli
	Total number of fake pivots performed: 2506
	Total number of rows added: 0. Number of merged columns: 0
	Current tableau dimensions: M = 705, N = 2107
	--- SMT Core Statistics ---
	Total depth is 120. Total visited states: 764. Number of splits: 441. Number of pops: 322
	Max stack depth: 145
	--- Bound Tightening Statistics ---
	Number of tightened bounds: 152263.
		Number of rows examined by row tightener: 89570. Consequent tightenings: 5997
		Number of explicit basis matrices examined by row tightener: 360. Consequent tightenings: 6337
		Number of bound tightening rounds on the entire constraint matrix: 0. Consequent tightenings: 0
		Number of bound notifications sent to PL constraints: 12285. Tightenings proposed: 0
	--- Basis Factorization statistics ---
	Number of basis refactorizations: 797
	--- Projected Steepest Edge Statistics ---
	Number of iterations: 92077.
	Number of resets to reference space: 380. Avg. iterations per reset: 242
	--- SBT ---
	Number of tightened bounds: 152648
	--- SoI-based local search ---
	Number of proposed phase pattern update: 2864. Number of accepted update: 2423 [84.60%]
	Total time (% of local search time) updating SoI phase pattern : 159038 milli [0.20%]
	Total time obtaining current assignment: 787800 milli [0.97%]
	Total time getting SoI phase pattern : 61694 milli [0.02%]
	--- Context dependent statistics ---
	Number of pushes / pops: 763 / 643
		[0.02%] Pre-Push hook: 44 milli
		[0.00%] Push : 0 milli
		[0.01%] Post-Pop hook: 23 milli
		[0.01%] Pop : 22 milli
		[0.04%] Total context-switching time: 91 milli
	--- Proof Certificate ---
	Number of certified leaves: 0
	Number of leaves to delegate: 0

00:22:19 Statistics update:
	--- Time Statistics ---
	Total time elapsed: 277583 milli (00:04:37)
		Main loop: 277079 milli (00:04:37)
		Preprocessing time: 182 milli (00:00:00)
		Unknown: 321 milli (00:00:00)
	Breakdown for main loop:
		[56.91%] Simplex steps: 157688 milli
		[34.67%] Explicit-basis bound tightening: 96058 milli
		[0.00%] Constraint-matrix bound tightening: 0 milli
		[0.83%] Degradation checking: 2286 milli
		[0.12%] Precision restoration: 342 milli
		[0.04%] Statistics handling: 106 milli
		[0.00%] Constraint-fixing steps: 0 milli
		[0.00%] Valid case splits: 6 milli. Average per split: 0.00 milli
		[0.00%] Applying stored bound-tightening: 6 milli
		[0.22%] SMT core: 610 milli
		[2.46%] Symbolic Bound Tightening: 6814 milli
		[32.33%] SoI-based local search: 89574 milli
		[0.00%] SoI-based local search: 0 milli
		[4.75%] Unaccounted for: 13160 milli
	--- Preprocessor Statistics ---
	Number of preprocessor bound-tightening loop iterations: 3
	Number of eliminated variables: 71
	Number of constraints removed due to variable elimination: 71
	Number of equations removed due to variable elimination: 0
	--- Engine Statistics ---
	Number of main loop iterations: 110000
		108820 iterations were simplex steps. Total time: 157688 milli. Average: 1.45 milli.
		0 iterations were constraint-fixing steps. Total time: 0 milli. Average: 0.00 milli
	Number of active piecewise-linear constraints: 63 / 185
		Constraints disabled by valid splits: 0. By SMT-originated splits: 122
	Last reported degradation: 0.0000000000. Max degradation so far: 0.0039197859. Restorations so far: 1
	Number of simplex pivots we attempted to skip because of instability: 1.
	Unstable pivots performed anyway: 0
	--- Tableau Statistics ---
	Total number of pivots performed: 98477
		Real pivots: 98386. Degenerate: 91 (0.09%)
		Degenerate pivots by request (e.g., to fix a PL constraint): 0 (0.00%)
		Average time per pivot: 0.29 milli
	Total number of fake pivots performed: 2708
	Total number of rows added: 0. Number of merged columns: 0
	Current tableau dimensions: M = 705, N = 2107
	--- SMT Core Statistics ---
	Total depth is 122. Total visited states: 847. Number of splits: 483. Number of pops: 363
	Max stack depth: 145
	--- Bound Tightening Statistics ---
	Number of tightened bounds: 170957.
		Number of rows examined by row tightener: 98477. Consequent tightenings: 7469
		Number of explicit basis matrices examined by row tightener: 402. Consequent tightenings: 7675
		Number of bound tightening rounds on the entire constraint matrix: 0. Consequent tightenings: 0
		Number of bound notifications sent to PL constraints: 15871. Tightenings proposed: 0
	--- Basis Factorization statistics ---
	Number of basis refactorizations: 876
	--- Projected Steepest Edge Statistics ---
	Number of iterations: 101186.
	Number of resets to reference space: 424. Avg. iterations per reset: 238
	--- SBT ---
	Number of tightened bounds: 171342
	--- SoI-based local search ---
	Number of proposed phase pattern update: 3199. Number of accepted update: 2716 [84.90%]
	Total time (% of local search time) updating SoI phase pattern : 174054 milli [0.19%]
	Total time obtaining current assignment: 874190 milli [0.98%]
	Total time getting SoI phase pattern : 68809 milli [0.02%]
	--- Context dependent statistics ---
	Number of pushes / pops: 846 / 724
		[0.02%] Pre-Push hook: 48 milli
		[0.00%] Push : 0 milli
		[0.01%] Post-Pop hook: 26 milli
		[0.01%] Pop : 24 milli
		[0.04%] Total context-switching time: 99 milli
	--- Proof Certificate ---
	Number of certified leaves: 0
	Number of leaves to delegate: 0


Engine: quitting due to timeout...

Final statistics:

00:22:42 Statistics update:
	--- Time Statistics ---
	Total time elapsed: 301000 milli (00:05:01)
		Main loop: 300509 milli (00:05:00)
		Preprocessing time: 182 milli (00:00:00)
		Unknown: 308 milli (00:00:00)
	Breakdown for main loop:
		[55.74%] Simplex steps: 167495 milli
		[35.79%] Explicit-basis bound tightening: 107544 milli
		[0.00%] Constraint-matrix bound tightening: 0 milli
		[0.81%] Degradation checking: 2431 milli
		[0.11%] Precision restoration: 342 milli
		[0.04%] Statistics handling: 112 milli
		[0.00%] Constraint-fixing steps: 0 milli
		[0.00%] Valid case splits: 7 milli. Average per split: 0.00 milli
		[0.00%] Applying stored bound-tightening: 6 milli
		[0.22%] SMT core: 663 milli
		[2.44%] Symbolic Bound Tightening: 7326 milli
		[31.06%] SoI-based local search: 93337 milli
		[0.00%] SoI-based local search: 0 milli
		[4.85%] Unaccounted for: 14579 milli
	--- Preprocessor Statistics ---
	Number of preprocessor bound-tightening loop iterations: 3
	Number of eliminated variables: 71
	Number of constraints removed due to variable elimination: 71
	Number of equations removed due to variable elimination: 0
	--- Engine Statistics ---
	Number of main loop iterations: 117135
		115884 iterations were simplex steps. Total time: 167495 milli. Average: 1.45 milli.
		0 iterations were constraint-fixing steps. Total time: 0 milli. Average: 0.00 milli
	Number of active piecewise-linear constraints: 70 / 185
		Constraints disabled by valid splits: 0. By SMT-originated splits: 115
	Last reported degradation: 0.0000000000. Max degradation so far: 0.0039197859. Restorations so far: 1
	Number of simplex pivots we attempted to skip because of instability: 1.
	Unstable pivots performed anyway: 0
	--- Tableau Statistics ---
	Total number of pivots performed: 104805
		Real pivots: 104711. Degenerate: 94 (0.09%)
		Degenerate pivots by request (e.g., to fix a PL constraint): 0 (0.00%)
		Average time per pivot: 0.29 milli
	Total number of fake pivots performed: 2914
	Total number of rows added: 0. Number of merged columns: 0
	Current tableau dimensions: M = 705, N = 2107
	--- SMT Core Statistics ---
	Total depth is 115. Total visited states: 911. Number of splits: 511. Number of pops: 399
	Max stack depth: 145
	--- Bound Tightening Statistics ---
	Number of tightened bounds: 183010.
		Number of rows examined by row tightener: 104805. Consequent tightenings: 7948
		Number of explicit basis matrices examined by row tightener: 449. Consequent tightenings: 9109
		Number of bound tightening rounds on the entire constraint matrix: 0. Consequent tightenings: 0
		Number of bound notifications sent to PL constraints: 17367. Tightenings proposed: 0
	--- Basis Factorization statistics ---
	Number of basis refactorizations: 933
	--- Projected Steepest Edge Statistics ---
	Number of iterations: 107720.
	Number of resets to reference space: 464. Avg. iterations per reset: 232
	--- SBT ---
	Number of tightened bounds: 183395
	--- SoI-based local search ---
	Number of proposed phase pattern update: 3416. Number of accepted update: 2905 [85.04%]
	Total time (% of local search time) updating SoI phase pattern : 184229 milli [0.20%]
	Total time obtaining current assignment: 926494 milli [0.99%]
	Total time getting SoI phase pattern : 73446 milli [0.02%]
	--- Context dependent statistics ---
	Number of pushes / pops: 910 / 795
		[0.02%] Pre-Push hook: 50 milli
		[0.00%] Push : 0 milli
		[0.01%] Post-Pop hook: 29 milli
		[0.01%] Pop : 26 milli
		[0.04%] Total context-switching time: 105 milli
	--- Proof Certificate ---
	Number of certified leaves: 0
	Number of leaves to delegate: 0
Timeout
