InputQuery: /home/levn/Workspace/othello_world/queries/probe_robust/group_6/game_110_target_51_eps_0.1.txt
Engine::processInputQuery: Input query (before preprocessing): 449 equations, 1216 variables
Engine::processInputQuery: Input query (after preprocessing): 705 equations, 1345 variables

Input bounds:
	x0: [ -1.0723,  -0.8723] 
	x1: [  1.0886,   1.2886] 
	x2: [  0.5651,   0.7651] 
	x3: [ -1.8305,  -1.6305] 
	x4: [  0.2760,   0.4760] 
	x5: [  1.2398,   1.4398] 
	x6: [  0.7587,   0.9587] 
	x7: [  1.1356,   1.3356] 
	x8: [  0.4375,   0.6375] 
	x9: [ -1.0312,  -0.8312] 
	x10: [ -0.0629,   0.1371] 
	x11: [ -1.1072,  -0.9072] 
	x12: [ -2.8000,  -2.6000] 
	x13: [  0.2677,   0.4677] 
	x14: [  2.0024,   2.2024] 
	x15: [ -0.8520,  -0.6520] 
	x16: [ -0.8668,  -0.6668] 
	x17: [  2.9155,   3.1155] 
	x18: [  1.0403,   1.2403] 
	x19: [ -0.2293,  -0.0293] 
	x20: [ -0.5042,  -0.3042] 
	x21: [ -1.6283,  -1.4283] 
	x22: [ -0.8749,  -0.6749] 
	x23: [  0.8430,   1.0430] 
	x24: [ -1.7255,  -1.5255] 
	x25: [ -0.3404,  -0.1404] 
	x26: [  2.0755,   2.2755] 
	x27: [ -0.0088,   0.1912] 
	x28: [ -1.3607,  -1.1607] 
	x29: [  1.5530,   1.7530] 
	x30: [  1.3628,   1.5628] 
	x31: [ -0.5962,  -0.3962] 
	x32: [ -0.5903,  -0.3903] 
	x33: [ -1.2674,  -1.0674] 
	x34: [  2.6515,   2.8515] 
	x35: [ -1.0868,  -0.8868] 
	x36: [  0.7303,   0.9303] 
	x37: [  0.9478,   1.1478] 
	x38: [ -0.1112,   0.0888] 
	x39: [  1.1601,   1.3601] 
	x40: [  0.1213,   0.3213] 
	x41: [ -0.4093,  -0.2093] 
	x42: [  0.7367,   0.9367] 
	x43: [ -1.4002,  -1.2002] 
	x44: [ -3.6229,  -3.4229] 
	x45: [ -1.8385,  -1.6385] 
	x46: [  0.3956,   0.5956] 
	x47: [ -2.1444,  -1.9444] 
	x48: [ -0.7450,  -0.5450] 
	x49: [ -0.6498,  -0.4498] 
	x50: [ -0.1717,   0.0283] 
	x51: [ -1.0607,  -0.8607] 
	x52: [ -1.0629,  -0.8629] 
	x53: [  0.1215,   0.3215] 
	x54: [ -1.2849,  -1.0849] 
	x55: [  2.9067,   3.1067] 
	x56: [  1.3705,   1.5705] 
	x57: [  2.6479,   2.8479] 
	x58: [  0.2860,   0.4860] 
	x59: [  0.2271,   0.4271] 
	x60: [ -0.3612,  -0.1612] 
	x61: [  2.8350,   3.0350] 
	x62: [ -1.8675,  -1.6675] 
	x63: [  1.9856,   2.1856] 
	x64: [ -1.5318,  -1.3318] 
	x65: [ -1.1028,  -0.9028] 
	x66: [ -2.0739,  -1.8739] 
	x67: [ -0.5237,  -0.3237] 
	x68: [  2.4379,   2.6379] 
	x69: [ -1.2171,  -1.0171] 
	x70: [  0.1499,   0.3499] 
	x71: [ -0.8826,  -0.6826] 
	x72: [ -4.4693,  -4.2693] 
	x73: [  0.3664,   0.5664] 
	x74: [ -0.9928,  -0.7928] 
	x75: [  1.4922,   1.6922] 
	x76: [ -1.5015,  -1.3015] 
	x77: [  2.0796,   2.2796] 
	x78: [ -2.2411,  -2.0411] 
	x79: [  0.3036,   0.5036] 
	x80: [  1.6599,   1.8599] 
	x81: [  1.0863,   1.2863] 
	x82: [  0.6854,   0.8854] 
	x83: [ -0.9450,  -0.7450] 
	x84: [ -0.1200,   0.0800] 
	x85: [  0.0060,   0.2060] 
	x86: [  0.4987,   0.6987] 
	x87: [ -0.0121,   0.1879] 
	x88: [  0.6862,   0.8862] 
	x89: [  1.9163,   2.1163] 
	x90: [ -0.4825,  -0.2825] 
	x91: [ -1.7116,  -1.5116] 
	x92: [ -0.3371,  -0.1371] 
	x93: [ -0.0210,   0.1790] 
	x94: [ -1.0269,  -0.8269] 
	x95: [  1.0705,   1.2705] 
	x96: [  1.4183,   1.6183] 
	x97: [  0.2776,   0.4776] 
	x98: [  0.2483,   0.4483] 
	x99: [  2.1618,   2.3618] 
	x100: [  0.3895,   0.5895] 
	x101: [ -0.5471,  -0.3471] 
	x102: [ -0.6660,  -0.4660] 
	x103: [ -1.9822,  -1.7822] 
	x104: [ -0.3777,  -0.1777] 
	x105: [ -0.9261,  -0.7261] 
	x106: [ -0.5229,  -0.3229] 
	x107: [  0.0104,   0.2104] 
	x108: [ -0.0137,   0.1863] 
	x109: [ -1.4652,  -1.2652] 
	x110: [  0.2264,   0.4264] 
	x111: [ -0.5527,  -0.3527] 
	x112: [ -0.3811,  -0.1811] 
	x113: [ -0.9209,  -0.7209] 
	x114: [ -2.7423,  -2.5423] 
	x115: [  0.1468,   0.3468] 
	x116: [ -0.8626,  -0.6626] 
	x117: [  1.8833,   2.0833] 
	x118: [ -1.5767,  -1.3767] 
	x119: [ -1.2968,  -1.0968] 
	x120: [  1.5743,   1.7743] 
	x121: [  0.1104,   0.3104] 
	x122: [  0.1016,   0.3016] 
	x123: [  0.4256,   0.6256] 
	x124: [ -3.0238,  -2.8238] 
	x125: [ -1.4484,  -1.2484] 
	x126: [ -0.1994,   0.0006] 
	x127: [ -1.1631,  -0.9631] 
	x128: [ -0.1271,   0.0729] 
	x129: [  0.2552,   0.4552] 
	x130: [ -0.4925,  -0.2925] 
	x131: [  1.7431,   1.9431] 
	x132: [ -1.7629,  -1.5629] 
	x133: [  0.1899,   0.3899] 
	x134: [  0.3191,   0.5191] 
	x135: [  1.6863,   1.8863] 
	x136: [  1.6936,   1.8936] 
	x137: [ -2.3306,  -2.1306] 
	x138: [  0.7650,   0.9650] 
	x139: [ -1.9697,  -1.7697] 
	x140: [  3.0186,   3.2186] 
	x141: [  2.8720,   3.0720] 
	x142: [  4.1918,   4.3918] 
	x143: [ -1.4454,  -1.2454] 
	x144: [  0.3276,   0.5276] 
	x145: [  0.0872,   0.2872] 
	x146: [ -2.8372,  -2.6372] 
	x147: [  2.7754,   2.9754] 
	x148: [ -0.2331,  -0.0331] 
	x149: [ -3.0197,  -2.8197] 
	x150: [  1.3468,   1.5468] 
	x151: [  0.3111,   0.5111] 
	x152: [  0.7076,   0.9076] 
	x153: [  0.3811,   0.5811] 
	x154: [  2.0429,   2.2429] 
	x155: [ -1.0745,  -0.8745] 
	x156: [  1.1050,   1.3050] 
	x157: [ -0.1390,   0.0610] 
	x158: [ -2.7924,  -2.5924] 
	x159: [  0.0171,   0.2171] 
	x160: [ -1.7070,  -1.5070] 
	x161: [ -1.4992,  -1.2992] 
	x162: [ -0.9133,  -0.7133] 
	x163: [  2.0365,   2.2365] 
	x164: [ -1.4157,  -1.2157] 
	x165: [  0.8427,   1.0427] 
	x166: [ -0.5627,  -0.3627] 
	x167: [  2.4342,   2.6342] 
	x168: [  1.4893,   1.6893] 
	x169: [ -1.3685,  -1.1685] 
	x170: [  1.2729,   1.4729] 
	x171: [ -0.4044,  -0.2044] 
	x172: [  3.3207,   3.5207] 
	x173: [ -2.5643,  -2.3643] 
	x174: [ -2.2677,  -2.0677] 
	x175: [ -0.6560,  -0.4560] 
	x176: [ -1.8103,  -1.6103] 
	x177: [  2.4738,   2.6738] 
	x178: [ -1.9109,  -1.7109] 
	x179: [  0.8301,   1.0301] 
	x180: [  0.4945,   0.6945] 
	x181: [  0.6805,   0.8805] 
	x182: [ -0.7070,  -0.5070] 
	x183: [ -0.4205,  -0.2205] 
	x184: [ -1.1732,  -0.9732] 
	x185: [  0.1181,   0.3181] 
	x186: [ -1.6575,  -1.4575] 
	x187: [  0.1093,   0.3093] 
	x188: [ -0.2413,  -0.0413] 
	x189: [  2.0536,   2.2536] 
	x190: [ -0.9376,  -0.7376] 
	x191: [ -1.3711,  -1.1711] 
	x192: [  1.3488,   1.5488] 
	x193: [ -1.0705,  -0.8705] 
	x194: [ -0.1457,   0.0543] 
	x195: [ -0.5483,  -0.3483] 
	x196: [  0.9228,   1.1228] 
	x197: [  0.6342,   0.8342] 
	x198: [ -0.2162,  -0.0162] 
	x199: [ -0.2413,  -0.0413] 
	x200: [ -2.2783,  -2.0783] 
	x201: [ -0.0939,   0.1061] 
	x202: [ -1.9873,  -1.7873] 
	x203: [ -2.1127,  -1.9127] 
	x204: [ -0.4218,  -0.2218] 
	x205: [  0.3949,   0.5949] 
	x206: [  0.5543,   0.7543] 
	x207: [  0.0586,   0.2586] 
	x208: [  1.0464,   1.2464] 
	x209: [ -0.9542,  -0.7542] 
	x210: [ -0.1637,   0.0363] 
	x211: [ -0.9183,  -0.7183] 
	x212: [ -0.7336,  -0.5336] 
	x213: [  1.0769,   1.2769] 
	x214: [ -0.3500,  -0.1500] 
	x215: [ -2.7905,  -2.5905] 
	x216: [ -1.1972,  -0.9972] 
	x217: [  0.0464,   0.2464] 
	x218: [  1.4283,   1.6283] 
	x219: [ -0.5376,  -0.3376] 
	x220: [ -1.0675,  -0.8675] 
	x221: [ -0.2844,  -0.0844] 
	x222: [ -0.6220,  -0.4220] 
	x223: [  0.7066,   0.9066] 
	x224: [  1.4819,   1.6819] 
	x225: [  0.6909,   0.8909] 
	x226: [ -2.2057,  -2.0057] 
	x227: [ -3.1376,  -2.9376] 
	x228: [  1.3291,   1.5291] 
	x229: [ -0.4076,  -0.2076] 
	x230: [  0.9639,   1.1639] 
	x231: [  1.2846,   1.4846] 
	x232: [ -0.5325,  -0.3325] 
	x233: [  0.7011,   0.9011] 
	x234: [  1.5845,   1.7845] 
	x235: [ -0.2241,  -0.0241] 
	x236: [  1.8002,   2.0002] 
	x237: [ -1.3352,  -1.1352] 
	x238: [  1.1664,   1.3664] 
	x239: [  6.4572,   6.6572] 
	x240: [  0.0954,   0.2954] 
	x241: [ -2.9806,  -2.7806] 
	x242: [  0.8473,   1.0473] 
	x243: [  0.8506,   1.0506] 
	x244: [ -1.7383,  -1.5383] 
	x245: [ -1.7713,  -1.5713] 
	x246: [ -0.9558,  -0.7558] 
	x247: [ -1.5745,  -1.3745] 
	x248: [ -0.4526,  -0.2526] 
	x249: [ -2.0471,  -1.8471] 
	x250: [ -1.8084,  -1.6084] 
	x251: [ -1.8615,  -1.6615] 
	x252: [ -0.3533,  -0.1533] 
	x253: [  0.2292,   0.4292] 
	x254: [  0.4910,   0.6910] 
	x255: [  0.3138,   0.5138] 
	x256: [  1.6912,   1.8912] 
	x257: [ -3.3452,  -3.1452] 
	x258: [ -0.1768,   0.0232] 
	x259: [ -0.0896,   0.1104] 
	x260: [ -0.2259,  -0.0259] 
	x261: [ -0.9702,  -0.7702] 
	x262: [  1.1224,   1.3224] 
	x263: [  0.0593,   0.2593] 
	x264: [ -0.5702,  -0.3702] 
	x265: [  3.3883,   3.5883] 
	x266: [  2.1365,   2.3365] 
	x267: [ -0.0922,   0.1078] 
	x268: [ -3.3628,  -3.1628] 
	x269: [ -1.2222,  -1.0222] 
	x270: [  2.6806,   2.8806] 
	x271: [  1.7988,   1.9988] 
	x272: [ -2.0544,  -1.8544] 
	x273: [ -0.5411,  -0.3411] 
	x274: [  0.9727,   1.1727] 
	x275: [ -0.4834,  -0.2834] 
	x276: [ -0.0114,   0.1886] 
	x277: [  2.3337,   2.5337] 
	x278: [ -2.1781,  -1.9781] 
	x279: [ -1.5933,  -1.3933] 
	x280: [ -1.7369,  -1.5369] 
	x281: [ -1.1066,  -0.9066] 
	x282: [ -1.1469,  -0.9469] 
	x283: [ -1.0065,  -0.8065] 
	x284: [ -0.1904,   0.0096] 
	x285: [ -1.2209,  -1.0209] 
	x286: [ -0.9826,  -0.7826] 
	x287: [  1.1073,   1.3073] 
	x288: [ -2.5816,  -2.3816] 
	x289: [  0.5434,   0.7434] 
	x290: [ -3.0516,  -2.8516] 
	x291: [ -1.0835,  -0.8835] 
	x292: [ -0.8492,  -0.6492] 
	x293: [ -1.5228,  -1.3228] 
	x294: [  0.0008,   0.2008] 
	x295: [  1.2243,   1.4243] 
	x296: [ -2.6284,  -2.4284] 
	x297: [ -1.3964,  -1.1964] 
	x298: [ -4.0839,  -3.8839] 
	x299: [  0.1907,   0.3907] 
	x300: [  0.2908,   0.4908] 
	x301: [  1.8320,   2.0320] 
	x302: [  1.0309,   1.2309] 
	x303: [ -1.1861,  -0.9861] 
	x304: [  0.0426,   0.2426] 
	x305: [ -1.9906,  -1.7906] 
	x306: [ -0.1246,   0.0754] 
	x307: [ -1.1697,  -0.9697] 
	x308: [  0.3808,   0.5808] 
	x309: [ -0.7969,  -0.5969] 
	x310: [ -1.0202,  -0.8202] 
	x311: [ -0.9869,  -0.7869] 
	x312: [ -0.3688,  -0.1688] 
	x313: [ -2.2623,  -2.0623] 
	x314: [ -1.2711,  -1.0711] 
	x315: [ -1.6706,  -1.4706] 
	x316: [  1.8622,   2.0622] 
	x317: [  0.6247,   0.8247] 
	x318: [ -1.5736,  -1.3736] 
	x319: [ -1.7616,  -1.5616] 
	x320: [  2.2137,   2.4137] 
	x321: [ -0.8641,  -0.6641] 
	x322: [ -0.9849,  -0.7849] 
	x323: [  0.7953,   0.9953] 
	x324: [ -1.0545,  -0.8545] 
	x325: [ -0.5700,  -0.3700] 
	x326: [  0.2326,   0.4326] 
	x327: [ -1.2513,  -1.0513] 
	x328: [  0.6871,   0.8871] 
	x329: [ -1.2916,  -1.0916] 
	x330: [  0.3778,   0.5778] 
	x331: [ -0.9999,  -0.7999] 
	x332: [  1.9728,   2.1728] 
	x333: [ -0.3982,  -0.1982] 
	x334: [ -4.0628,  -3.8628] 
	x335: [ -0.6203,  -0.4203] 
	x336: [ -0.5400,  -0.3400] 
	x337: [ -0.4978,  -0.2978] 
	x338: [ -2.1241,  -1.9241] 
	x339: [ -0.7677,  -0.5677] 
	x340: [ -0.0014,   0.1986] 
	x341: [ -0.5861,  -0.3861] 
	x342: [  2.0135,   2.2135] 
	x343: [  0.9182,   1.1182] 
	x344: [  1.7232,   1.9232] 
	x345: [ -2.7353,  -2.5353] 
	x346: [  2.0689,   2.2689] 
	x347: [ -2.7342,  -2.5342] 
	x348: [  0.9818,   1.1818] 
	x349: [  1.7866,   1.9866] 
	x350: [ -0.0071,   0.1929] 
	x351: [ -1.0038,  -0.8038] 
	x352: [ -0.3885,  -0.1885] 
	x353: [  0.1333,   0.3333] 
	x354: [  0.0764,   0.2764] 
	x355: [  0.0198,   0.2198] 
	x356: [  1.0840,   1.2840] 
	x357: [  0.9708,   1.1708] 
	x358: [  1.3880,   1.5880] 
	x359: [ -2.5883,  -2.3883] 
	x360: [  1.2367,   1.4367] 
	x361: [ -0.5743,  -0.3743] 
	x362: [  0.0892,   0.2892] 
	x363: [  1.1693,   1.3693] 
	x364: [ -0.2942,  -0.0942] 
	x365: [ -0.7223,  -0.5223] 
	x366: [  0.9944,   1.1944] 
	x367: [ -1.9539,  -1.7539] 
	x368: [  1.8404,   2.0404] 
	x369: [  0.9654,   1.1654] 
	x370: [  0.2050,   0.4050] 
	x371: [  0.4110,   0.6110] 
	x372: [  2.8340,   3.0340] 
	x373: [  1.5077,   1.7077] 
	x374: [ -0.6707,  -0.4707] 
	x375: [  0.0675,   0.2675] 
	x376: [  0.4798,   0.6798] 
	x377: [ -0.5938,  -0.3938] 
	x378: [ -3.1882,  -2.9882] 
	x379: [  1.1482,   1.3482] 
	x380: [  0.5039,   0.7039] 
	x381: [ -2.2838,  -2.0838] 
	x382: [ -1.6267,  -1.4267] 
	x383: [  0.3617,   0.5617] 
	x384: [ -0.2769,  -0.0769] 
	x385: [ -0.1635,   0.0365] 
	x386: [ -0.7637,  -0.5637] 
	x387: [  0.6276,   0.8276] 
	x388: [ -1.1916,  -0.9916] 
	x389: [ -0.8051,  -0.6051] 
	x390: [  2.0125,   2.2125] 
	x391: [  2.8468,   3.0468] 
	x392: [  1.9245,   2.1245] 
	x393: [  2.1297,   2.3297] 
	x394: [ -1.2385,  -1.0385] 
	x395: [  0.3585,   0.5585] 
	x396: [ -1.3988,  -1.1988] 
	x397: [ -1.6840,  -1.4840] 
	x398: [  2.7654,   2.9654] 
	x399: [ -0.0319,   0.1681] 
	x400: [  0.4380,   0.6380] 
	x401: [ -1.8782,  -1.6782] 
	x402: [ -0.7890,  -0.5890] 
	x403: [ -1.1922,  -0.9922] 
	x404: [ -1.9016,  -1.7016] 
	x405: [ -1.8789,  -1.6789] 
	x406: [  2.0421,   2.2421] 
	x407: [ -0.4048,  -0.2048] 
	x408: [  1.8871,   2.0871] 
	x409: [ -2.3981,  -2.1981] 
	x410: [ -2.8451,  -2.6451] 
	x411: [ -0.1480,   0.0520] 
	x412: [ -1.1567,  -0.9567] 
	x413: [ -1.9717,  -1.7717] 
	x414: [  2.2227,   2.4227] 
	x415: [ -3.0191,  -2.8191] 
	x416: [ -0.5409,  -0.3409] 
	x417: [  2.4739,   2.6739] 
	x418: [ -1.8763,  -1.6763] 
	x419: [  0.8742,   1.0742] 
	x420: [ -0.1254,   0.0746] 
	x421: [ -2.0783,  -1.8783] 
	x422: [ -1.5171,  -1.3171] 
	x423: [ -0.7467,  -0.5467] 
	x424: [ -0.4812,  -0.2812] 
	x425: [ -1.1674,  -0.9674] 
	x426: [ -1.5562,  -1.3562] 
	x427: [ -1.7780,  -1.5780] 
	x428: [ -2.1412,  -1.9412] 
	x429: [ -2.0609,  -1.8609] 
	x430: [ -1.4416,  -1.2416] 
	x431: [  1.7267,   1.9267] 
	x432: [ -1.3690,  -1.1690] 
	x433: [ -1.3482,  -1.1482] 
	x434: [  0.2994,   0.4994] 
	x435: [  1.9567,   2.1567] 
	x436: [ -3.9367,  -3.7367] 
	x437: [ -3.3242,  -3.1242] 
	x438: [ -1.5409,  -1.3409] 
	x439: [ -1.6050,  -1.4050] 
	x440: [ -0.2850,  -0.0850] 
	x441: [ -0.1805,   0.0195] 
	x442: [ -0.7534,  -0.5534] 
	x443: [  4.9243,   5.1243] 
	x444: [ -0.7262,  -0.5262] 
	x445: [ -1.0364,  -0.8364] 
	x446: [ -1.0271,  -0.8271] 
	x447: [ -0.9982,  -0.7982] 
	x448: [ -0.1318,   0.0682] 
	x449: [ -1.4541,  -1.2541] 
	x450: [  0.8019,   1.0019] 
	x451: [ -0.6876,  -0.4876] 
	x452: [  2.7806,   2.9806] 
	x453: [  0.6799,   0.8799] 
	x454: [  2.4731,   2.6731] 
	x455: [ -2.0424,  -1.8424] 
	x456: [ -2.0714,  -1.8714] 
	x457: [  0.0314,   0.2314] 
	x458: [ -5.2134,  -5.0134] 
	x459: [ -0.5716,  -0.3716] 
	x460: [  0.4610,   0.6610] 
	x461: [  0.5214,   0.7214] 
	x462: [ -1.5487,  -1.3487] 
	x463: [ -1.3813,  -1.1813] 
	x464: [  1.1912,   1.3912] 
	x465: [  1.3792,   1.5792] 
	x466: [  0.1074,   0.3074] 
	x467: [ -3.0425,  -2.8425] 
	x468: [ -1.0512,  -0.8512] 
	x469: [  0.0335,   0.2335] 
	x470: [  0.1126,   0.3126] 
	x471: [  0.9906,   1.1906] 
	x472: [  1.4291,   1.6291] 
	x473: [ -0.7683,  -0.5683] 
	x474: [ -0.5943,  -0.3943] 
	x475: [ -1.3234,  -1.1234] 
	x476: [  0.1802,   0.3802] 
	x477: [ -2.0279,  -1.8279] 
	x478: [ -0.4010,  -0.2010] 
	x479: [  2.7886,   2.9886] 
	x480: [  1.3009,   1.5009] 
	x481: [  1.2031,   1.4031] 
	x482: [ -1.9638,  -1.7638] 
	x483: [ -0.3708,  -0.1708] 
	x484: [ -0.7121,  -0.5121] 
	x485: [ -1.4717,  -1.2717] 
	x486: [ -0.8123,  -0.6123] 
	x487: [  1.2134,   1.4134] 
	x488: [ -0.1860,   0.0140] 
	x489: [  0.3369,   0.5369] 
	x490: [ -0.7966,  -0.5966] 
	x491: [  2.2405,   2.4405] 
	x492: [  1.8215,   2.0215] 
	x493: [ -3.2247,  -3.0247] 
	x494: [  0.0424,   0.2424] 
	x495: [ -0.8396,  -0.6396] 
	x496: [ -0.8465,  -0.6465] 
	x497: [ -0.3472,  -0.1472] 
	x498: [ -2.6294,  -2.4294] 
	x499: [ -1.5534,  -1.3534] 
	x500: [ -0.8677,  -0.6677] 
	x501: [ -0.8142,  -0.6142] 
	x502: [ -1.3526,  -1.1526] 
	x503: [ -2.1719,  -1.9719] 
	x504: [ -1.2667,  -1.0667] 
	x505: [  1.0736,   1.2736] 
	x506: [  1.5286,   1.7286] 
	x507: [ -1.4048,  -1.2048] 
	x508: [ -1.1072,  -0.9072] 
	x509: [ -1.7106,  -1.5106] 
	x510: [  1.4826,   1.6826] 
	x511: [  0.3256,   0.5256] 

Branching heuristics set to PseudoImpact

Engine::solve: Initial statistics

23:20:36 Statistics update:
	--- Time Statistics ---
	Total time elapsed: 494 milli (00:00:00)
		Main loop: 0 milli (00:00:00)
		Preprocessing time: 199 milli (00:00:00)
		Unknown: 294 milli (00:00:00)
	Breakdown for main loop:
		[0.00%] Simplex steps: 0 milli
		[0.00%] Explicit-basis bound tightening: 0 milli
		[0.00%] Constraint-matrix bound tightening: 0 milli
		[0.00%] Degradation checking: 0 milli
		[0.00%] Precision restoration: 0 milli
		[0.00%] Statistics handling: 0 milli
		[0.00%] Constraint-fixing steps: 0 milli
		[0.00%] Valid case splits: 0 milli. Average per split: 0.00 milli
		[0.00%] Applying stored bound-tightening: 0 milli
		[0.00%] SMT core: 0 milli
		[0.00%] Symbolic Bound Tightening: 12 milli
		[0.00%] SoI-based local search: 0 milli
		[0.00%] SoI-based local search: 0 milli
		[0.00%] Unaccounted for: 0 milli
	--- Preprocessor Statistics ---
	Number of preprocessor bound-tightening loop iterations: 3
	Number of eliminated variables: 128
	Number of constraints removed due to variable elimination: 128
	Number of equations removed due to variable elimination: 0
	--- Engine Statistics ---
	Number of main loop iterations: 1
		0 iterations were simplex steps. Total time: 0 milli. Average: 0.00 milli.
		0 iterations were constraint-fixing steps. Total time: 0 milli. Average: 0.00 milli
	Number of active piecewise-linear constraints: 128 / 128
		Constraints disabled by valid splits: 0. By SMT-originated splits: 0
	Last reported degradation: 0.0000000000. Max degradation so far: 0.0000000000. Restorations so far: 0
	Number of simplex pivots we attempted to skip because of instability: 0.
	Unstable pivots performed anyway: 0
	--- Tableau Statistics ---
	Total number of pivots performed: 0
		Real pivots: 0. Degenerate: 0 (0.00%)
		Degenerate pivots by request (e.g., to fix a PL constraint): 0 (0.00%)
		Average time per pivot: 0.00 milli
	Total number of fake pivots performed: 0
	Total number of rows added: 0. Number of merged columns: 0
	Current tableau dimensions: M = 705, N = 2050
	--- SMT Core Statistics ---
	Total depth is 0. Total visited states: 1. Number of splits: 0. Number of pops: 0
	Max stack depth: 0
	--- Bound Tightening Statistics ---
	Number of tightened bounds: 0.
		Number of rows examined by row tightener: 0. Consequent tightenings: 0
		Number of explicit basis matrices examined by row tightener: 0. Consequent tightenings: 0
		Number of bound tightening rounds on the entire constraint matrix: 0. Consequent tightenings: 0
		Number of bound notifications sent to PL constraints: 768. Tightenings proposed: 0
	--- Basis Factorization statistics ---
	Number of basis refactorizations: 2
	--- Projected Steepest Edge Statistics ---
	Number of iterations: 0.
	Number of resets to reference space: 1. Avg. iterations per reset: 0
	--- SBT ---
	Number of tightened bounds: 385
	--- SoI-based local search ---
	Number of proposed phase pattern update: 0. Number of accepted update: 0 [0.00%]
	Total time (% of local search time) updating SoI phase pattern : 0 milli [0.00%]
	Total time obtaining current assignment: 0 milli [0.00%]
	Total time getting SoI phase pattern : 0 milli [0.00%]
	--- Context dependent statistics ---
	Number of pushes / pops: 0 / 0
		[0.00%] Pre-Push hook: 0 milli
		[0.00%] Push : 0 milli
		[0.00%] Post-Pop hook: 0 milli
		[0.00%] Pop : 0 milli
		[0.00%] Total context-switching time: 0 milli
	--- Proof Certificate ---
	Number of certified leaves: 0
	Number of leaves to delegate: 0

---

Engine::solve: sat assignment found

23:20:38 Statistics update:
	--- Time Statistics ---
	Total time elapsed: 2438 milli (00:00:02)
		Main loop: 1943 milli (00:00:01)
		Preprocessing time: 199 milli (00:00:00)
		Unknown: 295 milli (00:00:00)
	Breakdown for main loop:
		[37.30%] Simplex steps: 725 milli
		[61.31%] Explicit-basis bound tightening: 1191 milli
		[0.00%] Constraint-matrix bound tightening: 0 milli
		[0.70%] Degradation checking: 13 milli
		[0.00%] Precision restoration: 0 milli
		[0.07%] Statistics handling: 1 milli
		[0.00%] Constraint-fixing steps: 0 milli
		[0.00%] Valid case splits: 0 milli. Average per split: 0.00 milli
		[0.00%] Applying stored bound-tightening: 0 milli
		[0.00%] SMT core: 0 milli
		[1.06%] Symbolic Bound Tightening: 20 milli
		[7.45%] SoI-based local search: 144 milli
		[0.00%] SoI-based local search: 0 milli
		[949173176916435.62%] Unaccounted for: 0 milli
	--- Preprocessor Statistics ---
	Number of preprocessor bound-tightening loop iterations: 3
	Number of eliminated variables: 128
	Number of constraints removed due to variable elimination: 128
	Number of equations removed due to variable elimination: 0
	--- Engine Statistics ---
	Number of main loop iterations: 627
		625 iterations were simplex steps. Total time: 725 milli. Average: 1.16 milli.
		0 iterations were constraint-fixing steps. Total time: 0 milli. Average: 0.00 milli
	Number of active piecewise-linear constraints: 128 / 128
		Constraints disabled by valid splits: 0. By SMT-originated splits: 0
	Last reported degradation: 0.0000050397. Max degradation so far: 0.0000050397. Restorations so far: 0
	Number of simplex pivots we attempted to skip because of instability: 0.
	Unstable pivots performed anyway: 0
	--- Tableau Statistics ---
	Total number of pivots performed: 613
		Real pivots: 613. Degenerate: 0 (0.00%)
		Degenerate pivots by request (e.g., to fix a PL constraint): 0 (0.00%)
		Average time per pivot: 0.19 milli
	Total number of fake pivots performed: 10
	Total number of rows added: 0. Number of merged columns: 0
	Current tableau dimensions: M = 705, N = 2050
	--- SMT Core Statistics ---
	Total depth is 0. Total visited states: 1. Number of splits: 0. Number of pops: 0
	Max stack depth: 0
	--- Bound Tightening Statistics ---
	Number of tightened bounds: 0.
		Number of rows examined by row tightener: 613. Consequent tightenings: 0
		Number of explicit basis matrices examined by row tightener: 5. Consequent tightenings: 296
		Number of bound tightening rounds on the entire constraint matrix: 0. Consequent tightenings: 0
		Number of bound notifications sent to PL constraints: 1536. Tightenings proposed: 0
	--- Basis Factorization statistics ---
	Number of basis refactorizations: 7
	--- Projected Steepest Edge Statistics ---
	Number of iterations: 623.
	Number of resets to reference space: 2. Avg. iterations per reset: 311
	--- SBT ---
	Number of tightened bounds: 385
	--- SoI-based local search ---
	Number of proposed phase pattern update: 0. Number of accepted update: 1 [0.00%]
	Total time (% of local search time) updating SoI phase pattern : 346 milli [0.24%]
	Total time obtaining current assignment: 153 milli [0.11%]
	Total time getting SoI phase pattern : 44 milli [0.00%]
	--- Context dependent statistics ---
	Number of pushes / pops: 0 / 0
		[0.00%] Pre-Push hook: 0 milli
		[0.00%] Push : 0 milli
		[0.00%] Post-Pop hook: 0 milli
		[0.00%] Pop : 0 milli
		[0.00%] Total context-switching time: 0 milli
	--- Proof Certificate ---
	Number of certified leaves: 0
	Number of leaves to delegate: 0
sat
Input assignment:
	x0 = -0.872301
	x1 = 1.288578
	x2 = 0.565138
	x3 = -1.630474
	x4 = 0.275971
	x5 = 1.239835
	x6 = 0.958747
	x7 = 1.335634
	x8 = 0.437545
	x9 = -0.831156
	x10 = 0.137113
	x11 = -1.107176
	x12 = -2.599998
	x13 = 0.467747
	x14 = 2.002386
	x15 = -0.851997
	x16 = -0.666768
	x17 = 2.915482
	x18 = 1.040263
	x19 = -0.029347
	x20 = -0.504205
	x21 = -1.428321
	x22 = -0.874938
	x23 = 0.842951
	x24 = -1.525517
	x25 = -0.340424
	x26 = 2.075525
	x27 = 0.191176
	x28 = -1.160708
	x29 = 1.753007
	x30 = 1.562833
	x31 = -0.596154
	x32 = -0.590334
	x33 = -1.067389
	x34 = 2.851461
	x35 = -0.886787
	x36 = 0.930266
	x37 = 1.147837
	x38 = -0.111221
	x39 = 1.360071
	x40 = 0.121326
	x41 = -0.409322
	x42 = 0.936692
	x43 = -1.200171
	x44 = -3.622912
	x45 = -1.638453
	x46 = 0.595579
	x47 = -1.944392
	x48 = -0.544985
	x49 = -0.449803
	x50 = 0.028260
	x51 = -0.895863
	x52 = -1.062897
	x53 = 0.121544
	x54 = -1.084941
	x55 = 3.106737
	x56 = 1.370491
	x57 = 2.647857
	x58 = 0.485992
	x59 = 0.403683
	x60 = -0.361180
	x61 = 3.035004
	x62 = -1.667547
	x63 = 2.185576
	x64 = -1.331755
	x65 = -0.902837
	x66 = -1.873863
	x67 = -0.523688
	x68 = 2.437938
	x69 = -1.217080
	x70 = 0.349901
	x71 = -0.682553
	x72 = -4.269328
	x73 = 0.366440
	x74 = -0.792812
	x75 = 1.492236
	x76 = -1.301492
	x77 = 2.279590
	x78 = -2.241068
	x79 = 0.303552
	x80 = 1.859860
	x81 = 1.286320
	x82 = 0.685444
	x83 = -0.744973
	x84 = 0.080022
	x85 = 0.005955
	x86 = 0.698750
	x87 = 0.187922
	x88 = 0.686237
	x89 = 1.916348
	x90 = -0.282507
	x91 = -1.511603
	x92 = -0.137133
	x93 = 0.179004
	x94 = -1.026887
	x95 = 1.270544
	x96 = 1.418329
	x97 = 0.277608
	x98 = 0.248325
	x99 = 2.161841
	x100 = 0.589530
	x101 = -0.347066
	x102 = -0.665975
	x103 = -1.782244
	x104 = -0.377743
	x105 = -0.726109
	x106 = -0.322878
	x107 = 0.210388
	x108 = 0.186265
	x109 = -1.265158
	x110 = 0.426405
	x111 = -0.352714
	x112 = -0.181130
	x113 = -0.720891
	x114 = -2.542293
	x115 = 0.146809
	x116 = -0.844279
	x117 = 2.083315
	x118 = -1.376681
	x119 = -1.296843
	x120 = 1.774331
	x121 = 0.310420
	x122 = 0.301648
	x123 = 0.625622
	x124 = -3.023805
	x125 = -1.248377
	x126 = 0.000581
	x127 = -1.163148
	x128 = 0.072875
	x129 = 0.455158
	x130 = -0.492472
	x131 = 1.743109
	x132 = -1.762863
	x133 = 0.389931
	x134 = 0.319057
	x135 = 1.886254
	x136 = 1.893589
	x137 = -2.330621
	x138 = 0.965012
	x139 = -1.969693
	x140 = 3.018593
	x141 = 2.871956
	x142 = 4.391810
	x143 = -1.245361
	x144 = 0.450092
	x145 = 0.087185
	x146 = -2.637155
	x147 = 2.975398
	x148 = -0.165925
	x149 = -2.819732
	x150 = 1.546797
	x151 = 0.311150
	x152 = 0.907609
	x153 = 0.381085
	x154 = 2.042923
	x155 = -1.074477
	x156 = 1.305014
	x157 = 0.061005
	x158 = -2.792360
	x159 = 0.217125
	x160 = -1.706971
	x161 = -1.299209
	x162 = -0.713255
	x163 = 2.236526
	x164 = -1.215707
	x165 = 1.042653
	x166 = -0.362697
	x167 = 2.634152
	x168 = 1.689342
	x169 = -1.168474
	x170 = 1.472913
	x171 = -0.204441
	x172 = 3.320710
	x173 = -2.564261
	x174 = -2.067749
	x175 = -0.656024
	x176 = -1.810265
	x177 = 2.673829
	x178 = -1.910888
	x179 = 1.030139
	x180 = 0.494520
	x181 = 0.880463
	x182 = -0.506993
	x183 = -0.220547
	x184 = -0.973154
	x185 = 0.318105
	x186 = -1.657528
	x187 = 0.109290
	x188 = -0.041270
	x189 = 2.253591
	x190 = -0.937572
	x191 = -1.171125
	x192 = 1.548763
	x193 = -1.070523
	x194 = 0.054264
	x195 = -0.348271
	x196 = 0.922804
	x197 = 0.834186
	x198 = -0.016180
	x199 = -0.041327
	x200 = -2.278291
	x201 = 0.106068
	x202 = -1.787324
	x203 = -2.112706
	x204 = -0.221840
	x205 = 0.594892
	x206 = 0.754322
	x207 = 0.258634
	x208 = 1.246391
	x209 = -0.754179
	x210 = 0.036302
	x211 = -0.718322
	x212 = -0.533633
	x213 = 1.276911
	x214 = -0.149971
	x215 = -2.790523
	x216 = -0.997216
	x217 = 0.046356
	x218 = 1.628318
	x219 = -0.337565
	x220 = -0.867545
	x221 = -0.084405
	x222 = -0.421967
	x223 = 0.706614
	x224 = 1.681889
	x225 = 0.890918
	x226 = -2.005682
	x227 = -3.137636
	x228 = 1.329062
	x229 = -0.207624
	x230 = 0.963890
	x231 = 1.484566
	x232 = -0.332472
	x233 = 0.901138
	x234 = 1.784504
	x235 = -0.224112
	x236 = 1.800206
	x237 = -1.135192
	x238 = 1.166376
	x239 = 6.457163
	x240 = 0.295396
	x241 = -2.780641
	x242 = 0.847290
	x243 = 0.850589
	x244 = -1.738293
	x245 = -1.571264
	x246 = -0.755834
	x247 = -1.374506
	x248 = -0.252592
	x249 = -2.047112
	x250 = -1.808352
	x251 = -1.661507
	x252 = -0.153281
	x253 = 0.429166
	x254 = 0.690967
	x255 = 0.513847
	x256 = 1.691231
	x257 = -3.145195
	x258 = -0.176795
	x259 = -0.089569
	x260 = -0.225940
	x261 = -0.770212
	x262 = 1.322437
	x263 = 0.259345
	x264 = -0.570206
	x265 = 3.588341
	x266 = 2.136469
	x267 = 0.107782
	x268 = -3.162836
	x269 = -1.022229
	x270 = 2.680628
	x271 = 1.998838
	x272 = -1.854448
	x273 = -0.341090
	x274 = 0.972724
	x275 = -0.283438
	x276 = -0.011364
	x277 = 2.533724
	x278 = -1.978059
	x279 = -1.593311
	x280 = -1.536856
	x281 = -1.106603
	x282 = -1.146930
	x283 = -0.806495
	x284 = 0.009602
	x285 = -1.020934
	x286 = -0.982643
	x287 = 1.107317
	x288 = -2.381574
	x289 = 0.543364
	x290 = -2.851609
	x291 = -0.883458
	x292 = -0.649170
	x293 = -1.322778
	x294 = 0.000826
	x295 = 1.224318
	x296 = -2.428395
	x297 = -1.396385
	x298 = -3.883875
	x299 = 0.390710
	x300 = 0.490831
	x301 = 2.032018
	x302 = 1.030941
	x303 = -1.089715
	x304 = 0.042565
	x305 = -1.990587
	x306 = 0.075393
	x307 = -0.969699
	x308 = 0.580780
	x309 = -0.796939
	x310 = -1.020228
	x311 = -0.986895
	x312 = -0.168827
	x313 = -2.062260
	x314 = -1.071135
	x315 = -1.470555
	x316 = 2.062235
	x317 = 0.624669
	x318 = -1.573589
	x319 = -1.561567
	x320 = 2.413665
	x321 = -0.864129
	x322 = -0.784921
	x323 = 0.795317
	x324 = -1.054518
	x325 = -0.370015
	x326 = 0.432583
	x327 = -1.251286
	x328 = 0.887050
	x329 = -1.291645
	x330 = 0.577836
	x331 = -0.999892
	x332 = 2.172751
	x333 = -0.398234
	x334 = -4.062753
	x335 = -0.620257
	x336 = -0.340017
	x337 = -0.497809
	x338 = -1.924133
	x339 = -0.767656
	x340 = 0.198603
	x341 = -0.586051
	x342 = 2.213500
	x343 = 1.118210
	x344 = 1.723207
	x345 = -2.535292
	x346 = 2.068896
	x347 = -2.534222
	x348 = 1.181790
	x349 = 1.786578
	x350 = 0.192927
	x351 = -1.003772
	x352 = -0.188458
	x353 = 0.333320
	x354 = 0.276434
	x355 = 0.019831
	x356 = 1.284005
	x357 = 0.970834
	x358 = 1.387966
	x359 = -2.388339
	x360 = 1.436725
	x361 = -0.374277
	x362 = 0.289161
	x363 = 1.369329
	x364 = -0.094221
	x365 = -0.522329
	x366 = 1.194353
	x367 = -1.753908
	x368 = 1.840433
	x369 = 1.165369
	x370 = 0.405012
	x371 = 0.610955
	x372 = 3.034034
	x373 = 1.507655
	x374 = -0.670668
	x375 = 0.267511
	x376 = 0.679842
	x377 = -0.393771
	x378 = -3.045202
	x379 = 1.148219
	x380 = 0.503851
	x381 = -2.083780
	x382 = -1.426653
	x383 = 0.561691
	x384 = -0.076937
	x385 = 0.036515
	x386 = -0.563712
	x387 = 0.627614
	x388 = -0.991564
	x389 = -0.605075
	x390 = 2.212543
	x391 = 3.046788
	x392 = 1.924505
	x393 = 2.329722
	x394 = -1.038548
	x395 = 0.558514
	x396 = -1.398780
	x397 = -1.484042
	x398 = 2.765406
	x399 = -0.031864
	x400 = 0.438040
	x401 = -1.678248
	x402 = -0.589003
	x403 = -0.992225
	x404 = -1.901584
	x405 = -1.678867
	x406 = 2.042090
	x407 = -0.404846
	x408 = 1.887079
	x409 = -2.398073
	x410 = -2.645131
	x411 = 0.052027
	x412 = -0.956695
	x413 = -1.771687
	x414 = 2.222728
	x415 = -3.019068
	x416 = -0.540858
	x417 = 2.673912
	x418 = -1.876262
	x419 = 1.074198
	x420 = 0.074617
	x421 = -2.078276
	x422 = -1.517054
	x423 = -0.746729
	x424 = -0.281158
	x425 = -0.967383
	x426 = -1.556227
	x427 = -1.577974
	x428 = -1.941206
	x429 = -2.060859
	x430 = -1.241643
	x431 = 1.726682
	x432 = -1.168972
	x433 = -1.348207
	x434 = 0.499356
	x435 = 2.156744
	x436 = -3.736670
	x437 = -3.124229
	x438 = -1.540899
	x439 = -1.405026
	x440 = -0.284995
	x441 = 0.019529
	x442 = -0.553417
	x443 = 5.124282
	x444 = -0.526160
	x445 = -1.036352
	x446 = -1.027088
	x447 = -0.998231
	x448 = 0.068159
	x449 = -1.454068
	x450 = 1.001887
	x451 = -0.487562
	x452 = 2.780593
	x453 = 0.679856
	x454 = 2.673134
	x455 = -1.842394
	x456 = -2.071392
	x457 = 0.031374
	x458 = -5.013369
	x459 = -0.371611
	x460 = 0.461031
	x461 = 0.721375
	x462 = -1.548712
	x463 = -1.181299
	x464 = 1.391212
	x465 = 1.379167
	x466 = 0.107412
	x467 = -3.042490
	x468 = -0.851151
	x469 = 0.233499
	x470 = 0.112553
	x471 = 0.990571
	x472 = 1.429092
	x473 = -0.568332
	x474 = -0.394273
	x475 = -1.323426
	x476 = 0.180231
	x477 = -1.827935
	x478 = -0.200951
	x479 = 2.788610
	x480 = 1.300900
	x481 = 1.403083
	x482 = -1.763816
	x483 = -0.370813
	x484 = -0.712130
	x485 = -1.271684
	x486 = -0.812273
	x487 = 1.213363
	x488 = 0.014000
	x489 = 0.336889
	x490 = -0.596634
	x491 = 2.240457
	x492 = 1.821528
	x493 = -3.224743
	x494 = 0.042394
	x495 = -0.839564
	x496 = -0.798029
	x497 = -0.147162
	x498 = -2.429441
	x499 = -1.553390
	x500 = -0.667727
	x501 = -0.614206
	x502 = -1.152618
	x503 = -2.171881
	x504 = -1.266687
	x505 = 1.273595
	x506 = 1.528642
	x507 = -1.204756
	x508 = -0.907178
	x509 = -1.510622
	x510 = 1.482592
	x511 = 0.325578

Output:
	y0 = -6.781438
	y1 = 6.929682
	y2 = -5.907845
	y3 = -8.737659
	y4 = 7.158718
	y5 = -8.516562
	y6 = -5.497925
	y7 = 9.946629
	y8 = -9.370973
	y9 = -7.210232
	y10 = 8.864657
	y11 = -9.449531
	y12 = -6.501439
	y13 = 7.337662
	y14 = -9.364970
	y15 = -8.234541
	y16 = 9.727090
	y17 = -10.131545
	y18 = -7.025239
	y19 = 10.637288
	y20 = -9.587640
	y21 = -9.296947
	y22 = 4.637932
	y23 = -10.853973
	y24 = -7.921123
	y25 = 4.649392
	y26 = -7.749674
	y27 = -9.717439
	y28 = 6.975749
	y29 = -7.406780
	y30 = -7.741638
	y31 = 12.333716
	y32 = -7.605378
	y33 = -3.254277
	y34 = 9.371830
	y35 = -4.959859
	y36 = -6.949279
	y37 = 23.839717
	y38 = -6.313104
	y39 = -7.104254
	y40 = 20.199325
	y41 = -7.675123
	y42 = -9.899608
	y43 = 9.651688
	y44 = -8.525374
	y45 = -8.493361
	y46 = 7.698458
	y47 = -6.498534
	y48 = -7.748300
	y49 = 7.064824
	y50 = -6.870469
	y51 = -6.631178
	y52 = 7.127859
	y53 = -5.086708
	y54 = -4.876098
	y55 = 8.098077
	y56 = -0.574037
	y57 = -4.007090
	y58 = -2.116602
	y59 = 2.406141
	y60 = 4.686132
	y61 = -5.169426
	y62 = -2.086399
	y63 = 0.162724
	y64 = 21.843037
	y65 = -1.788131
	y66 = -6.683087
	y67 = 9.469254
	y68 = -4.657011
	y69 = -7.128158
	y70 = 7.966843
	y71 = -6.727403
	y72 = -7.740161
	y73 = 6.091630
	y74 = -5.990109
	y75 = -5.153161
	y76 = 19.161650
	y77 = -4.169200
	y78 = -3.661930
	y79 = 21.757483
	y80 = -1.050422
	y81 = 6.800407
	y82 = -14.201502
	y83 = 11.686444
	y84 = 6.085463
	y85 = -14.602313
	y86 = 11.153682
	y87 = -0.928054
	y88 = 14.824454
	y89 = -0.486718
	y90 = -4.042492
	y91 = 7.136309
	y92 = -3.056065
	y93 = -7.908283
	y94 = 14.458149
	y95 = -7.385452
	y96 = -7.002923
	y97 = 5.166392
	y98 = -6.878408
	y99 = -3.143668
	y100 = 6.838840
	y101 = -2.548917
	y102 = 4.482408
	y103 = -7.082265
	y104 = -1.912239
	y105 = 11.386139
	y106 = -13.577430
	y107 = 7.127901
	y108 = 9.643759
	y109 = -16.738251
	y110 = 6.798708
	y111 = 4.137260
	y112 = -8.466817
	y113 = 0.605848
	y114 = 3.234099
	y115 = -11.205362
	y116 = -0.154779
	y117 = -3.500566
	y118 = 6.212229
	y119 = -5.651757
	y120 = -8.321422
	y121 = 10.761826
	y122 = -6.864526
	y123 = -7.592536
	y124 = 19.216785
	y125 = -6.788559
	y126 = -6.289806
	y127 = 20.427673
	y128 = -3.928966
	y129 = -0.982043
	y130 = -9.057743
	y131 = 5.051034
	y132 = 0.571282
	y133 = -9.029142
	y134 = 5.756177
	y135 = 0.599349
	y136 = -11.456868
	y137 = 5.566044
	y138 = -2.764663
	y139 = -14.164877
	y140 = 2.373207
	y141 = -4.311057
	y142 = 8.329331
	y143 = -2.350451
	y144 = -7.157856
	y145 = 6.299673
	y146 = -8.682297
	y147 = -7.630597
	y148 = 4.998409
	y149 = -10.451302
	y150 = -6.569376
	y151 = 7.700729
	y152 = -4.681599
	y153 = -2.692986
	y154 = 0.485715
	y155 = 0.485725
	y156 = -4.196231
	y157 = 6.111181
	y158 = -3.200281
	y159 = -0.105821
	y160 = -9.199325
	y161 = -3.660041
	y162 = -10.155946
	y163 = 8.320735
	y164 = -8.353907
	y165 = -7.817717
	y166 = 8.452426
	y167 = -7.127873
	y168 = -7.623772
	y169 = 5.218711
	y170 = -8.853903
	y171 = -6.963950
	y172 = 4.713358
	y173 = -6.194754
	y174 = -4.324675
	y175 = 6.528836
	y176 = -2.762580
	y177 = -6.287383
	y178 = 7.386175
	y179 = -5.160732
	y180 = -8.146722
	y181 = 9.434637
	y182 = -9.119235
	y183 = -6.538978
	y184 = 8.712616
	y185 = -9.163474
	y186 = -10.921103
	y187 = 12.664572
	y188 = -12.257900
	y189 = -9.432410
	y190 = 7.332836
	y191 = -9.372124

