InputQuery: /home/levn/Workspace/othello_world/queries/probe_robust/group_6/game_62_target_32_eps_0.1.txt
Engine::processInputQuery: Input query (before preprocessing): 449 equations, 1216 variables
Engine::processInputQuery: Input query (after preprocessing): 705 equations, 1402 variables

Input bounds:
	x0: [ -2.1881,  -1.9881] 
	x1: [ -0.4639,  -0.2639] 
	x2: [  0.4119,   0.6119] 
	x3: [ -1.0941,  -0.8941] 
	x4: [ -0.4021,  -0.2021] 
	x5: [  1.1948,   1.3948] 
	x6: [ -0.8517,  -0.6517] 
	x7: [  1.4040,   1.6040] 
	x8: [  0.3550,   0.5550] 
	x9: [  0.0189,   0.2189] 
	x10: [  0.4626,   0.6626] 
	x11: [ -0.3804,  -0.1804] 
	x12: [ -1.2008,  -1.0008] 
	x13: [ -3.0384,  -2.8384] 
	x14: [  2.6434,   2.8434] 
	x15: [ -1.1441,  -0.9441] 
	x16: [  0.0232,   0.2232] 
	x17: [  1.8695,   2.0695] 
	x18: [  0.6437,   0.8437] 
	x19: [ -0.5361,  -0.3361] 
	x20: [ -0.9020,  -0.7020] 
	x21: [ -0.2942,  -0.0942] 
	x22: [ -0.2002,  -0.0002] 
	x23: [  0.6888,   0.8888] 
	x24: [ -0.4424,  -0.2424] 
	x25: [ -1.4330,  -1.2330] 
	x26: [ -1.0426,  -0.8426] 
	x27: [  0.5876,   0.7876] 
	x28: [ -1.8940,  -1.6940] 
	x29: [ -1.0900,  -0.8900] 
	x30: [  0.4131,   0.6131] 
	x31: [ -0.9014,  -0.7014] 
	x32: [ -3.0246,  -2.8246] 
	x33: [  1.9162,   2.1162] 
	x34: [ -0.0755,   0.1245] 
	x35: [ -0.2182,  -0.0182] 
	x36: [ -0.9154,  -0.7154] 
	x37: [ -0.3907,  -0.1907] 
	x38: [ -2.0156,  -1.8156] 
	x39: [  0.8789,   1.0789] 
	x40: [  1.7785,   1.9785] 
	x41: [ -0.6882,  -0.4882] 
	x42: [  1.0285,   1.2285] 
	x43: [  0.7854,   0.9854] 
	x44: [ -1.8970,  -1.6970] 
	x45: [ -1.1295,  -0.9295] 
	x46: [  2.3501,   2.5501] 
	x47: [  1.3931,   1.5931] 
	x48: [ -1.8666,  -1.6666] 
	x49: [ -2.1924,  -1.9924] 
	x50: [  1.0589,   1.2589] 
	x51: [ -1.0890,  -0.8890] 
	x52: [ -1.6410,  -1.4410] 
	x53: [ -2.1005,  -1.9005] 
	x54: [  1.5221,   1.7221] 
	x55: [  1.5692,   1.7692] 
	x56: [  0.3052,   0.5052] 
	x57: [ -0.8137,  -0.6137] 
	x58: [  2.1795,   2.3795] 
	x59: [  0.0746,   0.2746] 
	x60: [  0.7647,   0.9647] 
	x61: [  1.2758,   1.4758] 
	x62: [ -0.3000,  -0.1000] 
	x63: [ -0.3107,  -0.1107] 
	x64: [ -2.4122,  -2.2122] 
	x65: [ -0.6694,  -0.4694] 
	x66: [ -0.5244,  -0.3244] 
	x67: [ -2.8549,  -2.6549] 
	x68: [ -0.7637,  -0.5637] 
	x69: [  0.3565,   0.5565] 
	x70: [  0.0983,   0.2983] 
	x71: [  1.1693,   1.3693] 
	x72: [ -1.9779,  -1.7779] 
	x73: [ -2.9689,  -2.7689] 
	x74: [  0.7176,   0.9176] 
	x75: [ -0.3317,  -0.1317] 
	x76: [ -1.9722,  -1.7722] 
	x77: [  0.1707,   0.3707] 
	x78: [ -0.5966,  -0.3966] 
	x79: [ -1.3142,  -1.1142] 
	x80: [ -0.9332,  -0.7332] 
	x81: [ -2.2884,  -2.0884] 
	x82: [  1.5330,   1.7330] 
	x83: [ -1.7665,  -1.5665] 
	x84: [ -1.5141,  -1.3141] 
	x85: [ -0.5652,  -0.3652] 
	x86: [  0.5044,   0.7044] 
	x87: [ -1.1724,  -0.9724] 
	x88: [ -1.1870,  -0.9870] 
	x89: [  0.3099,   0.5099] 
	x90: [  0.4192,   0.6192] 
	x91: [ -2.1500,  -1.9500] 
	x92: [ -0.7617,  -0.5617] 
	x93: [  2.9490,   3.1490] 
	x94: [ -0.4729,  -0.2729] 
	x95: [  0.7210,   0.9210] 
	x96: [  0.2051,   0.4051] 
	x97: [  2.1463,   2.3463] 
	x98: [  0.6998,   0.8998] 
	x99: [ -0.1114,   0.0886] 
	x100: [  0.0978,   0.2978] 
	x101: [  1.8429,   2.0429] 
	x102: [ -0.2977,  -0.0977] 
	x103: [ -2.0594,  -1.8594] 
	x104: [  0.2549,   0.4549] 
	x105: [ -0.6681,  -0.4681] 
	x106: [  0.7647,   0.9647] 
	x107: [  1.9279,   2.1279] 
	x108: [  0.6737,   0.8737] 
	x109: [ -1.3680,  -1.1680] 
	x110: [ -1.2535,  -1.0535] 
	x111: [  1.1309,   1.3309] 
	x112: [ -1.3870,  -1.1870] 
	x113: [ -0.9419,  -0.7419] 
	x114: [ -1.1447,  -0.9447] 
	x115: [ -0.7026,  -0.5026] 
	x116: [  1.2873,   1.4873] 
	x117: [  1.9643,   2.1643] 
	x118: [ -1.2853,  -1.0853] 
	x119: [ -0.0001,   0.1999] 
	x120: [ -0.0826,   0.1174] 
	x121: [  1.3499,   1.5499] 
	x122: [  1.9753,   2.1753] 
	x123: [ -0.9081,  -0.7081] 
	x124: [ -1.3052,  -1.1052] 
	x125: [  0.6602,   0.8602] 
	x126: [  1.6205,   1.8205] 
	x127: [  0.9644,   1.1644] 
	x128: [ -2.6401,  -2.4401] 
	x129: [  3.0410,   3.2410] 
	x130: [ -0.4616,  -0.2616] 
	x131: [  0.4737,   0.6737] 
	x132: [ -0.7244,  -0.5244] 
	x133: [ -0.0949,   0.1051] 
	x134: [  0.6653,   0.8653] 
	x135: [  0.6164,   0.8164] 
	x136: [ -2.6198,  -2.4198] 
	x137: [ -0.0429,   0.1571] 
	x138: [ -2.8012,  -2.6012] 
	x139: [ -1.0979,  -0.8979] 
	x140: [  2.5052,   2.7052] 
	x141: [ -0.4955,  -0.2955] 
	x142: [ -1.6667,  -1.4667] 
	x143: [  1.0720,   1.2720] 
	x144: [  0.1370,   0.3370] 
	x145: [  2.7241,   2.9241] 
	x146: [ -2.0317,  -1.8317] 
	x147: [ -0.4067,  -0.2067] 
	x148: [ -0.6671,  -0.4671] 
	x149: [ -1.9058,  -1.7058] 
	x150: [  1.2538,   1.4538] 
	x151: [  0.8931,   1.0931] 
	x152: [ -0.1292,   0.0708] 
	x153: [ -0.5166,  -0.3166] 
	x154: [ -1.9153,  -1.7153] 
	x155: [ -2.3896,  -2.1896] 
	x156: [ -2.8161,  -2.6161] 
	x157: [ -0.4889,  -0.2889] 
	x158: [  1.4270,   1.6270] 
	x159: [ -0.1009,   0.0991] 
	x160: [ -1.8703,  -1.6703] 
	x161: [ -0.7210,  -0.5210] 
	x162: [ -1.8714,  -1.6714] 
	x163: [ -1.9252,  -1.7252] 
	x164: [ -0.3512,  -0.1512] 
	x165: [ -1.0093,  -0.8093] 
	x166: [ -1.9891,  -1.7891] 
	x167: [  3.4485,   3.6485] 
	x168: [  1.0201,   1.2201] 
	x169: [ -0.2042,  -0.0042] 
	x170: [  0.0978,   0.2978] 
	x171: [  0.3792,   0.5792] 
	x172: [  0.7614,   0.9614] 
	x173: [ -0.8678,  -0.6678] 
	x174: [ -3.0674,  -2.8674] 
	x175: [ -1.8821,  -1.6821] 
	x176: [  1.0817,   1.2817] 
	x177: [ -0.6362,  -0.4362] 
	x178: [ -1.4914,  -1.2914] 
	x179: [ -2.3722,  -2.1722] 
	x180: [ -0.8830,  -0.6830] 
	x181: [ -0.0357,   0.1643] 
	x182: [ -3.1436,  -2.9436] 
	x183: [ -0.1630,   0.0370] 
	x184: [ -0.2023,  -0.0023] 
	x185: [ -1.3142,  -1.1142] 
	x186: [ -1.3206,  -1.1206] 
	x187: [  1.4047,   1.6047] 
	x188: [  1.0875,   1.2875] 
	x189: [ -0.7879,  -0.5879] 
	x190: [  0.9371,   1.1371] 
	x191: [  0.5255,   0.7255] 
	x192: [  2.1818,   2.3818] 
	x193: [ -0.4322,  -0.2322] 
	x194: [ -2.2756,  -2.0756] 
	x195: [  1.2506,   1.4506] 
	x196: [ -2.1183,  -1.9183] 
	x197: [ -2.4875,  -2.2875] 
	x198: [ -0.8754,  -0.6754] 
	x199: [  0.8966,   1.0966] 
	x200: [ -0.6236,  -0.4236] 
	x201: [  0.5232,   0.7232] 
	x202: [ -0.5953,  -0.3953] 
	x203: [ -0.7488,  -0.5488] 
	x204: [ -0.0315,   0.1685] 
	x205: [  2.0261,   2.2261] 
	x206: [ -1.4293,  -1.2293] 
	x207: [ -1.7563,  -1.5563] 
	x208: [  0.1920,   0.3920] 
	x209: [ -0.4528,  -0.2528] 
	x210: [  1.8589,   2.0589] 
	x211: [ -0.9876,  -0.7876] 
	x212: [ -0.5744,  -0.3744] 
	x213: [ -1.3422,  -1.1422] 
	x214: [ -3.8538,  -3.6538] 
	x215: [  0.2476,   0.4476] 
	x216: [  0.0654,   0.2654] 
	x217: [ -1.5737,  -1.3737] 
	x218: [ -1.9345,  -1.7345] 
	x219: [  0.9633,   1.1633] 
	x220: [ -2.3773,  -2.1773] 
	x221: [  0.7207,   0.9207] 
	x222: [  0.3099,   0.5099] 
	x223: [  1.8109,   2.0109] 
	x224: [ -0.4268,  -0.2268] 
	x225: [  0.7692,   0.9692] 
	x226: [ -2.8309,  -2.6309] 
	x227: [ -0.3530,  -0.1530] 
	x228: [  0.1247,   0.3247] 
	x229: [  0.4220,   0.6220] 
	x230: [ -1.4047,  -1.2047] 
	x231: [ -1.8685,  -1.6685] 
	x232: [ -0.5472,  -0.3472] 
	x233: [  0.2162,   0.4162] 
	x234: [ -1.6373,  -1.4373] 
	x235: [  1.4319,   1.6319] 
	x236: [  1.4340,   1.6340] 
	x237: [ -0.1874,   0.0126] 
	x238: [ -0.8787,  -0.6787] 
	x239: [  5.8675,   6.0675] 
	x240: [ -1.3736,  -1.1736] 
	x241: [ -0.9096,  -0.7096] 
	x242: [  2.8793,   3.0793] 
	x243: [  2.5248,   2.7248] 
	x244: [  1.9809,   2.1809] 
	x245: [  0.6814,   0.8814] 
	x246: [  0.4905,   0.6905] 
	x247: [ -3.1825,  -2.9825] 
	x248: [ -0.0147,   0.1853] 
	x249: [ -0.0864,   0.1136] 
	x250: [ -0.4593,  -0.2593] 
	x251: [ -1.8765,  -1.6765] 
	x252: [ -1.1372,  -0.9372] 
	x253: [  2.2040,   2.4040] 
	x254: [ -3.8361,  -3.6361] 
	x255: [  0.5377,   0.7377] 
	x256: [ -0.5468,  -0.3468] 
	x257: [  0.9973,   1.1973] 
	x258: [ -1.7290,  -1.5290] 
	x259: [  0.2860,   0.4860] 
	x260: [  0.2369,   0.4369] 
	x261: [ -2.0083,  -1.8083] 
	x262: [  0.0746,   0.2746] 
	x263: [ -0.8837,  -0.6837] 
	x264: [  1.8598,   2.0598] 
	x265: [ -0.1283,   0.0717] 
	x266: [ -1.5263,  -1.3263] 
	x267: [  1.4034,   1.6034] 
	x268: [ -1.8423,  -1.6423] 
	x269: [ -1.2432,  -1.0432] 
	x270: [ -1.6387,  -1.4387] 
	x271: [ -1.7158,  -1.5158] 
	x272: [ -0.9341,  -0.7341] 
	x273: [  1.1522,   1.3522] 
	x274: [  1.1412,   1.3412] 
	x275: [ -3.5148,  -3.3148] 
	x276: [ -0.2995,  -0.0995] 
	x277: [ -0.9075,  -0.7075] 
	x278: [ -1.3071,  -1.1071] 
	x279: [  0.9226,   1.1226] 
	x280: [  0.4970,   0.6970] 
	x281: [  1.3966,   1.5966] 
	x282: [  2.0726,   2.2726] 
	x283: [  0.8140,   1.0140] 
	x284: [ -1.4748,  -1.2748] 
	x285: [ -0.6029,  -0.4029] 
	x286: [  1.2301,   1.4301] 
	x287: [ -1.2446,  -1.0446] 
	x288: [ -0.3402,  -0.1402] 
	x289: [ -0.0261,   0.1739] 
	x290: [ -0.7709,  -0.5709] 
	x291: [  0.0800,   0.2800] 
	x292: [ -1.4527,  -1.2527] 
	x293: [ -1.2962,  -1.0962] 
	x294: [  2.8976,   3.0976] 
	x295: [ -2.2018,  -2.0018] 
	x296: [ -1.2489,  -1.0489] 
	x297: [  0.1038,   0.3038] 
	x298: [ -6.6734,  -6.4734] 
	x299: [  1.7599,   1.9599] 
	x300: [ -0.4810,  -0.2810] 
	x301: [  0.4804,   0.6804] 
	x302: [ -0.0600,   0.1400] 
	x303: [  0.1675,   0.3675] 
	x304: [ -0.2959,  -0.0959] 
	x305: [  1.9545,   2.1545] 
	x306: [  1.9185,   2.1185] 
	x307: [  0.7890,   0.9890] 
	x308: [ -0.9808,  -0.7808] 
	x309: [ -0.3328,  -0.1328] 
	x310: [ -1.7126,  -1.5126] 
	x311: [ -1.4151,  -1.2151] 
	x312: [  0.3124,   0.5124] 
	x313: [ -1.2290,  -1.0290] 
	x314: [ -1.3694,  -1.1694] 
	x315: [  0.9314,   1.1314] 
	x316: [ -3.6101,  -3.4101] 
	x317: [ -0.4653,  -0.2653] 
	x318: [  0.5114,   0.7114] 
	x319: [  3.6036,   3.8036] 
	x320: [  1.5949,   1.7949] 
	x321: [ -0.3694,  -0.1694] 
	x322: [ -2.0253,  -1.8253] 
	x323: [  0.7363,   0.9363] 
	x324: [  1.7855,   1.9855] 
	x325: [ -0.7783,  -0.5783] 
	x326: [  0.9649,   1.1649] 
	x327: [  1.9206,   2.1206] 
	x328: [  0.9692,   1.1692] 
	x329: [  1.7268,   1.9268] 
	x330: [  0.6101,   0.8101] 
	x331: [ -0.0064,   0.1936] 
	x332: [  2.3710,   2.5710] 
	x333: [  0.0958,   0.2958] 
	x334: [ -0.2031,  -0.0031] 
	x335: [ -0.0681,   0.1319] 
	x336: [ -1.9815,  -1.7815] 
	x337: [  2.0390,   2.2390] 
	x338: [ -1.0433,  -0.8433] 
	x339: [ -0.0237,   0.1763] 
	x340: [ -0.9549,  -0.7549] 
	x341: [  1.3956,   1.5956] 
	x342: [  0.2689,   0.4689] 
	x343: [ -1.2907,  -1.0907] 
	x344: [  2.3137,   2.5137] 
	x345: [ -3.3842,  -3.1842] 
	x346: [  1.1435,   1.3435] 
	x347: [ -0.4092,  -0.2092] 
	x348: [ -0.3358,  -0.1358] 
	x349: [  0.2784,   0.4784] 
	x350: [  0.0729,   0.2729] 
	x351: [ -0.3088,  -0.1088] 
	x352: [ -0.9452,  -0.7452] 
	x353: [ -1.6238,  -1.4238] 
	x354: [ -0.7164,  -0.5164] 
	x355: [ -0.3920,  -0.1920] 
	x356: [  0.8801,   1.0801] 
	x357: [  0.9782,   1.1782] 
	x358: [ -1.2525,  -1.0525] 
	x359: [ -3.8058,  -3.6058] 
	x360: [ -0.4019,  -0.2019] 
	x361: [  1.5634,   1.7634] 
	x362: [ -0.8279,  -0.6279] 
	x363: [ -0.8549,  -0.6549] 
	x364: [  0.5285,   0.7285] 
	x365: [  2.1193,   2.3193] 
	x366: [  1.8334,   2.0334] 
	x367: [ -1.0245,  -0.8245] 
	x368: [ -2.0333,  -1.8333] 
	x369: [ -1.9492,  -1.7492] 
	x370: [ -0.5879,  -0.3879] 
	x371: [ -2.3059,  -2.1059] 
	x372: [ -1.7572,  -1.5572] 
	x373: [ -1.5783,  -1.3783] 
	x374: [  0.3965,   0.5965] 
	x375: [ -2.6403,  -2.4403] 
	x376: [  1.1269,   1.3269] 
	x377: [  2.2580,   2.4580] 
	x378: [  1.1666,   1.3666] 
	x379: [  1.2882,   1.4882] 
	x380: [  2.0287,   2.2287] 
	x381: [ -0.0139,   0.1861] 
	x382: [  0.6233,   0.8233] 
	x383: [  0.5268,   0.7268] 
	x384: [  0.0717,   0.2717] 
	x385: [ -0.4166,  -0.2166] 
	x386: [  0.5520,   0.7520] 
	x387: [ -2.1885,  -1.9885] 
	x388: [ -1.5463,  -1.3463] 
	x389: [ -3.4568,  -3.2568] 
	x390: [ -1.7971,  -1.5971] 
	x391: [  0.9667,   1.1667] 
	x392: [ -0.3331,  -0.1331] 
	x393: [  0.3075,   0.5075] 
	x394: [  1.0616,   1.2616] 
	x395: [  2.0649,   2.2649] 
	x396: [ -0.4405,  -0.2405] 
	x397: [ -1.5781,  -1.3781] 
	x398: [ -0.7301,  -0.5301] 
	x399: [ -0.2010,  -0.0010] 
	x400: [  0.6218,   0.8218] 
	x401: [ -3.8917,  -3.6917] 
	x402: [  1.2488,   1.4488] 
	x403: [ -0.5686,  -0.3686] 
	x404: [  0.5653,   0.7653] 
	x405: [  1.3717,   1.5717] 
	x406: [  1.2162,   1.4162] 
	x407: [ -0.8046,  -0.6046] 
	x408: [  0.1322,   0.3322] 
	x409: [ -1.2804,  -1.0804] 
	x410: [  2.0368,   2.2368] 
	x411: [ -0.5486,  -0.3486] 
	x412: [ -0.5544,  -0.3544] 
	x413: [  0.0282,   0.2282] 
	x414: [ -1.8033,  -1.6033] 
	x415: [  1.5093,   1.7093] 
	x416: [ -0.7487,  -0.5487] 
	x417: [ -2.5776,  -2.3776] 
	x418: [  1.3212,   1.5212] 
	x419: [ -2.0580,  -1.8580] 
	x420: [ -0.5333,  -0.3333] 
	x421: [ -0.3995,  -0.1995] 
	x422: [ -3.1572,  -2.9572] 
	x423: [  1.2751,   1.4751] 
	x424: [  1.4061,   1.6061] 
	x425: [  0.8152,   1.0152] 
	x426: [  1.3793,   1.5793] 
	x427: [ -0.4122,  -0.2122] 
	x428: [ -1.7652,  -1.5652] 
	x429: [ -1.3100,  -1.1100] 
	x430: [ -1.3046,  -1.1046] 
	x431: [  1.2548,   1.4548] 
	x432: [ -1.2584,  -1.0584] 
	x433: [  0.7830,   0.9830] 
	x434: [ -2.2446,  -2.0446] 
	x435: [ -1.9485,  -1.7485] 
	x436: [ -0.4545,  -0.2545] 
	x437: [ -0.6899,  -0.4899] 
	x438: [  1.0360,   1.2360] 
	x439: [  0.2109,   0.4109] 
	x440: [ -1.1013,  -0.9013] 
	x441: [ -2.7636,  -2.5636] 
	x442: [  0.4405,   0.6405] 
	x443: [ -2.1481,  -1.9481] 
	x444: [  0.1436,   0.3436] 
	x445: [ -0.4529,  -0.2529] 
	x446: [ -1.3076,  -1.1076] 
	x447: [ -0.4021,  -0.2021] 
	x448: [  2.2170,   2.4170] 
	x449: [ -0.9543,  -0.7543] 
	x450: [  0.1988,   0.3988] 
	x451: [  1.3841,   1.5841] 
	x452: [  1.7179,   1.9179] 
	x453: [  0.5636,   0.7636] 
	x454: [ -0.2743,  -0.0743] 
	x455: [ -2.8276,  -2.6276] 
	x456: [ -0.4541,  -0.2541] 
	x457: [  0.6711,   0.8711] 
	x458: [ -3.8130,  -3.6130] 
	x459: [ -1.8161,  -1.6161] 
	x460: [  1.8974,   2.0974] 
	x461: [  1.7209,   1.9209] 
	x462: [ -1.8426,  -1.6426] 
	x463: [ -1.9482,  -1.7482] 
	x464: [  0.7432,   0.9432] 
	x465: [  0.8099,   1.0099] 
	x466: [  1.1127,   1.3127] 
	x467: [ -3.8716,  -3.6716] 
	x468: [  0.5616,   0.7616] 
	x469: [  1.0310,   1.2310] 
	x470: [ -1.1626,  -0.9626] 
	x471: [ -0.2573,  -0.0573] 
	x472: [  2.3296,   2.5296] 
	x473: [ -0.5258,  -0.3258] 
	x474: [ -1.9681,  -1.7681] 
	x475: [  0.7718,   0.9718] 
	x476: [ -1.0895,  -0.8895] 
	x477: [ -1.4995,  -1.2995] 
	x478: [ -0.0989,   0.1011] 
	x479: [  4.2771,   4.4771] 
	x480: [ -1.4764,  -1.2764] 
	x481: [ -1.4161,  -1.2161] 
	x482: [  0.8877,   1.0877] 
	x483: [  0.7586,   0.9586] 
	x484: [ -0.3245,  -0.1245] 
	x485: [  1.3815,   1.5815] 
	x486: [ -2.6770,  -2.4770] 
	x487: [  0.8855,   1.0855] 
	x488: [ -0.5224,  -0.3224] 
	x489: [  0.6846,   0.8846] 
	x490: [ -0.3370,  -0.1370] 
	x491: [ -1.7270,  -1.5270] 
	x492: [  1.1516,   1.3516] 
	x493: [  2.3703,   2.5703] 
	x494: [  1.2726,   1.4726] 
	x495: [  0.3070,   0.5070] 
	x496: [  1.9583,   2.1583] 
	x497: [ -1.5152,  -1.3152] 
	x498: [  2.5865,   2.7865] 
	x499: [  1.7945,   1.9945] 
	x500: [ -0.4245,  -0.2245] 
	x501: [  1.2796,   1.4796] 
	x502: [  1.6633,   1.8633] 
	x503: [ -1.6494,  -1.4494] 
	x504: [  1.4143,   1.6143] 
	x505: [ -1.8949,  -1.6949] 
	x506: [  1.2644,   1.4644] 
	x507: [ -0.2658,  -0.0658] 
	x508: [  0.3944,   0.5944] 
	x509: [  0.0646,   0.2646] 
	x510: [ -0.7172,  -0.5172] 
	x511: [ -0.4910,  -0.2910] 

Branching heuristics set to PseudoImpact

Engine::solve: Initial statistics

00:17:39 Statistics update:
	--- Time Statistics ---
	Total time elapsed: 457 milli (00:00:00)
		Main loop: 0 milli (00:00:00)
		Preprocessing time: 179 milli (00:00:00)
		Unknown: 278 milli (00:00:00)
	Breakdown for main loop:
		[0.00%] Simplex steps: 0 milli
		[0.00%] Explicit-basis bound tightening: 0 milli
		[0.00%] Constraint-matrix bound tightening: 0 milli
		[0.00%] Degradation checking: 0 milli
		[0.00%] Precision restoration: 0 milli
		[0.00%] Statistics handling: 0 milli
		[0.00%] Constraint-fixing steps: 0 milli
		[0.00%] Valid case splits: 0 milli. Average per split: 0.00 milli
		[0.00%] Applying stored bound-tightening: 0 milli
		[0.00%] SMT core: 0 milli
		[0.00%] Symbolic Bound Tightening: 12 milli
		[0.00%] SoI-based local search: 0 milli
		[0.00%] SoI-based local search: 0 milli
		[0.00%] Unaccounted for: 0 milli
	--- Preprocessor Statistics ---
	Number of preprocessor bound-tightening loop iterations: 3
	Number of eliminated variables: 71
	Number of constraints removed due to variable elimination: 71
	Number of equations removed due to variable elimination: 0
	--- Engine Statistics ---
	Number of main loop iterations: 1
		0 iterations were simplex steps. Total time: 0 milli. Average: 0.00 milli.
		0 iterations were constraint-fixing steps. Total time: 0 milli. Average: 0.00 milli
	Number of active piecewise-linear constraints: 185 / 185
		Constraints disabled by valid splits: 0. By SMT-originated splits: 0
	Last reported degradation: 0.0000000000. Max degradation so far: 0.0000000000. Restorations so far: 0
	Number of simplex pivots we attempted to skip because of instability: 0.
	Unstable pivots performed anyway: 0
	--- Tableau Statistics ---
	Total number of pivots performed: 0
		Real pivots: 0. Degenerate: 0 (0.00%)
		Degenerate pivots by request (e.g., to fix a PL constraint): 0 (0.00%)
		Average time per pivot: 0.00 milli
	Total number of fake pivots performed: 0
	Total number of rows added: 0. Number of merged columns: 0
	Current tableau dimensions: M = 705, N = 2107
	--- SMT Core Statistics ---
	Total depth is 0. Total visited states: 1. Number of splits: 0. Number of pops: 0
	Max stack depth: 0
	--- Bound Tightening Statistics ---
	Number of tightened bounds: 0.
		Number of rows examined by row tightener: 0. Consequent tightenings: 0
		Number of explicit basis matrices examined by row tightener: 0. Consequent tightenings: 0
		Number of bound tightening rounds on the entire constraint matrix: 0. Consequent tightenings: 0
		Number of bound notifications sent to PL constraints: 1110. Tightenings proposed: 0
	--- Basis Factorization statistics ---
	Number of basis refactorizations: 2
	--- Projected Steepest Edge Statistics ---
	Number of iterations: 0.
	Number of resets to reference space: 1. Avg. iterations per reset: 0
	--- SBT ---
	Number of tightened bounds: 385
	--- SoI-based local search ---
	Number of proposed phase pattern update: 0. Number of accepted update: 0 [0.00%]
	Total time (% of local search time) updating SoI phase pattern : 0 milli [0.00%]
	Total time obtaining current assignment: 0 milli [0.00%]
	Total time getting SoI phase pattern : 0 milli [0.00%]
	--- Context dependent statistics ---
	Number of pushes / pops: 0 / 0
		[0.00%] Pre-Push hook: 0 milli
		[0.00%] Push : 0 milli
		[0.00%] Post-Pop hook: 0 milli
		[0.00%] Pop : 0 milli
		[0.00%] Total context-switching time: 0 milli
	--- Proof Certificate ---
	Number of certified leaves: 0
	Number of leaves to delegate: 0

---

Engine::solve: sat assignment found

00:17:41 Statistics update:
	--- Time Statistics ---
	Total time elapsed: 2589 milli (00:00:02)
		Main loop: 2132 milli (00:00:02)
		Preprocessing time: 179 milli (00:00:00)
		Unknown: 278 milli (00:00:00)
	Breakdown for main loop:
		[41.61%] Simplex steps: 887 milli
		[57.02%] Explicit-basis bound tightening: 1215 milli
		[0.00%] Constraint-matrix bound tightening: 0 milli
		[0.73%] Degradation checking: 15 milli
		[0.00%] Precision restoration: 0 milli
		[0.04%] Statistics handling: 0 milli
		[0.00%] Constraint-fixing steps: 0 milli
		[0.00%] Valid case splits: 0 milli. Average per split: 0.00 milli
		[0.00%] Applying stored bound-tightening: 0 milli
		[0.00%] SMT core: 0 milli
		[0.97%] Symbolic Bound Tightening: 20 milli
		[16.44%] SoI-based local search: 350 milli
		[0.00%] SoI-based local search: 0 milli
		[865125583709203.88%] Unaccounted for: 0 milli
	--- Preprocessor Statistics ---
	Number of preprocessor bound-tightening loop iterations: 3
	Number of eliminated variables: 71
	Number of constraints removed due to variable elimination: 71
	Number of equations removed due to variable elimination: 0
	--- Engine Statistics ---
	Number of main loop iterations: 747
		745 iterations were simplex steps. Total time: 887 milli. Average: 1.19 milli.
		0 iterations were constraint-fixing steps. Total time: 0 milli. Average: 0.00 milli
	Number of active piecewise-linear constraints: 185 / 185
		Constraints disabled by valid splits: 0. By SMT-originated splits: 0
	Last reported degradation: 0.0000000000. Max degradation so far: 0.0000000000. Restorations so far: 0
	Number of simplex pivots we attempted to skip because of instability: 0.
	Unstable pivots performed anyway: 0
	--- Tableau Statistics ---
	Total number of pivots performed: 731
		Real pivots: 731. Degenerate: 0 (0.00%)
		Degenerate pivots by request (e.g., to fix a PL constraint): 0 (0.00%)
		Average time per pivot: 0.16 milli
	Total number of fake pivots performed: 10
	Total number of rows added: 0. Number of merged columns: 0
	Current tableau dimensions: M = 705, N = 2107
	--- SMT Core Statistics ---
	Total depth is 0. Total visited states: 1. Number of splits: 0. Number of pops: 0
	Max stack depth: 0
	--- Bound Tightening Statistics ---
	Number of tightened bounds: 0.
		Number of rows examined by row tightener: 731. Consequent tightenings: 0
		Number of explicit basis matrices examined by row tightener: 5. Consequent tightenings: 249
		Number of bound tightening rounds on the entire constraint matrix: 0. Consequent tightenings: 0
		Number of bound notifications sent to PL constraints: 2220. Tightenings proposed: 0
	--- Basis Factorization statistics ---
	Number of basis refactorizations: 8
	--- Projected Steepest Edge Statistics ---
	Number of iterations: 741.
	Number of resets to reference space: 1. Avg. iterations per reset: 741
	--- SBT ---
	Number of tightened bounds: 385
	--- SoI-based local search ---
	Number of proposed phase pattern update: 1. Number of accepted update: 2 [200.00%]
	Total time (% of local search time) updating SoI phase pattern : 383 milli [0.11%]
	Total time obtaining current assignment: 352 milli [0.10%]
	Total time getting SoI phase pattern : 132 milli [0.01%]
	--- Context dependent statistics ---
	Number of pushes / pops: 0 / 0
		[0.00%] Pre-Push hook: 0 milli
		[0.00%] Push : 0 milli
		[0.00%] Post-Pop hook: 0 milli
		[0.00%] Pop : 0 milli
		[0.00%] Total context-switching time: 0 milli
	--- Proof Certificate ---
	Number of certified leaves: 0
	Number of leaves to delegate: 0
sat
Input assignment:
	x0 = -2.188144
	x1 = -0.263865
	x2 = 0.411873
	x3 = -0.894089
	x4 = -0.402096
	x5 = 1.194835
	x6 = -0.851670
	x7 = 1.604049
	x8 = 0.555025
	x9 = 0.018851
	x10 = 0.462559
	x11 = -0.180383
	x12 = -1.200815
	x13 = -2.838448
	x14 = 2.843448
	x15 = -1.144079
	x16 = 0.223229
	x17 = 2.069535
	x18 = 0.843671
	x19 = -0.336133
	x20 = -0.702000
	x21 = -0.094165
	x22 = -0.000180
	x23 = 0.888826
	x24 = -0.352959
	x25 = -1.232958
	x26 = -1.042642
	x27 = 0.587578
	x28 = -1.693950
	x29 = -1.090031
	x30 = 0.413106
	x31 = -0.901399
	x32 = -2.824563
	x33 = 2.116188
	x34 = 0.124481
	x35 = -0.018206
	x36 = -0.915352
	x37 = -0.190716
	x38 = -2.015637
	x39 = 1.078878
	x40 = 1.978480
	x41 = -0.688232
	x42 = 1.228542
	x43 = 0.985430
	x44 = -1.696966
	x45 = -1.129547
	x46 = 2.550115
	x47 = 1.593052
	x48 = -1.666650
	x49 = -1.992406
	x50 = 1.058908
	x51 = -0.889034
	x52 = -1.641035
	x53 = -2.100518
	x54 = 1.722131
	x55 = 1.769192
	x56 = 0.505247
	x57 = -0.813679
	x58 = 2.379482
	x59 = 0.274624
	x60 = 0.764697
	x61 = 1.475826
	x62 = -0.099991
	x63 = -0.310718
	x64 = -2.412199
	x65 = -0.469410
	x66 = -0.524364
	x67 = -2.854906
	x68 = -0.563669
	x69 = 0.556489
	x70 = 0.298274
	x71 = 1.369302
	x72 = -1.848990
	x73 = -2.968889
	x74 = 0.917590
	x75 = -0.331671
	x76 = -1.772204
	x77 = 0.170674
	x78 = -0.596647
	x79 = -1.314235
	x80 = -0.733221
	x81 = -2.088424
	x82 = 1.532955
	x83 = -1.566486
	x84 = -1.514070
	x85 = -0.565169
	x86 = 0.704363
	x87 = -0.972415
	x88 = -1.186959
	x89 = 0.509929
	x90 = 0.419163
	x91 = -2.149965
	x92 = -0.761711
	x93 = 3.148953
	x94 = -0.472931
	x95 = 0.720982
	x96 = 0.405079
	x97 = 2.146254
	x98 = 0.699847
	x99 = -0.111371
	x100 = 0.297760
	x101 = 1.842874
	x102 = -0.097678
	x103 = -2.059424
	x104 = 0.454892
	x105 = -0.468112
	x106 = 0.764699
	x107 = 2.127894
	x108 = 0.673657
	x109 = -1.367978
	x110 = -1.053466
	x111 = 1.330870
	x112 = -1.187047
	x113 = -0.741865
	x114 = -0.944695
	x115 = -0.702585
	x116 = 1.287289
	x117 = 1.964258
	x118 = -1.285264
	x119 = -0.000070
	x120 = -0.082612
	x121 = 1.349874
	x122 = 2.175310
	x123 = -0.908140
	x124 = -1.105194
	x125 = 0.860180
	x126 = 1.820488
	x127 = 0.964378
	x128 = -2.440143
	x129 = 3.240991
	x130 = -0.461588
	x131 = 0.473702
	x132 = -0.724428
	x133 = 0.105092
	x134 = 0.865349
	x135 = 0.616365
	x136 = -2.419808
	x137 = -0.042889
	x138 = -2.801169
	x139 = -0.897890
	x140 = 2.505183
	x141 = -0.495470
	x142 = -1.466715
	x143 = 1.271959
	x144 = 0.136957
	x145 = 2.924067
	x146 = -1.831663
	x147 = -0.206737
	x148 = -0.467090
	x149 = -1.905798
	x150 = 1.253838
	x151 = 0.893076
	x152 = 0.070763
	x153 = -0.516648
	x154 = -1.715315
	x155 = -2.389592
	x156 = -2.616139
	x157 = -0.288868
	x158 = 1.626990
	x159 = 0.099071
	x160 = -1.670295
	x161 = -0.721012
	x162 = -1.671367
	x163 = -1.725233
	x164 = -0.351163
	x165 = -1.009295
	x166 = -1.789071
	x167 = 3.648473
	x168 = 1.220145
	x169 = -0.004220
	x170 = 0.097759
	x171 = 0.579174
	x172 = 0.961410
	x173 = -0.667764
	x174 = -2.867382
	x175 = -1.682078
	x176 = 1.081725
	x177 = -0.436211
	x178 = -1.491366
	x179 = -2.372156
	x180 = -0.683044
	x181 = 0.164297
	x182 = -2.943560
	x183 = 0.036974
	x184 = -0.002294
	x185 = -1.114229
	x186 = -1.120613
	x187 = 1.604748
	x188 = 1.287525
	x189 = -0.587852
	x190 = 0.937079
	x191 = 0.725504
	x192 = 2.181758
	x193 = -0.432169
	x194 = -2.075580
	x195 = 1.450639
	x196 = -1.918251
	x197 = -2.287454
	x198 = -0.875351
	x199 = 1.096575
	x200 = -0.623606
	x201 = 0.523190
	x202 = -0.395275
	x203 = -0.748778
	x204 = 0.168450
	x205 = 2.226058
	x206 = -1.229340
	x207 = -1.556273
	x208 = 0.391969
	x209 = -0.252769
	x210 = 2.058939
	x211 = -0.787620
	x212 = -0.574359
	x213 = -1.142187
	x214 = -3.653792
	x215 = 0.447627
	x216 = 0.265358
	x217 = -1.573697
	x218 = -1.934487
	x219 = 0.963287
	x220 = -2.177311
	x221 = 0.920696
	x222 = 0.509927
	x223 = 1.810926
	x224 = -0.426766
	x225 = 0.969190
	x226 = -2.630945
	x227 = -0.152960
	x228 = 0.324653
	x229 = 0.622050
	x230 = -1.404700
	x231 = -1.668531
	x232 = -0.547161
	x233 = 0.416184
	x234 = -1.437320
	x235 = 1.631910
	x236 = 1.634039
	x237 = -0.187395
	x238 = -0.878715
	x239 = 5.867514
	x240 = -1.373598
	x241 = -0.909558
	x242 = 3.079263
	x243 = 2.724840
	x244 = 2.180894
	x245 = 0.881364
	x246 = 0.690463
	x247 = -2.982486
	x248 = 0.185251
	x249 = 0.113583
	x250 = -0.259309
	x251 = -1.876451
	x252 = -1.137230
	x253 = 2.404012
	x254 = -3.836085
	x255 = 0.537725
	x256 = -0.546822
	x257 = 0.997341
	x258 = -1.728978
	x259 = 0.286022
	x260 = 0.236859
	x261 = -1.808309
	x262 = 0.074573
	x263 = -0.683696
	x264 = 1.859781
	x265 = 0.071729
	x266 = -1.526255
	x267 = 1.603423
	x268 = -1.842272
	x269 = -1.243200
	x270 = -1.438712
	x271 = -1.515835
	x272 = -0.934083
	x273 = 1.152231
	x274 = 1.141196
	x275 = -3.514752
	x276 = -0.099492
	x277 = -0.707475
	x278 = -1.107134
	x279 = 0.922637
	x280 = 0.696972
	x281 = 1.396643
	x282 = 2.272613
	x283 = 1.013991
	x284 = -1.274774
	x285 = -0.602950
	x286 = 1.230086
	x287 = -1.044628
	x288 = -0.140191
	x289 = -0.026145
	x290 = -0.770866
	x291 = 0.079954
	x292 = -1.452714
	x293 = -1.096193
	x294 = 3.097571
	x295 = -2.001800
	x296 = -1.048906
	x297 = 0.303759
	x298 = -6.473356
	x299 = 1.959871
	x300 = -0.281016
	x301 = 0.480424
	x302 = 0.139976
	x303 = 0.167530
	x304 = -0.095880
	x305 = 2.154531
	x306 = 1.918487
	x307 = 0.989015
	x308 = -0.780792
	x309 = -0.332846
	x310 = -1.512616
	x311 = -1.415144
	x312 = 0.512447
	x313 = -1.029023
	x314 = -1.369424
	x315 = 0.931420
	x316 = -3.410068
	x317 = -0.265308
	x318 = 0.711395
	x319 = 3.603592
	x320 = 1.594935
	x321 = -0.169362
	x322 = -1.825304
	x323 = 0.736266
	x324 = 1.785455
	x325 = -0.578346
	x326 = 1.164880
	x327 = 2.120595
	x328 = 1.169211
	x329 = 1.726798
	x330 = 0.810068
	x331 = 0.193631
	x332 = 2.570997
	x333 = 0.095757
	x334 = -0.203064
	x335 = -0.068074
	x336 = -1.781542
	x337 = 2.239024
	x338 = -0.843262
	x339 = -0.023655
	x340 = -0.754855
	x341 = 1.395590
	x342 = 0.268858
	x343 = -1.090698
	x344 = 2.313661
	x345 = -3.384182
	x346 = 1.143520
	x347 = -0.209185
	x348 = -0.135818
	x349 = 0.278432
	x350 = 0.187504
	x351 = -0.108806
	x352 = -0.745172
	x353 = -1.423776
	x354 = -0.716439
	x355 = -0.392003
	x356 = 1.080146
	x357 = 1.178161
	x358 = -1.052466
	x359 = -3.805818
	x360 = -0.401864
	x361 = 1.563448
	x362 = -0.627927
	x363 = -0.654858
	x364 = 0.728486
	x365 = 2.119309
	x366 = 2.033359
	x367 = -0.824488
	x368 = -1.833305
	x369 = -1.949198
	x370 = -0.387882
	x371 = -2.105866
	x372 = -1.757156
	x373 = -1.578261
	x374 = 0.596524
	x375 = -2.640346
	x376 = 1.326918
	x377 = 2.458015
	x378 = 1.366604
	x379 = 1.288203
	x380 = 2.228703
	x381 = 0.186066
	x382 = 0.623264
	x383 = 0.726829
	x384 = 0.271697
	x385 = -0.216555
	x386 = 0.752027
	x387 = -2.188549
	x388 = -1.346265
	x389 = -3.256810
	x390 = -1.597078
	x391 = 1.166656
	x392 = -0.133055
	x393 = 0.507479
	x394 = 1.261624
	x395 = 2.264918
	x396 = -0.240457
	x397 = -1.378148
	x398 = -0.730115
	x399 = -0.201027
	x400 = 0.821798
	x401 = -3.691704
	x402 = 1.448753
	x403 = -0.368577
	x404 = 0.565348
	x405 = 1.571727
	x406 = 1.216246
	x407 = -0.804650
	x408 = 0.132212
	x409 = -1.280422
	x410 = 2.036775
	x411 = -0.348582
	x412 = -0.354354
	x413 = 0.228164
	x414 = -1.603337
	x415 = 1.709253
	x416 = -0.548725
	x417 = -2.577583
	x418 = 1.321215
	x419 = -1.858039
	x420 = -0.333348
	x421 = -0.399485
	x422 = -2.957245
	x423 = 1.475099
	x424 = 1.406073
	x425 = 1.015153
	x426 = 1.379269
	x427 = -0.412153
	x428 = -1.765217
	x429 = -1.109997
	x430 = -1.304623
	x431 = 1.254846
	x432 = -1.058422
	x433 = 0.983024
	x434 = -2.044560
	x435 = -1.748496
	x436 = -0.254540
	x437 = -0.689866
	x438 = 1.235981
	x439 = 0.410877
	x440 = -1.101268
	x441 = -2.563568
	x442 = 0.440468
	x443 = -1.948077
	x444 = 0.143590
	x445 = -0.452852
	x446 = -1.107626
	x447 = -0.202128
	x448 = 2.417021
	x449 = -0.954324
	x450 = 0.198812
	x451 = 1.384123
	x452 = 1.917898
	x453 = 0.763554
	x454 = -0.074293
	x455 = -2.627556
	x456 = -0.454084
	x457 = 0.871137
	x458 = -3.813012
	x459 = -1.816102
	x460 = 1.897373
	x461 = 1.720924
	x462 = -1.842602
	x463 = -1.748152
	x464 = 0.743196
	x465 = 1.009899
	x466 = 1.112702
	x467 = -3.671581
	x468 = 0.761609
	x469 = 1.230995
	x470 = -0.962603
	x471 = -0.257292
	x472 = 2.529640
	x473 = -0.325756
	x474 = -1.768057
	x475 = 0.771827
	x476 = -0.889455
	x477 = -1.499481
	x478 = 0.101139
	x479 = 4.277122
	x480 = -1.476413
	x481 = -1.416082
	x482 = 1.087679
	x483 = 0.958627
	x484 = -0.324491
	x485 = 1.381504
	x486 = -2.677030
	x487 = 0.885463
	x488 = -0.522405
	x489 = 0.884642
	x490 = -0.336996
	x491 = -1.527010
	x492 = 1.151639
	x493 = 2.570340
	x494 = 1.272571
	x495 = 0.507032
	x496 = 2.158261
	x497 = -1.315156
	x498 = 2.586514
	x499 = 1.794534
	x500 = -0.224529
	x501 = 1.479554
	x502 = 1.663287
	x503 = -1.449389
	x504 = 1.414338
	x505 = -1.894887
	x506 = 1.464438
	x507 = -0.065758
	x508 = 0.594444
	x509 = 0.064581
	x510 = -0.517224
	x511 = -0.490967

Output:
	y0 = -3.567649
	y1 = 2.861273
	y2 = -5.410241
	y3 = -3.865854
	y4 = 4.601535
	y5 = -8.751117
	y6 = 3.382355
	y7 = -11.133850
	y8 = -2.668365
	y9 = -6.556026
	y10 = 17.337953
	y11 = -11.058535
	y12 = -4.189090
	y13 = 3.188440
	y14 = -4.249210
	y15 = -4.298749
	y16 = 3.679086
	y17 = -2.609267
	y18 = -5.350156
	y19 = 3.498846
	y20 = -3.881655
	y21 = -7.724160
	y22 = 5.601202
	y23 = -8.502137
	y24 = -7.031923
	y25 = 2.104723
	y26 = -5.559571
	y27 = -6.432627
	y28 = 9.708379
	y29 = -7.168936
	y30 = 1.137611
	y31 = -12.860315
	y32 = -2.744875
	y33 = 2.189123
	y34 = -7.052117
	y35 = 0.295969
	y36 = 0.758779
	y37 = -13.334951
	y38 = 2.990530
	y39 = -2.916980
	y40 = -8.237281
	y41 = 2.887980
	y42 = -12.345042
	y43 = 19.338454
	y44 = -11.031625
	y45 = -7.702385
	y46 = 6.906102
	y47 = -8.699875
	y48 = -4.399818
	y49 = -0.044942
	y50 = -3.597657
	y51 = -3.977385
	y52 = -0.510127
	y53 = -3.320594
	y54 = 2.483958
	y55 = -8.554365
	y56 = 0.254329
	y57 = 4.347678
	y58 = -9.682919
	y59 = -0.307283
	y60 = 4.189210
	y61 = -10.980420
	y62 = -3.081259
	y63 = 3.826864
	y64 = -5.478083
	y65 = 0.032155
	y66 = -4.353269
	y67 = 4.422645
	y68 = -5.880528
	y69 = -7.661320
	y70 = 8.573086
	y71 = -10.042945
	y72 = -4.248204
	y73 = 3.268380
	y74 = -2.814165
	y75 = -3.129436
	y76 = 7.781124
	y77 = -2.475233
	y78 = 0.054127
	y79 = -8.484287
	y80 = 5.005641
	y81 = 7.496216
	y82 = -11.456452
	y83 = 9.884018
	y84 = 7.770065
	y85 = -12.727051
	y86 = 4.881961
	y87 = -0.499381
	y88 = 11.820076
	y89 = -3.121580
	y90 = -5.979376
	y91 = 16.636165
	y92 = -6.864008
	y93 = -6.554941
	y94 = 10.130299
	y95 = -8.542437
	y96 = -3.883981
	y97 = -2.365012
	y98 = -2.365002
	y99 = -3.542066
	y100 = 2.889765
	y101 = -2.269254
	y102 = 0.007401
	y103 = 4.091301
	y104 = -0.854752
	y105 = 6.596132
	y106 = -10.846290
	y107 = 9.687758
	y108 = 7.114467
	y109 = -12.559918
	y110 = 4.000207
	y111 = -4.199665
	y112 = 21.003533
	y113 = -3.349928
	y114 = -3.685275
	y115 = 6.334681
	y116 = -5.734666
	y117 = -5.485476
	y118 = 8.989798
	y119 = -8.626692
	y120 = -4.140010
	y121 = 4.023010
	y122 = -3.164938
	y123 = -3.867321
	y124 = -0.440747
	y125 = -2.133196
	y126 = -3.164395
	y127 = 1.320581
	y128 = -2.757197
	y129 = -1.481565
	y130 = 6.580192
	y131 = 1.068194
	y132 = -2.868292
	y133 = 18.260812
	y134 = -0.098876
	y135 = -4.665074
	y136 = 21.442064
	y137 = -1.788809
	y138 = -5.743783
	y139 = 5.154281
	y140 = -6.049227
	y141 = -5.888281
	y142 = 11.371370
	y143 = -9.170268
	y144 = -4.482605
	y145 = 0.106985
	y146 = -3.422646
	y147 = -7.165931
	y148 = 3.447039
	y149 = -8.167855
	y150 = -4.115592
	y151 = 6.446500
	y152 = -3.590123
	y153 = -3.463921
	y154 = 6.227415
	y155 = -2.151334
	y156 = -5.354075
	y157 = 6.424726
	y158 = -5.655221
	y159 = -6.301472
	y160 = 6.275222
	y161 = -6.567593
	y162 = -6.688668
	y163 = 9.285172
	y164 = -8.113867
	y165 = -7.583912
	y166 = 13.142191
	y167 = -12.068254
	y168 = -5.843010
	y169 = 6.585721
	y170 = -6.231726
	y171 = -6.406786
	y172 = 2.236592
	y173 = -6.950265
	y174 = -5.697622
	y175 = 7.249561
	y176 = -5.412270
	y177 = -5.575532
	y178 = 5.937269
	y179 = -5.378429
	y180 = -7.921529
	y181 = 8.681303
	y182 = -9.232833
	y183 = -8.518658
	y184 = 5.632334
	y185 = -8.691772
	y186 = -8.276820
	y187 = 6.441946
	y188 = -7.573311
	y189 = -8.244686
	y190 = 8.287535
	y191 = -11.336785

