InputQuery: /home/levn/Workspace/othello_world/queries/probe_robust/group_6/game_126_target_40_eps_0.1.txt
Engine::processInputQuery: Input query (before preprocessing): 449 equations, 1216 variables
Engine::processInputQuery: Input query (after preprocessing): 705 equations, 1349 variables

Input bounds:
	x0: [ -0.3335,  -0.1335] 
	x1: [ -1.3193,  -1.1193] 
	x2: [ -1.6720,  -1.4720] 
	x3: [  1.0230,   1.2230] 
	x4: [  1.4385,   1.6385] 
	x5: [ -0.1540,   0.0460] 
	x6: [ -0.6577,  -0.4577] 
	x7: [ -0.9636,  -0.7636] 
	x8: [ -0.3614,  -0.1614] 
	x9: [ -1.6457,  -1.4457] 
	x10: [  1.3376,   1.5376] 
	x11: [  0.1874,   0.3874] 
	x12: [  0.1844,   0.3844] 
	x13: [ -2.5509,  -2.3509] 
	x14: [  2.0356,   2.2356] 
	x15: [  1.1328,   1.3328] 
	x16: [ -0.2756,  -0.0756] 
	x17: [  0.8018,   1.0018] 
	x18: [ -1.7650,  -1.5650] 
	x19: [ -2.1708,  -1.9708] 
	x20: [ -0.2878,  -0.0878] 
	x21: [  2.8493,   3.0493] 
	x22: [ -0.5309,  -0.3309] 
	x23: [ -0.5607,  -0.3607] 
	x24: [ -0.9622,  -0.7622] 
	x25: [  0.6381,   0.8381] 
	x26: [ -0.8248,  -0.6248] 
	x27: [  1.3925,   1.5925] 
	x28: [ -2.3620,  -2.1620] 
	x29: [ -2.3060,  -2.1060] 
	x30: [  0.5715,   0.7715] 
	x31: [  1.7350,   1.9350] 
	x32: [ -0.0291,   0.1709] 
	x33: [ -0.8034,  -0.6034] 
	x34: [ -0.6491,  -0.4491] 
	x35: [ -0.1768,   0.0232] 
	x36: [ -1.1049,  -0.9049] 
	x37: [ -1.3004,  -1.1004] 
	x38: [ -3.2273,  -3.0273] 
	x39: [ -2.9910,  -2.7910] 
	x40: [  0.9162,   1.1162] 
	x41: [  1.6707,   1.8707] 
	x42: [ -1.7967,  -1.5967] 
	x43: [  1.9752,   2.1752] 
	x44: [  0.1905,   0.3905] 
	x45: [ -2.6459,  -2.4459] 
	x46: [ -1.2083,  -1.0083] 
	x47: [  1.7354,   1.9354] 
	x48: [ -0.3539,  -0.1539] 
	x49: [ -2.6498,  -2.4498] 
	x50: [  1.0756,   1.2756] 
	x51: [ -1.3810,  -1.1810] 
	x52: [  1.1622,   1.3622] 
	x53: [  0.0452,   0.2452] 
	x54: [ -0.8801,  -0.6801] 
	x55: [  0.4591,   0.6591] 
	x56: [ -1.2089,  -1.0089] 
	x57: [ -0.9013,  -0.7013] 
	x58: [  1.0236,   1.2236] 
	x59: [  1.6236,   1.8236] 
	x60: [ -0.2190,  -0.0190] 
	x61: [ -0.4499,  -0.2499] 
	x62: [  0.5565,   0.7565] 
	x63: [  0.2631,   0.4631] 
	x64: [  1.3497,   1.5497] 
	x65: [ -0.2718,  -0.0718] 
	x66: [  0.3746,   0.5746] 
	x67: [ -1.9412,  -1.7412] 
	x68: [  0.8508,   1.0508] 
	x69: [  2.2369,   2.4369] 
	x70: [ -2.3766,  -2.1766] 
	x71: [  2.0459,   2.2459] 
	x72: [  0.3014,   0.5014] 
	x73: [  1.2206,   1.4206] 
	x74: [ -1.0686,  -0.8686] 
	x75: [ -2.3387,  -2.1387] 
	x76: [ -0.5544,  -0.3544] 
	x77: [  0.2332,   0.4332] 
	x78: [  0.2860,   0.4860] 
	x79: [ -1.6550,  -1.4550] 
	x80: [ -2.6440,  -2.4440] 
	x81: [  0.2066,   0.4066] 
	x82: [  1.4006,   1.6006] 
	x83: [  1.5619,   1.7619] 
	x84: [ -0.0026,   0.1974] 
	x85: [ -1.9160,  -1.7160] 
	x86: [ -0.1632,   0.0368] 
	x87: [ -2.0373,  -1.8373] 
	x88: [  0.3336,   0.5336] 
	x89: [ -0.1010,   0.0990] 
	x90: [  0.0801,   0.2801] 
	x91: [  1.0317,   1.2317] 
	x92: [ -2.0385,  -1.8385] 
	x93: [  0.2934,   0.4934] 
	x94: [ -1.8853,  -1.6853] 
	x95: [ -0.4012,  -0.2012] 
	x96: [  0.6095,   0.8095] 
	x97: [ -2.2534,  -2.0534] 
	x98: [  0.5984,   0.7984] 
	x99: [  1.5274,   1.7274] 
	x100: [  1.8120,   2.0120] 
	x101: [  3.0620,   3.2620] 
	x102: [ -0.2190,  -0.0190] 
	x103: [ -1.7556,  -1.5556] 
	x104: [ -1.0450,  -0.8450] 
	x105: [  2.9491,   3.1491] 
	x106: [  2.7268,   2.9268] 
	x107: [  0.4625,   0.6625] 
	x108: [ -0.7272,  -0.5272] 
	x109: [ -0.4422,  -0.2422] 
	x110: [ -1.3132,  -1.1132] 
	x111: [ -0.5630,  -0.3630] 
	x112: [ -0.1241,   0.0759] 
	x113: [  1.4586,   1.6586] 
	x114: [ -1.2295,  -1.0295] 
	x115: [ -0.0640,   0.1360] 
	x116: [  1.2991,   1.4991] 
	x117: [ -0.1117,   0.0883] 
	x118: [ -0.2262,  -0.0262] 
	x119: [ -1.0113,  -0.8113] 
	x120: [ -3.5459,  -3.3459] 
	x121: [  0.4039,   0.6039] 
	x122: [  0.7222,   0.9222] 
	x123: [ -2.8932,  -2.6932] 
	x124: [ -0.9273,  -0.7273] 
	x125: [  1.6042,   1.8042] 
	x126: [  0.0410,   0.2410] 
	x127: [  1.6188,   1.8188] 
	x128: [ -0.8306,  -0.6306] 
	x129: [  0.2351,   0.4351] 
	x130: [ -0.2440,  -0.0440] 
	x131: [ -1.2554,  -1.0554] 
	x132: [  1.1020,   1.3020] 
	x133: [  0.7908,   0.9908] 
	x134: [  0.3507,   0.5507] 
	x135: [ -1.6062,  -1.4062] 
	x136: [ -4.9254,  -4.7254] 
	x137: [  1.3134,   1.5134] 
	x138: [  1.1550,   1.3550] 
	x139: [ -0.9154,  -0.7154] 
	x140: [  2.5198,   2.7198] 
	x141: [  0.0515,   0.2515] 
	x142: [  0.3713,   0.5713] 
	x143: [ -1.7211,  -1.5211] 
	x144: [ -0.8931,  -0.6931] 
	x145: [  0.5107,   0.7107] 
	x146: [ -2.8939,  -2.6939] 
	x147: [  0.6109,   0.8109] 
	x148: [  3.0398,   3.2398] 
	x149: [ -2.7408,  -2.5408] 
	x150: [ -0.2185,  -0.0185] 
	x151: [  0.4175,   0.6175] 
	x152: [  0.2347,   0.4347] 
	x153: [ -1.5897,  -1.3897] 
	x154: [ -0.6321,  -0.4321] 
	x155: [  1.2209,   1.4209] 
	x156: [  0.3278,   0.5278] 
	x157: [  2.5792,   2.7792] 
	x158: [  1.1150,   1.3150] 
	x159: [ -0.5235,  -0.3235] 
	x160: [ -0.6396,  -0.4396] 
	x161: [ -0.1304,   0.0696] 
	x162: [ -1.6885,  -1.4885] 
	x163: [ -0.8759,  -0.6759] 
	x164: [ -0.9974,  -0.7974] 
	x165: [ -2.2285,  -2.0285] 
	x166: [  0.6583,   0.8583] 
	x167: [  2.6640,   2.8640] 
	x168: [ -0.8209,  -0.6209] 
	x169: [ -0.5546,  -0.3546] 
	x170: [ -2.7384,  -2.5384] 
	x171: [  1.3154,   1.5154] 
	x172: [ -0.6249,  -0.4249] 
	x173: [ -0.0909,   0.1091] 
	x174: [ -1.4468,  -1.2468] 
	x175: [  3.3504,   3.5504] 
	x176: [  2.5354,   2.7354] 
	x177: [  0.8436,   1.0436] 
	x178: [  1.0438,   1.2438] 
	x179: [  0.6121,   0.8121] 
	x180: [ -0.1102,   0.0898] 
	x181: [ -1.2700,  -1.0700] 
	x182: [  0.5769,   0.7769] 
	x183: [  0.5956,   0.7956] 
	x184: [  0.8327,   1.0327] 
	x185: [ -2.8790,  -2.6790] 
	x186: [  2.1998,   2.3998] 
	x187: [  0.5502,   0.7502] 
	x188: [  0.5209,   0.7209] 
	x189: [ -2.4437,  -2.2437] 
	x190: [ -1.1323,  -0.9323] 
	x191: [  0.6980,   0.8980] 
	x192: [ -3.1516,  -2.9516] 
	x193: [ -1.5361,  -1.3361] 
	x194: [ -2.7855,  -2.5855] 
	x195: [ -0.3980,  -0.1980] 
	x196: [  2.2812,   2.4812] 
	x197: [ -0.2907,  -0.0907] 
	x198: [ -2.3600,  -2.1600] 
	x199: [  0.0173,   0.2173] 
	x200: [ -0.4450,  -0.2450] 
	x201: [  0.3874,   0.5874] 
	x202: [ -1.6225,  -1.4225] 
	x203: [ -0.0281,   0.1719] 
	x204: [  0.9386,   1.1386] 
	x205: [  0.2041,   0.4041] 
	x206: [  1.4765,   1.6765] 
	x207: [ -1.4300,  -1.2300] 
	x208: [ -0.1551,   0.0449] 
	x209: [  0.2912,   0.4912] 
	x210: [  4.2623,   4.4623] 
	x211: [ -1.0078,  -0.8078] 
	x212: [  1.8906,   2.0906] 
	x213: [  1.7124,   1.9124] 
	x214: [  0.6714,   0.8714] 
	x215: [ -0.0898,   0.1102] 
	x216: [  1.5142,   1.7142] 
	x217: [ -1.4310,  -1.2310] 
	x218: [  1.7036,   1.9036] 
	x219: [ -0.3307,  -0.1307] 
	x220: [ -0.6064,  -0.4064] 
	x221: [  1.4906,   1.6906] 
	x222: [ -1.5889,  -1.3889] 
	x223: [  0.1073,   0.3073] 
	x224: [ -0.7237,  -0.5237] 
	x225: [  0.8352,   1.0352] 
	x226: [  0.5130,   0.7130] 
	x227: [  2.7836,   2.9836] 
	x228: [ -3.6844,  -3.4844] 
	x229: [ -1.0660,  -0.8660] 
	x230: [  3.3140,   3.5140] 
	x231: [  0.3226,   0.5226] 
	x232: [  2.5964,   2.7964] 
	x233: [ -2.1287,  -1.9287] 
	x234: [  1.1745,   1.3745] 
	x235: [ -1.1719,  -0.9719] 
	x236: [ -0.9215,  -0.7215] 
	x237: [ -0.7356,  -0.5356] 
	x238: [  0.8189,   1.0189] 
	x239: [ -3.0185,  -2.8185] 
	x240: [ -2.2513,  -2.0513] 
	x241: [ -2.7257,  -2.5257] 
	x242: [  1.6749,   1.8749] 
	x243: [ -1.8500,  -1.6500] 
	x244: [  0.1557,   0.3557] 
	x245: [ -0.1078,   0.0922] 
	x246: [  1.5202,   1.7202] 
	x247: [ -1.2652,  -1.0652] 
	x248: [  0.3253,   0.5253] 
	x249: [  1.4057,   1.6057] 
	x250: [  2.4485,   2.6485] 
	x251: [  0.5462,   0.7462] 
	x252: [ -0.6204,  -0.4204] 
	x253: [  0.1741,   0.3741] 
	x254: [  0.0493,   0.2493] 
	x255: [ -0.3875,  -0.1875] 
	x256: [  2.2845,   2.4845] 
	x257: [ -0.1674,   0.0326] 
	x258: [ -3.4477,  -3.2477] 
	x259: [ -1.6404,  -1.4404] 
	x260: [  1.3935,   1.5935] 
	x261: [  1.0699,   1.2699] 
	x262: [  1.4802,   1.6802] 
	x263: [  1.1192,   1.3192] 
	x264: [ -0.1379,   0.0621] 
	x265: [ -1.5970,  -1.3970] 
	x266: [  0.2252,   0.4252] 
	x267: [  0.3397,   0.5397] 
	x268: [  0.6798,   0.8798] 
	x269: [ -3.2364,  -3.0364] 
	x270: [ -0.3789,  -0.1789] 
	x271: [ -2.1002,  -1.9002] 
	x272: [ -1.0850,  -0.8850] 
	x273: [ -2.4962,  -2.2962] 
	x274: [  0.9990,   1.1990] 
	x275: [  1.7347,   1.9347] 
	x276: [ -0.7945,  -0.5945] 
	x277: [ -0.4583,  -0.2583] 
	x278: [ -1.4637,  -1.2637] 
	x279: [ -0.5990,  -0.3990] 
	x280: [ -0.7105,  -0.5105] 
	x281: [ -0.1192,   0.0808] 
	x282: [  1.7279,   1.9279] 
	x283: [ -0.6684,  -0.4684] 
	x284: [  1.6299,   1.8299] 
	x285: [  2.5111,   2.7111] 
	x286: [  1.4784,   1.6784] 
	x287: [ -2.6406,  -2.4406] 
	x288: [ -1.6282,  -1.4282] 
	x289: [ -0.2974,  -0.0974] 
	x290: [  0.8105,   1.0105] 
	x291: [ -0.1637,   0.0363] 
	x292: [ -0.4815,  -0.2815] 
	x293: [  0.5449,   0.7449] 
	x294: [  0.4255,   0.6255] 
	x295: [ -2.0812,  -1.8812] 
	x296: [ -1.5453,  -1.3453] 
	x297: [ -0.8390,  -0.6390] 
	x298: [  1.5331,   1.7331] 
	x299: [  1.4309,   1.6309] 
	x300: [ -1.9972,  -1.7972] 
	x301: [ -0.0458,   0.1542] 
	x302: [  1.8399,   2.0399] 
	x303: [  0.5768,   0.7768] 
	x304: [ -0.7908,  -0.5908] 
	x305: [ -0.1516,   0.0484] 
	x306: [  0.3537,   0.5537] 
	x307: [  0.6982,   0.8982] 
	x308: [  0.4641,   0.6641] 
	x309: [  1.2794,   1.4794] 
	x310: [  1.1209,   1.3209] 
	x311: [ -1.6993,  -1.4993] 
	x312: [  1.4600,   1.6600] 
	x313: [ -0.6549,  -0.4549] 
	x314: [ -1.4517,  -1.2517] 
	x315: [  0.5175,   0.7175] 
	x316: [  0.1000,   0.3000] 
	x317: [  1.7548,   1.9548] 
	x318: [ -0.1477,   0.0523] 
	x319: [  0.7375,   0.9375] 
	x320: [ -0.0644,   0.1356] 
	x321: [  0.1648,   0.3648] 
	x322: [  1.1350,   1.3350] 
	x323: [  0.2328,   0.4328] 
	x324: [ -0.8802,  -0.6802] 
	x325: [ -2.4202,  -2.2202] 
	x326: [  0.6464,   0.8464] 
	x327: [  1.4945,   1.6945] 
	x328: [  2.6243,   2.8243] 
	x329: [ -1.5626,  -1.3626] 
	x330: [ -3.5447,  -3.3447] 
	x331: [ -0.3639,  -0.1639] 
	x332: [  0.7647,   0.9647] 
	x333: [  1.2178,   1.4178] 
	x334: [ -0.0389,   0.1611] 
	x335: [ -0.1519,   0.0481] 
	x336: [ -0.5552,  -0.3552] 
	x337: [  2.5985,   2.7985] 
	x338: [ -0.4933,  -0.2933] 
	x339: [ -1.2340,  -1.0340] 
	x340: [  1.4918,   1.6918] 
	x341: [ -0.8890,  -0.6890] 
	x342: [ -0.4575,  -0.2575] 
	x343: [ -0.8233,  -0.6233] 
	x344: [ -0.5955,  -0.3955] 
	x345: [  0.2376,   0.4376] 
	x346: [ -1.5378,  -1.3378] 
	x347: [  0.2837,   0.4837] 
	x348: [ -0.1197,   0.0803] 
	x349: [  0.3613,   0.5613] 
	x350: [ -1.4541,  -1.2541] 
	x351: [  0.0219,   0.2219] 
	x352: [ -1.3497,  -1.1497] 
	x353: [  0.4545,   0.6545] 
	x354: [ -0.2059,  -0.0059] 
	x355: [ -0.1126,   0.0874] 
	x356: [  0.3382,   0.5382] 
	x357: [  0.0849,   0.2849] 
	x358: [ -0.3863,  -0.1863] 
	x359: [  0.3766,   0.5766] 
	x360: [ -2.3761,  -2.1761] 
	x361: [  1.2194,   1.4194] 
	x362: [ -3.5458,  -3.3458] 
	x363: [ -1.6034,  -1.4034] 
	x364: [ -0.8093,  -0.6093] 
	x365: [  0.8660,   1.0660] 
	x366: [  2.2010,   2.4010] 
	x367: [  2.1134,   2.3134] 
	x368: [  0.9966,   1.1966] 
	x369: [ -0.5425,  -0.3425] 
	x370: [ -1.1194,  -0.9194] 
	x371: [  0.0108,   0.2108] 
	x372: [ -1.3101,  -1.1101] 
	x373: [ -0.1824,   0.0176] 
	x374: [ -2.4230,  -2.2230] 
	x375: [ -4.8830,  -4.6830] 
	x376: [  0.0177,   0.2177] 
	x377: [  3.4948,   3.6948] 
	x378: [ -0.4713,  -0.2713] 
	x379: [  0.7778,   0.9778] 
	x380: [  1.3700,   1.5700] 
	x381: [ -1.2191,  -1.0191] 
	x382: [ -2.0106,  -1.8106] 
	x383: [  0.5360,   0.7360] 
	x384: [  0.8616,   1.0616] 
	x385: [  0.3333,   0.5333] 
	x386: [  3.0632,   3.2632] 
	x387: [ -0.9598,  -0.7598] 
	x388: [ -1.6979,  -1.4979] 
	x389: [  1.6383,   1.8383] 
	x390: [ -0.2055,  -0.0055] 
	x391: [  0.1033,   0.3033] 
	x392: [ -0.0330,   0.1670] 
	x393: [ -0.0813,   0.1187] 
	x394: [  1.7613,   1.9613] 
	x395: [ -0.2669,  -0.0669] 
	x396: [ -2.2143,  -2.0143] 
	x397: [  0.9443,   1.1443] 
	x398: [  2.9515,   3.1515] 
	x399: [ -1.6697,  -1.4697] 
	x400: [  0.6553,   0.8553] 
	x401: [  1.1185,   1.3185] 
	x402: [ -2.0057,  -1.8057] 
	x403: [  0.7051,   0.9051] 
	x404: [  2.3292,   2.5292] 
	x405: [ -1.5190,  -1.3190] 
	x406: [  0.2545,   0.4545] 
	x407: [  2.5224,   2.7224] 
	x408: [ -0.4455,  -0.2455] 
	x409: [ -3.0877,  -2.8877] 
	x410: [  1.7951,   1.9951] 
	x411: [  1.1151,   1.3151] 
	x412: [ -0.5152,  -0.3152] 
	x413: [  1.0168,   1.2168] 
	x414: [ -2.5421,  -2.3421] 
	x415: [ -0.2663,  -0.0663] 
	x416: [  0.9913,   1.1913] 
	x417: [ -1.4580,  -1.2580] 
	x418: [  0.1286,   0.3286] 
	x419: [  0.9179,   1.1179] 
	x420: [ -1.4608,  -1.2608] 
	x421: [  1.6755,   1.8755] 
	x422: [ -0.7035,  -0.5035] 
	x423: [  0.1881,   0.3881] 
	x424: [ -2.0684,  -1.8684] 
	x425: [ -0.0261,   0.1739] 
	x426: [ -1.5177,  -1.3177] 
	x427: [ -0.7135,  -0.5135] 
	x428: [  0.9793,   1.1793] 
	x429: [ -1.2102,  -1.0102] 
	x430: [ -2.7545,  -2.5545] 
	x431: [  1.3817,   1.5817] 
	x432: [  0.2622,   0.4622] 
	x433: [  0.8774,   1.0774] 
	x434: [ -1.3279,  -1.1279] 
	x435: [ -2.0926,  -1.8926] 
	x436: [ -1.4139,  -1.2139] 
	x437: [  2.3933,   2.5933] 
	x438: [  1.8308,   2.0308] 
	x439: [ -0.5233,  -0.3233] 
	x440: [  1.8864,   2.0864] 
	x441: [ -1.4743,  -1.2743] 
	x442: [ -0.1658,   0.0342] 
	x443: [ -0.1936,   0.0064] 
	x444: [ -5.1849,  -4.9849] 
	x445: [ -1.1677,  -0.9677] 
	x446: [  0.4313,   0.6313] 
	x447: [ -0.1969,   0.0031] 
	x448: [ -3.9504,  -3.7504] 
	x449: [  0.3040,   0.5040] 
	x450: [ -1.6871,  -1.4871] 
	x451: [  2.0574,   2.2574] 
	x452: [  0.8564,   1.0564] 
	x453: [ -1.1323,  -0.9323] 
	x454: [  0.3316,   0.5316] 
	x455: [ -0.9207,  -0.7207] 
	x456: [ -1.7535,  -1.5535] 
	x457: [ -0.7743,  -0.5743] 
	x458: [  0.4957,   0.6957] 
	x459: [  0.7923,   0.9923] 
	x460: [  1.9306,   2.1306] 
	x461: [  0.8131,   1.0131] 
	x462: [ -2.3911,  -2.1911] 
	x463: [  0.2578,   0.4578] 
	x464: [ -1.3155,  -1.1155] 
	x465: [  0.8960,   1.0960] 
	x466: [ -0.6101,  -0.4101] 
	x467: [ -3.2435,  -3.0435] 
	x468: [  0.7423,   0.9423] 
	x469: [ -2.0413,  -1.8413] 
	x470: [ -1.6458,  -1.4458] 
	x471: [  0.7467,   0.9467] 
	x472: [ -0.8183,  -0.6183] 
	x473: [  1.0353,   1.2353] 
	x474: [ -1.5313,  -1.3313] 
	x475: [  1.4334,   1.6334] 
	x476: [  0.0012,   0.2012] 
	x477: [ -0.1638,   0.0362] 
	x478: [ -1.9567,  -1.7567] 
	x479: [  1.8093,   2.0093] 
	x480: [  0.6336,   0.8336] 
	x481: [ -0.2591,  -0.0591] 
	x482: [ -0.5399,  -0.3399] 
	x483: [ -0.5099,  -0.3099] 
	x484: [ -0.5916,  -0.3916] 
	x485: [  3.1785,   3.3785] 
	x486: [ -0.9420,  -0.7420] 
	x487: [  0.4524,   0.6524] 
	x488: [ -0.1485,   0.0515] 
	x489: [  0.5312,   0.7312] 
	x490: [ -0.3041,  -0.1041] 
	x491: [  0.2778,   0.4778] 
	x492: [ -0.0673,   0.1327] 
	x493: [ -2.1229,  -1.9229] 
	x494: [  0.0539,   0.2539] 
	x495: [ -1.2075,  -1.0075] 
	x496: [  0.7315,   0.9315] 
	x497: [ -1.8833,  -1.6833] 
	x498: [ -0.2311,  -0.0311] 
	x499: [  0.0008,   0.2008] 
	x500: [ -0.8568,  -0.6568] 
	x501: [ -0.5862,  -0.3862] 
	x502: [  1.2345,   1.4345] 
	x503: [ -3.6911,  -3.4911] 
	x504: [  3.4054,   3.6054] 
	x505: [  0.8638,   1.0638] 
	x506: [  0.3486,   0.5486] 
	x507: [ -3.7694,  -3.5694] 
	x508: [ -0.7413,  -0.5413] 
	x509: [ -2.2669,  -2.0669] 
	x510: [  0.8671,   1.0671] 
	x511: [ -1.2130,  -1.0130] 

Branching heuristics set to PseudoImpact

Engine::solve: Initial statistics

23:25:49 Statistics update:
	--- Time Statistics ---
	Total time elapsed: 502 milli (00:00:00)
		Main loop: 0 milli (00:00:00)
		Preprocessing time: 197 milli (00:00:00)
		Unknown: 305 milli (00:00:00)
	Breakdown for main loop:
		[0.00%] Simplex steps: 0 milli
		[0.00%] Explicit-basis bound tightening: 0 milli
		[0.00%] Constraint-matrix bound tightening: 0 milli
		[0.00%] Degradation checking: 0 milli
		[0.00%] Precision restoration: 0 milli
		[0.00%] Statistics handling: 0 milli
		[0.00%] Constraint-fixing steps: 0 milli
		[0.00%] Valid case splits: 0 milli. Average per split: 0.00 milli
		[0.00%] Applying stored bound-tightening: 0 milli
		[0.00%] SMT core: 0 milli
		[0.00%] Symbolic Bound Tightening: 12 milli
		[0.00%] SoI-based local search: 0 milli
		[0.00%] SoI-based local search: 0 milli
		[0.00%] Unaccounted for: 0 milli
	--- Preprocessor Statistics ---
	Number of preprocessor bound-tightening loop iterations: 3
	Number of eliminated variables: 124
	Number of constraints removed due to variable elimination: 124
	Number of equations removed due to variable elimination: 0
	--- Engine Statistics ---
	Number of main loop iterations: 1
		0 iterations were simplex steps. Total time: 0 milli. Average: 0.00 milli.
		0 iterations were constraint-fixing steps. Total time: 0 milli. Average: 0.00 milli
	Number of active piecewise-linear constraints: 132 / 132
		Constraints disabled by valid splits: 0. By SMT-originated splits: 0
	Last reported degradation: 0.0000000000. Max degradation so far: 0.0000000000. Restorations so far: 0
	Number of simplex pivots we attempted to skip because of instability: 0.
	Unstable pivots performed anyway: 0
	--- Tableau Statistics ---
	Total number of pivots performed: 0
		Real pivots: 0. Degenerate: 0 (0.00%)
		Degenerate pivots by request (e.g., to fix a PL constraint): 0 (0.00%)
		Average time per pivot: 0.00 milli
	Total number of fake pivots performed: 0
	Total number of rows added: 0. Number of merged columns: 0
	Current tableau dimensions: M = 705, N = 2054
	--- SMT Core Statistics ---
	Total depth is 0. Total visited states: 1. Number of splits: 0. Number of pops: 0
	Max stack depth: 0
	--- Bound Tightening Statistics ---
	Number of tightened bounds: 0.
		Number of rows examined by row tightener: 0. Consequent tightenings: 0
		Number of explicit basis matrices examined by row tightener: 0. Consequent tightenings: 0
		Number of bound tightening rounds on the entire constraint matrix: 0. Consequent tightenings: 0
		Number of bound notifications sent to PL constraints: 792. Tightenings proposed: 0
	--- Basis Factorization statistics ---
	Number of basis refactorizations: 2
	--- Projected Steepest Edge Statistics ---
	Number of iterations: 0.
	Number of resets to reference space: 1. Avg. iterations per reset: 0
	--- SBT ---
	Number of tightened bounds: 385
	--- SoI-based local search ---
	Number of proposed phase pattern update: 0. Number of accepted update: 0 [0.00%]
	Total time (% of local search time) updating SoI phase pattern : 0 milli [0.00%]
	Total time obtaining current assignment: 0 milli [0.00%]
	Total time getting SoI phase pattern : 0 milli [0.00%]
	--- Context dependent statistics ---
	Number of pushes / pops: 0 / 0
		[0.00%] Pre-Push hook: 0 milli
		[0.00%] Push : 0 milli
		[0.00%] Post-Pop hook: 0 milli
		[0.00%] Pop : 0 milli
		[0.00%] Total context-switching time: 0 milli
	--- Proof Certificate ---
	Number of certified leaves: 0
	Number of leaves to delegate: 0

---

Engine::solve: sat assignment found

23:25:51 Statistics update:
	--- Time Statistics ---
	Total time elapsed: 2019 milli (00:00:02)
		Main loop: 1515 milli (00:00:01)
		Preprocessing time: 197 milli (00:00:00)
		Unknown: 305 milli (00:00:00)
	Breakdown for main loop:
		[37.07%] Simplex steps: 562 milli
		[61.42%] Explicit-basis bound tightening: 931 milli
		[0.00%] Constraint-matrix bound tightening: 0 milli
		[0.69%] Degradation checking: 10 milli
		[0.00%] Precision restoration: 0 milli
		[0.03%] Statistics handling: 0 milli
		[0.00%] Constraint-fixing steps: 0 milli
		[0.00%] Valid case splits: 0 milli. Average per split: 0.00 milli
		[0.00%] Applying stored bound-tightening: 0 milli
		[0.00%] SMT core: 0 milli
		[1.36%] Symbolic Bound Tightening: 20 milli
		[4.20%] SoI-based local search: 63 milli
		[0.00%] SoI-based local search: 0 milli
		[1216828581172144.25%] Unaccounted for: 0 milli
	--- Preprocessor Statistics ---
	Number of preprocessor bound-tightening loop iterations: 3
	Number of eliminated variables: 124
	Number of constraints removed due to variable elimination: 124
	Number of equations removed due to variable elimination: 0
	--- Engine Statistics ---
	Number of main loop iterations: 463
		461 iterations were simplex steps. Total time: 562 milli. Average: 1.22 milli.
		0 iterations were constraint-fixing steps. Total time: 0 milli. Average: 0.00 milli
	Number of active piecewise-linear constraints: 132 / 132
		Constraints disabled by valid splits: 0. By SMT-originated splits: 0
	Last reported degradation: 0.0000000000. Max degradation so far: 0.0000000000. Restorations so far: 0
	Number of simplex pivots we attempted to skip because of instability: 0.
	Unstable pivots performed anyway: 0
	--- Tableau Statistics ---
	Total number of pivots performed: 453
		Real pivots: 452. Degenerate: 1 (0.22%)
		Degenerate pivots by request (e.g., to fix a PL constraint): 0 (0.00%)
		Average time per pivot: 0.28 milli
	Total number of fake pivots performed: 6
	Total number of rows added: 0. Number of merged columns: 0
	Current tableau dimensions: M = 705, N = 2054
	--- SMT Core Statistics ---
	Total depth is 0. Total visited states: 1. Number of splits: 0. Number of pops: 0
	Max stack depth: 0
	--- Bound Tightening Statistics ---
	Number of tightened bounds: 0.
		Number of rows examined by row tightener: 453. Consequent tightenings: 0
		Number of explicit basis matrices examined by row tightener: 4. Consequent tightenings: 315
		Number of bound tightening rounds on the entire constraint matrix: 0. Consequent tightenings: 0
		Number of bound notifications sent to PL constraints: 1584. Tightenings proposed: 0
	--- Basis Factorization statistics ---
	Number of basis refactorizations: 6
	--- Projected Steepest Edge Statistics ---
	Number of iterations: 459.
	Number of resets to reference space: 1. Avg. iterations per reset: 459
	--- SBT ---
	Number of tightened bounds: 385
	--- SoI-based local search ---
	Number of proposed phase pattern update: 0. Number of accepted update: 1 [0.00%]
	Total time (% of local search time) updating SoI phase pattern : 535 milli [0.84%]
	Total time obtaining current assignment: 260 milli [0.41%]
	Total time getting SoI phase pattern : 74 milli [0.00%]
	--- Context dependent statistics ---
	Number of pushes / pops: 0 / 0
		[0.00%] Pre-Push hook: 0 milli
		[0.00%] Push : 0 milli
		[0.00%] Post-Pop hook: 0 milli
		[0.00%] Pop : 0 milli
		[0.00%] Total context-switching time: 0 milli
	--- Proof Certificate ---
	Number of certified leaves: 0
	Number of leaves to delegate: 0
sat
Input assignment:
	x0 = -0.133521
	x1 = -1.119334
	x2 = -1.672041
	x3 = 1.222984
	x4 = 1.438525
	x5 = -0.153999
	x6 = -0.457739
	x7 = -0.763643
	x8 = -0.361442
	x9 = -1.645681
	x10 = 1.337601
	x11 = 0.187355
	x12 = 0.384358
	x13 = -2.350876
	x14 = 2.235617
	x15 = 1.132777
	x16 = -0.075619
	x17 = 0.801823
	x18 = -1.565021
	x19 = -2.170795
	x20 = -0.287826
	x21 = 2.849321
	x22 = -0.330863
	x23 = -0.360701
	x24 = -0.962189
	x25 = 0.838082
	x26 = -0.824770
	x27 = 1.542594
	x28 = -2.362035
	x29 = -2.106043
	x30 = 0.771492
	x31 = 1.735020
	x32 = 0.170866
	x33 = -0.803416
	x34 = -0.449084
	x35 = 0.023211
	x36 = -0.904932
	x37 = -1.100386
	x38 = -3.227259
	x39 = -2.990992
	x40 = 0.916169
	x41 = 1.870749
	x42 = -1.796686
	x43 = 1.975232
	x44 = 0.390522
	x45 = -2.445894
	x46 = -1.008309
	x47 = 1.935365
	x48 = -0.153853
	x49 = -2.449767
	x50 = 1.075552
	x51 = -1.180997
	x52 = 1.162167
	x53 = 0.245203
	x54 = -0.880093
	x55 = 0.459122
	x56 = -1.008901
	x57 = -0.901349
	x58 = 1.223559
	x59 = 1.623602
	x60 = -0.218970
	x61 = -0.249881
	x62 = 0.556463
	x63 = 0.263065
	x64 = 1.349743
	x65 = -0.071847
	x66 = 0.574616
	x67 = -1.941166
	x68 = 0.850795
	x69 = 2.236943
	x70 = -2.176606
	x71 = 2.245862
	x72 = 0.301389
	x73 = 1.420576
	x74 = -0.868578
	x75 = -2.338727
	x76 = -0.554435
	x77 = 0.233212
	x78 = 0.286046
	x79 = -1.654975
	x80 = -2.444010
	x81 = 0.206629
	x82 = 1.400629
	x83 = 1.761944
	x84 = 0.197385
	x85 = -1.915966
	x86 = 0.036818
	x87 = -1.837263
	x88 = 0.533551
	x89 = -0.100978
	x90 = 0.280095
	x91 = 1.031746
	x92 = -1.838495
	x93 = 0.293420
	x94 = -1.685302
	x95 = -0.401224
	x96 = 0.609502
	x97 = -2.253444
	x98 = 0.598446
	x99 = 1.727418
	x100 = 2.012004
	x101 = 3.261958
	x102 = -0.219004
	x103 = -1.555601
	x104 = -0.844960
	x105 = 3.149056
	x106 = 2.926779
	x107 = 0.462472
	x108 = -0.727191
	x109 = -0.242177
	x110 = -1.113168
	x111 = -0.363003
	x112 = -0.124084
	x113 = 1.458566
	x114 = -1.029524
	x115 = -0.064020
	x116 = 1.299120
	x117 = 0.088327
	x118 = -0.026218
	x119 = -0.811342
	x120 = -3.545879
	x121 = 0.603918
	x122 = 0.922177
	x123 = -2.693237
	x124 = -0.927327
	x125 = 1.604232
	x126 = 0.241015
	x127 = 1.618784
	x128 = -0.630599
	x129 = 0.435062
	x130 = -0.244045
	x131 = -1.255381
	x132 = 1.301955
	x133 = 0.990811
	x134 = 0.550676
	x135 = -1.606230
	x136 = -4.925394
	x137 = 1.513418
	x138 = 1.154956
	x139 = -0.915413
	x140 = 2.719813
	x141 = 0.051512
	x142 = 0.571321
	x143 = -1.521088
	x144 = -0.693080
	x145 = 0.710702
	x146 = -2.693941
	x147 = 0.810876
	x148 = 3.039844
	x149 = -2.740835
	x150 = -0.018535
	x151 = 0.417467
	x152 = 0.434706
	x153 = -1.589700
	x154 = -0.632134
	x155 = 1.220936
	x156 = 0.527772
	x157 = 2.579247
	x158 = 1.314985
	x159 = -0.323544
	x160 = -0.639587
	x161 = 0.069600
	x162 = -1.488519
	x163 = -0.875926
	x164 = -0.797408
	x165 = -2.228524
	x166 = 0.658288
	x167 = 2.663984
	x168 = -0.620883
	x169 = -0.354553
	x170 = -2.538437
	x171 = 1.315351
	x172 = -0.624876
	x173 = -0.090929
	x174 = -1.246812
	x175 = 3.550375
	x176 = 2.735403
	x177 = 1.043640
	x178 = 1.043828
	x179 = 0.812135
	x180 = -0.110250
	x181 = -1.070010
	x182 = 0.776885
	x183 = 0.595603
	x184 = 1.032681
	x185 = -2.679010
	x186 = 2.199774
	x187 = 0.750225
	x188 = 0.520856
	x189 = -2.243709
	x190 = -1.132263
	x191 = 0.897975
	x192 = -2.951584
	x193 = -1.336149
	x194 = -2.585543
	x195 = -0.197972
	x196 = 2.281199
	x197 = -0.220470
	x198 = -2.160027
	x199 = 0.017266
	x200 = -0.244963
	x201 = 0.387390
	x202 = -1.422492
	x203 = -0.028115
	x204 = 1.138636
	x205 = 0.204119
	x206 = 1.676510
	x207 = -1.430047
	x208 = 0.044853
	x209 = 0.491227
	x210 = 4.462343
	x211 = -0.807775
	x212 = 1.890632
	x213 = 1.712441
	x214 = 0.671356
	x215 = 0.110166
	x216 = 1.514234
	x217 = -1.231041
	x218 = 1.703638
	x219 = -0.330700
	x220 = -0.406400
	x221 = 1.490604
	x222 = -1.388860
	x223 = 0.107282
	x224 = -0.523657
	x225 = 1.035185
	x226 = 0.713033
	x227 = 2.783576
	x228 = -3.484370
	x229 = -0.866048
	x230 = 3.314027
	x231 = 0.322631
	x232 = 2.596394
	x233 = -1.928693
	x234 = 1.374541
	x235 = -0.971924
	x236 = -0.921503
	x237 = -0.535610
	x238 = 1.018947
	x239 = -3.018549
	x240 = -2.251294
	x241 = -2.525705
	x242 = 1.674864
	x243 = -1.849975
	x244 = 0.355653
	x245 = -0.107840
	x246 = 1.720224
	x247 = -1.065206
	x248 = 0.325332
	x249 = 1.405689
	x250 = 2.448496
	x251 = 0.546179
	x252 = -0.620370
	x253 = 0.374134
	x254 = 0.249273
	x255 = -0.187509
	x256 = 2.284519
	x257 = 0.032561
	x258 = -3.447747
	x259 = -1.640366
	x260 = 1.393471
	x261 = 1.269933
	x262 = 1.480199
	x263 = 1.319230
	x264 = -0.137874
	x265 = -1.597038
	x266 = 0.425235
	x267 = 0.339740
	x268 = 0.679780
	x269 = -3.036354
	x270 = -0.378950
	x271 = -1.900206
	x272 = -0.884968
	x273 = -2.496175
	x274 = 0.999004
	x275 = 1.734719
	x276 = -0.594500
	x277 = -0.458303
	x278 = -1.263732
	x279 = -0.599006
	x280 = -0.710473
	x281 = 0.080793
	x282 = 1.927941
	x283 = -0.468404
	x284 = 1.829917
	x285 = 2.511110
	x286 = 1.678413
	x287 = -2.640560
	x288 = -1.428209
	x289 = -0.297434
	x290 = 0.810500
	x291 = 0.036316
	x292 = -0.481528
	x293 = 0.744865
	x294 = 0.425544
	x295 = -1.881173
	x296 = -1.545293
	x297 = -0.839021
	x298 = 1.533107
	x299 = 1.630946
	x300 = -1.797161
	x301 = -0.045834
	x302 = 1.839864
	x303 = 0.576771
	x304 = -0.590823
	x305 = -0.151581
	x306 = 0.553704
	x307 = 0.898238
	x308 = 0.664118
	x309 = 1.279421
	x310 = 1.320927
	x311 = -1.499293
	x312 = 1.659957
	x313 = -0.654891
	x314 = -1.451657
	x315 = 0.517456
	x316 = 0.100012
	x317 = 1.754770
	x318 = -0.147650
	x319 = 0.937499
	x320 = -0.064363
	x321 = 0.164765
	x322 = 1.335012
	x323 = 0.432802
	x324 = -0.880234
	x325 = -2.420195
	x326 = 0.646427
	x327 = 1.694529
	x328 = 2.824295
	x329 = -1.562613
	x330 = -3.344659
	x331 = -0.363857
	x332 = 0.764723
	x333 = 1.217813
	x334 = -0.038910
	x335 = 0.048080
	x336 = -0.555231
	x337 = 2.798529
	x338 = -0.493335
	x339 = -1.233976
	x340 = 1.491823
	x341 = -0.888964
	x342 = -0.457543
	x343 = -0.623345
	x344 = -0.595534
	x345 = 0.437562
	x346 = -1.337821
	x347 = 0.483669
	x348 = -0.119735
	x349 = 0.361296
	x350 = -1.454129
	x351 = 0.021920
	x352 = -1.149700
	x353 = 0.454504
	x354 = -0.005901
	x355 = -0.112632
	x356 = 0.338157
	x357 = 0.084938
	x358 = -0.186344
	x359 = 0.376647
	x360 = -2.376067
	x361 = 1.419365
	x362 = -3.345804
	x363 = -1.603415
	x364 = -0.809282
	x365 = 1.066011
	x366 = 2.400979
	x367 = 2.113398
	x368 = 0.996583
	x369 = -0.342506
	x370 = -0.919400
	x371 = 0.210844
	x372 = -1.310134
	x373 = -0.182350
	x374 = -2.223047
	x375 = -4.683040
	x376 = 0.217738
	x377 = 3.494799
	x378 = -0.471280
	x379 = 0.977823
	x380 = 1.369952
	x381 = -1.219079
	x382 = -1.810649
	x383 = 0.735968
	x384 = 1.061563
	x385 = 0.333267
	x386 = 3.063248
	x387 = -0.959846
	x388 = -1.697864
	x389 = 1.838341
	x390 = -0.205511
	x391 = 0.303328
	x392 = -0.032988
	x393 = -0.081265
	x394 = 1.761297
	x395 = -0.066886
	x396 = -2.214278
	x397 = 1.144338
	x398 = 2.951479
	x399 = -1.469674
	x400 = 0.855255
	x401 = 1.318467
	x402 = -2.005719
	x403 = 0.905111
	x404 = 2.529235
	x405 = -1.318994
	x406 = 0.254531
	x407 = 2.522424
	x408 = -0.245537
	x409 = -2.887675
	x410 = 1.795144
	x411 = 1.315147
	x412 = -0.515176
	x413 = 1.216838
	x414 = -2.342117
	x415 = -0.266269
	x416 = 1.191348
	x417 = -1.458007
	x418 = 0.328618
	x419 = 1.117875
	x420 = -1.260835
	x421 = 1.875474
	x422 = -0.503523
	x423 = 0.388105
	x424 = -2.068406
	x425 = -0.026143
	x426 = -1.517749
	x427 = -0.513528
	x428 = 1.179273
	x429 = -1.210177
	x430 = -2.554502
	x431 = 1.581696
	x432 = 0.462160
	x433 = 1.077361
	x434 = -1.327911
	x435 = -2.092580
	x436 = -1.213943
	x437 = 2.393265
	x438 = 2.030779
	x439 = -0.523336
	x440 = 1.886421
	x441 = -1.474339
	x442 = 0.034188
	x443 = -0.193609
	x444 = -5.184896
	x445 = -1.167727
	x446 = 0.431298
	x447 = 0.003119
	x448 = -3.750432
	x449 = 0.304028
	x450 = -1.487114
	x451 = 2.257376
	x452 = 0.856376
	x453 = -0.932349
	x454 = 0.531635
	x455 = -0.720662
	x456 = -1.753474
	x457 = -0.774273
	x458 = 0.695661
	x459 = 0.992295
	x460 = 2.130613
	x461 = 0.949854
	x462 = -2.191136
	x463 = 0.457757
	x464 = -1.128247
	x465 = 0.896044
	x466 = -0.410140
	x467 = -3.243471
	x468 = 0.942341
	x469 = -1.841277
	x470 = -1.645820
	x471 = 0.746650
	x472 = -0.818289
	x473 = 1.235273
	x474 = -1.331305
	x475 = 1.433368
	x476 = 0.201176
	x477 = -0.163833
	x478 = -1.956666
	x479 = 1.809312
	x480 = 0.833639
	x481 = -0.059126
	x482 = -0.339924
	x483 = -0.309946
	x484 = -0.591598
	x485 = 3.178531
	x486 = -0.741998
	x487 = 0.452355
	x488 = 0.051474
	x489 = 0.531237
	x490 = -0.104096
	x491 = 0.277795
	x492 = 0.132716
	x493 = -2.122923
	x494 = 0.053924
	x495 = -1.207493
	x496 = 0.731504
	x497 = -1.683258
	x498 = -0.231146
	x499 = 0.000824
	x500 = -0.656774
	x501 = -0.386204
	x502 = 1.434527
	x503 = -3.491094
	x504 = 3.405373
	x505 = 1.063760
	x506 = 0.548604
	x507 = -3.569374
	x508 = -0.541283
	x509 = -2.066916
	x510 = 1.067076
	x511 = -1.013010

Output:
	y0 = -5.948357
	y1 = 3.601059
	y2 = -4.158133
	y3 = -8.393914
	y4 = 2.960722
	y5 = -9.745191
	y6 = -6.113936
	y7 = 13.795241
	y8 = -9.731933
	y9 = -8.512550
	y10 = 2.274113
	y11 = -5.231639
	y12 = -9.907534
	y13 = 15.371259
	y14 = -7.370848
	y15 = -3.688101
	y16 = 2.681316
	y17 = -2.870193
	y18 = -4.427770
	y19 = 4.232135
	y20 = -4.824081
	y21 = -5.833848
	y22 = 5.589065
	y23 = -7.765461
	y24 = -10.326048
	y25 = 10.063626
	y26 = -7.365981
	y27 = -8.322449
	y28 = 6.823306
	y29 = -6.250152
	y30 = 1.845786
	y31 = -15.748085
	y32 = -2.178965
	y33 = -2.037254
	y34 = -11.068011
	y35 = 3.906282
	y36 = -4.425790
	y37 = 15.277148
	y38 = -2.869407
	y39 = -2.507442
	y40 = 6.928711
	y41 = -3.559839
	y42 = -7.361272
	y43 = 14.421976
	y44 = -9.101303
	y45 = -11.964263
	y46 = 14.989718
	y47 = -10.279543
	y48 = -8.982826
	y49 = 11.342846
	y50 = -3.211338
	y51 = -2.456657
	y52 = -21.777778
	y53 = 5.209792
	y54 = -0.752230
	y55 = -15.275559
	y56 = 5.498308
	y57 = -1.564380
	y58 = -10.805909
	y59 = 3.696104
	y60 = 4.156498
	y61 = -6.239357
	y62 = -0.383530
	y63 = -0.598893
	y64 = 14.421324
	y65 = -1.516041
	y66 = -3.579234
	y67 = -13.658932
	y68 = 0.691523
	y69 = -7.404106
	y70 = 1.583177
	y71 = -5.450623
	y72 = -4.310180
	y73 = 6.606241
	y74 = -4.476598
	y75 = -0.683646
	y76 = -8.761013
	y77 = 5.050481
	y78 = 1.159925
	y79 = -11.022919
	y80 = 5.358582
	y81 = 9.548971
	y82 = -17.232986
	y83 = 13.984150
	y84 = 13.169110
	y85 = -16.864284
	y86 = 5.911986
	y87 = 2.616044
	y88 = -7.959579
	y89 = -1.777843
	y90 = 2.227364
	y91 = -10.159283
	y92 = -3.927807
	y93 = -5.775604
	y94 = 3.031168
	y95 = -5.961352
	y96 = -1.184881
	y97 = -13.656096
	y98 = -4.154987
	y99 = 2.754027
	y100 = -13.017322
	y101 = -1.033996
	y102 = -0.826926
	y103 = -9.839023
	y104 = 4.495887
	y105 = 8.369571
	y106 = -16.745477
	y107 = 13.084361
	y108 = 6.791952
	y109 = -17.122996
	y110 = 11.945096
	y111 = 3.677569
	y112 = -8.142370
	y113 = -0.424188
	y114 = -2.649725
	y115 = 8.761889
	y116 = -4.658128
	y117 = -4.751025
	y118 = 3.652118
	y119 = -3.399358
	y120 = 0.853786
	y121 = -4.149697
	y122 = -4.149687
	y123 = 3.056491
	y124 = -15.349331
	y125 = -1.030345
	y126 = 2.982917
	y127 = -16.576790
	y128 = -2.415751
	y129 = -0.048399
	y130 = -9.756115
	y131 = 5.785933
	y132 = 7.778688
	y133 = -16.509362
	y134 = 1.762640
	y135 = 4.852928
	y136 = -15.084171
	y137 = 1.167787
	y138 = -2.149213
	y139 = -6.625358
	y140 = -4.267999
	y141 = -2.766301
	y142 = 0.315549
	y143 = -3.202797
	y144 = -3.254081
	y145 = -1.469955
	y146 = -5.163151
	y147 = -6.100562
	y148 = 3.735670
	y149 = -8.654159
	y150 = -2.548019
	y151 = -11.534264
	y152 = 1.446159
	y153 = -2.636365
	y154 = -14.001098
	y155 = 3.815161
	y156 = -4.725434
	y157 = -5.157498
	y158 = 1.665286
	y159 = -5.043891
	y160 = 7.300041
	y161 = -4.318128
	y162 = -5.491685
	y163 = 0.791508
	y164 = -6.083175
	y165 = -6.389176
	y166 = 3.501908
	y167 = -6.595357
	y168 = -6.296944
	y169 = 2.052451
	y170 = -7.413857
	y171 = -9.791685
	y172 = 12.461226
	y173 = -8.455991
	y174 = -4.692235
	y175 = 10.277780
	y176 = -3.892231
	y177 = -1.338685
	y178 = -21.660694
	y179 = 4.397954
	y180 = -5.185782
	y181 = -12.093074
	y182 = -1.699740
	y183 = -4.037407
	y184 = -6.644746
	y185 = -1.174024
	y186 = -5.008297
	y187 = 1.378471
	y188 = -4.383672
	y189 = -5.298589
	y190 = 1.270094
	y191 = -5.447085

