InputQuery: /home/levn/Workspace/othello_world/queries/probe_robust/game_22_target_15_eps_0.05.txt
Engine::processInputQuery: Input query (before preprocessing): 449 equations, 1216 variables
Engine::processInputQuery: Input query (after preprocessing): 705 equations, 1297 variables

Input bounds:
	x0: [  0.5575,   0.6575] 
	x1: [ -0.0098,   0.0902] 
	x2: [ -0.8744,  -0.7744] 
	x3: [ -1.2205,  -1.1205] 
	x4: [ -1.4359,  -1.3359] 
	x5: [  0.8767,   0.9767] 
	x6: [ -1.2235,  -1.1235] 
	x7: [  0.2035,   0.3035] 
	x8: [  0.3207,   0.4207] 
	x9: [  0.1590,   0.2590] 
	x10: [ -0.4719,  -0.3719] 
	x11: [ -2.3140,  -2.2140] 
	x12: [  0.0042,   0.1042] 
	x13: [ -0.2306,  -0.1306] 
	x14: [  0.5807,   0.6807] 
	x15: [  0.8700,   0.9700] 
	x16: [  1.7826,   1.8826] 
	x17: [  1.2547,   1.3547] 
	x18: [ -1.3830,  -1.2830] 
	x19: [  2.4718,   2.5718] 
	x20: [ -2.4966,  -2.3966] 
	x21: [  1.7303,   1.8303] 
	x22: [ -1.1300,  -1.0300] 
	x23: [  0.7870,   0.8870] 
	x24: [ -1.6029,  -1.5029] 
	x25: [ -1.6271,  -1.5271] 
	x26: [  0.3505,   0.4505] 
	x27: [ -2.0950,  -1.9950] 
	x28: [ -0.8248,  -0.7248] 
	x29: [  1.1474,   1.2474] 
	x30: [ -0.1947,  -0.0947] 
	x31: [ -1.6806,  -1.5806] 
	x32: [  0.3873,   0.4873] 
	x33: [  3.4809,   3.5809] 
	x34: [ -1.3516,  -1.2516] 
	x35: [ -0.2944,  -0.1944] 
	x36: [ -0.5855,  -0.4855] 
	x37: [ -0.1357,  -0.0357] 
	x38: [  0.2838,   0.3838] 
	x39: [ -0.0525,   0.0475] 
	x40: [  1.6373,   1.7373] 
	x41: [ -0.3117,  -0.2117] 
	x42: [ -0.4259,  -0.3259] 
	x43: [ -0.0440,   0.0560] 
	x44: [  1.2691,   1.3691] 
	x45: [  0.1851,   0.2851] 
	x46: [ -1.1382,  -1.0382] 
	x47: [ -0.2746,  -0.1746] 
	x48: [ -1.6812,  -1.5812] 
	x49: [ -0.1318,  -0.0318] 
	x50: [  0.8291,   0.9291] 
	x51: [ -0.6797,  -0.5797] 
	x52: [ -0.7572,  -0.6572] 
	x53: [  0.6632,   0.7632] 
	x54: [  0.3439,   0.4439] 
	x55: [ -0.3041,  -0.2041] 
	x56: [  2.4402,   2.5402] 
	x57: [  1.6670,   1.7670] 
	x58: [  2.8461,   2.9461] 
	x59: [  2.2691,   2.3691] 
	x60: [  1.4054,   1.5054] 
	x61: [ -0.1659,  -0.0659] 
	x62: [ -0.4678,  -0.3678] 
	x63: [ -0.4304,  -0.3304] 
	x64: [ -0.0438,   0.0562] 
	x65: [  0.4129,   0.5129] 
	x66: [  0.2211,   0.3211] 
	x67: [  1.3787,   1.4787] 
	x68: [  0.8598,   0.9598] 
	x69: [ -2.3804,  -2.2804] 
	x70: [ -1.1010,  -1.0010] 
	x71: [ -0.9066,  -0.8066] 
	x72: [  1.2592,   1.3592] 
	x73: [  2.3922,   2.4922] 
	x74: [ -1.9847,  -1.8847] 
	x75: [  0.4129,   0.5129] 
	x76: [ -0.9884,  -0.8884] 
	x77: [  1.2322,   1.3322] 
	x78: [ -0.6767,  -0.5767] 
	x79: [  1.0454,   1.1454] 
	x80: [ -0.7829,  -0.6829] 
	x81: [ -0.7031,  -0.6031] 
	x82: [  1.6857,   1.7857] 
	x83: [  0.4274,   0.5274] 
	x84: [ -0.5153,  -0.4153] 
	x85: [ -0.9029,  -0.8029] 
	x86: [  1.0178,   1.1178] 
	x87: [ -1.1491,  -1.0491] 
	x88: [ -2.0680,  -1.9680] 
	x89: [ -0.2346,  -0.1346] 
	x90: [ -0.7408,  -0.6408] 
	x91: [ -3.3250,  -3.2250] 
	x92: [  1.6170,   1.7170] 
	x93: [ -1.1865,  -1.0865] 
	x94: [ -1.2299,  -1.1299] 
	x95: [ -1.9461,  -1.8461] 
	x96: [ -0.2311,  -0.1311] 
	x97: [  2.1732,   2.2732] 
	x98: [  1.4686,   1.5686] 
	x99: [ -0.7747,  -0.6747] 
	x100: [ -1.2379,  -1.1379] 
	x101: [ -1.6570,  -1.5570] 
	x102: [  1.0650,   1.1650] 
	x103: [  0.0720,   0.1720] 
	x104: [ -1.8397,  -1.7397] 
	x105: [  1.3274,   1.4274] 
	x106: [  0.0614,   0.1614] 
	x107: [ -0.7664,  -0.6664] 
	x108: [  1.7004,   1.8004] 
	x109: [ -2.6108,  -2.5108] 
	x110: [ -1.2549,  -1.1549] 
	x111: [  0.6011,   0.7011] 
	x112: [ -1.3266,  -1.2266] 
	x113: [ -2.8670,  -2.7670] 
	x114: [ -0.4362,  -0.3362] 
	x115: [ -0.8235,  -0.7235] 
	x116: [ -1.8858,  -1.7858] 
	x117: [ -0.4131,  -0.3131] 
	x118: [ -1.5116,  -1.4116] 
	x119: [ -1.7679,  -1.6679] 
	x120: [ -0.8129,  -0.7129] 
	x121: [  3.2007,   3.3007] 
	x122: [ -1.7815,  -1.6815] 
	x123: [  0.7379,   0.8379] 
	x124: [ -0.8845,  -0.7845] 
	x125: [ -0.6329,  -0.5329] 
	x126: [ -0.1480,  -0.0480] 
	x127: [ -1.1134,  -1.0134] 
	x128: [ -0.4730,  -0.3730] 
	x129: [  3.6642,   3.7642] 
	x130: [  0.3257,   0.4257] 
	x131: [  0.0757,   0.1757] 
	x132: [ -0.0567,   0.0433] 
	x133: [ -0.3127,  -0.2127] 
	x134: [ -0.0446,   0.0554] 
	x135: [ -0.0288,   0.0712] 
	x136: [  0.0612,   0.1612] 
	x137: [ -0.3158,  -0.2158] 
	x138: [ -0.3238,  -0.2238] 
	x139: [ -0.8403,  -0.7403] 
	x140: [  2.2553,   2.3553] 
	x141: [  0.5823,   0.6823] 
	x142: [  0.9973,   1.0973] 
	x143: [ -1.0461,  -0.9461] 
	x144: [ -1.1599,  -1.0599] 
	x145: [ -1.2784,  -1.1784] 
	x146: [ -2.0466,  -1.9466] 
	x147: [ -0.9499,  -0.8499] 
	x148: [  1.6306,   1.7306] 
	x149: [ -0.5985,  -0.4985] 
	x150: [  0.0686,   0.1686] 
	x151: [  1.2857,   1.3857] 
	x152: [ -1.9851,  -1.8851] 
	x153: [  0.3002,   0.4002] 
	x154: [ -1.3655,  -1.2655] 
	x155: [ -1.3162,  -1.2162] 
	x156: [  0.1789,   0.2789] 
	x157: [  0.2752,   0.3752] 
	x158: [  0.4103,   0.5103] 
	x159: [  0.4578,   0.5578] 
	x160: [ -0.1718,  -0.0718] 
	x161: [  0.3161,   0.4161] 
	x162: [  0.1242,   0.2242] 
	x163: [ -1.1582,  -1.0582] 
	x164: [  0.5064,   0.6064] 
	x165: [  0.4119,   0.5119] 
	x166: [  1.4909,   1.5909] 
	x167: [  6.5430,   6.6430] 
	x168: [ -0.3947,  -0.2947] 
	x169: [ -0.3195,  -0.2195] 
	x170: [  0.7173,   0.8173] 
	x171: [ -1.2647,  -1.1647] 
	x172: [  0.6530,   0.7530] 
	x173: [  0.6588,   0.7588] 
	x174: [ -0.8449,  -0.7449] 
	x175: [  0.6741,   0.7741] 
	x176: [  1.0383,   1.1383] 
	x177: [ -3.3590,  -3.2590] 
	x178: [ -0.9908,  -0.8908] 
	x179: [ -1.3728,  -1.2728] 
	x180: [ -2.1469,  -2.0469] 
	x181: [  0.7834,   0.8834] 
	x182: [  0.9483,   1.0483] 
	x183: [  1.1906,   1.2906] 
	x184: [  0.6367,   0.7367] 
	x185: [  0.0703,   0.1703] 
	x186: [  1.9853,   2.0853] 
	x187: [ -0.9852,  -0.8852] 
	x188: [ -0.3399,  -0.2399] 
	x189: [ -0.6831,  -0.5831] 
	x190: [ -0.3883,  -0.2883] 
	x191: [  1.1796,   1.2796] 
	x192: [ -0.1447,  -0.0447] 
	x193: [  1.2927,   1.3927] 
	x194: [ -0.1567,  -0.0567] 
	x195: [  0.1594,   0.2594] 
	x196: [  0.9814,   1.0814] 
	x197: [ -1.6077,  -1.5077] 
	x198: [ -0.0247,   0.0753] 
	x199: [ -1.8215,  -1.7215] 
	x200: [ -3.1434,  -3.0434] 
	x201: [ -0.4244,  -0.3244] 
	x202: [ -1.5962,  -1.4962] 
	x203: [ -0.1121,  -0.0121] 
	x204: [  2.7544,   2.8544] 
	x205: [ -0.4378,  -0.3378] 
	x206: [ -0.7710,  -0.6710] 
	x207: [ -3.4076,  -3.3076] 
	x208: [  0.9354,   1.0354] 
	x209: [ -0.2481,  -0.1481] 
	x210: [  0.2991,   0.3991] 
	x211: [  0.9400,   1.0400] 
	x212: [ -1.5559,  -1.4559] 
	x213: [  2.1481,   2.2481] 
	x214: [ -2.9769,  -2.8769] 
	x215: [ -0.9886,  -0.8886] 
	x216: [ -0.9663,  -0.8663] 
	x217: [ -0.3054,  -0.2054] 
	x218: [ -0.6903,  -0.5903] 
	x219: [ -0.0187,   0.0813] 
	x220: [  1.1456,   1.2456] 
	x221: [  0.5537,   0.6537] 
	x222: [ -1.9792,  -1.8792] 
	x223: [ -0.4988,  -0.3988] 
	x224: [  0.5343,   0.6343] 
	x225: [  0.3064,   0.4064] 
	x226: [  0.4919,   0.5919] 
	x227: [  0.4204,   0.5204] 
	x228: [  1.1782,   1.2782] 
	x229: [ -1.5275,  -1.4275] 
	x230: [ -1.8068,  -1.7068] 
	x231: [ -1.2076,  -1.1076] 
	x232: [  1.1025,   1.2025] 
	x233: [ -0.2595,  -0.1595] 
	x234: [ -1.7376,  -1.6376] 
	x235: [ -0.5165,  -0.4165] 
	x236: [ -0.0783,   0.0217] 
	x237: [  0.0185,   0.1185] 
	x238: [  1.1914,   1.2914] 
	x239: [  9.4521,   9.5521] 
	x240: [  0.1249,   0.2249] 
	x241: [ -1.6451,  -1.5451] 
	x242: [  0.6345,   0.7345] 
	x243: [ -1.9062,  -1.8062] 
	x244: [ -2.8618,  -2.7618] 
	x245: [ -1.0740,  -0.9740] 
	x246: [ -2.3524,  -2.2524] 
	x247: [  0.0767,   0.1767] 
	x248: [ -1.3199,  -1.2199] 
	x249: [ -1.6809,  -1.5809] 
	x250: [  0.2420,   0.3420] 
	x251: [  0.4773,   0.5773] 
	x252: [ -0.8479,  -0.7479] 
	x253: [  0.7145,   0.8145] 
	x254: [ -0.3277,  -0.2277] 
	x255: [ -0.7587,  -0.6587] 
	x256: [  1.3244,   1.4244] 
	x257: [  1.1673,   1.2673] 
	x258: [ -2.1486,  -2.0486] 
	x259: [  0.2746,   0.3746] 
	x260: [ -0.5400,  -0.4400] 
	x261: [ -0.1453,  -0.0453] 
	x262: [ -0.2273,  -0.1273] 
	x263: [ -0.7581,  -0.6581] 
	x264: [  0.5177,   0.6177] 
	x265: [ -1.0018,  -0.9018] 
	x266: [  1.1082,   1.2082] 
	x267: [  0.3774,   0.4774] 
	x268: [  1.4422,   1.5422] 
	x269: [ -1.3755,  -1.2755] 
	x270: [  1.4711,   1.5711] 
	x271: [  0.5407,   0.6407] 
	x272: [  1.1787,   1.2787] 
	x273: [ -0.7773,  -0.6773] 
	x274: [  0.0018,   0.1018] 
	x275: [  1.4282,   1.5282] 
	x276: [ -0.6874,  -0.5874] 
	x277: [ -0.4955,  -0.3955] 
	x278: [  1.5065,   1.6065] 
	x279: [ -1.6589,  -1.5589] 
	x280: [ -1.3133,  -1.2133] 
	x281: [  0.5339,   0.6339] 
	x282: [  1.3455,   1.4455] 
	x283: [ -0.5701,  -0.4701] 
	x284: [  1.0371,   1.1371] 
	x285: [ -2.3602,  -2.2602] 
	x286: [ -0.2780,  -0.1780] 
	x287: [  1.7870,   1.8870] 
	x288: [  1.2194,   1.3194] 
	x289: [ -2.8551,  -2.7551] 
	x290: [ -1.7781,  -1.6781] 
	x291: [  0.1181,   0.2181] 
	x292: [  0.7024,   0.8024] 
	x293: [ -1.7195,  -1.6195] 
	x294: [  0.0580,   0.1580] 
	x295: [ -0.6695,  -0.5695] 
	x296: [ -0.6439,  -0.5439] 
	x297: [  0.5151,   0.6151] 
	x298: [ -9.3999,  -9.2999] 
	x299: [  1.6788,   1.7788] 
	x300: [ -2.2838,  -2.1838] 
	x301: [ -2.5120,  -2.4120] 
	x302: [  1.5137,   1.6137] 
	x303: [ -0.9626,  -0.8626] 
	x304: [ -0.3630,  -0.2630] 
	x305: [ -2.1619,  -2.0619] 
	x306: [ -1.7400,  -1.6400] 
	x307: [ -2.1080,  -2.0080] 
	x308: [ -1.3522,  -1.2522] 
	x309: [ -2.2207,  -2.1207] 
	x310: [  0.2630,   0.3630] 
	x311: [  1.1060,   1.2060] 
	x312: [ -1.0709,  -0.9709] 
	x313: [ -0.0065,   0.0935] 
	x314: [ -0.2995,  -0.1995] 
	x315: [ -0.0277,   0.0723] 
	x316: [  2.0034,   2.1034] 
	x317: [  1.8799,   1.9799] 
	x318: [  0.0692,   0.1692] 
	x319: [ -0.2080,  -0.1080] 
	x320: [  0.5512,   0.6512] 
	x321: [ -1.9313,  -1.8313] 
	x322: [ -2.2203,  -2.1203] 
	x323: [  0.5725,   0.6725] 
	x324: [  2.2482,   2.3482] 
	x325: [ -1.4822,  -1.3822] 
	x326: [ -1.3467,  -1.2467] 
	x327: [  0.2812,   0.3812] 
	x328: [  2.4819,   2.5819] 
	x329: [ -0.9313,  -0.8313] 
	x330: [ -2.0374,  -1.9374] 
	x331: [  0.9516,   1.0516] 
	x332: [ -0.1267,  -0.0267] 
	x333: [ -1.0446,  -0.9446] 
	x334: [ -1.1604,  -1.0604] 
	x335: [  0.4359,   0.5359] 
	x336: [  0.3606,   0.4606] 
	x337: [  1.6574,   1.7574] 
	x338: [ -1.1819,  -1.0819] 
	x339: [  0.3649,   0.4649] 
	x340: [  0.9576,   1.0576] 
	x341: [  0.0924,   0.1924] 
	x342: [  0.8875,   0.9875] 
	x343: [ -0.5800,  -0.4800] 
	x344: [  0.1719,   0.2719] 
	x345: [  0.0338,   0.1338] 
	x346: [  0.6289,   0.7289] 
	x347: [ -0.6393,  -0.5393] 
	x348: [  1.2298,   1.3298] 
	x349: [ -0.2920,  -0.1920] 
	x350: [ -0.5721,  -0.4721] 
	x351: [ -0.5998,  -0.4998] 
	x352: [ -1.6948,  -1.5948] 
	x353: [  1.1304,   1.2304] 
	x354: [ -0.9991,  -0.8991] 
	x355: [ -1.2753,  -1.1753] 
	x356: [  1.1855,   1.2855] 
	x357: [ -0.1825,  -0.0825] 
	x358: [ -1.1533,  -1.0533] 
	x359: [ -3.0022,  -2.9022] 
	x360: [  1.7456,   1.8456] 
	x361: [  0.6056,   0.7056] 
	x362: [ -1.5257,  -1.4257] 
	x363: [ -1.2529,  -1.1529] 
	x364: [  2.3931,   2.4931] 
	x365: [  0.8164,   0.9164] 
	x366: [ -1.4263,  -1.3263] 
	x367: [ -1.3610,  -1.2610] 
	x368: [  3.4891,   3.5891] 
	x369: [ -0.1472,  -0.0472] 
	x370: [ -0.0916,   0.0084] 
	x371: [ -0.1971,  -0.0971] 
	x372: [ -1.6216,  -1.5216] 
	x373: [  0.0951,   0.1951] 
	x374: [  0.3509,   0.4509] 
	x375: [  0.1504,   0.2504] 
	x376: [  0.1168,   0.2168] 
	x377: [ -0.0210,   0.0790] 
	x378: [  2.4629,   2.5629] 
	x379: [  0.8731,   0.9731] 
	x380: [  2.8734,   2.9734] 
	x381: [ -0.3096,  -0.2096] 
	x382: [  0.6328,   0.7328] 
	x383: [ -1.9126,  -1.8126] 
	x384: [  0.4218,   0.5218] 
	x385: [ -0.4950,  -0.3950] 
	x386: [ -1.6876,  -1.5876] 
	x387: [  1.6390,   1.7390] 
	x388: [  1.3495,   1.4495] 
	x389: [ -3.7041,  -3.6041] 
	x390: [  0.3019,   0.4019] 
	x391: [ -0.0748,   0.0252] 
	x392: [  0.8076,   0.9076] 
	x393: [ -1.9557,  -1.8557] 
	x394: [ -1.0329,  -0.9329] 
	x395: [ -0.8105,  -0.7105] 
	x396: [  0.7253,   0.8253] 
	x397: [ -0.5987,  -0.4987] 
	x398: [  0.8837,   0.9837] 
	x399: [ -0.2895,  -0.1895] 
	x400: [ -1.3916,  -1.2916] 
	x401: [ -2.0739,  -1.9739] 
	x402: [  0.4186,   0.5186] 
	x403: [ -0.2386,  -0.1386] 
	x404: [ -2.3274,  -2.2274] 
	x405: [ -0.7176,  -0.6176] 
	x406: [  1.2902,   1.3902] 
	x407: [  1.5760,   1.6760] 
	x408: [ -0.5064,  -0.4064] 
	x409: [  2.1772,   2.2772] 
	x410: [ -1.3323,  -1.2323] 
	x411: [ -2.0511,  -1.9511] 
	x412: [  0.4843,   0.5843] 
	x413: [  0.8996,   0.9996] 
	x414: [ -0.1977,  -0.0977] 
	x415: [  0.5679,   0.6679] 
	x416: [ -1.8834,  -1.7834] 
	x417: [ -0.0888,   0.0112] 
	x418: [ -2.2823,  -2.1823] 
	x419: [  0.9309,   1.0309] 
	x420: [  0.3232,   0.4232] 
	x421: [  0.8547,   0.9547] 
	x422: [  0.9456,   1.0456] 
	x423: [  0.6204,   0.7204] 
	x424: [ -1.2922,  -1.1922] 
	x425: [  1.5773,   1.6773] 
	x426: [ -2.5336,  -2.4336] 
	x427: [  0.7202,   0.8202] 
	x428: [ -2.0829,  -1.9829] 
	x429: [  0.2517,   0.3517] 
	x430: [ -0.3904,  -0.2904] 
	x431: [  1.7234,   1.8234] 
	x432: [ -1.3800,  -1.2800] 
	x433: [ -2.2744,  -2.1744] 
	x434: [  2.8576,   2.9576] 
	x435: [  1.4115,   1.5115] 
	x436: [ -1.0905,  -0.9905] 
	x437: [ -0.4616,  -0.3616] 
	x438: [  0.0030,   0.1030] 
	x439: [ -0.6309,  -0.5309] 
	x440: [ -2.3722,  -2.2722] 
	x441: [ -0.4867,  -0.3867] 
	x442: [ -2.5611,  -2.4611] 
	x443: [  1.6035,   1.7035] 
	x444: [ -0.2223,  -0.1223] 
	x445: [  0.8211,   0.9211] 
	x446: [ -0.9719,  -0.8719] 
	x447: [ -1.0125,  -0.9125] 
	x448: [ -2.0703,  -1.9703] 
	x449: [  0.0554,   0.1554] 
	x450: [ -0.3333,  -0.2333] 
	x451: [ -2.4932,  -2.3932] 
	x452: [  0.3141,   0.4141] 
	x453: [ -0.3066,  -0.2066] 
	x454: [  0.3818,   0.4818] 
	x455: [ -2.9944,  -2.8944] 
	x456: [ -2.3908,  -2.2908] 
	x457: [  0.5045,   0.6045] 
	x458: [ -0.0386,   0.0614] 
	x459: [  1.1331,   1.2331] 
	x460: [  3.2500,   3.3500] 
	x461: [  1.9063,   2.0063] 
	x462: [ -3.6152,  -3.5152] 
	x463: [ -0.3166,  -0.2166] 
	x464: [ -0.0288,   0.0712] 
	x465: [ -2.5152,  -2.4152] 
	x466: [  1.1421,   1.2421] 
	x467: [ -3.6204,  -3.5204] 
	x468: [ -0.2016,  -0.1016] 
	x469: [  0.5267,   0.6267] 
	x470: [ -0.0040,   0.0960] 
	x471: [ -0.3776,  -0.2776] 
	x472: [ -0.4785,  -0.3785] 
	x473: [ -0.1587,  -0.0587] 
	x474: [ -0.2328,  -0.1328] 
	x475: [ -0.6302,  -0.5302] 
	x476: [  0.6045,   0.7045] 
	x477: [ -0.8942,  -0.7942] 
	x478: [ -0.0526,   0.0474] 
	x479: [  8.0628,   8.1628] 
	x480: [ -2.2888,  -2.1888] 
	x481: [ -1.9294,  -1.8294] 
	x482: [ -1.7003,  -1.6003] 
	x483: [ -0.0317,   0.0683] 
	x484: [  1.8608,   1.9608] 
	x485: [  0.6266,   0.7266] 
	x486: [  1.4372,   1.5372] 
	x487: [ -1.1939,  -1.0939] 
	x488: [  0.0669,   0.1669] 
	x489: [  0.7180,   0.8180] 
	x490: [ -1.1518,  -1.0518] 
	x491: [ -0.8570,  -0.7570] 
	x492: [ -0.9668,  -0.8668] 
	x493: [  0.3436,   0.4436] 
	x494: [ -1.3096,  -1.2096] 
	x495: [  0.0274,   0.1274] 
	x496: [ -2.1618,  -2.0618] 
	x497: [ -0.1429,  -0.0429] 
	x498: [ -0.3157,  -0.2157] 
	x499: [ -0.3485,  -0.2485] 
	x500: [  0.3649,   0.4649] 
	x501: [  0.6215,   0.7215] 
	x502: [ -1.6724,  -1.5724] 
	x503: [  0.0799,   0.1799] 
	x504: [  1.1490,   1.2490] 
	x505: [  2.2747,   2.3747] 
	x506: [ -1.2892,  -1.1892] 
	x507: [ -2.4432,  -2.3432] 
	x508: [ -1.4226,  -1.3226] 
	x509: [ -0.2477,  -0.1477] 
	x510: [ -0.3888,  -0.2888] 
	x511: [ -0.9939,  -0.8939] 

Branching heuristics set to PseudoImpact
unsat
