InputQuery: /home/levn/Workspace/othello_world/queries/probe_robust/game_38_target_63_eps_0.05.txt
Engine::processInputQuery: Input query (before preprocessing): 449 equations, 1216 variables
Engine::processInputQuery: Input query (after preprocessing): 705 equations, 1287 variables

Input bounds:
	x0: [  1.2249,   1.3249] 
	x1: [ -2.0337,  -1.9337] 
	x2: [ -0.2155,  -0.1155] 
	x3: [ -2.0509,  -1.9509] 
	x4: [ -3.0602,  -2.9602] 
	x5: [ -2.8804,  -2.7804] 
	x6: [ -1.1780,  -1.0780] 
	x7: [  0.9832,   1.0832] 
	x8: [ -0.9038,  -0.8038] 
	x9: [ -1.1449,  -1.0449] 
	x10: [ -0.6213,  -0.5213] 
	x11: [ -0.9762,  -0.8762] 
	x12: [ -0.6883,  -0.5883] 
	x13: [ -0.0936,   0.0064] 
	x14: [ -0.5119,  -0.4119] 
	x15: [  0.1716,   0.2716] 
	x16: [  3.4775,   3.5775] 
	x17: [ -1.6133,  -1.5133] 
	x18: [ -1.0686,  -0.9686] 
	x19: [  0.3142,   0.4142] 
	x20: [  0.3384,   0.4384] 
	x21: [ -0.2423,  -0.1423] 
	x22: [  1.9181,   2.0181] 
	x23: [ -2.0877,  -1.9877] 
	x24: [  0.8642,   0.9642] 
	x25: [ -0.5548,  -0.4548] 
	x26: [ -0.1988,  -0.0988] 
	x27: [ -1.0008,  -0.9008] 
	x28: [ -0.1567,  -0.0567] 
	x29: [  0.1580,   0.2580] 
	x30: [ -0.1045,  -0.0045] 
	x31: [ -2.1522,  -2.0522] 
	x32: [ -1.8992,  -1.7992] 
	x33: [  0.9004,   1.0004] 
	x34: [ -0.4510,  -0.3510] 
	x35: [ -0.3771,  -0.2771] 
	x36: [ -0.3518,  -0.2518] 
	x37: [  0.9431,   1.0431] 
	x38: [  2.1362,   2.2362] 
	x39: [ -0.2887,  -0.1887] 
	x40: [ -1.3773,  -1.2773] 
	x41: [  0.3723,   0.4723] 
	x42: [ -0.0528,   0.0472] 
	x43: [ -0.7579,  -0.6579] 
	x44: [  0.0801,   0.1801] 
	x45: [ -0.4344,  -0.3344] 
	x46: [  1.4655,   1.5655] 
	x47: [ -2.4258,  -2.3258] 
	x48: [ -0.1920,  -0.0920] 
	x49: [  0.2728,   0.3728] 
	x50: [  1.9884,   2.0884] 
	x51: [ -1.3543,  -1.2543] 
	x52: [  2.1161,   2.2161] 
	x53: [ -0.3340,  -0.2340] 
	x54: [ -0.4937,  -0.3937] 
	x55: [ -2.5251,  -2.4251] 
	x56: [  1.6974,   1.7974] 
	x57: [ -0.2834,  -0.1834] 
	x58: [ -0.3091,  -0.2091] 
	x59: [  2.9960,   3.0960] 
	x60: [  1.2155,   1.3155] 
	x61: [ -0.0133,   0.0867] 
	x62: [  1.0546,   1.1546] 
	x63: [ -0.4044,  -0.3044] 
	x64: [ -1.2736,  -1.1736] 
	x65: [ -1.4968,  -1.3968] 
	x66: [ -0.4939,  -0.3939] 
	x67: [ -0.1552,  -0.0552] 
	x68: [  0.8693,   0.9693] 
	x69: [ -1.1531,  -1.0531] 
	x70: [ -0.2877,  -0.1877] 
	x71: [  0.0609,   0.1609] 
	x72: [  1.1073,   1.2073] 
	x73: [  0.9768,   1.0768] 
	x74: [ -1.0323,  -0.9323] 
	x75: [  1.5795,   1.6795] 
	x76: [ -0.2605,  -0.1605] 
	x77: [  2.7935,   2.8935] 
	x78: [ -1.3942,  -1.2942] 
	x79: [ -0.1019,  -0.0019] 
	x80: [ -0.1328,  -0.0328] 
	x81: [  1.6488,   1.7488] 
	x82: [ -0.2476,  -0.1476] 
	x83: [ -1.9600,  -1.8600] 
	x84: [ -1.6681,  -1.5681] 
	x85: [  0.6680,   0.7680] 
	x86: [  1.2021,   1.3021] 
	x87: [  4.2142,   4.3142] 
	x88: [  0.4111,   0.5111] 
	x89: [  2.2236,   2.3236] 
	x90: [ -1.2772,  -1.1772] 
	x91: [ -2.5272,  -2.4272] 
	x92: [ -0.7371,  -0.6371] 
	x93: [  0.0697,   0.1697] 
	x94: [ -1.1674,  -1.0674] 
	x95: [ -2.0944,  -1.9944] 
	x96: [ -0.2200,  -0.1200] 
	x97: [ -0.0362,   0.0638] 
	x98: [  1.7823,   1.8823] 
	x99: [ -1.3711,  -1.2711] 
	x100: [ -0.7357,  -0.6357] 
	x101: [ -2.3329,  -2.2329] 
	x102: [ -0.0880,   0.0120] 
	x103: [ -1.6978,  -1.5978] 
	x104: [ -2.5581,  -2.4581] 
	x105: [ -1.2785,  -1.1785] 
	x106: [ -3.1041,  -3.0041] 
	x107: [  0.7947,   0.8947] 
	x108: [  0.9340,   1.0340] 
	x109: [ -1.9632,  -1.8632] 
	x110: [  0.4201,   0.5201] 
	x111: [ -2.1761,  -2.0761] 
	x112: [  0.1594,   0.2594] 
	x113: [  0.8493,   0.9493] 
	x114: [ -0.1848,  -0.0848] 
	x115: [ -1.5870,  -1.4870] 
	x116: [ -0.2895,  -0.1895] 
	x117: [  2.0495,   2.1495] 
	x118: [  0.5831,   0.6831] 
	x119: [ -1.7403,  -1.6403] 
	x120: [  0.3032,   0.4032] 
	x121: [  1.8922,   1.9922] 
	x122: [  0.3130,   0.4130] 
	x123: [ -0.2105,  -0.1105] 
	x124: [ -0.8823,  -0.7823] 
	x125: [ -3.2219,  -3.1219] 
	x126: [ -1.5446,  -1.4446] 
	x127: [  0.4649,   0.5649] 
	x128: [  0.9545,   1.0545] 
	x129: [ -0.4523,  -0.3523] 
	x130: [ -2.1373,  -2.0373] 
	x131: [  1.1700,   1.2700] 
	x132: [  2.2307,   2.3307] 
	x133: [  1.0313,   1.1313] 
	x134: [ -0.5102,  -0.4102] 
	x135: [ -0.4638,  -0.3638] 
	x136: [ -0.8603,  -0.7603] 
	x137: [  0.4460,   0.5460] 
	x138: [ -1.6669,  -1.5669] 
	x139: [  0.6857,   0.7857] 
	x140: [  3.7766,   3.8766] 
	x141: [ -1.3832,  -1.2832] 
	x142: [  1.3238,   1.4238] 
	x143: [ -1.6417,  -1.5417] 
	x144: [ -0.1151,  -0.0151] 
	x145: [ -2.1890,  -2.0890] 
	x146: [ -0.1231,  -0.0231] 
	x147: [ -0.5748,  -0.4748] 
	x148: [  1.5825,   1.6825] 
	x149: [ -0.4021,  -0.3021] 
	x150: [ -3.1214,  -3.0214] 
	x151: [ -2.2541,  -2.1541] 
	x152: [ -1.6378,  -1.5378] 
	x153: [  1.2011,   1.3011] 
	x154: [ -1.2990,  -1.1990] 
	x155: [ -2.2742,  -2.1742] 
	x156: [ -1.5563,  -1.4563] 
	x157: [ -1.2584,  -1.1584] 
	x158: [ -1.2138,  -1.1138] 
	x159: [ -0.3096,  -0.2096] 
	x160: [ -1.0273,  -0.9273] 
	x161: [ -2.0582,  -1.9582] 
	x162: [  1.3986,   1.4986] 
	x163: [  0.2622,   0.3622] 
	x164: [ -1.1501,  -1.0501] 
	x165: [ -0.1290,  -0.0290] 
	x166: [  1.7832,   1.8832] 
	x167: [  4.2672,   4.3672] 
	x168: [ -3.6052,  -3.5052] 
	x169: [ -1.2364,  -1.1364] 
	x170: [ -0.5115,  -0.4115] 
	x171: [ -0.3569,  -0.2569] 
	x172: [  1.3551,   1.4551] 
	x173: [  2.0449,   2.1449] 
	x174: [  1.3800,   1.4800] 
	x175: [ -0.6037,  -0.5037] 
	x176: [  1.1037,   1.2037] 
	x177: [  0.2420,   0.3420] 
	x178: [  1.4997,   1.5997] 
	x179: [ -1.3908,  -1.2908] 
	x180: [ -2.1669,  -2.0669] 
	x181: [ -0.4471,  -0.3471] 
	x182: [ -0.5845,  -0.4845] 
	x183: [ -1.6186,  -1.5186] 
	x184: [  2.4389,   2.5389] 
	x185: [ -4.0684,  -3.9684] 
	x186: [  0.0216,   0.1216] 
	x187: [ -2.2991,  -2.1991] 
	x188: [ -2.0770,  -1.9770] 
	x189: [ -1.4295,  -1.3295] 
	x190: [ -0.4550,  -0.3550] 
	x191: [  2.1493,   2.2493] 
	x192: [ -0.0888,   0.0112] 
	x193: [  2.2019,   2.3019] 
	x194: [ -0.7189,  -0.6189] 
	x195: [ -1.8664,  -1.7664] 
	x196: [ -1.4893,  -1.3893] 
	x197: [ -0.2052,  -0.1052] 
	x198: [  0.7500,   0.8500] 
	x199: [ -0.2679,  -0.1679] 
	x200: [ -0.9208,  -0.8208] 
	x201: [  0.1129,   0.2129] 
	x202: [  0.3566,   0.4566] 
	x203: [  0.2754,   0.3754] 
	x204: [ -2.7245,  -2.6245] 
	x205: [ -2.1464,  -2.0464] 
	x206: [ -0.1996,  -0.0996] 
	x207: [ -2.7878,  -2.6878] 
	x208: [  1.3530,   1.4530] 
	x209: [  1.6287,   1.7287] 
	x210: [  1.1913,   1.2913] 
	x211: [ -0.1734,  -0.0734] 
	x212: [ -1.2982,  -1.1982] 
	x213: [ -0.9429,  -0.8429] 
	x214: [ -1.3804,  -1.2804] 
	x215: [ -1.2966,  -1.1966] 
	x216: [  0.0966,   0.1966] 
	x217: [  0.7324,   0.8324] 
	x218: [  0.3635,   0.4635] 
	x219: [  0.7171,   0.8171] 
	x220: [  0.8784,   0.9784] 
	x221: [  0.8610,   0.9610] 
	x222: [ -0.7873,  -0.6873] 
	x223: [  0.3410,   0.4410] 
	x224: [  0.0019,   0.1019] 
	x225: [ -0.9014,  -0.8014] 
	x226: [  1.8583,   1.9583] 
	x227: [ -1.0181,  -0.9181] 
	x228: [  1.5185,   1.6185] 
	x229: [ -1.5553,  -1.4553] 
	x230: [  0.1736,   0.2736] 
	x231: [ -0.8196,  -0.7196] 
	x232: [ -2.1978,  -2.0978] 
	x233: [ -0.5428,  -0.4428] 
	x234: [  1.1561,   1.2561] 
	x235: [ -0.9062,  -0.8062] 
	x236: [  0.0054,   0.1054] 
	x237: [ -0.4634,  -0.3634] 
	x238: [  0.8881,   0.9881] 
	x239: [  8.3511,   8.4511] 
	x240: [ -0.8655,  -0.7655] 
	x241: [ -1.9951,  -1.8951] 
	x242: [  1.8375,   1.9375] 
	x243: [ -0.8827,  -0.7827] 
	x244: [ -1.6577,  -1.5577] 
	x245: [ -0.0092,   0.0908] 
	x246: [ -1.2946,  -1.1946] 
	x247: [ -0.4500,  -0.3500] 
	x248: [  0.0586,   0.1586] 
	x249: [  0.1587,   0.2587] 
	x250: [ -0.0289,   0.0711] 
	x251: [  1.2412,   1.3412] 
	x252: [  1.0790,   1.1790] 
	x253: [  0.7539,   0.8539] 
	x254: [ -0.2658,  -0.1658] 
	x255: [  0.0478,   0.1478] 
	x256: [ -0.0073,   0.0927] 
	x257: [ -0.1868,  -0.0868] 
	x258: [ -1.4183,  -1.3183] 
	x259: [  1.7985,   1.8985] 
	x260: [  0.1492,   0.2492] 
	x261: [ -1.9138,  -1.8138] 
	x262: [  1.3333,   1.4333] 
	x263: [  0.9346,   1.0346] 
	x264: [ -0.9557,  -0.8557] 
	x265: [ -0.6714,  -0.5714] 
	x266: [ -0.1190,  -0.0190] 
	x267: [  0.0716,   0.1716] 
	x268: [ -0.4787,  -0.3787] 
	x269: [ -0.4956,  -0.3956] 
	x270: [ -2.0599,  -1.9599] 
	x271: [  0.9859,   1.0859] 
	x272: [  0.0513,   0.1513] 
	x273: [  0.4299,   0.5299] 
	x274: [  0.0147,   0.1147] 
	x275: [  1.2230,   1.3230] 
	x276: [  0.0846,   0.1846] 
	x277: [  1.8204,   1.9204] 
	x278: [ -1.6747,  -1.5747] 
	x279: [ -0.2304,  -0.1304] 
	x280: [  0.0509,   0.1509] 
	x281: [ -0.1104,  -0.0104] 
	x282: [  2.0327,   2.1327] 
	x283: [ -2.4591,  -2.3591] 
	x284: [  0.0940,   0.1940] 
	x285: [ -0.5482,  -0.4482] 
	x286: [ -0.4943,  -0.3943] 
	x287: [  0.6256,   0.7256] 
	x288: [ -0.4217,  -0.3217] 
	x289: [ -1.4021,  -1.3021] 
	x290: [  0.2683,   0.3683] 
	x291: [  0.1694,   0.2694] 
	x292: [  0.1130,   0.2130] 
	x293: [ -2.0753,  -1.9753] 
	x294: [  1.2325,   1.3325] 
	x295: [ -0.8080,  -0.7080] 
	x296: [ -0.9862,  -0.8862] 
	x297: [  0.6379,   0.7379] 
	x298: [ -6.9665,  -6.8665] 
	x299: [  1.0999,   1.1999] 
	x300: [  2.2520,   2.3520] 
	x301: [  0.0084,   0.1084] 
	x302: [ -0.3895,  -0.2895] 
	x303: [ -0.4897,  -0.3897] 
	x304: [ -0.7134,  -0.6134] 
	x305: [ -0.7763,  -0.6763] 
	x306: [  2.3720,   2.4720] 
	x307: [ -1.6483,  -1.5483] 
	x308: [  0.8075,   0.9075] 
	x309: [  0.5456,   0.6456] 
	x310: [  1.6861,   1.7861] 
	x311: [  1.4680,   1.5680] 
	x312: [ -0.4348,  -0.3348] 
	x313: [  0.8549,   0.9549] 
	x314: [  1.9691,   2.0691] 
	x315: [  0.8947,   0.9947] 
	x316: [  1.0156,   1.1156] 
	x317: [  1.2011,   1.3011] 
	x318: [  0.9992,   1.0992] 
	x319: [  0.4847,   0.5847] 
	x320: [  1.1579,   1.2579] 
	x321: [ -0.0997,   0.0003] 
	x322: [  0.7422,   0.8422] 
	x323: [  0.1168,   0.2168] 
	x324: [  1.0907,   1.1907] 
	x325: [ -1.6197,  -1.5197] 
	x326: [ -0.0306,   0.0694] 
	x327: [ -1.5156,  -1.4156] 
	x328: [  1.6095,   1.7095] 
	x329: [ -1.5547,  -1.4547] 
	x330: [ -0.2849,  -0.1849] 
	x331: [  1.2839,   1.3839] 
	x332: [ -2.1647,  -2.0647] 
	x333: [  2.0262,   2.1262] 
	x334: [  0.4096,   0.5096] 
	x335: [  0.4375,   0.5375] 
	x336: [ -1.8193,  -1.7193] 
	x337: [ -0.7009,  -0.6009] 
	x338: [ -1.8093,  -1.7093] 
	x339: [ -0.3731,  -0.2731] 
	x340: [ -0.3583,  -0.2583] 
	x341: [  0.2155,   0.3155] 
	x342: [  1.5930,   1.6930] 
	x343: [  0.3371,   0.4371] 
	x344: [  2.6132,   2.7132] 
	x345: [ -0.6413,  -0.5413] 
	x346: [ -1.1326,  -1.0326] 
	x347: [ -1.9752,  -1.8752] 
	x348: [  0.6945,   0.7945] 
	x349: [ -0.1391,  -0.0391] 
	x350: [  0.8535,   0.9535] 
	x351: [ -1.4798,  -1.3798] 
	x352: [  0.2161,   0.3161] 
	x353: [ -2.8749,  -2.7749] 
	x354: [  0.1764,   0.2764] 
	x355: [ -0.3532,  -0.2532] 
	x356: [  0.3641,   0.4641] 
	x357: [  1.0010,   1.1010] 
	x358: [  0.6825,   0.7825] 
	x359: [  0.4964,   0.5964] 
	x360: [ -0.0543,   0.0457] 
	x361: [  0.5934,   0.6934] 
	x362: [ -2.8714,  -2.7714] 
	x363: [ -0.3798,  -0.2798] 
	x364: [ -0.5680,  -0.4680] 
	x365: [  0.3297,   0.4297] 
	x366: [ -2.1067,  -2.0067] 
	x367: [  1.5168,   1.6168] 
	x368: [ -1.6335,  -1.5335] 
	x369: [ -0.2920,  -0.1920] 
	x370: [ -2.0639,  -1.9639] 
	x371: [  0.2011,   0.3011] 
	x372: [  0.9121,   1.0121] 
	x373: [ -0.9771,  -0.8771] 
	x374: [  0.9578,   1.0578] 
	x375: [ -0.3591,  -0.2591] 
	x376: [ -0.3215,  -0.2215] 
	x377: [ -1.5251,  -1.4251] 
	x378: [  0.3824,   0.4824] 
	x379: [ -1.1124,  -1.0124] 
	x380: [  1.9152,   2.0152] 
	x381: [ -0.9206,  -0.8206] 
	x382: [ -0.8340,  -0.7340] 
	x383: [ -1.5142,  -1.4142] 
	x384: [  0.3846,   0.4846] 
	x385: [  0.0085,   0.1085] 
	x386: [ -1.5800,  -1.4800] 
	x387: [  1.6542,   1.7542] 
	x388: [  2.1699,   2.2699] 
	x389: [ -0.0446,   0.0554] 
	x390: [  0.2581,   0.3581] 
	x391: [ -1.6141,  -1.5141] 
	x392: [ -0.9534,  -0.8534] 
	x393: [ -1.2367,  -1.1367] 
	x394: [  0.8674,   0.9674] 
	x395: [ -0.6699,  -0.5699] 
	x396: [ -0.2778,  -0.1778] 
	x397: [ -0.2794,  -0.1794] 
	x398: [ -1.6684,  -1.5684] 
	x399: [  1.0771,   1.1771] 
	x400: [  0.9283,   1.0283] 
	x401: [  1.1420,   1.2420] 
	x402: [  0.0405,   0.1405] 
	x403: [ -1.4005,  -1.3005] 
	x404: [ -0.7859,  -0.6859] 
	x405: [ -0.0416,   0.0584] 
	x406: [  0.2550,   0.3550] 
	x407: [ -1.3907,  -1.2907] 
	x408: [ -1.2150,  -1.1150] 
	x409: [  1.8252,   1.9252] 
	x410: [  1.3573,   1.4573] 
	x411: [  1.1616,   1.2616] 
	x412: [  2.8305,   2.9305] 
	x413: [  0.9385,   1.0385] 
	x414: [ -0.1245,  -0.0245] 
	x415: [  0.5262,   0.6262] 
	x416: [ -0.1037,  -0.0037] 
	x417: [ -2.2286,  -2.1286] 
	x418: [ -2.2289,  -2.1289] 
	x419: [ -1.0199,  -0.9199] 
	x420: [ -0.7094,  -0.6094] 
	x421: [ -0.5986,  -0.4986] 
	x422: [  1.4184,   1.5184] 
	x423: [  1.9337,   2.0337] 
	x424: [  1.9775,   2.0775] 
	x425: [ -1.6848,  -1.5848] 
	x426: [ -4.4025,  -4.3025] 
	x427: [ -2.0576,  -1.9576] 
	x428: [ -0.4790,  -0.3790] 
	x429: [ -1.4985,  -1.3985] 
	x430: [ -1.0991,  -0.9991] 
	x431: [ -2.5366,  -2.4366] 
	x432: [ -0.4024,  -0.3024] 
	x433: [  0.6140,   0.7140] 
	x434: [  1.6741,   1.7741] 
	x435: [ -1.1253,  -1.0253] 
	x436: [ -1.9702,  -1.8702] 
	x437: [  0.5416,   0.6416] 
	x438: [ -1.5889,  -1.4889] 
	x439: [ -0.1329,  -0.0329] 
	x440: [ -2.8617,  -2.7617] 
	x441: [ -1.1025,  -1.0025] 
	x442: [ -0.1345,  -0.0345] 
	x443: [  0.6757,   0.7757] 
	x444: [  2.1163,   2.2163] 
	x445: [  1.7003,   1.8003] 
	x446: [ -0.7808,  -0.6808] 
	x447: [ -0.7260,  -0.6260] 
	x448: [ -2.3448,  -2.2448] 
	x449: [ -0.6519,  -0.5519] 
	x450: [ -1.5674,  -1.4674] 
	x451: [ -1.1899,  -1.0899] 
	x452: [ -0.2499,  -0.1499] 
	x453: [  0.9061,   1.0061] 
	x454: [  1.5246,   1.6246] 
	x455: [ -1.0363,  -0.9363] 
	x456: [  0.3596,   0.4596] 
	x457: [ -1.3300,  -1.2300] 
	x458: [  0.2057,   0.3057] 
	x459: [ -0.3361,  -0.2361] 
	x460: [  3.2537,   3.3537] 
	x461: [  0.6172,   0.7172] 
	x462: [ -0.3718,  -0.2718] 
	x463: [ -0.2649,  -0.1649] 
	x464: [ -0.5149,  -0.4149] 
	x465: [  0.4370,   0.5370] 
	x466: [  1.1429,   1.2429] 
	x467: [ -1.5937,  -1.4937] 
	x468: [  0.3854,   0.4854] 
	x469: [  0.2430,   0.3430] 
	x470: [  1.2317,   1.3317] 
	x471: [  0.2090,   0.3090] 
	x472: [  1.5116,   1.6116] 
	x473: [ -1.6431,  -1.5431] 
	x474: [  0.0444,   0.1444] 
	x475: [ -1.2513,  -1.1513] 
	x476: [  1.2067,   1.3067] 
	x477: [ -1.4180,  -1.3180] 
	x478: [  2.3588,   2.4588] 
	x479: [  6.7596,   6.8596] 
	x480: [ -0.3348,  -0.2348] 
	x481: [  0.8818,   0.9818] 
	x482: [ -1.3022,  -1.2022] 
	x483: [ -1.4283,  -1.3283] 
	x484: [ -0.3429,  -0.2429] 
	x485: [ -0.5633,  -0.4633] 
	x486: [  1.7201,   1.8201] 
	x487: [  0.0941,   0.1941] 
	x488: [ -1.3073,  -1.2073] 
	x489: [ -0.7964,  -0.6964] 
	x490: [ -1.3866,  -1.2866] 
	x491: [  0.3502,   0.4502] 
	x492: [ -0.1381,  -0.0381] 
	x493: [  0.0133,   0.1133] 
	x494: [  0.0560,   0.1560] 
	x495: [  1.6682,   1.7682] 
	x496: [ -0.0235,   0.0765] 
	x497: [  0.0120,   0.1120] 
	x498: [  2.1960,   2.2960] 
	x499: [ -0.6146,  -0.5146] 
	x500: [  0.1580,   0.2580] 
	x501: [ -0.4020,  -0.3020] 
	x502: [ -0.6976,  -0.5976] 
	x503: [ -0.9121,  -0.8121] 
	x504: [  0.5058,   0.6058] 
	x505: [  2.2036,   2.3036] 
	x506: [ -1.1567,  -1.0567] 
	x507: [  1.2541,   1.3541] 
	x508: [ -3.0479,  -2.9479] 
	x509: [ -1.1139,  -1.0139] 
	x510: [ -0.4023,  -0.3023] 
	x511: [ -0.2290,  -0.1290] 

Branching heuristics set to PseudoImpact
unsat
