InputQuery: /home/levn/Workspace/othello_world/queries/probe_robust/game_17_target_36_eps_0.05.txt
Engine::processInputQuery: Input query (before preprocessing): 449 equations, 1216 variables
Engine::processInputQuery: Input query (after preprocessing): 705 equations, 1290 variables

Input bounds:
	x0: [  0.2361,   0.3361] 
	x1: [ -1.9106,  -1.8106] 
	x2: [ -0.1709,  -0.0709] 
	x3: [  0.6100,   0.7100] 
	x4: [  0.7710,   0.8710] 
	x5: [ -1.5399,  -1.4399] 
	x6: [ -0.9695,  -0.8695] 
	x7: [  0.1449,   0.2449] 
	x8: [ -2.9478,  -2.8478] 
	x9: [  1.2257,   1.3257] 
	x10: [ -1.4327,  -1.3327] 
	x11: [ -0.6543,  -0.5543] 
	x12: [  0.6214,   0.7214] 
	x13: [  0.5774,   0.6774] 
	x14: [ -0.5437,  -0.4437] 
	x15: [  4.8124,   4.9124] 
	x16: [  1.5573,   1.6573] 
	x17: [  0.6190,   0.7190] 
	x18: [  0.5752,   0.6752] 
	x19: [  0.5241,   0.6241] 
	x20: [ -2.1994,  -2.0994] 
	x21: [  1.4585,   1.5585] 
	x22: [ -1.0593,  -0.9593] 
	x23: [  0.5290,   0.6290] 
	x24: [ -0.0609,   0.0391] 
	x25: [ -1.6312,  -1.5312] 
	x26: [ -0.4078,  -0.3078] 
	x27: [ -0.1637,  -0.0637] 
	x28: [ -0.5681,  -0.4681] 
	x29: [ -0.1356,  -0.0356] 
	x30: [  0.0061,   0.1061] 
	x31: [  0.3978,   0.4978] 
	x32: [ -0.0753,   0.0247] 
	x33: [  0.0262,   0.1262] 
	x34: [ -0.4570,  -0.3570] 
	x35: [ -1.6417,  -1.5417] 
	x36: [  0.3969,   0.4969] 
	x37: [ -0.4556,  -0.3556] 
	x38: [  0.6561,   0.7561] 
	x39: [ -1.3340,  -1.2340] 
	x40: [ -0.5741,  -0.4741] 
	x41: [  0.7379,   0.8379] 
	x42: [  1.1748,   1.2748] 
	x43: [ -0.2385,  -0.1385] 
	x44: [ -3.0517,  -2.9517] 
	x45: [  2.4785,   2.5785] 
	x46: [ -0.1662,  -0.0662] 
	x47: [ -2.9856,  -2.8856] 
	x48: [  1.3119,   1.4119] 
	x49: [  2.0153,   2.1153] 
	x50: [ -1.3202,  -1.2202] 
	x51: [  1.0200,   1.1200] 
	x52: [  0.7877,   0.8877] 
	x53: [  0.6528,   0.7528] 
	x54: [  0.4988,   0.5988] 
	x55: [ -1.9005,  -1.8005] 
	x56: [  2.5447,   2.6447] 
	x57: [  0.4946,   0.5946] 
	x58: [ -1.1035,  -1.0035] 
	x59: [  2.8102,   2.9102] 
	x60: [ -2.2411,  -2.1411] 
	x61: [ -1.1821,  -1.0821] 
	x62: [ -1.3600,  -1.2600] 
	x63: [ -0.9441,  -0.8441] 
	x64: [ -1.2327,  -1.1327] 
	x65: [  1.3920,   1.4920] 
	x66: [  1.4335,   1.5335] 
	x67: [  0.3750,   0.4750] 
	x68: [  0.2402,   0.3402] 
	x69: [ -3.2645,  -3.1645] 
	x70: [ -0.0305,   0.0695] 
	x71: [ -0.2875,  -0.1875] 
	x72: [  2.1849,   2.2849] 
	x73: [  1.8473,   1.9473] 
	x74: [ -2.8304,  -2.7304] 
	x75: [ -1.3070,  -1.2070] 
	x76: [  0.2141,   0.3141] 
	x77: [  2.0955,   2.1955] 
	x78: [  1.1211,   1.2211] 
	x79: [  1.1558,   1.2558] 
	x80: [  0.2730,   0.3730] 
	x81: [ -1.1152,  -1.0152] 
	x82: [  0.6771,   0.7771] 
	x83: [  2.5301,   2.6301] 
	x84: [  0.6573,   0.7573] 
	x85: [ -1.9887,  -1.8887] 
	x86: [ -0.5736,  -0.4736] 
	x87: [ -0.5957,  -0.4957] 
	x88: [ -0.2861,  -0.1861] 
	x89: [ -0.4408,  -0.3408] 
	x90: [ -2.1693,  -2.0693] 
	x91: [ -1.0451,  -0.9451] 
	x92: [  1.3374,   1.4374] 
	x93: [  2.2699,   2.3699] 
	x94: [ -2.7975,  -2.6975] 
	x95: [  0.5963,   0.6963] 
	x96: [  1.1521,   1.2521] 
	x97: [ -0.6839,  -0.5839] 
	x98: [  0.3286,   0.4286] 
	x99: [  0.1249,   0.2249] 
	x100: [ -1.2516,  -1.1516] 
	x101: [ -0.8654,  -0.7654] 
	x102: [  0.7007,   0.8007] 
	x103: [  1.2970,   1.3970] 
	x104: [ -0.6178,  -0.5178] 
	x105: [ -1.1521,  -1.0521] 
	x106: [  0.2360,   0.3360] 
	x107: [  2.3643,   2.4643] 
	x108: [  1.6877,   1.7877] 
	x109: [  0.0035,   0.1035] 
	x110: [ -0.5904,  -0.4904] 
	x111: [ -1.3776,  -1.2776] 
	x112: [ -0.0982,   0.0018] 
	x113: [  1.0020,   1.1020] 
	x114: [ -2.8094,  -2.7094] 
	x115: [  3.3561,   3.4561] 
	x116: [ -1.5247,  -1.4247] 
	x117: [  0.8422,   0.9422] 
	x118: [ -0.1046,  -0.0046] 
	x119: [  1.2839,   1.3839] 
	x120: [ -3.0303,  -2.9303] 
	x121: [ -0.1495,  -0.0495] 
	x122: [ -0.9645,  -0.8645] 
	x123: [  1.1534,   1.2534] 
	x124: [ -2.1856,  -2.0856] 
	x125: [ -1.4488,  -1.3488] 
	x126: [ -1.9383,  -1.8383] 
	x127: [  0.5391,   0.6391] 
	x128: [ -0.6709,  -0.5709] 
	x129: [ -0.9786,  -0.8786] 
	x130: [  0.4030,   0.5030] 
	x131: [  0.9749,   1.0749] 
	x132: [  1.6253,   1.7253] 
	x133: [ -1.1776,  -1.0776] 
	x134: [ -1.6757,  -1.5757] 
	x135: [ -2.2114,  -2.1114] 
	x136: [  2.1202,   2.2202] 
	x137: [  3.0705,   3.1705] 
	x138: [  2.0359,   2.1359] 
	x139: [  0.5533,   0.6533] 
	x140: [ -0.3045,  -0.2045] 
	x141: [ -1.7691,  -1.6691] 
	x142: [  0.8490,   0.9490] 
	x143: [ -1.8179,  -1.7179] 
	x144: [  3.1991,   3.2991] 
	x145: [  0.1134,   0.2134] 
	x146: [ -0.1299,  -0.0299] 
	x147: [ -0.3315,  -0.2315] 
	x148: [  0.3752,   0.4752] 
	x149: [ -1.8692,  -1.7692] 
	x150: [ -1.0318,  -0.9318] 
	x151: [  0.2858,   0.3858] 
	x152: [ -1.3050,  -1.2050] 
	x153: [ -2.2792,  -2.1792] 
	x154: [ -0.2866,  -0.1866] 
	x155: [  2.3142,   2.4142] 
	x156: [  0.4644,   0.5644] 
	x157: [  1.3249,   1.4249] 
	x158: [  1.2777,   1.3777] 
	x159: [ -0.1958,  -0.0958] 
	x160: [  2.0883,   2.1883] 
	x161: [ -1.6464,  -1.5464] 
	x162: [ -1.3715,  -1.2715] 
	x163: [  0.0068,   0.1068] 
	x164: [ -1.4903,  -1.3903] 
	x165: [ -2.0137,  -1.9137] 
	x166: [ -0.0109,   0.0891] 
	x167: [  1.6439,   1.7439] 
	x168: [ -3.1511,  -3.0511] 
	x169: [  0.8282,   0.9282] 
	x170: [ -0.3156,  -0.2156] 
	x171: [  1.9616,   2.0616] 
	x172: [ -1.7139,  -1.6139] 
	x173: [  0.5514,   0.6514] 
	x174: [ -2.0852,  -1.9852] 
	x175: [  1.3228,   1.4228] 
	x176: [ -1.0983,  -0.9983] 
	x177: [ -0.8126,  -0.7126] 
	x178: [  1.4117,   1.5117] 
	x179: [  2.1763,   2.2763] 
	x180: [ -0.9142,  -0.8142] 
	x181: [ -1.2081,  -1.1081] 
	x182: [  3.5711,   3.6711] 
	x183: [  0.4786,   0.5786] 
	x184: [ -0.8617,  -0.7617] 
	x185: [ -4.0045,  -3.9045] 
	x186: [  0.1530,   0.2530] 
	x187: [ -1.2287,  -1.1287] 
	x188: [  0.8918,   0.9918] 
	x189: [  1.3991,   1.4991] 
	x190: [ -0.6887,  -0.5887] 
	x191: [ -0.5710,  -0.4710] 
	x192: [ -0.3724,  -0.2724] 
	x193: [ -0.7130,  -0.6130] 
	x194: [ -0.1664,  -0.0664] 
	x195: [  0.6576,   0.7576] 
	x196: [ -0.6735,  -0.5735] 
	x197: [ -1.2440,  -1.1440] 
	x198: [  0.5489,   0.6489] 
	x199: [  1.6395,   1.7395] 
	x200: [ -2.2428,  -2.1428] 
	x201: [  1.6555,   1.7555] 
	x202: [  1.3431,   1.4431] 
	x203: [  1.8506,   1.9506] 
	x204: [  0.7911,   0.8911] 
	x205: [  1.0050,   1.1050] 
	x206: [ -1.3461,  -1.2461] 
	x207: [ -1.8631,  -1.7631] 
	x208: [  1.4767,   1.5767] 
	x209: [ -3.2387,  -3.1387] 
	x210: [  0.2865,   0.3865] 
	x211: [ -1.0023,  -0.9023] 
	x212: [  2.7247,   2.8247] 
	x213: [  1.5312,   1.6312] 
	x214: [ -2.1380,  -2.0380] 
	x215: [ -3.6438,  -3.5438] 
	x216: [ -0.2011,  -0.1011] 
	x217: [  2.3306,   2.4306] 
	x218: [ -0.5609,  -0.4609] 
	x219: [ -1.1227,  -1.0227] 
	x220: [ -1.2874,  -1.1874] 
	x221: [  0.9932,   1.0932] 
	x222: [ -0.4572,  -0.3572] 
	x223: [  1.5495,   1.6495] 
	x224: [ -1.9881,  -1.8881] 
	x225: [  0.1686,   0.2686] 
	x226: [  0.8267,   0.9267] 
	x227: [  0.4632,   0.5632] 
	x228: [ -0.2250,  -0.1250] 
	x229: [  0.3400,   0.4400] 
	x230: [  2.2627,   2.3627] 
	x231: [  1.4794,   1.5794] 
	x232: [  0.1284,   0.2284] 
	x233: [ -1.1502,  -1.0502] 
	x234: [ -1.7654,  -1.6654] 
	x235: [  1.2376,   1.3376] 
	x236: [ -2.2924,  -2.1924] 
	x237: [ -0.7818,  -0.6818] 
	x238: [ -1.7758,  -1.6758] 
	x239: [  0.8354,   0.9354] 
	x240: [  1.7444,   1.8444] 
	x241: [ -2.0135,  -1.9135] 
	x242: [ -1.1625,  -1.0625] 
	x243: [ -1.4747,  -1.3747] 
	x244: [ -0.0746,   0.0254] 
	x245: [ -0.3383,  -0.2383] 
	x246: [ -0.7634,  -0.6634] 
	x247: [ -1.7194,  -1.6194] 
	x248: [  4.2855,   4.3855] 
	x249: [  0.7218,   0.8218] 
	x250: [  1.4870,   1.5870] 
	x251: [  1.8203,   1.9203] 
	x252: [  2.2681,   2.3681] 
	x253: [ -0.3874,  -0.2874] 
	x254: [  0.9330,   1.0330] 
	x255: [ -0.6051,  -0.5051] 
	x256: [  1.6606,   1.7606] 
	x257: [  1.4426,   1.5426] 
	x258: [ -1.7095,  -1.6095] 
	x259: [  2.1077,   2.2077] 
	x260: [  1.3350,   1.4350] 
	x261: [  1.9009,   2.0009] 
	x262: [  0.2190,   0.3190] 
	x263: [  0.9634,   1.0634] 
	x264: [ -2.1418,  -2.0418] 
	x265: [ -3.3072,  -3.2072] 
	x266: [  1.7152,   1.8152] 
	x267: [ -0.8585,  -0.7585] 
	x268: [ -0.9783,  -0.8783] 
	x269: [  1.3497,   1.4497] 
	x270: [  0.0793,   0.1793] 
	x271: [ -0.2571,  -0.1571] 
	x272: [ -1.6925,  -1.5925] 
	x273: [  2.1407,   2.2407] 
	x274: [ -0.7936,  -0.6936] 
	x275: [  1.3926,   1.4926] 
	x276: [  0.7853,   0.8853] 
	x277: [ -0.6458,  -0.5458] 
	x278: [ -1.2235,  -1.1235] 
	x279: [  1.5708,   1.6708] 
	x280: [  2.2847,   2.3847] 
	x281: [ -1.1809,  -1.0809] 
	x282: [  0.6034,   0.7034] 
	x283: [ -2.8870,  -2.7870] 
	x284: [ -0.2234,  -0.1234] 
	x285: [  1.1887,   1.2887] 
	x286: [ -2.6521,  -2.5521] 
	x287: [ -0.6863,  -0.5863] 
	x288: [ -0.3741,  -0.2741] 
	x289: [  0.8448,   0.9448] 
	x290: [  0.7066,   0.8066] 
	x291: [ -0.8963,  -0.7963] 
	x292: [  0.0048,   0.1048] 
	x293: [ -0.9778,  -0.8778] 
	x294: [ -1.0995,  -0.9995] 
	x295: [  2.5388,   2.6388] 
	x296: [ -3.0816,  -2.9816] 
	x297: [  1.0256,   1.1256] 
	x298: [ -3.6245,  -3.5245] 
	x299: [ -0.2701,  -0.1701] 
	x300: [  0.5093,   0.6093] 
	x301: [  0.3899,   0.4899] 
	x302: [ -0.7632,  -0.6632] 
	x303: [  0.2472,   0.3472] 
	x304: [ -2.0957,  -1.9957] 
	x305: [ -1.9624,  -1.8624] 
	x306: [ -1.7703,  -1.6703] 
	x307: [  0.5102,   0.6102] 
	x308: [  2.2670,   2.3670] 
	x309: [  1.7650,   1.8650] 
	x310: [ -0.8506,  -0.7506] 
	x311: [  1.4281,   1.5281] 
	x312: [ -3.1307,  -3.0307] 
	x313: [  0.2048,   0.3048] 
	x314: [  0.5283,   0.6283] 
	x315: [  0.4587,   0.5587] 
	x316: [ -1.7906,  -1.6906] 
	x317: [  1.5408,   1.6408] 
	x318: [  1.7264,   1.8264] 
	x319: [  1.6372,   1.7372] 
	x320: [ -2.6030,  -2.5030] 
	x321: [  0.2805,   0.3805] 
	x322: [  0.0947,   0.1947] 
	x323: [  1.2241,   1.3241] 
	x324: [  0.8285,   0.9285] 
	x325: [  0.0772,   0.1772] 
	x326: [ -0.3920,  -0.2920] 
	x327: [ -0.9126,  -0.8126] 
	x328: [  1.6768,   1.7768] 
	x329: [ -1.4802,  -1.3802] 
	x330: [ -0.5613,  -0.4613] 
	x331: [ -1.2740,  -1.1740] 
	x332: [  0.1759,   0.2759] 
	x333: [ -0.9859,  -0.8859] 
	x334: [  0.2736,   0.3736] 
	x335: [  1.1182,   1.2182] 
	x336: [  1.1793,   1.2793] 
	x337: [  1.7825,   1.8825] 
	x338: [  2.2191,   2.3191] 
	x339: [ -0.3249,  -0.2249] 
	x340: [ -0.9818,  -0.8818] 
	x341: [  0.0520,   0.1520] 
	x342: [  0.0050,   0.1050] 
	x343: [  0.6239,   0.7239] 
	x344: [ -0.8991,  -0.7991] 
	x345: [  0.8938,   0.9938] 
	x346: [ -0.7338,  -0.6338] 
	x347: [ -0.8489,  -0.7489] 
	x348: [  0.7846,   0.8846] 
	x349: [ -0.1162,  -0.0162] 
	x350: [  1.3411,   1.4411] 
	x351: [  0.0866,   0.1866] 
	x352: [ -1.3639,  -1.2639] 
	x353: [  2.1357,   2.2357] 
	x354: [ -0.1381,  -0.0381] 
	x355: [  0.4627,   0.5627] 
	x356: [ -1.4632,  -1.3632] 
	x357: [  1.6025,   1.7025] 
	x358: [ -0.0688,   0.0312] 
	x359: [ -1.5893,  -1.4893] 
	x360: [ -2.9710,  -2.8710] 
	x361: [ -0.4111,  -0.3111] 
	x362: [  0.5618,   0.6618] 
	x363: [  2.0268,   2.1268] 
	x364: [  0.6052,   0.7052] 
	x365: [ -1.4553,  -1.3553] 
	x366: [ -1.7790,  -1.6790] 
	x367: [ -0.3986,  -0.2986] 
	x368: [  1.4437,   1.5437] 
	x369: [ -1.0182,  -0.9182] 
	x370: [ -0.5019,  -0.4019] 
	x371: [ -1.3836,  -1.2836] 
	x372: [ -1.3482,  -1.2482] 
	x373: [ -0.9046,  -0.8046] 
	x374: [ -2.5087,  -2.4087] 
	x375: [ -2.3876,  -2.2876] 
	x376: [  1.1754,   1.2754] 
	x377: [ -0.2327,  -0.1327] 
	x378: [  2.9830,   3.0830] 
	x379: [ -1.0234,  -0.9234] 
	x380: [ -3.4659,  -3.3659] 
	x381: [  1.6134,   1.7134] 
	x382: [  1.3780,   1.4780] 
	x383: [ -0.0337,   0.0663] 
	x384: [  1.2820,   1.3820] 
	x385: [ -0.7824,  -0.6824] 
	x386: [ -0.4583,  -0.3583] 
	x387: [  0.6708,   0.7708] 
	x388: [  1.0399,   1.1399] 
	x389: [ -3.2817,  -3.1817] 
	x390: [  0.5364,   0.6364] 
	x391: [ -4.9327,  -4.8327] 
	x392: [  2.0125,   2.1125] 
	x393: [  2.4217,   2.5217] 
	x394: [ -2.0429,  -1.9429] 
	x395: [  1.2697,   1.3697] 
	x396: [ -2.0227,  -1.9227] 
	x397: [ -1.0195,  -0.9195] 
	x398: [ -0.8131,  -0.7131] 
	x399: [ -0.4969,  -0.3969] 
	x400: [  0.6918,   0.7918] 
	x401: [  0.7667,   0.8667] 
	x402: [ -0.2342,  -0.1342] 
	x403: [  0.7397,   0.8397] 
	x404: [  0.5264,   0.6264] 
	x405: [ -1.9055,  -1.8055] 
	x406: [  0.9299,   1.0299] 
	x407: [ -0.5789,  -0.4789] 
	x408: [  0.9543,   1.0543] 
	x409: [  2.0384,   2.1384] 
	x410: [  2.0822,   2.1822] 
	x411: [ -1.9680,  -1.8680] 
	x412: [ -1.2860,  -1.1860] 
	x413: [ -3.2878,  -3.1878] 
	x414: [ -0.7257,  -0.6257] 
	x415: [  1.1585,   1.2585] 
	x416: [ -2.3794,  -2.2794] 
	x417: [ -0.2251,  -0.1251] 
	x418: [  0.6893,   0.7893] 
	x419: [ -0.3818,  -0.2818] 
	x420: [ -0.5941,  -0.4941] 
	x421: [  0.5664,   0.6664] 
	x422: [ -4.8928,  -4.7928] 
	x423: [  0.6085,   0.7085] 
	x424: [ -1.1868,  -1.0868] 
	x425: [  0.0244,   0.1244] 
	x426: [ -3.5554,  -3.4554] 
	x427: [ -0.4801,  -0.3801] 
	x428: [  2.0203,   2.1203] 
	x429: [  0.8092,   0.9092] 
	x430: [ -1.1246,  -1.0246] 
	x431: [ -0.6648,  -0.5648] 
	x432: [ -1.4678,  -1.3678] 
	x433: [  0.0819,   0.1819] 
	x434: [  1.8423,   1.9423] 
	x435: [ -0.3482,  -0.2482] 
	x436: [  0.4737,   0.5737] 
	x437: [ -2.1875,  -2.0875] 
	x438: [ -0.3949,  -0.2949] 
	x439: [ -1.6585,  -1.5585] 
	x440: [ -0.1008,  -0.0008] 
	x441: [  1.7268,   1.8268] 
	x442: [ -0.3154,  -0.2154] 
	x443: [  0.2252,   0.3252] 
	x444: [  0.4544,   0.5544] 
	x445: [ -0.6666,  -0.5666] 
	x446: [ -0.2618,  -0.1618] 
	x447: [ -2.2505,  -2.1505] 
	x448: [ -2.1005,  -2.0005] 
	x449: [ -0.7342,  -0.6342] 
	x450: [  0.4547,   0.5547] 
	x451: [ -0.6136,  -0.5136] 
	x452: [  0.6421,   0.7421] 
	x453: [  0.6946,   0.7946] 
	x454: [ -1.8425,  -1.7425] 
	x455: [ -1.0451,  -0.9451] 
	x456: [ -1.2051,  -1.1051] 
	x457: [ -1.8879,  -1.7879] 
	x458: [  1.5844,   1.6844] 
	x459: [  0.3277,   0.4277] 
	x460: [  3.3477,   3.4477] 
	x461: [  0.1830,   0.2830] 
	x462: [ -0.3462,  -0.2462] 
	x463: [ -3.0300,  -2.9300] 
	x464: [  0.4104,   0.5104] 
	x465: [  0.5796,   0.6796] 
	x466: [ -0.5763,  -0.4763] 
	x467: [ -3.5315,  -3.4315] 
	x468: [  0.4057,   0.5057] 
	x469: [  0.5916,   0.6916] 
	x470: [ -0.6523,  -0.5523] 
	x471: [  1.3833,   1.4833] 
	x472: [  1.4152,   1.5152] 
	x473: [ -1.7462,  -1.6462] 
	x474: [ -0.1573,  -0.0573] 
	x475: [  1.9571,   2.0571] 
	x476: [ -0.1851,  -0.0851] 
	x477: [ -1.6334,  -1.5334] 
	x478: [  1.1540,   1.2540] 
	x479: [  2.8229,   2.9229] 
	x480: [ -2.8693,  -2.7693] 
	x481: [  0.9765,   1.0765] 
	x482: [  0.9324,   1.0324] 
	x483: [  1.2340,   1.3340] 
	x484: [  1.2523,   1.3523] 
	x485: [ -0.0529,   0.0471] 
	x486: [  2.1884,   2.2884] 
	x487: [ -0.1438,  -0.0438] 
	x488: [  1.9911,   2.0911] 
	x489: [ -0.8232,  -0.7232] 
	x490: [  0.8967,   0.9967] 
	x491: [  0.5424,   0.6424] 
	x492: [  0.9054,   1.0054] 
	x493: [ -1.0128,  -0.9128] 
	x494: [  0.8907,   0.9907] 
	x495: [  1.1744,   1.2744] 
	x496: [  1.5020,   1.6020] 
	x497: [  0.7508,   0.8508] 
	x498: [ -0.9453,  -0.8453] 
	x499: [ -2.4915,  -2.3915] 
	x500: [  0.4029,   0.5029] 
	x501: [ -0.7731,  -0.6731] 
	x502: [ -2.5914,  -2.4914] 
	x503: [ -2.1876,  -2.0876] 
	x504: [  0.9318,   1.0318] 
	x505: [  0.8007,   0.9007] 
	x506: [ -2.8070,  -2.7070] 
	x507: [ -3.5327,  -3.4327] 
	x508: [ -1.4616,  -1.3616] 
	x509: [ -0.8838,  -0.7838] 
	x510: [  0.6847,   0.7847] 
	x511: [ -0.8160,  -0.7160] 

Branching heuristics set to PseudoImpact

Engine::solve: Initial statistics

16:32:59 Statistics update:
	--- Time Statistics ---
	Total time elapsed: 501 milli (00:00:00)
		Main loop: 0 milli (00:00:00)
		Preprocessing time: 220 milli (00:00:00)
		Unknown: 280 milli (00:00:00)
	Breakdown for main loop:
		[0.00%] Simplex steps: 0 milli
		[0.00%] Explicit-basis bound tightening: 0 milli
		[0.00%] Constraint-matrix bound tightening: 0 milli
		[0.00%] Degradation checking: 0 milli
		[0.00%] Precision restoration: 0 milli
		[0.00%] Statistics handling: 0 milli
		[0.00%] Constraint-fixing steps: 0 milli
		[0.00%] Valid case splits: 0 milli. Average per split: 0.00 milli
		[0.00%] Applying stored bound-tightening: 0 milli
		[0.00%] SMT core: 0 milli
		[0.00%] Symbolic Bound Tightening: 12 milli
		[0.00%] SoI-based local search: 0 milli
		[0.00%] SoI-based local search: 0 milli
		[0.00%] Unaccounted for: 0 milli
	--- Preprocessor Statistics ---
	Number of preprocessor bound-tightening loop iterations: 3
	Number of eliminated variables: 183
	Number of constraints removed due to variable elimination: 183
	Number of equations removed due to variable elimination: 0
	--- Engine Statistics ---
	Number of main loop iterations: 1
		0 iterations were simplex steps. Total time: 0 milli. Average: 0.00 milli.
		0 iterations were constraint-fixing steps. Total time: 0 milli. Average: 0.00 milli
	Number of active piecewise-linear constraints: 73 / 73
		Constraints disabled by valid splits: 0. By SMT-originated splits: 0
	Last reported degradation: 0.0000000000. Max degradation so far: 0.0000000000. Restorations so far: 0
	Number of simplex pivots we attempted to skip because of instability: 0.
	Unstable pivots performed anyway: 0
	--- Tableau Statistics ---
	Total number of pivots performed: 0
		Real pivots: 0. Degenerate: 0 (0.00%)
		Degenerate pivots by request (e.g., to fix a PL constraint): 0 (0.00%)
		Average time per pivot: 0.00 milli
	Total number of fake pivots performed: 0
	Total number of rows added: 0. Number of merged columns: 0
	Current tableau dimensions: M = 705, N = 1995
	--- SMT Core Statistics ---
	Total depth is 0. Total visited states: 1. Number of splits: 0. Number of pops: 0
	Max stack depth: 0
	--- Bound Tightening Statistics ---
	Number of tightened bounds: 0.
		Number of rows examined by row tightener: 0. Consequent tightenings: 0
		Number of explicit basis matrices examined by row tightener: 0. Consequent tightenings: 0
		Number of bound tightening rounds on the entire constraint matrix: 0. Consequent tightenings: 0
		Number of bound notifications sent to PL constraints: 438. Tightenings proposed: 0
	--- Basis Factorization statistics ---
	Number of basis refactorizations: 2
	--- Projected Steepest Edge Statistics ---
	Number of iterations: 0.
	Number of resets to reference space: 1. Avg. iterations per reset: 0
	--- SBT ---
	Number of tightened bounds: 385
	--- SoI-based local search ---
	Number of proposed phase pattern update: 0. Number of accepted update: 0 [0.00%]
	Total time (% of local search time) updating SoI phase pattern : 0 milli [0.00%]
	Total time obtaining current assignment: 0 milli [0.00%]
	Total time getting SoI phase pattern : 0 milli [0.00%]
	--- Context dependent statistics ---
	Number of pushes / pops: 0 / 0
		[0.00%] Pre-Push hook: 0 milli
		[0.00%] Push : 0 milli
		[0.00%] Post-Pop hook: 0 milli
		[0.00%] Pop : 0 milli
		[0.00%] Total context-switching time: 0 milli
	--- Proof Certificate ---
	Number of certified leaves: 0
	Number of leaves to delegate: 0

---

16:33:13 Statistics update:
	--- Time Statistics ---
	Total time elapsed: 14999 milli (00:00:14)
		Main loop: 14438 milli (00:00:14)
		Preprocessing time: 220 milli (00:00:00)
		Unknown: 340 milli (00:00:00)
	Breakdown for main loop:
		[92.31%] Simplex steps: 13327 milli
		[4.47%] Explicit-basis bound tightening: 645 milli
		[0.00%] Constraint-matrix bound tightening: 0 milli
		[1.44%] Degradation checking: 207 milli
		[0.00%] Precision restoration: 0 milli
		[0.07%] Statistics handling: 10 milli
		[0.00%] Constraint-fixing steps: 0 milli
		[0.00%] Valid case splits: 0 milli. Average per split: 0.00 milli
		[0.00%] Applying stored bound-tightening: 0 milli
		[0.03%] SMT core: 3 milli
		[1.68%] Symbolic Bound Tightening: 242 milli
		[59.74%] SoI-based local search: 8625 milli
		[0.00%] SoI-based local search: 0 milli
		[0.00%] Unaccounted for: 0 milli
	--- Preprocessor Statistics ---
	Number of preprocessor bound-tightening loop iterations: 3
	Number of eliminated variables: 183
	Number of constraints removed due to variable elimination: 183
	Number of equations removed due to variable elimination: 0
	--- Engine Statistics ---
	Number of main loop iterations: 10000
		9941 iterations were simplex steps. Total time: 13327 milli. Average: 1.34 milli.
		0 iterations were constraint-fixing steps. Total time: 0 milli. Average: 0.00 milli
	Number of active piecewise-linear constraints: 45 / 73
		Constraints disabled by valid splits: 0. By SMT-originated splits: 28
	Last reported degradation: 0.0000000000. Max degradation so far: 0.0000089588. Restorations so far: 0
	Number of simplex pivots we attempted to skip because of instability: 0.
	Unstable pivots performed anyway: 0
	--- Tableau Statistics ---
	Total number of pivots performed: 9005
		Real pivots: 9005. Degenerate: 0 (0.00%)
		Degenerate pivots by request (e.g., to fix a PL constraint): 0 (0.00%)
		Average time per pivot: 0.27 milli
	Total number of fake pivots performed: 743
	Total number of rows added: 0. Number of merged columns: 0
	Current tableau dimensions: M = 705, N = 1995
	--- SMT Core Statistics ---
	Total depth is 28. Total visited states: 29. Number of splits: 28. Number of pops: 0
	Max stack depth: 28
	--- Bound Tightening Statistics ---
	Number of tightened bounds: 5393.
		Number of rows examined by row tightener: 9005. Consequent tightenings: 0
		Number of explicit basis matrices examined by row tightener: 3. Consequent tightenings: 368
		Number of bound tightening rounds on the entire constraint matrix: 0. Consequent tightenings: 0
		Number of bound notifications sent to PL constraints: 932. Tightenings proposed: 0
	--- Basis Factorization statistics ---
	Number of basis refactorizations: 73
	--- Projected Steepest Edge Statistics ---
	Number of iterations: 9748.
	Number of resets to reference space: 10. Avg. iterations per reset: 974
	--- SBT ---
	Number of tightened bounds: 5778
	--- SoI-based local search ---
	Number of proposed phase pattern update: 72. Number of accepted update: 44 [61.11%]
	Total time (% of local search time) updating SoI phase pattern : 8906 milli [0.10%]
	Total time obtaining current assignment: 17589 milli [0.20%]
	Total time getting SoI phase pattern : 1924 milli [0.01%]
	--- Context dependent statistics ---
	Number of pushes / pops: 28 / 0
		[0.02%] Pre-Push hook: 2 milli
		[0.00%] Push : 0 milli
		[0.00%] Post-Pop hook: 0 milli
		[0.00%] Pop : 0 milli
		[0.02%] Total context-switching time: 2 milli
	--- Proof Certificate ---
	Number of certified leaves: 0
	Number of leaves to delegate: 0

16:33:27 Statistics update:
	--- Time Statistics ---
	Total time elapsed: 28783 milli (00:00:28)
		Main loop: 28228 milli (00:00:28)
		Preprocessing time: 220 milli (00:00:00)
		Unknown: 334 milli (00:00:00)
	Breakdown for main loop:
		[94.08%] Simplex steps: 26556 milli
		[2.29%] Explicit-basis bound tightening: 645 milli
		[0.00%] Constraint-matrix bound tightening: 0 milli
		[1.46%] Degradation checking: 412 milli
		[0.00%] Precision restoration: 0 milli
		[0.07%] Statistics handling: 20 milli
		[0.00%] Constraint-fixing steps: 0 milli
		[0.00%] Valid case splits: 0 milli. Average per split: 0.00 milli
		[0.00%] Applying stored bound-tightening: 0 milli
		[0.03%] SMT core: 9 milli
		[1.75%] Symbolic Bound Tightening: 494 milli
		[65.32%] SoI-based local search: 18438 milli
		[0.00%] SoI-based local search: 0 milli
		[0.31%] Unaccounted for: 87 milli
	--- Preprocessor Statistics ---
	Number of preprocessor bound-tightening loop iterations: 3
	Number of eliminated variables: 183
	Number of constraints removed due to variable elimination: 183
	Number of equations removed due to variable elimination: 0
	--- Engine Statistics ---
	Number of main loop iterations: 20000
		19877 iterations were simplex steps. Total time: 26556 milli. Average: 1.34 milli.
		0 iterations were constraint-fixing steps. Total time: 0 milli. Average: 0.00 milli
	Number of active piecewise-linear constraints: 13 / 73
		Constraints disabled by valid splits: 0. By SMT-originated splits: 60
	Last reported degradation: 0.0000000000. Max degradation so far: 0.0017633047. Restorations so far: 0
	Number of simplex pivots we attempted to skip because of instability: 0.
	Unstable pivots performed anyway: 0
	--- Tableau Statistics ---
	Total number of pivots performed: 17658
		Real pivots: 17658. Degenerate: 0 (0.00%)
		Degenerate pivots by request (e.g., to fix a PL constraint): 0 (0.00%)
		Average time per pivot: 0.27 milli
	Total number of fake pivots performed: 1715
	Total number of rows added: 0. Number of merged columns: 0
	Current tableau dimensions: M = 705, N = 1995
	--- SMT Core Statistics ---
	Total depth is 60. Total visited states: 61. Number of splits: 60. Number of pops: 0
	Max stack depth: 60
	--- Bound Tightening Statistics ---
	Number of tightened bounds: 11538.
		Number of rows examined by row tightener: 17658. Consequent tightenings: 0
		Number of explicit basis matrices examined by row tightener: 3. Consequent tightenings: 368
		Number of bound tightening rounds on the entire constraint matrix: 0. Consequent tightenings: 0
		Number of bound notifications sent to PL constraints: 996. Tightenings proposed: 0
	--- Basis Factorization statistics ---
	Number of basis refactorizations: 138
	--- Projected Steepest Edge Statistics ---
	Number of iterations: 19373.
	Number of resets to reference space: 20. Avg. iterations per reset: 968
	--- SBT ---
	Number of tightened bounds: 11923
	--- SoI-based local search ---
	Number of proposed phase pattern update: 201. Number of accepted update: 141 [70.15%]
	Total time (% of local search time) updating SoI phase pattern : 18486 milli [0.10%]
	Total time obtaining current assignment: 48433 milli [0.26%]
	Total time getting SoI phase pattern : 3245 milli [0.01%]
	--- Context dependent statistics ---
	Number of pushes / pops: 60 / 0
		[0.03%] Pre-Push hook: 7 milli
		[0.00%] Push : 0 milli
		[0.00%] Post-Pop hook: 0 milli
		[0.00%] Pop : 0 milli
		[0.03%] Total context-switching time: 7 milli
	--- Proof Certificate ---
	Number of certified leaves: 0
	Number of leaves to delegate: 0

16:33:41 Statistics update:
	--- Time Statistics ---
	Total time elapsed: 42761 milli (00:00:42)
		Main loop: 41970 milli (00:00:41)
		Preprocessing time: 220 milli (00:00:00)
		Unknown: 570 milli (00:00:00)
	Breakdown for main loop:
		[94.68%] Simplex steps: 39739 milli
		[2.10%] Explicit-basis bound tightening: 881 milli
		[0.00%] Constraint-matrix bound tightening: 0 milli
		[1.49%] Degradation checking: 623 milli
		[0.00%] Precision restoration: 0 milli
		[0.07%] Statistics handling: 30 milli
		[0.00%] Constraint-fixing steps: 0 milli
		[0.00%] Valid case splits: 0 milli. Average per split: 0.00 milli
		[0.00%] Applying stored bound-tightening: 0 milli
		[0.06%] SMT core: 26 milli
		[1.72%] Symbolic Bound Tightening: 721 milli
		[72.63%] SoI-based local search: 30482 milli
		[0.00%] SoI-based local search: 0 milli
		[43951601040846.82%] Unaccounted for: 0 milli
	--- Preprocessor Statistics ---
	Number of preprocessor bound-tightening loop iterations: 3
	Number of eliminated variables: 183
	Number of constraints removed due to variable elimination: 183
	Number of equations removed due to variable elimination: 0
	--- Engine Statistics ---
	Number of main loop iterations: 30000
		29833 iterations were simplex steps. Total time: 39739 milli. Average: 1.33 milli.
		0 iterations were constraint-fixing steps. Total time: 0 milli. Average: 0.00 milli
	Number of active piecewise-linear constraints: 8 / 73
		Constraints disabled by valid splits: 0. By SMT-originated splits: 65
	Last reported degradation: 0.0000000000. Max degradation so far: 0.0017633047. Restorations so far: 0
	Number of simplex pivots we attempted to skip because of instability: 0.
	Unstable pivots performed anyway: 0
	--- Tableau Statistics ---
	Total number of pivots performed: 26232
		Real pivots: 26227. Degenerate: 5 (0.02%)
		Degenerate pivots by request (e.g., to fix a PL constraint): 0 (0.00%)
		Average time per pivot: 0.27 milli
	Total number of fake pivots performed: 2632
	Total number of rows added: 0. Number of merged columns: 0
	Current tableau dimensions: M = 705, N = 1995
	--- SMT Core Statistics ---
	Total depth is 65. Total visited states: 90. Number of splits: 76. Number of pops: 13
	Max stack depth: 68
	--- Bound Tightening Statistics ---
	Number of tightened bounds: 17130.
		Number of rows examined by row tightener: 26232. Consequent tightenings: 10
		Number of explicit basis matrices examined by row tightener: 4. Consequent tightenings: 371
		Number of bound tightening rounds on the entire constraint matrix: 0. Consequent tightenings: 0
		Number of bound notifications sent to PL constraints: 1047. Tightenings proposed: 0
	--- Basis Factorization statistics ---
	Number of basis refactorizations: 205
	--- Projected Steepest Edge Statistics ---
	Number of iterations: 28864.
	Number of resets to reference space: 40. Avg. iterations per reset: 721
	--- SBT ---
	Number of tightened bounds: 17515
	--- SoI-based local search ---
	Number of proposed phase pattern update: 430. Number of accepted update: 354 [82.33%]
	Total time (% of local search time) updating SoI phase pattern : 23284 milli [0.08%]
	Total time obtaining current assignment: 98400 milli [0.32%]
	Total time getting SoI phase pattern : 3564 milli [0.01%]
	--- Context dependent statistics ---
	Number of pushes / pops: 89 / 24
		[0.02%] Pre-Push hook: 9 milli
		[0.00%] Push : 0 milli
		[0.00%] Post-Pop hook: 0 milli
		[0.00%] Pop : 0 milli
		[0.03%] Total context-switching time: 10 milli
	--- Proof Certificate ---
	Number of certified leaves: 0
	Number of leaves to delegate: 0

16:33:55 Statistics update:
	--- Time Statistics ---
	Total time elapsed: 57104 milli (00:00:57)
		Main loop: 54287 milli (00:00:54)
		Preprocessing time: 220 milli (00:00:00)
		Unknown: 2595 milli (00:00:02)
	Breakdown for main loop:
		[98.71%] Simplex steps: 53588 milli
		[1.62%] Explicit-basis bound tightening: 881 milli
		[0.00%] Constraint-matrix bound tightening: 0 milli
		[1.54%] Degradation checking: 834 milli
		[0.00%] Precision restoration: 0 milli
		[0.07%] Statistics handling: 39 milli
		[0.00%] Constraint-fixing steps: 0 milli
		[0.00%] Valid case splits: 0 milli. Average per split: 0.00 milli
		[0.00%] Applying stored bound-tightening: 1 milli
		[0.07%] SMT core: 38 milli
		[1.63%] Symbolic Bound Tightening: 884 milli
		[80.36%] SoI-based local search: 43624 milli
		[0.00%] SoI-based local search: 0 milli
		[33979804206612.55%] Unaccounted for: 0 milli
	--- Preprocessor Statistics ---
	Number of preprocessor bound-tightening loop iterations: 3
	Number of eliminated variables: 183
	Number of constraints removed due to variable elimination: 183
	Number of equations removed due to variable elimination: 0
	--- Engine Statistics ---
	Number of main loop iterations: 40000
		39801 iterations were simplex steps. Total time: 53588 milli. Average: 1.35 milli.
		0 iterations were constraint-fixing steps. Total time: 0 milli. Average: 0.00 milli
	Number of active piecewise-linear constraints: 3 / 73
		Constraints disabled by valid splits: 0. By SMT-originated splits: 70
	Last reported degradation: 0.0000000000. Max degradation so far: 0.0017633047. Restorations so far: 0
	Number of simplex pivots we attempted to skip because of instability: 0.
	Unstable pivots performed anyway: 0
	--- Tableau Statistics ---
	Total number of pivots performed: 35236
		Real pivots: 35230. Degenerate: 6 (0.02%)
		Degenerate pivots by request (e.g., to fix a PL constraint): 0 (0.00%)
		Average time per pivot: 0.28 milli
	Total number of fake pivots performed: 3095
	Total number of rows added: 0. Number of merged columns: 0
	Current tableau dimensions: M = 705, N = 1995
	--- SMT Core Statistics ---
	Total depth is 70. Total visited states: 111. Number of splits: 87. Number of pops: 23
	Max stack depth: 71
	--- Bound Tightening Statistics ---
	Number of tightened bounds: 20726.
		Number of rows examined by row tightener: 35236. Consequent tightenings: 20
		Number of explicit basis matrices examined by row tightener: 4. Consequent tightenings: 371
		Number of bound tightening rounds on the entire constraint matrix: 0. Consequent tightenings: 0
		Number of bound notifications sent to PL constraints: 1081. Tightenings proposed: 0
	--- Basis Factorization statistics ---
	Number of basis refactorizations: 281
	--- Projected Steepest Edge Statistics ---
	Number of iterations: 38331.
	Number of resets to reference space: 58. Avg. iterations per reset: 660
	--- SBT ---
	Number of tightened bounds: 21111
	--- SoI-based local search ---
	Number of proposed phase pattern update: 696. Number of accepted update: 609 [87.50%]
	Total time (% of local search time) updating SoI phase pattern : 26555 milli [0.06%]
	Total time obtaining current assignment: 153320 milli [0.35%]
	Total time getting SoI phase pattern : 3704 milli [0.01%]
	--- Context dependent statistics ---
	Number of pushes / pops: 110 / 40
		[0.02%] Pre-Push hook: 10 milli
		[0.00%] Push : 0 milli
		[0.00%] Post-Pop hook: 1 milli
		[0.00%] Pop : 0 milli
		[0.02%] Total context-switching time: 12 milli
	--- Proof Certificate ---
	Number of certified leaves: 0
	Number of leaves to delegate: 0

16:34:10 Statistics update:
	--- Time Statistics ---
	Total time elapsed: 71988 milli (00:01:11)
		Main loop: 65448 milli (00:01:05)
		Preprocessing time: 220 milli (00:00:00)
		Unknown: 6319 milli (00:00:06)
	Breakdown for main loop:
		[103.66%] Simplex steps: 67843 milli
		[1.70%] Explicit-basis bound tightening: 1115 milli
		[0.00%] Constraint-matrix bound tightening: 0 milli
		[1.61%] Degradation checking: 1050 milli
		[0.00%] Precision restoration: 0 milli
		[0.08%] Statistics handling: 50 milli
		[0.00%] Constraint-fixing steps: 0 milli
		[0.00%] Valid case splits: 0 milli. Average per split: 0.00 milli
		[0.00%] Applying stored bound-tightening: 1 milli
		[0.07%] SMT core: 43 milli
		[1.43%] Symbolic Bound Tightening: 938 milli
		[88.37%] SoI-based local search: 57836 milli
		[0.00%] SoI-based local search: 0 milli
		[28185122418291.62%] Unaccounted for: 0 milli
	--- Preprocessor Statistics ---
	Number of preprocessor bound-tightening loop iterations: 3
	Number of eliminated variables: 183
	Number of constraints removed due to variable elimination: 183
	Number of equations removed due to variable elimination: 0
	--- Engine Statistics ---
	Number of main loop iterations: 50000
		49791 iterations were simplex steps. Total time: 67843 milli. Average: 1.36 milli.
		0 iterations were constraint-fixing steps. Total time: 0 milli. Average: 0.00 milli
	Number of active piecewise-linear constraints: 3 / 73
		Constraints disabled by valid splits: 0. By SMT-originated splits: 70
	Last reported degradation: 0.0000000000. Max degradation so far: 0.0017633047. Restorations so far: 0
	Number of simplex pivots we attempted to skip because of instability: 0.
	Unstable pivots performed anyway: 0
	--- Tableau Statistics ---
	Total number of pivots performed: 44445
		Real pivots: 44438. Degenerate: 7 (0.02%)
		Degenerate pivots by request (e.g., to fix a PL constraint): 0 (0.00%)
		Average time per pivot: 0.29 milli
	Total number of fake pivots performed: 3308
	Total number of rows added: 0. Number of merged columns: 0
	Current tableau dimensions: M = 705, N = 1995
	--- SMT Core Statistics ---
	Total depth is 70. Total visited states: 118. Number of splits: 90. Number of pops: 27
	Max stack depth: 71
	--- Bound Tightening Statistics ---
	Number of tightened bounds: 21965.
		Number of rows examined by row tightener: 44445. Consequent tightenings: 35
		Number of explicit basis matrices examined by row tightener: 5. Consequent tightenings: 373
		Number of bound tightening rounds on the entire constraint matrix: 0. Consequent tightenings: 0
		Number of bound notifications sent to PL constraints: 1113. Tightenings proposed: 0
	--- Basis Factorization statistics ---
	Number of basis refactorizations: 363
	--- Projected Steepest Edge Statistics ---
	Number of iterations: 47753.
	Number of resets to reference space: 70. Avg. iterations per reset: 682
	--- SBT ---
	Number of tightened bounds: 22350
	--- SoI-based local search ---
	Number of proposed phase pattern update: 1010. Number of accepted update: 920 [91.09%]
	Total time (% of local search time) updating SoI phase pattern : 27490 milli [0.05%]
	Total time obtaining current assignment: 222994 milli [0.39%]
	Total time getting SoI phase pattern : 3748 milli [0.01%]
	--- Context dependent statistics ---
	Number of pushes / pops: 117 / 47
		[0.02%] Pre-Push hook: 10 milli
		[0.00%] Push : 0 milli
		[0.00%] Post-Pop hook: 1 milli
		[0.00%] Pop : 0 milli
		[0.02%] Total context-switching time: 13 milli
	--- Proof Certificate ---
	Number of certified leaves: 0
	Number of leaves to delegate: 0

16:34:25 Statistics update:
	--- Time Statistics ---
	Total time elapsed: 86788 milli (00:01:26)
		Main loop: 77593 milli (00:01:17)
		Preprocessing time: 220 milli (00:00:00)
		Unknown: 8974 milli (00:00:08)
	Breakdown for main loop:
		[106.07%] Simplex steps: 82305 milli
		[1.44%] Explicit-basis bound tightening: 1115 milli
		[0.00%] Constraint-matrix bound tightening: 0 milli
		[1.63%] Degradation checking: 1267 milli
		[0.00%] Precision restoration: 0 milli
		[0.08%] Statistics handling: 60 milli
		[0.00%] Constraint-fixing steps: 0 milli
		[0.00%] Valid case splits: 0 milli. Average per split: 0.00 milli
		[0.00%] Applying stored bound-tightening: 1 milli
		[0.06%] SMT core: 43 milli
		[1.22%] Symbolic Bound Tightening: 946 milli
		[93.43%] SoI-based local search: 72496 milli
		[0.00%] SoI-based local search: 0 milli
		[23773695601823.86%] Unaccounted for: 0 milli
	--- Preprocessor Statistics ---
	Number of preprocessor bound-tightening loop iterations: 3
	Number of eliminated variables: 183
	Number of constraints removed due to variable elimination: 183
	Number of equations removed due to variable elimination: 0
	--- Engine Statistics ---
	Number of main loop iterations: 60000
		59789 iterations were simplex steps. Total time: 82305 milli. Average: 1.38 milli.
		0 iterations were constraint-fixing steps. Total time: 0 milli. Average: 0.00 milli
	Number of active piecewise-linear constraints: 2 / 73
		Constraints disabled by valid splits: 0. By SMT-originated splits: 71
	Last reported degradation: 0.0000000000. Max degradation so far: 0.0017633047. Restorations so far: 0
	Number of simplex pivots we attempted to skip because of instability: 0.
	Unstable pivots performed anyway: 0
	--- Tableau Statistics ---
	Total number of pivots performed: 53802
		Real pivots: 53794. Degenerate: 8 (0.01%)
		Degenerate pivots by request (e.g., to fix a PL constraint): 0 (0.00%)
		Average time per pivot: 0.30 milli
	Total number of fake pivots performed: 3484
	Total number of rows added: 0. Number of merged columns: 0
	Current tableau dimensions: M = 705, N = 1995
	--- SMT Core Statistics ---
	Total depth is 71. Total visited states: 119. Number of splits: 91. Number of pops: 27
	Max stack depth: 71
	--- Bound Tightening Statistics ---
	Number of tightened bounds: 22100.
		Number of rows examined by row tightener: 53802. Consequent tightenings: 42
		Number of explicit basis matrices examined by row tightener: 5. Consequent tightenings: 373
		Number of bound tightening rounds on the entire constraint matrix: 0. Consequent tightenings: 0
		Number of bound notifications sent to PL constraints: 1126. Tightenings proposed: 0
	--- Basis Factorization statistics ---
	Number of basis refactorizations: 448
	--- Projected Steepest Edge Statistics ---
	Number of iterations: 57286.
	Number of resets to reference space: 80. Avg. iterations per reset: 716
	--- SBT ---
	Number of tightened bounds: 22485
	--- SoI-based local search ---
	Number of proposed phase pattern update: 1289. Number of accepted update: 1198 [92.94%]
	Total time (% of local search time) updating SoI phase pattern : 27809 milli [0.04%]
	Total time obtaining current assignment: 284354 milli [0.39%]
	Total time getting SoI phase pattern : 3765 milli [0.00%]
	--- Context dependent statistics ---
	Number of pushes / pops: 118 / 47
		[0.01%] Pre-Push hook: 10 milli
		[0.00%] Push : 0 milli
		[0.00%] Post-Pop hook: 1 milli
		[0.00%] Pop : 0 milli
		[0.02%] Total context-switching time: 13 milli
	--- Proof Certificate ---
	Number of certified leaves: 0
	Number of leaves to delegate: 0

16:34:40 Statistics update:
	--- Time Statistics ---
	Total time elapsed: 101593 milli (00:01:41)
		Main loop: 77593 milli (00:01:17)
		Preprocessing time: 220 milli (00:00:00)
		Unknown: 23779 milli (00:00:23)
	Breakdown for main loop:
		[124.74%] Simplex steps: 96788 milli
		[1.44%] Explicit-basis bound tightening: 1115 milli
		[0.00%] Constraint-matrix bound tightening: 0 milli
		[1.91%] Degradation checking: 1481 milli
		[0.00%] Precision restoration: 0 milli
		[0.09%] Statistics handling: 70 milli
		[0.00%] Constraint-fixing steps: 0 milli
		[0.00%] Valid case splits: 0 milli. Average per split: 0.00 milli
		[0.00%] Applying stored bound-tightening: 1 milli
		[0.06%] SMT core: 43 milli
		[1.22%] Symbolic Bound Tightening: 946 milli
		[112.56%] SoI-based local search: 87336 milli
		[0.00%] SoI-based local search: 0 milli
		[23773695601804.91%] Unaccounted for: 0 milli
	--- Preprocessor Statistics ---
	Number of preprocessor bound-tightening loop iterations: 3
	Number of eliminated variables: 183
	Number of constraints removed due to variable elimination: 183
	Number of equations removed due to variable elimination: 0
	--- Engine Statistics ---
	Number of main loop iterations: 70000
		69789 iterations were simplex steps. Total time: 96788 milli. Average: 1.39 milli.
		0 iterations were constraint-fixing steps. Total time: 0 milli. Average: 0.00 milli
	Number of active piecewise-linear constraints: 2 / 73
		Constraints disabled by valid splits: 0. By SMT-originated splits: 71
	Last reported degradation: 0.0000000000. Max degradation so far: 0.0017633047. Restorations so far: 0
	Number of simplex pivots we attempted to skip because of instability: 0.
	Unstable pivots performed anyway: 0
	--- Tableau Statistics ---
	Total number of pivots performed: 63243
		Real pivots: 63235. Degenerate: 8 (0.01%)
		Degenerate pivots by request (e.g., to fix a PL constraint): 0 (0.00%)
		Average time per pivot: 0.31 milli
	Total number of fake pivots performed: 3614
	Total number of rows added: 0. Number of merged columns: 0
	Current tableau dimensions: M = 705, N = 1995
	--- SMT Core Statistics ---
	Total depth is 71. Total visited states: 119. Number of splits: 91. Number of pops: 27
	Max stack depth: 71
	--- Bound Tightening Statistics ---
	Number of tightened bounds: 22100.
		Number of rows examined by row tightener: 63243. Consequent tightenings: 48
		Number of explicit basis matrices examined by row tightener: 5. Consequent tightenings: 373
		Number of bound tightening rounds on the entire constraint matrix: 0. Consequent tightenings: 0
		Number of bound notifications sent to PL constraints: 1132. Tightenings proposed: 0
	--- Basis Factorization statistics ---
	Number of basis refactorizations: 533
	--- Projected Steepest Edge Statistics ---
	Number of iterations: 66857.
	Number of resets to reference space: 91. Avg. iterations per reset: 734
	--- SBT ---
	Number of tightened bounds: 22485
	--- SoI-based local search ---
	Number of proposed phase pattern update: 1558. Number of accepted update: 1466 [94.09%]
	Total time (% of local search time) updating SoI phase pattern : 27813 milli [0.03%]
	Total time obtaining current assignment: 340856 milli [0.39%]
	Total time getting SoI phase pattern : 3770 milli [0.00%]
	--- Context dependent statistics ---
	Number of pushes / pops: 118 / 47
		[0.01%] Pre-Push hook: 10 milli
		[0.00%] Push : 0 milli
		[0.00%] Post-Pop hook: 1 milli
		[0.00%] Pop : 0 milli
		[0.02%] Total context-switching time: 13 milli
	--- Proof Certificate ---
	Number of certified leaves: 0
	Number of leaves to delegate: 0
Performing precision restoration. Degradation before: 0.000000000001540. After: 0.000000000001224

16:34:58 Statistics update:
	--- Time Statistics ---
	Total time elapsed: 119752 milli (00:01:59)
		Main loop: 118665 milli (00:01:58)
		Preprocessing time: 220 milli (00:00:00)
		Unknown: 866 milli (00:00:00)
	Breakdown for main loop:
		[93.86%] Simplex steps: 111382 milli
		[3.01%] Explicit-basis bound tightening: 3577 milli
		[0.00%] Constraint-matrix bound tightening: 0 milli
		[1.43%] Degradation checking: 1695 milli
		[0.30%] Precision restoration: 350 milli
		[0.07%] Statistics handling: 80 milli
		[0.00%] Constraint-fixing steps: 0 milli
		[0.00%] Valid case splits: 0 milli. Average per split: 0.00 milli
		[0.00%] Applying stored bound-tightening: 1 milli
		[0.05%] SMT core: 59 milli
		[0.94%] Symbolic Bound Tightening: 1118 milli
		[84.65%] SoI-based local search: 100454 milli
		[0.00%] SoI-based local search: 0 milli
		[0.34%] Unaccounted for: 400 milli
	--- Preprocessor Statistics ---
	Number of preprocessor bound-tightening loop iterations: 3
	Number of eliminated variables: 183
	Number of constraints removed due to variable elimination: 183
	Number of equations removed due to variable elimination: 0
	--- Engine Statistics ---
	Number of main loop iterations: 80000
		79755 iterations were simplex steps. Total time: 111382 milli. Average: 1.40 milli.
		0 iterations were constraint-fixing steps. Total time: 0 milli. Average: 0.00 milli
	Number of active piecewise-linear constraints: 9 / 73
		Constraints disabled by valid splits: 0. By SMT-originated splits: 64
	Last reported degradation: 0.0000000000. Max degradation so far: 0.0098929476. Restorations so far: 1
	Number of simplex pivots we attempted to skip because of instability: 0.
	Unstable pivots performed anyway: 0
	--- Tableau Statistics ---
	Total number of pivots performed: 72437
		Real pivots: 72427. Degenerate: 10 (0.01%)
		Degenerate pivots by request (e.g., to fix a PL constraint): 0 (0.00%)
		Average time per pivot: 0.31 milli
	Total number of fake pivots performed: 3986
	Total number of rows added: 0. Number of merged columns: 0
	Current tableau dimensions: M = 705, N = 1995
	--- SMT Core Statistics ---
	Total depth is 64. Total visited states: 141. Number of splits: 101. Number of pops: 39
	Max stack depth: 71
	--- Bound Tightening Statistics ---
	Number of tightened bounds: 25980.
		Number of rows examined by row tightener: 72437. Consequent tightenings: 61
		Number of explicit basis matrices examined by row tightener: 16. Consequent tightenings: 454
		Number of bound tightening rounds on the entire constraint matrix: 0. Consequent tightenings: 0
		Number of bound notifications sent to PL constraints: 1206. Tightenings proposed: 0
	--- Basis Factorization statistics ---
	Number of basis refactorizations: 613
	--- Projected Steepest Edge Statistics ---
	Number of iterations: 76423.
	Number of resets to reference space: 113. Avg. iterations per reset: 676
	--- SBT ---
	Number of tightened bounds: 26365
	--- SoI-based local search ---
	Number of proposed phase pattern update: 1759. Number of accepted update: 1656 [94.14%]
	Total time (% of local search time) updating SoI phase pattern : 31249 milli [0.03%]
	Total time obtaining current assignment: 388462 milli [0.39%]
	Total time getting SoI phase pattern : 4013 milli [0.00%]
	--- Context dependent statistics ---
	Number of pushes / pops: 140 / 76
		[0.01%] Pre-Push hook: 11 milli
		[0.00%] Push : 0 milli
		[0.00%] Post-Pop hook: 2 milli
		[0.00%] Pop : 3 milli
		[0.01%] Total context-switching time: 17 milli
	--- Proof Certificate ---
	Number of certified leaves: 0
	Number of leaves to delegate: 0

16:35:14 Statistics update:
	--- Time Statistics ---
	Total time elapsed: 135516 milli (00:02:15)
		Main loop: 134200 milli (00:02:14)
		Preprocessing time: 220 milli (00:00:00)
		Unknown: 1095 milli (00:00:01)
	Breakdown for main loop:
		[93.79%] Simplex steps: 125862 milli
		[3.04%] Explicit-basis bound tightening: 4085 milli
		[0.00%] Constraint-matrix bound tightening: 0 milli
		[1.41%] Degradation checking: 1896 milli
		[0.26%] Precision restoration: 350 milli
		[0.07%] Statistics handling: 90 milli
		[0.00%] Constraint-fixing steps: 0 milli
		[0.00%] Valid case splits: 0 milli. Average per split: 0.00 milli
		[0.00%] Applying stored bound-tightening: 1 milli
		[0.06%] SMT core: 74 milli
		[0.99%] Symbolic Bound Tightening: 1321 milli
		[84.73%] SoI-based local search: 113705 milli
		[0.00%] SoI-based local search: 0 milli
		[0.39%] Unaccounted for: 518 milli
	--- Preprocessor Statistics ---
	Number of preprocessor bound-tightening loop iterations: 3
	Number of eliminated variables: 183
	Number of constraints removed due to variable elimination: 183
	Number of equations removed due to variable elimination: 0
	--- Engine Statistics ---
	Number of main loop iterations: 90000
		89715 iterations were simplex steps. Total time: 125862 milli. Average: 1.40 milli.
		0 iterations were constraint-fixing steps. Total time: 0 milli. Average: 0.00 milli
	Number of active piecewise-linear constraints: 5 / 73
		Constraints disabled by valid splits: 0. By SMT-originated splits: 68
	Last reported degradation: 0.0000000000. Max degradation so far: 0.0098929476. Restorations so far: 1
	Number of simplex pivots we attempted to skip because of instability: 0.
	Unstable pivots performed anyway: 0
	--- Tableau Statistics ---
	Total number of pivots performed: 81485
		Real pivots: 81474. Degenerate: 11 (0.01%)
		Degenerate pivots by request (e.g., to fix a PL constraint): 0 (0.00%)
		Average time per pivot: 0.30 milli
	Total number of fake pivots performed: 4442
	Total number of rows added: 0. Number of merged columns: 0
	Current tableau dimensions: M = 705, N = 1995
	--- SMT Core Statistics ---
	Total depth is 68. Total visited states: 167. Number of splits: 115. Number of pops: 51
	Max stack depth: 71
	--- Bound Tightening Statistics ---
	Number of tightened bounds: 30621.
		Number of rows examined by row tightener: 81485. Consequent tightenings: 85
		Number of explicit basis matrices examined by row tightener: 19. Consequent tightenings: 459
		Number of bound tightening rounds on the entire constraint matrix: 0. Consequent tightenings: 0
		Number of bound notifications sent to PL constraints: 1273. Tightenings proposed: 0
	--- Basis Factorization statistics ---
	Number of basis refactorizations: 689
	--- Projected Steepest Edge Statistics ---
	Number of iterations: 85927.
	Number of resets to reference space: 132. Avg. iterations per reset: 650
	--- SBT ---
	Number of tightened bounds: 31006
	--- SoI-based local search ---
	Number of proposed phase pattern update: 1999. Number of accepted update: 1883 [94.20%]
	Total time (% of local search time) updating SoI phase pattern : 35490 milli [0.03%]
	Total time obtaining current assignment: 439165 milli [0.39%]
	Total time getting SoI phase pattern : 4141 milli [0.00%]
	--- Context dependent statistics ---
	Number of pushes / pops: 166 / 98
		[0.01%] Pre-Push hook: 12 milli
		[0.00%] Push : 0 milli
		[0.00%] Post-Pop hook: 3 milli
		[0.00%] Pop : 3 milli
		[0.01%] Total context-switching time: 19 milli
	--- Proof Certificate ---
	Number of certified leaves: 0
	Number of leaves to delegate: 0

16:35:29 Statistics update:
	--- Time Statistics ---
	Total time elapsed: 150805 milli (00:02:30)
		Main loop: 150126 milli (00:02:30)
		Preprocessing time: 220 milli (00:00:00)
		Unknown: 458 milli (00:00:00)
	Breakdown for main loop:
		[93.56%] Simplex steps: 140454 milli
		[2.89%] Explicit-basis bound tightening: 4336 milli
		[0.00%] Constraint-matrix bound tightening: 0 milli
		[1.40%] Degradation checking: 2096 milli
		[0.23%] Precision restoration: 350 milli
		[0.07%] Statistics handling: 99 milli
		[0.00%] Constraint-fixing steps: 0 milli
		[0.00%] Valid case splits: 0 milli. Average per split: 0.00 milli
		[0.00%] Applying stored bound-tightening: 1 milli
		[0.05%] SMT core: 82 milli
		[0.94%] Symbolic Bound Tightening: 1415 milli
		[85.22%] SoI-based local search: 127935 milli
		[0.00%] SoI-based local search: 0 milli
		[0.86%] Unaccounted for: 1288 milli
	--- Preprocessor Statistics ---
	Number of preprocessor bound-tightening loop iterations: 3
	Number of eliminated variables: 183
	Number of constraints removed due to variable elimination: 183
	Number of equations removed due to variable elimination: 0
	--- Engine Statistics ---
	Number of main loop iterations: 100000
		99697 iterations were simplex steps. Total time: 140454 milli. Average: 1.41 milli.
		0 iterations were constraint-fixing steps. Total time: 0 milli. Average: 0.00 milli
	Number of active piecewise-linear constraints: 6 / 73
		Constraints disabled by valid splits: 0. By SMT-originated splits: 67
	Last reported degradation: 0.0000000000. Max degradation so far: 0.0098929476. Restorations so far: 1
	Number of simplex pivots we attempted to skip because of instability: 5.
	Unstable pivots performed anyway: 0
	--- Tableau Statistics ---
	Total number of pivots performed: 90563
		Real pivots: 90550. Degenerate: 13 (0.01%)
		Degenerate pivots by request (e.g., to fix a PL constraint): 0 (0.00%)
		Average time per pivot: 0.30 milli
	Total number of fake pivots performed: 4783
	Total number of rows added: 0. Number of merged columns: 0
	Current tableau dimensions: M = 705, N = 1995
	--- SMT Core Statistics ---
	Total depth is 67. Total visited states: 179. Number of splits: 121. Number of pops: 57
	Max stack depth: 71
	--- Bound Tightening Statistics ---
	Number of tightened bounds: 32646.
		Number of rows examined by row tightener: 90563. Consequent tightenings: 98
		Number of explicit basis matrices examined by row tightener: 20. Consequent tightenings: 459
		Number of bound tightening rounds on the entire constraint matrix: 0. Consequent tightenings: 0
		Number of bound notifications sent to PL constraints: 1303. Tightenings proposed: 0
	--- Basis Factorization statistics ---
	Number of basis refactorizations: 767
	--- Projected Steepest Edge Statistics ---
	Number of iterations: 95351.
	Number of resets to reference space: 145. Avg. iterations per reset: 657
	--- SBT ---
	Number of tightened bounds: 33031
	--- SoI-based local search ---
	Number of proposed phase pattern update: 2309. Number of accepted update: 2187 [94.72%]
	Total time (% of local search time) updating SoI phase pattern : 37392 milli [0.03%]
	Total time obtaining current assignment: 501609 milli [0.39%]
	Total time getting SoI phase pattern : 4208 milli [0.00%]
	--- Context dependent statistics ---
	Number of pushes / pops: 178 / 111
		[0.01%] Pre-Push hook: 12 milli
		[0.00%] Push : 0 milli
		[0.00%] Post-Pop hook: 3 milli
		[0.00%] Pop : 3 milli
		[0.01%] Total context-switching time: 20 milli
	--- Proof Certificate ---
	Number of certified leaves: 0
	Number of leaves to delegate: 0

16:35:46 Statistics update:
	--- Time Statistics ---
	Total time elapsed: 167730 milli (00:02:47)
		Main loop: 167213 milli (00:02:47)
		Preprocessing time: 220 milli (00:00:00)
		Unknown: 297 milli (00:00:00)
	Breakdown for main loop:
		[92.79%] Simplex steps: 155154 milli
		[3.50%] Explicit-basis bound tightening: 5859 milli
		[0.00%] Constraint-matrix bound tightening: 0 milli
		[1.37%] Degradation checking: 2297 milli
		[0.21%] Precision restoration: 350 milli
		[0.07%] Statistics handling: 109 milli
		[0.00%] Constraint-fixing steps: 0 milli
		[0.00%] Valid case splits: 0 milli. Average per split: 0.00 milli
		[0.00%] Applying stored bound-tightening: 1 milli
		[0.06%] SMT core: 94 milli
		[0.93%] Symbolic Bound Tightening: 1549 milli
		[84.94%] SoI-based local search: 142026 milli
		[0.00%] SoI-based local search: 0 milli
		[1.07%] Unaccounted for: 1795 milli
	--- Preprocessor Statistics ---
	Number of preprocessor bound-tightening loop iterations: 3
	Number of eliminated variables: 183
	Number of constraints removed due to variable elimination: 183
	Number of equations removed due to variable elimination: 0
	--- Engine Statistics ---
	Number of main loop iterations: 110000
		109666 iterations were simplex steps. Total time: 155154 milli. Average: 1.41 milli.
		0 iterations were constraint-fixing steps. Total time: 0 milli. Average: 0.00 milli
	Number of active piecewise-linear constraints: 11 / 73
		Constraints disabled by valid splits: 0. By SMT-originated splits: 62
	Last reported degradation: 0.0000000000. Max degradation so far: 0.0098929476. Restorations so far: 1
	Number of simplex pivots we attempted to skip because of instability: 5.
	Unstable pivots performed anyway: 0
	--- Tableau Statistics ---
	Total number of pivots performed: 99736
		Real pivots: 99721. Degenerate: 15 (0.02%)
		Degenerate pivots by request (e.g., to fix a PL constraint): 0 (0.00%)
		Average time per pivot: 0.30 milli
	Total number of fake pivots performed: 5120
	Total number of rows added: 0. Number of merged columns: 0
	Current tableau dimensions: M = 705, N = 1995
	--- SMT Core Statistics ---
	Total depth is 62. Total visited states: 196. Number of splits: 128. Number of pops: 67
	Max stack depth: 71
	--- Bound Tightening Statistics ---
	Number of tightened bounds: 35661.
		Number of rows examined by row tightener: 99736. Consequent tightenings: 114
		Number of explicit basis matrices examined by row tightener: 27. Consequent tightenings: 743
		Number of bound tightening rounds on the entire constraint matrix: 0. Consequent tightenings: 0
		Number of bound notifications sent to PL constraints: 1373. Tightenings proposed: 0
	--- Basis Factorization statistics ---
	Number of basis refactorizations: 846
	--- Projected Steepest Edge Statistics ---
	Number of iterations: 104861.
	Number of resets to reference space: 166. Avg. iterations per reset: 631
	--- SBT ---
	Number of tightened bounds: 36046
	--- SoI-based local search ---
	Number of proposed phase pattern update: 2560. Number of accepted update: 2430 [94.92%]
	Total time (% of local search time) updating SoI phase pattern : 40848 milli [0.03%]
	Total time obtaining current assignment: 553219 milli [0.39%]
	Total time getting SoI phase pattern : 4280 milli [0.00%]
	--- Context dependent statistics ---
	Number of pushes / pops: 195 / 133
		[0.01%] Pre-Push hook: 13 milli
		[0.00%] Push : 0 milli
		[0.00%] Post-Pop hook: 4 milli
		[0.00%] Pop : 4 milli
		[0.01%] Total context-switching time: 22 milli
	--- Proof Certificate ---
	Number of certified leaves: 0
	Number of leaves to delegate: 0

16:36:07 Statistics update:
	--- Time Statistics ---
	Total time elapsed: 189138 milli (00:03:09)
		Main loop: 188634 milli (00:03:08)
		Preprocessing time: 220 milli (00:00:00)
		Unknown: 282 milli (00:00:00)
	Breakdown for main loop:
		[89.58%] Simplex steps: 168981 milli
		[6.64%] Explicit-basis bound tightening: 12524 milli
		[0.00%] Constraint-matrix bound tightening: 0 milli
		[1.33%] Degradation checking: 2507 milli
		[0.19%] Precision restoration: 350 milli
		[0.06%] Statistics handling: 120 milli
		[0.00%] Constraint-fixing steps: 0 milli
		[0.00%] Valid case splits: 1 milli. Average per split: 0.00 milli
		[0.00%] Applying stored bound-tightening: 1 milli
		[0.07%] SMT core: 129 milli
		[0.99%] Symbolic Bound Tightening: 1875 milli
		[80.04%] SoI-based local search: 150987 milli
		[0.00%] SoI-based local search: 0 milli
		[1.14%] Unaccounted for: 2143 milli
	--- Preprocessor Statistics ---
	Number of preprocessor bound-tightening loop iterations: 3
	Number of eliminated variables: 183
	Number of constraints removed due to variable elimination: 183
	Number of equations removed due to variable elimination: 0
	--- Engine Statistics ---
	Number of main loop iterations: 120000
		119621 iterations were simplex steps. Total time: 168981 milli. Average: 1.41 milli.
		0 iterations were constraint-fixing steps. Total time: 0 milli. Average: 0.00 milli
	Number of active piecewise-linear constraints: 26 / 73
		Constraints disabled by valid splits: 0. By SMT-originated splits: 47
	Last reported degradation: 0.0000000000. Max degradation so far: 0.0222050889. Restorations so far: 1
	Number of simplex pivots we attempted to skip because of instability: 5.
	Unstable pivots performed anyway: 0
	--- Tableau Statistics ---
	Total number of pivots performed: 108742
		Real pivots: 108715. Degenerate: 27 (0.02%)
		Degenerate pivots by request (e.g., to fix a PL constraint): 0 (0.00%)
		Average time per pivot: 0.30 milli
	Total number of fake pivots performed: 5798
	Total number of rows added: 0. Number of merged columns: 0
	Current tableau dimensions: M = 705, N = 1995
	--- SMT Core Statistics ---
	Total depth is 47. Total visited states: 237. Number of splits: 141. Number of pops: 95
	Max stack depth: 71
	--- Bound Tightening Statistics ---
	Number of tightened bounds: 43374.
		Number of rows examined by row tightener: 108742. Consequent tightenings: 320
		Number of explicit basis matrices examined by row tightener: 54. Consequent tightenings: 1422
		Number of bound tightening rounds on the entire constraint matrix: 0. Consequent tightenings: 0
		Number of bound notifications sent to PL constraints: 1903. Tightenings proposed: 0
	--- Basis Factorization statistics ---
	Number of basis refactorizations: 918
	--- Projected Steepest Edge Statistics ---
	Number of iterations: 114545.
	Number of resets to reference space: 202. Avg. iterations per reset: 567
	--- SBT ---
	Number of tightened bounds: 43759
	--- SoI-based local search ---
	Number of proposed phase pattern update: 2673. Number of accepted update: 2528 [94.58%]
	Total time (% of local search time) updating SoI phase pattern : 46061 milli [0.03%]
	Total time obtaining current assignment: 579537 milli [0.38%]
	Total time getting SoI phase pattern : 4794 milli [0.00%]
	--- Context dependent statistics ---
	Number of pushes / pops: 236 / 189
		[0.01%] Pre-Push hook: 14 milli
		[0.00%] Push : 0 milli
		[0.00%] Post-Pop hook: 6 milli
		[0.00%] Pop : 6 milli
		[0.01%] Total context-switching time: 27 milli
	--- Proof Certificate ---
	Number of certified leaves: 0
	Number of leaves to delegate: 0

16:36:27 Statistics update:
	--- Time Statistics ---
	Total time elapsed: 209327 milli (00:03:29)
		Main loop: 208823 milli (00:03:28)
		Preprocessing time: 220 milli (00:00:00)
		Unknown: 283 milli (00:00:00)
	Breakdown for main loop:
		[87.73%] Simplex steps: 183193 milli
		[8.21%] Explicit-basis bound tightening: 17150 milli
		[0.00%] Constraint-matrix bound tightening: 0 milli
		[1.30%] Degradation checking: 2715 milli
		[0.17%] Precision restoration: 350 milli
		[0.06%] Statistics handling: 130 milli
		[0.00%] Constraint-fixing steps: 0 milli
		[0.00%] Valid case splits: 2 milli. Average per split: 0.00 milli
		[0.00%] Applying stored bound-tightening: 2 milli
		[0.07%] SMT core: 149 milli
		[1.03%] Symbolic Bound Tightening: 2153 milli
		[77.00%] SoI-based local search: 160794 milli
		[0.00%] SoI-based local search: 0 milli
		[1.43%] Unaccounted for: 2975 milli
	--- Preprocessor Statistics ---
	Number of preprocessor bound-tightening loop iterations: 3
	Number of eliminated variables: 183
	Number of constraints removed due to variable elimination: 183
	Number of equations removed due to variable elimination: 0
	--- Engine Statistics ---
	Number of main loop iterations: 130000
		129563 iterations were simplex steps. Total time: 183193 milli. Average: 1.41 milli.
		0 iterations were constraint-fixing steps. Total time: 0 milli. Average: 0.00 milli
	Number of active piecewise-linear constraints: 16 / 73
		Constraints disabled by valid splits: 3. By SMT-originated splits: 54
	Last reported degradation: 0.0000000000. Max degradation so far: 0.0222050889. Restorations so far: 1
	Number of simplex pivots we attempted to skip because of instability: 5.
	Unstable pivots performed anyway: 0
	--- Tableau Statistics ---
	Total number of pivots performed: 117725
		Real pivots: 117695. Degenerate: 30 (0.03%)
		Degenerate pivots by request (e.g., to fix a PL constraint): 0 (0.00%)
		Average time per pivot: 0.30 milli
	Total number of fake pivots performed: 6479
	Total number of rows added: 0. Number of merged columns: 0
	Current tableau dimensions: M = 705, N = 1995
	--- SMT Core Statistics ---
	Total depth is 54. Total visited states: 272. Number of splits: 161. Number of pops: 110
	Max stack depth: 71
	--- Bound Tightening Statistics ---
	Number of tightened bounds: 50011.
		Number of rows examined by row tightener: 117725. Consequent tightenings: 455
		Number of explicit basis matrices examined by row tightener: 75. Consequent tightenings: 2512
		Number of bound tightening rounds on the entire constraint matrix: 0. Consequent tightenings: 0
		Number of bound notifications sent to PL constraints: 2497. Tightenings proposed: 0
	--- Basis Factorization statistics ---
	Number of basis refactorizations: 991
	--- Projected Steepest Edge Statistics ---
	Number of iterations: 124209.
	Number of resets to reference space: 229. Avg. iterations per reset: 542
	--- SBT ---
	Number of tightened bounds: 50396
	--- SoI-based local search ---
	Number of proposed phase pattern update: 2786. Number of accepted update: 2620 [94.04%]
	Total time (% of local search time) updating SoI phase pattern : 54402 milli [0.03%]
	Total time obtaining current assignment: 606930 milli [0.38%]
	Total time getting SoI phase pattern : 5684 milli [0.00%]
	--- Context dependent statistics ---
	Number of pushes / pops: 271 / 217
		[0.01%] Pre-Push hook: 16 milli
		[0.00%] Push : 0 milli
		[0.00%] Post-Pop hook: 7 milli
		[0.00%] Pop : 7 milli
		[0.01%] Total context-switching time: 30 milli
	--- Proof Certificate ---
	Number of certified leaves: 0
	Number of leaves to delegate: 0

16:36:50 Statistics update:
	--- Time Statistics ---
	Total time elapsed: 231516 milli (00:03:51)
		Main loop: 230037 milli (00:03:50)
		Preprocessing time: 220 milli (00:00:00)
		Unknown: 1258 milli (00:00:01)
	Breakdown for main loop:
		[85.41%] Simplex steps: 196474 milli
		[10.47%] Explicit-basis bound tightening: 24086 milli
		[0.00%] Constraint-matrix bound tightening: 0 milli
		[1.27%] Degradation checking: 2924 milli
		[0.15%] Precision restoration: 350 milli
		[0.06%] Statistics handling: 140 milli
		[0.00%] Constraint-fixing steps: 0 milli
		[0.00%] Valid case splits: 2 milli. Average per split: 0.00 milli
		[0.00%] Applying stored bound-tightening: 2 milli
		[0.08%] SMT core: 188 milli
		[1.10%] Symbolic Bound Tightening: 2527 milli
		[73.39%] SoI-based local search: 168826 milli
		[0.00%] SoI-based local search: 0 milli
		[1.45%] Unaccounted for: 3340 milli
	--- Preprocessor Statistics ---
	Number of preprocessor bound-tightening loop iterations: 3
	Number of eliminated variables: 183
	Number of constraints removed due to variable elimination: 183
	Number of equations removed due to variable elimination: 0
	--- Engine Statistics ---
	Number of main loop iterations: 140000
		139499 iterations were simplex steps. Total time: 196474 milli. Average: 1.41 milli.
		0 iterations were constraint-fixing steps. Total time: 0 milli. Average: 0.00 milli
	Number of active piecewise-linear constraints: 34 / 73
		Constraints disabled by valid splits: 0. By SMT-originated splits: 39
	Last reported degradation: 0.0000000000. Max degradation so far: 0.0222050889. Restorations so far: 1
	Number of simplex pivots we attempted to skip because of instability: 5.
	Unstable pivots performed anyway: 0
	--- Tableau Statistics ---
	Total number of pivots performed: 126306
		Real pivots: 126268. Degenerate: 38 (0.03%)
		Degenerate pivots by request (e.g., to fix a PL constraint): 0 (0.00%)
		Average time per pivot: 0.30 milli
	Total number of fake pivots performed: 7566
	Total number of rows added: 0. Number of merged columns: 0
	Current tableau dimensions: M = 705, N = 1995
	--- SMT Core Statistics ---
	Total depth is 39. Total visited states: 321. Number of splits: 179. Number of pops: 141
	Max stack depth: 71
	--- Bound Tightening Statistics ---
	Number of tightened bounds: 58207.
		Number of rows examined by row tightener: 126306. Consequent tightenings: 1242
		Number of explicit basis matrices examined by row tightener: 107. Consequent tightenings: 3572
		Number of bound tightening rounds on the entire constraint matrix: 0. Consequent tightenings: 0
		Number of bound notifications sent to PL constraints: 3257. Tightenings proposed: 0
	--- Basis Factorization statistics ---
	Number of basis refactorizations: 1055
	--- Projected Steepest Edge Statistics ---
	Number of iterations: 133877.
	Number of resets to reference space: 266. Avg. iterations per reset: 503
	--- SBT ---
	Number of tightened bounds: 58592
	--- SoI-based local search ---
	Number of proposed phase pattern update: 2888. Number of accepted update: 2701 [93.52%]
	Total time (% of local search time) updating SoI phase pattern : 63058 milli [0.04%]
	Total time obtaining current assignment: 631946 milli [0.37%]
	Total time getting SoI phase pattern : 6725 milli [0.00%]
	--- Context dependent statistics ---
	Number of pushes / pops: 320 / 281
		[0.01%] Pre-Push hook: 17 milli
		[0.00%] Push : 0 milli
		[0.00%] Post-Pop hook: 8 milli
		[0.00%] Pop : 9 milli
		[0.02%] Total context-switching time: 36 milli
	--- Proof Certificate ---
	Number of certified leaves: 0
	Number of leaves to delegate: 0

16:37:15 Statistics update:
	--- Time Statistics ---
	Total time elapsed: 256680 milli (00:04:16)
		Main loop: 255614 milli (00:04:15)
		Preprocessing time: 220 milli (00:00:00)
		Unknown: 845 milli (00:00:00)
	Breakdown for main loop:
		[82.05%] Simplex steps: 209721 milli
		[12.93%] Explicit-basis bound tightening: 33062 milli
		[0.00%] Constraint-matrix bound tightening: 0 milli
		[1.23%] Degradation checking: 3137 milli
		[0.14%] Precision restoration: 350 milli
		[0.06%] Statistics handling: 151 milli
		[0.00%] Constraint-fixing steps: 0 milli
		[0.00%] Valid case splits: 3 milli. Average per split: 0.00 milli
		[0.00%] Applying stored bound-tightening: 2 milli
		[0.09%] SMT core: 222 milli
		[1.14%] Symbolic Bound Tightening: 2902 milli
		[68.55%] SoI-based local search: 175214 milli
		[0.00%] SoI-based local search: 0 milli
		[2.37%] Unaccounted for: 6059 milli
	--- Preprocessor Statistics ---
	Number of preprocessor bound-tightening loop iterations: 3
	Number of eliminated variables: 183
	Number of constraints removed due to variable elimination: 183
	Number of equations removed due to variable elimination: 0
	--- Engine Statistics ---
	Number of main loop iterations: 150000
		149436 iterations were simplex steps. Total time: 209721 milli. Average: 1.40 milli.
		0 iterations were constraint-fixing steps. Total time: 0 milli. Average: 0.00 milli
	Number of active piecewise-linear constraints: 38 / 73
		Constraints disabled by valid splits: 0. By SMT-originated splits: 35
	Last reported degradation: 0.0000000000. Max degradation so far: 0.0222050889. Restorations so far: 1
	Number of simplex pivots we attempted to skip because of instability: 5.
	Unstable pivots performed anyway: 0
	--- Tableau Statistics ---
	Total number of pivots performed: 134915
		Real pivots: 134873. Degenerate: 42 (0.03%)
		Degenerate pivots by request (e.g., to fix a PL constraint): 0 (0.00%)
		Average time per pivot: 0.30 milli
	Total number of fake pivots performed: 8631
	Total number of rows added: 0. Number of merged columns: 0
	Current tableau dimensions: M = 705, N = 1995
	--- SMT Core Statistics ---
	Total depth is 35. Total visited states: 369. Number of splits: 201. Number of pops: 167
	Max stack depth: 71
	--- Bound Tightening Statistics ---
	Number of tightened bounds: 66522.
		Number of rows examined by row tightener: 134915. Consequent tightenings: 1558
		Number of explicit basis matrices examined by row tightener: 151. Consequent tightenings: 6192
		Number of bound tightening rounds on the entire constraint matrix: 0. Consequent tightenings: 0
		Number of bound notifications sent to PL constraints: 4373. Tightenings proposed: 0
	--- Basis Factorization statistics ---
	Number of basis refactorizations: 1117
	--- Projected Steepest Edge Statistics ---
	Number of iterations: 143551.
	Number of resets to reference space: 296. Avg. iterations per reset: 484
	--- SBT ---
	Number of tightened bounds: 66907
	--- SoI-based local search ---
	Number of proposed phase pattern update: 2985. Number of accepted update: 2776 [93.00%]
	Total time (% of local search time) updating SoI phase pattern : 72232 milli [0.04%]
	Total time obtaining current assignment: 657612 milli [0.38%]
	Total time getting SoI phase pattern : 7826 milli [0.00%]
	--- Context dependent statistics ---
	Number of pushes / pops: 368 / 333
		[0.01%] Pre-Push hook: 19 milli
		[0.00%] Push : 0 milli
		[0.00%] Post-Pop hook: 10 milli
		[0.00%] Pop : 12 milli
		[0.02%] Total context-switching time: 41 milli
	--- Proof Certificate ---
	Number of certified leaves: 0
	Number of leaves to delegate: 0

16:37:38 Statistics update:
	--- Time Statistics ---
	Total time elapsed: 279689 milli (00:04:39)
		Main loop: 279065 milli (00:04:39)
		Preprocessing time: 220 milli (00:00:00)
		Unknown: 403 milli (00:00:00)
	Breakdown for main loop:
		[80.01%] Simplex steps: 223272 milli
		[14.25%] Explicit-basis bound tightening: 39773 milli
		[0.00%] Constraint-matrix bound tightening: 0 milli
		[1.20%] Degradation checking: 3355 milli
		[0.13%] Precision restoration: 350 milli
		[0.06%] Statistics handling: 162 milli
		[0.00%] Constraint-fixing steps: 0 milli
		[0.00%] Valid case splits: 4 milli. Average per split: 0.00 milli
		[0.00%] Applying stored bound-tightening: 2 milli
		[0.09%] SMT core: 259 milli
		[1.19%] Symbolic Bound Tightening: 3311 milli
		[65.76%] SoI-based local search: 183524 milli
		[0.00%] SoI-based local search: 0 milli
		[3.07%] Unaccounted for: 8573 milli
	--- Preprocessor Statistics ---
	Number of preprocessor bound-tightening loop iterations: 3
	Number of eliminated variables: 183
	Number of constraints removed due to variable elimination: 183
	Number of equations removed due to variable elimination: 0
	--- Engine Statistics ---
	Number of main loop iterations: 160000
		159359 iterations were simplex steps. Total time: 223272 milli. Average: 1.40 milli.
		0 iterations were constraint-fixing steps. Total time: 0 milli. Average: 0.00 milli
	Number of active piecewise-linear constraints: 38 / 73
		Constraints disabled by valid splits: 1. By SMT-originated splits: 34
	Last reported degradation: 0.0000000000. Max degradation so far: 0.0222050889. Restorations so far: 1
	Number of simplex pivots we attempted to skip because of instability: 5.
	Unstable pivots performed anyway: 0
	--- Tableau Statistics ---
	Total number of pivots performed: 143542
		Real pivots: 143494. Degenerate: 48 (0.03%)
		Degenerate pivots by request (e.g., to fix a PL constraint): 0 (0.00%)
		Average time per pivot: 0.30 milli
	Total number of fake pivots performed: 9593
	Total number of rows added: 0. Number of merged columns: 0
	Current tableau dimensions: M = 705, N = 1995
	--- SMT Core Statistics ---
	Total depth is 34. Total visited states: 422. Number of splits: 227. Number of pops: 194
	Max stack depth: 71
	--- Bound Tightening Statistics ---
	Number of tightened bounds: 75053.
		Number of rows examined by row tightener: 143542. Consequent tightenings: 1719
		Number of explicit basis matrices examined by row tightener: 185. Consequent tightenings: 7835
		Number of bound tightening rounds on the entire constraint matrix: 0. Consequent tightenings: 0
		Number of bound notifications sent to PL constraints: 5116. Tightenings proposed: 0
	--- Basis Factorization statistics ---
	Number of basis refactorizations: 1185
	--- Projected Steepest Edge Statistics ---
	Number of iterations: 153140.
	Number of resets to reference space: 330. Avg. iterations per reset: 464
	--- SBT ---
	Number of tightened bounds: 75438
	--- SoI-based local search ---
	Number of proposed phase pattern update: 3113. Number of accepted update: 2879 [92.48%]
	Total time (% of local search time) updating SoI phase pattern : 83293 milli [0.05%]
	Total time obtaining current assignment: 692048 milli [0.38%]
	Total time getting SoI phase pattern : 9537 milli [0.00%]
	--- Context dependent statistics ---
	Number of pushes / pops: 421 / 387
		[0.01%] Pre-Push hook: 21 milli
		[0.00%] Push : 0 milli
		[0.00%] Post-Pop hook: 11 milli
		[0.01%] Pop : 14 milli
		[0.02%] Total context-switching time: 47 milli
	--- Proof Certificate ---
	Number of certified leaves: 0
	Number of leaves to delegate: 0


Engine: quitting due to timeout...

Final statistics:

16:38:00 Statistics update:
	--- Time Statistics ---
	Total time elapsed: 301416 milli (00:05:01)
		Main loop: 300904 milli (00:05:00)
		Preprocessing time: 220 milli (00:00:00)
		Unknown: 290 milli (00:00:00)
	Breakdown for main loop:
		[78.07%] Simplex steps: 234905 milli
		[15.79%] Explicit-basis bound tightening: 47506 milli
		[0.00%] Constraint-matrix bound tightening: 0 milli
		[1.18%] Degradation checking: 3545 milli
		[0.12%] Precision restoration: 350 milli
		[0.06%] Statistics handling: 171 milli
		[0.00%] Constraint-fixing steps: 0 milli
		[0.00%] Valid case splits: 4 milli. Average per split: 0.00 milli
		[0.00%] Applying stored bound-tightening: 3 milli
		[0.10%] SMT core: 292 milli
		[1.21%] Symbolic Bound Tightening: 3655 milli
		[62.99%] SoI-based local search: 189527 milli
		[0.00%] SoI-based local search: 0 milli
		[3.48%] Unaccounted for: 10469 milli
	--- Preprocessor Statistics ---
	Number of preprocessor bound-tightening loop iterations: 3
	Number of eliminated variables: 183
	Number of constraints removed due to variable elimination: 183
	Number of equations removed due to variable elimination: 0
	--- Engine Statistics ---
	Number of main loop iterations: 168692
		168000 iterations were simplex steps. Total time: 234905 milli. Average: 1.40 milli.
		0 iterations were constraint-fixing steps. Total time: 0 milli. Average: 0.00 milli
	Number of active piecewise-linear constraints: 46 / 73
		Constraints disabled by valid splits: 0. By SMT-originated splits: 27
	Last reported degradation: 0.0000000000. Max degradation so far: 0.0222050889. Restorations so far: 1
	Number of simplex pivots we attempted to skip because of instability: 5.
	Unstable pivots performed anyway: 0
	--- Tableau Statistics ---
	Total number of pivots performed: 151175
		Real pivots: 151119. Degenerate: 56 (0.04%)
		Degenerate pivots by request (e.g., to fix a PL constraint): 0 (0.00%)
		Average time per pivot: 0.30 milli
	Total number of fake pivots performed: 10376
	Total number of rows added: 0. Number of merged columns: 0
	Current tableau dimensions: M = 705, N = 1995
	--- SMT Core Statistics ---
	Total depth is 27. Total visited states: 465. Number of splits: 245. Number of pops: 219
	Max stack depth: 71
	--- Bound Tightening Statistics ---
	Number of tightened bounds: 82441.
		Number of rows examined by row tightener: 151175. Consequent tightenings: 1927
		Number of explicit basis matrices examined by row tightener: 222. Consequent tightenings: 9224
		Number of bound tightening rounds on the entire constraint matrix: 0. Consequent tightenings: 0
		Number of bound notifications sent to PL constraints: 5867. Tightenings proposed: 0
	--- Basis Factorization statistics ---
	Number of basis refactorizations: 1244
	--- Projected Steepest Edge Statistics ---
	Number of iterations: 161556.
	Number of resets to reference space: 361. Avg. iterations per reset: 447
	--- SBT ---
	Number of tightened bounds: 82826
	--- SoI-based local search ---
	Number of proposed phase pattern update: 3192. Number of accepted update: 2939 [92.07%]
	Total time (% of local search time) updating SoI phase pattern : 90541 milli [0.05%]
	Total time obtaining current assignment: 713025 milli [0.38%]
	Total time getting SoI phase pattern : 10856 milli [0.00%]
	--- Context dependent statistics ---
	Number of pushes / pops: 464 / 437
		[0.01%] Pre-Push hook: 22 milli
		[0.00%] Push : 0 milli
		[0.00%] Post-Pop hook: 13 milli
		[0.01%] Pop : 16 milli
		[0.02%] Total context-switching time: 52 milli
	--- Proof Certificate ---
	Number of certified leaves: 0
	Number of leaves to delegate: 0
Timeout
