InputQuery: /home/levn/Workspace/othello_world/queries/probe_robust/game_121_target_54_eps_0.05.txt
Engine::processInputQuery: Input query (before preprocessing): 449 equations, 1216 variables
Engine::processInputQuery: Input query (after preprocessing): 705 equations, 1256 variables

Input bounds:
	x0: [  0.2539,   0.3539] 
	x1: [ -2.4309,  -2.3309] 
	x2: [ -1.9296,  -1.8296] 
	x3: [ -0.4412,  -0.3412] 
	x4: [  0.9831,   1.0831] 
	x5: [ -0.3102,  -0.2102] 
	x6: [  2.9586,   3.0586] 
	x7: [ -1.4695,  -1.3695] 
	x8: [ -1.3887,  -1.2887] 
	x9: [ -0.7718,  -0.6718] 
	x10: [ -0.0001,   0.0999] 
	x11: [  1.5817,   1.6817] 
	x12: [ -1.9716,  -1.8716] 
	x13: [ -0.4839,  -0.3839] 
	x14: [  0.5001,   0.6001] 
	x15: [ -1.8968,  -1.7968] 
	x16: [  1.2494,   1.3494] 
	x17: [  0.2627,   0.3627] 
	x18: [ -0.6846,  -0.5846] 
	x19: [ -0.7415,  -0.6415] 
	x20: [  1.0503,   1.1503] 
	x21: [ -1.2201,  -1.1201] 
	x22: [ -2.4940,  -2.3940] 
	x23: [  2.4281,   2.5281] 
	x24: [ -0.1522,  -0.0522] 
	x25: [ -1.8578,  -1.7578] 
	x26: [  0.9958,   1.0958] 
	x27: [ -2.7851,  -2.6851] 
	x28: [  0.0735,   0.1735] 
	x29: [  0.4560,   0.5560] 
	x30: [  1.6749,   1.7749] 
	x31: [ -0.9564,  -0.8564] 
	x32: [  0.2563,   0.3563] 
	x33: [ -0.2839,  -0.1839] 
	x34: [ -2.4089,  -2.3089] 
	x35: [ -2.0036,  -1.9036] 
	x36: [ -0.0770,   0.0230] 
	x37: [  0.7240,   0.8240] 
	x38: [  0.1692,   0.2692] 
	x39: [ -0.5830,  -0.4830] 
	x40: [  1.2185,   1.3185] 
	x41: [ -0.0641,   0.0359] 
	x42: [ -2.6244,  -2.5244] 
	x43: [ -0.6082,  -0.5082] 
	x44: [ -0.7447,  -0.6447] 
	x45: [ -2.7150,  -2.6150] 
	x46: [ -0.0775,   0.0225] 
	x47: [  0.2368,   0.3368] 
	x48: [ -0.9995,  -0.8995] 
	x49: [  0.6252,   0.7252] 
	x50: [  0.1150,   0.2150] 
	x51: [  1.7272,   1.8272] 
	x52: [  0.7806,   0.8806] 
	x53: [  0.1963,   0.2963] 
	x54: [ -0.1688,  -0.0688] 
	x55: [  0.3255,   0.4255] 
	x56: [ -1.4407,  -1.3407] 
	x57: [ -0.6092,  -0.5092] 
	x58: [ -0.2619,  -0.1619] 
	x59: [  1.5327,   1.6327] 
	x60: [  1.8162,   1.9162] 
	x61: [ -1.7535,  -1.6535] 
	x62: [ -0.8367,  -0.7367] 
	x63: [ -0.2585,  -0.1585] 
	x64: [  1.2637,   1.3637] 
	x65: [  0.4414,   0.5414] 
	x66: [ -0.5355,  -0.4355] 
	x67: [ -1.5178,  -1.4178] 
	x68: [ -1.2992,  -1.1992] 
	x69: [  0.6057,   0.7057] 
	x70: [ -0.4416,  -0.3416] 
	x71: [ -0.7671,  -0.6671] 
	x72: [  0.2914,   0.3914] 
	x73: [  0.0093,   0.1093] 
	x74: [ -1.0903,  -0.9903] 
	x75: [ -1.8350,  -1.7350] 
	x76: [  0.2248,   0.3248] 
	x77: [  2.4091,   2.5091] 
	x78: [  1.8652,   1.9652] 
	x79: [  3.6055,   3.7055] 
	x80: [ -0.0026,   0.0974] 
	x81: [ -0.0973,   0.0027] 
	x82: [  3.1769,   3.2769] 
	x83: [ -1.7362,  -1.6362] 
	x84: [  1.1058,   1.2058] 
	x85: [ -0.3713,  -0.2713] 
	x86: [ -0.2104,  -0.1104] 
	x87: [ -2.1487,  -2.0487] 
	x88: [ -3.5605,  -3.4605] 
	x89: [ -1.0515,  -0.9515] 
	x90: [  1.8303,   1.9303] 
	x91: [  1.8495,   1.9495] 
	x92: [ -0.9213,  -0.8213] 
	x93: [  2.2580,   2.3580] 
	x94: [  2.6072,   2.7072] 
	x95: [  0.2495,   0.3495] 
	x96: [  0.5273,   0.6273] 
	x97: [ -0.9895,  -0.8895] 
	x98: [  3.3787,   3.4787] 
	x99: [  0.3937,   0.4937] 
	x100: [  0.0400,   0.1400] 
	x101: [  0.5238,   0.6238] 
	x102: [  0.3220,   0.4220] 
	x103: [ -1.2819,  -1.1819] 
	x104: [  1.7739,   1.8739] 
	x105: [ -3.4902,  -3.3902] 
	x106: [ -1.7202,  -1.6202] 
	x107: [  0.0030,   0.1030] 
	x108: [ -0.2059,  -0.1059] 
	x109: [  0.8701,   0.9701] 
	x110: [  0.2164,   0.3164] 
	x111: [  0.3505,   0.4505] 
	x112: [ -0.4558,  -0.3558] 
	x113: [  0.0665,   0.1665] 
	x114: [  0.6266,   0.7266] 
	x115: [  1.1595,   1.2595] 
	x116: [ -0.9474,  -0.8474] 
	x117: [ -0.5966,  -0.4966] 
	x118: [  1.1665,   1.2665] 
	x119: [ -1.8837,  -1.7837] 
	x120: [ -0.7702,  -0.6702] 
	x121: [  2.4965,   2.5965] 
	x122: [  1.7334,   1.8334] 
	x123: [  0.0371,   0.1371] 
	x124: [ -0.1547,  -0.0547] 
	x125: [ -0.7611,  -0.6611] 
	x126: [  1.7415,   1.8415] 
	x127: [  2.5407,   2.6407] 
	x128: [ -0.4307,  -0.3307] 
	x129: [ -2.0559,  -1.9559] 
	x130: [  3.4383,   3.5383] 
	x131: [ -0.9739,  -0.8739] 
	x132: [ -3.1875,  -3.0875] 
	x133: [  0.9820,   1.0820] 
	x134: [  0.0406,   0.1406] 
	x135: [  1.9093,   2.0093] 
	x136: [  0.0177,   0.1177] 
	x137: [  4.0311,   4.1311] 
	x138: [ -3.0392,  -2.9392] 
	x139: [ -3.1052,  -3.0052] 
	x140: [  0.0999,   0.1999] 
	x141: [  1.0080,   1.1080] 
	x142: [ -2.2464,  -2.1464] 
	x143: [ -1.0696,  -0.9696] 
	x144: [ -1.2430,  -1.1430] 
	x145: [ -0.5446,  -0.4446] 
	x146: [ -3.3540,  -3.2540] 
	x147: [ -1.0766,  -0.9766] 
	x148: [ -2.1026,  -2.0026] 
	x149: [ -2.1501,  -2.0501] 
	x150: [  0.0872,   0.1872] 
	x151: [  0.9383,   1.0383] 
	x152: [  0.3705,   0.4705] 
	x153: [ -0.8732,  -0.7732] 
	x154: [  4.5063,   4.6063] 
	x155: [  0.4714,   0.5714] 
	x156: [ -1.5514,  -1.4514] 
	x157: [  0.6237,   0.7237] 
	x158: [ -2.5404,  -2.4404] 
	x159: [ -1.0253,  -0.9253] 
	x160: [ -1.5077,  -1.4077] 
	x161: [  4.6558,   4.7558] 
	x162: [ -0.5308,  -0.4308] 
	x163: [  1.1951,   1.2951] 
	x164: [  3.5812,   3.6812] 
	x165: [ -0.3588,  -0.2588] 
	x166: [ -1.7994,  -1.6994] 
	x167: [  3.6422,   3.7422] 
	x168: [  3.5810,   3.6810] 
	x169: [ -1.0256,  -0.9256] 
	x170: [ -1.0910,  -0.9910] 
	x171: [  0.2082,   0.3082] 
	x172: [  1.0676,   1.1676] 
	x173: [ -2.5645,  -2.4645] 
	x174: [  0.6349,   0.7349] 
	x175: [ -1.7968,  -1.6968] 
	x176: [  1.9376,   2.0376] 
	x177: [  2.0601,   2.1601] 
	x178: [ -0.3214,  -0.2214] 
	x179: [  0.8621,   0.9621] 
	x180: [ -1.7552,  -1.6552] 
	x181: [  0.1836,   0.2836] 
	x182: [  2.0341,   2.1341] 
	x183: [ -0.6016,  -0.5016] 
	x184: [ -1.0076,  -0.9076] 
	x185: [  1.7047,   1.8047] 
	x186: [ -1.1679,  -1.0679] 
	x187: [  2.5996,   2.6996] 
	x188: [  0.5386,   0.6386] 
	x189: [  2.1782,   2.2782] 
	x190: [  0.6216,   0.7216] 
	x191: [  0.9876,   1.0876] 
	x192: [ -0.6811,  -0.5811] 
	x193: [ -1.9633,  -1.8633] 
	x194: [ -1.3237,  -1.2237] 
	x195: [  0.6652,   0.7652] 
	x196: [  0.5695,   0.6695] 
	x197: [  0.4320,   0.5320] 
	x198: [ -0.8937,  -0.7937] 
	x199: [ -0.6194,  -0.5194] 
	x200: [ -0.3317,  -0.2317] 
	x201: [  1.4446,   1.5446] 
	x202: [  0.7808,   0.8808] 
	x203: [ -0.4494,  -0.3494] 
	x204: [ -0.6332,  -0.5332] 
	x205: [ -1.1451,  -1.0451] 
	x206: [ -1.4659,  -1.3659] 
	x207: [ -0.3882,  -0.2882] 
	x208: [ -0.7991,  -0.6991] 
	x209: [ -2.3771,  -2.2771] 
	x210: [ -0.4681,  -0.3681] 
	x211: [ -0.0520,   0.0480] 
	x212: [ -4.0127,  -3.9127] 
	x213: [  1.9278,   2.0278] 
	x214: [  1.3208,   1.4208] 
	x215: [ -0.6614,  -0.5614] 
	x216: [ -1.0299,  -0.9299] 
	x217: [ -0.3817,  -0.2817] 
	x218: [ -0.8252,  -0.7252] 
	x219: [ -3.4288,  -3.3288] 
	x220: [  0.2914,   0.3914] 
	x221: [ -2.3698,  -2.2698] 
	x222: [  0.9058,   1.0058] 
	x223: [ -1.1336,  -1.0336] 
	x224: [  0.4067,   0.5067] 
	x225: [  0.9667,   1.0667] 
	x226: [ -0.1001,  -0.0001] 
	x227: [ -1.4387,  -1.3387] 
	x228: [ -0.6944,  -0.5944] 
	x229: [  2.3121,   2.4121] 
	x230: [  4.1832,   4.2832] 
	x231: [  1.5001,   1.6001] 
	x232: [ -0.1037,  -0.0037] 
	x233: [  0.9991,   1.0991] 
	x234: [ -0.5738,  -0.4738] 
	x235: [  0.9191,   1.0191] 
	x236: [ -0.4620,  -0.3620] 
	x237: [  0.7341,   0.8341] 
	x238: [ -0.0713,   0.0287] 
	x239: [  0.1959,   0.2959] 
	x240: [ -1.6852,  -1.5852] 
	x241: [  1.6616,   1.7616] 
	x242: [ -2.2386,  -2.1386] 
	x243: [ -1.8785,  -1.7785] 
	x244: [ -0.5768,  -0.4768] 
	x245: [ -0.7968,  -0.6968] 
	x246: [ -0.3670,  -0.2670] 
	x247: [ -1.2851,  -1.1851] 
	x248: [ -1.6074,  -1.5074] 
	x249: [  2.2216,   2.3216] 
	x250: [  0.3230,   0.4230] 
	x251: [ -2.3670,  -2.2670] 
	x252: [ -2.3621,  -2.2621] 
	x253: [ -0.0470,   0.0530] 
	x254: [ -0.6316,  -0.5316] 
	x255: [ -2.7687,  -2.6687] 
	x256: [ -0.0063,   0.0937] 
	x257: [  1.0016,   1.1016] 
	x258: [  0.6395,   0.7395] 
	x259: [ -2.5989,  -2.4989] 
	x260: [ -0.6042,  -0.5042] 
	x261: [  0.8532,   0.9532] 
	x262: [ -1.2560,  -1.1560] 
	x263: [ -0.5961,  -0.4961] 
	x264: [  0.5332,   0.6332] 
	x265: [ -0.6875,  -0.5875] 
	x266: [ -0.3348,  -0.2348] 
	x267: [  0.4383,   0.5383] 
	x268: [  0.9828,   1.0828] 
	x269: [  0.0851,   0.1851] 
	x270: [ -0.0474,   0.0526] 
	x271: [ -0.4684,  -0.3684] 
	x272: [  1.7799,   1.8799] 
	x273: [  1.1799,   1.2799] 
	x274: [  1.8024,   1.9024] 
	x275: [  0.7187,   0.8187] 
	x276: [ -0.0383,   0.0617] 
	x277: [  1.6287,   1.7287] 
	x278: [ -1.9158,  -1.8158] 
	x279: [  2.5042,   2.6042] 
	x280: [ -1.3913,  -1.2913] 
	x281: [ -0.4140,  -0.3140] 
	x282: [  0.1870,   0.2870] 
	x283: [  1.8912,   1.9912] 
	x284: [ -1.8057,  -1.7057] 
	x285: [ -1.1465,  -1.0465] 
	x286: [  0.8456,   0.9456] 
	x287: [  2.0556,   2.1556] 
	x288: [ -0.7814,  -0.6814] 
	x289: [  0.1290,   0.2290] 
	x290: [  0.1120,   0.2120] 
	x291: [ -0.4150,  -0.3150] 
	x292: [  0.6039,   0.7039] 
	x293: [ -0.4733,  -0.3733] 
	x294: [  1.4083,   1.5083] 
	x295: [  0.2179,   0.3179] 
	x296: [  0.6315,   0.7315] 
	x297: [ -1.3945,  -1.2945] 
	x298: [ -3.6297,  -3.5297] 
	x299: [  1.8974,   1.9974] 
	x300: [  0.8549,   0.9549] 
	x301: [ -2.4909,  -2.3909] 
	x302: [  0.3455,   0.4455] 
	x303: [  0.1317,   0.2317] 
	x304: [  0.8540,   0.9540] 
	x305: [  0.2161,   0.3161] 
	x306: [  2.7350,   2.8350] 
	x307: [ -2.3533,  -2.2533] 
	x308: [ -0.6930,  -0.5930] 
	x309: [  0.9468,   1.0468] 
	x310: [ -1.3702,  -1.2702] 
	x311: [  1.8068,   1.9068] 
	x312: [ -0.0576,   0.0424] 
	x313: [  1.2238,   1.3238] 
	x314: [ -1.7245,  -1.6245] 
	x315: [ -3.0446,  -2.9446] 
	x316: [  2.7676,   2.8676] 
	x317: [ -0.6693,  -0.5693] 
	x318: [ -0.7746,  -0.6746] 
	x319: [ -1.0275,  -0.9275] 
	x320: [  3.9945,   4.0945] 
	x321: [ -2.9774,  -2.8774] 
	x322: [ -2.0039,  -1.9039] 
	x323: [ -0.0149,   0.0851] 
	x324: [  1.1449,   1.2449] 
	x325: [ -0.1392,  -0.0392] 
	x326: [  1.5879,   1.6879] 
	x327: [  2.1435,   2.2435] 
	x328: [  1.2120,   1.3120] 
	x329: [  1.2660,   1.3660] 
	x330: [ -1.3147,  -1.2147] 
	x331: [ -0.1748,  -0.0748] 
	x332: [ -0.0977,   0.0023] 
	x333: [  0.1228,   0.2228] 
	x334: [  0.6805,   0.7805] 
	x335: [  0.4086,   0.5086] 
	x336: [  0.9803,   1.0803] 
	x337: [ -0.8590,  -0.7590] 
	x338: [ -1.4959,  -1.3959] 
	x339: [  0.1775,   0.2775] 
	x340: [  2.1216,   2.2216] 
	x341: [ -0.0763,   0.0237] 
	x342: [ -3.1874,  -3.0874] 
	x343: [ -1.9933,  -1.8933] 
	x344: [ -2.6676,  -2.5676] 
	x345: [  0.0193,   0.1193] 
	x346: [ -0.1252,  -0.0252] 
	x347: [ -1.1108,  -1.0108] 
	x348: [  0.9645,   1.0645] 
	x349: [  1.4635,   1.5635] 
	x350: [ -0.2369,  -0.1369] 
	x351: [ -0.5384,  -0.4384] 
	x352: [  0.1488,   0.2488] 
	x353: [ -1.6673,  -1.5673] 
	x354: [ -0.0499,   0.0501] 
	x355: [ -2.0550,  -1.9550] 
	x356: [ -0.5359,  -0.4359] 
	x357: [  1.5230,   1.6230] 
	x358: [  0.0889,   0.1889] 
	x359: [ -0.0024,   0.0976] 
	x360: [ -0.8293,  -0.7293] 
	x361: [ -0.4795,  -0.3795] 
	x362: [ -0.8268,  -0.7268] 
	x363: [  0.3562,   0.4562] 
	x364: [  0.6361,   0.7361] 
	x365: [  0.2222,   0.3222] 
	x366: [ -0.6493,  -0.5493] 
	x367: [  3.9711,   4.0711] 
	x368: [  0.0877,   0.1877] 
	x369: [  0.6374,   0.7374] 
	x370: [ -0.3213,  -0.2213] 
	x371: [  0.6958,   0.7958] 
	x372: [  3.6146,   3.7146] 
	x373: [  0.0463,   0.1463] 
	x374: [ -0.1364,  -0.0364] 
	x375: [ -0.4992,  -0.3992] 
	x376: [ -0.2757,  -0.1757] 
	x377: [  0.4882,   0.5882] 
	x378: [ -2.1182,  -2.0182] 
	x379: [ -0.9406,  -0.8406] 
	x380: [ -4.0252,  -3.9252] 
	x381: [ -0.0335,   0.0665] 
	x382: [  1.6888,   1.7888] 
	x383: [  1.2992,   1.3992] 
	x384: [ -0.2736,  -0.1736] 
	x385: [  2.2569,   2.3569] 
	x386: [ -3.2434,  -3.1434] 
	x387: [  0.5039,   0.6039] 
	x388: [  0.1813,   0.2813] 
	x389: [ -0.6802,  -0.5802] 
	x390: [  1.5460,   1.6460] 
	x391: [  1.9007,   2.0007] 
	x392: [  2.3134,   2.4134] 
	x393: [ -0.6504,  -0.5504] 
	x394: [ -1.1761,  -1.0761] 
	x395: [ -3.1250,  -3.0250] 
	x396: [  0.8597,   0.9597] 
	x397: [ -0.4674,  -0.3674] 
	x398: [ -0.1540,  -0.0540] 
	x399: [ -1.7156,  -1.6156] 
	x400: [  1.0892,   1.1892] 
	x401: [  0.4091,   0.5091] 
	x402: [  0.5602,   0.6602] 
	x403: [ -0.5616,  -0.4616] 
	x404: [  1.7649,   1.8649] 
	x405: [ -1.6238,  -1.5238] 
	x406: [  0.2720,   0.3720] 
	x407: [  0.0071,   0.1071] 
	x408: [ -1.0603,  -0.9603] 
	x409: [ -0.3131,  -0.2131] 
	x410: [ -3.9920,  -3.8920] 
	x411: [  0.0081,   0.1081] 
	x412: [ -0.1001,  -0.0001] 
	x413: [  0.8084,   0.9084] 
	x414: [ -3.2391,  -3.1391] 
	x415: [  1.2620,   1.3620] 
	x416: [  0.8359,   0.9359] 
	x417: [  2.1607,   2.2607] 
	x418: [  1.1699,   1.2699] 
	x419: [  1.9926,   2.0926] 
	x420: [  0.0481,   0.1481] 
	x421: [ -0.9855,  -0.8855] 
	x422: [  0.5790,   0.6790] 
	x423: [ -0.5984,  -0.4984] 
	x424: [  1.2127,   1.3127] 
	x425: [ -0.7418,  -0.6418] 
	x426: [  0.3731,   0.4731] 
	x427: [ -0.6835,  -0.5835] 
	x428: [  0.6309,   0.7309] 
	x429: [  2.6459,   2.7459] 
	x430: [ -1.0281,  -0.9281] 
	x431: [  0.9443,   1.0443] 
	x432: [ -0.1236,  -0.0236] 
	x433: [ -1.0101,  -0.9101] 
	x434: [  3.1390,   3.2390] 
	x435: [ -1.7971,  -1.6971] 
	x436: [ -0.7846,  -0.6846] 
	x437: [  1.0949,   1.1949] 
	x438: [  1.0485,   1.1485] 
	x439: [ -1.1229,  -1.0229] 
	x440: [ -0.1691,  -0.0691] 
	x441: [ -0.3002,  -0.2002] 
	x442: [  2.3491,   2.4491] 
	x443: [ -0.4008,  -0.3008] 
	x444: [ -0.2550,  -0.1550] 
	x445: [  1.2319,   1.3319] 
	x446: [ -0.8809,  -0.7809] 
	x447: [  0.9663,   1.0663] 
	x448: [ -3.1852,  -3.0852] 
	x449: [  1.4232,   1.5232] 
	x450: [  0.7613,   0.8613] 
	x451: [ -0.2934,  -0.1934] 
	x452: [  0.4176,   0.5176] 
	x453: [ -0.8284,  -0.7284] 
	x454: [ -1.1835,  -1.0835] 
	x455: [ -1.6784,  -1.5784] 
	x456: [ -3.5542,  -3.4542] 
	x457: [  1.1535,   1.2535] 
	x458: [  2.4298,   2.5298] 
	x459: [ -0.1473,  -0.0473] 
	x460: [  1.4352,   1.5352] 
	x461: [  0.4384,   0.5384] 
	x462: [ -0.9481,  -0.8481] 
	x463: [ -0.2392,  -0.1392] 
	x464: [ -2.0442,  -1.9442] 
	x465: [ -0.9830,  -0.8830] 
	x466: [ -0.8053,  -0.7053] 
	x467: [ -4.0898,  -3.9898] 
	x468: [ -0.4383,  -0.3383] 
	x469: [  0.9173,   1.0173] 
	x470: [  1.4968,   1.5968] 
	x471: [ -0.9878,  -0.8878] 
	x472: [ -0.2162,  -0.1162] 
	x473: [ -1.7258,  -1.6258] 
	x474: [ -1.9054,  -1.8054] 
	x475: [  1.4240,   1.5240] 
	x476: [ -1.1330,  -1.0330] 
	x477: [ -1.2083,  -1.1083] 
	x478: [  1.0278,   1.1278] 
	x479: [  0.8219,   0.9219] 
	x480: [ -1.8691,  -1.7691] 
	x481: [ -0.9184,  -0.8184] 
	x482: [  0.9801,   1.0801] 
	x483: [ -0.1437,  -0.0437] 
	x484: [ -2.2245,  -2.1245] 
	x485: [ -0.8773,  -0.7773] 
	x486: [  0.3025,   0.4025] 
	x487: [  1.8221,   1.9221] 
	x488: [  1.8700,   1.9700] 
	x489: [  0.2855,   0.3855] 
	x490: [ -1.1851,  -1.0851] 
	x491: [ -0.6570,  -0.5570] 
	x492: [  0.1578,   0.2578] 
	x493: [  0.6859,   0.7859] 
	x494: [ -0.4075,  -0.3075] 
	x495: [  0.3189,   0.4189] 
	x496: [  0.1838,   0.2838] 
	x497: [  2.0396,   2.1396] 
	x498: [ -0.9262,  -0.8262] 
	x499: [ -0.3437,  -0.2437] 
	x500: [  1.3504,   1.4504] 
	x501: [ -1.2073,  -1.1073] 
	x502: [ -3.1179,  -3.0179] 
	x503: [  2.0990,   2.1990] 
	x504: [ -2.3371,  -2.2371] 
	x505: [  0.1368,   0.2368] 
	x506: [ -0.7354,  -0.6354] 
	x507: [  1.3192,   1.4192] 
	x508: [ -1.6046,  -1.5046] 
	x509: [  0.3526,   0.4526] 
	x510: [ -0.0617,   0.0383] 
	x511: [  0.9315,   1.0315] 

Branching heuristics set to PseudoImpact
unsat
