InputQuery: /home/levn/Workspace/othello_world/queries/probe_robust/game_125_target_57_eps_0.05.txt
Engine::processInputQuery: Input query (before preprocessing): 449 equations, 1216 variables
Engine::processInputQuery: Input query (after preprocessing): 705 equations, 1285 variables

Input bounds:
	x0: [  0.0989,   0.1989] 
	x1: [  0.2109,   0.3109] 
	x2: [  1.1563,   1.2563] 
	x3: [  1.3077,   1.4077] 
	x4: [  1.2790,   1.3790] 
	x5: [ -0.9098,  -0.8098] 
	x6: [  0.2328,   0.3328] 
	x7: [  0.6380,   0.7380] 
	x8: [ -2.9205,  -2.8205] 
	x9: [ -2.2440,  -2.1440] 
	x10: [ -1.0740,  -0.9740] 
	x11: [  0.2879,   0.3879] 
	x12: [ -2.2036,  -2.1036] 
	x13: [  1.0376,   1.1376] 
	x14: [  0.9303,   1.0303] 
	x15: [ -0.2476,  -0.1476] 
	x16: [ -0.4534,  -0.3534] 
	x17: [  0.5431,   0.6431] 
	x18: [ -1.5242,  -1.4242] 
	x19: [ -1.1554,  -1.0554] 
	x20: [  0.1720,   0.2720] 
	x21: [ -1.3957,  -1.2957] 
	x22: [ -0.0329,   0.0671] 
	x23: [  0.2207,   0.3207] 
	x24: [  0.7976,   0.8976] 
	x25: [ -2.0019,  -1.9019] 
	x26: [  1.3161,   1.4161] 
	x27: [  0.5063,   0.6063] 
	x28: [  1.5725,   1.6725] 
	x29: [  0.4972,   0.5972] 
	x30: [  1.5595,   1.6595] 
	x31: [  1.1735,   1.2735] 
	x32: [ -1.3861,  -1.2861] 
	x33: [  1.4179,   1.5179] 
	x34: [  0.5406,   0.6406] 
	x35: [ -3.3807,  -3.2807] 
	x36: [  0.4487,   0.5487] 
	x37: [  1.2202,   1.3202] 
	x38: [ -0.6513,  -0.5513] 
	x39: [ -0.6756,  -0.5756] 
	x40: [ -0.2439,  -0.1439] 
	x41: [  0.0652,   0.1652] 
	x42: [ -0.1736,  -0.0736] 
	x43: [ -1.6052,  -1.5052] 
	x44: [ -0.4182,  -0.3182] 
	x45: [  1.5988,   1.6988] 
	x46: [ -0.2719,  -0.1719] 
	x47: [  0.8711,   0.9711] 
	x48: [ -1.2212,  -1.1212] 
	x49: [  1.4696,   1.5696] 
	x50: [  1.2023,   1.3023] 
	x51: [ -0.2292,  -0.1292] 
	x52: [ -0.1856,  -0.0856] 
	x53: [  2.0007,   2.1007] 
	x54: [ -3.2318,  -3.1318] 
	x55: [  0.1003,   0.2003] 
	x56: [ -0.8284,  -0.7284] 
	x57: [ -2.7547,  -2.6547] 
	x58: [  0.8822,   0.9822] 
	x59: [  1.3723,   1.4723] 
	x60: [  1.9622,   2.0622] 
	x61: [ -0.5582,  -0.4582] 
	x62: [ -0.4238,  -0.3238] 
	x63: [  1.3186,   1.4186] 
	x64: [  0.6577,   0.7577] 
	x65: [  0.5144,   0.6144] 
	x66: [  0.8761,   0.9761] 
	x67: [ -1.7573,  -1.6573] 
	x68: [  2.8872,   2.9872] 
	x69: [ -0.2791,  -0.1791] 
	x70: [  1.6768,   1.7768] 
	x71: [  0.0004,   0.1004] 
	x72: [ -0.8178,  -0.7178] 
	x73: [  0.6492,   0.7492] 
	x74: [  0.5014,   0.6014] 
	x75: [  0.7858,   0.8858] 
	x76: [ -2.5916,  -2.4916] 
	x77: [ -0.1484,  -0.0484] 
	x78: [ -2.0806,  -1.9806] 
	x79: [  0.2182,   0.3182] 
	x80: [ -0.3242,  -0.2242] 
	x81: [ -1.2124,  -1.1124] 
	x82: [ -2.6596,  -2.5596] 
	x83: [ -2.3807,  -2.2807] 
	x84: [ -2.0317,  -1.9317] 
	x85: [  0.7063,   0.8063] 
	x86: [ -0.9621,  -0.8621] 
	x87: [ -2.8067,  -2.7067] 
	x88: [ -2.5733,  -2.4733] 
	x89: [  2.6391,   2.7391] 
	x90: [ -2.9843,  -2.8843] 
	x91: [ -1.7929,  -1.6929] 
	x92: [  0.4339,   0.5339] 
	x93: [ -1.7248,  -1.6248] 
	x94: [ -1.7360,  -1.6360] 
	x95: [  0.0349,   0.1349] 
	x96: [  1.3804,   1.4804] 
	x97: [  0.0693,   0.1693] 
	x98: [  1.4544,   1.5544] 
	x99: [ -0.5290,  -0.4290] 
	x100: [ -0.4495,  -0.3495] 
	x101: [  2.7475,   2.8475] 
	x102: [  0.1793,   0.2793] 
	x103: [ -1.1747,  -1.0747] 
	x104: [  2.0126,   2.1126] 
	x105: [ -1.2385,  -1.1385] 
	x106: [  0.0661,   0.1661] 
	x107: [  0.3710,   0.4710] 
	x108: [  0.7319,   0.8319] 
	x109: [ -1.6853,  -1.5853] 
	x110: [  1.8332,   1.9332] 
	x111: [  0.4074,   0.5074] 
	x112: [ -1.0932,  -0.9932] 
	x113: [  0.5552,   0.6552] 
	x114: [  0.9798,   1.0798] 
	x115: [ -0.0915,   0.0085] 
	x116: [ -0.7331,  -0.6331] 
	x117: [  1.1535,   1.2535] 
	x118: [ -2.7318,  -2.6318] 
	x119: [ -3.4169,  -3.3169] 
	x120: [ -0.3112,  -0.2112] 
	x121: [ -2.0111,  -1.9111] 
	x122: [  0.2020,   0.3020] 
	x123: [ -0.5986,  -0.4986] 
	x124: [ -4.6963,  -4.5963] 
	x125: [  0.9545,   1.0545] 
	x126: [ -1.9451,  -1.8451] 
	x127: [ -0.1405,  -0.0405] 
	x128: [  0.6135,   0.7135] 
	x129: [ -0.7101,  -0.6101] 
	x130: [ -0.0038,   0.0962] 
	x131: [  1.0897,   1.1897] 
	x132: [  2.0784,   2.1784] 
	x133: [ -0.0678,   0.0322] 
	x134: [  0.3439,   0.4439] 
	x135: [  2.6065,   2.7065] 
	x136: [ -0.7253,  -0.6253] 
	x137: [ -1.6346,  -1.5346] 
	x138: [ -0.0639,   0.0361] 
	x139: [  1.8752,   1.9752] 
	x140: [  3.3988,   3.4988] 
	x141: [ -0.2176,  -0.1176] 
	x142: [  1.1108,   1.2108] 
	x143: [ -1.6176,  -1.5176] 
	x144: [  0.7995,   0.8995] 
	x145: [  1.0339,   1.1339] 
	x146: [  0.7380,   0.8380] 
	x147: [  2.9826,   3.0826] 
	x148: [ -1.1022,  -1.0022] 
	x149: [ -1.2617,  -1.1617] 
	x150: [  3.2880,   3.3880] 
	x151: [  2.1802,   2.2802] 
	x152: [ -0.0084,   0.0916] 
	x153: [  1.3368,   1.4368] 
	x154: [  1.1456,   1.2456] 
	x155: [ -4.0354,  -3.9354] 
	x156: [ -0.0200,   0.0800] 
	x157: [  0.2304,   0.3304] 
	x158: [ -3.1544,  -3.0544] 
	x159: [ -1.7300,  -1.6300] 
	x160: [ -0.7487,  -0.6487] 
	x161: [  0.7721,   0.8721] 
	x162: [ -2.0980,  -1.9980] 
	x163: [  0.2210,   0.3210] 
	x164: [ -3.3407,  -3.2407] 
	x165: [ -0.1673,  -0.0673] 
	x166: [ -0.2180,  -0.1180] 
	x167: [  3.7694,   3.8694] 
	x168: [ -1.0455,  -0.9455] 
	x169: [ -0.5202,  -0.4202] 
	x170: [  1.3431,   1.4431] 
	x171: [ -1.0423,  -0.9423] 
	x172: [ -1.0803,  -0.9803] 
	x173: [ -1.3446,  -1.2446] 
	x174: [ -0.9551,  -0.8551] 
	x175: [ -1.9866,  -1.8866] 
	x176: [  1.4218,   1.5218] 
	x177: [ -0.9494,  -0.8494] 
	x178: [  1.8059,   1.9059] 
	x179: [ -1.8630,  -1.7630] 
	x180: [ -0.1688,  -0.0688] 
	x181: [  1.2377,   1.3377] 
	x182: [  0.1414,   0.2414] 
	x183: [  0.0302,   0.1302] 
	x184: [  3.2377,   3.3377] 
	x185: [ -0.8265,  -0.7265] 
	x186: [  1.6965,   1.7965] 
	x187: [ -1.6556,  -1.5556] 
	x188: [ -1.1606,  -1.0606] 
	x189: [ -0.1681,  -0.0681] 
	x190: [ -2.7057,  -2.6057] 
	x191: [  0.0918,   0.1918] 
	x192: [ -0.1494,  -0.0494] 
	x193: [ -0.1441,  -0.0441] 
	x194: [ -1.2216,  -1.1216] 
	x195: [ -0.2753,  -0.1753] 
	x196: [  0.5345,   0.6345] 
	x197: [  0.6009,   0.7009] 
	x198: [  0.3797,   0.4797] 
	x199: [  0.5003,   0.6003] 
	x200: [ -2.9126,  -2.8126] 
	x201: [ -0.8770,  -0.7770] 
	x202: [ -2.0291,  -1.9291] 
	x203: [ -0.1079,  -0.0079] 
	x204: [ -1.4189,  -1.3189] 
	x205: [ -0.2986,  -0.1986] 
	x206: [ -0.9673,  -0.8673] 
	x207: [ -0.8201,  -0.7201] 
	x208: [ -0.9111,  -0.8111] 
	x209: [  1.4385,   1.5385] 
	x210: [  2.1919,   2.2919] 
	x211: [  0.0389,   0.1389] 
	x212: [ -1.2924,  -1.1924] 
	x213: [  0.6016,   0.7016] 
	x214: [ -2.7167,  -2.6167] 
	x215: [ -1.3014,  -1.2014] 
	x216: [ -0.3090,  -0.2090] 
	x217: [  2.5867,   2.6867] 
	x218: [ -0.5745,  -0.4745] 
	x219: [ -0.4139,  -0.3139] 
	x220: [  2.4495,   2.5495] 
	x221: [  3.2070,   3.3070] 
	x222: [  0.4808,   0.5808] 
	x223: [ -1.1398,  -1.0398] 
	x224: [ -0.4497,  -0.3497] 
	x225: [ -0.1124,  -0.0124] 
	x226: [  2.2298,   2.3298] 
	x227: [ -1.6598,  -1.5598] 
	x228: [  4.0502,   4.1502] 
	x229: [ -0.8998,  -0.7998] 
	x230: [ -0.1520,  -0.0520] 
	x231: [  1.5526,   1.6526] 
	x232: [  0.3842,   0.4842] 
	x233: [ -1.2040,  -1.1040] 
	x234: [  1.2532,   1.3532] 
	x235: [ -0.6061,  -0.5061] 
	x236: [  0.1909,   0.2909] 
	x237: [  0.5005,   0.6005] 
	x238: [ -0.8622,  -0.7622] 
	x239: [  4.2829,   4.3829] 
	x240: [ -0.4206,  -0.3206] 
	x241: [  0.2204,   0.3204] 
	x242: [  2.5012,   2.6012] 
	x243: [  2.8364,   2.9364] 
	x244: [  0.0397,   0.1397] 
	x245: [ -0.2411,  -0.1411] 
	x246: [ -0.9965,  -0.8965] 
	x247: [  2.1872,   2.2872] 
	x248: [ -2.0863,  -1.9863] 
	x249: [ -0.4948,  -0.3948] 
	x250: [  0.9789,   1.0789] 
	x251: [  1.4863,   1.5863] 
	x252: [ -0.9291,  -0.8291] 
	x253: [  0.9321,   1.0321] 
	x254: [ -2.3245,  -2.2245] 
	x255: [ -0.2694,  -0.1694] 
	x256: [ -1.8599,  -1.7599] 
	x257: [ -0.7958,  -0.6958] 
	x258: [ -2.2519,  -2.1519] 
	x259: [ -0.0748,   0.0252] 
	x260: [  0.5953,   0.6953] 
	x261: [ -0.6462,  -0.5462] 
	x262: [ -0.3862,  -0.2862] 
	x263: [ -2.6014,  -2.5014] 
	x264: [ -0.2641,  -0.1641] 
	x265: [ -1.6695,  -1.5695] 
	x266: [  0.6241,   0.7241] 
	x267: [ -0.5033,  -0.4033] 
	x268: [ -2.4209,  -2.3209] 
	x269: [  1.7089,   1.8089] 
	x270: [  1.5703,   1.6703] 
	x271: [ -1.1983,  -1.0983] 
	x272: [ -2.0536,  -1.9536] 
	x273: [  0.0324,   0.1324] 
	x274: [ -1.2064,  -1.1064] 
	x275: [  0.1332,   0.2332] 
	x276: [ -1.3859,  -1.2859] 
	x277: [  0.7499,   0.8499] 
	x278: [  1.6164,   1.7164] 
	x279: [  1.1046,   1.2046] 
	x280: [ -0.5448,  -0.4448] 
	x281: [ -2.3421,  -2.2421] 
	x282: [ -0.6567,  -0.5567] 
	x283: [  1.0519,   1.1519] 
	x284: [ -0.8825,  -0.7825] 
	x285: [ -0.0599,   0.0401] 
	x286: [  1.3489,   1.4489] 
	x287: [ -0.7028,  -0.6028] 
	x288: [  1.3331,   1.4331] 
	x289: [ -2.1970,  -2.0970] 
	x290: [  1.1243,   1.2243] 
	x291: [  0.7147,   0.8147] 
	x292: [  0.2224,   0.3224] 
	x293: [  0.1574,   0.2574] 
	x294: [ -1.1239,  -1.0239] 
	x295: [  0.9205,   1.0205] 
	x296: [  1.0807,   1.1807] 
	x297: [ -0.1303,  -0.0303] 
	x298: [ -6.5066,  -6.4066] 
	x299: [ -1.2820,  -1.1820] 
	x300: [  0.6398,   0.7398] 
	x301: [ -1.7932,  -1.6932] 
	x302: [  1.5522,   1.6522] 
	x303: [  0.0568,   0.1568] 
	x304: [ -1.2830,  -1.1830] 
	x305: [  2.5208,   2.6208] 
	x306: [ -0.2383,  -0.1383] 
	x307: [ -3.2736,  -3.1736] 
	x308: [ -1.9919,  -1.8919] 
	x309: [  0.5794,   0.6794] 
	x310: [  0.6569,   0.7569] 
	x311: [ -1.7915,  -1.6915] 
	x312: [ -2.2476,  -2.1476] 
	x313: [ -0.5257,  -0.4257] 
	x314: [  1.2198,   1.3198] 
	x315: [  1.1008,   1.2008] 
	x316: [ -4.0442,  -3.9442] 
	x317: [ -1.2453,  -1.1453] 
	x318: [  2.4568,   2.5568] 
	x319: [  1.8785,   1.9785] 
	x320: [ -0.0198,   0.0802] 
	x321: [ -2.3752,  -2.2752] 
	x322: [ -0.4088,  -0.3088] 
	x323: [ -0.3579,  -0.2579] 
	x324: [  1.1717,   1.2717] 
	x325: [ -1.1138,  -1.0138] 
	x326: [ -0.3035,  -0.2035] 
	x327: [ -1.9632,  -1.8632] 
	x328: [ -2.5406,  -2.4406] 
	x329: [ -0.8172,  -0.7172] 
	x330: [  0.1423,   0.2423] 
	x331: [ -0.3538,  -0.2538] 
	x332: [  1.2608,   1.3608] 
	x333: [  2.5337,   2.6337] 
	x334: [  2.7468,   2.8468] 
	x335: [ -1.4049,  -1.3049] 
	x336: [  0.3074,   0.4074] 
	x337: [  0.1510,   0.2510] 
	x338: [ -0.9229,  -0.8229] 
	x339: [ -0.2538,  -0.1538] 
	x340: [ -0.0919,   0.0081] 
	x341: [  0.1762,   0.2762] 
	x342: [  1.0071,   1.1071] 
	x343: [ -1.3571,  -1.2571] 
	x344: [  2.3670,   2.4670] 
	x345: [  1.0138,   1.1138] 
	x346: [ -2.8664,  -2.7664] 
	x347: [  0.0543,   0.1543] 
	x348: [  0.6275,   0.7275] 
	x349: [ -0.8975,  -0.7975] 
	x350: [  1.1077,   1.2077] 
	x351: [  0.8688,   0.9688] 
	x352: [ -0.5727,  -0.4727] 
	x353: [  1.3609,   1.4609] 
	x354: [ -0.2352,  -0.1352] 
	x355: [  0.5031,   0.6031] 
	x356: [ -0.0436,   0.0564] 
	x357: [  0.5085,   0.6085] 
	x358: [  1.3602,   1.4602] 
	x359: [  0.6659,   0.7659] 
	x360: [ -2.1284,  -2.0284] 
	x361: [ -0.8874,  -0.7874] 
	x362: [  0.6576,   0.7576] 
	x363: [ -0.9296,  -0.8296] 
	x364: [  1.8436,   1.9436] 
	x365: [  2.1662,   2.2662] 
	x366: [ -2.5848,  -2.4848] 
	x367: [ -2.2212,  -2.1212] 
	x368: [ -2.4700,  -2.3700] 
	x369: [ -1.2682,  -1.1682] 
	x370: [ -0.5452,  -0.4452] 
	x371: [  0.1103,   0.2103] 
	x372: [  0.1713,   0.2713] 
	x373: [ -3.3383,  -3.2383] 
	x374: [  0.2337,   0.3337] 
	x375: [ -1.7561,  -1.6561] 
	x376: [ -0.6103,  -0.5103] 
	x377: [  0.6701,   0.7701] 
	x378: [ -0.3661,  -0.2661] 
	x379: [ -0.7388,  -0.6388] 
	x380: [  3.1128,   3.2128] 
	x381: [ -0.8702,  -0.7702] 
	x382: [ -3.9443,  -3.8443] 
	x383: [ -1.3441,  -1.2441] 
	x384: [ -0.4660,  -0.3660] 
	x385: [  0.7622,   0.8622] 
	x386: [ -0.2815,  -0.1815] 
	x387: [ -0.3448,  -0.2448] 
	x388: [  2.2557,   2.3557] 
	x389: [ -2.9867,  -2.8867] 
	x390: [ -1.1144,  -1.0144] 
	x391: [  0.1084,   0.2084] 
	x392: [  0.5874,   0.6874] 
	x393: [ -0.1698,  -0.0698] 
	x394: [ -1.0556,  -0.9556] 
	x395: [  0.5770,   0.6770] 
	x396: [  0.9625,   1.0625] 
	x397: [ -1.4950,  -1.3950] 
	x398: [  0.2603,   0.3603] 
	x399: [  1.4837,   1.5837] 
	x400: [  1.5821,   1.6821] 
	x401: [ -0.1014,  -0.0014] 
	x402: [  0.7666,   0.8666] 
	x403: [  0.8216,   0.9216] 
	x404: [ -1.2906,  -1.1906] 
	x405: [ -3.2715,  -3.1715] 
	x406: [ -1.5917,  -1.4917] 
	x407: [ -0.3239,  -0.2239] 
	x408: [ -1.8672,  -1.7672] 
	x409: [  0.2581,   0.3581] 
	x410: [ -1.2930,  -1.1930] 
	x411: [  0.7207,   0.8207] 
	x412: [  2.6892,   2.7892] 
	x413: [ -1.4293,  -1.3293] 
	x414: [ -1.9047,  -1.8047] 
	x415: [ -0.0208,   0.0792] 
	x416: [ -1.5657,  -1.4657] 
	x417: [  1.1129,   1.2129] 
	x418: [ -0.7162,  -0.6162] 
	x419: [  1.1960,   1.2960] 
	x420: [  2.6219,   2.7219] 
	x421: [ -0.7252,  -0.6252] 
	x422: [ -0.9027,  -0.8027] 
	x423: [  0.4358,   0.5358] 
	x424: [  0.5039,   0.6039] 
	x425: [  1.3095,   1.4095] 
	x426: [ -0.3826,  -0.2826] 
	x427: [ -1.9869,  -1.8869] 
	x428: [ -2.7668,  -2.6668] 
	x429: [  0.1007,   0.2007] 
	x430: [ -0.9253,  -0.8253] 
	x431: [  0.1902,   0.2902] 
	x432: [ -1.5007,  -1.4007] 
	x433: [ -2.4452,  -2.3452] 
	x434: [ -0.0089,   0.0911] 
	x435: [ -0.4573,  -0.3573] 
	x436: [ -2.0758,  -1.9758] 
	x437: [ -1.1571,  -1.0571] 
	x438: [ -1.6748,  -1.5748] 
	x439: [  0.5767,   0.6767] 
	x440: [ -0.1384,  -0.0384] 
	x441: [ -1.2330,  -1.1330] 
	x442: [ -0.9007,  -0.8007] 
	x443: [ -1.3842,  -1.2842] 
	x444: [  0.2278,   0.3278] 
	x445: [ -0.4789,  -0.3789] 
	x446: [  0.9406,   1.0406] 
	x447: [ -3.4190,  -3.3190] 
	x448: [ -2.7479,  -2.6479] 
	x449: [  2.0966,   2.1966] 
	x450: [  2.4212,   2.5212] 
	x451: [  1.0689,   1.1689] 
	x452: [  3.2494,   3.3494] 
	x453: [ -0.6594,  -0.5594] 
	x454: [ -1.5022,  -1.4022] 
	x455: [ -0.8456,  -0.7456] 
	x456: [ -0.7957,  -0.6957] 
	x457: [  0.6538,   0.7538] 
	x458: [ -4.0209,  -3.9209] 
	x459: [ -1.5527,  -1.4527] 
	x460: [  2.2292,   2.3292] 
	x461: [ -0.8963,  -0.7963] 
	x462: [  0.5610,   0.6610] 
	x463: [ -2.6498,  -2.5498] 
	x464: [ -1.4861,  -1.3861] 
	x465: [  1.7434,   1.8434] 
	x466: [ -1.9345,  -1.8345] 
	x467: [ -3.0110,  -2.9110] 
	x468: [ -1.0300,  -0.9300] 
	x469: [  1.8459,   1.9459] 
	x470: [ -2.3305,  -2.2305] 
	x471: [  2.0836,   2.1836] 
	x472: [  0.8753,   0.9753] 
	x473: [ -1.0821,  -0.9821] 
	x474: [ -4.4556,  -4.3556] 
	x475: [  0.6236,   0.7236] 
	x476: [ -1.5641,  -1.4641] 
	x477: [  0.2978,   0.3978] 
	x478: [  0.6187,   0.7187] 
	x479: [  3.9535,   4.0535] 
	x480: [  1.1246,   1.2246] 
	x481: [  0.6148,   0.7148] 
	x482: [  1.0502,   1.1502] 
	x483: [ -3.5161,  -3.4161] 
	x484: [  0.5303,   0.6303] 
	x485: [ -2.9609,  -2.8609] 
	x486: [  1.1273,   1.2273] 
	x487: [ -0.4507,  -0.3507] 
	x488: [ -0.2042,  -0.1042] 
	x489: [  0.8945,   0.9945] 
	x490: [  2.4391,   2.5391] 
	x491: [  1.0956,   1.1956] 
	x492: [  1.7288,   1.8288] 
	x493: [  0.0487,   0.1487] 
	x494: [  1.5739,   1.6739] 
	x495: [  0.1744,   0.2744] 
	x496: [ -1.6153,  -1.5153] 
	x497: [  1.2512,   1.3512] 
	x498: [  0.0925,   0.1925] 
	x499: [  1.1781,   1.2781] 
	x500: [  0.7858,   0.8858] 
	x501: [  1.2074,   1.3074] 
	x502: [  0.4409,   0.5409] 
	x503: [  0.3905,   0.4905] 
	x504: [  1.6013,   1.7013] 
	x505: [ -1.5803,  -1.4803] 
	x506: [  0.9357,   1.0357] 
	x507: [ -1.6543,  -1.5543] 
	x508: [ -0.6291,  -0.5291] 
	x509: [ -1.8536,  -1.7536] 
	x510: [  1.3164,   1.4164] 
	x511: [  0.0277,   0.1277] 

Branching heuristics set to PseudoImpact
unsat
