InputQuery: /home/levn/Workspace/othello_world/queries/probe_robust/game_111_target_62_eps_0.05.txt
Engine::processInputQuery: Input query (before preprocessing): 449 equations, 1216 variables
Engine::processInputQuery: Input query (after preprocessing): 705 equations, 1325 variables

Input bounds:
	x0: [  0.2722,   0.3722] 
	x1: [ -1.1529,  -1.0529] 
	x2: [  0.4999,   0.5999] 
	x3: [ -0.4677,  -0.3677] 
	x4: [ -0.0720,   0.0280] 
	x5: [ -2.6823,  -2.5823] 
	x6: [  1.7573,   1.8573] 
	x7: [ -1.2000,  -1.1000] 
	x8: [ -0.5280,  -0.4280] 
	x9: [  0.3981,   0.4981] 
	x10: [ -1.4663,  -1.3663] 
	x11: [ -1.2149,  -1.1149] 
	x12: [  1.3166,   1.4166] 
	x13: [ -0.7482,  -0.6482] 
	x14: [ -0.8444,  -0.7444] 
	x15: [  3.1681,   3.2681] 
	x16: [ -0.1443,  -0.0443] 
	x17: [ -0.7748,  -0.6748] 
	x18: [  1.4304,   1.5304] 
	x19: [ -0.5374,  -0.4374] 
	x20: [ -0.7516,  -0.6516] 
	x21: [ -0.8108,  -0.7108] 
	x22: [ -1.8496,  -1.7496] 
	x23: [  0.5173,   0.6173] 
	x24: [ -2.5376,  -2.4376] 
	x25: [ -0.5502,  -0.4502] 
	x26: [ -0.3146,  -0.2146] 
	x27: [  0.8646,   0.9646] 
	x28: [  1.4296,   1.5296] 
	x29: [  1.1365,   1.2365] 
	x30: [ -1.1136,  -1.0136] 
	x31: [ -1.0049,  -0.9049] 
	x32: [ -0.7140,  -0.6140] 
	x33: [ -0.6353,  -0.5353] 
	x34: [ -1.6495,  -1.5495] 
	x35: [ -1.7048,  -1.6048] 
	x36: [ -1.6081,  -1.5081] 
	x37: [  0.0368,   0.1368] 
	x38: [ -1.6364,  -1.5364] 
	x39: [  1.0742,   1.1742] 
	x40: [ -0.3125,  -0.2125] 
	x41: [ -2.0021,  -1.9021] 
	x42: [ -0.9838,  -0.8838] 
	x43: [  1.4866,   1.5866] 
	x44: [ -3.6117,  -3.5117] 
	x45: [  0.6407,   0.7407] 
	x46: [ -0.8808,  -0.7808] 
	x47: [ -1.8892,  -1.7892] 
	x48: [ -3.0271,  -2.9271] 
	x49: [  2.5448,   2.6448] 
	x50: [ -0.4623,  -0.3623] 
	x51: [  1.9478,   2.0478] 
	x52: [  1.8712,   1.9712] 
	x53: [  1.9129,   2.0129] 
	x54: [  0.7141,   0.8141] 
	x55: [ -0.7738,  -0.6738] 
	x56: [  1.7371,   1.8371] 
	x57: [ -1.2954,  -1.1954] 
	x58: [  0.7519,   0.8519] 
	x59: [ -0.1769,  -0.0769] 
	x60: [ -2.5170,  -2.4170] 
	x61: [ -2.1858,  -2.0858] 
	x62: [ -1.4419,  -1.3419] 
	x63: [  1.1861,   1.2861] 
	x64: [  0.7602,   0.8602] 
	x65: [  1.1033,   1.2033] 
	x66: [ -1.7795,  -1.6795] 
	x67: [ -1.2648,  -1.1648] 
	x68: [  1.1163,   1.2163] 
	x69: [ -1.2902,  -1.1902] 
	x70: [ -3.1508,  -3.0508] 
	x71: [ -0.7015,  -0.6015] 
	x72: [  4.0444,   4.1444] 
	x73: [  0.8934,   0.9934] 
	x74: [ -1.7790,  -1.6790] 
	x75: [ -1.0642,  -0.9642] 
	x76: [ -1.0510,  -0.9510] 
	x77: [  1.2906,   1.3906] 
	x78: [  1.3260,   1.4260] 
	x79: [ -0.3864,  -0.2864] 
	x80: [  1.1252,   1.2252] 
	x81: [ -0.2398,  -0.1398] 
	x82: [ -0.1768,  -0.0768] 
	x83: [  1.3405,   1.4405] 
	x84: [ -0.3906,  -0.2906] 
	x85: [  0.5683,   0.6683] 
	x86: [ -2.2947,  -2.1947] 
	x87: [ -2.5313,  -2.4313] 
	x88: [ -1.2524,  -1.1524] 
	x89: [  0.0053,   0.1053] 
	x90: [ -1.1406,  -1.0406] 
	x91: [ -0.7073,  -0.6073] 
	x92: [  0.6559,   0.7559] 
	x93: [  0.4987,   0.5987] 
	x94: [  0.1286,   0.2286] 
	x95: [  1.4334,   1.5334] 
	x96: [  0.3159,   0.4159] 
	x97: [ -0.5214,  -0.4214] 
	x98: [  1.0084,   1.1084] 
	x99: [ -1.9366,  -1.8366] 
	x100: [ -0.4530,  -0.3530] 
	x101: [ -0.7763,  -0.6763] 
	x102: [ -0.2287,  -0.1287] 
	x103: [  0.0042,   0.1042] 
	x104: [  0.4703,   0.5703] 
	x105: [ -1.6130,  -1.5130] 
	x106: [ -1.2359,  -1.1359] 
	x107: [ -1.3221,  -1.2221] 
	x108: [  0.1879,   0.2879] 
	x109: [  0.6560,   0.7560] 
	x110: [ -1.0518,  -0.9518] 
	x111: [ -1.9997,  -1.8997] 
	x112: [  2.1796,   2.2796] 
	x113: [  2.4995,   2.5995] 
	x114: [  0.7177,   0.8177] 
	x115: [  0.4239,   0.5239] 
	x116: [  0.4300,   0.5300] 
	x117: [  1.2565,   1.3565] 
	x118: [  0.4191,   0.5191] 
	x119: [  0.4709,   0.5709] 
	x120: [ -3.0022,  -2.9022] 
	x121: [  2.5990,   2.6990] 
	x122: [ -0.2718,  -0.1718] 
	x123: [  0.0096,   0.1096] 
	x124: [ -2.1514,  -2.0514] 
	x125: [ -0.0443,   0.0557] 
	x126: [ -1.5041,  -1.4041] 
	x127: [  0.8250,   0.9250] 
	x128: [ -0.4360,  -0.3360] 
	x129: [ -1.3178,  -1.2178] 
	x130: [  2.2154,   2.3154] 
	x131: [  0.2970,   0.3970] 
	x132: [ -0.5723,  -0.4723] 
	x133: [ -1.1268,  -1.0268] 
	x134: [ -1.1472,  -1.0472] 
	x135: [ -1.5673,  -1.4673] 
	x136: [  2.6018,   2.7018] 
	x137: [  3.1125,   3.2125] 
	x138: [  2.6048,   2.7048] 
	x139: [ -0.6129,  -0.5129] 
	x140: [ -1.5907,  -1.4907] 
	x141: [  1.2090,   1.3090] 
	x142: [  1.5862,   1.6862] 
	x143: [ -0.3279,  -0.2279] 
	x144: [ -0.2603,  -0.1603] 
	x145: [ -1.2623,  -1.1623] 
	x146: [ -1.8288,  -1.7288] 
	x147: [ -2.4134,  -2.3134] 
	x148: [  0.4579,   0.5579] 
	x149: [ -1.6184,  -1.5184] 
	x150: [ -2.2567,  -2.1567] 
	x151: [  1.0982,   1.1982] 
	x152: [ -2.0498,  -1.9498] 
	x153: [  0.3129,   0.4129] 
	x154: [  0.4119,   0.5119] 
	x155: [  0.3583,   0.4583] 
	x156: [ -0.0240,   0.0760] 
	x157: [ -0.9427,  -0.8427] 
	x158: [  0.8631,   0.9631] 
	x159: [ -1.1371,  -1.0371] 
	x160: [  2.0431,   2.1431] 
	x161: [ -0.9862,  -0.8862] 
	x162: [ -0.5023,  -0.4023] 
	x163: [  0.0098,   0.1098] 
	x164: [ -0.2389,  -0.1389] 
	x165: [ -1.4698,  -1.3698] 
	x166: [ -0.6788,  -0.5788] 
	x167: [  2.4297,   2.5297] 
	x168: [  0.8006,   0.9006] 
	x169: [ -0.5271,  -0.4271] 
	x170: [ -0.7792,  -0.6792] 
	x171: [ -0.7541,  -0.6541] 
	x172: [ -3.9668,  -3.8668] 
	x173: [  0.8412,   0.9412] 
	x174: [ -0.2553,  -0.1553] 
	x175: [  1.6968,   1.7968] 
	x176: [ -1.9688,  -1.8688] 
	x177: [ -2.0871,  -1.9871] 
	x178: [ -0.1096,  -0.0096] 
	x179: [ -0.6163,  -0.5163] 
	x180: [ -2.8161,  -2.7161] 
	x181: [  0.8875,   0.9875] 
	x182: [  3.3354,   3.4354] 
	x183: [  1.9933,   2.0933] 
	x184: [  1.1387,   1.2387] 
	x185: [ -0.7729,  -0.6729] 
	x186: [  2.5489,   2.6489] 
	x187: [ -0.6234,  -0.5234] 
	x188: [ -1.3851,  -1.2851] 
	x189: [  1.0085,   1.1085] 
	x190: [  0.8471,   0.9471] 
	x191: [ -1.6055,  -1.5055] 
	x192: [ -2.1056,  -2.0056] 
	x193: [ -1.4538,  -1.3538] 
	x194: [ -0.3769,  -0.2769] 
	x195: [ -0.3139,  -0.2139] 
	x196: [  1.3531,   1.4531] 
	x197: [ -0.2784,  -0.1784] 
	x198: [ -0.7275,  -0.6275] 
	x199: [ -0.7145,  -0.6145] 
	x200: [ -2.5166,  -2.4166] 
	x201: [  0.6778,   0.7778] 
	x202: [ -2.0178,  -1.9178] 
	x203: [ -3.5328,  -3.4328] 
	x204: [  0.3217,   0.4217] 
	x205: [ -0.2055,  -0.1055] 
	x206: [ -1.0781,  -0.9781] 
	x207: [ -2.1644,  -2.0644] 
	x208: [ -0.0074,   0.0926] 
	x209: [ -1.4426,  -1.3426] 
	x210: [ -1.7090,  -1.6090] 
	x211: [ -0.7663,  -0.6663] 
	x212: [  1.5568,   1.6568] 
	x213: [  0.7006,   0.8006] 
	x214: [ -1.2160,  -1.1160] 
	x215: [ -1.3339,  -1.2339] 
	x216: [ -1.4669,  -1.3669] 
	x217: [  0.1947,   0.2947] 
	x218: [ -0.3039,  -0.2039] 
	x219: [ -2.6885,  -2.5885] 
	x220: [  0.2974,   0.3974] 
	x221: [ -3.1195,  -3.0195] 
	x222: [ -0.6784,  -0.5784] 
	x223: [ -0.7809,  -0.6809] 
	x224: [  0.4989,   0.5989] 
	x225: [  0.2468,   0.3468] 
	x226: [ -0.4582,  -0.3582] 
	x227: [ -1.5817,  -1.4817] 
	x228: [  1.8139,   1.9139] 
	x229: [ -0.2422,  -0.1422] 
	x230: [ -0.2858,  -0.1858] 
	x231: [  1.0851,   1.1851] 
	x232: [  3.0604,   3.1604] 
	x233: [  0.5072,   0.6072] 
	x234: [ -3.6270,  -3.5270] 
	x235: [  2.7493,   2.8493] 
	x236: [ -1.9423,  -1.8423] 
	x237: [  1.9019,   2.0019] 
	x238: [ -0.8549,  -0.7549] 
	x239: [  4.1577,   4.2577] 
	x240: [  1.3985,   1.4985] 
	x241: [ -0.9813,  -0.8813] 
	x242: [ -0.7065,  -0.6065] 
	x243: [ -1.3868,  -1.2868] 
	x244: [ -2.9207,  -2.8207] 
	x245: [  0.8868,   0.9868] 
	x246: [ -0.0152,   0.0848] 
	x247: [  0.6742,   0.7742] 
	x248: [  3.0094,   3.1094] 
	x249: [  1.4493,   1.5493] 
	x250: [  1.1223,   1.2223] 
	x251: [  2.1985,   2.2985] 
	x252: [  1.3427,   1.4427] 
	x253: [  0.2076,   0.3076] 
	x254: [ -0.5082,  -0.4082] 
	x255: [  0.4064,   0.5064] 
	x256: [  1.0677,   1.1677] 
	x257: [ -2.1153,  -2.0153] 
	x258: [  2.1554,   2.2554] 
	x259: [  1.3877,   1.4877] 
	x260: [  0.6174,   0.7174] 
	x261: [ -0.3008,  -0.2008] 
	x262: [  0.7076,   0.8076] 
	x263: [ -1.1369,  -1.0369] 
	x264: [  1.4310,   1.5310] 
	x265: [ -1.9654,  -1.8654] 
	x266: [  1.2833,   1.3833] 
	x267: [  0.9323,   1.0323] 
	x268: [ -1.5757,  -1.4757] 
	x269: [  1.7277,   1.8277] 
	x270: [ -0.3358,  -0.2358] 
	x271: [  0.9936,   1.0936] 
	x272: [  1.4193,   1.5193] 
	x273: [ -1.2724,  -1.1724] 
	x274: [ -0.1659,  -0.0659] 
	x275: [  1.2337,   1.3337] 
	x276: [ -2.6343,  -2.5343] 
	x277: [ -2.4947,  -2.3947] 
	x278: [ -0.5821,  -0.4821] 
	x279: [  2.5341,   2.6341] 
	x280: [  0.6170,   0.7170] 
	x281: [  0.3388,   0.4388] 
	x282: [  0.0678,   0.1678] 
	x283: [ -0.1995,  -0.0995] 
	x284: [ -0.5123,  -0.4123] 
	x285: [  0.8642,   0.9642] 
	x286: [ -0.0652,   0.0348] 
	x287: [ -0.1711,  -0.0711] 
	x288: [ -0.4779,  -0.3779] 
	x289: [ -1.2468,  -1.1468] 
	x290: [ -0.4773,  -0.3773] 
	x291: [  0.0451,   0.1451] 
	x292: [ -0.8804,  -0.7804] 
	x293: [ -0.8460,  -0.7460] 
	x294: [ -2.4549,  -2.3549] 
	x295: [  1.9255,   2.0255] 
	x296: [  0.5063,   0.6063] 
	x297: [ -0.7514,  -0.6514] 
	x298: [ -4.6585,  -4.5585] 
	x299: [ -0.1385,  -0.0385] 
	x300: [ -1.2754,  -1.1754] 
	x301: [  1.3206,   1.4206] 
	x302: [  0.1543,   0.2543] 
	x303: [ -2.1371,  -2.0371] 
	x304: [  1.0967,   1.1967] 
	x305: [ -0.1442,  -0.0442] 
	x306: [  0.4680,   0.5680] 
	x307: [  0.2308,   0.3308] 
	x308: [  3.4593,   3.5593] 
	x309: [ -0.4656,  -0.3656] 
	x310: [  1.8305,   1.9305] 
	x311: [ -0.8553,  -0.7553] 
	x312: [ -1.6449,  -1.5449] 
	x313: [  0.6249,   0.7249] 
	x314: [  0.1415,   0.2415] 
	x315: [ -1.2369,  -1.1369] 
	x316: [ -0.9259,  -0.8259] 
	x317: [  1.4238,   1.5238] 
	x318: [  1.8985,   1.9985] 
	x319: [  1.8682,   1.9682] 
	x320: [ -1.4531,  -1.3531] 
	x321: [  1.2953,   1.3953] 
	x322: [  1.0252,   1.1252] 
	x323: [  1.8119,   1.9119] 
	x324: [  0.2954,   0.3954] 
	x325: [ -2.5471,  -2.4471] 
	x326: [ -1.2038,  -1.1038] 
	x327: [  0.0093,   0.1093] 
	x328: [  0.2650,   0.3650] 
	x329: [ -0.3353,  -0.2353] 
	x330: [  2.2107,   2.3107] 
	x331: [ -1.1147,  -1.0147] 
	x332: [  2.4293,   2.5293] 
	x333: [ -0.0101,   0.0899] 
	x334: [ -0.4406,  -0.3406] 
	x335: [  0.5110,   0.6110] 
	x336: [  4.0639,   4.1639] 
	x337: [  2.8783,   2.9783] 
	x338: [ -0.7576,  -0.6576] 
	x339: [ -1.1167,  -1.0167] 
	x340: [ -0.4508,  -0.3508] 
	x341: [  0.5959,   0.6959] 
	x342: [ -0.4430,  -0.3430] 
	x343: [ -2.0600,  -1.9600] 
	x344: [ -0.9797,  -0.8797] 
	x345: [ -1.0025,  -0.9025] 
	x346: [ -0.6762,  -0.5762] 
	x347: [  0.9422,   1.0422] 
	x348: [ -0.0295,   0.0705] 
	x349: [  1.0398,   1.1398] 
	x350: [ -1.0879,  -0.9879] 
	x351: [ -0.9254,  -0.8254] 
	x352: [ -1.2855,  -1.1855] 
	x353: [  0.5068,   0.6068] 
	x354: [  0.2275,   0.3275] 
	x355: [ -0.0293,   0.0707] 
	x356: [  0.8573,   0.9573] 
	x357: [  1.2602,   1.3602] 
	x358: [ -1.8685,  -1.7685] 
	x359: [ -1.6751,  -1.5751] 
	x360: [ -1.0704,  -0.9704] 
	x361: [  2.3477,   2.4477] 
	x362: [ -0.4206,  -0.3206] 
	x363: [  0.4934,   0.5934] 
	x364: [  0.0687,   0.1687] 
	x365: [ -0.7040,  -0.6040] 
	x366: [ -0.5473,  -0.4473] 
	x367: [  1.9163,   2.0163] 
	x368: [  1.0340,   1.1340] 
	x369: [ -1.1758,  -1.0758] 
	x370: [  0.1776,   0.2776] 
	x371: [ -0.3587,  -0.2587] 
	x372: [ -1.4117,  -1.3117] 
	x373: [ -2.3524,  -2.2524] 
	x374: [  0.0543,   0.1543] 
	x375: [ -0.8882,  -0.7882] 
	x376: [  1.5725,   1.6725] 
	x377: [  0.0660,   0.1660] 
	x378: [  0.6072,   0.7072] 
	x379: [ -0.4836,  -0.3836] 
	x380: [  0.6427,   0.7427] 
	x381: [ -2.1224,  -2.0224] 
	x382: [ -1.9097,  -1.8097] 
	x383: [ -0.8902,  -0.7902] 
	x384: [  1.7141,   1.8141] 
	x385: [  0.1318,   0.2318] 
	x386: [ -1.5356,  -1.4356] 
	x387: [  2.0200,   2.1200] 
	x388: [ -0.8363,  -0.7363] 
	x389: [ -1.5683,  -1.4683] 
	x390: [  1.3598,   1.4598] 
	x391: [ -2.4725,  -2.3725] 
	x392: [  2.5913,   2.6913] 
	x393: [  0.6165,   0.7165] 
	x394: [ -0.1314,  -0.0314] 
	x395: [  0.8567,   0.9567] 
	x396: [ -1.5284,  -1.4284] 
	x397: [  0.4293,   0.5293] 
	x398: [ -0.6764,  -0.5764] 
	x399: [ -0.2163,  -0.1163] 
	x400: [ -1.5703,  -1.4703] 
	x401: [  1.4809,   1.5809] 
	x402: [ -1.9083,  -1.8083] 
	x403: [  0.0222,   0.1222] 
	x404: [ -0.3858,  -0.2858] 
	x405: [ -1.9994,  -1.8994] 
	x406: [  3.0747,   3.1747] 
	x407: [  1.8451,   1.9451] 
	x408: [ -0.0338,   0.0662] 
	x409: [ -1.4103,  -1.3103] 
	x410: [  0.0460,   0.1460] 
	x411: [ -2.3024,  -2.2024] 
	x412: [  0.3033,   0.4033] 
	x413: [ -1.3280,  -1.2280] 
	x414: [  0.5403,   0.6403] 
	x415: [  0.4370,   0.5370] 
	x416: [  0.6176,   0.7176] 
	x417: [  0.6891,   0.7891] 
	x418: [  0.3573,   0.4573] 
	x419: [  2.3306,   2.4306] 
	x420: [  0.0594,   0.1594] 
	x421: [ -0.3084,  -0.2084] 
	x422: [ -2.1686,  -2.0686] 
	x423: [  1.8382,   1.9382] 
	x424: [  0.1115,   0.2115] 
	x425: [ -0.5855,  -0.4855] 
	x426: [ -1.9860,  -1.8860] 
	x427: [ -1.0927,  -0.9927] 
	x428: [  0.5568,   0.6568] 
	x429: [  1.9386,   2.0386] 
	x430: [  1.3561,   1.4561] 
	x431: [  3.9004,   4.0004] 
	x432: [ -1.2396,  -1.1396] 
	x433: [ -1.8424,  -1.7424] 
	x434: [  1.9437,   2.0437] 
	x435: [ -1.3886,  -1.2886] 
	x436: [  0.0880,   0.1880] 
	x437: [ -0.9521,  -0.8521] 
	x438: [  0.3148,   0.4148] 
	x439: [ -0.0376,   0.0624] 
	x440: [  1.9173,   2.0173] 
	x441: [  3.9235,   4.0235] 
	x442: [  0.0080,   0.1080] 
	x443: [ -2.3091,  -2.2091] 
	x444: [ -1.4947,  -1.3947] 
	x445: [ -1.7298,  -1.6298] 
	x446: [ -0.8125,  -0.7125] 
	x447: [ -1.2740,  -1.1740] 
	x448: [ -1.6791,  -1.5791] 
	x449: [  0.7846,   0.8846] 
	x450: [ -1.3063,  -1.2063] 
	x451: [  2.1408,   2.2408] 
	x452: [  0.3531,   0.4531] 
	x453: [  1.4883,   1.5883] 
	x454: [  0.0778,   0.1778] 
	x455: [ -0.7034,  -0.6034] 
	x456: [ -1.7586,  -1.6586] 
	x457: [ -0.4949,  -0.3949] 
	x458: [ -1.3340,  -1.2340] 
	x459: [  0.2551,   0.3551] 
	x460: [  3.2575,   3.3575] 
	x461: [  1.0060,   1.1060] 
	x462: [  1.8347,   1.9347] 
	x463: [  0.6447,   0.7447] 
	x464: [  0.1391,   0.2391] 
	x465: [ -2.8687,  -2.7687] 
	x466: [  0.6882,   0.7882] 
	x467: [ -2.6736,  -2.5736] 
	x468: [ -0.1113,  -0.0113] 
	x469: [ -0.7937,  -0.6937] 
	x470: [ -0.0504,   0.0496] 
	x471: [ -0.6213,  -0.5213] 
	x472: [  0.3989,   0.4989] 
	x473: [ -1.2023,  -1.1023] 
	x474: [ -1.0101,  -0.9101] 
	x475: [ -1.3212,  -1.2212] 
	x476: [  0.9794,   1.0794] 
	x477: [  0.5311,   0.6311] 
	x478: [  2.7141,   2.8141] 
	x479: [  4.4097,   4.5097] 
	x480: [ -3.0923,  -2.9923] 
	x481: [  0.2542,   0.3542] 
	x482: [ -0.9325,  -0.8325] 
	x483: [  1.6954,   1.7954] 
	x484: [  1.4412,   1.5412] 
	x485: [  0.7046,   0.8046] 
	x486: [  3.5917,   3.6917] 
	x487: [ -1.9302,  -1.8302] 
	x488: [  0.1630,   0.2630] 
	x489: [  1.4291,   1.5291] 
	x490: [ -0.4059,  -0.3059] 
	x491: [ -0.2781,  -0.1781] 
	x492: [  1.2234,   1.3234] 
	x493: [ -0.1994,  -0.0994] 
	x494: [  0.6419,   0.7419] 
	x495: [  2.3176,   2.4176] 
	x496: [ -2.4783,  -2.3783] 
	x497: [  0.4568,   0.5568] 
	x498: [ -2.6492,  -2.5492] 
	x499: [ -3.2338,  -3.1338] 
	x500: [  0.1027,   0.2027] 
	x501: [ -2.4297,  -2.3297] 
	x502: [ -1.0180,  -0.9180] 
	x503: [  0.5569,   0.6569] 
	x504: [ -0.7126,  -0.6126] 
	x505: [  1.5009,   1.6009] 
	x506: [  0.3539,   0.4539] 
	x507: [  0.1826,   0.2826] 
	x508: [ -0.6820,  -0.5820] 
	x509: [ -1.0285,  -0.9285] 
	x510: [  2.0632,   2.1632] 
	x511: [  0.3417,   0.4417] 

Branching heuristics set to PseudoImpact
unsat
