InputQuery: /home/levn/Workspace/othello_world/queries/probe_robust/game_10_target_60_eps_0.05.txt
Engine::processInputQuery: Input query (before preprocessing): 449 equations, 1216 variables
Engine::processInputQuery: Input query (after preprocessing): 705 equations, 1277 variables

Input bounds:
	x0: [ -1.3330,  -1.2330] 
	x1: [ -0.3638,  -0.2638] 
	x2: [ -0.2960,  -0.1960] 
	x3: [  1.2569,   1.3569] 
	x4: [ -0.2857,  -0.1857] 
	x5: [ -2.2011,  -2.1011] 
	x6: [ -0.8474,  -0.7474] 
	x7: [ -1.4655,  -1.3655] 
	x8: [ -2.7139,  -2.6139] 
	x9: [ -1.7003,  -1.6003] 
	x10: [  0.7313,   0.8313] 
	x11: [ -1.2511,  -1.1511] 
	x12: [ -2.7040,  -2.6040] 
	x13: [ -1.1442,  -1.0442] 
	x14: [ -0.1336,  -0.0336] 
	x15: [  0.0630,   0.1630] 
	x16: [ -0.3294,  -0.2294] 
	x17: [ -1.4589,  -1.3589] 
	x18: [ -1.5721,  -1.4721] 
	x19: [  4.1591,   4.2591] 
	x20: [  0.5432,   0.6432] 
	x21: [ -0.5969,  -0.4969] 
	x22: [  1.6159,   1.7159] 
	x23: [ -0.2851,  -0.1851] 
	x24: [  1.2003,   1.3003] 
	x25: [ -1.9097,  -1.8097] 
	x26: [  2.0678,   2.1678] 
	x27: [ -1.5148,  -1.4148] 
	x28: [ -0.1377,  -0.0377] 
	x29: [ -0.1436,  -0.0436] 
	x30: [  3.4582,   3.5582] 
	x31: [ -0.1440,  -0.0440] 
	x32: [  0.0979,   0.1979] 
	x33: [ -2.1480,  -2.0480] 
	x34: [  0.0029,   0.1029] 
	x35: [  0.1286,   0.2286] 
	x36: [  0.2371,   0.3371] 
	x37: [ -1.6229,  -1.5229] 
	x38: [  0.8955,   0.9955] 
	x39: [ -0.0734,   0.0266] 
	x40: [  2.2432,   2.3432] 
	x41: [ -0.1061,  -0.0061] 
	x42: [  0.0337,   0.1337] 
	x43: [ -0.2580,  -0.1580] 
	x44: [  0.0014,   0.1014] 
	x45: [  0.1181,   0.2181] 
	x46: [  0.8037,   0.9037] 
	x47: [ -2.3568,  -2.2568] 
	x48: [ -0.6324,  -0.5324] 
	x49: [ -0.1245,  -0.0245] 
	x50: [ -1.4675,  -1.3675] 
	x51: [ -1.7841,  -1.6841] 
	x52: [ -0.6990,  -0.5990] 
	x53: [ -0.6323,  -0.5323] 
	x54: [ -1.2779,  -1.1779] 
	x55: [ -0.5302,  -0.4302] 
	x56: [ -0.6049,  -0.5049] 
	x57: [ -0.4492,  -0.3492] 
	x58: [  2.2719,   2.3719] 
	x59: [  2.2403,   2.3403] 
	x60: [ -1.9640,  -1.8640] 
	x61: [  3.4778,   3.5778] 
	x62: [ -1.0854,  -0.9854] 
	x63: [  1.1674,   1.2674] 
	x64: [ -0.2709,  -0.1709] 
	x65: [ -0.6199,  -0.5199] 
	x66: [ -0.7142,  -0.6142] 
	x67: [ -2.0094,  -1.9094] 
	x68: [ -0.0047,   0.0953] 
	x69: [ -0.6145,  -0.5145] 
	x70: [ -0.1569,  -0.0569] 
	x71: [  0.0575,   0.1575] 
	x72: [ -2.5773,  -2.4773] 
	x73: [ -1.8398,  -1.7398] 
	x74: [  1.5837,   1.6837] 
	x75: [  1.9427,   2.0427] 
	x76: [  0.7913,   0.8913] 
	x77: [ -1.4133,  -1.3133] 
	x78: [  1.2283,   1.3283] 
	x79: [ -1.9000,  -1.8000] 
	x80: [  0.2945,   0.3945] 
	x81: [  1.7645,   1.8645] 
	x82: [  3.1439,   3.2439] 
	x83: [  1.0340,   1.1340] 
	x84: [ -0.4926,  -0.3926] 
	x85: [ -0.1989,  -0.0989] 
	x86: [  1.1529,   1.2529] 
	x87: [ -1.6062,  -1.5062] 
	x88: [ -0.3065,  -0.2065] 
	x89: [ -1.0788,  -0.9788] 
	x90: [ -0.0474,   0.0526] 
	x91: [ -2.2810,  -2.1810] 
	x92: [  1.6997,   1.7997] 
	x93: [  1.2561,   1.3561] 
	x94: [  0.0215,   0.1215] 
	x95: [ -3.4912,  -3.3912] 
	x96: [  0.5910,   0.6910] 
	x97: [  0.6297,   0.7297] 
	x98: [ -0.1523,  -0.0523] 
	x99: [  2.6139,   2.7139] 
	x100: [  0.3889,   0.4889] 
	x101: [ -1.7267,  -1.6267] 
	x102: [ -3.5740,  -3.4740] 
	x103: [ -0.7508,  -0.6508] 
	x104: [ -1.6733,  -1.5733] 
	x105: [ -0.0940,   0.0060] 
	x106: [ -0.3852,  -0.2852] 
	x107: [  2.4432,   2.5432] 
	x108: [ -0.4362,  -0.3362] 
	x109: [ -3.6756,  -3.5756] 
	x110: [ -0.6059,  -0.5059] 
	x111: [ -0.5896,  -0.4896] 
	x112: [  0.0785,   0.1785] 
	x113: [ -2.4326,  -2.3326] 
	x114: [ -1.0704,  -0.9704] 
	x115: [  1.7804,   1.8804] 
	x116: [  0.9356,   1.0356] 
	x117: [  0.8449,   0.9449] 
	x118: [ -0.5363,  -0.4363] 
	x119: [  0.5551,   0.6551] 
	x120: [  0.4946,   0.5946] 
	x121: [  1.8335,   1.9335] 
	x122: [ -1.4795,  -1.3795] 
	x123: [ -0.7778,  -0.6778] 
	x124: [  1.2586,   1.3586] 
	x125: [  1.1458,   1.2458] 
	x126: [  2.2553,   2.3553] 
	x127: [ -0.3328,  -0.2328] 
	x128: [  1.2470,   1.3470] 
	x129: [ -1.4198,  -1.3198] 
	x130: [ -0.5049,  -0.4049] 
	x131: [  2.3761,   2.4761] 
	x132: [  0.5079,   0.6079] 
	x133: [  0.7331,   0.8331] 
	x134: [  1.1503,   1.2503] 
	x135: [  0.2854,   0.3854] 
	x136: [ -2.6789,  -2.5789] 
	x137: [ -0.4053,  -0.3053] 
	x138: [ -0.7320,  -0.6320] 
	x139: [ -0.4412,  -0.3412] 
	x140: [  2.7934,   2.8934] 
	x141: [  0.3730,   0.4730] 
	x142: [ -1.1046,  -1.0046] 
	x143: [ -2.9228,  -2.8228] 
	x144: [ -0.9646,  -0.8646] 
	x145: [ -1.3743,  -1.2743] 
	x146: [ -3.8691,  -3.7691] 
	x147: [ -0.5588,  -0.4588] 
	x148: [ -0.8515,  -0.7515] 
	x149: [ -0.8750,  -0.7750] 
	x150: [ -1.7457,  -1.6457] 
	x151: [  0.9449,   1.0449] 
	x152: [  0.5688,   0.6688] 
	x153: [ -1.1920,  -1.0920] 
	x154: [ -0.0316,   0.0684] 
	x155: [ -0.9884,  -0.8884] 
	x156: [ -0.3616,  -0.2616] 
	x157: [ -1.9077,  -1.8077] 
	x158: [  0.3658,   0.4658] 
	x159: [ -1.3040,  -1.2040] 
	x160: [  1.2998,   1.3998] 
	x161: [  0.1631,   0.2631] 
	x162: [ -1.2576,  -1.1576] 
	x163: [  2.7601,   2.8601] 
	x164: [ -0.4949,  -0.3949] 
	x165: [ -0.3621,  -0.2621] 
	x166: [ -1.0644,  -0.9644] 
	x167: [  3.3384,   3.4384] 
	x168: [ -1.3840,  -1.2840] 
	x169: [ -2.9066,  -2.8066] 
	x170: [  0.0354,   0.1354] 
	x171: [  1.6584,   1.7584] 
	x172: [  2.5307,   2.6307] 
	x173: [ -1.0306,  -0.9306] 
	x174: [  2.0246,   2.1246] 
	x175: [ -0.4073,  -0.3073] 
	x176: [  0.4555,   0.5555] 
	x177: [ -1.5384,  -1.4384] 
	x178: [ -1.3914,  -1.2914] 
	x179: [  2.5099,   2.6099] 
	x180: [  1.0777,   1.1777] 
	x181: [ -2.3114,  -2.2114] 
	x182: [  0.4649,   0.5649] 
	x183: [  0.2274,   0.3274] 
	x184: [  3.4573,   3.5573] 
	x185: [  0.3792,   0.4792] 
	x186: [  0.3625,   0.4625] 
	x187: [  2.5323,   2.6323] 
	x188: [  0.2704,   0.3704] 
	x189: [  2.4283,   2.5283] 
	x190: [ -1.7703,  -1.6703] 
	x191: [  0.2678,   0.3678] 
	x192: [  0.6337,   0.7337] 
	x193: [ -1.6038,  -1.5038] 
	x194: [  0.8783,   0.9783] 
	x195: [  1.4722,   1.5722] 
	x196: [ -0.2361,  -0.1361] 
	x197: [  1.7844,   1.8844] 
	x198: [  1.3990,   1.4990] 
	x199: [  0.8750,   0.9750] 
	x200: [ -0.7674,  -0.6674] 
	x201: [  0.9969,   1.0969] 
	x202: [ -0.3595,  -0.2595] 
	x203: [  1.0285,   1.1285] 
	x204: [ -0.5394,  -0.4394] 
	x205: [  0.6025,   0.7025] 
	x206: [  1.5714,   1.6714] 
	x207: [  0.0168,   0.1168] 
	x208: [ -0.1696,  -0.0696] 
	x209: [ -0.0581,   0.0419] 
	x210: [ -1.1597,  -1.0597] 
	x211: [ -0.5018,  -0.4018] 
	x212: [ -2.6177,  -2.5177] 
	x213: [  1.6395,   1.7395] 
	x214: [ -2.3628,  -2.2628] 
	x215: [ -2.3962,  -2.2962] 
	x216: [ -0.1683,  -0.0683] 
	x217: [  0.6760,   0.7760] 
	x218: [  0.7998,   0.8998] 
	x219: [ -0.6335,  -0.5335] 
	x220: [ -1.3824,  -1.2824] 
	x221: [  2.5874,   2.6874] 
	x222: [  1.2952,   1.3952] 
	x223: [ -0.8327,  -0.7327] 
	x224: [  0.3788,   0.4788] 
	x225: [  2.6373,   2.7373] 
	x226: [  2.3558,   2.4558] 
	x227: [ -0.3569,  -0.2569] 
	x228: [  0.8663,   0.9663] 
	x229: [ -0.6799,  -0.5799] 
	x230: [ -1.4669,  -1.3669] 
	x231: [ -1.5367,  -1.4367] 
	x232: [  0.8384,   0.9384] 
	x233: [ -1.8280,  -1.7280] 
	x234: [ -0.8979,  -0.7979] 
	x235: [ -2.7023,  -2.6023] 
	x236: [ -1.2207,  -1.1207] 
	x237: [  1.5057,   1.6057] 
	x238: [  0.2985,   0.3985] 
	x239: [  8.9128,   9.0128] 
	x240: [  0.1518,   0.2518] 
	x241: [ -3.1023,  -3.0023] 
	x242: [  0.2035,   0.3035] 
	x243: [ -0.5865,  -0.4865] 
	x244: [ -0.3211,  -0.2211] 
	x245: [ -1.1207,  -1.0207] 
	x246: [ -1.7000,  -1.6000] 
	x247: [ -1.1668,  -1.0668] 
	x248: [ -1.3730,  -1.2730] 
	x249: [  1.3852,   1.4852] 
	x250: [  2.1750,   2.2750] 
	x251: [ -2.2126,  -2.1126] 
	x252: [  0.7176,   0.8176] 
	x253: [ -0.3203,  -0.2203] 
	x254: [ -1.1891,  -1.0891] 
	x255: [  0.0720,   0.1720] 
	x256: [ -1.7919,  -1.6919] 
	x257: [  0.1776,   0.2776] 
	x258: [ -3.9763,  -3.8763] 
	x259: [  0.1075,   0.2075] 
	x260: [ -2.4105,  -2.3105] 
	x261: [ -1.1928,  -1.0928] 
	x262: [  0.4124,   0.5124] 
	x263: [  0.3467,   0.4467] 
	x264: [  0.2762,   0.3762] 
	x265: [ -1.8698,  -1.7698] 
	x266: [ -1.0021,  -0.9021] 
	x267: [ -0.6589,  -0.5589] 
	x268: [  1.2725,   1.3725] 
	x269: [ -3.1417,  -3.0417] 
	x270: [  0.2559,   0.3559] 
	x271: [ -1.5953,  -1.4953] 
	x272: [ -0.0885,   0.0115] 
	x273: [  1.0406,   1.1406] 
	x274: [ -2.5515,  -2.4515] 
	x275: [ -3.0998,  -2.9998] 
	x276: [  1.1787,   1.2787] 
	x277: [  1.3480,   1.4480] 
	x278: [ -1.9579,  -1.8579] 
	x279: [  1.4917,   1.5917] 
	x280: [  1.7863,   1.8863] 
	x281: [  1.3915,   1.4915] 
	x282: [ -0.3141,  -0.2141] 
	x283: [ -1.4101,  -1.3101] 
	x284: [  0.7997,   0.8997] 
	x285: [ -0.1445,  -0.0445] 
	x286: [  0.1397,   0.2397] 
	x287: [  1.2989,   1.3989] 
	x288: [ -0.1471,  -0.0471] 
	x289: [ -0.8869,  -0.7869] 
	x290: [ -2.8313,  -2.7313] 
	x291: [ -0.2522,  -0.1522] 
	x292: [  0.5593,   0.6593] 
	x293: [  2.2021,   2.3021] 
	x294: [  2.0485,   2.1485] 
	x295: [ -0.5376,  -0.4376] 
	x296: [  1.7872,   1.8872] 
	x297: [ -0.2601,  -0.1601] 
	x298: [ -7.9099,  -7.8099] 
	x299: [  1.4445,   1.5445] 
	x300: [  1.7970,   1.8970] 
	x301: [  0.4415,   0.5415] 
	x302: [  0.1208,   0.2208] 
	x303: [ -0.7964,  -0.6964] 
	x304: [ -2.7532,  -2.6532] 
	x305: [ -1.0650,  -0.9650] 
	x306: [ -1.5570,  -1.4570] 
	x307: [ -3.7266,  -3.6266] 
	x308: [ -0.2992,  -0.1992] 
	x309: [  0.1993,   0.2993] 
	x310: [ -1.2171,  -1.1171] 
	x311: [ -1.0112,  -0.9112] 
	x312: [ -2.6093,  -2.5093] 
	x313: [ -0.9043,  -0.8043] 
	x314: [  0.7007,   0.8007] 
	x315: [ -0.9068,  -0.8068] 
	x316: [  1.2833,   1.3833] 
	x317: [  1.0314,   1.1314] 
	x318: [ -0.0081,   0.0919] 
	x319: [ -1.4667,  -1.3667] 
	x320: [ -0.7723,  -0.6723] 
	x321: [  0.0064,   0.1064] 
	x322: [ -1.3887,  -1.2887] 
	x323: [  0.3279,   0.4279] 
	x324: [ -0.3305,  -0.2305] 
	x325: [  1.2779,   1.3779] 
	x326: [  1.6930,   1.7930] 
	x327: [ -1.7483,  -1.6483] 
	x328: [  2.9318,   3.0318] 
	x329: [  0.2120,   0.3120] 
	x330: [ -0.9284,  -0.8284] 
	x331: [ -0.7264,  -0.6264] 
	x332: [ -0.6615,  -0.5615] 
	x333: [  1.0286,   1.1286] 
	x334: [  1.7375,   1.8375] 
	x335: [ -1.6658,  -1.5658] 
	x336: [ -0.9409,  -0.8409] 
	x337: [  0.1990,   0.2990] 
	x338: [ -0.5856,  -0.4856] 
	x339: [ -1.1465,  -1.0465] 
	x340: [ -0.9917,  -0.8917] 
	x341: [  0.4940,   0.5940] 
	x342: [  0.0977,   0.1977] 
	x343: [ -0.8070,  -0.7070] 
	x344: [ -0.2365,  -0.1365] 
	x345: [  0.5813,   0.6813] 
	x346: [  0.2336,   0.3336] 
	x347: [ -0.8307,  -0.7307] 
	x348: [ -0.3567,  -0.2567] 
	x349: [  1.1393,   1.2393] 
	x350: [ -3.0255,  -2.9255] 
	x351: [ -2.0480,  -1.9480] 
	x352: [ -0.7648,  -0.6648] 
	x353: [ -1.2579,  -1.1579] 
	x354: [  0.3956,   0.4956] 
	x355: [  0.7756,   0.8756] 
	x356: [  1.5103,   1.6103] 
	x357: [  0.3355,   0.4355] 
	x358: [  0.7645,   0.8645] 
	x359: [ -0.5748,  -0.4748] 
	x360: [  1.9084,   2.0084] 
	x361: [ -0.5649,  -0.4649] 
	x362: [ -1.9499,  -1.8499] 
	x363: [ -0.7021,  -0.6021] 
	x364: [ -2.3238,  -2.2238] 
	x365: [ -2.1722,  -2.0722] 
	x366: [ -0.0765,   0.0235] 
	x367: [  2.6430,   2.7430] 
	x368: [ -1.4782,  -1.3782] 
	x369: [  0.9359,   1.0359] 
	x370: [ -0.8853,  -0.7853] 
	x371: [  0.7577,   0.8577] 
	x372: [  2.1405,   2.2405] 
	x373: [ -1.5296,  -1.4296] 
	x374: [  0.4549,   0.5549] 
	x375: [ -1.0778,  -0.9778] 
	x376: [  0.9232,   1.0232] 
	x377: [  0.8110,   0.9110] 
	x378: [  1.3297,   1.4297] 
	x379: [  0.4888,   0.5888] 
	x380: [  2.4159,   2.5159] 
	x381: [ -1.5700,  -1.4700] 
	x382: [ -1.3329,  -1.2329] 
	x383: [  1.7739,   1.8739] 
	x384: [ -0.3734,  -0.2734] 
	x385: [  1.2578,   1.3578] 
	x386: [ -3.0572,  -2.9572] 
	x387: [  0.5989,   0.6989] 
	x388: [  0.1100,   0.2100] 
	x389: [ -2.5511,  -2.4511] 
	x390: [ -0.3720,  -0.2720] 
	x391: [  1.8453,   1.9453] 
	x392: [  1.0584,   1.1584] 
	x393: [  1.7994,   1.8994] 
	x394: [ -1.3851,  -1.2851] 
	x395: [ -1.5751,  -1.4751] 
	x396: [ -0.8143,  -0.7143] 
	x397: [ -2.5285,  -2.4285] 
	x398: [  0.7268,   0.8268] 
	x399: [  1.2927,   1.3927] 
	x400: [ -1.6310,  -1.5310] 
	x401: [ -2.0770,  -1.9770] 
	x402: [ -1.0214,  -0.9214] 
	x403: [ -0.8474,  -0.7474] 
	x404: [  0.6662,   0.7662] 
	x405: [  1.1494,   1.2494] 
	x406: [  1.5396,   1.6396] 
	x407: [  1.5311,   1.6311] 
	x408: [ -0.4074,  -0.3074] 
	x409: [  1.4874,   1.5874] 
	x410: [  1.7555,   1.8555] 
	x411: [ -1.9531,  -1.8531] 
	x412: [ -0.3604,  -0.2604] 
	x413: [  1.6808,   1.7808] 
	x414: [  0.7435,   0.8435] 
	x415: [ -2.7599,  -2.6599] 
	x416: [ -0.5220,  -0.4220] 
	x417: [ -0.3345,  -0.2345] 
	x418: [ -0.2846,  -0.1846] 
	x419: [ -0.4335,  -0.3335] 
	x420: [ -0.5979,  -0.4979] 
	x421: [ -3.1537,  -3.0537] 
	x422: [ -2.0064,  -1.9064] 
	x423: [ -0.0267,   0.0733] 
	x424: [ -0.0792,   0.0208] 
	x425: [ -2.4423,  -2.3423] 
	x426: [ -3.8966,  -3.7966] 
	x427: [  0.3171,   0.4171] 
	x428: [ -2.3804,  -2.2804] 
	x429: [  1.7341,   1.8341] 
	x430: [  2.1736,   2.2736] 
	x431: [  1.8788,   1.9788] 
	x432: [  0.0591,   0.1591] 
	x433: [ -1.9984,  -1.8984] 
	x434: [  1.1065,   1.2065] 
	x435: [ -0.2713,  -0.1713] 
	x436: [ -1.5366,  -1.4366] 
	x437: [ -1.5685,  -1.4685] 
	x438: [ -1.0152,  -0.9152] 
	x439: [ -1.5403,  -1.4403] 
	x440: [ -0.7593,  -0.6593] 
	x441: [ -1.8215,  -1.7215] 
	x442: [ -1.6503,  -1.5503] 
	x443: [ -0.4709,  -0.3709] 
	x444: [  0.2828,   0.3828] 
	x445: [  0.2489,   0.3489] 
	x446: [ -0.6817,  -0.5817] 
	x447: [  0.8998,   0.9998] 
	x448: [ -3.2817,  -3.1817] 
	x449: [ -1.8703,  -1.7703] 
	x450: [  2.9658,   3.0658] 
	x451: [ -0.8507,  -0.7507] 
	x452: [ -0.4921,  -0.3921] 
	x453: [  0.9541,   1.0541] 
	x454: [  0.0543,   0.1543] 
	x455: [ -2.8848,  -2.7848] 
	x456: [  3.3479,   3.4479] 
	x457: [ -0.1360,  -0.0360] 
	x458: [ -0.3829,  -0.2829] 
	x459: [ -1.3202,  -1.2202] 
	x460: [ -0.1680,  -0.0680] 
	x461: [  2.8638,   2.9638] 
	x462: [ -0.5204,  -0.4204] 
	x463: [ -1.5270,  -1.4270] 
	x464: [ -1.0653,  -0.9653] 
	x465: [ -1.2839,  -1.1839] 
	x466: [  1.3298,   1.4298] 
	x467: [ -2.4022,  -2.3022] 
	x468: [  1.9084,   2.0084] 
	x469: [ -0.5231,  -0.4231] 
	x470: [  1.1090,   1.2090] 
	x471: [ -0.0573,   0.0427] 
	x472: [ -3.5947,  -3.4947] 
	x473: [ -2.6127,  -2.5127] 
	x474: [ -1.1593,  -1.0593] 
	x475: [ -1.5486,  -1.4486] 
	x476: [ -1.1859,  -1.0859] 
	x477: [ -0.2383,  -0.1383] 
	x478: [  0.1641,   0.2641] 
	x479: [  3.4344,   3.5344] 
	x480: [  0.1222,   0.2222] 
	x481: [  0.0315,   0.1315] 
	x482: [  0.7146,   0.8146] 
	x483: [  0.6576,   0.7576] 
	x484: [ -0.5311,  -0.4311] 
	x485: [  1.3596,   1.4596] 
	x486: [  1.5622,   1.6622] 
	x487: [ -1.8527,  -1.7527] 
	x488: [  1.4551,   1.5551] 
	x489: [  1.5310,   1.6310] 
	x490: [ -1.9660,  -1.8660] 
	x491: [  0.6951,   0.7951] 
	x492: [  1.2371,   1.3371] 
	x493: [ -0.6701,  -0.5701] 
	x494: [  0.6899,   0.7899] 
	x495: [ -0.0319,   0.0681] 
	x496: [  0.3413,   0.4413] 
	x497: [  2.1249,   2.2249] 
	x498: [ -2.0798,  -1.9798] 
	x499: [ -1.2415,  -1.1415] 
	x500: [  0.1132,   0.2132] 
	x501: [  1.4757,   1.5757] 
	x502: [ -3.9903,  -3.8903] 
	x503: [  0.7457,   0.8457] 
	x504: [  0.9276,   1.0276] 
	x505: [  0.5746,   0.6746] 
	x506: [ -3.4937,  -3.3937] 
	x507: [  0.2126,   0.3126] 
	x508: [ -1.9605,  -1.8605] 
	x509: [  0.7210,   0.8210] 
	x510: [ -0.8852,  -0.7852] 
	x511: [  0.4371,   0.5371] 

Branching heuristics set to PseudoImpact
unsat
