InputQuery: /home/levn/Workspace/othello_world/queries/probe_robust/game_8_target_44_eps_0.05.txt
Engine::processInputQuery: Input query (before preprocessing): 449 equations, 1216 variables
Engine::processInputQuery: Input query (after preprocessing): 705 equations, 1265 variables

Input bounds:
	x0: [ -1.4411,  -1.3411] 
	x1: [ -1.1093,  -1.0093] 
	x2: [  1.7377,   1.8377] 
	x3: [ -1.9947,  -1.8947] 
	x4: [ -3.0724,  -2.9724] 
	x5: [ -1.6890,  -1.5890] 
	x6: [ -1.4811,  -1.3811] 
	x7: [  1.6598,   1.7598] 
	x8: [ -2.0921,  -1.9921] 
	x9: [  0.5826,   0.6826] 
	x10: [ -2.6082,  -2.5082] 
	x11: [ -0.4687,  -0.3687] 
	x12: [ -1.7931,  -1.6931] 
	x13: [  0.5769,   0.6769] 
	x14: [  1.9520,   2.0520] 
	x15: [  0.6919,   0.7919] 
	x16: [ -1.7339,  -1.6339] 
	x17: [ -1.5052,  -1.4052] 
	x18: [ -0.8294,  -0.7294] 
	x19: [ -1.1103,  -1.0103] 
	x20: [ -1.7538,  -1.6538] 
	x21: [  2.0776,   2.1776] 
	x22: [  0.3730,   0.4730] 
	x23: [  0.8332,   0.9332] 
	x24: [  0.7221,   0.8221] 
	x25: [  0.9428,   1.0428] 
	x26: [  3.5450,   3.6450] 
	x27: [ -1.9159,  -1.8159] 
	x28: [ -0.0472,   0.0528] 
	x29: [  2.1519,   2.2519] 
	x30: [ -0.1256,  -0.0256] 
	x31: [ -2.6186,  -2.5186] 
	x32: [  0.2028,   0.3028] 
	x33: [ -0.7592,  -0.6592] 
	x34: [  0.0705,   0.1705] 
	x35: [ -1.0466,  -0.9466] 
	x36: [ -2.7234,  -2.6234] 
	x37: [  1.5422,   1.6422] 
	x38: [  2.0383,   2.1383] 
	x39: [  0.3342,   0.4342] 
	x40: [  1.6975,   1.7975] 
	x41: [ -0.5131,  -0.4131] 
	x42: [ -0.6912,  -0.5912] 
	x43: [  1.2514,   1.3514] 
	x44: [ -0.6732,  -0.5732] 
	x45: [ -2.4392,  -2.3392] 
	x46: [  1.1406,   1.2406] 
	x47: [ -2.0911,  -1.9911] 
	x48: [ -1.2938,  -1.1938] 
	x49: [  2.3851,   2.4851] 
	x50: [  0.6887,   0.7887] 
	x51: [  2.5788,   2.6788] 
	x52: [  1.8195,   1.9195] 
	x53: [ -1.6204,  -1.5204] 
	x54: [  1.6768,   1.7768] 
	x55: [ -1.0260,  -0.9260] 
	x56: [  1.1852,   1.2852] 
	x57: [  1.5155,   1.6155] 
	x58: [  2.9096,   3.0096] 
	x59: [  1.9439,   2.0439] 
	x60: [  1.7466,   1.8466] 
	x61: [ -0.5344,  -0.4344] 
	x62: [  0.3132,   0.4132] 
	x63: [ -2.3272,  -2.2272] 
	x64: [ -0.4487,  -0.3487] 
	x65: [  0.1862,   0.2862] 
	x66: [ -4.1916,  -4.0916] 
	x67: [  0.2803,   0.3803] 
	x68: [  0.9815,   1.0815] 
	x69: [ -1.1720,  -1.0720] 
	x70: [  0.4367,   0.5367] 
	x71: [  0.5606,   0.6606] 
	x72: [  2.1762,   2.2762] 
	x73: [ -0.3399,  -0.2399] 
	x74: [ -2.0226,  -1.9226] 
	x75: [ -0.9187,  -0.8187] 
	x76: [ -2.9486,  -2.8486] 
	x77: [  2.4969,   2.5969] 
	x78: [ -2.2546,  -2.1546] 
	x79: [  1.1626,   1.2626] 
	x80: [  0.2722,   0.3722] 
	x81: [ -0.8603,  -0.7603] 
	x82: [  0.6691,   0.7691] 
	x83: [  0.5721,   0.6721] 
	x84: [ -0.6238,  -0.5238] 
	x85: [  0.5246,   0.6246] 
	x86: [  1.9270,   2.0270] 
	x87: [  0.9095,   1.0095] 
	x88: [ -1.3489,  -1.2489] 
	x89: [  1.4020,   1.5020] 
	x90: [ -1.8447,  -1.7447] 
	x91: [ -2.5170,  -2.4170] 
	x92: [  0.0737,   0.1737] 
	x93: [  1.6832,   1.7832] 
	x94: [ -0.9581,  -0.8581] 
	x95: [ -1.0255,  -0.9255] 
	x96: [  1.8870,   1.9870] 
	x97: [ -0.6837,  -0.5837] 
	x98: [ -0.4449,  -0.3449] 
	x99: [  1.9280,   2.0280] 
	x100: [ -3.0160,  -2.9160] 
	x101: [ -3.5586,  -3.4586] 
	x102: [ -3.9659,  -3.8659] 
	x103: [ -2.7504,  -2.6504] 
	x104: [ -0.1846,  -0.0846] 
	x105: [ -0.2381,  -0.1381] 
	x106: [ -0.8600,  -0.7600] 
	x107: [ -1.4262,  -1.3262] 
	x108: [  1.2751,   1.3751] 
	x109: [ -2.8982,  -2.7982] 
	x110: [  0.7006,   0.8006] 
	x111: [  1.5694,   1.6694] 
	x112: [  1.0822,   1.1822] 
	x113: [ -0.7527,  -0.6527] 
	x114: [ -0.5845,  -0.4845] 
	x115: [ -2.0096,  -1.9096] 
	x116: [  1.2707,   1.3707] 
	x117: [  2.7944,   2.8944] 
	x118: [ -1.1081,  -1.0081] 
	x119: [ -0.9113,  -0.8113] 
	x120: [  0.6517,   0.7517] 
	x121: [  1.5553,   1.6553] 
	x122: [ -1.3694,  -1.2694] 
	x123: [  0.3602,   0.4602] 
	x124: [ -0.7832,  -0.6832] 
	x125: [ -0.5434,  -0.4434] 
	x126: [  0.8800,   0.9800] 
	x127: [ -0.4707,  -0.3707] 
	x128: [ -0.5690,  -0.4690] 
	x129: [ -1.3977,  -1.2977] 
	x130: [ -2.7203,  -2.6203] 
	x131: [  0.0166,   0.1166] 
	x132: [  0.7851,   0.8851] 
	x133: [  1.9221,   2.0221] 
	x134: [  2.1231,   2.2231] 
	x135: [  4.7625,   4.8625] 
	x136: [ -1.6255,  -1.5255] 
	x137: [  1.0200,   1.1200] 
	x138: [  0.2595,   0.3595] 
	x139: [ -0.4708,  -0.3708] 
	x140: [  2.5750,   2.6750] 
	x141: [ -0.0116,   0.0884] 
	x142: [  2.4169,   2.5169] 
	x143: [ -2.6143,  -2.5143] 
	x144: [  1.1718,   1.2718] 
	x145: [ -0.1186,  -0.0186] 
	x146: [  1.2497,   1.3497] 
	x147: [  0.4768,   0.5768] 
	x148: [ -2.3771,  -2.2771] 
	x149: [  1.6302,   1.7302] 
	x150: [  0.5219,   0.6219] 
	x151: [  1.5014,   1.6014] 
	x152: [ -1.9234,  -1.8234] 
	x153: [  0.6823,   0.7823] 
	x154: [ -0.6055,  -0.5055] 
	x155: [  0.1368,   0.2368] 
	x156: [ -1.6848,  -1.5848] 
	x157: [  1.6285,   1.7285] 
	x158: [ -0.2595,  -0.1595] 
	x159: [  1.2547,   1.3547] 
	x160: [ -0.5652,  -0.4652] 
	x161: [ -1.3136,  -1.2136] 
	x162: [  0.3301,   0.4301] 
	x163: [ -1.7908,  -1.6908] 
	x164: [  0.7045,   0.8045] 
	x165: [  0.6064,   0.7064] 
	x166: [ -0.1668,  -0.0668] 
	x167: [  2.7360,   2.8360] 
	x168: [ -1.7818,  -1.6818] 
	x169: [ -3.4482,  -3.3482] 
	x170: [  0.2712,   0.3712] 
	x171: [ -2.3616,  -2.2616] 
	x172: [ -0.2034,  -0.1034] 
	x173: [  1.1301,   1.2301] 
	x174: [  0.9420,   1.0420] 
	x175: [ -1.6649,  -1.5649] 
	x176: [ -1.7051,  -1.6051] 
	x177: [  0.9466,   1.0466] 
	x178: [ -1.6552,  -1.5552] 
	x179: [  0.5035,   0.6035] 
	x180: [ -1.1572,  -1.0572] 
	x181: [  0.1894,   0.2894] 
	x182: [  2.2092,   2.3092] 
	x183: [  0.5271,   0.6271] 
	x184: [ -0.5939,  -0.4939] 
	x185: [ -2.7019,  -2.6019] 
	x186: [ -0.3963,  -0.2963] 
	x187: [ -2.8734,  -2.7734] 
	x188: [ -0.9196,  -0.8196] 
	x189: [ -0.6916,  -0.5916] 
	x190: [ -1.2740,  -1.1740] 
	x191: [  0.3541,   0.4541] 
	x192: [  1.0070,   1.1070] 
	x193: [  0.2801,   0.3801] 
	x194: [ -1.6959,  -1.5959] 
	x195: [  1.8719,   1.9719] 
	x196: [  0.1862,   0.2862] 
	x197: [ -0.5010,  -0.4010] 
	x198: [ -0.2242,  -0.1242] 
	x199: [ -0.3502,  -0.2502] 
	x200: [  0.2373,   0.3373] 
	x201: [  0.1608,   0.2608] 
	x202: [ -1.0331,  -0.9331] 
	x203: [ -1.2790,  -1.1790] 
	x204: [  1.0682,   1.1682] 
	x205: [ -1.7934,  -1.6934] 
	x206: [ -0.3224,  -0.2224] 
	x207: [ -0.5003,  -0.4003] 
	x208: [  1.5203,   1.6203] 
	x209: [  0.7999,   0.8999] 
	x210: [  0.4194,   0.5194] 
	x211: [ -2.1035,  -2.0035] 
	x212: [ -0.3330,  -0.2330] 
	x213: [  0.4827,   0.5827] 
	x214: [  0.4536,   0.5536] 
	x215: [  0.3684,   0.4684] 
	x216: [  1.0111,   1.1111] 
	x217: [ -0.6268,  -0.5268] 
	x218: [  0.8608,   0.9608] 
	x219: [ -0.5083,  -0.4083] 
	x220: [ -1.8378,  -1.7378] 
	x221: [ -0.6938,  -0.5938] 
	x222: [ -1.2773,  -1.1773] 
	x223: [  1.6879,   1.7879] 
	x224: [  0.4195,   0.5195] 
	x225: [  0.7817,   0.8817] 
	x226: [  1.8252,   1.9252] 
	x227: [ -1.5876,  -1.4876] 
	x228: [ -1.1677,  -1.0677] 
	x229: [ -2.5671,  -2.4671] 
	x230: [  1.9231,   2.0231] 
	x231: [ -0.1826,  -0.0826] 
	x232: [ -0.6106,  -0.5106] 
	x233: [ -1.5901,  -1.4901] 
	x234: [ -0.5829,  -0.4829] 
	x235: [ -0.1523,  -0.0523] 
	x236: [ -1.5746,  -1.4746] 
	x237: [ -1.1428,  -1.0428] 
	x238: [  0.8155,   0.9155] 
	x239: [  4.9952,   5.0952] 
	x240: [  1.1550,   1.2550] 
	x241: [  0.2096,   0.3096] 
	x242: [ -2.5155,  -2.4155] 
	x243: [ -0.5961,  -0.4961] 
	x244: [ -3.5718,  -3.4718] 
	x245: [  0.9827,   1.0827] 
	x246: [ -1.3731,  -1.2731] 
	x247: [ -0.3728,  -0.2728] 
	x248: [ -0.0744,   0.0256] 
	x249: [ -2.4031,  -2.3031] 
	x250: [  0.7400,   0.8400] 
	x251: [ -1.2534,  -1.1534] 
	x252: [ -1.5058,  -1.4058] 
	x253: [ -1.8668,  -1.7668] 
	x254: [ -0.0757,   0.0243] 
	x255: [  0.3749,   0.4749] 
	x256: [  0.0845,   0.1845] 
	x257: [ -2.9069,  -2.8069] 
	x258: [ -0.1469,  -0.0469] 
	x259: [ -3.6597,  -3.5597] 
	x260: [ -1.4692,  -1.3692] 
	x261: [ -0.5763,  -0.4763] 
	x262: [  2.3475,   2.4475] 
	x263: [  0.2573,   0.3573] 
	x264: [ -0.8291,  -0.7291] 
	x265: [  0.7343,   0.8343] 
	x266: [ -2.7987,  -2.6987] 
	x267: [  1.7384,   1.8384] 
	x268: [ -0.3422,  -0.2422] 
	x269: [  0.7323,   0.8323] 
	x270: [ -1.6071,  -1.5071] 
	x271: [ -2.8398,  -2.7398] 
	x272: [ -0.1968,  -0.0968] 
	x273: [  0.2404,   0.3404] 
	x274: [ -2.0352,  -1.9352] 
	x275: [ -0.6964,  -0.5964] 
	x276: [  0.3305,   0.4305] 
	x277: [  1.6460,   1.7460] 
	x278: [ -5.0152,  -4.9152] 
	x279: [  2.1883,   2.2883] 
	x280: [  1.2632,   1.3632] 
	x281: [  2.2561,   2.3561] 
	x282: [  2.1284,   2.2284] 
	x283: [ -1.3396,  -1.2396] 
	x284: [  0.5152,   0.6152] 
	x285: [ -0.0712,   0.0288] 
	x286: [ -1.1001,  -1.0001] 
	x287: [  1.9306,   2.0306] 
	x288: [ -0.5053,  -0.4053] 
	x289: [ -1.1996,  -1.0996] 
	x290: [ -2.6518,  -2.5518] 
	x291: [ -0.9971,  -0.8971] 
	x292: [  0.8948,   0.9948] 
	x293: [  0.8188,   0.9188] 
	x294: [  1.4667,   1.5667] 
	x295: [ -2.1363,  -2.0363] 
	x296: [ -1.5201,  -1.4201] 
	x297: [ -1.6148,  -1.5148] 
	x298: [ -4.5710,  -4.4710] 
	x299: [ -1.2147,  -1.1147] 
	x300: [ -0.7864,  -0.6864] 
	x301: [  1.1374,   1.2374] 
	x302: [  0.1099,   0.2099] 
	x303: [ -2.5017,  -2.4017] 
	x304: [  0.7545,   0.8545] 
	x305: [ -0.7479,  -0.6479] 
	x306: [ -0.9788,  -0.8788] 
	x307: [ -0.8640,  -0.7640] 
	x308: [  0.3308,   0.4308] 
	x309: [  0.5987,   0.6987] 
	x310: [  1.3459,   1.4459] 
	x311: [  0.7627,   0.8627] 
	x312: [ -3.9818,  -3.8818] 
	x313: [  0.0166,   0.1166] 
	x314: [ -0.8151,  -0.7151] 
	x315: [ -3.5599,  -3.4599] 
	x316: [  0.2189,   0.3189] 
	x317: [  1.9763,   2.0763] 
	x318: [ -0.4212,  -0.3212] 
	x319: [  0.4018,   0.5018] 
	x320: [  0.9320,   1.0320] 
	x321: [  2.2301,   2.3301] 
	x322: [ -4.9687,  -4.8687] 
	x323: [  0.9712,   1.0712] 
	x324: [  0.0753,   0.1753] 
	x325: [  1.9181,   2.0181] 
	x326: [  1.8953,   1.9953] 
	x327: [ -1.9668,  -1.8668] 
	x328: [ -0.6649,  -0.5649] 
	x329: [  0.2821,   0.3821] 
	x330: [ -1.2315,  -1.1315] 
	x331: [ -1.8961,  -1.7961] 
	x332: [  1.8602,   1.9602] 
	x333: [  1.2419,   1.3419] 
	x334: [ -1.1457,  -1.0457] 
	x335: [ -0.2682,  -0.1682] 
	x336: [ -1.9509,  -1.8509] 
	x337: [  1.1327,   1.2327] 
	x338: [ -0.8298,  -0.7298] 
	x339: [ -1.5600,  -1.4600] 
	x340: [ -0.3667,  -0.2667] 
	x341: [ -0.0831,   0.0169] 
	x342: [  0.5246,   0.6246] 
	x343: [  0.2844,   0.3844] 
	x344: [  0.1300,   0.2300] 
	x345: [ -0.8974,  -0.7974] 
	x346: [  1.6672,   1.7672] 
	x347: [  0.9321,   1.0321] 
	x348: [  4.9397,   5.0397] 
	x349: [  1.2033,   1.3033] 
	x350: [ -1.5366,  -1.4366] 
	x351: [ -0.9087,  -0.8087] 
	x352: [ -0.3421,  -0.2421] 
	x353: [ -0.8393,  -0.7393] 
	x354: [ -0.5058,  -0.4058] 
	x355: [  0.6196,   0.7196] 
	x356: [ -0.3162,  -0.2162] 
	x357: [  1.8423,   1.9423] 
	x358: [  0.3029,   0.4029] 
	x359: [ -1.4022,  -1.3022] 
	x360: [ -0.1661,  -0.0661] 
	x361: [ -0.2226,  -0.1226] 
	x362: [ -2.1718,  -2.0718] 
	x363: [ -0.3630,  -0.2630] 
	x364: [  0.4724,   0.5724] 
	x365: [  0.8324,   0.9324] 
	x366: [ -0.1121,  -0.0121] 
	x367: [  0.8759,   0.9759] 
	x368: [ -0.4139,  -0.3139] 
	x369: [  1.0147,   1.1147] 
	x370: [  2.4348,   2.5348] 
	x371: [  0.7306,   0.8306] 
	x372: [ -1.5331,  -1.4331] 
	x373: [ -0.1138,  -0.0138] 
	x374: [  2.3996,   2.4996] 
	x375: [  1.0310,   1.1310] 
	x376: [  1.9593,   2.0593] 
	x377: [  2.3634,   2.4634] 
	x378: [ -2.0274,  -1.9274] 
	x379: [ -1.5127,  -1.4127] 
	x380: [ -0.2737,  -0.1737] 
	x381: [ -0.3866,  -0.2866] 
	x382: [  0.9661,   1.0661] 
	x383: [ -0.9637,  -0.8637] 
	x384: [  0.6832,   0.7832] 
	x385: [ -0.2121,  -0.1121] 
	x386: [  1.2284,   1.3284] 
	x387: [  2.7117,   2.8117] 
	x388: [ -0.1334,  -0.0334] 
	x389: [ -2.0401,  -1.9401] 
	x390: [ -0.1802,  -0.0802] 
	x391: [ -1.4818,  -1.3818] 
	x392: [  0.1392,   0.2392] 
	x393: [ -0.7535,  -0.6535] 
	x394: [  0.5651,   0.6651] 
	x395: [ -0.8117,  -0.7117] 
	x396: [ -0.2057,  -0.1057] 
	x397: [ -0.1911,  -0.0911] 
	x398: [ -2.0649,  -1.9649] 
	x399: [  0.0406,   0.1406] 
	x400: [ -0.4665,  -0.3665] 
	x401: [  0.7754,   0.8754] 
	x402: [  1.1456,   1.2456] 
	x403: [ -1.9624,  -1.8624] 
	x404: [ -0.9021,  -0.8021] 
	x405: [ -1.1584,  -1.0584] 
	x406: [  2.6739,   2.7739] 
	x407: [  1.4269,   1.5269] 
	x408: [  0.4292,   0.5292] 
	x409: [  0.5107,   0.6107] 
	x410: [  2.1232,   2.2232] 
	x411: [  0.9521,   1.0521] 
	x412: [ -1.5542,  -1.4542] 
	x413: [ -0.5136,  -0.4136] 
	x414: [ -1.2948,  -1.1948] 
	x415: [ -1.7578,  -1.6578] 
	x416: [  1.8136,   1.9136] 
	x417: [ -0.7267,  -0.6267] 
	x418: [  1.2437,   1.3437] 
	x419: [  1.1550,   1.2550] 
	x420: [ -2.2460,  -2.1460] 
	x421: [  0.0726,   0.1726] 
	x422: [ -1.0417,  -0.9417] 
	x423: [ -1.4793,  -1.3793] 
	x424: [  1.4571,   1.5571] 
	x425: [ -0.5674,  -0.4674] 
	x426: [ -0.8752,  -0.7752] 
	x427: [ -2.2623,  -2.1623] 
	x428: [ -4.1628,  -4.0628] 
	x429: [  1.4620,   1.5620] 
	x430: [ -0.2585,  -0.1585] 
	x431: [  0.6303,   0.7303] 
	x432: [  1.6129,   1.7129] 
	x433: [  0.9495,   1.0495] 
	x434: [  3.8619,   3.9619] 
	x435: [ -1.8650,  -1.7650] 
	x436: [ -1.1792,  -1.0792] 
	x437: [ -1.0641,  -0.9641] 
	x438: [ -0.8838,  -0.7838] 
	x439: [  0.0602,   0.1602] 
	x440: [ -1.3271,  -1.2271] 
	x441: [  0.3811,   0.4811] 
	x442: [ -0.0440,   0.0560] 
	x443: [  1.3127,   1.4127] 
	x444: [  3.3638,   3.4638] 
	x445: [  0.6416,   0.7416] 
	x446: [ -3.1408,  -3.0408] 
	x447: [ -1.4962,  -1.3962] 
	x448: [ -1.0680,  -0.9680] 
	x449: [ -1.3909,  -1.2909] 
	x450: [ -1.6494,  -1.5494] 
	x451: [  1.4001,   1.5001] 
	x452: [ -0.6434,  -0.5434] 
	x453: [ -2.0552,  -1.9552] 
	x454: [ -1.9148,  -1.8148] 
	x455: [  0.5074,   0.6074] 
	x456: [  1.5154,   1.6154] 
	x457: [ -1.3077,  -1.2077] 
	x458: [  0.1145,   0.2145] 
	x459: [ -2.7978,  -2.6978] 
	x460: [  1.7676,   1.8676] 
	x461: [  0.0030,   0.1030] 
	x462: [ -3.8513,  -3.7513] 
	x463: [ -2.3057,  -2.2057] 
	x464: [ -2.1156,  -2.0156] 
	x465: [  0.0873,   0.1873] 
	x466: [  1.5632,   1.6632] 
	x467: [ -4.0405,  -3.9405] 
	x468: [  1.1720,   1.2720] 
	x469: [  1.7539,   1.8539] 
	x470: [ -0.1680,  -0.0680] 
	x471: [  1.8060,   1.9060] 
	x472: [  2.6356,   2.7356] 
	x473: [ -2.4426,  -2.3426] 
	x474: [  1.0180,   1.1180] 
	x475: [ -0.0256,   0.0744] 
	x476: [  1.9433,   2.0433] 
	x477: [  0.2846,   0.3846] 
	x478: [  3.5752,   3.6752] 
	x479: [  2.8507,   2.9507] 
	x480: [  1.2571,   1.3571] 
	x481: [ -1.4352,  -1.3352] 
	x482: [ -0.5807,  -0.4807] 
	x483: [  0.1762,   0.2762] 
	x484: [  1.5073,   1.6073] 
	x485: [  1.1942,   1.2942] 
	x486: [ -0.7778,  -0.6778] 
	x487: [  0.5955,   0.6955] 
	x488: [  0.1505,   0.2505] 
	x489: [  1.9356,   2.0356] 
	x490: [ -0.6715,  -0.5715] 
	x491: [  1.4184,   1.5184] 
	x492: [  1.2283,   1.3283] 
	x493: [ -1.3854,  -1.2854] 
	x494: [  0.8416,   0.9416] 
	x495: [ -0.9076,  -0.8076] 
	x496: [  0.3993,   0.4993] 
	x497: [  0.6289,   0.7289] 
	x498: [ -1.0177,  -0.9177] 
	x499: [ -2.2330,  -2.1330] 
	x500: [  2.2676,   2.3676] 
	x501: [  1.3074,   1.4074] 
	x502: [  1.1356,   1.2356] 
	x503: [ -2.1297,  -2.0297] 
	x504: [ -2.5926,  -2.4926] 
	x505: [  2.7771,   2.8771] 
	x506: [ -0.7744,  -0.6744] 
	x507: [  0.3361,   0.4361] 
	x508: [ -1.2273,  -1.1273] 
	x509: [  0.0983,   0.1983] 
	x510: [  0.3081,   0.4081] 
	x511: [ -1.0599,  -0.9599] 

Branching heuristics set to PseudoImpact

Engine::solve: Initial statistics

17:59:39 Statistics update:
	--- Time Statistics ---
	Total time elapsed: 507 milli (00:00:00)
		Main loop: 0 milli (00:00:00)
		Preprocessing time: 223 milli (00:00:00)
		Unknown: 283 milli (00:00:00)
	Breakdown for main loop:
		[0.00%] Simplex steps: 0 milli
		[0.00%] Explicit-basis bound tightening: 0 milli
		[0.00%] Constraint-matrix bound tightening: 0 milli
		[0.00%] Degradation checking: 0 milli
		[0.00%] Precision restoration: 0 milli
		[0.00%] Statistics handling: 0 milli
		[0.00%] Constraint-fixing steps: 0 milli
		[0.00%] Valid case splits: 0 milli. Average per split: 0.00 milli
		[0.00%] Applying stored bound-tightening: 0 milli
		[0.00%] SMT core: 0 milli
		[0.00%] Symbolic Bound Tightening: 12 milli
		[0.00%] SoI-based local search: 0 milli
		[0.00%] SoI-based local search: 0 milli
		[0.00%] Unaccounted for: 0 milli
	--- Preprocessor Statistics ---
	Number of preprocessor bound-tightening loop iterations: 3
	Number of eliminated variables: 208
	Number of constraints removed due to variable elimination: 208
	Number of equations removed due to variable elimination: 0
	--- Engine Statistics ---
	Number of main loop iterations: 1
		0 iterations were simplex steps. Total time: 0 milli. Average: 0.00 milli.
		0 iterations were constraint-fixing steps. Total time: 0 milli. Average: 0.00 milli
	Number of active piecewise-linear constraints: 48 / 48
		Constraints disabled by valid splits: 0. By SMT-originated splits: 0
	Last reported degradation: 0.0000000000. Max degradation so far: 0.0000000000. Restorations so far: 0
	Number of simplex pivots we attempted to skip because of instability: 0.
	Unstable pivots performed anyway: 0
	--- Tableau Statistics ---
	Total number of pivots performed: 0
		Real pivots: 0. Degenerate: 0 (0.00%)
		Degenerate pivots by request (e.g., to fix a PL constraint): 0 (0.00%)
		Average time per pivot: 0.00 milli
	Total number of fake pivots performed: 0
	Total number of rows added: 0. Number of merged columns: 0
	Current tableau dimensions: M = 705, N = 1970
	--- SMT Core Statistics ---
	Total depth is 0. Total visited states: 1. Number of splits: 0. Number of pops: 0
	Max stack depth: 0
	--- Bound Tightening Statistics ---
	Number of tightened bounds: 0.
		Number of rows examined by row tightener: 0. Consequent tightenings: 0
		Number of explicit basis matrices examined by row tightener: 0. Consequent tightenings: 0
		Number of bound tightening rounds on the entire constraint matrix: 0. Consequent tightenings: 0
		Number of bound notifications sent to PL constraints: 288. Tightenings proposed: 0
	--- Basis Factorization statistics ---
	Number of basis refactorizations: 2
	--- Projected Steepest Edge Statistics ---
	Number of iterations: 0.
	Number of resets to reference space: 1. Avg. iterations per reset: 0
	--- SBT ---
	Number of tightened bounds: 385
	--- SoI-based local search ---
	Number of proposed phase pattern update: 0. Number of accepted update: 0 [0.00%]
	Total time (% of local search time) updating SoI phase pattern : 0 milli [0.00%]
	Total time obtaining current assignment: 0 milli [0.00%]
	Total time getting SoI phase pattern : 0 milli [0.00%]
	--- Context dependent statistics ---
	Number of pushes / pops: 0 / 0
		[0.00%] Pre-Push hook: 0 milli
		[0.00%] Push : 0 milli
		[0.00%] Post-Pop hook: 0 milli
		[0.00%] Pop : 0 milli
		[0.00%] Total context-switching time: 0 milli
	--- Proof Certificate ---
	Number of certified leaves: 0
	Number of leaves to delegate: 0

---

Engine::solve: sat assignment found

17:59:40 Statistics update:
	--- Time Statistics ---
	Total time elapsed: 1210 milli (00:00:01)
		Main loop: 702 milli (00:00:00)
		Preprocessing time: 223 milli (00:00:00)
		Unknown: 284 milli (00:00:00)
	Breakdown for main loop:
		[38.75%] Simplex steps: 272 milli
		[58.77%] Explicit-basis bound tightening: 412 milli
		[0.00%] Constraint-matrix bound tightening: 0 milli
		[1.04%] Degradation checking: 7 milli
		[0.00%] Precision restoration: 0 milli
		[0.04%] Statistics handling: 0 milli
		[0.00%] Constraint-fixing steps: 0 milli
		[0.00%] Valid case splits: 0 milli. Average per split: 0.00 milli
		[0.00%] Applying stored bound-tightening: 0 milli
		[0.00%] SMT core: 0 milli
		[2.94%] Symbolic Bound Tightening: 20 milli
		[4.22%] SoI-based local search: 29 milli
		[0.00%] SoI-based local search: 0 milli
		[2625538412031720.00%] Unaccounted for: 0 milli
	--- Preprocessor Statistics ---
	Number of preprocessor bound-tightening loop iterations: 3
	Number of eliminated variables: 208
	Number of constraints removed due to variable elimination: 208
	Number of equations removed due to variable elimination: 0
	--- Engine Statistics ---
	Number of main loop iterations: 312
		310 iterations were simplex steps. Total time: 272 milli. Average: 0.88 milli.
		0 iterations were constraint-fixing steps. Total time: 0 milli. Average: 0.00 milli
	Number of active piecewise-linear constraints: 48 / 48
		Constraints disabled by valid splits: 0. By SMT-originated splits: 0
	Last reported degradation: 0.0000000000. Max degradation so far: 0.0000000000. Restorations so far: 0
	Number of simplex pivots we attempted to skip because of instability: 0.
	Unstable pivots performed anyway: 0
	--- Tableau Statistics ---
	Total number of pivots performed: 259
		Real pivots: 259. Degenerate: 0 (0.00%)
		Degenerate pivots by request (e.g., to fix a PL constraint): 0 (0.00%)
		Average time per pivot: 0.14 milli
	Total number of fake pivots performed: 49
	Total number of rows added: 0. Number of merged columns: 0
	Current tableau dimensions: M = 705, N = 1970
	--- SMT Core Statistics ---
	Total depth is 0. Total visited states: 1. Number of splits: 0. Number of pops: 0
	Max stack depth: 0
	--- Bound Tightening Statistics ---
	Number of tightened bounds: 0.
		Number of rows examined by row tightener: 259. Consequent tightenings: 0
		Number of explicit basis matrices examined by row tightener: 2. Consequent tightenings: 334
		Number of bound tightening rounds on the entire constraint matrix: 0. Consequent tightenings: 0
		Number of bound notifications sent to PL constraints: 576. Tightenings proposed: 0
	--- Basis Factorization statistics ---
	Number of basis refactorizations: 3
	--- Projected Steepest Edge Statistics ---
	Number of iterations: 308.
	Number of resets to reference space: 1. Avg. iterations per reset: 308
	--- SBT ---
	Number of tightened bounds: 385
	--- SoI-based local search ---
	Number of proposed phase pattern update: 0. Number of accepted update: 1 [0.00%]
	Total time (% of local search time) updating SoI phase pattern : 349 milli [1.18%]
	Total time obtaining current assignment: 146 milli [0.49%]
	Total time getting SoI phase pattern : 18 milli [0.00%]
	--- Context dependent statistics ---
	Number of pushes / pops: 0 / 0
		[0.00%] Pre-Push hook: 0 milli
		[0.00%] Push : 0 milli
		[0.00%] Post-Pop hook: 0 milli
		[0.00%] Pop : 0 milli
		[0.00%] Total context-switching time: 0 milli
	--- Proof Certificate ---
	Number of certified leaves: 0
	Number of leaves to delegate: 0
sat
Input assignment:
	x0 = -1.441124
	x1 = -1.009342
	x2 = 1.737666
	x3 = -1.894661
	x4 = -3.072366
	x5 = -1.689036
	x6 = -1.481149
	x7 = 1.659765
	x8 = -2.092058
	x9 = 0.582574
	x10 = -2.608245
	x11 = -0.468688
	x12 = -1.693126
	x13 = 0.676915
	x14 = 1.952045
	x15 = 0.691921
	x16 = -1.633940
	x17 = -1.505245
	x18 = -0.829364
	x19 = -1.010316
	x20 = -1.653834
	x21 = 2.077552
	x22 = 0.373041
	x23 = 0.833222
	x24 = 0.722072
	x25 = 1.042784
	x26 = 3.544980
	x27 = -1.915945
	x28 = -0.047176
	x29 = 2.151873
	x30 = -0.125580
	x31 = -2.518631
	x32 = 0.202809
	x33 = -0.759168
	x34 = 0.170507
	x35 = -0.946581
	x36 = -2.723392
	x37 = 1.542174
	x38 = 2.038315
	x39 = 0.434229
	x40 = 1.697520
	x41 = -0.413127
	x42 = -0.691237
	x43 = 1.351385
	x44 = -0.573209
	x45 = -2.339219
	x46 = 1.240581
	x47 = -2.091088
	x48 = -1.293825
	x49 = 2.385069
	x50 = 0.688677
	x51 = 2.578821
	x52 = 1.819462
	x53 = -1.620449
	x54 = 1.676751
	x55 = -0.926050
	x56 = 1.185242
	x57 = 1.615481
	x58 = 2.909592
	x59 = 2.043942
	x60 = 1.746588
	x61 = -0.434433
	x62 = 0.313243
	x63 = -2.327188
	x64 = -0.448717
	x65 = 0.186152
	x66 = -4.191573
	x67 = 0.380308
	x68 = 0.981460
	x69 = -1.172034
	x70 = 0.536747
	x71 = 0.560646
	x72 = 2.176191
	x73 = -0.339899
	x74 = -2.022566
	x75 = -0.818746
	x76 = -2.848572
	x77 = 2.496864
	x78 = -2.254550
	x79 = 1.162605
	x80 = 0.372225
	x81 = -0.760306
	x82 = 0.669137
	x83 = 0.572135
	x84 = -0.523813
	x85 = 0.624605
	x86 = 1.926975
	x87 = 0.909537
	x88 = -1.348927
	x89 = 1.401977
	x90 = -1.744651
	x91 = -2.417050
	x92 = 0.073675
	x93 = 1.683225
	x94 = -0.858069
	x95 = -1.025455
	x96 = 1.886988
	x97 = -0.683736
	x98 = -0.344861
	x99 = 2.027954
	x100 = -2.915954
	x101 = -3.558569
	x102 = -3.865864
	x103 = -2.750354
	x104 = -0.184594
	x105 = -0.238098
	x106 = -0.859957
	x107 = -1.426198
	x108 = 1.275059
	x109 = -2.898232
	x110 = 0.800586
	x111 = 1.669433
	x112 = 1.082240
	x113 = -0.752738
	x114 = -0.584487
	x115 = -2.009622
	x116 = 1.370706
	x117 = 2.794415
	x118 = -1.108099
	x119 = -0.911346
	x120 = 0.651663
	x121 = 1.655320
	x122 = -1.369429
	x123 = 0.460226
	x124 = -0.783173
	x125 = -0.543390
	x126 = 0.979965
	x127 = -0.470733
	x128 = -0.569034
	x129 = -1.397734
	x130 = -2.720262
	x131 = 0.116573
	x132 = 0.885066
	x133 = 2.022118
	x134 = 2.223090
	x135 = 4.862451
	x136 = -1.625463
	x137 = 1.020019
	x138 = 0.259461
	x139 = -0.470820
	x140 = 2.574993
	x141 = -0.011640
	x142 = 2.516945
	x143 = -2.614327
	x144 = 1.171828
	x145 = -0.118640
	x146 = 1.349714
	x147 = 0.476780
	x148 = -2.377131
	x149 = 1.730211
	x150 = 0.521916
	x151 = 1.501444
	x152 = -1.823382
	x153 = 0.682273
	x154 = -0.605485
	x155 = 0.136805
	x156 = -1.684797
	x157 = 1.628497
	x158 = -0.259468
	x159 = 1.354660
	x160 = -0.565221
	x161 = -1.313588
	x162 = 0.430087
	x163 = -1.790758
	x164 = 0.804477
	x165 = 0.706422
	x166 = -0.066754
	x167 = 2.736030
	x168 = -1.781772
	x169 = -3.348237
	x170 = 0.371246
	x171 = -2.261599
	x172 = -0.203350
	x173 = 1.130146
	x174 = 1.041972
	x175 = -1.664937
	x176 = -1.705132
	x177 = 0.946598
	x178 = -1.555184
	x179 = 0.503476
	x180 = -1.057167
	x181 = 0.189382
	x182 = 2.309238
	x183 = 0.627052
	x184 = -0.493881
	x185 = -2.601892
	x186 = -0.396313
	x187 = -2.873370
	x188 = -0.919611
	x189 = -0.691640
	x190 = -1.174015
	x191 = 0.354085
	x192 = 1.007022
	x193 = 0.380108
	x194 = -1.695898
	x195 = 1.971901
	x196 = 0.186193
	x197 = -0.400993
	x198 = -0.224197
	x199 = -0.350241
	x200 = 0.337333
	x201 = 0.160793
	x202 = -0.933078
	x203 = -1.278978
	x204 = 1.068229
	x205 = -1.793445
	x206 = -0.222361
	x207 = -0.500271
	x208 = 1.620343
	x209 = 0.799920
	x210 = 0.419361
	x211 = -2.003486
	x212 = -0.333007
	x213 = 0.482727
	x214 = 0.553566
	x215 = 0.468434
	x216 = 1.111138
	x217 = -0.626773
	x218 = 0.860765
	x219 = -0.408311
	x220 = -1.837827
	x221 = -0.693765
	x222 = -1.277329
	x223 = 1.787920
	x224 = 0.519487
	x225 = 0.781658
	x226 = 1.825206
	x227 = -1.487635
	x228 = -1.167653
	x229 = -2.567115
	x230 = 2.023054
	x231 = -0.082591
	x232 = -0.610584
	x233 = -1.490138
	x234 = -0.582857
	x235 = -0.052297
	x236 = -1.574600
	x237 = -1.042819
	x238 = 0.815487
	x239 = 4.995236
	x240 = 1.155021
	x241 = 0.309590
	x242 = -2.515534
	x243 = -0.596116
	x244 = -3.571790
	x245 = 0.982680
	x246 = -1.273110
	x247 = -0.272846
	x248 = -0.074397
	x249 = -2.403084
	x250 = 0.739955
	x251 = -1.253395
	x252 = -1.505799
	x253 = -1.766750
	x254 = -0.075679
	x255 = 0.374950
	x256 = 0.084454
	x257 = -2.906913
	x258 = -0.146926
	x259 = -3.559673
	x260 = -1.469197
	x261 = -0.476283
	x262 = 2.347538
	x263 = 0.257342
	x264 = -0.829129
	x265 = 0.734289
	x266 = -2.798684
	x267 = 1.838363
	x268 = -0.242196
	x269 = 0.832321
	x270 = -1.607098
	x271 = -2.839823
	x272 = -0.096787
	x273 = 0.340354
	x274 = -2.035242
	x275 = -0.596407
	x276 = 0.430522
	x277 = 1.646013
	x278 = -5.015176
	x279 = 2.188308
	x280 = 1.263227
	x281 = 2.356109
	x282 = 2.128361
	x283 = -1.239640
	x284 = 0.515200
	x285 = -0.071209
	x286 = -1.100141
	x287 = 1.930558
	x288 = -0.505333
	x289 = -1.199567
	x290 = -2.551800
	x291 = -0.997104
	x292 = 0.894797
	x293 = 0.918753
	x294 = 1.566683
	x295 = -2.136312
	x296 = -1.520060
	x297 = -1.614772
	x298 = -4.570959
	x299 = -1.214723
	x300 = -0.786370
	x301 = 1.237351
	x302 = 0.209928
	x303 = -2.501713
	x304 = 0.854465
	x305 = -0.647942
	x306 = -0.878797
	x307 = -0.863988
	x308 = 0.330842
	x309 = 0.598743
	x310 = 1.445851
	x311 = 0.862686
	x312 = -3.881817
	x313 = 0.016556
	x314 = -0.715102
	x315 = -3.459865
	x316 = 0.218933
	x317 = 2.076308
	x318 = -0.321159
	x319 = 0.401771
	x320 = 0.932026
	x321 = 2.230130
	x322 = -4.868674
	x323 = 0.971229
	x324 = 0.075342
	x325 = 1.918067
	x326 = 1.895307
	x327 = -1.966835
	x328 = -0.564879
	x329 = 0.282150
	x330 = -1.131472
	x331 = -1.796070
	x332 = 1.860225
	x333 = 1.241901
	x334 = -1.145708
	x335 = -0.268241
	x336 = -1.850888
	x337 = 1.232666
	x338 = -0.829802
	x339 = -1.559976
	x340 = -0.266696
	x341 = -0.083080
	x342 = 0.524566
	x343 = 0.384437
	x344 = 0.229977
	x345 = -0.797365
	x346 = 1.667214
	x347 = 0.932057
	x348 = 4.939727
	x349 = 1.203260
	x350 = -1.436633
	x351 = -0.908686
	x352 = -0.242083
	x353 = -0.839329
	x354 = -0.505764
	x355 = 0.719581
	x356 = -0.216153
	x357 = 1.942309
	x358 = 0.302931
	x359 = -1.402245
	x360 = -0.166148
	x361 = -0.222634
	x362 = -2.071820
	x363 = -0.363041
	x364 = 0.472424
	x365 = 0.832427
	x366 = -0.112097
	x367 = 0.875896
	x368 = -0.413891
	x369 = 1.114682
	x370 = 2.534821
	x371 = 0.830596
	x372 = -1.533073
	x373 = -0.013844
	x374 = 2.499636
	x375 = 1.131020
	x376 = 2.059310
	x377 = 2.363435
	x378 = -2.027442
	x379 = -1.412686
	x380 = -0.273749
	x381 = -0.386645
	x382 = 1.066066
	x383 = -0.863741
	x384 = 0.683183
	x385 = -0.212085
	x386 = 1.228350
	x387 = 2.811675
	x388 = -0.133353
	x389 = -1.940101
	x390 = -0.080184
	x391 = -1.481840
	x392 = 0.139233
	x393 = -0.653510
	x394 = 0.665090
	x395 = -0.811745
	x396 = -0.205658
	x397 = -0.091080
	x398 = -1.964892
	x399 = 0.040581
	x400 = -0.366540
	x401 = 0.775383
	x402 = 1.245577
	x403 = -1.962380
	x404 = -0.902140
	x405 = -1.058381
	x406 = 2.673932
	x407 = 1.426859
	x408 = 0.529240
	x409 = 0.610695
	x410 = 2.123163
	x411 = 0.952078
	x412 = -1.554174
	x413 = -0.413600
	x414 = -1.194770
	x415 = -1.657821
	x416 = 1.913562
	x417 = -0.626718
	x418 = 1.243741
	x419 = 1.255032
	x420 = -2.245984
	x421 = 0.172565
	x422 = -0.941651
	x423 = -1.379322
	x424 = 1.457079
	x425 = -0.567432
	x426 = -0.875246
	x427 = -2.162306
	x428 = -4.162767
	x429 = 1.561998
	x430 = -0.258498
	x431 = 0.630269
	x432 = 1.712914
	x433 = 0.949516
	x434 = 3.861921
	x435 = -1.865045
	x436 = -1.179173
	x437 = -1.064110
	x438 = -0.883817
	x439 = 0.060161
	x440 = -1.227081
	x441 = 0.381101
	x442 = -0.044033
	x443 = 1.312708
	x444 = 3.363826
	x445 = 0.641613
	x446 = -3.140754
	x447 = -1.396163
	x448 = -0.968012
	x449 = -1.390931
	x450 = -1.549447
	x451 = 1.400126
	x452 = -0.643354
	x453 = -2.055171
	x454 = -1.814824
	x455 = 0.607390
	x456 = 1.515385
	x457 = -1.207725
	x458 = 0.214484
	x459 = -2.697753
	x460 = 1.867601
	x461 = 0.103034
	x462 = -3.751284
	x463 = -2.305739
	x464 = -2.015625
	x465 = 0.087347
	x466 = 1.563241
	x467 = -3.940493
	x468 = 1.271973
	x469 = 1.753914
	x470 = -0.167951
	x471 = 1.805983
	x472 = 2.635557
	x473 = -2.442632
	x474 = 1.117990
	x475 = -0.025627
	x476 = 1.943253
	x477 = 0.384550
	x478 = 3.675229
	x479 = 2.850676
	x480 = 1.257104
	x481 = -1.435195
	x482 = -0.480731
	x483 = 0.176240
	x484 = 1.607335
	x485 = 1.194219
	x486 = -0.777765
	x487 = 0.595462
	x488 = 0.250488
	x489 = 1.935633
	x490 = -0.671502
	x491 = 1.418432
	x492 = 1.319379
	x493 = -1.285371
	x494 = 0.941648
	x495 = -0.807550
	x496 = 0.399348
	x497 = 0.728867
	x498 = -0.917733
	x499 = -2.232983
	x500 = 2.267616
	x501 = 1.307356
	x502 = 1.235598
	x503 = -2.129723
	x504 = -2.492575
	x505 = 2.877068
	x506 = -0.674374
	x507 = 0.436077
	x508 = -1.227267
	x509 = 0.098316
	x510 = 0.308124
	x511 = -0.959888

Output:
	y0 = -9.301287
	y1 = 6.562486
	y2 = -8.958960
	y3 = -10.172909
	y4 = 7.183561
	y5 = -12.132351
	y6 = -7.848511
	y7 = 6.612245
	y8 = -7.999876
	y9 = -10.284290
	y10 = 6.156435
	y11 = -8.791476
	y12 = -10.781775
	y13 = 7.067112
	y14 = -7.365956
	y15 = -8.161574
	y16 = 6.449461
	y17 = -8.270156
	y18 = -8.619157
	y19 = 7.907612
	y20 = -7.116283
	y21 = -10.430776
	y22 = 6.619090
	y23 = -12.061564
	y24 = -9.304215
	y25 = 2.399392
	y26 = -7.355025
	y27 = -10.145549
	y28 = 4.057756
	y29 = -9.430381
	y30 = -4.772010
	y31 = 6.711669
	y32 = -5.404133
	y33 = -5.454319
	y34 = 15.846637
	y35 = -3.376900
	y36 = -5.106304
	y37 = 21.162712
	y38 = -6.099253
	y39 = -5.337686
	y40 = 18.588182
	y41 = -4.224666
	y42 = -12.966480
	y43 = 19.144979
	y44 = -13.146491
	y45 = -10.900424
	y46 = 9.225211
	y47 = -9.943570
	y48 = -6.426487
	y49 = 4.822431
	y50 = -5.937466
	y51 = -6.258374
	y52 = 7.606601
	y53 = -4.789356
	y54 = -1.718164
	y55 = -7.993515
	y56 = 3.954260
	y57 = 3.007558
	y58 = -8.709701
	y59 = -2.638810
	y60 = 1.264121
	y61 = 13.913097
	y62 = -2.311308
	y63 = 7.138553
	y64 = -17.150901
	y65 = 1.493997
	y66 = -8.583350
	y67 = 16.111155
	y68 = -7.711991
	y69 = -10.049078
	y70 = 7.720265
	y71 = -8.865511
	y72 = -8.022104
	y73 = 8.963160
	y74 = -6.800160
	y75 = -5.043971
	y76 = 11.717833
	y77 = -2.515196
	y78 = -1.700900
	y79 = -7.130550
	y80 = 4.965696
	y81 = 7.907400
	y82 = -19.077574
	y83 = 13.641467
	y84 = 12.294659
	y85 = -16.795685
	y86 = 4.698256
	y87 = 6.492218
	y88 = -16.099769
	y89 = 0.821215
	y90 = -6.172179
	y91 = 13.383336
	y92 = -6.670184
	y93 = -8.017313
	y94 = 4.509624
	y95 = -5.985769
	y96 = -7.780715
	y97 = 4.114574
	y98 = -7.276008
	y99 = -4.735804
	y100 = 4.725708
	y101 = -3.680639
	y102 = -0.911428
	y103 = 7.419343
	y104 = -0.081814
	y105 = 9.231407
	y106 = -16.611344
	y107 = 13.887064
	y108 = 12.823177
	y109 = -17.596494
	y110 = 7.224484
	y111 = 7.057194
	y112 = -17.302228
	y113 = -0.275263
	y114 = -4.006134
	y115 = 18.412506
	y116 = -6.162055
	y117 = -6.447233
	y118 = 9.596728
	y119 = -7.634314
	y120 = -6.113881
	y121 = 8.394494
	y122 = -5.459574
	y123 = -6.647314
	y124 = 4.072049
	y125 = -4.667120
	y126 = -5.070048
	y127 = 5.766357
	y128 = -1.770705
	y129 = -0.673008
	y130 = -5.669076
	y131 = 3.290867
	y132 = 2.235714
	y133 = -11.599282
	y134 = 2.235704
	y135 = 0.983797
	y136 = -15.575140
	y137 = 4.167861
	y138 = 1.820718
	y139 = -9.210363
	y140 = -4.538712
	y141 = -6.480449
	y142 = 19.669282
	y143 = -7.869786
	y144 = -8.410852
	y145 = 0.718521
	y146 = -8.091294
	y147 = -9.764375
	y148 = 7.136395
	y149 = -11.606444
	y150 = -7.108426
	y151 = 7.135247
	y152 = -4.725507
	y153 = -0.871264
	y154 = -5.685078
	y155 = 3.312224
	y156 = 4.070657
	y157 = -14.233432
	y158 = -1.633383
	y159 = -7.187171
	y160 = 12.522173
	y161 = -7.394445
	y162 = -9.855470
	y163 = 6.222226
	y164 = -8.633097
	y165 = -8.189871
	y166 = 11.303570
	y167 = -11.595133
	y168 = -8.444318
	y169 = 6.580390
	y170 = -10.497819
	y171 = -6.440896
	y172 = 2.848606
	y173 = -8.776957
	y174 = -4.442140
	y175 = 5.303527
	y176 = -5.613768
	y177 = -8.953706
	y178 = 16.007761
	y179 = -9.258884
	y180 = -9.853240
	y181 = 13.237176
	y182 = -13.781008
	y183 = -11.195225
	y184 = 14.023435
	y185 = -10.410317
	y186 = -10.866288
	y187 = 5.616390
	y188 = -9.585315
	y189 = -11.150753
	y190 = 5.693822
	y191 = -10.211292

