InputQuery: /home/levn/Workspace/othello_world/queries/probe_robust/game_74_target_39_eps_0.05.txt
Engine::processInputQuery: Input query (before preprocessing): 449 equations, 1216 variables
Engine::processInputQuery: Input query (after preprocessing): 705 equations, 1271 variables

Input bounds:
	x0: [  0.0044,   0.1044] 
	x1: [  0.0864,   0.1864] 
	x2: [ -0.9225,  -0.8225] 
	x3: [  1.3764,   1.4764] 
	x4: [  0.9034,   1.0034] 
	x5: [ -0.9342,  -0.8342] 
	x6: [  0.9299,   1.0299] 
	x7: [  1.8485,   1.9485] 
	x8: [ -0.5932,  -0.4932] 
	x9: [  0.4828,   0.5828] 
	x10: [  0.6748,   0.7748] 
	x11: [ -0.9734,  -0.8734] 
	x12: [ -0.6979,  -0.5979] 
	x13: [  0.1881,   0.2881] 
	x14: [  1.1701,   1.2701] 
	x15: [ -1.1384,  -1.0384] 
	x16: [  0.6911,   0.7911] 
	x17: [ -2.8368,  -2.7368] 
	x18: [ -2.6029,  -2.5029] 
	x19: [  0.0653,   0.1653] 
	x20: [  1.2567,   1.3567] 
	x21: [  0.5682,   0.6682] 
	x22: [ -0.5622,  -0.4622] 
	x23: [ -2.5401,  -2.4401] 
	x24: [  0.8651,   0.9651] 
	x25: [  0.8747,   0.9747] 
	x26: [ -0.5252,  -0.4252] 
	x27: [ -0.7518,  -0.6518] 
	x28: [  1.6055,   1.7055] 
	x29: [  0.4197,   0.5197] 
	x30: [ -2.3638,  -2.2638] 
	x31: [  0.9139,   1.0139] 
	x32: [ -2.2439,  -2.1439] 
	x33: [  1.0977,   1.1977] 
	x34: [ -0.4101,  -0.3101] 
	x35: [  1.5989,   1.6989] 
	x36: [ -0.7118,  -0.6118] 
	x37: [ -0.0821,   0.0179] 
	x38: [  1.2444,   1.3444] 
	x39: [ -3.5800,  -3.4800] 
	x40: [ -1.1651,  -1.0651] 
	x41: [ -0.8927,  -0.7927] 
	x42: [  1.5456,   1.6456] 
	x43: [  0.6937,   0.7937] 
	x44: [  4.4301,   4.5301] 
	x45: [ -0.2797,  -0.1797] 
	x46: [ -2.9925,  -2.8925] 
	x47: [  3.0139,   3.1139] 
	x48: [  0.6278,   0.7278] 
	x49: [ -1.6411,  -1.5411] 
	x50: [  2.2594,   2.3594] 
	x51: [ -1.2466,  -1.1466] 
	x52: [  2.2589,   2.3589] 
	x53: [ -1.1039,  -1.0039] 
	x54: [ -0.9385,  -0.8385] 
	x55: [  0.6088,   0.7088] 
	x56: [ -0.8852,  -0.7852] 
	x57: [ -2.3156,  -2.2156] 
	x58: [  1.3593,   1.4593] 
	x59: [  1.6771,   1.7771] 
	x60: [ -0.1949,  -0.0949] 
	x61: [ -0.3485,  -0.2485] 
	x62: [ -0.2332,  -0.1332] 
	x63: [ -1.8387,  -1.7387] 
	x64: [  1.1189,   1.2189] 
	x65: [ -1.1048,  -1.0048] 
	x66: [ -0.3093,  -0.2093] 
	x67: [ -1.5254,  -1.4254] 
	x68: [  2.1253,   2.2253] 
	x69: [ -0.1800,  -0.0800] 
	x70: [ -2.4587,  -2.3587] 
	x71: [  2.5965,   2.6965] 
	x72: [ -0.9411,  -0.8411] 
	x73: [  0.7460,   0.8460] 
	x74: [ -1.9126,  -1.8126] 
	x75: [ -1.5227,  -1.4227] 
	x76: [ -2.2133,  -2.1133] 
	x77: [  0.2798,   0.3798] 
	x78: [ -2.3819,  -2.2819] 
	x79: [  0.8504,   0.9504] 
	x80: [ -1.0464,  -0.9464] 
	x81: [ -1.0764,  -0.9764] 
	x82: [ -1.3489,  -1.2489] 
	x83: [ -2.1834,  -2.0834] 
	x84: [ -1.3664,  -1.2664] 
	x85: [ -0.6043,  -0.5043] 
	x86: [ -0.2262,  -0.1262] 
	x87: [ -0.4453,  -0.3453] 
	x88: [ -2.0021,  -1.9021] 
	x89: [  2.7019,   2.8019] 
	x90: [ -1.1611,  -1.0611] 
	x91: [ -0.5547,  -0.4547] 
	x92: [ -1.3742,  -1.2742] 
	x93: [ -1.0746,  -0.9746] 
	x94: [ -3.5972,  -3.4972] 
	x95: [  0.4953,   0.5953] 
	x96: [  1.6803,   1.7803] 
	x97: [ -1.1921,  -1.0921] 
	x98: [  0.5793,   0.6793] 
	x99: [ -1.1096,  -1.0096] 
	x100: [  0.9411,   1.0411] 
	x101: [  0.1111,   0.2111] 
	x102: [  1.2745,   1.3745] 
	x103: [  0.8649,   0.9649] 
	x104: [  0.8046,   0.9046] 
	x105: [  1.1850,   1.2850] 
	x106: [  0.3545,   0.4545] 
	x107: [ -1.7273,  -1.6273] 
	x108: [ -1.4319,  -1.3319] 
	x109: [ -0.4167,  -0.3167] 
	x110: [ -0.6097,  -0.5097] 
	x111: [ -0.0496,   0.0504] 
	x112: [ -1.0947,  -0.9947] 
	x113: [  0.6029,   0.7029] 
	x114: [  1.1873,   1.2873] 
	x115: [ -1.5834,  -1.4834] 
	x116: [ -0.8954,  -0.7954] 
	x117: [ -0.3650,  -0.2650] 
	x118: [ -1.3943,  -1.2943] 
	x119: [ -0.6737,  -0.5737] 
	x120: [  0.8645,   0.9645] 
	x121: [  1.4443,   1.5443] 
	x122: [  1.1808,   1.2808] 
	x123: [ -1.9443,  -1.8443] 
	x124: [  2.3714,   2.4714] 
	x125: [ -1.6886,  -1.5886] 
	x126: [ -2.1053,  -2.0053] 
	x127: [ -0.7919,  -0.6919] 
	x128: [  0.2075,   0.3075] 
	x129: [  1.3881,   1.4881] 
	x130: [ -1.8814,  -1.7814] 
	x131: [  2.2119,   2.3119] 
	x132: [  2.7341,   2.8341] 
	x133: [  0.5500,   0.6500] 
	x134: [  3.1349,   3.2349] 
	x135: [ -0.7732,  -0.6732] 
	x136: [ -1.6001,  -1.5001] 
	x137: [  2.2660,   2.3660] 
	x138: [  0.1557,   0.2557] 
	x139: [  0.1123,   0.2123] 
	x140: [  2.5478,   2.6478] 
	x141: [  2.4002,   2.5002] 
	x142: [  1.0963,   1.1963] 
	x143: [  1.2259,   1.3259] 
	x144: [ -0.6021,  -0.5021] 
	x145: [  0.9655,   1.0655] 
	x146: [ -2.0133,  -1.9133] 
	x147: [ -0.6332,  -0.5332] 
	x148: [  2.0714,   2.1714] 
	x149: [  0.2225,   0.3225] 
	x150: [ -1.3028,  -1.2028] 
	x151: [  0.4101,   0.5101] 
	x152: [ -1.0808,  -0.9808] 
	x153: [ -0.3789,  -0.2789] 
	x154: [ -1.5756,  -1.4756] 
	x155: [ -0.0081,   0.0919] 
	x156: [ -1.2425,  -1.1425] 
	x157: [  1.9839,   2.0839] 
	x158: [  0.4912,   0.5912] 
	x159: [  0.0827,   0.1827] 
	x160: [ -0.1113,  -0.0113] 
	x161: [ -1.3522,  -1.2522] 
	x162: [ -0.2392,  -0.1392] 
	x163: [ -2.5592,  -2.4592] 
	x164: [ -2.4861,  -2.3861] 
	x165: [  0.6217,   0.7217] 
	x166: [  2.0638,   2.1638] 
	x167: [  4.6141,   4.7141] 
	x168: [ -3.4889,  -3.3889] 
	x169: [ -0.2136,  -0.1136] 
	x170: [ -2.1046,  -2.0046] 
	x171: [  0.2244,   0.3244] 
	x172: [ -1.1339,  -1.0339] 
	x173: [  1.2644,   1.3644] 
	x174: [ -1.1315,  -1.0315] 
	x175: [  2.2023,   2.3023] 
	x176: [  1.2873,   1.3873] 
	x177: [  0.6531,   0.7531] 
	x178: [ -1.0508,  -0.9508] 
	x179: [ -3.3887,  -3.2887] 
	x180: [ -0.7697,  -0.6697] 
	x181: [ -1.9133,  -1.8133] 
	x182: [  0.9213,   1.0213] 
	x183: [ -0.6427,  -0.5427] 
	x184: [ -1.2156,  -1.1156] 
	x185: [ -3.4842,  -3.3842] 
	x186: [  1.7373,   1.8373] 
	x187: [  0.6839,   0.7839] 
	x188: [  2.0265,   2.1265] 
	x189: [ -3.3698,  -3.2698] 
	x190: [  0.4788,   0.5788] 
	x191: [  1.0658,   1.1658] 
	x192: [ -0.2808,  -0.1808] 
	x193: [ -0.1752,  -0.0752] 
	x194: [ -0.6672,  -0.5672] 
	x195: [ -1.5837,  -1.4837] 
	x196: [ -0.2881,  -0.1881] 
	x197: [  1.3873,   1.4873] 
	x198: [ -1.4978,  -1.3978] 
	x199: [ -1.2335,  -1.1335] 
	x200: [ -0.1541,  -0.0541] 
	x201: [  1.6631,   1.7631] 
	x202: [ -2.2385,  -2.1385] 
	x203: [ -2.6317,  -2.5317] 
	x204: [ -0.2290,  -0.1290] 
	x205: [ -0.8368,  -0.7368] 
	x206: [ -1.0970,  -0.9970] 
	x207: [ -1.0977,  -0.9977] 
	x208: [ -0.7944,  -0.6944] 
	x209: [  2.7109,   2.8109] 
	x210: [ -0.7383,  -0.6383] 
	x211: [ -0.5810,  -0.4810] 
	x212: [  1.7416,   1.8416] 
	x213: [ -3.1962,  -3.0962] 
	x214: [ -1.0124,  -0.9124] 
	x215: [ -0.4289,  -0.3289] 
	x216: [ -1.4473,  -1.3473] 
	x217: [  0.1265,   0.2265] 
	x218: [  1.0326,   1.1326] 
	x219: [  0.2089,   0.3089] 
	x220: [  0.5944,   0.6944] 
	x221: [  1.7993,   1.8993] 
	x222: [  0.5646,   0.6646] 
	x223: [  1.1851,   1.2851] 
	x224: [  0.5322,   0.6322] 
	x225: [ -0.1531,  -0.0531] 
	x226: [  0.8757,   0.9757] 
	x227: [  2.0616,   2.1616] 
	x228: [ -1.8830,  -1.7830] 
	x229: [  0.6300,   0.7300] 
	x230: [  1.0385,   1.1385] 
	x231: [  1.1145,   1.2145] 
	x232: [ -1.0785,  -0.9785] 
	x233: [ -0.7501,  -0.6501] 
	x234: [  0.6652,   0.7652] 
	x235: [ -1.9656,  -1.8656] 
	x236: [  0.7607,   0.8607] 
	x237: [ -0.8174,  -0.7174] 
	x238: [  2.0314,   2.1314] 
	x239: [  2.1818,   2.2818] 
	x240: [  0.2054,   0.3054] 
	x241: [ -1.0550,  -0.9550] 
	x242: [  2.1972,   2.2972] 
	x243: [  1.4476,   1.5476] 
	x244: [  2.1923,   2.2923] 
	x245: [  0.5529,   0.6529] 
	x246: [  0.0685,   0.1685] 
	x247: [ -0.8287,  -0.7287] 
	x248: [ -1.4473,  -1.3473] 
	x249: [ -1.9579,  -1.8579] 
	x250: [  1.2561,   1.3561] 
	x251: [  2.5322,   2.6322] 
	x252: [  1.1709,   1.2709] 
	x253: [  0.9618,   1.0618] 
	x254: [ -2.1326,  -2.0326] 
	x255: [ -0.9118,  -0.8118] 
	x256: [ -1.0403,  -0.9403] 
	x257: [  1.1382,   1.2382] 
	x258: [ -2.8751,  -2.7751] 
	x259: [ -0.9943,  -0.8943] 
	x260: [  1.2362,   1.3362] 
	x261: [ -0.4314,  -0.3314] 
	x262: [  2.5171,   2.6171] 
	x263: [ -0.4034,  -0.3034] 
	x264: [  0.5971,   0.6971] 
	x265: [ -0.4363,  -0.3363] 
	x266: [ -0.6504,  -0.5504] 
	x267: [ -0.5789,  -0.4789] 
	x268: [ -1.4835,  -1.3835] 
	x269: [  0.7030,   0.8030] 
	x270: [  1.9077,   2.0077] 
	x271: [ -3.0719,  -2.9719] 
	x272: [  0.2994,   0.3994] 
	x273: [ -1.4756,  -1.3756] 
	x274: [  0.2106,   0.3106] 
	x275: [  2.5449,   2.6449] 
	x276: [ -0.8438,  -0.7438] 
	x277: [ -0.9451,  -0.8451] 
	x278: [ -0.6195,  -0.5195] 
	x279: [  3.3586,   3.4586] 
	x280: [  0.9770,   1.0770] 
	x281: [  1.7790,   1.8790] 
	x282: [ -1.8565,  -1.7565] 
	x283: [ -2.3034,  -2.2034] 
	x284: [  0.0596,   0.1596] 
	x285: [ -0.9131,  -0.8131] 
	x286: [  0.3664,   0.4664] 
	x287: [ -0.7278,  -0.6278] 
	x288: [ -1.8907,  -1.7907] 
	x289: [  0.7781,   0.8781] 
	x290: [  1.5212,   1.6212] 
	x291: [ -0.4066,  -0.3066] 
	x292: [  2.3769,   2.4769] 
	x293: [ -1.6802,  -1.5802] 
	x294: [  1.3096,   1.4096] 
	x295: [  0.3715,   0.4715] 
	x296: [ -1.2792,  -1.1792] 
	x297: [  3.1287,   3.2287] 
	x298: [ -1.9048,  -1.8048] 
	x299: [  0.7450,   0.8450] 
	x300: [  0.2907,   0.3907] 
	x301: [  1.7395,   1.8395] 
	x302: [  0.5079,   0.6079] 
	x303: [  0.8260,   0.9260] 
	x304: [ -0.5014,  -0.4014] 
	x305: [  0.2296,   0.3296] 
	x306: [ -1.5096,  -1.4096] 
	x307: [ -3.0544,  -2.9544] 
	x308: [ -0.5411,  -0.4411] 
	x309: [ -0.5969,  -0.4969] 
	x310: [  2.3226,   2.4226] 
	x311: [ -0.9189,  -0.8189] 
	x312: [  1.6584,   1.7584] 
	x313: [ -2.3088,  -2.2088] 
	x314: [ -2.0674,  -1.9674] 
	x315: [ -0.3007,  -0.2007] 
	x316: [  0.7515,   0.8515] 
	x317: [  1.2231,   1.3231] 
	x318: [ -0.6644,  -0.5644] 
	x319: [  1.1702,   1.2702] 
	x320: [ -2.3546,  -2.2546] 
	x321: [ -0.6346,  -0.5346] 
	x322: [ -0.7935,  -0.6935] 
	x323: [ -0.1900,  -0.0900] 
	x324: [  1.6678,   1.7678] 
	x325: [ -1.5231,  -1.4231] 
	x326: [ -0.0564,   0.0436] 
	x327: [ -1.0454,  -0.9454] 
	x328: [ -1.8550,  -1.7550] 
	x329: [ -0.2398,  -0.1398] 
	x330: [ -1.4848,  -1.3848] 
	x331: [  0.5774,   0.6774] 
	x332: [  1.5350,   1.6350] 
	x333: [  2.2622,   2.3622] 
	x334: [  1.0111,   1.1111] 
	x335: [  0.1863,   0.2863] 
	x336: [ -1.8447,  -1.7447] 
	x337: [  0.9210,   1.0210] 
	x338: [  0.8375,   0.9375] 
	x339: [  0.8493,   0.9493] 
	x340: [ -0.2493,  -0.1493] 
	x341: [  2.4682,   2.5682] 
	x342: [  0.0455,   0.1455] 
	x343: [  2.2925,   2.3925] 
	x344: [  0.6552,   0.7552] 
	x345: [  1.7735,   1.8735] 
	x346: [  0.2432,   0.3432] 
	x347: [  2.0892,   2.1892] 
	x348: [ -1.4336,  -1.3336] 
	x349: [  0.0030,   0.1030] 
	x350: [ -0.4658,  -0.3658] 
	x351: [  0.5202,   0.6202] 
	x352: [ -3.1272,  -3.0272] 
	x353: [ -0.8898,  -0.7898] 
	x354: [  1.2766,   1.3766] 
	x355: [  0.4684,   0.5684] 
	x356: [  0.5021,   0.6021] 
	x357: [  2.5145,   2.6145] 
	x358: [  0.5451,   0.6451] 
	x359: [  0.8099,   0.9099] 
	x360: [ -2.8899,  -2.7899] 
	x361: [ -0.0483,   0.0517] 
	x362: [ -0.5071,  -0.4071] 
	x363: [ -0.7345,  -0.6345] 
	x364: [ -0.7034,  -0.6034] 
	x365: [  3.4211,   3.5211] 
	x366: [  0.2622,   0.3622] 
	x367: [ -1.9776,  -1.8776] 
	x368: [ -1.9785,  -1.8785] 
	x369: [ -4.1448,  -4.0448] 
	x370: [ -1.2113,  -1.1113] 
	x371: [ -1.2961,  -1.1961] 
	x372: [ -1.4799,  -1.3799] 
	x373: [  1.8520,   1.9520] 
	x374: [ -2.5135,  -2.4135] 
	x375: [  0.1136,   0.2136] 
	x376: [ -1.1937,  -1.0937] 
	x377: [ -0.1264,  -0.0264] 
	x378: [ -0.7378,  -0.6378] 
	x379: [  0.6373,   0.7373] 
	x380: [  1.7805,   1.8805] 
	x381: [  0.0376,   0.1376] 
	x382: [ -2.4368,  -2.3368] 
	x383: [  0.4940,   0.5940] 
	x384: [  0.9301,   1.0301] 
	x385: [ -0.4251,  -0.3251] 
	x386: [  0.9348,   1.0348] 
	x387: [ -1.7262,  -1.6262] 
	x388: [ -0.8206,  -0.7206] 
	x389: [ -1.1950,  -1.0950] 
	x390: [ -1.7068,  -1.6068] 
	x391: [ -2.3399,  -2.2399] 
	x392: [ -0.5927,  -0.4927] 
	x393: [ -3.1261,  -3.0261] 
	x394: [  0.2666,   0.3666] 
	x395: [  1.4196,   1.5196] 
	x396: [ -0.8911,  -0.7911] 
	x397: [  0.7232,   0.8232] 
	x398: [  1.9698,   2.0698] 
	x399: [  0.6023,   0.7023] 
	x400: [ -1.8906,  -1.7906] 
	x401: [ -0.6633,  -0.5633] 
	x402: [  1.6024,   1.7024] 
	x403: [ -1.2823,  -1.1823] 
	x404: [  0.7633,   0.8633] 
	x405: [  1.2083,   1.3083] 
	x406: [ -2.8386,  -2.7386] 
	x407: [  0.9433,   1.0433] 
	x408: [  0.6754,   0.7754] 
	x409: [ -1.0252,  -0.9252] 
	x410: [ -0.7467,  -0.6467] 
	x411: [  0.1168,   0.2168] 
	x412: [  1.9836,   2.0836] 
	x413: [  0.1699,   0.2699] 
	x414: [ -4.3117,  -4.2117] 
	x415: [  1.3162,   1.4162] 
	x416: [  4.1599,   4.2599] 
	x417: [ -1.0574,  -0.9574] 
	x418: [ -0.3317,  -0.2317] 
	x419: [ -0.8186,  -0.7186] 
	x420: [ -0.0351,   0.0649] 
	x421: [  2.3858,   2.4858] 
	x422: [  1.6248,   1.7248] 
	x423: [  1.4345,   1.5345] 
	x424: [  0.6413,   0.7413] 
	x425: [  2.0684,   2.1684] 
	x426: [ -1.2627,  -1.1627] 
	x427: [  0.1963,   0.2963] 
	x428: [ -2.4284,  -2.3284] 
	x429: [  2.4980,   2.5980] 
	x430: [ -1.9017,  -1.8017] 
	x431: [ -1.4013,  -1.3013] 
	x432: [  0.2140,   0.3140] 
	x433: [ -0.6464,  -0.5464] 
	x434: [ -2.1429,  -2.0429] 
	x435: [  1.5541,   1.6541] 
	x436: [ -1.4615,  -1.3615] 
	x437: [  0.6176,   0.7176] 
	x438: [  0.7488,   0.8488] 
	x439: [  0.7207,   0.8207] 
	x440: [  0.5293,   0.6293] 
	x441: [ -1.1031,  -1.0031] 
	x442: [ -3.4675,  -3.3675] 
	x443: [ -1.5160,  -1.4160] 
	x444: [  0.4610,   0.5610] 
	x445: [  1.0452,   1.1452] 
	x446: [ -0.5569,  -0.4569] 
	x447: [ -1.3642,  -1.2642] 
	x448: [ -3.7991,  -3.6991] 
	x449: [  3.1114,   3.2114] 
	x450: [  1.4027,   1.5027] 
	x451: [ -0.4664,  -0.3664] 
	x452: [ -0.1345,  -0.0345] 
	x453: [ -5.1693,  -5.0693] 
	x454: [  1.5174,   1.6174] 
	x455: [ -3.2334,  -3.1334] 
	x456: [  0.1155,   0.2155] 
	x457: [  2.2680,   2.3680] 
	x458: [ -3.1081,  -3.0081] 
	x459: [ -2.0126,  -1.9126] 
	x460: [  1.0497,   1.1497] 
	x461: [  0.6361,   0.7361] 
	x462: [ -1.5036,  -1.4036] 
	x463: [ -1.0795,  -0.9795] 
	x464: [ -0.6868,  -0.5868] 
	x465: [  0.6127,   0.7127] 
	x466: [  1.5817,   1.6817] 
	x467: [  1.4814,   1.5814] 
	x468: [  1.4909,   1.5909] 
	x469: [ -0.9160,  -0.8160] 
	x470: [ -1.6820,  -1.5820] 
	x471: [  0.6348,   0.7348] 
	x472: [ -1.4773,  -1.3773] 
	x473: [  0.7605,   0.8605] 
	x474: [ -0.9027,  -0.8027] 
	x475: [ -1.2334,  -1.1334] 
	x476: [ -0.1039,  -0.0039] 
	x477: [ -1.3932,  -1.2932] 
	x478: [ -0.0065,   0.0935] 
	x479: [  1.3994,   1.4994] 
	x480: [  2.7058,   2.8058] 
	x481: [ -1.2180,  -1.1180] 
	x482: [ -1.4825,  -1.3825] 
	x483: [ -2.5829,  -2.4829] 
	x484: [  0.1944,   0.2944] 
	x485: [  2.2591,   2.3591] 
	x486: [ -1.3615,  -1.2615] 
	x487: [ -2.4582,  -2.3582] 
	x488: [ -0.3999,  -0.2999] 
	x489: [  3.2050,   3.3050] 
	x490: [  1.6565,   1.7565] 
	x491: [ -1.8490,  -1.7490] 
	x492: [  0.0403,   0.1403] 
	x493: [ -1.6540,  -1.5540] 
	x494: [  2.0428,   2.1428] 
	x495: [ -0.1751,  -0.0751] 
	x496: [ -0.2948,  -0.1948] 
	x497: [  0.0418,   0.1418] 
	x498: [ -0.2865,  -0.1865] 
	x499: [ -0.6503,  -0.5503] 
	x500: [ -0.1005,  -0.0005] 
	x501: [  1.0095,   1.1095] 
	x502: [  0.8091,   0.9091] 
	x503: [ -1.9030,  -1.8030] 
	x504: [  2.8472,   2.9472] 
	x505: [  2.1743,   2.2743] 
	x506: [  0.9309,   1.0309] 
	x507: [ -2.1438,  -2.0438] 
	x508: [ -1.2533,  -1.1533] 
	x509: [ -1.2899,  -1.1899] 
	x510: [ -1.4054,  -1.3054] 
	x511: [ -0.3882,  -0.2882] 

Branching heuristics set to PseudoImpact
unsat
