InputQuery: /home/levn/Workspace/othello_world/queries/probe_robust/game_18_target_45_eps_0.05.txt
Engine::processInputQuery: Input query (before preprocessing): 449 equations, 1216 variables
Engine::processInputQuery: Input query (after preprocessing): 705 equations, 1308 variables

Input bounds:
	x0: [ -1.4912,  -1.3912] 
	x1: [ -0.2075,  -0.1075] 
	x2: [ -1.7857,  -1.6857] 
	x3: [  2.2213,   2.3213] 
	x4: [  2.2636,   2.3636] 
	x5: [ -1.1682,  -1.0682] 
	x6: [ -0.9040,  -0.8040] 
	x7: [ -0.9228,  -0.8228] 
	x8: [ -1.5372,  -1.4372] 
	x9: [ -0.7579,  -0.6579] 
	x10: [ -1.3572,  -1.2572] 
	x11: [ -0.9077,  -0.8077] 
	x12: [  0.3809,   0.4809] 
	x13: [ -1.7944,  -1.6944] 
	x14: [  1.8654,   1.9654] 
	x15: [  0.3257,   0.4257] 
	x16: [ -1.0384,  -0.9384] 
	x17: [  0.0023,   0.1023] 
	x18: [ -0.3651,  -0.2651] 
	x19: [  2.2216,   2.3216] 
	x20: [ -0.8034,  -0.7034] 
	x21: [ -1.1694,  -1.0694] 
	x22: [ -0.1122,  -0.0122] 
	x23: [ -1.3747,  -1.2747] 
	x24: [ -0.1702,  -0.0702] 
	x25: [ -3.6821,  -3.5821] 
	x26: [  1.8570,   1.9570] 
	x27: [  0.5247,   0.6247] 
	x28: [  0.1641,   0.2641] 
	x29: [ -0.0055,   0.0945] 
	x30: [  0.2015,   0.3015] 
	x31: [  1.2824,   1.3824] 
	x32: [  0.1560,   0.2560] 
	x33: [ -2.7658,  -2.6658] 
	x34: [ -1.0193,  -0.9193] 
	x35: [ -0.0843,   0.0157] 
	x36: [ -0.4392,  -0.3392] 
	x37: [ -1.6425,  -1.5425] 
	x38: [  0.3523,   0.4523] 
	x39: [ -0.1116,  -0.0116] 
	x40: [  2.2834,   2.3834] 
	x41: [ -0.8529,  -0.7529] 
	x42: [ -0.8008,  -0.7008] 
	x43: [ -0.0996,   0.0004] 
	x44: [ -1.4127,  -1.3127] 
	x45: [ -0.8730,  -0.7730] 
	x46: [ -1.0684,  -0.9684] 
	x47: [ -0.0130,   0.0870] 
	x48: [ -1.5732,  -1.4732] 
	x49: [ -0.2719,  -0.1719] 
	x50: [  0.8202,   0.9202] 
	x51: [ -0.3951,  -0.2951] 
	x52: [ -0.5029,  -0.4029] 
	x53: [  0.3595,   0.4595] 
	x54: [ -1.6318,  -1.5318] 
	x55: [ -0.7750,  -0.6750] 
	x56: [  0.8324,   0.9324] 
	x57: [ -2.3616,  -2.2616] 
	x58: [  4.2413,   4.3413] 
	x59: [  1.6383,   1.7383] 
	x60: [  0.5757,   0.6757] 
	x61: [  1.3658,   1.4658] 
	x62: [ -1.4510,  -1.3510] 
	x63: [  0.1432,   0.2432] 
	x64: [  0.6654,   0.7654] 
	x65: [  1.1886,   1.2886] 
	x66: [  0.9985,   1.0985] 
	x67: [ -1.5654,  -1.4654] 
	x68: [  1.9831,   2.0831] 
	x69: [ -0.2719,  -0.1719] 
	x70: [  0.0770,   0.1770] 
	x71: [  1.5573,   1.6573] 
	x72: [ -0.6791,  -0.5791] 
	x73: [ -0.6748,  -0.5748] 
	x74: [ -1.3118,  -1.2118] 
	x75: [  2.0590,   2.1590] 
	x76: [  1.8845,   1.9845] 
	x77: [  1.0314,   1.1314] 
	x78: [ -1.2540,  -1.1540] 
	x79: [ -0.8730,  -0.7730] 
	x80: [  0.6840,   0.7840] 
	x81: [  0.8864,   0.9864] 
	x82: [  1.9959,   2.0959] 
	x83: [ -0.8467,  -0.7467] 
	x84: [ -0.9500,  -0.8500] 
	x85: [  1.5343,   1.6343] 
	x86: [  0.1169,   0.2169] 
	x87: [ -3.2279,  -3.1279] 
	x88: [ -0.1272,  -0.0272] 
	x89: [  0.9192,   1.0192] 
	x90: [  0.0441,   0.1441] 
	x91: [ -1.2772,  -1.1772] 
	x92: [  0.9932,   1.0932] 
	x93: [  0.4948,   0.5948] 
	x94: [ -0.0124,   0.0876] 
	x95: [  1.5610,   1.6610] 
	x96: [  1.2939,   1.3939] 
	x97: [ -0.4060,  -0.3060] 
	x98: [  1.8197,   1.9197] 
	x99: [  1.3448,   1.4448] 
	x100: [  0.5096,   0.6096] 
	x101: [  1.6752,   1.7752] 
	x102: [ -1.8832,  -1.7832] 
	x103: [  0.9541,   1.0541] 
	x104: [  0.8183,   0.9183] 
	x105: [  2.5495,   2.6495] 
	x106: [ -0.1152,  -0.0152] 
	x107: [  0.5136,   0.6136] 
	x108: [  1.0213,   1.1213] 
	x109: [ -2.9374,  -2.8374] 
	x110: [ -0.4913,  -0.3913] 
	x111: [  1.8983,   1.9983] 
	x112: [ -0.9108,  -0.8108] 
	x113: [ -0.2720,  -0.1720] 
	x114: [ -0.1540,  -0.0540] 
	x115: [  0.3182,   0.4182] 
	x116: [ -1.4253,  -1.3253] 
	x117: [  1.4544,   1.5544] 
	x118: [ -0.1718,  -0.0718] 
	x119: [ -0.6757,  -0.5757] 
	x120: [ -1.2470,  -1.1470] 
	x121: [ -2.3201,  -2.2201] 
	x122: [  1.5396,   1.6396] 
	x123: [ -1.5172,  -1.4172] 
	x124: [ -2.5841,  -2.4841] 
	x125: [  2.3959,   2.4959] 
	x126: [  0.0007,   0.1007] 
	x127: [  0.2802,   0.3802] 
	x128: [ -1.0370,  -0.9370] 
	x129: [ -0.5233,  -0.4233] 
	x130: [  1.3948,   1.4948] 
	x131: [ -2.1905,  -2.0905] 
	x132: [  0.9153,   1.0153] 
	x133: [ -0.4292,  -0.3292] 
	x134: [  1.0306,   1.1306] 
	x135: [  0.8609,   0.9609] 
	x136: [  0.1566,   0.2566] 
	x137: [ -1.3020,  -1.2020] 
	x138: [ -0.1677,  -0.0677] 
	x139: [ -0.1813,  -0.0813] 
	x140: [  2.7080,   2.8080] 
	x141: [  0.9529,   1.0529] 
	x142: [  0.7520,   0.8520] 
	x143: [ -2.8044,  -2.7044] 
	x144: [ -1.0253,  -0.9253] 
	x145: [  0.4593,   0.5593] 
	x146: [ -2.4337,  -2.3337] 
	x147: [  0.7762,   0.8762] 
	x148: [  0.6112,   0.7112] 
	x149: [ -2.0164,  -1.9164] 
	x150: [  1.3910,   1.4910] 
	x151: [  0.8157,   0.9157] 
	x152: [ -0.7374,  -0.6374] 
	x153: [  0.1078,   0.2078] 
	x154: [  0.1601,   0.2601] 
	x155: [ -2.1374,  -2.0374] 
	x156: [ -0.8756,  -0.7756] 
	x157: [ -0.3552,  -0.2552] 
	x158: [  0.4417,   0.5417] 
	x159: [  0.2616,   0.3616] 
	x160: [  0.0271,   0.1271] 
	x161: [ -1.0225,  -0.9225] 
	x162: [ -2.0758,  -1.9758] 
	x163: [  1.1568,   1.2568] 
	x164: [ -0.8145,  -0.7145] 
	x165: [ -1.2547,  -1.1547] 
	x166: [ -2.5388,  -2.4388] 
	x167: [  5.0013,   5.1013] 
	x168: [ -0.0133,   0.0867] 
	x169: [  0.6163,   0.7163] 
	x170: [  3.5043,   3.6043] 
	x171: [  2.1873,   2.2873] 
	x172: [ -0.5750,  -0.4750] 
	x173: [ -2.3633,  -2.2633] 
	x174: [ -0.3493,  -0.2493] 
	x175: [ -0.7211,  -0.6211] 
	x176: [  0.5201,   0.6201] 
	x177: [  0.3264,   0.4264] 
	x178: [  0.9872,   1.0872] 
	x179: [  1.3588,   1.4588] 
	x180: [ -1.1070,  -1.0070] 
	x181: [  2.3357,   2.4357] 
	x182: [ -0.4965,  -0.3965] 
	x183: [  0.9881,   1.0881] 
	x184: [  2.7608,   2.8608] 
	x185: [  0.8741,   0.9741] 
	x186: [  0.0489,   0.1489] 
	x187: [  0.4640,   0.5640] 
	x188: [ -1.7132,  -1.6132] 
	x189: [  1.7135,   1.8135] 
	x190: [ -2.4901,  -2.3901] 
	x191: [ -0.1955,  -0.0955] 
	x192: [  2.0975,   2.1975] 
	x193: [ -2.0238,  -1.9238] 
	x194: [  0.6311,   0.7311] 
	x195: [  3.2155,   3.3155] 
	x196: [ -0.8134,  -0.7134] 
	x197: [  2.4296,   2.5296] 
	x198: [  1.0546,   1.1546] 
	x199: [  0.4050,   0.5050] 
	x200: [ -1.7380,  -1.6380] 
	x201: [ -2.2922,  -2.1922] 
	x202: [ -1.0790,  -0.9790] 
	x203: [ -1.9969,  -1.8969] 
	x204: [  0.6319,   0.7319] 
	x205: [  0.3582,   0.4582] 
	x206: [ -0.3883,  -0.2883] 
	x207: [  0.6422,   0.7422] 
	x208: [ -0.1065,  -0.0065] 
	x209: [ -1.5470,  -1.4470] 
	x210: [ -0.8305,  -0.7305] 
	x211: [ -2.2882,  -2.1882] 
	x212: [ -1.0290,  -0.9290] 
	x213: [  0.9954,   1.0954] 
	x214: [ -2.6148,  -2.5148] 
	x215: [ -0.2632,  -0.1632] 
	x216: [ -0.3586,  -0.2586] 
	x217: [  0.7752,   0.8752] 
	x218: [  1.3836,   1.4836] 
	x219: [ -3.0736,  -2.9736] 
	x220: [ -2.5184,  -2.4184] 
	x221: [  2.3133,   2.4133] 
	x222: [  1.9073,   2.0073] 
	x223: [ -1.0922,  -0.9922] 
	x224: [ -1.1528,  -1.0528] 
	x225: [  2.3734,   2.4734] 
	x226: [ -0.6656,  -0.5656] 
	x227: [ -1.5526,  -1.4526] 
	x228: [  1.4519,   1.5519] 
	x229: [ -0.6134,  -0.5134] 
	x230: [ -1.8749,  -1.7749] 
	x231: [ -1.3182,  -1.2182] 
	x232: [  2.1537,   2.2537] 
	x233: [ -1.4928,  -1.3928] 
	x234: [ -0.0865,   0.0135] 
	x235: [  0.9866,   1.0866] 
	x236: [ -1.9163,  -1.8163] 
	x237: [ -0.3847,  -0.2847] 
	x238: [ -0.6651,  -0.5651] 
	x239: [  6.4528,   6.5528] 
	x240: [ -0.0429,   0.0571] 
	x241: [ -2.0423,  -1.9423] 
	x242: [  0.7070,   0.8070] 
	x243: [ -1.3442,  -1.2442] 
	x244: [ -0.4815,  -0.3815] 
	x245: [ -1.5507,  -1.4507] 
	x246: [ -0.2097,  -0.1097] 
	x247: [  0.1264,   0.2264] 
	x248: [  0.5040,   0.6040] 
	x249: [  0.4365,   0.5365] 
	x250: [  0.9455,   1.0455] 
	x251: [ -1.8267,  -1.7267] 
	x252: [  3.0521,   3.1521] 
	x253: [  1.9292,   2.0292] 
	x254: [  1.1802,   1.2802] 
	x255: [  0.1084,   0.2084] 
	x256: [ -0.2093,  -0.1093] 
	x257: [ -0.6183,  -0.5183] 
	x258: [ -1.9641,  -1.8641] 
	x259: [ -1.0637,  -0.9637] 
	x260: [ -2.3014,  -2.2014] 
	x261: [ -0.1328,  -0.0328] 
	x262: [ -0.1084,  -0.0084] 
	x263: [ -0.5586,  -0.4586] 
	x264: [  0.6405,   0.7405] 
	x265: [ -2.0948,  -1.9948] 
	x266: [  0.2364,   0.3364] 
	x267: [  0.2628,   0.3628] 
	x268: [ -1.7117,  -1.6117] 
	x269: [ -1.6832,  -1.5832] 
	x270: [  1.2013,   1.3013] 
	x271: [ -1.7222,  -1.6222] 
	x272: [  0.1122,   0.2122] 
	x273: [  0.2728,   0.3728] 
	x274: [ -1.9048,  -1.8048] 
	x275: [ -1.9246,  -1.8246] 
	x276: [ -2.3228,  -2.2228] 
	x277: [  0.7471,   0.8471] 
	x278: [  0.3950,   0.4950] 
	x279: [  1.0103,   1.1103] 
	x280: [ -0.4053,  -0.3053] 
	x281: [  1.7432,   1.8432] 
	x282: [ -1.5398,  -1.4398] 
	x283: [ -0.6627,  -0.5627] 
	x284: [  1.3012,   1.4012] 
	x285: [ -1.2123,  -1.1123] 
	x286: [ -1.6637,  -1.5637] 
	x287: [  0.3029,   0.4029] 
	x288: [  2.1744,   2.2744] 
	x289: [ -1.6604,  -1.5604] 
	x290: [ -1.8623,  -1.7623] 
	x291: [ -0.6720,  -0.5720] 
	x292: [  0.0462,   0.1462] 
	x293: [  1.3357,   1.4357] 
	x294: [ -1.4188,  -1.3188] 
	x295: [ -1.6932,  -1.5932] 
	x296: [ -0.3405,  -0.2405] 
	x297: [  0.4483,   0.5483] 
	x298: [ -6.2632,  -6.1632] 
	x299: [  0.3062,   0.4062] 
	x300: [ -1.8861,  -1.7861] 
	x301: [  1.7503,   1.8503] 
	x302: [  2.3474,   2.4474] 
	x303: [ -0.4079,  -0.3079] 
	x304: [ -0.4354,  -0.3354] 
	x305: [ -1.1411,  -1.0411] 
	x306: [ -0.7633,  -0.6633] 
	x307: [ -3.5389,  -3.4389] 
	x308: [  0.2734,   0.3734] 
	x309: [  0.6175,   0.7175] 
	x310: [  0.3425,   0.4425] 
	x311: [  0.0188,   0.1188] 
	x312: [ -2.8346,  -2.7346] 
	x313: [ -0.7114,  -0.6114] 
	x314: [  0.7969,   0.8969] 
	x315: [  0.7522,   0.8522] 
	x316: [ -1.2425,  -1.1425] 
	x317: [  0.3122,   0.4122] 
	x318: [ -1.9136,  -1.8136] 
	x319: [ -0.2992,  -0.1992] 
	x320: [ -1.9866,  -1.8866] 
	x321: [ -1.3511,  -1.2511] 
	x322: [  1.6135,   1.7135] 
	x323: [  0.2458,   0.3458] 
	x324: [  0.2523,   0.3523] 
	x325: [ -0.8332,  -0.7332] 
	x326: [  0.9181,   1.0181] 
	x327: [ -0.2223,  -0.1223] 
	x328: [  1.0506,   1.1506] 
	x329: [  1.1999,   1.2999] 
	x330: [ -0.1647,  -0.0647] 
	x331: [  0.3831,   0.4831] 
	x332: [  0.6318,   0.7318] 
	x333: [  2.3693,   2.4693] 
	x334: [  0.3486,   0.4486] 
	x335: [ -1.2004,  -1.1004] 
	x336: [ -0.9963,  -0.8963] 
	x337: [ -0.2448,  -0.1448] 
	x338: [ -0.1157,  -0.0157] 
	x339: [ -0.0355,   0.0645] 
	x340: [ -1.8618,  -1.7618] 
	x341: [  0.8261,   0.9261] 
	x342: [  2.3627,   2.4627] 
	x343: [ -0.2550,  -0.1550] 
	x344: [  1.7693,   1.8693] 
	x345: [ -1.1384,  -1.0384] 
	x346: [  0.7446,   0.8446] 
	x347: [  0.8671,   0.9671] 
	x348: [  3.0278,   3.1278] 
	x349: [  0.6083,   0.7083] 
	x350: [ -1.6041,  -1.5041] 
	x351: [  1.2722,   1.3722] 
	x352: [  1.6481,   1.7481] 
	x353: [ -0.8540,  -0.7540] 
	x354: [  1.2163,   1.3163] 
	x355: [  2.0725,   2.1725] 
	x356: [ -1.6518,  -1.5518] 
	x357: [  1.3250,   1.4250] 
	x358: [  1.1162,   1.2162] 
	x359: [ -2.0310,  -1.9310] 
	x360: [  1.5098,   1.6098] 
	x361: [  0.6217,   0.7217] 
	x362: [ -1.7481,  -1.6481] 
	x363: [  0.2435,   0.3435] 
	x364: [ -0.1897,  -0.0897] 
	x365: [ -0.4918,  -0.3918] 
	x366: [  0.7089,   0.8089] 
	x367: [ -0.3212,  -0.2212] 
	x368: [ -3.5206,  -3.4206] 
	x369: [ -0.6291,  -0.5291] 
	x370: [  1.3568,   1.4568] 
	x371: [ -0.4358,  -0.3358] 
	x372: [  1.5536,   1.6536] 
	x373: [ -2.6918,  -2.5918] 
	x374: [  0.0455,   0.1455] 
	x375: [ -1.3348,  -1.2348] 
	x376: [  3.3582,   3.4582] 
	x377: [  1.3338,   1.4338] 
	x378: [  0.1829,   0.2829] 
	x379: [ -0.3565,  -0.2565] 
	x380: [  3.4286,   3.5286] 
	x381: [  0.3934,   0.4934] 
	x382: [ -3.3074,  -3.2074] 
	x383: [  1.6444,   1.7444] 
	x384: [ -0.5684,  -0.4684] 
	x385: [ -1.9523,  -1.8523] 
	x386: [ -3.6113,  -3.5113] 
	x387: [ -0.0123,   0.0877] 
	x388: [  0.2000,   0.3000] 
	x389: [ -1.6809,  -1.5809] 
	x390: [ -2.6628,  -2.5628] 
	x391: [ -0.4334,  -0.3334] 
	x392: [  2.2182,   2.3182] 
	x393: [  2.0223,   2.1223] 
	x394: [ -1.4222,  -1.3222] 
	x395: [ -0.7980,  -0.6980] 
	x396: [ -0.4908,  -0.3908] 
	x397: [ -2.2331,  -2.1331] 
	x398: [  0.3718,   0.4718] 
	x399: [  0.8700,   0.9700] 
	x400: [ -0.1128,  -0.0128] 
	x401: [ -4.0766,  -3.9766] 
	x402: [  0.1264,   0.2264] 
	x403: [  0.0608,   0.1608] 
	x404: [ -1.1036,  -1.0036] 
	x405: [ -1.8807,  -1.7807] 
	x406: [  1.3774,   1.4774] 
	x407: [ -1.1995,  -1.0995] 
	x408: [ -1.0558,  -0.9558] 
	x409: [ -0.7157,  -0.6157] 
	x410: [  1.6127,   1.7127] 
	x411: [ -1.2065,  -1.1065] 
	x412: [ -0.0192,   0.0808] 
	x413: [  0.0865,   0.1865] 
	x414: [ -0.2680,  -0.1680] 
	x415: [ -0.1797,  -0.0797] 
	x416: [ -1.2427,  -1.1427] 
	x417: [ -1.1219,  -1.0219] 
	x418: [ -0.9553,  -0.8553] 
	x419: [ -1.3089,  -1.2089] 
	x420: [ -0.0774,   0.0226] 
	x421: [ -1.6158,  -1.5158] 
	x422: [ -3.2862,  -3.1862] 
	x423: [ -0.5553,  -0.4553] 
	x424: [  0.4657,   0.5657] 
	x425: [ -2.8305,  -2.7305] 
	x426: [ -3.9824,  -3.8824] 
	x427: [ -1.1583,  -1.0583] 
	x428: [ -2.7145,  -2.6145] 
	x429: [  2.3800,   2.4800] 
	x430: [  0.6607,   0.7607] 
	x431: [  3.3038,   3.4038] 
	x432: [ -2.0275,  -1.9275] 
	x433: [ -3.3372,  -3.2372] 
	x434: [ -0.3485,  -0.2485] 
	x435: [ -0.8361,  -0.7361] 
	x436: [  0.0386,   0.1386] 
	x437: [ -2.3223,  -2.2223] 
	x438: [ -1.8890,  -1.7890] 
	x439: [ -0.8769,  -0.7769] 
	x440: [  0.4648,   0.5648] 
	x441: [ -0.1499,  -0.0499] 
	x442: [ -0.4325,  -0.3325] 
	x443: [ -0.7617,  -0.6617] 
	x444: [  0.6979,   0.7979] 
	x445: [ -1.3423,  -1.2423] 
	x446: [  1.9697,   2.0697] 
	x447: [  0.6337,   0.7337] 
	x448: [ -1.2485,  -1.1485] 
	x449: [ -0.1092,  -0.0092] 
	x450: [  2.4764,   2.5764] 
	x451: [ -0.0142,   0.0858] 
	x452: [  1.7248,   1.8248] 
	x453: [ -1.1602,  -1.0602] 
	x454: [ -0.7755,  -0.6755] 
	x455: [ -2.2113,  -2.1113] 
	x456: [  1.8978,   1.9978] 
	x457: [ -0.8168,  -0.7168] 
	x458: [ -4.0318,  -3.9318] 
	x459: [ -1.6313,  -1.5313] 
	x460: [ -1.3051,  -1.2051] 
	x461: [  3.1503,   3.2503] 
	x462: [  1.0313,   1.1313] 
	x463: [ -0.0658,   0.0342] 
	x464: [ -0.5440,  -0.4440] 
	x465: [ -0.1977,  -0.0977] 
	x466: [  0.1632,   0.2632] 
	x467: [ -4.2497,  -4.1497] 
	x468: [ -0.1941,  -0.0941] 
	x469: [  1.2322,   1.3322] 
	x470: [ -2.4179,  -2.3179] 
	x471: [  0.8004,   0.9004] 
	x472: [ -1.9469,  -1.8469] 
	x473: [ -3.3330,  -3.2330] 
	x474: [ -4.2874,  -4.1874] 
	x475: [ -1.6550,  -1.5550] 
	x476: [ -2.3480,  -2.2480] 
	x477: [ -0.1569,  -0.0569] 
	x478: [  1.1846,   1.2846] 
	x479: [  3.1335,   3.2335] 
	x480: [ -0.2889,  -0.1889] 
	x481: [  1.6774,   1.7774] 
	x482: [  0.7940,   0.8940] 
	x483: [  0.1888,   0.2888] 
	x484: [  0.1756,   0.2756] 
	x485: [  0.0635,   0.1635] 
	x486: [  0.2753,   0.3753] 
	x487: [  1.3739,   1.4739] 
	x488: [  3.5573,   3.6573] 
	x489: [  1.3448,   1.4448] 
	x490: [ -3.1027,  -3.0027] 
	x491: [  1.3295,   1.4295] 
	x492: [  0.4443,   0.5443] 
	x493: [  0.3020,   0.4020] 
	x494: [ -0.5867,  -0.4867] 
	x495: [  2.6487,   2.7487] 
	x496: [ -1.8391,  -1.7391] 
	x497: [  0.0815,   0.1815] 
	x498: [ -1.5037,  -1.4037] 
	x499: [ -1.3331,  -1.2331] 
	x500: [  0.7527,   0.8527] 
	x501: [  1.4171,   1.5171] 
	x502: [ -0.5883,  -0.4883] 
	x503: [ -1.1507,  -1.0507] 
	x504: [  2.2072,   2.3072] 
	x505: [  0.4732,   0.5732] 
	x506: [ -1.4990,  -1.3990] 
	x507: [ -0.8237,  -0.7237] 
	x508: [ -1.3164,  -1.2164] 
	x509: [  1.7098,   1.8098] 
	x510: [ -1.2086,  -1.1086] 
	x511: [  1.8582,   1.9582] 

Branching heuristics set to PseudoImpact

Engine::solve: Initial statistics

16:43:02 Statistics update:
	--- Time Statistics ---
	Total time elapsed: 466 milli (00:00:00)
		Main loop: 0 milli (00:00:00)
		Preprocessing time: 201 milli (00:00:00)
		Unknown: 264 milli (00:00:00)
	Breakdown for main loop:
		[0.00%] Simplex steps: 0 milli
		[0.00%] Explicit-basis bound tightening: 0 milli
		[0.00%] Constraint-matrix bound tightening: 0 milli
		[0.00%] Degradation checking: 0 milli
		[0.00%] Precision restoration: 0 milli
		[0.00%] Statistics handling: 0 milli
		[0.00%] Constraint-fixing steps: 0 milli
		[0.00%] Valid case splits: 0 milli. Average per split: 0.00 milli
		[0.00%] Applying stored bound-tightening: 0 milli
		[0.00%] SMT core: 0 milli
		[0.00%] Symbolic Bound Tightening: 12 milli
		[0.00%] SoI-based local search: 0 milli
		[0.00%] SoI-based local search: 0 milli
		[0.00%] Unaccounted for: 0 milli
	--- Preprocessor Statistics ---
	Number of preprocessor bound-tightening loop iterations: 3
	Number of eliminated variables: 165
	Number of constraints removed due to variable elimination: 165
	Number of equations removed due to variable elimination: 0
	--- Engine Statistics ---
	Number of main loop iterations: 1
		0 iterations were simplex steps. Total time: 0 milli. Average: 0.00 milli.
		0 iterations were constraint-fixing steps. Total time: 0 milli. Average: 0.00 milli
	Number of active piecewise-linear constraints: 91 / 91
		Constraints disabled by valid splits: 0. By SMT-originated splits: 0
	Last reported degradation: 0.0000000000. Max degradation so far: 0.0000000000. Restorations so far: 0
	Number of simplex pivots we attempted to skip because of instability: 0.
	Unstable pivots performed anyway: 0
	--- Tableau Statistics ---
	Total number of pivots performed: 0
		Real pivots: 0. Degenerate: 0 (0.00%)
		Degenerate pivots by request (e.g., to fix a PL constraint): 0 (0.00%)
		Average time per pivot: 0.00 milli
	Total number of fake pivots performed: 0
	Total number of rows added: 0. Number of merged columns: 0
	Current tableau dimensions: M = 705, N = 2013
	--- SMT Core Statistics ---
	Total depth is 0. Total visited states: 1. Number of splits: 0. Number of pops: 0
	Max stack depth: 0
	--- Bound Tightening Statistics ---
	Number of tightened bounds: 0.
		Number of rows examined by row tightener: 0. Consequent tightenings: 0
		Number of explicit basis matrices examined by row tightener: 0. Consequent tightenings: 0
		Number of bound tightening rounds on the entire constraint matrix: 0. Consequent tightenings: 0
		Number of bound notifications sent to PL constraints: 546. Tightenings proposed: 0
	--- Basis Factorization statistics ---
	Number of basis refactorizations: 2
	--- Projected Steepest Edge Statistics ---
	Number of iterations: 0.
	Number of resets to reference space: 1. Avg. iterations per reset: 0
	--- SBT ---
	Number of tightened bounds: 385
	--- SoI-based local search ---
	Number of proposed phase pattern update: 0. Number of accepted update: 0 [0.00%]
	Total time (% of local search time) updating SoI phase pattern : 0 milli [0.00%]
	Total time obtaining current assignment: 0 milli [0.00%]
	Total time getting SoI phase pattern : 0 milli [0.00%]
	--- Context dependent statistics ---
	Number of pushes / pops: 0 / 0
		[0.00%] Pre-Push hook: 0 milli
		[0.00%] Push : 0 milli
		[0.00%] Post-Pop hook: 0 milli
		[0.00%] Pop : 0 milli
		[0.00%] Total context-switching time: 0 milli
	--- Proof Certificate ---
	Number of certified leaves: 0
	Number of leaves to delegate: 0

---

16:43:19 Statistics update:
	--- Time Statistics ---
	Total time elapsed: 18018 milli (00:00:18)
		Main loop: 17550 milli (00:00:17)
		Preprocessing time: 201 milli (00:00:00)
		Unknown: 266 milli (00:00:00)
	Breakdown for main loop:
		[63.71%] Simplex steps: 11181 milli
		[27.98%] Explicit-basis bound tightening: 4911 milli
		[0.00%] Constraint-matrix bound tightening: 0 milli
		[1.31%] Degradation checking: 229 milli
		[0.00%] Precision restoration: 0 milli
		[0.06%] Statistics handling: 10 milli
		[0.00%] Constraint-fixing steps: 0 milli
		[0.00%] Valid case splits: 0 milli. Average per split: 0.00 milli
		[0.00%] Applying stored bound-tightening: 0 milli
		[0.39%] SMT core: 68 milli
		[5.66%] Symbolic Bound Tightening: 993 milli
		[42.58%] SoI-based local search: 7472 milli
		[0.00%] SoI-based local search: 0 milli
		[0.88%] Unaccounted for: 154 milli
	--- Preprocessor Statistics ---
	Number of preprocessor bound-tightening loop iterations: 3
	Number of eliminated variables: 165
	Number of constraints removed due to variable elimination: 165
	Number of equations removed due to variable elimination: 0
	--- Engine Statistics ---
	Number of main loop iterations: 10000
		9815 iterations were simplex steps. Total time: 11181 milli. Average: 1.14 milli.
		0 iterations were constraint-fixing steps. Total time: 0 milli. Average: 0.00 milli
	Number of active piecewise-linear constraints: 82 / 91
		Constraints disabled by valid splits: 0. By SMT-originated splits: 9
	Last reported degradation: 0.0000000000. Max degradation so far: 0.0000000000. Restorations so far: 0
	Number of simplex pivots we attempted to skip because of instability: 0.
	Unstable pivots performed anyway: 0
	--- Tableau Statistics ---
	Total number of pivots performed: 7599
		Real pivots: 7580. Degenerate: 19 (0.25%)
		Degenerate pivots by request (e.g., to fix a PL constraint): 0 (0.00%)
		Average time per pivot: 0.20 milli
	Total number of fake pivots performed: 1289
	Total number of rows added: 0. Number of merged columns: 0
	Current tableau dimensions: M = 705, N = 2013
	--- SMT Core Statistics ---
	Total depth is 9. Total visited states: 124. Number of splits: 65. Number of pops: 58
	Max stack depth: 15
	--- Bound Tightening Statistics ---
	Number of tightened bounds: 20654.
		Number of rows examined by row tightener: 7599. Consequent tightenings: 114
		Number of explicit basis matrices examined by row tightener: 21. Consequent tightenings: 1166
		Number of bound tightening rounds on the entire constraint matrix: 0. Consequent tightenings: 0
		Number of bound notifications sent to PL constraints: 1678. Tightenings proposed: 0
	--- Basis Factorization statistics ---
	Number of basis refactorizations: 51
	--- Projected Steepest Edge Statistics ---
	Number of iterations: 8888.
	Number of resets to reference space: 61. Avg. iterations per reset: 145
	--- SBT ---
	Number of tightened bounds: 21039
	--- SoI-based local search ---
	Number of proposed phase pattern update: 393. Number of accepted update: 328 [83.46%]
	Total time (% of local search time) updating SoI phase pattern : 21874 milli [0.29%]
	Total time obtaining current assignment: 81388 milli [1.09%]
	Total time getting SoI phase pattern : 10882 milli [0.06%]
	--- Context dependent statistics ---
	Number of pushes / pops: 123 / 114
		[0.03%] Pre-Push hook: 4 milli
		[0.00%] Push : 0 milli
		[0.02%] Post-Pop hook: 3 milli
		[0.01%] Pop : 1 milli
		[0.06%] Total context-switching time: 10 milli
	--- Proof Certificate ---
	Number of certified leaves: 0
	Number of leaves to delegate: 0

16:43:43 Statistics update:
	--- Time Statistics ---
	Total time elapsed: 41655 milli (00:00:41)
		Main loop: 41186 milli (00:00:41)
		Preprocessing time: 201 milli (00:00:00)
		Unknown: 268 milli (00:00:00)
	Breakdown for main loop:
		[54.64%] Simplex steps: 22504 milli
		[37.94%] Explicit-basis bound tightening: 15625 milli
		[0.00%] Constraint-matrix bound tightening: 0 milli
		[1.11%] Degradation checking: 458 milli
		[0.00%] Precision restoration: 0 milli
		[0.05%] Statistics handling: 20 milli
		[0.00%] Constraint-fixing steps: 0 milli
		[0.00%] Valid case splits: 1 milli. Average per split: 0.00 milli
		[0.00%] Applying stored bound-tightening: 1 milli
		[0.32%] SMT core: 132 milli
		[4.57%] Symbolic Bound Tightening: 1882 milli
		[34.45%] SoI-based local search: 14188 milli
		[0.00%] SoI-based local search: 0 milli
		[1.36%] Unaccounted for: 558 milli
	--- Preprocessor Statistics ---
	Number of preprocessor bound-tightening loop iterations: 3
	Number of eliminated variables: 165
	Number of constraints removed due to variable elimination: 165
	Number of equations removed due to variable elimination: 0
	--- Engine Statistics ---
	Number of main loop iterations: 20000
		19660 iterations were simplex steps. Total time: 22504 milli. Average: 1.14 milli.
		0 iterations were constraint-fixing steps. Total time: 0 milli. Average: 0.00 milli
	Number of active piecewise-linear constraints: 76 / 91
		Constraints disabled by valid splits: 3. By SMT-originated splits: 12
	Last reported degradation: 0.0000000000. Max degradation so far: 0.0006378365. Restorations so far: 0
	Number of simplex pivots we attempted to skip because of instability: 0.
	Unstable pivots performed anyway: 0
	--- Tableau Statistics ---
	Total number of pivots performed: 15724
		Real pivots: 15694. Degenerate: 30 (0.19%)
		Degenerate pivots by request (e.g., to fix a PL constraint): 0 (0.00%)
		Average time per pivot: 0.21 milli
	Total number of fake pivots performed: 2009
	Total number of rows added: 0. Number of merged columns: 0
	Current tableau dimensions: M = 705, N = 2013
	--- SMT Core Statistics ---
	Total depth is 12. Total visited states: 236. Number of splits: 122. Number of pops: 113
	Max stack depth: 18
	--- Bound Tightening Statistics ---
	Number of tightened bounds: 41231.
		Number of rows examined by row tightener: 15724. Consequent tightenings: 800
		Number of explicit basis matrices examined by row tightener: 67. Consequent tightenings: 5371
		Number of bound tightening rounds on the entire constraint matrix: 0. Consequent tightenings: 0
		Number of bound notifications sent to PL constraints: 4442. Tightenings proposed: 0
	--- Basis Factorization statistics ---
	Number of basis refactorizations: 113
	--- Projected Steepest Edge Statistics ---
	Number of iterations: 17733.
	Number of resets to reference space: 118. Avg. iterations per reset: 150
	--- SBT ---
	Number of tightened bounds: 41616
	--- SoI-based local search ---
	Number of proposed phase pattern update: 824. Number of accepted update: 702 [85.19%]
	Total time (% of local search time) updating SoI phase pattern : 40736 milli [0.29%]
	Total time obtaining current assignment: 169536 milli [1.19%]
	Total time getting SoI phase pattern : 22030 milli [0.05%]
	--- Context dependent statistics ---
	Number of pushes / pops: 235 / 223
		[0.02%] Pre-Push hook: 8 milli
		[0.00%] Push : 0 milli
		[0.02%] Post-Pop hook: 7 milli
		[0.01%] Pop : 3 milli
		[0.05%] Total context-switching time: 20 milli
	--- Proof Certificate ---
	Number of certified leaves: 0
	Number of leaves to delegate: 0

16:44:06 Statistics update:
	--- Time Statistics ---
	Total time elapsed: 64819 milli (00:01:04)
		Main loop: 64346 milli (00:01:04)
		Preprocessing time: 201 milli (00:00:00)
		Unknown: 270 milli (00:00:00)
	Breakdown for main loop:
		[52.60%] Simplex steps: 33844 milli
		[40.13%] Explicit-basis bound tightening: 25819 milli
		[0.00%] Constraint-matrix bound tightening: 0 milli
		[1.06%] Degradation checking: 683 milli
		[0.00%] Precision restoration: 0 milli
		[0.05%] Statistics handling: 30 milli
		[0.00%] Constraint-fixing steps: 0 milli
		[0.00%] Valid case splits: 2 milli. Average per split: 0.00 milli
		[0.00%] Applying stored bound-tightening: 2 milli
		[0.28%] SMT core: 183 milli
		[4.07%] Symbolic Bound Tightening: 2619 milli
		[29.96%] SoI-based local search: 19276 milli
		[0.00%] SoI-based local search: 0 milli
		[1.81%] Unaccounted for: 1162 milli
	--- Preprocessor Statistics ---
	Number of preprocessor bound-tightening loop iterations: 3
	Number of eliminated variables: 165
	Number of constraints removed due to variable elimination: 165
	Number of equations removed due to variable elimination: 0
	--- Engine Statistics ---
	Number of main loop iterations: 30000
		29539 iterations were simplex steps. Total time: 33844 milli. Average: 1.15 milli.
		0 iterations were constraint-fixing steps. Total time: 0 milli. Average: 0.00 milli
	Number of active piecewise-linear constraints: 78 / 91
		Constraints disabled by valid splits: 0. By SMT-originated splits: 13
	Last reported degradation: 0.0082994634. Max degradation so far: 0.0082994634. Restorations so far: 0
	Number of simplex pivots we attempted to skip because of instability: 0.
	Unstable pivots performed anyway: 0
	--- Tableau Statistics ---
	Total number of pivots performed: 24292
		Real pivots: 24255. Degenerate: 37 (0.15%)
		Degenerate pivots by request (e.g., to fix a PL constraint): 0 (0.00%)
		Average time per pivot: 0.22 milli
	Total number of fake pivots performed: 2622
	Total number of rows added: 0. Number of merged columns: 0
	Current tableau dimensions: M = 705, N = 2013
	--- SMT Core Statistics ---
	Total depth is 13. Total visited states: 329. Number of splits: 169. Number of pops: 159
	Max stack depth: 19
	--- Bound Tightening Statistics ---
	Number of tightened bounds: 57825.
		Number of rows examined by row tightener: 24292. Consequent tightenings: 1060
		Number of explicit basis matrices examined by row tightener: 112. Consequent tightenings: 7260
		Number of bound tightening rounds on the entire constraint matrix: 0. Consequent tightenings: 0
		Number of bound notifications sent to PL constraints: 6061. Tightenings proposed: 0
	--- Basis Factorization statistics ---
	Number of basis refactorizations: 182
	--- Projected Steepest Edge Statistics ---
	Number of iterations: 26914.
	Number of resets to reference space: 167. Avg. iterations per reset: 161
	--- SBT ---
	Number of tightened bounds: 58210
	--- SoI-based local search ---
	Number of proposed phase pattern update: 1109. Number of accepted update: 940 [84.76%]
	Total time (% of local search time) updating SoI phase pattern : 55585 milli [0.29%]
	Total time obtaining current assignment: 228881 milli [1.19%]
	Total time getting SoI phase pattern : 29520 milli [0.05%]
	--- Context dependent statistics ---
	Number of pushes / pops: 328 / 315
		[0.02%] Pre-Push hook: 11 milli
		[0.00%] Push : 0 milli
		[0.02%] Post-Pop hook: 10 milli
		[0.01%] Pop : 5 milli
		[0.04%] Total context-switching time: 27 milli
	--- Proof Certificate ---
	Number of certified leaves: 0
	Number of leaves to delegate: 0

16:44:28 Statistics update:
	--- Time Statistics ---
	Total time elapsed: 86840 milli (00:01:26)
		Main loop: 86147 milli (00:01:26)
		Preprocessing time: 201 milli (00:00:00)
		Unknown: 491 milli (00:00:00)
	Breakdown for main loop:
		[52.89%] Simplex steps: 45562 milli
		[39.90%] Explicit-basis bound tightening: 34371 milli
		[0.00%] Constraint-matrix bound tightening: 0 milli
		[1.05%] Degradation checking: 900 milli
		[0.00%] Precision restoration: 0 milli
		[0.05%] Statistics handling: 40 milli
		[0.00%] Constraint-fixing steps: 0 milli
		[0.00%] Valid case splits: 2 milli. Average per split: 0.00 milli
		[0.00%] Applying stored bound-tightening: 2 milli
		[0.27%] SMT core: 229 milli
		[3.82%] Symbolic Bound Tightening: 3291 milli
		[30.32%] SoI-based local search: 26120 milli
		[0.00%] SoI-based local search: 0 milli
		[2.03%] Unaccounted for: 1745 milli
	--- Preprocessor Statistics ---
	Number of preprocessor bound-tightening loop iterations: 3
	Number of eliminated variables: 165
	Number of constraints removed due to variable elimination: 165
	Number of equations removed due to variable elimination: 0
	--- Engine Statistics ---
	Number of main loop iterations: 40000
		39425 iterations were simplex steps. Total time: 45562 milli. Average: 1.16 milli.
		0 iterations were constraint-fixing steps. Total time: 0 milli. Average: 0.00 milli
	Number of active piecewise-linear constraints: 83 / 91
		Constraints disabled by valid splits: 0. By SMT-originated splits: 8
	Last reported degradation: 0.0000000000. Max degradation so far: 0.0082994634. Restorations so far: 0
	Number of simplex pivots we attempted to skip because of instability: 0.
	Unstable pivots performed anyway: 0
	--- Tableau Statistics ---
	Total number of pivots performed: 32992
		Real pivots: 32950. Degenerate: 42 (0.13%)
		Degenerate pivots by request (e.g., to fix a PL constraint): 0 (0.00%)
		Average time per pivot: 0.22 milli
	Total number of fake pivots performed: 3157
	Total number of rows added: 0. Number of merged columns: 0
	Current tableau dimensions: M = 705, N = 2013
	--- SMT Core Statistics ---
	Total depth is 8. Total visited states: 414. Number of splits: 210. Number of pops: 203
	Max stack depth: 19
	--- Bound Tightening Statistics ---
	Number of tightened bounds: 71037.
		Number of rows examined by row tightener: 32992. Consequent tightenings: 1230
		Number of explicit basis matrices examined by row tightener: 151. Consequent tightenings: 8139
		Number of bound tightening rounds on the entire constraint matrix: 0. Consequent tightenings: 0
		Number of bound notifications sent to PL constraints: 6697. Tightenings proposed: 0
	--- Basis Factorization statistics ---
	Number of basis refactorizations: 254
	--- Projected Steepest Edge Statistics ---
	Number of iterations: 36149.
	Number of resets to reference space: 214. Avg. iterations per reset: 168
	--- SBT ---
	Number of tightened bounds: 71422
	--- SoI-based local search ---
	Number of proposed phase pattern update: 1381. Number of accepted update: 1171 [84.79%]
	Total time (% of local search time) updating SoI phase pattern : 69382 milli [0.27%]
	Total time obtaining current assignment: 284469 milli [1.09%]
	Total time getting SoI phase pattern : 37066 milli [0.04%]
	--- Context dependent statistics ---
	Number of pushes / pops: 413 / 405
		[0.02%] Pre-Push hook: 14 milli
		[0.00%] Push : 0 milli
		[0.02%] Post-Pop hook: 14 milli
		[0.01%] Pop : 6 milli
		[0.04%] Total context-switching time: 35 milli
	--- Proof Certificate ---
	Number of certified leaves: 0
	Number of leaves to delegate: 0

16:44:48 Statistics update:
	--- Time Statistics ---
	Total time elapsed: 106588 milli (00:01:46)
		Main loop: 105928 milli (00:01:45)
		Preprocessing time: 201 milli (00:00:00)
		Unknown: 458 milli (00:00:00)
	Breakdown for main loop:
		[53.41%] Simplex steps: 56575 milli
		[39.14%] Explicit-basis bound tightening: 41463 milli
		[0.00%] Constraint-matrix bound tightening: 0 milli
		[1.05%] Degradation checking: 1115 milli
		[0.00%] Precision restoration: 0 milli
		[0.05%] Statistics handling: 50 milli
		[0.00%] Constraint-fixing steps: 0 milli
		[0.00%] Valid case splits: 3 milli. Average per split: 0.00 milli
		[0.00%] Applying stored bound-tightening: 3 milli
		[0.27%] SMT core: 290 milli
		[4.01%] Symbolic Bound Tightening: 4248 milli
		[31.59%] SoI-based local search: 33459 milli
		[0.00%] SoI-based local search: 0 milli
		[2.06%] Unaccounted for: 2178 milli
	--- Preprocessor Statistics ---
	Number of preprocessor bound-tightening loop iterations: 3
	Number of eliminated variables: 165
	Number of constraints removed due to variable elimination: 165
	Number of equations removed due to variable elimination: 0
	--- Engine Statistics ---
	Number of main loop iterations: 50000
		49254 iterations were simplex steps. Total time: 56575 milli. Average: 1.15 milli.
		0 iterations were constraint-fixing steps. Total time: 0 milli. Average: 0.00 milli
	Number of active piecewise-linear constraints: 76 / 91
		Constraints disabled by valid splits: 0. By SMT-originated splits: 15
	Last reported degradation: 0.0000000000. Max degradation so far: 0.0082994634. Restorations so far: 0
	Number of simplex pivots we attempted to skip because of instability: 0.
	Unstable pivots performed anyway: 0
	--- Tableau Statistics ---
	Total number of pivots performed: 40704
		Real pivots: 40658. Degenerate: 46 (0.11%)
		Degenerate pivots by request (e.g., to fix a PL constraint): 0 (0.00%)
		Average time per pivot: 0.22 milli
	Total number of fake pivots performed: 4220
	Total number of rows added: 0. Number of merged columns: 0
	Current tableau dimensions: M = 705, N = 2013
	--- SMT Core Statistics ---
	Total depth is 15. Total visited states: 533. Number of splits: 272. Number of pops: 260
	Max stack depth: 20
	--- Bound Tightening Statistics ---
	Number of tightened bounds: 92689.
		Number of rows examined by row tightener: 40704. Consequent tightenings: 1435
		Number of explicit basis matrices examined by row tightener: 182. Consequent tightenings: 13123
		Number of bound tightening rounds on the entire constraint matrix: 0. Consequent tightenings: 0
		Number of bound notifications sent to PL constraints: 9094. Tightenings proposed: 0
	--- Basis Factorization statistics ---
	Number of basis refactorizations: 309
	--- Projected Steepest Edge Statistics ---
	Number of iterations: 44924.
	Number of resets to reference space: 273. Avg. iterations per reset: 164
	--- SBT ---
	Number of tightened bounds: 93074
	--- SoI-based local search ---
	Number of proposed phase pattern update: 1837. Number of accepted update: 1564 [85.14%]
	Total time (% of local search time) updating SoI phase pattern : 89007 milli [0.27%]
	Total time obtaining current assignment: 375949 milli [1.12%]
	Total time getting SoI phase pattern : 48156 milli [0.05%]
	--- Context dependent statistics ---
	Number of pushes / pops: 532 / 517
		[0.02%] Pre-Push hook: 18 milli
		[0.00%] Push : 0 milli
		[0.02%] Post-Pop hook: 18 milli
		[0.01%] Pop : 8 milli
		[0.04%] Total context-switching time: 44 milli
	--- Proof Certificate ---
	Number of certified leaves: 0
	Number of leaves to delegate: 0

16:45:09 Statistics update:
	--- Time Statistics ---
	Total time elapsed: 127706 milli (00:02:07)
		Main loop: 127228 milli (00:02:07)
		Preprocessing time: 201 milli (00:00:00)
		Unknown: 276 milli (00:00:00)
	Breakdown for main loop:
		[53.45%] Simplex steps: 68007 milli
		[38.91%] Explicit-basis bound tightening: 49502 milli
		[0.00%] Constraint-matrix bound tightening: 0 milli
		[1.05%] Degradation checking: 1334 milli
		[0.00%] Precision restoration: 0 milli
		[0.05%] Statistics handling: 59 milli
		[0.00%] Constraint-fixing steps: 0 milli
		[0.00%] Valid case splits: 4 milli. Average per split: 0.00 milli
		[0.00%] Applying stored bound-tightening: 4 milli
		[0.27%] SMT core: 341 milli
		[3.94%] Symbolic Bound Tightening: 5017 milli
		[31.34%] SoI-based local search: 39876 milli
		[0.00%] SoI-based local search: 0 milli
		[2.32%] Unaccounted for: 2956 milli
	--- Preprocessor Statistics ---
	Number of preprocessor bound-tightening loop iterations: 3
	Number of eliminated variables: 165
	Number of constraints removed due to variable elimination: 165
	Number of equations removed due to variable elimination: 0
	--- Engine Statistics ---
	Number of main loop iterations: 60000
		59129 iterations were simplex steps. Total time: 68007 milli. Average: 1.15 milli.
		0 iterations were constraint-fixing steps. Total time: 0 milli. Average: 0.00 milli
	Number of active piecewise-linear constraints: 75 / 91
		Constraints disabled by valid splits: 0. By SMT-originated splits: 16
	Last reported degradation: 0.0000000000. Max degradation so far: 0.0082994634. Restorations so far: 0
	Number of simplex pivots we attempted to skip because of instability: 0.
	Unstable pivots performed anyway: 0
	--- Tableau Statistics ---
	Total number of pivots performed: 49165
		Real pivots: 49118. Degenerate: 47 (0.10%)
		Degenerate pivots by request (e.g., to fix a PL constraint): 0 (0.00%)
		Average time per pivot: 0.22 milli
	Total number of fake pivots performed: 4816
	Total number of rows added: 0. Number of merged columns: 0
	Current tableau dimensions: M = 705, N = 2013
	--- SMT Core Statistics ---
	Total depth is 16. Total visited states: 630. Number of splits: 321. Number of pops: 308
	Max stack depth: 20
	--- Bound Tightening Statistics ---
	Number of tightened bounds: 109860.
		Number of rows examined by row tightener: 49165. Consequent tightenings: 2320
		Number of explicit basis matrices examined by row tightener: 218. Consequent tightenings: 15405
		Number of bound tightening rounds on the entire constraint matrix: 0. Consequent tightenings: 0
		Number of bound notifications sent to PL constraints: 11834. Tightenings proposed: 0
	--- Basis Factorization statistics ---
	Number of basis refactorizations: 377
	--- Projected Steepest Edge Statistics ---
	Number of iterations: 53981.
	Number of resets to reference space: 326. Avg. iterations per reset: 165
	--- SBT ---
	Number of tightened bounds: 110245
	--- SoI-based local search ---
	Number of proposed phase pattern update: 2176. Number of accepted update: 1854 [85.20%]
	Total time (% of local search time) updating SoI phase pattern : 105097 milli [0.26%]
	Total time obtaining current assignment: 444462 milli [1.11%]
	Total time getting SoI phase pattern : 57046 milli [0.04%]
	--- Context dependent statistics ---
	Number of pushes / pops: 629 / 613
		[0.02%] Pre-Push hook: 21 milli
		[0.00%] Push : 0 milli
		[0.02%] Post-Pop hook: 21 milli
		[0.01%] Pop : 9 milli
		[0.04%] Total context-switching time: 52 milli
	--- Proof Certificate ---
	Number of certified leaves: 0
	Number of leaves to delegate: 0

16:45:30 Statistics update:
	--- Time Statistics ---
	Total time elapsed: 149108 milli (00:02:29)
		Main loop: 148610 milli (00:02:28)
		Preprocessing time: 201 milli (00:00:00)
		Unknown: 295 milli (00:00:00)
	Breakdown for main loop:
		[53.52%] Simplex steps: 79535 milli
		[38.73%] Explicit-basis bound tightening: 57557 milli
		[0.00%] Constraint-matrix bound tightening: 0 milli
		[1.04%] Degradation checking: 1552 milli
		[0.00%] Precision restoration: 0 milli
		[0.05%] Statistics handling: 69 milli
		[0.00%] Constraint-fixing steps: 0 milli
		[0.00%] Valid case splits: 4 milli. Average per split: 0.00 milli
		[0.00%] Applying stored bound-tightening: 5 milli
		[0.26%] SMT core: 391 milli
		[3.87%] Symbolic Bound Tightening: 5746 milli
		[31.01%] SoI-based local search: 46089 milli
		[0.00%] SoI-based local search: 0 milli
		[2.52%] Unaccounted for: 3747 milli
	--- Preprocessor Statistics ---
	Number of preprocessor bound-tightening loop iterations: 3
	Number of eliminated variables: 165
	Number of constraints removed due to variable elimination: 165
	Number of equations removed due to variable elimination: 0
	--- Engine Statistics ---
	Number of main loop iterations: 70000
		69000 iterations were simplex steps. Total time: 79535 milli. Average: 1.15 milli.
		0 iterations were constraint-fixing steps. Total time: 0 milli. Average: 0.00 milli
	Number of active piecewise-linear constraints: 77 / 91
		Constraints disabled by valid splits: 0. By SMT-originated splits: 14
	Last reported degradation: 0.0000000000. Max degradation so far: 0.0082994634. Restorations so far: 0
	Number of simplex pivots we attempted to skip because of instability: 0.
	Unstable pivots performed anyway: 0
	--- Tableau Statistics ---
	Total number of pivots performed: 57822
		Real pivots: 57764. Degenerate: 58 (0.10%)
		Degenerate pivots by request (e.g., to fix a PL constraint): 0 (0.00%)
		Average time per pivot: 0.22 milli
	Total number of fake pivots performed: 5353
	Total number of rows added: 0. Number of merged columns: 0
	Current tableau dimensions: M = 705, N = 2013
	--- SMT Core Statistics ---
	Total depth is 14. Total visited states: 722. Number of splits: 366. Number of pops: 355
	Max stack depth: 20
	--- Bound Tightening Statistics ---
	Number of tightened bounds: 127462.
		Number of rows examined by row tightener: 57822. Consequent tightenings: 2688
		Number of explicit basis matrices examined by row tightener: 255. Consequent tightenings: 16019
		Number of bound tightening rounds on the entire constraint matrix: 0. Consequent tightenings: 0
		Number of bound notifications sent to PL constraints: 13711. Tightenings proposed: 0
	--- Basis Factorization statistics ---
	Number of basis refactorizations: 448
	--- Projected Steepest Edge Statistics ---
	Number of iterations: 63175.
	Number of resets to reference space: 375. Avg. iterations per reset: 168
	--- SBT ---
	Number of tightened bounds: 127847
	--- SoI-based local search ---
	Number of proposed phase pattern update: 2458. Number of accepted update: 2091 [85.07%]
	Total time (% of local search time) updating SoI phase pattern : 120880 milli [0.26%]
	Total time obtaining current assignment: 502767 milli [1.09%]
	Total time getting SoI phase pattern : 64489 milli [0.04%]
	--- Context dependent statistics ---
	Number of pushes / pops: 721 / 707
		[0.02%] Pre-Push hook: 25 milli
		[0.00%] Push : 0 milli
		[0.02%] Post-Pop hook: 24 milli
		[0.01%] Pop : 11 milli
		[0.04%] Total context-switching time: 60 milli
	--- Proof Certificate ---
	Number of certified leaves: 0
	Number of leaves to delegate: 0

16:45:53 Statistics update:
	--- Time Statistics ---
	Total time elapsed: 172308 milli (00:02:52)
		Main loop: 171825 milli (00:02:51)
		Preprocessing time: 201 milli (00:00:00)
		Unknown: 280 milli (00:00:00)
	Breakdown for main loop:
		[53.07%] Simplex steps: 91181 milli
		[39.29%] Explicit-basis bound tightening: 67506 milli
		[0.00%] Constraint-matrix bound tightening: 0 milli
		[1.03%] Degradation checking: 1765 milli
		[0.00%] Precision restoration: 0 milli
		[0.05%] Statistics handling: 79 milli
		[0.00%] Constraint-fixing steps: 0 milli
		[0.00%] Valid case splits: 5 milli. Average per split: 0.00 milli
		[0.00%] Applying stored bound-tightening: 5 milli
		[0.27%] SMT core: 455 milli
		[3.89%] Symbolic Bound Tightening: 6687 milli
		[30.44%] SoI-based local search: 52305 milli
		[0.00%] SoI-based local search: 0 milli
		[2.41%] Unaccounted for: 4139 milli
	--- Preprocessor Statistics ---
	Number of preprocessor bound-tightening loop iterations: 3
	Number of eliminated variables: 165
	Number of constraints removed due to variable elimination: 165
	Number of equations removed due to variable elimination: 0
	--- Engine Statistics ---
	Number of main loop iterations: 80000
		78843 iterations were simplex steps. Total time: 91181 milli. Average: 1.16 milli.
		0 iterations were constraint-fixing steps. Total time: 0 milli. Average: 0.00 milli
	Number of active piecewise-linear constraints: 78 / 91
		Constraints disabled by valid splits: 0. By SMT-originated splits: 13
	Last reported degradation: 0.0000000000. Max degradation so far: 0.0082994634. Restorations so far: 0
	Number of simplex pivots we attempted to skip because of instability: 0.
	Unstable pivots performed anyway: 0
	--- Tableau Statistics ---
	Total number of pivots performed: 66466
		Real pivots: 66404. Degenerate: 62 (0.09%)
		Degenerate pivots by request (e.g., to fix a PL constraint): 0 (0.00%)
		Average time per pivot: 0.22 milli
	Total number of fake pivots performed: 5726
	Total number of rows added: 0. Number of merged columns: 0
	Current tableau dimensions: M = 705, N = 2013
	--- SMT Core Statistics ---
	Total depth is 13. Total visited states: 840. Number of splits: 424. Number of pops: 415
	Max stack depth: 20
	--- Bound Tightening Statistics ---
	Number of tightened bounds: 147655.
		Number of rows examined by row tightener: 66466. Consequent tightenings: 3575
		Number of explicit basis matrices examined by row tightener: 298. Consequent tightenings: 19018
		Number of bound tightening rounds on the entire constraint matrix: 0. Consequent tightenings: 0
		Number of bound notifications sent to PL constraints: 15922. Tightenings proposed: 0
	--- Basis Factorization statistics ---
	Number of basis refactorizations: 521
	--- Projected Steepest Edge Statistics ---
	Number of iterations: 72192.
	Number of resets to reference space: 439. Avg. iterations per reset: 164
	--- SBT ---
	Number of tightened bounds: 148040
	--- SoI-based local search ---
	Number of proposed phase pattern update: 2793. Number of accepted update: 2368 [84.78%]
	Total time (% of local search time) updating SoI phase pattern : 139448 milli [0.27%]
	Total time obtaining current assignment: 572472 milli [1.09%]
	Total time getting SoI phase pattern : 73461 milli [0.04%]
	--- Context dependent statistics ---
	Number of pushes / pops: 839 / 826
		[0.02%] Pre-Push hook: 28 milli
		[0.00%] Push : 0 milli
		[0.02%] Post-Pop hook: 28 milli
		[0.01%] Pop : 13 milli
		[0.04%] Total context-switching time: 70 milli
	--- Proof Certificate ---
	Number of certified leaves: 0
	Number of leaves to delegate: 0

16:46:14 Statistics update:
	--- Time Statistics ---
	Total time elapsed: 192947 milli (00:03:12)
		Main loop: 192463 milli (00:03:12)
		Preprocessing time: 201 milli (00:00:00)
		Unknown: 282 milli (00:00:00)
	Breakdown for main loop:
		[53.42%] Simplex steps: 102817 milli
		[38.76%] Explicit-basis bound tightening: 74593 milli
		[0.00%] Constraint-matrix bound tightening: 0 milli
		[1.03%] Degradation checking: 1979 milli
		[0.00%] Precision restoration: 0 milli
		[0.05%] Statistics handling: 89 milli
		[0.00%] Constraint-fixing steps: 0 milli
		[0.00%] Valid case splits: 6 milli. Average per split: 0.00 milli
		[0.00%] Applying stored bound-tightening: 6 milli
		[0.27%] SMT core: 510 milli
		[3.90%] Symbolic Bound Tightening: 7508 milli
		[30.70%] SoI-based local search: 59080 milli
		[0.00%] SoI-based local search: 0 milli
		[2.57%] Unaccounted for: 4952 milli
	--- Preprocessor Statistics ---
	Number of preprocessor bound-tightening loop iterations: 3
	Number of eliminated variables: 165
	Number of constraints removed due to variable elimination: 165
	Number of equations removed due to variable elimination: 0
	--- Engine Statistics ---
	Number of main loop iterations: 90000
		88694 iterations were simplex steps. Total time: 102817 milli. Average: 1.16 milli.
		0 iterations were constraint-fixing steps. Total time: 0 milli. Average: 0.00 milli
	Number of active piecewise-linear constraints: 77 / 91
		Constraints disabled by valid splits: 2. By SMT-originated splits: 12
	Last reported degradation: 0.0000000000. Max degradation so far: 0.0082994634. Restorations so far: 0
	Number of simplex pivots we attempted to skip because of instability: 0.
	Unstable pivots performed anyway: 0
	--- Tableau Statistics ---
	Total number of pivots performed: 74815
		Real pivots: 74740. Degenerate: 75 (0.10%)
		Degenerate pivots by request (e.g., to fix a PL constraint): 0 (0.00%)
		Average time per pivot: 0.23 milli
	Total number of fake pivots performed: 6388
	Total number of rows added: 0. Number of merged columns: 0
	Current tableau dimensions: M = 705, N = 2013
	--- SMT Core Statistics ---
	Total depth is 12. Total visited states: 944. Number of splits: 476. Number of pops: 467
	Max stack depth: 20
	--- Bound Tightening Statistics ---
	Number of tightened bounds: 166268.
		Number of rows examined by row tightener: 74815. Consequent tightenings: 3838
		Number of explicit basis matrices examined by row tightener: 331. Consequent tightenings: 19677
		Number of bound tightening rounds on the entire constraint matrix: 0. Consequent tightenings: 0
		Number of bound notifications sent to PL constraints: 17159. Tightenings proposed: 0
	--- Basis Factorization statistics ---
	Number of basis refactorizations: 586
	--- Projected Steepest Edge Statistics ---
	Number of iterations: 81203.
	Number of resets to reference space: 494. Avg. iterations per reset: 164
	--- SBT ---
	Number of tightened bounds: 166653
	--- SoI-based local search ---
	Number of proposed phase pattern update: 3153. Number of accepted update: 2676 [84.87%]
	Total time (% of local search time) updating SoI phase pattern : 156574 milli [0.27%]
	Total time obtaining current assignment: 645785 milli [1.09%]
	Total time getting SoI phase pattern : 82909 milli [0.04%]
	--- Context dependent statistics ---
	Number of pushes / pops: 943 / 931
		[0.02%] Pre-Push hook: 32 milli
		[0.00%] Push : 0 milli
		[0.02%] Post-Pop hook: 31 milli
		[0.01%] Pop : 14 milli
		[0.04%] Total context-switching time: 78 milli
	--- Proof Certificate ---
	Number of certified leaves: 0
	Number of leaves to delegate: 0

16:46:40 Statistics update:
	--- Time Statistics ---
	Total time elapsed: 218610 milli (00:03:38)
		Main loop: 218086 milli (00:03:38)
		Preprocessing time: 201 milli (00:00:00)
		Unknown: 322 milli (00:00:00)
	Breakdown for main loop:
		[52.19%] Simplex steps: 113823 milli
		[39.20%] Explicit-basis bound tightening: 85490 milli
		[0.00%] Constraint-matrix bound tightening: 0 milli
		[1.01%] Degradation checking: 2198 milli
		[0.00%] Precision restoration: 0 milli
		[0.05%] Statistics handling: 99 milli
		[0.00%] Constraint-fixing steps: 0 milli
		[0.00%] Valid case splits: 7 milli. Average per split: 0.00 milli
		[0.00%] Applying stored bound-tightening: 7 milli
		[0.26%] SMT core: 568 milli
		[3.82%] Symbolic Bound Tightening: 8332 milli
		[29.55%] SoI-based local search: 64449 milli
		[0.00%] SoI-based local search: 0 milli
		[3.47%] Unaccounted for: 7558 milli
	--- Preprocessor Statistics ---
	Number of preprocessor bound-tightening loop iterations: 3
	Number of eliminated variables: 165
	Number of constraints removed due to variable elimination: 165
	Number of equations removed due to variable elimination: 0
	--- Engine Statistics ---
	Number of main loop iterations: 100000
		98552 iterations were simplex steps. Total time: 113823 milli. Average: 1.15 milli.
		0 iterations were constraint-fixing steps. Total time: 0 milli. Average: 0.00 milli
	Number of active piecewise-linear constraints: 80 / 91
		Constraints disabled by valid splits: 3. By SMT-originated splits: 8
	Last reported degradation: 0.0000000000. Max degradation so far: 0.0082994634. Restorations so far: 0
	Number of simplex pivots we attempted to skip because of instability: 0.
	Unstable pivots performed anyway: 0
	--- Tableau Statistics ---
	Total number of pivots performed: 83017
		Real pivots: 82939. Degenerate: 78 (0.09%)
		Degenerate pivots by request (e.g., to fix a PL constraint): 0 (0.00%)
		Average time per pivot: 0.23 milli
	Total number of fake pivots performed: 7193
	Total number of rows added: 0. Number of merged columns: 0
	Current tableau dimensions: M = 705, N = 2013
	--- SMT Core Statistics ---
	Total depth is 8. Total visited states: 1049. Number of splits: 527. Number of pops: 521
	Max stack depth: 20
	--- Bound Tightening Statistics ---
	Number of tightened bounds: 185339.
		Number of rows examined by row tightener: 83017. Consequent tightenings: 4310
		Number of explicit basis matrices examined by row tightener: 388. Consequent tightenings: 23598
		Number of bound tightening rounds on the entire constraint matrix: 0. Consequent tightenings: 0
		Number of bound notifications sent to PL constraints: 20401. Tightenings proposed: 0
	--- Basis Factorization statistics ---
	Number of basis refactorizations: 649
	--- Projected Steepest Edge Statistics ---
	Number of iterations: 90210.
	Number of resets to reference space: 550. Avg. iterations per reset: 164
	--- SBT ---
	Number of tightened bounds: 185724
	--- SoI-based local search ---
	Number of proposed phase pattern update: 3509. Number of accepted update: 2981 [84.95%]
	Total time (% of local search time) updating SoI phase pattern : 174063 milli [0.27%]
	Total time obtaining current assignment: 717551 milli [1.11%]
	Total time getting SoI phase pattern : 92203 milli [0.04%]
	--- Context dependent statistics ---
	Number of pushes / pops: 1048 / 1040
		[0.02%] Pre-Push hook: 35 milli
		[0.00%] Push : 0 milli
		[0.02%] Post-Pop hook: 35 milli
		[0.01%] Pop : 16 milli
		[0.04%] Total context-switching time: 87 milli
	--- Proof Certificate ---
	Number of certified leaves: 0
	Number of leaves to delegate: 0

16:46:58 Statistics update:
	--- Time Statistics ---
	Total time elapsed: 237228 milli (00:03:57)
		Main loop: 236706 milli (00:03:56)
		Preprocessing time: 201 milli (00:00:00)
		Unknown: 321 milli (00:00:00)
	Breakdown for main loop:
		[53.07%] Simplex steps: 125631 milli
		[38.42%] Explicit-basis bound tightening: 90944 milli
		[0.00%] Constraint-matrix bound tightening: 0 milli
		[1.02%] Degradation checking: 2409 milli
		[0.00%] Precision restoration: 0 milli
		[0.05%] Statistics handling: 108 milli
		[0.00%] Constraint-fixing steps: 0 milli
		[0.00%] Valid case splits: 7 milli. Average per split: 0.00 milli
		[0.00%] Applying stored bound-tightening: 7 milli
		[0.26%] SMT core: 615 milli
		[3.82%] Symbolic Bound Tightening: 9053 milli
		[30.87%] SoI-based local search: 73069 milli
		[0.00%] SoI-based local search: 0 milli
		[3.35%] Unaccounted for: 7926 milli
	--- Preprocessor Statistics ---
	Number of preprocessor bound-tightening loop iterations: 3
	Number of eliminated variables: 165
	Number of constraints removed due to variable elimination: 165
	Number of equations removed due to variable elimination: 0
	--- Engine Statistics ---
	Number of main loop iterations: 110000
		108418 iterations were simplex steps. Total time: 125631 milli. Average: 1.16 milli.
		0 iterations were constraint-fixing steps. Total time: 0 milli. Average: 0.00 milli
	Number of active piecewise-linear constraints: 81 / 91
		Constraints disabled by valid splits: 0. By SMT-originated splits: 10
	Last reported degradation: 0.0000000000. Max degradation so far: 0.0082994634. Restorations so far: 0
	Number of simplex pivots we attempted to skip because of instability: 0.
	Unstable pivots performed anyway: 0
	--- Tableau Statistics ---
	Total number of pivots performed: 91528
		Real pivots: 91438. Degenerate: 90 (0.10%)
		Degenerate pivots by request (e.g., to fix a PL constraint): 0 (0.00%)
		Average time per pivot: 0.23 milli
	Total number of fake pivots performed: 7739
	Total number of rows added: 0. Number of merged columns: 0
	Current tableau dimensions: M = 705, N = 2013
	--- SMT Core Statistics ---
	Total depth is 10. Total visited states: 1140. Number of splits: 573. Number of pops: 566
	Max stack depth: 20
	--- Bound Tightening Statistics ---
	Number of tightened bounds: 201880.
		Number of rows examined by row tightener: 91528. Consequent tightenings: 4530
		Number of explicit basis matrices examined by row tightener: 412. Consequent tightenings: 24106
		Number of bound tightening rounds on the entire constraint matrix: 0. Consequent tightenings: 0
		Number of bound notifications sent to PL constraints: 21269. Tightenings proposed: 0
	--- Basis Factorization statistics ---
	Number of basis refactorizations: 717
	--- Projected Steepest Edge Statistics ---
	Number of iterations: 99267.
	Number of resets to reference space: 599. Avg. iterations per reset: 165
	--- SBT ---
	Number of tightened bounds: 202265
	--- SoI-based local search ---
	Number of proposed phase pattern update: 3864. Number of accepted update: 3290 [85.14%]
	Total time (% of local search time) updating SoI phase pattern : 189249 milli [0.26%]
	Total time obtaining current assignment: 789039 milli [1.08%]
	Total time getting SoI phase pattern : 101442 milli [0.04%]
	--- Context dependent statistics ---
	Number of pushes / pops: 1139 / 1129
		[0.02%] Pre-Push hook: 38 milli
		[0.00%] Push : 0 milli
		[0.02%] Post-Pop hook: 38 milli
		[0.01%] Pop : 17 milli
		[0.04%] Total context-switching time: 95 milli
	--- Proof Certificate ---
	Number of certified leaves: 0
	Number of leaves to delegate: 0

16:47:22 Statistics update:
	--- Time Statistics ---
	Total time elapsed: 261012 milli (00:04:21)
		Main loop: 260522 milli (00:04:20)
		Preprocessing time: 201 milli (00:00:00)
		Unknown: 288 milli (00:00:00)
	Breakdown for main loop:
		[52.77%] Simplex steps: 137468 milli
		[38.73%] Explicit-basis bound tightening: 100907 milli
		[0.00%] Constraint-matrix bound tightening: 0 milli
		[1.01%] Degradation checking: 2629 milli
		[0.00%] Precision restoration: 0 milli
		[0.05%] Statistics handling: 118 milli
		[0.00%] Constraint-fixing steps: 0 milli
		[0.00%] Valid case splits: 8 milli. Average per split: 0.00 milli
		[0.00%] Applying stored bound-tightening: 8 milli
		[0.26%] SMT core: 675 milli
		[3.81%] Symbolic Bound Tightening: 9930 milli
		[30.64%] SoI-based local search: 79827 milli
		[0.00%] SoI-based local search: 0 milli
		[3.37%] Unaccounted for: 8775 milli
	--- Preprocessor Statistics ---
	Number of preprocessor bound-tightening loop iterations: 3
	Number of eliminated variables: 165
	Number of constraints removed due to variable elimination: 165
	Number of equations removed due to variable elimination: 0
	--- Engine Statistics ---
	Number of main loop iterations: 120000
		118260 iterations were simplex steps. Total time: 137468 milli. Average: 1.16 milli.
		0 iterations were constraint-fixing steps. Total time: 0 milli. Average: 0.00 milli
	Number of active piecewise-linear constraints: 82 / 91
		Constraints disabled by valid splits: 0. By SMT-originated splits: 9
	Last reported degradation: 0.0000000000. Max degradation so far: 0.0082994634. Restorations so far: 0
	Number of simplex pivots we attempted to skip because of instability: 0.
	Unstable pivots performed anyway: 0
	--- Tableau Statistics ---
	Total number of pivots performed: 100254
		Real pivots: 100157. Degenerate: 97 (0.10%)
		Degenerate pivots by request (e.g., to fix a PL constraint): 0 (0.00%)
		Average time per pivot: 0.23 milli
	Total number of fake pivots performed: 8081
	Total number of rows added: 0. Number of merged columns: 0
	Current tableau dimensions: M = 705, N = 2013
	--- SMT Core Statistics ---
	Total depth is 9. Total visited states: 1251. Number of splits: 627. Number of pops: 623
	Max stack depth: 20
	--- Bound Tightening Statistics ---
	Number of tightened bounds: 221186.
		Number of rows examined by row tightener: 100254. Consequent tightenings: 6099
		Number of explicit basis matrices examined by row tightener: 457. Consequent tightenings: 25552
		Number of bound tightening rounds on the entire constraint matrix: 0. Consequent tightenings: 0
		Number of bound notifications sent to PL constraints: 23746. Tightenings proposed: 0
	--- Basis Factorization statistics ---
	Number of basis refactorizations: 792
	--- Projected Steepest Edge Statistics ---
	Number of iterations: 108335.
	Number of resets to reference space: 659. Avg. iterations per reset: 164
	--- SBT ---
	Number of tightened bounds: 221571
	--- SoI-based local search ---
	Number of proposed phase pattern update: 4190. Number of accepted update: 3562 [85.01%]
	Total time (% of local search time) updating SoI phase pattern : 206747 milli [0.26%]
	Total time obtaining current assignment: 856922 milli [1.07%]
	Total time getting SoI phase pattern : 110324 milli [0.04%]
	--- Context dependent statistics ---
	Number of pushes / pops: 1250 / 1241
		[0.02%] Pre-Push hook: 42 milli
		[0.00%] Push : 0 milli
		[0.02%] Post-Pop hook: 42 milli
		[0.01%] Pop : 19 milli
		[0.04%] Total context-switching time: 104 milli
	--- Proof Certificate ---
	Number of certified leaves: 0
	Number of leaves to delegate: 0

16:47:44 Statistics update:
	--- Time Statistics ---
	Total time elapsed: 282408 milli (00:04:42)
		Main loop: 281916 milli (00:04:41)
		Preprocessing time: 201 milli (00:00:00)
		Unknown: 290 milli (00:00:00)
	Breakdown for main loop:
		[52.78%] Simplex steps: 148788 milli
		[38.89%] Explicit-basis bound tightening: 109631 milli
		[0.00%] Constraint-matrix bound tightening: 0 milli
		[1.01%] Degradation checking: 2851 milli
		[0.00%] Precision restoration: 0 milli
		[0.05%] Statistics handling: 128 milli
		[0.00%] Constraint-fixing steps: 0 milli
		[0.00%] Valid case splits: 9 milli. Average per split: 0.00 milli
		[0.00%] Applying stored bound-tightening: 9 milli
		[0.26%] SMT core: 739 milli
		[3.84%] Symbolic Bound Tightening: 10830 milli
		[30.55%] SoI-based local search: 86138 milli
		[0.00%] SoI-based local search: 0 milli
		[3.17%] Unaccounted for: 8928 milli
	--- Preprocessor Statistics ---
	Number of preprocessor bound-tightening loop iterations: 3
	Number of eliminated variables: 165
	Number of constraints removed due to variable elimination: 165
	Number of equations removed due to variable elimination: 0
	--- Engine Statistics ---
	Number of main loop iterations: 130000
		128105 iterations were simplex steps. Total time: 148788 milli. Average: 1.16 milli.
		0 iterations were constraint-fixing steps. Total time: 0 milli. Average: 0.00 milli
	Number of active piecewise-linear constraints: 79 / 91
		Constraints disabled by valid splits: 2. By SMT-originated splits: 10
	Last reported degradation: 0.0000000000. Max degradation so far: 0.0082994634. Restorations so far: 0
	Number of simplex pivots we attempted to skip because of instability: 0.
	Unstable pivots performed anyway: 0
	--- Tableau Statistics ---
	Total number of pivots performed: 108510
		Real pivots: 108409. Degenerate: 101 (0.09%)
		Degenerate pivots by request (e.g., to fix a PL constraint): 0 (0.00%)
		Average time per pivot: 0.23 milli
	Total number of fake pivots performed: 8857
	Total number of rows added: 0. Number of merged columns: 0
	Current tableau dimensions: M = 705, N = 2013
	--- SMT Core Statistics ---
	Total depth is 10. Total visited states: 1365. Number of splits: 685. Number of pops: 679
	Max stack depth: 20
	--- Bound Tightening Statistics ---
	Number of tightened bounds: 241296.
		Number of rows examined by row tightener: 108510. Consequent tightenings: 6319
		Number of explicit basis matrices examined by row tightener: 494. Consequent tightenings: 28810
		Number of bound tightening rounds on the entire constraint matrix: 0. Consequent tightenings: 0
		Number of bound notifications sent to PL constraints: 25611. Tightenings proposed: 0
	--- Basis Factorization statistics ---
	Number of basis refactorizations: 856
	--- Projected Steepest Edge Statistics ---
	Number of iterations: 117367.
	Number of resets to reference space: 717. Avg. iterations per reset: 163
	--- SBT ---
	Number of tightened bounds: 241681
	--- SoI-based local search ---
	Number of proposed phase pattern update: 4525. Number of accepted update: 3839 [84.84%]
	Total time (% of local search time) updating SoI phase pattern : 225453 milli [0.26%]
	Total time obtaining current assignment: 928293 milli [1.08%]
	Total time getting SoI phase pattern : 119223 milli [0.04%]
	--- Context dependent statistics ---
	Number of pushes / pops: 1364 / 1354
		[0.02%] Pre-Push hook: 46 milli
		[0.00%] Push : 0 milli
		[0.02%] Post-Pop hook: 46 milli
		[0.01%] Pop : 21 milli
		[0.04%] Total context-switching time: 114 milli
	--- Proof Certificate ---
	Number of certified leaves: 0
	Number of leaves to delegate: 0


Engine: quitting due to timeout...

Final statistics:

16:48:02 Statistics update:
	--- Time Statistics ---
	Total time elapsed: 301016 milli (00:05:01)
		Main loop: 300522 milli (00:05:00)
		Preprocessing time: 201 milli (00:00:00)
		Unknown: 291 milli (00:00:00)
	Breakdown for main loop:
		[52.51%] Simplex steps: 157795 milli
		[38.99%] Explicit-basis bound tightening: 117174 milli
		[0.00%] Constraint-matrix bound tightening: 0 milli
		[1.01%] Degradation checking: 3021 milli
		[0.00%] Precision restoration: 0 milli
		[0.05%] Statistics handling: 135 milli
		[0.00%] Constraint-fixing steps: 0 milli
		[0.00%] Valid case splits: 10 milli. Average per split: 0.00 milli
		[0.00%] Applying stored bound-tightening: 10 milli
		[0.26%] SMT core: 781 milli
		[3.80%] Symbolic Bound Tightening: 11423 milli
		[30.45%] SoI-based local search: 91497 milli
		[0.00%] SoI-based local search: 0 milli
		[3.38%] Unaccounted for: 10171 milli
	--- Preprocessor Statistics ---
	Number of preprocessor bound-tightening loop iterations: 3
	Number of eliminated variables: 165
	Number of constraints removed due to variable elimination: 165
	Number of equations removed due to variable elimination: 0
	--- Engine Statistics ---
	Number of main loop iterations: 137670
		135669 iterations were simplex steps. Total time: 157795 milli. Average: 1.16 milli.
		0 iterations were constraint-fixing steps. Total time: 0 milli. Average: 0.00 milli
	Number of active piecewise-linear constraints: 80 / 91
		Constraints disabled by valid splits: 0. By SMT-originated splits: 11
	Last reported degradation: 0.0000000000. Max degradation so far: 0.0082994634. Restorations so far: 0
	Number of simplex pivots we attempted to skip because of instability: 2.
	Unstable pivots performed anyway: 0
	--- Tableau Statistics ---
	Total number of pivots performed: 115146
		Real pivots: 115041. Degenerate: 105 (0.09%)
		Degenerate pivots by request (e.g., to fix a PL constraint): 0 (0.00%)
		Average time per pivot: 0.23 milli
	Total number of fake pivots performed: 9144
	Total number of rows added: 0. Number of merged columns: 0
	Current tableau dimensions: M = 705, N = 2013
	--- SMT Core Statistics ---
	Total depth is 11. Total visited states: 1442. Number of splits: 724. Number of pops: 717
	Max stack depth: 20
	--- Bound Tightening Statistics ---
	Number of tightened bounds: 255132.
		Number of rows examined by row tightener: 115146. Consequent tightenings: 7202
		Number of explicit basis matrices examined by row tightener: 531. Consequent tightenings: 32479
		Number of bound tightening rounds on the entire constraint matrix: 0. Consequent tightenings: 0
		Number of bound notifications sent to PL constraints: 27793. Tightenings proposed: 0
	--- Basis Factorization statistics ---
	Number of basis refactorizations: 913
	--- Projected Steepest Edge Statistics ---
	Number of iterations: 124292.
	Number of resets to reference space: 759. Avg. iterations per reset: 163
	--- SBT ---
	Number of tightened bounds: 255517
	--- SoI-based local search ---
	Number of proposed phase pattern update: 4796. Number of accepted update: 4071 [84.88%]
	Total time (% of local search time) updating SoI phase pattern : 238294 milli [0.26%]
	Total time obtaining current assignment: 984201 milli [1.08%]
	Total time getting SoI phase pattern : 126312 milli [0.04%]
	--- Context dependent statistics ---
	Number of pushes / pops: 1441 / 1430
		[0.02%] Pre-Push hook: 49 milli
		[0.00%] Push : 0 milli
		[0.02%] Post-Pop hook: 48 milli
		[0.01%] Pop : 22 milli
		[0.04%] Total context-switching time: 120 milli
	--- Proof Certificate ---
	Number of certified leaves: 0
	Number of leaves to delegate: 0
Timeout
