InputQuery: /home/levn/Workspace/othello_world/queries/probe_robust/game_85_target_26_eps_0.05.txt
Engine::processInputQuery: Input query (before preprocessing): 449 equations, 1216 variables
Engine::processInputQuery: Input query (after preprocessing): 705 equations, 1301 variables

Input bounds:
	x0: [ -1.7730,  -1.6730] 
	x1: [ -0.7167,  -0.6167] 
	x2: [ -2.1260,  -2.0260] 
	x3: [ -0.9251,  -0.8251] 
	x4: [  1.4893,   1.5893] 
	x5: [  1.2732,   1.3732] 
	x6: [ -0.7467,  -0.6467] 
	x7: [  0.5730,   0.6730] 
	x8: [ -1.4328,  -1.3328] 
	x9: [ -1.0124,  -0.9124] 
	x10: [  1.1002,   1.2002] 
	x11: [  0.1595,   0.2595] 
	x12: [ -3.8927,  -3.7927] 
	x13: [  0.9440,   1.0440] 
	x14: [ -1.7454,  -1.6454] 
	x15: [ -0.6694,  -0.5694] 
	x16: [ -0.2052,  -0.1052] 
	x17: [ -0.1985,  -0.0985] 
	x18: [ -0.1621,  -0.0621] 
	x19: [  0.1012,   0.2012] 
	x20: [  0.7054,   0.8054] 
	x21: [  0.7755,   0.8755] 
	x22: [ -2.7323,  -2.6323] 
	x23: [ -0.4124,  -0.3124] 
	x24: [ -0.1867,  -0.0867] 
	x25: [  1.5711,   1.6711] 
	x26: [  2.2513,   2.3513] 
	x27: [ -0.9350,  -0.8350] 
	x28: [ -0.9738,  -0.8738] 
	x29: [  0.2414,   0.3414] 
	x30: [  0.2717,   0.3717] 
	x31: [ -0.0915,   0.0085] 
	x32: [  0.9729,   1.0729] 
	x33: [  1.5675,   1.6675] 
	x34: [ -0.8792,  -0.7792] 
	x35: [  0.0454,   0.1454] 
	x36: [ -0.5764,  -0.4764] 
	x37: [ -1.9265,  -1.8265] 
	x38: [  2.1688,   2.2688] 
	x39: [ -2.1127,  -2.0127] 
	x40: [ -0.1655,  -0.0655] 
	x41: [  0.8269,   0.9269] 
	x42: [  0.8051,   0.9051] 
	x43: [  1.1303,   1.2303] 
	x44: [  0.4769,   0.5769] 
	x45: [  0.2341,   0.3341] 
	x46: [ -1.6799,  -1.5799] 
	x47: [  1.9106,   2.0106] 
	x48: [ -0.2777,  -0.1777] 
	x49: [ -2.6297,  -2.5297] 
	x50: [  0.2516,   0.3516] 
	x51: [  1.3406,   1.4406] 
	x52: [  1.5589,   1.6589] 
	x53: [  0.2984,   0.3984] 
	x54: [ -0.6694,  -0.5694] 
	x55: [  2.9162,   3.0162] 
	x56: [ -0.4557,  -0.3557] 
	x57: [  1.2399,   1.3399] 
	x58: [  1.4094,   1.5094] 
	x59: [ -1.5389,  -1.4389] 
	x60: [ -1.7819,  -1.6819] 
	x61: [  0.7279,   0.8279] 
	x62: [  2.7129,   2.8129] 
	x63: [  0.9513,   1.0513] 
	x64: [ -2.6856,  -2.5856] 
	x65: [ -0.1806,  -0.0806] 
	x66: [ -3.4673,  -3.3673] 
	x67: [ -1.9997,  -1.8997] 
	x68: [ -0.3149,  -0.2149] 
	x69: [  0.7795,   0.8795] 
	x70: [ -3.7878,  -3.6878] 
	x71: [  1.1360,   1.2360] 
	x72: [ -2.5223,  -2.4223] 
	x73: [  1.3980,   1.4980] 
	x74: [ -2.0341,  -1.9341] 
	x75: [ -2.1202,  -2.0202] 
	x76: [  0.2459,   0.3459] 
	x77: [  1.1083,   1.2083] 
	x78: [  3.1328,   3.2328] 
	x79: [  2.0159,   2.1159] 
	x80: [ -2.2251,  -2.1251] 
	x81: [  0.1807,   0.2807] 
	x82: [ -2.7870,  -2.6870] 
	x83: [ -1.7222,  -1.6222] 
	x84: [ -0.6114,  -0.5114] 
	x85: [  0.4695,   0.5695] 
	x86: [  0.8590,   0.9590] 
	x87: [  0.4556,   0.5556] 
	x88: [  2.3711,   2.4711] 
	x89: [ -0.8194,  -0.7194] 
	x90: [  0.2430,   0.3430] 
	x91: [  0.0627,   0.1627] 
	x92: [  0.1517,   0.2517] 
	x93: [ -0.5071,  -0.4071] 
	x94: [ -2.0644,  -1.9644] 
	x95: [  0.6753,   0.7753] 
	x96: [ -0.2179,  -0.1179] 
	x97: [  0.8255,   0.9255] 
	x98: [  2.0458,   2.1458] 
	x99: [  1.9513,   2.0513] 
	x100: [ -0.9586,  -0.8586] 
	x101: [  2.4707,   2.5707] 
	x102: [  2.4467,   2.5467] 
	x103: [ -2.3517,  -2.2517] 
	x104: [ -0.2286,  -0.1286] 
	x105: [ -0.3999,  -0.2999] 
	x106: [  0.8548,   0.9548] 
	x107: [ -0.4024,  -0.3024] 
	x108: [  0.4422,   0.5422] 
	x109: [  3.7097,   3.8097] 
	x110: [ -0.7677,  -0.6677] 
	x111: [  1.3415,   1.4415] 
	x112: [  1.4751,   1.5751] 
	x113: [ -1.3430,  -1.2430] 
	x114: [ -1.8425,  -1.7425] 
	x115: [  1.3406,   1.4406] 
	x116: [  2.1132,   2.2132] 
	x117: [ -1.9588,  -1.8588] 
	x118: [  0.4083,   0.5083] 
	x119: [ -1.9622,  -1.8622] 
	x120: [ -0.0695,   0.0305] 
	x121: [  0.2712,   0.3712] 
	x122: [  0.9971,   1.0971] 
	x123: [ -3.8794,  -3.7794] 
	x124: [  1.8286,   1.9286] 
	x125: [  1.9501,   2.0501] 
	x126: [ -0.4114,  -0.3114] 
	x127: [  1.0377,   1.1377] 
	x128: [  2.3738,   2.4738] 
	x129: [  1.4863,   1.5863] 
	x130: [  0.8520,   0.9520] 
	x131: [ -0.4495,  -0.3495] 
	x132: [ -0.9603,  -0.8603] 
	x133: [ -1.8139,  -1.7139] 
	x134: [ -0.6626,  -0.5626] 
	x135: [ -0.5544,  -0.4544] 
	x136: [ -1.0779,  -0.9779] 
	x137: [  0.2686,   0.3686] 
	x138: [  0.5614,   0.6614] 
	x139: [ -1.2683,  -1.1683] 
	x140: [  2.3362,   2.4362] 
	x141: [  1.2192,   1.3192] 
	x142: [  0.2922,   0.3922] 
	x143: [  1.2245,   1.3245] 
	x144: [ -2.0315,  -1.9315] 
	x145: [  1.7194,   1.8194] 
	x146: [  0.0828,   0.1828] 
	x147: [  0.6444,   0.7444] 
	x148: [  2.2451,   2.3451] 
	x149: [  0.2151,   0.3151] 
	x150: [ -0.2568,  -0.1568] 
	x151: [  3.1446,   3.2446] 
	x152: [  1.8066,   1.9066] 
	x153: [ -1.7279,  -1.6279] 
	x154: [ -0.4066,  -0.3066] 
	x155: [  1.5930,   1.6930] 
	x156: [  0.4394,   0.5394] 
	x157: [  1.9057,   2.0057] 
	x158: [ -0.6969,  -0.5969] 
	x159: [  0.0119,   0.1119] 
	x160: [ -1.6248,  -1.5248] 
	x161: [  0.3084,   0.4084] 
	x162: [ -0.4687,  -0.3687] 
	x163: [ -1.5944,  -1.4944] 
	x164: [  0.4378,   0.5378] 
	x165: [  0.8114,   0.9114] 
	x166: [ -0.0680,   0.0320] 
	x167: [  1.7185,   1.8185] 
	x168: [ -2.0751,  -1.9751] 
	x169: [ -0.0551,   0.0449] 
	x170: [  2.1894,   2.2894] 
	x171: [  0.1296,   0.2296] 
	x172: [ -0.3785,  -0.2785] 
	x173: [ -0.0404,   0.0596] 
	x174: [ -0.2896,  -0.1896] 
	x175: [ -0.1556,  -0.0556] 
	x176: [ -0.3543,  -0.2543] 
	x177: [ -1.2560,  -1.1560] 
	x178: [ -1.0616,  -0.9616] 
	x179: [ -3.1441,  -3.0441] 
	x180: [ -1.4873,  -1.3873] 
	x181: [ -1.9156,  -1.8156] 
	x182: [  0.5504,   0.6504] 
	x183: [  1.4382,   1.5382] 
	x184: [ -1.9742,  -1.8742] 
	x185: [ -0.6364,  -0.5364] 
	x186: [  0.3640,   0.4640] 
	x187: [ -2.4369,  -2.3369] 
	x188: [  1.2248,   1.3248] 
	x189: [ -2.1856,  -2.0856] 
	x190: [ -0.5918,  -0.4918] 
	x191: [  2.5185,   2.6185] 
	x192: [ -0.3134,  -0.2134] 
	x193: [  0.7209,   0.8209] 
	x194: [ -1.5574,  -1.4574] 
	x195: [ -0.9094,  -0.8094] 
	x196: [  1.5027,   1.6027] 
	x197: [  1.2880,   1.3880] 
	x198: [ -2.6799,  -2.5799] 
	x199: [  0.4241,   0.5241] 
	x200: [  0.5205,   0.6205] 
	x201: [ -0.1113,  -0.0113] 
	x202: [  0.1000,   0.2000] 
	x203: [ -0.6994,  -0.5994] 
	x204: [  1.2966,   1.3966] 
	x205: [  0.6972,   0.7972] 
	x206: [  0.5527,   0.6527] 
	x207: [ -6.7997,  -6.6997] 
	x208: [ -2.3443,  -2.2443] 
	x209: [ -0.0087,   0.0913] 
	x210: [ -0.3834,  -0.2834] 
	x211: [ -0.4133,  -0.3133] 
	x212: [  1.1417,   1.2417] 
	x213: [  0.8491,   0.9491] 
	x214: [ -0.8534,  -0.7534] 
	x215: [  1.3469,   1.4469] 
	x216: [ -0.1865,  -0.0865] 
	x217: [ -1.8638,  -1.7638] 
	x218: [  1.3709,   1.4709] 
	x219: [ -0.2245,  -0.1245] 
	x220: [ -2.2458,  -2.1458] 
	x221: [  1.1981,   1.2981] 
	x222: [ -2.0767,  -1.9767] 
	x223: [ -2.4333,  -2.3333] 
	x224: [  0.5560,   0.6560] 
	x225: [  0.3654,   0.4654] 
	x226: [  1.0940,   1.1940] 
	x227: [  1.1498,   1.2498] 
	x228: [  0.5550,   0.6550] 
	x229: [ -1.7917,  -1.6917] 
	x230: [  3.7577,   3.8577] 
	x231: [  1.3281,   1.4281] 
	x232: [ -1.1632,  -1.0632] 
	x233: [  1.9088,   2.0088] 
	x234: [  1.0950,   1.1950] 
	x235: [ -0.8391,  -0.7391] 
	x236: [  1.0604,   1.1604] 
	x237: [  0.4253,   0.5253] 
	x238: [  2.6683,   2.7683] 
	x239: [ -0.7853,  -0.6853] 
	x240: [  0.2222,   0.3222] 
	x241: [ -2.3649,  -2.2649] 
	x242: [  0.7548,   0.8548] 
	x243: [ -1.0756,  -0.9756] 
	x244: [ -1.8546,  -1.7546] 
	x245: [ -1.5265,  -1.4265] 
	x246: [ -1.4219,  -1.3219] 
	x247: [ -0.6685,  -0.5685] 
	x248: [ -2.0781,  -1.9781] 
	x249: [ -1.1553,  -1.0553] 
	x250: [  0.5192,   0.6192] 
	x251: [  0.1684,   0.2684] 
	x252: [ -1.0215,  -0.9215] 
	x253: [  0.6890,   0.7890] 
	x254: [  0.4076,   0.5076] 
	x255: [ -0.2556,  -0.1556] 
	x256: [  1.1644,   1.2644] 
	x257: [  2.5317,   2.6317] 
	x258: [ -2.3783,  -2.2783] 
	x259: [  0.9441,   1.0441] 
	x260: [ -0.5072,  -0.4072] 
	x261: [ -0.4154,  -0.3154] 
	x262: [ -1.1265,  -1.0265] 
	x263: [ -1.3100,  -1.2100] 
	x264: [ -1.0611,  -0.9611] 
	x265: [ -0.5347,  -0.4347] 
	x266: [  1.0280,   1.1280] 
	x267: [  0.6258,   0.7258] 
	x268: [ -1.2454,  -1.1454] 
	x269: [ -0.6138,  -0.5138] 
	x270: [  0.7410,   0.8410] 
	x271: [ -1.0373,  -0.9373] 
	x272: [ -0.5385,  -0.4385] 
	x273: [ -0.9261,  -0.8261] 
	x274: [  0.7491,   0.8491] 
	x275: [  1.1522,   1.2522] 
	x276: [ -2.2141,  -2.1141] 
	x277: [ -1.0485,  -0.9485] 
	x278: [ -0.9231,  -0.8231] 
	x279: [  2.7479,   2.8479] 
	x280: [ -1.0438,  -0.9438] 
	x281: [ -2.9390,  -2.8390] 
	x282: [ -2.4957,  -2.3957] 
	x283: [ -3.4056,  -3.3056] 
	x284: [  0.0144,   0.1144] 
	x285: [  0.5866,   0.6866] 
	x286: [ -0.7364,  -0.6364] 
	x287: [  0.4286,   0.5286] 
	x288: [ -2.7221,  -2.6221] 
	x289: [  0.1638,   0.2638] 
	x290: [  0.5598,   0.6598] 
	x291: [ -1.7144,  -1.6144] 
	x292: [  0.8671,   0.9671] 
	x293: [ -0.3315,  -0.2315] 
	x294: [  2.0692,   2.1692] 
	x295: [  1.2768,   1.3768] 
	x296: [  1.3699,   1.4699] 
	x297: [ -0.6299,  -0.5299] 
	x298: [ -0.1121,  -0.0121] 
	x299: [ -2.3325,  -2.2325] 
	x300: [ -3.5459,  -3.4459] 
	x301: [  0.0917,   0.1917] 
	x302: [  1.4354,   1.5354] 
	x303: [  0.0108,   0.1108] 
	x304: [ -0.0612,   0.0388] 
	x305: [ -0.2276,  -0.1276] 
	x306: [  0.6064,   0.7064] 
	x307: [ -1.0482,  -0.9482] 
	x308: [ -3.6204,  -3.5204] 
	x309: [  0.8753,   0.9753] 
	x310: [ -0.4606,  -0.3606] 
	x311: [  2.2701,   2.3701] 
	x312: [  3.1335,   3.2335] 
	x313: [ -1.3187,  -1.2187] 
	x314: [ -0.8087,  -0.7087] 
	x315: [  0.3114,   0.4114] 
	x316: [  0.6237,   0.7237] 
	x317: [ -1.0233,  -0.9233] 
	x318: [  1.1982,   1.2982] 
	x319: [ -0.0486,   0.0514] 
	x320: [ -0.3257,  -0.2257] 
	x321: [ -0.5072,  -0.4072] 
	x322: [ -1.6992,  -1.5992] 
	x323: [  0.9983,   1.0983] 
	x324: [  0.1149,   0.2149] 
	x325: [ -0.8936,  -0.7936] 
	x326: [ -1.8880,  -1.7880] 
	x327: [  0.2907,   0.3907] 
	x328: [  3.8171,   3.9171] 
	x329: [ -1.5903,  -1.4903] 
	x330: [ -0.7735,  -0.6735] 
	x331: [ -0.8616,  -0.7616] 
	x332: [  1.2681,   1.3681] 
	x333: [  0.2325,   0.3325] 
	x334: [ -2.3603,  -2.2603] 
	x335: [  1.4799,   1.5799] 
	x336: [ -1.1493,  -1.0493] 
	x337: [  1.5583,   1.6583] 
	x338: [ -0.6629,  -0.5629] 
	x339: [ -0.0668,   0.0332] 
	x340: [  0.4049,   0.5049] 
	x341: [ -0.6096,  -0.5096] 
	x342: [  1.4261,   1.5261] 
	x343: [ -1.1215,  -1.0215] 
	x344: [  1.9560,   2.0560] 
	x345: [  0.9366,   1.0366] 
	x346: [ -0.1599,  -0.0599] 
	x347: [ -1.7664,  -1.6664] 
	x348: [ -0.5404,  -0.4404] 
	x349: [ -0.1047,  -0.0047] 
	x350: [  1.9828,   2.0828] 
	x351: [  1.3760,   1.4760] 
	x352: [ -2.0839,  -1.9839] 
	x353: [ -1.2540,  -1.1540] 
	x354: [  0.5306,   0.6306] 
	x355: [  0.1087,   0.2087] 
	x356: [  0.7326,   0.8326] 
	x357: [ -0.3116,  -0.2116] 
	x358: [  1.5220,   1.6220] 
	x359: [  0.0018,   0.1018] 
	x360: [ -1.5463,  -1.4463] 
	x361: [  0.7129,   0.8129] 
	x362: [ -0.3819,  -0.2819] 
	x363: [ -1.9360,  -1.8360] 
	x364: [  1.1575,   1.2575] 
	x365: [  1.4099,   1.5099] 
	x366: [ -1.5381,  -1.4381] 
	x367: [  2.4703,   2.5703] 
	x368: [  1.0425,   1.1425] 
	x369: [ -1.1778,  -1.0778] 
	x370: [  0.1712,   0.2712] 
	x371: [  0.8388,   0.9388] 
	x372: [  0.1297,   0.2297] 
	x373: [  1.9835,   2.0835] 
	x374: [ -0.8925,  -0.7925] 
	x375: [  0.3992,   0.4992] 
	x376: [ -1.8832,  -1.7832] 
	x377: [ -0.5267,  -0.4267] 
	x378: [ -0.7404,  -0.6404] 
	x379: [  3.1672,   3.2672] 
	x380: [  1.9105,   2.0105] 
	x381: [ -0.3654,  -0.2654] 
	x382: [ -1.2580,  -1.1580] 
	x383: [ -1.0293,  -0.9293] 
	x384: [  0.1602,   0.2602] 
	x385: [  0.4266,   0.5266] 
	x386: [ -1.3833,  -1.2833] 
	x387: [ -0.6545,  -0.5545] 
	x388: [ -0.0864,   0.0136] 
	x389: [  3.1264,   3.2264] 
	x390: [ -1.4607,  -1.3607] 
	x391: [  1.5568,   1.6568] 
	x392: [ -0.2351,  -0.1351] 
	x393: [ -1.7772,  -1.6772] 
	x394: [  1.0976,   1.1976] 
	x395: [  2.6528,   2.7528] 
	x396: [  1.4492,   1.5492] 
	x397: [ -0.2667,  -0.1667] 
	x398: [  1.5105,   1.6105] 
	x399: [ -2.8690,  -2.7690] 
	x400: [  1.1656,   1.2656] 
	x401: [ -0.0121,   0.0879] 
	x402: [ -0.7796,  -0.6796] 
	x403: [ -1.3375,  -1.2375] 
	x404: [ -0.1978,  -0.0978] 
	x405: [  0.1900,   0.2900] 
	x406: [  0.8225,   0.9225] 
	x407: [  0.5318,   0.6318] 
	x408: [  3.0648,   3.1648] 
	x409: [ -1.4257,  -1.3257] 
	x410: [ -1.6003,  -1.5003] 
	x411: [ -0.6015,  -0.5015] 
	x412: [  3.0725,   3.1725] 
	x413: [ -0.8815,  -0.7815] 
	x414: [  0.7638,   0.8638] 
	x415: [ -0.2896,  -0.1896] 
	x416: [ -0.4522,  -0.3522] 
	x417: [ -0.4640,  -0.3640] 
	x418: [ -0.4470,  -0.3470] 
	x419: [  0.0510,   0.1510] 
	x420: [ -2.2226,  -2.1226] 
	x421: [ -1.4193,  -1.3193] 
	x422: [  2.3291,   2.4291] 
	x423: [ -0.7573,  -0.6573] 
	x424: [ -1.0868,  -0.9868] 
	x425: [  0.1649,   0.2649] 
	x426: [ -1.2103,  -1.1103] 
	x427: [ -1.6430,  -1.5430] 
	x428: [ -1.6449,  -1.5449] 
	x429: [  1.6183,   1.7183] 
	x430: [ -0.9203,  -0.8203] 
	x431: [  1.7086,   1.8086] 
	x432: [  0.3225,   0.4225] 
	x433: [  0.9281,   1.0281] 
	x434: [  3.1415,   3.2415] 
	x435: [ -0.3925,  -0.2925] 
	x436: [ -1.1543,  -1.0543] 
	x437: [ -1.4491,  -1.3491] 
	x438: [  0.4114,   0.5114] 
	x439: [ -0.0923,   0.0077] 
	x440: [  0.8700,   0.9700] 
	x441: [ -0.0246,   0.0754] 
	x442: [ -3.0497,  -2.9497] 
	x443: [ -1.0620,  -0.9620] 
	x444: [  2.0851,   2.1851] 
	x445: [  0.1939,   0.2939] 
	x446: [ -1.0765,  -0.9765] 
	x447: [  0.9944,   1.0944] 
	x448: [ -0.0593,   0.0407] 
	x449: [ -1.3766,  -1.2766] 
	x450: [ -1.7906,  -1.6906] 
	x451: [ -1.2129,  -1.1129] 
	x452: [  0.8920,   0.9920] 
	x453: [ -0.7146,  -0.6146] 
	x454: [  0.9012,   1.0012] 
	x455: [ -3.2179,  -3.1179] 
	x456: [ -1.4672,  -1.3672] 
	x457: [ -0.6116,  -0.5116] 
	x458: [ -0.4884,  -0.3884] 
	x459: [ -0.5323,  -0.4323] 
	x460: [  7.7967,   7.8967] 
	x461: [ -0.8575,  -0.7575] 
	x462: [ -0.3682,  -0.2682] 
	x463: [ -2.1507,  -2.0507] 
	x464: [  0.3681,   0.4681] 
	x465: [  0.3430,   0.4430] 
	x466: [  0.8522,   0.9522] 
	x467: [  0.4980,   0.5980] 
	x468: [ -0.5656,  -0.4656] 
	x469: [  1.1891,   1.2891] 
	x470: [ -3.2185,  -3.1185] 
	x471: [  1.1797,   1.2797] 
	x472: [  2.9194,   3.0194] 
	x473: [ -0.0371,   0.0629] 
	x474: [ -1.7825,  -1.6825] 
	x475: [  0.2370,   0.3370] 
	x476: [  0.3172,   0.4172] 
	x477: [  0.8339,   0.9339] 
	x478: [ -0.3784,  -0.2784] 
	x479: [  7.6786,   7.7786] 
	x480: [  0.0137,   0.1137] 
	x481: [ -0.9160,  -0.8160] 
	x482: [ -1.2846,  -1.1846] 
	x483: [ -0.2649,  -0.1649] 
	x484: [  1.9328,   2.0328] 
	x485: [  0.9974,   1.0974] 
	x486: [ -1.4526,  -1.3526] 
	x487: [  1.1215,   1.2215] 
	x488: [  2.2645,   2.3645] 
	x489: [  0.7434,   0.8434] 
	x490: [ -3.4621,  -3.3621] 
	x491: [ -2.8932,  -2.7932] 
	x492: [  1.0555,   1.1555] 
	x493: [ -2.2258,  -2.1258] 
	x494: [ -0.0877,   0.0123] 
	x495: [ -0.6402,  -0.5402] 
	x496: [  0.1829,   0.2829] 
	x497: [ -0.1035,  -0.0035] 
	x498: [  1.6237,   1.7237] 
	x499: [  0.9850,   1.0850] 
	x500: [  0.1289,   0.2289] 
	x501: [  0.4667,   0.5667] 
	x502: [ -0.0987,   0.0013] 
	x503: [ -1.2905,  -1.1905] 
	x504: [ -1.3174,  -1.2174] 
	x505: [ -2.1308,  -2.0308] 
	x506: [  0.4470,   0.5470] 
	x507: [ -0.6497,  -0.5497] 
	x508: [  0.3739,   0.4739] 
	x509: [  1.9103,   2.0103] 
	x510: [  1.7441,   1.8441] 
	x511: [ -0.9896,  -0.8896] 

Branching heuristics set to PseudoImpact
unsat
